Waf: Entering directory `/home/renan/Documents/NR2/ns-allinone-3.20/ns-3.20/build'
Waf: Leaving directory `/home/renan/Documents/NR2/ns-allinone-3.20/ns-3.20/build'
'build' finished successfully (1.928s)
0s NetworkModule:SetPosition(): Network 0 set position => (59, 2)
0s NetworkModule:SetRange(): Network 0 set range => 100
0s NetworkModule:SetPosition(): Network 1 set position => (12, 68)
0s NetworkModule:SetRange(): Network 1 set range => 100
0s DeviceModule:ConfigureMobility(): Device [init x = 50, init y = 50, max = 100, velocity = 1]
1s DeviceModule:MoveRandom(): New position: (51, 50)
1s DecisionModule:AddNetworkToList(): Network detected
1s DecisionModule:AddNetworkToList(): Network detected
2s DeviceModule:MoveRandom(): New position: (50, 50)
3s DeviceModule:MoveRandom(): New position: (51, 50)
4s DeviceModule:MoveRandom(): New position: (51, 51)
5s DeviceModule:MoveRandom(): New position: (51, 52)
6s DeviceModule:MoveRandom(): New position: (50, 52)
7s DeviceModule:MoveRandom(): New position: (51, 52)
8s DeviceModule:MoveRandom(): New position: (51, 53)
9s DeviceModule:MoveRandom(): New position: (50, 53)
10s DeviceModule:MoveRandom(): New position: (50, 52)
11s DeviceModule:MoveRandom(): New position: (50, 53)
12s DeviceModule:MoveRandom(): New position: (51, 53)
13s DeviceModule:MoveRandom(): New position: (51, 52)
14s DeviceModule:MoveRandom(): New position: (52, 52)
15s DecisionModule:Run(): Run decision
15s DecisionModule:AnalyzingNetworks(): Current Network: 
       [Network #0, Technology = Wifi, Address = 02-06-00:00:00:00:00:02, { DataRate: 62, SignalStrength: 87, AntiFragility: 69}, IQ: 71]
15s DecisionModule:ShowAllNetworks(): All detected networks:
       [Network #0, Technology = Wifi, Address = 02-06-00:00:00:00:00:02, { DataRate: 62, SignalStrength: 87, AntiFragility: 69}, IQ: 71]
       [Network #1, Technology = Wimax, Address = 02-06-00:00:00:00:00:04, { DataRate: 47, SignalStrength: 92, AntiFragility: 13}, IQ: 41]
15s DeviceModule:MoveRandom(): New position: (52, 51)
16s DeviceModule:MoveRandom(): New position: (53, 51)
17s DeviceModule:MoveRandom(): New position: (54, 51)
18s DeviceModule:MoveRandom(): New position: (55, 51)
19s DeviceModule:MoveRandom(): New position: (55, 52)
20s DeviceModule:MoveRandom(): New position: (55, 53)
21s DeviceModule:MoveRandom(): New position: (54, 53)
22s DeviceModule:MoveRandom(): New position: (54, 54)
23s DeviceModule:MoveRandom(): New position: (54, 55)
24s DeviceModule:MoveRandom(): New position: (54, 54)
25s DeviceModule:MoveRandom(): New position: (54, 53)
26s DeviceModule:MoveRandom(): New position: (53, 53)
27s DeviceModule:MoveRandom(): New position: (53, 52)
28s DeviceModule:MoveRandom(): New position: (53, 53)
29s DeviceModule:MoveRandom(): New position: (53, 52)
30s DecisionModule:Run(): Run decision
30s DecisionModule:AnalyzingNetworks(): Current Network: 
       [Network #1, Technology = Wimax, Address = 02-06-00:00:00:00:00:04, { DataRate: 94, SignalStrength: 7, AntiFragility: 39}, IQ: 44]
30s DecisionModule:ShowAllNetworks(): All detected networks:
       [Network #1, Technology = Wimax, Address = 02-06-00:00:00:00:00:04, { DataRate: 94, SignalStrength: 7, AntiFragility: 39}, IQ: 44]
       [Network #0, Technology = Wifi, Address = 02-06-00:00:00:00:00:02, { DataRate: 35, SignalStrength: 48, AntiFragility: 12}, IQ: 26]
30s ExecutionModule:Run(): Decision time => Seconds: 0, Miliseconds: 135
30s ExecutionModule:Run(): Handover time => Seconds: 0, Miliseconds: 271
30s ExecutionModule:Run(): Event: Vertical Handover.
30s DeviceModule:MoveRandom(): New position: (53, 53)
31s DeviceModule:MoveRandom(): New position: (53, 52)
32s DeviceModule:MoveRandom(): New position: (53, 53)
33s DeviceModule:MoveRandom(): New position: (53, 54)
34s DeviceModule:MoveRandom(): New position: (53, 53)
35s DeviceModule:MoveRandom(): New position: (54, 53)
36s DeviceModule:MoveRandom(): New position: (55, 53)
37s DeviceModule:MoveRandom(): New position: (56, 53)
38s DeviceModule:MoveRandom(): New position: (56, 52)
39s DeviceModule:MoveRandom(): New position: (56, 53)
40s DeviceModule:MoveRandom(): New position: (56, 52)
41s DeviceModule:MoveRandom(): New position: (57, 52)
42s DeviceModule:MoveRandom(): New position: (58, 52)
43s DeviceModule:MoveRandom(): New position: (58, 53)
44s DeviceModule:MoveRandom(): New position: (58, 52)
45s DecisionModule:Run(): Run decision
45s DecisionModule:AnalyzingNetworks(): Current Network: 
       [Network #1, Technology = Wimax, Address = 02-06-00:00:00:00:00:04, { DataRate: 6, SignalStrength: 99, AntiFragility: 60}, IQ: 56]
45s DecisionModule:ShowAllNetworks(): All detected networks:
       [Network #1, Technology = Wimax, Address = 02-06-00:00:00:00:00:04, { DataRate: 6, SignalStrength: 99, AntiFragility: 60}, IQ: 56]
       [Network #0, Technology = Wifi, Address = 02-06-00:00:00:00:00:02, { DataRate: 34, SignalStrength: 2, AntiFragility: 46}, IQ: 32]
45s DeviceModule:MoveRandom(): New position: (59, 52)
46s DeviceModule:MoveRandom(): New position: (59, 51)
47s DeviceModule:MoveRandom(): New position: (59, 50)
48s DeviceModule:MoveRandom(): New position: (60, 50)
49s DeviceModule:MoveRandom(): New position: (61, 50)
50s DeviceModule:MoveRandom(): New position: (61, 51)
51s DeviceModule:MoveRandom(): New position: (61, 52)
52s DeviceModule:MoveRandom(): New position: (62, 52)
53s DeviceModule:MoveRandom(): New position: (62, 53)
54s DeviceModule:MoveRandom(): New position: (62, 54)
55s DeviceModule:MoveRandom(): New position: (62, 55)
56s DeviceModule:MoveRandom(): New position: (61, 55)
57s DeviceModule:MoveRandom(): New position: (60, 55)
58s DeviceModule:MoveRandom(): New position: (60, 54)
59s DeviceModule:MoveRandom(): New position: (60, 55)
60s DecisionModule:Run(): Run decision
60s DecisionModule:AnalyzingNetworks(): Current Network: 
       [Network #1, Technology = Wimax, Address = 02-06-00:00:00:00:00:04, { DataRate: 46, SignalStrength: 99, AntiFragility: 79}, IQ: 75]
60s DecisionModule:ShowAllNetworks(): All detected networks:
       [Network #1, Technology = Wimax, Address = 02-06-00:00:00:00:00:04, { DataRate: 46, SignalStrength: 99, AntiFragility: 79}, IQ: 75]
       [Network #0, Technology = Wifi, Address = 02-06-00:00:00:00:00:02, { DataRate: 99, SignalStrength: 2, AntiFragility: 20}, IQ: 35]
60s DeviceModule:MoveRandom(): New position: (61, 55)
61s DeviceModule:MoveRandom(): New position: (61, 56)
62s DeviceModule:MoveRandom(): New position: (60, 56)
63s DeviceModule:MoveRandom(): New position: (60, 55)
64s DeviceModule:MoveRandom(): New position: (59, 55)
65s DeviceModule:MoveRandom(): New position: (60, 55)
66s DeviceModule:MoveRandom(): New position: (61, 55)
67s DeviceModule:MoveRandom(): New position: (62, 55)
68s DeviceModule:MoveRandom(): New position: (62, 56)
69s DeviceModule:MoveRandom(): New position: (62, 57)
70s DeviceModule:MoveRandom(): New position: (62, 56)
71s DeviceModule:MoveRandom(): New position: (61, 56)
72s DeviceModule:MoveRandom(): New position: (61, 55)
73s DeviceModule:MoveRandom(): New position: (61, 54)
74s DeviceModule:MoveRandom(): New position: (62, 54)
75s DecisionModule:Run(): Run decision
75s DecisionModule:AnalyzingNetworks(): Current Network: 
       [Network #1, Technology = Wimax, Address = 02-06-00:00:00:00:00:04, { DataRate: 90, SignalStrength: 30, AntiFragility: 58}, IQ: 59]
75s DecisionModule:ShowAllNetworks(): All detected networks:
       [Network #1, Technology = Wimax, Address = 02-06-00:00:00:00:00:04, { DataRate: 90, SignalStrength: 30, AntiFragility: 58}, IQ: 59]
       [Network #0, Technology = Wifi, Address = 02-06-00:00:00:00:00:02, { DataRate: 72, SignalStrength: 75, AntiFragility: 6}, IQ: 39]
75s DeviceModule:MoveRandom(): New position: (61, 54)
76s DeviceModule:MoveRandom(): New position: (61, 53)
77s DeviceModule:MoveRandom(): New position: (61, 54)
78s DeviceModule:MoveRandom(): New position: (61, 53)
79s DeviceModule:MoveRandom(): New position: (60, 53)
80s DeviceModule:MoveRandom(): New position: (60, 54)
81s DeviceModule:MoveRandom(): New position: (59, 54)
82s DeviceModule:MoveRandom(): New position: (59, 53)
83s DeviceModule:MoveRandom(): New position: (59, 54)
84s DeviceModule:MoveRandom(): New position: (59, 55)
85s DeviceModule:MoveRandom(): New position: (59, 56)
86s DeviceModule:MoveRandom(): New position: (60, 56)
87s DeviceModule:MoveRandom(): New position: (59, 56)
88s DeviceModule:MoveRandom(): New position: (58, 56)
89s DeviceModule:MoveRandom(): New position: (58, 57)
90s DecisionModule:Run(): Run decision
90s DecisionModule:AnalyzingNetworks(): Current Network: 
       [Network #0, Technology = Wifi, Address = 02-06-00:00:00:00:00:02, { DataRate: 62, SignalStrength: 56, AntiFragility: 93}, IQ: 76]
90s DecisionModule:ShowAllNetworks(): All detected networks:
       [Network #0, Technology = Wifi, Address = 02-06-00:00:00:00:00:02, { DataRate: 62, SignalStrength: 56, AntiFragility: 93}, IQ: 76]
       [Network #1, Technology = Wimax, Address = 02-06-00:00:00:00:00:04, { DataRate: 55, SignalStrength: 32, AntiFragility: 4}, IQ: 23]
90s ExecutionModule:Run(): Decision time => Seconds: 0, Miliseconds: 140
90s ExecutionModule:Run(): Handover time => Seconds: 0, Miliseconds: 44
90s ExecutionModule:Run(): Event: Vertical Handover.
90s DeviceModule:MoveRandom(): New position: (58, 58)
91s DeviceModule:MoveRandom(): New position: (58, 59)
92s DeviceModule:MoveRandom(): New position: (58, 58)
93s DeviceModule:MoveRandom(): New position: (59, 58)
94s DeviceModule:MoveRandom(): New position: (59, 59)
95s DeviceModule:MoveRandom(): New position: (58, 59)
96s DeviceModule:MoveRandom(): New position: (58, 58)
97s DeviceModule:MoveRandom(): New position: (58, 59)
98s DeviceModule:MoveRandom(): New position: (58, 60)
99s DeviceModule:MoveRandom(): New position: (58, 59)
100s DeviceModule:MoveRandom(): New position: (59, 59)
101s DeviceModule:MoveRandom(): New position: (59, 58)
102s DeviceModule:MoveRandom(): New position: (59, 59)
103s DeviceModule:MoveRandom(): New position: (59, 60)
104s DeviceModule:MoveRandom(): New position: (60, 60)
105s DecisionModule:Run(): Run decision
105s DecisionModule:AnalyzingNetworks(): Current Network: 
       [Network #0, Technology = Wifi, Address = 02-06-00:00:00:00:00:02, { DataRate: 41, SignalStrength: 17, AntiFragility: 66}, IQ: 47]
105s DecisionModule:ShowAllNetworks(): All detected networks:
       [Network #0, Technology = Wifi, Address = 02-06-00:00:00:00:00:02, { DataRate: 41, SignalStrength: 17, AntiFragility: 66}, IQ: 47]
       [Network #1, Technology = Wimax, Address = 02-06-00:00:00:00:00:04, { DataRate: 42, SignalStrength: 32, AntiFragility: 19}, IQ: 28]
105s DeviceModule:MoveRandom(): New position: (60, 59)
106s DeviceModule:MoveRandom(): New position: (60, 60)
107s DeviceModule:MoveRandom(): New position: (60, 59)
108s DeviceModule:MoveRandom(): New position: (59, 59)
109s DeviceModule:MoveRandom(): New position: (58, 59)
110s DeviceModule:MoveRandom(): New position: (59, 59)
111s DeviceModule:MoveRandom(): New position: (58, 59)
112s DeviceModule:MoveRandom(): New position: (59, 59)
113s DeviceModule:MoveRandom(): New position: (58, 59)
114s DeviceModule:MoveRandom(): New position: (57, 59)
115s DeviceModule:MoveRandom(): New position: (56, 59)
116s DeviceModule:MoveRandom(): New position: (55, 59)
117s DeviceModule:MoveRandom(): New position: (54, 59)
118s DeviceModule:MoveRandom(): New position: (55, 59)
119s DeviceModule:MoveRandom(): New position: (55, 58)
120s DecisionModule:Run(): Run decision
120s DecisionModule:AnalyzingNetworks(): Current Network: 
       [Network #1, Technology = Wimax, Address = 02-06-00:00:00:00:00:04, { DataRate: 98, SignalStrength: 17, AntiFragility: 26}, IQ: 41]
120s DecisionModule:ShowAllNetworks(): All detected networks:
       [Network #1, Technology = Wimax, Address = 02-06-00:00:00:00:00:04, { DataRate: 98, SignalStrength: 17, AntiFragility: 26}, IQ: 41]
       [Network #0, Technology = Wifi, Address = 02-06-00:00:00:00:00:02, { DataRate: 44, SignalStrength: 12, AntiFragility: 42}, IQ: 35]
120s ExecutionModule:Run(): Decision time => Seconds: 0, Miliseconds: 140
120s ExecutionModule:Run(): Handover time => Seconds: 0, Miliseconds: 31
120s ExecutionModule:Run(): Event: Vertical Handover.
120s DeviceModule:MoveRandom(): New position: (55, 57)
121s DeviceModule:MoveRandom(): New position: (54, 57)
122s DeviceModule:MoveRandom(): New position: (53, 57)
123s DeviceModule:MoveRandom(): New position: (53, 58)
124s DeviceModule:MoveRandom(): New position: (53, 57)
125s DeviceModule:MoveRandom(): New position: (52, 57)
126s DeviceModule:MoveRandom(): New position: (52, 56)
127s DeviceModule:MoveRandom(): New position: (53, 56)
128s DeviceModule:MoveRandom(): New position: (53, 55)
129s DeviceModule:MoveRandom(): New position: (53, 54)
130s DeviceModule:MoveRandom(): New position: (53, 55)
131s DeviceModule:MoveRandom(): New position: (53, 54)
132s DeviceModule:MoveRandom(): New position: (53, 53)
133s DeviceModule:MoveRandom(): New position: (52, 53)
134s DeviceModule:MoveRandom(): New position: (52, 52)
135s DecisionModule:Run(): Run decision
135s DecisionModule:AnalyzingNetworks(): Current Network: 
       [Network #1, Technology = Wimax, Address = 02-06-00:00:00:00:00:04, { DataRate: 75, SignalStrength: 9, AntiFragility: 99}, IQ: 70]
135s DecisionModule:ShowAllNetworks(): All detected networks:
       [Network #1, Technology = Wimax, Address = 02-06-00:00:00:00:00:04, { DataRate: 75, SignalStrength: 9, AntiFragility: 99}, IQ: 70]
       [Network #0, Technology = Wifi, Address = 02-06-00:00:00:00:00:02, { DataRate: 60, SignalStrength: 38, AntiFragility: 44}, IQ: 46]
135s DeviceModule:MoveRandom(): New position: (52, 53)
136s DeviceModule:MoveRandom(): New position: (51, 53)
137s DeviceModule:MoveRandom(): New position: (51, 54)
138s DeviceModule:MoveRandom(): New position: (51, 53)
139s DeviceModule:MoveRandom(): New position: (51, 52)
140s DeviceModule:MoveRandom(): New position: (51, 51)
141s DeviceModule:MoveRandom(): New position: (51, 52)
142s DeviceModule:MoveRandom(): New position: (51, 53)
143s DeviceModule:MoveRandom(): New position: (51, 52)
144s DeviceModule:MoveRandom(): New position: (52, 52)
145s DeviceModule:MoveRandom(): New position: (52, 51)
146s DeviceModule:MoveRandom(): New position: (53, 51)
147s DeviceModule:MoveRandom(): New position: (53, 52)
148s DeviceModule:MoveRandom(): New position: (53, 51)
149s DeviceModule:MoveRandom(): New position: (53, 50)
150s DecisionModule:Run(): Run decision
150s DecisionModule:AnalyzingNetworks(): Current Network: 
       [Network #0, Technology = Wifi, Address = 02-06-00:00:00:00:00:02, { DataRate: 55, SignalStrength: 99, AntiFragility: 95}, IQ: 86]
150s DecisionModule:ShowAllNetworks(): All detected networks:
       [Network #0, Technology = Wifi, Address = 02-06-00:00:00:00:00:02, { DataRate: 55, SignalStrength: 99, AntiFragility: 95}, IQ: 86]
       [Network #1, Technology = Wimax, Address = 02-06-00:00:00:00:00:04, { DataRate: 98, SignalStrength: 33, AntiFragility: 87}, IQ: 76]
150s ExecutionModule:Run(): Decision time => Seconds: 0, Miliseconds: 140
150s ExecutionModule:Run(): Handover time => Seconds: 0, Miliseconds: 32
150s ExecutionModule:Run(): Event: Vertical Handover.
150s DeviceModule:MoveRandom(): New position: (53, 49)
151s DeviceModule:MoveRandom(): New position: (53, 50)
152s DeviceModule:MoveRandom(): New position: (53, 49)
153s DeviceModule:MoveRandom(): New position: (53, 50)
154s DeviceModule:MoveRandom(): New position: (52, 50)
155s DeviceModule:MoveRandom(): New position: (52, 51)
156s DeviceModule:MoveRandom(): New position: (51, 51)
157s DeviceModule:MoveRandom(): New position: (51, 50)
158s DeviceModule:MoveRandom(): New position: (51, 51)
159s DeviceModule:MoveRandom(): New position: (50, 51)
160s DeviceModule:MoveRandom(): New position: (51, 51)
161s DeviceModule:MoveRandom(): New position: (52, 51)
162s DeviceModule:MoveRandom(): New position: (52, 50)
163s DeviceModule:MoveRandom(): New position: (52, 51)
164s DeviceModule:MoveRandom(): New position: (52, 52)
165s DecisionModule:Run(): Run decision
165s DecisionModule:AnalyzingNetworks(): Current Network: 
       [Network #1, Technology = Wimax, Address = 02-06-00:00:00:00:00:04, { DataRate: 69, SignalStrength: 95, AntiFragility: 23}, IQ: 52]
165s DecisionModule:ShowAllNetworks(): All detected networks:
       [Network #1, Technology = Wimax, Address = 02-06-00:00:00:00:00:04, { DataRate: 69, SignalStrength: 95, AntiFragility: 23}, IQ: 52]
       [Network #0, Technology = Wifi, Address = 02-06-00:00:00:00:00:02, { DataRate: 55, SignalStrength: 22, AntiFragility: 38}, IQ: 38]
165s ExecutionModule:Run(): Decision time => Seconds: 0, Miliseconds: 153
165s ExecutionModule:Run(): Handover time => Seconds: 0, Miliseconds: 34
165s ExecutionModule:Run(): Event: Vertical Handover.
165s DeviceModule:MoveRandom(): New position: (53, 52)
166s DeviceModule:MoveRandom(): New position: (54, 52)
167s DeviceModule:MoveRandom(): New position: (55, 52)
168s DeviceModule:MoveRandom(): New position: (55, 51)
169s DeviceModule:MoveRandom(): New position: (55, 50)
170s DeviceModule:MoveRandom(): New position: (54, 50)
171s DeviceModule:MoveRandom(): New position: (55, 50)
172s DeviceModule:MoveRandom(): New position: (54, 50)
173s DeviceModule:MoveRandom(): New position: (53, 50)
174s DeviceModule:MoveRandom(): New position: (54, 50)
175s DeviceModule:MoveRandom(): New position: (54, 51)
176s DeviceModule:MoveRandom(): New position: (55, 51)
177s DeviceModule:MoveRandom(): New position: (55, 50)
178s DeviceModule:MoveRandom(): New position: (54, 50)
179s DeviceModule:MoveRandom(): New position: (53, 50)
180s DecisionModule:Run(): Run decision
180s DecisionModule:AnalyzingNetworks(): Current Network: 
       [Network #1, Technology = Wimax, Address = 02-06-00:00:00:00:00:04, { DataRate: 18, SignalStrength: 23, AntiFragility: 91}, IQ: 55]
180s DecisionModule:ShowAllNetworks(): All detected networks:
       [Network #1, Technology = Wimax, Address = 02-06-00:00:00:00:00:04, { DataRate: 18, SignalStrength: 23, AntiFragility: 91}, IQ: 55]
       [Network #0, Technology = Wifi, Address = 02-06-00:00:00:00:00:02, { DataRate: 24, SignalStrength: 65, AntiFragility: 44}, IQ: 44]
180s DeviceModule:MoveRandom(): New position: (52, 50)
181s DeviceModule:MoveRandom(): New position: (52, 51)
182s DeviceModule:MoveRandom(): New position: (52, 50)
183s DeviceModule:MoveRandom(): New position: (52, 51)
184s DeviceModule:MoveRandom(): New position: (52, 50)
185s DeviceModule:MoveRandom(): New position: (51, 50)
186s DeviceModule:MoveRandom(): New position: (51, 49)
187s DeviceModule:MoveRandom(): New position: (51, 48)
188s DeviceModule:MoveRandom(): New position: (51, 49)
189s DeviceModule:MoveRandom(): New position: (50, 49)
190s DeviceModule:MoveRandom(): New position: (50, 48)
191s DeviceModule:MoveRandom(): New position: (50, 47)
192s DeviceModule:MoveRandom(): New position: (51, 47)
193s DeviceModule:MoveRandom(): New position: (51, 46)
194s DeviceModule:MoveRandom(): New position: (51, 45)
195s DecisionModule:Run(): Run decision
195s DecisionModule:AnalyzingNetworks(): Current Network: 
       [Network #0, Technology = Wifi, Address = 02-06-00:00:00:00:00:02, { DataRate: 63, SignalStrength: 2, AntiFragility: 58}, IQ: 45]
195s DecisionModule:ShowAllNetworks(): All detected networks:
       [Network #0, Technology = Wifi, Address = 02-06-00:00:00:00:00:02, { DataRate: 63, SignalStrength: 2, AntiFragility: 58}, IQ: 45]
       [Network #1, Technology = Wimax, Address = 02-06-00:00:00:00:00:04, { DataRate: 8, SignalStrength: 5, AntiFragility: 74}, IQ: 40]
195s ExecutionModule:Run(): Decision time => Seconds: 0, Miliseconds: 145
195s ExecutionModule:Run(): Handover time => Seconds: 0, Miliseconds: 32
195s ExecutionModule:Run(): Event: Vertical Handover.
195s DeviceModule:MoveRandom(): New position: (52, 45)
196s DeviceModule:MoveRandom(): New position: (52, 46)
197s DeviceModule:MoveRandom(): New position: (53, 46)
198s DeviceModule:MoveRandom(): New position: (52, 46)
199s DeviceModule:MoveRandom(): New position: (51, 46)
