Waf: Entering directory `/home/renan/Documents/NR2/ns-allinone-3.20/ns-3.20/build'
Waf: Leaving directory `/home/renan/Documents/NR2/ns-allinone-3.20/ns-3.20/build'
'build' finished successfully (1.929s)
0s NetworkModule:SetPosition(): Network 0 set position => (171, 36)
0s NetworkModule:SetRange(): Network 0 set range => 100
0s NetworkModule:SetPosition(): Network 1 set position => (181, 133)
0s NetworkModule:SetRange(): Network 1 set range => 100
0s NetworkModule:SetPosition(): Network 2 set position => (12, 42)
0s NetworkModule:SetRange(): Network 2 set range => 100
0s NetworkModule:SetPosition(): Network 3 set position => (140, 164)
0s NetworkModule:SetRange(): Network 3 set range => 100
0s NetworkModule:SetPosition(): Network 4 set position => (59, 1)
0s NetworkModule:SetRange(): Network 4 set range => 100
0s NetworkModule:SetPosition(): Network 5 set position => (21, 89)
0s NetworkModule:SetRange(): Network 5 set range => 100
0s NetworkModule:SetPosition(): Network 6 set position => (60, 160)
0s NetworkModule:SetRange(): Network 6 set range => 100
0s NetworkModule:SetPosition(): Network 7 set position => (166, 80)
0s NetworkModule:SetRange(): Network 7 set range => 100
0s NetworkModule:SetPosition(): Network 8 set position => (127, 162)
0s NetworkModule:SetRange(): Network 8 set range => 100
0s NetworkModule:SetPosition(): Network 9 set position => (162, 101)
0s NetworkModule:SetRange(): Network 9 set range => 100
0s NetworkModule:SetPosition(): Network 10 set position => (46, 170)
0s NetworkModule:SetRange(): Network 10 set range => 100
0s NetworkModule:SetPosition(): Network 11 set position => (186, 24)
0s NetworkModule:SetRange(): Network 11 set range => 100
0s NetworkModule:SetPosition(): Network 12 set position => (64, 62)
0s NetworkModule:SetRange(): Network 12 set range => 100
0s NetworkModule:SetPosition(): Network 13 set position => (57, 50)
0s NetworkModule:SetRange(): Network 13 set range => 100
0s NetworkModule:SetPosition(): Network 14 set position => (5, 77)
0s NetworkModule:SetRange(): Network 14 set range => 100
0s NetworkModule:SetPosition(): Network 15 set position => (114, 186)
0s NetworkModule:SetRange(): Network 15 set range => 100
0s NetworkModule:SetPosition(): Network 16 set position => (71, 176)
0s NetworkModule:SetRange(): Network 16 set range => 100
0s NetworkModule:SetPosition(): Network 17 set position => (18, 47)
0s NetworkModule:SetRange(): Network 17 set range => 100
0s NetworkModule:SetPosition(): Network 18 set position => (164, 36)
0s NetworkModule:SetRange(): Network 18 set range => 100
0s NetworkModule:SetPosition(): Network 19 set position => (37, 110)
0s NetworkModule:SetRange(): Network 19 set range => 100
0s DeviceModule:ConfigureMobility(): Device [init x = 100, init y = 100, max = 200, velocity = 12]
1s DeviceModule:MoveRandom(): New position: (112, 100)
1s DecisionModule:AddNetworkToList(): Network detected
1s DecisionModule:AddNetworkToList(): Network detected
1s DecisionModule:AddNetworkToList(): Network detected
1s DecisionModule:AddNetworkToList(): Network detected
1s DecisionModule:AddNetworkToList(): Network detected
1s DecisionModule:AddNetworkToList(): Network detected
1s DecisionModule:AddNetworkToList(): Network detected
1s DecisionModule:AddNetworkToList(): Network detected
1s DecisionModule:AddNetworkToList(): Network detected
1s DecisionModule:AddNetworkToList(): Network detected
1s DecisionModule:AddNetworkToList(): Network detected
1s DecisionModule:AddNetworkToList(): Network detected
1s DecisionModule:AddNetworkToList(): Network detected
1s DecisionModule:AddNetworkToList(): Network detected
1s DecisionModule:AddNetworkToList(): Network detected
2s DeviceModule:MoveRandom(): New position: (112, 112)
3s DeviceModule:MoveRandom(): New position: (124, 112)
3s DecisionModule:RemoveNetworkFromList(): Network: 5 out of range!
4s DeviceModule:MoveRandom(): New position: (136, 112)
4s DecisionModule:RemoveNetworkFromList(): Network: 10 out of range!
5s DeviceModule:MoveRandom(): New position: (124, 112)
5s DecisionModule:AddNetworkToList(): Network detected
6s DeviceModule:MoveRandom(): New position: (124, 124)
7s DeviceModule:MoveRandom(): New position: (124, 112)
8s DeviceModule:MoveRandom(): New position: (136, 112)
8s DecisionModule:RemoveNetworkFromList(): Network: 10 out of range!
9s DeviceModule:MoveRandom(): New position: (136, 124)
9s DecisionModule:RemoveNetworkFromList(): Network: 13 out of range!
10s DeviceModule:MoveRandom(): New position: (136, 112)
10s DecisionModule:AddNetworkToList(): Network detected
11s DeviceModule:MoveRandom(): New position: (124, 112)
11s DecisionModule:AddNetworkToList(): Network detected
12s DeviceModule:MoveRandom(): New position: (124, 100)
12s DecisionModule:RemoveNetworkFromList(): Network: 10 out of range!
12s DecisionModule:AddNetworkToList(): Network detected
13s DeviceModule:MoveRandom(): New position: (124, 112)
13s DecisionModule:AddNetworkToList(): Network detected
13s DecisionModule:RemoveNetworkFromList(): Network: 11 out of range!
14s DeviceModule:MoveRandom(): New position: (124, 100)
14s DecisionModule:RemoveNetworkFromList(): Network: 10 out of range!
14s DecisionModule:AddNetworkToList(): Network detected
15s DeviceModule:MoveRandom(): New position: (124, 88)
15s DecisionModule:RemoveNetworkFromList(): Network: 16 out of range!
16s DeviceModule:MoveRandom(): New position: (124, 100)
16s DecisionModule:AddNetworkToList(): Network detected
17s DeviceModule:MoveRandom(): New position: (124, 112)
17s DecisionModule:AddNetworkToList(): Network detected
17s DecisionModule:RemoveNetworkFromList(): Network: 11 out of range!
18s DeviceModule:MoveRandom(): New position: (112, 112)
18s DecisionModule:AddNetworkToList(): Network detected
19s DeviceModule:MoveRandom(): New position: (124, 112)
19s DecisionModule:RemoveNetworkFromList(): Network: 5 out of range!
20s DecisionModule:Run(): Run decision
20s DecisionModule:AnalyzingNetworks(): Current Network: 
       [Network #10, Technology = Wifi, Address = 02-06-00:00:00:00:00:0c, { DataRate: 76, SignalStrength: 83, AntiFragility: 87}, IQ: 83]
20s DecisionModule:ShowAllNetworks(): All detected networks:
       [Network #10, Technology = Wifi, Address = 02-06-00:00:00:00:00:0c, { DataRate: 76, SignalStrength: 83, AntiFragility: 87}, IQ: 83]
       [Network #1, Technology = Wifi, Address = 02-06-00:00:00:00:00:03, { DataRate: 55, SignalStrength: 32, AntiFragility: 77}, IQ: 60]
       [Network #16, Technology = Wifi, Address = 02-06-00:00:00:00:00:12, { DataRate: 99, SignalStrength: 1, AntiFragility: 66}, IQ: 58]
       [Network #9, Technology = Wifi, Address = 02-06-00:00:00:00:00:0b, { DataRate: 5, SignalStrength: 99, AntiFragility: 46}, IQ: 49]
       [Network #15, Technology = Wifi, Address = 02-06-00:00:00:00:00:11, { DataRate: 51, SignalStrength: 60, AntiFragility: 43}, IQ: 49]
       [Network #18, Technology = Wimax, Address = 02-06-00:00:00:00:00:15, { DataRate: 93, SignalStrength: 54, AntiFragility: 23}, IQ: 48]
       [Network #13, Technology = Wifi, Address = 02-06-00:00:00:00:00:0f, { DataRate: 36, SignalStrength: 21, AntiFragility: 68}, IQ: 48]
       [Network #8, Technology = Wifi, Address = 02-06-00:00:00:00:00:0a, { DataRate: 83, SignalStrength: 60, AntiFragility: 13}, IQ: 42]
       [Network #7, Technology = Wifi, Address = 02-06-00:00:00:00:00:09, { DataRate: 16, SignalStrength: 27, AntiFragility: 61}, IQ: 41]
       [Network #0, Technology = Wifi, Address = 02-06-00:00:00:00:00:02, { DataRate: 93, SignalStrength: 23, AntiFragility: 19}, IQ: 38]
       [Network #12, Technology = Wifi, Address = 02-06-00:00:00:00:00:0e, { DataRate: 36, SignalStrength: 12, AntiFragility: 42}, IQ: 33]
       [Network #6, Technology = Wifi, Address = 02-06-00:00:00:00:00:08, { DataRate: 19, SignalStrength: 79, AntiFragility: 18}, IQ: 33]
       [Network #19, Technology = Wimax, Address = 02-06-00:00:00:00:00:16, { DataRate: 46, SignalStrength: 28, AntiFragility: 28}, IQ: 32]
       [Network #3, Technology = Wifi, Address = 02-06-00:00:00:00:00:05, { DataRate: 25, SignalStrength: 63, AntiFragility: 8}, IQ: 26]
20s DeviceModule:MoveRandom(): New position: (124, 100)
20s ExecutionModule:OutOfRange(): OUT OF BETTER NETWORK! Choosing another network...
20s DecisionModule:RemoveNetworkFromList(): Network: 10 out of range!
20s DecisionModule:Run(): Run decision
20s DecisionModule:AnalyzingNetworks(): Current Network: 
       [Network #16, Technology = Wifi, Address = 02-06-00:00:00:00:00:12, { DataRate: 86, SignalStrength: 39, AntiFragility: 80}, IQ: 71]
20s DecisionModule:ShowAllNetworks(): All detected networks:
       [Network #16, Technology = Wifi, Address = 02-06-00:00:00:00:00:12, { DataRate: 86, SignalStrength: 39, AntiFragility: 80}, IQ: 71]
       [Network #13, Technology = Wifi, Address = 02-06-00:00:00:00:00:0f, { DataRate: 65, SignalStrength: 70, AntiFragility: 69}, IQ: 68]
       [Network #12, Technology = Wifi, Address = 02-06-00:00:00:00:00:0e, { DataRate: 71, SignalStrength: 10, AntiFragility: 90}, IQ: 65]
       [Network #6, Technology = Wifi, Address = 02-06-00:00:00:00:00:08, { DataRate: 12, SignalStrength: 79, AntiFragility: 82}, IQ: 63]
       [Network #9, Technology = Wifi, Address = 02-06-00:00:00:00:00:0b, { DataRate: 32, SignalStrength: 76, AntiFragility: 62}, IQ: 58]
       [Network #15, Technology = Wifi, Address = 02-06-00:00:00:00:00:11, { DataRate: 6, SignalStrength: 36, AntiFragility: 80}, IQ: 50]
       [Network #3, Technology = Wifi, Address = 02-06-00:00:00:00:00:05, { DataRate: 32, SignalStrength: 89, AntiFragility: 21}, IQ: 40]
       [Network #1, Technology = Wifi, Address = 02-06-00:00:00:00:00:03, { DataRate: 91, SignalStrength: 4, AntiFragility: 17}, IQ: 32]
       [Network #19, Technology = Wimax, Address = 02-06-00:00:00:00:00:16, { DataRate: 16, SignalStrength: 60, AntiFragility: 20}, IQ: 29]
       [Network #8, Technology = Wifi, Address = 02-06-00:00:00:00:00:0a, { DataRate: 37, SignalStrength: 8, AntiFragility: 27}, IQ: 24]
       [Network #0, Technology = Wifi, Address = 02-06-00:00:00:00:00:02, { DataRate: 31, SignalStrength: 37, AntiFragility: 6}, IQ: 20]
       [Network #7, Technology = Wifi, Address = 02-06-00:00:00:00:00:09, { DataRate: 7, SignalStrength: 16, AntiFragility: 29}, IQ: 20]
       [Network #18, Technology = Wimax, Address = 02-06-00:00:00:00:00:15, { DataRate: 42, SignalStrength: 28, AntiFragility: 4}, IQ: 19]
20s ExecutionModule:Run(): Decision time => Seconds: 0, Miliseconds: 314
20s ExecutionModule:Run(): Handover time => Seconds: 0, Miliseconds: 121
20s ExecutionModule:Run(): Event: Horizontal Handover.
20s DecisionModule:AddNetworkToList(): Network detected
21s DeviceModule:MoveRandom(): New position: (136, 100)
22s DeviceModule:MoveRandom(): New position: (124, 100)
23s DeviceModule:MoveRandom(): New position: (136, 100)
24s DeviceModule:MoveRandom(): New position: (124, 100)
25s DeviceModule:MoveRandom(): New position: (136, 100)
26s DeviceModule:MoveRandom(): New position: (148, 100)
26s DecisionModule:RemoveNetworkFromList(): Network: 6 out of range!
26s DecisionModule:RemoveNetworkFromList(): Network: 13 out of range!
26s ExecutionModule:OutOfRange(): OUT OF BETTER NETWORK! Choosing another network...
26s DecisionModule:RemoveNetworkFromList(): Network: 16 out of range!
26s DecisionModule:Run(): Run decision
26s DecisionModule:AnalyzingNetworks(): Current Network: 
       [Network #18, Technology = Wimax, Address = 02-06-00:00:00:00:00:15, { DataRate: 94, SignalStrength: 50, AntiFragility: 99}, IQ: 85]
26s DecisionModule:ShowAllNetworks(): All detected networks:
       [Network #18, Technology = Wimax, Address = 02-06-00:00:00:00:00:15, { DataRate: 94, SignalStrength: 50, AntiFragility: 99}, IQ: 85]
       [Network #7, Technology = Wifi, Address = 02-06-00:00:00:00:00:09, { DataRate: 75, SignalStrength: 93, AntiFragility: 58}, IQ: 71]
       [Network #3, Technology = Wifi, Address = 02-06-00:00:00:00:00:05, { DataRate: 13, SignalStrength: 99, AntiFragility: 70}, IQ: 63]
       [Network #9, Technology = Wifi, Address = 02-06-00:00:00:00:00:0b, { DataRate: 92, SignalStrength: 15, AntiFragility: 53}, IQ: 53]
       [Network #19, Technology = Wimax, Address = 02-06-00:00:00:00:00:16, { DataRate: 60, SignalStrength: 61, AntiFragility: 40}, IQ: 50]
       [Network #0, Technology = Wifi, Address = 02-06-00:00:00:00:00:02, { DataRate: 92, SignalStrength: 42, AntiFragility: 7}, IQ: 37]
       [Network #8, Technology = Wifi, Address = 02-06-00:00:00:00:00:0a, { DataRate: 36, SignalStrength: 32, AntiFragility: 32}, IQ: 33]
       [Network #12, Technology = Wifi, Address = 02-06-00:00:00:00:00:0e, { DataRate: 7, SignalStrength: 51, AntiFragility: 28}, IQ: 28]
       [Network #15, Technology = Wifi, Address = 02-06-00:00:00:00:00:11, { DataRate: 1, SignalStrength: 66, AntiFragility: 11}, IQ: 22]
       [Network #1, Technology = Wifi, Address = 02-06-00:00:00:00:00:03, { DataRate: 11, SignalStrength: 43, AntiFragility: 6}, IQ: 16]
       [Network #11, Technology = Wifi, Address = 02-06-00:00:00:00:00:0d, { DataRate: 18, SignalStrength: 20, AntiFragility: 7}, IQ: 13]
26s ExecutionModule:Run(): Decision time => Seconds: 0, Miliseconds: 186
26s ExecutionModule:Run(): Handover time => Seconds: 0, Miliseconds: 258
26s ExecutionModule:Run(): Event: Vertical Handover.
26s DecisionModule:RemoveNetworkFromList(): Network: 19 out of range!
27s DeviceModule:MoveRandom(): New position: (136, 100)
27s DecisionModule:AddNetworkToList(): Network detected
27s DecisionModule:AddNetworkToList(): Network detected
27s DecisionModule:AddNetworkToList(): Network detected
27s DecisionModule:AddNetworkToList(): Network detected
28s DeviceModule:MoveRandom(): New position: (136, 112)
28s DecisionModule:RemoveNetworkFromList(): Network: 11 out of range!
29s DeviceModule:MoveRandom(): New position: (124, 112)
29s DecisionModule:AddNetworkToList(): Network detected
30s DeviceModule:MoveRandom(): New position: (136, 112)
30s DecisionModule:RemoveNetworkFromList(): Network: 10 out of range!
31s DeviceModule:MoveRandom(): New position: (124, 112)
31s DecisionModule:AddNetworkToList(): Network detected
32s DeviceModule:MoveRandom(): New position: (112, 112)
32s DecisionModule:AddNetworkToList(): Network detected
33s DeviceModule:MoveRandom(): New position: (124, 112)
33s DecisionModule:RemoveNetworkFromList(): Network: 5 out of range!
34s DeviceModule:MoveRandom(): New position: (124, 124)
35s DeviceModule:MoveRandom(): New position: (124, 112)
36s DeviceModule:MoveRandom(): New position: (124, 100)
36s DecisionModule:RemoveNetworkFromList(): Network: 10 out of range!
36s DecisionModule:AddNetworkToList(): Network detected
37s DeviceModule:MoveRandom(): New position: (124, 112)
37s DecisionModule:AddNetworkToList(): Network detected
37s DecisionModule:RemoveNetworkFromList(): Network: 11 out of range!
38s DeviceModule:MoveRandom(): New position: (136, 112)
38s DecisionModule:RemoveNetworkFromList(): Network: 10 out of range!
39s DeviceModule:MoveRandom(): New position: (136, 100)
39s DecisionModule:AddNetworkToList(): Network detected
40s DecisionModule:Run(): Run decision
40s DecisionModule:AnalyzingNetworks(): Current Network: 
       [Network #0, Technology = Wifi, Address = 02-06-00:00:00:00:00:02, { DataRate: 61, SignalStrength: 89, AntiFragility: 97}, IQ: 86]
40s DecisionModule:ShowAllNetworks(): All detected networks:
       [Network #0, Technology = Wifi, Address = 02-06-00:00:00:00:00:02, { DataRate: 61, SignalStrength: 89, AntiFragility: 97}, IQ: 86]
       [Network #3, Technology = Wifi, Address = 02-06-00:00:00:00:00:05, { DataRate: 91, SignalStrength: 51, AntiFragility: 89}, IQ: 80]
       [Network #13, Technology = Wifi, Address = 02-06-00:00:00:00:00:0f, { DataRate: 51, SignalStrength: 74, AntiFragility: 81}, IQ: 71]
       [Network #11, Technology = Wifi, Address = 02-06-00:00:00:00:00:0d, { DataRate: 97, SignalStrength: 63, AntiFragility: 54}, IQ: 67]
       [Network #7, Technology = Wifi, Address = 02-06-00:00:00:00:00:09, { DataRate: 46, SignalStrength: 50, AntiFragility: 71}, IQ: 59]
       [Network #6, Technology = Wifi, Address = 02-06-00:00:00:00:00:08, { DataRate: 27, SignalStrength: 31, AntiFragility: 79}, IQ: 54]
       [Network #16, Technology = Wifi, Address = 02-06-00:00:00:00:00:12, { DataRate: 92, SignalStrength: 43, AntiFragility: 32}, IQ: 49]
       [Network #18, Technology = Wimax, Address = 02-06-00:00:00:00:00:15, { DataRate: 35, SignalStrength: 27, AntiFragility: 64}, IQ: 47]
       [Network #9, Technology = Wifi, Address = 02-06-00:00:00:00:00:0b, { DataRate: 16, SignalStrength: 69, AntiFragility: 53}, IQ: 47]
       [Network #15, Technology = Wifi, Address = 02-06-00:00:00:00:00:11, { DataRate: 13, SignalStrength: 29, AntiFragility: 71}, IQ: 46]
       [Network #1, Technology = Wifi, Address = 02-06-00:00:00:00:00:03, { DataRate: 50, SignalStrength: 85, AntiFragility: 11}, IQ: 39]
       [Network #8, Technology = Wifi, Address = 02-06-00:00:00:00:00:0a, { DataRate: 18, SignalStrength: 4, AntiFragility: 51}, IQ: 31]
       [Network #12, Technology = Wifi, Address = 02-06-00:00:00:00:00:0e, { DataRate: 6, SignalStrength: 17, AntiFragility: 25}, IQ: 18]
       [Network #19, Technology = Wimax, Address = 02-06-00:00:00:00:00:16, { DataRate: 20, SignalStrength: 2, AntiFragility: 12}, IQ: 11]
40s ExecutionModule:Run(): Decision time => Seconds: 0, Miliseconds: 257
40s ExecutionModule:Run(): Handover time => Seconds: 0, Miliseconds: 31
40s ExecutionModule:Run(): Event: Vertical Handover.
40s DeviceModule:MoveRandom(): New position: (124, 100)
41s DeviceModule:MoveRandom(): New position: (124, 88)
41s DecisionModule:RemoveNetworkFromList(): Network: 16 out of range!
42s DeviceModule:MoveRandom(): New position: (112, 88)
42s DecisionModule:AddNetworkToList(): Network detected
42s DecisionModule:AddNetworkToList(): Network detected
43s DeviceModule:MoveRandom(): New position: (100, 88)
43s DecisionModule:AddNetworkToList(): Network detected
43s DecisionModule:AddNetworkToList(): Network detected
43s DecisionModule:AddNetworkToList(): Network detected
43s DecisionModule:RemoveNetworkFromList(): Network: 11 out of range!
43s DecisionModule:AddNetworkToList(): Network detected
43s DecisionModule:AddNetworkToList(): Network detected
44s DeviceModule:MoveRandom(): New position: (100, 100)
44s DecisionModule:RemoveNetworkFromList(): Network: 2 out of range!
44s DecisionModule:RemoveNetworkFromList(): Network: 4 out of range!
45s DeviceModule:MoveRandom(): New position: (100, 88)
45s DecisionModule:AddNetworkToList(): Network detected
45s DecisionModule:AddNetworkToList(): Network detected
46s DeviceModule:MoveRandom(): New position: (112, 88)
46s DecisionModule:RemoveNetworkFromList(): Network: 2 out of range!
46s DecisionModule:RemoveNetworkFromList(): Network: 4 out of range!
46s DecisionModule:RemoveNetworkFromList(): Network: 10 out of range!
46s DecisionModule:AddNetworkToList(): Network detected
46s DecisionModule:RemoveNetworkFromList(): Network: 14 out of range!
46s DecisionModule:RemoveNetworkFromList(): Network: 17 out of range!
47s DeviceModule:MoveRandom(): New position: (124, 88)
47s DecisionModule:RemoveNetworkFromList(): Network: 5 out of range!
47s DecisionModule:RemoveNetworkFromList(): Network: 16 out of range!
48s DeviceModule:MoveRandom(): New position: (124, 100)
48s DecisionModule:AddNetworkToList(): Network detected
49s DeviceModule:MoveRandom(): New position: (124, 112)
49s DecisionModule:AddNetworkToList(): Network detected
49s DecisionModule:RemoveNetworkFromList(): Network: 11 out of range!
50s DeviceModule:MoveRandom(): New position: (124, 124)
51s DeviceModule:MoveRandom(): New position: (112, 124)
51s ExecutionModule:OutOfRange(): OUT OF BETTER NETWORK! Choosing another network...
51s DecisionModule:RemoveNetworkFromList(): Network: 0 out of range!
51s DecisionModule:Run(): Run decision
51s DecisionModule:AnalyzingNetworks(): Current Network: 
       [Network #1, Technology = Wifi, Address = 02-06-00:00:00:00:00:03, { DataRate: 92, SignalStrength: 88, AntiFragility: 71}, IQ: 80]
51s DecisionModule:ShowAllNetworks(): All detected networks:
       [Network #1, Technology = Wifi, Address = 02-06-00:00:00:00:00:03, { DataRate: 92, SignalStrength: 88, AntiFragility: 71}, IQ: 80]
       [Network #10, Technology = Wifi, Address = 02-06-00:00:00:00:00:0c, { DataRate: 85, SignalStrength: 13, AntiFragility: 76}, IQ: 62]
       [Network #8, Technology = Wifi, Address = 02-06-00:00:00:00:00:0a, { DataRate: 14, SignalStrength: 72, AntiFragility: 82}, IQ: 62]
       [Network #13, Technology = Wifi, Address = 02-06-00:00:00:00:00:0f, { DataRate: 59, SignalStrength: 13, AntiFragility: 82}, IQ: 59]
       [Network #19, Technology = Wimax, Address = 02-06-00:00:00:00:00:16, { DataRate: 18, SignalStrength: 20, AntiFragility: 97}, IQ: 58]
       [Network #7, Technology = Wifi, Address = 02-06-00:00:00:00:00:09, { DataRate: 91, SignalStrength: 99, AntiFragility: 18}, IQ: 56]
       [Network #3, Technology = Wifi, Address = 02-06-00:00:00:00:00:05, { DataRate: 59, SignalStrength: 76, AntiFragility: 31}, IQ: 49]
       [Network #16, Technology = Wifi, Address = 02-06-00:00:00:00:00:12, { DataRate: 57, SignalStrength: 22, AntiFragility: 33}, IQ: 36]
       [Network #12, Technology = Wifi, Address = 02-06-00:00:00:00:00:0e, { DataRate: 43, SignalStrength: 6, AntiFragility: 41}, IQ: 32]
       [Network #9, Technology = Wifi, Address = 02-06-00:00:00:00:00:0b, { DataRate: 56, SignalStrength: 27, AntiFragility: 10}, IQ: 25]
       [Network #6, Technology = Wifi, Address = 02-06-00:00:00:00:00:08, { DataRate: 21, SignalStrength: 44, AntiFragility: 13}, IQ: 22]
       [Network #18, Technology = Wimax, Address = 02-06-00:00:00:00:00:15, { DataRate: 21, SignalStrength: 38, AntiFragility: 7}, IQ: 18]
       [Network #15, Technology = Wifi, Address = 02-06-00:00:00:00:00:11, { DataRate: 19, SignalStrength: 3, AntiFragility: 13}, IQ: 12]
51s ExecutionModule:Run(): Decision time => Seconds: 0, Miliseconds: 204
51s ExecutionModule:Run(): Handover time => Seconds: 0, Miliseconds: 148
51s ExecutionModule:Run(): Event: Horizontal Handover.
51s DecisionModule:AddNetworkToList(): Network detected
51s DecisionModule:RemoveNetworkFromList(): Network: 18 out of range!
52s DeviceModule:MoveRandom(): New position: (112, 136)
52s DecisionModule:RemoveNetworkFromList(): Network: 5 out of range!
52s DecisionModule:RemoveNetworkFromList(): Network: 13 out of range!
53s DeviceModule:MoveRandom(): New position: (124, 136)
54s DeviceModule:MoveRandom(): New position: (112, 136)
55s DeviceModule:MoveRandom(): New position: (124, 136)
56s DeviceModule:MoveRandom(): New position: (124, 124)
56s DecisionModule:AddNetworkToList(): Network detected
56s DecisionModule:AddNetworkToList(): Network detected
56s DecisionModule:AddNetworkToList(): Network detected
57s DeviceModule:MoveRandom(): New position: (112, 124)
57s DecisionModule:RemoveNetworkFromList(): Network: 0 out of range!
57s DecisionModule:AddNetworkToList(): Network detected
57s DecisionModule:RemoveNetworkFromList(): Network: 18 out of range!
58s DeviceModule:MoveRandom(): New position: (124, 124)
58s DecisionModule:AddNetworkToList(): Network detected
58s DecisionModule:RemoveNetworkFromList(): Network: 5 out of range!
58s DecisionModule:AddNetworkToList(): Network detected
59s DeviceModule:MoveRandom(): New position: (112, 124)
59s DecisionModule:RemoveNetworkFromList(): Network: 0 out of range!
59s DecisionModule:AddNetworkToList(): Network detected
59s DecisionModule:RemoveNetworkFromList(): Network: 18 out of range!
60s DecisionModule:Run(): Run decision
60s DecisionModule:AnalyzingNetworks(): Current Network: 
       [Network #7, Technology = Wifi, Address = 02-06-00:00:00:00:00:09, { DataRate: 74, SignalStrength: 93, AntiFragility: 87}, IQ: 85]
60s DecisionModule:ShowAllNetworks(): All detected networks:
       [Network #7, Technology = Wifi, Address = 02-06-00:00:00:00:00:09, { DataRate: 74, SignalStrength: 93, AntiFragility: 87}, IQ: 85]
       [Network #6, Technology = Wifi, Address = 02-06-00:00:00:00:00:08, { DataRate: 68, SignalStrength: 8, AntiFragility: 76}, IQ: 57]
       [Network #15, Technology = Wifi, Address = 02-06-00:00:00:00:00:11, { DataRate: 54, SignalStrength: 54, AntiFragility: 58}, IQ: 56]
       [Network #19, Technology = Wimax, Address = 02-06-00:00:00:00:00:16, { DataRate: 48, SignalStrength: 25, AntiFragility: 71}, IQ: 53]
       [Network #10, Technology = Wifi, Address = 02-06-00:00:00:00:00:0c, { DataRate: 47, SignalStrength: 38, AntiFragility: 65}, IQ: 53]
       [Network #1, Technology = Wifi, Address = 02-06-00:00:00:00:00:03, { DataRate: 75, SignalStrength: 21, AntiFragility: 52}, IQ: 50]
       [Network #8, Technology = Wifi, Address = 02-06-00:00:00:00:00:0a, { DataRate: 80, SignalStrength: 57, AntiFragility: 19}, IQ: 43]
       [Network #16, Technology = Wifi, Address = 02-06-00:00:00:00:00:12, { DataRate: 43, SignalStrength: 56, AntiFragility: 36}, IQ: 42]
       [Network #9, Technology = Wifi, Address = 02-06-00:00:00:00:00:0b, { DataRate: 78, SignalStrength: 56, AntiFragility: 1}, IQ: 34]
       [Network #13, Technology = Wifi, Address = 02-06-00:00:00:00:00:0f, { DataRate: 80, SignalStrength: 44, AntiFragility: 4}, IQ: 33]
       [Network #3, Technology = Wifi, Address = 02-06-00:00:00:00:00:05, { DataRate: 90, SignalStrength: 8, AntiFragility: 7}, IQ: 28]
       [Network #12, Technology = Wifi, Address = 02-06-00:00:00:00:00:0e, { DataRate: 32, SignalStrength: 57, AntiFragility: 4}, IQ: 24]
       [Network #5, Technology = Wifi, Address = 02-06-00:00:00:00:00:07, { DataRate: 37, SignalStrength: 3, AntiFragility: 10}, IQ: 15]
60s ExecutionModule:Run(): Decision time => Seconds: 0, Miliseconds: 250
60s ExecutionModule:Run(): Handover time => Seconds: 0, Miliseconds: 122
60s ExecutionModule:Run(): Event: Horizontal Handover.
60s DeviceModule:MoveRandom(): New position: (112, 112)
60s DecisionModule:AddNetworkToList(): Network detected
60s DecisionModule:AddNetworkToList(): Network detected
61s DeviceModule:MoveRandom(): New position: (100, 112)
61s DecisionModule:RemoveNetworkFromList(): Network: 0 out of range!
62s DeviceModule:MoveRandom(): New position: (100, 124)
62s DecisionModule:RemoveNetworkFromList(): Network: 18 out of range!
63s DeviceModule:MoveRandom(): New position: (88, 124)
63s DecisionModule:AddNetworkToList(): Network detected
64s DeviceModule:MoveRandom(): New position: (76, 124)
64s DecisionModule:RemoveNetworkFromList(): Network: 1 out of range!
64s DecisionModule:AddNetworkToList(): Network detected
65s DeviceModule:MoveRandom(): New position: (88, 124)
65s DecisionModule:AddNetworkToList(): Network detected
65s DecisionModule:RemoveNetworkFromList(): Network: 17 out of range!
66s DeviceModule:MoveRandom(): New position: (100, 124)
66s DecisionModule:RemoveNetworkFromList(): Network: 14 out of range!
67s DeviceModule:MoveRandom(): New position: (100, 136)
68s DeviceModule:MoveRandom(): New position: (100, 148)
68s DecisionModule:RemoveNetworkFromList(): Network: 13 out of range!
69s DeviceModule:MoveRandom(): New position: (112, 148)
69s DecisionModule:RemoveNetworkFromList(): Network: 5 out of range!
70s DeviceModule:MoveRandom(): New position: (112, 136)
71s DeviceModule:MoveRandom(): New position: (112, 124)
71s DecisionModule:AddNetworkToList(): Network detected
71s DecisionModule:AddNetworkToList(): Network detected
72s DeviceModule:MoveRandom(): New position: (100, 124)
73s DeviceModule:MoveRandom(): New position: (100, 136)
74s DeviceModule:MoveRandom(): New position: (100, 148)
74s DecisionModule:RemoveNetworkFromList(): Network: 13 out of range!
75s DeviceModule:MoveRandom(): New position: (100, 160)
75s DecisionModule:RemoveNetworkFromList(): Network: 5 out of range!
75s ExecutionModule:OutOfRange(): OUT OF BETTER NETWORK! Choosing another network...
75s DecisionModule:RemoveNetworkFromList(): Network: 7 out of range!
75s DecisionModule:Run(): Run decision
75s DecisionModule:AnalyzingNetworks(): Current Network: 
       [Network #15, Technology = Wifi, Address = 02-06-00:00:00:00:00:11, { DataRate: 88, SignalStrength: 37, AntiFragility: 78}, IQ: 70]
75s DecisionModule:ShowAllNetworks(): All detected networks:
       [Network #15, Technology = Wifi, Address = 02-06-00:00:00:00:00:11, { DataRate: 88, SignalStrength: 37, AntiFragility: 78}, IQ: 70]
       [Network #10, Technology = Wifi, Address = 02-06-00:00:00:00:00:0c, { DataRate: 80, SignalStrength: 44, AntiFragility: 78}, IQ: 70]
       [Network #9, Technology = Wifi, Address = 02-06-00:00:00:00:00:0b, { DataRate: 17, SignalStrength: 83, AntiFragility: 76}, IQ: 63]
       [Network #3, Technology = Wifi, Address = 02-06-00:00:00:00:00:05, { DataRate: 79, SignalStrength: 19, AntiFragility: 61}, IQ: 55]
       [Network #12, Technology = Wifi, Address = 02-06-00:00:00:00:00:0e, { DataRate: 74, SignalStrength: 7, AntiFragility: 67}, IQ: 53]
       [Network #19, Technology = Wimax, Address = 02-06-00:00:00:00:00:16, { DataRate: 69, SignalStrength: 33, AntiFragility: 54}, IQ: 52]
       [Network #8, Technology = Wifi, Address = 02-06-00:00:00:00:00:0a, { DataRate: 69, SignalStrength: 60, AntiFragility: 17}, IQ: 40]
       [Network #1, Technology = Wifi, Address = 02-06-00:00:00:00:00:03, { DataRate: 66, SignalStrength: 8, AntiFragility: 23}, IQ: 30]
       [Network #16, Technology = Wifi, Address = 02-06-00:00:00:00:00:12, { DataRate: 84, SignalStrength: 7, AntiFragility: 11}, IQ: 28]
       [Network #6, Technology = Wifi, Address = 02-06-00:00:00:00:00:08, { DataRate: 58, SignalStrength: 1, AntiFragility: 17}, IQ: 23]
75s ExecutionModule:Run(): Decision time => Seconds: 0, Miliseconds: 179
75s ExecutionModule:Run(): Handover time => Seconds: 0, Miliseconds: 121
75s ExecutionModule:Run(): Event: Horizontal Handover.
75s DecisionModule:RemoveNetworkFromList(): Network: 12 out of range!
76s DeviceModule:MoveRandom(): New position: (100, 172)
77s DeviceModule:MoveRandom(): New position: (100, 160)
78s DeviceModule:MoveRandom(): New position: (100, 148)
78s DecisionModule:AddNetworkToList(): Network detected
78s DecisionModule:AddNetworkToList(): Network detected
78s DecisionModule:AddNetworkToList(): Network detected
79s DeviceModule:MoveRandom(): New position: (100, 160)
79s DecisionModule:RemoveNetworkFromList(): Network: 5 out of range!
79s DecisionModule:RemoveNetworkFromList(): Network: 7 out of range!
79s DecisionModule:RemoveNetworkFromList(): Network: 12 out of range!
80s DecisionModule:Run(): Run decision
80s DecisionModule:AnalyzingNetworks(): Current Network: 
       [Network #8, Technology = Wifi, Address = 02-06-00:00:00:00:00:0a, { DataRate: 74, SignalStrength: 18, AntiFragility: 98}, IQ: 72]
80s DecisionModule:ShowAllNetworks(): All detected networks:
       [Network #8, Technology = Wifi, Address = 02-06-00:00:00:00:00:0a, { DataRate: 74, SignalStrength: 18, AntiFragility: 98}, IQ: 72]
       [Network #15, Technology = Wifi, Address = 02-06-00:00:00:00:00:11, { DataRate: 71, SignalStrength: 81, AntiFragility: 33}, IQ: 54]
       [Network #16, Technology = Wifi, Address = 02-06-00:00:00:00:00:12, { DataRate: 40, SignalStrength: 17, AntiFragility: 79}, IQ: 53]
       [Network #3, Technology = Wifi, Address = 02-06-00:00:00:00:00:05, { DataRate: 59, SignalStrength: 37, AntiFragility: 36}, IQ: 42]
       [Network #9, Technology = Wifi, Address = 02-06-00:00:00:00:00:0b, { DataRate: 46, SignalStrength: 40, AntiFragility: 35}, IQ: 39]
       [Network #6, Technology = Wifi, Address = 02-06-00:00:00:00:00:08, { DataRate: 39, SignalStrength: 16, AntiFragility: 45}, IQ: 36]
       [Network #10, Technology = Wifi, Address = 02-06-00:00:00:00:00:0c, { DataRate: 63, SignalStrength: 8, AntiFragility: 11}, IQ: 23]
       [Network #1, Technology = Wifi, Address = 02-06-00:00:00:00:00:03, { DataRate: 36, SignalStrength: 22, AntiFragility: 13}, IQ: 21]
       [Network #19, Technology = Wimax, Address = 02-06-00:00:00:00:00:16, { DataRate: 10, SignalStrength: 9, AntiFragility: 9}, IQ: 9]
80s ExecutionModule:Run(): Decision time => Seconds: 0, Miliseconds: 201
80s ExecutionModule:Run(): Handover time => Seconds: 0, Miliseconds: 124
80s ExecutionModule:Run(): Event: Horizontal Handover.
80s DeviceModule:MoveRandom(): New position: (100, 172)
81s DeviceModule:MoveRandom(): New position: (100, 184)
81s DecisionModule:RemoveNetworkFromList(): Network: 9 out of range!
82s DeviceModule:MoveRandom(): New position: (100, 196)
82s DecisionModule:RemoveNetworkFromList(): Network: 1 out of range!
82s DecisionModule:RemoveNetworkFromList(): Network: 19 out of range!
83s DeviceModule:MoveRandom(): New position: (100, 196)
84s DeviceModule:MoveRandom(): New position: (88, 196)
84s DecisionModule:AddNetworkToList(): Network detected
85s DeviceModule:MoveRandom(): New position: (88, 184)
86s DeviceModule:MoveRandom(): New position: (100, 184)
86s DecisionModule:AddNetworkToList(): Network detected
87s DeviceModule:MoveRandom(): New position: (88, 184)
87s DecisionModule:RemoveNetworkFromList(): Network: 1 out of range!
88s DeviceModule:MoveRandom(): New position: (88, 172)
88s DecisionModule:AddNetworkToList(): Network detected
89s DeviceModule:MoveRandom(): New position: (88, 160)
89s DecisionModule:AddNetworkToList(): Network detected
89s DecisionModule:AddNetworkToList(): Network detected
89s DecisionModule:AddNetworkToList(): Network detected
90s DeviceModule:MoveRandom(): New position: (100, 160)
90s DecisionModule:RemoveNetworkFromList(): Network: 5 out of range!
90s DecisionModule:RemoveNetworkFromList(): Network: 12 out of range!
91s DeviceModule:MoveRandom(): New position: (100, 172)
92s DeviceModule:MoveRandom(): New position: (112, 172)
93s DeviceModule:MoveRandom(): New position: (112, 160)
93s DecisionModule:AddNetworkToList(): Network detected
94s DeviceModule:MoveRandom(): New position: (100, 160)
94s DecisionModule:RemoveNetworkFromList(): Network: 7 out of range!
95s DeviceModule:MoveRandom(): New position: (88, 160)
95s DecisionModule:AddNetworkToList(): Network detected
95s DecisionModule:AddNetworkToList(): Network detected
96s DeviceModule:MoveRandom(): New position: (100, 160)
96s DecisionModule:RemoveNetworkFromList(): Network: 5 out of range!
96s DecisionModule:RemoveNetworkFromList(): Network: 12 out of range!
97s DeviceModule:MoveRandom(): New position: (88, 160)
97s DecisionModule:AddNetworkToList(): Network detected
97s DecisionModule:AddNetworkToList(): Network detected
98s DeviceModule:MoveRandom(): New position: (100, 160)
98s DecisionModule:RemoveNetworkFromList(): Network: 5 out of range!
98s DecisionModule:RemoveNetworkFromList(): Network: 12 out of range!
99s DeviceModule:MoveRandom(): New position: (112, 160)
99s DecisionModule:AddNetworkToList(): Network detected
100s DecisionModule:Run(): Run decision
100s DecisionModule:AnalyzingNetworks(): Current Network: 
       [Network #19, Technology = Wimax, Address = 02-06-00:00:00:00:00:16, { DataRate: 58, SignalStrength: 41, AntiFragility: 98}, IQ: 73]
100s DecisionModule:ShowAllNetworks(): All detected networks:
       [Network #19, Technology = Wimax, Address = 02-06-00:00:00:00:00:16, { DataRate: 58, SignalStrength: 41, AntiFragility: 98}, IQ: 73]
       [Network #6, Technology = Wifi, Address = 02-06-00:00:00:00:00:08, { DataRate: 24, SignalStrength: 40, AntiFragility: 84}, IQ: 58]
       [Network #1, Technology = Wifi, Address = 02-06-00:00:00:00:00:03, { DataRate: 93, SignalStrength: 11, AntiFragility: 46}, IQ: 49]
       [Network #16, Technology = Wifi, Address = 02-06-00:00:00:00:00:12, { DataRate: 42, SignalStrength: 6, AntiFragility: 66}, IQ: 45]
       [Network #10, Technology = Wifi, Address = 02-06-00:00:00:00:00:0c, { DataRate: 99, SignalStrength: 72, AntiFragility: 3}, IQ: 44]
       [Network #3, Technology = Wifi, Address = 02-06-00:00:00:00:00:05, { DataRate: 16, SignalStrength: 7, AntiFragility: 73}, IQ: 42]
       [Network #15, Technology = Wifi, Address = 02-06-00:00:00:00:00:11, { DataRate: 51, SignalStrength: 33, AntiFragility: 39}, IQ: 40]
       [Network #9, Technology = Wifi, Address = 02-06-00:00:00:00:00:0b, { DataRate: 49, SignalStrength: 60, AntiFragility: 8}, IQ: 31]
       [Network #8, Technology = Wifi, Address = 02-06-00:00:00:00:00:0a, { DataRate: 1, SignalStrength: 80, AntiFragility: 21}, IQ: 30]
       [Network #7, Technology = Wifi, Address = 02-06-00:00:00:00:00:09, { DataRate: 13, SignalStrength: 69, AntiFragility: 7}, IQ: 24]
100s ExecutionModule:Run(): Decision time => Seconds: 0, Miliseconds: 210
100s ExecutionModule:Run(): Handover time => Seconds: 0, Miliseconds: 31
100s ExecutionModule:Run(): Event: Vertical Handover.
100s DeviceModule:MoveRandom(): New position: (112, 172)
100s DecisionModule:RemoveNetworkFromList(): Network: 7 out of range!
101s DeviceModule:MoveRandom(): New position: (112, 184)
101s ExecutionModule:OutOfRange(): OUT OF BETTER NETWORK! Choosing another network...
101s DecisionModule:RemoveNetworkFromList(): Network: 19 out of range!
101s DecisionModule:Run(): Run decision
101s DecisionModule:AnalyzingNetworks(): Current Network: 
       [Network #8, Technology = Wifi, Address = 02-06-00:00:00:00:00:0a, { DataRate: 49, SignalStrength: 98, AntiFragility: 69}, IQ: 71]
101s DecisionModule:ShowAllNetworks(): All detected networks:
       [Network #8, Technology = Wifi, Address = 02-06-00:00:00:00:00:0a, { DataRate: 49, SignalStrength: 98, AntiFragility: 69}, IQ: 71]
       [Network #16, Technology = Wifi, Address = 02-06-00:00:00:00:00:12, { DataRate: 76, SignalStrength: 94, AntiFragility: 36}, IQ: 60]
       [Network #9, Technology = Wifi, Address = 02-06-00:00:00:00:00:0b, { DataRate: 92, SignalStrength: 61, AntiFragility: 43}, IQ: 59]
       [Network #15, Technology = Wifi, Address = 02-06-00:00:00:00:00:11, { DataRate: 43, SignalStrength: 87, AntiFragility: 51}, IQ: 58]
       [Network #1, Technology = Wifi, Address = 02-06-00:00:00:00:00:03, { DataRate: 86, SignalStrength: 11, AntiFragility: 52}, IQ: 50]
       [Network #10, Technology = Wifi, Address = 02-06-00:00:00:00:00:0c, { DataRate: 6, SignalStrength: 76, AntiFragility: 56}, IQ: 48]
       [Network #6, Technology = Wifi, Address = 02-06-00:00:00:00:00:08, { DataRate: 1, SignalStrength: 89, AntiFragility: 43}, IQ: 44]
       [Network #3, Technology = Wifi, Address = 02-06-00:00:00:00:00:05, { DataRate: 69, SignalStrength: 74, AntiFragility: 14}, IQ: 42]
101s ExecutionModule:Run(): Decision time => Seconds: 0, Miliseconds: 144
101s ExecutionModule:Run(): Handover time => Seconds: 0, Miliseconds: 31
101s ExecutionModule:Run(): Event: Vertical Handover.
102s DeviceModule:MoveRandom(): New position: (124, 184)
103s DeviceModule:MoveRandom(): New position: (136, 184)
104s DeviceModule:MoveRandom(): New position: (136, 172)
104s DecisionModule:AddNetworkToList(): Network detected
105s DeviceModule:MoveRandom(): New position: (136, 160)
106s DeviceModule:MoveRandom(): New position: (136, 172)
107s DeviceModule:MoveRandom(): New position: (124, 172)
107s DecisionModule:RemoveNetworkFromList(): Network: 7 out of range!
108s DeviceModule:MoveRandom(): New position: (136, 172)
108s DecisionModule:AddNetworkToList(): Network detected
109s DeviceModule:MoveRandom(): New position: (136, 160)
110s DeviceModule:MoveRandom(): New position: (136, 148)
111s DeviceModule:MoveRandom(): New position: (148, 148)
111s DecisionModule:RemoveNetworkFromList(): Network: 10 out of range!
112s DeviceModule:MoveRandom(): New position: (148, 160)
113s DeviceModule:MoveRandom(): New position: (136, 160)
113s DecisionModule:AddNetworkToList(): Network detected
114s DeviceModule:MoveRandom(): New position: (148, 160)
114s DecisionModule:RemoveNetworkFromList(): Network: 10 out of range!
115s DeviceModule:MoveRandom(): New position: (148, 172)
116s DeviceModule:MoveRandom(): New position: (136, 172)
116s DecisionModule:AddNetworkToList(): Network detected
117s DeviceModule:MoveRandom(): New position: (136, 184)
117s DecisionModule:RemoveNetworkFromList(): Network: 7 out of range!
118s DeviceModule:MoveRandom(): New position: (136, 196)
119s DeviceModule:MoveRandom(): New position: (148, 196)
119s DecisionModule:RemoveNetworkFromList(): Network: 10 out of range!
120s DecisionModule:Run(): Run decision
120s DecisionModule:AnalyzingNetworks(): Current Network: 
       [Network #9, Technology = Wifi, Address = 02-06-00:00:00:00:00:0b, { DataRate: 86, SignalStrength: 4, AntiFragility: 83}, IQ: 64]
120s DecisionModule:ShowAllNetworks(): All detected networks:
       [Network #9, Technology = Wifi, Address = 02-06-00:00:00:00:00:0b, { DataRate: 86, SignalStrength: 4, AntiFragility: 83}, IQ: 64]
       [Network #16, Technology = Wifi, Address = 02-06-00:00:00:00:00:12, { DataRate: 84, SignalStrength: 46, AntiFragility: 61}, IQ: 63]
       [Network #8, Technology = Wifi, Address = 02-06-00:00:00:00:00:0a, { DataRate: 84, SignalStrength: 35, AntiFragility: 64}, IQ: 61]
       [Network #1, Technology = Wifi, Address = 02-06-00:00:00:00:00:03, { DataRate: 65, SignalStrength: 8, AntiFragility: 73}, IQ: 54]
       [Network #6, Technology = Wifi, Address = 02-06-00:00:00:00:00:08, { DataRate: 75, SignalStrength: 31, AntiFragility: 16}, IQ: 34]
       [Network #3, Technology = Wifi, Address = 02-06-00:00:00:00:00:05, { DataRate: 33, SignalStrength: 63, AntiFragility: 4}, IQ: 26]
       [Network #15, Technology = Wifi, Address = 02-06-00:00:00:00:00:11, { DataRate: 1, SignalStrength: 52, AntiFragility: 19}, IQ: 22]
120s ExecutionModule:Run(): Decision time => Seconds: 0, Miliseconds: 205
120s ExecutionModule:Run(): Handover time => Seconds: 0, Miliseconds: 123
120s ExecutionModule:Run(): Event: Horizontal Handover.
120s DeviceModule:MoveRandom(): New position: (148, 184)
121s DeviceModule:MoveRandom(): New position: (136, 184)
121s DecisionModule:AddNetworkToList(): Network detected
122s DeviceModule:MoveRandom(): New position: (124, 184)
123s DeviceModule:MoveRandom(): New position: (124, 172)
124s DeviceModule:MoveRandom(): New position: (112, 172)
124s DecisionModule:AddNetworkToList(): Network detected
125s DeviceModule:MoveRandom(): New position: (112, 160)
125s DecisionModule:AddNetworkToList(): Network detected
126s DeviceModule:MoveRandom(): New position: (112, 172)
126s DecisionModule:RemoveNetworkFromList(): Network: 7 out of range!
127s DeviceModule:MoveRandom(): New position: (100, 172)
128s DeviceModule:MoveRandom(): New position: (100, 160)
129s DeviceModule:MoveRandom(): New position: (112, 160)
129s DecisionModule:AddNetworkToList(): Network detected
130s DeviceModule:MoveRandom(): New position: (112, 148)
130s DecisionModule:AddNetworkToList(): Network detected
131s DeviceModule:MoveRandom(): New position: (112, 136)
132s DeviceModule:MoveRandom(): New position: (100, 136)
132s DecisionModule:AddNetworkToList(): Network detected
132s DecisionModule:AddNetworkToList(): Network detected
133s DeviceModule:MoveRandom(): New position: (100, 124)
134s DeviceModule:MoveRandom(): New position: (88, 124)
134s DecisionModule:AddNetworkToList(): Network detected
135s DeviceModule:MoveRandom(): New position: (100, 124)
135s DecisionModule:RemoveNetworkFromList(): Network: 14 out of range!
136s DeviceModule:MoveRandom(): New position: (112, 124)
137s DeviceModule:MoveRandom(): New position: (100, 124)
138s DeviceModule:MoveRandom(): New position: (100, 136)
139s DeviceModule:MoveRandom(): New position: (112, 136)
139s DecisionModule:RemoveNetworkFromList(): Network: 5 out of range!
139s DecisionModule:RemoveNetworkFromList(): Network: 13 out of range!
140s DecisionModule:Run(): Run decision
140s DecisionModule:AnalyzingNetworks(): Current Network: 
       [Network #15, Technology = Wifi, Address = 02-06-00:00:00:00:00:11, { DataRate: 40, SignalStrength: 88, AntiFragility: 77}, IQ: 70]
140s DecisionModule:ShowAllNetworks(): All detected networks:
       [Network #15, Technology = Wifi, Address = 02-06-00:00:00:00:00:11, { DataRate: 40, SignalStrength: 88, AntiFragility: 77}, IQ: 70]
       [Network #12, Technology = Wifi, Address = 02-06-00:00:00:00:00:0e, { DataRate: 11, SignalStrength: 78, AntiFragility: 94}, IQ: 69]
       [Network #3, Technology = Wifi, Address = 02-06-00:00:00:00:00:05, { DataRate: 91, SignalStrength: 36, AntiFragility: 69}, IQ: 66]
       [Network #16, Technology = Wifi, Address = 02-06-00:00:00:00:00:12, { DataRate: 70, SignalStrength: 29, AntiFragility: 76}, IQ: 62]
       [Network #10, Technology = Wifi, Address = 02-06-00:00:00:00:00:0c, { DataRate: 25, SignalStrength: 77, AntiFragility: 48}, IQ: 49]
       [Network #7, Technology = Wifi, Address = 02-06-00:00:00:00:00:09, { DataRate: 67, SignalStrength: 25, AntiFragility: 47}, IQ: 46]
       [Network #8, Technology = Wifi, Address = 02-06-00:00:00:00:00:0a, { DataRate: 37, SignalStrength: 18, AntiFragility: 59}, IQ: 43]
       [Network #19, Technology = Wimax, Address = 02-06-00:00:00:00:00:16, { DataRate: 55, SignalStrength: 82, AntiFragility: 1}, IQ: 34]
       [Network #1, Technology = Wifi, Address = 02-06-00:00:00:00:00:03, { DataRate: 64, SignalStrength: 3, AntiFragility: 24}, IQ: 28]
       [Network #9, Technology = Wifi, Address = 02-06-00:00:00:00:00:0b, { DataRate: 47, SignalStrength: 38, AntiFragility: 1}, IQ: 21]
       [Network #6, Technology = Wifi, Address = 02-06-00:00:00:00:00:08, { DataRate: 6, SignalStrength: 4, AntiFragility: 4}, IQ: 4]
140s ExecutionModule:Run(): Decision time => Seconds: 0, Miliseconds: 238
140s ExecutionModule:Run(): Handover time => Seconds: 0, Miliseconds: 124
140s ExecutionModule:Run(): Event: Horizontal Handover.
140s DeviceModule:MoveRandom(): New position: (100, 136)
140s DecisionModule:AddNetworkToList(): Network detected
140s DecisionModule:AddNetworkToList(): Network detected
141s DeviceModule:MoveRandom(): New position: (112, 136)
141s DecisionModule:RemoveNetworkFromList(): Network: 5 out of range!
141s DecisionModule:RemoveNetworkFromList(): Network: 13 out of range!
142s DeviceModule:MoveRandom(): New position: (112, 148)
143s DeviceModule:MoveRandom(): New position: (124, 148)
143s DecisionModule:RemoveNetworkFromList(): Network: 12 out of range!
144s DeviceModule:MoveRandom(): New position: (124, 136)
144s DecisionModule:AddNetworkToList(): Network detected
145s DeviceModule:MoveRandom(): New position: (136, 136)
145s DecisionModule:RemoveNetworkFromList(): Network: 12 out of range!
145s DecisionModule:RemoveNetworkFromList(): Network: 19 out of range!
146s DeviceModule:MoveRandom(): New position: (148, 136)
146s DecisionModule:RemoveNetworkFromList(): Network: 10 out of range!
147s DeviceModule:MoveRandom(): New position: (160, 136)
147s DecisionModule:AddNetworkToList(): Network detected
147s DecisionModule:RemoveNetworkFromList(): Network: 6 out of range!
147s DecisionModule:AddNetworkToList(): Network detected
148s DeviceModule:MoveRandom(): New position: (160, 148)
148s DecisionModule:RemoveNetworkFromList(): Network: 0 out of range!
148s DecisionModule:AddNetworkToList(): Network detected
148s DecisionModule:RemoveNetworkFromList(): Network: 18 out of range!
149s DeviceModule:MoveRandom(): New position: (172, 148)
149s DecisionModule:RemoveNetworkFromList(): Network: 6 out of range!
149s DecisionModule:RemoveNetworkFromList(): Network: 16 out of range!
150s DeviceModule:MoveRandom(): New position: (160, 148)
150s DecisionModule:AddNetworkToList(): Network detected
150s DecisionModule:AddNetworkToList(): Network detected
151s DeviceModule:MoveRandom(): New position: (160, 160)
152s DeviceModule:MoveRandom(): New position: (160, 172)
153s DeviceModule:MoveRandom(): New position: (160, 184)
153s DecisionModule:RemoveNetworkFromList(): Network: 6 out of range!
153s DecisionModule:RemoveNetworkFromList(): Network: 7 out of range!
154s DeviceModule:MoveRandom(): New position: (160, 172)
154s DecisionModule:AddNetworkToList(): Network detected
154s DecisionModule:AddNetworkToList(): Network detected
155s DeviceModule:MoveRandom(): New position: (160, 160)
156s DeviceModule:MoveRandom(): New position: (148, 160)
157s DeviceModule:MoveRandom(): New position: (136, 160)
157s DecisionModule:AddNetworkToList(): Network detected
158s DeviceModule:MoveRandom(): New position: (148, 160)
158s DecisionModule:RemoveNetworkFromList(): Network: 10 out of range!
159s DeviceModule:MoveRandom(): New position: (136, 160)
159s DecisionModule:AddNetworkToList(): Network detected
160s DecisionModule:Run(): Run decision
160s DecisionModule:AnalyzingNetworks(): Current Network: 
       [Network #10, Technology = Wifi, Address = 02-06-00:00:00:00:00:0c, { DataRate: 88, SignalStrength: 80, AntiFragility: 97}, IQ: 90]
160s DecisionModule:ShowAllNetworks(): All detected networks:
       [Network #10, Technology = Wifi, Address = 02-06-00:00:00:00:00:0c, { DataRate: 88, SignalStrength: 80, AntiFragility: 97}, IQ: 90]
       [Network #9, Technology = Wifi, Address = 02-06-00:00:00:00:00:0b, { DataRate: 81, SignalStrength: 70, AntiFragility: 88}, IQ: 81]
       [Network #3, Technology = Wifi, Address = 02-06-00:00:00:00:00:05, { DataRate: 13, SignalStrength: 59, AntiFragility: 88}, IQ: 62]
       [Network #15, Technology = Wifi, Address = 02-06-00:00:00:00:00:11, { DataRate: 87, SignalStrength: 53, AntiFragility: 39}, IQ: 54]
       [Network #7, Technology = Wifi, Address = 02-06-00:00:00:00:00:09, { DataRate: 3, SignalStrength: 76, AntiFragility: 47}, IQ: 43]
       [Network #8, Technology = Wifi, Address = 02-06-00:00:00:00:00:0a, { DataRate: 26, SignalStrength: 84, AntiFragility: 23}, IQ: 39]
       [Network #6, Technology = Wifi, Address = 02-06-00:00:00:00:00:08, { DataRate: 39, SignalStrength: 44, AntiFragility: 19}, IQ: 30]
       [Network #1, Technology = Wifi, Address = 02-06-00:00:00:00:00:03, { DataRate: 25, SignalStrength: 34, AntiFragility: 16}, IQ: 22]
       [Network #16, Technology = Wifi, Address = 02-06-00:00:00:00:00:12, { DataRate: 9, SignalStrength: 8, AntiFragility: 2}, IQ: 5]
160s ExecutionModule:Run(): Decision time => Seconds: 0, Miliseconds: 223
160s ExecutionModule:Run(): Handover time => Seconds: 0, Miliseconds: 123
160s ExecutionModule:Run(): Event: Horizontal Handover.
160s DeviceModule:MoveRandom(): New position: (124, 160)
160s DecisionModule:AddNetworkToList(): Network detected
161s DeviceModule:MoveRandom(): New position: (124, 172)
161s DecisionModule:RemoveNetworkFromList(): Network: 7 out of range!
161s DecisionModule:RemoveNetworkFromList(): Network: 19 out of range!
162s DeviceModule:MoveRandom(): New position: (124, 184)
163s DeviceModule:MoveRandom(): New position: (136, 184)
164s DeviceModule:MoveRandom(): New position: (124, 184)
165s DeviceModule:MoveRandom(): New position: (124, 196)
165s DecisionModule:RemoveNetworkFromList(): Network: 9 out of range!
166s DeviceModule:MoveRandom(): New position: (124, 184)
166s DecisionModule:AddNetworkToList(): Network detected
167s DeviceModule:MoveRandom(): New position: (136, 184)
168s DeviceModule:MoveRandom(): New position: (124, 184)
169s DeviceModule:MoveRandom(): New position: (124, 196)
169s DecisionModule:RemoveNetworkFromList(): Network: 9 out of range!
170s DeviceModule:MoveRandom(): New position: (124, 196)
171s DeviceModule:MoveRandom(): New position: (136, 196)
171s DecisionModule:AddNetworkToList(): Network detected
172s DeviceModule:MoveRandom(): New position: (136, 196)
173s DeviceModule:MoveRandom(): New position: (136, 196)
174s DeviceModule:MoveRandom(): New position: (136, 184)
175s DeviceModule:MoveRandom(): New position: (148, 184)
175s ExecutionModule:OutOfRange(): OUT OF BETTER NETWORK! Choosing another network...
175s DecisionModule:RemoveNetworkFromList(): Network: 10 out of range!
175s DecisionModule:Run(): Run decision
175s DecisionModule:AnalyzingNetworks(): Current Network: 
       [Network #8, Technology = Wifi, Address = 02-06-00:00:00:00:00:0a, { DataRate: 95, SignalStrength: 74, AntiFragility: 84}, IQ: 84]
175s DecisionModule:ShowAllNetworks(): All detected networks:
       [Network #8, Technology = Wifi, Address = 02-06-00:00:00:00:00:0a, { DataRate: 95, SignalStrength: 74, AntiFragility: 84}, IQ: 84]
       [Network #9, Technology = Wifi, Address = 02-06-00:00:00:00:00:0b, { DataRate: 38, SignalStrength: 92, AntiFragility: 98}, IQ: 81]
       [Network #6, Technology = Wifi, Address = 02-06-00:00:00:00:00:08, { DataRate: 95, SignalStrength: 88, AntiFragility: 61}, IQ: 76]
       [Network #3, Technology = Wifi, Address = 02-06-00:00:00:00:00:05, { DataRate: 79, SignalStrength: 99, AntiFragility: 57}, IQ: 73]
       [Network #1, Technology = Wifi, Address = 02-06-00:00:00:00:00:03, { DataRate: 82, SignalStrength: 52, AntiFragility: 59}, IQ: 63]
       [Network #16, Technology = Wifi, Address = 02-06-00:00:00:00:00:12, { DataRate: 30, SignalStrength: 43, AntiFragility: 51}, IQ: 43]
       [Network #15, Technology = Wifi, Address = 02-06-00:00:00:00:00:11, { DataRate: 19, SignalStrength: 86, AntiFragility: 31}, IQ: 41]
175s ExecutionModule:Run(): Decision time => Seconds: 0, Miliseconds: 138
175s ExecutionModule:Run(): Handover time => Seconds: 0, Miliseconds: 121
175s ExecutionModule:Run(): Event: Horizontal Handover.
176s DeviceModule:MoveRandom(): New position: (160, 184)
176s DecisionModule:RemoveNetworkFromList(): Network: 6 out of range!
177s DeviceModule:MoveRandom(): New position: (148, 184)
177s DecisionModule:AddNetworkToList(): Network detected
178s DeviceModule:MoveRandom(): New position: (136, 184)
178s DecisionModule:AddNetworkToList(): Network detected
179s DeviceModule:MoveRandom(): New position: (136, 196)
180s DecisionModule:Run(): Run decision
180s DecisionModule:AnalyzingNetworks(): Current Network: 
       [Network #16, Technology = Wifi, Address = 02-06-00:00:00:00:00:12, { DataRate: 97, SignalStrength: 99, AntiFragility: 78}, IQ: 88]
180s DecisionModule:ShowAllNetworks(): All detected networks:
       [Network #16, Technology = Wifi, Address = 02-06-00:00:00:00:00:12, { DataRate: 97, SignalStrength: 99, AntiFragility: 78}, IQ: 88]
       [Network #3, Technology = Wifi, Address = 02-06-00:00:00:00:00:05, { DataRate: 82, SignalStrength: 50, AntiFragility: 99}, IQ: 82]
       [Network #8, Technology = Wifi, Address = 02-06-00:00:00:00:00:0a, { DataRate: 33, SignalStrength: 85, AntiFragility: 83}, IQ: 71]
       [Network #9, Technology = Wifi, Address = 02-06-00:00:00:00:00:0b, { DataRate: 83, SignalStrength: 29, AntiFragility: 73}, IQ: 64]
       [Network #10, Technology = Wifi, Address = 02-06-00:00:00:00:00:0c, { DataRate: 41, SignalStrength: 86, AntiFragility: 66}, IQ: 64]
       [Network #6, Technology = Wifi, Address = 02-06-00:00:00:00:00:08, { DataRate: 82, SignalStrength: 82, AntiFragility: 31}, IQ: 56]
       [Network #1, Technology = Wifi, Address = 02-06-00:00:00:00:00:03, { DataRate: 11, SignalStrength: 7, AntiFragility: 99}, IQ: 54]
       [Network #15, Technology = Wifi, Address = 02-06-00:00:00:00:00:11, { DataRate: 16, SignalStrength: 82, AntiFragility: 33}, IQ: 41]
180s ExecutionModule:Run(): Decision time => Seconds: 0, Miliseconds: 217
180s ExecutionModule:Run(): Handover time => Seconds: 0, Miliseconds: 124
180s ExecutionModule:Run(): Event: Horizontal Handover.
180s DeviceModule:MoveRandom(): New position: (124, 196)
180s DecisionModule:RemoveNetworkFromList(): Network: 9 out of range!
181s DeviceModule:MoveRandom(): New position: (124, 196)
182s DeviceModule:MoveRandom(): New position: (124, 184)
182s DecisionModule:AddNetworkToList(): Network detected
183s DeviceModule:MoveRandom(): New position: (112, 184)
184s DeviceModule:MoveRandom(): New position: (112, 172)
184s DecisionModule:AddNetworkToList(): Network detected
185s DeviceModule:MoveRandom(): New position: (100, 172)
186s DeviceModule:MoveRandom(): New position: (100, 184)
186s DecisionModule:RemoveNetworkFromList(): Network: 9 out of range!
187s DeviceModule:MoveRandom(): New position: (100, 172)
187s DecisionModule:AddNetworkToList(): Network detected
188s DeviceModule:MoveRandom(): New position: (112, 172)
189s DeviceModule:MoveRandom(): New position: (124, 172)
189s DecisionModule:RemoveNetworkFromList(): Network: 19 out of range!
190s DeviceModule:MoveRandom(): New position: (124, 184)
191s DeviceModule:MoveRandom(): New position: (136, 184)
192s DeviceModule:MoveRandom(): New position: (148, 184)
192s DecisionModule:RemoveNetworkFromList(): Network: 10 out of range!
193s DeviceModule:MoveRandom(): New position: (148, 172)
193s DecisionModule:AddNetworkToList(): Network detected
194s DeviceModule:MoveRandom(): New position: (136, 172)
194s DecisionModule:AddNetworkToList(): Network detected
195s DeviceModule:MoveRandom(): New position: (148, 172)
195s DecisionModule:RemoveNetworkFromList(): Network: 10 out of range!
196s DeviceModule:MoveRandom(): New position: (148, 160)
197s DeviceModule:MoveRandom(): New position: (148, 148)
198s DeviceModule:MoveRandom(): New position: (160, 148)
199s DeviceModule:MoveRandom(): New position: (172, 148)
199s DecisionModule:RemoveNetworkFromList(): Network: 6 out of range!
199s ExecutionModule:OutOfRange(): OUT OF BETTER NETWORK! Choosing another network...
199s DecisionModule:RemoveNetworkFromList(): Network: 16 out of range!
199s DecisionModule:Run(): Run decision
199s DecisionModule:AnalyzingNetworks(): Current Network: 
       [Network #7, Technology = Wifi, Address = 02-06-00:00:00:00:00:09, { DataRate: 27, SignalStrength: 84, AntiFragility: 92}, IQ: 73]
199s DecisionModule:ShowAllNetworks(): All detected networks:
       [Network #7, Technology = Wifi, Address = 02-06-00:00:00:00:00:09, { DataRate: 27, SignalStrength: 84, AntiFragility: 92}, IQ: 73]
       [Network #1, Technology = Wifi, Address = 02-06-00:00:00:00:00:03, { DataRate: 78, SignalStrength: 31, AntiFragility: 83}, IQ: 68]
       [Network #8, Technology = Wifi, Address = 02-06-00:00:00:00:00:0a, { DataRate: 14, SignalStrength: 26, AntiFragility: 97}, IQ: 58]
       [Network #15, Technology = Wifi, Address = 02-06-00:00:00:00:00:11, { DataRate: 42, SignalStrength: 67, AntiFragility: 41}, IQ: 47]
       [Network #9, Technology = Wifi, Address = 02-06-00:00:00:00:00:0b, { DataRate: 70, SignalStrength: 32, AntiFragility: 10}, IQ: 30]
       [Network #3, Technology = Wifi, Address = 02-06-00:00:00:00:00:05, { DataRate: 33, SignalStrength: 7, AntiFragility: 6}, IQ: 13]
199s ExecutionModule:Run(): Decision time => Seconds: 0, Miliseconds: 273
199s ExecutionModule:Run(): Handover time => Seconds: 0, Miliseconds: 163
199s ExecutionModule:Run(): Event: Horizontal Handover.
