Waf: Entering directory `/home/renan/Documents/NR2/ns-allinone-3.20/ns-3.20/build'
Waf: Leaving directory `/home/renan/Documents/NR2/ns-allinone-3.20/ns-3.20/build'
'build' finished successfully (1.943s)
0s NetworkModule:SetPosition(): Network 0 set position => (72, 46)
0s NetworkModule:SetRange(): Network 0 set range => 100
0s NetworkModule:SetPosition(): Network 1 set position => (180, 77)
0s NetworkModule:SetRange(): Network 1 set range => 100
0s NetworkModule:SetPosition(): Network 2 set position => (169, 1)
0s NetworkModule:SetRange(): Network 2 set range => 100
0s NetworkModule:SetPosition(): Network 3 set position => (23, 69)
0s NetworkModule:SetRange(): Network 3 set range => 100
0s NetworkModule:SetPosition(): Network 4 set position => (137, 38)
0s NetworkModule:SetRange(): Network 4 set range => 100
0s NetworkModule:SetPosition(): Network 5 set position => (71, 90)
0s NetworkModule:SetRange(): Network 5 set range => 100
0s NetworkModule:SetPosition(): Network 6 set position => (189, 2)
0s NetworkModule:SetRange(): Network 6 set range => 100
0s NetworkModule:SetPosition(): Network 7 set position => (46, 13)
0s NetworkModule:SetRange(): Network 7 set range => 100
0s NetworkModule:SetPosition(): Network 8 set position => (147, 56)
0s NetworkModule:SetRange(): Network 8 set range => 100
0s NetworkModule:SetPosition(): Network 9 set position => (65, 176)
0s NetworkModule:SetRange(): Network 9 set range => 100
0s NetworkModule:SetPosition(): Network 10 set position => (97, 93)
0s NetworkModule:SetRange(): Network 10 set range => 100
0s NetworkModule:SetPosition(): Network 11 set position => (61, 122)
0s NetworkModule:SetRange(): Network 11 set range => 100
0s NetworkModule:SetPosition(): Network 12 set position => (125, 170)
0s NetworkModule:SetRange(): Network 12 set range => 100
0s NetworkModule:SetPosition(): Network 13 set position => (197, 80)
0s NetworkModule:SetRange(): Network 13 set range => 100
0s NetworkModule:SetPosition(): Network 14 set position => (113, 125)
0s NetworkModule:SetRange(): Network 14 set range => 100
0s NetworkModule:SetPosition(): Network 15 set position => (123, 126)
0s NetworkModule:SetRange(): Network 15 set range => 100
0s NetworkModule:SetPosition(): Network 16 set position => (155, 185)
0s NetworkModule:SetRange(): Network 16 set range => 100
0s NetworkModule:SetPosition(): Network 17 set position => (139, 103)
0s NetworkModule:SetRange(): Network 17 set range => 100
0s NetworkModule:SetPosition(): Network 18 set position => (172, 125)
0s NetworkModule:SetRange(): Network 18 set range => 100
0s NetworkModule:SetPosition(): Network 19 set position => (163, 162)
0s NetworkModule:SetRange(): Network 19 set range => 100
0s DeviceModule:ConfigureMobility(): Device [init x = 100, init y = 100, max = 200, velocity = 12]
1s DeviceModule:MoveRandom(): New position: (112, 100)
1s DecisionModule:AddNetworkToList(): Network detected
1s DecisionModule:AddNetworkToList(): Network detected
1s DecisionModule:AddNetworkToList(): Network detected
1s DecisionModule:AddNetworkToList(): Network detected
1s DecisionModule:AddNetworkToList(): Network detected
1s DecisionModule:AddNetworkToList(): Network detected
1s DecisionModule:AddNetworkToList(): Network detected
1s DecisionModule:AddNetworkToList(): Network detected
1s DecisionModule:AddNetworkToList(): Network detected
1s DecisionModule:AddNetworkToList(): Network detected
1s DecisionModule:AddNetworkToList(): Network detected
1s DecisionModule:AddNetworkToList(): Network detected
1s DecisionModule:AddNetworkToList(): Network detected
1s DecisionModule:AddNetworkToList(): Network detected
1s DecisionModule:AddNetworkToList(): Network detected
1s DecisionModule:AddNetworkToList(): Network detected
1s DecisionModule:AddNetworkToList(): Network detected
2s DeviceModule:MoveRandom(): New position: (112, 112)
3s DeviceModule:MoveRandom(): New position: (100, 112)
3s DecisionModule:RemoveNetworkFromList(): Network: 13 out of range!
4s DeviceModule:MoveRandom(): New position: (88, 112)
5s DeviceModule:MoveRandom(): New position: (88, 124)
5s DecisionModule:RemoveNetworkFromList(): Network: 1 out of range!
6s DeviceModule:MoveRandom(): New position: (88, 112)
6s DecisionModule:AddNetworkToList(): Network detected
7s DeviceModule:MoveRandom(): New position: (88, 124)
7s DecisionModule:RemoveNetworkFromList(): Network: 1 out of range!
8s DeviceModule:MoveRandom(): New position: (76, 124)
8s DecisionModule:RemoveNetworkFromList(): Network: 4 out of range!
9s DeviceModule:MoveRandom(): New position: (64, 124)
9s DecisionModule:RemoveNetworkFromList(): Network: 8 out of range!
9s DecisionModule:RemoveNetworkFromList(): Network: 16 out of range!
9s DecisionModule:RemoveNetworkFromList(): Network: 18 out of range!
9s DecisionModule:RemoveNetworkFromList(): Network: 19 out of range!
10s DeviceModule:MoveRandom(): New position: (64, 112)
10s DecisionModule:AddNetworkToList(): Network detected
10s DecisionModule:AddNetworkToList(): Network detected
11s DeviceModule:MoveRandom(): New position: (76, 112)
11s DecisionModule:AddNetworkToList(): Network detected
11s DecisionModule:RemoveNetworkFromList(): Network: 7 out of range!
11s DecisionModule:AddNetworkToList(): Network detected
11s DecisionModule:AddNetworkToList(): Network detected
12s DeviceModule:MoveRandom(): New position: (88, 112)
12s DecisionModule:AddNetworkToList(): Network detected
12s DecisionModule:AddNetworkToList(): Network detected
13s DeviceModule:MoveRandom(): New position: (76, 112)
13s DecisionModule:RemoveNetworkFromList(): Network: 1 out of range!
13s DecisionModule:RemoveNetworkFromList(): Network: 16 out of range!
14s DeviceModule:MoveRandom(): New position: (64, 112)
14s DecisionModule:RemoveNetworkFromList(): Network: 4 out of range!
14s DecisionModule:AddNetworkToList(): Network detected
14s DecisionModule:RemoveNetworkFromList(): Network: 18 out of range!
14s DecisionModule:RemoveNetworkFromList(): Network: 19 out of range!
15s DeviceModule:MoveRandom(): New position: (52, 112)
15s DecisionModule:RemoveNetworkFromList(): Network: 8 out of range!
16s DeviceModule:MoveRandom(): New position: (40, 112)
16s DecisionModule:RemoveNetworkFromList(): Network: 12 out of range!
17s DeviceModule:MoveRandom(): New position: (28, 112)
17s DecisionModule:RemoveNetworkFromList(): Network: 17 out of range!
18s DeviceModule:MoveRandom(): New position: (40, 112)
18s DecisionModule:AddNetworkToList(): Network detected
19s DeviceModule:MoveRandom(): New position: (52, 112)
19s DecisionModule:AddNetworkToList(): Network detected
20s DecisionModule:Run(): Run decision
20s DecisionModule:AnalyzingNetworks(): Current Network: 
       [Network #5, Technology = Wifi, Address = 02-06-00:00:00:00:00:07, { DataRate: 77, SignalStrength: 63, AntiFragility: 79}, IQ: 74]
20s DecisionModule:ShowAllNetworks(): All detected networks:
       [Network #5, Technology = Wifi, Address = 02-06-00:00:00:00:00:07, { DataRate: 77, SignalStrength: 63, AntiFragility: 79}, IQ: 74]
       [Network #10, Technology = Wifi, Address = 02-06-00:00:00:00:00:0c, { DataRate: 60, SignalStrength: 43, AntiFragility: 95}, IQ: 73]
       [Network #12, Technology = Wifi, Address = 02-06-00:00:00:00:00:0e, { DataRate: 51, SignalStrength: 27, AntiFragility: 94}, IQ: 66]
       [Network #0, Technology = Wifi, Address = 02-06-00:00:00:00:00:02, { DataRate: 36, SignalStrength: 31, AntiFragility: 86}, IQ: 59]
       [Network #17, Technology = Wifi, Address = 02-06-00:00:00:00:00:13, { DataRate: 46, SignalStrength: 41, AntiFragility: 58}, IQ: 50]
       [Network #14, Technology = Wifi, Address = 02-06-00:00:00:00:00:10, { DataRate: 9, SignalStrength: 30, AntiFragility: 71}, IQ: 45]
       [Network #3, Technology = Wifi, Address = 02-06-00:00:00:00:00:05, { DataRate: 53, SignalStrength: 24, AntiFragility: 44}, IQ: 41]
       [Network #15, Technology = Wifi, Address = 02-06-00:00:00:00:00:11, { DataRate: 14, SignalStrength: 7, AntiFragility: 61}, IQ: 35]
       [Network #9, Technology = Wifi, Address = 02-06-00:00:00:00:00:0b, { DataRate: 28, SignalStrength: 80, AntiFragility: 3}, IQ: 28]
       [Network #7, Technology = Wifi, Address = 02-06-00:00:00:00:00:09, { DataRate: 83, SignalStrength: 3, AntiFragility: 6}, IQ: 24]
       [Network #11, Technology = Wifi, Address = 02-06-00:00:00:00:00:0d, { DataRate: 25, SignalStrength: 29, AntiFragility: 18}, IQ: 22]
20s DeviceModule:MoveRandom(): New position: (52, 124)
20s DecisionModule:RemoveNetworkFromList(): Network: 7 out of range!
21s DeviceModule:MoveRandom(): New position: (52, 136)
22s DeviceModule:MoveRandom(): New position: (52, 148)
22s DecisionModule:RemoveNetworkFromList(): Network: 0 out of range!
23s DeviceModule:MoveRandom(): New position: (52, 136)
23s DecisionModule:AddNetworkToList(): Network detected
24s DeviceModule:MoveRandom(): New position: (52, 124)
25s DeviceModule:MoveRandom(): New position: (52, 112)
25s DecisionModule:AddNetworkToList(): Network detected
26s DeviceModule:MoveRandom(): New position: (52, 124)
26s DecisionModule:RemoveNetworkFromList(): Network: 7 out of range!
27s DeviceModule:MoveRandom(): New position: (64, 124)
28s DeviceModule:MoveRandom(): New position: (64, 136)
29s DeviceModule:MoveRandom(): New position: (64, 124)
30s DeviceModule:MoveRandom(): New position: (64, 136)
31s DeviceModule:MoveRandom(): New position: (64, 124)
32s DeviceModule:MoveRandom(): New position: (64, 112)
32s DecisionModule:AddNetworkToList(): Network detected
32s DecisionModule:AddNetworkToList(): Network detected
33s DeviceModule:MoveRandom(): New position: (52, 112)
33s DecisionModule:RemoveNetworkFromList(): Network: 8 out of range!
34s DeviceModule:MoveRandom(): New position: (40, 112)
34s DecisionModule:RemoveNetworkFromList(): Network: 12 out of range!
35s DeviceModule:MoveRandom(): New position: (40, 100)
36s DeviceModule:MoveRandom(): New position: (52, 100)
37s DeviceModule:MoveRandom(): New position: (52, 112)
37s DecisionModule:AddNetworkToList(): Network detected
38s DeviceModule:MoveRandom(): New position: (64, 112)
38s DecisionModule:AddNetworkToList(): Network detected
39s DeviceModule:MoveRandom(): New position: (52, 112)
39s DecisionModule:RemoveNetworkFromList(): Network: 8 out of range!
40s DecisionModule:Run(): Run decision
40s DecisionModule:AnalyzingNetworks(): Current Network: 
       [Network #0, Technology = Wifi, Address = 02-06-00:00:00:00:00:02, { DataRate: 72, SignalStrength: 60, AntiFragility: 96}, IQ: 81]
40s DecisionModule:ShowAllNetworks(): All detected networks:
       [Network #0, Technology = Wifi, Address = 02-06-00:00:00:00:00:02, { DataRate: 72, SignalStrength: 60, AntiFragility: 96}, IQ: 81]
       [Network #10, Technology = Wifi, Address = 02-06-00:00:00:00:00:0c, { DataRate: 95, SignalStrength: 89, AntiFragility: 66}, IQ: 79]
       [Network #3, Technology = Wifi, Address = 02-06-00:00:00:00:00:05, { DataRate: 50, SignalStrength: 60, AntiFragility: 97}, IQ: 76]
       [Network #11, Technology = Wifi, Address = 02-06-00:00:00:00:00:0d, { DataRate: 59, SignalStrength: 18, AntiFragility: 75}, IQ: 56]
       [Network #5, Technology = Wifi, Address = 02-06-00:00:00:00:00:07, { DataRate: 58, SignalStrength: 65, AntiFragility: 51}, IQ: 56]
       [Network #17, Technology = Wifi, Address = 02-06-00:00:00:00:00:13, { DataRate: 35, SignalStrength: 45, AntiFragility: 62}, IQ: 51]
       [Network #12, Technology = Wifi, Address = 02-06-00:00:00:00:00:0e, { DataRate: 82, SignalStrength: 25, AntiFragility: 47}, IQ: 50]
       [Network #7, Technology = Wifi, Address = 02-06-00:00:00:00:00:09, { DataRate: 45, SignalStrength: 45, AntiFragility: 41}, IQ: 43]
       [Network #15, Technology = Wifi, Address = 02-06-00:00:00:00:00:11, { DataRate: 1, SignalStrength: 56, AntiFragility: 56}, IQ: 42]
       [Network #14, Technology = Wifi, Address = 02-06-00:00:00:00:00:10, { DataRate: 37, SignalStrength: 18, AntiFragility: 42}, IQ: 34]
       [Network #9, Technology = Wifi, Address = 02-06-00:00:00:00:00:0b, { DataRate: 6, SignalStrength: 32, AntiFragility: 20}, IQ: 19]
40s ExecutionModule:Run(): Decision time => Seconds: 0, Miliseconds: 217
40s ExecutionModule:Run(): Handover time => Seconds: 0, Miliseconds: 178
40s ExecutionModule:Run(): Event: Horizontal Handover.
40s DeviceModule:MoveRandom(): New position: (64, 112)
40s DecisionModule:AddNetworkToList(): Network detected
41s DeviceModule:MoveRandom(): New position: (64, 100)
41s DecisionModule:AddNetworkToList(): Network detected
42s DeviceModule:MoveRandom(): New position: (52, 100)
42s DecisionModule:RemoveNetworkFromList(): Network: 4 out of range!
42s DecisionModule:RemoveNetworkFromList(): Network: 8 out of range!
42s DecisionModule:RemoveNetworkFromList(): Network: 12 out of range!
43s DeviceModule:MoveRandom(): New position: (40, 100)
44s DeviceModule:MoveRandom(): New position: (40, 88)
45s DeviceModule:MoveRandom(): New position: (40, 76)
45s DecisionModule:RemoveNetworkFromList(): Network: 9 out of range!
45s DecisionModule:RemoveNetworkFromList(): Network: 17 out of range!
46s DeviceModule:MoveRandom(): New position: (28, 76)
46s DecisionModule:RemoveNetworkFromList(): Network: 15 out of range!
47s DeviceModule:MoveRandom(): New position: (40, 76)
47s DecisionModule:AddNetworkToList(): Network detected
48s DeviceModule:MoveRandom(): New position: (28, 76)
48s DecisionModule:RemoveNetworkFromList(): Network: 15 out of range!
49s DeviceModule:MoveRandom(): New position: (40, 76)
49s DecisionModule:AddNetworkToList(): Network detected
50s DeviceModule:MoveRandom(): New position: (28, 76)
50s DecisionModule:RemoveNetworkFromList(): Network: 15 out of range!
51s DeviceModule:MoveRandom(): New position: (16, 76)
51s DecisionModule:RemoveNetworkFromList(): Network: 14 out of range!
52s DeviceModule:MoveRandom(): New position: (16, 64)
53s DeviceModule:MoveRandom(): New position: (28, 64)
54s DeviceModule:MoveRandom(): New position: (28, 52)
55s DeviceModule:MoveRandom(): New position: (28, 64)
56s DeviceModule:MoveRandom(): New position: (28, 76)
56s DecisionModule:AddNetworkToList(): Network detected
57s DeviceModule:MoveRandom(): New position: (16, 76)
57s DecisionModule:RemoveNetworkFromList(): Network: 14 out of range!
58s DeviceModule:MoveRandom(): New position: (4, 76)
59s DeviceModule:MoveRandom(): New position: (4, 76)
60s DecisionModule:Run(): Run decision
60s DecisionModule:AnalyzingNetworks(): Current Network: 
       [Network #5, Technology = Wifi, Address = 02-06-00:00:00:00:00:07, { DataRate: 58, SignalStrength: 74, AntiFragility: 81}, IQ: 73]
60s DecisionModule:ShowAllNetworks(): All detected networks:
       [Network #5, Technology = Wifi, Address = 02-06-00:00:00:00:00:07, { DataRate: 58, SignalStrength: 74, AntiFragility: 81}, IQ: 73]
       [Network #3, Technology = Wifi, Address = 02-06-00:00:00:00:00:05, { DataRate: 72, SignalStrength: 76, AntiFragility: 43}, IQ: 58]
       [Network #7, Technology = Wifi, Address = 02-06-00:00:00:00:00:09, { DataRate: 26, SignalStrength: 56, AntiFragility: 75}, IQ: 58]
       [Network #0, Technology = Wifi, Address = 02-06-00:00:00:00:00:02, { DataRate: 27, SignalStrength: 43, AntiFragility: 79}, IQ: 57]
       [Network #10, Technology = Wifi, Address = 02-06-00:00:00:00:00:0c, { DataRate: 51, SignalStrength: 3, AntiFragility: 48}, IQ: 37]
       [Network #11, Technology = Wifi, Address = 02-06-00:00:00:00:00:0d, { DataRate: 3, SignalStrength: 60, AntiFragility: 11}, IQ: 21]
60s ExecutionModule:Run(): Decision time => Seconds: 0, Miliseconds: 245
60s ExecutionModule:Run(): Handover time => Seconds: 0, Miliseconds: 409
60s ExecutionModule:Run(): Event: Horizontal Handover.
60s DeviceModule:MoveRandom(): New position: (4, 76)
61s DeviceModule:MoveRandom(): New position: (4, 88)
62s DeviceModule:MoveRandom(): New position: (4, 76)
63s DeviceModule:MoveRandom(): New position: (4, 76)
64s DeviceModule:MoveRandom(): New position: (4, 76)
65s DeviceModule:MoveRandom(): New position: (4, 64)
66s DeviceModule:MoveRandom(): New position: (4, 64)
67s DeviceModule:MoveRandom(): New position: (4, 76)
68s DeviceModule:MoveRandom(): New position: (4, 76)
69s DeviceModule:MoveRandom(): New position: (16, 76)
70s DeviceModule:MoveRandom(): New position: (28, 76)
70s DecisionModule:AddNetworkToList(): Network detected
71s DeviceModule:MoveRandom(): New position: (28, 64)
71s DecisionModule:RemoveNetworkFromList(): Network: 14 out of range!
72s DeviceModule:MoveRandom(): New position: (28, 52)
73s DeviceModule:MoveRandom(): New position: (16, 52)
74s DeviceModule:MoveRandom(): New position: (16, 40)
75s DeviceModule:MoveRandom(): New position: (28, 40)
76s DeviceModule:MoveRandom(): New position: (28, 28)
77s DeviceModule:MoveRandom(): New position: (28, 16)
77s DecisionModule:RemoveNetworkFromList(): Network: 10 out of range!
77s DecisionModule:RemoveNetworkFromList(): Network: 11 out of range!
78s DeviceModule:MoveRandom(): New position: (40, 16)
78s DecisionModule:AddNetworkToList(): Network detected
78s DecisionModule:AddNetworkToList(): Network detected
79s DeviceModule:MoveRandom(): New position: (40, 28)
79s DecisionModule:AddNetworkToList(): Network detected
80s DecisionModule:Run(): Run decision
80s DecisionModule:AnalyzingNetworks(): Current Network: 
       [Network #10, Technology = Wifi, Address = 02-06-00:00:00:00:00:0c, { DataRate: 16, SignalStrength: 47, AntiFragility: 98}, IQ: 64]
80s DecisionModule:ShowAllNetworks(): All detected networks:
       [Network #10, Technology = Wifi, Address = 02-06-00:00:00:00:00:0c, { DataRate: 16, SignalStrength: 47, AntiFragility: 98}, IQ: 64]
       [Network #7, Technology = Wifi, Address = 02-06-00:00:00:00:00:09, { DataRate: 62, SignalStrength: 57, AntiFragility: 68}, IQ: 63]
       [Network #0, Technology = Wifi, Address = 02-06-00:00:00:00:00:02, { DataRate: 68, SignalStrength: 24, AntiFragility: 63}, IQ: 54]
       [Network #11, Technology = Wifi, Address = 02-06-00:00:00:00:00:0d, { DataRate: 58, SignalStrength: 39, AntiFragility: 59}, IQ: 53]
       [Network #3, Technology = Wifi, Address = 02-06-00:00:00:00:00:05, { DataRate: 11, SignalStrength: 95, AntiFragility: 49}, IQ: 51]
       [Network #5, Technology = Wifi, Address = 02-06-00:00:00:00:00:07, { DataRate: 8, SignalStrength: 67, AntiFragility: 52}, IQ: 44]
       [Network #4, Technology = Wifi, Address = 02-06-00:00:00:00:00:06, { DataRate: 44, SignalStrength: 32, AntiFragility: 44}, IQ: 41]
80s ExecutionModule:Run(): Decision time => Seconds: 0, Miliseconds: 189
80s ExecutionModule:Run(): Handover time => Seconds: 0, Miliseconds: 120
80s ExecutionModule:Run(): Event: Horizontal Handover.
80s DeviceModule:MoveRandom(): New position: (28, 28)
80s DecisionModule:RemoveNetworkFromList(): Network: 4 out of range!
81s DeviceModule:MoveRandom(): New position: (40, 28)
81s DecisionModule:AddNetworkToList(): Network detected
82s DeviceModule:MoveRandom(): New position: (52, 28)
82s DecisionModule:AddNetworkToList(): Network detected
83s DeviceModule:MoveRandom(): New position: (40, 28)
83s DecisionModule:RemoveNetworkFromList(): Network: 8 out of range!
84s DeviceModule:MoveRandom(): New position: (40, 40)
85s DeviceModule:MoveRandom(): New position: (40, 28)
86s DeviceModule:MoveRandom(): New position: (28, 28)
86s DecisionModule:RemoveNetworkFromList(): Network: 4 out of range!
87s DeviceModule:MoveRandom(): New position: (16, 28)
87s ExecutionModule:OutOfRange(): OUT OF BETTER NETWORK! Choosing another network...
87s DecisionModule:RemoveNetworkFromList(): Network: 10 out of range!
87s DecisionModule:Run(): Run decision
87s DecisionModule:AnalyzingNetworks(): Current Network: 
       [Network #7, Technology = Wifi, Address = 02-06-00:00:00:00:00:09, { DataRate: 81, SignalStrength: 61, AntiFragility: 98}, IQ: 84]
87s DecisionModule:ShowAllNetworks(): All detected networks:
       [Network #7, Technology = Wifi, Address = 02-06-00:00:00:00:00:09, { DataRate: 81, SignalStrength: 61, AntiFragility: 98}, IQ: 84]
       [Network #3, Technology = Wifi, Address = 02-06-00:00:00:00:00:05, { DataRate: 54, SignalStrength: 59, AntiFragility: 60}, IQ: 58]
       [Network #5, Technology = Wifi, Address = 02-06-00:00:00:00:00:07, { DataRate: 2, SignalStrength: 60, AntiFragility: 80}, IQ: 55]
       [Network #11, Technology = Wifi, Address = 02-06-00:00:00:00:00:0d, { DataRate: 74, SignalStrength: 48, AntiFragility: 1}, IQ: 31]
       [Network #0, Technology = Wifi, Address = 02-06-00:00:00:00:00:02, { DataRate: 8, SignalStrength: 1, AntiFragility: 42}, IQ: 23]
87s ExecutionModule:Run(): Decision time => Seconds: 0, Miliseconds: 140
87s ExecutionModule:Run(): Handover time => Seconds: 0, Miliseconds: 119
87s ExecutionModule:Run(): Event: Horizontal Handover.
87s DecisionModule:RemoveNetworkFromList(): Network: 11 out of range!
88s DeviceModule:MoveRandom(): New position: (28, 28)
88s DecisionModule:AddNetworkToList(): Network detected
88s DecisionModule:AddNetworkToList(): Network detected
89s DeviceModule:MoveRandom(): New position: (28, 40)
90s DeviceModule:MoveRandom(): New position: (28, 28)
91s DeviceModule:MoveRandom(): New position: (28, 40)
92s DeviceModule:MoveRandom(): New position: (16, 40)
93s DeviceModule:MoveRandom(): New position: (28, 40)
94s DeviceModule:MoveRandom(): New position: (16, 40)
95s DeviceModule:MoveRandom(): New position: (16, 28)
95s DecisionModule:RemoveNetworkFromList(): Network: 10 out of range!
95s DecisionModule:RemoveNetworkFromList(): Network: 11 out of range!
96s DeviceModule:MoveRandom(): New position: (16, 16)
97s DeviceModule:MoveRandom(): New position: (16, 4)
97s DecisionModule:RemoveNetworkFromList(): Network: 5 out of range!
98s DeviceModule:MoveRandom(): New position: (28, 4)
98s DecisionModule:AddNetworkToList(): Network detected
99s DeviceModule:MoveRandom(): New position: (40, 4)
100s DecisionModule:Run(): Run decision
100s DecisionModule:AnalyzingNetworks(): Current Network: 
       [Network #0, Technology = Wifi, Address = 02-06-00:00:00:00:00:02, { DataRate: 71, SignalStrength: 58, AntiFragility: 71}, IQ: 67]
100s DecisionModule:ShowAllNetworks(): All detected networks:
       [Network #0, Technology = Wifi, Address = 02-06-00:00:00:00:00:02, { DataRate: 71, SignalStrength: 58, AntiFragility: 71}, IQ: 67]
       [Network #3, Technology = Wifi, Address = 02-06-00:00:00:00:00:05, { DataRate: 24, SignalStrength: 8, AntiFragility: 79}, IQ: 47]
       [Network #7, Technology = Wifi, Address = 02-06-00:00:00:00:00:09, { DataRate: 54, SignalStrength: 82, AntiFragility: 2}, IQ: 35]
       [Network #5, Technology = Wifi, Address = 02-06-00:00:00:00:00:07, { DataRate: 4, SignalStrength: 10, AntiFragility: 25}, IQ: 16]
100s ExecutionModule:Run(): Decision time => Seconds: 0, Miliseconds: 166
100s ExecutionModule:Run(): Handover time => Seconds: 0, Miliseconds: 121
100s ExecutionModule:Run(): Event: Horizontal Handover.
100s DeviceModule:MoveRandom(): New position: (40, 4)
101s DeviceModule:MoveRandom(): New position: (40, 4)
102s DeviceModule:MoveRandom(): New position: (40, 16)
102s DecisionModule:AddNetworkToList(): Network detected
102s DecisionModule:AddNetworkToList(): Network detected
103s DeviceModule:MoveRandom(): New position: (28, 16)
103s DecisionModule:RemoveNetworkFromList(): Network: 4 out of range!
103s DecisionModule:RemoveNetworkFromList(): Network: 10 out of range!
104s DeviceModule:MoveRandom(): New position: (28, 4)
105s DeviceModule:MoveRandom(): New position: (28, 4)
106s DeviceModule:MoveRandom(): New position: (28, 16)
107s DeviceModule:MoveRandom(): New position: (28, 28)
107s DecisionModule:AddNetworkToList(): Network detected
107s DecisionModule:AddNetworkToList(): Network detected
108s DeviceModule:MoveRandom(): New position: (40, 28)
108s DecisionModule:AddNetworkToList(): Network detected
109s DeviceModule:MoveRandom(): New position: (52, 28)
109s DecisionModule:AddNetworkToList(): Network detected
110s DeviceModule:MoveRandom(): New position: (40, 28)
110s DecisionModule:RemoveNetworkFromList(): Network: 8 out of range!
111s DeviceModule:MoveRandom(): New position: (28, 28)
111s DecisionModule:RemoveNetworkFromList(): Network: 4 out of range!
112s DeviceModule:MoveRandom(): New position: (28, 40)
113s DeviceModule:MoveRandom(): New position: (28, 28)
114s DeviceModule:MoveRandom(): New position: (28, 40)
115s DeviceModule:MoveRandom(): New position: (40, 40)
115s DecisionModule:AddNetworkToList(): Network detected
116s DeviceModule:MoveRandom(): New position: (52, 40)
116s DecisionModule:AddNetworkToList(): Network detected
117s DeviceModule:MoveRandom(): New position: (52, 28)
118s DeviceModule:MoveRandom(): New position: (64, 28)
119s DeviceModule:MoveRandom(): New position: (52, 28)
120s DecisionModule:Run(): Run decision
120s DecisionModule:AnalyzingNetworks(): Current Network: 
       [Network #0, Technology = Wifi, Address = 02-06-00:00:00:00:00:02, { DataRate: 93, SignalStrength: 86, AntiFragility: 75}, IQ: 82]
120s DecisionModule:ShowAllNetworks(): All detected networks:
       [Network #0, Technology = Wifi, Address = 02-06-00:00:00:00:00:02, { DataRate: 93, SignalStrength: 86, AntiFragility: 75}, IQ: 82]
       [Network #5, Technology = Wifi, Address = 02-06-00:00:00:00:00:07, { DataRate: 46, SignalStrength: 79, AntiFragility: 93}, IQ: 77]
       [Network #8, Technology = Wifi, Address = 02-06-00:00:00:00:00:0a, { DataRate: 96, SignalStrength: 16, AntiFragility: 94}, IQ: 75]
       [Network #3, Technology = Wifi, Address = 02-06-00:00:00:00:00:05, { DataRate: 46, SignalStrength: 61, AntiFragility: 87}, IQ: 70]
       [Network #7, Technology = Wifi, Address = 02-06-00:00:00:00:00:09, { DataRate: 67, SignalStrength: 7, AntiFragility: 75}, IQ: 56]
       [Network #4, Technology = Wifi, Address = 02-06-00:00:00:00:00:06, { DataRate: 34, SignalStrength: 70, AntiFragility: 45}, IQ: 48]
       [Network #11, Technology = Wifi, Address = 02-06-00:00:00:00:00:0d, { DataRate: 53, SignalStrength: 50, AntiFragility: 26}, IQ: 38]
       [Network #10, Technology = Wifi, Address = 02-06-00:00:00:00:00:0c, { DataRate: 59, SignalStrength: 66, AntiFragility: 6}, IQ: 34]
120s DeviceModule:MoveRandom(): New position: (52, 16)
120s DecisionModule:RemoveNetworkFromList(): Network: 8 out of range!
120s DecisionModule:RemoveNetworkFromList(): Network: 11 out of range!
121s DeviceModule:MoveRandom(): New position: (40, 16)
122s DeviceModule:MoveRandom(): New position: (52, 16)
123s DeviceModule:MoveRandom(): New position: (52, 4)
124s DeviceModule:MoveRandom(): New position: (64, 4)
124s DecisionModule:AddNetworkToList(): Network detected
125s DeviceModule:MoveRandom(): New position: (52, 4)
125s DecisionModule:RemoveNetworkFromList(): Network: 8 out of range!
126s DeviceModule:MoveRandom(): New position: (40, 4)
126s DecisionModule:RemoveNetworkFromList(): Network: 4 out of range!
126s DecisionModule:RemoveNetworkFromList(): Network: 10 out of range!
127s DeviceModule:MoveRandom(): New position: (40, 4)
128s DeviceModule:MoveRandom(): New position: (52, 4)
128s DecisionModule:AddNetworkToList(): Network detected
128s DecisionModule:AddNetworkToList(): Network detected
129s DeviceModule:MoveRandom(): New position: (52, 4)
130s DeviceModule:MoveRandom(): New position: (52, 16)
131s DeviceModule:MoveRandom(): New position: (52, 4)
132s DeviceModule:MoveRandom(): New position: (52, 16)
133s DeviceModule:MoveRandom(): New position: (64, 16)
133s DecisionModule:AddNetworkToList(): Network detected
134s DeviceModule:MoveRandom(): New position: (64, 4)
135s DeviceModule:MoveRandom(): New position: (76, 4)
135s DecisionModule:AddNetworkToList(): Network detected
136s DeviceModule:MoveRandom(): New position: (76, 16)
137s DeviceModule:MoveRandom(): New position: (64, 16)
137s DecisionModule:RemoveNetworkFromList(): Network: 2 out of range!
138s DeviceModule:MoveRandom(): New position: (64, 4)
139s DeviceModule:MoveRandom(): New position: (64, 4)
140s DecisionModule:Run(): Run decision
140s DecisionModule:AnalyzingNetworks(): Current Network: 
       [Network #8, Technology = Wifi, Address = 02-06-00:00:00:00:00:0a, { DataRate: 25, SignalStrength: 97, AntiFragility: 96}, IQ: 78]
140s DecisionModule:ShowAllNetworks(): All detected networks:
       [Network #8, Technology = Wifi, Address = 02-06-00:00:00:00:00:0a, { DataRate: 25, SignalStrength: 97, AntiFragility: 96}, IQ: 78]
       [Network #5, Technology = Wifi, Address = 02-06-00:00:00:00:00:07, { DataRate: 59, SignalStrength: 74, AntiFragility: 89}, IQ: 77]
       [Network #7, Technology = Wifi, Address = 02-06-00:00:00:00:00:09, { DataRate: 89, SignalStrength: 40, AntiFragility: 78}, IQ: 71]
       [Network #3, Technology = Wifi, Address = 02-06-00:00:00:00:00:05, { DataRate: 14, SignalStrength: 81, AntiFragility: 63}, IQ: 55]
       [Network #4, Technology = Wifi, Address = 02-06-00:00:00:00:00:06, { DataRate: 27, SignalStrength: 35, AntiFragility: 47}, IQ: 39]
       [Network #10, Technology = Wifi, Address = 02-06-00:00:00:00:00:0c, { DataRate: 65, SignalStrength: 28, AntiFragility: 30}, IQ: 38]
       [Network #0, Technology = Wifi, Address = 02-06-00:00:00:00:00:02, { DataRate: 45, SignalStrength: 5, AntiFragility: 37}, IQ: 31]
140s ExecutionModule:Run(): Decision time => Seconds: 0, Miliseconds: 208
140s ExecutionModule:Run(): Handover time => Seconds: 0, Miliseconds: 133
140s ExecutionModule:Run(): Event: Horizontal Handover.
140s DeviceModule:MoveRandom(): New position: (76, 4)
140s DecisionModule:AddNetworkToList(): Network detected
141s DeviceModule:MoveRandom(): New position: (64, 4)
141s DecisionModule:RemoveNetworkFromList(): Network: 2 out of range!
142s DeviceModule:MoveRandom(): New position: (76, 4)
142s DecisionModule:AddNetworkToList(): Network detected
143s DeviceModule:MoveRandom(): New position: (88, 4)
144s DeviceModule:MoveRandom(): New position: (100, 4)
144s DecisionModule:AddNetworkToList(): Network detected
145s DeviceModule:MoveRandom(): New position: (112, 4)
145s DecisionModule:AddNetworkToList(): Network detected
145s DecisionModule:RemoveNetworkFromList(): Network: 3 out of range!
146s DeviceModule:MoveRandom(): New position: (124, 4)
146s DecisionModule:RemoveNetworkFromList(): Network: 5 out of range!
146s DecisionModule:AddNetworkToList(): Network detected
147s DeviceModule:MoveRandom(): New position: (136, 4)
147s DecisionModule:AddNetworkToList(): Network detected
148s DeviceModule:MoveRandom(): New position: (148, 4)
148s DecisionModule:RemoveNetworkFromList(): Network: 7 out of range!
148s DecisionModule:RemoveNetworkFromList(): Network: 10 out of range!
149s DeviceModule:MoveRandom(): New position: (148, 16)
149s DecisionModule:AddNetworkToList(): Network detected
150s DeviceModule:MoveRandom(): New position: (160, 16)
151s DeviceModule:MoveRandom(): New position: (148, 16)
152s DeviceModule:MoveRandom(): New position: (136, 16)
152s DecisionModule:AddNetworkToList(): Network detected
152s DecisionModule:AddNetworkToList(): Network detected
153s DeviceModule:MoveRandom(): New position: (124, 16)
154s DeviceModule:MoveRandom(): New position: (136, 16)
155s DeviceModule:MoveRandom(): New position: (124, 16)
156s DeviceModule:MoveRandom(): New position: (124, 4)
156s DecisionModule:RemoveNetworkFromList(): Network: 5 out of range!
156s DecisionModule:RemoveNetworkFromList(): Network: 13 out of range!
157s DeviceModule:MoveRandom(): New position: (124, 16)
157s DecisionModule:AddNetworkToList(): Network detected
157s DecisionModule:AddNetworkToList(): Network detected
158s DeviceModule:MoveRandom(): New position: (136, 16)
159s DeviceModule:MoveRandom(): New position: (136, 28)
159s DecisionModule:AddNetworkToList(): Network detected
159s DecisionModule:AddNetworkToList(): Network detected
160s DecisionModule:Run(): Run decision
160s DecisionModule:AnalyzingNetworks(): Current Network: 
       [Network #4, Technology = Wifi, Address = 02-06-00:00:00:00:00:06, { DataRate: 83, SignalStrength: 37, AntiFragility: 86}, IQ: 73]
160s DecisionModule:ShowAllNetworks(): All detected networks:
       [Network #4, Technology = Wifi, Address = 02-06-00:00:00:00:00:06, { DataRate: 83, SignalStrength: 37, AntiFragility: 86}, IQ: 73]
       [Network #15, Technology = Wifi, Address = 02-06-00:00:00:00:00:11, { DataRate: 80, SignalStrength: 29, AntiFragility: 74}, IQ: 64]
       [Network #5, Technology = Wifi, Address = 02-06-00:00:00:00:00:07, { DataRate: 45, SignalStrength: 50, AntiFragility: 78}, IQ: 62]
       [Network #13, Technology = Wifi, Address = 02-06-00:00:00:00:00:0f, { DataRate: 48, SignalStrength: 71, AntiFragility: 65}, IQ: 62]
       [Network #0, Technology = Wifi, Address = 02-06-00:00:00:00:00:02, { DataRate: 55, SignalStrength: 61, AntiFragility: 49}, IQ: 53]
       [Network #8, Technology = Wifi, Address = 02-06-00:00:00:00:00:0a, { DataRate: 86, SignalStrength: 81, AntiFragility: 21}, IQ: 52]
       [Network #6, Technology = Wifi, Address = 02-06-00:00:00:00:00:08, { DataRate: 22, SignalStrength: 98, AntiFragility: 40}, IQ: 50]
       [Network #1, Technology = Wifi, Address = 02-06-00:00:00:00:00:03, { DataRate: 42, SignalStrength: 93, AntiFragility: 28}, IQ: 47]
       [Network #7, Technology = Wifi, Address = 02-06-00:00:00:00:00:09, { DataRate: 83, SignalStrength: 74, AntiFragility: 13}, IQ: 45]
       [Network #14, Technology = Wifi, Address = 02-06-00:00:00:00:00:10, { DataRate: 29, SignalStrength: 63, AntiFragility: 39}, IQ: 42]
       [Network #10, Technology = Wifi, Address = 02-06-00:00:00:00:00:0c, { DataRate: 65, SignalStrength: 69, AntiFragility: 11}, IQ: 39]
       [Network #17, Technology = Wifi, Address = 02-06-00:00:00:00:00:13, { DataRate: 44, SignalStrength: 17, AntiFragility: 44}, IQ: 37]
       [Network #2, Technology = Wifi, Address = 02-06-00:00:00:00:00:04, { DataRate: 84, SignalStrength: 28, AntiFragility: 17}, IQ: 36]
160s ExecutionModule:Run(): Decision time => Seconds: 0, Miliseconds: 255
160s ExecutionModule:Run(): Handover time => Seconds: 0, Miliseconds: 122
160s ExecutionModule:Run(): Event: Horizontal Handover.
160s DeviceModule:MoveRandom(): New position: (148, 28)
160s DecisionModule:RemoveNetworkFromList(): Network: 7 out of range!
160s DecisionModule:RemoveNetworkFromList(): Network: 14 out of range!
160s DecisionModule:RemoveNetworkFromList(): Network: 15 out of range!
160s DecisionModule:AddNetworkToList(): Network detected
161s DeviceModule:MoveRandom(): New position: (160, 28)
161s DecisionModule:RemoveNetworkFromList(): Network: 5 out of range!
162s DeviceModule:MoveRandom(): New position: (172, 28)
162s DecisionModule:RemoveNetworkFromList(): Network: 0 out of range!
163s DeviceModule:MoveRandom(): New position: (160, 28)
163s DecisionModule:AddNetworkToList(): Network detected
164s DeviceModule:MoveRandom(): New position: (160, 16)
164s DecisionModule:RemoveNetworkFromList(): Network: 18 out of range!
165s DeviceModule:MoveRandom(): New position: (160, 28)
165s DecisionModule:AddNetworkToList(): Network detected
166s DeviceModule:MoveRandom(): New position: (160, 40)
166s DecisionModule:AddNetworkToList(): Network detected
166s DecisionModule:AddNetworkToList(): Network detected
167s DeviceModule:MoveRandom(): New position: (148, 40)
167s DecisionModule:AddNetworkToList(): Network detected
168s DeviceModule:MoveRandom(): New position: (148, 28)
168s DecisionModule:RemoveNetworkFromList(): Network: 14 out of range!
168s DecisionModule:RemoveNetworkFromList(): Network: 15 out of range!
169s DeviceModule:MoveRandom(): New position: (148, 16)
169s DecisionModule:RemoveNetworkFromList(): Network: 5 out of range!
169s DecisionModule:RemoveNetworkFromList(): Network: 18 out of range!
170s DeviceModule:MoveRandom(): New position: (136, 16)
170s DecisionModule:AddNetworkToList(): Network detected
170s DecisionModule:AddNetworkToList(): Network detected
171s DeviceModule:MoveRandom(): New position: (136, 28)
171s DecisionModule:AddNetworkToList(): Network detected
171s DecisionModule:AddNetworkToList(): Network detected
172s DeviceModule:MoveRandom(): New position: (136, 16)
172s DecisionModule:RemoveNetworkFromList(): Network: 14 out of range!
172s DecisionModule:RemoveNetworkFromList(): Network: 15 out of range!
173s DeviceModule:MoveRandom(): New position: (148, 16)
173s DecisionModule:RemoveNetworkFromList(): Network: 5 out of range!
173s DecisionModule:RemoveNetworkFromList(): Network: 7 out of range!
174s DeviceModule:MoveRandom(): New position: (136, 16)
174s DecisionModule:AddNetworkToList(): Network detected
174s DecisionModule:AddNetworkToList(): Network detected
175s DeviceModule:MoveRandom(): New position: (148, 16)
175s DecisionModule:RemoveNetworkFromList(): Network: 5 out of range!
175s DecisionModule:RemoveNetworkFromList(): Network: 7 out of range!
176s DeviceModule:MoveRandom(): New position: (160, 16)
177s DeviceModule:MoveRandom(): New position: (160, 28)
177s DecisionModule:AddNetworkToList(): Network detected
178s DeviceModule:MoveRandom(): New position: (160, 16)
178s DecisionModule:RemoveNetworkFromList(): Network: 18 out of range!
179s DeviceModule:MoveRandom(): New position: (160, 4)
179s DecisionModule:RemoveNetworkFromList(): Network: 10 out of range!
179s DecisionModule:RemoveNetworkFromList(): Network: 17 out of range!
180s DecisionModule:Run(): Run decision
180s DecisionModule:AnalyzingNetworks(): Current Network: 
       [Network #2, Technology = Wifi, Address = 02-06-00:00:00:00:00:04, { DataRate: 83, SignalStrength: 52, AntiFragility: 81}, IQ: 74]
180s DecisionModule:ShowAllNetworks(): All detected networks:
       [Network #2, Technology = Wifi, Address = 02-06-00:00:00:00:00:04, { DataRate: 83, SignalStrength: 52, AntiFragility: 81}, IQ: 74]
       [Network #4, Technology = Wifi, Address = 02-06-00:00:00:00:00:06, { DataRate: 86, SignalStrength: 57, AntiFragility: 54}, IQ: 62]
       [Network #13, Technology = Wifi, Address = 02-06-00:00:00:00:00:0f, { DataRate: 82, SignalStrength: 22, AntiFragility: 64}, IQ: 58]
       [Network #0, Technology = Wifi, Address = 02-06-00:00:00:00:00:02, { DataRate: 41, SignalStrength: 89, AntiFragility: 40}, IQ: 52]
       [Network #6, Technology = Wifi, Address = 02-06-00:00:00:00:00:08, { DataRate: 20, SignalStrength: 14, AntiFragility: 85}, IQ: 51]
       [Network #1, Technology = Wifi, Address = 02-06-00:00:00:00:00:03, { DataRate: 3, SignalStrength: 13, AntiFragility: 33}, IQ: 20]
       [Network #8, Technology = Wifi, Address = 02-06-00:00:00:00:00:0a, { DataRate: 17, SignalStrength: 14, AntiFragility: 19}, IQ: 17]
180s ExecutionModule:Run(): Decision time => Seconds: 0, Miliseconds: 188
180s ExecutionModule:Run(): Handover time => Seconds: 0, Miliseconds: 121
180s ExecutionModule:Run(): Event: Horizontal Handover.
180s DeviceModule:MoveRandom(): New position: (160, 4)
181s DeviceModule:MoveRandom(): New position: (160, 4)
182s DeviceModule:MoveRandom(): New position: (160, 4)
183s DeviceModule:MoveRandom(): New position: (160, 4)
184s DeviceModule:MoveRandom(): New position: (172, 4)
184s DecisionModule:RemoveNetworkFromList(): Network: 0 out of range!
185s DeviceModule:MoveRandom(): New position: (172, 4)
186s DeviceModule:MoveRandom(): New position: (172, 16)
186s DecisionModule:AddNetworkToList(): Network detected
187s DeviceModule:MoveRandom(): New position: (184, 16)
188s DeviceModule:MoveRandom(): New position: (196, 16)
188s DecisionModule:RemoveNetworkFromList(): Network: 17 out of range!
189s DeviceModule:MoveRandom(): New position: (196, 4)
190s DeviceModule:MoveRandom(): New position: (196, 4)
191s DeviceModule:MoveRandom(): New position: (196, 16)
192s DeviceModule:MoveRandom(): New position: (196, 4)
193s DeviceModule:MoveRandom(): New position: (184, 4)
194s DeviceModule:MoveRandom(): New position: (184, 4)
195s DeviceModule:MoveRandom(): New position: (172, 4)
196s DeviceModule:MoveRandom(): New position: (160, 4)
196s DecisionModule:AddNetworkToList(): Network detected
197s DeviceModule:MoveRandom(): New position: (148, 4)
197s DecisionModule:AddNetworkToList(): Network detected
198s DeviceModule:MoveRandom(): New position: (148, 16)
198s DecisionModule:AddNetworkToList(): Network detected
199s DeviceModule:MoveRandom(): New position: (148, 28)
199s DecisionModule:AddNetworkToList(): Network detected
199s DecisionModule:AddNetworkToList(): Network detected
