Waf: Entering directory `/home/renan/Documents/NR2/ns-allinone-3.20/ns-3.20/build'
Waf: Leaving directory `/home/renan/Documents/NR2/ns-allinone-3.20/ns-3.20/build'
'build' finished successfully (1.920s)
0s NetworkModule:SetPosition(): Network 0 set position => (145, 87)
0s NetworkModule:SetRange(): Network 0 set range => 100
0s NetworkModule:SetPosition(): Network 1 set position => (150, 151)
0s NetworkModule:SetRange(): Network 1 set range => 100
0s NetworkModule:SetPosition(): Network 2 set position => (93, 45)
0s NetworkModule:SetRange(): Network 2 set range => 100
0s NetworkModule:SetPosition(): Network 3 set position => (122, 88)
0s NetworkModule:SetRange(): Network 3 set range => 100
0s NetworkModule:SetPosition(): Network 4 set position => (72, 2)
0s NetworkModule:SetRange(): Network 4 set range => 100
0s NetworkModule:SetPosition(): Network 5 set position => (35, 177)
0s NetworkModule:SetRange(): Network 5 set range => 100
0s NetworkModule:SetPosition(): Network 6 set position => (61, 132)
0s NetworkModule:SetRange(): Network 6 set range => 100
0s NetworkModule:SetPosition(): Network 7 set position => (96, 11)
0s NetworkModule:SetRange(): Network 7 set range => 100
0s NetworkModule:SetPosition(): Network 8 set position => (2, 172)
0s NetworkModule:SetRange(): Network 8 set range => 100
0s NetworkModule:SetPosition(): Network 9 set position => (180, 191)
0s NetworkModule:SetRange(): Network 9 set range => 100
0s NetworkModule:SetPosition(): Network 10 set position => (16, 131)
0s NetworkModule:SetRange(): Network 10 set range => 100
0s NetworkModule:SetPosition(): Network 11 set position => (67, 140)
0s NetworkModule:SetRange(): Network 11 set range => 100
0s NetworkModule:SetPosition(): Network 12 set position => (4, 42)
0s NetworkModule:SetRange(): Network 12 set range => 100
0s NetworkModule:SetPosition(): Network 13 set position => (39, 68)
0s NetworkModule:SetRange(): Network 13 set range => 100
0s NetworkModule:SetPosition(): Network 14 set position => (52, 115)
0s NetworkModule:SetRange(): Network 14 set range => 100
0s NetworkModule:SetPosition(): Network 15 set position => (154, 37)
0s NetworkModule:SetRange(): Network 15 set range => 100
0s NetworkModule:SetPosition(): Network 16 set position => (141, 150)
0s NetworkModule:SetRange(): Network 16 set range => 100
0s NetworkModule:SetPosition(): Network 17 set position => (195, 104)
0s NetworkModule:SetRange(): Network 17 set range => 100
0s NetworkModule:SetPosition(): Network 18 set position => (145, 34)
0s NetworkModule:SetRange(): Network 18 set range => 100
0s NetworkModule:SetPosition(): Network 19 set position => (36, 69)
0s NetworkModule:SetRange(): Network 19 set range => 100
0s DeviceModule:ConfigureMobility(): Device [init x = 100, init y = 100, max = 200, velocity = 12]
1s DeviceModule:MoveRandom(): New position: (100, 112)
1s DecisionModule:AddNetworkToList(): Network detected
1s DecisionModule:AddNetworkToList(): Network detected
1s DecisionModule:AddNetworkToList(): Network detected
1s DecisionModule:AddNetworkToList(): Network detected
1s DecisionModule:AddNetworkToList(): Network detected
1s DecisionModule:AddNetworkToList(): Network detected
1s DecisionModule:AddNetworkToList(): Network detected
1s DecisionModule:AddNetworkToList(): Network detected
1s DecisionModule:AddNetworkToList(): Network detected
1s DecisionModule:AddNetworkToList(): Network detected
1s DecisionModule:AddNetworkToList(): Network detected
1s DecisionModule:AddNetworkToList(): Network detected
1s DecisionModule:AddNetworkToList(): Network detected
1s DecisionModule:AddNetworkToList(): Network detected
1s DecisionModule:AddNetworkToList(): Network detected
2s DeviceModule:MoveRandom(): New position: (112, 112)
3s DeviceModule:MoveRandom(): New position: (112, 124)
3s DecisionModule:AddNetworkToList(): Network detected
4s DeviceModule:MoveRandom(): New position: (100, 124)
4s DecisionModule:RemoveNetworkFromList(): Network: 9 out of range!
4s DecisionModule:RemoveNetworkFromList(): Network: 15 out of range!
5s DeviceModule:MoveRandom(): New position: (112, 124)
5s DecisionModule:AddNetworkToList(): Network detected
5s DecisionModule:AddNetworkToList(): Network detected
6s DeviceModule:MoveRandom(): New position: (124, 124)
6s DecisionModule:RemoveNetworkFromList(): Network: 5 out of range!
6s DecisionModule:RemoveNetworkFromList(): Network: 10 out of range!
6s DecisionModule:RemoveNetworkFromList(): Network: 13 out of range!
6s DecisionModule:RemoveNetworkFromList(): Network: 19 out of range!
7s DeviceModule:MoveRandom(): New position: (136, 124)
8s DeviceModule:MoveRandom(): New position: (148, 124)
9s DeviceModule:MoveRandom(): New position: (148, 112)
10s DeviceModule:MoveRandom(): New position: (160, 112)
10s DecisionModule:RemoveNetworkFromList(): Network: 6 out of range!
10s DecisionModule:RemoveNetworkFromList(): Network: 14 out of range!
11s DeviceModule:MoveRandom(): New position: (160, 124)
11s DecisionModule:RemoveNetworkFromList(): Network: 2 out of range!
11s DecisionModule:AddNetworkToList(): Network detected
12s DeviceModule:MoveRandom(): New position: (160, 136)
12s DecisionModule:RemoveNetworkFromList(): Network: 18 out of range!
13s DeviceModule:MoveRandom(): New position: (172, 136)
13s DecisionModule:RemoveNetworkFromList(): Network: 6 out of range!
13s DecisionModule:RemoveNetworkFromList(): Network: 11 out of range!
14s DeviceModule:MoveRandom(): New position: (160, 136)
14s DecisionModule:AddNetworkToList(): Network detected
14s DecisionModule:AddNetworkToList(): Network detected
15s DeviceModule:MoveRandom(): New position: (148, 136)
15s DecisionModule:AddNetworkToList(): Network detected
16s DeviceModule:MoveRandom(): New position: (136, 136)
16s DecisionModule:AddNetworkToList(): Network detected
17s DeviceModule:MoveRandom(): New position: (136, 124)
17s DecisionModule:AddNetworkToList(): Network detected
18s DeviceModule:MoveRandom(): New position: (124, 124)
19s DeviceModule:MoveRandom(): New position: (124, 136)
19s DecisionModule:AddNetworkToList(): Network detected
19s DecisionModule:RemoveNetworkFromList(): Network: 15 out of range!
19s DecisionModule:RemoveNetworkFromList(): Network: 18 out of range!
20s DecisionModule:Run(): Run decision
20s DecisionModule:AnalyzingNetworks(): Current Network: 
       [Network #6, Technology = Wifi, Address = 02-06-00:00:00:00:00:08, { DataRate: 66, SignalStrength: 92, AntiFragility: 73}, IQ: 76]
20s DecisionModule:ShowAllNetworks(): All detected networks:
       [Network #6, Technology = Wifi, Address = 02-06-00:00:00:00:00:08, { DataRate: 66, SignalStrength: 92, AntiFragility: 73}, IQ: 76]
       [Network #16, Technology = Wifi, Address = 02-06-00:00:00:00:00:12, { DataRate: 50, SignalStrength: 36, AntiFragility: 97}, IQ: 70]
       [Network #17, Technology = Wifi, Address = 02-06-00:00:00:00:00:13, { DataRate: 92, SignalStrength: 88, AntiFragility: 40}, IQ: 65]
       [Network #3, Technology = Wifi, Address = 02-06-00:00:00:00:00:05, { DataRate: 47, SignalStrength: 47, AntiFragility: 76}, IQ: 61]
       [Network #0, Technology = Wifi, Address = 02-06-00:00:00:00:00:02, { DataRate: 81, SignalStrength: 60, AntiFragility: 41}, IQ: 55]
       [Network #14, Technology = Wifi, Address = 02-06-00:00:00:00:00:10, { DataRate: 5, SignalStrength: 36, AntiFragility: 83}, IQ: 51]
       [Network #11, Technology = Wifi, Address = 02-06-00:00:00:00:00:0d, { DataRate: 7, SignalStrength: 89, AntiFragility: 39}, IQ: 43]
       [Network #1, Technology = Wifi, Address = 02-06-00:00:00:00:00:03, { DataRate: 12, SignalStrength: 85, AntiFragility: 29}, IQ: 38]
       [Network #9, Technology = Wifi, Address = 02-06-00:00:00:00:00:0b, { DataRate: 73, SignalStrength: 42, AntiFragility: 13}, IQ: 35]
       [Network #2, Technology = Wifi, Address = 02-06-00:00:00:00:00:04, { DataRate: 32, SignalStrength: 77, AntiFragility: 16}, IQ: 35]
       [Network #5, Technology = Wifi, Address = 02-06-00:00:00:00:00:07, { DataRate: 12, SignalStrength: 23, AntiFragility: 34}, IQ: 25]
20s DeviceModule:MoveRandom(): New position: (124, 148)
20s DecisionModule:RemoveNetworkFromList(): Network: 2 out of range!
21s DeviceModule:MoveRandom(): New position: (112, 148)
21s DecisionModule:AddNetworkToList(): Network detected
22s DeviceModule:MoveRandom(): New position: (100, 148)
22s DecisionModule:AddNetworkToList(): Network detected
22s DecisionModule:AddNetworkToList(): Network detected
22s DecisionModule:RemoveNetworkFromList(): Network: 17 out of range!
23s DeviceModule:MoveRandom(): New position: (112, 148)
23s DecisionModule:RemoveNetworkFromList(): Network: 8 out of range!
23s DecisionModule:RemoveNetworkFromList(): Network: 13 out of range!
23s DecisionModule:AddNetworkToList(): Network detected
24s DeviceModule:MoveRandom(): New position: (124, 148)
24s DecisionModule:RemoveNetworkFromList(): Network: 10 out of range!
25s DeviceModule:MoveRandom(): New position: (112, 148)
25s DecisionModule:AddNetworkToList(): Network detected
26s DeviceModule:MoveRandom(): New position: (124, 148)
26s DecisionModule:RemoveNetworkFromList(): Network: 10 out of range!
27s DeviceModule:MoveRandom(): New position: (112, 148)
27s DecisionModule:AddNetworkToList(): Network detected
28s DeviceModule:MoveRandom(): New position: (112, 136)
28s DecisionModule:AddNetworkToList(): Network detected
28s DecisionModule:AddNetworkToList(): Network detected
29s DeviceModule:MoveRandom(): New position: (100, 136)
29s DecisionModule:AddNetworkToList(): Network detected
30s DeviceModule:MoveRandom(): New position: (100, 124)
30s DecisionModule:RemoveNetworkFromList(): Network: 9 out of range!
30s DecisionModule:AddNetworkToList(): Network detected
31s DeviceModule:MoveRandom(): New position: (100, 136)
31s DecisionModule:AddNetworkToList(): Network detected
31s DecisionModule:RemoveNetworkFromList(): Network: 18 out of range!
32s DeviceModule:MoveRandom(): New position: (112, 136)
32s DecisionModule:RemoveNetworkFromList(): Network: 19 out of range!
33s DeviceModule:MoveRandom(): New position: (112, 148)
33s DecisionModule:RemoveNetworkFromList(): Network: 2 out of range!
33s DecisionModule:RemoveNetworkFromList(): Network: 13 out of range!
34s DeviceModule:MoveRandom(): New position: (100, 148)
34s DecisionModule:AddNetworkToList(): Network detected
34s DecisionModule:AddNetworkToList(): Network detected
34s DecisionModule:RemoveNetworkFromList(): Network: 17 out of range!
35s DeviceModule:MoveRandom(): New position: (88, 148)
35s DecisionModule:RemoveNetworkFromList(): Network: 9 out of range!
35s DecisionModule:AddNetworkToList(): Network detected
36s DeviceModule:MoveRandom(): New position: (88, 136)
36s DecisionModule:AddNetworkToList(): Network detected
37s DeviceModule:MoveRandom(): New position: (88, 124)
38s DeviceModule:MoveRandom(): New position: (88, 112)
38s DecisionModule:RemoveNetworkFromList(): Network: 8 out of range!
38s DecisionModule:AddNetworkToList(): Network detected
38s DecisionModule:AddNetworkToList(): Network detected
39s DeviceModule:MoveRandom(): New position: (88, 100)
39s DecisionModule:AddNetworkToList(): Network detected
39s DecisionModule:AddNetworkToList(): Network detected
40s DecisionModule:Run(): Run decision
40s DecisionModule:AnalyzingNetworks(): Current Network: 
       [Network #18, Technology = Wimax, Address = 02-06-00:00:00:00:00:15, { DataRate: 56, SignalStrength: 86, AntiFragility: 85}, IQ: 78]
40s DecisionModule:ShowAllNetworks(): All detected networks:
       [Network #18, Technology = Wimax, Address = 02-06-00:00:00:00:00:15, { DataRate: 56, SignalStrength: 86, AntiFragility: 85}, IQ: 78]
       [Network #11, Technology = Wifi, Address = 02-06-00:00:00:00:00:0d, { DataRate: 90, SignalStrength: 32, AntiFragility: 88}, IQ: 74]
       [Network #13, Technology = Wifi, Address = 02-06-00:00:00:00:00:0f, { DataRate: 25, SignalStrength: 85, AntiFragility: 81}, IQ: 68]
       [Network #7, Technology = Wifi, Address = 02-06-00:00:00:00:00:09, { DataRate: 68, SignalStrength: 75, AntiFragility: 64}, IQ: 67]
       [Network #19, Technology = Wimax, Address = 02-06-00:00:00:00:00:16, { DataRate: 52, SignalStrength: 47, AntiFragility: 68}, IQ: 58]
       [Network #15, Technology = Wifi, Address = 02-06-00:00:00:00:00:11, { DataRate: 19, SignalStrength: 28, AntiFragility: 94}, IQ: 58]
       [Network #1, Technology = Wifi, Address = 02-06-00:00:00:00:00:03, { DataRate: 34, SignalStrength: 65, AntiFragility: 66}, IQ: 57]
       [Network #14, Technology = Wifi, Address = 02-06-00:00:00:00:00:10, { DataRate: 82, SignalStrength: 83, AntiFragility: 26}, IQ: 54]
       [Network #10, Technology = Wifi, Address = 02-06-00:00:00:00:00:0c, { DataRate: 38, SignalStrength: 93, AntiFragility: 39}, IQ: 52]
       [Network #0, Technology = Wifi, Address = 02-06-00:00:00:00:00:02, { DataRate: 44, SignalStrength: 44, AntiFragility: 58}, IQ: 51]
       [Network #4, Technology = Wifi, Address = 02-06-00:00:00:00:00:06, { DataRate: 24, SignalStrength: 96, AntiFragility: 30}, IQ: 45]
       [Network #5, Technology = Wifi, Address = 02-06-00:00:00:00:00:07, { DataRate: 53, SignalStrength: 29, AntiFragility: 43}, IQ: 42]
       [Network #16, Technology = Wifi, Address = 02-06-00:00:00:00:00:12, { DataRate: 77, SignalStrength: 67, AntiFragility: 1}, IQ: 36]
       [Network #6, Technology = Wifi, Address = 02-06-00:00:00:00:00:08, { DataRate: 44, SignalStrength: 62, AntiFragility: 12}, IQ: 32]
       [Network #3, Technology = Wifi, Address = 02-06-00:00:00:00:00:05, { DataRate: 39, SignalStrength: 67, AntiFragility: 6}, IQ: 29]
       [Network #2, Technology = Wifi, Address = 02-06-00:00:00:00:00:04, { DataRate: 3, SignalStrength: 2, AntiFragility: 30}, IQ: 16]
40s ExecutionModule:Run(): Decision time => Seconds: 0, Miliseconds: 716
40s ExecutionModule:Run(): Handover time => Seconds: 0, Miliseconds: 409
40s ExecutionModule:Run(): Event: Vertical Handover.
40s DeviceModule:MoveRandom(): New position: (76, 100)
40s DecisionModule:AddNetworkToList(): Network detected
41s DeviceModule:MoveRandom(): New position: (64, 100)
41s DecisionModule:AddNetworkToList(): Network detected
41s DecisionModule:RemoveNetworkFromList(): Network: 15 out of range!
41s ExecutionModule:OutOfRange(): OUT OF BETTER NETWORK! Choosing another network...
41s DecisionModule:RemoveNetworkFromList(): Network: 18 out of range!
41s DecisionModule:Run(): Run decision
41s DecisionModule:AnalyzingNetworks(): Current Network: 
       [Network #3, Technology = Wifi, Address = 02-06-00:00:00:00:00:05, { DataRate: 82, SignalStrength: 66, AntiFragility: 92}, IQ: 83]
41s DecisionModule:ShowAllNetworks(): All detected networks:
       [Network #3, Technology = Wifi, Address = 02-06-00:00:00:00:00:05, { DataRate: 82, SignalStrength: 66, AntiFragility: 92}, IQ: 83]
       [Network #4, Technology = Wifi, Address = 02-06-00:00:00:00:00:06, { DataRate: 89, SignalStrength: 62, AntiFragility: 89}, IQ: 82]
       [Network #10, Technology = Wifi, Address = 02-06-00:00:00:00:00:0c, { DataRate: 79, SignalStrength: 92, AntiFragility: 74}, IQ: 79]
       [Network #5, Technology = Wifi, Address = 02-06-00:00:00:00:00:07, { DataRate: 39, SignalStrength: 72, AntiFragility: 91}, IQ: 73]
       [Network #19, Technology = Wimax, Address = 02-06-00:00:00:00:00:16, { DataRate: 88, SignalStrength: 48, AntiFragility: 66}, IQ: 67]
       [Network #7, Technology = Wifi, Address = 02-06-00:00:00:00:00:09, { DataRate: 49, SignalStrength: 89, AntiFragility: 51}, IQ: 60]
       [Network #12, Technology = Wifi, Address = 02-06-00:00:00:00:00:0e, { DataRate: 72, SignalStrength: 98, AntiFragility: 23}, IQ: 54]
       [Network #0, Technology = Wifi, Address = 02-06-00:00:00:00:00:02, { DataRate: 44, SignalStrength: 38, AntiFragility: 65}, IQ: 53]
       [Network #1, Technology = Wifi, Address = 02-06-00:00:00:00:00:03, { DataRate: 65, SignalStrength: 19, AntiFragility: 56}, IQ: 49]
       [Network #6, Technology = Wifi, Address = 02-06-00:00:00:00:00:08, { DataRate: 41, SignalStrength: 47, AntiFragility: 52}, IQ: 48]
       [Network #11, Technology = Wifi, Address = 02-06-00:00:00:00:00:0d, { DataRate: 2, SignalStrength: 72, AntiFragility: 58}, IQ: 47]
       [Network #8, Technology = Wifi, Address = 02-06-00:00:00:00:00:0a, { DataRate: 4, SignalStrength: 60, AntiFragility: 52}, IQ: 42]
       [Network #16, Technology = Wifi, Address = 02-06-00:00:00:00:00:12, { DataRate: 63, SignalStrength: 96, AntiFragility: 3}, IQ: 41]
       [Network #2, Technology = Wifi, Address = 02-06-00:00:00:00:00:04, { DataRate: 30, SignalStrength: 18, AntiFragility: 48}, IQ: 36]
       [Network #13, Technology = Wifi, Address = 02-06-00:00:00:00:00:0f, { DataRate: 60, SignalStrength: 25, AntiFragility: 24}, IQ: 33]
       [Network #14, Technology = Wifi, Address = 02-06-00:00:00:00:00:10, { DataRate: 28, SignalStrength: 20, AntiFragility: 3}, IQ: 13]
41s ExecutionModule:Run(): Decision time => Seconds: 0, Miliseconds: 225
41s ExecutionModule:Run(): Handover time => Seconds: 0, Miliseconds: 44
41s ExecutionModule:Run(): Event: Vertical Handover.
42s DeviceModule:MoveRandom(): New position: (76, 100)
42s DecisionModule:RemoveNetworkFromList(): Network: 8 out of range!
42s DecisionModule:AddNetworkToList(): Network detected
42s DecisionModule:AddNetworkToList(): Network detected
43s DeviceModule:MoveRandom(): New position: (76, 112)
43s DecisionModule:RemoveNetworkFromList(): Network: 4 out of range!
43s DecisionModule:RemoveNetworkFromList(): Network: 7 out of range!
43s DecisionModule:AddNetworkToList(): Network detected
43s DecisionModule:RemoveNetworkFromList(): Network: 15 out of range!
43s DecisionModule:RemoveNetworkFromList(): Network: 18 out of range!
44s DeviceModule:MoveRandom(): New position: (76, 124)
44s DecisionModule:RemoveNetworkFromList(): Network: 12 out of range!
45s DeviceModule:MoveRandom(): New position: (76, 136)
46s DeviceModule:MoveRandom(): New position: (64, 136)
47s DeviceModule:MoveRandom(): New position: (52, 136)
47s DecisionModule:RemoveNetworkFromList(): Network: 0 out of range!
48s DeviceModule:MoveRandom(): New position: (40, 136)
48s DecisionModule:RemoveNetworkFromList(): Network: 1 out of range!
48s DecisionModule:RemoveNetworkFromList(): Network: 2 out of range!
48s DecisionModule:AddNetworkToList(): Network detected
48s DecisionModule:RemoveNetworkFromList(): Network: 16 out of range!
49s DeviceModule:MoveRandom(): New position: (40, 124)
49s DecisionModule:AddNetworkToList(): Network detected
50s DeviceModule:MoveRandom(): New position: (52, 124)
50s DecisionModule:AddNetworkToList(): Network detected
50s DecisionModule:AddNetworkToList(): Network detected
51s DeviceModule:MoveRandom(): New position: (52, 136)
51s DecisionModule:RemoveNetworkFromList(): Network: 0 out of range!
51s DecisionModule:AddNetworkToList(): Network detected
51s DecisionModule:RemoveNetworkFromList(): Network: 12 out of range!
52s DeviceModule:MoveRandom(): New position: (52, 124)
52s DecisionModule:AddNetworkToList(): Network detected
52s DecisionModule:RemoveNetworkFromList(): Network: 1 out of range!
52s DecisionModule:AddNetworkToList(): Network detected
53s DeviceModule:MoveRandom(): New position: (64, 124)
53s DecisionModule:AddNetworkToList(): Network detected
53s DecisionModule:RemoveNetworkFromList(): Network: 12 out of range!
54s DeviceModule:MoveRandom(): New position: (52, 124)
54s DecisionModule:RemoveNetworkFromList(): Network: 1 out of range!
54s DecisionModule:AddNetworkToList(): Network detected
55s DeviceModule:MoveRandom(): New position: (64, 124)
55s DecisionModule:AddNetworkToList(): Network detected
55s DecisionModule:RemoveNetworkFromList(): Network: 12 out of range!
56s DeviceModule:MoveRandom(): New position: (64, 136)
57s DeviceModule:MoveRandom(): New position: (64, 148)
57s DecisionModule:RemoveNetworkFromList(): Network: 0 out of range!
57s DecisionModule:RemoveNetworkFromList(): Network: 2 out of range!
58s DeviceModule:MoveRandom(): New position: (64, 136)
58s DecisionModule:AddNetworkToList(): Network detected
58s DecisionModule:AddNetworkToList(): Network detected
59s DeviceModule:MoveRandom(): New position: (52, 136)
59s DecisionModule:RemoveNetworkFromList(): Network: 0 out of range!
60s DecisionModule:Run(): Run decision
60s DecisionModule:AnalyzingNetworks(): Current Network: 
       [Network #11, Technology = Wifi, Address = 02-06-00:00:00:00:00:0d, { DataRate: 83, SignalStrength: 92, AntiFragility: 75}, IQ: 81]
60s DecisionModule:ShowAllNetworks(): All detected networks:
       [Network #11, Technology = Wifi, Address = 02-06-00:00:00:00:00:0d, { DataRate: 83, SignalStrength: 92, AntiFragility: 75}, IQ: 81]
       [Network #2, Technology = Wifi, Address = 02-06-00:00:00:00:00:04, { DataRate: 34, SignalStrength: 81, AntiFragility: 78}, IQ: 67]
       [Network #5, Technology = Wifi, Address = 02-06-00:00:00:00:00:07, { DataRate: 96, SignalStrength: 86, AntiFragility: 26}, IQ: 58]
       [Network #3, Technology = Wifi, Address = 02-06-00:00:00:00:00:05, { DataRate: 81, SignalStrength: 39, AntiFragility: 42}, IQ: 51]
       [Network #1, Technology = Wifi, Address = 02-06-00:00:00:00:00:03, { DataRate: 44, SignalStrength: 80, AntiFragility: 39}, IQ: 50]
       [Network #16, Technology = Wifi, Address = 02-06-00:00:00:00:00:12, { DataRate: 21, SignalStrength: 39, AntiFragility: 46}, IQ: 38]
       [Network #8, Technology = Wifi, Address = 02-06-00:00:00:00:00:0a, { DataRate: 49, SignalStrength: 11, AntiFragility: 42}, IQ: 36]
       [Network #10, Technology = Wifi, Address = 02-06-00:00:00:00:00:0c, { DataRate: 45, SignalStrength: 53, AntiFragility: 17}, IQ: 33]
       [Network #19, Technology = Wimax, Address = 02-06-00:00:00:00:00:16, { DataRate: 18, SignalStrength: 40, AntiFragility: 34}, IQ: 31]
       [Network #14, Technology = Wifi, Address = 02-06-00:00:00:00:00:10, { DataRate: 5, SignalStrength: 71, AntiFragility: 14}, IQ: 26]
       [Network #13, Technology = Wifi, Address = 02-06-00:00:00:00:00:0f, { DataRate: 35, SignalStrength: 22, AntiFragility: 25}, IQ: 26]
       [Network #6, Technology = Wifi, Address = 02-06-00:00:00:00:00:08, { DataRate: 24, SignalStrength: 44, AntiFragility: 13}, IQ: 23]
60s ExecutionModule:Run(): Decision time => Seconds: 0, Miliseconds: 240
60s ExecutionModule:Run(): Handover time => Seconds: 0, Miliseconds: 122
60s ExecutionModule:Run(): Event: Horizontal Handover.
60s DeviceModule:MoveRandom(): New position: (40, 136)
60s DecisionModule:RemoveNetworkFromList(): Network: 1 out of range!
60s DecisionModule:RemoveNetworkFromList(): Network: 2 out of range!
60s DecisionModule:AddNetworkToList(): Network detected
60s DecisionModule:RemoveNetworkFromList(): Network: 16 out of range!
61s DeviceModule:MoveRandom(): New position: (40, 148)
61s DecisionModule:RemoveNetworkFromList(): Network: 3 out of range!
61s DecisionModule:RemoveNetworkFromList(): Network: 12 out of range!
62s DeviceModule:MoveRandom(): New position: (28, 148)
63s DeviceModule:MoveRandom(): New position: (40, 148)
64s DeviceModule:MoveRandom(): New position: (28, 148)
65s DeviceModule:MoveRandom(): New position: (28, 136)
65s DecisionModule:AddNetworkToList(): Network detected
66s DeviceModule:MoveRandom(): New position: (40, 136)
66s DecisionModule:AddNetworkToList(): Network detected
67s DeviceModule:MoveRandom(): New position: (28, 136)
67s DecisionModule:RemoveNetworkFromList(): Network: 3 out of range!
68s DeviceModule:MoveRandom(): New position: (16, 136)
69s DeviceModule:MoveRandom(): New position: (16, 124)
70s DeviceModule:MoveRandom(): New position: (28, 124)
70s DecisionModule:AddNetworkToList(): Network detected
71s DeviceModule:MoveRandom(): New position: (16, 124)
71s DecisionModule:RemoveNetworkFromList(): Network: 3 out of range!
72s DeviceModule:MoveRandom(): New position: (28, 124)
72s DecisionModule:AddNetworkToList(): Network detected
73s DeviceModule:MoveRandom(): New position: (16, 124)
73s DecisionModule:RemoveNetworkFromList(): Network: 3 out of range!
74s DeviceModule:MoveRandom(): New position: (16, 136)
75s DeviceModule:MoveRandom(): New position: (4, 136)
76s DeviceModule:MoveRandom(): New position: (4, 136)
77s DeviceModule:MoveRandom(): New position: (4, 124)
78s DeviceModule:MoveRandom(): New position: (16, 124)
79s DeviceModule:MoveRandom(): New position: (16, 136)
80s DecisionModule:Run(): Run decision
80s DecisionModule:AnalyzingNetworks(): Current Network: 
       [Network #8, Technology = Wifi, Address = 02-06-00:00:00:00:00:0a, { DataRate: 70, SignalStrength: 94, AntiFragility: 75}, IQ: 78]
80s DecisionModule:ShowAllNetworks(): All detected networks:
       [Network #8, Technology = Wifi, Address = 02-06-00:00:00:00:00:0a, { DataRate: 70, SignalStrength: 94, AntiFragility: 75}, IQ: 78]
       [Network #11, Technology = Wifi, Address = 02-06-00:00:00:00:00:0d, { DataRate: 56, SignalStrength: 61, AntiFragility: 82}, IQ: 70]
       [Network #19, Technology = Wimax, Address = 02-06-00:00:00:00:00:16, { DataRate: 68, SignalStrength: 54, AntiFragility: 78}, IQ: 69]
       [Network #5, Technology = Wifi, Address = 02-06-00:00:00:00:00:07, { DataRate: 80, SignalStrength: 21, AntiFragility: 84}, IQ: 67]
       [Network #13, Technology = Wifi, Address = 02-06-00:00:00:00:00:0f, { DataRate: 93, SignalStrength: 12, AntiFragility: 65}, IQ: 58]
       [Network #12, Technology = Wifi, Address = 02-06-00:00:00:00:00:0e, { DataRate: 56, SignalStrength: 98, AntiFragility: 38}, IQ: 57]
       [Network #14, Technology = Wifi, Address = 02-06-00:00:00:00:00:10, { DataRate: 50, SignalStrength: 34, AntiFragility: 71}, IQ: 56]
       [Network #10, Technology = Wifi, Address = 02-06-00:00:00:00:00:0c, { DataRate: 85, SignalStrength: 15, AntiFragility: 45}, IQ: 47]
       [Network #6, Technology = Wifi, Address = 02-06-00:00:00:00:00:08, { DataRate: 12, SignalStrength: 50, AntiFragility: 47}, IQ: 39]
80s ExecutionModule:Run(): Decision time => Seconds: 0, Miliseconds: 220
80s ExecutionModule:Run(): Handover time => Seconds: 0, Miliseconds: 123
80s ExecutionModule:Run(): Event: Horizontal Handover.
80s DeviceModule:MoveRandom(): New position: (16, 124)
81s DeviceModule:MoveRandom(): New position: (16, 112)
82s DeviceModule:MoveRandom(): New position: (4, 112)
83s DeviceModule:MoveRandom(): New position: (16, 112)
84s DeviceModule:MoveRandom(): New position: (4, 112)
85s DeviceModule:MoveRandom(): New position: (4, 124)
86s DeviceModule:MoveRandom(): New position: (4, 136)
87s DeviceModule:MoveRandom(): New position: (4, 124)
88s DeviceModule:MoveRandom(): New position: (4, 136)
89s DeviceModule:MoveRandom(): New position: (4, 148)
89s DecisionModule:RemoveNetworkFromList(): Network: 12 out of range!
90s DeviceModule:MoveRandom(): New position: (16, 148)
91s DeviceModule:MoveRandom(): New position: (4, 148)
92s DeviceModule:MoveRandom(): New position: (4, 160)
93s DeviceModule:MoveRandom(): New position: (4, 160)
94s DeviceModule:MoveRandom(): New position: (4, 172)
94s DecisionModule:RemoveNetworkFromList(): Network: 13 out of range!
94s DecisionModule:RemoveNetworkFromList(): Network: 19 out of range!
95s DeviceModule:MoveRandom(): New position: (4, 160)
95s DecisionModule:AddNetworkToList(): Network detected
95s DecisionModule:AddNetworkToList(): Network detected
96s DeviceModule:MoveRandom(): New position: (4, 148)
97s DeviceModule:MoveRandom(): New position: (4, 160)
98s DeviceModule:MoveRandom(): New position: (4, 148)
99s DeviceModule:MoveRandom(): New position: (16, 148)
100s DecisionModule:Run(): Run decision
100s DecisionModule:AnalyzingNetworks(): Current Network: 
       [Network #5, Technology = Wifi, Address = 02-06-00:00:00:00:00:07, { DataRate: 74, SignalStrength: 64, AntiFragility: 63}, IQ: 66]
100s DecisionModule:ShowAllNetworks(): All detected networks:
       [Network #5, Technology = Wifi, Address = 02-06-00:00:00:00:00:07, { DataRate: 74, SignalStrength: 64, AntiFragility: 63}, IQ: 66]
       [Network #14, Technology = Wifi, Address = 02-06-00:00:00:00:00:10, { DataRate: 70, SignalStrength: 5, AntiFragility: 60}, IQ: 48]
       [Network #6, Technology = Wifi, Address = 02-06-00:00:00:00:00:08, { DataRate: 85, SignalStrength: 31, AntiFragility: 36}, IQ: 47]
       [Network #10, Technology = Wifi, Address = 02-06-00:00:00:00:00:0c, { DataRate: 55, SignalStrength: 91, AntiFragility: 14}, IQ: 43]
       [Network #19, Technology = Wimax, Address = 02-06-00:00:00:00:00:16, { DataRate: 92, SignalStrength: 13, AntiFragility: 7}, IQ: 29]
       [Network #11, Technology = Wifi, Address = 02-06-00:00:00:00:00:0d, { DataRate: 3, SignalStrength: 46, AntiFragility: 15}, IQ: 19]
       [Network #8, Technology = Wifi, Address = 02-06-00:00:00:00:00:0a, { DataRate: 24, SignalStrength: 2, AntiFragility: 9}, IQ: 11]
       [Network #13, Technology = Wifi, Address = 02-06-00:00:00:00:00:0f, { DataRate: 22, SignalStrength: 1, AntiFragility: 6}, IQ: 8]
100s ExecutionModule:Run(): Decision time => Seconds: 0, Miliseconds: 219
100s ExecutionModule:Run(): Handover time => Seconds: 0, Miliseconds: 123
100s ExecutionModule:Run(): Event: Horizontal Handover.
100s DeviceModule:MoveRandom(): New position: (4, 148)
101s DeviceModule:MoveRandom(): New position: (4, 136)
101s DecisionModule:AddNetworkToList(): Network detected
102s DeviceModule:MoveRandom(): New position: (4, 148)
102s DecisionModule:RemoveNetworkFromList(): Network: 12 out of range!
103s DeviceModule:MoveRandom(): New position: (4, 136)
103s DecisionModule:AddNetworkToList(): Network detected
104s DeviceModule:MoveRandom(): New position: (4, 148)
104s DecisionModule:RemoveNetworkFromList(): Network: 12 out of range!
105s DeviceModule:MoveRandom(): New position: (4, 136)
105s DecisionModule:AddNetworkToList(): Network detected
106s DeviceModule:MoveRandom(): New position: (4, 136)
107s DeviceModule:MoveRandom(): New position: (4, 148)
107s DecisionModule:RemoveNetworkFromList(): Network: 12 out of range!
108s DeviceModule:MoveRandom(): New position: (4, 148)
109s DeviceModule:MoveRandom(): New position: (4, 160)
110s DeviceModule:MoveRandom(): New position: (4, 172)
110s DecisionModule:RemoveNetworkFromList(): Network: 13 out of range!
110s DecisionModule:RemoveNetworkFromList(): Network: 19 out of range!
111s DeviceModule:MoveRandom(): New position: (4, 184)
112s DeviceModule:MoveRandom(): New position: (4, 184)
113s DeviceModule:MoveRandom(): New position: (4, 172)
114s DeviceModule:MoveRandom(): New position: (4, 184)
115s DeviceModule:MoveRandom(): New position: (4, 184)
116s DeviceModule:MoveRandom(): New position: (4, 196)
117s DeviceModule:MoveRandom(): New position: (4, 196)
118s DeviceModule:MoveRandom(): New position: (4, 196)
119s DeviceModule:MoveRandom(): New position: (4, 196)
120s DecisionModule:Run(): Run decision
120s DecisionModule:AnalyzingNetworks(): Current Network: 
       [Network #10, Technology = Wifi, Address = 02-06-00:00:00:00:00:0c, { DataRate: 30, SignalStrength: 22, AntiFragility: 99}, IQ: 62]
120s DecisionModule:ShowAllNetworks(): All detected networks:
       [Network #10, Technology = Wifi, Address = 02-06-00:00:00:00:00:0c, { DataRate: 30, SignalStrength: 22, AntiFragility: 99}, IQ: 62]
       [Network #14, Technology = Wifi, Address = 02-06-00:00:00:00:00:10, { DataRate: 64, SignalStrength: 78, AntiFragility: 45}, IQ: 58]
       [Network #8, Technology = Wifi, Address = 02-06-00:00:00:00:00:0a, { DataRate: 93, SignalStrength: 31, AntiFragility: 45}, IQ: 53]
       [Network #6, Technology = Wifi, Address = 02-06-00:00:00:00:00:08, { DataRate: 46, SignalStrength: 91, AntiFragility: 36}, IQ: 52]
       [Network #11, Technology = Wifi, Address = 02-06-00:00:00:00:00:0d, { DataRate: 58, SignalStrength: 41, AntiFragility: 22}, IQ: 35]
       [Network #5, Technology = Wifi, Address = 02-06-00:00:00:00:00:07, { DataRate: 59, SignalStrength: 2, AntiFragility: 22}, IQ: 26]
120s ExecutionModule:Run(): Decision time => Seconds: 0, Miliseconds: 180
120s ExecutionModule:Run(): Handover time => Seconds: 0, Miliseconds: 122
120s ExecutionModule:Run(): Event: Horizontal Handover.
120s DeviceModule:MoveRandom(): New position: (4, 196)
121s DeviceModule:MoveRandom(): New position: (4, 196)
122s DeviceModule:MoveRandom(): New position: (16, 196)
123s DeviceModule:MoveRandom(): New position: (16, 184)
124s DeviceModule:MoveRandom(): New position: (4, 184)
125s DeviceModule:MoveRandom(): New position: (4, 184)
126s DeviceModule:MoveRandom(): New position: (4, 172)
127s DeviceModule:MoveRandom(): New position: (4, 172)
128s DeviceModule:MoveRandom(): New position: (4, 184)
129s DeviceModule:MoveRandom(): New position: (16, 184)
130s DeviceModule:MoveRandom(): New position: (16, 196)
131s DeviceModule:MoveRandom(): New position: (4, 196)
132s DeviceModule:MoveRandom(): New position: (4, 184)
133s DeviceModule:MoveRandom(): New position: (4, 172)
134s DeviceModule:MoveRandom(): New position: (16, 172)
135s DeviceModule:MoveRandom(): New position: (28, 172)
136s DeviceModule:MoveRandom(): New position: (28, 160)
136s DecisionModule:AddNetworkToList(): Network detected
136s DecisionModule:AddNetworkToList(): Network detected
137s DeviceModule:MoveRandom(): New position: (28, 148)
138s DeviceModule:MoveRandom(): New position: (40, 148)
139s DeviceModule:MoveRandom(): New position: (40, 136)
139s DecisionModule:AddNetworkToList(): Network detected
139s DecisionModule:AddNetworkToList(): Network detected
140s DecisionModule:Run(): Run decision
140s DecisionModule:AnalyzingNetworks(): Current Network: 
       [Network #11, Technology = Wifi, Address = 02-06-00:00:00:00:00:0d, { DataRate: 86, SignalStrength: 58, AntiFragility: 91}, IQ: 81]
140s DecisionModule:ShowAllNetworks(): All detected networks:
       [Network #11, Technology = Wifi, Address = 02-06-00:00:00:00:00:0d, { DataRate: 86, SignalStrength: 58, AntiFragility: 91}, IQ: 81]
       [Network #10, Technology = Wifi, Address = 02-06-00:00:00:00:00:0c, { DataRate: 99, SignalStrength: 25, AntiFragility: 74}, IQ: 68]
       [Network #19, Technology = Wimax, Address = 02-06-00:00:00:00:00:16, { DataRate: 91, SignalStrength: 46, AntiFragility: 53}, IQ: 60]
       [Network #6, Technology = Wifi, Address = 02-06-00:00:00:00:00:08, { DataRate: 8, SignalStrength: 13, AntiFragility: 77}, IQ: 43]
       [Network #5, Technology = Wifi, Address = 02-06-00:00:00:00:00:07, { DataRate: 53, SignalStrength: 38, AntiFragility: 31}, IQ: 38]
       [Network #13, Technology = Wifi, Address = 02-06-00:00:00:00:00:0f, { DataRate: 78, SignalStrength: 29, AntiFragility: 21}, IQ: 37]
       [Network #12, Technology = Wifi, Address = 02-06-00:00:00:00:00:0e, { DataRate: 94, SignalStrength: 9, AntiFragility: 22}, IQ: 36]
       [Network #3, Technology = Wifi, Address = 02-06-00:00:00:00:00:05, { DataRate: 66, SignalStrength: 15, AntiFragility: 30}, IQ: 35]
       [Network #14, Technology = Wifi, Address = 02-06-00:00:00:00:00:10, { DataRate: 64, SignalStrength: 13, AntiFragility: 32}, IQ: 35]
       [Network #8, Technology = Wifi, Address = 02-06-00:00:00:00:00:0a, { DataRate: 26, SignalStrength: 3, AntiFragility: 50}, IQ: 32]
140s ExecutionModule:Run(): Decision time => Seconds: 0, Miliseconds: 396
140s ExecutionModule:Run(): Handover time => Seconds: 0, Miliseconds: 180
140s ExecutionModule:Run(): Event: Horizontal Handover.
140s DeviceModule:MoveRandom(): New position: (28, 136)
140s DecisionModule:RemoveNetworkFromList(): Network: 3 out of range!
141s DeviceModule:MoveRandom(): New position: (28, 124)
141s DecisionModule:AddNetworkToList(): Network detected
142s DeviceModule:MoveRandom(): New position: (16, 124)
142s DecisionModule:RemoveNetworkFromList(): Network: 3 out of range!
143s DeviceModule:MoveRandom(): New position: (28, 124)
143s DecisionModule:AddNetworkToList(): Network detected
144s DeviceModule:MoveRandom(): New position: (28, 136)
144s DecisionModule:RemoveNetworkFromList(): Network: 3 out of range!
145s DeviceModule:MoveRandom(): New position: (28, 124)
145s DecisionModule:AddNetworkToList(): Network detected
146s DeviceModule:MoveRandom(): New position: (28, 136)
146s DecisionModule:RemoveNetworkFromList(): Network: 3 out of range!
147s DeviceModule:MoveRandom(): New position: (16, 136)
148s DeviceModule:MoveRandom(): New position: (16, 148)
148s DecisionModule:RemoveNetworkFromList(): Network: 12 out of range!
149s DeviceModule:MoveRandom(): New position: (16, 136)
149s DecisionModule:AddNetworkToList(): Network detected
150s DeviceModule:MoveRandom(): New position: (16, 124)
151s DeviceModule:MoveRandom(): New position: (4, 124)
152s DeviceModule:MoveRandom(): New position: (4, 136)
153s DeviceModule:MoveRandom(): New position: (4, 124)
154s DeviceModule:MoveRandom(): New position: (4, 136)
155s DeviceModule:MoveRandom(): New position: (4, 124)
156s DeviceModule:MoveRandom(): New position: (4, 112)
157s DeviceModule:MoveRandom(): New position: (4, 112)
158s DeviceModule:MoveRandom(): New position: (4, 112)
159s DeviceModule:MoveRandom(): New position: (4, 124)
160s DecisionModule:Run(): Run decision
160s DecisionModule:AnalyzingNetworks(): Current Network: 
       [Network #11, Technology = Wifi, Address = 02-06-00:00:00:00:00:0d, { DataRate: 97, SignalStrength: 85, AntiFragility: 48}, IQ: 69]
160s DecisionModule:ShowAllNetworks(): All detected networks:
       [Network #11, Technology = Wifi, Address = 02-06-00:00:00:00:00:0d, { DataRate: 97, SignalStrength: 85, AntiFragility: 48}, IQ: 69]
       [Network #14, Technology = Wifi, Address = 02-06-00:00:00:00:00:10, { DataRate: 79, SignalStrength: 20, AntiFragility: 70}, IQ: 59]
       [Network #10, Technology = Wifi, Address = 02-06-00:00:00:00:00:0c, { DataRate: 71, SignalStrength: 31, AntiFragility: 52}, IQ: 51]
       [Network #6, Technology = Wifi, Address = 02-06-00:00:00:00:00:08, { DataRate: 9, SignalStrength: 5, AntiFragility: 89}, IQ: 48]
       [Network #13, Technology = Wifi, Address = 02-06-00:00:00:00:00:0f, { DataRate: 17, SignalStrength: 69, AntiFragility: 44}, IQ: 43]
       [Network #8, Technology = Wifi, Address = 02-06-00:00:00:00:00:0a, { DataRate: 36, SignalStrength: 21, AntiFragility: 58}, IQ: 43]
       [Network #19, Technology = Wimax, Address = 02-06-00:00:00:00:00:16, { DataRate: 51, SignalStrength: 60, AntiFragility: 22}, IQ: 38]
       [Network #5, Technology = Wifi, Address = 02-06-00:00:00:00:00:07, { DataRate: 16, SignalStrength: 86, AntiFragility: 9}, IQ: 30]
       [Network #12, Technology = Wifi, Address = 02-06-00:00:00:00:00:0e, { DataRate: 61, SignalStrength: 35, AntiFragility: 13}, IQ: 30]
160s DeviceModule:MoveRandom(): New position: (4, 112)
161s DeviceModule:MoveRandom(): New position: (4, 124)
162s DeviceModule:MoveRandom(): New position: (4, 124)
163s DeviceModule:MoveRandom(): New position: (16, 124)
164s DeviceModule:MoveRandom(): New position: (16, 112)
165s DeviceModule:MoveRandom(): New position: (4, 112)
166s DeviceModule:MoveRandom(): New position: (4, 112)
167s DeviceModule:MoveRandom(): New position: (4, 112)
168s DeviceModule:MoveRandom(): New position: (4, 100)
169s DeviceModule:MoveRandom(): New position: (4, 100)
170s DeviceModule:MoveRandom(): New position: (16, 100)
170s DecisionModule:AddNetworkToList(): Network detected
171s DeviceModule:MoveRandom(): New position: (16, 88)
172s DeviceModule:MoveRandom(): New position: (4, 88)
173s DeviceModule:MoveRandom(): New position: (16, 88)
174s DeviceModule:MoveRandom(): New position: (16, 76)
174s DecisionModule:AddNetworkToList(): Network detected
174s DecisionModule:RemoveNetworkFromList(): Network: 5 out of range!
175s DeviceModule:MoveRandom(): New position: (28, 76)
175s DecisionModule:AddNetworkToList(): Network detected
175s DecisionModule:AddNetworkToList(): Network detected
176s DeviceModule:MoveRandom(): New position: (16, 76)
176s DecisionModule:RemoveNetworkFromList(): Network: 3 out of range!
176s DecisionModule:RemoveNetworkFromList(): Network: 7 out of range!
177s DeviceModule:MoveRandom(): New position: (28, 76)
177s DecisionModule:AddNetworkToList(): Network detected
177s DecisionModule:AddNetworkToList(): Network detected
178s DeviceModule:MoveRandom(): New position: (28, 88)
178s DecisionModule:AddNetworkToList(): Network detected
178s DecisionModule:RemoveNetworkFromList(): Network: 7 out of range!
179s DeviceModule:MoveRandom(): New position: (28, 76)
179s DecisionModule:RemoveNetworkFromList(): Network: 5 out of range!
179s DecisionModule:AddNetworkToList(): Network detected
180s DecisionModule:Run(): Run decision
180s DecisionModule:AnalyzingNetworks(): Current Network: 
       [Network #11, Technology = Wifi, Address = 02-06-00:00:00:00:00:0d, { DataRate: 74, SignalStrength: 66, AntiFragility: 71}, IQ: 70]
180s DecisionModule:ShowAllNetworks(): All detected networks:
       [Network #11, Technology = Wifi, Address = 02-06-00:00:00:00:00:0d, { DataRate: 74, SignalStrength: 66, AntiFragility: 71}, IQ: 70]
       [Network #19, Technology = Wimax, Address = 02-06-00:00:00:00:00:16, { DataRate: 67, SignalStrength: 27, AntiFragility: 80}, IQ: 63]
       [Network #10, Technology = Wifi, Address = 02-06-00:00:00:00:00:0c, { DataRate: 20, SignalStrength: 39, AntiFragility: 95}, IQ: 62]
       [Network #3, Technology = Wifi, Address = 02-06-00:00:00:00:00:05, { DataRate: 7, SignalStrength: 46, AntiFragility: 95}, IQ: 60]
       [Network #12, Technology = Wifi, Address = 02-06-00:00:00:00:00:0e, { DataRate: 77, SignalStrength: 92, AntiFragility: 35}, IQ: 59]
       [Network #8, Technology = Wifi, Address = 02-06-00:00:00:00:00:0a, { DataRate: 58, SignalStrength: 19, AntiFragility: 69}, IQ: 53]
       [Network #13, Technology = Wifi, Address = 02-06-00:00:00:00:00:0f, { DataRate: 5, SignalStrength: 47, AntiFragility: 46}, IQ: 36]
       [Network #14, Technology = Wifi, Address = 02-06-00:00:00:00:00:10, { DataRate: 26, SignalStrength: 4, AntiFragility: 54}, IQ: 34]
       [Network #6, Technology = Wifi, Address = 02-06-00:00:00:00:00:08, { DataRate: 43, SignalStrength: 1, AntiFragility: 46}, IQ: 34]
       [Network #7, Technology = Wifi, Address = 02-06-00:00:00:00:00:09, { DataRate: 85, SignalStrength: 50, AntiFragility: 1}, IQ: 34]
       [Network #2, Technology = Wifi, Address = 02-06-00:00:00:00:00:04, { DataRate: 32, SignalStrength: 27, AntiFragility: 24}, IQ: 26]
       [Network #4, Technology = Wifi, Address = 02-06-00:00:00:00:00:06, { DataRate: 31, SignalStrength: 27, AntiFragility: 12}, IQ: 20]
180s DeviceModule:MoveRandom(): New position: (16, 76)
180s DecisionModule:RemoveNetworkFromList(): Network: 3 out of range!
180s DecisionModule:RemoveNetworkFromList(): Network: 7 out of range!
181s DeviceModule:MoveRandom(): New position: (4, 76)
182s DeviceModule:MoveRandom(): New position: (4, 88)
182s DecisionModule:RemoveNetworkFromList(): Network: 4 out of range!
182s DecisionModule:AddNetworkToList(): Network detected
183s DeviceModule:MoveRandom(): New position: (4, 76)
183s DecisionModule:AddNetworkToList(): Network detected
183s DecisionModule:RemoveNetworkFromList(): Network: 5 out of range!
184s DeviceModule:MoveRandom(): New position: (4, 76)
185s DeviceModule:MoveRandom(): New position: (4, 76)
186s DeviceModule:MoveRandom(): New position: (4, 88)
186s DecisionModule:RemoveNetworkFromList(): Network: 4 out of range!
186s DecisionModule:AddNetworkToList(): Network detected
187s DeviceModule:MoveRandom(): New position: (4, 76)
187s DecisionModule:AddNetworkToList(): Network detected
187s DecisionModule:RemoveNetworkFromList(): Network: 5 out of range!
188s DeviceModule:MoveRandom(): New position: (4, 76)
189s DeviceModule:MoveRandom(): New position: (16, 76)
190s DeviceModule:MoveRandom(): New position: (4, 76)
191s DeviceModule:MoveRandom(): New position: (4, 88)
191s DecisionModule:RemoveNetworkFromList(): Network: 4 out of range!
191s DecisionModule:AddNetworkToList(): Network detected
192s DeviceModule:MoveRandom(): New position: (4, 100)
192s DecisionModule:RemoveNetworkFromList(): Network: 2 out of range!
193s DeviceModule:MoveRandom(): New position: (16, 100)
193s DecisionModule:AddNetworkToList(): Network detected
194s DeviceModule:MoveRandom(): New position: (4, 100)
194s DecisionModule:RemoveNetworkFromList(): Network: 2 out of range!
195s DeviceModule:MoveRandom(): New position: (4, 100)
196s DeviceModule:MoveRandom(): New position: (4, 88)
196s DecisionModule:AddNetworkToList(): Network detected
197s DeviceModule:MoveRandom(): New position: (4, 100)
197s DecisionModule:RemoveNetworkFromList(): Network: 2 out of range!
198s DeviceModule:MoveRandom(): New position: (16, 100)
198s DecisionModule:AddNetworkToList(): Network detected
199s DeviceModule:MoveRandom(): New position: (28, 100)
199s DecisionModule:AddNetworkToList(): Network detected
