Waf: Entering directory `/home/renan/Documents/NR2/ns-allinone-3.20/ns-3.20/build'
Waf: Leaving directory `/home/renan/Documents/NR2/ns-allinone-3.20/ns-3.20/build'
'build' finished successfully (1.918s)
0s NetworkModule:SetPosition(): Network 0 set position => (43, 32)
0s NetworkModule:SetRange(): Network 0 set range => 100
0s NetworkModule:SetPosition(): Network 1 set position => (109, 65)
0s NetworkModule:SetRange(): Network 1 set range => 100
0s NetworkModule:SetPosition(): Network 2 set position => (55, 68)
0s NetworkModule:SetRange(): Network 2 set range => 100
0s NetworkModule:SetPosition(): Network 3 set position => (45, 133)
0s NetworkModule:SetRange(): Network 3 set range => 100
0s NetworkModule:SetPosition(): Network 4 set position => (35, 106)
0s NetworkModule:SetRange(): Network 4 set range => 100
0s NetworkModule:SetPosition(): Network 5 set position => (34, 122)
0s NetworkModule:SetRange(): Network 5 set range => 100
0s NetworkModule:SetPosition(): Network 6 set position => (16, 192)
0s NetworkModule:SetRange(): Network 6 set range => 100
0s NetworkModule:SetPosition(): Network 7 set position => (67, 19)
0s NetworkModule:SetRange(): Network 7 set range => 100
0s NetworkModule:SetPosition(): Network 8 set position => (46, 171)
0s NetworkModule:SetRange(): Network 8 set range => 100
0s NetworkModule:SetPosition(): Network 9 set position => (174, 50)
0s NetworkModule:SetRange(): Network 9 set range => 100
0s NetworkModule:SetPosition(): Network 10 set position => (168, 129)
0s NetworkModule:SetRange(): Network 10 set range => 100
0s NetworkModule:SetPosition(): Network 11 set position => (71, 25)
0s NetworkModule:SetRange(): Network 11 set range => 100
0s NetworkModule:SetPosition(): Network 12 set position => (99, 139)
0s NetworkModule:SetRange(): Network 12 set range => 100
0s NetworkModule:SetPosition(): Network 13 set position => (11, 0)
0s NetworkModule:SetRange(): Network 13 set range => 100
0s NetworkModule:SetPosition(): Network 14 set position => (99, 150)
0s NetworkModule:SetRange(): Network 14 set range => 100
0s NetworkModule:SetPosition(): Network 15 set position => (134, 186)
0s NetworkModule:SetRange(): Network 15 set range => 100
0s NetworkModule:SetPosition(): Network 16 set position => (3, 95)
0s NetworkModule:SetRange(): Network 16 set range => 100
0s NetworkModule:SetPosition(): Network 17 set position => (115, 43)
0s NetworkModule:SetRange(): Network 17 set range => 100
0s NetworkModule:SetPosition(): Network 18 set position => (129, 10)
0s NetworkModule:SetRange(): Network 18 set range => 100
0s NetworkModule:SetPosition(): Network 19 set position => (68, 160)
0s NetworkModule:SetRange(): Network 19 set range => 100
0s DeviceModule:ConfigureMobility(): Device [init x = 100, init y = 100, max = 200, velocity = 12]
1s DeviceModule:MoveRandom(): New position: (112, 100)
1s DecisionModule:AddNetworkToList(): Network detected
1s DecisionModule:AddNetworkToList(): Network detected
1s DecisionModule:AddNetworkToList(): Network detected
1s DecisionModule:AddNetworkToList(): Network detected
1s DecisionModule:AddNetworkToList(): Network detected
1s DecisionModule:AddNetworkToList(): Network detected
1s DecisionModule:AddNetworkToList(): Network detected
1s DecisionModule:AddNetworkToList(): Network detected
1s DecisionModule:AddNetworkToList(): Network detected
1s DecisionModule:AddNetworkToList(): Network detected
1s DecisionModule:AddNetworkToList(): Network detected
1s DecisionModule:AddNetworkToList(): Network detected
1s DecisionModule:AddNetworkToList(): Network detected
1s DecisionModule:AddNetworkToList(): Network detected
1s DecisionModule:AddNetworkToList(): Network detected
1s DecisionModule:AddNetworkToList(): Network detected
1s DecisionModule:AddNetworkToList(): Network detected
2s DeviceModule:MoveRandom(): New position: (112, 88)
2s DecisionModule:RemoveNetworkFromList(): Network: 8 out of range!
3s DeviceModule:MoveRandom(): New position: (124, 88)
4s DeviceModule:MoveRandom(): New position: (136, 88)
4s DecisionModule:RemoveNetworkFromList(): Network: 0 out of range!
4s DecisionModule:RemoveNetworkFromList(): Network: 3 out of range!
4s DecisionModule:RemoveNetworkFromList(): Network: 4 out of range!
4s DecisionModule:RemoveNetworkFromList(): Network: 5 out of range!
5s DeviceModule:MoveRandom(): New position: (148, 88)
5s DecisionModule:RemoveNetworkFromList(): Network: 7 out of range!
5s DecisionModule:RemoveNetworkFromList(): Network: 19 out of range!
6s DeviceModule:MoveRandom(): New position: (136, 88)
6s DecisionModule:AddNetworkToList(): Network detected
6s DecisionModule:AddNetworkToList(): Network detected
7s DeviceModule:MoveRandom(): New position: (124, 88)
7s DecisionModule:AddNetworkToList(): Network detected
7s DecisionModule:AddNetworkToList(): Network detected
7s DecisionModule:AddNetworkToList(): Network detected
7s DecisionModule:AddNetworkToList(): Network detected
8s DeviceModule:MoveRandom(): New position: (136, 88)
8s DecisionModule:RemoveNetworkFromList(): Network: 0 out of range!
8s DecisionModule:RemoveNetworkFromList(): Network: 3 out of range!
8s DecisionModule:RemoveNetworkFromList(): Network: 4 out of range!
8s DecisionModule:RemoveNetworkFromList(): Network: 5 out of range!
9s DeviceModule:MoveRandom(): New position: (148, 88)
9s DecisionModule:RemoveNetworkFromList(): Network: 7 out of range!
9s DecisionModule:RemoveNetworkFromList(): Network: 19 out of range!
10s DeviceModule:MoveRandom(): New position: (160, 88)
10s DecisionModule:RemoveNetworkFromList(): Network: 2 out of range!
10s DecisionModule:RemoveNetworkFromList(): Network: 11 out of range!
10s DecisionModule:RemoveNetworkFromList(): Network: 15 out of range!
11s DeviceModule:MoveRandom(): New position: (148, 88)
11s DecisionModule:AddNetworkToList(): Network detected
11s DecisionModule:AddNetworkToList(): Network detected
11s DecisionModule:AddNetworkToList(): Network detected
12s DeviceModule:MoveRandom(): New position: (148, 100)
12s DecisionModule:RemoveNetworkFromList(): Network: 11 out of range!
12s DecisionModule:AddNetworkToList(): Network detected
13s DeviceModule:MoveRandom(): New position: (148, 88)
13s DecisionModule:AddNetworkToList(): Network detected
13s DecisionModule:RemoveNetworkFromList(): Network: 19 out of range!
14s DeviceModule:MoveRandom(): New position: (136, 88)
14s DecisionModule:AddNetworkToList(): Network detected
14s DecisionModule:AddNetworkToList(): Network detected
15s DeviceModule:MoveRandom(): New position: (148, 88)
15s DecisionModule:RemoveNetworkFromList(): Network: 7 out of range!
15s DecisionModule:RemoveNetworkFromList(): Network: 19 out of range!
16s DeviceModule:MoveRandom(): New position: (160, 88)
16s DecisionModule:RemoveNetworkFromList(): Network: 2 out of range!
16s DecisionModule:RemoveNetworkFromList(): Network: 11 out of range!
16s DecisionModule:RemoveNetworkFromList(): Network: 15 out of range!
17s DeviceModule:MoveRandom(): New position: (148, 88)
17s DecisionModule:AddNetworkToList(): Network detected
17s DecisionModule:AddNetworkToList(): Network detected
17s DecisionModule:AddNetworkToList(): Network detected
18s DeviceModule:MoveRandom(): New position: (160, 88)
18s DecisionModule:RemoveNetworkFromList(): Network: 2 out of range!
18s DecisionModule:RemoveNetworkFromList(): Network: 11 out of range!
18s DecisionModule:RemoveNetworkFromList(): Network: 15 out of range!
19s DeviceModule:MoveRandom(): New position: (160, 76)
20s DecisionModule:Run(): Run decision
20s DecisionModule:AnalyzingNetworks(): Current Network: 
       [Network #1, Technology = Wifi, Address = 02-06-00:00:00:00:00:03, { DataRate: 90, SignalStrength: 99, AntiFragility: 70}, IQ: 82]
20s DecisionModule:ShowAllNetworks(): All detected networks:
       [Network #1, Technology = Wifi, Address = 02-06-00:00:00:00:00:03, { DataRate: 90, SignalStrength: 99, AntiFragility: 70}, IQ: 82]
       [Network #18, Technology = Wimax, Address = 02-06-00:00:00:00:00:15, { DataRate: 53, SignalStrength: 39, AntiFragility: 91}, IQ: 68]
       [Network #9, Technology = Wifi, Address = 02-06-00:00:00:00:00:0b, { DataRate: 64, SignalStrength: 95, AntiFragility: 45}, IQ: 62]
       [Network #12, Technology = Wifi, Address = 02-06-00:00:00:00:00:0e, { DataRate: 76, SignalStrength: 64, AntiFragility: 46}, IQ: 58]
       [Network #10, Technology = Wifi, Address = 02-06-00:00:00:00:00:0c, { DataRate: 69, SignalStrength: 80, AntiFragility: 39}, IQ: 56]
       [Network #14, Technology = Wifi, Address = 02-06-00:00:00:00:00:10, { DataRate: 28, SignalStrength: 63, AntiFragility: 68}, IQ: 56]
       [Network #17, Technology = Wifi, Address = 02-06-00:00:00:00:00:13, { DataRate: 3, SignalStrength: 99, AntiFragility: 26}, IQ: 38]
20s DeviceModule:MoveRandom(): New position: (160, 88)
21s DeviceModule:MoveRandom(): New position: (160, 100)
21s DecisionModule:AddNetworkToList(): Network detected
22s DeviceModule:MoveRandom(): New position: (160, 112)
22s DecisionModule:RemoveNetworkFromList(): Network: 18 out of range!
23s DeviceModule:MoveRandom(): New position: (160, 100)
23s DecisionModule:AddNetworkToList(): Network detected
24s DeviceModule:MoveRandom(): New position: (160, 88)
24s DecisionModule:RemoveNetworkFromList(): Network: 15 out of range!
25s DeviceModule:MoveRandom(): New position: (148, 88)
25s DecisionModule:AddNetworkToList(): Network detected
25s DecisionModule:AddNetworkToList(): Network detected
25s DecisionModule:AddNetworkToList(): Network detected
26s DeviceModule:MoveRandom(): New position: (148, 100)
26s DecisionModule:RemoveNetworkFromList(): Network: 11 out of range!
26s DecisionModule:AddNetworkToList(): Network detected
27s DeviceModule:MoveRandom(): New position: (136, 100)
27s DecisionModule:AddNetworkToList(): Network detected
27s DecisionModule:AddNetworkToList(): Network detected
28s DeviceModule:MoveRandom(): New position: (136, 112)
28s DecisionModule:RemoveNetworkFromList(): Network: 11 out of range!
28s DecisionModule:RemoveNetworkFromList(): Network: 18 out of range!
29s DeviceModule:MoveRandom(): New position: (136, 100)
29s DecisionModule:AddNetworkToList(): Network detected
29s DecisionModule:AddNetworkToList(): Network detected
30s DeviceModule:MoveRandom(): New position: (136, 88)
30s DecisionModule:RemoveNetworkFromList(): Network: 3 out of range!
30s DecisionModule:AddNetworkToList(): Network detected
31s DeviceModule:MoveRandom(): New position: (136, 100)
31s DecisionModule:AddNetworkToList(): Network detected
31s DecisionModule:RemoveNetworkFromList(): Network: 7 out of range!
32s DeviceModule:MoveRandom(): New position: (136, 112)
32s DecisionModule:RemoveNetworkFromList(): Network: 11 out of range!
32s DecisionModule:RemoveNetworkFromList(): Network: 18 out of range!
33s DeviceModule:MoveRandom(): New position: (136, 124)
34s DeviceModule:MoveRandom(): New position: (148, 124)
34s DecisionModule:RemoveNetworkFromList(): Network: 2 out of range!
34s DecisionModule:RemoveNetworkFromList(): Network: 3 out of range!
35s DeviceModule:MoveRandom(): New position: (148, 112)
36s DeviceModule:MoveRandom(): New position: (160, 112)
36s DecisionModule:RemoveNetworkFromList(): Network: 19 out of range!
37s DeviceModule:MoveRandom(): New position: (148, 112)
37s DecisionModule:AddNetworkToList(): Network detected
38s DeviceModule:MoveRandom(): New position: (136, 112)
38s DecisionModule:AddNetworkToList(): Network detected
38s DecisionModule:AddNetworkToList(): Network detected
39s DeviceModule:MoveRandom(): New position: (148, 112)
39s DecisionModule:RemoveNetworkFromList(): Network: 2 out of range!
39s DecisionModule:RemoveNetworkFromList(): Network: 3 out of range!
40s DecisionModule:Run(): Run decision
40s DecisionModule:AnalyzingNetworks(): Current Network: 
       [Network #15, Technology = Wifi, Address = 02-06-00:00:00:00:00:11, { DataRate: 53, SignalStrength: 97, AntiFragility: 51}, IQ: 63]
40s DecisionModule:ShowAllNetworks(): All detected networks:
       [Network #15, Technology = Wifi, Address = 02-06-00:00:00:00:00:11, { DataRate: 53, SignalStrength: 97, AntiFragility: 51}, IQ: 63]
       [Network #12, Technology = Wifi, Address = 02-06-00:00:00:00:00:0e, { DataRate: 38, SignalStrength: 27, AntiFragility: 89}, IQ: 60]
       [Network #9, Technology = Wifi, Address = 02-06-00:00:00:00:00:0b, { DataRate: 72, SignalStrength: 75, AntiFragility: 27}, IQ: 50]
       [Network #1, Technology = Wifi, Address = 02-06-00:00:00:00:00:03, { DataRate: 23, SignalStrength: 29, AntiFragility: 70}, IQ: 48]
       [Network #19, Technology = Wimax, Address = 02-06-00:00:00:00:00:16, { DataRate: 1, SignalStrength: 24, AntiFragility: 82}, IQ: 47]
       [Network #17, Technology = Wifi, Address = 02-06-00:00:00:00:00:13, { DataRate: 53, SignalStrength: 6, AntiFragility: 56}, IQ: 42]
       [Network #10, Technology = Wifi, Address = 02-06-00:00:00:00:00:0c, { DataRate: 47, SignalStrength: 24, AntiFragility: 35}, IQ: 35]
       [Network #14, Technology = Wifi, Address = 02-06-00:00:00:00:00:10, { DataRate: 25, SignalStrength: 77, AntiFragility: 8}, IQ: 29]
40s ExecutionModule:Run(): Decision time => Seconds: 0, Miliseconds: 211
40s ExecutionModule:Run(): Handover time => Seconds: 0, Miliseconds: 179
40s ExecutionModule:Run(): Event: Horizontal Handover.
40s DeviceModule:MoveRandom(): New position: (136, 112)
40s DecisionModule:AddNetworkToList(): Network detected
40s DecisionModule:AddNetworkToList(): Network detected
41s DeviceModule:MoveRandom(): New position: (148, 112)
41s DecisionModule:RemoveNetworkFromList(): Network: 2 out of range!
41s DecisionModule:RemoveNetworkFromList(): Network: 3 out of range!
42s DeviceModule:MoveRandom(): New position: (160, 112)
42s DecisionModule:RemoveNetworkFromList(): Network: 19 out of range!
43s DeviceModule:MoveRandom(): New position: (160, 100)
43s DecisionModule:AddNetworkToList(): Network detected
44s DeviceModule:MoveRandom(): New position: (160, 112)
44s DecisionModule:RemoveNetworkFromList(): Network: 18 out of range!
45s DeviceModule:MoveRandom(): New position: (160, 100)
45s DecisionModule:AddNetworkToList(): Network detected
46s DeviceModule:MoveRandom(): New position: (172, 100)
47s DeviceModule:MoveRandom(): New position: (184, 100)
47s DecisionModule:RemoveNetworkFromList(): Network: 18 out of range!
48s DeviceModule:MoveRandom(): New position: (184, 112)
49s DeviceModule:MoveRandom(): New position: (184, 124)
49s DecisionModule:RemoveNetworkFromList(): Network: 17 out of range!
50s DeviceModule:MoveRandom(): New position: (196, 124)
50s DecisionModule:RemoveNetworkFromList(): Network: 1 out of range!
51s DeviceModule:MoveRandom(): New position: (196, 136)
52s DeviceModule:MoveRandom(): New position: (196, 124)
53s DeviceModule:MoveRandom(): New position: (196, 112)
53s DecisionModule:AddNetworkToList(): Network detected
53s DecisionModule:RemoveNetworkFromList(): Network: 14 out of range!
54s DeviceModule:MoveRandom(): New position: (196, 124)
54s DecisionModule:RemoveNetworkFromList(): Network: 1 out of range!
54s DecisionModule:AddNetworkToList(): Network detected
55s DeviceModule:MoveRandom(): New position: (184, 124)
55s DecisionModule:AddNetworkToList(): Network detected
56s DeviceModule:MoveRandom(): New position: (172, 124)
56s DecisionModule:AddNetworkToList(): Network detected
57s DeviceModule:MoveRandom(): New position: (160, 124)
57s DecisionModule:AddNetworkToList(): Network detected
58s DeviceModule:MoveRandom(): New position: (148, 124)
59s DeviceModule:MoveRandom(): New position: (148, 112)
60s DecisionModule:Run(): Run decision
60s DecisionModule:AnalyzingNetworks(): Current Network: 
       [Network #10, Technology = Wifi, Address = 02-06-00:00:00:00:00:0c, { DataRate: 78, SignalStrength: 58, AntiFragility: 95}, IQ: 81]
60s DecisionModule:ShowAllNetworks(): All detected networks:
       [Network #10, Technology = Wifi, Address = 02-06-00:00:00:00:00:0c, { DataRate: 78, SignalStrength: 58, AntiFragility: 95}, IQ: 81]
       [Network #12, Technology = Wifi, Address = 02-06-00:00:00:00:00:0e, { DataRate: 66, SignalStrength: 76, AntiFragility: 54}, IQ: 62]
       [Network #1, Technology = Wifi, Address = 02-06-00:00:00:00:00:03, { DataRate: 46, SignalStrength: 20, AntiFragility: 84}, IQ: 58]
       [Network #19, Technology = Wimax, Address = 02-06-00:00:00:00:00:16, { DataRate: 47, SignalStrength: 24, AntiFragility: 78}, IQ: 56]
       [Network #15, Technology = Wifi, Address = 02-06-00:00:00:00:00:11, { DataRate: 81, SignalStrength: 76, AntiFragility: 14}, IQ: 46]
       [Network #9, Technology = Wifi, Address = 02-06-00:00:00:00:00:0b, { DataRate: 14, SignalStrength: 3, AntiFragility: 75}, IQ: 41]
       [Network #14, Technology = Wifi, Address = 02-06-00:00:00:00:00:10, { DataRate: 9, SignalStrength: 13, AntiFragility: 72}, IQ: 41]
       [Network #17, Technology = Wifi, Address = 02-06-00:00:00:00:00:13, { DataRate: 69, SignalStrength: 75, AntiFragility: 4}, IQ: 38]
60s ExecutionModule:Run(): Decision time => Seconds: 0, Miliseconds: 210
60s ExecutionModule:Run(): Handover time => Seconds: 0, Miliseconds: 334
60s ExecutionModule:Run(): Event: Horizontal Handover.
60s DeviceModule:MoveRandom(): New position: (136, 112)
60s DecisionModule:AddNetworkToList(): Network detected
60s DecisionModule:AddNetworkToList(): Network detected
61s DeviceModule:MoveRandom(): New position: (136, 124)
62s DeviceModule:MoveRandom(): New position: (124, 124)
62s DecisionModule:AddNetworkToList(): Network detected
62s DecisionModule:AddNetworkToList(): Network detected
62s DecisionModule:AddNetworkToList(): Network detected
63s DeviceModule:MoveRandom(): New position: (124, 112)
64s DeviceModule:MoveRandom(): New position: (112, 112)
64s DecisionModule:AddNetworkToList(): Network detected
65s DeviceModule:MoveRandom(): New position: (124, 112)
65s DecisionModule:RemoveNetworkFromList(): Network: 11 out of range!
66s DeviceModule:MoveRandom(): New position: (112, 112)
66s DecisionModule:AddNetworkToList(): Network detected
67s DeviceModule:MoveRandom(): New position: (124, 112)
67s DecisionModule:RemoveNetworkFromList(): Network: 11 out of range!
68s DeviceModule:MoveRandom(): New position: (124, 100)
68s DecisionModule:AddNetworkToList(): Network detected
68s DecisionModule:RemoveNetworkFromList(): Network: 8 out of range!
68s DecisionModule:AddNetworkToList(): Network detected
68s DecisionModule:AddNetworkToList(): Network detected
69s DeviceModule:MoveRandom(): New position: (112, 100)
69s DecisionModule:AddNetworkToList(): Network detected
69s DecisionModule:AddNetworkToList(): Network detected
70s DeviceModule:MoveRandom(): New position: (112, 112)
70s DecisionModule:RemoveNetworkFromList(): Network: 0 out of range!
70s DecisionModule:RemoveNetworkFromList(): Network: 7 out of range!
70s DecisionModule:RemoveNetworkFromList(): Network: 18 out of range!
71s DeviceModule:MoveRandom(): New position: (112, 124)
71s DecisionModule:RemoveNetworkFromList(): Network: 11 out of range!
72s DeviceModule:MoveRandom(): New position: (112, 112)
72s DecisionModule:AddNetworkToList(): Network detected
73s DeviceModule:MoveRandom(): New position: (124, 112)
73s DecisionModule:RemoveNetworkFromList(): Network: 11 out of range!
74s DeviceModule:MoveRandom(): New position: (124, 100)
74s DecisionModule:AddNetworkToList(): Network detected
74s DecisionModule:RemoveNetworkFromList(): Network: 8 out of range!
74s DecisionModule:AddNetworkToList(): Network detected
74s DecisionModule:AddNetworkToList(): Network detected
75s DeviceModule:MoveRandom(): New position: (136, 100)
75s DecisionModule:RemoveNetworkFromList(): Network: 4 out of range!
75s DecisionModule:RemoveNetworkFromList(): Network: 5 out of range!
75s DecisionModule:RemoveNetworkFromList(): Network: 7 out of range!
76s DeviceModule:MoveRandom(): New position: (124, 100)
76s DecisionModule:AddNetworkToList(): Network detected
76s DecisionModule:AddNetworkToList(): Network detected
76s DecisionModule:AddNetworkToList(): Network detected
77s DeviceModule:MoveRandom(): New position: (124, 112)
77s DecisionModule:RemoveNetworkFromList(): Network: 7 out of range!
77s DecisionModule:AddNetworkToList(): Network detected
77s DecisionModule:RemoveNetworkFromList(): Network: 11 out of range!
77s DecisionModule:RemoveNetworkFromList(): Network: 18 out of range!
78s DeviceModule:MoveRandom(): New position: (124, 100)
78s DecisionModule:AddNetworkToList(): Network detected
78s DecisionModule:RemoveNetworkFromList(): Network: 8 out of range!
78s DecisionModule:AddNetworkToList(): Network detected
78s DecisionModule:AddNetworkToList(): Network detected
79s DeviceModule:MoveRandom(): New position: (136, 100)
79s DecisionModule:RemoveNetworkFromList(): Network: 4 out of range!
79s DecisionModule:RemoveNetworkFromList(): Network: 5 out of range!
79s DecisionModule:RemoveNetworkFromList(): Network: 7 out of range!
80s DecisionModule:Run(): Run decision
80s DecisionModule:AnalyzingNetworks(): Current Network: 
       [Network #9, Technology = Wifi, Address = 02-06-00:00:00:00:00:0b, { DataRate: 91, SignalStrength: 62, AntiFragility: 86}, IQ: 81]
80s DecisionModule:ShowAllNetworks(): All detected networks:
       [Network #9, Technology = Wifi, Address = 02-06-00:00:00:00:00:0b, { DataRate: 91, SignalStrength: 62, AntiFragility: 86}, IQ: 81]
       [Network #17, Technology = Wifi, Address = 02-06-00:00:00:00:00:13, { DataRate: 77, SignalStrength: 30, AntiFragility: 66}, IQ: 59]
       [Network #14, Technology = Wifi, Address = 02-06-00:00:00:00:00:10, { DataRate: 92, SignalStrength: 56, AntiFragility: 27}, IQ: 50]
       [Network #19, Technology = Wimax, Address = 02-06-00:00:00:00:00:16, { DataRate: 37, SignalStrength: 99, AntiFragility: 24}, IQ: 46]
       [Network #3, Technology = Wifi, Address = 02-06-00:00:00:00:00:05, { DataRate: 86, SignalStrength: 33, AntiFragility: 32}, IQ: 45]
       [Network #2, Technology = Wifi, Address = 02-06-00:00:00:00:00:04, { DataRate: 10, SignalStrength: 59, AntiFragility: 52}, IQ: 43]
       [Network #18, Technology = Wimax, Address = 02-06-00:00:00:00:00:15, { DataRate: 92, SignalStrength: 24, AntiFragility: 28}, IQ: 43]
       [Network #15, Technology = Wifi, Address = 02-06-00:00:00:00:00:11, { DataRate: 69, SignalStrength: 40, AntiFragility: 26}, IQ: 40]
       [Network #1, Technology = Wifi, Address = 02-06-00:00:00:00:00:03, { DataRate: 58, SignalStrength: 58, AntiFragility: 2}, IQ: 30]
       [Network #11, Technology = Wifi, Address = 02-06-00:00:00:00:00:0d, { DataRate: 49, SignalStrength: 45, AntiFragility: 7}, IQ: 27]
       [Network #10, Technology = Wifi, Address = 02-06-00:00:00:00:00:0c, { DataRate: 50, SignalStrength: 41, AntiFragility: 5}, IQ: 25]
       [Network #12, Technology = Wifi, Address = 02-06-00:00:00:00:00:0e, { DataRate: 25, SignalStrength: 15, AntiFragility: 24}, IQ: 22]
80s ExecutionModule:Run(): Decision time => Seconds: 0, Miliseconds: 226
80s ExecutionModule:Run(): Handover time => Seconds: 0, Miliseconds: 122
80s ExecutionModule:Run(): Event: Horizontal Handover.
80s DeviceModule:MoveRandom(): New position: (136, 88)
80s DecisionModule:RemoveNetworkFromList(): Network: 3 out of range!
80s DecisionModule:AddNetworkToList(): Network detected
81s DeviceModule:MoveRandom(): New position: (124, 88)
81s DecisionModule:AddNetworkToList(): Network detected
81s DecisionModule:AddNetworkToList(): Network detected
81s DecisionModule:AddNetworkToList(): Network detected
81s DecisionModule:AddNetworkToList(): Network detected
82s DeviceModule:MoveRandom(): New position: (124, 100)
82s DecisionModule:RemoveNetworkFromList(): Network: 0 out of range!
83s DeviceModule:MoveRandom(): New position: (112, 100)
83s DecisionModule:AddNetworkToList(): Network detected
83s DecisionModule:AddNetworkToList(): Network detected
84s DeviceModule:MoveRandom(): New position: (112, 88)
84s DecisionModule:RemoveNetworkFromList(): Network: 8 out of range!
85s DeviceModule:MoveRandom(): New position: (124, 88)
86s DeviceModule:MoveRandom(): New position: (124, 100)
86s DecisionModule:RemoveNetworkFromList(): Network: 0 out of range!
87s DeviceModule:MoveRandom(): New position: (112, 100)
87s DecisionModule:AddNetworkToList(): Network detected
87s DecisionModule:AddNetworkToList(): Network detected
88s DeviceModule:MoveRandom(): New position: (100, 100)
88s DecisionModule:AddNetworkToList(): Network detected
89s DeviceModule:MoveRandom(): New position: (100, 88)
89s DecisionModule:RemoveNetworkFromList(): Network: 15 out of range!
90s DeviceModule:MoveRandom(): New position: (100, 76)
90s DecisionModule:RemoveNetworkFromList(): Network: 8 out of range!
91s DeviceModule:MoveRandom(): New position: (112, 76)
91s DecisionModule:RemoveNetworkFromList(): Network: 16 out of range!
92s DeviceModule:MoveRandom(): New position: (112, 88)
92s DecisionModule:AddNetworkToList(): Network detected
93s DeviceModule:MoveRandom(): New position: (124, 88)
94s DeviceModule:MoveRandom(): New position: (136, 88)
94s DecisionModule:RemoveNetworkFromList(): Network: 0 out of range!
94s DecisionModule:RemoveNetworkFromList(): Network: 3 out of range!
94s DecisionModule:RemoveNetworkFromList(): Network: 4 out of range!
94s DecisionModule:RemoveNetworkFromList(): Network: 5 out of range!
95s DeviceModule:MoveRandom(): New position: (148, 88)
95s DecisionModule:RemoveNetworkFromList(): Network: 7 out of range!
95s DecisionModule:RemoveNetworkFromList(): Network: 19 out of range!
96s DeviceModule:MoveRandom(): New position: (148, 100)
96s DecisionModule:RemoveNetworkFromList(): Network: 11 out of range!
96s DecisionModule:AddNetworkToList(): Network detected
97s DeviceModule:MoveRandom(): New position: (160, 100)
97s DecisionModule:RemoveNetworkFromList(): Network: 2 out of range!
97s DecisionModule:RemoveNetworkFromList(): Network: 19 out of range!
98s DeviceModule:MoveRandom(): New position: (148, 100)
98s DecisionModule:AddNetworkToList(): Network detected
98s DecisionModule:AddNetworkToList(): Network detected
99s DeviceModule:MoveRandom(): New position: (148, 112)
99s DecisionModule:RemoveNetworkFromList(): Network: 2 out of range!
99s DecisionModule:RemoveNetworkFromList(): Network: 18 out of range!
100s DecisionModule:Run(): Run decision
100s DecisionModule:AnalyzingNetworks(): Current Network: 
       [Network #9, Technology = Wifi, Address = 02-06-00:00:00:00:00:0b, { DataRate: 36, SignalStrength: 85, AntiFragility: 88}, IQ: 74]
100s DecisionModule:ShowAllNetworks(): All detected networks:
       [Network #9, Technology = Wifi, Address = 02-06-00:00:00:00:00:0b, { DataRate: 36, SignalStrength: 85, AntiFragility: 88}, IQ: 74]
       [Network #12, Technology = Wifi, Address = 02-06-00:00:00:00:00:0e, { DataRate: 51, SignalStrength: 82, AntiFragility: 67}, IQ: 66]
       [Network #17, Technology = Wifi, Address = 02-06-00:00:00:00:00:13, { DataRate: 48, SignalStrength: 53, AntiFragility: 80}, IQ: 65]
       [Network #10, Technology = Wifi, Address = 02-06-00:00:00:00:00:0c, { DataRate: 68, SignalStrength: 35, AntiFragility: 72}, IQ: 61]
       [Network #14, Technology = Wifi, Address = 02-06-00:00:00:00:00:10, { DataRate: 93, SignalStrength: 92, AntiFragility: 6}, IQ: 49]
       [Network #19, Technology = Wimax, Address = 02-06-00:00:00:00:00:16, { DataRate: 21, SignalStrength: 2, AntiFragility: 87}, IQ: 49]
       [Network #1, Technology = Wifi, Address = 02-06-00:00:00:00:00:03, { DataRate: 33, SignalStrength: 3, AntiFragility: 60}, IQ: 39]
       [Network #15, Technology = Wifi, Address = 02-06-00:00:00:00:00:11, { DataRate: 22, SignalStrength: 8, AntiFragility: 31}, IQ: 23]
100s DeviceModule:MoveRandom(): New position: (148, 100)
100s DecisionModule:AddNetworkToList(): Network detected
100s DecisionModule:AddNetworkToList(): Network detected
101s DeviceModule:MoveRandom(): New position: (160, 100)
101s DecisionModule:RemoveNetworkFromList(): Network: 2 out of range!
101s DecisionModule:RemoveNetworkFromList(): Network: 19 out of range!
102s DeviceModule:MoveRandom(): New position: (148, 100)
102s DecisionModule:AddNetworkToList(): Network detected
102s DecisionModule:AddNetworkToList(): Network detected
103s DeviceModule:MoveRandom(): New position: (148, 112)
103s DecisionModule:RemoveNetworkFromList(): Network: 2 out of range!
103s DecisionModule:RemoveNetworkFromList(): Network: 18 out of range!
104s DeviceModule:MoveRandom(): New position: (136, 112)
104s DecisionModule:AddNetworkToList(): Network detected
104s DecisionModule:AddNetworkToList(): Network detected
105s DeviceModule:MoveRandom(): New position: (136, 100)
105s DecisionModule:AddNetworkToList(): Network detected
105s DecisionModule:AddNetworkToList(): Network detected
106s DeviceModule:MoveRandom(): New position: (148, 100)
106s DecisionModule:RemoveNetworkFromList(): Network: 3 out of range!
106s DecisionModule:RemoveNetworkFromList(): Network: 11 out of range!
107s DeviceModule:MoveRandom(): New position: (148, 112)
107s DecisionModule:RemoveNetworkFromList(): Network: 2 out of range!
107s DecisionModule:RemoveNetworkFromList(): Network: 18 out of range!
108s DeviceModule:MoveRandom(): New position: (148, 100)
108s DecisionModule:AddNetworkToList(): Network detected
108s DecisionModule:AddNetworkToList(): Network detected
109s DeviceModule:MoveRandom(): New position: (136, 100)
109s DecisionModule:AddNetworkToList(): Network detected
109s DecisionModule:AddNetworkToList(): Network detected
110s DeviceModule:MoveRandom(): New position: (124, 100)
110s DecisionModule:AddNetworkToList(): Network detected
110s DecisionModule:AddNetworkToList(): Network detected
110s DecisionModule:AddNetworkToList(): Network detected
111s DeviceModule:MoveRandom(): New position: (112, 100)
111s DecisionModule:AddNetworkToList(): Network detected
111s DecisionModule:AddNetworkToList(): Network detected
112s DeviceModule:MoveRandom(): New position: (124, 100)
112s DecisionModule:RemoveNetworkFromList(): Network: 0 out of range!
112s DecisionModule:RemoveNetworkFromList(): Network: 8 out of range!
113s DeviceModule:MoveRandom(): New position: (124, 112)
113s DecisionModule:RemoveNetworkFromList(): Network: 7 out of range!
113s DecisionModule:AddNetworkToList(): Network detected
113s DecisionModule:RemoveNetworkFromList(): Network: 11 out of range!
113s DecisionModule:RemoveNetworkFromList(): Network: 18 out of range!
114s DeviceModule:MoveRandom(): New position: (136, 112)
114s DecisionModule:RemoveNetworkFromList(): Network: 4 out of range!
114s DecisionModule:RemoveNetworkFromList(): Network: 5 out of range!
114s DecisionModule:RemoveNetworkFromList(): Network: 8 out of range!
115s DeviceModule:MoveRandom(): New position: (148, 112)
115s DecisionModule:RemoveNetworkFromList(): Network: 2 out of range!
115s DecisionModule:RemoveNetworkFromList(): Network: 3 out of range!
116s DeviceModule:MoveRandom(): New position: (148, 100)
116s DecisionModule:AddNetworkToList(): Network detected
116s DecisionModule:AddNetworkToList(): Network detected
117s DeviceModule:MoveRandom(): New position: (148, 112)
117s DecisionModule:RemoveNetworkFromList(): Network: 2 out of range!
117s DecisionModule:RemoveNetworkFromList(): Network: 18 out of range!
118s DeviceModule:MoveRandom(): New position: (148, 100)
118s DecisionModule:AddNetworkToList(): Network detected
118s DecisionModule:AddNetworkToList(): Network detected
119s DeviceModule:MoveRandom(): New position: (136, 100)
119s DecisionModule:AddNetworkToList(): Network detected
119s DecisionModule:AddNetworkToList(): Network detected
120s DecisionModule:Run(): Run decision
120s DecisionModule:AnalyzingNetworks(): Current Network: 
       [Network #12, Technology = Wifi, Address = 02-06-00:00:00:00:00:0e, { DataRate: 94, SignalStrength: 40, AntiFragility: 72}, IQ: 69]
120s DecisionModule:ShowAllNetworks(): All detected networks:
       [Network #12, Technology = Wifi, Address = 02-06-00:00:00:00:00:0e, { DataRate: 94, SignalStrength: 40, AntiFragility: 72}, IQ: 69]
       [Network #18, Technology = Wimax, Address = 02-06-00:00:00:00:00:15, { DataRate: 69, SignalStrength: 26, AntiFragility: 92}, IQ: 69]
       [Network #10, Technology = Wifi, Address = 02-06-00:00:00:00:00:0c, { DataRate: 96, SignalStrength: 16, AntiFragility: 81}, IQ: 68]
       [Network #2, Technology = Wifi, Address = 02-06-00:00:00:00:00:04, { DataRate: 54, SignalStrength: 98, AntiFragility: 60}, IQ: 68]
       [Network #15, Technology = Wifi, Address = 02-06-00:00:00:00:00:11, { DataRate: 69, SignalStrength: 51, AntiFragility: 75}, IQ: 67]
       [Network #3, Technology = Wifi, Address = 02-06-00:00:00:00:00:05, { DataRate: 75, SignalStrength: 66, AntiFragility: 58}, IQ: 64]
       [Network #19, Technology = Wimax, Address = 02-06-00:00:00:00:00:16, { DataRate: 3, SignalStrength: 43, AntiFragility: 81}, IQ: 52]
       [Network #9, Technology = Wifi, Address = 02-06-00:00:00:00:00:0b, { DataRate: 66, SignalStrength: 58, AntiFragility: 40}, IQ: 51]
       [Network #11, Technology = Wifi, Address = 02-06-00:00:00:00:00:0d, { DataRate: 85, SignalStrength: 90, AntiFragility: 5}, IQ: 46]
       [Network #14, Technology = Wifi, Address = 02-06-00:00:00:00:00:10, { DataRate: 55, SignalStrength: 29, AntiFragility: 39}, IQ: 40]
       [Network #1, Technology = Wifi, Address = 02-06-00:00:00:00:00:03, { DataRate: 31, SignalStrength: 21, AntiFragility: 55}, IQ: 40]
       [Network #17, Technology = Wifi, Address = 02-06-00:00:00:00:00:13, { DataRate: 19, SignalStrength: 34, AntiFragility: 9}, IQ: 17]
120s ExecutionModule:Run(): Decision time => Seconds: 0, Miliseconds: 248
120s ExecutionModule:Run(): Handover time => Seconds: 0, Miliseconds: 122
120s ExecutionModule:Run(): Event: Horizontal Handover.
120s DeviceModule:MoveRandom(): New position: (148, 100)
120s DecisionModule:RemoveNetworkFromList(): Network: 3 out of range!
120s DecisionModule:RemoveNetworkFromList(): Network: 11 out of range!
121s DeviceModule:MoveRandom(): New position: (136, 100)
121s DecisionModule:AddNetworkToList(): Network detected
121s DecisionModule:AddNetworkToList(): Network detected
122s DeviceModule:MoveRandom(): New position: (124, 100)
122s DecisionModule:AddNetworkToList(): Network detected
122s DecisionModule:AddNetworkToList(): Network detected
122s DecisionModule:AddNetworkToList(): Network detected
123s DeviceModule:MoveRandom(): New position: (112, 100)
123s DecisionModule:AddNetworkToList(): Network detected
123s DecisionModule:AddNetworkToList(): Network detected
124s DeviceModule:MoveRandom(): New position: (112, 88)
124s DecisionModule:RemoveNetworkFromList(): Network: 8 out of range!
125s DeviceModule:MoveRandom(): New position: (112, 100)
125s DecisionModule:AddNetworkToList(): Network detected
126s DeviceModule:MoveRandom(): New position: (124, 100)
126s DecisionModule:RemoveNetworkFromList(): Network: 0 out of range!
126s DecisionModule:RemoveNetworkFromList(): Network: 8 out of range!
127s DeviceModule:MoveRandom(): New position: (124, 88)
127s DecisionModule:AddNetworkToList(): Network detected
128s DeviceModule:MoveRandom(): New position: (124, 100)
128s DecisionModule:RemoveNetworkFromList(): Network: 0 out of range!
129s DeviceModule:MoveRandom(): New position: (136, 100)
129s DecisionModule:RemoveNetworkFromList(): Network: 4 out of range!
129s DecisionModule:RemoveNetworkFromList(): Network: 5 out of range!
129s DecisionModule:RemoveNetworkFromList(): Network: 7 out of range!
130s DeviceModule:MoveRandom(): New position: (148, 100)
130s DecisionModule:RemoveNetworkFromList(): Network: 3 out of range!
130s DecisionModule:RemoveNetworkFromList(): Network: 11 out of range!
131s DeviceModule:MoveRandom(): New position: (148, 112)
131s DecisionModule:RemoveNetworkFromList(): Network: 2 out of range!
131s DecisionModule:RemoveNetworkFromList(): Network: 18 out of range!
132s DeviceModule:MoveRandom(): New position: (148, 100)
132s DecisionModule:AddNetworkToList(): Network detected
132s DecisionModule:AddNetworkToList(): Network detected
133s DeviceModule:MoveRandom(): New position: (148, 112)
133s DecisionModule:RemoveNetworkFromList(): Network: 2 out of range!
133s DecisionModule:RemoveNetworkFromList(): Network: 18 out of range!
134s DeviceModule:MoveRandom(): New position: (160, 112)
134s DecisionModule:RemoveNetworkFromList(): Network: 19 out of range!
135s DeviceModule:MoveRandom(): New position: (160, 100)
135s DecisionModule:AddNetworkToList(): Network detected
136s DeviceModule:MoveRandom(): New position: (160, 112)
136s DecisionModule:RemoveNetworkFromList(): Network: 18 out of range!
137s DeviceModule:MoveRandom(): New position: (160, 124)
137s DecisionModule:AddNetworkToList(): Network detected
138s DeviceModule:MoveRandom(): New position: (160, 136)
138s DecisionModule:RemoveNetworkFromList(): Network: 17 out of range!
139s DeviceModule:MoveRandom(): New position: (172, 136)
139s DecisionModule:RemoveNetworkFromList(): Network: 19 out of range!
140s DecisionModule:Run(): Run decision
140s DecisionModule:AnalyzingNetworks(): Current Network: 
       [Network #10, Technology = Wifi, Address = 02-06-00:00:00:00:00:0c, { DataRate: 99, SignalStrength: 98, AntiFragility: 97}, IQ: 97]
140s DecisionModule:ShowAllNetworks(): All detected networks:
       [Network #10, Technology = Wifi, Address = 02-06-00:00:00:00:00:0c, { DataRate: 99, SignalStrength: 98, AntiFragility: 97}, IQ: 97]
       [Network #14, Technology = Wifi, Address = 02-06-00:00:00:00:00:10, { DataRate: 99, SignalStrength: 95, AntiFragility: 94}, IQ: 95]
       [Network #9, Technology = Wifi, Address = 02-06-00:00:00:00:00:0b, { DataRate: 64, SignalStrength: 72, AntiFragility: 71}, IQ: 69]
       [Network #12, Technology = Wifi, Address = 02-06-00:00:00:00:00:0e, { DataRate: 92, SignalStrength: 61, AntiFragility: 57}, IQ: 66]
       [Network #15, Technology = Wifi, Address = 02-06-00:00:00:00:00:11, { DataRate: 95, SignalStrength: 55, AntiFragility: 44}, IQ: 59]
       [Network #1, Technology = Wifi, Address = 02-06-00:00:00:00:00:03, { DataRate: 2, SignalStrength: 47, AntiFragility: 45}, IQ: 34]
140s ExecutionModule:Run(): Decision time => Seconds: 0, Miliseconds: 199
140s ExecutionModule:Run(): Handover time => Seconds: 0, Miliseconds: 122
140s ExecutionModule:Run(): Event: Horizontal Handover.
140s DeviceModule:MoveRandom(): New position: (184, 136)
140s DecisionModule:RemoveNetworkFromList(): Network: 1 out of range!
141s DeviceModule:MoveRandom(): New position: (184, 124)
141s DecisionModule:AddNetworkToList(): Network detected
142s DeviceModule:MoveRandom(): New position: (184, 112)
142s DecisionModule:AddNetworkToList(): Network detected
143s DeviceModule:MoveRandom(): New position: (184, 124)
143s DecisionModule:RemoveNetworkFromList(): Network: 17 out of range!
144s DeviceModule:MoveRandom(): New position: (184, 136)
144s DecisionModule:RemoveNetworkFromList(): Network: 1 out of range!
145s DeviceModule:MoveRandom(): New position: (172, 136)
145s DecisionModule:AddNetworkToList(): Network detected
146s DeviceModule:MoveRandom(): New position: (184, 136)
146s DecisionModule:RemoveNetworkFromList(): Network: 1 out of range!
147s DeviceModule:MoveRandom(): New position: (172, 136)
147s DecisionModule:AddNetworkToList(): Network detected
148s DeviceModule:MoveRandom(): New position: (172, 124)
148s DecisionModule:AddNetworkToList(): Network detected
149s DeviceModule:MoveRandom(): New position: (160, 124)
149s DecisionModule:AddNetworkToList(): Network detected
150s DeviceModule:MoveRandom(): New position: (160, 112)
150s DecisionModule:RemoveNetworkFromList(): Network: 19 out of range!
151s DeviceModule:MoveRandom(): New position: (160, 100)
151s DecisionModule:AddNetworkToList(): Network detected
152s DeviceModule:MoveRandom(): New position: (148, 100)
152s DecisionModule:AddNetworkToList(): Network detected
152s DecisionModule:AddNetworkToList(): Network detected
153s DeviceModule:MoveRandom(): New position: (148, 112)
153s DecisionModule:RemoveNetworkFromList(): Network: 2 out of range!
153s DecisionModule:RemoveNetworkFromList(): Network: 18 out of range!
154s DeviceModule:MoveRandom(): New position: (148, 124)
155s DeviceModule:MoveRandom(): New position: (136, 124)
155s DecisionModule:AddNetworkToList(): Network detected
155s DecisionModule:AddNetworkToList(): Network detected
156s DeviceModule:MoveRandom(): New position: (148, 124)
156s DecisionModule:RemoveNetworkFromList(): Network: 2 out of range!
156s DecisionModule:RemoveNetworkFromList(): Network: 3 out of range!
157s DeviceModule:MoveRandom(): New position: (160, 124)
158s DeviceModule:MoveRandom(): New position: (160, 136)
158s DecisionModule:RemoveNetworkFromList(): Network: 17 out of range!
159s DeviceModule:MoveRandom(): New position: (148, 136)
159s DecisionModule:AddNetworkToList(): Network detected
160s DecisionModule:Run(): Run decision
160s DecisionModule:AnalyzingNetworks(): Current Network: 
       [Network #14, Technology = Wifi, Address = 02-06-00:00:00:00:00:10, { DataRate: 95, SignalStrength: 99, AntiFragility: 99}, IQ: 98]
160s DecisionModule:ShowAllNetworks(): All detected networks:
       [Network #14, Technology = Wifi, Address = 02-06-00:00:00:00:00:10, { DataRate: 95, SignalStrength: 99, AntiFragility: 99}, IQ: 98]
       [Network #12, Technology = Wifi, Address = 02-06-00:00:00:00:00:0e, { DataRate: 23, SignalStrength: 94, AntiFragility: 95}, IQ: 76]
       [Network #1, Technology = Wifi, Address = 02-06-00:00:00:00:00:03, { DataRate: 87, SignalStrength: 67, AntiFragility: 62}, IQ: 69]
       [Network #17, Technology = Wifi, Address = 02-06-00:00:00:00:00:13, { DataRate: 77, SignalStrength: 47, AntiFragility: 70}, IQ: 66]
       [Network #9, Technology = Wifi, Address = 02-06-00:00:00:00:00:0b, { DataRate: 89, SignalStrength: 85, AntiFragility: 12}, IQ: 49]
       [Network #19, Technology = Wimax, Address = 02-06-00:00:00:00:00:16, { DataRate: 69, SignalStrength: 88, AntiFragility: 10}, IQ: 44]
       [Network #10, Technology = Wifi, Address = 02-06-00:00:00:00:00:0c, { DataRate: 26, SignalStrength: 35, AntiFragility: 43}, IQ: 36]
       [Network #15, Technology = Wifi, Address = 02-06-00:00:00:00:00:11, { DataRate: 17, SignalStrength: 39, AntiFragility: 31}, IQ: 29]
160s ExecutionModule:Run(): Decision time => Seconds: 0, Miliseconds: 218
160s ExecutionModule:Run(): Handover time => Seconds: 0, Miliseconds: 122
160s ExecutionModule:Run(): Event: Horizontal Handover.
160s DeviceModule:MoveRandom(): New position: (136, 136)
160s DecisionModule:AddNetworkToList(): Network detected
160s DecisionModule:AddNetworkToList(): Network detected
161s DeviceModule:MoveRandom(): New position: (124, 136)
161s DecisionModule:AddNetworkToList(): Network detected
161s DecisionModule:AddNetworkToList(): Network detected
161s DecisionModule:AddNetworkToList(): Network detected
162s DeviceModule:MoveRandom(): New position: (112, 136)
162s DecisionModule:RemoveNetworkFromList(): Network: 9 out of range!
163s DeviceModule:MoveRandom(): New position: (124, 136)
163s DecisionModule:AddNetworkToList(): Network detected
164s DeviceModule:MoveRandom(): New position: (124, 124)
165s DeviceModule:MoveRandom(): New position: (124, 112)
166s DeviceModule:MoveRandom(): New position: (112, 112)
166s DecisionModule:AddNetworkToList(): Network detected
167s DeviceModule:MoveRandom(): New position: (112, 100)
167s DecisionModule:AddNetworkToList(): Network detected
167s DecisionModule:AddNetworkToList(): Network detected
167s DecisionModule:AddNetworkToList(): Network detected
168s DeviceModule:MoveRandom(): New position: (124, 100)
168s DecisionModule:RemoveNetworkFromList(): Network: 0 out of range!
168s DecisionModule:RemoveNetworkFromList(): Network: 8 out of range!
169s DeviceModule:MoveRandom(): New position: (112, 100)
169s DecisionModule:AddNetworkToList(): Network detected
169s DecisionModule:AddNetworkToList(): Network detected
170s DeviceModule:MoveRandom(): New position: (100, 100)
170s DecisionModule:AddNetworkToList(): Network detected
171s DeviceModule:MoveRandom(): New position: (100, 88)
171s DecisionModule:RemoveNetworkFromList(): Network: 15 out of range!
172s DeviceModule:MoveRandom(): New position: (88, 88)
173s DeviceModule:MoveRandom(): New position: (100, 88)
174s DeviceModule:MoveRandom(): New position: (100, 100)
174s DecisionModule:AddNetworkToList(): Network detected
175s DeviceModule:MoveRandom(): New position: (100, 112)
175s DecisionModule:RemoveNetworkFromList(): Network: 18 out of range!
176s DeviceModule:MoveRandom(): New position: (112, 112)
176s DecisionModule:RemoveNetworkFromList(): Network: 0 out of range!
176s DecisionModule:RemoveNetworkFromList(): Network: 7 out of range!
176s DecisionModule:RemoveNetworkFromList(): Network: 16 out of range!
177s DeviceModule:MoveRandom(): New position: (112, 124)
177s DecisionModule:RemoveNetworkFromList(): Network: 11 out of range!
178s DeviceModule:MoveRandom(): New position: (100, 124)
178s DecisionModule:RemoveNetworkFromList(): Network: 9 out of range!
179s DeviceModule:MoveRandom(): New position: (88, 124)
179s DecisionModule:AddNetworkToList(): Network detected
179s DecisionModule:AddNetworkToList(): Network detected
179s DecisionModule:AddNetworkToList(): Network detected
180s DecisionModule:Run(): Run decision
180s DecisionModule:AnalyzingNetworks(): Current Network: 
       [Network #12, Technology = Wifi, Address = 02-06-00:00:00:00:00:0e, { DataRate: 97, SignalStrength: 69, AntiFragility: 79}, IQ: 81]
180s DecisionModule:ShowAllNetworks(): All detected networks:
       [Network #12, Technology = Wifi, Address = 02-06-00:00:00:00:00:0e, { DataRate: 97, SignalStrength: 69, AntiFragility: 79}, IQ: 81]
       [Network #1, Technology = Wifi, Address = 02-06-00:00:00:00:00:03, { DataRate: 89, SignalStrength: 29, AntiFragility: 96}, IQ: 77]
       [Network #4, Technology = Wifi, Address = 02-06-00:00:00:00:00:06, { DataRate: 89, SignalStrength: 68, AntiFragility: 76}, IQ: 77]
       [Network #10, Technology = Wifi, Address = 02-06-00:00:00:00:00:0c, { DataRate: 52, SignalStrength: 67, AntiFragility: 87}, IQ: 73]
       [Network #5, Technology = Wifi, Address = 02-06-00:00:00:00:00:07, { DataRate: 90, SignalStrength: 5, AntiFragility: 97}, IQ: 72]
       [Network #8, Technology = Wifi, Address = 02-06-00:00:00:00:00:0a, { DataRate: 75, SignalStrength: 42, AntiFragility: 85}, IQ: 71]
       [Network #14, Technology = Wifi, Address = 02-06-00:00:00:00:00:10, { DataRate: 42, SignalStrength: 55, AntiFragility: 94}, IQ: 71]
       [Network #16, Technology = Wifi, Address = 02-06-00:00:00:00:00:12, { DataRate: 16, SignalStrength: 81, AntiFragility: 87}, IQ: 67]
       [Network #17, Technology = Wifi, Address = 02-06-00:00:00:00:00:13, { DataRate: 28, SignalStrength: 76, AntiFragility: 68}, IQ: 60]
       [Network #2, Technology = Wifi, Address = 02-06-00:00:00:00:00:04, { DataRate: 34, SignalStrength: 37, AntiFragility: 79}, IQ: 57]
       [Network #19, Technology = Wimax, Address = 02-06-00:00:00:00:00:16, { DataRate: 49, SignalStrength: 5, AntiFragility: 83}, IQ: 55]
       [Network #3, Technology = Wifi, Address = 02-06-00:00:00:00:00:05, { DataRate: 70, SignalStrength: 95, AntiFragility: 25}, IQ: 53]
       [Network #11, Technology = Wifi, Address = 02-06-00:00:00:00:00:0d, { DataRate: 40, SignalStrength: 32, AntiFragility: 45}, IQ: 40]
       [Network #6, Technology = Wifi, Address = 02-06-00:00:00:00:00:08, { DataRate: 11, SignalStrength: 64, AntiFragility: 17}, IQ: 27]
       [Network #15, Technology = Wifi, Address = 02-06-00:00:00:00:00:11, { DataRate: 19, SignalStrength: 45, AntiFragility: 1}, IQ: 16]
180s ExecutionModule:Run(): Decision time => Seconds: 0, Miliseconds: 250
180s ExecutionModule:Run(): Handover time => Seconds: 0, Miliseconds: 121
180s ExecutionModule:Run(): Event: Horizontal Handover.
180s DeviceModule:MoveRandom(): New position: (100, 124)
180s DecisionModule:RemoveNetworkFromList(): Network: 6 out of range!
180s DecisionModule:RemoveNetworkFromList(): Network: 11 out of range!
180s DecisionModule:RemoveNetworkFromList(): Network: 16 out of range!
181s DeviceModule:MoveRandom(): New position: (88, 124)
181s DecisionModule:AddNetworkToList(): Network detected
181s DecisionModule:AddNetworkToList(): Network detected
181s DecisionModule:AddNetworkToList(): Network detected
182s DeviceModule:MoveRandom(): New position: (76, 124)
182s DecisionModule:AddNetworkToList(): Network detected
183s DeviceModule:MoveRandom(): New position: (76, 136)
183s DecisionModule:RemoveNetworkFromList(): Network: 0 out of range!
183s DecisionModule:RemoveNetworkFromList(): Network: 11 out of range!
184s DeviceModule:MoveRandom(): New position: (76, 124)
184s DecisionModule:AddNetworkToList(): Network detected
184s DecisionModule:AddNetworkToList(): Network detected
185s DeviceModule:MoveRandom(): New position: (88, 124)
185s DecisionModule:RemoveNetworkFromList(): Network: 0 out of range!
186s DeviceModule:MoveRandom(): New position: (88, 136)
186s DecisionModule:RemoveNetworkFromList(): Network: 11 out of range!
187s DeviceModule:MoveRandom(): New position: (88, 148)
187s DecisionModule:RemoveNetworkFromList(): Network: 17 out of range!
188s DeviceModule:MoveRandom(): New position: (76, 148)
189s DeviceModule:MoveRandom(): New position: (76, 160)
190s DeviceModule:MoveRandom(): New position: (88, 160)
190s DecisionModule:RemoveNetworkFromList(): Network: 16 out of range!
191s DeviceModule:MoveRandom(): New position: (100, 160)
191s DecisionModule:RemoveNetworkFromList(): Network: 2 out of range!
192s DeviceModule:MoveRandom(): New position: (88, 160)
192s DecisionModule:AddNetworkToList(): Network detected
193s DeviceModule:MoveRandom(): New position: (88, 148)
193s DecisionModule:AddNetworkToList(): Network detected
194s DeviceModule:MoveRandom(): New position: (88, 136)
194s DecisionModule:AddNetworkToList(): Network detected
195s DeviceModule:MoveRandom(): New position: (88, 124)
195s DecisionModule:AddNetworkToList(): Network detected
196s DeviceModule:MoveRandom(): New position: (88, 136)
196s DecisionModule:RemoveNetworkFromList(): Network: 11 out of range!
197s DeviceModule:MoveRandom(): New position: (76, 136)
198s DeviceModule:MoveRandom(): New position: (88, 136)
199s DeviceModule:MoveRandom(): New position: (88, 124)
199s DecisionModule:AddNetworkToList(): Network detected
