Waf: Entering directory `/home/renan/Documents/NR2/ns-allinone-3.20/ns-3.20/build'
Waf: Leaving directory `/home/renan/Documents/NR2/ns-allinone-3.20/ns-3.20/build'
'build' finished successfully (1.927s)
0s NetworkModule:SetPosition(): Network 0 set position => (15, 69)
0s NetworkModule:SetRange(): Network 0 set range => 100
0s NetworkModule:SetPosition(): Network 1 set position => (143, 15)
0s NetworkModule:SetRange(): Network 1 set range => 100
0s NetworkModule:SetPosition(): Network 2 set position => (194, 56)
0s NetworkModule:SetRange(): Network 2 set range => 100
0s NetworkModule:SetPosition(): Network 3 set position => (66, 10)
0s NetworkModule:SetRange(): Network 3 set range => 100
0s NetworkModule:SetPosition(): Network 4 set position => (118, 48)
0s NetworkModule:SetRange(): Network 4 set range => 100
0s NetworkModule:SetPosition(): Network 5 set position => (116, 195)
0s NetworkModule:SetRange(): Network 5 set range => 100
0s NetworkModule:SetPosition(): Network 6 set position => (164, 35)
0s NetworkModule:SetRange(): Network 6 set range => 100
0s NetworkModule:SetPosition(): Network 7 set position => (95, 23)
0s NetworkModule:SetRange(): Network 7 set range => 100
0s NetworkModule:SetPosition(): Network 8 set position => (120, 94)
0s NetworkModule:SetRange(): Network 8 set range => 100
0s NetworkModule:SetPosition(): Network 9 set position => (175, 137)
0s NetworkModule:SetRange(): Network 9 set range => 100
0s NetworkModule:SetPosition(): Network 10 set position => (131, 73)
0s NetworkModule:SetRange(): Network 10 set range => 100
0s NetworkModule:SetPosition(): Network 11 set position => (174, 171)
0s NetworkModule:SetRange(): Network 11 set range => 100
0s NetworkModule:SetPosition(): Network 12 set position => (138, 75)
0s NetworkModule:SetRange(): Network 12 set range => 100
0s NetworkModule:SetPosition(): Network 13 set position => (44, 116)
0s NetworkModule:SetRange(): Network 13 set range => 100
0s NetworkModule:SetPosition(): Network 14 set position => (50, 106)
0s NetworkModule:SetRange(): Network 14 set range => 100
0s NetworkModule:SetPosition(): Network 15 set position => (175, 101)
0s NetworkModule:SetRange(): Network 15 set range => 100
0s NetworkModule:SetPosition(): Network 16 set position => (69, 17)
0s NetworkModule:SetRange(): Network 16 set range => 100
0s NetworkModule:SetPosition(): Network 17 set position => (74, 70)
0s NetworkModule:SetRange(): Network 17 set range => 100
0s NetworkModule:SetPosition(): Network 18 set position => (80, 63)
0s NetworkModule:SetRange(): Network 18 set range => 100
0s NetworkModule:SetPosition(): Network 19 set position => (63, 140)
0s NetworkModule:SetRange(): Network 19 set range => 100
0s DeviceModule:ConfigureMobility(): Device [init x = 100, init y = 100, max = 200, velocity = 12]
1s DeviceModule:MoveRandom(): New position: (88, 100)
1s DecisionModule:AddNetworkToList(): Network detected
1s DecisionModule:AddNetworkToList(): Network detected
1s DecisionModule:AddNetworkToList(): Network detected
1s DecisionModule:AddNetworkToList(): Network detected
1s DecisionModule:AddNetworkToList(): Network detected
1s DecisionModule:AddNetworkToList(): Network detected
1s DecisionModule:AddNetworkToList(): Network detected
1s DecisionModule:AddNetworkToList(): Network detected
1s DecisionModule:AddNetworkToList(): Network detected
1s DecisionModule:AddNetworkToList(): Network detected
1s DecisionModule:AddNetworkToList(): Network detected
1s DecisionModule:AddNetworkToList(): Network detected
1s DecisionModule:AddNetworkToList(): Network detected
1s DecisionModule:AddNetworkToList(): Network detected
1s DecisionModule:AddNetworkToList(): Network detected
1s DecisionModule:AddNetworkToList(): Network detected
1s DecisionModule:AddNetworkToList(): Network detected
2s DeviceModule:MoveRandom(): New position: (76, 100)
2s DecisionModule:RemoveNetworkFromList(): Network: 5 out of range!
2s DecisionModule:RemoveNetworkFromList(): Network: 6 out of range!
2s DecisionModule:RemoveNetworkFromList(): Network: 9 out of range!
3s DeviceModule:MoveRandom(): New position: (76, 88)
3s DecisionModule:AddNetworkToList(): Network detected
4s DeviceModule:MoveRandom(): New position: (76, 100)
4s DecisionModule:RemoveNetworkFromList(): Network: 1 out of range!
5s DeviceModule:MoveRandom(): New position: (76, 88)
5s DecisionModule:AddNetworkToList(): Network detected
6s DeviceModule:MoveRandom(): New position: (76, 100)
6s DecisionModule:RemoveNetworkFromList(): Network: 1 out of range!
7s DeviceModule:MoveRandom(): New position: (76, 112)
7s DecisionModule:RemoveNetworkFromList(): Network: 3 out of range!
7s DecisionModule:AddNetworkToList(): Network detected
8s DeviceModule:MoveRandom(): New position: (76, 100)
8s DecisionModule:AddNetworkToList(): Network detected
8s DecisionModule:RemoveNetworkFromList(): Network: 5 out of range!
9s DeviceModule:MoveRandom(): New position: (76, 112)
9s DecisionModule:RemoveNetworkFromList(): Network: 3 out of range!
9s DecisionModule:AddNetworkToList(): Network detected
10s DeviceModule:MoveRandom(): New position: (76, 100)
10s DecisionModule:AddNetworkToList(): Network detected
10s DecisionModule:RemoveNetworkFromList(): Network: 5 out of range!
11s DeviceModule:MoveRandom(): New position: (76, 88)
11s DecisionModule:AddNetworkToList(): Network detected
12s DeviceModule:MoveRandom(): New position: (76, 100)
12s DecisionModule:RemoveNetworkFromList(): Network: 1 out of range!
13s DeviceModule:MoveRandom(): New position: (76, 112)
13s DecisionModule:RemoveNetworkFromList(): Network: 3 out of range!
13s DecisionModule:AddNetworkToList(): Network detected
14s DeviceModule:MoveRandom(): New position: (64, 112)
14s DecisionModule:RemoveNetworkFromList(): Network: 15 out of range!
15s DeviceModule:MoveRandom(): New position: (76, 112)
15s DecisionModule:AddNetworkToList(): Network detected
16s DeviceModule:MoveRandom(): New position: (76, 124)
16s DecisionModule:RemoveNetworkFromList(): Network: 7 out of range!
16s DecisionModule:AddNetworkToList(): Network detected
16s DecisionModule:RemoveNetworkFromList(): Network: 15 out of range!
16s DecisionModule:RemoveNetworkFromList(): Network: 16 out of range!
17s DeviceModule:MoveRandom(): New position: (64, 124)
17s DecisionModule:RemoveNetworkFromList(): Network: 9 out of range!
18s DeviceModule:MoveRandom(): New position: (52, 124)
19s DeviceModule:MoveRandom(): New position: (52, 112)
19s DecisionModule:RemoveNetworkFromList(): Network: 5 out of range!
19s DecisionModule:AddNetworkToList(): Network detected
19s DecisionModule:AddNetworkToList(): Network detected
20s DecisionModule:Run(): Run decision
20s DecisionModule:AnalyzingNetworks(): Current Network: 
       [Network #14, Technology = Wifi, Address = 02-06-00:00:00:00:00:10, { DataRate: 65, SignalStrength: 81, AntiFragility: 97}, IQ: 85]
20s DecisionModule:ShowAllNetworks(): All detected networks:
       [Network #14, Technology = Wifi, Address = 02-06-00:00:00:00:00:10, { DataRate: 65, SignalStrength: 81, AntiFragility: 97}, IQ: 85]
       [Network #19, Technology = Wimax, Address = 02-06-00:00:00:00:00:16, { DataRate: 46, SignalStrength: 64, AntiFragility: 81}, IQ: 68]
       [Network #0, Technology = Wifi, Address = 02-06-00:00:00:00:00:02, { DataRate: 5, SignalStrength: 68, AntiFragility: 90}, IQ: 63]
       [Network #13, Technology = Wifi, Address = 02-06-00:00:00:00:00:0f, { DataRate: 54, SignalStrength: 68, AntiFragility: 46}, IQ: 53]
       [Network #17, Technology = Wifi, Address = 02-06-00:00:00:00:00:13, { DataRate: 78, SignalStrength: 14, AntiFragility: 50}, IQ: 48]
       [Network #7, Technology = Wifi, Address = 02-06-00:00:00:00:00:09, { DataRate: 49, SignalStrength: 43, AntiFragility: 51}, IQ: 48]
       [Network #10, Technology = Wifi, Address = 02-06-00:00:00:00:00:0c, { DataRate: 90, SignalStrength: 16, AntiFragility: 41}, IQ: 47]
       [Network #4, Technology = Wifi, Address = 02-06-00:00:00:00:00:06, { DataRate: 69, SignalStrength: 79, AntiFragility: 4}, IQ: 39]
       [Network #12, Technology = Wifi, Address = 02-06-00:00:00:00:00:0e, { DataRate: 6, SignalStrength: 52, AntiFragility: 45}, IQ: 37]
       [Network #18, Technology = Wimax, Address = 02-06-00:00:00:00:00:15, { DataRate: 23, SignalStrength: 83, AntiFragility: 13}, IQ: 33]
       [Network #8, Technology = Wifi, Address = 02-06-00:00:00:00:00:0a, { DataRate: 28, SignalStrength: 83, AntiFragility: 4}, IQ: 29]
       [Network #16, Technology = Wifi, Address = 02-06-00:00:00:00:00:12, { DataRate: 17, SignalStrength: 89, AntiFragility: 5}, IQ: 29]
20s DeviceModule:MoveRandom(): New position: (52, 124)
20s DecisionModule:AddNetworkToList(): Network detected
20s DecisionModule:RemoveNetworkFromList(): Network: 7 out of range!
20s DecisionModule:RemoveNetworkFromList(): Network: 16 out of range!
21s DeviceModule:MoveRandom(): New position: (40, 124)
21s DecisionModule:RemoveNetworkFromList(): Network: 4 out of range!
21s DecisionModule:RemoveNetworkFromList(): Network: 5 out of range!
21s DecisionModule:RemoveNetworkFromList(): Network: 10 out of range!
21s DecisionModule:RemoveNetworkFromList(): Network: 12 out of range!
22s DeviceModule:MoveRandom(): New position: (40, 136)
22s DecisionModule:AddNetworkToList(): Network detected
23s DeviceModule:MoveRandom(): New position: (40, 124)
23s DecisionModule:RemoveNetworkFromList(): Network: 5 out of range!
24s DeviceModule:MoveRandom(): New position: (40, 136)
24s DecisionModule:AddNetworkToList(): Network detected
25s DeviceModule:MoveRandom(): New position: (40, 148)
26s DeviceModule:MoveRandom(): New position: (28, 148)
26s DecisionModule:RemoveNetworkFromList(): Network: 8 out of range!
27s DeviceModule:MoveRandom(): New position: (40, 148)
27s DecisionModule:AddNetworkToList(): Network detected
28s DeviceModule:MoveRandom(): New position: (52, 148)
29s DeviceModule:MoveRandom(): New position: (52, 136)
30s DeviceModule:MoveRandom(): New position: (40, 136)
31s DeviceModule:MoveRandom(): New position: (28, 136)
31s DecisionModule:RemoveNetworkFromList(): Network: 5 out of range!
31s DecisionModule:RemoveNetworkFromList(): Network: 8 out of range!
32s DeviceModule:MoveRandom(): New position: (16, 136)
33s DeviceModule:MoveRandom(): New position: (28, 136)
34s DeviceModule:MoveRandom(): New position: (28, 124)
34s DecisionModule:AddNetworkToList(): Network detected
35s DeviceModule:MoveRandom(): New position: (16, 124)
35s DecisionModule:RemoveNetworkFromList(): Network: 8 out of range!
36s DeviceModule:MoveRandom(): New position: (16, 136)
37s DeviceModule:MoveRandom(): New position: (16, 148)
37s DecisionModule:RemoveNetworkFromList(): Network: 18 out of range!
38s DeviceModule:MoveRandom(): New position: (16, 160)
38s DecisionModule:RemoveNetworkFromList(): Network: 17 out of range!
39s DeviceModule:MoveRandom(): New position: (16, 148)
39s DecisionModule:AddNetworkToList(): Network detected
40s DecisionModule:Run(): Run decision
40s DecisionModule:AnalyzingNetworks(): Current Network: 
       [Network #19, Technology = Wimax, Address = 02-06-00:00:00:00:00:16, { DataRate: 35, SignalStrength: 27, AntiFragility: 77}, IQ: 54]
40s DecisionModule:ShowAllNetworks(): All detected networks:
       [Network #19, Technology = Wimax, Address = 02-06-00:00:00:00:00:16, { DataRate: 35, SignalStrength: 27, AntiFragility: 77}, IQ: 54]
       [Network #17, Technology = Wifi, Address = 02-06-00:00:00:00:00:13, { DataRate: 90, SignalStrength: 32, AntiFragility: 22}, IQ: 41]
       [Network #14, Technology = Wifi, Address = 02-06-00:00:00:00:00:10, { DataRate: 39, SignalStrength: 51, AntiFragility: 25}, IQ: 35]
       [Network #0, Technology = Wifi, Address = 02-06-00:00:00:00:00:02, { DataRate: 44, SignalStrength: 34, AntiFragility: 26}, IQ: 32]
       [Network #13, Technology = Wifi, Address = 02-06-00:00:00:00:00:0f, { DataRate: 46, SignalStrength: 15, AntiFragility: 11}, IQ: 20]
40s ExecutionModule:Run(): Decision time => Seconds: 0, Miliseconds: 270
40s ExecutionModule:Run(): Handover time => Seconds: 0, Miliseconds: 391
40s ExecutionModule:Run(): Event: Vertical Handover.
40s DeviceModule:MoveRandom(): New position: (16, 136)
40s DecisionModule:AddNetworkToList(): Network detected
41s DeviceModule:MoveRandom(): New position: (4, 136)
41s DecisionModule:RemoveNetworkFromList(): Network: 18 out of range!
42s DeviceModule:MoveRandom(): New position: (4, 124)
42s DecisionModule:AddNetworkToList(): Network detected
43s DeviceModule:MoveRandom(): New position: (4, 112)
44s DeviceModule:MoveRandom(): New position: (16, 112)
45s DeviceModule:MoveRandom(): New position: (28, 112)
45s DecisionModule:AddNetworkToList(): Network detected
46s DeviceModule:MoveRandom(): New position: (40, 112)
46s DecisionModule:AddNetworkToList(): Network detected
46s DecisionModule:AddNetworkToList(): Network detected
46s DecisionModule:AddNetworkToList(): Network detected
47s DeviceModule:MoveRandom(): New position: (40, 124)
47s DecisionModule:RemoveNetworkFromList(): Network: 4 out of range!
47s DecisionModule:RemoveNetworkFromList(): Network: 10 out of range!
47s DecisionModule:RemoveNetworkFromList(): Network: 16 out of range!
48s DeviceModule:MoveRandom(): New position: (40, 112)
48s DecisionModule:AddNetworkToList(): Network detected
48s DecisionModule:AddNetworkToList(): Network detected
48s DecisionModule:AddNetworkToList(): Network detected
49s DeviceModule:MoveRandom(): New position: (28, 112)
49s DecisionModule:RemoveNetworkFromList(): Network: 4 out of range!
49s DecisionModule:RemoveNetworkFromList(): Network: 10 out of range!
49s DecisionModule:RemoveNetworkFromList(): Network: 16 out of range!
50s DeviceModule:MoveRandom(): New position: (16, 112)
50s DecisionModule:RemoveNetworkFromList(): Network: 8 out of range!
51s DeviceModule:MoveRandom(): New position: (16, 124)
52s DeviceModule:MoveRandom(): New position: (28, 124)
52s DecisionModule:AddNetworkToList(): Network detected
53s DeviceModule:MoveRandom(): New position: (28, 136)
53s DecisionModule:RemoveNetworkFromList(): Network: 8 out of range!
54s DeviceModule:MoveRandom(): New position: (28, 148)
54s DecisionModule:AddNetworkToList(): Network detected
55s DeviceModule:MoveRandom(): New position: (28, 160)
55s DecisionModule:RemoveNetworkFromList(): Network: 17 out of range!
55s DecisionModule:RemoveNetworkFromList(): Network: 18 out of range!
56s DeviceModule:MoveRandom(): New position: (40, 160)
56s DecisionModule:AddNetworkToList(): Network detected
57s DeviceModule:MoveRandom(): New position: (40, 172)
57s DecisionModule:RemoveNetworkFromList(): Network: 0 out of range!
57s DecisionModule:RemoveNetworkFromList(): Network: 17 out of range!
58s DeviceModule:MoveRandom(): New position: (28, 172)
59s DeviceModule:MoveRandom(): New position: (28, 184)
60s DecisionModule:Run(): Run decision
60s DecisionModule:AnalyzingNetworks(): Current Network: 
       [Network #13, Technology = Wifi, Address = 02-06-00:00:00:00:00:0f, { DataRate: 39, SignalStrength: 36, AntiFragility: 94}, IQ: 65]
60s DecisionModule:ShowAllNetworks(): All detected networks:
       [Network #13, Technology = Wifi, Address = 02-06-00:00:00:00:00:0f, { DataRate: 39, SignalStrength: 36, AntiFragility: 94}, IQ: 65]
       [Network #5, Technology = Wifi, Address = 02-06-00:00:00:00:00:07, { DataRate: 93, SignalStrength: 21, AntiFragility: 44}, IQ: 50]
       [Network #14, Technology = Wifi, Address = 02-06-00:00:00:00:00:10, { DataRate: 58, SignalStrength: 7, AntiFragility: 48}, IQ: 40]
       [Network #19, Technology = Wimax, Address = 02-06-00:00:00:00:00:16, { DataRate: 31, SignalStrength: 36, AntiFragility: 13}, IQ: 23]
60s ExecutionModule:Run(): Decision time => Seconds: 0, Miliseconds: 164
60s ExecutionModule:Run(): Handover time => Seconds: 0, Miliseconds: 44
60s ExecutionModule:Run(): Event: Vertical Handover.
60s DeviceModule:MoveRandom(): New position: (28, 172)
61s DeviceModule:MoveRandom(): New position: (28, 160)
61s DecisionModule:AddNetworkToList(): Network detected
62s DeviceModule:MoveRandom(): New position: (28, 172)
62s DecisionModule:RemoveNetworkFromList(): Network: 0 out of range!
63s DeviceModule:MoveRandom(): New position: (16, 172)
63s DecisionModule:RemoveNetworkFromList(): Network: 5 out of range!
64s DeviceModule:MoveRandom(): New position: (28, 172)
64s DecisionModule:AddNetworkToList(): Network detected
65s DeviceModule:MoveRandom(): New position: (16, 172)
65s DecisionModule:RemoveNetworkFromList(): Network: 5 out of range!
66s DeviceModule:MoveRandom(): New position: (16, 160)
66s DecisionModule:AddNetworkToList(): Network detected
67s DeviceModule:MoveRandom(): New position: (28, 160)
67s DecisionModule:AddNetworkToList(): Network detected
68s DeviceModule:MoveRandom(): New position: (28, 148)
68s DecisionModule:AddNetworkToList(): Network detected
68s DecisionModule:AddNetworkToList(): Network detected
69s DeviceModule:MoveRandom(): New position: (28, 160)
69s DecisionModule:RemoveNetworkFromList(): Network: 17 out of range!
69s DecisionModule:RemoveNetworkFromList(): Network: 18 out of range!
70s DeviceModule:MoveRandom(): New position: (40, 160)
70s DecisionModule:AddNetworkToList(): Network detected
71s DeviceModule:MoveRandom(): New position: (52, 160)
71s DecisionModule:AddNetworkToList(): Network detected
71s DecisionModule:AddNetworkToList(): Network detected
72s DeviceModule:MoveRandom(): New position: (52, 148)
73s DeviceModule:MoveRandom(): New position: (64, 148)
73s DecisionModule:AddNetworkToList(): Network detected
74s DeviceModule:MoveRandom(): New position: (64, 136)
74s DecisionModule:AddNetworkToList(): Network detected
75s DeviceModule:MoveRandom(): New position: (76, 136)
75s DecisionModule:AddNetworkToList(): Network detected
75s DecisionModule:AddNetworkToList(): Network detected
76s DeviceModule:MoveRandom(): New position: (88, 136)
76s DecisionModule:AddNetworkToList(): Network detected
76s DecisionModule:AddNetworkToList(): Network detected
77s DeviceModule:MoveRandom(): New position: (88, 148)
77s DecisionModule:RemoveNetworkFromList(): Network: 0 out of range!
77s DecisionModule:RemoveNetworkFromList(): Network: 4 out of range!
78s DeviceModule:MoveRandom(): New position: (76, 148)
78s DecisionModule:AddNetworkToList(): Network detected
78s DecisionModule:RemoveNetworkFromList(): Network: 15 out of range!
79s DeviceModule:MoveRandom(): New position: (76, 160)
79s DecisionModule:RemoveNetworkFromList(): Network: 0 out of range!
79s DecisionModule:RemoveNetworkFromList(): Network: 9 out of range!
79s DecisionModule:RemoveNetworkFromList(): Network: 10 out of range!
79s DecisionModule:RemoveNetworkFromList(): Network: 12 out of range!
80s DecisionModule:Run(): Run decision
80s DecisionModule:AnalyzingNetworks(): Current Network: 
       [Network #18, Technology = Wimax, Address = 02-06-00:00:00:00:00:15, { DataRate: 81, SignalStrength: 81, AntiFragility: 94}, IQ: 87]
80s DecisionModule:ShowAllNetworks(): All detected networks:
       [Network #18, Technology = Wimax, Address = 02-06-00:00:00:00:00:15, { DataRate: 81, SignalStrength: 81, AntiFragility: 94}, IQ: 87]
       [Network #19, Technology = Wimax, Address = 02-06-00:00:00:00:00:16, { DataRate: 65, SignalStrength: 86, AntiFragility: 61}, IQ: 68]
       [Network #5, Technology = Wifi, Address = 02-06-00:00:00:00:00:07, { DataRate: 85, SignalStrength: 48, AntiFragility: 42}, IQ: 54]
       [Network #8, Technology = Wifi, Address = 02-06-00:00:00:00:00:0a, { DataRate: 10, SignalStrength: 52, AntiFragility: 71}, IQ: 51]
       [Network #11, Technology = Wifi, Address = 02-06-00:00:00:00:00:0d, { DataRate: 50, SignalStrength: 89, AntiFragility: 7}, IQ: 38]
       [Network #14, Technology = Wifi, Address = 02-06-00:00:00:00:00:10, { DataRate: 44, SignalStrength: 35, AntiFragility: 30}, IQ: 34]
       [Network #17, Technology = Wifi, Address = 02-06-00:00:00:00:00:13, { DataRate: 61, SignalStrength: 52, AntiFragility: 8}, IQ: 32]
       [Network #13, Technology = Wifi, Address = 02-06-00:00:00:00:00:0f, { DataRate: 11, SignalStrength: 2, AntiFragility: 59}, IQ: 32]
80s ExecutionModule:Run(): Decision time => Seconds: 0, Miliseconds: 196
80s ExecutionModule:Run(): Handover time => Seconds: 0, Miliseconds: 31
80s ExecutionModule:Run(): Event: Vertical Handover.
80s DeviceModule:MoveRandom(): New position: (64, 160)
80s DecisionModule:RemoveNetworkFromList(): Network: 11 out of range!
81s DeviceModule:MoveRandom(): New position: (64, 148)
81s DecisionModule:AddNetworkToList(): Network detected
81s DecisionModule:AddNetworkToList(): Network detected
82s DeviceModule:MoveRandom(): New position: (64, 160)
82s DecisionModule:RemoveNetworkFromList(): Network: 0 out of range!
82s DecisionModule:RemoveNetworkFromList(): Network: 10 out of range!
83s DeviceModule:MoveRandom(): New position: (64, 172)
83s DecisionModule:RemoveNetworkFromList(): Network: 17 out of range!
83s ExecutionModule:OutOfRange(): OUT OF BETTER NETWORK! Choosing another network...
83s DecisionModule:RemoveNetworkFromList(): Network: 18 out of range!
83s DecisionModule:Run(): Run decision
83s DecisionModule:AnalyzingNetworks(): Current Network: 
       [Network #14, Technology = Wifi, Address = 02-06-00:00:00:00:00:10, { DataRate: 76, SignalStrength: 82, AntiFragility: 57}, IQ: 68]
83s DecisionModule:ShowAllNetworks(): All detected networks:
       [Network #14, Technology = Wifi, Address = 02-06-00:00:00:00:00:10, { DataRate: 76, SignalStrength: 82, AntiFragility: 57}, IQ: 68]
       [Network #5, Technology = Wifi, Address = 02-06-00:00:00:00:00:07, { DataRate: 23, SignalStrength: 12, AntiFragility: 86}, IQ: 51]
       [Network #19, Technology = Wimax, Address = 02-06-00:00:00:00:00:16, { DataRate: 80, SignalStrength: 99, AntiFragility: 6}, IQ: 47]
       [Network #13, Technology = Wifi, Address = 02-06-00:00:00:00:00:0f, { DataRate: 70, SignalStrength: 71, AntiFragility: 16}, IQ: 43]
       [Network #8, Technology = Wifi, Address = 02-06-00:00:00:00:00:0a, { DataRate: 14, SignalStrength: 2, AntiFragility: 4}, IQ: 6]
83s ExecutionModule:Run(): Decision time => Seconds: 0, Miliseconds: 125
83s ExecutionModule:Run(): Handover time => Seconds: 0, Miliseconds: 33
83s ExecutionModule:Run(): Event: Vertical Handover.
84s DeviceModule:MoveRandom(): New position: (64, 160)
84s DecisionModule:AddNetworkToList(): Network detected
84s DecisionModule:AddNetworkToList(): Network detected
85s DeviceModule:MoveRandom(): New position: (52, 160)
85s DecisionModule:AddNetworkToList(): Network detected
86s DeviceModule:MoveRandom(): New position: (40, 160)
86s DecisionModule:RemoveNetworkFromList(): Network: 8 out of range!
86s DecisionModule:RemoveNetworkFromList(): Network: 18 out of range!
87s DeviceModule:MoveRandom(): New position: (40, 148)
87s DecisionModule:AddNetworkToList(): Network detected
87s DecisionModule:AddNetworkToList(): Network detected
88s DeviceModule:MoveRandom(): New position: (40, 136)
89s DeviceModule:MoveRandom(): New position: (40, 124)
89s DecisionModule:RemoveNetworkFromList(): Network: 5 out of range!
90s DeviceModule:MoveRandom(): New position: (28, 124)
91s DeviceModule:MoveRandom(): New position: (16, 124)
91s DecisionModule:RemoveNetworkFromList(): Network: 8 out of range!
92s DeviceModule:MoveRandom(): New position: (28, 124)
92s DecisionModule:AddNetworkToList(): Network detected
93s DeviceModule:MoveRandom(): New position: (28, 112)
94s DeviceModule:MoveRandom(): New position: (28, 100)
94s DecisionModule:AddNetworkToList(): Network detected
94s DecisionModule:AddNetworkToList(): Network detected
95s DeviceModule:MoveRandom(): New position: (40, 100)
95s DecisionModule:AddNetworkToList(): Network detected
95s DecisionModule:AddNetworkToList(): Network detected
95s DecisionModule:AddNetworkToList(): Network detected
96s DeviceModule:MoveRandom(): New position: (40, 88)
96s DecisionModule:AddNetworkToList(): Network detected
97s DeviceModule:MoveRandom(): New position: (40, 76)
98s DeviceModule:MoveRandom(): New position: (40, 88)
99s DeviceModule:MoveRandom(): New position: (52, 88)
100s DecisionModule:Run(): Run decision
100s DecisionModule:AnalyzingNetworks(): Current Network: 
       [Network #12, Technology = Wifi, Address = 02-06-00:00:00:00:00:0e, { DataRate: 53, SignalStrength: 57, AntiFragility: 76}, IQ: 65]
100s DecisionModule:ShowAllNetworks(): All detected networks:
       [Network #12, Technology = Wifi, Address = 02-06-00:00:00:00:00:0e, { DataRate: 53, SignalStrength: 57, AntiFragility: 76}, IQ: 65]
       [Network #0, Technology = Wifi, Address = 02-06-00:00:00:00:00:02, { DataRate: 71, SignalStrength: 30, AntiFragility: 69}, IQ: 59]
       [Network #19, Technology = Wimax, Address = 02-06-00:00:00:00:00:16, { DataRate: 35, SignalStrength: 1, AntiFragility: 97}, IQ: 57]
       [Network #18, Technology = Wimax, Address = 02-06-00:00:00:00:00:15, { DataRate: 35, SignalStrength: 53, AntiFragility: 68}, IQ: 56]
       [Network #3, Technology = Wifi, Address = 02-06-00:00:00:00:00:05, { DataRate: 9, SignalStrength: 3, AntiFragility: 86}, IQ: 46]
       [Network #4, Technology = Wifi, Address = 02-06-00:00:00:00:00:06, { DataRate: 95, SignalStrength: 53, AntiFragility: 12}, IQ: 43]
       [Network #14, Technology = Wifi, Address = 02-06-00:00:00:00:00:10, { DataRate: 40, SignalStrength: 65, AntiFragility: 35}, IQ: 43]
       [Network #17, Technology = Wifi, Address = 02-06-00:00:00:00:00:13, { DataRate: 56, SignalStrength: 29, AntiFragility: 43}, IQ: 42]
       [Network #16, Technology = Wifi, Address = 02-06-00:00:00:00:00:12, { DataRate: 72, SignalStrength: 64, AntiFragility: 12}, IQ: 40]
       [Network #10, Technology = Wifi, Address = 02-06-00:00:00:00:00:0c, { DataRate: 47, SignalStrength: 8, AntiFragility: 40}, IQ: 33]
       [Network #8, Technology = Wifi, Address = 02-06-00:00:00:00:00:0a, { DataRate: 32, SignalStrength: 15, AntiFragility: 22}, IQ: 22]
       [Network #13, Technology = Wifi, Address = 02-06-00:00:00:00:00:0f, { DataRate: 13, SignalStrength: 15, AntiFragility: 26}, IQ: 20]
       [Network #7, Technology = Wifi, Address = 02-06-00:00:00:00:00:09, { DataRate: 30, SignalStrength: 40, AntiFragility: 5}, IQ: 20]
100s ExecutionModule:Run(): Decision time => Seconds: 0, Miliseconds: 251
100s ExecutionModule:Run(): Handover time => Seconds: 0, Miliseconds: 123
100s ExecutionModule:Run(): Event: Horizontal Handover.
100s DeviceModule:MoveRandom(): New position: (52, 100)
101s DeviceModule:MoveRandom(): New position: (52, 88)
102s DeviceModule:MoveRandom(): New position: (52, 100)
103s DeviceModule:MoveRandom(): New position: (40, 100)
103s ExecutionModule:OutOfRange(): OUT OF BETTER NETWORK! Choosing another network...
103s DecisionModule:RemoveNetworkFromList(): Network: 12 out of range!
103s DecisionModule:Run(): Run decision
103s DecisionModule:AnalyzingNetworks(): Current Network: 
       [Network #13, Technology = Wifi, Address = 02-06-00:00:00:00:00:0f, { DataRate: 75, SignalStrength: 80, AntiFragility: 94}, IQ: 85]
103s DecisionModule:ShowAllNetworks(): All detected networks:
       [Network #13, Technology = Wifi, Address = 02-06-00:00:00:00:00:0f, { DataRate: 75, SignalStrength: 80, AntiFragility: 94}, IQ: 85]
       [Network #8, Technology = Wifi, Address = 02-06-00:00:00:00:00:0a, { DataRate: 62, SignalStrength: 60, AntiFragility: 56}, IQ: 58]
       [Network #18, Technology = Wimax, Address = 02-06-00:00:00:00:00:15, { DataRate: 54, SignalStrength: 53, AntiFragility: 60}, IQ: 56]
       [Network #16, Technology = Wifi, Address = 02-06-00:00:00:00:00:12, { DataRate: 41, SignalStrength: 53, AntiFragility: 66}, IQ: 56]
       [Network #14, Technology = Wifi, Address = 02-06-00:00:00:00:00:10, { DataRate: 53, SignalStrength: 73, AntiFragility: 48}, IQ: 55]
       [Network #4, Technology = Wifi, Address = 02-06-00:00:00:00:00:06, { DataRate: 17, SignalStrength: 46, AntiFragility: 73}, IQ: 52]
       [Network #17, Technology = Wifi, Address = 02-06-00:00:00:00:00:13, { DataRate: 48, SignalStrength: 64, AntiFragility: 39}, IQ: 47]
       [Network #0, Technology = Wifi, Address = 02-06-00:00:00:00:00:02, { DataRate: 38, SignalStrength: 88, AntiFragility: 20}, IQ: 41]
       [Network #10, Technology = Wifi, Address = 02-06-00:00:00:00:00:0c, { DataRate: 89, SignalStrength: 7, AntiFragility: 27}, IQ: 37]
       [Network #3, Technology = Wifi, Address = 02-06-00:00:00:00:00:05, { DataRate: 36, SignalStrength: 4, AntiFragility: 55}, IQ: 37]
       [Network #19, Technology = Wimax, Address = 02-06-00:00:00:00:00:16, { DataRate: 34, SignalStrength: 70, AntiFragility: 14}, IQ: 33]
       [Network #7, Technology = Wifi, Address = 02-06-00:00:00:00:00:09, { DataRate: 76, SignalStrength: 13, AntiFragility: 1}, IQ: 22]
103s ExecutionModule:Run(): Decision time => Seconds: 0, Miliseconds: 177
103s ExecutionModule:Run(): Handover time => Seconds: 0, Miliseconds: 120
103s ExecutionModule:Run(): Event: Horizontal Handover.
104s DeviceModule:MoveRandom(): New position: (40, 112)
104s DecisionModule:RemoveNetworkFromList(): Network: 3 out of range!
104s DecisionModule:RemoveNetworkFromList(): Network: 7 out of range!
105s DeviceModule:MoveRandom(): New position: (52, 112)
105s DecisionModule:AddNetworkToList(): Network detected
105s DecisionModule:AddNetworkToList(): Network detected
106s DeviceModule:MoveRandom(): New position: (52, 100)
106s DecisionModule:AddNetworkToList(): Network detected
107s DeviceModule:MoveRandom(): New position: (52, 112)
107s DecisionModule:RemoveNetworkFromList(): Network: 3 out of range!
108s DeviceModule:MoveRandom(): New position: (52, 100)
108s DecisionModule:AddNetworkToList(): Network detected
109s DeviceModule:MoveRandom(): New position: (64, 100)
110s DeviceModule:MoveRandom(): New position: (64, 88)
111s DeviceModule:MoveRandom(): New position: (52, 88)
112s DeviceModule:MoveRandom(): New position: (40, 88)
113s DeviceModule:MoveRandom(): New position: (40, 100)
113s DecisionModule:RemoveNetworkFromList(): Network: 12 out of range!
114s DeviceModule:MoveRandom(): New position: (52, 100)
114s DecisionModule:AddNetworkToList(): Network detected
115s DeviceModule:MoveRandom(): New position: (64, 100)
116s DeviceModule:MoveRandom(): New position: (76, 100)
116s DecisionModule:AddNetworkToList(): Network detected
117s DeviceModule:MoveRandom(): New position: (88, 100)
117s DecisionModule:AddNetworkToList(): Network detected
117s DecisionModule:AddNetworkToList(): Network detected
117s DecisionModule:AddNetworkToList(): Network detected
118s DeviceModule:MoveRandom(): New position: (100, 100)
118s DecisionModule:AddNetworkToList(): Network detected
119s DeviceModule:MoveRandom(): New position: (88, 100)
119s DecisionModule:RemoveNetworkFromList(): Network: 1 out of range!
120s DecisionModule:Run(): Run decision
120s DecisionModule:AnalyzingNetworks(): Current Network: 
       [Network #6, Technology = Wifi, Address = 02-06-00:00:00:00:00:08, { DataRate: 78, SignalStrength: 81, AntiFragility: 87}, IQ: 83]
120s DecisionModule:ShowAllNetworks(): All detected networks:
       [Network #6, Technology = Wifi, Address = 02-06-00:00:00:00:00:08, { DataRate: 78, SignalStrength: 81, AntiFragility: 87}, IQ: 83]
       [Network #0, Technology = Wifi, Address = 02-06-00:00:00:00:00:02, { DataRate: 39, SignalStrength: 90, AntiFragility: 74}, IQ: 69]
       [Network #13, Technology = Wifi, Address = 02-06-00:00:00:00:00:0f, { DataRate: 31, SignalStrength: 44, AntiFragility: 98}, IQ: 67]
       [Network #9, Technology = Wifi, Address = 02-06-00:00:00:00:00:0b, { DataRate: 73, SignalStrength: 47, AntiFragility: 73}, IQ: 66]
       [Network #14, Technology = Wifi, Address = 02-06-00:00:00:00:00:10, { DataRate: 8, SignalStrength: 71, AntiFragility: 91}, IQ: 65]
       [Network #8, Technology = Wifi, Address = 02-06-00:00:00:00:00:0a, { DataRate: 96, SignalStrength: 35, AntiFragility: 63}, IQ: 64]
       [Network #3, Technology = Wifi, Address = 02-06-00:00:00:00:00:05, { DataRate: 97, SignalStrength: 88, AntiFragility: 32}, IQ: 62]
       [Network #17, Technology = Wifi, Address = 02-06-00:00:00:00:00:13, { DataRate: 33, SignalStrength: 67, AntiFragility: 65}, IQ: 57]
       [Network #5, Technology = Wifi, Address = 02-06-00:00:00:00:00:07, { DataRate: 7, SignalStrength: 34, AntiFragility: 84}, IQ: 52]
       [Network #19, Technology = Wimax, Address = 02-06-00:00:00:00:00:16, { DataRate: 9, SignalStrength: 75, AntiFragility: 53}, IQ: 47]
       [Network #10, Technology = Wifi, Address = 02-06-00:00:00:00:00:0c, { DataRate: 70, SignalStrength: 73, AntiFragility: 23}, IQ: 47]
       [Network #15, Technology = Wifi, Address = 02-06-00:00:00:00:00:11, { DataRate: 49, SignalStrength: 91, AntiFragility: 23}, IQ: 46]
       [Network #4, Technology = Wifi, Address = 02-06-00:00:00:00:00:06, { DataRate: 3, SignalStrength: 42, AntiFragility: 47}, IQ: 34]
       [Network #12, Technology = Wifi, Address = 02-06-00:00:00:00:00:0e, { DataRate: 33, SignalStrength: 44, AntiFragility: 19}, IQ: 28]
       [Network #18, Technology = Wimax, Address = 02-06-00:00:00:00:00:15, { DataRate: 35, SignalStrength: 64, AntiFragility: 4}, IQ: 26]
       [Network #16, Technology = Wifi, Address = 02-06-00:00:00:00:00:12, { DataRate: 4, SignalStrength: 6, AntiFragility: 47}, IQ: 26]
       [Network #7, Technology = Wifi, Address = 02-06-00:00:00:00:00:09, { DataRate: 1, SignalStrength: 25, AntiFragility: 36}, IQ: 24]
120s ExecutionModule:Run(): Decision time => Seconds: 0, Miliseconds: 283
120s ExecutionModule:Run(): Handover time => Seconds: 0, Miliseconds: 122
120s ExecutionModule:Run(): Event: Horizontal Handover.
120s DeviceModule:MoveRandom(): New position: (88, 112)
120s DecisionModule:RemoveNetworkFromList(): Network: 3 out of range!
120s ExecutionModule:OutOfRange(): OUT OF BETTER NETWORK! Choosing another network...
120s DecisionModule:RemoveNetworkFromList(): Network: 6 out of range!
120s DecisionModule:Run(): Run decision
120s DecisionModule:AnalyzingNetworks(): Current Network: 
       [Network #9, Technology = Wifi, Address = 02-06-00:00:00:00:00:0b, { DataRate: 91, SignalStrength: 94, AntiFragility: 90}, IQ: 91]
120s DecisionModule:ShowAllNetworks(): All detected networks:
       [Network #9, Technology = Wifi, Address = 02-06-00:00:00:00:00:0b, { DataRate: 91, SignalStrength: 94, AntiFragility: 90}, IQ: 91]
       [Network #14, Technology = Wifi, Address = 02-06-00:00:00:00:00:10, { DataRate: 77, SignalStrength: 34, AntiFragility: 96}, IQ: 75]
       [Network #19, Technology = Wimax, Address = 02-06-00:00:00:00:00:16, { DataRate: 68, SignalStrength: 28, AntiFragility: 98}, IQ: 73]
       [Network #13, Technology = Wifi, Address = 02-06-00:00:00:00:00:0f, { DataRate: 26, SignalStrength: 69, AntiFragility: 98}, IQ: 72]
       [Network #0, Technology = Wifi, Address = 02-06-00:00:00:00:00:02, { DataRate: 48, SignalStrength: 53, AntiFragility: 77}, IQ: 63]
       [Network #10, Technology = Wifi, Address = 02-06-00:00:00:00:00:0c, { DataRate: 63, SignalStrength: 83, AntiFragility: 53}, IQ: 63]
       [Network #15, Technology = Wifi, Address = 02-06-00:00:00:00:00:11, { DataRate: 69, SignalStrength: 60, AntiFragility: 54}, IQ: 59]
       [Network #8, Technology = Wifi, Address = 02-06-00:00:00:00:00:0a, { DataRate: 67, SignalStrength: 93, AntiFragility: 37}, IQ: 58]
       [Network #17, Technology = Wifi, Address = 02-06-00:00:00:00:00:13, { DataRate: 71, SignalStrength: 23, AntiFragility: 63}, IQ: 55]
       [Network #5, Technology = Wifi, Address = 02-06-00:00:00:00:00:07, { DataRate: 67, SignalStrength: 34, AntiFragility: 51}, IQ: 50]
       [Network #18, Technology = Wimax, Address = 02-06-00:00:00:00:00:15, { DataRate: 38, SignalStrength: 49, AntiFragility: 52}, IQ: 47]
       [Network #7, Technology = Wifi, Address = 02-06-00:00:00:00:00:09, { DataRate: 10, SignalStrength: 90, AntiFragility: 39}, IQ: 44]
       [Network #12, Technology = Wifi, Address = 02-06-00:00:00:00:00:0e, { DataRate: 92, SignalStrength: 1, AntiFragility: 23}, IQ: 34]
       [Network #16, Technology = Wifi, Address = 02-06-00:00:00:00:00:12, { DataRate: 55, SignalStrength: 54, AntiFragility: 3}, IQ: 28]
       [Network #4, Technology = Wifi, Address = 02-06-00:00:00:00:00:06, { DataRate: 23, SignalStrength: 10, AntiFragility: 32}, IQ: 24]
120s ExecutionModule:Run(): Decision time => Seconds: 0, Miliseconds: 197
120s ExecutionModule:Run(): Handover time => Seconds: 0, Miliseconds: 35
120s ExecutionModule:Run(): Event: Horizontal Handover.
121s DeviceModule:MoveRandom(): New position: (76, 112)
121s ExecutionModule:OutOfRange(): OUT OF BETTER NETWORK! Choosing another network...
121s DecisionModule:RemoveNetworkFromList(): Network: 9 out of range!
121s DecisionModule:Run(): Run decision
121s DecisionModule:AnalyzingNetworks(): Current Network: 
       [Network #19, Technology = Wimax, Address = 02-06-00:00:00:00:00:16, { DataRate: 89, SignalStrength: 53, AntiFragility: 90}, IQ: 80]
121s DecisionModule:ShowAllNetworks(): All detected networks:
       [Network #19, Technology = Wimax, Address = 02-06-00:00:00:00:00:16, { DataRate: 89, SignalStrength: 53, AntiFragility: 90}, IQ: 80]
       [Network #5, Technology = Wifi, Address = 02-06-00:00:00:00:00:07, { DataRate: 80, SignalStrength: 65, AntiFragility: 80}, IQ: 76]
       [Network #0, Technology = Wifi, Address = 02-06-00:00:00:00:00:02, { DataRate: 51, SignalStrength: 56, AntiFragility: 98}, IQ: 75]
       [Network #16, Technology = Wifi, Address = 02-06-00:00:00:00:00:12, { DataRate: 44, SignalStrength: 83, AntiFragility: 87}, IQ: 75]
       [Network #10, Technology = Wifi, Address = 02-06-00:00:00:00:00:0c, { DataRate: 48, SignalStrength: 70, AntiFragility: 84}, IQ: 71]
       [Network #15, Technology = Wifi, Address = 02-06-00:00:00:00:00:11, { DataRate: 95, SignalStrength: 50, AntiFragility: 59}, IQ: 65]
       [Network #13, Technology = Wifi, Address = 02-06-00:00:00:00:00:0f, { DataRate: 79, SignalStrength: 63, AntiFragility: 46}, IQ: 58]
       [Network #17, Technology = Wifi, Address = 02-06-00:00:00:00:00:13, { DataRate: 64, SignalStrength: 76, AntiFragility: 45}, IQ: 57]
       [Network #18, Technology = Wimax, Address = 02-06-00:00:00:00:00:15, { DataRate: 98, SignalStrength: 54, AntiFragility: 34}, IQ: 55]
       [Network #8, Technology = Wifi, Address = 02-06-00:00:00:00:00:0a, { DataRate: 97, SignalStrength: 28, AntiFragility: 44}, IQ: 53]
       [Network #7, Technology = Wifi, Address = 02-06-00:00:00:00:00:09, { DataRate: 24, SignalStrength: 63, AntiFragility: 51}, IQ: 47]
       [Network #4, Technology = Wifi, Address = 02-06-00:00:00:00:00:06, { DataRate: 66, SignalStrength: 37, AntiFragility: 33}, IQ: 42]
       [Network #14, Technology = Wifi, Address = 02-06-00:00:00:00:00:10, { DataRate: 25, SignalStrength: 9, AntiFragility: 65}, IQ: 41]
       [Network #12, Technology = Wifi, Address = 02-06-00:00:00:00:00:0e, { DataRate: 13, SignalStrength: 68, AntiFragility: 41}, IQ: 40]
121s ExecutionModule:Run(): Decision time => Seconds: 0, Miliseconds: 209
121s ExecutionModule:Run(): Handover time => Seconds: 0, Miliseconds: 32
121s ExecutionModule:Run(): Event: Vertical Handover.
122s DeviceModule:MoveRandom(): New position: (88, 112)
122s DecisionModule:AddNetworkToList(): Network detected
123s DeviceModule:MoveRandom(): New position: (76, 112)
123s DecisionModule:RemoveNetworkFromList(): Network: 9 out of range!
124s DeviceModule:MoveRandom(): New position: (88, 112)
124s DecisionModule:AddNetworkToList(): Network detected
125s DeviceModule:MoveRandom(): New position: (88, 124)
125s DecisionModule:RemoveNetworkFromList(): Network: 7 out of range!
125s DecisionModule:AddNetworkToList(): Network detected
125s DecisionModule:RemoveNetworkFromList(): Network: 16 out of range!
126s DeviceModule:MoveRandom(): New position: (100, 124)
126s DecisionModule:RemoveNetworkFromList(): Network: 0 out of range!
127s DeviceModule:MoveRandom(): New position: (88, 124)
127s DecisionModule:AddNetworkToList(): Network detected
128s DeviceModule:MoveRandom(): New position: (88, 112)
128s DecisionModule:AddNetworkToList(): Network detected
128s DecisionModule:RemoveNetworkFromList(): Network: 11 out of range!
128s DecisionModule:AddNetworkToList(): Network detected
129s DeviceModule:MoveRandom(): New position: (88, 100)
129s DecisionModule:AddNetworkToList(): Network detected
129s DecisionModule:AddNetworkToList(): Network detected
130s DeviceModule:MoveRandom(): New position: (88, 88)
130s DecisionModule:AddNetworkToList(): Network detected
130s DecisionModule:RemoveNetworkFromList(): Network: 5 out of range!
131s DeviceModule:MoveRandom(): New position: (100, 88)
131s DecisionModule:AddNetworkToList(): Network detected
132s DeviceModule:MoveRandom(): New position: (88, 88)
132s DecisionModule:RemoveNetworkFromList(): Network: 2 out of range!
133s DeviceModule:MoveRandom(): New position: (76, 88)
133s DecisionModule:RemoveNetworkFromList(): Network: 6 out of range!
133s DecisionModule:RemoveNetworkFromList(): Network: 9 out of range!
134s DeviceModule:MoveRandom(): New position: (76, 76)
134s DecisionModule:AddNetworkToList(): Network detected
134s DecisionModule:RemoveNetworkFromList(): Network: 15 out of range!
135s DeviceModule:MoveRandom(): New position: (88, 76)
135s DecisionModule:AddNetworkToList(): Network detected
136s DeviceModule:MoveRandom(): New position: (88, 64)
137s DeviceModule:MoveRandom(): New position: (100, 64)
137s DecisionModule:AddNetworkToList(): Network detected
138s DeviceModule:MoveRandom(): New position: (88, 64)
138s DecisionModule:RemoveNetworkFromList(): Network: 2 out of range!
139s DeviceModule:MoveRandom(): New position: (88, 76)
140s DecisionModule:Run(): Run decision
140s DecisionModule:AnalyzingNetworks(): Current Network: 
       [Network #15, Technology = Wifi, Address = 02-06-00:00:00:00:00:11, { DataRate: 35, SignalStrength: 67, AntiFragility: 96}, IQ: 73]
140s DecisionModule:ShowAllNetworks(): All detected networks:
       [Network #15, Technology = Wifi, Address = 02-06-00:00:00:00:00:11, { DataRate: 35, SignalStrength: 67, AntiFragility: 96}, IQ: 73]
       [Network #7, Technology = Wifi, Address = 02-06-00:00:00:00:00:09, { DataRate: 91, SignalStrength: 20, AntiFragility: 56}, IQ: 55]
       [Network #0, Technology = Wifi, Address = 02-06-00:00:00:00:00:02, { DataRate: 84, SignalStrength: 44, AntiFragility: 44}, IQ: 54]
       [Network #18, Technology = Wimax, Address = 02-06-00:00:00:00:00:15, { DataRate: 1, SignalStrength: 43, AntiFragility: 81}, IQ: 51]
       [Network #3, Technology = Wifi, Address = 02-06-00:00:00:00:00:05, { DataRate: 72, SignalStrength: 61, AntiFragility: 25}, IQ: 45]
       [Network #8, Technology = Wifi, Address = 02-06-00:00:00:00:00:0a, { DataRate: 48, SignalStrength: 47, AntiFragility: 28}, IQ: 37]
       [Network #4, Technology = Wifi, Address = 02-06-00:00:00:00:00:06, { DataRate: 61, SignalStrength: 21, AntiFragility: 33}, IQ: 37]
       [Network #16, Technology = Wifi, Address = 02-06-00:00:00:00:00:12, { DataRate: 57, SignalStrength: 71, AntiFragility: 11}, IQ: 37]
       [Network #10, Technology = Wifi, Address = 02-06-00:00:00:00:00:0c, { DataRate: 66, SignalStrength: 26, AntiFragility: 27}, IQ: 36]
       [Network #17, Technology = Wifi, Address = 02-06-00:00:00:00:00:13, { DataRate: 29, SignalStrength: 90, AntiFragility: 7}, IQ: 33]
       [Network #6, Technology = Wifi, Address = 02-06-00:00:00:00:00:08, { DataRate: 33, SignalStrength: 6, AntiFragility: 43}, IQ: 31]
       [Network #13, Technology = Wifi, Address = 02-06-00:00:00:00:00:0f, { DataRate: 82, SignalStrength: 18, AntiFragility: 9}, IQ: 29]
       [Network #12, Technology = Wifi, Address = 02-06-00:00:00:00:00:0e, { DataRate: 67, SignalStrength: 21, AntiFragility: 15}, IQ: 29]
       [Network #19, Technology = Wimax, Address = 02-06-00:00:00:00:00:16, { DataRate: 45, SignalStrength: 37, AntiFragility: 14}, IQ: 27]
       [Network #14, Technology = Wifi, Address = 02-06-00:00:00:00:00:10, { DataRate: 63, SignalStrength: 36, AntiFragility: 1}, IQ: 25]
       [Network #1, Technology = Wifi, Address = 02-06-00:00:00:00:00:03, { DataRate: 8, SignalStrength: 2, AntiFragility: 8}, IQ: 6]
140s ExecutionModule:Run(): Decision time => Seconds: 0, Miliseconds: 257
140s ExecutionModule:Run(): Handover time => Seconds: 0, Miliseconds: 31
140s ExecutionModule:Run(): Event: Vertical Handover.
140s DeviceModule:MoveRandom(): New position: (88, 88)
140s DecisionModule:AddNetworkToList(): Network detected
141s DeviceModule:MoveRandom(): New position: (88, 100)
141s DecisionModule:RemoveNetworkFromList(): Network: 1 out of range!
141s DecisionModule:AddNetworkToList(): Network detected
142s DeviceModule:MoveRandom(): New position: (76, 100)
142s DecisionModule:RemoveNetworkFromList(): Network: 5 out of range!
142s DecisionModule:RemoveNetworkFromList(): Network: 6 out of range!
142s DecisionModule:RemoveNetworkFromList(): Network: 9 out of range!
143s DeviceModule:MoveRandom(): New position: (64, 100)
143s ExecutionModule:OutOfRange(): OUT OF BETTER NETWORK! Choosing another network...
143s DecisionModule:RemoveNetworkFromList(): Network: 15 out of range!
143s DecisionModule:Run(): Run decision
143s DecisionModule:AnalyzingNetworks(): Current Network: 
       [Network #8, Technology = Wifi, Address = 02-06-00:00:00:00:00:0a, { DataRate: 91, SignalStrength: 67, AntiFragility: 99}, IQ: 89]
143s DecisionModule:ShowAllNetworks(): All detected networks:
       [Network #8, Technology = Wifi, Address = 02-06-00:00:00:00:00:0a, { DataRate: 91, SignalStrength: 67, AntiFragility: 99}, IQ: 89]
       [Network #7, Technology = Wifi, Address = 02-06-00:00:00:00:00:09, { DataRate: 95, SignalStrength: 82, AntiFragility: 63}, IQ: 75]
       [Network #0, Technology = Wifi, Address = 02-06-00:00:00:00:00:02, { DataRate: 16, SignalStrength: 92, AntiFragility: 94}, IQ: 74]
       [Network #16, Technology = Wifi, Address = 02-06-00:00:00:00:00:12, { DataRate: 59, SignalStrength: 67, AntiFragility: 86}, IQ: 74]
       [Network #12, Technology = Wifi, Address = 02-06-00:00:00:00:00:0e, { DataRate: 46, SignalStrength: 88, AntiFragility: 67}, IQ: 67]
       [Network #13, Technology = Wifi, Address = 02-06-00:00:00:00:00:0f, { DataRate: 78, SignalStrength: 43, AntiFragility: 73}, IQ: 66]
       [Network #10, Technology = Wifi, Address = 02-06-00:00:00:00:00:0c, { DataRate: 64, SignalStrength: 40, AntiFragility: 78}, IQ: 65]
       [Network #19, Technology = Wimax, Address = 02-06-00:00:00:00:00:16, { DataRate: 62, SignalStrength: 47, AntiFragility: 44}, IQ: 49]
       [Network #14, Technology = Wifi, Address = 02-06-00:00:00:00:00:10, { DataRate: 83, SignalStrength: 61, AntiFragility: 9}, IQ: 40]
       [Network #17, Technology = Wifi, Address = 02-06-00:00:00:00:00:13, { DataRate: 68, SignalStrength: 62, AntiFragility: 13}, IQ: 39]
       [Network #3, Technology = Wifi, Address = 02-06-00:00:00:00:00:05, { DataRate: 38, SignalStrength: 35, AntiFragility: 41}, IQ: 38]
       [Network #4, Technology = Wifi, Address = 02-06-00:00:00:00:00:06, { DataRate: 24, SignalStrength: 97, AntiFragility: 12}, IQ: 36]
       [Network #18, Technology = Wimax, Address = 02-06-00:00:00:00:00:15, { DataRate: 76, SignalStrength: 27, AntiFragility: 14}, IQ: 32]
143s ExecutionModule:Run(): Decision time => Seconds: 0, Miliseconds: 184
143s ExecutionModule:Run(): Handover time => Seconds: 0, Miliseconds: 122
143s ExecutionModule:Run(): Event: Horizontal Handover.
144s DeviceModule:MoveRandom(): New position: (64, 88)
145s DeviceModule:MoveRandom(): New position: (52, 88)
146s DeviceModule:MoveRandom(): New position: (52, 100)
147s DeviceModule:MoveRandom(): New position: (52, 112)
147s DecisionModule:RemoveNetworkFromList(): Network: 3 out of range!
148s DeviceModule:MoveRandom(): New position: (64, 112)
148s DecisionModule:AddNetworkToList(): Network detected
149s DeviceModule:MoveRandom(): New position: (64, 124)
149s DecisionModule:RemoveNetworkFromList(): Network: 7 out of range!
149s DecisionModule:RemoveNetworkFromList(): Network: 16 out of range!
150s DeviceModule:MoveRandom(): New position: (64, 136)
150s DecisionModule:RemoveNetworkFromList(): Network: 4 out of range!
151s DeviceModule:MoveRandom(): New position: (76, 136)
151s DecisionModule:AddNetworkToList(): Network detected
151s DecisionModule:AddNetworkToList(): Network detected
152s DeviceModule:MoveRandom(): New position: (88, 136)
152s DecisionModule:AddNetworkToList(): Network detected
152s DecisionModule:AddNetworkToList(): Network detected
153s DeviceModule:MoveRandom(): New position: (100, 136)
153s DecisionModule:RemoveNetworkFromList(): Network: 0 out of range!
154s DeviceModule:MoveRandom(): New position: (88, 136)
154s DecisionModule:AddNetworkToList(): Network detected
155s DeviceModule:MoveRandom(): New position: (88, 148)
155s DecisionModule:RemoveNetworkFromList(): Network: 0 out of range!
155s DecisionModule:RemoveNetworkFromList(): Network: 4 out of range!
156s DeviceModule:MoveRandom(): New position: (100, 148)
157s DeviceModule:MoveRandom(): New position: (100, 136)
157s DecisionModule:AddNetworkToList(): Network detected
158s DeviceModule:MoveRandom(): New position: (88, 136)
158s DecisionModule:AddNetworkToList(): Network detected
159s DeviceModule:MoveRandom(): New position: (88, 148)
159s DecisionModule:RemoveNetworkFromList(): Network: 0 out of range!
159s DecisionModule:RemoveNetworkFromList(): Network: 4 out of range!
160s DecisionModule:Run(): Run decision
160s DecisionModule:AnalyzingNetworks(): Current Network: 
       [Network #19, Technology = Wimax, Address = 02-06-00:00:00:00:00:16, { DataRate: 59, SignalStrength: 91, AntiFragility: 75}, IQ: 75]
160s DecisionModule:ShowAllNetworks(): All detected networks:
       [Network #19, Technology = Wimax, Address = 02-06-00:00:00:00:00:16, { DataRate: 59, SignalStrength: 91, AntiFragility: 75}, IQ: 75]
       [Network #12, Technology = Wifi, Address = 02-06-00:00:00:00:00:0e, { DataRate: 62, SignalStrength: 89, AntiFragility: 64}, IQ: 69]
       [Network #18, Technology = Wimax, Address = 02-06-00:00:00:00:00:15, { DataRate: 45, SignalStrength: 45, AntiFragility: 85}, IQ: 65]
       [Network #15, Technology = Wifi, Address = 02-06-00:00:00:00:00:11, { DataRate: 76, SignalStrength: 93, AntiFragility: 10}, IQ: 47]
       [Network #8, Technology = Wifi, Address = 02-06-00:00:00:00:00:0a, { DataRate: 84, SignalStrength: 45, AntiFragility: 27}, IQ: 45]
       [Network #9, Technology = Wifi, Address = 02-06-00:00:00:00:00:0b, { DataRate: 29, SignalStrength: 52, AntiFragility: 47}, IQ: 43]
       [Network #5, Technology = Wifi, Address = 02-06-00:00:00:00:00:07, { DataRate: 41, SignalStrength: 45, AntiFragility: 39}, IQ: 41]
       [Network #17, Technology = Wifi, Address = 02-06-00:00:00:00:00:13, { DataRate: 31, SignalStrength: 82, AntiFragility: 22}, IQ: 39]
       [Network #11, Technology = Wifi, Address = 02-06-00:00:00:00:00:0d, { DataRate: 84, SignalStrength: 61, AntiFragility: 6}, IQ: 39]
       [Network #13, Technology = Wifi, Address = 02-06-00:00:00:00:00:0f, { DataRate: 16, SignalStrength: 41, AntiFragility: 34}, IQ: 31]
       [Network #14, Technology = Wifi, Address = 02-06-00:00:00:00:00:10, { DataRate: 16, SignalStrength: 45, AntiFragility: 21}, IQ: 25]
       [Network #10, Technology = Wifi, Address = 02-06-00:00:00:00:00:0c, { DataRate: 19, SignalStrength: 66, AntiFragility: 2}, IQ: 22]
160s ExecutionModule:Run(): Decision time => Seconds: 0, Miliseconds: 226
160s ExecutionModule:Run(): Handover time => Seconds: 0, Miliseconds: 32
160s ExecutionModule:Run(): Event: Vertical Handover.
160s DeviceModule:MoveRandom(): New position: (76, 148)
160s DecisionModule:AddNetworkToList(): Network detected
160s DecisionModule:RemoveNetworkFromList(): Network: 15 out of range!
161s DeviceModule:MoveRandom(): New position: (88, 148)
161s DecisionModule:RemoveNetworkFromList(): Network: 0 out of range!
161s DecisionModule:AddNetworkToList(): Network detected
162s DeviceModule:MoveRandom(): New position: (88, 160)
162s DecisionModule:RemoveNetworkFromList(): Network: 15 out of range!
163s DeviceModule:MoveRandom(): New position: (76, 160)
163s DecisionModule:RemoveNetworkFromList(): Network: 9 out of range!
163s DecisionModule:RemoveNetworkFromList(): Network: 10 out of range!
163s DecisionModule:RemoveNetworkFromList(): Network: 12 out of range!
164s DeviceModule:MoveRandom(): New position: (76, 172)
164s DecisionModule:RemoveNetworkFromList(): Network: 17 out of range!
164s DecisionModule:RemoveNetworkFromList(): Network: 18 out of range!
165s DeviceModule:MoveRandom(): New position: (76, 184)
166s DeviceModule:MoveRandom(): New position: (88, 184)
166s DecisionModule:AddNetworkToList(): Network detected
167s DeviceModule:MoveRandom(): New position: (88, 172)
168s DeviceModule:MoveRandom(): New position: (100, 172)
169s DeviceModule:MoveRandom(): New position: (88, 172)
170s DeviceModule:MoveRandom(): New position: (88, 184)
171s DeviceModule:MoveRandom(): New position: (76, 184)
171s DecisionModule:RemoveNetworkFromList(): Network: 9 out of range!
172s DeviceModule:MoveRandom(): New position: (88, 184)
172s DecisionModule:AddNetworkToList(): Network detected
173s DeviceModule:MoveRandom(): New position: (76, 184)
173s DecisionModule:RemoveNetworkFromList(): Network: 9 out of range!
174s DeviceModule:MoveRandom(): New position: (76, 172)
175s DeviceModule:MoveRandom(): New position: (76, 184)
176s DeviceModule:MoveRandom(): New position: (64, 184)
176s DecisionModule:RemoveNetworkFromList(): Network: 8 out of range!
176s DecisionModule:RemoveNetworkFromList(): Network: 11 out of range!
177s DeviceModule:MoveRandom(): New position: (76, 184)
177s DecisionModule:AddNetworkToList(): Network detected
177s DecisionModule:AddNetworkToList(): Network detected
178s DeviceModule:MoveRandom(): New position: (76, 196)
178s DecisionModule:RemoveNetworkFromList(): Network: 8 out of range!
178s DecisionModule:RemoveNetworkFromList(): Network: 11 out of range!
179s DeviceModule:MoveRandom(): New position: (76, 184)
179s DecisionModule:AddNetworkToList(): Network detected
179s DecisionModule:AddNetworkToList(): Network detected
180s DecisionModule:Run(): Run decision
180s DecisionModule:AnalyzingNetworks(): Current Network: 
       [Network #13, Technology = Wifi, Address = 02-06-00:00:00:00:00:0f, { DataRate: 89, SignalStrength: 53, AntiFragility: 33}, IQ: 52]
180s DecisionModule:ShowAllNetworks(): All detected networks:
       [Network #13, Technology = Wifi, Address = 02-06-00:00:00:00:00:0f, { DataRate: 89, SignalStrength: 53, AntiFragility: 33}, IQ: 52]
       [Network #19, Technology = Wimax, Address = 02-06-00:00:00:00:00:16, { DataRate: 93, SignalStrength: 99, AntiFragility: 5}, IQ: 50]
       [Network #8, Technology = Wifi, Address = 02-06-00:00:00:00:00:0a, { DataRate: 32, SignalStrength: 18, AntiFragility: 72}, IQ: 48]
       [Network #11, Technology = Wifi, Address = 02-06-00:00:00:00:00:0d, { DataRate: 88, SignalStrength: 75, AntiFragility: 1}, IQ: 41]
       [Network #5, Technology = Wifi, Address = 02-06-00:00:00:00:00:07, { DataRate: 7, SignalStrength: 9, AntiFragility: 54}, IQ: 31]
       [Network #14, Technology = Wifi, Address = 02-06-00:00:00:00:00:10, { DataRate: 16, SignalStrength: 80, AntiFragility: 3}, IQ: 25]
180s ExecutionModule:Run(): Decision time => Seconds: 0, Miliseconds: 183
180s ExecutionModule:Run(): Handover time => Seconds: 0, Miliseconds: 32
180s ExecutionModule:Run(): Event: Vertical Handover.
180s DeviceModule:MoveRandom(): New position: (64, 184)
180s DecisionModule:RemoveNetworkFromList(): Network: 8 out of range!
180s DecisionModule:RemoveNetworkFromList(): Network: 11 out of range!
181s DeviceModule:MoveRandom(): New position: (64, 172)
181s DecisionModule:AddNetworkToList(): Network detected
182s DeviceModule:MoveRandom(): New position: (76, 172)
182s DecisionModule:AddNetworkToList(): Network detected
183s DeviceModule:MoveRandom(): New position: (76, 160)
183s DecisionModule:AddNetworkToList(): Network detected
183s DecisionModule:AddNetworkToList(): Network detected
184s DeviceModule:MoveRandom(): New position: (76, 148)
184s DecisionModule:AddNetworkToList(): Network detected
184s DecisionModule:AddNetworkToList(): Network detected
184s DecisionModule:AddNetworkToList(): Network detected
184s DecisionModule:AddNetworkToList(): Network detected
185s DeviceModule:MoveRandom(): New position: (76, 160)
185s DecisionModule:RemoveNetworkFromList(): Network: 0 out of range!
185s DecisionModule:RemoveNetworkFromList(): Network: 9 out of range!
185s DecisionModule:RemoveNetworkFromList(): Network: 10 out of range!
185s DecisionModule:RemoveNetworkFromList(): Network: 12 out of range!
186s DeviceModule:MoveRandom(): New position: (76, 172)
186s DecisionModule:RemoveNetworkFromList(): Network: 17 out of range!
186s DecisionModule:RemoveNetworkFromList(): Network: 18 out of range!
187s DeviceModule:MoveRandom(): New position: (76, 160)
187s DecisionModule:AddNetworkToList(): Network detected
187s DecisionModule:AddNetworkToList(): Network detected
188s DeviceModule:MoveRandom(): New position: (88, 160)
188s DecisionModule:AddNetworkToList(): Network detected
188s DecisionModule:AddNetworkToList(): Network detected
188s DecisionModule:AddNetworkToList(): Network detected
189s DeviceModule:MoveRandom(): New position: (100, 160)
189s DecisionModule:AddNetworkToList(): Network detected
190s DeviceModule:MoveRandom(): New position: (100, 148)
191s DeviceModule:MoveRandom(): New position: (112, 148)
191s DecisionModule:AddNetworkToList(): Network detected
192s DeviceModule:MoveRandom(): New position: (112, 136)
193s DeviceModule:MoveRandom(): New position: (124, 136)
194s DeviceModule:MoveRandom(): New position: (124, 124)
194s DecisionModule:AddNetworkToList(): Network detected
194s DecisionModule:AddNetworkToList(): Network detected
195s DeviceModule:MoveRandom(): New position: (124, 112)
195s DecisionModule:AddNetworkToList(): Network detected
195s DecisionModule:AddNetworkToList(): Network detected
196s DeviceModule:MoveRandom(): New position: (112, 112)
196s DecisionModule:RemoveNetworkFromList(): Network: 1 out of range!
197s DeviceModule:MoveRandom(): New position: (100, 112)
197s DecisionModule:AddNetworkToList(): Network detected
197s DecisionModule:RemoveNetworkFromList(): Network: 2 out of range!
197s DecisionModule:AddNetworkToList(): Network detected
198s DeviceModule:MoveRandom(): New position: (112, 112)
198s DecisionModule:RemoveNetworkFromList(): Network: 0 out of range!
198s DecisionModule:AddNetworkToList(): Network detected
198s DecisionModule:RemoveNetworkFromList(): Network: 16 out of range!
199s DeviceModule:MoveRandom(): New position: (112, 100)
199s DecisionModule:AddNetworkToList(): Network detected
199s DecisionModule:AddNetworkToList(): Network detected
