Waf: Entering directory `/home/renan/Documents/NR2/ns-allinone-3.20/ns-3.20/build'
Waf: Leaving directory `/home/renan/Documents/NR2/ns-allinone-3.20/ns-3.20/build'
'build' finished successfully (1.913s)
0s NetworkModule:SetPosition(): Network 0 set position => (71, 14)
0s NetworkModule:SetRange(): Network 0 set range => 100
0s NetworkModule:SetPosition(): Network 1 set position => (15, 66)
0s NetworkModule:SetRange(): Network 1 set range => 100
0s NetworkModule:SetPosition(): Network 2 set position => (100, 14)
0s NetworkModule:SetRange(): Network 2 set range => 100
0s NetworkModule:SetPosition(): Network 3 set position => (80, 54)
0s NetworkModule:SetRange(): Network 3 set range => 100
0s NetworkModule:SetPosition(): Network 4 set position => (110, 25)
0s NetworkModule:SetRange(): Network 4 set range => 100
0s NetworkModule:SetPosition(): Network 5 set position => (32, 125)
0s NetworkModule:SetRange(): Network 5 set range => 100
0s NetworkModule:SetPosition(): Network 6 set position => (12, 89)
0s NetworkModule:SetRange(): Network 6 set range => 100
0s NetworkModule:SetPosition(): Network 7 set position => (84, 136)
0s NetworkModule:SetRange(): Network 7 set range => 100
0s NetworkModule:SetPosition(): Network 8 set position => (99, 91)
0s NetworkModule:SetRange(): Network 8 set range => 100
0s NetworkModule:SetPosition(): Network 9 set position => (32, 51)
0s NetworkModule:SetRange(): Network 9 set range => 100
0s DeviceModule:ConfigureMobility(): Device [init x = 75, init y = 75, max = 150, velocity = 12]
1s DeviceModule:MoveRandom(): New position: (75, 63)
1s DecisionModule:AddNetworkToList(): Network detected
1s DecisionModule:AddNetworkToList(): Network detected
1s DecisionModule:AddNetworkToList(): Network detected
1s DecisionModule:AddNetworkToList(): Network detected
1s DecisionModule:AddNetworkToList(): Network detected
1s DecisionModule:AddNetworkToList(): Network detected
1s DecisionModule:AddNetworkToList(): Network detected
1s DecisionModule:AddNetworkToList(): Network detected
1s DecisionModule:AddNetworkToList(): Network detected
1s DecisionModule:AddNetworkToList(): Network detected
2s DeviceModule:MoveRandom(): New position: (75, 51)
3s DeviceModule:MoveRandom(): New position: (75, 39)
4s DeviceModule:MoveRandom(): New position: (87, 39)
4s DecisionModule:RemoveNetworkFromList(): Network: 5 out of range!
5s DeviceModule:MoveRandom(): New position: (87, 51)
5s DecisionModule:AddNetworkToList(): Network detected
6s DeviceModule:MoveRandom(): New position: (75, 51)
7s DeviceModule:MoveRandom(): New position: (63, 51)
8s DeviceModule:MoveRandom(): New position: (51, 51)
9s DeviceModule:MoveRandom(): New position: (63, 51)
10s DeviceModule:MoveRandom(): New position: (75, 51)
11s DeviceModule:MoveRandom(): New position: (87, 51)
12s DeviceModule:MoveRandom(): New position: (87, 39)
12s DecisionModule:RemoveNetworkFromList(): Network: 5 out of range!
13s DeviceModule:MoveRandom(): New position: (87, 51)
13s DecisionModule:AddNetworkToList(): Network detected
14s DeviceModule:MoveRandom(): New position: (75, 51)
15s DeviceModule:MoveRandom(): New position: (87, 51)
16s DeviceModule:MoveRandom(): New position: (87, 39)
16s DecisionModule:RemoveNetworkFromList(): Network: 5 out of range!
17s DeviceModule:MoveRandom(): New position: (87, 51)
17s DecisionModule:AddNetworkToList(): Network detected
18s DeviceModule:MoveRandom(): New position: (75, 51)
19s DeviceModule:MoveRandom(): New position: (87, 51)
20s DecisionModule:Run(): Run decision
20s DecisionModule:AnalyzingNetworks(): Current Network: 
       [Network #1, Technology = Wifi, Address = 02-06-00:00:00:00:00:03, { DataRate: 16, SignalStrength: 99, AntiFragility: 82}, IQ: 69]
20s DecisionModule:ShowAllNetworks(): All detected networks:
       [Network #1, Technology = Wifi, Address = 02-06-00:00:00:00:00:03, { DataRate: 16, SignalStrength: 99, AntiFragility: 82}, IQ: 69]
       [Network #4, Technology = Wifi, Address = 02-06-00:00:00:00:00:06, { DataRate: 2, SignalStrength: 26, AntiFragility: 76}, IQ: 45]
       [Network #3, Technology = Wifi, Address = 02-06-00:00:00:00:00:05, { DataRate: 69, SignalStrength: 84, AntiFragility: 5}, IQ: 40]
       [Network #9, Technology = Wimax, Address = 02-06-00:00:00:00:00:0c, { DataRate: 86, SignalStrength: 1, AntiFragility: 38}, IQ: 40]
       [Network #0, Technology = Wifi, Address = 02-06-00:00:00:00:00:02, { DataRate: 94, SignalStrength: 22, AntiFragility: 11}, IQ: 34]
       [Network #8, Technology = Wimax, Address = 02-06-00:00:00:00:00:0b, { DataRate: 25, SignalStrength: 58, AntiFragility: 23}, IQ: 32]
       [Network #7, Technology = Wifi, Address = 02-06-00:00:00:00:00:09, { DataRate: 55, SignalStrength: 44, AntiFragility: 5}, IQ: 27]
       [Network #6, Technology = Wifi, Address = 02-06-00:00:00:00:00:08, { DataRate: 3, SignalStrength: 34, AntiFragility: 31}, IQ: 24]
       [Network #2, Technology = Wifi, Address = 02-06-00:00:00:00:00:04, { DataRate: 12, SignalStrength: 19, AntiFragility: 28}, IQ: 21]
       [Network #5, Technology = Wifi, Address = 02-06-00:00:00:00:00:07, { DataRate: 9, SignalStrength: 42, AntiFragility: 2}, IQ: 13]
20s DeviceModule:MoveRandom(): New position: (99, 51)
21s DeviceModule:MoveRandom(): New position: (111, 51)
21s DecisionModule:RemoveNetworkFromList(): Network: 5 out of range!
21s DecisionModule:RemoveNetworkFromList(): Network: 6 out of range!
22s DeviceModule:MoveRandom(): New position: (111, 39)
23s DeviceModule:MoveRandom(): New position: (111, 51)
24s DeviceModule:MoveRandom(): New position: (99, 51)
24s DecisionModule:AddNetworkToList(): Network detected
24s DecisionModule:AddNetworkToList(): Network detected
25s DeviceModule:MoveRandom(): New position: (111, 51)
25s DecisionModule:RemoveNetworkFromList(): Network: 5 out of range!
25s DecisionModule:RemoveNetworkFromList(): Network: 6 out of range!
26s DeviceModule:MoveRandom(): New position: (111, 63)
26s DecisionModule:AddNetworkToList(): Network detected
27s DeviceModule:MoveRandom(): New position: (111, 51)
27s DecisionModule:RemoveNetworkFromList(): Network: 5 out of range!
28s DeviceModule:MoveRandom(): New position: (123, 51)
28s ExecutionModule:OutOfRange(): OUT OF BETTER NETWORK! Choosing another network...
28s DecisionModule:RemoveNetworkFromList(): Network: 1 out of range!
28s DecisionModule:Run(): Run decision
28s DecisionModule:AnalyzingNetworks(): Current Network: 
       [Network #8, Technology = Wimax, Address = 02-06-00:00:00:00:00:0b, { DataRate: 72, SignalStrength: 21, AntiFragility: 88}, IQ: 67]
28s DecisionModule:ShowAllNetworks(): All detected networks:
       [Network #8, Technology = Wimax, Address = 02-06-00:00:00:00:00:0b, { DataRate: 72, SignalStrength: 21, AntiFragility: 88}, IQ: 67]
       [Network #4, Technology = Wifi, Address = 02-06-00:00:00:00:00:06, { DataRate: 52, SignalStrength: 33, AntiFragility: 83}, IQ: 62]
       [Network #0, Technology = Wifi, Address = 02-06-00:00:00:00:00:02, { DataRate: 20, SignalStrength: 42, AntiFragility: 81}, IQ: 56]
       [Network #3, Technology = Wifi, Address = 02-06-00:00:00:00:00:05, { DataRate: 32, SignalStrength: 18, AntiFragility: 50}, IQ: 37]
       [Network #7, Technology = Wifi, Address = 02-06-00:00:00:00:00:09, { DataRate: 71, SignalStrength: 6, AntiFragility: 24}, IQ: 31]
       [Network #9, Technology = Wimax, Address = 02-06-00:00:00:00:00:0c, { DataRate: 1, SignalStrength: 32, AntiFragility: 15}, IQ: 15]
       [Network #2, Technology = Wifi, Address = 02-06-00:00:00:00:00:04, { DataRate: 2, SignalStrength: 11, AntiFragility: 9}, IQ: 7]
28s ExecutionModule:Run(): Decision time => Seconds: 0, Miliseconds: 141
28s ExecutionModule:Run(): Handover time => Seconds: 0, Miliseconds: 273
28s ExecutionModule:Run(): Event: Vertical Handover.
29s DeviceModule:MoveRandom(): New position: (123, 39)
29s DecisionModule:RemoveNetworkFromList(): Network: 7 out of range!
30s DeviceModule:MoveRandom(): New position: (123, 51)
30s DecisionModule:AddNetworkToList(): Network detected
31s DeviceModule:MoveRandom(): New position: (111, 51)
31s DecisionModule:AddNetworkToList(): Network detected
32s DeviceModule:MoveRandom(): New position: (111, 63)
32s DecisionModule:AddNetworkToList(): Network detected
33s DeviceModule:MoveRandom(): New position: (123, 63)
33s DecisionModule:RemoveNetworkFromList(): Network: 1 out of range!
33s DecisionModule:RemoveNetworkFromList(): Network: 5 out of range!
34s DeviceModule:MoveRandom(): New position: (123, 75)
35s DeviceModule:MoveRandom(): New position: (123, 63)
36s DeviceModule:MoveRandom(): New position: (123, 51)
37s DeviceModule:MoveRandom(): New position: (123, 63)
38s DeviceModule:MoveRandom(): New position: (111, 63)
38s DecisionModule:AddNetworkToList(): Network detected
38s DecisionModule:AddNetworkToList(): Network detected
39s DeviceModule:MoveRandom(): New position: (111, 75)
39s DecisionModule:AddNetworkToList(): Network detected
40s DecisionModule:Run(): Run decision
40s DecisionModule:AnalyzingNetworks(): Current Network: 
       [Network #8, Technology = Wimax, Address = 02-06-00:00:00:00:00:0b, { DataRate: 93, SignalStrength: 75, AntiFragility: 61}, IQ: 72]
40s DecisionModule:ShowAllNetworks(): All detected networks:
       [Network #8, Technology = Wimax, Address = 02-06-00:00:00:00:00:0b, { DataRate: 93, SignalStrength: 75, AntiFragility: 61}, IQ: 72]
       [Network #3, Technology = Wifi, Address = 02-06-00:00:00:00:00:05, { DataRate: 62, SignalStrength: 87, AntiFragility: 57}, IQ: 65]
       [Network #4, Technology = Wifi, Address = 02-06-00:00:00:00:00:06, { DataRate: 93, SignalStrength: 20, AntiFragility: 70}, IQ: 63]
       [Network #7, Technology = Wifi, Address = 02-06-00:00:00:00:00:09, { DataRate: 93, SignalStrength: 96, AntiFragility: 32}, IQ: 63]
       [Network #6, Technology = Wifi, Address = 02-06-00:00:00:00:00:08, { DataRate: 90, SignalStrength: 33, AntiFragility: 57}, IQ: 59]
       [Network #0, Technology = Wifi, Address = 02-06-00:00:00:00:00:02, { DataRate: 51, SignalStrength: 22, AntiFragility: 75}, IQ: 55]
       [Network #1, Technology = Wifi, Address = 02-06-00:00:00:00:00:03, { DataRate: 44, SignalStrength: 56, AntiFragility: 58}, IQ: 54]
       [Network #9, Technology = Wimax, Address = 02-06-00:00:00:00:00:0c, { DataRate: 9, SignalStrength: 87, AntiFragility: 56}, IQ: 52]
       [Network #2, Technology = Wifi, Address = 02-06-00:00:00:00:00:04, { DataRate: 38, SignalStrength: 35, AntiFragility: 36}, IQ: 36]
       [Network #5, Technology = Wifi, Address = 02-06-00:00:00:00:00:07, { DataRate: 37, SignalStrength: 27, AntiFragility: 21}, IQ: 26]
40s DeviceModule:MoveRandom(): New position: (111, 63)
40s DecisionModule:RemoveNetworkFromList(): Network: 6 out of range!
41s DeviceModule:MoveRandom(): New position: (111, 75)
41s DecisionModule:AddNetworkToList(): Network detected
42s DeviceModule:MoveRandom(): New position: (111, 87)
43s DeviceModule:MoveRandom(): New position: (123, 87)
43s DecisionModule:RemoveNetworkFromList(): Network: 1 out of range!
43s DecisionModule:RemoveNetworkFromList(): Network: 6 out of range!
44s DeviceModule:MoveRandom(): New position: (123, 99)
44s DecisionModule:RemoveNetworkFromList(): Network: 9 out of range!
45s DeviceModule:MoveRandom(): New position: (111, 99)
45s DecisionModule:AddNetworkToList(): Network detected
45s DecisionModule:AddNetworkToList(): Network detected
46s DeviceModule:MoveRandom(): New position: (123, 99)
46s DecisionModule:RemoveNetworkFromList(): Network: 6 out of range!
46s DecisionModule:RemoveNetworkFromList(): Network: 9 out of range!
47s DeviceModule:MoveRandom(): New position: (111, 99)
47s DecisionModule:AddNetworkToList(): Network detected
47s DecisionModule:AddNetworkToList(): Network detected
48s DeviceModule:MoveRandom(): New position: (111, 87)
48s DecisionModule:AddNetworkToList(): Network detected
49s DeviceModule:MoveRandom(): New position: (123, 87)
49s DecisionModule:RemoveNetworkFromList(): Network: 1 out of range!
49s DecisionModule:RemoveNetworkFromList(): Network: 6 out of range!
50s DeviceModule:MoveRandom(): New position: (135, 87)
50s DecisionModule:RemoveNetworkFromList(): Network: 5 out of range!
50s DecisionModule:RemoveNetworkFromList(): Network: 9 out of range!
51s DeviceModule:MoveRandom(): New position: (135, 99)
51s DecisionModule:RemoveNetworkFromList(): Network: 0 out of range!
52s DeviceModule:MoveRandom(): New position: (123, 99)
52s DecisionModule:AddNetworkToList(): Network detected
52s DecisionModule:AddNetworkToList(): Network detected
53s DeviceModule:MoveRandom(): New position: (123, 87)
53s DecisionModule:AddNetworkToList(): Network detected
54s DeviceModule:MoveRandom(): New position: (135, 87)
54s DecisionModule:RemoveNetworkFromList(): Network: 5 out of range!
54s DecisionModule:RemoveNetworkFromList(): Network: 9 out of range!
55s DeviceModule:MoveRandom(): New position: (123, 87)
55s DecisionModule:AddNetworkToList(): Network detected
55s DecisionModule:AddNetworkToList(): Network detected
56s DeviceModule:MoveRandom(): New position: (135, 87)
56s DecisionModule:RemoveNetworkFromList(): Network: 5 out of range!
56s DecisionModule:RemoveNetworkFromList(): Network: 9 out of range!
57s DeviceModule:MoveRandom(): New position: (135, 75)
58s DeviceModule:MoveRandom(): New position: (123, 75)
58s DecisionModule:AddNetworkToList(): Network detected
59s DeviceModule:MoveRandom(): New position: (123, 63)
60s DecisionModule:Run(): Run decision
60s DecisionModule:AnalyzingNetworks(): Current Network: 
       [Network #4, Technology = Wifi, Address = 02-06-00:00:00:00:00:06, { DataRate: 79, SignalStrength: 93, AntiFragility: 95}, IQ: 90]
60s DecisionModule:ShowAllNetworks(): All detected networks:
       [Network #4, Technology = Wifi, Address = 02-06-00:00:00:00:00:06, { DataRate: 79, SignalStrength: 93, AntiFragility: 95}, IQ: 90]
       [Network #9, Technology = Wimax, Address = 02-06-00:00:00:00:00:0c, { DataRate: 59, SignalStrength: 71, AntiFragility: 90}, IQ: 77]
       [Network #0, Technology = Wifi, Address = 02-06-00:00:00:00:00:02, { DataRate: 68, SignalStrength: 84, AntiFragility: 50}, IQ: 63]
       [Network #3, Technology = Wifi, Address = 02-06-00:00:00:00:00:05, { DataRate: 19, SignalStrength: 56, AntiFragility: 72}, IQ: 54]
       [Network #7, Technology = Wifi, Address = 02-06-00:00:00:00:00:09, { DataRate: 92, SignalStrength: 95, AntiFragility: 10}, IQ: 51]
       [Network #2, Technology = Wifi, Address = 02-06-00:00:00:00:00:04, { DataRate: 86, SignalStrength: 50, AntiFragility: 15}, IQ: 41]
       [Network #8, Technology = Wimax, Address = 02-06-00:00:00:00:00:0b, { DataRate: 21, SignalStrength: 77, AntiFragility: 24}, IQ: 36]
60s ExecutionModule:Run(): Decision time => Seconds: 0, Miliseconds: 190
60s ExecutionModule:Run(): Handover time => Seconds: 0, Miliseconds: 45
60s ExecutionModule:Run(): Event: Vertical Handover.
60s DeviceModule:MoveRandom(): New position: (111, 63)
60s DecisionModule:AddNetworkToList(): Network detected
60s DecisionModule:AddNetworkToList(): Network detected
61s DeviceModule:MoveRandom(): New position: (111, 75)
61s DecisionModule:AddNetworkToList(): Network detected
62s DeviceModule:MoveRandom(): New position: (123, 75)
62s DecisionModule:RemoveNetworkFromList(): Network: 1 out of range!
62s DecisionModule:RemoveNetworkFromList(): Network: 5 out of range!
62s DecisionModule:RemoveNetworkFromList(): Network: 6 out of range!
63s DeviceModule:MoveRandom(): New position: (135, 75)
63s DecisionModule:RemoveNetworkFromList(): Network: 9 out of range!
64s DeviceModule:MoveRandom(): New position: (147, 75)
65s DeviceModule:MoveRandom(): New position: (147, 75)
66s DeviceModule:MoveRandom(): New position: (135, 75)
67s DeviceModule:MoveRandom(): New position: (123, 75)
67s DecisionModule:AddNetworkToList(): Network detected
68s DeviceModule:MoveRandom(): New position: (123, 63)
69s DeviceModule:MoveRandom(): New position: (111, 63)
69s DecisionModule:AddNetworkToList(): Network detected
69s DecisionModule:AddNetworkToList(): Network detected
70s DeviceModule:MoveRandom(): New position: (99, 63)
70s DecisionModule:AddNetworkToList(): Network detected
71s DeviceModule:MoveRandom(): New position: (99, 51)
72s DeviceModule:MoveRandom(): New position: (99, 63)
73s DeviceModule:MoveRandom(): New position: (111, 63)
73s DecisionModule:RemoveNetworkFromList(): Network: 6 out of range!
74s DeviceModule:MoveRandom(): New position: (111, 51)
74s DecisionModule:RemoveNetworkFromList(): Network: 5 out of range!
75s DeviceModule:MoveRandom(): New position: (99, 51)
75s DecisionModule:AddNetworkToList(): Network detected
75s DecisionModule:AddNetworkToList(): Network detected
76s DeviceModule:MoveRandom(): New position: (99, 39)
76s DecisionModule:RemoveNetworkFromList(): Network: 5 out of range!
77s DeviceModule:MoveRandom(): New position: (99, 27)
77s DecisionModule:RemoveNetworkFromList(): Network: 6 out of range!
77s DecisionModule:RemoveNetworkFromList(): Network: 7 out of range!
78s DeviceModule:MoveRandom(): New position: (99, 39)
78s DecisionModule:AddNetworkToList(): Network detected
78s DecisionModule:AddNetworkToList(): Network detected
79s DeviceModule:MoveRandom(): New position: (99, 51)
79s DecisionModule:AddNetworkToList(): Network detected
80s DecisionModule:Run(): Run decision
80s DecisionModule:AnalyzingNetworks(): Current Network: 
       [Network #4, Technology = Wifi, Address = 02-06-00:00:00:00:00:06, { DataRate: 63, SignalStrength: 56, AntiFragility: 71}, IQ: 65]
80s DecisionModule:ShowAllNetworks(): All detected networks:
       [Network #4, Technology = Wifi, Address = 02-06-00:00:00:00:00:06, { DataRate: 63, SignalStrength: 56, AntiFragility: 71}, IQ: 65]
       [Network #0, Technology = Wifi, Address = 02-06-00:00:00:00:00:02, { DataRate: 79, SignalStrength: 15, AntiFragility: 84}, IQ: 65]
       [Network #5, Technology = Wifi, Address = 02-06-00:00:00:00:00:07, { DataRate: 59, SignalStrength: 12, AntiFragility: 71}, IQ: 53]
       [Network #6, Technology = Wifi, Address = 02-06-00:00:00:00:00:08, { DataRate: 83, SignalStrength: 42, AntiFragility: 38}, IQ: 50]
       [Network #2, Technology = Wifi, Address = 02-06-00:00:00:00:00:04, { DataRate: 64, SignalStrength: 31, AntiFragility: 49}, IQ: 48]
       [Network #8, Technology = Wimax, Address = 02-06-00:00:00:00:00:0b, { DataRate: 61, SignalStrength: 40, AntiFragility: 46}, IQ: 48]
       [Network #7, Technology = Wifi, Address = 02-06-00:00:00:00:00:09, { DataRate: 51, SignalStrength: 86, AntiFragility: 23}, IQ: 45]
       [Network #1, Technology = Wifi, Address = 02-06-00:00:00:00:00:03, { DataRate: 4, SignalStrength: 95, AntiFragility: 39}, IQ: 44]
       [Network #3, Technology = Wifi, Address = 02-06-00:00:00:00:00:05, { DataRate: 40, SignalStrength: 70, AntiFragility: 23}, IQ: 39]
       [Network #9, Technology = Wimax, Address = 02-06-00:00:00:00:00:0c, { DataRate: 29, SignalStrength: 2, AntiFragility: 50}, IQ: 32]
80s DeviceModule:MoveRandom(): New position: (99, 63)
81s DeviceModule:MoveRandom(): New position: (99, 75)
82s DeviceModule:MoveRandom(): New position: (87, 75)
83s DeviceModule:MoveRandom(): New position: (75, 75)
84s DeviceModule:MoveRandom(): New position: (75, 87)
85s DeviceModule:MoveRandom(): New position: (63, 87)
86s DeviceModule:MoveRandom(): New position: (63, 75)
87s DeviceModule:MoveRandom(): New position: (63, 87)
88s DeviceModule:MoveRandom(): New position: (63, 75)
89s DeviceModule:MoveRandom(): New position: (75, 75)
90s DeviceModule:MoveRandom(): New position: (75, 87)
91s DeviceModule:MoveRandom(): New position: (63, 87)
92s DeviceModule:MoveRandom(): New position: (51, 87)
93s DeviceModule:MoveRandom(): New position: (63, 87)
94s DeviceModule:MoveRandom(): New position: (51, 87)
95s DeviceModule:MoveRandom(): New position: (39, 87)
96s DeviceModule:MoveRandom(): New position: (27, 87)
96s DecisionModule:RemoveNetworkFromList(): Network: 2 out of range!
96s ExecutionModule:OutOfRange(): OUT OF BETTER NETWORK! Choosing another network...
96s DecisionModule:RemoveNetworkFromList(): Network: 4 out of range!
96s DecisionModule:Run(): Run decision
96s DecisionModule:AnalyzingNetworks(): Current Network: 
       [Network #8, Technology = Wimax, Address = 02-06-00:00:00:00:00:0b, { DataRate: 32, SignalStrength: 87, AntiFragility: 98}, IQ: 78]
96s DecisionModule:ShowAllNetworks(): All detected networks:
       [Network #8, Technology = Wimax, Address = 02-06-00:00:00:00:00:0b, { DataRate: 32, SignalStrength: 87, AntiFragility: 98}, IQ: 78]
       [Network #3, Technology = Wifi, Address = 02-06-00:00:00:00:00:05, { DataRate: 69, SignalStrength: 86, AntiFragility: 73}, IQ: 75]
       [Network #5, Technology = Wifi, Address = 02-06-00:00:00:00:00:07, { DataRate: 22, SignalStrength: 62, AntiFragility: 83}, IQ: 62]
       [Network #0, Technology = Wifi, Address = 02-06-00:00:00:00:00:02, { DataRate: 90, SignalStrength: 18, AntiFragility: 62}, IQ: 58]
       [Network #6, Technology = Wifi, Address = 02-06-00:00:00:00:00:08, { DataRate: 61, SignalStrength: 43, AntiFragility: 40}, IQ: 46]
       [Network #1, Technology = Wifi, Address = 02-06-00:00:00:00:00:03, { DataRate: 42, SignalStrength: 67, AntiFragility: 28}, IQ: 41]
       [Network #7, Technology = Wifi, Address = 02-06-00:00:00:00:00:09, { DataRate: 84, SignalStrength: 6, AntiFragility: 36}, IQ: 40]
       [Network #9, Technology = Wimax, Address = 02-06-00:00:00:00:00:0c, { DataRate: 21, SignalStrength: 1, AntiFragility: 1}, IQ: 6]
96s ExecutionModule:Run(): Decision time => Seconds: 0, Miliseconds: 166
96s ExecutionModule:Run(): Handover time => Seconds: 0, Miliseconds: 32
96s ExecutionModule:Run(): Event: Vertical Handover.
97s DeviceModule:MoveRandom(): New position: (15, 87)
98s DeviceModule:MoveRandom(): New position: (3, 87)
99s DeviceModule:MoveRandom(): New position: (15, 87)
100s DecisionModule:Run(): Run decision
100s DecisionModule:AnalyzingNetworks(): Current Network: 
       [Network #8, Technology = Wimax, Address = 02-06-00:00:00:00:00:0b, { DataRate: 32, SignalStrength: 87, AntiFragility: 98}, IQ: 78]
100s DecisionModule:ShowAllNetworks(): All detected networks:
       [Network #8, Technology = Wimax, Address = 02-06-00:00:00:00:00:0b, { DataRate: 32, SignalStrength: 87, AntiFragility: 98}, IQ: 78]
       [Network #3, Technology = Wifi, Address = 02-06-00:00:00:00:00:05, { DataRate: 69, SignalStrength: 86, AntiFragility: 73}, IQ: 75]
       [Network #5, Technology = Wifi, Address = 02-06-00:00:00:00:00:07, { DataRate: 22, SignalStrength: 62, AntiFragility: 83}, IQ: 62]
       [Network #0, Technology = Wifi, Address = 02-06-00:00:00:00:00:02, { DataRate: 90, SignalStrength: 18, AntiFragility: 62}, IQ: 58]
       [Network #6, Technology = Wifi, Address = 02-06-00:00:00:00:00:08, { DataRate: 61, SignalStrength: 43, AntiFragility: 40}, IQ: 46]
       [Network #1, Technology = Wifi, Address = 02-06-00:00:00:00:00:03, { DataRate: 42, SignalStrength: 67, AntiFragility: 28}, IQ: 41]
       [Network #7, Technology = Wifi, Address = 02-06-00:00:00:00:00:09, { DataRate: 84, SignalStrength: 6, AntiFragility: 36}, IQ: 40]
       [Network #9, Technology = Wimax, Address = 02-06-00:00:00:00:00:0c, { DataRate: 21, SignalStrength: 1, AntiFragility: 1}, IQ: 6]
100s DeviceModule:MoveRandom(): New position: (15, 75)
101s DeviceModule:MoveRandom(): New position: (15, 87)
102s DeviceModule:MoveRandom(): New position: (27, 87)
103s DeviceModule:MoveRandom(): New position: (27, 99)
104s DeviceModule:MoveRandom(): New position: (27, 111)
104s DecisionModule:RemoveNetworkFromList(): Network: 0 out of range!
105s DeviceModule:MoveRandom(): New position: (27, 123)
106s DeviceModule:MoveRandom(): New position: (15, 123)
107s DeviceModule:MoveRandom(): New position: (15, 135)
107s DecisionModule:RemoveNetworkFromList(): Network: 3 out of range!
108s DeviceModule:MoveRandom(): New position: (15, 123)
108s DecisionModule:AddNetworkToList(): Network detected
109s DeviceModule:MoveRandom(): New position: (3, 123)
109s DecisionModule:RemoveNetworkFromList(): Network: 3 out of range!
109s ExecutionModule:OutOfRange(): OUT OF BETTER NETWORK! Choosing another network...
109s DecisionModule:RemoveNetworkFromList(): Network: 8 out of range!
109s DecisionModule:Run(): Run decision
109s DecisionModule:AnalyzingNetworks(): Current Network: 
       [Network #1, Technology = Wifi, Address = 02-06-00:00:00:00:00:03, { DataRate: 50, SignalStrength: 76, AntiFragility: 99}, IQ: 81]
109s DecisionModule:ShowAllNetworks(): All detected networks:
       [Network #1, Technology = Wifi, Address = 02-06-00:00:00:00:00:03, { DataRate: 50, SignalStrength: 76, AntiFragility: 99}, IQ: 81]
       [Network #9, Technology = Wimax, Address = 02-06-00:00:00:00:00:0c, { DataRate: 78, SignalStrength: 69, AntiFragility: 71}, IQ: 72]
       [Network #5, Technology = Wifi, Address = 02-06-00:00:00:00:00:07, { DataRate: 28, SignalStrength: 98, AntiFragility: 74}, IQ: 68]
       [Network #6, Technology = Wifi, Address = 02-06-00:00:00:00:00:08, { DataRate: 44, SignalStrength: 93, AntiFragility: 47}, IQ: 57]
       [Network #7, Technology = Wifi, Address = 02-06-00:00:00:00:00:09, { DataRate: 82, SignalStrength: 83, AntiFragility: 28}, IQ: 55]
109s ExecutionModule:Run(): Decision time => Seconds: 0, Miliseconds: 145
109s ExecutionModule:Run(): Handover time => Seconds: 0, Miliseconds: 31
109s ExecutionModule:Run(): Event: Vertical Handover.
110s DeviceModule:MoveRandom(): New position: (15, 123)
110s DecisionModule:AddNetworkToList(): Network detected
110s DecisionModule:AddNetworkToList(): Network detected
111s DeviceModule:MoveRandom(): New position: (3, 123)
111s DecisionModule:RemoveNetworkFromList(): Network: 3 out of range!
111s DecisionModule:RemoveNetworkFromList(): Network: 8 out of range!
112s DeviceModule:MoveRandom(): New position: (15, 123)
112s DecisionModule:AddNetworkToList(): Network detected
112s DecisionModule:AddNetworkToList(): Network detected
113s DeviceModule:MoveRandom(): New position: (3, 123)
113s DecisionModule:RemoveNetworkFromList(): Network: 3 out of range!
113s DecisionModule:RemoveNetworkFromList(): Network: 8 out of range!
114s DeviceModule:MoveRandom(): New position: (3, 123)
115s DeviceModule:MoveRandom(): New position: (3, 123)
116s DeviceModule:MoveRandom(): New position: (3, 111)
116s DecisionModule:AddNetworkToList(): Network detected
116s DecisionModule:AddNetworkToList(): Network detected
117s DeviceModule:MoveRandom(): New position: (3, 111)
118s DeviceModule:MoveRandom(): New position: (15, 111)
119s DeviceModule:MoveRandom(): New position: (27, 111)
120s DecisionModule:Run(): Run decision
120s DecisionModule:AnalyzingNetworks(): Current Network: 
       [Network #3, Technology = Wifi, Address = 02-06-00:00:00:00:00:05, { DataRate: 97, SignalStrength: 52, AntiFragility: 58}, IQ: 66]
120s DecisionModule:ShowAllNetworks(): All detected networks:
       [Network #3, Technology = Wifi, Address = 02-06-00:00:00:00:00:05, { DataRate: 97, SignalStrength: 52, AntiFragility: 58}, IQ: 66]
       [Network #8, Technology = Wimax, Address = 02-06-00:00:00:00:00:0b, { DataRate: 81, SignalStrength: 49, AntiFragility: 64}, IQ: 64]
       [Network #9, Technology = Wimax, Address = 02-06-00:00:00:00:00:0c, { DataRate: 52, SignalStrength: 13, AntiFragility: 94}, IQ: 63]
       [Network #1, Technology = Wifi, Address = 02-06-00:00:00:00:00:03, { DataRate: 33, SignalStrength: 19, AntiFragility: 91}, IQ: 58]
       [Network #5, Technology = Wifi, Address = 02-06-00:00:00:00:00:07, { DataRate: 66, SignalStrength: 85, AntiFragility: 35}, IQ: 55]
       [Network #7, Technology = Wifi, Address = 02-06-00:00:00:00:00:09, { DataRate: 49, SignalStrength: 79, AntiFragility: 43}, IQ: 53]
       [Network #6, Technology = Wifi, Address = 02-06-00:00:00:00:00:08, { DataRate: 89, SignalStrength: 4, AntiFragility: 56}, IQ: 51]
120s ExecutionModule:Run(): Decision time => Seconds: 0, Miliseconds: 450
120s ExecutionModule:Run(): Handover time => Seconds: 0, Miliseconds: 134
120s ExecutionModule:Run(): Event: Horizontal Handover.
120s DeviceModule:MoveRandom(): New position: (39, 111)
121s DeviceModule:MoveRandom(): New position: (39, 99)
121s DecisionModule:AddNetworkToList(): Network detected
122s DeviceModule:MoveRandom(): New position: (27, 99)
123s DeviceModule:MoveRandom(): New position: (27, 111)
123s DecisionModule:RemoveNetworkFromList(): Network: 0 out of range!
124s DeviceModule:MoveRandom(): New position: (39, 111)
125s DeviceModule:MoveRandom(): New position: (39, 123)
126s DeviceModule:MoveRandom(): New position: (39, 135)
127s DeviceModule:MoveRandom(): New position: (39, 147)
127s ExecutionModule:OutOfRange(): OUT OF BETTER NETWORK! Choosing another network...
127s DecisionModule:RemoveNetworkFromList(): Network: 3 out of range!
127s DecisionModule:Run(): Run decision
127s DecisionModule:AnalyzingNetworks(): Current Network: 
       [Network #5, Technology = Wifi, Address = 02-06-00:00:00:00:00:07, { DataRate: 75, SignalStrength: 35, AntiFragility: 83}, IQ: 69]
127s DecisionModule:ShowAllNetworks(): All detected networks:
       [Network #5, Technology = Wifi, Address = 02-06-00:00:00:00:00:07, { DataRate: 75, SignalStrength: 35, AntiFragility: 83}, IQ: 69]
       [Network #1, Technology = Wifi, Address = 02-06-00:00:00:00:00:03, { DataRate: 3, SignalStrength: 85, AntiFragility: 78}, IQ: 61]
       [Network #7, Technology = Wifi, Address = 02-06-00:00:00:00:00:09, { DataRate: 15, SignalStrength: 51, AntiFragility: 90}, IQ: 61]
       [Network #8, Technology = Wimax, Address = 02-06-00:00:00:00:00:0b, { DataRate: 81, SignalStrength: 57, AntiFragility: 5}, IQ: 37]
       [Network #6, Technology = Wifi, Address = 02-06-00:00:00:00:00:08, { DataRate: 43, SignalStrength: 20, AntiFragility: 30}, IQ: 30]
       [Network #9, Technology = Wimax, Address = 02-06-00:00:00:00:00:0c, { DataRate: 2, SignalStrength: 91, AntiFragility: 11}, IQ: 28]
127s ExecutionModule:Run(): Decision time => Seconds: 0, Miliseconds: 131
127s ExecutionModule:Run(): Handover time => Seconds: 0, Miliseconds: 119
127s ExecutionModule:Run(): Event: Horizontal Handover.
128s DeviceModule:MoveRandom(): New position: (51, 147)
128s DecisionModule:AddNetworkToList(): Network detected
129s DeviceModule:MoveRandom(): New position: (51, 147)
130s DeviceModule:MoveRandom(): New position: (51, 135)
131s DeviceModule:MoveRandom(): New position: (63, 135)
132s DeviceModule:MoveRandom(): New position: (63, 123)
133s DeviceModule:MoveRandom(): New position: (75, 123)
134s DeviceModule:MoveRandom(): New position: (75, 135)
135s DeviceModule:MoveRandom(): New position: (75, 123)
136s DeviceModule:MoveRandom(): New position: (63, 123)
137s DeviceModule:MoveRandom(): New position: (51, 123)
138s DeviceModule:MoveRandom(): New position: (51, 111)
138s DecisionModule:AddNetworkToList(): Network detected
139s DeviceModule:MoveRandom(): New position: (63, 111)
139s DecisionModule:AddNetworkToList(): Network detected
140s DecisionModule:Run(): Run decision
140s DecisionModule:AnalyzingNetworks(): Current Network: 
       [Network #7, Technology = Wifi, Address = 02-06-00:00:00:00:00:09, { DataRate: 50, SignalStrength: 86, AntiFragility: 66}, IQ: 67]
140s DecisionModule:ShowAllNetworks(): All detected networks:
       [Network #7, Technology = Wifi, Address = 02-06-00:00:00:00:00:09, { DataRate: 50, SignalStrength: 86, AntiFragility: 66}, IQ: 67]
       [Network #5, Technology = Wifi, Address = 02-06-00:00:00:00:00:07, { DataRate: 8, SignalStrength: 93, AntiFragility: 81}, IQ: 65]
       [Network #3, Technology = Wifi, Address = 02-06-00:00:00:00:00:05, { DataRate: 91, SignalStrength: 86, AntiFragility: 37}, IQ: 62]
       [Network #4, Technology = Wifi, Address = 02-06-00:00:00:00:00:06, { DataRate: 39, SignalStrength: 25, AntiFragility: 72}, IQ: 52]
       [Network #8, Technology = Wimax, Address = 02-06-00:00:00:00:00:0b, { DataRate: 96, SignalStrength: 84, AntiFragility: 8}, IQ: 49]
       [Network #6, Technology = Wifi, Address = 02-06-00:00:00:00:00:08, { DataRate: 70, SignalStrength: 95, AntiFragility: 6}, IQ: 44]
       [Network #1, Technology = Wifi, Address = 02-06-00:00:00:00:00:03, { DataRate: 84, SignalStrength: 30, AntiFragility: 25}, IQ: 41]
       [Network #9, Technology = Wimax, Address = 02-06-00:00:00:00:00:0c, { DataRate: 22, SignalStrength: 8, AntiFragility: 47}, IQ: 31]
       [Network #0, Technology = Wifi, Address = 02-06-00:00:00:00:00:02, { DataRate: 60, SignalStrength: 27, AntiFragility: 14}, IQ: 28]
140s ExecutionModule:Run(): Decision time => Seconds: 0, Miliseconds: 195
140s ExecutionModule:Run(): Handover time => Seconds: 0, Miliseconds: 122
140s ExecutionModule:Run(): Event: Horizontal Handover.
140s DeviceModule:MoveRandom(): New position: (75, 111)
140s DecisionModule:AddNetworkToList(): Network detected
141s DeviceModule:MoveRandom(): New position: (63, 111)
141s DecisionModule:RemoveNetworkFromList(): Network: 2 out of range!
142s DeviceModule:MoveRandom(): New position: (75, 111)
142s DecisionModule:AddNetworkToList(): Network detected
143s DeviceModule:MoveRandom(): New position: (75, 99)
144s DeviceModule:MoveRandom(): New position: (75, 111)
145s DeviceModule:MoveRandom(): New position: (87, 111)
146s DeviceModule:MoveRandom(): New position: (99, 111)
147s DeviceModule:MoveRandom(): New position: (99, 99)
148s DeviceModule:MoveRandom(): New position: (99, 87)
149s DeviceModule:MoveRandom(): New position: (99, 99)
150s DeviceModule:MoveRandom(): New position: (87, 99)
151s DeviceModule:MoveRandom(): New position: (75, 99)
152s DeviceModule:MoveRandom(): New position: (75, 111)
153s DeviceModule:MoveRandom(): New position: (87, 111)
154s DeviceModule:MoveRandom(): New position: (99, 111)
155s DeviceModule:MoveRandom(): New position: (87, 111)
156s DeviceModule:MoveRandom(): New position: (87, 123)
156s DecisionModule:RemoveNetworkFromList(): Network: 0 out of range!
156s DecisionModule:RemoveNetworkFromList(): Network: 2 out of range!
157s DeviceModule:MoveRandom(): New position: (87, 111)
157s DecisionModule:AddNetworkToList(): Network detected
157s DecisionModule:AddNetworkToList(): Network detected
158s DeviceModule:MoveRandom(): New position: (75, 111)
159s DeviceModule:MoveRandom(): New position: (75, 99)
160s DecisionModule:Run(): Run decision
160s DecisionModule:AnalyzingNetworks(): Current Network: 
       [Network #2, Technology = Wifi, Address = 02-06-00:00:00:00:00:04, { DataRate: 34, SignalStrength: 75, AntiFragility: 98}, IQ: 76]
160s DecisionModule:ShowAllNetworks(): All detected networks:
       [Network #2, Technology = Wifi, Address = 02-06-00:00:00:00:00:04, { DataRate: 34, SignalStrength: 75, AntiFragility: 98}, IQ: 76]
       [Network #6, Technology = Wifi, Address = 02-06-00:00:00:00:00:08, { DataRate: 64, SignalStrength: 51, AntiFragility: 81}, IQ: 69]
       [Network #3, Technology = Wifi, Address = 02-06-00:00:00:00:00:05, { DataRate: 41, SignalStrength: 4, AntiFragility: 86}, IQ: 54]
       [Network #4, Technology = Wifi, Address = 02-06-00:00:00:00:00:06, { DataRate: 85, SignalStrength: 21, AntiFragility: 53}, IQ: 53]
       [Network #7, Technology = Wifi, Address = 02-06-00:00:00:00:00:09, { DataRate: 62, SignalStrength: 43, AntiFragility: 45}, IQ: 48]
       [Network #9, Technology = Wimax, Address = 02-06-00:00:00:00:00:0c, { DataRate: 16, SignalStrength: 58, AntiFragility: 37}, IQ: 37]
       [Network #5, Technology = Wifi, Address = 02-06-00:00:00:00:00:07, { DataRate: 56, SignalStrength: 57, AntiFragility: 5}, IQ: 30]
       [Network #8, Technology = Wimax, Address = 02-06-00:00:00:00:00:0b, { DataRate: 22, SignalStrength: 49, AntiFragility: 25}, IQ: 30]
       [Network #1, Technology = Wifi, Address = 02-06-00:00:00:00:00:03, { DataRate: 68, SignalStrength: 30, AntiFragility: 2}, IQ: 25]
       [Network #0, Technology = Wifi, Address = 02-06-00:00:00:00:00:02, { DataRate: 24, SignalStrength: 6, AntiFragility: 6}, IQ: 10]
160s ExecutionModule:Run(): Decision time => Seconds: 0, Miliseconds: 201
160s ExecutionModule:Run(): Handover time => Seconds: 0, Miliseconds: 123
160s ExecutionModule:Run(): Event: Horizontal Handover.
160s DeviceModule:MoveRandom(): New position: (75, 87)
161s DeviceModule:MoveRandom(): New position: (87, 87)
162s DeviceModule:MoveRandom(): New position: (75, 87)
163s DeviceModule:MoveRandom(): New position: (87, 87)
164s DeviceModule:MoveRandom(): New position: (87, 99)
165s DeviceModule:MoveRandom(): New position: (87, 87)
166s DeviceModule:MoveRandom(): New position: (87, 99)
167s DeviceModule:MoveRandom(): New position: (87, 87)
168s DeviceModule:MoveRandom(): New position: (75, 87)
169s DeviceModule:MoveRandom(): New position: (75, 75)
170s DeviceModule:MoveRandom(): New position: (75, 87)
171s DeviceModule:MoveRandom(): New position: (63, 87)
172s DeviceModule:MoveRandom(): New position: (75, 87)
173s DeviceModule:MoveRandom(): New position: (75, 99)
174s DeviceModule:MoveRandom(): New position: (75, 111)
175s DeviceModule:MoveRandom(): New position: (75, 123)
175s DecisionModule:RemoveNetworkFromList(): Network: 0 out of range!
175s ExecutionModule:OutOfRange(): OUT OF BETTER NETWORK! Choosing another network...
175s DecisionModule:RemoveNetworkFromList(): Network: 2 out of range!
175s DecisionModule:Run(): Run decision
175s DecisionModule:AnalyzingNetworks(): Current Network: 
       [Network #6, Technology = Wifi, Address = 02-06-00:00:00:00:00:08, { DataRate: 10, SignalStrength: 85, AntiFragility: 92}, IQ: 69]
175s DecisionModule:ShowAllNetworks(): All detected networks:
       [Network #6, Technology = Wifi, Address = 02-06-00:00:00:00:00:08, { DataRate: 10, SignalStrength: 85, AntiFragility: 92}, IQ: 69]
       [Network #8, Technology = Wimax, Address = 02-06-00:00:00:00:00:0b, { DataRate: 76, SignalStrength: 22, AntiFragility: 90}, IQ: 69]
       [Network #9, Technology = Wimax, Address = 02-06-00:00:00:00:00:0c, { DataRate: 14, SignalStrength: 40, AntiFragility: 97}, IQ: 62]
       [Network #4, Technology = Wifi, Address = 02-06-00:00:00:00:00:06, { DataRate: 89, SignalStrength: 42, AntiFragility: 56}, IQ: 60]
       [Network #7, Technology = Wifi, Address = 02-06-00:00:00:00:00:09, { DataRate: 42, SignalStrength: 32, AntiFragility: 76}, IQ: 56]
       [Network #3, Technology = Wifi, Address = 02-06-00:00:00:00:00:05, { DataRate: 91, SignalStrength: 24, AntiFragility: 40}, IQ: 48]
       [Network #1, Technology = Wifi, Address = 02-06-00:00:00:00:00:03, { DataRate: 58, SignalStrength: 51, AntiFragility: 25}, IQ: 39]
       [Network #5, Technology = Wifi, Address = 02-06-00:00:00:00:00:07, { DataRate: 80, SignalStrength: 32, AntiFragility: 13}, IQ: 34]
175s ExecutionModule:Run(): Decision time => Seconds: 0, Miliseconds: 146
175s ExecutionModule:Run(): Handover time => Seconds: 0, Miliseconds: 121
175s ExecutionModule:Run(): Event: Horizontal Handover.
175s DecisionModule:RemoveNetworkFromList(): Network: 4 out of range!
176s DeviceModule:MoveRandom(): New position: (75, 111)
176s DecisionModule:AddNetworkToList(): Network detected
176s DecisionModule:AddNetworkToList(): Network detected
176s DecisionModule:AddNetworkToList(): Network detected
177s DeviceModule:MoveRandom(): New position: (63, 111)
177s DecisionModule:RemoveNetworkFromList(): Network: 2 out of range!
178s DeviceModule:MoveRandom(): New position: (75, 111)
178s DecisionModule:AddNetworkToList(): Network detected
179s DeviceModule:MoveRandom(): New position: (75, 123)
179s DecisionModule:RemoveNetworkFromList(): Network: 0 out of range!
179s DecisionModule:RemoveNetworkFromList(): Network: 2 out of range!
179s DecisionModule:RemoveNetworkFromList(): Network: 4 out of range!
180s DecisionModule:Run(): Run decision
180s DecisionModule:AnalyzingNetworks(): Current Network: 
       [Network #1, Technology = Wifi, Address = 02-06-00:00:00:00:00:03, { DataRate: 79, SignalStrength: 41, AntiFragility: 71}, IQ: 65]
180s DecisionModule:ShowAllNetworks(): All detected networks:
       [Network #1, Technology = Wifi, Address = 02-06-00:00:00:00:00:03, { DataRate: 79, SignalStrength: 41, AntiFragility: 71}, IQ: 65]
       [Network #7, Technology = Wifi, Address = 02-06-00:00:00:00:00:09, { DataRate: 23, SignalStrength: 16, AntiFragility: 73}, IQ: 46]
       [Network #5, Technology = Wifi, Address = 02-06-00:00:00:00:00:07, { DataRate: 45, SignalStrength: 69, AntiFragility: 29}, IQ: 43]
       [Network #3, Technology = Wifi, Address = 02-06-00:00:00:00:00:05, { DataRate: 62, SignalStrength: 81, AntiFragility: 8}, IQ: 39]
       [Network #9, Technology = Wimax, Address = 02-06-00:00:00:00:00:0c, { DataRate: 1, SignalStrength: 74, AntiFragility: 29}, IQ: 33]
       [Network #6, Technology = Wifi, Address = 02-06-00:00:00:00:00:08, { DataRate: 21, SignalStrength: 19, AntiFragility: 39}, IQ: 29]
       [Network #8, Technology = Wimax, Address = 02-06-00:00:00:00:00:0b, { DataRate: 25, SignalStrength: 14, AntiFragility: 34}, IQ: 26]
180s ExecutionModule:Run(): Decision time => Seconds: 0, Miliseconds: 180
180s ExecutionModule:Run(): Handover time => Seconds: 0, Miliseconds: 121
180s ExecutionModule:Run(): Event: Horizontal Handover.
180s DeviceModule:MoveRandom(): New position: (63, 123)
181s DeviceModule:MoveRandom(): New position: (63, 135)
182s DeviceModule:MoveRandom(): New position: (51, 135)
183s DeviceModule:MoveRandom(): New position: (63, 135)
184s DeviceModule:MoveRandom(): New position: (63, 147)
185s DeviceModule:MoveRandom(): New position: (51, 147)
186s DeviceModule:MoveRandom(): New position: (51, 147)
187s DeviceModule:MoveRandom(): New position: (39, 147)
187s DecisionModule:RemoveNetworkFromList(): Network: 3 out of range!
188s DeviceModule:MoveRandom(): New position: (27, 147)
189s DeviceModule:MoveRandom(): New position: (27, 135)
189s DecisionModule:AddNetworkToList(): Network detected
190s DeviceModule:MoveRandom(): New position: (39, 135)
191s DeviceModule:MoveRandom(): New position: (39, 123)
192s DeviceModule:MoveRandom(): New position: (51, 123)
193s DeviceModule:MoveRandom(): New position: (63, 123)
194s DeviceModule:MoveRandom(): New position: (75, 123)
195s DeviceModule:MoveRandom(): New position: (75, 135)
196s DeviceModule:MoveRandom(): New position: (87, 135)
197s DeviceModule:MoveRandom(): New position: (75, 135)
198s DeviceModule:MoveRandom(): New position: (75, 147)
198s DecisionModule:RemoveNetworkFromList(): Network: 9 out of range!
199s DeviceModule:MoveRandom(): New position: (63, 147)
199s DecisionModule:AddNetworkToList(): Network detected
