Waf: Entering directory `/home/renan/Documents/NR2/ns-allinone-3.20/ns-3.20/build'
Waf: Leaving directory `/home/renan/Documents/NR2/ns-allinone-3.20/ns-3.20/build'
'build' finished successfully (1.923s)
0s NetworkModule:SetPosition(): Network 0 set position => (7, 144)
0s NetworkModule:SetRange(): Network 0 set range => 100
0s NetworkModule:SetPosition(): Network 1 set position => (95, 58)
0s NetworkModule:SetRange(): Network 1 set range => 100
0s NetworkModule:SetPosition(): Network 2 set position => (63, 28)
0s NetworkModule:SetRange(): Network 2 set range => 100
0s NetworkModule:SetPosition(): Network 3 set position => (117, 7)
0s NetworkModule:SetRange(): Network 3 set range => 100
0s NetworkModule:SetPosition(): Network 4 set position => (104, 85)
0s NetworkModule:SetRange(): Network 4 set range => 100
0s NetworkModule:SetPosition(): Network 5 set position => (34, 92)
0s NetworkModule:SetRange(): Network 5 set range => 100
0s NetworkModule:SetPosition(): Network 6 set position => (82, 69)
0s NetworkModule:SetRange(): Network 6 set range => 100
0s NetworkModule:SetPosition(): Network 7 set position => (53, 115)
0s NetworkModule:SetRange(): Network 7 set range => 100
0s NetworkModule:SetPosition(): Network 8 set position => (80, 48)
0s NetworkModule:SetRange(): Network 8 set range => 100
0s NetworkModule:SetPosition(): Network 9 set position => (3, 142)
0s NetworkModule:SetRange(): Network 9 set range => 100
0s DeviceModule:ConfigureMobility(): Device [init x = 75, init y = 75, max = 150, velocity = 1]
1s DeviceModule:MoveRandom(): New position: (76, 75)
1s DecisionModule:AddNetworkToList(): Network detected
1s DecisionModule:AddNetworkToList(): Network detected
1s DecisionModule:AddNetworkToList(): Network detected
1s DecisionModule:AddNetworkToList(): Network detected
1s DecisionModule:AddNetworkToList(): Network detected
1s DecisionModule:AddNetworkToList(): Network detected
1s DecisionModule:AddNetworkToList(): Network detected
1s DecisionModule:AddNetworkToList(): Network detected
1s DecisionModule:AddNetworkToList(): Network detected
1s DecisionModule:AddNetworkToList(): Network detected
2s DeviceModule:MoveRandom(): New position: (76, 76)
3s DeviceModule:MoveRandom(): New position: (77, 76)
4s DeviceModule:MoveRandom(): New position: (76, 76)
5s DeviceModule:MoveRandom(): New position: (76, 77)
6s DeviceModule:MoveRandom(): New position: (75, 77)
7s DeviceModule:MoveRandom(): New position: (75, 76)
8s DeviceModule:MoveRandom(): New position: (75, 77)
9s DeviceModule:MoveRandom(): New position: (75, 78)
10s DeviceModule:MoveRandom(): New position: (74, 78)
11s DeviceModule:MoveRandom(): New position: (74, 77)
12s DeviceModule:MoveRandom(): New position: (74, 78)
13s DeviceModule:MoveRandom(): New position: (73, 78)
14s DeviceModule:MoveRandom(): New position: (72, 78)
15s DecisionModule:Run(): Run decision
15s DecisionModule:AnalyzingNetworks(): Current Network: 
       [Network #7, Technology = Wifi, Address = 02-06-00:00:00:00:00:09, { DataRate: 90, SignalStrength: 83, AntiFragility: 51}, IQ: 68]
15s DecisionModule:ShowAllNetworks(): All detected networks:
       [Network #7, Technology = Wifi, Address = 02-06-00:00:00:00:00:09, { DataRate: 90, SignalStrength: 83, AntiFragility: 51}, IQ: 68]
       [Network #0, Technology = Wifi, Address = 02-06-00:00:00:00:00:02, { DataRate: 84, SignalStrength: 66, AntiFragility: 51}, IQ: 63]
       [Network #4, Technology = Wifi, Address = 02-06-00:00:00:00:00:06, { DataRate: 62, SignalStrength: 96, AntiFragility: 43}, IQ: 61]
       [Network #1, Technology = Wifi, Address = 02-06-00:00:00:00:00:03, { DataRate: 61, SignalStrength: 96, AntiFragility: 26}, IQ: 52]
       [Network #8, Technology = Wimax, Address = 02-06-00:00:00:00:00:0b, { DataRate: 88, SignalStrength: 44, AntiFragility: 39}, IQ: 52]
       [Network #6, Technology = Wifi, Address = 02-06-00:00:00:00:00:08, { DataRate: 65, SignalStrength: 36, AntiFragility: 52}, IQ: 51]
       [Network #3, Technology = Wifi, Address = 02-06-00:00:00:00:00:05, { DataRate: 87, SignalStrength: 57, AntiFragility: 28}, IQ: 50]
       [Network #9, Technology = Wimax, Address = 02-06-00:00:00:00:00:0c, { DataRate: 95, SignalStrength: 91, AntiFragility: 6}, IQ: 49]
       [Network #5, Technology = Wifi, Address = 02-06-00:00:00:00:00:07, { DataRate: 35, SignalStrength: 19, AntiFragility: 42}, IQ: 34]
       [Network #2, Technology = Wifi, Address = 02-06-00:00:00:00:00:04, { DataRate: 82, SignalStrength: 13, AntiFragility: 3}, IQ: 25]
15s DeviceModule:MoveRandom(): New position: (71, 78)
16s DeviceModule:MoveRandom(): New position: (71, 77)
17s DeviceModule:MoveRandom(): New position: (71, 78)
18s DeviceModule:MoveRandom(): New position: (72, 78)
19s DeviceModule:MoveRandom(): New position: (73, 78)
20s DeviceModule:MoveRandom(): New position: (73, 79)
21s DeviceModule:MoveRandom(): New position: (72, 79)
22s DeviceModule:MoveRandom(): New position: (72, 78)
23s DeviceModule:MoveRandom(): New position: (71, 78)
24s DeviceModule:MoveRandom(): New position: (72, 78)
25s DeviceModule:MoveRandom(): New position: (73, 78)
26s DeviceModule:MoveRandom(): New position: (74, 78)
27s DeviceModule:MoveRandom(): New position: (74, 79)
28s DeviceModule:MoveRandom(): New position: (73, 79)
29s DeviceModule:MoveRandom(): New position: (73, 80)
30s DecisionModule:Run(): Run decision
30s DecisionModule:AnalyzingNetworks(): Current Network: 
       [Network #2, Technology = Wifi, Address = 02-06-00:00:00:00:00:04, { DataRate: 55, SignalStrength: 88, AntiFragility: 87}, IQ: 79]
30s DecisionModule:ShowAllNetworks(): All detected networks:
       [Network #2, Technology = Wifi, Address = 02-06-00:00:00:00:00:04, { DataRate: 55, SignalStrength: 88, AntiFragility: 87}, IQ: 79]
       [Network #8, Technology = Wimax, Address = 02-06-00:00:00:00:00:0b, { DataRate: 82, SignalStrength: 21, AntiFragility: 85}, IQ: 68]
       [Network #3, Technology = Wifi, Address = 02-06-00:00:00:00:00:05, { DataRate: 49, SignalStrength: 92, AntiFragility: 54}, IQ: 62]
       [Network #5, Technology = Wifi, Address = 02-06-00:00:00:00:00:07, { DataRate: 12, SignalStrength: 97, AntiFragility: 59}, IQ: 56]
       [Network #7, Technology = Wifi, Address = 02-06-00:00:00:00:00:09, { DataRate: 25, SignalStrength: 93, AntiFragility: 35}, IQ: 47]
       [Network #4, Technology = Wifi, Address = 02-06-00:00:00:00:00:06, { DataRate: 44, SignalStrength: 78, AntiFragility: 19}, IQ: 40]
       [Network #1, Technology = Wifi, Address = 02-06-00:00:00:00:00:03, { DataRate: 64, SignalStrength: 3, AntiFragility: 43}, IQ: 38]
       [Network #0, Technology = Wifi, Address = 02-06-00:00:00:00:00:02, { DataRate: 27, SignalStrength: 37, AntiFragility: 39}, IQ: 35]
       [Network #6, Technology = Wifi, Address = 02-06-00:00:00:00:00:08, { DataRate: 90, SignalStrength: 4, AntiFragility: 22}, IQ: 34]
       [Network #9, Technology = Wimax, Address = 02-06-00:00:00:00:00:0c, { DataRate: 6, SignalStrength: 14, AntiFragility: 2}, IQ: 6]
30s ExecutionModule:Run(): Decision time => Seconds: 0, Miliseconds: 203
30s ExecutionModule:Run(): Handover time => Seconds: 0, Miliseconds: 178
30s ExecutionModule:Run(): Event: Horizontal Handover.
30s DeviceModule:MoveRandom(): New position: (73, 79)
31s DeviceModule:MoveRandom(): New position: (73, 78)
32s DeviceModule:MoveRandom(): New position: (72, 78)
33s DeviceModule:MoveRandom(): New position: (73, 78)
34s DeviceModule:MoveRandom(): New position: (73, 77)
35s DeviceModule:MoveRandom(): New position: (73, 78)
36s DeviceModule:MoveRandom(): New position: (74, 78)
37s DeviceModule:MoveRandom(): New position: (75, 78)
38s DeviceModule:MoveRandom(): New position: (74, 78)
39s DeviceModule:MoveRandom(): New position: (74, 77)
40s DeviceModule:MoveRandom(): New position: (74, 76)
41s DeviceModule:MoveRandom(): New position: (75, 76)
42s DeviceModule:MoveRandom(): New position: (75, 75)
43s DeviceModule:MoveRandom(): New position: (76, 75)
44s DeviceModule:MoveRandom(): New position: (76, 76)
45s DecisionModule:Run(): Run decision
45s DecisionModule:AnalyzingNetworks(): Current Network: 
       [Network #1, Technology = Wifi, Address = 02-06-00:00:00:00:00:03, { DataRate: 97, SignalStrength: 83, AntiFragility: 79}, IQ: 84]
45s DecisionModule:ShowAllNetworks(): All detected networks:
       [Network #1, Technology = Wifi, Address = 02-06-00:00:00:00:00:03, { DataRate: 97, SignalStrength: 83, AntiFragility: 79}, IQ: 84]
       [Network #3, Technology = Wifi, Address = 02-06-00:00:00:00:00:05, { DataRate: 50, SignalStrength: 47, AntiFragility: 81}, IQ: 64]
       [Network #8, Technology = Wimax, Address = 02-06-00:00:00:00:00:0b, { DataRate: 73, SignalStrength: 5, AntiFragility: 78}, IQ: 58]
       [Network #6, Technology = Wifi, Address = 02-06-00:00:00:00:00:08, { DataRate: 53, SignalStrength: 14, AntiFragility: 84}, IQ: 58]
       [Network #7, Technology = Wifi, Address = 02-06-00:00:00:00:00:09, { DataRate: 6, SignalStrength: 32, AntiFragility: 93}, IQ: 56]
       [Network #2, Technology = Wifi, Address = 02-06-00:00:00:00:00:04, { DataRate: 55, SignalStrength: 49, AntiFragility: 41}, IQ: 46]
       [Network #0, Technology = Wifi, Address = 02-06-00:00:00:00:00:02, { DataRate: 90, SignalStrength: 45, AntiFragility: 22}, IQ: 44]
       [Network #4, Technology = Wifi, Address = 02-06-00:00:00:00:00:06, { DataRate: 70, SignalStrength: 14, AntiFragility: 24}, IQ: 33]
       [Network #5, Technology = Wifi, Address = 02-06-00:00:00:00:00:07, { DataRate: 50, SignalStrength: 10, AntiFragility: 27}, IQ: 28]
       [Network #9, Technology = Wimax, Address = 02-06-00:00:00:00:00:0c, { DataRate: 7, SignalStrength: 5, AntiFragility: 29}, IQ: 17]
45s ExecutionModule:Run(): Decision time => Seconds: 0, Miliseconds: 220
45s ExecutionModule:Run(): Handover time => Seconds: 0, Miliseconds: 330
45s ExecutionModule:Run(): Event: Horizontal Handover.
45s DeviceModule:MoveRandom(): New position: (76, 75)
46s DeviceModule:MoveRandom(): New position: (76, 76)
47s DeviceModule:MoveRandom(): New position: (77, 76)
48s DeviceModule:MoveRandom(): New position: (77, 77)
49s DeviceModule:MoveRandom(): New position: (78, 77)
50s DeviceModule:MoveRandom(): New position: (78, 76)
51s DeviceModule:MoveRandom(): New position: (77, 76)
52s DeviceModule:MoveRandom(): New position: (77, 75)
53s DeviceModule:MoveRandom(): New position: (77, 76)
54s DeviceModule:MoveRandom(): New position: (77, 75)
55s DeviceModule:MoveRandom(): New position: (78, 75)
56s DeviceModule:MoveRandom(): New position: (78, 74)
56s DecisionModule:RemoveNetworkFromList(): Network: 9 out of range!
57s DeviceModule:MoveRandom(): New position: (77, 74)
57s DecisionModule:AddNetworkToList(): Network detected
58s DeviceModule:MoveRandom(): New position: (76, 74)
59s DeviceModule:MoveRandom(): New position: (76, 73)
60s DecisionModule:Run(): Run decision
60s DecisionModule:AnalyzingNetworks(): Current Network: 
       [Network #7, Technology = Wifi, Address = 02-06-00:00:00:00:00:09, { DataRate: 99, SignalStrength: 89, AntiFragility: 79}, IQ: 86]
60s DecisionModule:ShowAllNetworks(): All detected networks:
       [Network #7, Technology = Wifi, Address = 02-06-00:00:00:00:00:09, { DataRate: 99, SignalStrength: 89, AntiFragility: 79}, IQ: 86]
       [Network #2, Technology = Wifi, Address = 02-06-00:00:00:00:00:04, { DataRate: 52, SignalStrength: 56, AntiFragility: 94}, IQ: 74]
       [Network #9, Technology = Wimax, Address = 02-06-00:00:00:00:00:0c, { DataRate: 44, SignalStrength: 47, AntiFragility: 82}, IQ: 63]
       [Network #1, Technology = Wifi, Address = 02-06-00:00:00:00:00:03, { DataRate: 78, SignalStrength: 88, AntiFragility: 32}, IQ: 57]
       [Network #3, Technology = Wifi, Address = 02-06-00:00:00:00:00:05, { DataRate: 54, SignalStrength: 27, AntiFragility: 74}, IQ: 57]
       [Network #8, Technology = Wimax, Address = 02-06-00:00:00:00:00:0b, { DataRate: 18, SignalStrength: 47, AntiFragility: 82}, IQ: 57]
       [Network #6, Technology = Wifi, Address = 02-06-00:00:00:00:00:08, { DataRate: 15, SignalStrength: 29, AntiFragility: 86}, IQ: 54]
       [Network #0, Technology = Wifi, Address = 02-06-00:00:00:00:00:02, { DataRate: 26, SignalStrength: 77, AntiFragility: 12}, IQ: 31]
       [Network #4, Technology = Wifi, Address = 02-06-00:00:00:00:00:06, { DataRate: 69, SignalStrength: 37, AntiFragility: 1}, IQ: 27]
       [Network #5, Technology = Wifi, Address = 02-06-00:00:00:00:00:07, { DataRate: 66, SignalStrength: 19, AntiFragility: 1}, IQ: 21]
60s ExecutionModule:Run(): Decision time => Seconds: 0, Miliseconds: 224
60s ExecutionModule:Run(): Handover time => Seconds: 0, Miliseconds: 122
60s ExecutionModule:Run(): Event: Horizontal Handover.
60s DeviceModule:MoveRandom(): New position: (75, 73)
61s DeviceModule:MoveRandom(): New position: (75, 74)
62s DeviceModule:MoveRandom(): New position: (75, 73)
63s DeviceModule:MoveRandom(): New position: (76, 73)
64s DeviceModule:MoveRandom(): New position: (76, 74)
65s DeviceModule:MoveRandom(): New position: (77, 74)
66s DeviceModule:MoveRandom(): New position: (78, 74)
66s DecisionModule:RemoveNetworkFromList(): Network: 9 out of range!
67s DeviceModule:MoveRandom(): New position: (77, 74)
67s DecisionModule:AddNetworkToList(): Network detected
68s DeviceModule:MoveRandom(): New position: (77, 73)
68s DecisionModule:RemoveNetworkFromList(): Network: 9 out of range!
69s DeviceModule:MoveRandom(): New position: (78, 73)
70s DeviceModule:MoveRandom(): New position: (77, 73)
71s DeviceModule:MoveRandom(): New position: (78, 73)
72s DeviceModule:MoveRandom(): New position: (79, 73)
72s DecisionModule:RemoveNetworkFromList(): Network: 0 out of range!
73s DeviceModule:MoveRandom(): New position: (80, 73)
74s DeviceModule:MoveRandom(): New position: (80, 72)
75s DecisionModule:Run(): Run decision
75s DecisionModule:AnalyzingNetworks(): Current Network: 
       [Network #6, Technology = Wifi, Address = 02-06-00:00:00:00:00:08, { DataRate: 71, SignalStrength: 91, AntiFragility: 66}, IQ: 73]
75s DecisionModule:ShowAllNetworks(): All detected networks:
       [Network #6, Technology = Wifi, Address = 02-06-00:00:00:00:00:08, { DataRate: 71, SignalStrength: 91, AntiFragility: 66}, IQ: 73]
       [Network #2, Technology = Wifi, Address = 02-06-00:00:00:00:00:04, { DataRate: 91, SignalStrength: 3, AntiFragility: 94}, IQ: 70]
       [Network #3, Technology = Wifi, Address = 02-06-00:00:00:00:00:05, { DataRate: 65, SignalStrength: 75, AntiFragility: 55}, IQ: 62]
       [Network #5, Technology = Wifi, Address = 02-06-00:00:00:00:00:07, { DataRate: 59, SignalStrength: 95, AntiFragility: 46}, IQ: 61]
       [Network #4, Technology = Wifi, Address = 02-06-00:00:00:00:00:06, { DataRate: 59, SignalStrength: 8, AntiFragility: 56}, IQ: 44]
       [Network #8, Technology = Wimax, Address = 02-06-00:00:00:00:00:0b, { DataRate: 89, SignalStrength: 49, AntiFragility: 18}, IQ: 43]
       [Network #7, Technology = Wifi, Address = 02-06-00:00:00:00:00:09, { DataRate: 87, SignalStrength: 11, AntiFragility: 38}, IQ: 43]
       [Network #1, Technology = Wifi, Address = 02-06-00:00:00:00:00:03, { DataRate: 8, SignalStrength: 50, AntiFragility: 13}, IQ: 21]
75s ExecutionModule:Run(): Decision time => Seconds: 0, Miliseconds: 192
75s ExecutionModule:Run(): Handover time => Seconds: 0, Miliseconds: 120
75s ExecutionModule:Run(): Event: Horizontal Handover.
75s DeviceModule:MoveRandom(): New position: (80, 73)
76s DeviceModule:MoveRandom(): New position: (80, 74)
77s DeviceModule:MoveRandom(): New position: (79, 74)
77s DecisionModule:AddNetworkToList(): Network detected
78s DeviceModule:MoveRandom(): New position: (80, 74)
78s DecisionModule:RemoveNetworkFromList(): Network: 0 out of range!
79s DeviceModule:MoveRandom(): New position: (79, 74)
79s DecisionModule:AddNetworkToList(): Network detected
80s DeviceModule:MoveRandom(): New position: (80, 74)
80s DecisionModule:RemoveNetworkFromList(): Network: 0 out of range!
81s DeviceModule:MoveRandom(): New position: (80, 75)
81s DecisionModule:AddNetworkToList(): Network detected
82s DeviceModule:MoveRandom(): New position: (81, 75)
82s DecisionModule:RemoveNetworkFromList(): Network: 0 out of range!
83s DeviceModule:MoveRandom(): New position: (81, 74)
84s DeviceModule:MoveRandom(): New position: (80, 74)
85s DeviceModule:MoveRandom(): New position: (81, 74)
86s DeviceModule:MoveRandom(): New position: (82, 74)
87s DeviceModule:MoveRandom(): New position: (82, 73)
88s DeviceModule:MoveRandom(): New position: (82, 74)
89s DeviceModule:MoveRandom(): New position: (83, 74)
90s DecisionModule:Run(): Run decision
90s DecisionModule:AnalyzingNetworks(): Current Network: 
       [Network #4, Technology = Wifi, Address = 02-06-00:00:00:00:00:06, { DataRate: 87, SignalStrength: 94, AntiFragility: 88}, IQ: 89]
90s DecisionModule:ShowAllNetworks(): All detected networks:
       [Network #4, Technology = Wifi, Address = 02-06-00:00:00:00:00:06, { DataRate: 87, SignalStrength: 94, AntiFragility: 88}, IQ: 89]
       [Network #2, Technology = Wifi, Address = 02-06-00:00:00:00:00:04, { DataRate: 90, SignalStrength: 85, AntiFragility: 63}, IQ: 75]
       [Network #8, Technology = Wimax, Address = 02-06-00:00:00:00:00:0b, { DataRate: 12, SignalStrength: 92, AntiFragility: 84}, IQ: 68]
       [Network #7, Technology = Wifi, Address = 02-06-00:00:00:00:00:09, { DataRate: 26, SignalStrength: 39, AntiFragility: 93}, IQ: 62]
       [Network #6, Technology = Wifi, Address = 02-06-00:00:00:00:00:08, { DataRate: 54, SignalStrength: 5, AntiFragility: 57}, IQ: 43]
       [Network #5, Technology = Wifi, Address = 02-06-00:00:00:00:00:07, { DataRate: 41, SignalStrength: 9, AntiFragility: 56}, IQ: 40]
       [Network #1, Technology = Wifi, Address = 02-06-00:00:00:00:00:03, { DataRate: 7, SignalStrength: 25, AntiFragility: 43}, IQ: 29]
       [Network #3, Technology = Wifi, Address = 02-06-00:00:00:00:00:05, { DataRate: 62, SignalStrength: 14, AntiFragility: 2}, IQ: 20]
90s ExecutionModule:Run(): Decision time => Seconds: 0, Miliseconds: 184
90s ExecutionModule:Run(): Handover time => Seconds: 0, Miliseconds: 120
90s ExecutionModule:Run(): Event: Horizontal Handover.
90s DeviceModule:MoveRandom(): New position: (82, 74)
91s DeviceModule:MoveRandom(): New position: (82, 73)
92s DeviceModule:MoveRandom(): New position: (82, 72)
93s DeviceModule:MoveRandom(): New position: (82, 73)
94s DeviceModule:MoveRandom(): New position: (82, 72)
95s DeviceModule:MoveRandom(): New position: (82, 73)
96s DeviceModule:MoveRandom(): New position: (81, 73)
97s DeviceModule:MoveRandom(): New position: (81, 72)
98s DeviceModule:MoveRandom(): New position: (82, 72)
99s DeviceModule:MoveRandom(): New position: (81, 72)
100s DeviceModule:MoveRandom(): New position: (81, 73)
101s DeviceModule:MoveRandom(): New position: (81, 74)
102s DeviceModule:MoveRandom(): New position: (81, 75)
103s DeviceModule:MoveRandom(): New position: (82, 75)
104s DeviceModule:MoveRandom(): New position: (82, 74)
105s DecisionModule:Run(): Run decision
105s DecisionModule:AnalyzingNetworks(): Current Network: 
       [Network #1, Technology = Wifi, Address = 02-06-00:00:00:00:00:03, { DataRate: 96, SignalStrength: 24, AntiFragility: 97}, IQ: 78]
105s DecisionModule:ShowAllNetworks(): All detected networks:
       [Network #1, Technology = Wifi, Address = 02-06-00:00:00:00:00:03, { DataRate: 96, SignalStrength: 24, AntiFragility: 97}, IQ: 78]
       [Network #3, Technology = Wifi, Address = 02-06-00:00:00:00:00:05, { DataRate: 61, SignalStrength: 57, AntiFragility: 84}, IQ: 71]
       [Network #4, Technology = Wifi, Address = 02-06-00:00:00:00:00:06, { DataRate: 48, SignalStrength: 90, AntiFragility: 59}, IQ: 64]
       [Network #2, Technology = Wifi, Address = 02-06-00:00:00:00:00:04, { DataRate: 40, SignalStrength: 86, AntiFragility: 36}, IQ: 49]
       [Network #6, Technology = Wifi, Address = 02-06-00:00:00:00:00:08, { DataRate: 34, SignalStrength: 39, AntiFragility: 33}, IQ: 34]
       [Network #5, Technology = Wifi, Address = 02-06-00:00:00:00:00:07, { DataRate: 78, SignalStrength: 10, AntiFragility: 10}, IQ: 27]
       [Network #8, Technology = Wimax, Address = 02-06-00:00:00:00:00:0b, { DataRate: 40, SignalStrength: 56, AntiFragility: 5}, IQ: 26]
       [Network #7, Technology = Wifi, Address = 02-06-00:00:00:00:00:09, { DataRate: 63, SignalStrength: 9, AntiFragility: 12}, IQ: 24]
105s ExecutionModule:Run(): Decision time => Seconds: 0, Miliseconds: 189
105s ExecutionModule:Run(): Handover time => Seconds: 0, Miliseconds: 120
105s ExecutionModule:Run(): Event: Horizontal Handover.
105s DeviceModule:MoveRandom(): New position: (82, 73)
106s DeviceModule:MoveRandom(): New position: (83, 73)
107s DeviceModule:MoveRandom(): New position: (84, 73)
108s DeviceModule:MoveRandom(): New position: (84, 72)
109s DeviceModule:MoveRandom(): New position: (84, 71)
110s DeviceModule:MoveRandom(): New position: (83, 71)
111s DeviceModule:MoveRandom(): New position: (82, 71)
112s DeviceModule:MoveRandom(): New position: (81, 71)
113s DeviceModule:MoveRandom(): New position: (81, 72)
114s DeviceModule:MoveRandom(): New position: (81, 71)
115s DeviceModule:MoveRandom(): New position: (80, 71)
116s DeviceModule:MoveRandom(): New position: (80, 72)
117s DeviceModule:MoveRandom(): New position: (79, 72)
118s DeviceModule:MoveRandom(): New position: (78, 72)
119s DeviceModule:MoveRandom(): New position: (78, 71)
120s DecisionModule:Run(): Run decision
120s DecisionModule:AnalyzingNetworks(): Current Network: 
       [Network #8, Technology = Wimax, Address = 02-06-00:00:00:00:00:0b, { DataRate: 86, SignalStrength: 84, AntiFragility: 90}, IQ: 87]
120s DecisionModule:ShowAllNetworks(): All detected networks:
       [Network #8, Technology = Wimax, Address = 02-06-00:00:00:00:00:0b, { DataRate: 86, SignalStrength: 84, AntiFragility: 90}, IQ: 87]
       [Network #2, Technology = Wifi, Address = 02-06-00:00:00:00:00:04, { DataRate: 45, SignalStrength: 15, AntiFragility: 99}, IQ: 64]
       [Network #5, Technology = Wifi, Address = 02-06-00:00:00:00:00:07, { DataRate: 34, SignalStrength: 24, AntiFragility: 79}, IQ: 54]
       [Network #7, Technology = Wifi, Address = 02-06-00:00:00:00:00:09, { DataRate: 93, SignalStrength: 27, AntiFragility: 40}, IQ: 50]
       [Network #4, Technology = Wifi, Address = 02-06-00:00:00:00:00:06, { DataRate: 96, SignalStrength: 56, AntiFragility: 23}, IQ: 49]
       [Network #1, Technology = Wifi, Address = 02-06-00:00:00:00:00:03, { DataRate: 51, SignalStrength: 41, AntiFragility: 47}, IQ: 46]
       [Network #3, Technology = Wifi, Address = 02-06-00:00:00:00:00:05, { DataRate: 25, SignalStrength: 93, AntiFragility: 16}, IQ: 37]
       [Network #6, Technology = Wifi, Address = 02-06-00:00:00:00:00:08, { DataRate: 45, SignalStrength: 42, AntiFragility: 3}, IQ: 23]
120s ExecutionModule:Run(): Decision time => Seconds: 0, Miliseconds: 190
120s ExecutionModule:Run(): Handover time => Seconds: 0, Miliseconds: 44
120s ExecutionModule:Run(): Event: Vertical Handover.
120s DeviceModule:MoveRandom(): New position: (78, 72)
121s DeviceModule:MoveRandom(): New position: (77, 72)
121s DecisionModule:AddNetworkToList(): Network detected
122s DeviceModule:MoveRandom(): New position: (78, 72)
122s DecisionModule:RemoveNetworkFromList(): Network: 0 out of range!
123s DeviceModule:MoveRandom(): New position: (79, 72)
124s DeviceModule:MoveRandom(): New position: (80, 72)
125s DeviceModule:MoveRandom(): New position: (79, 72)
126s DeviceModule:MoveRandom(): New position: (79, 71)
127s DeviceModule:MoveRandom(): New position: (78, 71)
128s DeviceModule:MoveRandom(): New position: (78, 72)
129s DeviceModule:MoveRandom(): New position: (79, 72)
130s DeviceModule:MoveRandom(): New position: (79, 71)
131s DeviceModule:MoveRandom(): New position: (79, 70)
132s DeviceModule:MoveRandom(): New position: (78, 70)
133s DeviceModule:MoveRandom(): New position: (78, 71)
134s DeviceModule:MoveRandom(): New position: (77, 71)
135s DecisionModule:Run(): Run decision
135s DecisionModule:AnalyzingNetworks(): Current Network: 
       [Network #5, Technology = Wifi, Address = 02-06-00:00:00:00:00:07, { DataRate: 84, SignalStrength: 15, AntiFragility: 95}, IQ: 72]
135s DecisionModule:ShowAllNetworks(): All detected networks:
       [Network #5, Technology = Wifi, Address = 02-06-00:00:00:00:00:07, { DataRate: 84, SignalStrength: 15, AntiFragility: 95}, IQ: 72]
       [Network #6, Technology = Wifi, Address = 02-06-00:00:00:00:00:08, { DataRate: 81, SignalStrength: 10, AntiFragility: 99}, IQ: 72]
       [Network #4, Technology = Wifi, Address = 02-06-00:00:00:00:00:06, { DataRate: 46, SignalStrength: 55, AntiFragility: 78}, IQ: 64]
       [Network #8, Technology = Wimax, Address = 02-06-00:00:00:00:00:0b, { DataRate: 81, SignalStrength: 29, AntiFragility: 69}, IQ: 62]
       [Network #7, Technology = Wifi, Address = 02-06-00:00:00:00:00:09, { DataRate: 32, SignalStrength: 78, AntiFragility: 65}, IQ: 60]
       [Network #1, Technology = Wifi, Address = 02-06-00:00:00:00:00:03, { DataRate: 87, SignalStrength: 44, AntiFragility: 56}, IQ: 60]
       [Network #3, Technology = Wifi, Address = 02-06-00:00:00:00:00:05, { DataRate: 82, SignalStrength: 30, AntiFragility: 58}, IQ: 57]
       [Network #2, Technology = Wifi, Address = 02-06-00:00:00:00:00:04, { DataRate: 23, SignalStrength: 85, AntiFragility: 20}, IQ: 37]
135s ExecutionModule:Run(): Decision time => Seconds: 0, Miliseconds: 206
135s ExecutionModule:Run(): Handover time => Seconds: 0, Miliseconds: 32
135s ExecutionModule:Run(): Event: Vertical Handover.
135s DeviceModule:MoveRandom(): New position: (76, 71)
135s DecisionModule:AddNetworkToList(): Network detected
136s DeviceModule:MoveRandom(): New position: (77, 71)
136s DecisionModule:RemoveNetworkFromList(): Network: 0 out of range!
137s DeviceModule:MoveRandom(): New position: (77, 70)
138s DeviceModule:MoveRandom(): New position: (78, 70)
139s DeviceModule:MoveRandom(): New position: (78, 71)
140s DeviceModule:MoveRandom(): New position: (79, 71)
141s DeviceModule:MoveRandom(): New position: (79, 72)
142s DeviceModule:MoveRandom(): New position: (80, 72)
143s DeviceModule:MoveRandom(): New position: (80, 73)
144s DeviceModule:MoveRandom(): New position: (79, 73)
145s DeviceModule:MoveRandom(): New position: (79, 74)
145s DecisionModule:AddNetworkToList(): Network detected
146s DeviceModule:MoveRandom(): New position: (79, 75)
147s DeviceModule:MoveRandom(): New position: (79, 76)
147s DecisionModule:AddNetworkToList(): Network detected
148s DeviceModule:MoveRandom(): New position: (79, 77)
149s DeviceModule:MoveRandom(): New position: (79, 76)
150s DecisionModule:Run(): Run decision
150s DecisionModule:AnalyzingNetworks(): Current Network: 
       [Network #9, Technology = Wimax, Address = 02-06-00:00:00:00:00:0c, { DataRate: 81, SignalStrength: 56, AntiFragility: 88}, IQ: 78]
150s DecisionModule:ShowAllNetworks(): All detected networks:
       [Network #9, Technology = Wimax, Address = 02-06-00:00:00:00:00:0c, { DataRate: 81, SignalStrength: 56, AntiFragility: 88}, IQ: 78]
       [Network #3, Technology = Wifi, Address = 02-06-00:00:00:00:00:05, { DataRate: 6, SignalStrength: 94, AntiFragility: 77}, IQ: 63]
       [Network #7, Technology = Wifi, Address = 02-06-00:00:00:00:00:09, { DataRate: 76, SignalStrength: 76, AntiFragility: 41}, IQ: 58]
       [Network #8, Technology = Wimax, Address = 02-06-00:00:00:00:00:0b, { DataRate: 93, SignalStrength: 6, AntiFragility: 51}, IQ: 50]
       [Network #1, Technology = Wifi, Address = 02-06-00:00:00:00:00:03, { DataRate: 59, SignalStrength: 45, AntiFragility: 48}, IQ: 50]
       [Network #4, Technology = Wifi, Address = 02-06-00:00:00:00:00:06, { DataRate: 83, SignalStrength: 56, AntiFragility: 11}, IQ: 40]
       [Network #6, Technology = Wifi, Address = 02-06-00:00:00:00:00:08, { DataRate: 24, SignalStrength: 80, AntiFragility: 29}, IQ: 40]
       [Network #2, Technology = Wifi, Address = 02-06-00:00:00:00:00:04, { DataRate: 26, SignalStrength: 60, AntiFragility: 38}, IQ: 40]
       [Network #0, Technology = Wifi, Address = 02-06-00:00:00:00:00:02, { DataRate: 11, SignalStrength: 67, AntiFragility: 42}, IQ: 40]
       [Network #5, Technology = Wifi, Address = 02-06-00:00:00:00:00:07, { DataRate: 69, SignalStrength: 2, AntiFragility: 16}, IQ: 25]
150s ExecutionModule:Run(): Decision time => Seconds: 0, Miliseconds: 204
150s ExecutionModule:Run(): Handover time => Seconds: 0, Miliseconds: 31
150s ExecutionModule:Run(): Event: Vertical Handover.
150s DeviceModule:MoveRandom(): New position: (79, 77)
151s DeviceModule:MoveRandom(): New position: (79, 78)
152s DeviceModule:MoveRandom(): New position: (78, 78)
153s DeviceModule:MoveRandom(): New position: (78, 77)
154s DeviceModule:MoveRandom(): New position: (77, 77)
155s DeviceModule:MoveRandom(): New position: (77, 78)
156s DeviceModule:MoveRandom(): New position: (78, 78)
157s DeviceModule:MoveRandom(): New position: (79, 78)
158s DeviceModule:MoveRandom(): New position: (79, 79)
159s DeviceModule:MoveRandom(): New position: (80, 79)
160s DeviceModule:MoveRandom(): New position: (80, 78)
161s DeviceModule:MoveRandom(): New position: (79, 78)
162s DeviceModule:MoveRandom(): New position: (78, 78)
163s DeviceModule:MoveRandom(): New position: (77, 78)
164s DeviceModule:MoveRandom(): New position: (78, 78)
165s DecisionModule:Run(): Run decision
165s DecisionModule:AnalyzingNetworks(): Current Network: 
       [Network #1, Technology = Wifi, Address = 02-06-00:00:00:00:00:03, { DataRate: 76, SignalStrength: 86, AntiFragility: 77}, IQ: 79]
165s DecisionModule:ShowAllNetworks(): All detected networks:
       [Network #1, Technology = Wifi, Address = 02-06-00:00:00:00:00:03, { DataRate: 76, SignalStrength: 86, AntiFragility: 77}, IQ: 79]
       [Network #4, Technology = Wifi, Address = 02-06-00:00:00:00:00:06, { DataRate: 88, SignalStrength: 48, AntiFragility: 73}, IQ: 70]
       [Network #5, Technology = Wifi, Address = 02-06-00:00:00:00:00:07, { DataRate: 12, SignalStrength: 29, AntiFragility: 81}, IQ: 50]
       [Network #3, Technology = Wifi, Address = 02-06-00:00:00:00:00:05, { DataRate: 41, SignalStrength: 72, AntiFragility: 43}, IQ: 49]
       [Network #7, Technology = Wifi, Address = 02-06-00:00:00:00:00:09, { DataRate: 17, SignalStrength: 93, AntiFragility: 43}, IQ: 49]
       [Network #8, Technology = Wimax, Address = 02-06-00:00:00:00:00:0b, { DataRate: 31, SignalStrength: 69, AntiFragility: 46}, IQ: 48]
       [Network #9, Technology = Wimax, Address = 02-06-00:00:00:00:00:0c, { DataRate: 45, SignalStrength: 69, AntiFragility: 36}, IQ: 46]
       [Network #0, Technology = Wifi, Address = 02-06-00:00:00:00:00:02, { DataRate: 6, SignalStrength: 13, AntiFragility: 77}, IQ: 43]
       [Network #2, Technology = Wifi, Address = 02-06-00:00:00:00:00:04, { DataRate: 46, SignalStrength: 56, AntiFragility: 34}, IQ: 42]
       [Network #6, Technology = Wifi, Address = 02-06-00:00:00:00:00:08, { DataRate: 57, SignalStrength: 84, AntiFragility: 8}, IQ: 39]
165s ExecutionModule:Run(): Decision time => Seconds: 0, Miliseconds: 207
165s ExecutionModule:Run(): Handover time => Seconds: 0, Miliseconds: 31
165s ExecutionModule:Run(): Event: Vertical Handover.
165s DeviceModule:MoveRandom(): New position: (77, 78)
166s DeviceModule:MoveRandom(): New position: (77, 77)
167s DeviceModule:MoveRandom(): New position: (76, 77)
168s DeviceModule:MoveRandom(): New position: (77, 77)
169s DeviceModule:MoveRandom(): New position: (77, 76)
170s DeviceModule:MoveRandom(): New position: (77, 75)
171s DeviceModule:MoveRandom(): New position: (78, 75)
172s DeviceModule:MoveRandom(): New position: (77, 75)
173s DeviceModule:MoveRandom(): New position: (76, 75)
174s DeviceModule:MoveRandom(): New position: (77, 75)
175s DeviceModule:MoveRandom(): New position: (77, 76)
176s DeviceModule:MoveRandom(): New position: (76, 76)
177s DeviceModule:MoveRandom(): New position: (76, 75)
178s DeviceModule:MoveRandom(): New position: (76, 76)
179s DeviceModule:MoveRandom(): New position: (75, 76)
180s DecisionModule:Run(): Run decision
180s DecisionModule:AnalyzingNetworks(): Current Network: 
       [Network #2, Technology = Wifi, Address = 02-06-00:00:00:00:00:04, { DataRate: 92, SignalStrength: 97, AntiFragility: 18}, IQ: 56]
180s DecisionModule:ShowAllNetworks(): All detected networks:
       [Network #2, Technology = Wifi, Address = 02-06-00:00:00:00:00:04, { DataRate: 92, SignalStrength: 97, AntiFragility: 18}, IQ: 56]
       [Network #3, Technology = Wifi, Address = 02-06-00:00:00:00:00:05, { DataRate: 66, SignalStrength: 74, AntiFragility: 40}, IQ: 55]
       [Network #7, Technology = Wifi, Address = 02-06-00:00:00:00:00:09, { DataRate: 39, SignalStrength: 13, AntiFragility: 70}, IQ: 48]
       [Network #0, Technology = Wifi, Address = 02-06-00:00:00:00:00:02, { DataRate: 30, SignalStrength: 20, AntiFragility: 71}, IQ: 48]
       [Network #8, Technology = Wimax, Address = 02-06-00:00:00:00:00:0b, { DataRate: 32, SignalStrength: 13, AntiFragility: 64}, IQ: 43]
       [Network #5, Technology = Wifi, Address = 02-06-00:00:00:00:00:07, { DataRate: 82, SignalStrength: 67, AntiFragility: 11}, IQ: 42]
       [Network #4, Technology = Wifi, Address = 02-06-00:00:00:00:00:06, { DataRate: 5, SignalStrength: 54, AntiFragility: 55}, IQ: 42]
       [Network #9, Technology = Wimax, Address = 02-06-00:00:00:00:00:0c, { DataRate: 82, SignalStrength: 8, AntiFragility: 36}, IQ: 40]
       [Network #6, Technology = Wifi, Address = 02-06-00:00:00:00:00:08, { DataRate: 78, SignalStrength: 24, AntiFragility: 23}, IQ: 37]
       [Network #1, Technology = Wifi, Address = 02-06-00:00:00:00:00:03, { DataRate: 77, SignalStrength: 6, AntiFragility: 15}, IQ: 28]
180s ExecutionModule:Run(): Decision time => Seconds: 0, Miliseconds: 222
180s ExecutionModule:Run(): Handover time => Seconds: 0, Miliseconds: 123
180s ExecutionModule:Run(): Event: Horizontal Handover.
180s DeviceModule:MoveRandom(): New position: (74, 76)
181s DeviceModule:MoveRandom(): New position: (74, 77)
182s DeviceModule:MoveRandom(): New position: (74, 76)
183s DeviceModule:MoveRandom(): New position: (75, 76)
184s DeviceModule:MoveRandom(): New position: (75, 75)
185s DeviceModule:MoveRandom(): New position: (76, 75)
186s DeviceModule:MoveRandom(): New position: (77, 75)
187s DeviceModule:MoveRandom(): New position: (77, 74)
188s DeviceModule:MoveRandom(): New position: (77, 73)
188s DecisionModule:RemoveNetworkFromList(): Network: 9 out of range!
189s DeviceModule:MoveRandom(): New position: (77, 72)
190s DeviceModule:MoveRandom(): New position: (77, 73)
191s DeviceModule:MoveRandom(): New position: (78, 73)
192s DeviceModule:MoveRandom(): New position: (78, 74)
193s DeviceModule:MoveRandom(): New position: (78, 73)
194s DeviceModule:MoveRandom(): New position: (78, 74)
195s DecisionModule:Run(): Run decision
195s DecisionModule:AnalyzingNetworks(): Current Network: 
       [Network #1, Technology = Wifi, Address = 02-06-00:00:00:00:00:03, { DataRate: 48, SignalStrength: 71, AntiFragility: 88}, IQ: 73]
195s DecisionModule:ShowAllNetworks(): All detected networks:
       [Network #1, Technology = Wifi, Address = 02-06-00:00:00:00:00:03, { DataRate: 48, SignalStrength: 71, AntiFragility: 88}, IQ: 73]
       [Network #7, Technology = Wifi, Address = 02-06-00:00:00:00:00:09, { DataRate: 81, SignalStrength: 59, AntiFragility: 59}, IQ: 64]
       [Network #0, Technology = Wifi, Address = 02-06-00:00:00:00:00:02, { DataRate: 61, SignalStrength: 42, AntiFragility: 78}, IQ: 64]
       [Network #4, Technology = Wifi, Address = 02-06-00:00:00:00:00:06, { DataRate: 99, SignalStrength: 94, AntiFragility: 30}, IQ: 63]
       [Network #2, Technology = Wifi, Address = 02-06-00:00:00:00:00:04, { DataRate: 25, SignalStrength: 29, AntiFragility: 92}, IQ: 59]
       [Network #5, Technology = Wifi, Address = 02-06-00:00:00:00:00:07, { DataRate: 6, SignalStrength: 42, AntiFragility: 74}, IQ: 49]
       [Network #6, Technology = Wifi, Address = 02-06-00:00:00:00:00:08, { DataRate: 27, SignalStrength: 19, AntiFragility: 71}, IQ: 47]
       [Network #3, Technology = Wifi, Address = 02-06-00:00:00:00:00:05, { DataRate: 3, SignalStrength: 1, AntiFragility: 89}, IQ: 45]
       [Network #8, Technology = Wimax, Address = 02-06-00:00:00:00:00:0b, { DataRate: 54, SignalStrength: 47, AntiFragility: 22}, IQ: 36]
195s ExecutionModule:Run(): Decision time => Seconds: 0, Miliseconds: 196
195s ExecutionModule:Run(): Handover time => Seconds: 0, Miliseconds: 120
195s ExecutionModule:Run(): Event: Horizontal Handover.
195s DeviceModule:MoveRandom(): New position: (79, 74)
196s DeviceModule:MoveRandom(): New position: (79, 73)
196s DecisionModule:RemoveNetworkFromList(): Network: 0 out of range!
197s DeviceModule:MoveRandom(): New position: (79, 72)
198s DeviceModule:MoveRandom(): New position: (78, 72)
199s DeviceModule:MoveRandom(): New position: (78, 71)
