Waf: Entering directory `/home/renan/Documents/NR2/ns-allinone-3.20/ns-3.20/build'
Waf: Leaving directory `/home/renan/Documents/NR2/ns-allinone-3.20/ns-3.20/build'
'build' finished successfully (1.918s)
0s NetworkModule:SetPosition(): Network 0 set position => (121, 13)
0s NetworkModule:SetRange(): Network 0 set range => 100
0s NetworkModule:SetPosition(): Network 1 set position => (60, 85)
0s NetworkModule:SetRange(): Network 1 set range => 100
0s NetworkModule:SetPosition(): Network 2 set position => (121, 107)
0s NetworkModule:SetRange(): Network 2 set range => 100
0s NetworkModule:SetPosition(): Network 3 set position => (118, 117)
0s NetworkModule:SetRange(): Network 3 set range => 100
0s NetworkModule:SetPosition(): Network 4 set position => (92, 34)
0s NetworkModule:SetRange(): Network 4 set range => 100
0s NetworkModule:SetPosition(): Network 5 set position => (72, 82)
0s NetworkModule:SetRange(): Network 5 set range => 100
0s NetworkModule:SetPosition(): Network 6 set position => (118, 17)
0s NetworkModule:SetRange(): Network 6 set range => 100
0s NetworkModule:SetPosition(): Network 7 set position => (3, 30)
0s NetworkModule:SetRange(): Network 7 set range => 100
0s NetworkModule:SetPosition(): Network 8 set position => (121, 42)
0s NetworkModule:SetRange(): Network 8 set range => 100
0s NetworkModule:SetPosition(): Network 9 set position => (3, 46)
0s NetworkModule:SetRange(): Network 9 set range => 100
0s DeviceModule:ConfigureMobility(): Device [init x = 75, init y = 75, max = 150, velocity = 1]
1s DeviceModule:MoveRandom(): New position: (75, 74)
1s DecisionModule:AddNetworkToList(): Network detected
1s DecisionModule:AddNetworkToList(): Network detected
1s DecisionModule:AddNetworkToList(): Network detected
1s DecisionModule:AddNetworkToList(): Network detected
1s DecisionModule:AddNetworkToList(): Network detected
1s DecisionModule:AddNetworkToList(): Network detected
1s DecisionModule:AddNetworkToList(): Network detected
1s DecisionModule:AddNetworkToList(): Network detected
1s DecisionModule:AddNetworkToList(): Network detected
1s DecisionModule:AddNetworkToList(): Network detected
2s DeviceModule:MoveRandom(): New position: (74, 74)
3s DeviceModule:MoveRandom(): New position: (75, 74)
4s DeviceModule:MoveRandom(): New position: (75, 73)
5s DeviceModule:MoveRandom(): New position: (74, 73)
6s DeviceModule:MoveRandom(): New position: (73, 73)
7s DeviceModule:MoveRandom(): New position: (73, 74)
8s DeviceModule:MoveRandom(): New position: (72, 74)
9s DeviceModule:MoveRandom(): New position: (73, 74)
10s DeviceModule:MoveRandom(): New position: (74, 74)
11s DeviceModule:MoveRandom(): New position: (74, 73)
12s DeviceModule:MoveRandom(): New position: (74, 74)
13s DeviceModule:MoveRandom(): New position: (75, 74)
14s DeviceModule:MoveRandom(): New position: (75, 75)
15s DecisionModule:Run(): Run decision
15s DecisionModule:AnalyzingNetworks(): Current Network: 
       [Network #0, Technology = Wifi, Address = 02-06-00:00:00:00:00:02, { DataRate: 79, SignalStrength: 1, AntiFragility: 98}, IQ: 69]
15s DecisionModule:ShowAllNetworks(): All detected networks:
       [Network #0, Technology = Wifi, Address = 02-06-00:00:00:00:00:02, { DataRate: 79, SignalStrength: 1, AntiFragility: 98}, IQ: 69]
       [Network #6, Technology = Wifi, Address = 02-06-00:00:00:00:00:08, { DataRate: 45, SignalStrength: 46, AntiFragility: 83}, IQ: 64]
       [Network #2, Technology = Wifi, Address = 02-06-00:00:00:00:00:04, { DataRate: 19, SignalStrength: 8, AntiFragility: 91}, IQ: 52]
       [Network #4, Technology = Wifi, Address = 02-06-00:00:00:00:00:06, { DataRate: 7, SignalStrength: 28, AntiFragility: 81}, IQ: 49]
       [Network #8, Technology = Wimax, Address = 02-06-00:00:00:00:00:0b, { DataRate: 32, SignalStrength: 17, AntiFragility: 67}, IQ: 45]
       [Network #5, Technology = Wifi, Address = 02-06-00:00:00:00:00:07, { DataRate: 22, SignalStrength: 12, AntiFragility: 60}, IQ: 38]
       [Network #1, Technology = Wifi, Address = 02-06-00:00:00:00:00:03, { DataRate: 97, SignalStrength: 14, AntiFragility: 13}, IQ: 34]
       [Network #3, Technology = Wifi, Address = 02-06-00:00:00:00:00:05, { DataRate: 16, SignalStrength: 42, AntiFragility: 15}, IQ: 22]
       [Network #9, Technology = Wimax, Address = 02-06-00:00:00:00:00:0c, { DataRate: 27, SignalStrength: 5, AntiFragility: 21}, IQ: 18]
       [Network #7, Technology = Wifi, Address = 02-06-00:00:00:00:00:09, { DataRate: 14, SignalStrength: 8, AntiFragility: 1}, IQ: 6]
15s DeviceModule:MoveRandom(): New position: (75, 74)
16s DeviceModule:MoveRandom(): New position: (75, 75)
17s DeviceModule:MoveRandom(): New position: (76, 75)
18s DeviceModule:MoveRandom(): New position: (75, 75)
19s DeviceModule:MoveRandom(): New position: (75, 74)
20s DeviceModule:MoveRandom(): New position: (74, 74)
21s DeviceModule:MoveRandom(): New position: (75, 74)
22s DeviceModule:MoveRandom(): New position: (75, 73)
23s DeviceModule:MoveRandom(): New position: (74, 73)
24s DeviceModule:MoveRandom(): New position: (75, 73)
25s DeviceModule:MoveRandom(): New position: (75, 74)
26s DeviceModule:MoveRandom(): New position: (76, 74)
27s DeviceModule:MoveRandom(): New position: (75, 74)
28s DeviceModule:MoveRandom(): New position: (74, 74)
29s DeviceModule:MoveRandom(): New position: (75, 74)
30s DecisionModule:Run(): Run decision
30s DecisionModule:AnalyzingNetworks(): Current Network: 
       [Network #0, Technology = Wifi, Address = 02-06-00:00:00:00:00:02, { DataRate: 88, SignalStrength: 45, AntiFragility: 92}, IQ: 79]
30s DecisionModule:ShowAllNetworks(): All detected networks:
       [Network #0, Technology = Wifi, Address = 02-06-00:00:00:00:00:02, { DataRate: 88, SignalStrength: 45, AntiFragility: 92}, IQ: 79]
       [Network #2, Technology = Wifi, Address = 02-06-00:00:00:00:00:04, { DataRate: 1, SignalStrength: 96, AntiFragility: 89}, IQ: 68]
       [Network #3, Technology = Wifi, Address = 02-06-00:00:00:00:00:05, { DataRate: 25, SignalStrength: 45, AntiFragility: 87}, IQ: 61]
       [Network #1, Technology = Wifi, Address = 02-06-00:00:00:00:00:03, { DataRate: 80, SignalStrength: 90, AntiFragility: 34}, IQ: 59]
       [Network #4, Technology = Wifi, Address = 02-06-00:00:00:00:00:06, { DataRate: 84, SignalStrength: 55, AntiFragility: 29}, IQ: 49]
       [Network #9, Technology = Wimax, Address = 02-06-00:00:00:00:00:0c, { DataRate: 70, SignalStrength: 92, AntiFragility: 18}, IQ: 49]
       [Network #7, Technology = Wifi, Address = 02-06-00:00:00:00:00:09, { DataRate: 8, SignalStrength: 62, AntiFragility: 35}, IQ: 35]
       [Network #8, Technology = Wimax, Address = 02-06-00:00:00:00:00:0b, { DataRate: 20, SignalStrength: 92, AntiFragility: 8}, IQ: 32]
       [Network #6, Technology = Wifi, Address = 02-06-00:00:00:00:00:08, { DataRate: 35, SignalStrength: 66, AntiFragility: 1}, IQ: 25]
       [Network #5, Technology = Wifi, Address = 02-06-00:00:00:00:00:07, { DataRate: 17, SignalStrength: 19, AntiFragility: 11}, IQ: 14]
30s DeviceModule:MoveRandom(): New position: (76, 74)
31s DeviceModule:MoveRandom(): New position: (76, 73)
32s DeviceModule:MoveRandom(): New position: (77, 73)
33s DeviceModule:MoveRandom(): New position: (77, 72)
34s DeviceModule:MoveRandom(): New position: (77, 71)
35s DeviceModule:MoveRandom(): New position: (77, 72)
36s DeviceModule:MoveRandom(): New position: (77, 71)
37s DeviceModule:MoveRandom(): New position: (76, 71)
38s DeviceModule:MoveRandom(): New position: (77, 71)
39s DeviceModule:MoveRandom(): New position: (77, 70)
40s DeviceModule:MoveRandom(): New position: (77, 71)
41s DeviceModule:MoveRandom(): New position: (78, 71)
42s DeviceModule:MoveRandom(): New position: (78, 72)
43s DeviceModule:MoveRandom(): New position: (78, 73)
44s DeviceModule:MoveRandom(): New position: (78, 72)
45s DecisionModule:Run(): Run decision
45s DecisionModule:AnalyzingNetworks(): Current Network: 
       [Network #6, Technology = Wifi, Address = 02-06-00:00:00:00:00:08, { DataRate: 66, SignalStrength: 97, AntiFragility: 65}, IQ: 73]
45s DecisionModule:ShowAllNetworks(): All detected networks:
       [Network #6, Technology = Wifi, Address = 02-06-00:00:00:00:00:08, { DataRate: 66, SignalStrength: 97, AntiFragility: 65}, IQ: 73]
       [Network #0, Technology = Wifi, Address = 02-06-00:00:00:00:00:02, { DataRate: 40, SignalStrength: 8, AntiFragility: 97}, IQ: 60]
       [Network #8, Technology = Wimax, Address = 02-06-00:00:00:00:00:0b, { DataRate: 49, SignalStrength: 94, AntiFragility: 45}, IQ: 58]
       [Network #4, Technology = Wifi, Address = 02-06-00:00:00:00:00:06, { DataRate: 77, SignalStrength: 56, AntiFragility: 41}, IQ: 53]
       [Network #3, Technology = Wifi, Address = 02-06-00:00:00:00:00:05, { DataRate: 80, SignalStrength: 62, AntiFragility: 25}, IQ: 48]
       [Network #2, Technology = Wifi, Address = 02-06-00:00:00:00:00:04, { DataRate: 47, SignalStrength: 65, AntiFragility: 40}, IQ: 48]
       [Network #9, Technology = Wimax, Address = 02-06-00:00:00:00:00:0c, { DataRate: 49, SignalStrength: 45, AntiFragility: 26}, IQ: 36]
       [Network #1, Technology = Wifi, Address = 02-06-00:00:00:00:00:03, { DataRate: 12, SignalStrength: 32, AntiFragility: 46}, IQ: 34]
       [Network #5, Technology = Wifi, Address = 02-06-00:00:00:00:00:07, { DataRate: 44, SignalStrength: 42, AntiFragility: 23}, IQ: 33]
       [Network #7, Technology = Wifi, Address = 02-06-00:00:00:00:00:09, { DataRate: 7, SignalStrength: 48, AntiFragility: 38}, IQ: 32]
45s ExecutionModule:Run(): Decision time => Seconds: 0, Miliseconds: 211
45s ExecutionModule:Run(): Handover time => Seconds: 0, Miliseconds: 176
45s ExecutionModule:Run(): Event: Horizontal Handover.
45s DeviceModule:MoveRandom(): New position: (78, 73)
46s DeviceModule:MoveRandom(): New position: (77, 73)
47s DeviceModule:MoveRandom(): New position: (77, 74)
48s DeviceModule:MoveRandom(): New position: (76, 74)
49s DeviceModule:MoveRandom(): New position: (77, 74)
50s DeviceModule:MoveRandom(): New position: (76, 74)
51s DeviceModule:MoveRandom(): New position: (76, 75)
52s DeviceModule:MoveRandom(): New position: (77, 75)
53s DeviceModule:MoveRandom(): New position: (77, 74)
54s DeviceModule:MoveRandom(): New position: (76, 74)
55s DeviceModule:MoveRandom(): New position: (76, 75)
56s DeviceModule:MoveRandom(): New position: (76, 74)
57s DeviceModule:MoveRandom(): New position: (75, 74)
58s DeviceModule:MoveRandom(): New position: (75, 73)
59s DeviceModule:MoveRandom(): New position: (75, 74)
60s DecisionModule:Run(): Run decision
60s DecisionModule:AnalyzingNetworks(): Current Network: 
       [Network #5, Technology = Wifi, Address = 02-06-00:00:00:00:00:07, { DataRate: 47, SignalStrength: 85, AntiFragility: 88}, IQ: 77]
60s DecisionModule:ShowAllNetworks(): All detected networks:
       [Network #5, Technology = Wifi, Address = 02-06-00:00:00:00:00:07, { DataRate: 47, SignalStrength: 85, AntiFragility: 88}, IQ: 77]
       [Network #2, Technology = Wifi, Address = 02-06-00:00:00:00:00:04, { DataRate: 94, SignalStrength: 35, AntiFragility: 65}, IQ: 64]
       [Network #0, Technology = Wifi, Address = 02-06-00:00:00:00:00:02, { DataRate: 95, SignalStrength: 83, AntiFragility: 32}, IQ: 60]
       [Network #7, Technology = Wifi, Address = 02-06-00:00:00:00:00:09, { DataRate: 62, SignalStrength: 23, AntiFragility: 75}, IQ: 58]
       [Network #3, Technology = Wifi, Address = 02-06-00:00:00:00:00:05, { DataRate: 39, SignalStrength: 62, AntiFragility: 62}, IQ: 56]
       [Network #9, Technology = Wimax, Address = 02-06-00:00:00:00:00:0c, { DataRate: 51, SignalStrength: 57, AntiFragility: 50}, IQ: 52]
       [Network #4, Technology = Wifi, Address = 02-06-00:00:00:00:00:06, { DataRate: 23, SignalStrength: 49, AntiFragility: 54}, IQ: 45]
       [Network #6, Technology = Wifi, Address = 02-06-00:00:00:00:00:08, { DataRate: 68, SignalStrength: 43, AntiFragility: 28}, IQ: 41]
       [Network #8, Technology = Wimax, Address = 02-06-00:00:00:00:00:0b, { DataRate: 15, SignalStrength: 39, AntiFragility: 53}, IQ: 40]
       [Network #1, Technology = Wifi, Address = 02-06-00:00:00:00:00:03, { DataRate: 24, SignalStrength: 27, AntiFragility: 38}, IQ: 31]
60s ExecutionModule:Run(): Decision time => Seconds: 0, Miliseconds: 204
60s ExecutionModule:Run(): Handover time => Seconds: 0, Miliseconds: 334
60s ExecutionModule:Run(): Event: Horizontal Handover.
60s DeviceModule:MoveRandom(): New position: (74, 74)
61s DeviceModule:MoveRandom(): New position: (73, 74)
62s DeviceModule:MoveRandom(): New position: (73, 75)
63s DeviceModule:MoveRandom(): New position: (73, 76)
64s DeviceModule:MoveRandom(): New position: (73, 75)
65s DeviceModule:MoveRandom(): New position: (73, 76)
66s DeviceModule:MoveRandom(): New position: (73, 77)
67s DeviceModule:MoveRandom(): New position: (73, 76)
68s DeviceModule:MoveRandom(): New position: (74, 76)
69s DeviceModule:MoveRandom(): New position: (74, 75)
70s DeviceModule:MoveRandom(): New position: (74, 74)
71s DeviceModule:MoveRandom(): New position: (75, 74)
72s DeviceModule:MoveRandom(): New position: (75, 73)
73s DeviceModule:MoveRandom(): New position: (76, 73)
74s DeviceModule:MoveRandom(): New position: (76, 74)
75s DecisionModule:Run(): Run decision
75s DecisionModule:AnalyzingNetworks(): Current Network: 
       [Network #9, Technology = Wimax, Address = 02-06-00:00:00:00:00:0c, { DataRate: 79, SignalStrength: 93, AntiFragility: 55}, IQ: 70]
75s DecisionModule:ShowAllNetworks(): All detected networks:
       [Network #9, Technology = Wimax, Address = 02-06-00:00:00:00:00:0c, { DataRate: 79, SignalStrength: 93, AntiFragility: 55}, IQ: 70]
       [Network #6, Technology = Wifi, Address = 02-06-00:00:00:00:00:08, { DataRate: 5, SignalStrength: 58, AntiFragility: 98}, IQ: 64]
       [Network #0, Technology = Wifi, Address = 02-06-00:00:00:00:00:02, { DataRate: 75, SignalStrength: 61, AntiFragility: 58}, IQ: 63]
       [Network #3, Technology = Wifi, Address = 02-06-00:00:00:00:00:05, { DataRate: 74, SignalStrength: 99, AntiFragility: 37}, IQ: 61]
       [Network #5, Technology = Wifi, Address = 02-06-00:00:00:00:00:07, { DataRate: 20, SignalStrength: 7, AntiFragility: 95}, IQ: 54]
       [Network #8, Technology = Wimax, Address = 02-06-00:00:00:00:00:0b, { DataRate: 95, SignalStrength: 14, AntiFragility: 54}, IQ: 54]
       [Network #2, Technology = Wifi, Address = 02-06-00:00:00:00:00:04, { DataRate: 77, SignalStrength: 96, AntiFragility: 9}, IQ: 47]
       [Network #4, Technology = Wifi, Address = 02-06-00:00:00:00:00:06, { DataRate: 62, SignalStrength: 94, AntiFragility: 12}, IQ: 45]
       [Network #7, Technology = Wifi, Address = 02-06-00:00:00:00:00:09, { DataRate: 34, SignalStrength: 86, AntiFragility: 24}, IQ: 42]
       [Network #1, Technology = Wifi, Address = 02-06-00:00:00:00:00:03, { DataRate: 87, SignalStrength: 64, AntiFragility: 2}, IQ: 38]
75s ExecutionModule:Run(): Decision time => Seconds: 0, Miliseconds: 208
75s ExecutionModule:Run(): Handover time => Seconds: 0, Miliseconds: 45
75s ExecutionModule:Run(): Event: Vertical Handover.
75s DeviceModule:MoveRandom(): New position: (76, 75)
76s DeviceModule:MoveRandom(): New position: (76, 76)
77s DeviceModule:MoveRandom(): New position: (77, 76)
78s DeviceModule:MoveRandom(): New position: (76, 76)
79s DeviceModule:MoveRandom(): New position: (76, 75)
80s DeviceModule:MoveRandom(): New position: (76, 76)
81s DeviceModule:MoveRandom(): New position: (75, 76)
82s DeviceModule:MoveRandom(): New position: (76, 76)
83s DeviceModule:MoveRandom(): New position: (76, 75)
84s DeviceModule:MoveRandom(): New position: (76, 74)
85s DeviceModule:MoveRandom(): New position: (75, 74)
86s DeviceModule:MoveRandom(): New position: (75, 73)
87s DeviceModule:MoveRandom(): New position: (75, 72)
88s DeviceModule:MoveRandom(): New position: (75, 73)
89s DeviceModule:MoveRandom(): New position: (76, 73)
90s DecisionModule:Run(): Run decision
90s DecisionModule:AnalyzingNetworks(): Current Network: 
       [Network #9, Technology = Wimax, Address = 02-06-00:00:00:00:00:0c, { DataRate: 54, SignalStrength: 92, AntiFragility: 99}, IQ: 86]
90s DecisionModule:ShowAllNetworks(): All detected networks:
       [Network #9, Technology = Wimax, Address = 02-06-00:00:00:00:00:0c, { DataRate: 54, SignalStrength: 92, AntiFragility: 99}, IQ: 86]
       [Network #1, Technology = Wifi, Address = 02-06-00:00:00:00:00:03, { DataRate: 68, SignalStrength: 48, AntiFragility: 90}, IQ: 74]
       [Network #0, Technology = Wifi, Address = 02-06-00:00:00:00:00:02, { DataRate: 72, SignalStrength: 31, AntiFragility: 89}, IQ: 70]
       [Network #2, Technology = Wifi, Address = 02-06-00:00:00:00:00:04, { DataRate: 73, SignalStrength: 52, AntiFragility: 77}, IQ: 69]
       [Network #5, Technology = Wifi, Address = 02-06-00:00:00:00:00:07, { DataRate: 76, SignalStrength: 32, AntiFragility: 54}, IQ: 54]
       [Network #4, Technology = Wifi, Address = 02-06-00:00:00:00:00:06, { DataRate: 81, SignalStrength: 38, AntiFragility: 41}, IQ: 50]
       [Network #6, Technology = Wifi, Address = 02-06-00:00:00:00:00:08, { DataRate: 51, SignalStrength: 24, AntiFragility: 58}, IQ: 47]
       [Network #8, Technology = Wimax, Address = 02-06-00:00:00:00:00:0b, { DataRate: 12, SignalStrength: 95, AntiFragility: 13}, IQ: 33]
       [Network #7, Technology = Wifi, Address = 02-06-00:00:00:00:00:09, { DataRate: 23, SignalStrength: 8, AntiFragility: 26}, IQ: 20]
       [Network #3, Technology = Wifi, Address = 02-06-00:00:00:00:00:05, { DataRate: 23, SignalStrength: 14, AntiFragility: 22}, IQ: 20]
90s DeviceModule:MoveRandom(): New position: (77, 73)
91s DeviceModule:MoveRandom(): New position: (78, 73)
92s DeviceModule:MoveRandom(): New position: (78, 72)
93s DeviceModule:MoveRandom(): New position: (77, 72)
94s DeviceModule:MoveRandom(): New position: (76, 72)
95s DeviceModule:MoveRandom(): New position: (76, 71)
96s DeviceModule:MoveRandom(): New position: (76, 70)
97s DeviceModule:MoveRandom(): New position: (77, 70)
98s DeviceModule:MoveRandom(): New position: (77, 69)
99s DeviceModule:MoveRandom(): New position: (76, 69)
100s DeviceModule:MoveRandom(): New position: (76, 70)
101s DeviceModule:MoveRandom(): New position: (77, 70)
102s DeviceModule:MoveRandom(): New position: (78, 70)
103s DeviceModule:MoveRandom(): New position: (79, 70)
104s DeviceModule:MoveRandom(): New position: (78, 70)
105s DecisionModule:Run(): Run decision
105s DecisionModule:AnalyzingNetworks(): Current Network: 
       [Network #9, Technology = Wimax, Address = 02-06-00:00:00:00:00:0c, { DataRate: 99, SignalStrength: 37, AntiFragility: 87}, IQ: 77]
105s DecisionModule:ShowAllNetworks(): All detected networks:
       [Network #9, Technology = Wimax, Address = 02-06-00:00:00:00:00:0c, { DataRate: 99, SignalStrength: 37, AntiFragility: 87}, IQ: 77]
       [Network #3, Technology = Wifi, Address = 02-06-00:00:00:00:00:05, { DataRate: 39, SignalStrength: 84, AntiFragility: 90}, IQ: 75]
       [Network #7, Technology = Wifi, Address = 02-06-00:00:00:00:00:09, { DataRate: 49, SignalStrength: 63, AntiFragility: 90}, IQ: 73]
       [Network #4, Technology = Wifi, Address = 02-06-00:00:00:00:00:06, { DataRate: 28, SignalStrength: 79, AntiFragility: 70}, IQ: 61]
       [Network #6, Technology = Wifi, Address = 02-06-00:00:00:00:00:08, { DataRate: 42, SignalStrength: 51, AntiFragility: 76}, IQ: 61]
       [Network #8, Technology = Wimax, Address = 02-06-00:00:00:00:00:0b, { DataRate: 28, SignalStrength: 92, AntiFragility: 43}, IQ: 51]
       [Network #1, Technology = Wifi, Address = 02-06-00:00:00:00:00:03, { DataRate: 19, SignalStrength: 49, AntiFragility: 65}, IQ: 49]
       [Network #2, Technology = Wifi, Address = 02-06-00:00:00:00:00:04, { DataRate: 41, SignalStrength: 34, AntiFragility: 51}, IQ: 44]
       [Network #0, Technology = Wifi, Address = 02-06-00:00:00:00:00:02, { DataRate: 16, SignalStrength: 39, AntiFragility: 47}, IQ: 37]
       [Network #5, Technology = Wifi, Address = 02-06-00:00:00:00:00:07, { DataRate: 49, SignalStrength: 81, AntiFragility: 8}, IQ: 36]
105s DeviceModule:MoveRandom(): New position: (78, 69)
106s DeviceModule:MoveRandom(): New position: (77, 69)
107s DeviceModule:MoveRandom(): New position: (76, 69)
108s DeviceModule:MoveRandom(): New position: (76, 68)
109s DeviceModule:MoveRandom(): New position: (77, 68)
110s DeviceModule:MoveRandom(): New position: (76, 68)
111s DeviceModule:MoveRandom(): New position: (76, 67)
112s DeviceModule:MoveRandom(): New position: (76, 68)
113s DeviceModule:MoveRandom(): New position: (76, 69)
114s DeviceModule:MoveRandom(): New position: (76, 70)
115s DeviceModule:MoveRandom(): New position: (77, 70)
116s DeviceModule:MoveRandom(): New position: (77, 69)
117s DeviceModule:MoveRandom(): New position: (77, 70)
118s DeviceModule:MoveRandom(): New position: (76, 70)
119s DeviceModule:MoveRandom(): New position: (76, 71)
120s DecisionModule:Run(): Run decision
120s DecisionModule:AnalyzingNetworks(): Current Network: 
       [Network #0, Technology = Wifi, Address = 02-06-00:00:00:00:00:02, { DataRate: 90, SignalStrength: 96, AntiFragility: 98}, IQ: 95]
120s DecisionModule:ShowAllNetworks(): All detected networks:
       [Network #0, Technology = Wifi, Address = 02-06-00:00:00:00:00:02, { DataRate: 90, SignalStrength: 96, AntiFragility: 98}, IQ: 95]
       [Network #7, Technology = Wifi, Address = 02-06-00:00:00:00:00:09, { DataRate: 54, SignalStrength: 94, AntiFragility: 85}, IQ: 79]
       [Network #9, Technology = Wimax, Address = 02-06-00:00:00:00:00:0c, { DataRate: 23, SignalStrength: 8, AntiFragility: 99}, IQ: 57]
       [Network #3, Technology = Wifi, Address = 02-06-00:00:00:00:00:05, { DataRate: 81, SignalStrength: 56, AntiFragility: 33}, IQ: 50]
       [Network #1, Technology = Wifi, Address = 02-06-00:00:00:00:00:03, { DataRate: 33, SignalStrength: 20, AntiFragility: 70}, IQ: 48]
       [Network #6, Technology = Wifi, Address = 02-06-00:00:00:00:00:08, { DataRate: 71, SignalStrength: 52, AntiFragility: 32}, IQ: 46]
       [Network #5, Technology = Wifi, Address = 02-06-00:00:00:00:00:07, { DataRate: 21, SignalStrength: 13, AntiFragility: 65}, IQ: 41]
       [Network #8, Technology = Wimax, Address = 02-06-00:00:00:00:00:0b, { DataRate: 45, SignalStrength: 23, AntiFragility: 43}, IQ: 38]
       [Network #4, Technology = Wifi, Address = 02-06-00:00:00:00:00:06, { DataRate: 39, SignalStrength: 30, AntiFragility: 6}, IQ: 20]
       [Network #2, Technology = Wifi, Address = 02-06-00:00:00:00:00:04, { DataRate: 47, SignalStrength: 24, AntiFragility: 5}, IQ: 20]
120s ExecutionModule:Run(): Decision time => Seconds: 0, Miliseconds: 204
120s ExecutionModule:Run(): Handover time => Seconds: 0, Miliseconds: 31
120s ExecutionModule:Run(): Event: Vertical Handover.
120s DeviceModule:MoveRandom(): New position: (77, 71)
121s DeviceModule:MoveRandom(): New position: (76, 71)
122s DeviceModule:MoveRandom(): New position: (77, 71)
123s DeviceModule:MoveRandom(): New position: (78, 71)
124s DeviceModule:MoveRandom(): New position: (79, 71)
125s DeviceModule:MoveRandom(): New position: (79, 70)
126s DeviceModule:MoveRandom(): New position: (78, 70)
127s DeviceModule:MoveRandom(): New position: (78, 69)
128s DeviceModule:MoveRandom(): New position: (77, 69)
129s DeviceModule:MoveRandom(): New position: (76, 69)
130s DeviceModule:MoveRandom(): New position: (75, 69)
131s DeviceModule:MoveRandom(): New position: (76, 69)
132s DeviceModule:MoveRandom(): New position: (75, 69)
133s DeviceModule:MoveRandom(): New position: (75, 70)
134s DeviceModule:MoveRandom(): New position: (74, 70)
135s DecisionModule:Run(): Run decision
135s DecisionModule:AnalyzingNetworks(): Current Network: 
       [Network #7, Technology = Wifi, Address = 02-06-00:00:00:00:00:09, { DataRate: 74, SignalStrength: 21, AntiFragility: 91}, IQ: 69]
135s DecisionModule:ShowAllNetworks(): All detected networks:
       [Network #7, Technology = Wifi, Address = 02-06-00:00:00:00:00:09, { DataRate: 74, SignalStrength: 21, AntiFragility: 91}, IQ: 69]
       [Network #1, Technology = Wifi, Address = 02-06-00:00:00:00:00:03, { DataRate: 99, SignalStrength: 4, AntiFragility: 88}, IQ: 69]
       [Network #0, Technology = Wifi, Address = 02-06-00:00:00:00:00:02, { DataRate: 15, SignalStrength: 57, AntiFragility: 97}, IQ: 66]
       [Network #4, Technology = Wifi, Address = 02-06-00:00:00:00:00:06, { DataRate: 68, SignalStrength: 81, AntiFragility: 42}, IQ: 58]
       [Network #8, Technology = Wimax, Address = 02-06-00:00:00:00:00:0b, { DataRate: 16, SignalStrength: 84, AntiFragility: 59}, IQ: 54]
       [Network #3, Technology = Wifi, Address = 02-06-00:00:00:00:00:05, { DataRate: 96, SignalStrength: 35, AntiFragility: 29}, IQ: 47]
       [Network #6, Technology = Wifi, Address = 02-06-00:00:00:00:00:08, { DataRate: 27, SignalStrength: 74, AntiFragility: 43}, IQ: 46]
       [Network #9, Technology = Wimax, Address = 02-06-00:00:00:00:00:0c, { DataRate: 55, SignalStrength: 33, AntiFragility: 46}, IQ: 45]
       [Network #5, Technology = Wifi, Address = 02-06-00:00:00:00:00:07, { DataRate: 4, SignalStrength: 86, AntiFragility: 33}, IQ: 39]
       [Network #2, Technology = Wifi, Address = 02-06-00:00:00:00:00:04, { DataRate: 6, SignalStrength: 13, AntiFragility: 57}, IQ: 33]
135s ExecutionModule:Run(): Decision time => Seconds: 0, Miliseconds: 225
135s ExecutionModule:Run(): Handover time => Seconds: 0, Miliseconds: 122
135s ExecutionModule:Run(): Event: Horizontal Handover.
135s DeviceModule:MoveRandom(): New position: (74, 71)
136s DeviceModule:MoveRandom(): New position: (73, 71)
137s DeviceModule:MoveRandom(): New position: (74, 71)
138s DeviceModule:MoveRandom(): New position: (75, 71)
139s DeviceModule:MoveRandom(): New position: (75, 72)
140s DeviceModule:MoveRandom(): New position: (75, 71)
141s DeviceModule:MoveRandom(): New position: (75, 72)
142s DeviceModule:MoveRandom(): New position: (75, 73)
143s DeviceModule:MoveRandom(): New position: (75, 72)
144s DeviceModule:MoveRandom(): New position: (74, 72)
145s DeviceModule:MoveRandom(): New position: (74, 73)
146s DeviceModule:MoveRandom(): New position: (74, 72)
147s DeviceModule:MoveRandom(): New position: (74, 71)
148s DeviceModule:MoveRandom(): New position: (73, 71)
149s DeviceModule:MoveRandom(): New position: (73, 72)
150s DecisionModule:Run(): Run decision
150s DecisionModule:AnalyzingNetworks(): Current Network: 
       [Network #6, Technology = Wifi, Address = 02-06-00:00:00:00:00:08, { DataRate: 94, SignalStrength: 85, AntiFragility: 67}, IQ: 78]
150s DecisionModule:ShowAllNetworks(): All detected networks:
       [Network #6, Technology = Wifi, Address = 02-06-00:00:00:00:00:08, { DataRate: 94, SignalStrength: 85, AntiFragility: 67}, IQ: 78]
       [Network #8, Technology = Wimax, Address = 02-06-00:00:00:00:00:0b, { DataRate: 93, SignalStrength: 40, AntiFragility: 64}, IQ: 65]
       [Network #9, Technology = Wimax, Address = 02-06-00:00:00:00:00:0c, { DataRate: 36, SignalStrength: 52, AntiFragility: 73}, IQ: 58]
       [Network #3, Technology = Wifi, Address = 02-06-00:00:00:00:00:05, { DataRate: 78, SignalStrength: 27, AntiFragility: 54}, IQ: 53]
       [Network #5, Technology = Wifi, Address = 02-06-00:00:00:00:00:07, { DataRate: 85, SignalStrength: 33, AntiFragility: 43}, IQ: 51]
       [Network #0, Technology = Wifi, Address = 02-06-00:00:00:00:00:02, { DataRate: 60, SignalStrength: 90, AntiFragility: 15}, IQ: 45]
       [Network #2, Technology = Wifi, Address = 02-06-00:00:00:00:00:04, { DataRate: 66, SignalStrength: 95, AntiFragility: 2}, IQ: 41]
       [Network #7, Technology = Wifi, Address = 02-06-00:00:00:00:00:09, { DataRate: 51, SignalStrength: 22, AntiFragility: 43}, IQ: 39]
       [Network #4, Technology = Wifi, Address = 02-06-00:00:00:00:00:06, { DataRate: 17, SignalStrength: 40, AntiFragility: 46}, IQ: 37]
       [Network #1, Technology = Wifi, Address = 02-06-00:00:00:00:00:03, { DataRate: 50, SignalStrength: 2, AntiFragility: 46}, IQ: 36]
150s ExecutionModule:Run(): Decision time => Seconds: 0, Miliseconds: 207
150s ExecutionModule:Run(): Handover time => Seconds: 0, Miliseconds: 122
150s ExecutionModule:Run(): Event: Horizontal Handover.
150s DeviceModule:MoveRandom(): New position: (72, 72)
151s DeviceModule:MoveRandom(): New position: (72, 71)
152s DeviceModule:MoveRandom(): New position: (73, 71)
153s DeviceModule:MoveRandom(): New position: (72, 71)
154s DeviceModule:MoveRandom(): New position: (73, 71)
155s DeviceModule:MoveRandom(): New position: (73, 72)
156s DeviceModule:MoveRandom(): New position: (72, 72)
157s DeviceModule:MoveRandom(): New position: (72, 73)
158s DeviceModule:MoveRandom(): New position: (71, 73)
159s DeviceModule:MoveRandom(): New position: (71, 74)
160s DeviceModule:MoveRandom(): New position: (70, 74)
161s DeviceModule:MoveRandom(): New position: (70, 75)
162s DeviceModule:MoveRandom(): New position: (70, 74)
163s DeviceModule:MoveRandom(): New position: (71, 74)
164s DeviceModule:MoveRandom(): New position: (71, 75)
165s DecisionModule:Run(): Run decision
165s DecisionModule:AnalyzingNetworks(): Current Network: 
       [Network #3, Technology = Wifi, Address = 02-06-00:00:00:00:00:05, { DataRate: 81, SignalStrength: 48, AntiFragility: 87}, IQ: 75]
165s DecisionModule:ShowAllNetworks(): All detected networks:
       [Network #3, Technology = Wifi, Address = 02-06-00:00:00:00:00:05, { DataRate: 81, SignalStrength: 48, AntiFragility: 87}, IQ: 75]
       [Network #1, Technology = Wifi, Address = 02-06-00:00:00:00:00:03, { DataRate: 50, SignalStrength: 87, AntiFragility: 78}, IQ: 73]
       [Network #9, Technology = Wimax, Address = 02-06-00:00:00:00:00:0c, { DataRate: 52, SignalStrength: 90, AntiFragility: 70}, IQ: 70]
       [Network #7, Technology = Wifi, Address = 02-06-00:00:00:00:00:09, { DataRate: 97, SignalStrength: 70, AntiFragility: 54}, IQ: 68]
       [Network #4, Technology = Wifi, Address = 02-06-00:00:00:00:00:06, { DataRate: 19, SignalStrength: 79, AntiFragility: 85}, IQ: 67]
       [Network #2, Technology = Wifi, Address = 02-06-00:00:00:00:00:04, { DataRate: 52, SignalStrength: 17, AntiFragility: 98}, IQ: 66]
       [Network #5, Technology = Wifi, Address = 02-06-00:00:00:00:00:07, { DataRate: 12, SignalStrength: 78, AntiFragility: 77}, IQ: 61]
       [Network #6, Technology = Wifi, Address = 02-06-00:00:00:00:00:08, { DataRate: 54, SignalStrength: 81, AntiFragility: 54}, IQ: 60]
       [Network #8, Technology = Wimax, Address = 02-06-00:00:00:00:00:0b, { DataRate: 33, SignalStrength: 53, AntiFragility: 21}, IQ: 32]
       [Network #0, Technology = Wifi, Address = 02-06-00:00:00:00:00:02, { DataRate: 14, SignalStrength: 46, AntiFragility: 26}, IQ: 28]
165s ExecutionModule:Run(): Decision time => Seconds: 0, Miliseconds: 202
165s ExecutionModule:Run(): Handover time => Seconds: 0, Miliseconds: 123
165s ExecutionModule:Run(): Event: Horizontal Handover.
165s DeviceModule:MoveRandom(): New position: (71, 76)
166s DeviceModule:MoveRandom(): New position: (71, 75)
167s DeviceModule:MoveRandom(): New position: (70, 75)
168s DeviceModule:MoveRandom(): New position: (69, 75)
169s DeviceModule:MoveRandom(): New position: (68, 75)
170s DeviceModule:MoveRandom(): New position: (68, 74)
171s DeviceModule:MoveRandom(): New position: (68, 75)
172s DeviceModule:MoveRandom(): New position: (68, 76)
173s DeviceModule:MoveRandom(): New position: (68, 75)
174s DeviceModule:MoveRandom(): New position: (68, 76)
175s DeviceModule:MoveRandom(): New position: (68, 77)
176s DeviceModule:MoveRandom(): New position: (67, 77)
177s DeviceModule:MoveRandom(): New position: (67, 76)
178s DeviceModule:MoveRandom(): New position: (67, 77)
179s DeviceModule:MoveRandom(): New position: (67, 78)
180s DecisionModule:Run(): Run decision
180s DecisionModule:AnalyzingNetworks(): Current Network: 
       [Network #7, Technology = Wifi, Address = 02-06-00:00:00:00:00:09, { DataRate: 98, SignalStrength: 45, AntiFragility: 91}, IQ: 81]
180s DecisionModule:ShowAllNetworks(): All detected networks:
       [Network #7, Technology = Wifi, Address = 02-06-00:00:00:00:00:09, { DataRate: 98, SignalStrength: 45, AntiFragility: 91}, IQ: 81]
       [Network #6, Technology = Wifi, Address = 02-06-00:00:00:00:00:08, { DataRate: 72, SignalStrength: 52, AntiFragility: 86}, IQ: 74]
       [Network #2, Technology = Wifi, Address = 02-06-00:00:00:00:00:04, { DataRate: 11, SignalStrength: 79, AntiFragility: 94}, IQ: 69]
       [Network #9, Technology = Wimax, Address = 02-06-00:00:00:00:00:0c, { DataRate: 66, SignalStrength: 35, AntiFragility: 83}, IQ: 66]
       [Network #4, Technology = Wifi, Address = 02-06-00:00:00:00:00:06, { DataRate: 32, SignalStrength: 41, AntiFragility: 95}, IQ: 65]
       [Network #3, Technology = Wifi, Address = 02-06-00:00:00:00:00:05, { DataRate: 15, SignalStrength: 48, AntiFragility: 99}, IQ: 65]
       [Network #8, Technology = Wimax, Address = 02-06-00:00:00:00:00:0b, { DataRate: 35, SignalStrength: 34, AntiFragility: 96}, IQ: 65]
       [Network #5, Technology = Wifi, Address = 02-06-00:00:00:00:00:07, { DataRate: 93, SignalStrength: 45, AntiFragility: 17}, IQ: 43]
       [Network #0, Technology = Wifi, Address = 02-06-00:00:00:00:00:02, { DataRate: 13, SignalStrength: 91, AntiFragility: 23}, IQ: 37]
       [Network #1, Technology = Wifi, Address = 02-06-00:00:00:00:00:03, { DataRate: 50, SignalStrength: 62, AntiFragility: 11}, IQ: 33]
180s ExecutionModule:Run(): Decision time => Seconds: 0, Miliseconds: 222
180s ExecutionModule:Run(): Handover time => Seconds: 0, Miliseconds: 123
180s ExecutionModule:Run(): Event: Horizontal Handover.
180s DeviceModule:MoveRandom(): New position: (67, 79)
181s DeviceModule:MoveRandom(): New position: (67, 78)
182s DeviceModule:MoveRandom(): New position: (68, 78)
183s DeviceModule:MoveRandom(): New position: (68, 79)
184s DeviceModule:MoveRandom(): New position: (67, 79)
185s DeviceModule:MoveRandom(): New position: (67, 78)
186s DeviceModule:MoveRandom(): New position: (67, 79)
187s DeviceModule:MoveRandom(): New position: (68, 79)
188s DeviceModule:MoveRandom(): New position: (69, 79)
189s DeviceModule:MoveRandom(): New position: (70, 79)
190s DeviceModule:MoveRandom(): New position: (71, 79)
191s DeviceModule:MoveRandom(): New position: (71, 78)
192s DeviceModule:MoveRandom(): New position: (70, 78)
193s DeviceModule:MoveRandom(): New position: (71, 78)
194s DeviceModule:MoveRandom(): New position: (70, 78)
195s DecisionModule:Run(): Run decision
195s DecisionModule:AnalyzingNetworks(): Current Network: 
       [Network #8, Technology = Wimax, Address = 02-06-00:00:00:00:00:0b, { DataRate: 62, SignalStrength: 51, AntiFragility: 95}, IQ: 75]
195s DecisionModule:ShowAllNetworks(): All detected networks:
       [Network #8, Technology = Wimax, Address = 02-06-00:00:00:00:00:0b, { DataRate: 62, SignalStrength: 51, AntiFragility: 95}, IQ: 75]
       [Network #3, Technology = Wifi, Address = 02-06-00:00:00:00:00:05, { DataRate: 28, SignalStrength: 81, AntiFragility: 89}, IQ: 71]
       [Network #1, Technology = Wifi, Address = 02-06-00:00:00:00:00:03, { DataRate: 73, SignalStrength: 14, AntiFragility: 95}, IQ: 69]
       [Network #6, Technology = Wifi, Address = 02-06-00:00:00:00:00:08, { DataRate: 84, SignalStrength: 28, AntiFragility: 74}, IQ: 65]
       [Network #2, Technology = Wifi, Address = 02-06-00:00:00:00:00:04, { DataRate: 68, SignalStrength: 18, AntiFragility: 85}, IQ: 64]
       [Network #0, Technology = Wifi, Address = 02-06-00:00:00:00:00:02, { DataRate: 41, SignalStrength: 72, AntiFragility: 44}, IQ: 50]
       [Network #9, Technology = Wimax, Address = 02-06-00:00:00:00:00:0c, { DataRate: 73, SignalStrength: 71, AntiFragility: 21}, IQ: 46]
       [Network #5, Technology = Wifi, Address = 02-06-00:00:00:00:00:07, { DataRate: 7, SignalStrength: 81, AntiFragility: 26}, IQ: 35]
       [Network #4, Technology = Wifi, Address = 02-06-00:00:00:00:00:06, { DataRate: 16, SignalStrength: 57, AntiFragility: 14}, IQ: 25]
       [Network #7, Technology = Wifi, Address = 02-06-00:00:00:00:00:09, { DataRate: 11, SignalStrength: 27, AntiFragility: 12}, IQ: 15]
195s ExecutionModule:Run(): Decision time => Seconds: 0, Miliseconds: 207
195s ExecutionModule:Run(): Handover time => Seconds: 0, Miliseconds: 33
195s ExecutionModule:Run(): Event: Vertical Handover.
195s DeviceModule:MoveRandom(): New position: (69, 78)
196s DeviceModule:MoveRandom(): New position: (69, 77)
197s DeviceModule:MoveRandom(): New position: (68, 77)
198s DeviceModule:MoveRandom(): New position: (68, 78)
199s DeviceModule:MoveRandom(): New position: (69, 78)
