Waf: Entering directory `/home/renan/Documents/NR2/ns-allinone-3.20/ns-3.20/build'
Waf: Leaving directory `/home/renan/Documents/NR2/ns-allinone-3.20/ns-3.20/build'
'build' finished successfully (1.934s)
0s NetworkModule:SetPosition(): Network 0 set position => (83, 79)
0s NetworkModule:SetRange(): Network 0 set range => 100
0s NetworkModule:SetPosition(): Network 1 set position => (96, 96)
0s NetworkModule:SetRange(): Network 1 set range => 100
0s DeviceModule:ConfigureMobility(): Device [init x = 50, init y = 50, max = 100, velocity = 12]
1s DeviceModule:MoveRandom(): New position: (50, 38)
1s DecisionModule:AddNetworkToList(): Network detected
1s DecisionModule:AddNetworkToList(): Network detected
2s DeviceModule:MoveRandom(): New position: (38, 38)
3s DeviceModule:MoveRandom(): New position: (38, 26)
4s DeviceModule:MoveRandom(): New position: (26, 26)
5s DeviceModule:MoveRandom(): New position: (26, 38)
6s DeviceModule:MoveRandom(): New position: (26, 26)
7s DeviceModule:MoveRandom(): New position: (14, 26)
7s DecisionModule:RemoveNetworkFromList(): Network: 1 out of range!
8s DeviceModule:MoveRandom(): New position: (2, 26)
9s DeviceModule:MoveRandom(): New position: (2, 14)
9s DecisionModule:RemoveNetworkFromList(): Network: 0 out of range!
10s DecisionModule:Run(): Run decision
10s DecisionModule:Run(): No network detected!
10s DeviceModule:MoveRandom(): New position: (2, 2)
11s DeviceModule:MoveRandom(): New position: (2, 2)
12s DeviceModule:MoveRandom(): New position: (2, 14)
13s DeviceModule:MoveRandom(): New position: (14, 14)
13s DecisionModule:AddNetworkToList(): Network detected
14s DeviceModule:MoveRandom(): New position: (2, 14)
14s ExecutionModule:OutOfRange(): OUT OF BETTER NETWORK! Choosing another network...
14s DecisionModule:RemoveNetworkFromList(): Network: 0 out of range!
14s DecisionModule:Run(): Run decision
14s DecisionModule:Run(): No network detected!
15s DeviceModule:MoveRandom(): New position: (2, 26)
15s DecisionModule:AddNetworkToList(): Network detected
16s DeviceModule:MoveRandom(): New position: (14, 26)
17s DeviceModule:MoveRandom(): New position: (14, 38)
17s DecisionModule:AddNetworkToList(): Network detected
18s DeviceModule:MoveRandom(): New position: (14, 50)
19s DeviceModule:MoveRandom(): New position: (14, 38)
20s DecisionModule:Run(): Run decision
20s DecisionModule:AnalyzingNetworks(): Current Network: 
       [Network #1, Technology = Wimax, Address = 02-06-00:00:00:00:00:04, { DataRate: 70, SignalStrength: 71, AntiFragility: 45}, IQ: 57]
20s DecisionModule:ShowAllNetworks(): All detected networks:
       [Network #1, Technology = Wimax, Address = 02-06-00:00:00:00:00:04, { DataRate: 70, SignalStrength: 71, AntiFragility: 45}, IQ: 57]
       [Network #0, Technology = Wifi, Address = 02-06-00:00:00:00:00:02, { DataRate: 72, SignalStrength: 29, AntiFragility: 47}, IQ: 48]
20s ExecutionModule:Run(): Decision time => Seconds: 0, Miliseconds: 278
20s ExecutionModule:Run(): Handover time => Seconds: 0, Miliseconds: 259
20s ExecutionModule:Run(): Event: Vertical Handover.
20s DeviceModule:MoveRandom(): New position: (14, 50)
21s DeviceModule:MoveRandom(): New position: (2, 50)
21s ExecutionModule:OutOfRange(): OUT OF BETTER NETWORK! Choosing another network...
21s DecisionModule:RemoveNetworkFromList(): Network: 1 out of range!
21s DecisionModule:Run(): Run decision
21s DecisionModule:AnalyzingNetworks(): Current Network: 
       [Network #0, Technology = Wifi, Address = 02-06-00:00:00:00:00:02, { DataRate: 40, SignalStrength: 67, AntiFragility: 28}, IQ: 40]
21s DecisionModule:ShowAllNetworks(): All detected networks:
       [Network #0, Technology = Wifi, Address = 02-06-00:00:00:00:00:02, { DataRate: 40, SignalStrength: 67, AntiFragility: 28}, IQ: 40]
21s ExecutionModule:Run(): Decision time => Seconds: 0, Miliseconds: 90
21s ExecutionModule:Run(): Handover time => Seconds: 0, Miliseconds: 42
21s ExecutionModule:Run(): Event: Vertical Handover.
22s DeviceModule:MoveRandom(): New position: (14, 50)
22s DecisionModule:AddNetworkToList(): Network detected
23s DeviceModule:MoveRandom(): New position: (14, 38)
24s DeviceModule:MoveRandom(): New position: (26, 38)
25s DeviceModule:MoveRandom(): New position: (38, 38)
26s DeviceModule:MoveRandom(): New position: (38, 26)
27s DeviceModule:MoveRandom(): New position: (26, 26)
28s DeviceModule:MoveRandom(): New position: (26, 38)
29s DeviceModule:MoveRandom(): New position: (38, 38)
30s DecisionModule:Run(): Run decision
30s DecisionModule:AnalyzingNetworks(): Current Network: 
       [Network #0, Technology = Wifi, Address = 02-06-00:00:00:00:00:02, { DataRate: 80, SignalStrength: 84, AntiFragility: 50}, IQ: 66]
30s DecisionModule:ShowAllNetworks(): All detected networks:
       [Network #0, Technology = Wifi, Address = 02-06-00:00:00:00:00:02, { DataRate: 80, SignalStrength: 84, AntiFragility: 50}, IQ: 66]
       [Network #1, Technology = Wimax, Address = 02-06-00:00:00:00:00:04, { DataRate: 48, SignalStrength: 45, AntiFragility: 57}, IQ: 51]
30s DeviceModule:MoveRandom(): New position: (38, 50)
31s DeviceModule:MoveRandom(): New position: (38, 38)
32s DeviceModule:MoveRandom(): New position: (38, 50)
33s DeviceModule:MoveRandom(): New position: (38, 38)
34s DeviceModule:MoveRandom(): New position: (26, 38)
35s DeviceModule:MoveRandom(): New position: (38, 38)
36s DeviceModule:MoveRandom(): New position: (26, 38)
37s DeviceModule:MoveRandom(): New position: (26, 26)
38s DeviceModule:MoveRandom(): New position: (38, 26)
39s DeviceModule:MoveRandom(): New position: (38, 38)
40s DecisionModule:Run(): Run decision
40s DecisionModule:AnalyzingNetworks(): Current Network: 
       [Network #0, Technology = Wifi, Address = 02-06-00:00:00:00:00:02, { DataRate: 85, SignalStrength: 81, AntiFragility: 26}, IQ: 54]
40s DecisionModule:ShowAllNetworks(): All detected networks:
       [Network #0, Technology = Wifi, Address = 02-06-00:00:00:00:00:02, { DataRate: 85, SignalStrength: 81, AntiFragility: 26}, IQ: 54]
       [Network #1, Technology = Wimax, Address = 02-06-00:00:00:00:00:04, { DataRate: 53, SignalStrength: 24, AntiFragility: 28}, IQ: 33]
40s DeviceModule:MoveRandom(): New position: (26, 38)
41s DeviceModule:MoveRandom(): New position: (26, 26)
42s DeviceModule:MoveRandom(): New position: (26, 38)
43s DeviceModule:MoveRandom(): New position: (26, 26)
44s DeviceModule:MoveRandom(): New position: (26, 14)
44s DecisionModule:RemoveNetworkFromList(): Network: 1 out of range!
45s DeviceModule:MoveRandom(): New position: (26, 26)
45s DecisionModule:AddNetworkToList(): Network detected
46s DeviceModule:MoveRandom(): New position: (26, 38)
47s DeviceModule:MoveRandom(): New position: (14, 38)
48s DeviceModule:MoveRandom(): New position: (26, 38)
49s DeviceModule:MoveRandom(): New position: (26, 50)
50s DecisionModule:Run(): Run decision
50s DecisionModule:AnalyzingNetworks(): Current Network: 
       [Network #0, Technology = Wifi, Address = 02-06-00:00:00:00:00:02, { DataRate: 29, SignalStrength: 97, AntiFragility: 94}, IQ: 78]
50s DecisionModule:ShowAllNetworks(): All detected networks:
       [Network #0, Technology = Wifi, Address = 02-06-00:00:00:00:00:02, { DataRate: 29, SignalStrength: 97, AntiFragility: 94}, IQ: 78]
       [Network #1, Technology = Wimax, Address = 02-06-00:00:00:00:00:04, { DataRate: 91, SignalStrength: 84, AntiFragility: 36}, IQ: 61]
50s DeviceModule:MoveRandom(): New position: (26, 38)
51s DeviceModule:MoveRandom(): New position: (26, 26)
52s DeviceModule:MoveRandom(): New position: (26, 14)
52s DecisionModule:RemoveNetworkFromList(): Network: 1 out of range!
53s DeviceModule:MoveRandom(): New position: (26, 2)
54s DeviceModule:MoveRandom(): New position: (14, 2)
54s ExecutionModule:OutOfRange(): OUT OF BETTER NETWORK! Choosing another network...
54s DecisionModule:RemoveNetworkFromList(): Network: 0 out of range!
54s DecisionModule:Run(): Run decision
54s DecisionModule:Run(): No network detected!
55s DeviceModule:MoveRandom(): New position: (26, 2)
55s DecisionModule:AddNetworkToList(): Network detected
56s DeviceModule:MoveRandom(): New position: (14, 2)
56s ExecutionModule:OutOfRange(): OUT OF BETTER NETWORK! Choosing another network...
56s DecisionModule:RemoveNetworkFromList(): Network: 0 out of range!
56s DecisionModule:Run(): Run decision
56s DecisionModule:Run(): No network detected!
57s DeviceModule:MoveRandom(): New position: (14, 14)
57s DecisionModule:AddNetworkToList(): Network detected
58s DeviceModule:MoveRandom(): New position: (14, 2)
58s ExecutionModule:OutOfRange(): OUT OF BETTER NETWORK! Choosing another network...
58s DecisionModule:RemoveNetworkFromList(): Network: 0 out of range!
58s DecisionModule:Run(): Run decision
58s DecisionModule:Run(): No network detected!
59s DeviceModule:MoveRandom(): New position: (26, 2)
59s DecisionModule:AddNetworkToList(): Network detected
60s DecisionModule:Run(): Run decision
60s DecisionModule:AnalyzingNetworks(): Current Network: 
       [Network #0, Technology = Wifi, Address = 02-06-00:00:00:00:00:02, { DataRate: 10, SignalStrength: 10, AntiFragility: 22}, IQ: 16]
60s DecisionModule:ShowAllNetworks(): All detected networks:
       [Network #0, Technology = Wifi, Address = 02-06-00:00:00:00:00:02, { DataRate: 10, SignalStrength: 10, AntiFragility: 22}, IQ: 16]
60s DeviceModule:MoveRandom(): New position: (38, 2)
61s DeviceModule:MoveRandom(): New position: (50, 2)
62s DeviceModule:MoveRandom(): New position: (50, 2)
63s DeviceModule:MoveRandom(): New position: (50, 2)
64s DeviceModule:MoveRandom(): New position: (38, 2)
65s DeviceModule:MoveRandom(): New position: (26, 2)
66s DeviceModule:MoveRandom(): New position: (38, 2)
67s DeviceModule:MoveRandom(): New position: (50, 2)
68s DeviceModule:MoveRandom(): New position: (50, 2)
69s DeviceModule:MoveRandom(): New position: (62, 2)
69s DecisionModule:AddNetworkToList(): Network detected
70s DecisionModule:Run(): Run decision
70s DecisionModule:AnalyzingNetworks(): Current Network: 
       [Network #0, Technology = Wifi, Address = 02-06-00:00:00:00:00:02, { DataRate: 92, SignalStrength: 21, AntiFragility: 69}, IQ: 62]
70s DecisionModule:ShowAllNetworks(): All detected networks:
       [Network #0, Technology = Wifi, Address = 02-06-00:00:00:00:00:02, { DataRate: 92, SignalStrength: 21, AntiFragility: 69}, IQ: 62]
       [Network #1, Technology = Wimax, Address = 02-06-00:00:00:00:00:04, { DataRate: 35, SignalStrength: 62, AntiFragility: 75}, IQ: 61]
70s DeviceModule:MoveRandom(): New position: (62, 14)
71s DeviceModule:MoveRandom(): New position: (74, 14)
72s DeviceModule:MoveRandom(): New position: (86, 14)
73s DeviceModule:MoveRandom(): New position: (86, 26)
74s DeviceModule:MoveRandom(): New position: (86, 14)
75s DeviceModule:MoveRandom(): New position: (86, 26)
76s DeviceModule:MoveRandom(): New position: (86, 14)
77s DeviceModule:MoveRandom(): New position: (86, 2)
78s DeviceModule:MoveRandom(): New position: (98, 2)
79s DeviceModule:MoveRandom(): New position: (86, 2)
80s DecisionModule:Run(): Run decision
80s DecisionModule:AnalyzingNetworks(): Current Network: 
       [Network #0, Technology = Wifi, Address = 02-06-00:00:00:00:00:02, { DataRate: 69, SignalStrength: 98, AntiFragility: 48}, IQ: 65]
80s DecisionModule:ShowAllNetworks(): All detected networks:
       [Network #0, Technology = Wifi, Address = 02-06-00:00:00:00:00:02, { DataRate: 69, SignalStrength: 98, AntiFragility: 48}, IQ: 65]
       [Network #1, Technology = Wimax, Address = 02-06-00:00:00:00:00:04, { DataRate: 92, SignalStrength: 53, AntiFragility: 34}, IQ: 53]
80s DeviceModule:MoveRandom(): New position: (86, 2)
81s DeviceModule:MoveRandom(): New position: (74, 2)
82s DeviceModule:MoveRandom(): New position: (74, 2)
83s DeviceModule:MoveRandom(): New position: (86, 2)
84s DeviceModule:MoveRandom(): New position: (86, 14)
85s DeviceModule:MoveRandom(): New position: (98, 14)
86s DeviceModule:MoveRandom(): New position: (86, 14)
87s DeviceModule:MoveRandom(): New position: (98, 14)
88s DeviceModule:MoveRandom(): New position: (98, 26)
89s DeviceModule:MoveRandom(): New position: (98, 14)
90s DecisionModule:Run(): Run decision
90s DecisionModule:AnalyzingNetworks(): Current Network: 
       [Network #0, Technology = Wifi, Address = 02-06-00:00:00:00:00:02, { DataRate: 92, SignalStrength: 90, AntiFragility: 77}, IQ: 84]
90s DecisionModule:ShowAllNetworks(): All detected networks:
       [Network #0, Technology = Wifi, Address = 02-06-00:00:00:00:00:02, { DataRate: 92, SignalStrength: 90, AntiFragility: 77}, IQ: 84]
       [Network #1, Technology = Wimax, Address = 02-06-00:00:00:00:00:04, { DataRate: 71, SignalStrength: 26, AntiFragility: 96}, IQ: 72]
90s DeviceModule:MoveRandom(): New position: (86, 14)
91s DeviceModule:MoveRandom(): New position: (74, 14)
92s DeviceModule:MoveRandom(): New position: (74, 2)
93s DeviceModule:MoveRandom(): New position: (74, 14)
94s DeviceModule:MoveRandom(): New position: (86, 14)
95s DeviceModule:MoveRandom(): New position: (98, 14)
96s DeviceModule:MoveRandom(): New position: (98, 26)
97s DeviceModule:MoveRandom(): New position: (98, 38)
98s DeviceModule:MoveRandom(): New position: (98, 38)
99s DeviceModule:MoveRandom(): New position: (86, 38)
100s DecisionModule:Run(): Run decision
100s DecisionModule:AnalyzingNetworks(): Current Network: 
       [Network #0, Technology = Wifi, Address = 02-06-00:00:00:00:00:02, { DataRate: 48, SignalStrength: 69, AntiFragility: 90}, IQ: 74]
100s DecisionModule:ShowAllNetworks(): All detected networks:
       [Network #0, Technology = Wifi, Address = 02-06-00:00:00:00:00:02, { DataRate: 48, SignalStrength: 69, AntiFragility: 90}, IQ: 74]
       [Network #1, Technology = Wimax, Address = 02-06-00:00:00:00:00:04, { DataRate: 34, SignalStrength: 97, AntiFragility: 24}, IQ: 44]
100s DeviceModule:MoveRandom(): New position: (86, 50)
101s DeviceModule:MoveRandom(): New position: (86, 62)
102s DeviceModule:MoveRandom(): New position: (86, 74)
103s DeviceModule:MoveRandom(): New position: (74, 74)
104s DeviceModule:MoveRandom(): New position: (86, 74)
105s DeviceModule:MoveRandom(): New position: (86, 86)
106s DeviceModule:MoveRandom(): New position: (74, 86)
107s DeviceModule:MoveRandom(): New position: (74, 74)
108s DeviceModule:MoveRandom(): New position: (62, 74)
109s DeviceModule:MoveRandom(): New position: (62, 62)
110s DecisionModule:Run(): Run decision
110s DecisionModule:AnalyzingNetworks(): Current Network: 
       [Network #0, Technology = Wifi, Address = 02-06-00:00:00:00:00:02, { DataRate: 26, SignalStrength: 78, AntiFragility: 85}, IQ: 68]
110s DecisionModule:ShowAllNetworks(): All detected networks:
       [Network #0, Technology = Wifi, Address = 02-06-00:00:00:00:00:02, { DataRate: 26, SignalStrength: 78, AntiFragility: 85}, IQ: 68]
       [Network #1, Technology = Wimax, Address = 02-06-00:00:00:00:00:04, { DataRate: 71, SignalStrength: 36, AntiFragility: 77}, IQ: 65]
110s DeviceModule:MoveRandom(): New position: (62, 74)
111s DeviceModule:MoveRandom(): New position: (62, 86)
112s DeviceModule:MoveRandom(): New position: (62, 74)
113s DeviceModule:MoveRandom(): New position: (62, 86)
114s DeviceModule:MoveRandom(): New position: (62, 74)
115s DeviceModule:MoveRandom(): New position: (62, 62)
116s DeviceModule:MoveRandom(): New position: (62, 50)
117s DeviceModule:MoveRandom(): New position: (62, 38)
118s DeviceModule:MoveRandom(): New position: (74, 38)
119s DeviceModule:MoveRandom(): New position: (74, 26)
120s DecisionModule:Run(): Run decision
120s DecisionModule:AnalyzingNetworks(): Current Network: 
       [Network #0, Technology = Wifi, Address = 02-06-00:00:00:00:00:02, { DataRate: 65, SignalStrength: 69, AntiFragility: 49}, IQ: 58]
120s DecisionModule:ShowAllNetworks(): All detected networks:
       [Network #0, Technology = Wifi, Address = 02-06-00:00:00:00:00:02, { DataRate: 65, SignalStrength: 69, AntiFragility: 49}, IQ: 58]
       [Network #1, Technology = Wimax, Address = 02-06-00:00:00:00:00:04, { DataRate: 43, SignalStrength: 48, AntiFragility: 42}, IQ: 43]
120s DeviceModule:MoveRandom(): New position: (62, 26)
121s DeviceModule:MoveRandom(): New position: (62, 38)
122s DeviceModule:MoveRandom(): New position: (62, 50)
123s DeviceModule:MoveRandom(): New position: (74, 50)
124s DeviceModule:MoveRandom(): New position: (74, 38)
125s DeviceModule:MoveRandom(): New position: (74, 50)
126s DeviceModule:MoveRandom(): New position: (74, 38)
127s DeviceModule:MoveRandom(): New position: (74, 50)
128s DeviceModule:MoveRandom(): New position: (86, 50)
129s DeviceModule:MoveRandom(): New position: (86, 38)
130s DecisionModule:Run(): Run decision
130s DecisionModule:AnalyzingNetworks(): Current Network: 
       [Network #0, Technology = Wifi, Address = 02-06-00:00:00:00:00:02, { DataRate: 23, SignalStrength: 73, AntiFragility: 78}, IQ: 63]
130s DecisionModule:ShowAllNetworks(): All detected networks:
       [Network #0, Technology = Wifi, Address = 02-06-00:00:00:00:00:02, { DataRate: 23, SignalStrength: 73, AntiFragility: 78}, IQ: 63]
       [Network #1, Technology = Wimax, Address = 02-06-00:00:00:00:00:04, { DataRate: 15, SignalStrength: 56, AntiFragility: 85}, IQ: 60]
130s DeviceModule:MoveRandom(): New position: (86, 26)
131s DeviceModule:MoveRandom(): New position: (86, 14)
132s DeviceModule:MoveRandom(): New position: (98, 14)
133s DeviceModule:MoveRandom(): New position: (98, 14)
134s DeviceModule:MoveRandom(): New position: (86, 14)
135s DeviceModule:MoveRandom(): New position: (86, 2)
136s DeviceModule:MoveRandom(): New position: (98, 2)
137s DeviceModule:MoveRandom(): New position: (98, 14)
138s DeviceModule:MoveRandom(): New position: (98, 2)
139s DeviceModule:MoveRandom(): New position: (98, 14)
140s DecisionModule:Run(): Run decision
140s DecisionModule:AnalyzingNetworks(): Current Network: 
       [Network #1, Technology = Wimax, Address = 02-06-00:00:00:00:00:04, { DataRate: 59, SignalStrength: 61, AntiFragility: 60}, IQ: 60]
140s DecisionModule:ShowAllNetworks(): All detected networks:
       [Network #1, Technology = Wimax, Address = 02-06-00:00:00:00:00:04, { DataRate: 59, SignalStrength: 61, AntiFragility: 60}, IQ: 60]
       [Network #0, Technology = Wifi, Address = 02-06-00:00:00:00:00:02, { DataRate: 10, SignalStrength: 16, AntiFragility: 28}, IQ: 20]
140s ExecutionModule:Run(): Decision time => Seconds: 0, Miliseconds: 143
140s ExecutionModule:Run(): Handover time => Seconds: 0, Miliseconds: 33
140s ExecutionModule:Run(): Event: Vertical Handover.
140s DeviceModule:MoveRandom(): New position: (98, 14)
141s DeviceModule:MoveRandom(): New position: (98, 2)
142s DeviceModule:MoveRandom(): New position: (98, 2)
143s DeviceModule:MoveRandom(): New position: (86, 2)
144s DeviceModule:MoveRandom(): New position: (98, 2)
145s DeviceModule:MoveRandom(): New position: (98, 2)
146s DeviceModule:MoveRandom(): New position: (98, 2)
147s DeviceModule:MoveRandom(): New position: (98, 2)
148s DeviceModule:MoveRandom(): New position: (98, 14)
149s DeviceModule:MoveRandom(): New position: (86, 14)
150s DecisionModule:Run(): Run decision
150s DecisionModule:AnalyzingNetworks(): Current Network: 
       [Network #1, Technology = Wimax, Address = 02-06-00:00:00:00:00:04, { DataRate: 72, SignalStrength: 65, AntiFragility: 79}, IQ: 73]
150s DecisionModule:ShowAllNetworks(): All detected networks:
       [Network #1, Technology = Wimax, Address = 02-06-00:00:00:00:00:04, { DataRate: 72, SignalStrength: 65, AntiFragility: 79}, IQ: 73]
       [Network #0, Technology = Wifi, Address = 02-06-00:00:00:00:00:02, { DataRate: 42, SignalStrength: 78, AntiFragility: 53}, IQ: 56]
150s DeviceModule:MoveRandom(): New position: (98, 14)
151s DeviceModule:MoveRandom(): New position: (98, 14)
152s DeviceModule:MoveRandom(): New position: (86, 14)
153s DeviceModule:MoveRandom(): New position: (98, 14)
154s DeviceModule:MoveRandom(): New position: (86, 14)
155s DeviceModule:MoveRandom(): New position: (98, 14)
156s DeviceModule:MoveRandom(): New position: (86, 14)
157s DeviceModule:MoveRandom(): New position: (86, 26)
158s DeviceModule:MoveRandom(): New position: (86, 38)
159s DeviceModule:MoveRandom(): New position: (74, 38)
160s DecisionModule:Run(): Run decision
160s DecisionModule:AnalyzingNetworks(): Current Network: 
       [Network #0, Technology = Wifi, Address = 02-06-00:00:00:00:00:02, { DataRate: 18, SignalStrength: 86, AntiFragility: 45}, IQ: 48]
160s DecisionModule:ShowAllNetworks(): All detected networks:
       [Network #0, Technology = Wifi, Address = 02-06-00:00:00:00:00:02, { DataRate: 18, SignalStrength: 86, AntiFragility: 45}, IQ: 48]
       [Network #1, Technology = Wimax, Address = 02-06-00:00:00:00:00:04, { DataRate: 15, SignalStrength: 94, AntiFragility: 24}, IQ: 39]
160s ExecutionModule:Run(): Decision time => Seconds: 0, Miliseconds: 153
160s ExecutionModule:Run(): Handover time => Seconds: 0, Miliseconds: 31
160s ExecutionModule:Run(): Event: Vertical Handover.
160s DeviceModule:MoveRandom(): New position: (74, 50)
161s DeviceModule:MoveRandom(): New position: (62, 50)
162s DeviceModule:MoveRandom(): New position: (74, 50)
163s DeviceModule:MoveRandom(): New position: (74, 38)
164s DeviceModule:MoveRandom(): New position: (86, 38)
165s DeviceModule:MoveRandom(): New position: (74, 38)
166s DeviceModule:MoveRandom(): New position: (74, 26)
167s DeviceModule:MoveRandom(): New position: (74, 38)
168s DeviceModule:MoveRandom(): New position: (62, 38)
169s DeviceModule:MoveRandom(): New position: (74, 38)
170s DecisionModule:Run(): Run decision
170s DecisionModule:AnalyzingNetworks(): Current Network: 
       [Network #0, Technology = Wifi, Address = 02-06-00:00:00:00:00:02, { DataRate: 27, SignalStrength: 89, AntiFragility: 90}, IQ: 74]
170s DecisionModule:ShowAllNetworks(): All detected networks:
       [Network #0, Technology = Wifi, Address = 02-06-00:00:00:00:00:02, { DataRate: 27, SignalStrength: 89, AntiFragility: 90}, IQ: 74]
       [Network #1, Technology = Wimax, Address = 02-06-00:00:00:00:00:04, { DataRate: 45, SignalStrength: 43, AntiFragility: 23}, IQ: 33]
170s DeviceModule:MoveRandom(): New position: (74, 26)
171s DeviceModule:MoveRandom(): New position: (86, 26)
172s DeviceModule:MoveRandom(): New position: (86, 14)
173s DeviceModule:MoveRandom(): New position: (86, 26)
174s DeviceModule:MoveRandom(): New position: (86, 38)
175s DeviceModule:MoveRandom(): New position: (74, 38)
176s DeviceModule:MoveRandom(): New position: (74, 26)
177s DeviceModule:MoveRandom(): New position: (86, 26)
178s DeviceModule:MoveRandom(): New position: (98, 26)
179s DeviceModule:MoveRandom(): New position: (98, 26)
180s DecisionModule:Run(): Run decision
180s DecisionModule:AnalyzingNetworks(): Current Network: 
       [Network #1, Technology = Wimax, Address = 02-06-00:00:00:00:00:04, { DataRate: 81, SignalStrength: 72, AntiFragility: 17}, IQ: 46]
180s DecisionModule:ShowAllNetworks(): All detected networks:
       [Network #1, Technology = Wimax, Address = 02-06-00:00:00:00:00:04, { DataRate: 81, SignalStrength: 72, AntiFragility: 17}, IQ: 46]
       [Network #0, Technology = Wifi, Address = 02-06-00:00:00:00:00:02, { DataRate: 86, SignalStrength: 3, AntiFragility: 25}, IQ: 34]
180s ExecutionModule:Run(): Decision time => Seconds: 0, Miliseconds: 141
180s ExecutionModule:Run(): Handover time => Seconds: 0, Miliseconds: 32
180s ExecutionModule:Run(): Event: Vertical Handover.
180s DeviceModule:MoveRandom(): New position: (98, 38)
181s DeviceModule:MoveRandom(): New position: (98, 26)
182s DeviceModule:MoveRandom(): New position: (98, 14)
183s DeviceModule:MoveRandom(): New position: (98, 2)
184s DeviceModule:MoveRandom(): New position: (86, 2)
185s DeviceModule:MoveRandom(): New position: (74, 2)
186s DeviceModule:MoveRandom(): New position: (74, 14)
187s DeviceModule:MoveRandom(): New position: (74, 26)
188s DeviceModule:MoveRandom(): New position: (86, 26)
189s DeviceModule:MoveRandom(): New position: (98, 26)
190s DecisionModule:Run(): Run decision
190s DecisionModule:AnalyzingNetworks(): Current Network: 
       [Network #0, Technology = Wifi, Address = 02-06-00:00:00:00:00:02, { DataRate: 90, SignalStrength: 29, AntiFragility: 89}, IQ: 74]
190s DecisionModule:ShowAllNetworks(): All detected networks:
       [Network #0, Technology = Wifi, Address = 02-06-00:00:00:00:00:02, { DataRate: 90, SignalStrength: 29, AntiFragility: 89}, IQ: 74]
       [Network #1, Technology = Wimax, Address = 02-06-00:00:00:00:00:04, { DataRate: 80, SignalStrength: 71, AntiFragility: 36}, IQ: 55]
190s ExecutionModule:Run(): Decision time => Seconds: 0, Miliseconds: 195
190s ExecutionModule:Run(): Handover time => Seconds: 0, Miliseconds: 45
190s ExecutionModule:Run(): Event: Vertical Handover.
190s DeviceModule:MoveRandom(): New position: (98, 14)
191s DeviceModule:MoveRandom(): New position: (98, 14)
192s DeviceModule:MoveRandom(): New position: (86, 14)
193s DeviceModule:MoveRandom(): New position: (98, 14)
194s DeviceModule:MoveRandom(): New position: (86, 14)
195s DeviceModule:MoveRandom(): New position: (86, 2)
196s DeviceModule:MoveRandom(): New position: (74, 2)
197s DeviceModule:MoveRandom(): New position: (74, 14)
198s DeviceModule:MoveRandom(): New position: (86, 14)
199s DeviceModule:MoveRandom(): New position: (86, 26)
