Waf: Entering directory `/home/renan/Documents/NR2/ns-allinone-3.20/ns-3.20/build'
Waf: Leaving directory `/home/renan/Documents/NR2/ns-allinone-3.20/ns-3.20/build'
'build' finished successfully (1.911s)
0s NetworkModule:SetPosition(): Network 0 set position => (42, 22)
0s NetworkModule:SetRange(): Network 0 set range => 100
0s NetworkModule:SetPosition(): Network 1 set position => (102, 84)
0s NetworkModule:SetRange(): Network 1 set range => 100
0s NetworkModule:SetPosition(): Network 2 set position => (87, 19)
0s NetworkModule:SetRange(): Network 2 set range => 100
0s NetworkModule:SetPosition(): Network 3 set position => (51, 133)
0s NetworkModule:SetRange(): Network 3 set range => 100
0s NetworkModule:SetPosition(): Network 4 set position => (132, 112)
0s NetworkModule:SetRange(): Network 4 set range => 100
0s NetworkModule:SetPosition(): Network 5 set position => (92, 53)
0s NetworkModule:SetRange(): Network 5 set range => 100
0s NetworkModule:SetPosition(): Network 6 set position => (96, 56)
0s NetworkModule:SetRange(): Network 6 set range => 100
0s NetworkModule:SetPosition(): Network 7 set position => (12, 131)
0s NetworkModule:SetRange(): Network 7 set range => 100
0s NetworkModule:SetPosition(): Network 8 set position => (16, 105)
0s NetworkModule:SetRange(): Network 8 set range => 100
0s NetworkModule:SetPosition(): Network 9 set position => (10, 69)
0s NetworkModule:SetRange(): Network 9 set range => 100
0s DeviceModule:ConfigureMobility(): Device [init x = 75, init y = 75, max = 150, velocity = 1]
1s DeviceModule:MoveRandom(): New position: (74, 75)
1s DecisionModule:AddNetworkToList(): Network detected
1s DecisionModule:AddNetworkToList(): Network detected
1s DecisionModule:AddNetworkToList(): Network detected
1s DecisionModule:AddNetworkToList(): Network detected
1s DecisionModule:AddNetworkToList(): Network detected
1s DecisionModule:AddNetworkToList(): Network detected
1s DecisionModule:AddNetworkToList(): Network detected
1s DecisionModule:AddNetworkToList(): Network detected
1s DecisionModule:AddNetworkToList(): Network detected
1s DecisionModule:AddNetworkToList(): Network detected
2s DeviceModule:MoveRandom(): New position: (74, 76)
3s DeviceModule:MoveRandom(): New position: (74, 77)
4s DeviceModule:MoveRandom(): New position: (73, 77)
5s DeviceModule:MoveRandom(): New position: (72, 77)
6s DeviceModule:MoveRandom(): New position: (71, 77)
7s DeviceModule:MoveRandom(): New position: (71, 78)
8s DeviceModule:MoveRandom(): New position: (72, 78)
9s DeviceModule:MoveRandom(): New position: (73, 78)
10s DeviceModule:MoveRandom(): New position: (74, 78)
11s DeviceModule:MoveRandom(): New position: (74, 79)
12s DeviceModule:MoveRandom(): New position: (73, 79)
13s DeviceModule:MoveRandom(): New position: (72, 79)
14s DeviceModule:MoveRandom(): New position: (73, 79)
15s DecisionModule:Run(): Run decision
15s DecisionModule:AnalyzingNetworks(): Current Network: 
       [Network #7, Technology = Wifi, Address = 02-06-00:00:00:00:00:09, { DataRate: 44, SignalStrength: 75, AntiFragility: 88}, IQ: 73]
15s DecisionModule:ShowAllNetworks(): All detected networks:
       [Network #7, Technology = Wifi, Address = 02-06-00:00:00:00:00:09, { DataRate: 44, SignalStrength: 75, AntiFragility: 88}, IQ: 73]
       [Network #0, Technology = Wifi, Address = 02-06-00:00:00:00:00:02, { DataRate: 89, SignalStrength: 84, AntiFragility: 59}, IQ: 72]
       [Network #9, Technology = Wimax, Address = 02-06-00:00:00:00:00:0c, { DataRate: 8, SignalStrength: 51, AntiFragility: 78}, IQ: 53]
       [Network #8, Technology = Wimax, Address = 02-06-00:00:00:00:00:0b, { DataRate: 34, SignalStrength: 78, AntiFragility: 38}, IQ: 47]
       [Network #2, Technology = Wifi, Address = 02-06-00:00:00:00:00:04, { DataRate: 8, SignalStrength: 35, AntiFragility: 73}, IQ: 47]
       [Network #1, Technology = Wifi, Address = 02-06-00:00:00:00:00:03, { DataRate: 52, SignalStrength: 31, AntiFragility: 30}, IQ: 35]
       [Network #3, Technology = Wifi, Address = 02-06-00:00:00:00:00:05, { DataRate: 57, SignalStrength: 50, AntiFragility: 18}, IQ: 35]
       [Network #6, Technology = Wifi, Address = 02-06-00:00:00:00:00:08, { DataRate: 27, SignalStrength: 4, AntiFragility: 49}, IQ: 32]
       [Network #5, Technology = Wifi, Address = 02-06-00:00:00:00:00:07, { DataRate: 11, SignalStrength: 26, AntiFragility: 44}, IQ: 31]
       [Network #4, Technology = Wifi, Address = 02-06-00:00:00:00:00:06, { DataRate: 4, SignalStrength: 39, AntiFragility: 2}, IQ: 11]
15s DeviceModule:MoveRandom(): New position: (73, 80)
16s DeviceModule:MoveRandom(): New position: (73, 79)
17s DeviceModule:MoveRandom(): New position: (74, 79)
18s DeviceModule:MoveRandom(): New position: (74, 80)
19s DeviceModule:MoveRandom(): New position: (75, 80)
20s DeviceModule:MoveRandom(): New position: (74, 80)
21s DeviceModule:MoveRandom(): New position: (73, 80)
22s DeviceModule:MoveRandom(): New position: (73, 81)
23s DeviceModule:MoveRandom(): New position: (74, 81)
24s DeviceModule:MoveRandom(): New position: (75, 81)
25s DeviceModule:MoveRandom(): New position: (75, 82)
26s DeviceModule:MoveRandom(): New position: (74, 82)
27s DeviceModule:MoveRandom(): New position: (74, 81)
28s DeviceModule:MoveRandom(): New position: (74, 82)
29s DeviceModule:MoveRandom(): New position: (73, 82)
30s DecisionModule:Run(): Run decision
30s DecisionModule:AnalyzingNetworks(): Current Network: 
       [Network #0, Technology = Wifi, Address = 02-06-00:00:00:00:00:02, { DataRate: 54, SignalStrength: 76, AntiFragility: 99}, IQ: 82]
30s DecisionModule:ShowAllNetworks(): All detected networks:
       [Network #0, Technology = Wifi, Address = 02-06-00:00:00:00:00:02, { DataRate: 54, SignalStrength: 76, AntiFragility: 99}, IQ: 82]
       [Network #3, Technology = Wifi, Address = 02-06-00:00:00:00:00:05, { DataRate: 87, SignalStrength: 69, AntiFragility: 83}, IQ: 80]
       [Network #4, Technology = Wifi, Address = 02-06-00:00:00:00:00:06, { DataRate: 69, SignalStrength: 74, AntiFragility: 64}, IQ: 67]
       [Network #8, Technology = Wimax, Address = 02-06-00:00:00:00:00:0b, { DataRate: 78, SignalStrength: 64, AntiFragility: 52}, IQ: 61]
       [Network #6, Technology = Wifi, Address = 02-06-00:00:00:00:00:08, { DataRate: 98, SignalStrength: 9, AntiFragility: 67}, IQ: 60]
       [Network #2, Technology = Wifi, Address = 02-06-00:00:00:00:00:04, { DataRate: 50, SignalStrength: 10, AntiFragility: 77}, IQ: 53]
       [Network #7, Technology = Wifi, Address = 02-06-00:00:00:00:00:09, { DataRate: 7, SignalStrength: 50, AntiFragility: 69}, IQ: 48]
       [Network #9, Technology = Wimax, Address = 02-06-00:00:00:00:00:0c, { DataRate: 44, SignalStrength: 57, AntiFragility: 22}, IQ: 36]
       [Network #5, Technology = Wifi, Address = 02-06-00:00:00:00:00:07, { DataRate: 12, SignalStrength: 96, AntiFragility: 14}, IQ: 34]
       [Network #1, Technology = Wifi, Address = 02-06-00:00:00:00:00:03, { DataRate: 77, SignalStrength: 26, AntiFragility: 8}, IQ: 29]
30s ExecutionModule:Run(): Decision time => Seconds: 0, Miliseconds: 209
30s ExecutionModule:Run(): Handover time => Seconds: 0, Miliseconds: 175
30s ExecutionModule:Run(): Event: Horizontal Handover.
30s DeviceModule:MoveRandom(): New position: (72, 82)
31s DeviceModule:MoveRandom(): New position: (71, 82)
32s DeviceModule:MoveRandom(): New position: (71, 81)
33s DeviceModule:MoveRandom(): New position: (71, 80)
34s DeviceModule:MoveRandom(): New position: (71, 79)
35s DeviceModule:MoveRandom(): New position: (71, 80)
36s DeviceModule:MoveRandom(): New position: (72, 80)
37s DeviceModule:MoveRandom(): New position: (73, 80)
38s DeviceModule:MoveRandom(): New position: (73, 79)
39s DeviceModule:MoveRandom(): New position: (73, 80)
40s DeviceModule:MoveRandom(): New position: (74, 80)
41s DeviceModule:MoveRandom(): New position: (74, 79)
42s DeviceModule:MoveRandom(): New position: (75, 79)
43s DeviceModule:MoveRandom(): New position: (75, 80)
44s DeviceModule:MoveRandom(): New position: (75, 79)
45s DecisionModule:Run(): Run decision
45s DecisionModule:AnalyzingNetworks(): Current Network: 
       [Network #4, Technology = Wifi, Address = 02-06-00:00:00:00:00:06, { DataRate: 48, SignalStrength: 94, AntiFragility: 94}, IQ: 82]
45s DecisionModule:ShowAllNetworks(): All detected networks:
       [Network #4, Technology = Wifi, Address = 02-06-00:00:00:00:00:06, { DataRate: 48, SignalStrength: 94, AntiFragility: 94}, IQ: 82]
       [Network #1, Technology = Wifi, Address = 02-06-00:00:00:00:00:03, { DataRate: 91, SignalStrength: 37, AntiFragility: 92}, IQ: 78]
       [Network #3, Technology = Wifi, Address = 02-06-00:00:00:00:00:05, { DataRate: 47, SignalStrength: 37, AntiFragility: 84}, IQ: 63]
       [Network #8, Technology = Wimax, Address = 02-06-00:00:00:00:00:0b, { DataRate: 51, SignalStrength: 59, AntiFragility: 69}, IQ: 62]
       [Network #9, Technology = Wimax, Address = 02-06-00:00:00:00:00:0c, { DataRate: 45, SignalStrength: 55, AntiFragility: 62}, IQ: 56]
       [Network #2, Technology = Wifi, Address = 02-06-00:00:00:00:00:04, { DataRate: 96, SignalStrength: 1, AntiFragility: 47}, IQ: 47]
       [Network #6, Technology = Wifi, Address = 02-06-00:00:00:00:00:08, { DataRate: 1, SignalStrength: 58, AntiFragility: 50}, IQ: 39]
       [Network #7, Technology = Wifi, Address = 02-06-00:00:00:00:00:09, { DataRate: 52, SignalStrength: 49, AntiFragility: 24}, IQ: 37]
       [Network #0, Technology = Wifi, Address = 02-06-00:00:00:00:00:02, { DataRate: 53, SignalStrength: 6, AntiFragility: 32}, IQ: 30]
       [Network #5, Technology = Wifi, Address = 02-06-00:00:00:00:00:07, { DataRate: 1, SignalStrength: 6, AntiFragility: 8}, IQ: 5]
45s ExecutionModule:Run(): Decision time => Seconds: 0, Miliseconds: 216
45s ExecutionModule:Run(): Handover time => Seconds: 0, Miliseconds: 331
45s ExecutionModule:Run(): Event: Horizontal Handover.
45s DeviceModule:MoveRandom(): New position: (75, 78)
46s DeviceModule:MoveRandom(): New position: (75, 77)
47s DeviceModule:MoveRandom(): New position: (75, 78)
48s DeviceModule:MoveRandom(): New position: (76, 78)
49s DeviceModule:MoveRandom(): New position: (75, 78)
50s DeviceModule:MoveRandom(): New position: (76, 78)
51s DeviceModule:MoveRandom(): New position: (76, 79)
52s DeviceModule:MoveRandom(): New position: (77, 79)
53s DeviceModule:MoveRandom(): New position: (78, 79)
54s DeviceModule:MoveRandom(): New position: (79, 79)
55s DeviceModule:MoveRandom(): New position: (79, 78)
56s DeviceModule:MoveRandom(): New position: (78, 78)
57s DeviceModule:MoveRandom(): New position: (78, 79)
58s DeviceModule:MoveRandom(): New position: (77, 79)
59s DeviceModule:MoveRandom(): New position: (76, 79)
60s DecisionModule:Run(): Run decision
60s DecisionModule:AnalyzingNetworks(): Current Network: 
       [Network #4, Technology = Wifi, Address = 02-06-00:00:00:00:00:06, { DataRate: 70, SignalStrength: 78, AntiFragility: 99}, IQ: 86]
60s DecisionModule:ShowAllNetworks(): All detected networks:
       [Network #4, Technology = Wifi, Address = 02-06-00:00:00:00:00:06, { DataRate: 70, SignalStrength: 78, AntiFragility: 99}, IQ: 86]
       [Network #6, Technology = Wifi, Address = 02-06-00:00:00:00:00:08, { DataRate: 75, SignalStrength: 93, AntiFragility: 66}, IQ: 75]
       [Network #7, Technology = Wifi, Address = 02-06-00:00:00:00:00:09, { DataRate: 92, SignalStrength: 84, AntiFragility: 60}, IQ: 74]
       [Network #3, Technology = Wifi, Address = 02-06-00:00:00:00:00:05, { DataRate: 78, SignalStrength: 36, AntiFragility: 59}, IQ: 58]
       [Network #2, Technology = Wifi, Address = 02-06-00:00:00:00:00:04, { DataRate: 8, SignalStrength: 62, AntiFragility: 80}, IQ: 57]
       [Network #9, Technology = Wimax, Address = 02-06-00:00:00:00:00:0c, { DataRate: 93, SignalStrength: 65, AntiFragility: 27}, IQ: 53]
       [Network #0, Technology = Wifi, Address = 02-06-00:00:00:00:00:02, { DataRate: 2, SignalStrength: 20, AntiFragility: 85}, IQ: 48]
       [Network #5, Technology = Wifi, Address = 02-06-00:00:00:00:00:07, { DataRate: 32, SignalStrength: 62, AntiFragility: 41}, IQ: 44]
       [Network #1, Technology = Wifi, Address = 02-06-00:00:00:00:00:03, { DataRate: 94, SignalStrength: 19, AntiFragility: 30}, IQ: 43]
       [Network #8, Technology = Wimax, Address = 02-06-00:00:00:00:00:0b, { DataRate: 4, SignalStrength: 27, AntiFragility: 47}, IQ: 31]
60s DeviceModule:MoveRandom(): New position: (76, 80)
61s DeviceModule:MoveRandom(): New position: (76, 79)
62s DeviceModule:MoveRandom(): New position: (75, 79)
63s DeviceModule:MoveRandom(): New position: (74, 79)
64s DeviceModule:MoveRandom(): New position: (73, 79)
65s DeviceModule:MoveRandom(): New position: (73, 78)
66s DeviceModule:MoveRandom(): New position: (74, 78)
67s DeviceModule:MoveRandom(): New position: (74, 79)
68s DeviceModule:MoveRandom(): New position: (74, 78)
69s DeviceModule:MoveRandom(): New position: (74, 79)
70s DeviceModule:MoveRandom(): New position: (74, 78)
71s DeviceModule:MoveRandom(): New position: (74, 77)
72s DeviceModule:MoveRandom(): New position: (74, 78)
73s DeviceModule:MoveRandom(): New position: (74, 77)
74s DeviceModule:MoveRandom(): New position: (74, 76)
75s DecisionModule:Run(): Run decision
75s DecisionModule:AnalyzingNetworks(): Current Network: 
       [Network #6, Technology = Wifi, Address = 02-06-00:00:00:00:00:08, { DataRate: 84, SignalStrength: 40, AntiFragility: 94}, IQ: 78]
75s DecisionModule:ShowAllNetworks(): All detected networks:
       [Network #6, Technology = Wifi, Address = 02-06-00:00:00:00:00:08, { DataRate: 84, SignalStrength: 40, AntiFragility: 94}, IQ: 78]
       [Network #3, Technology = Wifi, Address = 02-06-00:00:00:00:00:05, { DataRate: 49, SignalStrength: 57, AntiFragility: 93}, IQ: 73]
       [Network #0, Technology = Wifi, Address = 02-06-00:00:00:00:00:02, { DataRate: 59, SignalStrength: 53, AntiFragility: 80}, IQ: 68]
       [Network #2, Technology = Wifi, Address = 02-06-00:00:00:00:00:04, { DataRate: 42, SignalStrength: 83, AntiFragility: 73}, IQ: 67]
       [Network #7, Technology = Wifi, Address = 02-06-00:00:00:00:00:09, { DataRate: 88, SignalStrength: 99, AntiFragility: 31}, IQ: 62]
       [Network #5, Technology = Wifi, Address = 02-06-00:00:00:00:00:07, { DataRate: 61, SignalStrength: 20, AntiFragility: 80}, IQ: 60]
       [Network #9, Technology = Wimax, Address = 02-06-00:00:00:00:00:0c, { DataRate: 58, SignalStrength: 41, AntiFragility: 54}, IQ: 51]
       [Network #1, Technology = Wifi, Address = 02-06-00:00:00:00:00:03, { DataRate: 18, SignalStrength: 48, AntiFragility: 58}, IQ: 45]
       [Network #4, Technology = Wifi, Address = 02-06-00:00:00:00:00:06, { DataRate: 24, SignalStrength: 73, AntiFragility: 10}, IQ: 29]
       [Network #8, Technology = Wimax, Address = 02-06-00:00:00:00:00:0b, { DataRate: 6, SignalStrength: 26, AntiFragility: 42}, IQ: 29]
75s ExecutionModule:Run(): Decision time => Seconds: 0, Miliseconds: 201
75s ExecutionModule:Run(): Handover time => Seconds: 0, Miliseconds: 120
75s ExecutionModule:Run(): Event: Horizontal Handover.
75s DeviceModule:MoveRandom(): New position: (73, 76)
76s DeviceModule:MoveRandom(): New position: (73, 77)
77s DeviceModule:MoveRandom(): New position: (73, 76)
78s DeviceModule:MoveRandom(): New position: (73, 75)
79s DeviceModule:MoveRandom(): New position: (74, 75)
80s DeviceModule:MoveRandom(): New position: (73, 75)
81s DeviceModule:MoveRandom(): New position: (73, 76)
82s DeviceModule:MoveRandom(): New position: (74, 76)
83s DeviceModule:MoveRandom(): New position: (75, 76)
84s DeviceModule:MoveRandom(): New position: (76, 76)
85s DeviceModule:MoveRandom(): New position: (76, 77)
86s DeviceModule:MoveRandom(): New position: (76, 76)
87s DeviceModule:MoveRandom(): New position: (76, 77)
88s DeviceModule:MoveRandom(): New position: (76, 76)
89s DeviceModule:MoveRandom(): New position: (75, 76)
90s DecisionModule:Run(): Run decision
90s DecisionModule:AnalyzingNetworks(): Current Network: 
       [Network #9, Technology = Wimax, Address = 02-06-00:00:00:00:00:0c, { DataRate: 50, SignalStrength: 82, AntiFragility: 88}, IQ: 77]
90s DecisionModule:ShowAllNetworks(): All detected networks:
       [Network #9, Technology = Wimax, Address = 02-06-00:00:00:00:00:0c, { DataRate: 50, SignalStrength: 82, AntiFragility: 88}, IQ: 77]
       [Network #5, Technology = Wifi, Address = 02-06-00:00:00:00:00:07, { DataRate: 92, SignalStrength: 87, AntiFragility: 41}, IQ: 65]
       [Network #8, Technology = Wimax, Address = 02-06-00:00:00:00:00:0b, { DataRate: 35, SignalStrength: 40, AntiFragility: 86}, IQ: 61]
       [Network #4, Technology = Wifi, Address = 02-06-00:00:00:00:00:06, { DataRate: 39, SignalStrength: 89, AntiFragility: 43}, IQ: 53]
       [Network #0, Technology = Wifi, Address = 02-06-00:00:00:00:00:02, { DataRate: 49, SignalStrength: 57, AntiFragility: 50}, IQ: 51]
       [Network #6, Technology = Wifi, Address = 02-06-00:00:00:00:00:08, { DataRate: 87, SignalStrength: 71, AntiFragility: 14}, IQ: 46]
       [Network #2, Technology = Wifi, Address = 02-06-00:00:00:00:00:04, { DataRate: 41, SignalStrength: 8, AntiFragility: 59}, IQ: 41]
       [Network #1, Technology = Wifi, Address = 02-06-00:00:00:00:00:03, { DataRate: 80, SignalStrength: 14, AntiFragility: 31}, IQ: 39]
       [Network #3, Technology = Wifi, Address = 02-06-00:00:00:00:00:05, { DataRate: 30, SignalStrength: 54, AntiFragility: 5}, IQ: 23]
       [Network #7, Technology = Wifi, Address = 02-06-00:00:00:00:00:09, { DataRate: 44, SignalStrength: 16, AntiFragility: 6}, IQ: 18]
90s ExecutionModule:Run(): Decision time => Seconds: 0, Miliseconds: 505
90s ExecutionModule:Run(): Handover time => Seconds: 0, Miliseconds: 97
90s ExecutionModule:Run(): Event: Vertical Handover.
90s DeviceModule:MoveRandom(): New position: (75, 77)
91s DeviceModule:MoveRandom(): New position: (75, 78)
92s DeviceModule:MoveRandom(): New position: (75, 77)
93s DeviceModule:MoveRandom(): New position: (75, 78)
94s DeviceModule:MoveRandom(): New position: (74, 78)
95s DeviceModule:MoveRandom(): New position: (75, 78)
96s DeviceModule:MoveRandom(): New position: (75, 77)
97s DeviceModule:MoveRandom(): New position: (75, 78)
98s DeviceModule:MoveRandom(): New position: (75, 79)
99s DeviceModule:MoveRandom(): New position: (76, 79)
100s DeviceModule:MoveRandom(): New position: (76, 78)
101s DeviceModule:MoveRandom(): New position: (75, 78)
102s DeviceModule:MoveRandom(): New position: (74, 78)
103s DeviceModule:MoveRandom(): New position: (74, 77)
104s DeviceModule:MoveRandom(): New position: (75, 77)
105s DecisionModule:Run(): Run decision
105s DecisionModule:AnalyzingNetworks(): Current Network: 
       [Network #8, Technology = Wimax, Address = 02-06-00:00:00:00:00:0b, { DataRate: 41, SignalStrength: 85, AntiFragility: 89}, IQ: 76]
105s DecisionModule:ShowAllNetworks(): All detected networks:
       [Network #8, Technology = Wimax, Address = 02-06-00:00:00:00:00:0b, { DataRate: 41, SignalStrength: 85, AntiFragility: 89}, IQ: 76]
       [Network #5, Technology = Wifi, Address = 02-06-00:00:00:00:00:07, { DataRate: 67, SignalStrength: 93, AntiFragility: 42}, IQ: 61]
       [Network #0, Technology = Wifi, Address = 02-06-00:00:00:00:00:02, { DataRate: 74, SignalStrength: 17, AntiFragility: 43}, IQ: 44]
       [Network #1, Technology = Wifi, Address = 02-06-00:00:00:00:00:03, { DataRate: 68, SignalStrength: 55, AntiFragility: 12}, IQ: 36]
       [Network #2, Technology = Wifi, Address = 02-06-00:00:00:00:00:04, { DataRate: 86, SignalStrength: 24, AntiFragility: 15}, IQ: 35]
       [Network #4, Technology = Wifi, Address = 02-06-00:00:00:00:00:06, { DataRate: 25, SignalStrength: 80, AntiFragility: 13}, IQ: 32]
       [Network #7, Technology = Wifi, Address = 02-06-00:00:00:00:00:09, { DataRate: 1, SignalStrength: 86, AntiFragility: 5}, IQ: 24]
       [Network #3, Technology = Wifi, Address = 02-06-00:00:00:00:00:05, { DataRate: 3, SignalStrength: 8, AntiFragility: 40}, IQ: 22]
       [Network #6, Technology = Wifi, Address = 02-06-00:00:00:00:00:08, { DataRate: 10, SignalStrength: 9, AntiFragility: 30}, IQ: 19]
       [Network #9, Technology = Wimax, Address = 02-06-00:00:00:00:00:0c, { DataRate: 26, SignalStrength: 11, AntiFragility: 13}, IQ: 15]
105s ExecutionModule:Run(): Decision time => Seconds: 0, Miliseconds: 209
105s ExecutionModule:Run(): Handover time => Seconds: 0, Miliseconds: 121
105s ExecutionModule:Run(): Event: Horizontal Handover.
105s DeviceModule:MoveRandom(): New position: (75, 78)
106s DeviceModule:MoveRandom(): New position: (75, 77)
107s DeviceModule:MoveRandom(): New position: (75, 76)
108s DeviceModule:MoveRandom(): New position: (75, 75)
109s DeviceModule:MoveRandom(): New position: (75, 76)
110s DeviceModule:MoveRandom(): New position: (75, 77)
111s DeviceModule:MoveRandom(): New position: (75, 78)
112s DeviceModule:MoveRandom(): New position: (75, 79)
113s DeviceModule:MoveRandom(): New position: (75, 78)
114s DeviceModule:MoveRandom(): New position: (75, 77)
115s DeviceModule:MoveRandom(): New position: (74, 77)
116s DeviceModule:MoveRandom(): New position: (74, 78)
117s DeviceModule:MoveRandom(): New position: (74, 77)
118s DeviceModule:MoveRandom(): New position: (75, 77)
119s DeviceModule:MoveRandom(): New position: (76, 77)
120s DecisionModule:Run(): Run decision
120s DecisionModule:AnalyzingNetworks(): Current Network: 
       [Network #3, Technology = Wifi, Address = 02-06-00:00:00:00:00:05, { DataRate: 87, SignalStrength: 70, AntiFragility: 74}, IQ: 76]
120s DecisionModule:ShowAllNetworks(): All detected networks:
       [Network #3, Technology = Wifi, Address = 02-06-00:00:00:00:00:05, { DataRate: 87, SignalStrength: 70, AntiFragility: 74}, IQ: 76]
       [Network #9, Technology = Wimax, Address = 02-06-00:00:00:00:00:0c, { DataRate: 20, SignalStrength: 82, AntiFragility: 99}, IQ: 75]
       [Network #4, Technology = Wifi, Address = 02-06-00:00:00:00:00:06, { DataRate: 45, SignalStrength: 71, AntiFragility: 73}, IQ: 65]
       [Network #7, Technology = Wifi, Address = 02-06-00:00:00:00:00:09, { DataRate: 63, SignalStrength: 9, AntiFragility: 75}, IQ: 55]
       [Network #1, Technology = Wifi, Address = 02-06-00:00:00:00:00:03, { DataRate: 74, SignalStrength: 82, AntiFragility: 15}, IQ: 46]
       [Network #8, Technology = Wimax, Address = 02-06-00:00:00:00:00:0b, { DataRate: 92, SignalStrength: 79, AntiFragility: 4}, IQ: 44]
       [Network #0, Technology = Wifi, Address = 02-06-00:00:00:00:00:02, { DataRate: 59, SignalStrength: 18, AntiFragility: 49}, IQ: 43]
       [Network #2, Technology = Wifi, Address = 02-06-00:00:00:00:00:04, { DataRate: 51, SignalStrength: 61, AntiFragility: 22}, IQ: 39]
       [Network #6, Technology = Wifi, Address = 02-06-00:00:00:00:00:08, { DataRate: 19, SignalStrength: 27, AntiFragility: 53}, IQ: 38]
       [Network #5, Technology = Wifi, Address = 02-06-00:00:00:00:00:07, { DataRate: 8, SignalStrength: 9, AntiFragility: 2}, IQ: 5]
120s ExecutionModule:Run(): Decision time => Seconds: 0, Miliseconds: 326
120s ExecutionModule:Run(): Handover time => Seconds: 0, Miliseconds: 54
120s ExecutionModule:Run(): Event: Vertical Handover.
120s DeviceModule:MoveRandom(): New position: (76, 76)
121s DeviceModule:MoveRandom(): New position: (76, 77)
122s DeviceModule:MoveRandom(): New position: (77, 77)
123s DeviceModule:MoveRandom(): New position: (77, 76)
124s DeviceModule:MoveRandom(): New position: (77, 75)
125s DeviceModule:MoveRandom(): New position: (78, 75)
126s DeviceModule:MoveRandom(): New position: (79, 75)
127s DeviceModule:MoveRandom(): New position: (79, 74)
128s DeviceModule:MoveRandom(): New position: (78, 74)
129s DeviceModule:MoveRandom(): New position: (77, 74)
130s DeviceModule:MoveRandom(): New position: (77, 75)
131s DeviceModule:MoveRandom(): New position: (76, 75)
132s DeviceModule:MoveRandom(): New position: (76, 76)
133s DeviceModule:MoveRandom(): New position: (75, 76)
134s DeviceModule:MoveRandom(): New position: (76, 76)
135s DecisionModule:Run(): Run decision
135s DecisionModule:AnalyzingNetworks(): Current Network: 
       [Network #8, Technology = Wimax, Address = 02-06-00:00:00:00:00:0b, { DataRate: 76, SignalStrength: 83, AntiFragility: 96}, IQ: 87]
135s DecisionModule:ShowAllNetworks(): All detected networks:
       [Network #8, Technology = Wimax, Address = 02-06-00:00:00:00:00:0b, { DataRate: 76, SignalStrength: 83, AntiFragility: 96}, IQ: 87]
       [Network #3, Technology = Wifi, Address = 02-06-00:00:00:00:00:05, { DataRate: 95, SignalStrength: 95, AntiFragility: 66}, IQ: 80]
       [Network #4, Technology = Wifi, Address = 02-06-00:00:00:00:00:06, { DataRate: 49, SignalStrength: 99, AntiFragility: 73}, IQ: 73]
       [Network #2, Technology = Wifi, Address = 02-06-00:00:00:00:00:04, { DataRate: 10, SignalStrength: 64, AntiFragility: 70}, IQ: 53]
       [Network #9, Technology = Wimax, Address = 02-06-00:00:00:00:00:0c, { DataRate: 96, SignalStrength: 88, AntiFragility: 8}, IQ: 50]
       [Network #6, Technology = Wifi, Address = 02-06-00:00:00:00:00:08, { DataRate: 32, SignalStrength: 35, AntiFragility: 66}, IQ: 49]
       [Network #7, Technology = Wifi, Address = 02-06-00:00:00:00:00:09, { DataRate: 74, SignalStrength: 77, AntiFragility: 12}, IQ: 43]
       [Network #0, Technology = Wifi, Address = 02-06-00:00:00:00:00:02, { DataRate: 93, SignalStrength: 14, AntiFragility: 22}, IQ: 37]
       [Network #1, Technology = Wifi, Address = 02-06-00:00:00:00:00:03, { DataRate: 61, SignalStrength: 39, AntiFragility: 13}, IQ: 31]
       [Network #5, Technology = Wifi, Address = 02-06-00:00:00:00:00:07, { DataRate: 36, SignalStrength: 29, AntiFragility: 7}, IQ: 19]
135s ExecutionModule:Run(): Decision time => Seconds: 0, Miliseconds: 224
135s ExecutionModule:Run(): Handover time => Seconds: 0, Miliseconds: 31
135s ExecutionModule:Run(): Event: Vertical Handover.
135s DeviceModule:MoveRandom(): New position: (77, 76)
136s DeviceModule:MoveRandom(): New position: (78, 76)
137s DeviceModule:MoveRandom(): New position: (79, 76)
138s DeviceModule:MoveRandom(): New position: (80, 76)
139s DeviceModule:MoveRandom(): New position: (80, 75)
140s DeviceModule:MoveRandom(): New position: (81, 75)
141s DeviceModule:MoveRandom(): New position: (81, 74)
142s DeviceModule:MoveRandom(): New position: (81, 73)
143s DeviceModule:MoveRandom(): New position: (81, 74)
144s DeviceModule:MoveRandom(): New position: (81, 73)
145s DeviceModule:MoveRandom(): New position: (80, 73)
146s DeviceModule:MoveRandom(): New position: (81, 73)
147s DeviceModule:MoveRandom(): New position: (81, 74)
148s DeviceModule:MoveRandom(): New position: (81, 75)
149s DeviceModule:MoveRandom(): New position: (82, 75)
150s DecisionModule:Run(): Run decision
150s DecisionModule:AnalyzingNetworks(): Current Network: 
       [Network #2, Technology = Wifi, Address = 02-06-00:00:00:00:00:04, { DataRate: 92, SignalStrength: 46, AntiFragility: 90}, IQ: 79]
150s DecisionModule:ShowAllNetworks(): All detected networks:
       [Network #2, Technology = Wifi, Address = 02-06-00:00:00:00:00:04, { DataRate: 92, SignalStrength: 46, AntiFragility: 90}, IQ: 79]
       [Network #5, Technology = Wifi, Address = 02-06-00:00:00:00:00:07, { DataRate: 40, SignalStrength: 98, AntiFragility: 84}, IQ: 76]
       [Network #4, Technology = Wifi, Address = 02-06-00:00:00:00:00:06, { DataRate: 93, SignalStrength: 56, AntiFragility: 77}, IQ: 75]
       [Network #1, Technology = Wifi, Address = 02-06-00:00:00:00:00:03, { DataRate: 67, SignalStrength: 62, AntiFragility: 82}, IQ: 73]
       [Network #7, Technology = Wifi, Address = 02-06-00:00:00:00:00:09, { DataRate: 54, SignalStrength: 91, AntiFragility: 41}, IQ: 56]
       [Network #0, Technology = Wifi, Address = 02-06-00:00:00:00:00:02, { DataRate: 7, SignalStrength: 92, AntiFragility: 48}, IQ: 48]
       [Network #8, Technology = Wimax, Address = 02-06-00:00:00:00:00:0b, { DataRate: 46, SignalStrength: 69, AntiFragility: 36}, IQ: 46]
       [Network #3, Technology = Wifi, Address = 02-06-00:00:00:00:00:05, { DataRate: 24, SignalStrength: 17, AntiFragility: 47}, IQ: 33]
       [Network #9, Technology = Wimax, Address = 02-06-00:00:00:00:00:0c, { DataRate: 48, SignalStrength: 23, AntiFragility: 22}, IQ: 28]
       [Network #6, Technology = Wifi, Address = 02-06-00:00:00:00:00:08, { DataRate: 71, SignalStrength: 39, AntiFragility: 1}, IQ: 28]
150s ExecutionModule:Run(): Decision time => Seconds: 0, Miliseconds: 208
150s ExecutionModule:Run(): Handover time => Seconds: 0, Miliseconds: 31
150s ExecutionModule:Run(): Event: Vertical Handover.
150s DeviceModule:MoveRandom(): New position: (83, 75)
151s DeviceModule:MoveRandom(): New position: (83, 74)
152s DeviceModule:MoveRandom(): New position: (82, 74)
153s DeviceModule:MoveRandom(): New position: (83, 74)
154s DeviceModule:MoveRandom(): New position: (83, 75)
155s DeviceModule:MoveRandom(): New position: (82, 75)
156s DeviceModule:MoveRandom(): New position: (82, 76)
157s DeviceModule:MoveRandom(): New position: (81, 76)
158s DeviceModule:MoveRandom(): New position: (82, 76)
159s DeviceModule:MoveRandom(): New position: (82, 75)
160s DeviceModule:MoveRandom(): New position: (82, 76)
161s DeviceModule:MoveRandom(): New position: (83, 76)
162s DeviceModule:MoveRandom(): New position: (82, 76)
163s DeviceModule:MoveRandom(): New position: (81, 76)
164s DeviceModule:MoveRandom(): New position: (80, 76)
165s DecisionModule:Run(): Run decision
165s DecisionModule:AnalyzingNetworks(): Current Network: 
       [Network #0, Technology = Wifi, Address = 02-06-00:00:00:00:00:02, { DataRate: 32, SignalStrength: 51, AntiFragility: 96}, IQ: 68]
165s DecisionModule:ShowAllNetworks(): All detected networks:
       [Network #0, Technology = Wifi, Address = 02-06-00:00:00:00:00:02, { DataRate: 32, SignalStrength: 51, AntiFragility: 96}, IQ: 68]
       [Network #9, Technology = Wimax, Address = 02-06-00:00:00:00:00:0c, { DataRate: 97, SignalStrength: 53, AntiFragility: 62}, IQ: 68]
       [Network #5, Technology = Wifi, Address = 02-06-00:00:00:00:00:07, { DataRate: 98, SignalStrength: 62, AntiFragility: 46}, IQ: 63]
       [Network #1, Technology = Wifi, Address = 02-06-00:00:00:00:00:03, { DataRate: 14, SignalStrength: 80, AntiFragility: 63}, IQ: 55]
       [Network #7, Technology = Wifi, Address = 02-06-00:00:00:00:00:09, { DataRate: 13, SignalStrength: 43, AntiFragility: 74}, IQ: 51]
       [Network #8, Technology = Wimax, Address = 02-06-00:00:00:00:00:0b, { DataRate: 80, SignalStrength: 38, AntiFragility: 33}, IQ: 46]
       [Network #2, Technology = Wifi, Address = 02-06-00:00:00:00:00:04, { DataRate: 45, SignalStrength: 50, AntiFragility: 29}, IQ: 38]
       [Network #6, Technology = Wifi, Address = 02-06-00:00:00:00:00:08, { DataRate: 85, SignalStrength: 5, AntiFragility: 29}, IQ: 37]
       [Network #4, Technology = Wifi, Address = 02-06-00:00:00:00:00:06, { DataRate: 50, SignalStrength: 53, AntiFragility: 18}, IQ: 34]
       [Network #3, Technology = Wifi, Address = 02-06-00:00:00:00:00:05, { DataRate: 43, SignalStrength: 2, AntiFragility: 43}, IQ: 32]
165s ExecutionModule:Run(): Decision time => Seconds: 0, Miliseconds: 203
165s ExecutionModule:Run(): Handover time => Seconds: 0, Miliseconds: 123
165s ExecutionModule:Run(): Event: Horizontal Handover.
165s DeviceModule:MoveRandom(): New position: (81, 76)
166s DeviceModule:MoveRandom(): New position: (82, 76)
167s DeviceModule:MoveRandom(): New position: (81, 76)
168s DeviceModule:MoveRandom(): New position: (82, 76)
169s DeviceModule:MoveRandom(): New position: (82, 75)
170s DeviceModule:MoveRandom(): New position: (82, 76)
171s DeviceModule:MoveRandom(): New position: (81, 76)
172s DeviceModule:MoveRandom(): New position: (80, 76)
173s DeviceModule:MoveRandom(): New position: (81, 76)
174s DeviceModule:MoveRandom(): New position: (80, 76)
175s DeviceModule:MoveRandom(): New position: (79, 76)
176s DeviceModule:MoveRandom(): New position: (78, 76)
177s DeviceModule:MoveRandom(): New position: (78, 77)
178s DeviceModule:MoveRandom(): New position: (79, 77)
179s DeviceModule:MoveRandom(): New position: (79, 78)
180s DecisionModule:Run(): Run decision
180s DecisionModule:AnalyzingNetworks(): Current Network: 
       [Network #0, Technology = Wifi, Address = 02-06-00:00:00:00:00:02, { DataRate: 77, SignalStrength: 94, AntiFragility: 53}, IQ: 69]
180s DecisionModule:ShowAllNetworks(): All detected networks:
       [Network #0, Technology = Wifi, Address = 02-06-00:00:00:00:00:02, { DataRate: 77, SignalStrength: 94, AntiFragility: 53}, IQ: 69]
       [Network #5, Technology = Wifi, Address = 02-06-00:00:00:00:00:07, { DataRate: 72, SignalStrength: 84, AntiFragility: 56}, IQ: 67]
       [Network #3, Technology = Wifi, Address = 02-06-00:00:00:00:00:05, { DataRate: 44, SignalStrength: 39, AntiFragility: 94}, IQ: 67]
       [Network #4, Technology = Wifi, Address = 02-06-00:00:00:00:00:06, { DataRate: 8, SignalStrength: 40, AntiFragility: 96}, IQ: 60]
       [Network #6, Technology = Wifi, Address = 02-06-00:00:00:00:00:08, { DataRate: 11, SignalStrength: 37, AntiFragility: 80}, IQ: 52]
       [Network #8, Technology = Wimax, Address = 02-06-00:00:00:00:00:0b, { DataRate: 27, SignalStrength: 65, AntiFragility: 35}, IQ: 40]
       [Network #2, Technology = Wifi, Address = 02-06-00:00:00:00:00:04, { DataRate: 23, SignalStrength: 35, AntiFragility: 40}, IQ: 34]
       [Network #1, Technology = Wifi, Address = 02-06-00:00:00:00:00:03, { DataRate: 75, SignalStrength: 26, AntiFragility: 11}, IQ: 30]
       [Network #9, Technology = Wimax, Address = 02-06-00:00:00:00:00:0c, { DataRate: 59, SignalStrength: 20, AntiFragility: 18}, IQ: 28]
       [Network #7, Technology = Wifi, Address = 02-06-00:00:00:00:00:09, { DataRate: 5, SignalStrength: 27, AntiFragility: 33}, IQ: 24]
180s DeviceModule:MoveRandom(): New position: (79, 79)
181s DeviceModule:MoveRandom(): New position: (78, 79)
182s DeviceModule:MoveRandom(): New position: (78, 78)
183s DeviceModule:MoveRandom(): New position: (78, 77)
184s DeviceModule:MoveRandom(): New position: (78, 76)
185s DeviceModule:MoveRandom(): New position: (78, 75)
186s DeviceModule:MoveRandom(): New position: (77, 75)
187s DeviceModule:MoveRandom(): New position: (77, 74)
188s DeviceModule:MoveRandom(): New position: (77, 75)
189s DeviceModule:MoveRandom(): New position: (77, 76)
190s DeviceModule:MoveRandom(): New position: (76, 76)
191s DeviceModule:MoveRandom(): New position: (77, 76)
192s DeviceModule:MoveRandom(): New position: (78, 76)
193s DeviceModule:MoveRandom(): New position: (78, 75)
194s DeviceModule:MoveRandom(): New position: (78, 74)
195s DecisionModule:Run(): Run decision
195s DecisionModule:AnalyzingNetworks(): Current Network: 
       [Network #6, Technology = Wifi, Address = 02-06-00:00:00:00:00:08, { DataRate: 65, SignalStrength: 90, AntiFragility: 95}, IQ: 86]
195s DecisionModule:ShowAllNetworks(): All detected networks:
       [Network #6, Technology = Wifi, Address = 02-06-00:00:00:00:00:08, { DataRate: 65, SignalStrength: 90, AntiFragility: 95}, IQ: 86]
       [Network #8, Technology = Wimax, Address = 02-06-00:00:00:00:00:0b, { DataRate: 71, SignalStrength: 83, AntiFragility: 94}, IQ: 85]
       [Network #2, Technology = Wifi, Address = 02-06-00:00:00:00:00:04, { DataRate: 24, SignalStrength: 59, AntiFragility: 94}, IQ: 67]
       [Network #4, Technology = Wifi, Address = 02-06-00:00:00:00:00:06, { DataRate: 97, SignalStrength: 90, AntiFragility: 20}, IQ: 56]
       [Network #7, Technology = Wifi, Address = 02-06-00:00:00:00:00:09, { DataRate: 99, SignalStrength: 81, AntiFragility: 11}, IQ: 50]
       [Network #5, Technology = Wifi, Address = 02-06-00:00:00:00:00:07, { DataRate: 60, SignalStrength: 20, AntiFragility: 58}, IQ: 49]
       [Network #3, Technology = Wifi, Address = 02-06-00:00:00:00:00:05, { DataRate: 61, SignalStrength: 82, AntiFragility: 7}, IQ: 39]
       [Network #1, Technology = Wifi, Address = 02-06-00:00:00:00:00:03, { DataRate: 63, SignalStrength: 18, AntiFragility: 39}, IQ: 39]
       [Network #9, Technology = Wimax, Address = 02-06-00:00:00:00:00:0c, { DataRate: 16, SignalStrength: 45, AntiFragility: 47}, IQ: 38]
       [Network #0, Technology = Wifi, Address = 02-06-00:00:00:00:00:02, { DataRate: 15, SignalStrength: 71, AntiFragility: 20}, IQ: 31]
195s ExecutionModule:Run(): Decision time => Seconds: 0, Miliseconds: 203
195s ExecutionModule:Run(): Handover time => Seconds: 0, Miliseconds: 120
195s ExecutionModule:Run(): Event: Horizontal Handover.
195s DeviceModule:MoveRandom(): New position: (77, 74)
196s DeviceModule:MoveRandom(): New position: (78, 74)
197s DeviceModule:MoveRandom(): New position: (78, 75)
198s DeviceModule:MoveRandom(): New position: (77, 75)
199s DeviceModule:MoveRandom(): New position: (77, 74)
