Waf: Entering directory `/home/renan/Documents/NR2/ns-allinone-3.20/ns-3.20/build'
Waf: Leaving directory `/home/renan/Documents/NR2/ns-allinone-3.20/ns-3.20/build'
'build' finished successfully (1.923s)
0s NetworkModule:SetPosition(): Network 0 set position => (74, 7)
0s NetworkModule:SetRange(): Network 0 set range => 100
0s NetworkModule:SetPosition(): Network 1 set position => (56, 96)
0s NetworkModule:SetRange(): Network 1 set range => 100
0s DeviceModule:ConfigureMobility(): Device [init x = 50, init y = 50, max = 100, velocity = 1]
1s DeviceModule:MoveRandom(): New position: (50, 51)
1s DecisionModule:AddNetworkToList(): Network detected
1s DecisionModule:AddNetworkToList(): Network detected
2s DeviceModule:MoveRandom(): New position: (50, 50)
3s DeviceModule:MoveRandom(): New position: (50, 49)
4s DeviceModule:MoveRandom(): New position: (51, 49)
5s DeviceModule:MoveRandom(): New position: (51, 50)
6s DeviceModule:MoveRandom(): New position: (51, 51)
7s DeviceModule:MoveRandom(): New position: (51, 50)
8s DeviceModule:MoveRandom(): New position: (51, 49)
9s DeviceModule:MoveRandom(): New position: (51, 50)
10s DeviceModule:MoveRandom(): New position: (50, 50)
11s DeviceModule:MoveRandom(): New position: (50, 51)
12s DeviceModule:MoveRandom(): New position: (50, 52)
13s DeviceModule:MoveRandom(): New position: (51, 52)
14s DeviceModule:MoveRandom(): New position: (52, 52)
15s DeviceModule:MoveRandom(): New position: (52, 51)
16s DeviceModule:MoveRandom(): New position: (51, 51)
17s DeviceModule:MoveRandom(): New position: (51, 50)
18s DeviceModule:MoveRandom(): New position: (52, 50)
19s DeviceModule:MoveRandom(): New position: (52, 49)
20s DecisionModule:Run(): Run decision
20s DecisionModule:AnalyzingNetworks(): Current Network: 
       [Network #1, Technology = Wimax, Address = 02-06-00:00:00:00:00:04, { DataRate: 27, SignalStrength: 31, AntiFragility: 79}, IQ: 54]
20s DecisionModule:ShowAllNetworks(): All detected networks:
       [Network #1, Technology = Wimax, Address = 02-06-00:00:00:00:00:04, { DataRate: 27, SignalStrength: 31, AntiFragility: 79}, IQ: 54]
       [Network #0, Technology = Wifi, Address = 02-06-00:00:00:00:00:02, { DataRate: 64, SignalStrength: 8, AntiFragility: 63}, IQ: 49]
20s DeviceModule:MoveRandom(): New position: (52, 48)
21s DeviceModule:MoveRandom(): New position: (51, 48)
22s DeviceModule:MoveRandom(): New position: (52, 48)
23s DeviceModule:MoveRandom(): New position: (52, 49)
24s DeviceModule:MoveRandom(): New position: (52, 50)
25s DeviceModule:MoveRandom(): New position: (52, 49)
26s DeviceModule:MoveRandom(): New position: (53, 49)
27s DeviceModule:MoveRandom(): New position: (54, 49)
28s DeviceModule:MoveRandom(): New position: (55, 49)
29s DeviceModule:MoveRandom(): New position: (56, 49)
30s DeviceModule:MoveRandom(): New position: (57, 49)
31s DeviceModule:MoveRandom(): New position: (58, 49)
32s DeviceModule:MoveRandom(): New position: (58, 48)
33s DeviceModule:MoveRandom(): New position: (58, 49)
34s DeviceModule:MoveRandom(): New position: (59, 49)
35s DeviceModule:MoveRandom(): New position: (60, 49)
36s DeviceModule:MoveRandom(): New position: (60, 48)
37s DeviceModule:MoveRandom(): New position: (61, 48)
38s DeviceModule:MoveRandom(): New position: (61, 49)
39s DeviceModule:MoveRandom(): New position: (60, 49)
40s DecisionModule:Run(): Run decision
40s DecisionModule:AnalyzingNetworks(): Current Network: 
       [Network #1, Technology = Wimax, Address = 02-06-00:00:00:00:00:04, { DataRate: 65, SignalStrength: 78, AntiFragility: 55}, IQ: 63]
40s DecisionModule:ShowAllNetworks(): All detected networks:
       [Network #1, Technology = Wimax, Address = 02-06-00:00:00:00:00:04, { DataRate: 65, SignalStrength: 78, AntiFragility: 55}, IQ: 63]
       [Network #0, Technology = Wifi, Address = 02-06-00:00:00:00:00:02, { DataRate: 3, SignalStrength: 20, AntiFragility: 1}, IQ: 6]
40s DeviceModule:MoveRandom(): New position: (60, 50)
41s DeviceModule:MoveRandom(): New position: (60, 51)
42s DeviceModule:MoveRandom(): New position: (59, 51)
43s DeviceModule:MoveRandom(): New position: (58, 51)
44s DeviceModule:MoveRandom(): New position: (59, 51)
45s DeviceModule:MoveRandom(): New position: (59, 50)
46s DeviceModule:MoveRandom(): New position: (59, 51)
47s DeviceModule:MoveRandom(): New position: (59, 52)
48s DeviceModule:MoveRandom(): New position: (58, 52)
49s DeviceModule:MoveRandom(): New position: (58, 53)
50s DeviceModule:MoveRandom(): New position: (57, 53)
51s DeviceModule:MoveRandom(): New position: (56, 53)
52s DeviceModule:MoveRandom(): New position: (57, 53)
53s DeviceModule:MoveRandom(): New position: (58, 53)
54s DeviceModule:MoveRandom(): New position: (57, 53)
55s DeviceModule:MoveRandom(): New position: (58, 53)
56s DeviceModule:MoveRandom(): New position: (58, 52)
57s DeviceModule:MoveRandom(): New position: (58, 51)
58s DeviceModule:MoveRandom(): New position: (59, 51)
59s DeviceModule:MoveRandom(): New position: (58, 51)
60s DecisionModule:Run(): Run decision
60s DecisionModule:AnalyzingNetworks(): Current Network: 
       [Network #0, Technology = Wifi, Address = 02-06-00:00:00:00:00:02, { DataRate: 69, SignalStrength: 81, AntiFragility: 97}, IQ: 86]
60s DecisionModule:ShowAllNetworks(): All detected networks:
       [Network #0, Technology = Wifi, Address = 02-06-00:00:00:00:00:02, { DataRate: 69, SignalStrength: 81, AntiFragility: 97}, IQ: 86]
       [Network #1, Technology = Wimax, Address = 02-06-00:00:00:00:00:04, { DataRate: 25, SignalStrength: 35, AntiFragility: 5}, IQ: 17]
60s ExecutionModule:Run(): Decision time => Seconds: 0, Miliseconds: 141
60s ExecutionModule:Run(): Handover time => Seconds: 0, Miliseconds: 273
60s ExecutionModule:Run(): Event: Vertical Handover.
60s DeviceModule:MoveRandom(): New position: (58, 52)
61s DeviceModule:MoveRandom(): New position: (59, 52)
62s DeviceModule:MoveRandom(): New position: (58, 52)
63s DeviceModule:MoveRandom(): New position: (59, 52)
64s DeviceModule:MoveRandom(): New position: (58, 52)
65s DeviceModule:MoveRandom(): New position: (57, 52)
66s DeviceModule:MoveRandom(): New position: (57, 53)
67s DeviceModule:MoveRandom(): New position: (57, 54)
68s DeviceModule:MoveRandom(): New position: (57, 53)
69s DeviceModule:MoveRandom(): New position: (56, 53)
70s DeviceModule:MoveRandom(): New position: (56, 52)
71s DeviceModule:MoveRandom(): New position: (56, 51)
72s DeviceModule:MoveRandom(): New position: (57, 51)
73s DeviceModule:MoveRandom(): New position: (57, 52)
74s DeviceModule:MoveRandom(): New position: (57, 51)
75s DeviceModule:MoveRandom(): New position: (56, 51)
76s DeviceModule:MoveRandom(): New position: (57, 51)
77s DeviceModule:MoveRandom(): New position: (57, 50)
78s DeviceModule:MoveRandom(): New position: (57, 49)
79s DeviceModule:MoveRandom(): New position: (57, 48)
80s DecisionModule:Run(): Run decision
80s DecisionModule:AnalyzingNetworks(): Current Network: 
       [Network #0, Technology = Wifi, Address = 02-06-00:00:00:00:00:02, { DataRate: 19, SignalStrength: 85, AntiFragility: 72}, IQ: 62]
80s DecisionModule:ShowAllNetworks(): All detected networks:
       [Network #0, Technology = Wifi, Address = 02-06-00:00:00:00:00:02, { DataRate: 19, SignalStrength: 85, AntiFragility: 72}, IQ: 62]
       [Network #1, Technology = Wimax, Address = 02-06-00:00:00:00:00:04, { DataRate: 85, SignalStrength: 73, AntiFragility: 25}, IQ: 52]
80s DeviceModule:MoveRandom(): New position: (57, 49)
81s DeviceModule:MoveRandom(): New position: (58, 49)
82s DeviceModule:MoveRandom(): New position: (58, 48)
83s DeviceModule:MoveRandom(): New position: (58, 49)
84s DeviceModule:MoveRandom(): New position: (59, 49)
85s DeviceModule:MoveRandom(): New position: (60, 49)
86s DeviceModule:MoveRandom(): New position: (60, 50)
87s DeviceModule:MoveRandom(): New position: (61, 50)
88s DeviceModule:MoveRandom(): New position: (61, 51)
89s DeviceModule:MoveRandom(): New position: (61, 52)
90s DeviceModule:MoveRandom(): New position: (61, 51)
91s DeviceModule:MoveRandom(): New position: (61, 52)
92s DeviceModule:MoveRandom(): New position: (61, 51)
93s DeviceModule:MoveRandom(): New position: (61, 50)
94s DeviceModule:MoveRandom(): New position: (61, 49)
95s DeviceModule:MoveRandom(): New position: (61, 48)
96s DeviceModule:MoveRandom(): New position: (61, 47)
97s DeviceModule:MoveRandom(): New position: (60, 47)
98s DeviceModule:MoveRandom(): New position: (59, 47)
99s DeviceModule:MoveRandom(): New position: (59, 46)
100s DecisionModule:Run(): Run decision
100s DecisionModule:AnalyzingNetworks(): Current Network: 
       [Network #1, Technology = Wimax, Address = 02-06-00:00:00:00:00:04, { DataRate: 44, SignalStrength: 6, AntiFragility: 63}, IQ: 44]
100s DecisionModule:ShowAllNetworks(): All detected networks:
       [Network #1, Technology = Wimax, Address = 02-06-00:00:00:00:00:04, { DataRate: 44, SignalStrength: 6, AntiFragility: 63}, IQ: 44]
       [Network #0, Technology = Wifi, Address = 02-06-00:00:00:00:00:02, { DataRate: 22, SignalStrength: 35, AntiFragility: 40}, IQ: 34]
100s ExecutionModule:Run(): Decision time => Seconds: 0, Miliseconds: 311
100s ExecutionModule:Run(): Handover time => Seconds: 0, Miliseconds: 95
100s ExecutionModule:Run(): Event: Vertical Handover.
100s DeviceModule:MoveRandom(): New position: (59, 45)
101s DeviceModule:MoveRandom(): New position: (58, 45)
102s DeviceModule:MoveRandom(): New position: (57, 45)
103s DeviceModule:MoveRandom(): New position: (58, 45)
104s DeviceModule:MoveRandom(): New position: (57, 45)
105s DeviceModule:MoveRandom(): New position: (56, 45)
106s DeviceModule:MoveRandom(): New position: (56, 44)
107s DeviceModule:MoveRandom(): New position: (57, 44)
108s DeviceModule:MoveRandom(): New position: (57, 43)
109s DeviceModule:MoveRandom(): New position: (56, 43)
110s DeviceModule:MoveRandom(): New position: (55, 43)
111s DeviceModule:MoveRandom(): New position: (55, 42)
112s DeviceModule:MoveRandom(): New position: (54, 42)
113s DeviceModule:MoveRandom(): New position: (55, 42)
114s DeviceModule:MoveRandom(): New position: (54, 42)
115s DeviceModule:MoveRandom(): New position: (55, 42)
116s DeviceModule:MoveRandom(): New position: (56, 42)
117s DeviceModule:MoveRandom(): New position: (56, 43)
118s DeviceModule:MoveRandom(): New position: (57, 43)
119s DeviceModule:MoveRandom(): New position: (58, 43)
120s DecisionModule:Run(): Run decision
120s DecisionModule:AnalyzingNetworks(): Current Network: 
       [Network #0, Technology = Wifi, Address = 02-06-00:00:00:00:00:02, { DataRate: 89, SignalStrength: 62, AntiFragility: 4}, IQ: 39]
120s DecisionModule:ShowAllNetworks(): All detected networks:
       [Network #0, Technology = Wifi, Address = 02-06-00:00:00:00:00:02, { DataRate: 89, SignalStrength: 62, AntiFragility: 4}, IQ: 39]
       [Network #1, Technology = Wimax, Address = 02-06-00:00:00:00:00:04, { DataRate: 38, SignalStrength: 53, AntiFragility: 11}, IQ: 28]
120s ExecutionModule:Run(): Decision time => Seconds: 0, Miliseconds: 139
120s ExecutionModule:Run(): Handover time => Seconds: 0, Miliseconds: 31
120s ExecutionModule:Run(): Event: Vertical Handover.
120s DeviceModule:MoveRandom(): New position: (57, 43)
121s DeviceModule:MoveRandom(): New position: (56, 43)
122s DeviceModule:MoveRandom(): New position: (55, 43)
123s DeviceModule:MoveRandom(): New position: (55, 44)
124s DeviceModule:MoveRandom(): New position: (55, 45)
125s DeviceModule:MoveRandom(): New position: (56, 45)
126s DeviceModule:MoveRandom(): New position: (55, 45)
127s DeviceModule:MoveRandom(): New position: (56, 45)
128s DeviceModule:MoveRandom(): New position: (56, 44)
129s DeviceModule:MoveRandom(): New position: (56, 45)
130s DeviceModule:MoveRandom(): New position: (57, 45)
131s DeviceModule:MoveRandom(): New position: (56, 45)
132s DeviceModule:MoveRandom(): New position: (56, 46)
133s DeviceModule:MoveRandom(): New position: (56, 45)
134s DeviceModule:MoveRandom(): New position: (55, 45)
135s DeviceModule:MoveRandom(): New position: (55, 46)
136s DeviceModule:MoveRandom(): New position: (55, 45)
137s DeviceModule:MoveRandom(): New position: (55, 46)
138s DeviceModule:MoveRandom(): New position: (56, 46)
139s DeviceModule:MoveRandom(): New position: (55, 46)
140s DecisionModule:Run(): Run decision
140s DecisionModule:AnalyzingNetworks(): Current Network: 
       [Network #0, Technology = Wifi, Address = 02-06-00:00:00:00:00:02, { DataRate: 48, SignalStrength: 15, AntiFragility: 57}, IQ: 44]
140s DecisionModule:ShowAllNetworks(): All detected networks:
       [Network #0, Technology = Wifi, Address = 02-06-00:00:00:00:00:02, { DataRate: 48, SignalStrength: 15, AntiFragility: 57}, IQ: 44]
       [Network #1, Technology = Wimax, Address = 02-06-00:00:00:00:00:04, { DataRate: 23, SignalStrength: 11, AntiFragility: 9}, IQ: 13]
140s DeviceModule:MoveRandom(): New position: (55, 47)
141s DeviceModule:MoveRandom(): New position: (55, 46)
142s DeviceModule:MoveRandom(): New position: (55, 45)
143s DeviceModule:MoveRandom(): New position: (55, 46)
144s DeviceModule:MoveRandom(): New position: (56, 46)
145s DeviceModule:MoveRandom(): New position: (57, 46)
146s DeviceModule:MoveRandom(): New position: (57, 47)
147s DeviceModule:MoveRandom(): New position: (57, 48)
148s DeviceModule:MoveRandom(): New position: (56, 48)
149s DeviceModule:MoveRandom(): New position: (56, 47)
150s DeviceModule:MoveRandom(): New position: (57, 47)
151s DeviceModule:MoveRandom(): New position: (56, 47)
152s DeviceModule:MoveRandom(): New position: (56, 46)
153s DeviceModule:MoveRandom(): New position: (55, 46)
154s DeviceModule:MoveRandom(): New position: (55, 45)
155s DeviceModule:MoveRandom(): New position: (55, 44)
156s DeviceModule:MoveRandom(): New position: (55, 43)
157s DeviceModule:MoveRandom(): New position: (55, 42)
158s DeviceModule:MoveRandom(): New position: (55, 41)
159s DeviceModule:MoveRandom(): New position: (54, 41)
160s DecisionModule:Run(): Run decision
160s DecisionModule:AnalyzingNetworks(): Current Network: 
       [Network #1, Technology = Wimax, Address = 02-06-00:00:00:00:00:04, { DataRate: 9, SignalStrength: 12, AntiFragility: 92}, IQ: 51]
160s DecisionModule:ShowAllNetworks(): All detected networks:
       [Network #1, Technology = Wimax, Address = 02-06-00:00:00:00:00:04, { DataRate: 9, SignalStrength: 12, AntiFragility: 92}, IQ: 51]
       [Network #0, Technology = Wifi, Address = 02-06-00:00:00:00:00:02, { DataRate: 48, SignalStrength: 5, AntiFragility: 42}, IQ: 34]
160s ExecutionModule:Run(): Decision time => Seconds: 0, Miliseconds: 141
160s ExecutionModule:Run(): Handover time => Seconds: 0, Miliseconds: 31
160s ExecutionModule:Run(): Event: Vertical Handover.
160s DeviceModule:MoveRandom(): New position: (53, 41)
161s DeviceModule:MoveRandom(): New position: (54, 41)
162s DeviceModule:MoveRandom(): New position: (54, 42)
163s DeviceModule:MoveRandom(): New position: (54, 43)
164s DeviceModule:MoveRandom(): New position: (54, 44)
165s DeviceModule:MoveRandom(): New position: (55, 44)
166s DeviceModule:MoveRandom(): New position: (55, 45)
167s DeviceModule:MoveRandom(): New position: (55, 46)
168s DeviceModule:MoveRandom(): New position: (56, 46)
169s DeviceModule:MoveRandom(): New position: (56, 47)
170s DeviceModule:MoveRandom(): New position: (55, 47)
171s DeviceModule:MoveRandom(): New position: (55, 46)
172s DeviceModule:MoveRandom(): New position: (54, 46)
173s DeviceModule:MoveRandom(): New position: (55, 46)
174s DeviceModule:MoveRandom(): New position: (55, 45)
175s DeviceModule:MoveRandom(): New position: (56, 45)
176s DeviceModule:MoveRandom(): New position: (56, 46)
177s DeviceModule:MoveRandom(): New position: (57, 46)
178s DeviceModule:MoveRandom(): New position: (58, 46)
179s DeviceModule:MoveRandom(): New position: (57, 46)
180s DecisionModule:Run(): Run decision
180s DecisionModule:AnalyzingNetworks(): Current Network: 
       [Network #0, Technology = Wifi, Address = 02-06-00:00:00:00:00:02, { DataRate: 99, SignalStrength: 57, AntiFragility: 75}, IQ: 76]
180s DecisionModule:ShowAllNetworks(): All detected networks:
       [Network #0, Technology = Wifi, Address = 02-06-00:00:00:00:00:02, { DataRate: 99, SignalStrength: 57, AntiFragility: 75}, IQ: 76]
       [Network #1, Technology = Wimax, Address = 02-06-00:00:00:00:00:04, { DataRate: 99, SignalStrength: 68, AntiFragility: 23}, IQ: 53]
180s ExecutionModule:Run(): Decision time => Seconds: 0, Miliseconds: 141
180s ExecutionModule:Run(): Handover time => Seconds: 0, Miliseconds: 31
180s ExecutionModule:Run(): Event: Vertical Handover.
180s DeviceModule:MoveRandom(): New position: (57, 45)
181s DeviceModule:MoveRandom(): New position: (56, 45)
182s DeviceModule:MoveRandom(): New position: (56, 46)
183s DeviceModule:MoveRandom(): New position: (56, 45)
184s DeviceModule:MoveRandom(): New position: (57, 45)
185s DeviceModule:MoveRandom(): New position: (58, 45)
186s DeviceModule:MoveRandom(): New position: (58, 46)
187s DeviceModule:MoveRandom(): New position: (59, 46)
188s DeviceModule:MoveRandom(): New position: (59, 47)
189s DeviceModule:MoveRandom(): New position: (59, 46)
190s DeviceModule:MoveRandom(): New position: (59, 47)
191s DeviceModule:MoveRandom(): New position: (59, 46)
192s DeviceModule:MoveRandom(): New position: (59, 47)
193s DeviceModule:MoveRandom(): New position: (59, 48)
194s DeviceModule:MoveRandom(): New position: (60, 48)
195s DeviceModule:MoveRandom(): New position: (61, 48)
196s DeviceModule:MoveRandom(): New position: (61, 49)
197s DeviceModule:MoveRandom(): New position: (60, 49)
198s DeviceModule:MoveRandom(): New position: (59, 49)
199s DeviceModule:MoveRandom(): New position: (60, 49)
