Waf: Entering directory `/home/renan/Documents/NR2/ns-allinone-3.20/ns-3.20/build'
Waf: Leaving directory `/home/renan/Documents/NR2/ns-allinone-3.20/ns-3.20/build'
'build' finished successfully (1.924s)
0s NetworkModule:SetPosition(): Network 0 set position => (89, 90)
0s NetworkModule:SetRange(): Network 0 set range => 100
0s NetworkModule:SetPosition(): Network 1 set position => (82, 79)
0s NetworkModule:SetRange(): Network 1 set range => 100
0s DeviceModule:ConfigureMobility(): Device [init x = 50, init y = 50, max = 100, velocity = 1]
1s DeviceModule:MoveRandom(): New position: (51, 50)
1s DecisionModule:AddNetworkToList(): Network detected
1s DecisionModule:AddNetworkToList(): Network detected
2s DeviceModule:MoveRandom(): New position: (51, 49)
3s DeviceModule:MoveRandom(): New position: (51, 48)
4s DeviceModule:MoveRandom(): New position: (52, 48)
5s DeviceModule:MoveRandom(): New position: (53, 48)
6s DeviceModule:MoveRandom(): New position: (53, 49)
7s DeviceModule:MoveRandom(): New position: (53, 48)
8s DeviceModule:MoveRandom(): New position: (54, 48)
9s DeviceModule:MoveRandom(): New position: (55, 48)
10s DeviceModule:MoveRandom(): New position: (55, 47)
11s DeviceModule:MoveRandom(): New position: (54, 47)
12s DeviceModule:MoveRandom(): New position: (53, 47)
13s DeviceModule:MoveRandom(): New position: (52, 47)
14s DeviceModule:MoveRandom(): New position: (51, 47)
15s DeviceModule:MoveRandom(): New position: (50, 47)
16s DeviceModule:MoveRandom(): New position: (51, 47)
17s DeviceModule:MoveRandom(): New position: (50, 47)
18s DeviceModule:MoveRandom(): New position: (49, 47)
19s DeviceModule:MoveRandom(): New position: (49, 48)
20s DecisionModule:Run(): Run decision
20s DecisionModule:AnalyzingNetworks(): Current Network: 
       [Network #1, Technology = Wimax, Address = 02-06-00:00:00:00:00:04, { DataRate: 12, SignalStrength: 79, AntiFragility: 73}, IQ: 59]
20s DecisionModule:ShowAllNetworks(): All detected networks:
       [Network #1, Technology = Wimax, Address = 02-06-00:00:00:00:00:04, { DataRate: 12, SignalStrength: 79, AntiFragility: 73}, IQ: 59]
       [Network #0, Technology = Wifi, Address = 02-06-00:00:00:00:00:02, { DataRate: 30, SignalStrength: 30, AntiFragility: 80}, IQ: 55]
20s DeviceModule:MoveRandom(): New position: (50, 48)
21s DeviceModule:MoveRandom(): New position: (50, 49)
22s DeviceModule:MoveRandom(): New position: (49, 49)
23s DeviceModule:MoveRandom(): New position: (50, 49)
24s DeviceModule:MoveRandom(): New position: (51, 49)
25s DeviceModule:MoveRandom(): New position: (51, 50)
26s DeviceModule:MoveRandom(): New position: (51, 49)
27s DeviceModule:MoveRandom(): New position: (51, 50)
28s DeviceModule:MoveRandom(): New position: (51, 49)
29s DeviceModule:MoveRandom(): New position: (51, 50)
30s DeviceModule:MoveRandom(): New position: (52, 50)
31s DeviceModule:MoveRandom(): New position: (52, 49)
32s DeviceModule:MoveRandom(): New position: (51, 49)
33s DeviceModule:MoveRandom(): New position: (51, 50)
34s DeviceModule:MoveRandom(): New position: (52, 50)
35s DeviceModule:MoveRandom(): New position: (52, 49)
36s DeviceModule:MoveRandom(): New position: (52, 50)
37s DeviceModule:MoveRandom(): New position: (53, 50)
38s DeviceModule:MoveRandom(): New position: (53, 51)
39s DeviceModule:MoveRandom(): New position: (53, 50)
40s DecisionModule:Run(): Run decision
40s DecisionModule:AnalyzingNetworks(): Current Network: 
       [Network #1, Technology = Wimax, Address = 02-06-00:00:00:00:00:04, { DataRate: 29, SignalStrength: 35, AntiFragility: 83}, IQ: 57]
40s DecisionModule:ShowAllNetworks(): All detected networks:
       [Network #1, Technology = Wimax, Address = 02-06-00:00:00:00:00:04, { DataRate: 29, SignalStrength: 35, AntiFragility: 83}, IQ: 57]
       [Network #0, Technology = Wifi, Address = 02-06-00:00:00:00:00:02, { DataRate: 86, SignalStrength: 39, AntiFragility: 50}, IQ: 56]
40s DeviceModule:MoveRandom(): New position: (52, 50)
41s DeviceModule:MoveRandom(): New position: (52, 49)
42s DeviceModule:MoveRandom(): New position: (52, 50)
43s DeviceModule:MoveRandom(): New position: (52, 49)
44s DeviceModule:MoveRandom(): New position: (52, 48)
45s DeviceModule:MoveRandom(): New position: (52, 49)
46s DeviceModule:MoveRandom(): New position: (52, 48)
47s DeviceModule:MoveRandom(): New position: (53, 48)
48s DeviceModule:MoveRandom(): New position: (54, 48)
49s DeviceModule:MoveRandom(): New position: (53, 48)
50s DeviceModule:MoveRandom(): New position: (53, 49)
51s DeviceModule:MoveRandom(): New position: (53, 50)
52s DeviceModule:MoveRandom(): New position: (53, 49)
53s DeviceModule:MoveRandom(): New position: (53, 50)
54s DeviceModule:MoveRandom(): New position: (53, 49)
55s DeviceModule:MoveRandom(): New position: (54, 49)
56s DeviceModule:MoveRandom(): New position: (54, 50)
57s DeviceModule:MoveRandom(): New position: (54, 51)
58s DeviceModule:MoveRandom(): New position: (55, 51)
59s DeviceModule:MoveRandom(): New position: (55, 50)
60s DecisionModule:Run(): Run decision
60s DecisionModule:AnalyzingNetworks(): Current Network: 
       [Network #1, Technology = Wimax, Address = 02-06-00:00:00:00:00:04, { DataRate: 40, SignalStrength: 68, AntiFragility: 79}, IQ: 66]
60s DecisionModule:ShowAllNetworks(): All detected networks:
       [Network #1, Technology = Wimax, Address = 02-06-00:00:00:00:00:04, { DataRate: 40, SignalStrength: 68, AntiFragility: 79}, IQ: 66]
       [Network #0, Technology = Wifi, Address = 02-06-00:00:00:00:00:02, { DataRate: 29, SignalStrength: 89, AntiFragility: 69}, IQ: 64]
60s DeviceModule:MoveRandom(): New position: (54, 50)
61s DeviceModule:MoveRandom(): New position: (54, 51)
62s DeviceModule:MoveRandom(): New position: (54, 52)
63s DeviceModule:MoveRandom(): New position: (53, 52)
64s DeviceModule:MoveRandom(): New position: (54, 52)
65s DeviceModule:MoveRandom(): New position: (54, 53)
66s DeviceModule:MoveRandom(): New position: (55, 53)
67s DeviceModule:MoveRandom(): New position: (55, 54)
68s DeviceModule:MoveRandom(): New position: (55, 53)
69s DeviceModule:MoveRandom(): New position: (54, 53)
70s DeviceModule:MoveRandom(): New position: (54, 52)
71s DeviceModule:MoveRandom(): New position: (55, 52)
72s DeviceModule:MoveRandom(): New position: (56, 52)
73s DeviceModule:MoveRandom(): New position: (56, 51)
74s DeviceModule:MoveRandom(): New position: (56, 50)
75s DeviceModule:MoveRandom(): New position: (57, 50)
76s DeviceModule:MoveRandom(): New position: (58, 50)
77s DeviceModule:MoveRandom(): New position: (59, 50)
78s DeviceModule:MoveRandom(): New position: (58, 50)
79s DeviceModule:MoveRandom(): New position: (57, 50)
80s DecisionModule:Run(): Run decision
80s DecisionModule:AnalyzingNetworks(): Current Network: 
       [Network #0, Technology = Wifi, Address = 02-06-00:00:00:00:00:02, { DataRate: 97, SignalStrength: 29, AntiFragility: 43}, IQ: 53]
80s DecisionModule:ShowAllNetworks(): All detected networks:
       [Network #0, Technology = Wifi, Address = 02-06-00:00:00:00:00:02, { DataRate: 97, SignalStrength: 29, AntiFragility: 43}, IQ: 53]
       [Network #1, Technology = Wimax, Address = 02-06-00:00:00:00:00:04, { DataRate: 25, SignalStrength: 13, AntiFragility: 71}, IQ: 45]
80s ExecutionModule:Run(): Decision time => Seconds: 0, Miliseconds: 141
80s ExecutionModule:Run(): Handover time => Seconds: 0, Miliseconds: 276
80s ExecutionModule:Run(): Event: Vertical Handover.
80s DeviceModule:MoveRandom(): New position: (58, 50)
81s DeviceModule:MoveRandom(): New position: (58, 49)
82s DeviceModule:MoveRandom(): New position: (58, 48)
83s DeviceModule:MoveRandom(): New position: (59, 48)
84s DeviceModule:MoveRandom(): New position: (58, 48)
85s DeviceModule:MoveRandom(): New position: (58, 47)
86s DeviceModule:MoveRandom(): New position: (58, 46)
87s DeviceModule:MoveRandom(): New position: (59, 46)
88s DeviceModule:MoveRandom(): New position: (60, 46)
89s DeviceModule:MoveRandom(): New position: (60, 47)
90s DeviceModule:MoveRandom(): New position: (60, 48)
91s DeviceModule:MoveRandom(): New position: (60, 47)
92s DeviceModule:MoveRandom(): New position: (60, 48)
93s DeviceModule:MoveRandom(): New position: (61, 48)
94s DeviceModule:MoveRandom(): New position: (62, 48)
95s DeviceModule:MoveRandom(): New position: (63, 48)
96s DeviceModule:MoveRandom(): New position: (62, 48)
97s DeviceModule:MoveRandom(): New position: (63, 48)
98s DeviceModule:MoveRandom(): New position: (64, 48)
99s DeviceModule:MoveRandom(): New position: (65, 48)
100s DecisionModule:Run(): Run decision
100s DecisionModule:AnalyzingNetworks(): Current Network: 
       [Network #1, Technology = Wimax, Address = 02-06-00:00:00:00:00:04, { DataRate: 65, SignalStrength: 55, AntiFragility: 77}, IQ: 68]
100s DecisionModule:ShowAllNetworks(): All detected networks:
       [Network #1, Technology = Wimax, Address = 02-06-00:00:00:00:00:04, { DataRate: 65, SignalStrength: 55, AntiFragility: 77}, IQ: 68]
       [Network #0, Technology = Wifi, Address = 02-06-00:00:00:00:00:02, { DataRate: 65, SignalStrength: 78, AntiFragility: 55}, IQ: 63]
100s ExecutionModule:Run(): Decision time => Seconds: 0, Miliseconds: 139
100s ExecutionModule:Run(): Handover time => Seconds: 0, Miliseconds: 44
100s ExecutionModule:Run(): Event: Vertical Handover.
100s DeviceModule:MoveRandom(): New position: (64, 48)
101s DeviceModule:MoveRandom(): New position: (63, 48)
102s DeviceModule:MoveRandom(): New position: (63, 47)
103s DeviceModule:MoveRandom(): New position: (63, 48)
104s DeviceModule:MoveRandom(): New position: (63, 47)
105s DeviceModule:MoveRandom(): New position: (63, 48)
106s DeviceModule:MoveRandom(): New position: (64, 48)
107s DeviceModule:MoveRandom(): New position: (64, 47)
108s DeviceModule:MoveRandom(): New position: (65, 47)
109s DeviceModule:MoveRandom(): New position: (65, 48)
110s DeviceModule:MoveRandom(): New position: (65, 49)
111s DeviceModule:MoveRandom(): New position: (65, 48)
112s DeviceModule:MoveRandom(): New position: (65, 49)
113s DeviceModule:MoveRandom(): New position: (66, 49)
114s DeviceModule:MoveRandom(): New position: (66, 48)
115s DeviceModule:MoveRandom(): New position: (67, 48)
116s DeviceModule:MoveRandom(): New position: (66, 48)
117s DeviceModule:MoveRandom(): New position: (65, 48)
118s DeviceModule:MoveRandom(): New position: (65, 49)
119s DeviceModule:MoveRandom(): New position: (65, 48)
120s DecisionModule:Run(): Run decision
120s DecisionModule:AnalyzingNetworks(): Current Network: 
       [Network #1, Technology = Wimax, Address = 02-06-00:00:00:00:00:04, { DataRate: 91, SignalStrength: 48, AntiFragility: 87}, IQ: 78]
120s DecisionModule:ShowAllNetworks(): All detected networks:
       [Network #1, Technology = Wimax, Address = 02-06-00:00:00:00:00:04, { DataRate: 91, SignalStrength: 48, AntiFragility: 87}, IQ: 78]
       [Network #0, Technology = Wifi, Address = 02-06-00:00:00:00:00:02, { DataRate: 17, SignalStrength: 40, AntiFragility: 63}, IQ: 45]
120s DeviceModule:MoveRandom(): New position: (65, 47)
121s DeviceModule:MoveRandom(): New position: (64, 47)
122s DeviceModule:MoveRandom(): New position: (63, 47)
123s DeviceModule:MoveRandom(): New position: (64, 47)
124s DeviceModule:MoveRandom(): New position: (64, 48)
125s DeviceModule:MoveRandom(): New position: (64, 49)
126s DeviceModule:MoveRandom(): New position: (64, 50)
127s DeviceModule:MoveRandom(): New position: (64, 51)
128s DeviceModule:MoveRandom(): New position: (64, 52)
129s DeviceModule:MoveRandom(): New position: (63, 52)
130s DeviceModule:MoveRandom(): New position: (63, 51)
131s DeviceModule:MoveRandom(): New position: (63, 50)
132s DeviceModule:MoveRandom(): New position: (62, 50)
133s DeviceModule:MoveRandom(): New position: (62, 51)
134s DeviceModule:MoveRandom(): New position: (63, 51)
135s DeviceModule:MoveRandom(): New position: (63, 52)
136s DeviceModule:MoveRandom(): New position: (63, 51)
137s DeviceModule:MoveRandom(): New position: (63, 52)
138s DeviceModule:MoveRandom(): New position: (64, 52)
139s DeviceModule:MoveRandom(): New position: (65, 52)
140s DecisionModule:Run(): Run decision
140s DecisionModule:AnalyzingNetworks(): Current Network: 
       [Network #0, Technology = Wifi, Address = 02-06-00:00:00:00:00:02, { DataRate: 56, SignalStrength: 67, AntiFragility: 42}, IQ: 51]
140s DecisionModule:ShowAllNetworks(): All detected networks:
       [Network #0, Technology = Wifi, Address = 02-06-00:00:00:00:00:02, { DataRate: 56, SignalStrength: 67, AntiFragility: 42}, IQ: 51]
       [Network #1, Technology = Wimax, Address = 02-06-00:00:00:00:00:04, { DataRate: 79, SignalStrength: 2, AntiFragility: 5}, IQ: 22]
140s ExecutionModule:Run(): Decision time => Seconds: 0, Miliseconds: 352
140s ExecutionModule:Run(): Handover time => Seconds: 0, Miliseconds: 84
140s ExecutionModule:Run(): Event: Vertical Handover.
140s DeviceModule:MoveRandom(): New position: (64, 52)
141s DeviceModule:MoveRandom(): New position: (65, 52)
142s DeviceModule:MoveRandom(): New position: (65, 53)
143s DeviceModule:MoveRandom(): New position: (65, 52)
144s DeviceModule:MoveRandom(): New position: (64, 52)
145s DeviceModule:MoveRandom(): New position: (63, 52)
146s DeviceModule:MoveRandom(): New position: (63, 53)
147s DeviceModule:MoveRandom(): New position: (63, 52)
148s DeviceModule:MoveRandom(): New position: (64, 52)
149s DeviceModule:MoveRandom(): New position: (64, 51)
150s DeviceModule:MoveRandom(): New position: (65, 51)
151s DeviceModule:MoveRandom(): New position: (64, 51)
152s DeviceModule:MoveRandom(): New position: (64, 50)
153s DeviceModule:MoveRandom(): New position: (64, 51)
154s DeviceModule:MoveRandom(): New position: (65, 51)
155s DeviceModule:MoveRandom(): New position: (65, 52)
156s DeviceModule:MoveRandom(): New position: (65, 51)
157s DeviceModule:MoveRandom(): New position: (64, 51)
158s DeviceModule:MoveRandom(): New position: (64, 50)
159s DeviceModule:MoveRandom(): New position: (64, 49)
160s DecisionModule:Run(): Run decision
160s DecisionModule:AnalyzingNetworks(): Current Network: 
       [Network #1, Technology = Wimax, Address = 02-06-00:00:00:00:00:04, { DataRate: 65, SignalStrength: 30, AntiFragility: 40}, IQ: 43]
160s DecisionModule:ShowAllNetworks(): All detected networks:
       [Network #1, Technology = Wimax, Address = 02-06-00:00:00:00:00:04, { DataRate: 65, SignalStrength: 30, AntiFragility: 40}, IQ: 43]
       [Network #0, Technology = Wifi, Address = 02-06-00:00:00:00:00:02, { DataRate: 19, SignalStrength: 1, AntiFragility: 32}, IQ: 21]
160s ExecutionModule:Run(): Decision time => Seconds: 0, Miliseconds: 143
160s ExecutionModule:Run(): Handover time => Seconds: 0, Miliseconds: 32
160s ExecutionModule:Run(): Event: Vertical Handover.
160s DeviceModule:MoveRandom(): New position: (63, 49)
161s DeviceModule:MoveRandom(): New position: (63, 48)
162s DeviceModule:MoveRandom(): New position: (63, 47)
163s DeviceModule:MoveRandom(): New position: (63, 48)
164s DeviceModule:MoveRandom(): New position: (63, 47)
165s DeviceModule:MoveRandom(): New position: (63, 48)
166s DeviceModule:MoveRandom(): New position: (63, 47)
167s DeviceModule:MoveRandom(): New position: (62, 47)
168s DeviceModule:MoveRandom(): New position: (63, 47)
169s DeviceModule:MoveRandom(): New position: (63, 46)
170s DeviceModule:MoveRandom(): New position: (64, 46)
171s DeviceModule:MoveRandom(): New position: (64, 47)
172s DeviceModule:MoveRandom(): New position: (63, 47)
173s DeviceModule:MoveRandom(): New position: (62, 47)
174s DeviceModule:MoveRandom(): New position: (63, 47)
175s DeviceModule:MoveRandom(): New position: (63, 48)
176s DeviceModule:MoveRandom(): New position: (63, 47)
177s DeviceModule:MoveRandom(): New position: (64, 47)
178s DeviceModule:MoveRandom(): New position: (64, 48)
179s DeviceModule:MoveRandom(): New position: (64, 49)
180s DecisionModule:Run(): Run decision
180s DecisionModule:AnalyzingNetworks(): Current Network: 
       [Network #0, Technology = Wifi, Address = 02-06-00:00:00:00:00:02, { DataRate: 29, SignalStrength: 22, AntiFragility: 83}, IQ: 54]
180s DecisionModule:ShowAllNetworks(): All detected networks:
       [Network #0, Technology = Wifi, Address = 02-06-00:00:00:00:00:02, { DataRate: 29, SignalStrength: 22, AntiFragility: 83}, IQ: 54]
       [Network #1, Technology = Wimax, Address = 02-06-00:00:00:00:00:04, { DataRate: 48, SignalStrength: 6, AntiFragility: 64}, IQ: 45]
180s ExecutionModule:Run(): Decision time => Seconds: 0, Miliseconds: 136
180s ExecutionModule:Run(): Handover time => Seconds: 0, Miliseconds: 31
180s ExecutionModule:Run(): Event: Vertical Handover.
180s DeviceModule:MoveRandom(): New position: (63, 49)
181s DeviceModule:MoveRandom(): New position: (63, 48)
182s DeviceModule:MoveRandom(): New position: (62, 48)
183s DeviceModule:MoveRandom(): New position: (61, 48)
184s DeviceModule:MoveRandom(): New position: (61, 49)
185s DeviceModule:MoveRandom(): New position: (62, 49)
186s DeviceModule:MoveRandom(): New position: (61, 49)
187s DeviceModule:MoveRandom(): New position: (62, 49)
188s DeviceModule:MoveRandom(): New position: (63, 49)
189s DeviceModule:MoveRandom(): New position: (63, 50)
190s DeviceModule:MoveRandom(): New position: (63, 51)
191s DeviceModule:MoveRandom(): New position: (63, 52)
192s DeviceModule:MoveRandom(): New position: (64, 52)
193s DeviceModule:MoveRandom(): New position: (65, 52)
194s DeviceModule:MoveRandom(): New position: (65, 51)
195s DeviceModule:MoveRandom(): New position: (65, 50)
196s DeviceModule:MoveRandom(): New position: (66, 50)
197s DeviceModule:MoveRandom(): New position: (66, 51)
198s DeviceModule:MoveRandom(): New position: (66, 52)
199s DeviceModule:MoveRandom(): New position: (67, 52)
