Waf: Entering directory `/home/renan/Documents/NR2/ns-allinone-3.20/ns-3.20/build'
Waf: Leaving directory `/home/renan/Documents/NR2/ns-allinone-3.20/ns-3.20/build'
'build' finished successfully (1.943s)
0s NetworkModule:SetPosition(): Network 0 set position => (174, 167)
0s NetworkModule:SetRange(): Network 0 set range => 100
0s NetworkModule:SetPosition(): Network 1 set position => (106, 120)
0s NetworkModule:SetRange(): Network 1 set range => 100
0s NetworkModule:SetPosition(): Network 2 set position => (69, 93)
0s NetworkModule:SetRange(): Network 2 set range => 100
0s NetworkModule:SetPosition(): Network 3 set position => (19, 22)
0s NetworkModule:SetRange(): Network 3 set range => 100
0s NetworkModule:SetPosition(): Network 4 set position => (10, 35)
0s NetworkModule:SetRange(): Network 4 set range => 100
0s NetworkModule:SetPosition(): Network 5 set position => (152, 132)
0s NetworkModule:SetRange(): Network 5 set range => 100
0s NetworkModule:SetPosition(): Network 6 set position => (125, 196)
0s NetworkModule:SetRange(): Network 6 set range => 100
0s NetworkModule:SetPosition(): Network 7 set position => (66, 166)
0s NetworkModule:SetRange(): Network 7 set range => 100
0s NetworkModule:SetPosition(): Network 8 set position => (175, 41)
0s NetworkModule:SetRange(): Network 8 set range => 100
0s NetworkModule:SetPosition(): Network 9 set position => (2, 130)
0s NetworkModule:SetRange(): Network 9 set range => 100
0s NetworkModule:SetPosition(): Network 10 set position => (121, 40)
0s NetworkModule:SetRange(): Network 10 set range => 100
0s NetworkModule:SetPosition(): Network 11 set position => (119, 20)
0s NetworkModule:SetRange(): Network 11 set range => 100
0s NetworkModule:SetPosition(): Network 12 set position => (5, 57)
0s NetworkModule:SetRange(): Network 12 set range => 100
0s NetworkModule:SetPosition(): Network 13 set position => (182, 106)
0s NetworkModule:SetRange(): Network 13 set range => 100
0s NetworkModule:SetPosition(): Network 14 set position => (161, 144)
0s NetworkModule:SetRange(): Network 14 set range => 100
0s NetworkModule:SetPosition(): Network 15 set position => (111, 30)
0s NetworkModule:SetRange(): Network 15 set range => 100
0s NetworkModule:SetPosition(): Network 16 set position => (150, 135)
0s NetworkModule:SetRange(): Network 16 set range => 100
0s NetworkModule:SetPosition(): Network 17 set position => (181, 18)
0s NetworkModule:SetRange(): Network 17 set range => 100
0s NetworkModule:SetPosition(): Network 18 set position => (192, 172)
0s NetworkModule:SetRange(): Network 18 set range => 100
0s NetworkModule:SetPosition(): Network 19 set position => (7, 0)
0s NetworkModule:SetRange(): Network 19 set range => 100
0s DeviceModule:ConfigureMobility(): Device [init x = 100, init y = 100, max = 200, velocity = 1]
1s DeviceModule:MoveRandom(): New position: (101, 100)
1s DecisionModule:AddNetworkToList(): Network detected
1s DecisionModule:AddNetworkToList(): Network detected
1s DecisionModule:AddNetworkToList(): Network detected
1s DecisionModule:AddNetworkToList(): Network detected
1s DecisionModule:AddNetworkToList(): Network detected
1s DecisionModule:AddNetworkToList(): Network detected
1s DecisionModule:AddNetworkToList(): Network detected
1s DecisionModule:AddNetworkToList(): Network detected
1s DecisionModule:AddNetworkToList(): Network detected
1s DecisionModule:AddNetworkToList(): Network detected
1s DecisionModule:AddNetworkToList(): Network detected
1s DecisionModule:AddNetworkToList(): Network detected
1s DecisionModule:AddNetworkToList(): Network detected
2s DeviceModule:MoveRandom(): New position: (101, 99)
3s DeviceModule:MoveRandom(): New position: (101, 98)
4s DeviceModule:MoveRandom(): New position: (102, 98)
5s DeviceModule:MoveRandom(): New position: (102, 99)
6s DeviceModule:MoveRandom(): New position: (103, 99)
7s DeviceModule:MoveRandom(): New position: (102, 99)
8s DeviceModule:MoveRandom(): New position: (103, 99)
9s DeviceModule:MoveRandom(): New position: (104, 99)
10s DecisionModule:Run(): Run decision
10s DecisionModule:AnalyzingNetworks(): Current Network: 
       [Network #10, Technology = Wifi, Address = 02-06-00:00:00:00:00:0c, { DataRate: 81, SignalStrength: 84, AntiFragility: 75}, IQ: 78]
10s DecisionModule:ShowAllNetworks(): All detected networks:
       [Network #10, Technology = Wifi, Address = 02-06-00:00:00:00:00:0c, { DataRate: 81, SignalStrength: 84, AntiFragility: 75}, IQ: 78]
       [Network #16, Technology = Wifi, Address = 02-06-00:00:00:00:00:12, { DataRate: 6, SignalStrength: 47, AntiFragility: 77}, IQ: 51]
       [Network #5, Technology = Wifi, Address = 02-06-00:00:00:00:00:07, { DataRate: 12, SignalStrength: 90, AntiFragility: 49}, IQ: 50]
       [Network #7, Technology = Wifi, Address = 02-06-00:00:00:00:00:09, { DataRate: 53, SignalStrength: 41, AntiFragility: 42}, IQ: 44]
       [Network #14, Technology = Wifi, Address = 02-06-00:00:00:00:00:10, { DataRate: 65, SignalStrength: 52, AntiFragility: 31}, IQ: 44]
       [Network #2, Technology = Wifi, Address = 02-06-00:00:00:00:00:04, { DataRate: 64, SignalStrength: 36, AntiFragility: 36}, IQ: 43]
       [Network #11, Technology = Wifi, Address = 02-06-00:00:00:00:00:0d, { DataRate: 29, SignalStrength: 6, AntiFragility: 60}, IQ: 38]
       [Network #6, Technology = Wifi, Address = 02-06-00:00:00:00:00:08, { DataRate: 56, SignalStrength: 2, AntiFragility: 42}, IQ: 35]
       [Network #8, Technology = Wifi, Address = 02-06-00:00:00:00:00:0a, { DataRate: 41, SignalStrength: 61, AntiFragility: 18}, IQ: 34]
       [Network #15, Technology = Wifi, Address = 02-06-00:00:00:00:00:11, { DataRate: 47, SignalStrength: 59, AntiFragility: 13}, IQ: 33]
       [Network #0, Technology = Wifi, Address = 02-06-00:00:00:00:00:02, { DataRate: 23, SignalStrength: 29, AntiFragility: 37}, IQ: 31]
       [Network #1, Technology = Wifi, Address = 02-06-00:00:00:00:00:03, { DataRate: 29, SignalStrength: 59, AntiFragility: 6}, IQ: 25]
       [Network #13, Technology = Wifi, Address = 02-06-00:00:00:00:00:0f, { DataRate: 55, SignalStrength: 15, AntiFragility: 8}, IQ: 21]
10s DeviceModule:MoveRandom(): New position: (105, 99)
11s DeviceModule:MoveRandom(): New position: (105, 100)
12s DeviceModule:MoveRandom(): New position: (105, 99)
13s DeviceModule:MoveRandom(): New position: (106, 99)
14s DeviceModule:MoveRandom(): New position: (107, 99)
15s DeviceModule:MoveRandom(): New position: (107, 100)
16s DeviceModule:MoveRandom(): New position: (106, 100)
17s DeviceModule:MoveRandom(): New position: (106, 99)
18s DeviceModule:MoveRandom(): New position: (106, 100)
19s DeviceModule:MoveRandom(): New position: (106, 99)
20s DecisionModule:Run(): Run decision
20s DecisionModule:AnalyzingNetworks(): Current Network: 
       [Network #5, Technology = Wifi, Address = 02-06-00:00:00:00:00:07, { DataRate: 81, SignalStrength: 73, AntiFragility: 90}, IQ: 83]
20s DecisionModule:ShowAllNetworks(): All detected networks:
       [Network #5, Technology = Wifi, Address = 02-06-00:00:00:00:00:07, { DataRate: 81, SignalStrength: 73, AntiFragility: 90}, IQ: 83]
       [Network #15, Technology = Wifi, Address = 02-06-00:00:00:00:00:11, { DataRate: 64, SignalStrength: 84, AntiFragility: 57}, IQ: 65]
       [Network #6, Technology = Wifi, Address = 02-06-00:00:00:00:00:08, { DataRate: 69, SignalStrength: 59, AntiFragility: 57}, IQ: 60]
       [Network #0, Technology = Wifi, Address = 02-06-00:00:00:00:00:02, { DataRate: 29, SignalStrength: 35, AntiFragility: 80}, IQ: 56]
       [Network #13, Technology = Wifi, Address = 02-06-00:00:00:00:00:0f, { DataRate: 86, SignalStrength: 61, AntiFragility: 40}, IQ: 56]
       [Network #7, Technology = Wifi, Address = 02-06-00:00:00:00:00:09, { DataRate: 14, SignalStrength: 86, AntiFragility: 58}, IQ: 54]
       [Network #2, Technology = Wifi, Address = 02-06-00:00:00:00:00:04, { DataRate: 13, SignalStrength: 44, AntiFragility: 77}, IQ: 52]
       [Network #10, Technology = Wifi, Address = 02-06-00:00:00:00:00:0c, { DataRate: 23, SignalStrength: 46, AntiFragility: 51}, IQ: 42]
       [Network #16, Technology = Wifi, Address = 02-06-00:00:00:00:00:12, { DataRate: 26, SignalStrength: 59, AntiFragility: 36}, IQ: 39]
       [Network #8, Technology = Wifi, Address = 02-06-00:00:00:00:00:0a, { DataRate: 91, SignalStrength: 24, AntiFragility: 17}, IQ: 37]
       [Network #11, Technology = Wifi, Address = 02-06-00:00:00:00:00:0d, { DataRate: 31, SignalStrength: 90, AntiFragility: 13}, IQ: 36]
       [Network #14, Technology = Wifi, Address = 02-06-00:00:00:00:00:10, { DataRate: 73, SignalStrength: 62, AntiFragility: 2}, IQ: 34]
       [Network #1, Technology = Wifi, Address = 02-06-00:00:00:00:00:03, { DataRate: 27, SignalStrength: 71, AntiFragility: 7}, IQ: 28]
20s ExecutionModule:Run(): Decision time => Seconds: 0, Miliseconds: 248
20s ExecutionModule:Run(): Handover time => Seconds: 0, Miliseconds: 179
20s ExecutionModule:Run(): Event: Horizontal Handover.
20s DeviceModule:MoveRandom(): New position: (106, 100)
21s DeviceModule:MoveRandom(): New position: (105, 100)
22s DeviceModule:MoveRandom(): New position: (106, 100)
23s DeviceModule:MoveRandom(): New position: (107, 100)
24s DeviceModule:MoveRandom(): New position: (106, 100)
25s DeviceModule:MoveRandom(): New position: (106, 101)
26s DeviceModule:MoveRandom(): New position: (107, 101)
27s DeviceModule:MoveRandom(): New position: (108, 101)
28s DeviceModule:MoveRandom(): New position: (108, 102)
29s DeviceModule:MoveRandom(): New position: (107, 102)
30s DecisionModule:Run(): Run decision
30s DecisionModule:AnalyzingNetworks(): Current Network: 
       [Network #6, Technology = Wifi, Address = 02-06-00:00:00:00:00:08, { DataRate: 92, SignalStrength: 98, AntiFragility: 39}, IQ: 67]
30s DecisionModule:ShowAllNetworks(): All detected networks:
       [Network #6, Technology = Wifi, Address = 02-06-00:00:00:00:00:08, { DataRate: 92, SignalStrength: 98, AntiFragility: 39}, IQ: 67]
       [Network #0, Technology = Wifi, Address = 02-06-00:00:00:00:00:02, { DataRate: 88, SignalStrength: 41, AntiFragility: 68}, IQ: 66]
       [Network #2, Technology = Wifi, Address = 02-06-00:00:00:00:00:04, { DataRate: 34, SignalStrength: 38, AntiFragility: 85}, IQ: 60]
       [Network #1, Technology = Wifi, Address = 02-06-00:00:00:00:00:03, { DataRate: 54, SignalStrength: 63, AntiFragility: 62}, IQ: 60]
       [Network #15, Technology = Wifi, Address = 02-06-00:00:00:00:00:11, { DataRate: 59, SignalStrength: 30, AntiFragility: 73}, IQ: 58]
       [Network #8, Technology = Wifi, Address = 02-06-00:00:00:00:00:0a, { DataRate: 50, SignalStrength: 37, AntiFragility: 57}, IQ: 50]
       [Network #10, Technology = Wifi, Address = 02-06-00:00:00:00:00:0c, { DataRate: 40, SignalStrength: 2, AntiFragility: 77}, IQ: 49]
       [Network #16, Technology = Wifi, Address = 02-06-00:00:00:00:00:12, { DataRate: 97, SignalStrength: 14, AntiFragility: 44}, IQ: 49]
       [Network #11, Technology = Wifi, Address = 02-06-00:00:00:00:00:0d, { DataRate: 51, SignalStrength: 35, AntiFragility: 50}, IQ: 46]
       [Network #5, Technology = Wifi, Address = 02-06-00:00:00:00:00:07, { DataRate: 48, SignalStrength: 46, AntiFragility: 41}, IQ: 44]
       [Network #7, Technology = Wifi, Address = 02-06-00:00:00:00:00:09, { DataRate: 49, SignalStrength: 93, AntiFragility: 13}, IQ: 42]
       [Network #13, Technology = Wifi, Address = 02-06-00:00:00:00:00:0f, { DataRate: 40, SignalStrength: 45, AntiFragility: 23}, IQ: 32]
       [Network #14, Technology = Wifi, Address = 02-06-00:00:00:00:00:10, { DataRate: 10, SignalStrength: 65, AntiFragility: 23}, IQ: 30]
30s ExecutionModule:Run(): Decision time => Seconds: 0, Miliseconds: 231
30s ExecutionModule:Run(): Handover time => Seconds: 0, Miliseconds: 337
30s ExecutionModule:Run(): Event: Horizontal Handover.
30s DeviceModule:MoveRandom(): New position: (106, 102)
31s DeviceModule:MoveRandom(): New position: (107, 102)
32s DeviceModule:MoveRandom(): New position: (107, 103)
33s DeviceModule:MoveRandom(): New position: (108, 103)
34s DeviceModule:MoveRandom(): New position: (107, 103)
35s DeviceModule:MoveRandom(): New position: (106, 103)
36s DeviceModule:MoveRandom(): New position: (106, 104)
37s DeviceModule:MoveRandom(): New position: (105, 104)
38s DeviceModule:MoveRandom(): New position: (106, 104)
39s DeviceModule:MoveRandom(): New position: (105, 104)
40s DecisionModule:Run(): Run decision
40s DecisionModule:AnalyzingNetworks(): Current Network: 
       [Network #6, Technology = Wifi, Address = 02-06-00:00:00:00:00:08, { DataRate: 99, SignalStrength: 70, AntiFragility: 90}, IQ: 87]
40s DecisionModule:ShowAllNetworks(): All detected networks:
       [Network #6, Technology = Wifi, Address = 02-06-00:00:00:00:00:08, { DataRate: 99, SignalStrength: 70, AntiFragility: 90}, IQ: 87]
       [Network #16, Technology = Wifi, Address = 02-06-00:00:00:00:00:12, { DataRate: 74, SignalStrength: 82, AntiFragility: 96}, IQ: 87]
       [Network #8, Technology = Wifi, Address = 02-06-00:00:00:00:00:0a, { DataRate: 76, SignalStrength: 68, AntiFragility: 57}, IQ: 64]
       [Network #1, Technology = Wifi, Address = 02-06-00:00:00:00:00:03, { DataRate: 95, SignalStrength: 79, AntiFragility: 39}, IQ: 63]
       [Network #15, Technology = Wifi, Address = 02-06-00:00:00:00:00:11, { DataRate: 40, SignalStrength: 57, AntiFragility: 75}, IQ: 61]
       [Network #14, Technology = Wifi, Address = 02-06-00:00:00:00:00:10, { DataRate: 91, SignalStrength: 69, AntiFragility: 13}, IQ: 46]
       [Network #7, Technology = Wifi, Address = 02-06-00:00:00:00:00:09, { DataRate: 79, SignalStrength: 29, AntiFragility: 27}, IQ: 40]
       [Network #0, Technology = Wifi, Address = 02-06-00:00:00:00:00:02, { DataRate: 5, SignalStrength: 22, AntiFragility: 65}, IQ: 39]
       [Network #2, Technology = Wifi, Address = 02-06-00:00:00:00:00:04, { DataRate: 44, SignalStrength: 12, AntiFragility: 46}, IQ: 37]
       [Network #13, Technology = Wifi, Address = 02-06-00:00:00:00:00:0f, { DataRate: 45, SignalStrength: 73, AntiFragility: 1}, IQ: 30]
       [Network #5, Technology = Wifi, Address = 02-06-00:00:00:00:00:07, { DataRate: 37, SignalStrength: 72, AntiFragility: 5}, IQ: 29]
       [Network #10, Technology = Wifi, Address = 02-06-00:00:00:00:00:0c, { DataRate: 54, SignalStrength: 13, AntiFragility: 15}, IQ: 24]
       [Network #11, Technology = Wifi, Address = 02-06-00:00:00:00:00:0d, { DataRate: 21, SignalStrength: 4, AntiFragility: 21}, IQ: 16]
40s DeviceModule:MoveRandom(): New position: (104, 104)
41s DeviceModule:MoveRandom(): New position: (105, 104)
42s DeviceModule:MoveRandom(): New position: (105, 103)
43s DeviceModule:MoveRandom(): New position: (105, 102)
44s DeviceModule:MoveRandom(): New position: (105, 103)
45s DeviceModule:MoveRandom(): New position: (104, 103)
46s DeviceModule:MoveRandom(): New position: (104, 104)
47s DeviceModule:MoveRandom(): New position: (105, 104)
48s DeviceModule:MoveRandom(): New position: (105, 105)
49s DeviceModule:MoveRandom(): New position: (104, 105)
50s DecisionModule:Run(): Run decision
50s DecisionModule:AnalyzingNetworks(): Current Network: 
       [Network #13, Technology = Wifi, Address = 02-06-00:00:00:00:00:0f, { DataRate: 49, SignalStrength: 97, AntiFragility: 95}, IQ: 84]
50s DecisionModule:ShowAllNetworks(): All detected networks:
       [Network #13, Technology = Wifi, Address = 02-06-00:00:00:00:00:0f, { DataRate: 49, SignalStrength: 97, AntiFragility: 95}, IQ: 84]
       [Network #7, Technology = Wifi, Address = 02-06-00:00:00:00:00:09, { DataRate: 67, SignalStrength: 27, AntiFragility: 96}, IQ: 71]
       [Network #11, Technology = Wifi, Address = 02-06-00:00:00:00:00:0d, { DataRate: 64, SignalStrength: 39, AntiFragility: 91}, IQ: 71]
       [Network #0, Technology = Wifi, Address = 02-06-00:00:00:00:00:02, { DataRate: 35, SignalStrength: 86, AntiFragility: 73}, IQ: 66]
       [Network #15, Technology = Wifi, Address = 02-06-00:00:00:00:00:11, { DataRate: 14, SignalStrength: 98, AntiFragility: 69}, IQ: 62]
       [Network #2, Technology = Wifi, Address = 02-06-00:00:00:00:00:04, { DataRate: 71, SignalStrength: 35, AntiFragility: 52}, IQ: 52]
       [Network #14, Technology = Wifi, Address = 02-06-00:00:00:00:00:10, { DataRate: 18, SignalStrength: 91, AntiFragility: 41}, IQ: 47]
       [Network #6, Technology = Wifi, Address = 02-06-00:00:00:00:00:08, { DataRate: 32, SignalStrength: 5, AntiFragility: 73}, IQ: 45]
       [Network #8, Technology = Wifi, Address = 02-06-00:00:00:00:00:0a, { DataRate: 1, SignalStrength: 14, AntiFragility: 57}, IQ: 32]
       [Network #5, Technology = Wifi, Address = 02-06-00:00:00:00:00:07, { DataRate: 2, SignalStrength: 70, AntiFragility: 27}, IQ: 31]
       [Network #10, Technology = Wifi, Address = 02-06-00:00:00:00:00:0c, { DataRate: 7, SignalStrength: 30, AntiFragility: 38}, IQ: 28]
       [Network #1, Technology = Wifi, Address = 02-06-00:00:00:00:00:03, { DataRate: 30, SignalStrength: 42, AntiFragility: 7}, IQ: 21]
       [Network #16, Technology = Wifi, Address = 02-06-00:00:00:00:00:12, { DataRate: 10, SignalStrength: 5, AntiFragility: 7}, IQ: 7]
50s ExecutionModule:Run(): Decision time => Seconds: 0, Miliseconds: 246
50s ExecutionModule:Run(): Handover time => Seconds: 0, Miliseconds: 121
50s ExecutionModule:Run(): Event: Horizontal Handover.
50s DeviceModule:MoveRandom(): New position: (104, 104)
51s DeviceModule:MoveRandom(): New position: (104, 105)
52s DeviceModule:MoveRandom(): New position: (104, 104)
53s DeviceModule:MoveRandom(): New position: (105, 104)
54s DeviceModule:MoveRandom(): New position: (104, 104)
55s DeviceModule:MoveRandom(): New position: (104, 103)
56s DeviceModule:MoveRandom(): New position: (104, 102)
57s DeviceModule:MoveRandom(): New position: (104, 101)
58s DeviceModule:MoveRandom(): New position: (105, 101)
59s DeviceModule:MoveRandom(): New position: (104, 101)
60s DecisionModule:Run(): Run decision
60s DecisionModule:AnalyzingNetworks(): Current Network: 
       [Network #16, Technology = Wifi, Address = 02-06-00:00:00:00:00:12, { DataRate: 83, SignalStrength: 56, AntiFragility: 83}, IQ: 76]
60s DecisionModule:ShowAllNetworks(): All detected networks:
       [Network #16, Technology = Wifi, Address = 02-06-00:00:00:00:00:12, { DataRate: 83, SignalStrength: 56, AntiFragility: 83}, IQ: 76]
       [Network #6, Technology = Wifi, Address = 02-06-00:00:00:00:00:08, { DataRate: 87, SignalStrength: 18, AntiFragility: 97}, IQ: 74]
       [Network #15, Technology = Wifi, Address = 02-06-00:00:00:00:00:11, { DataRate: 78, SignalStrength: 23, AntiFragility: 92}, IQ: 71]
       [Network #5, Technology = Wifi, Address = 02-06-00:00:00:00:00:07, { DataRate: 48, SignalStrength: 72, AntiFragility: 78}, IQ: 69]
       [Network #11, Technology = Wifi, Address = 02-06-00:00:00:00:00:0d, { DataRate: 77, SignalStrength: 2, AntiFragility: 86}, IQ: 62]
       [Network #2, Technology = Wifi, Address = 02-06-00:00:00:00:00:04, { DataRate: 85, SignalStrength: 29, AntiFragility: 65}, IQ: 61]
       [Network #13, Technology = Wifi, Address = 02-06-00:00:00:00:00:0f, { DataRate: 44, SignalStrength: 22, AntiFragility: 76}, IQ: 54]
       [Network #7, Technology = Wifi, Address = 02-06-00:00:00:00:00:09, { DataRate: 31, SignalStrength: 45, AntiFragility: 68}, IQ: 53]
       [Network #14, Technology = Wifi, Address = 02-06-00:00:00:00:00:10, { DataRate: 35, SignalStrength: 74, AntiFragility: 51}, IQ: 52]
       [Network #0, Technology = Wifi, Address = 02-06-00:00:00:00:00:02, { DataRate: 55, SignalStrength: 9, AntiFragility: 45}, IQ: 38]
       [Network #1, Technology = Wifi, Address = 02-06-00:00:00:00:00:03, { DataRate: 38, SignalStrength: 69, AntiFragility: 5}, IQ: 29]
       [Network #10, Technology = Wifi, Address = 02-06-00:00:00:00:00:0c, { DataRate: 16, SignalStrength: 49, AntiFragility: 22}, IQ: 27]
       [Network #8, Technology = Wifi, Address = 02-06-00:00:00:00:00:0a, { DataRate: 31, SignalStrength: 36, AntiFragility: 15}, IQ: 24]
60s ExecutionModule:Run(): Decision time => Seconds: 0, Miliseconds: 231
60s ExecutionModule:Run(): Handover time => Seconds: 0, Miliseconds: 138
60s ExecutionModule:Run(): Event: Horizontal Handover.
60s DeviceModule:MoveRandom(): New position: (104, 100)
61s DeviceModule:MoveRandom(): New position: (105, 100)
62s DeviceModule:MoveRandom(): New position: (106, 100)
63s DeviceModule:MoveRandom(): New position: (107, 100)
64s DeviceModule:MoveRandom(): New position: (106, 100)
65s DeviceModule:MoveRandom(): New position: (105, 100)
66s DeviceModule:MoveRandom(): New position: (105, 101)
67s DeviceModule:MoveRandom(): New position: (104, 101)
68s DeviceModule:MoveRandom(): New position: (103, 101)
69s DeviceModule:MoveRandom(): New position: (102, 101)
70s DecisionModule:Run(): Run decision
70s DecisionModule:AnalyzingNetworks(): Current Network: 
       [Network #8, Technology = Wifi, Address = 02-06-00:00:00:00:00:0a, { DataRate: 84, SignalStrength: 73, AntiFragility: 88}, IQ: 83]
70s DecisionModule:ShowAllNetworks(): All detected networks:
       [Network #8, Technology = Wifi, Address = 02-06-00:00:00:00:00:0a, { DataRate: 84, SignalStrength: 73, AntiFragility: 88}, IQ: 83]
       [Network #5, Technology = Wifi, Address = 02-06-00:00:00:00:00:07, { DataRate: 77, SignalStrength: 77, AntiFragility: 70}, IQ: 73]
       [Network #6, Technology = Wifi, Address = 02-06-00:00:00:00:00:08, { DataRate: 84, SignalStrength: 13, AntiFragility: 96}, IQ: 72]
       [Network #2, Technology = Wifi, Address = 02-06-00:00:00:00:00:04, { DataRate: 45, SignalStrength: 19, AntiFragility: 88}, IQ: 60]
       [Network #14, Technology = Wifi, Address = 02-06-00:00:00:00:00:10, { DataRate: 56, SignalStrength: 99, AntiFragility: 40}, IQ: 58]
       [Network #7, Technology = Wifi, Address = 02-06-00:00:00:00:00:09, { DataRate: 92, SignalStrength: 38, AntiFragility: 24}, IQ: 44]
       [Network #15, Technology = Wifi, Address = 02-06-00:00:00:00:00:11, { DataRate: 16, SignalStrength: 99, AntiFragility: 29}, IQ: 43]
       [Network #11, Technology = Wifi, Address = 02-06-00:00:00:00:00:0d, { DataRate: 45, SignalStrength: 16, AntiFragility: 57}, IQ: 43]
       [Network #13, Technology = Wifi, Address = 02-06-00:00:00:00:00:0f, { DataRate: 24, SignalStrength: 22, AntiFragility: 56}, IQ: 39]
       [Network #10, Technology = Wifi, Address = 02-06-00:00:00:00:00:0c, { DataRate: 19, SignalStrength: 92, AntiFragility: 20}, IQ: 37]
       [Network #1, Technology = Wifi, Address = 02-06-00:00:00:00:00:03, { DataRate: 1, SignalStrength: 43, AntiFragility: 35}, IQ: 28]
       [Network #16, Technology = Wifi, Address = 02-06-00:00:00:00:00:12, { DataRate: 27, SignalStrength: 18, AntiFragility: 28}, IQ: 25]
       [Network #0, Technology = Wifi, Address = 02-06-00:00:00:00:00:02, { DataRate: 62, SignalStrength: 15, AntiFragility: 8}, IQ: 23]
70s ExecutionModule:Run(): Decision time => Seconds: 0, Miliseconds: 232
70s ExecutionModule:Run(): Handover time => Seconds: 0, Miliseconds: 121
70s ExecutionModule:Run(): Event: Horizontal Handover.
70s DeviceModule:MoveRandom(): New position: (102, 100)
71s DeviceModule:MoveRandom(): New position: (103, 100)
72s DeviceModule:MoveRandom(): New position: (104, 100)
73s DeviceModule:MoveRandom(): New position: (104, 101)
74s DeviceModule:MoveRandom(): New position: (104, 100)
75s DeviceModule:MoveRandom(): New position: (103, 100)
76s DeviceModule:MoveRandom(): New position: (104, 100)
77s DeviceModule:MoveRandom(): New position: (103, 100)
78s DeviceModule:MoveRandom(): New position: (102, 100)
79s DeviceModule:MoveRandom(): New position: (101, 100)
80s DecisionModule:Run(): Run decision
80s DecisionModule:AnalyzingNetworks(): Current Network: 
       [Network #8, Technology = Wifi, Address = 02-06-00:00:00:00:00:0a, { DataRate: 66, SignalStrength: 55, AntiFragility: 92}, IQ: 76]
80s DecisionModule:ShowAllNetworks(): All detected networks:
       [Network #8, Technology = Wifi, Address = 02-06-00:00:00:00:00:0a, { DataRate: 66, SignalStrength: 55, AntiFragility: 92}, IQ: 76]
       [Network #0, Technology = Wifi, Address = 02-06-00:00:00:00:00:02, { DataRate: 89, SignalStrength: 57, AntiFragility: 60}, IQ: 66]
       [Network #2, Technology = Wifi, Address = 02-06-00:00:00:00:00:04, { DataRate: 40, SignalStrength: 24, AntiFragility: 94}, IQ: 63]
       [Network #1, Technology = Wifi, Address = 02-06-00:00:00:00:00:03, { DataRate: 37, SignalStrength: 64, AntiFragility: 62}, IQ: 56]
       [Network #7, Technology = Wifi, Address = 02-06-00:00:00:00:00:09, { DataRate: 40, SignalStrength: 18, AntiFragility: 73}, IQ: 51]
       [Network #14, Technology = Wifi, Address = 02-06-00:00:00:00:00:10, { DataRate: 48, SignalStrength: 8, AntiFragility: 66}, IQ: 47]
       [Network #11, Technology = Wifi, Address = 02-06-00:00:00:00:00:0d, { DataRate: 47, SignalStrength: 79, AntiFragility: 29}, IQ: 46]
       [Network #13, Technology = Wifi, Address = 02-06-00:00:00:00:00:0f, { DataRate: 78, SignalStrength: 71, AntiFragility: 16}, IQ: 45]
       [Network #16, Technology = Wifi, Address = 02-06-00:00:00:00:00:12, { DataRate: 92, SignalStrength: 65, AntiFragility: 4}, IQ: 41]
       [Network #15, Technology = Wifi, Address = 02-06-00:00:00:00:00:11, { DataRate: 84, SignalStrength: 31, AntiFragility: 13}, IQ: 35]
       [Network #5, Technology = Wifi, Address = 02-06-00:00:00:00:00:07, { DataRate: 42, SignalStrength: 97, AntiFragility: 1}, IQ: 35]
       [Network #6, Technology = Wifi, Address = 02-06-00:00:00:00:00:08, { DataRate: 3, SignalStrength: 52, AntiFragility: 40}, IQ: 33]
       [Network #10, Technology = Wifi, Address = 02-06-00:00:00:00:00:0c, { DataRate: 19, SignalStrength: 19, AntiFragility: 44}, IQ: 31]
80s DeviceModule:MoveRandom(): New position: (101, 101)
81s DeviceModule:MoveRandom(): New position: (101, 100)
82s DeviceModule:MoveRandom(): New position: (101, 99)
83s DeviceModule:MoveRandom(): New position: (101, 100)
84s DeviceModule:MoveRandom(): New position: (102, 100)
85s DeviceModule:MoveRandom(): New position: (102, 101)
86s DeviceModule:MoveRandom(): New position: (101, 101)
87s DeviceModule:MoveRandom(): New position: (101, 102)
88s DeviceModule:MoveRandom(): New position: (102, 102)
89s DeviceModule:MoveRandom(): New position: (101, 102)
90s DecisionModule:Run(): Run decision
90s DecisionModule:AnalyzingNetworks(): Current Network: 
       [Network #0, Technology = Wifi, Address = 02-06-00:00:00:00:00:02, { DataRate: 56, SignalStrength: 87, AntiFragility: 93}, IQ: 82]
90s DecisionModule:ShowAllNetworks(): All detected networks:
       [Network #0, Technology = Wifi, Address = 02-06-00:00:00:00:00:02, { DataRate: 56, SignalStrength: 87, AntiFragility: 93}, IQ: 82]
       [Network #1, Technology = Wifi, Address = 02-06-00:00:00:00:00:03, { DataRate: 17, SignalStrength: 89, AntiFragility: 99}, IQ: 76]
       [Network #5, Technology = Wifi, Address = 02-06-00:00:00:00:00:07, { DataRate: 62, SignalStrength: 85, AntiFragility: 62}, IQ: 67]
       [Network #7, Technology = Wifi, Address = 02-06-00:00:00:00:00:09, { DataRate: 36, SignalStrength: 93, AntiFragility: 65}, IQ: 64]
       [Network #16, Technology = Wifi, Address = 02-06-00:00:00:00:00:12, { DataRate: 56, SignalStrength: 4, AntiFragility: 95}, IQ: 62]
       [Network #10, Technology = Wifi, Address = 02-06-00:00:00:00:00:0c, { DataRate: 12, SignalStrength: 43, AntiFragility: 94}, IQ: 60]
       [Network #2, Technology = Wifi, Address = 02-06-00:00:00:00:00:04, { DataRate: 76, SignalStrength: 16, AntiFragility: 65}, IQ: 55]
       [Network #15, Technology = Wifi, Address = 02-06-00:00:00:00:00:11, { DataRate: 6, SignalStrength: 17, AntiFragility: 91}, IQ: 51]
       [Network #14, Technology = Wifi, Address = 02-06-00:00:00:00:00:10, { DataRate: 94, SignalStrength: 12, AntiFragility: 38}, IQ: 45]
       [Network #6, Technology = Wifi, Address = 02-06-00:00:00:00:00:08, { DataRate: 25, SignalStrength: 78, AntiFragility: 18}, IQ: 34]
       [Network #13, Technology = Wifi, Address = 02-06-00:00:00:00:00:0f, { DataRate: 30, SignalStrength: 4, AntiFragility: 42}, IQ: 29]
       [Network #8, Technology = Wifi, Address = 02-06-00:00:00:00:00:0a, { DataRate: 19, SignalStrength: 11, AntiFragility: 16}, IQ: 15]
       [Network #11, Technology = Wifi, Address = 02-06-00:00:00:00:00:0d, { DataRate: 6, SignalStrength: 37, AntiFragility: 5}, IQ: 13]
90s ExecutionModule:Run(): Decision time => Seconds: 0, Miliseconds: 232
90s ExecutionModule:Run(): Handover time => Seconds: 0, Miliseconds: 121
90s ExecutionModule:Run(): Event: Horizontal Handover.
90s DeviceModule:MoveRandom(): New position: (101, 103)
91s DeviceModule:MoveRandom(): New position: (100, 103)
92s DeviceModule:MoveRandom(): New position: (101, 103)
93s DeviceModule:MoveRandom(): New position: (101, 102)
94s DeviceModule:MoveRandom(): New position: (101, 103)
95s DeviceModule:MoveRandom(): New position: (101, 102)
96s DeviceModule:MoveRandom(): New position: (102, 102)
97s DeviceModule:MoveRandom(): New position: (102, 101)
98s DeviceModule:MoveRandom(): New position: (102, 102)
99s DeviceModule:MoveRandom(): New position: (103, 102)
100s DecisionModule:Run(): Run decision
100s DecisionModule:AnalyzingNetworks(): Current Network: 
       [Network #11, Technology = Wifi, Address = 02-06-00:00:00:00:00:0d, { DataRate: 11, SignalStrength: 50, AntiFragility: 79}, IQ: 54]
100s DecisionModule:ShowAllNetworks(): All detected networks:
       [Network #11, Technology = Wifi, Address = 02-06-00:00:00:00:00:0d, { DataRate: 11, SignalStrength: 50, AntiFragility: 79}, IQ: 54]
       [Network #15, Technology = Wifi, Address = 02-06-00:00:00:00:00:11, { DataRate: 29, SignalStrength: 33, AntiFragility: 75}, IQ: 53]
       [Network #0, Technology = Wifi, Address = 02-06-00:00:00:00:00:02, { DataRate: 16, SignalStrength: 88, AntiFragility: 55}, IQ: 53]
       [Network #7, Technology = Wifi, Address = 02-06-00:00:00:00:00:09, { DataRate: 99, SignalStrength: 22, AntiFragility: 30}, IQ: 45]
       [Network #6, Technology = Wifi, Address = 02-06-00:00:00:00:00:08, { DataRate: 65, SignalStrength: 22, AntiFragility: 38}, IQ: 40]
       [Network #8, Technology = Wifi, Address = 02-06-00:00:00:00:00:0a, { DataRate: 2, SignalStrength: 32, AntiFragility: 63}, IQ: 40]
       [Network #2, Technology = Wifi, Address = 02-06-00:00:00:00:00:04, { DataRate: 5, SignalStrength: 91, AntiFragility: 28}, IQ: 38]
       [Network #16, Technology = Wifi, Address = 02-06-00:00:00:00:00:12, { DataRate: 39, SignalStrength: 67, AntiFragility: 9}, IQ: 31]
       [Network #14, Technology = Wifi, Address = 02-06-00:00:00:00:00:10, { DataRate: 2, SignalStrength: 8, AntiFragility: 54}, IQ: 29]
       [Network #13, Technology = Wifi, Address = 02-06-00:00:00:00:00:0f, { DataRate: 14, SignalStrength: 78, AntiFragility: 7}, IQ: 26]
       [Network #10, Technology = Wifi, Address = 02-06-00:00:00:00:00:0c, { DataRate: 73, SignalStrength: 14, AntiFragility: 1}, IQ: 22]
       [Network #1, Technology = Wifi, Address = 02-06-00:00:00:00:00:03, { DataRate: 4, SignalStrength: 57, AntiFragility: 2}, IQ: 16]
       [Network #5, Technology = Wifi, Address = 02-06-00:00:00:00:00:07, { DataRate: 15, SignalStrength: 10, AntiFragility: 17}, IQ: 14]
100s ExecutionModule:Run(): Decision time => Seconds: 0, Miliseconds: 232
100s ExecutionModule:Run(): Handover time => Seconds: 0, Miliseconds: 121
100s ExecutionModule:Run(): Event: Horizontal Handover.
100s DeviceModule:MoveRandom(): New position: (104, 102)
101s DeviceModule:MoveRandom(): New position: (105, 102)
102s DeviceModule:MoveRandom(): New position: (105, 103)
103s DeviceModule:MoveRandom(): New position: (106, 103)
104s DeviceModule:MoveRandom(): New position: (107, 103)
105s DeviceModule:MoveRandom(): New position: (107, 102)
106s DeviceModule:MoveRandom(): New position: (106, 102)
107s DeviceModule:MoveRandom(): New position: (105, 102)
108s DeviceModule:MoveRandom(): New position: (104, 102)
109s DeviceModule:MoveRandom(): New position: (105, 102)
110s DecisionModule:Run(): Run decision
110s DecisionModule:AnalyzingNetworks(): Current Network: 
       [Network #10, Technology = Wifi, Address = 02-06-00:00:00:00:00:0c, { DataRate: 93, SignalStrength: 96, AntiFragility: 78}, IQ: 86]
110s DecisionModule:ShowAllNetworks(): All detected networks:
       [Network #10, Technology = Wifi, Address = 02-06-00:00:00:00:00:0c, { DataRate: 93, SignalStrength: 96, AntiFragility: 78}, IQ: 86]
       [Network #1, Technology = Wifi, Address = 02-06-00:00:00:00:00:03, { DataRate: 15, SignalStrength: 56, AntiFragility: 96}, IQ: 65]
       [Network #2, Technology = Wifi, Address = 02-06-00:00:00:00:00:04, { DataRate: 45, SignalStrength: 20, AntiFragility: 94}, IQ: 63]
       [Network #7, Technology = Wifi, Address = 02-06-00:00:00:00:00:09, { DataRate: 64, SignalStrength: 71, AntiFragility: 41}, IQ: 54]
       [Network #0, Technology = Wifi, Address = 02-06-00:00:00:00:00:02, { DataRate: 29, SignalStrength: 54, AntiFragility: 66}, IQ: 53]
       [Network #16, Technology = Wifi, Address = 02-06-00:00:00:00:00:12, { DataRate: 67, SignalStrength: 8, AntiFragility: 65}, IQ: 51]
       [Network #13, Technology = Wifi, Address = 02-06-00:00:00:00:00:0f, { DataRate: 59, SignalStrength: 60, AntiFragility: 42}, IQ: 50]
       [Network #11, Technology = Wifi, Address = 02-06-00:00:00:00:00:0d, { DataRate: 36, SignalStrength: 70, AntiFragility: 36}, IQ: 44]
       [Network #15, Technology = Wifi, Address = 02-06-00:00:00:00:00:11, { DataRate: 65, SignalStrength: 87, AntiFragility: 8}, IQ: 42]
       [Network #6, Technology = Wifi, Address = 02-06-00:00:00:00:00:08, { DataRate: 96, SignalStrength: 7, AntiFragility: 29}, IQ: 40]
       [Network #8, Technology = Wifi, Address = 02-06-00:00:00:00:00:0a, { DataRate: 60, SignalStrength: 57, AntiFragility: 13}, IQ: 35]
       [Network #14, Technology = Wifi, Address = 02-06-00:00:00:00:00:10, { DataRate: 25, SignalStrength: 79, AntiFragility: 13}, IQ: 32]
       [Network #5, Technology = Wifi, Address = 02-06-00:00:00:00:00:07, { DataRate: 2, SignalStrength: 22, AntiFragility: 25}, IQ: 18]
110s ExecutionModule:Run(): Decision time => Seconds: 0, Miliseconds: 253
110s ExecutionModule:Run(): Handover time => Seconds: 0, Miliseconds: 122
110s ExecutionModule:Run(): Event: Horizontal Handover.
110s DeviceModule:MoveRandom(): New position: (106, 102)
111s DeviceModule:MoveRandom(): New position: (105, 102)
112s DeviceModule:MoveRandom(): New position: (106, 102)
113s DeviceModule:MoveRandom(): New position: (107, 102)
114s DeviceModule:MoveRandom(): New position: (107, 101)
115s DeviceModule:MoveRandom(): New position: (107, 100)
116s DeviceModule:MoveRandom(): New position: (108, 100)
117s DeviceModule:MoveRandom(): New position: (107, 100)
118s DeviceModule:MoveRandom(): New position: (107, 99)
119s DeviceModule:MoveRandom(): New position: (107, 100)
120s DecisionModule:Run(): Run decision
120s DecisionModule:AnalyzingNetworks(): Current Network: 
       [Network #13, Technology = Wifi, Address = 02-06-00:00:00:00:00:0f, { DataRate: 87, SignalStrength: 40, AntiFragility: 97}, IQ: 80]
120s DecisionModule:ShowAllNetworks(): All detected networks:
       [Network #13, Technology = Wifi, Address = 02-06-00:00:00:00:00:0f, { DataRate: 87, SignalStrength: 40, AntiFragility: 97}, IQ: 80]
       [Network #2, Technology = Wifi, Address = 02-06-00:00:00:00:00:04, { DataRate: 52, SignalStrength: 79, AntiFragility: 94}, IQ: 79]
       [Network #10, Technology = Wifi, Address = 02-06-00:00:00:00:00:0c, { DataRate: 97, SignalStrength: 96, AntiFragility: 61}, IQ: 78]
       [Network #0, Technology = Wifi, Address = 02-06-00:00:00:00:00:02, { DataRate: 86, SignalStrength: 88, AntiFragility: 62}, IQ: 74]
       [Network #6, Technology = Wifi, Address = 02-06-00:00:00:00:00:08, { DataRate: 94, SignalStrength: 67, AntiFragility: 45}, IQ: 62]
       [Network #11, Technology = Wifi, Address = 02-06-00:00:00:00:00:0d, { DataRate: 15, SignalStrength: 83, AntiFragility: 72}, IQ: 60]
       [Network #8, Technology = Wifi, Address = 02-06-00:00:00:00:00:0a, { DataRate: 72, SignalStrength: 80, AntiFragility: 42}, IQ: 59]
       [Network #1, Technology = Wifi, Address = 02-06-00:00:00:00:00:03, { DataRate: 98, SignalStrength: 31, AntiFragility: 33}, IQ: 48]
       [Network #15, Technology = Wifi, Address = 02-06-00:00:00:00:00:11, { DataRate: 58, SignalStrength: 57, AntiFragility: 31}, IQ: 44]
       [Network #7, Technology = Wifi, Address = 02-06-00:00:00:00:00:09, { DataRate: 28, SignalStrength: 56, AntiFragility: 44}, IQ: 43]
       [Network #14, Technology = Wifi, Address = 02-06-00:00:00:00:00:10, { DataRate: 20, SignalStrength: 65, AntiFragility: 41}, IQ: 41]
       [Network #16, Technology = Wifi, Address = 02-06-00:00:00:00:00:12, { DataRate: 38, SignalStrength: 20, AntiFragility: 34}, IQ: 31]
       [Network #5, Technology = Wifi, Address = 02-06-00:00:00:00:00:07, { DataRate: 3, SignalStrength: 11, AntiFragility: 45}, IQ: 26]
120s ExecutionModule:Run(): Decision time => Seconds: 0, Miliseconds: 274
120s ExecutionModule:Run(): Handover time => Seconds: 0, Miliseconds: 122
120s ExecutionModule:Run(): Event: Horizontal Handover.
120s DeviceModule:MoveRandom(): New position: (107, 101)
121s DeviceModule:MoveRandom(): New position: (107, 102)
122s DeviceModule:MoveRandom(): New position: (107, 103)
123s DeviceModule:MoveRandom(): New position: (107, 104)
124s DeviceModule:MoveRandom(): New position: (107, 105)
125s DeviceModule:MoveRandom(): New position: (107, 106)
126s DeviceModule:MoveRandom(): New position: (107, 105)
127s DeviceModule:MoveRandom(): New position: (107, 104)
128s DeviceModule:MoveRandom(): New position: (108, 104)
129s DeviceModule:MoveRandom(): New position: (107, 104)
130s DecisionModule:Run(): Run decision
130s DecisionModule:AnalyzingNetworks(): Current Network: 
       [Network #8, Technology = Wifi, Address = 02-06-00:00:00:00:00:0a, { DataRate: 25, SignalStrength: 94, AntiFragility: 92}, IQ: 75]
130s DecisionModule:ShowAllNetworks(): All detected networks:
       [Network #8, Technology = Wifi, Address = 02-06-00:00:00:00:00:0a, { DataRate: 25, SignalStrength: 94, AntiFragility: 92}, IQ: 75]
       [Network #15, Technology = Wifi, Address = 02-06-00:00:00:00:00:11, { DataRate: 61, SignalStrength: 39, AntiFragility: 99}, IQ: 74]
       [Network #10, Technology = Wifi, Address = 02-06-00:00:00:00:00:0c, { DataRate: 3, SignalStrength: 93, AntiFragility: 88}, IQ: 68]
       [Network #14, Technology = Wifi, Address = 02-06-00:00:00:00:00:10, { DataRate: 31, SignalStrength: 69, AntiFragility: 82}, IQ: 66]
       [Network #16, Technology = Wifi, Address = 02-06-00:00:00:00:00:12, { DataRate: 31, SignalStrength: 83, AntiFragility: 63}, IQ: 60]
       [Network #1, Technology = Wifi, Address = 02-06-00:00:00:00:00:03, { DataRate: 39, SignalStrength: 56, AntiFragility: 69}, IQ: 58]
       [Network #0, Technology = Wifi, Address = 02-06-00:00:00:00:00:02, { DataRate: 88, SignalStrength: 38, AntiFragility: 44}, IQ: 53]
       [Network #13, Technology = Wifi, Address = 02-06-00:00:00:00:00:0f, { DataRate: 74, SignalStrength: 47, AntiFragility: 27}, IQ: 43]
       [Network #6, Technology = Wifi, Address = 02-06-00:00:00:00:00:08, { DataRate: 9, SignalStrength: 9, AntiFragility: 75}, IQ: 42]
       [Network #11, Technology = Wifi, Address = 02-06-00:00:00:00:00:0d, { DataRate: 54, SignalStrength: 94, AntiFragility: 5}, IQ: 39]
       [Network #5, Technology = Wifi, Address = 02-06-00:00:00:00:00:07, { DataRate: 74, SignalStrength: 23, AntiFragility: 18}, IQ: 33]
       [Network #2, Technology = Wifi, Address = 02-06-00:00:00:00:00:04, { DataRate: 29, SignalStrength: 43, AntiFragility: 14}, IQ: 25]
       [Network #7, Technology = Wifi, Address = 02-06-00:00:00:00:00:09, { DataRate: 1, SignalStrength: 41, AntiFragility: 7}, IQ: 14]
130s ExecutionModule:Run(): Decision time => Seconds: 0, Miliseconds: 235
130s ExecutionModule:Run(): Handover time => Seconds: 0, Miliseconds: 131
130s ExecutionModule:Run(): Event: Horizontal Handover.
130s DeviceModule:MoveRandom(): New position: (107, 103)
131s DeviceModule:MoveRandom(): New position: (107, 104)
132s DeviceModule:MoveRandom(): New position: (107, 105)
133s DeviceModule:MoveRandom(): New position: (108, 105)
134s DeviceModule:MoveRandom(): New position: (107, 105)
135s DeviceModule:MoveRandom(): New position: (108, 105)
136s DeviceModule:MoveRandom(): New position: (107, 105)
137s DeviceModule:MoveRandom(): New position: (107, 106)
138s DeviceModule:MoveRandom(): New position: (106, 106)
139s DeviceModule:MoveRandom(): New position: (106, 107)
140s DecisionModule:Run(): Run decision
140s DecisionModule:AnalyzingNetworks(): Current Network: 
       [Network #16, Technology = Wifi, Address = 02-06-00:00:00:00:00:12, { DataRate: 80, SignalStrength: 91, AntiFragility: 95}, IQ: 90]
140s DecisionModule:ShowAllNetworks(): All detected networks:
       [Network #16, Technology = Wifi, Address = 02-06-00:00:00:00:00:12, { DataRate: 80, SignalStrength: 91, AntiFragility: 95}, IQ: 90]
       [Network #15, Technology = Wifi, Address = 02-06-00:00:00:00:00:11, { DataRate: 85, SignalStrength: 32, AntiFragility: 78}, IQ: 68]
       [Network #14, Technology = Wifi, Address = 02-06-00:00:00:00:00:10, { DataRate: 63, SignalStrength: 45, AntiFragility: 78}, IQ: 66]
       [Network #7, Technology = Wifi, Address = 02-06-00:00:00:00:00:09, { DataRate: 59, SignalStrength: 75, AntiFragility: 58}, IQ: 62]
       [Network #8, Technology = Wifi, Address = 02-06-00:00:00:00:00:0a, { DataRate: 8, SignalStrength: 55, AntiFragility: 82}, IQ: 56]
       [Network #1, Technology = Wifi, Address = 02-06-00:00:00:00:00:03, { DataRate: 12, SignalStrength: 8, AntiFragility: 97}, IQ: 53]
       [Network #6, Technology = Wifi, Address = 02-06-00:00:00:00:00:08, { DataRate: 84, SignalStrength: 70, AntiFragility: 22}, IQ: 49]
       [Network #2, Technology = Wifi, Address = 02-06-00:00:00:00:00:04, { DataRate: 74, SignalStrength: 26, AntiFragility: 47}, IQ: 48]
       [Network #10, Technology = Wifi, Address = 02-06-00:00:00:00:00:0c, { DataRate: 11, SignalStrength: 52, AntiFragility: 49}, IQ: 40]
       [Network #5, Technology = Wifi, Address = 02-06-00:00:00:00:00:07, { DataRate: 19, SignalStrength: 96, AntiFragility: 10}, IQ: 33]
       [Network #13, Technology = Wifi, Address = 02-06-00:00:00:00:00:0f, { DataRate: 38, SignalStrength: 21, AntiFragility: 26}, IQ: 27]
       [Network #11, Technology = Wifi, Address = 02-06-00:00:00:00:00:0d, { DataRate: 41, SignalStrength: 62, AntiFragility: 1}, IQ: 26]
       [Network #0, Technology = Wifi, Address = 02-06-00:00:00:00:00:02, { DataRate: 29, SignalStrength: 36, AntiFragility: 7}, IQ: 19]
140s ExecutionModule:Run(): Decision time => Seconds: 0, Miliseconds: 252
140s ExecutionModule:Run(): Handover time => Seconds: 0, Miliseconds: 122
140s ExecutionModule:Run(): Event: Horizontal Handover.
140s DeviceModule:MoveRandom(): New position: (107, 107)
141s DeviceModule:MoveRandom(): New position: (107, 106)
142s DeviceModule:MoveRandom(): New position: (108, 106)
143s DeviceModule:MoveRandom(): New position: (108, 107)
144s DeviceModule:MoveRandom(): New position: (108, 106)
145s DeviceModule:MoveRandom(): New position: (108, 107)
146s DeviceModule:MoveRandom(): New position: (108, 108)
147s DeviceModule:MoveRandom(): New position: (108, 109)
148s DeviceModule:MoveRandom(): New position: (108, 108)
149s DeviceModule:MoveRandom(): New position: (109, 108)
150s DecisionModule:Run(): Run decision
150s DecisionModule:AnalyzingNetworks(): Current Network: 
       [Network #2, Technology = Wifi, Address = 02-06-00:00:00:00:00:04, { DataRate: 97, SignalStrength: 91, AntiFragility: 89}, IQ: 91]
150s DecisionModule:ShowAllNetworks(): All detected networks:
       [Network #2, Technology = Wifi, Address = 02-06-00:00:00:00:00:04, { DataRate: 97, SignalStrength: 91, AntiFragility: 89}, IQ: 91]
       [Network #16, Technology = Wifi, Address = 02-06-00:00:00:00:00:12, { DataRate: 46, SignalStrength: 62, AntiFragility: 95}, IQ: 74]
       [Network #6, Technology = Wifi, Address = 02-06-00:00:00:00:00:08, { DataRate: 95, SignalStrength: 71, AntiFragility: 52}, IQ: 67]
       [Network #13, Technology = Wifi, Address = 02-06-00:00:00:00:00:0f, { DataRate: 36, SignalStrength: 97, AntiFragility: 60}, IQ: 63]
       [Network #1, Technology = Wifi, Address = 02-06-00:00:00:00:00:03, { DataRate: 56, SignalStrength: 49, AntiFragility: 72}, IQ: 62]
       [Network #15, Technology = Wifi, Address = 02-06-00:00:00:00:00:11, { DataRate: 58, SignalStrength: 86, AntiFragility: 47}, IQ: 59]
       [Network #5, Technology = Wifi, Address = 02-06-00:00:00:00:00:07, { DataRate: 37, SignalStrength: 49, AntiFragility: 61}, IQ: 52]
       [Network #8, Technology = Wifi, Address = 02-06-00:00:00:00:00:0a, { DataRate: 19, SignalStrength: 74, AntiFragility: 47}, IQ: 46]
       [Network #11, Technology = Wifi, Address = 02-06-00:00:00:00:00:0d, { DataRate: 50, SignalStrength: 44, AntiFragility: 18}, IQ: 32]
       [Network #0, Technology = Wifi, Address = 02-06-00:00:00:00:00:02, { DataRate: 36, SignalStrength: 12, AntiFragility: 35}, IQ: 29]
       [Network #14, Technology = Wifi, Address = 02-06-00:00:00:00:00:10, { DataRate: 17, SignalStrength: 64, AntiFragility: 16}, IQ: 28]
       [Network #10, Technology = Wifi, Address = 02-06-00:00:00:00:00:0c, { DataRate: 8, SignalStrength: 3, AntiFragility: 48}, IQ: 26]
       [Network #7, Technology = Wifi, Address = 02-06-00:00:00:00:00:09, { DataRate: 14, SignalStrength: 38, AntiFragility: 13}, IQ: 19]
150s ExecutionModule:Run(): Decision time => Seconds: 0, Miliseconds: 257
150s ExecutionModule:Run(): Handover time => Seconds: 0, Miliseconds: 123
150s ExecutionModule:Run(): Event: Horizontal Handover.
150s DeviceModule:MoveRandom(): New position: (110, 108)
151s DeviceModule:MoveRandom(): New position: (111, 108)
152s DeviceModule:MoveRandom(): New position: (110, 108)
153s DeviceModule:MoveRandom(): New position: (109, 108)
154s DeviceModule:MoveRandom(): New position: (109, 107)
155s DeviceModule:MoveRandom(): New position: (109, 108)
156s DeviceModule:MoveRandom(): New position: (109, 109)
157s DeviceModule:MoveRandom(): New position: (108, 109)
158s DeviceModule:MoveRandom(): New position: (108, 110)
159s DeviceModule:MoveRandom(): New position: (108, 109)
160s DecisionModule:Run(): Run decision
160s DecisionModule:AnalyzingNetworks(): Current Network: 
       [Network #13, Technology = Wifi, Address = 02-06-00:00:00:00:00:0f, { DataRate: 95, SignalStrength: 31, AntiFragility: 85}, IQ: 74]
160s DecisionModule:ShowAllNetworks(): All detected networks:
       [Network #13, Technology = Wifi, Address = 02-06-00:00:00:00:00:0f, { DataRate: 95, SignalStrength: 31, AntiFragility: 85}, IQ: 74]
       [Network #16, Technology = Wifi, Address = 02-06-00:00:00:00:00:12, { DataRate: 57, SignalStrength: 94, AntiFragility: 52}, IQ: 63]
       [Network #10, Technology = Wifi, Address = 02-06-00:00:00:00:00:0c, { DataRate: 20, SignalStrength: 43, AntiFragility: 85}, IQ: 58]
       [Network #2, Technology = Wifi, Address = 02-06-00:00:00:00:00:04, { DataRate: 55, SignalStrength: 70, AntiFragility: 53}, IQ: 57]
       [Network #7, Technology = Wifi, Address = 02-06-00:00:00:00:00:09, { DataRate: 14, SignalStrength: 6, AntiFragility: 84}, IQ: 47]
       [Network #8, Technology = Wifi, Address = 02-06-00:00:00:00:00:0a, { DataRate: 63, SignalStrength: 75, AntiFragility: 10}, IQ: 39]
       [Network #15, Technology = Wifi, Address = 02-06-00:00:00:00:00:11, { DataRate: 10, SignalStrength: 54, AntiFragility: 43}, IQ: 37]
       [Network #14, Technology = Wifi, Address = 02-06-00:00:00:00:00:10, { DataRate: 50, SignalStrength: 39, AntiFragility: 27}, IQ: 35]
       [Network #0, Technology = Wifi, Address = 02-06-00:00:00:00:00:02, { DataRate: 65, SignalStrength: 34, AntiFragility: 20}, IQ: 34]
       [Network #5, Technology = Wifi, Address = 02-06-00:00:00:00:00:07, { DataRate: 73, SignalStrength: 22, AntiFragility: 19}, IQ: 33]
       [Network #6, Technology = Wifi, Address = 02-06-00:00:00:00:00:08, { DataRate: 47, SignalStrength: 40, AntiFragility: 11}, IQ: 27]
       [Network #1, Technology = Wifi, Address = 02-06-00:00:00:00:00:03, { DataRate: 88, SignalStrength: 7, AntiFragility: 6}, IQ: 26]
       [Network #11, Technology = Wifi, Address = 02-06-00:00:00:00:00:0d, { DataRate: 23, SignalStrength: 39, AntiFragility: 4}, IQ: 17]
160s ExecutionModule:Run(): Decision time => Seconds: 0, Miliseconds: 234
160s ExecutionModule:Run(): Handover time => Seconds: 0, Miliseconds: 121
160s ExecutionModule:Run(): Event: Horizontal Handover.
160s DeviceModule:MoveRandom(): New position: (109, 109)
161s DeviceModule:MoveRandom(): New position: (109, 108)
162s DeviceModule:MoveRandom(): New position: (110, 108)
163s DeviceModule:MoveRandom(): New position: (110, 107)
164s DeviceModule:MoveRandom(): New position: (110, 108)
165s DeviceModule:MoveRandom(): New position: (111, 108)
166s DeviceModule:MoveRandom(): New position: (112, 108)
167s DeviceModule:MoveRandom(): New position: (112, 107)
168s DeviceModule:MoveRandom(): New position: (112, 106)
169s DeviceModule:MoveRandom(): New position: (112, 105)
170s DecisionModule:Run(): Run decision
170s DecisionModule:AnalyzingNetworks(): Current Network: 
       [Network #15, Technology = Wifi, Address = 02-06-00:00:00:00:00:11, { DataRate: 83, SignalStrength: 65, AntiFragility: 79}, IQ: 76]
170s DecisionModule:ShowAllNetworks(): All detected networks:
       [Network #15, Technology = Wifi, Address = 02-06-00:00:00:00:00:11, { DataRate: 83, SignalStrength: 65, AntiFragility: 79}, IQ: 76]
       [Network #0, Technology = Wifi, Address = 02-06-00:00:00:00:00:02, { DataRate: 97, SignalStrength: 29, AntiFragility: 70}, IQ: 66]
       [Network #8, Technology = Wifi, Address = 02-06-00:00:00:00:00:0a, { DataRate: 23, SignalStrength: 95, AntiFragility: 69}, IQ: 64]
       [Network #14, Technology = Wifi, Address = 02-06-00:00:00:00:00:10, { DataRate: 28, SignalStrength: 77, AntiFragility: 62}, IQ: 57]
       [Network #6, Technology = Wifi, Address = 02-06-00:00:00:00:00:08, { DataRate: 48, SignalStrength: 48, AntiFragility: 66}, IQ: 57]
       [Network #5, Technology = Wifi, Address = 02-06-00:00:00:00:00:07, { DataRate: 42, SignalStrength: 49, AntiFragility: 62}, IQ: 53]
       [Network #2, Technology = Wifi, Address = 02-06-00:00:00:00:00:04, { DataRate: 20, SignalStrength: 68, AntiFragility: 59}, IQ: 51]
       [Network #13, Technology = Wifi, Address = 02-06-00:00:00:00:00:0f, { DataRate: 4, SignalStrength: 1, AntiFragility: 99}, IQ: 50]
       [Network #7, Technology = Wifi, Address = 02-06-00:00:00:00:00:09, { DataRate: 12, SignalStrength: 76, AntiFragility: 53}, IQ: 48]
       [Network #10, Technology = Wifi, Address = 02-06-00:00:00:00:00:0c, { DataRate: 16, SignalStrength: 42, AntiFragility: 55}, IQ: 42]
       [Network #11, Technology = Wifi, Address = 02-06-00:00:00:00:00:0d, { DataRate: 10, SignalStrength: 60, AntiFragility: 39}, IQ: 37]
       [Network #1, Technology = Wifi, Address = 02-06-00:00:00:00:00:03, { DataRate: 49, SignalStrength: 5, AntiFragility: 23}, IQ: 25]
       [Network #16, Technology = Wifi, Address = 02-06-00:00:00:00:00:12, { DataRate: 56, SignalStrength: 8, AntiFragility: 5}, IQ: 18]
170s ExecutionModule:Run(): Decision time => Seconds: 0, Miliseconds: 234
170s ExecutionModule:Run(): Handover time => Seconds: 0, Miliseconds: 123
170s ExecutionModule:Run(): Event: Horizontal Handover.
170s DeviceModule:MoveRandom(): New position: (113, 105)
171s DeviceModule:MoveRandom(): New position: (113, 104)
172s DeviceModule:MoveRandom(): New position: (112, 104)
173s DeviceModule:MoveRandom(): New position: (111, 104)
174s DeviceModule:MoveRandom(): New position: (111, 103)
175s DeviceModule:MoveRandom(): New position: (110, 103)
176s DeviceModule:MoveRandom(): New position: (109, 103)
177s DeviceModule:MoveRandom(): New position: (109, 104)
178s DeviceModule:MoveRandom(): New position: (110, 104)
179s DeviceModule:MoveRandom(): New position: (110, 105)
180s DecisionModule:Run(): Run decision
180s DecisionModule:AnalyzingNetworks(): Current Network: 
       [Network #1, Technology = Wifi, Address = 02-06-00:00:00:00:00:03, { DataRate: 44, SignalStrength: 81, AntiFragility: 75}, IQ: 68]
180s DecisionModule:ShowAllNetworks(): All detected networks:
       [Network #1, Technology = Wifi, Address = 02-06-00:00:00:00:00:03, { DataRate: 44, SignalStrength: 81, AntiFragility: 75}, IQ: 68]
       [Network #16, Technology = Wifi, Address = 02-06-00:00:00:00:00:12, { DataRate: 94, SignalStrength: 81, AntiFragility: 49}, IQ: 68]
       [Network #0, Technology = Wifi, Address = 02-06-00:00:00:00:00:02, { DataRate: 23, SignalStrength: 98, AntiFragility: 64}, IQ: 62]
       [Network #11, Technology = Wifi, Address = 02-06-00:00:00:00:00:0d, { DataRate: 74, SignalStrength: 65, AntiFragility: 52}, IQ: 60]
       [Network #2, Technology = Wifi, Address = 02-06-00:00:00:00:00:04, { DataRate: 17, SignalStrength: 37, AntiFragility: 92}, IQ: 59]
       [Network #7, Technology = Wifi, Address = 02-06-00:00:00:00:00:09, { DataRate: 6, SignalStrength: 9, AntiFragility: 97}, IQ: 52]
       [Network #14, Technology = Wifi, Address = 02-06-00:00:00:00:00:10, { DataRate: 18, SignalStrength: 39, AntiFragility: 48}, IQ: 38]
       [Network #13, Technology = Wifi, Address = 02-06-00:00:00:00:00:0f, { DataRate: 37, SignalStrength: 58, AntiFragility: 25}, IQ: 36]
       [Network #15, Technology = Wifi, Address = 02-06-00:00:00:00:00:11, { DataRate: 49, SignalStrength: 70, AntiFragility: 10}, IQ: 34]
       [Network #8, Technology = Wifi, Address = 02-06-00:00:00:00:00:0a, { DataRate: 21, SignalStrength: 3, AntiFragility: 48}, IQ: 30]
       [Network #5, Technology = Wifi, Address = 02-06-00:00:00:00:00:07, { DataRate: 27, SignalStrength: 4, AntiFragility: 29}, IQ: 22]
       [Network #6, Technology = Wifi, Address = 02-06-00:00:00:00:00:08, { DataRate: 23, SignalStrength: 46, AntiFragility: 2}, IQ: 18]
       [Network #10, Technology = Wifi, Address = 02-06-00:00:00:00:00:0c, { DataRate: 67, SignalStrength: 3, AntiFragility: 2}, IQ: 18]
180s ExecutionModule:Run(): Decision time => Seconds: 0, Miliseconds: 574
180s ExecutionModule:Run(): Handover time => Seconds: 0, Miliseconds: 203
180s ExecutionModule:Run(): Event: Horizontal Handover.
180s DeviceModule:MoveRandom(): New position: (110, 104)
181s DeviceModule:MoveRandom(): New position: (109, 104)
182s DeviceModule:MoveRandom(): New position: (109, 105)
183s DeviceModule:MoveRandom(): New position: (110, 105)
184s DeviceModule:MoveRandom(): New position: (110, 106)
185s DeviceModule:MoveRandom(): New position: (110, 107)
186s DeviceModule:MoveRandom(): New position: (110, 108)
187s DeviceModule:MoveRandom(): New position: (109, 108)
188s DeviceModule:MoveRandom(): New position: (110, 108)
189s DeviceModule:MoveRandom(): New position: (111, 108)
190s DecisionModule:Run(): Run decision
190s DecisionModule:AnalyzingNetworks(): Current Network: 
       [Network #7, Technology = Wifi, Address = 02-06-00:00:00:00:00:09, { DataRate: 77, SignalStrength: 76, AntiFragility: 96}, IQ: 86]
190s DecisionModule:ShowAllNetworks(): All detected networks:
       [Network #7, Technology = Wifi, Address = 02-06-00:00:00:00:00:09, { DataRate: 77, SignalStrength: 76, AntiFragility: 96}, IQ: 86]
       [Network #11, Technology = Wifi, Address = 02-06-00:00:00:00:00:0d, { DataRate: 54, SignalStrength: 86, AntiFragility: 63}, IQ: 66]
       [Network #8, Technology = Wifi, Address = 02-06-00:00:00:00:00:0a, { DataRate: 4, SignalStrength: 79, AntiFragility: 89}, IQ: 65]
       [Network #15, Technology = Wifi, Address = 02-06-00:00:00:00:00:11, { DataRate: 79, SignalStrength: 29, AntiFragility: 74}, IQ: 64]
       [Network #10, Technology = Wifi, Address = 02-06-00:00:00:00:00:0c, { DataRate: 67, SignalStrength: 25, AntiFragility: 81}, IQ: 63]
       [Network #6, Technology = Wifi, Address = 02-06-00:00:00:00:00:08, { DataRate: 76, SignalStrength: 71, AntiFragility: 47}, IQ: 60]
       [Network #1, Technology = Wifi, Address = 02-06-00:00:00:00:00:03, { DataRate: 66, SignalStrength: 21, AntiFragility: 74}, IQ: 58]
       [Network #16, Technology = Wifi, Address = 02-06-00:00:00:00:00:12, { DataRate: 40, SignalStrength: 39, AntiFragility: 65}, IQ: 52]
       [Network #13, Technology = Wifi, Address = 02-06-00:00:00:00:00:0f, { DataRate: 63, SignalStrength: 10, AntiFragility: 60}, IQ: 48]
       [Network #0, Technology = Wifi, Address = 02-06-00:00:00:00:00:02, { DataRate: 82, SignalStrength: 61, AntiFragility: 2}, IQ: 36]
       [Network #2, Technology = Wifi, Address = 02-06-00:00:00:00:00:04, { DataRate: 18, SignalStrength: 96, AntiFragility: 14}, IQ: 35]
       [Network #14, Technology = Wifi, Address = 02-06-00:00:00:00:00:10, { DataRate: 36, SignalStrength: 86, AntiFragility: 2}, IQ: 31]
       [Network #5, Technology = Wifi, Address = 02-06-00:00:00:00:00:07, { DataRate: 2, SignalStrength: 6, AntiFragility: 55}, IQ: 29]
190s ExecutionModule:Run(): Decision time => Seconds: 0, Miliseconds: 235
190s ExecutionModule:Run(): Handover time => Seconds: 0, Miliseconds: 121
190s ExecutionModule:Run(): Event: Horizontal Handover.
190s DeviceModule:MoveRandom(): New position: (110, 108)
191s DeviceModule:MoveRandom(): New position: (111, 108)
192s DeviceModule:MoveRandom(): New position: (112, 108)
193s DeviceModule:MoveRandom(): New position: (112, 107)
194s DeviceModule:MoveRandom(): New position: (113, 107)
195s DeviceModule:MoveRandom(): New position: (112, 107)
196s DeviceModule:MoveRandom(): New position: (112, 108)
197s DeviceModule:MoveRandom(): New position: (112, 107)
198s DeviceModule:MoveRandom(): New position: (112, 108)
199s DeviceModule:MoveRandom(): New position: (111, 108)
