Waf: Entering directory `/home/renan/Documents/NR2/ns-allinone-3.20/ns-3.20/build'
Waf: Leaving directory `/home/renan/Documents/NR2/ns-allinone-3.20/ns-3.20/build'
'build' finished successfully (1.807s)
0s NetworkModule:SetPosition(): Network 0 set position => (148, 186)
0s NetworkModule:SetRange(): Network 0 set range => 100
0s NetworkModule:SetPosition(): Network 1 set position => (4, 147)
0s NetworkModule:SetRange(): Network 1 set range => 100
0s NetworkModule:SetPosition(): Network 2 set position => (142, 138)
0s NetworkModule:SetRange(): Network 2 set range => 100
0s NetworkModule:SetPosition(): Network 3 set position => (74, 138)
0s NetworkModule:SetRange(): Network 3 set range => 100
0s NetworkModule:SetPosition(): Network 4 set position => (59, 167)
0s NetworkModule:SetRange(): Network 4 set range => 100
0s NetworkModule:SetPosition(): Network 5 set position => (176, 186)
0s NetworkModule:SetRange(): Network 5 set range => 100
0s NetworkModule:SetPosition(): Network 6 set position => (12, 6)
0s NetworkModule:SetRange(): Network 6 set range => 100
0s NetworkModule:SetPosition(): Network 7 set position => (29, 146)
0s NetworkModule:SetRange(): Network 7 set range => 100
0s NetworkModule:SetPosition(): Network 8 set position => (168, 12)
0s NetworkModule:SetRange(): Network 8 set range => 100
0s NetworkModule:SetPosition(): Network 9 set position => (59, 6)
0s NetworkModule:SetRange(): Network 9 set range => 100
0s NetworkModule:SetPosition(): Network 10 set position => (28, 197)
0s NetworkModule:SetRange(): Network 10 set range => 100
0s NetworkModule:SetPosition(): Network 11 set position => (31, 101)
0s NetworkModule:SetRange(): Network 11 set range => 100
0s NetworkModule:SetPosition(): Network 12 set position => (138, 32)
0s NetworkModule:SetRange(): Network 12 set range => 100
0s NetworkModule:SetPosition(): Network 13 set position => (145, 91)
0s NetworkModule:SetRange(): Network 13 set range => 100
0s NetworkModule:SetPosition(): Network 14 set position => (41, 159)
0s NetworkModule:SetRange(): Network 14 set range => 100
0s NetworkModule:SetPosition(): Network 15 set position => (145, 97)
0s NetworkModule:SetRange(): Network 15 set range => 100
0s NetworkModule:SetPosition(): Network 16 set position => (197, 189)
0s NetworkModule:SetRange(): Network 16 set range => 100
0s NetworkModule:SetPosition(): Network 17 set position => (80, 102)
0s NetworkModule:SetRange(): Network 17 set range => 100
0s NetworkModule:SetPosition(): Network 18 set position => (40, 139)
0s NetworkModule:SetRange(): Network 18 set range => 100
0s NetworkModule:SetPosition(): Network 19 set position => (106, 154)
0s NetworkModule:SetRange(): Network 19 set range => 100
0s DeviceModule:ConfigureMobility(): Device [init x = 100, init y = 100, max = 200, velocity = 1]
1s DeviceModule:MoveRandom(): New position: (99, 100)
1s DecisionModule:AddNetworkToList(): Network detected
1s DecisionModule:AddNetworkToList(): Network detected
1s DecisionModule:AddNetworkToList(): Network detected
1s DecisionModule:AddNetworkToList(): Network detected
1s DecisionModule:AddNetworkToList(): Network detected
1s DecisionModule:AddNetworkToList(): Network detected
1s DecisionModule:AddNetworkToList(): Network detected
1s DecisionModule:AddNetworkToList(): Network detected
1s DecisionModule:AddNetworkToList(): Network detected
1s DecisionModule:AddNetworkToList(): Network detected
1s DecisionModule:AddNetworkToList(): Network detected
1s DecisionModule:AddNetworkToList(): Network detected
1s DecisionModule:AddNetworkToList(): Network detected
2s DeviceModule:MoveRandom(): New position: (100, 100)
3s DeviceModule:MoveRandom(): New position: (101, 100)
4s DeviceModule:MoveRandom(): New position: (101, 101)
5s DeviceModule:MoveRandom(): New position: (102, 101)
6s DeviceModule:MoveRandom(): New position: (102, 100)
7s DeviceModule:MoveRandom(): New position: (103, 100)
8s DeviceModule:MoveRandom(): New position: (103, 99)
9s DeviceModule:MoveRandom(): New position: (104, 99)
10s DecisionModule:Run(): Run decision
10s DecisionModule:AnalyzingNetworks(): Current Network: 
       [Network #13, Technology = Wifi, Address = 02-06-00:00:00:00:00:0f, { DataRate: 62, SignalStrength: 63, AntiFragility: 74}, IQ: 68]
10s DecisionModule:ShowAllNetworks(): All detected networks:
       [Network #13, Technology = Wifi, Address = 02-06-00:00:00:00:00:0f, { DataRate: 62, SignalStrength: 63, AntiFragility: 74}, IQ: 68]
       [Network #18, Technology = Wimax, Address = 02-06-00:00:00:00:00:15, { DataRate: 53, SignalStrength: 34, AntiFragility: 91}, IQ: 67]
       [Network #17, Technology = Wifi, Address = 02-06-00:00:00:00:00:13, { DataRate: 79, SignalStrength: 74, AntiFragility: 56}, IQ: 66]
       [Network #12, Technology = Wifi, Address = 02-06-00:00:00:00:00:0e, { DataRate: 24, SignalStrength: 95, AntiFragility: 72}, IQ: 65]
       [Network #7, Technology = Wifi, Address = 02-06-00:00:00:00:00:09, { DataRate: 14, SignalStrength: 39, AntiFragility: 73}, IQ: 49]
       [Network #11, Technology = Wifi, Address = 02-06-00:00:00:00:00:0d, { DataRate: 31, SignalStrength: 83, AntiFragility: 42}, IQ: 49]
       [Network #3, Technology = Wifi, Address = 02-06-00:00:00:00:00:05, { DataRate: 12, SignalStrength: 66, AntiFragility: 56}, IQ: 47]
       [Network #0, Technology = Wifi, Address = 02-06-00:00:00:00:00:02, { DataRate: 32, SignalStrength: 22, AntiFragility: 59}, IQ: 43]
       [Network #19, Technology = Wimax, Address = 02-06-00:00:00:00:00:16, { DataRate: 58, SignalStrength: 91, AntiFragility: 3}, IQ: 38]
       [Network #2, Technology = Wifi, Address = 02-06-00:00:00:00:00:04, { DataRate: 83, SignalStrength: 5, AntiFragility: 8}, IQ: 26]
       [Network #14, Technology = Wifi, Address = 02-06-00:00:00:00:00:10, { DataRate: 14, SignalStrength: 54, AntiFragility: 16}, IQ: 25]
       [Network #15, Technology = Wifi, Address = 02-06-00:00:00:00:00:11, { DataRate: 26, SignalStrength: 14, AntiFragility: 24}, IQ: 22]
       [Network #4, Technology = Wifi, Address = 02-06-00:00:00:00:00:06, { DataRate: 30, SignalStrength: 26, AntiFragility: 17}, IQ: 22]
10s DeviceModule:MoveRandom(): New position: (104, 98)
11s DeviceModule:MoveRandom(): New position: (105, 98)
12s DeviceModule:MoveRandom(): New position: (105, 99)
13s DeviceModule:MoveRandom(): New position: (106, 99)
14s DeviceModule:MoveRandom(): New position: (106, 98)
15s DeviceModule:MoveRandom(): New position: (106, 97)
16s DeviceModule:MoveRandom(): New position: (106, 98)
17s DeviceModule:MoveRandom(): New position: (107, 98)
18s DeviceModule:MoveRandom(): New position: (107, 97)
19s DeviceModule:MoveRandom(): New position: (107, 98)
20s DecisionModule:Run(): Run decision
20s DecisionModule:AnalyzingNetworks(): Current Network: 
       [Network #18, Technology = Wimax, Address = 02-06-00:00:00:00:00:15, { DataRate: 72, SignalStrength: 86, AntiFragility: 95}, IQ: 87]
20s DecisionModule:ShowAllNetworks(): All detected networks:
       [Network #18, Technology = Wimax, Address = 02-06-00:00:00:00:00:15, { DataRate: 72, SignalStrength: 86, AntiFragility: 95}, IQ: 87]
       [Network #12, Technology = Wifi, Address = 02-06-00:00:00:00:00:0e, { DataRate: 91, SignalStrength: 93, AntiFragility: 82}, IQ: 87]
       [Network #11, Technology = Wifi, Address = 02-06-00:00:00:00:00:0d, { DataRate: 86, SignalStrength: 72, AntiFragility: 78}, IQ: 78]
       [Network #3, Technology = Wifi, Address = 02-06-00:00:00:00:00:05, { DataRate: 32, SignalStrength: 64, AntiFragility: 91}, IQ: 69]
       [Network #4, Technology = Wifi, Address = 02-06-00:00:00:00:00:06, { DataRate: 97, SignalStrength: 10, AntiFragility: 76}, IQ: 64]
       [Network #14, Technology = Wifi, Address = 02-06-00:00:00:00:00:10, { DataRate: 56, SignalStrength: 33, AntiFragility: 75}, IQ: 59]
       [Network #17, Technology = Wifi, Address = 02-06-00:00:00:00:00:13, { DataRate: 77, SignalStrength: 48, AntiFragility: 30}, IQ: 46]
       [Network #19, Technology = Wimax, Address = 02-06-00:00:00:00:00:16, { DataRate: 70, SignalStrength: 69, AntiFragility: 21}, IQ: 45]
       [Network #15, Technology = Wifi, Address = 02-06-00:00:00:00:00:11, { DataRate: 11, SignalStrength: 28, AntiFragility: 47}, IQ: 33]
       [Network #13, Technology = Wifi, Address = 02-06-00:00:00:00:00:0f, { DataRate: 95, SignalStrength: 3, AntiFragility: 13}, IQ: 31]
       [Network #7, Technology = Wifi, Address = 02-06-00:00:00:00:00:09, { DataRate: 16, SignalStrength: 21, AntiFragility: 45}, IQ: 31]
       [Network #2, Technology = Wifi, Address = 02-06-00:00:00:00:00:04, { DataRate: 48, SignalStrength: 19, AntiFragility: 27}, IQ: 30]
       [Network #0, Technology = Wifi, Address = 02-06-00:00:00:00:00:02, { DataRate: 45, SignalStrength: 7, AntiFragility: 29}, IQ: 27]
20s ExecutionModule:Run(): Decision time => Seconds: 0, Miliseconds: 250
20s ExecutionModule:Run(): Handover time => Seconds: 0, Miliseconds: 275
20s ExecutionModule:Run(): Event: Vertical Handover.
20s DeviceModule:MoveRandom(): New position: (107, 97)
21s DeviceModule:MoveRandom(): New position: (106, 97)
22s DeviceModule:MoveRandom(): New position: (105, 97)
23s DeviceModule:MoveRandom(): New position: (104, 97)
24s DeviceModule:MoveRandom(): New position: (104, 96)
24s DecisionModule:AddNetworkToList(): Network detected
25s DeviceModule:MoveRandom(): New position: (104, 95)
25s DecisionModule:RemoveNetworkFromList(): Network: 0 out of range!
26s DeviceModule:MoveRandom(): New position: (104, 94)
27s DeviceModule:MoveRandom(): New position: (104, 93)
28s DeviceModule:MoveRandom(): New position: (104, 94)
29s DeviceModule:MoveRandom(): New position: (104, 93)
30s DecisionModule:Run(): Run decision
30s DecisionModule:AnalyzingNetworks(): Current Network: 
       [Network #7, Technology = Wifi, Address = 02-06-00:00:00:00:00:09, { DataRate: 66, SignalStrength: 94, AntiFragility: 76}, IQ: 78]
30s DecisionModule:ShowAllNetworks(): All detected networks:
       [Network #7, Technology = Wifi, Address = 02-06-00:00:00:00:00:09, { DataRate: 66, SignalStrength: 94, AntiFragility: 76}, IQ: 78]
       [Network #17, Technology = Wifi, Address = 02-06-00:00:00:00:00:13, { DataRate: 85, SignalStrength: 13, AntiFragility: 99}, IQ: 74]
       [Network #15, Technology = Wifi, Address = 02-06-00:00:00:00:00:11, { DataRate: 92, SignalStrength: 33, AntiFragility: 77}, IQ: 69]
       [Network #4, Technology = Wifi, Address = 02-06-00:00:00:00:00:06, { DataRate: 74, SignalStrength: 55, AntiFragility: 54}, IQ: 59]
       [Network #12, Technology = Wifi, Address = 02-06-00:00:00:00:00:0e, { DataRate: 38, SignalStrength: 39, AntiFragility: 57}, IQ: 47]
       [Network #11, Technology = Wifi, Address = 02-06-00:00:00:00:00:0d, { DataRate: 67, SignalStrength: 69, AntiFragility: 22}, IQ: 45]
       [Network #3, Technology = Wifi, Address = 02-06-00:00:00:00:00:05, { DataRate: 29, SignalStrength: 47, AntiFragility: 51}, IQ: 44]
       [Network #18, Technology = Wimax, Address = 02-06-00:00:00:00:00:15, { DataRate: 42, SignalStrength: 46, AntiFragility: 34}, IQ: 39]
       [Network #2, Technology = Wifi, Address = 02-06-00:00:00:00:00:04, { DataRate: 13, SignalStrength: 3, AntiFragility: 66}, IQ: 37]
       [Network #14, Technology = Wifi, Address = 02-06-00:00:00:00:00:10, { DataRate: 21, SignalStrength: 67, AntiFragility: 20}, IQ: 32]
       [Network #19, Technology = Wimax, Address = 02-06-00:00:00:00:00:16, { DataRate: 39, SignalStrength: 83, AntiFragility: 2}, IQ: 31]
       [Network #13, Technology = Wifi, Address = 02-06-00:00:00:00:00:0f, { DataRate: 13, SignalStrength: 8, AntiFragility: 33}, IQ: 21]
       [Network #9, Technology = Wifi, Address = 02-06-00:00:00:00:00:0b, { DataRate: 25, SignalStrength: 28, AntiFragility: 15}, IQ: 20]
30s ExecutionModule:Run(): Decision time => Seconds: 0, Miliseconds: 233
30s ExecutionModule:Run(): Handover time => Seconds: 0, Miliseconds: 44
30s ExecutionModule:Run(): Event: Vertical Handover.
30s DeviceModule:MoveRandom(): New position: (103, 93)
31s DeviceModule:MoveRandom(): New position: (102, 93)
32s DeviceModule:MoveRandom(): New position: (101, 93)
33s DeviceModule:MoveRandom(): New position: (100, 93)
34s DeviceModule:MoveRandom(): New position: (101, 93)
35s DeviceModule:MoveRandom(): New position: (101, 94)
36s DeviceModule:MoveRandom(): New position: (102, 94)
37s DeviceModule:MoveRandom(): New position: (102, 93)
38s DeviceModule:MoveRandom(): New position: (102, 92)
39s DeviceModule:MoveRandom(): New position: (102, 93)
40s DecisionModule:Run(): Run decision
40s DecisionModule:AnalyzingNetworks(): Current Network: 
       [Network #7, Technology = Wifi, Address = 02-06-00:00:00:00:00:09, { DataRate: 83, SignalStrength: 98, AntiFragility: 76}, IQ: 83]
40s DecisionModule:ShowAllNetworks(): All detected networks:
       [Network #7, Technology = Wifi, Address = 02-06-00:00:00:00:00:09, { DataRate: 83, SignalStrength: 98, AntiFragility: 76}, IQ: 83]
       [Network #19, Technology = Wimax, Address = 02-06-00:00:00:00:00:16, { DataRate: 62, SignalStrength: 78, AntiFragility: 94}, IQ: 82]
       [Network #17, Technology = Wifi, Address = 02-06-00:00:00:00:00:13, { DataRate: 75, SignalStrength: 83, AntiFragility: 71}, IQ: 75]
       [Network #9, Technology = Wifi, Address = 02-06-00:00:00:00:00:0b, { DataRate: 95, SignalStrength: 86, AntiFragility: 47}, IQ: 68]
       [Network #4, Technology = Wifi, Address = 02-06-00:00:00:00:00:06, { DataRate: 76, SignalStrength: 56, AntiFragility: 68}, IQ: 67]
       [Network #14, Technology = Wifi, Address = 02-06-00:00:00:00:00:10, { DataRate: 86, SignalStrength: 49, AntiFragility: 59}, IQ: 63]
       [Network #15, Technology = Wifi, Address = 02-06-00:00:00:00:00:11, { DataRate: 26, SignalStrength: 26, AntiFragility: 85}, IQ: 55]
       [Network #12, Technology = Wifi, Address = 02-06-00:00:00:00:00:0e, { DataRate: 72, SignalStrength: 55, AntiFragility: 40}, IQ: 51]
       [Network #3, Technology = Wifi, Address = 02-06-00:00:00:00:00:05, { DataRate: 26, SignalStrength: 39, AntiFragility: 59}, IQ: 45]
       [Network #18, Technology = Wimax, Address = 02-06-00:00:00:00:00:15, { DataRate: 18, SignalStrength: 15, AntiFragility: 56}, IQ: 36]
       [Network #2, Technology = Wifi, Address = 02-06-00:00:00:00:00:04, { DataRate: 15, SignalStrength: 86, AntiFragility: 16}, IQ: 33]
       [Network #13, Technology = Wifi, Address = 02-06-00:00:00:00:00:0f, { DataRate: 60, SignalStrength: 1, AntiFragility: 21}, IQ: 25]
       [Network #11, Technology = Wifi, Address = 02-06-00:00:00:00:00:0d, { DataRate: 15, SignalStrength: 20, AntiFragility: 11}, IQ: 14]
40s DeviceModule:MoveRandom(): New position: (102, 94)
41s DeviceModule:MoveRandom(): New position: (102, 95)
42s DeviceModule:MoveRandom(): New position: (102, 96)
43s DeviceModule:MoveRandom(): New position: (101, 96)
44s DeviceModule:MoveRandom(): New position: (100, 96)
45s DeviceModule:MoveRandom(): New position: (100, 95)
46s DeviceModule:MoveRandom(): New position: (100, 94)
47s DeviceModule:MoveRandom(): New position: (100, 93)
48s DeviceModule:MoveRandom(): New position: (100, 94)
49s DeviceModule:MoveRandom(): New position: (100, 95)
50s DecisionModule:Run(): Run decision
50s DecisionModule:AnalyzingNetworks(): Current Network: 
       [Network #13, Technology = Wifi, Address = 02-06-00:00:00:00:00:0f, { DataRate: 89, SignalStrength: 68, AntiFragility: 88}, IQ: 83]
50s DecisionModule:ShowAllNetworks(): All detected networks:
       [Network #13, Technology = Wifi, Address = 02-06-00:00:00:00:00:0f, { DataRate: 89, SignalStrength: 68, AntiFragility: 88}, IQ: 83]
       [Network #18, Technology = Wimax, Address = 02-06-00:00:00:00:00:15, { DataRate: 91, SignalStrength: 42, AntiFragility: 96}, IQ: 81]
       [Network #7, Technology = Wifi, Address = 02-06-00:00:00:00:00:09, { DataRate: 95, SignalStrength: 76, AntiFragility: 27}, IQ: 56]
       [Network #19, Technology = Wimax, Address = 02-06-00:00:00:00:00:16, { DataRate: 44, SignalStrength: 67, AntiFragility: 47}, IQ: 51]
       [Network #15, Technology = Wifi, Address = 02-06-00:00:00:00:00:11, { DataRate: 81, SignalStrength: 5, AntiFragility: 50}, IQ: 46]
       [Network #12, Technology = Wifi, Address = 02-06-00:00:00:00:00:0e, { DataRate: 34, SignalStrength: 4, AntiFragility: 73}, IQ: 46]
       [Network #4, Technology = Wifi, Address = 02-06-00:00:00:00:00:06, { DataRate: 34, SignalStrength: 16, AntiFragility: 65}, IQ: 45]
       [Network #11, Technology = Wifi, Address = 02-06-00:00:00:00:00:0d, { DataRate: 9, SignalStrength: 22, AntiFragility: 75}, IQ: 45]
       [Network #17, Technology = Wifi, Address = 02-06-00:00:00:00:00:13, { DataRate: 87, SignalStrength: 58, AntiFragility: 2}, IQ: 37]
       [Network #9, Technology = Wifi, Address = 02-06-00:00:00:00:00:0b, { DataRate: 62, SignalStrength: 27, AntiFragility: 29}, IQ: 36]
       [Network #3, Technology = Wifi, Address = 02-06-00:00:00:00:00:05, { DataRate: 36, SignalStrength: 70, AntiFragility: 19}, IQ: 36]
       [Network #14, Technology = Wifi, Address = 02-06-00:00:00:00:00:10, { DataRate: 24, SignalStrength: 80, AntiFragility: 17}, IQ: 34]
       [Network #2, Technology = Wifi, Address = 02-06-00:00:00:00:00:04, { DataRate: 13, SignalStrength: 21, AntiFragility: 43}, IQ: 30]
50s ExecutionModule:Run(): Decision time => Seconds: 0, Miliseconds: 252
50s ExecutionModule:Run(): Handover time => Seconds: 0, Miliseconds: 123
50s ExecutionModule:Run(): Event: Horizontal Handover.
50s DeviceModule:MoveRandom(): New position: (101, 95)
51s DeviceModule:MoveRandom(): New position: (102, 95)
52s DeviceModule:MoveRandom(): New position: (103, 95)
53s DeviceModule:MoveRandom(): New position: (102, 95)
54s DeviceModule:MoveRandom(): New position: (103, 95)
55s DeviceModule:MoveRandom(): New position: (103, 96)
55s DecisionModule:AddNetworkToList(): Network detected
56s DeviceModule:MoveRandom(): New position: (102, 96)
56s DecisionModule:RemoveNetworkFromList(): Network: 0 out of range!
57s DeviceModule:MoveRandom(): New position: (103, 96)
57s DecisionModule:AddNetworkToList(): Network detected
58s DeviceModule:MoveRandom(): New position: (103, 95)
58s DecisionModule:RemoveNetworkFromList(): Network: 0 out of range!
59s DeviceModule:MoveRandom(): New position: (103, 96)
59s DecisionModule:AddNetworkToList(): Network detected
60s DecisionModule:Run(): Run decision
60s DecisionModule:AnalyzingNetworks(): Current Network: 
       [Network #4, Technology = Wifi, Address = 02-06-00:00:00:00:00:06, { DataRate: 26, SignalStrength: 86, AntiFragility: 97}, IQ: 76]
60s DecisionModule:ShowAllNetworks(): All detected networks:
       [Network #4, Technology = Wifi, Address = 02-06-00:00:00:00:00:06, { DataRate: 26, SignalStrength: 86, AntiFragility: 97}, IQ: 76]
       [Network #15, Technology = Wifi, Address = 02-06-00:00:00:00:00:11, { DataRate: 37, SignalStrength: 58, AntiFragility: 93}, IQ: 70]
       [Network #13, Technology = Wifi, Address = 02-06-00:00:00:00:00:0f, { DataRate: 88, SignalStrength: 87, AntiFragility: 45}, IQ: 66]
       [Network #2, Technology = Wifi, Address = 02-06-00:00:00:00:00:04, { DataRate: 73, SignalStrength: 40, AntiFragility: 73}, IQ: 64]
       [Network #19, Technology = Wimax, Address = 02-06-00:00:00:00:00:16, { DataRate: 58, SignalStrength: 63, AntiFragility: 57}, IQ: 58]
       [Network #7, Technology = Wifi, Address = 02-06-00:00:00:00:00:09, { DataRate: 52, SignalStrength: 84, AntiFragility: 42}, IQ: 55]
       [Network #0, Technology = Wifi, Address = 02-06-00:00:00:00:00:02, { DataRate: 32, SignalStrength: 3, AntiFragility: 83}, IQ: 50]
       [Network #17, Technology = Wifi, Address = 02-06-00:00:00:00:00:13, { DataRate: 20, SignalStrength: 68, AntiFragility: 55}, IQ: 49]
       [Network #18, Technology = Wimax, Address = 02-06-00:00:00:00:00:15, { DataRate: 70, SignalStrength: 78, AntiFragility: 19}, IQ: 46]
       [Network #11, Technology = Wifi, Address = 02-06-00:00:00:00:00:0d, { DataRate: 54, SignalStrength: 9, AntiFragility: 59}, IQ: 45]
       [Network #12, Technology = Wifi, Address = 02-06-00:00:00:00:00:0e, { DataRate: 6, SignalStrength: 92, AntiFragility: 41}, IQ: 45]
       [Network #14, Technology = Wifi, Address = 02-06-00:00:00:00:00:10, { DataRate: 69, SignalStrength: 4, AntiFragility: 31}, IQ: 33]
       [Network #9, Technology = Wifi, Address = 02-06-00:00:00:00:00:0b, { DataRate: 59, SignalStrength: 38, AntiFragility: 15}, IQ: 31]
       [Network #3, Technology = Wifi, Address = 02-06-00:00:00:00:00:05, { DataRate: 47, SignalStrength: 26, AntiFragility: 12}, IQ: 24]
60s ExecutionModule:Run(): Decision time => Seconds: 0, Miliseconds: 260
60s ExecutionModule:Run(): Handover time => Seconds: 0, Miliseconds: 124
60s ExecutionModule:Run(): Event: Horizontal Handover.
60s DeviceModule:MoveRandom(): New position: (102, 96)
60s DecisionModule:RemoveNetworkFromList(): Network: 0 out of range!
61s DeviceModule:MoveRandom(): New position: (103, 96)
61s DecisionModule:AddNetworkToList(): Network detected
62s DeviceModule:MoveRandom(): New position: (103, 97)
62s DecisionModule:RemoveNetworkFromList(): Network: 9 out of range!
63s DeviceModule:MoveRandom(): New position: (102, 97)
63s DecisionModule:AddNetworkToList(): Network detected
64s DeviceModule:MoveRandom(): New position: (102, 98)
64s DecisionModule:RemoveNetworkFromList(): Network: 9 out of range!
65s DeviceModule:MoveRandom(): New position: (102, 97)
65s DecisionModule:AddNetworkToList(): Network detected
66s DeviceModule:MoveRandom(): New position: (103, 97)
66s DecisionModule:RemoveNetworkFromList(): Network: 9 out of range!
67s DeviceModule:MoveRandom(): New position: (103, 98)
68s DeviceModule:MoveRandom(): New position: (103, 99)
69s DeviceModule:MoveRandom(): New position: (103, 98)
70s DecisionModule:Run(): Run decision
70s DecisionModule:AnalyzingNetworks(): Current Network: 
       [Network #3, Technology = Wifi, Address = 02-06-00:00:00:00:00:05, { DataRate: 79, SignalStrength: 77, AntiFragility: 80}, IQ: 79]
70s DecisionModule:ShowAllNetworks(): All detected networks:
       [Network #3, Technology = Wifi, Address = 02-06-00:00:00:00:00:05, { DataRate: 79, SignalStrength: 77, AntiFragility: 80}, IQ: 79]
       [Network #17, Technology = Wifi, Address = 02-06-00:00:00:00:00:13, { DataRate: 14, SignalStrength: 93, AntiFragility: 67}, IQ: 60]
       [Network #15, Technology = Wifi, Address = 02-06-00:00:00:00:00:11, { DataRate: 20, SignalStrength: 49, AntiFragility: 81}, IQ: 57]
       [Network #0, Technology = Wifi, Address = 02-06-00:00:00:00:00:02, { DataRate: 25, SignalStrength: 32, AntiFragility: 86}, IQ: 57]
       [Network #7, Technology = Wifi, Address = 02-06-00:00:00:00:00:09, { DataRate: 44, SignalStrength: 77, AntiFragility: 24}, IQ: 42]
       [Network #12, Technology = Wifi, Address = 02-06-00:00:00:00:00:0e, { DataRate: 3, SignalStrength: 68, AntiFragility: 50}, IQ: 42]
       [Network #2, Technology = Wifi, Address = 02-06-00:00:00:00:00:04, { DataRate: 19, SignalStrength: 26, AntiFragility: 62}, IQ: 42]
       [Network #4, Technology = Wifi, Address = 02-06-00:00:00:00:00:06, { DataRate: 41, SignalStrength: 20, AntiFragility: 49}, IQ: 39]
       [Network #11, Technology = Wifi, Address = 02-06-00:00:00:00:00:0d, { DataRate: 60, SignalStrength: 67, AntiFragility: 8}, IQ: 35]
       [Network #13, Technology = Wifi, Address = 02-06-00:00:00:00:00:0f, { DataRate: 63, SignalStrength: 18, AntiFragility: 31}, IQ: 35]
       [Network #19, Technology = Wimax, Address = 02-06-00:00:00:00:00:16, { DataRate: 52, SignalStrength: 52, AntiFragility: 11}, IQ: 31]
       [Network #14, Technology = Wifi, Address = 02-06-00:00:00:00:00:10, { DataRate: 23, SignalStrength: 1, AntiFragility: 22}, IQ: 17]
       [Network #18, Technology = Wimax, Address = 02-06-00:00:00:00:00:15, { DataRate: 1, SignalStrength: 6, AntiFragility: 3}, IQ: 3]
70s ExecutionModule:Run(): Decision time => Seconds: 0, Miliseconds: 238
70s ExecutionModule:Run(): Handover time => Seconds: 0, Miliseconds: 123
70s ExecutionModule:Run(): Event: Horizontal Handover.
70s DeviceModule:MoveRandom(): New position: (103, 97)
71s DeviceModule:MoveRandom(): New position: (103, 96)
71s DecisionModule:AddNetworkToList(): Network detected
72s DeviceModule:MoveRandom(): New position: (104, 96)
73s DeviceModule:MoveRandom(): New position: (104, 95)
73s DecisionModule:RemoveNetworkFromList(): Network: 0 out of range!
74s DeviceModule:MoveRandom(): New position: (104, 94)
75s DeviceModule:MoveRandom(): New position: (104, 93)
76s DeviceModule:MoveRandom(): New position: (104, 94)
77s DeviceModule:MoveRandom(): New position: (103, 94)
78s DeviceModule:MoveRandom(): New position: (102, 94)
79s DeviceModule:MoveRandom(): New position: (102, 93)
80s DecisionModule:Run(): Run decision
80s DecisionModule:AnalyzingNetworks(): Current Network: 
       [Network #9, Technology = Wifi, Address = 02-06-00:00:00:00:00:0b, { DataRate: 33, SignalStrength: 42, AntiFragility: 99}, IQ: 68]
80s DecisionModule:ShowAllNetworks(): All detected networks:
       [Network #9, Technology = Wifi, Address = 02-06-00:00:00:00:00:0b, { DataRate: 33, SignalStrength: 42, AntiFragility: 99}, IQ: 68]
       [Network #13, Technology = Wifi, Address = 02-06-00:00:00:00:00:0f, { DataRate: 44, SignalStrength: 77, AntiFragility: 75}, IQ: 67]
       [Network #15, Technology = Wifi, Address = 02-06-00:00:00:00:00:11, { DataRate: 44, SignalStrength: 29, AntiFragility: 67}, IQ: 51]
       [Network #14, Technology = Wifi, Address = 02-06-00:00:00:00:00:10, { DataRate: 62, SignalStrength: 88, AntiFragility: 23}, IQ: 49]
       [Network #2, Technology = Wifi, Address = 02-06-00:00:00:00:00:04, { DataRate: 65, SignalStrength: 41, AntiFragility: 37}, IQ: 45]
       [Network #7, Technology = Wifi, Address = 02-06-00:00:00:00:00:09, { DataRate: 90, SignalStrength: 34, AntiFragility: 24}, IQ: 43]
       [Network #19, Technology = Wimax, Address = 02-06-00:00:00:00:00:16, { DataRate: 68, SignalStrength: 32, AntiFragility: 30}, IQ: 40]
       [Network #11, Technology = Wifi, Address = 02-06-00:00:00:00:00:0d, { DataRate: 11, SignalStrength: 35, AntiFragility: 53}, IQ: 38]
       [Network #18, Technology = Wimax, Address = 02-06-00:00:00:00:00:15, { DataRate: 60, SignalStrength: 55, AntiFragility: 20}, IQ: 38]
       [Network #17, Technology = Wifi, Address = 02-06-00:00:00:00:00:13, { DataRate: 93, SignalStrength: 45, AntiFragility: 4}, IQ: 36]
       [Network #12, Technology = Wifi, Address = 02-06-00:00:00:00:00:0e, { DataRate: 29, SignalStrength: 82, AntiFragility: 18}, IQ: 36]
       [Network #4, Technology = Wifi, Address = 02-06-00:00:00:00:00:06, { DataRate: 15, SignalStrength: 40, AntiFragility: 25}, IQ: 26]
       [Network #3, Technology = Wifi, Address = 02-06-00:00:00:00:00:05, { DataRate: 54, SignalStrength: 42, AntiFragility: 2}, IQ: 25]
80s ExecutionModule:Run(): Decision time => Seconds: 0, Miliseconds: 234
80s ExecutionModule:Run(): Handover time => Seconds: 0, Miliseconds: 124
80s ExecutionModule:Run(): Event: Horizontal Handover.
80s DeviceModule:MoveRandom(): New position: (102, 92)
81s DeviceModule:MoveRandom(): New position: (102, 93)
82s DeviceModule:MoveRandom(): New position: (102, 94)
83s DeviceModule:MoveRandom(): New position: (103, 94)
84s DeviceModule:MoveRandom(): New position: (103, 93)
85s DeviceModule:MoveRandom(): New position: (102, 93)
86s DeviceModule:MoveRandom(): New position: (102, 92)
87s DeviceModule:MoveRandom(): New position: (102, 93)
88s DeviceModule:MoveRandom(): New position: (101, 93)
89s DeviceModule:MoveRandom(): New position: (100, 93)
90s DecisionModule:Run(): Run decision
90s DecisionModule:AnalyzingNetworks(): Current Network: 
       [Network #3, Technology = Wifi, Address = 02-06-00:00:00:00:00:05, { DataRate: 88, SignalStrength: 94, AntiFragility: 62}, IQ: 76]
90s DecisionModule:ShowAllNetworks(): All detected networks:
       [Network #3, Technology = Wifi, Address = 02-06-00:00:00:00:00:05, { DataRate: 88, SignalStrength: 94, AntiFragility: 62}, IQ: 76]
       [Network #13, Technology = Wifi, Address = 02-06-00:00:00:00:00:0f, { DataRate: 79, SignalStrength: 91, AntiFragility: 39}, IQ: 62]
       [Network #2, Technology = Wifi, Address = 02-06-00:00:00:00:00:04, { DataRate: 41, SignalStrength: 79, AntiFragility: 55}, IQ: 57]
       [Network #19, Technology = Wimax, Address = 02-06-00:00:00:00:00:16, { DataRate: 4, SignalStrength: 65, AntiFragility: 69}, IQ: 51]
       [Network #11, Technology = Wifi, Address = 02-06-00:00:00:00:00:0d, { DataRate: 97, SignalStrength: 46, AntiFragility: 18}, IQ: 44]
       [Network #15, Technology = Wifi, Address = 02-06-00:00:00:00:00:11, { DataRate: 11, SignalStrength: 6, AntiFragility: 79}, IQ: 43]
       [Network #14, Technology = Wifi, Address = 02-06-00:00:00:00:00:10, { DataRate: 92, SignalStrength: 38, AntiFragility: 16}, IQ: 40]
       [Network #18, Technology = Wimax, Address = 02-06-00:00:00:00:00:15, { DataRate: 92, SignalStrength: 57, AntiFragility: 5}, IQ: 39]
       [Network #9, Technology = Wifi, Address = 02-06-00:00:00:00:00:0b, { DataRate: 93, SignalStrength: 38, AntiFragility: 14}, IQ: 39]
       [Network #4, Technology = Wifi, Address = 02-06-00:00:00:00:00:06, { DataRate: 56, SignalStrength: 82, AntiFragility: 4}, IQ: 36]
       [Network #17, Technology = Wifi, Address = 02-06-00:00:00:00:00:13, { DataRate: 2, SignalStrength: 50, AntiFragility: 22}, IQ: 24]
       [Network #7, Technology = Wifi, Address = 02-06-00:00:00:00:00:09, { DataRate: 7, SignalStrength: 72, AntiFragility: 4}, IQ: 21]
       [Network #12, Technology = Wifi, Address = 02-06-00:00:00:00:00:0e, { DataRate: 17, SignalStrength: 30, AntiFragility: 13}, IQ: 18]
90s ExecutionModule:Run(): Decision time => Seconds: 0, Miliseconds: 257
90s ExecutionModule:Run(): Handover time => Seconds: 0, Miliseconds: 123
90s ExecutionModule:Run(): Event: Horizontal Handover.
90s DeviceModule:MoveRandom(): New position: (100, 92)
91s DeviceModule:MoveRandom(): New position: (101, 92)
92s DeviceModule:MoveRandom(): New position: (102, 92)
93s DeviceModule:MoveRandom(): New position: (102, 93)
94s DeviceModule:MoveRandom(): New position: (102, 92)
95s DeviceModule:MoveRandom(): New position: (102, 93)
96s DeviceModule:MoveRandom(): New position: (102, 92)
97s DeviceModule:MoveRandom(): New position: (101, 92)
98s DeviceModule:MoveRandom(): New position: (102, 92)
99s DeviceModule:MoveRandom(): New position: (101, 92)
100s DecisionModule:Run(): Run decision
100s DecisionModule:AnalyzingNetworks(): Current Network: 
       [Network #15, Technology = Wifi, Address = 02-06-00:00:00:00:00:11, { DataRate: 70, SignalStrength: 26, AntiFragility: 96}, IQ: 72]
100s DecisionModule:ShowAllNetworks(): All detected networks:
       [Network #15, Technology = Wifi, Address = 02-06-00:00:00:00:00:11, { DataRate: 70, SignalStrength: 26, AntiFragility: 96}, IQ: 72]
       [Network #9, Technology = Wifi, Address = 02-06-00:00:00:00:00:0b, { DataRate: 22, SignalStrength: 76, AntiFragility: 79}, IQ: 64]
       [Network #7, Technology = Wifi, Address = 02-06-00:00:00:00:00:09, { DataRate: 95, SignalStrength: 94, AntiFragility: 14}, IQ: 54]
       [Network #4, Technology = Wifi, Address = 02-06-00:00:00:00:00:06, { DataRate: 2, SignalStrength: 63, AntiFragility: 69}, IQ: 50]
       [Network #11, Technology = Wifi, Address = 02-06-00:00:00:00:00:0d, { DataRate: 5, SignalStrength: 76, AntiFragility: 51}, IQ: 45]
       [Network #13, Technology = Wifi, Address = 02-06-00:00:00:00:00:0f, { DataRate: 86, SignalStrength: 4, AntiFragility: 39}, IQ: 42]
       [Network #2, Technology = Wifi, Address = 02-06-00:00:00:00:00:04, { DataRate: 84, SignalStrength: 30, AntiFragility: 18}, IQ: 37]
       [Network #12, Technology = Wifi, Address = 02-06-00:00:00:00:00:0e, { DataRate: 47, SignalStrength: 24, AntiFragility: 32}, IQ: 33]
       [Network #14, Technology = Wifi, Address = 02-06-00:00:00:00:00:10, { DataRate: 35, SignalStrength: 69, AntiFragility: 6}, IQ: 29]
       [Network #18, Technology = Wimax, Address = 02-06-00:00:00:00:00:15, { DataRate: 61, SignalStrength: 1, AntiFragility: 21}, IQ: 26]
       [Network #17, Technology = Wifi, Address = 02-06-00:00:00:00:00:13, { DataRate: 9, SignalStrength: 38, AntiFragility: 23}, IQ: 23]
       [Network #3, Technology = Wifi, Address = 02-06-00:00:00:00:00:05, { DataRate: 54, SignalStrength: 23, AntiFragility: 1}, IQ: 19]
       [Network #19, Technology = Wimax, Address = 02-06-00:00:00:00:00:16, { DataRate: 45, SignalStrength: 6, AntiFragility: 7}, IQ: 16]
100s ExecutionModule:Run(): Decision time => Seconds: 0, Miliseconds: 236
100s ExecutionModule:Run(): Handover time => Seconds: 0, Miliseconds: 123
100s ExecutionModule:Run(): Event: Horizontal Handover.
100s DeviceModule:MoveRandom(): New position: (102, 92)
101s DeviceModule:MoveRandom(): New position: (102, 91)
102s DeviceModule:MoveRandom(): New position: (101, 91)
103s DeviceModule:MoveRandom(): New position: (100, 91)
104s DeviceModule:MoveRandom(): New position: (101, 91)
105s DeviceModule:MoveRandom(): New position: (101, 92)
106s DeviceModule:MoveRandom(): New position: (101, 93)
107s DeviceModule:MoveRandom(): New position: (100, 93)
108s DeviceModule:MoveRandom(): New position: (101, 93)
109s DeviceModule:MoveRandom(): New position: (101, 94)
110s DecisionModule:Run(): Run decision
110s DecisionModule:AnalyzingNetworks(): Current Network: 
       [Network #13, Technology = Wifi, Address = 02-06-00:00:00:00:00:0f, { DataRate: 96, SignalStrength: 89, AntiFragility: 80}, IQ: 86]
110s DecisionModule:ShowAllNetworks(): All detected networks:
       [Network #13, Technology = Wifi, Address = 02-06-00:00:00:00:00:0f, { DataRate: 96, SignalStrength: 89, AntiFragility: 80}, IQ: 86]
       [Network #15, Technology = Wifi, Address = 02-06-00:00:00:00:00:11, { DataRate: 71, SignalStrength: 67, AntiFragility: 88}, IQ: 78]
       [Network #9, Technology = Wifi, Address = 02-06-00:00:00:00:00:0b, { DataRate: 42, SignalStrength: 47, AntiFragility: 96}, IQ: 70]
       [Network #11, Technology = Wifi, Address = 02-06-00:00:00:00:00:0d, { DataRate: 31, SignalStrength: 85, AntiFragility: 64}, IQ: 61]
       [Network #7, Technology = Wifi, Address = 02-06-00:00:00:00:00:09, { DataRate: 36, SignalStrength: 86, AntiFragility: 45}, IQ: 53]
       [Network #18, Technology = Wimax, Address = 02-06-00:00:00:00:00:15, { DataRate: 82, SignalStrength: 22, AntiFragility: 54}, IQ: 53]
       [Network #2, Technology = Wifi, Address = 02-06-00:00:00:00:00:04, { DataRate: 36, SignalStrength: 29, AntiFragility: 63}, IQ: 47]
       [Network #14, Technology = Wifi, Address = 02-06-00:00:00:00:00:10, { DataRate: 23, SignalStrength: 43, AntiFragility: 54}, IQ: 43]
       [Network #4, Technology = Wifi, Address = 02-06-00:00:00:00:00:06, { DataRate: 63, SignalStrength: 1, AntiFragility: 51}, IQ: 41]
       [Network #17, Technology = Wifi, Address = 02-06-00:00:00:00:00:13, { DataRate: 52, SignalStrength: 62, AntiFragility: 25}, IQ: 41]
       [Network #12, Technology = Wifi, Address = 02-06-00:00:00:00:00:0e, { DataRate: 30, SignalStrength: 86, AntiFragility: 7}, IQ: 32]
       [Network #19, Technology = Wimax, Address = 02-06-00:00:00:00:00:16, { DataRate: 18, SignalStrength: 3, AntiFragility: 55}, IQ: 32]
       [Network #3, Technology = Wifi, Address = 02-06-00:00:00:00:00:05, { DataRate: 19, SignalStrength: 58, AntiFragility: 19}, IQ: 28]
110s ExecutionModule:Run(): Decision time => Seconds: 0, Miliseconds: 237
110s ExecutionModule:Run(): Handover time => Seconds: 0, Miliseconds: 124
110s ExecutionModule:Run(): Event: Horizontal Handover.
110s DeviceModule:MoveRandom(): New position: (101, 93)
111s DeviceModule:MoveRandom(): New position: (101, 92)
112s DeviceModule:MoveRandom(): New position: (102, 92)
113s DeviceModule:MoveRandom(): New position: (102, 93)
114s DeviceModule:MoveRandom(): New position: (103, 93)
115s DeviceModule:MoveRandom(): New position: (103, 92)
116s DeviceModule:MoveRandom(): New position: (103, 93)
117s DeviceModule:MoveRandom(): New position: (103, 92)
118s DeviceModule:MoveRandom(): New position: (103, 91)
119s DeviceModule:MoveRandom(): New position: (104, 91)
120s DecisionModule:Run(): Run decision
120s DecisionModule:AnalyzingNetworks(): Current Network: 
       [Network #13, Technology = Wifi, Address = 02-06-00:00:00:00:00:0f, { DataRate: 76, SignalStrength: 62, AntiFragility: 47}, IQ: 58]
120s DecisionModule:ShowAllNetworks(): All detected networks:
       [Network #13, Technology = Wifi, Address = 02-06-00:00:00:00:00:0f, { DataRate: 76, SignalStrength: 62, AntiFragility: 47}, IQ: 58]
       [Network #15, Technology = Wifi, Address = 02-06-00:00:00:00:00:11, { DataRate: 28, SignalStrength: 8, AntiFragility: 98}, IQ: 58]
       [Network #7, Technology = Wifi, Address = 02-06-00:00:00:00:00:09, { DataRate: 91, SignalStrength: 4, AntiFragility: 58}, IQ: 52]
       [Network #4, Technology = Wifi, Address = 02-06-00:00:00:00:00:06, { DataRate: 23, SignalStrength: 29, AntiFragility: 76}, IQ: 51]
       [Network #2, Technology = Wifi, Address = 02-06-00:00:00:00:00:04, { DataRate: 53, SignalStrength: 23, AntiFragility: 63}, IQ: 50]
       [Network #17, Technology = Wifi, Address = 02-06-00:00:00:00:00:13, { DataRate: 80, SignalStrength: 70, AntiFragility: 24}, IQ: 49]
       [Network #12, Technology = Wifi, Address = 02-06-00:00:00:00:00:0e, { DataRate: 8, SignalStrength: 32, AntiFragility: 71}, IQ: 45]
       [Network #18, Technology = Wimax, Address = 02-06-00:00:00:00:00:15, { DataRate: 90, SignalStrength: 4, AntiFragility: 41}, IQ: 44]
       [Network #19, Technology = Wimax, Address = 02-06-00:00:00:00:00:16, { DataRate: 89, SignalStrength: 40, AntiFragility: 21}, IQ: 42]
       [Network #3, Technology = Wifi, Address = 02-06-00:00:00:00:00:05, { DataRate: 18, SignalStrength: 75, AntiFragility: 39}, IQ: 42]
       [Network #11, Technology = Wifi, Address = 02-06-00:00:00:00:00:0d, { DataRate: 46, SignalStrength: 79, AntiFragility: 5}, IQ: 33]
       [Network #14, Technology = Wifi, Address = 02-06-00:00:00:00:00:10, { DataRate: 55, SignalStrength: 18, AntiFragility: 25}, IQ: 30]
       [Network #9, Technology = Wifi, Address = 02-06-00:00:00:00:00:0b, { DataRate: 29, SignalStrength: 35, AntiFragility: 18}, IQ: 25]
120s DeviceModule:MoveRandom(): New position: (104, 90)
120s DecisionModule:AddNetworkToList(): Network detected
121s DeviceModule:MoveRandom(): New position: (104, 91)
121s DecisionModule:RemoveNetworkFromList(): Network: 8 out of range!
122s DeviceModule:MoveRandom(): New position: (105, 91)
123s DeviceModule:MoveRandom(): New position: (105, 92)
124s DeviceModule:MoveRandom(): New position: (104, 92)
125s DeviceModule:MoveRandom(): New position: (104, 91)
126s DeviceModule:MoveRandom(): New position: (103, 91)
127s DeviceModule:MoveRandom(): New position: (103, 92)
128s DeviceModule:MoveRandom(): New position: (102, 92)
129s DeviceModule:MoveRandom(): New position: (101, 92)
130s DecisionModule:Run(): Run decision
130s DecisionModule:AnalyzingNetworks(): Current Network: 
       [Network #12, Technology = Wifi, Address = 02-06-00:00:00:00:00:0e, { DataRate: 90, SignalStrength: 73, AntiFragility: 84}, IQ: 82]
130s DecisionModule:ShowAllNetworks(): All detected networks:
       [Network #12, Technology = Wifi, Address = 02-06-00:00:00:00:00:0e, { DataRate: 90, SignalStrength: 73, AntiFragility: 84}, IQ: 82]
       [Network #17, Technology = Wifi, Address = 02-06-00:00:00:00:00:13, { DataRate: 73, SignalStrength: 72, AntiFragility: 78}, IQ: 75]
       [Network #13, Technology = Wifi, Address = 02-06-00:00:00:00:00:0f, { DataRate: 77, SignalStrength: 83, AntiFragility: 67}, IQ: 73]
       [Network #18, Technology = Wimax, Address = 02-06-00:00:00:00:00:15, { DataRate: 55, SignalStrength: 72, AntiFragility: 79}, IQ: 71]
       [Network #9, Technology = Wifi, Address = 02-06-00:00:00:00:00:0b, { DataRate: 12, SignalStrength: 89, AntiFragility: 68}, IQ: 59]
       [Network #14, Technology = Wifi, Address = 02-06-00:00:00:00:00:10, { DataRate: 65, SignalStrength: 9, AntiFragility: 77}, IQ: 57]
       [Network #2, Technology = Wifi, Address = 02-06-00:00:00:00:00:04, { DataRate: 29, SignalStrength: 92, AntiFragility: 41}, IQ: 50]
       [Network #15, Technology = Wifi, Address = 02-06-00:00:00:00:00:11, { DataRate: 52, SignalStrength: 95, AntiFragility: 23}, IQ: 48]
       [Network #19, Technology = Wimax, Address = 02-06-00:00:00:00:00:16, { DataRate: 2, SignalStrength: 49, AntiFragility: 57}, IQ: 41]
       [Network #11, Technology = Wifi, Address = 02-06-00:00:00:00:00:0d, { DataRate: 30, SignalStrength: 86, AntiFragility: 25}, IQ: 41]
       [Network #7, Technology = Wifi, Address = 02-06-00:00:00:00:00:09, { DataRate: 91, SignalStrength: 22, AntiFragility: 27}, IQ: 41]
       [Network #4, Technology = Wifi, Address = 02-06-00:00:00:00:00:06, { DataRate: 72, SignalStrength: 49, AntiFragility: 15}, IQ: 37]
       [Network #3, Technology = Wifi, Address = 02-06-00:00:00:00:00:05, { DataRate: 27, SignalStrength: 18, AntiFragility: 48}, IQ: 35]
130s ExecutionModule:Run(): Decision time => Seconds: 0, Miliseconds: 820
130s ExecutionModule:Run(): Handover time => Seconds: 0, Miliseconds: 222
130s ExecutionModule:Run(): Event: Horizontal Handover.
130s DeviceModule:MoveRandom(): New position: (102, 92)
131s DeviceModule:MoveRandom(): New position: (103, 92)
132s DeviceModule:MoveRandom(): New position: (103, 91)
133s DeviceModule:MoveRandom(): New position: (103, 92)
134s DeviceModule:MoveRandom(): New position: (102, 92)
135s DeviceModule:MoveRandom(): New position: (102, 93)
136s DeviceModule:MoveRandom(): New position: (102, 94)
137s DeviceModule:MoveRandom(): New position: (102, 93)
138s DeviceModule:MoveRandom(): New position: (102, 94)
139s DeviceModule:MoveRandom(): New position: (103, 94)
140s DecisionModule:Run(): Run decision
140s DecisionModule:AnalyzingNetworks(): Current Network: 
       [Network #17, Technology = Wifi, Address = 02-06-00:00:00:00:00:13, { DataRate: 92, SignalStrength: 97, AntiFragility: 61}, IQ: 77]
140s DecisionModule:ShowAllNetworks(): All detected networks:
       [Network #17, Technology = Wifi, Address = 02-06-00:00:00:00:00:13, { DataRate: 92, SignalStrength: 97, AntiFragility: 61}, IQ: 77]
       [Network #2, Technology = Wifi, Address = 02-06-00:00:00:00:00:04, { DataRate: 15, SignalStrength: 88, AntiFragility: 90}, IQ: 70]
       [Network #19, Technology = Wimax, Address = 02-06-00:00:00:00:00:16, { DataRate: 74, SignalStrength: 83, AntiFragility: 54}, IQ: 66]
       [Network #7, Technology = Wifi, Address = 02-06-00:00:00:00:00:09, { DataRate: 40, SignalStrength: 30, AntiFragility: 98}, IQ: 66]
       [Network #11, Technology = Wifi, Address = 02-06-00:00:00:00:00:0d, { DataRate: 18, SignalStrength: 45, AntiFragility: 85}, IQ: 58]
       [Network #13, Technology = Wifi, Address = 02-06-00:00:00:00:00:0f, { DataRate: 48, SignalStrength: 24, AntiFragility: 78}, IQ: 57]
       [Network #3, Technology = Wifi, Address = 02-06-00:00:00:00:00:05, { DataRate: 13, SignalStrength: 22, AntiFragility: 91}, IQ: 54]
       [Network #15, Technology = Wifi, Address = 02-06-00:00:00:00:00:11, { DataRate: 19, SignalStrength: 88, AntiFragility: 54}, IQ: 53]
       [Network #4, Technology = Wifi, Address = 02-06-00:00:00:00:00:06, { DataRate: 64, SignalStrength: 43, AntiFragility: 43}, IQ: 48]
       [Network #9, Technology = Wifi, Address = 02-06-00:00:00:00:00:0b, { DataRate: 88, SignalStrength: 49, AntiFragility: 18}, IQ: 43]
       [Network #14, Technology = Wifi, Address = 02-06-00:00:00:00:00:10, { DataRate: 96, SignalStrength: 56, AntiFragility: 9}, IQ: 42]
       [Network #18, Technology = Wimax, Address = 02-06-00:00:00:00:00:15, { DataRate: 59, SignalStrength: 80, AntiFragility: 11}, IQ: 40]
       [Network #12, Technology = Wifi, Address = 02-06-00:00:00:00:00:0e, { DataRate: 13, SignalStrength: 72, AntiFragility: 32}, IQ: 37]
140s ExecutionModule:Run(): Decision time => Seconds: 0, Miliseconds: 237
140s ExecutionModule:Run(): Handover time => Seconds: 0, Miliseconds: 123
140s ExecutionModule:Run(): Event: Horizontal Handover.
140s DeviceModule:MoveRandom(): New position: (103, 93)
141s DeviceModule:MoveRandom(): New position: (102, 93)
142s DeviceModule:MoveRandom(): New position: (102, 94)
143s DeviceModule:MoveRandom(): New position: (101, 94)
144s DeviceModule:MoveRandom(): New position: (101, 93)
145s DeviceModule:MoveRandom(): New position: (102, 93)
146s DeviceModule:MoveRandom(): New position: (101, 93)
147s DeviceModule:MoveRandom(): New position: (101, 92)
148s DeviceModule:MoveRandom(): New position: (102, 92)
149s DeviceModule:MoveRandom(): New position: (103, 92)
150s DecisionModule:Run(): Run decision
150s DecisionModule:AnalyzingNetworks(): Current Network: 
       [Network #7, Technology = Wifi, Address = 02-06-00:00:00:00:00:09, { DataRate: 36, SignalStrength: 95, AntiFragility: 88}, IQ: 76]
150s DecisionModule:ShowAllNetworks(): All detected networks:
       [Network #7, Technology = Wifi, Address = 02-06-00:00:00:00:00:09, { DataRate: 36, SignalStrength: 95, AntiFragility: 88}, IQ: 76]
       [Network #17, Technology = Wifi, Address = 02-06-00:00:00:00:00:13, { DataRate: 45, SignalStrength: 30, AntiFragility: 97}, IQ: 67]
       [Network #18, Technology = Wimax, Address = 02-06-00:00:00:00:00:15, { DataRate: 60, SignalStrength: 40, AntiFragility: 63}, IQ: 56]
       [Network #13, Technology = Wifi, Address = 02-06-00:00:00:00:00:0f, { DataRate: 1, SignalStrength: 37, AntiFragility: 87}, IQ: 53]
       [Network #11, Technology = Wifi, Address = 02-06-00:00:00:00:00:0d, { DataRate: 4, SignalStrength: 76, AntiFragility: 56}, IQ: 48]
       [Network #3, Technology = Wifi, Address = 02-06-00:00:00:00:00:05, { DataRate: 45, SignalStrength: 12, AntiFragility: 68}, IQ: 48]
       [Network #2, Technology = Wifi, Address = 02-06-00:00:00:00:00:04, { DataRate: 6, SignalStrength: 45, AntiFragility: 63}, IQ: 44]
       [Network #9, Technology = Wifi, Address = 02-06-00:00:00:00:00:0b, { DataRate: 17, SignalStrength: 28, AntiFragility: 59}, IQ: 40]
       [Network #4, Technology = Wifi, Address = 02-06-00:00:00:00:00:06, { DataRate: 48, SignalStrength: 30, AntiFragility: 29}, IQ: 34]
       [Network #12, Technology = Wifi, Address = 02-06-00:00:00:00:00:0e, { DataRate: 57, SignalStrength: 3, AntiFragility: 28}, IQ: 29]
       [Network #14, Technology = Wifi, Address = 02-06-00:00:00:00:00:10, { DataRate: 78, SignalStrength: 25, AntiFragility: 5}, IQ: 28]
       [Network #19, Technology = Wimax, Address = 02-06-00:00:00:00:00:16, { DataRate: 12, SignalStrength: 71, AntiFragility: 10}, IQ: 25]
       [Network #15, Technology = Wifi, Address = 02-06-00:00:00:00:00:11, { DataRate: 14, SignalStrength: 21, AntiFragility: 23}, IQ: 20]
150s ExecutionModule:Run(): Decision time => Seconds: 0, Miliseconds: 255
150s ExecutionModule:Run(): Handover time => Seconds: 0, Miliseconds: 124
150s ExecutionModule:Run(): Event: Horizontal Handover.
150s DeviceModule:MoveRandom(): New position: (102, 92)
151s DeviceModule:MoveRandom(): New position: (103, 92)
152s DeviceModule:MoveRandom(): New position: (102, 92)
153s DeviceModule:MoveRandom(): New position: (101, 92)
154s DeviceModule:MoveRandom(): New position: (101, 91)
155s DeviceModule:MoveRandom(): New position: (102, 91)
156s DeviceModule:MoveRandom(): New position: (103, 91)
157s DeviceModule:MoveRandom(): New position: (102, 91)
158s DeviceModule:MoveRandom(): New position: (102, 90)
159s DeviceModule:MoveRandom(): New position: (102, 91)
160s DecisionModule:Run(): Run decision
160s DecisionModule:AnalyzingNetworks(): Current Network: 
       [Network #12, Technology = Wifi, Address = 02-06-00:00:00:00:00:0e, { DataRate: 74, SignalStrength: 78, AntiFragility: 84}, IQ: 80]
160s DecisionModule:ShowAllNetworks(): All detected networks:
       [Network #12, Technology = Wifi, Address = 02-06-00:00:00:00:00:0e, { DataRate: 74, SignalStrength: 78, AntiFragility: 84}, IQ: 80]
       [Network #19, Technology = Wimax, Address = 02-06-00:00:00:00:00:16, { DataRate: 88, SignalStrength: 89, AntiFragility: 65}, IQ: 76]
       [Network #15, Technology = Wifi, Address = 02-06-00:00:00:00:00:11, { DataRate: 96, SignalStrength: 23, AntiFragility: 94}, IQ: 76]
       [Network #11, Technology = Wifi, Address = 02-06-00:00:00:00:00:0d, { DataRate: 94, SignalStrength: 85, AntiFragility: 62}, IQ: 75]
       [Network #2, Technology = Wifi, Address = 02-06-00:00:00:00:00:04, { DataRate: 97, SignalStrength: 31, AntiFragility: 74}, IQ: 69]
       [Network #4, Technology = Wifi, Address = 02-06-00:00:00:00:00:06, { DataRate: 30, SignalStrength: 67, AntiFragility: 91}, IQ: 69]
       [Network #7, Technology = Wifi, Address = 02-06-00:00:00:00:00:09, { DataRate: 1, SignalStrength: 93, AntiFragility: 90}, IQ: 68]
       [Network #18, Technology = Wimax, Address = 02-06-00:00:00:00:00:15, { DataRate: 29, SignalStrength: 11, AntiFragility: 82}, IQ: 51]
       [Network #13, Technology = Wifi, Address = 02-06-00:00:00:00:00:0f, { DataRate: 54, SignalStrength: 88, AntiFragility: 27}, IQ: 49]
       [Network #14, Technology = Wifi, Address = 02-06-00:00:00:00:00:10, { DataRate: 43, SignalStrength: 68, AntiFragility: 37}, IQ: 46]
       [Network #9, Technology = Wifi, Address = 02-06-00:00:00:00:00:0b, { DataRate: 70, SignalStrength: 81, AntiFragility: 16}, IQ: 45]
       [Network #3, Technology = Wifi, Address = 02-06-00:00:00:00:00:05, { DataRate: 22, SignalStrength: 96, AntiFragility: 20}, IQ: 39]
       [Network #17, Technology = Wifi, Address = 02-06-00:00:00:00:00:13, { DataRate: 76, SignalStrength: 8, AntiFragility: 21}, IQ: 31]
160s ExecutionModule:Run(): Decision time => Seconds: 0, Miliseconds: 356
160s ExecutionModule:Run(): Handover time => Seconds: 0, Miliseconds: 148
160s ExecutionModule:Run(): Event: Horizontal Handover.
160s DeviceModule:MoveRandom(): New position: (102, 90)
161s DeviceModule:MoveRandom(): New position: (103, 90)
162s DeviceModule:MoveRandom(): New position: (103, 89)
162s DecisionModule:AddNetworkToList(): Network detected
163s DeviceModule:MoveRandom(): New position: (103, 90)
163s DecisionModule:RemoveNetworkFromList(): Network: 8 out of range!
164s DeviceModule:MoveRandom(): New position: (103, 89)
164s DecisionModule:AddNetworkToList(): Network detected
165s DeviceModule:MoveRandom(): New position: (103, 88)
166s DeviceModule:MoveRandom(): New position: (103, 89)
167s DeviceModule:MoveRandom(): New position: (102, 89)
167s DecisionModule:RemoveNetworkFromList(): Network: 8 out of range!
168s DeviceModule:MoveRandom(): New position: (103, 89)
168s DecisionModule:AddNetworkToList(): Network detected
169s DeviceModule:MoveRandom(): New position: (103, 90)
169s DecisionModule:RemoveNetworkFromList(): Network: 8 out of range!
170s DecisionModule:Run(): Run decision
170s DecisionModule:AnalyzingNetworks(): Current Network: 
       [Network #19, Technology = Wimax, Address = 02-06-00:00:00:00:00:16, { DataRate: 77, SignalStrength: 72, AntiFragility: 79}, IQ: 76]
170s DecisionModule:ShowAllNetworks(): All detected networks:
       [Network #19, Technology = Wimax, Address = 02-06-00:00:00:00:00:16, { DataRate: 77, SignalStrength: 72, AntiFragility: 79}, IQ: 76]
       [Network #17, Technology = Wifi, Address = 02-06-00:00:00:00:00:13, { DataRate: 87, SignalStrength: 59, AntiFragility: 79}, IQ: 76]
       [Network #18, Technology = Wimax, Address = 02-06-00:00:00:00:00:15, { DataRate: 46, SignalStrength: 29, AntiFragility: 98}, IQ: 67]
       [Network #12, Technology = Wifi, Address = 02-06-00:00:00:00:00:0e, { DataRate: 80, SignalStrength: 48, AntiFragility: 54}, IQ: 59]
       [Network #9, Technology = Wifi, Address = 02-06-00:00:00:00:00:0b, { DataRate: 67, SignalStrength: 70, AntiFragility: 48}, IQ: 58]
       [Network #14, Technology = Wifi, Address = 02-06-00:00:00:00:00:10, { DataRate: 74, SignalStrength: 16, AntiFragility: 68}, IQ: 56]
       [Network #2, Technology = Wifi, Address = 02-06-00:00:00:00:00:04, { DataRate: 99, SignalStrength: 52, AntiFragility: 32}, IQ: 53]
       [Network #13, Technology = Wifi, Address = 02-06-00:00:00:00:00:0f, { DataRate: 13, SignalStrength: 80, AntiFragility: 57}, IQ: 51]
       [Network #15, Technology = Wifi, Address = 02-06-00:00:00:00:00:11, { DataRate: 1, SignalStrength: 77, AntiFragility: 58}, IQ: 48]
       [Network #11, Technology = Wifi, Address = 02-06-00:00:00:00:00:0d, { DataRate: 42, SignalStrength: 26, AntiFragility: 56}, IQ: 45]
       [Network #3, Technology = Wifi, Address = 02-06-00:00:00:00:00:05, { DataRate: 15, SignalStrength: 1, AntiFragility: 77}, IQ: 42]
       [Network #4, Technology = Wifi, Address = 02-06-00:00:00:00:00:06, { DataRate: 39, SignalStrength: 11, AntiFragility: 50}, IQ: 37]
       [Network #7, Technology = Wifi, Address = 02-06-00:00:00:00:00:09, { DataRate: 11, SignalStrength: 88, AntiFragility: 11}, IQ: 30]
170s ExecutionModule:Run(): Decision time => Seconds: 0, Miliseconds: 550
170s ExecutionModule:Run(): Handover time => Seconds: 0, Miliseconds: 80
170s ExecutionModule:Run(): Event: Vertical Handover.
170s DeviceModule:MoveRandom(): New position: (103, 91)
171s DeviceModule:MoveRandom(): New position: (102, 91)
172s DeviceModule:MoveRandom(): New position: (102, 92)
173s DeviceModule:MoveRandom(): New position: (102, 91)
174s DeviceModule:MoveRandom(): New position: (101, 91)
175s DeviceModule:MoveRandom(): New position: (102, 91)
176s DeviceModule:MoveRandom(): New position: (102, 90)
177s DeviceModule:MoveRandom(): New position: (101, 90)
178s DeviceModule:MoveRandom(): New position: (100, 90)
179s DeviceModule:MoveRandom(): New position: (99, 90)
180s DecisionModule:Run(): Run decision
180s DecisionModule:AnalyzingNetworks(): Current Network: 
       [Network #7, Technology = Wifi, Address = 02-06-00:00:00:00:00:09, { DataRate: 89, SignalStrength: 91, AntiFragility: 87}, IQ: 88]
180s DecisionModule:ShowAllNetworks(): All detected networks:
       [Network #7, Technology = Wifi, Address = 02-06-00:00:00:00:00:09, { DataRate: 89, SignalStrength: 91, AntiFragility: 87}, IQ: 88]
       [Network #2, Technology = Wifi, Address = 02-06-00:00:00:00:00:04, { DataRate: 85, SignalStrength: 27, AntiFragility: 52}, IQ: 54]
       [Network #3, Technology = Wifi, Address = 02-06-00:00:00:00:00:05, { DataRate: 17, SignalStrength: 19, AntiFragility: 91}, IQ: 54]
       [Network #13, Technology = Wifi, Address = 02-06-00:00:00:00:00:0f, { DataRate: 67, SignalStrength: 35, AntiFragility: 52}, IQ: 51]
       [Network #18, Technology = Wimax, Address = 02-06-00:00:00:00:00:15, { DataRate: 10, SignalStrength: 62, AntiFragility: 64}, IQ: 50]
       [Network #12, Technology = Wifi, Address = 02-06-00:00:00:00:00:0e, { DataRate: 92, SignalStrength: 76, AntiFragility: 5}, IQ: 44]
       [Network #4, Technology = Wifi, Address = 02-06-00:00:00:00:00:06, { DataRate: 83, SignalStrength: 27, AntiFragility: 25}, IQ: 40]
       [Network #14, Technology = Wifi, Address = 02-06-00:00:00:00:00:10, { DataRate: 31, SignalStrength: 17, AntiFragility: 55}, IQ: 39]
       [Network #15, Technology = Wifi, Address = 02-06-00:00:00:00:00:11, { DataRate: 66, SignalStrength: 56, AntiFragility: 14}, IQ: 37]
       [Network #17, Technology = Wifi, Address = 02-06-00:00:00:00:00:13, { DataRate: 33, SignalStrength: 5, AntiFragility: 55}, IQ: 37]
       [Network #11, Technology = Wifi, Address = 02-06-00:00:00:00:00:0d, { DataRate: 86, SignalStrength: 35, AntiFragility: 13}, IQ: 36]
       [Network #9, Technology = Wifi, Address = 02-06-00:00:00:00:00:0b, { DataRate: 64, SignalStrength: 9, AntiFragility: 17}, IQ: 26]
       [Network #19, Technology = Wimax, Address = 02-06-00:00:00:00:00:16, { DataRate: 26, SignalStrength: 14, AntiFragility: 32}, IQ: 26]
180s ExecutionModule:Run(): Decision time => Seconds: 0, Miliseconds: 237
180s ExecutionModule:Run(): Handover time => Seconds: 0, Miliseconds: 31
180s ExecutionModule:Run(): Event: Vertical Handover.
180s DeviceModule:MoveRandom(): New position: (99, 91)
181s DeviceModule:MoveRandom(): New position: (99, 90)
182s DeviceModule:MoveRandom(): New position: (99, 89)
183s DeviceModule:MoveRandom(): New position: (100, 89)
184s DeviceModule:MoveRandom(): New position: (99, 89)
185s DeviceModule:MoveRandom(): New position: (98, 89)
186s DeviceModule:MoveRandom(): New position: (98, 90)
187s DeviceModule:MoveRandom(): New position: (98, 89)
188s DeviceModule:MoveRandom(): New position: (97, 89)
189s DeviceModule:MoveRandom(): New position: (98, 89)
190s DecisionModule:Run(): Run decision
190s DecisionModule:AnalyzingNetworks(): Current Network: 
       [Network #19, Technology = Wimax, Address = 02-06-00:00:00:00:00:16, { DataRate: 51, SignalStrength: 87, AntiFragility: 99}, IQ: 84]
190s DecisionModule:ShowAllNetworks(): All detected networks:
       [Network #19, Technology = Wimax, Address = 02-06-00:00:00:00:00:16, { DataRate: 51, SignalStrength: 87, AntiFragility: 99}, IQ: 84]
       [Network #11, Technology = Wifi, Address = 02-06-00:00:00:00:00:0d, { DataRate: 47, SignalStrength: 45, AntiFragility: 87}, IQ: 66]
       [Network #2, Technology = Wifi, Address = 02-06-00:00:00:00:00:04, { DataRate: 51, SignalStrength: 77, AntiFragility: 62}, IQ: 63]
       [Network #18, Technology = Wimax, Address = 02-06-00:00:00:00:00:15, { DataRate: 22, SignalStrength: 85, AntiFragility: 62}, IQ: 57]
       [Network #7, Technology = Wifi, Address = 02-06-00:00:00:00:00:09, { DataRate: 14, SignalStrength: 97, AntiFragility: 49}, IQ: 52]
       [Network #17, Technology = Wifi, Address = 02-06-00:00:00:00:00:13, { DataRate: 33, SignalStrength: 95, AntiFragility: 38}, IQ: 51]
       [Network #13, Technology = Wifi, Address = 02-06-00:00:00:00:00:0f, { DataRate: 85, SignalStrength: 81, AntiFragility: 19}, IQ: 51]
       [Network #14, Technology = Wifi, Address = 02-06-00:00:00:00:00:10, { DataRate: 25, SignalStrength: 93, AntiFragility: 40}, IQ: 49]
       [Network #4, Technology = Wifi, Address = 02-06-00:00:00:00:00:06, { DataRate: 45, SignalStrength: 99, AntiFragility: 24}, IQ: 48]
       [Network #9, Technology = Wifi, Address = 02-06-00:00:00:00:00:0b, { DataRate: 99, SignalStrength: 74, AntiFragility: 1}, IQ: 43]
       [Network #12, Technology = Wifi, Address = 02-06-00:00:00:00:00:0e, { DataRate: 63, SignalStrength: 32, AntiFragility: 34}, IQ: 40]
       [Network #15, Technology = Wifi, Address = 02-06-00:00:00:00:00:11, { DataRate: 55, SignalStrength: 30, AntiFragility: 24}, IQ: 33]
       [Network #3, Technology = Wifi, Address = 02-06-00:00:00:00:00:05, { DataRate: 24, SignalStrength: 13, AntiFragility: 45}, IQ: 31]
190s ExecutionModule:Run(): Decision time => Seconds: 0, Miliseconds: 275
190s ExecutionModule:Run(): Handover time => Seconds: 0, Miliseconds: 31
190s ExecutionModule:Run(): Event: Vertical Handover.
190s DeviceModule:MoveRandom(): New position: (98, 90)
191s DeviceModule:MoveRandom(): New position: (97, 90)
192s DeviceModule:MoveRandom(): New position: (96, 90)
193s DeviceModule:MoveRandom(): New position: (95, 90)
194s DeviceModule:MoveRandom(): New position: (95, 91)
195s DeviceModule:MoveRandom(): New position: (94, 91)
196s DeviceModule:MoveRandom(): New position: (95, 91)
197s DeviceModule:MoveRandom(): New position: (96, 91)
198s DeviceModule:MoveRandom(): New position: (97, 91)
199s DeviceModule:MoveRandom(): New position: (97, 90)
