Waf: Entering directory `/home/renan/Documents/NR2/ns-allinone-3.20/ns-3.20/build'
Waf: Leaving directory `/home/renan/Documents/NR2/ns-allinone-3.20/ns-3.20/build'
'build' finished successfully (1.816s)
0s NetworkModule:SetPosition(): Network 0 set position => (3, 93)
0s NetworkModule:SetRange(): Network 0 set range => 100
0s NetworkModule:SetPosition(): Network 1 set position => (107, 115)
0s NetworkModule:SetRange(): Network 1 set range => 100
0s NetworkModule:SetPosition(): Network 2 set position => (115, 39)
0s NetworkModule:SetRange(): Network 2 set range => 100
0s NetworkModule:SetPosition(): Network 3 set position => (141, 113)
0s NetworkModule:SetRange(): Network 3 set range => 100
0s NetworkModule:SetPosition(): Network 4 set position => (83, 39)
0s NetworkModule:SetRange(): Network 4 set range => 100
0s NetworkModule:SetPosition(): Network 5 set position => (83, 85)
0s NetworkModule:SetRange(): Network 5 set range => 100
0s NetworkModule:SetPosition(): Network 6 set position => (76, 102)
0s NetworkModule:SetRange(): Network 6 set range => 100
0s NetworkModule:SetPosition(): Network 7 set position => (55, 116)
0s NetworkModule:SetRange(): Network 7 set range => 100
0s NetworkModule:SetPosition(): Network 8 set position => (15, 27)
0s NetworkModule:SetRange(): Network 8 set range => 100
0s NetworkModule:SetPosition(): Network 9 set position => (102, 22)
0s NetworkModule:SetRange(): Network 9 set range => 100
0s DeviceModule:ConfigureMobility(): Device [init x = 75, init y = 75, max = 150, velocity = 3]
1s DeviceModule:MoveRandom(): New position: (78, 75)
1s DecisionModule:AddNetworkToList(): Network detected
1s DecisionModule:AddNetworkToList(): Network detected
1s DecisionModule:AddNetworkToList(): Network detected
1s DecisionModule:AddNetworkToList(): Network detected
1s DecisionModule:AddNetworkToList(): Network detected
1s DecisionModule:AddNetworkToList(): Network detected
1s DecisionModule:AddNetworkToList(): Network detected
1s DecisionModule:AddNetworkToList(): Network detected
1s DecisionModule:AddNetworkToList(): Network detected
1s DecisionModule:AddNetworkToList(): Network detected
2s DeviceModule:MoveRandom(): New position: (75, 75)
3s DeviceModule:MoveRandom(): New position: (75, 78)
4s DeviceModule:MoveRandom(): New position: (75, 81)
5s DeviceModule:MoveRandom(): New position: (78, 81)
6s DeviceModule:MoveRandom(): New position: (75, 81)
7s DeviceModule:MoveRandom(): New position: (78, 81)
8s DeviceModule:MoveRandom(): New position: (81, 81)
9s DeviceModule:MoveRandom(): New position: (78, 81)
10s DecisionModule:Run(): Run decision
10s DecisionModule:AnalyzingNetworks(): Current Network: 
       [Network #8, Technology = Wimax, Address = 02-06-00:00:00:00:00:0b, { DataRate: 64, SignalStrength: 61, AntiFragility: 88}, IQ: 75]
10s DecisionModule:ShowAllNetworks(): All detected networks:
       [Network #8, Technology = Wimax, Address = 02-06-00:00:00:00:00:0b, { DataRate: 64, SignalStrength: 61, AntiFragility: 88}, IQ: 75]
       [Network #3, Technology = Wifi, Address = 02-06-00:00:00:00:00:05, { DataRate: 91, SignalStrength: 4, AntiFragility: 99}, IQ: 73]
       [Network #9, Technology = Wimax, Address = 02-06-00:00:00:00:00:0c, { DataRate: 62, SignalStrength: 58, AntiFragility: 50}, IQ: 55]
       [Network #0, Technology = Wifi, Address = 02-06-00:00:00:00:00:02, { DataRate: 4, SignalStrength: 19, AntiFragility: 94}, IQ: 52]
       [Network #6, Technology = Wifi, Address = 02-06-00:00:00:00:00:08, { DataRate: 32, SignalStrength: 8, AntiFragility: 74}, IQ: 47]
       [Network #5, Technology = Wifi, Address = 02-06-00:00:00:00:00:07, { DataRate: 9, SignalStrength: 51, AntiFragility: 61}, IQ: 45]
       [Network #1, Technology = Wifi, Address = 02-06-00:00:00:00:00:03, { DataRate: 29, SignalStrength: 47, AntiFragility: 30}, IQ: 34]
       [Network #2, Technology = Wifi, Address = 02-06-00:00:00:00:00:04, { DataRate: 58, SignalStrength: 70, AntiFragility: 4}, IQ: 34]
       [Network #7, Technology = Wifi, Address = 02-06-00:00:00:00:00:09, { DataRate: 19, SignalStrength: 12, AntiFragility: 48}, IQ: 31]
       [Network #4, Technology = Wifi, Address = 02-06-00:00:00:00:00:06, { DataRate: 15, SignalStrength: 23, AntiFragility: 16}, IQ: 17]
10s DeviceModule:MoveRandom(): New position: (81, 81)
11s DeviceModule:MoveRandom(): New position: (81, 84)
12s DeviceModule:MoveRandom(): New position: (78, 84)
13s DeviceModule:MoveRandom(): New position: (75, 84)
14s DeviceModule:MoveRandom(): New position: (78, 84)
15s DeviceModule:MoveRandom(): New position: (78, 81)
16s DeviceModule:MoveRandom(): New position: (78, 84)
17s DeviceModule:MoveRandom(): New position: (78, 87)
18s DeviceModule:MoveRandom(): New position: (78, 84)
19s DeviceModule:MoveRandom(): New position: (78, 81)
20s DecisionModule:Run(): Run decision
20s DecisionModule:AnalyzingNetworks(): Current Network: 
       [Network #3, Technology = Wifi, Address = 02-06-00:00:00:00:00:05, { DataRate: 12, SignalStrength: 88, AntiFragility: 89}, IQ: 69]
20s DecisionModule:ShowAllNetworks(): All detected networks:
       [Network #3, Technology = Wifi, Address = 02-06-00:00:00:00:00:05, { DataRate: 12, SignalStrength: 88, AntiFragility: 89}, IQ: 69]
       [Network #5, Technology = Wifi, Address = 02-06-00:00:00:00:00:07, { DataRate: 5, SignalStrength: 93, AntiFragility: 85}, IQ: 67]
       [Network #9, Technology = Wimax, Address = 02-06-00:00:00:00:00:0c, { DataRate: 90, SignalStrength: 29, AntiFragility: 39}, IQ: 49]
       [Network #0, Technology = Wifi, Address = 02-06-00:00:00:00:00:02, { DataRate: 51, SignalStrength: 98, AntiFragility: 25}, IQ: 49]
       [Network #7, Technology = Wifi, Address = 02-06-00:00:00:00:00:09, { DataRate: 57, SignalStrength: 58, AntiFragility: 37}, IQ: 47]
       [Network #8, Technology = Wimax, Address = 02-06-00:00:00:00:00:0b, { DataRate: 26, SignalStrength: 72, AntiFragility: 37}, IQ: 43]
       [Network #6, Technology = Wifi, Address = 02-06-00:00:00:00:00:08, { DataRate: 79, SignalStrength: 45, AntiFragility: 18}, IQ: 40]
       [Network #2, Technology = Wifi, Address = 02-06-00:00:00:00:00:04, { DataRate: 81, SignalStrength: 7, AntiFragility: 29}, IQ: 36]
       [Network #1, Technology = Wifi, Address = 02-06-00:00:00:00:00:03, { DataRate: 73, SignalStrength: 4, AntiFragility: 29}, IQ: 33]
       [Network #4, Technology = Wifi, Address = 02-06-00:00:00:00:00:06, { DataRate: 15, SignalStrength: 65, AntiFragility: 24}, IQ: 32]
20s ExecutionModule:Run(): Decision time => Seconds: 0, Miliseconds: 206
20s ExecutionModule:Run(): Handover time => Seconds: 0, Miliseconds: 273
20s ExecutionModule:Run(): Event: Vertical Handover.
20s DeviceModule:MoveRandom(): New position: (75, 81)
21s DeviceModule:MoveRandom(): New position: (78, 81)
22s DeviceModule:MoveRandom(): New position: (81, 81)
23s DeviceModule:MoveRandom(): New position: (81, 84)
24s DeviceModule:MoveRandom(): New position: (81, 87)
25s DeviceModule:MoveRandom(): New position: (81, 90)
26s DeviceModule:MoveRandom(): New position: (84, 90)
27s DeviceModule:MoveRandom(): New position: (81, 90)
28s DeviceModule:MoveRandom(): New position: (81, 93)
29s DeviceModule:MoveRandom(): New position: (81, 90)
30s DecisionModule:Run(): Run decision
30s DecisionModule:AnalyzingNetworks(): Current Network: 
       [Network #8, Technology = Wimax, Address = 02-06-00:00:00:00:00:0b, { DataRate: 92, SignalStrength: 57, AntiFragility: 85}, IQ: 79]
30s DecisionModule:ShowAllNetworks(): All detected networks:
       [Network #8, Technology = Wimax, Address = 02-06-00:00:00:00:00:0b, { DataRate: 92, SignalStrength: 57, AntiFragility: 85}, IQ: 79]
       [Network #9, Technology = Wimax, Address = 02-06-00:00:00:00:00:0c, { DataRate: 81, SignalStrength: 93, AntiFragility: 63}, IQ: 75]
       [Network #2, Technology = Wifi, Address = 02-06-00:00:00:00:00:04, { DataRate: 34, SignalStrength: 91, AntiFragility: 76}, IQ: 69]
       [Network #1, Technology = Wifi, Address = 02-06-00:00:00:00:00:03, { DataRate: 64, SignalStrength: 8, AntiFragility: 91}, IQ: 63]
       [Network #5, Technology = Wifi, Address = 02-06-00:00:00:00:00:07, { DataRate: 25, SignalStrength: 79, AntiFragility: 38}, IQ: 45]
       [Network #4, Technology = Wifi, Address = 02-06-00:00:00:00:00:06, { DataRate: 61, SignalStrength: 33, AntiFragility: 40}, IQ: 43]
       [Network #3, Technology = Wifi, Address = 02-06-00:00:00:00:00:05, { DataRate: 14, SignalStrength: 70, AntiFragility: 42}, IQ: 42]
       [Network #6, Technology = Wifi, Address = 02-06-00:00:00:00:00:08, { DataRate: 19, SignalStrength: 27, AntiFragility: 60}, IQ: 41]
       [Network #7, Technology = Wifi, Address = 02-06-00:00:00:00:00:09, { DataRate: 41, SignalStrength: 58, AntiFragility: 14}, IQ: 31]
       [Network #0, Technology = Wifi, Address = 02-06-00:00:00:00:00:02, { DataRate: 1, SignalStrength: 87, AntiFragility: 6}, IQ: 25]
30s ExecutionModule:Run(): Decision time => Seconds: 0, Miliseconds: 225
30s ExecutionModule:Run(): Handover time => Seconds: 0, Miliseconds: 45
30s ExecutionModule:Run(): Event: Vertical Handover.
30s DeviceModule:MoveRandom(): New position: (84, 90)
31s DeviceModule:MoveRandom(): New position: (84, 93)
32s DeviceModule:MoveRandom(): New position: (87, 93)
33s DeviceModule:MoveRandom(): New position: (87, 90)
34s DeviceModule:MoveRandom(): New position: (84, 90)
35s DeviceModule:MoveRandom(): New position: (84, 87)
36s DeviceModule:MoveRandom(): New position: (84, 84)
37s DeviceModule:MoveRandom(): New position: (87, 84)
38s DeviceModule:MoveRandom(): New position: (90, 84)
39s DeviceModule:MoveRandom(): New position: (93, 84)
40s DecisionModule:Run(): Run decision
40s DecisionModule:AnalyzingNetworks(): Current Network: 
       [Network #3, Technology = Wifi, Address = 02-06-00:00:00:00:00:05, { DataRate: 99, SignalStrength: 43, AntiFragility: 94}, IQ: 82]
40s DecisionModule:ShowAllNetworks(): All detected networks:
       [Network #3, Technology = Wifi, Address = 02-06-00:00:00:00:00:05, { DataRate: 99, SignalStrength: 43, AntiFragility: 94}, IQ: 82]
       [Network #0, Technology = Wifi, Address = 02-06-00:00:00:00:00:02, { DataRate: 50, SignalStrength: 58, AntiFragility: 86}, IQ: 70]
       [Network #5, Technology = Wifi, Address = 02-06-00:00:00:00:00:07, { DataRate: 11, SignalStrength: 50, AntiFragility: 78}, IQ: 54]
       [Network #4, Technology = Wifi, Address = 02-06-00:00:00:00:00:06, { DataRate: 19, SignalStrength: 53, AntiFragility: 69}, IQ: 52]
       [Network #1, Technology = Wifi, Address = 02-06-00:00:00:00:00:03, { DataRate: 26, SignalStrength: 30, AntiFragility: 69}, IQ: 48]
       [Network #9, Technology = Wimax, Address = 02-06-00:00:00:00:00:0c, { DataRate: 29, SignalStrength: 57, AntiFragility: 41}, IQ: 42]
       [Network #7, Technology = Wifi, Address = 02-06-00:00:00:00:00:09, { DataRate: 74, SignalStrength: 37, AntiFragility: 21}, IQ: 38]
       [Network #8, Technology = Wimax, Address = 02-06-00:00:00:00:00:0b, { DataRate: 39, SignalStrength: 56, AntiFragility: 19}, IQ: 33]
       [Network #2, Technology = Wifi, Address = 02-06-00:00:00:00:00:04, { DataRate: 18, SignalStrength: 47, AntiFragility: 35}, IQ: 33]
       [Network #6, Technology = Wifi, Address = 02-06-00:00:00:00:00:08, { DataRate: 19, SignalStrength: 16, AntiFragility: 22}, IQ: 19]
40s ExecutionModule:Run(): Decision time => Seconds: 0, Miliseconds: 207
40s ExecutionModule:Run(): Handover time => Seconds: 0, Miliseconds: 31
40s ExecutionModule:Run(): Event: Vertical Handover.
40s DeviceModule:MoveRandom(): New position: (93, 81)
41s DeviceModule:MoveRandom(): New position: (90, 81)
42s DeviceModule:MoveRandom(): New position: (90, 78)
43s DeviceModule:MoveRandom(): New position: (93, 78)
44s DeviceModule:MoveRandom(): New position: (93, 75)
45s DeviceModule:MoveRandom(): New position: (96, 75)
46s DeviceModule:MoveRandom(): New position: (96, 72)
47s DeviceModule:MoveRandom(): New position: (96, 69)
48s DeviceModule:MoveRandom(): New position: (99, 69)
49s DeviceModule:MoveRandom(): New position: (99, 72)
50s DecisionModule:Run(): Run decision
50s DecisionModule:AnalyzingNetworks(): Current Network: 
       [Network #2, Technology = Wifi, Address = 02-06-00:00:00:00:00:04, { DataRate: 45, SignalStrength: 97, AntiFragility: 88}, IQ: 79]
50s DecisionModule:ShowAllNetworks(): All detected networks:
       [Network #2, Technology = Wifi, Address = 02-06-00:00:00:00:00:04, { DataRate: 45, SignalStrength: 97, AntiFragility: 88}, IQ: 79]
       [Network #4, Technology = Wifi, Address = 02-06-00:00:00:00:00:06, { DataRate: 83, SignalStrength: 90, AntiFragility: 39}, IQ: 62]
       [Network #6, Technology = Wifi, Address = 02-06-00:00:00:00:00:08, { DataRate: 25, SignalStrength: 45, AntiFragility: 84}, IQ: 59]
       [Network #8, Technology = Wimax, Address = 02-06-00:00:00:00:00:0b, { DataRate: 10, SignalStrength: 75, AntiFragility: 74}, IQ: 58]
       [Network #9, Technology = Wimax, Address = 02-06-00:00:00:00:00:0c, { DataRate: 82, SignalStrength: 77, AntiFragility: 9}, IQ: 44]
       [Network #0, Technology = Wifi, Address = 02-06-00:00:00:00:00:02, { DataRate: 51, SignalStrength: 7, AntiFragility: 57}, IQ: 43]
       [Network #7, Technology = Wifi, Address = 02-06-00:00:00:00:00:09, { DataRate: 25, SignalStrength: 39, AntiFragility: 38}, IQ: 35]
       [Network #5, Technology = Wifi, Address = 02-06-00:00:00:00:00:07, { DataRate: 53, SignalStrength: 55, AntiFragility: 8}, IQ: 31]
       [Network #1, Technology = Wifi, Address = 02-06-00:00:00:00:00:03, { DataRate: 35, SignalStrength: 39, AntiFragility: 17}, IQ: 27]
       [Network #3, Technology = Wifi, Address = 02-06-00:00:00:00:00:05, { DataRate: 5, SignalStrength: 61, AntiFragility: 14}, IQ: 23]
50s ExecutionModule:Run(): Decision time => Seconds: 0, Miliseconds: 227
50s ExecutionModule:Run(): Handover time => Seconds: 0, Miliseconds: 123
50s ExecutionModule:Run(): Event: Horizontal Handover.
50s DeviceModule:MoveRandom(): New position: (102, 72)
50s DecisionModule:RemoveNetworkFromList(): Network: 0 out of range!
51s DeviceModule:MoveRandom(): New position: (105, 72)
52s DeviceModule:MoveRandom(): New position: (105, 75)
52s DecisionModule:RemoveNetworkFromList(): Network: 8 out of range!
53s DeviceModule:MoveRandom(): New position: (105, 78)
54s DeviceModule:MoveRandom(): New position: (105, 81)
55s DeviceModule:MoveRandom(): New position: (108, 81)
56s DeviceModule:MoveRandom(): New position: (108, 78)
57s DeviceModule:MoveRandom(): New position: (108, 81)
58s DeviceModule:MoveRandom(): New position: (108, 84)
59s DeviceModule:MoveRandom(): New position: (108, 81)
60s DecisionModule:Run(): Run decision
60s DecisionModule:AnalyzingNetworks(): Current Network: 
       [Network #7, Technology = Wifi, Address = 02-06-00:00:00:00:00:09, { DataRate: 97, SignalStrength: 64, AntiFragility: 61}, IQ: 70]
60s DecisionModule:ShowAllNetworks(): All detected networks:
       [Network #7, Technology = Wifi, Address = 02-06-00:00:00:00:00:09, { DataRate: 97, SignalStrength: 64, AntiFragility: 61}, IQ: 70]
       [Network #4, Technology = Wifi, Address = 02-06-00:00:00:00:00:06, { DataRate: 20, SignalStrength: 91, AntiFragility: 55}, IQ: 55]
       [Network #5, Technology = Wifi, Address = 02-06-00:00:00:00:00:07, { DataRate: 62, SignalStrength: 51, AntiFragility: 52}, IQ: 54]
       [Network #2, Technology = Wifi, Address = 02-06-00:00:00:00:00:04, { DataRate: 84, SignalStrength: 71, AntiFragility: 25}, IQ: 51]
       [Network #1, Technology = Wifi, Address = 02-06-00:00:00:00:00:03, { DataRate: 85, SignalStrength: 31, AntiFragility: 32}, IQ: 45]
       [Network #6, Technology = Wifi, Address = 02-06-00:00:00:00:00:08, { DataRate: 77, SignalStrength: 27, AntiFragility: 18}, IQ: 35]
       [Network #9, Technology = Wimax, Address = 02-06-00:00:00:00:00:0c, { DataRate: 99, SignalStrength: 13, AntiFragility: 8}, IQ: 32]
       [Network #3, Technology = Wifi, Address = 02-06-00:00:00:00:00:05, { DataRate: 14, SignalStrength: 55, AntiFragility: 31}, IQ: 32]
60s ExecutionModule:Run(): Decision time => Seconds: 0, Miliseconds: 439
60s ExecutionModule:Run(): Handover time => Seconds: 0, Miliseconds: 205
60s ExecutionModule:Run(): Event: Horizontal Handover.
60s DeviceModule:MoveRandom(): New position: (105, 81)
61s DeviceModule:MoveRandom(): New position: (105, 78)
62s DeviceModule:MoveRandom(): New position: (105, 75)
63s DeviceModule:MoveRandom(): New position: (105, 72)
63s DecisionModule:AddNetworkToList(): Network detected
64s DeviceModule:MoveRandom(): New position: (105, 69)
65s DeviceModule:MoveRandom(): New position: (108, 69)
65s DecisionModule:RemoveNetworkFromList(): Network: 8 out of range!
66s DeviceModule:MoveRandom(): New position: (108, 72)
67s DeviceModule:MoveRandom(): New position: (111, 72)
68s DeviceModule:MoveRandom(): New position: (108, 72)
69s DeviceModule:MoveRandom(): New position: (108, 69)
70s DecisionModule:Run(): Run decision
70s DecisionModule:AnalyzingNetworks(): Current Network: 
       [Network #9, Technology = Wimax, Address = 02-06-00:00:00:00:00:0c, { DataRate: 58, SignalStrength: 56, AntiFragility: 92}, IQ: 74]
70s DecisionModule:ShowAllNetworks(): All detected networks:
       [Network #9, Technology = Wimax, Address = 02-06-00:00:00:00:00:0c, { DataRate: 58, SignalStrength: 56, AntiFragility: 92}, IQ: 74]
       [Network #3, Technology = Wifi, Address = 02-06-00:00:00:00:00:05, { DataRate: 75, SignalStrength: 37, AntiFragility: 75}, IQ: 65]
       [Network #5, Technology = Wifi, Address = 02-06-00:00:00:00:00:07, { DataRate: 29, SignalStrength: 79, AntiFragility: 57}, IQ: 55]
       [Network #6, Technology = Wifi, Address = 02-06-00:00:00:00:00:08, { DataRate: 6, SignalStrength: 97, AntiFragility: 43}, IQ: 47]
       [Network #7, Technology = Wifi, Address = 02-06-00:00:00:00:00:09, { DataRate: 99, SignalStrength: 72, AntiFragility: 8}, IQ: 46]
       [Network #4, Technology = Wifi, Address = 02-06-00:00:00:00:00:06, { DataRate: 78, SignalStrength: 44, AntiFragility: 11}, IQ: 36]
       [Network #2, Technology = Wifi, Address = 02-06-00:00:00:00:00:04, { DataRate: 32, SignalStrength: 29, AntiFragility: 13}, IQ: 21]
       [Network #1, Technology = Wifi, Address = 02-06-00:00:00:00:00:03, { DataRate: 3, SignalStrength: 26, AntiFragility: 22}, IQ: 18]
70s ExecutionModule:Run(): Decision time => Seconds: 0, Miliseconds: 193
70s ExecutionModule:Run(): Handover time => Seconds: 0, Miliseconds: 31
70s ExecutionModule:Run(): Event: Vertical Handover.
70s DeviceModule:MoveRandom(): New position: (111, 69)
71s DeviceModule:MoveRandom(): New position: (114, 69)
72s DeviceModule:MoveRandom(): New position: (114, 66)
73s DeviceModule:MoveRandom(): New position: (114, 69)
74s DeviceModule:MoveRandom(): New position: (111, 69)
75s DeviceModule:MoveRandom(): New position: (108, 69)
76s DeviceModule:MoveRandom(): New position: (105, 69)
76s DecisionModule:AddNetworkToList(): Network detected
77s DeviceModule:MoveRandom(): New position: (105, 72)
78s DeviceModule:MoveRandom(): New position: (105, 75)
78s DecisionModule:RemoveNetworkFromList(): Network: 8 out of range!
79s DeviceModule:MoveRandom(): New position: (108, 75)
80s DecisionModule:Run(): Run decision
80s DecisionModule:AnalyzingNetworks(): Current Network: 
       [Network #3, Technology = Wifi, Address = 02-06-00:00:00:00:00:05, { DataRate: 69, SignalStrength: 94, AntiFragility: 93}, IQ: 87]
80s DecisionModule:ShowAllNetworks(): All detected networks:
       [Network #3, Technology = Wifi, Address = 02-06-00:00:00:00:00:05, { DataRate: 69, SignalStrength: 94, AntiFragility: 93}, IQ: 87]
       [Network #6, Technology = Wifi, Address = 02-06-00:00:00:00:00:08, { DataRate: 51, SignalStrength: 83, AntiFragility: 89}, IQ: 78]
       [Network #9, Technology = Wimax, Address = 02-06-00:00:00:00:00:0c, { DataRate: 33, SignalStrength: 83, AntiFragility: 88}, IQ: 73]
       [Network #7, Technology = Wifi, Address = 02-06-00:00:00:00:00:09, { DataRate: 75, SignalStrength: 41, AntiFragility: 87}, IQ: 72]
       [Network #2, Technology = Wifi, Address = 02-06-00:00:00:00:00:04, { DataRate: 32, SignalStrength: 97, AntiFragility: 66}, IQ: 65]
       [Network #1, Technology = Wifi, Address = 02-06-00:00:00:00:00:03, { DataRate: 4, SignalStrength: 62, AntiFragility: 48}, IQ: 40]
       [Network #4, Technology = Wifi, Address = 02-06-00:00:00:00:00:06, { DataRate: 38, SignalStrength: 25, AntiFragility: 31}, IQ: 31]
       [Network #5, Technology = Wifi, Address = 02-06-00:00:00:00:00:07, { DataRate: 1, SignalStrength: 25, AntiFragility: 21}, IQ: 17]
80s ExecutionModule:Run(): Decision time => Seconds: 0, Miliseconds: 211
80s ExecutionModule:Run(): Handover time => Seconds: 0, Miliseconds: 32
80s ExecutionModule:Run(): Event: Vertical Handover.
80s DeviceModule:MoveRandom(): New position: (111, 75)
81s DeviceModule:MoveRandom(): New position: (114, 75)
82s DeviceModule:MoveRandom(): New position: (117, 75)
83s DeviceModule:MoveRandom(): New position: (120, 75)
84s DeviceModule:MoveRandom(): New position: (117, 75)
85s DeviceModule:MoveRandom(): New position: (114, 75)
86s DeviceModule:MoveRandom(): New position: (114, 72)
87s DeviceModule:MoveRandom(): New position: (111, 72)
88s DeviceModule:MoveRandom(): New position: (111, 69)
89s DeviceModule:MoveRandom(): New position: (111, 66)
90s DecisionModule:Run(): Run decision
90s DecisionModule:AnalyzingNetworks(): Current Network: 
       [Network #7, Technology = Wifi, Address = 02-06-00:00:00:00:00:09, { DataRate: 98, SignalStrength: 9, AntiFragility: 98}, IQ: 75]
90s DecisionModule:ShowAllNetworks(): All detected networks:
       [Network #7, Technology = Wifi, Address = 02-06-00:00:00:00:00:09, { DataRate: 98, SignalStrength: 9, AntiFragility: 98}, IQ: 75]
       [Network #5, Technology = Wifi, Address = 02-06-00:00:00:00:00:07, { DataRate: 11, SignalStrength: 83, AntiFragility: 91}, IQ: 69]
       [Network #9, Technology = Wimax, Address = 02-06-00:00:00:00:00:0c, { DataRate: 92, SignalStrength: 6, AntiFragility: 84}, IQ: 66]
       [Network #3, Technology = Wifi, Address = 02-06-00:00:00:00:00:05, { DataRate: 57, SignalStrength: 6, AntiFragility: 92}, IQ: 61]
       [Network #1, Technology = Wifi, Address = 02-06-00:00:00:00:00:03, { DataRate: 67, SignalStrength: 16, AntiFragility: 65}, IQ: 53]
       [Network #4, Technology = Wifi, Address = 02-06-00:00:00:00:00:06, { DataRate: 41, SignalStrength: 27, AntiFragility: 67}, IQ: 50]
       [Network #6, Technology = Wifi, Address = 02-06-00:00:00:00:00:08, { DataRate: 46, SignalStrength: 14, AntiFragility: 69}, IQ: 49]
       [Network #2, Technology = Wifi, Address = 02-06-00:00:00:00:00:04, { DataRate: 39, SignalStrength: 25, AntiFragility: 57}, IQ: 44]
90s ExecutionModule:Run(): Decision time => Seconds: 0, Miliseconds: 193
90s ExecutionModule:Run(): Handover time => Seconds: 0, Miliseconds: 123
90s ExecutionModule:Run(): Event: Horizontal Handover.
90s DeviceModule:MoveRandom(): New position: (111, 69)
91s DeviceModule:MoveRandom(): New position: (108, 69)
92s DeviceModule:MoveRandom(): New position: (108, 66)
92s DecisionModule:AddNetworkToList(): Network detected
93s DeviceModule:MoveRandom(): New position: (111, 66)
93s DecisionModule:RemoveNetworkFromList(): Network: 8 out of range!
94s DeviceModule:MoveRandom(): New position: (111, 63)
95s DeviceModule:MoveRandom(): New position: (111, 66)
96s DeviceModule:MoveRandom(): New position: (114, 66)
97s DeviceModule:MoveRandom(): New position: (114, 63)
98s DeviceModule:MoveRandom(): New position: (114, 60)
99s DeviceModule:MoveRandom(): New position: (114, 57)
100s DecisionModule:Run(): Run decision
100s DecisionModule:AnalyzingNetworks(): Current Network: 
       [Network #9, Technology = Wimax, Address = 02-06-00:00:00:00:00:0c, { DataRate: 42, SignalStrength: 99, AntiFragility: 87}, IQ: 78]
100s DecisionModule:ShowAllNetworks(): All detected networks:
       [Network #9, Technology = Wimax, Address = 02-06-00:00:00:00:00:0c, { DataRate: 42, SignalStrength: 99, AntiFragility: 87}, IQ: 78]
       [Network #5, Technology = Wifi, Address = 02-06-00:00:00:00:00:07, { DataRate: 31, SignalStrength: 96, AntiFragility: 60}, IQ: 61]
       [Network #4, Technology = Wifi, Address = 02-06-00:00:00:00:00:06, { DataRate: 43, SignalStrength: 52, AntiFragility: 52}, IQ: 49]
       [Network #6, Technology = Wifi, Address = 02-06-00:00:00:00:00:08, { DataRate: 74, SignalStrength: 97, AntiFragility: 10}, IQ: 47]
       [Network #7, Technology = Wifi, Address = 02-06-00:00:00:00:00:09, { DataRate: 79, SignalStrength: 64, AntiFragility: 6}, IQ: 38]
       [Network #3, Technology = Wifi, Address = 02-06-00:00:00:00:00:05, { DataRate: 62, SignalStrength: 13, AntiFragility: 37}, IQ: 37]
       [Network #2, Technology = Wifi, Address = 02-06-00:00:00:00:00:04, { DataRate: 14, SignalStrength: 89, AntiFragility: 5}, IQ: 28]
       [Network #1, Technology = Wifi, Address = 02-06-00:00:00:00:00:03, { DataRate: 4, SignalStrength: 15, AntiFragility: 19}, IQ: 14]
100s ExecutionModule:Run(): Decision time => Seconds: 0, Miliseconds: 471
100s ExecutionModule:Run(): Handover time => Seconds: 0, Miliseconds: 79
100s ExecutionModule:Run(): Event: Vertical Handover.
100s DeviceModule:MoveRandom(): New position: (114, 54)
101s DeviceModule:MoveRandom(): New position: (117, 54)
102s DeviceModule:MoveRandom(): New position: (117, 57)
103s DeviceModule:MoveRandom(): New position: (114, 57)
104s DeviceModule:MoveRandom(): New position: (114, 60)
105s DeviceModule:MoveRandom(): New position: (114, 57)
106s DeviceModule:MoveRandom(): New position: (111, 57)
106s DecisionModule:AddNetworkToList(): Network detected
107s DeviceModule:MoveRandom(): New position: (111, 54)
108s DeviceModule:MoveRandom(): New position: (114, 54)
108s DecisionModule:RemoveNetworkFromList(): Network: 8 out of range!
109s DeviceModule:MoveRandom(): New position: (117, 54)
110s DecisionModule:Run(): Run decision
110s DecisionModule:AnalyzingNetworks(): Current Network: 
       [Network #7, Technology = Wifi, Address = 02-06-00:00:00:00:00:09, { DataRate: 25, SignalStrength: 94, AntiFragility: 93}, IQ: 76]
110s DecisionModule:ShowAllNetworks(): All detected networks:
       [Network #7, Technology = Wifi, Address = 02-06-00:00:00:00:00:09, { DataRate: 25, SignalStrength: 94, AntiFragility: 93}, IQ: 76]
       [Network #1, Technology = Wifi, Address = 02-06-00:00:00:00:00:03, { DataRate: 15, SignalStrength: 16, AntiFragility: 94}, IQ: 54]
       [Network #2, Technology = Wifi, Address = 02-06-00:00:00:00:00:04, { DataRate: 57, SignalStrength: 96, AntiFragility: 28}, IQ: 52]
       [Network #6, Technology = Wifi, Address = 02-06-00:00:00:00:00:08, { DataRate: 3, SignalStrength: 74, AntiFragility: 51}, IQ: 44]
       [Network #5, Technology = Wifi, Address = 02-06-00:00:00:00:00:07, { DataRate: 68, SignalStrength: 42, AntiFragility: 33}, IQ: 44]
       [Network #9, Technology = Wimax, Address = 02-06-00:00:00:00:00:0c, { DataRate: 43, SignalStrength: 79, AntiFragility: 26}, IQ: 43]
       [Network #3, Technology = Wifi, Address = 02-06-00:00:00:00:00:05, { DataRate: 1, SignalStrength: 31, AntiFragility: 45}, IQ: 30]
       [Network #4, Technology = Wifi, Address = 02-06-00:00:00:00:00:06, { DataRate: 36, SignalStrength: 34, AntiFragility: 4}, IQ: 19]
110s ExecutionModule:Run(): Decision time => Seconds: 0, Miliseconds: 194
110s ExecutionModule:Run(): Handover time => Seconds: 0, Miliseconds: 32
110s ExecutionModule:Run(): Event: Vertical Handover.
110s DeviceModule:MoveRandom(): New position: (114, 54)
111s DeviceModule:MoveRandom(): New position: (117, 54)
112s DeviceModule:MoveRandom(): New position: (117, 57)
113s DeviceModule:MoveRandom(): New position: (117, 60)
114s DeviceModule:MoveRandom(): New position: (114, 60)
115s DeviceModule:MoveRandom(): New position: (117, 60)
116s DeviceModule:MoveRandom(): New position: (114, 60)
117s DeviceModule:MoveRandom(): New position: (114, 63)
118s DeviceModule:MoveRandom(): New position: (114, 60)
119s DeviceModule:MoveRandom(): New position: (117, 60)
120s DecisionModule:Run(): Run decision
120s DecisionModule:AnalyzingNetworks(): Current Network: 
       [Network #9, Technology = Wimax, Address = 02-06-00:00:00:00:00:0c, { DataRate: 74, SignalStrength: 49, AntiFragility: 54}, IQ: 57]
120s DecisionModule:ShowAllNetworks(): All detected networks:
       [Network #9, Technology = Wimax, Address = 02-06-00:00:00:00:00:0c, { DataRate: 74, SignalStrength: 49, AntiFragility: 54}, IQ: 57]
       [Network #4, Technology = Wifi, Address = 02-06-00:00:00:00:00:06, { DataRate: 98, SignalStrength: 3, AntiFragility: 36}, IQ: 43]
       [Network #3, Technology = Wifi, Address = 02-06-00:00:00:00:00:05, { DataRate: 79, SignalStrength: 22, AntiFragility: 31}, IQ: 40]
       [Network #7, Technology = Wifi, Address = 02-06-00:00:00:00:00:09, { DataRate: 7, SignalStrength: 13, AntiFragility: 55}, IQ: 32]
       [Network #6, Technology = Wifi, Address = 02-06-00:00:00:00:00:08, { DataRate: 42, SignalStrength: 42, AntiFragility: 19}, IQ: 30]
       [Network #1, Technology = Wifi, Address = 02-06-00:00:00:00:00:03, { DataRate: 17, SignalStrength: 28, AntiFragility: 20}, IQ: 21]
       [Network #5, Technology = Wifi, Address = 02-06-00:00:00:00:00:07, { DataRate: 14, SignalStrength: 36, AntiFragility: 14}, IQ: 19]
       [Network #2, Technology = Wifi, Address = 02-06-00:00:00:00:00:04, { DataRate: 34, SignalStrength: 27, AntiFragility: 3}, IQ: 16]
120s ExecutionModule:Run(): Decision time => Seconds: 0, Miliseconds: 213
120s ExecutionModule:Run(): Handover time => Seconds: 0, Miliseconds: 30
120s ExecutionModule:Run(): Event: Vertical Handover.
120s DeviceModule:MoveRandom(): New position: (114, 60)
121s DeviceModule:MoveRandom(): New position: (117, 60)
122s DeviceModule:MoveRandom(): New position: (117, 63)
123s DeviceModule:MoveRandom(): New position: (120, 63)
124s DeviceModule:MoveRandom(): New position: (123, 63)
125s DeviceModule:MoveRandom(): New position: (123, 66)
126s DeviceModule:MoveRandom(): New position: (123, 63)
127s DeviceModule:MoveRandom(): New position: (123, 60)
128s DeviceModule:MoveRandom(): New position: (123, 57)
129s DeviceModule:MoveRandom(): New position: (126, 57)
130s DecisionModule:Run(): Run decision
130s DecisionModule:AnalyzingNetworks(): Current Network: 
       [Network #7, Technology = Wifi, Address = 02-06-00:00:00:00:00:09, { DataRate: 36, SignalStrength: 80, AntiFragility: 77}, IQ: 67]
130s DecisionModule:ShowAllNetworks(): All detected networks:
       [Network #7, Technology = Wifi, Address = 02-06-00:00:00:00:00:09, { DataRate: 36, SignalStrength: 80, AntiFragility: 77}, IQ: 67]
       [Network #6, Technology = Wifi, Address = 02-06-00:00:00:00:00:08, { DataRate: 76, SignalStrength: 76, AntiFragility: 53}, IQ: 64]
       [Network #4, Technology = Wifi, Address = 02-06-00:00:00:00:00:06, { DataRate: 34, SignalStrength: 19, AntiFragility: 97}, IQ: 61]
       [Network #1, Technology = Wifi, Address = 02-06-00:00:00:00:00:03, { DataRate: 76, SignalStrength: 9, AntiFragility: 77}, IQ: 59]
       [Network #3, Technology = Wifi, Address = 02-06-00:00:00:00:00:05, { DataRate: 2, SignalStrength: 83, AntiFragility: 68}, IQ: 55]
       [Network #9, Technology = Wimax, Address = 02-06-00:00:00:00:00:0c, { DataRate: 78, SignalStrength: 42, AntiFragility: 44}, IQ: 52]
       [Network #5, Technology = Wifi, Address = 02-06-00:00:00:00:00:07, { DataRate: 88, SignalStrength: 15, AntiFragility: 54}, IQ: 52]
       [Network #2, Technology = Wifi, Address = 02-06-00:00:00:00:00:04, { DataRate: 76, SignalStrength: 80, AntiFragility: 26}, IQ: 52]
130s ExecutionModule:Run(): Decision time => Seconds: 0, Miliseconds: 198
130s ExecutionModule:Run(): Handover time => Seconds: 0, Miliseconds: 32
130s ExecutionModule:Run(): Event: Vertical Handover.
130s DeviceModule:MoveRandom(): New position: (129, 57)
131s DeviceModule:MoveRandom(): New position: (132, 57)
132s DeviceModule:MoveRandom(): New position: (129, 57)
133s DeviceModule:MoveRandom(): New position: (126, 57)
134s DeviceModule:MoveRandom(): New position: (126, 54)
135s DeviceModule:MoveRandom(): New position: (126, 57)
136s DeviceModule:MoveRandom(): New position: (123, 57)
137s DeviceModule:MoveRandom(): New position: (123, 54)
138s DeviceModule:MoveRandom(): New position: (126, 54)
139s DeviceModule:MoveRandom(): New position: (126, 51)
140s DecisionModule:Run(): Run decision
140s DecisionModule:AnalyzingNetworks(): Current Network: 
       [Network #6, Technology = Wifi, Address = 02-06-00:00:00:00:00:08, { DataRate: 35, SignalStrength: 90, AntiFragility: 90}, IQ: 76]
140s DecisionModule:ShowAllNetworks(): All detected networks:
       [Network #6, Technology = Wifi, Address = 02-06-00:00:00:00:00:08, { DataRate: 35, SignalStrength: 90, AntiFragility: 90}, IQ: 76]
       [Network #2, Technology = Wifi, Address = 02-06-00:00:00:00:00:04, { DataRate: 63, SignalStrength: 78, AntiFragility: 59}, IQ: 64]
       [Network #4, Technology = Wifi, Address = 02-06-00:00:00:00:00:06, { DataRate: 49, SignalStrength: 62, AntiFragility: 60}, IQ: 57]
       [Network #1, Technology = Wifi, Address = 02-06-00:00:00:00:00:03, { DataRate: 71, SignalStrength: 70, AntiFragility: 44}, IQ: 57]
       [Network #5, Technology = Wifi, Address = 02-06-00:00:00:00:00:07, { DataRate: 64, SignalStrength: 80, AntiFragility: 23}, IQ: 47]
       [Network #9, Technology = Wimax, Address = 02-06-00:00:00:00:00:0c, { DataRate: 31, SignalStrength: 38, AntiFragility: 54}, IQ: 44]
       [Network #7, Technology = Wifi, Address = 02-06-00:00:00:00:00:09, { DataRate: 40, SignalStrength: 1, AntiFragility: 43}, IQ: 31]
       [Network #3, Technology = Wifi, Address = 02-06-00:00:00:00:00:05, { DataRate: 57, SignalStrength: 12, AntiFragility: 23}, IQ: 28]
140s ExecutionModule:Run(): Decision time => Seconds: 0, Miliseconds: 385
140s ExecutionModule:Run(): Handover time => Seconds: 0, Miliseconds: 185
140s ExecutionModule:Run(): Event: Horizontal Handover.
140s DeviceModule:MoveRandom(): New position: (126, 54)
141s DeviceModule:MoveRandom(): New position: (129, 54)
142s DeviceModule:MoveRandom(): New position: (132, 54)
143s DeviceModule:MoveRandom(): New position: (129, 54)
144s DeviceModule:MoveRandom(): New position: (132, 54)
145s DeviceModule:MoveRandom(): New position: (129, 54)
146s DeviceModule:MoveRandom(): New position: (126, 54)
147s DeviceModule:MoveRandom(): New position: (126, 57)
148s DeviceModule:MoveRandom(): New position: (123, 57)
149s DeviceModule:MoveRandom(): New position: (126, 57)
150s DecisionModule:Run(): Run decision
150s DecisionModule:AnalyzingNetworks(): Current Network: 
       [Network #7, Technology = Wifi, Address = 02-06-00:00:00:00:00:09, { DataRate: 50, SignalStrength: 66, AntiFragility: 95}, IQ: 76]
150s DecisionModule:ShowAllNetworks(): All detected networks:
       [Network #7, Technology = Wifi, Address = 02-06-00:00:00:00:00:09, { DataRate: 50, SignalStrength: 66, AntiFragility: 95}, IQ: 76]
       [Network #6, Technology = Wifi, Address = 02-06-00:00:00:00:00:08, { DataRate: 94, SignalStrength: 5, AntiFragility: 97}, IQ: 73]
       [Network #9, Technology = Wimax, Address = 02-06-00:00:00:00:00:0c, { DataRate: 39, SignalStrength: 83, AntiFragility: 81}, IQ: 71]
       [Network #1, Technology = Wifi, Address = 02-06-00:00:00:00:00:03, { DataRate: 64, SignalStrength: 52, AntiFragility: 70}, IQ: 64]
       [Network #3, Technology = Wifi, Address = 02-06-00:00:00:00:00:05, { DataRate: 31, SignalStrength: 43, AntiFragility: 78}, IQ: 57]
       [Network #4, Technology = Wifi, Address = 02-06-00:00:00:00:00:06, { DataRate: 29, SignalStrength: 13, AntiFragility: 54}, IQ: 37]
       [Network #2, Technology = Wifi, Address = 02-06-00:00:00:00:00:04, { DataRate: 31, SignalStrength: 25, AntiFragility: 40}, IQ: 34]
       [Network #5, Technology = Wifi, Address = 02-06-00:00:00:00:00:07, { DataRate: 6, SignalStrength: 86, AntiFragility: 3}, IQ: 24]
150s ExecutionModule:Run(): Decision time => Seconds: 0, Miliseconds: 194
150s ExecutionModule:Run(): Handover time => Seconds: 0, Miliseconds: 121
150s ExecutionModule:Run(): Event: Horizontal Handover.
150s DeviceModule:MoveRandom(): New position: (129, 57)
151s DeviceModule:MoveRandom(): New position: (129, 60)
152s DeviceModule:MoveRandom(): New position: (129, 63)
153s DeviceModule:MoveRandom(): New position: (132, 63)
154s DeviceModule:MoveRandom(): New position: (135, 63)
155s DeviceModule:MoveRandom(): New position: (135, 66)
156s DeviceModule:MoveRandom(): New position: (138, 66)
157s DeviceModule:MoveRandom(): New position: (141, 66)
158s DeviceModule:MoveRandom(): New position: (138, 66)
159s DeviceModule:MoveRandom(): New position: (138, 63)
160s DecisionModule:Run(): Run decision
160s DecisionModule:AnalyzingNetworks(): Current Network: 
       [Network #5, Technology = Wifi, Address = 02-06-00:00:00:00:00:07, { DataRate: 44, SignalStrength: 46, AntiFragility: 86}, IQ: 65]
160s DecisionModule:ShowAllNetworks(): All detected networks:
       [Network #5, Technology = Wifi, Address = 02-06-00:00:00:00:00:07, { DataRate: 44, SignalStrength: 46, AntiFragility: 86}, IQ: 65]
       [Network #3, Technology = Wifi, Address = 02-06-00:00:00:00:00:05, { DataRate: 71, SignalStrength: 81, AntiFragility: 16}, IQ: 46]
       [Network #9, Technology = Wimax, Address = 02-06-00:00:00:00:00:0c, { DataRate: 55, SignalStrength: 5, AntiFragility: 61}, IQ: 45]
       [Network #4, Technology = Wifi, Address = 02-06-00:00:00:00:00:06, { DataRate: 75, SignalStrength: 56, AntiFragility: 14}, IQ: 39]
       [Network #1, Technology = Wifi, Address = 02-06-00:00:00:00:00:03, { DataRate: 99, SignalStrength: 1, AntiFragility: 23}, IQ: 36]
       [Network #6, Technology = Wifi, Address = 02-06-00:00:00:00:00:08, { DataRate: 5, SignalStrength: 21, AntiFragility: 40}, IQ: 26]
       [Network #2, Technology = Wifi, Address = 02-06-00:00:00:00:00:04, { DataRate: 15, SignalStrength: 7, AntiFragility: 36}, IQ: 23]
       [Network #7, Technology = Wifi, Address = 02-06-00:00:00:00:00:09, { DataRate: 50, SignalStrength: 21, AntiFragility: 4}, IQ: 19]
160s ExecutionModule:Run(): Decision time => Seconds: 0, Miliseconds: 229
160s ExecutionModule:Run(): Handover time => Seconds: 0, Miliseconds: 123
160s ExecutionModule:Run(): Event: Horizontal Handover.
160s DeviceModule:MoveRandom(): New position: (135, 63)
161s DeviceModule:MoveRandom(): New position: (132, 63)
162s DeviceModule:MoveRandom(): New position: (132, 66)
163s DeviceModule:MoveRandom(): New position: (132, 69)
164s DeviceModule:MoveRandom(): New position: (135, 69)
165s DeviceModule:MoveRandom(): New position: (132, 69)
166s DeviceModule:MoveRandom(): New position: (129, 69)
167s DeviceModule:MoveRandom(): New position: (126, 69)
168s DeviceModule:MoveRandom(): New position: (126, 72)
169s DeviceModule:MoveRandom(): New position: (129, 72)
170s DecisionModule:Run(): Run decision
170s DecisionModule:AnalyzingNetworks(): Current Network: 
       [Network #6, Technology = Wifi, Address = 02-06-00:00:00:00:00:08, { DataRate: 31, SignalStrength: 45, AntiFragility: 81}, IQ: 59]
170s DecisionModule:ShowAllNetworks(): All detected networks:
       [Network #6, Technology = Wifi, Address = 02-06-00:00:00:00:00:08, { DataRate: 31, SignalStrength: 45, AntiFragility: 81}, IQ: 59]
       [Network #7, Technology = Wifi, Address = 02-06-00:00:00:00:00:09, { DataRate: 79, SignalStrength: 11, AntiFragility: 66}, IQ: 55]
       [Network #2, Technology = Wifi, Address = 02-06-00:00:00:00:00:04, { DataRate: 29, SignalStrength: 41, AntiFragility: 53}, IQ: 44]
       [Network #1, Technology = Wifi, Address = 02-06-00:00:00:00:00:03, { DataRate: 15, SignalStrength: 30, AntiFragility: 57}, IQ: 39]
       [Network #5, Technology = Wifi, Address = 02-06-00:00:00:00:00:07, { DataRate: 66, SignalStrength: 14, AntiFragility: 20}, IQ: 30]
       [Network #3, Technology = Wifi, Address = 02-06-00:00:00:00:00:05, { DataRate: 30, SignalStrength: 77, AntiFragility: 6}, IQ: 29]
       [Network #9, Technology = Wimax, Address = 02-06-00:00:00:00:00:0c, { DataRate: 18, SignalStrength: 55, AntiFragility: 19}, IQ: 27]
       [Network #4, Technology = Wifi, Address = 02-06-00:00:00:00:00:06, { DataRate: 27, SignalStrength: 16, AntiFragility: 6}, IQ: 13]
170s ExecutionModule:Run(): Decision time => Seconds: 0, Miliseconds: 471
170s ExecutionModule:Run(): Handover time => Seconds: 0, Miliseconds: 133
170s ExecutionModule:Run(): Event: Horizontal Handover.
170s DeviceModule:MoveRandom(): New position: (126, 72)
171s DeviceModule:MoveRandom(): New position: (123, 72)
172s DeviceModule:MoveRandom(): New position: (120, 72)
173s DeviceModule:MoveRandom(): New position: (117, 72)
174s DeviceModule:MoveRandom(): New position: (117, 75)
175s DeviceModule:MoveRandom(): New position: (117, 78)
176s DeviceModule:MoveRandom(): New position: (114, 78)
177s DeviceModule:MoveRandom(): New position: (111, 78)
178s DeviceModule:MoveRandom(): New position: (111, 75)
179s DeviceModule:MoveRandom(): New position: (111, 78)
180s DecisionModule:Run(): Run decision
180s DecisionModule:AnalyzingNetworks(): Current Network: 
       [Network #4, Technology = Wifi, Address = 02-06-00:00:00:00:00:06, { DataRate: 68, SignalStrength: 21, AntiFragility: 96}, IQ: 70]
180s DecisionModule:ShowAllNetworks(): All detected networks:
       [Network #4, Technology = Wifi, Address = 02-06-00:00:00:00:00:06, { DataRate: 68, SignalStrength: 21, AntiFragility: 96}, IQ: 70]
       [Network #6, Technology = Wifi, Address = 02-06-00:00:00:00:00:08, { DataRate: 96, SignalStrength: 30, AntiFragility: 64}, IQ: 63]
       [Network #2, Technology = Wifi, Address = 02-06-00:00:00:00:00:04, { DataRate: 63, SignalStrength: 11, AntiFragility: 74}, IQ: 55]
       [Network #5, Technology = Wifi, Address = 02-06-00:00:00:00:00:07, { DataRate: 42, SignalStrength: 69, AntiFragility: 46}, IQ: 50]
       [Network #1, Technology = Wifi, Address = 02-06-00:00:00:00:00:03, { DataRate: 35, SignalStrength: 64, AntiFragility: 50}, IQ: 49]
       [Network #7, Technology = Wifi, Address = 02-06-00:00:00:00:00:09, { DataRate: 26, SignalStrength: 74, AntiFragility: 44}, IQ: 47]
       [Network #9, Technology = Wimax, Address = 02-06-00:00:00:00:00:0c, { DataRate: 7, SignalStrength: 20, AntiFragility: 33}, IQ: 23]
       [Network #3, Technology = Wifi, Address = 02-06-00:00:00:00:00:05, { DataRate: 33, SignalStrength: 4, AntiFragility: 22}, IQ: 20]
180s ExecutionModule:Run(): Decision time => Seconds: 0, Miliseconds: 197
180s ExecutionModule:Run(): Handover time => Seconds: 0, Miliseconds: 124
180s ExecutionModule:Run(): Event: Horizontal Handover.
180s DeviceModule:MoveRandom(): New position: (108, 78)
181s DeviceModule:MoveRandom(): New position: (108, 81)
182s DeviceModule:MoveRandom(): New position: (105, 81)
183s DeviceModule:MoveRandom(): New position: (102, 81)
183s DecisionModule:AddNetworkToList(): Network detected
184s DeviceModule:MoveRandom(): New position: (102, 84)
185s DeviceModule:MoveRandom(): New position: (105, 84)
185s DecisionModule:RemoveNetworkFromList(): Network: 0 out of range!
186s DeviceModule:MoveRandom(): New position: (105, 87)
187s DeviceModule:MoveRandom(): New position: (105, 90)
188s DeviceModule:MoveRandom(): New position: (108, 90)
189s DeviceModule:MoveRandom(): New position: (105, 90)
190s DecisionModule:Run(): Run decision
190s DecisionModule:AnalyzingNetworks(): Current Network: 
       [Network #7, Technology = Wifi, Address = 02-06-00:00:00:00:00:09, { DataRate: 69, SignalStrength: 97, AntiFragility: 93}, IQ: 88]
190s DecisionModule:ShowAllNetworks(): All detected networks:
       [Network #7, Technology = Wifi, Address = 02-06-00:00:00:00:00:09, { DataRate: 69, SignalStrength: 97, AntiFragility: 93}, IQ: 88]
       [Network #5, Technology = Wifi, Address = 02-06-00:00:00:00:00:07, { DataRate: 80, SignalStrength: 63, AntiFragility: 62}, IQ: 66]
       [Network #4, Technology = Wifi, Address = 02-06-00:00:00:00:00:06, { DataRate: 29, SignalStrength: 77, AntiFragility: 74}, IQ: 63]
       [Network #3, Technology = Wifi, Address = 02-06-00:00:00:00:00:05, { DataRate: 88, SignalStrength: 40, AntiFragility: 57}, IQ: 60]
       [Network #2, Technology = Wifi, Address = 02-06-00:00:00:00:00:04, { DataRate: 17, SignalStrength: 95, AntiFragility: 45}, IQ: 50]
       [Network #9, Technology = Wimax, Address = 02-06-00:00:00:00:00:0c, { DataRate: 44, SignalStrength: 2, AntiFragility: 51}, IQ: 37]
       [Network #1, Technology = Wifi, Address = 02-06-00:00:00:00:00:03, { DataRate: 82, SignalStrength: 53, AntiFragility: 4}, IQ: 35]
       [Network #6, Technology = Wifi, Address = 02-06-00:00:00:00:00:08, { DataRate: 72, SignalStrength: 10, AntiFragility: 13}, IQ: 27]
190s ExecutionModule:Run(): Decision time => Seconds: 0, Miliseconds: 195
190s ExecutionModule:Run(): Handover time => Seconds: 0, Miliseconds: 122
190s ExecutionModule:Run(): Event: Horizontal Handover.
190s DeviceModule:MoveRandom(): New position: (105, 93)
191s DeviceModule:MoveRandom(): New position: (102, 93)
191s DecisionModule:AddNetworkToList(): Network detected
192s DeviceModule:MoveRandom(): New position: (102, 96)
193s DeviceModule:MoveRandom(): New position: (102, 99)
194s DeviceModule:MoveRandom(): New position: (105, 99)
194s DecisionModule:RemoveNetworkFromList(): Network: 0 out of range!
195s DeviceModule:MoveRandom(): New position: (105, 96)
196s DeviceModule:MoveRandom(): New position: (108, 96)
197s DeviceModule:MoveRandom(): New position: (108, 93)
198s DeviceModule:MoveRandom(): New position: (105, 93)
199s DeviceModule:MoveRandom(): New position: (105, 96)
