Waf: Entering directory `/home/renan/Documents/NR2/ns-allinone-3.20/ns-3.20/build'
Waf: Leaving directory `/home/renan/Documents/NR2/ns-allinone-3.20/ns-3.20/build'
'build' finished successfully (1.813s)
0s NetworkModule:SetPosition(): Network 0 set position => (66, 135)
0s NetworkModule:SetRange(): Network 0 set range => 100
0s NetworkModule:SetPosition(): Network 1 set position => (116, 36)
0s NetworkModule:SetRange(): Network 1 set range => 100
0s NetworkModule:SetPosition(): Network 2 set position => (143, 109)
0s NetworkModule:SetRange(): Network 2 set range => 100
0s NetworkModule:SetPosition(): Network 3 set position => (139, 129)
0s NetworkModule:SetRange(): Network 3 set range => 100
0s NetworkModule:SetPosition(): Network 4 set position => (117, 105)
0s NetworkModule:SetRange(): Network 4 set range => 100
0s NetworkModule:SetPosition(): Network 5 set position => (26, 85)
0s NetworkModule:SetRange(): Network 5 set range => 100
0s NetworkModule:SetPosition(): Network 6 set position => (36, 24)
0s NetworkModule:SetRange(): Network 6 set range => 100
0s NetworkModule:SetPosition(): Network 7 set position => (44, 47)
0s NetworkModule:SetRange(): Network 7 set range => 100
0s NetworkModule:SetPosition(): Network 8 set position => (20, 39)
0s NetworkModule:SetRange(): Network 8 set range => 100
0s NetworkModule:SetPosition(): Network 9 set position => (61, 94)
0s NetworkModule:SetRange(): Network 9 set range => 100
0s DeviceModule:ConfigureMobility(): Device [init x = 75, init y = 75, max = 150, velocity = 3]
1s DeviceModule:MoveRandom(): New position: (78, 75)
1s DecisionModule:AddNetworkToList(): Network detected
1s DecisionModule:AddNetworkToList(): Network detected
1s DecisionModule:AddNetworkToList(): Network detected
1s DecisionModule:AddNetworkToList(): Network detected
1s DecisionModule:AddNetworkToList(): Network detected
1s DecisionModule:AddNetworkToList(): Network detected
1s DecisionModule:AddNetworkToList(): Network detected
1s DecisionModule:AddNetworkToList(): Network detected
1s DecisionModule:AddNetworkToList(): Network detected
1s DecisionModule:AddNetworkToList(): Network detected
2s DeviceModule:MoveRandom(): New position: (78, 78)
3s DeviceModule:MoveRandom(): New position: (78, 75)
4s DeviceModule:MoveRandom(): New position: (78, 72)
5s DeviceModule:MoveRandom(): New position: (81, 72)
6s DeviceModule:MoveRandom(): New position: (84, 72)
7s DeviceModule:MoveRandom(): New position: (84, 75)
8s DeviceModule:MoveRandom(): New position: (84, 78)
9s DeviceModule:MoveRandom(): New position: (84, 81)
10s DecisionModule:Run(): Run decision
10s DecisionModule:AnalyzingNetworks(): Current Network: 
       [Network #8, Technology = Wimax, Address = 02-06-00:00:00:00:00:0b, { DataRate: 89, SignalStrength: 45, AntiFragility: 77}, IQ: 72]
10s DecisionModule:ShowAllNetworks(): All detected networks:
       [Network #8, Technology = Wimax, Address = 02-06-00:00:00:00:00:0b, { DataRate: 89, SignalStrength: 45, AntiFragility: 77}, IQ: 72]
       [Network #2, Technology = Wifi, Address = 02-06-00:00:00:00:00:04, { DataRate: 53, SignalStrength: 12, AntiFragility: 91}, IQ: 61]
       [Network #7, Technology = Wifi, Address = 02-06-00:00:00:00:00:09, { DataRate: 42, SignalStrength: 46, AntiFragility: 74}, IQ: 59]
       [Network #6, Technology = Wifi, Address = 02-06-00:00:00:00:00:08, { DataRate: 81, SignalStrength: 56, AntiFragility: 44}, IQ: 56]
       [Network #3, Technology = Wifi, Address = 02-06-00:00:00:00:00:05, { DataRate: 76, SignalStrength: 74, AntiFragility: 21}, IQ: 48]
       [Network #1, Technology = Wifi, Address = 02-06-00:00:00:00:00:03, { DataRate: 87, SignalStrength: 12, AntiFragility: 35}, IQ: 42]
       [Network #9, Technology = Wimax, Address = 02-06-00:00:00:00:00:0c, { DataRate: 90, SignalStrength: 55, AntiFragility: 3}, IQ: 37]
       [Network #4, Technology = Wifi, Address = 02-06-00:00:00:00:00:06, { DataRate: 2, SignalStrength: 58, AntiFragility: 30}, IQ: 30]
       [Network #5, Technology = Wifi, Address = 02-06-00:00:00:00:00:07, { DataRate: 9, SignalStrength: 15, AntiFragility: 33}, IQ: 22]
       [Network #0, Technology = Wifi, Address = 02-06-00:00:00:00:00:02, { DataRate: 54, SignalStrength: 18, AntiFragility: 1}, IQ: 18]
10s DeviceModule:MoveRandom(): New position: (81, 81)
11s DeviceModule:MoveRandom(): New position: (81, 78)
12s DeviceModule:MoveRandom(): New position: (84, 78)
13s DeviceModule:MoveRandom(): New position: (84, 81)
14s DeviceModule:MoveRandom(): New position: (84, 78)
15s DeviceModule:MoveRandom(): New position: (84, 75)
16s DeviceModule:MoveRandom(): New position: (81, 75)
17s DeviceModule:MoveRandom(): New position: (81, 72)
18s DeviceModule:MoveRandom(): New position: (78, 72)
19s DeviceModule:MoveRandom(): New position: (75, 72)
20s DecisionModule:Run(): Run decision
20s DecisionModule:AnalyzingNetworks(): Current Network: 
       [Network #7, Technology = Wifi, Address = 02-06-00:00:00:00:00:09, { DataRate: 85, SignalStrength: 97, AntiFragility: 61}, IQ: 76]
20s DecisionModule:ShowAllNetworks(): All detected networks:
       [Network #7, Technology = Wifi, Address = 02-06-00:00:00:00:00:09, { DataRate: 85, SignalStrength: 97, AntiFragility: 61}, IQ: 76]
       [Network #8, Technology = Wimax, Address = 02-06-00:00:00:00:00:0b, { DataRate: 89, SignalStrength: 8, AntiFragility: 76}, IQ: 62]
       [Network #6, Technology = Wifi, Address = 02-06-00:00:00:00:00:08, { DataRate: 48, SignalStrength: 6, AntiFragility: 80}, IQ: 53]
       [Network #4, Technology = Wifi, Address = 02-06-00:00:00:00:00:06, { DataRate: 88, SignalStrength: 43, AntiFragility: 38}, IQ: 51]
       [Network #2, Technology = Wifi, Address = 02-06-00:00:00:00:00:04, { DataRate: 96, SignalStrength: 62, AntiFragility: 17}, IQ: 48]
       [Network #3, Technology = Wifi, Address = 02-06-00:00:00:00:00:05, { DataRate: 9, SignalStrength: 8, AntiFragility: 72}, IQ: 40]
       [Network #0, Technology = Wifi, Address = 02-06-00:00:00:00:00:02, { DataRate: 62, SignalStrength: 72, AntiFragility: 4}, IQ: 35]
       [Network #1, Technology = Wifi, Address = 02-06-00:00:00:00:00:03, { DataRate: 52, SignalStrength: 51, AntiFragility: 10}, IQ: 30]
       [Network #9, Technology = Wimax, Address = 02-06-00:00:00:00:00:0c, { DataRate: 15, SignalStrength: 70, AntiFragility: 12}, IQ: 27]
       [Network #5, Technology = Wifi, Address = 02-06-00:00:00:00:00:07, { DataRate: 20, SignalStrength: 10, AntiFragility: 23}, IQ: 19]
20s ExecutionModule:Run(): Decision time => Seconds: 0, Miliseconds: 206
20s ExecutionModule:Run(): Handover time => Seconds: 0, Miliseconds: 274
20s ExecutionModule:Run(): Event: Vertical Handover.
20s DeviceModule:MoveRandom(): New position: (72, 72)
21s DeviceModule:MoveRandom(): New position: (75, 72)
22s DeviceModule:MoveRandom(): New position: (75, 75)
23s DeviceModule:MoveRandom(): New position: (78, 75)
24s DeviceModule:MoveRandom(): New position: (78, 72)
25s DeviceModule:MoveRandom(): New position: (78, 69)
26s DeviceModule:MoveRandom(): New position: (81, 69)
27s DeviceModule:MoveRandom(): New position: (84, 69)
28s DeviceModule:MoveRandom(): New position: (84, 72)
29s DeviceModule:MoveRandom(): New position: (81, 72)
30s DecisionModule:Run(): Run decision
30s DecisionModule:AnalyzingNetworks(): Current Network: 
       [Network #2, Technology = Wifi, Address = 02-06-00:00:00:00:00:04, { DataRate: 79, SignalStrength: 88, AntiFragility: 98}, IQ: 90]
30s DecisionModule:ShowAllNetworks(): All detected networks:
       [Network #2, Technology = Wifi, Address = 02-06-00:00:00:00:00:04, { DataRate: 79, SignalStrength: 88, AntiFragility: 98}, IQ: 90]
       [Network #7, Technology = Wifi, Address = 02-06-00:00:00:00:00:09, { DataRate: 39, SignalStrength: 85, AntiFragility: 68}, IQ: 65]
       [Network #3, Technology = Wifi, Address = 02-06-00:00:00:00:00:05, { DataRate: 39, SignalStrength: 49, AntiFragility: 83}, IQ: 63]
       [Network #9, Technology = Wimax, Address = 02-06-00:00:00:00:00:0c, { DataRate: 64, SignalStrength: 56, AntiFragility: 55}, IQ: 57]
       [Network #1, Technology = Wifi, Address = 02-06-00:00:00:00:00:03, { DataRate: 51, SignalStrength: 39, AntiFragility: 43}, IQ: 44]
       [Network #4, Technology = Wifi, Address = 02-06-00:00:00:00:00:06, { DataRate: 26, SignalStrength: 36, AntiFragility: 49}, IQ: 40]
       [Network #8, Technology = Wimax, Address = 02-06-00:00:00:00:00:0b, { DataRate: 44, SignalStrength: 14, AntiFragility: 50}, IQ: 39]
       [Network #6, Technology = Wifi, Address = 02-06-00:00:00:00:00:08, { DataRate: 85, SignalStrength: 60, AntiFragility: 6}, IQ: 39]
       [Network #0, Technology = Wifi, Address = 02-06-00:00:00:00:00:02, { DataRate: 19, SignalStrength: 39, AntiFragility: 44}, IQ: 36]
       [Network #5, Technology = Wifi, Address = 02-06-00:00:00:00:00:07, { DataRate: 18, SignalStrength: 33, AntiFragility: 15}, IQ: 20]
30s ExecutionModule:Run(): Decision time => Seconds: 0, Miliseconds: 225
30s ExecutionModule:Run(): Handover time => Seconds: 0, Miliseconds: 121
30s ExecutionModule:Run(): Event: Horizontal Handover.
30s DeviceModule:MoveRandom(): New position: (81, 69)
31s DeviceModule:MoveRandom(): New position: (78, 69)
32s DeviceModule:MoveRandom(): New position: (78, 72)
33s DeviceModule:MoveRandom(): New position: (78, 69)
34s DeviceModule:MoveRandom(): New position: (75, 69)
35s DeviceModule:MoveRandom(): New position: (78, 69)
36s DeviceModule:MoveRandom(): New position: (75, 69)
37s DeviceModule:MoveRandom(): New position: (75, 72)
38s DeviceModule:MoveRandom(): New position: (75, 69)
39s DeviceModule:MoveRandom(): New position: (75, 66)
40s DecisionModule:Run(): Run decision
40s DecisionModule:AnalyzingNetworks(): Current Network: 
       [Network #9, Technology = Wimax, Address = 02-06-00:00:00:00:00:0c, { DataRate: 52, SignalStrength: 72, AntiFragility: 92}, IQ: 77]
40s DecisionModule:ShowAllNetworks(): All detected networks:
       [Network #9, Technology = Wimax, Address = 02-06-00:00:00:00:00:0c, { DataRate: 52, SignalStrength: 72, AntiFragility: 92}, IQ: 77]
       [Network #3, Technology = Wifi, Address = 02-06-00:00:00:00:00:05, { DataRate: 29, SignalStrength: 65, AntiFragility: 97}, IQ: 72]
       [Network #0, Technology = Wifi, Address = 02-06-00:00:00:00:00:02, { DataRate: 69, SignalStrength: 44, AntiFragility: 86}, IQ: 71]
       [Network #5, Technology = Wifi, Address = 02-06-00:00:00:00:00:07, { DataRate: 40, SignalStrength: 82, AntiFragility: 77}, IQ: 69]
       [Network #4, Technology = Wifi, Address = 02-06-00:00:00:00:00:06, { DataRate: 6, SignalStrength: 17, AntiFragility: 75}, IQ: 43]
       [Network #6, Technology = Wifi, Address = 02-06-00:00:00:00:00:08, { DataRate: 8, SignalStrength: 25, AntiFragility: 55}, IQ: 35]
       [Network #7, Technology = Wifi, Address = 02-06-00:00:00:00:00:09, { DataRate: 47, SignalStrength: 9, AntiFragility: 41}, IQ: 34]
       [Network #8, Technology = Wimax, Address = 02-06-00:00:00:00:00:0b, { DataRate: 67, SignalStrength: 48, AntiFragility: 9}, IQ: 33]
       [Network #1, Technology = Wifi, Address = 02-06-00:00:00:00:00:03, { DataRate: 15, SignalStrength: 86, AntiFragility: 3}, IQ: 26]
       [Network #2, Technology = Wifi, Address = 02-06-00:00:00:00:00:04, { DataRate: 43, SignalStrength: 35, AntiFragility: 14}, IQ: 26]
40s ExecutionModule:Run(): Decision time => Seconds: 0, Miliseconds: 208
40s ExecutionModule:Run(): Handover time => Seconds: 0, Miliseconds: 44
40s ExecutionModule:Run(): Event: Vertical Handover.
40s DeviceModule:MoveRandom(): New position: (75, 69)
41s DeviceModule:MoveRandom(): New position: (75, 72)
42s DeviceModule:MoveRandom(): New position: (75, 69)
43s DeviceModule:MoveRandom(): New position: (78, 69)
44s DeviceModule:MoveRandom(): New position: (81, 69)
45s DeviceModule:MoveRandom(): New position: (78, 69)
46s DeviceModule:MoveRandom(): New position: (78, 72)
47s DeviceModule:MoveRandom(): New position: (75, 72)
48s DeviceModule:MoveRandom(): New position: (75, 69)
49s DeviceModule:MoveRandom(): New position: (75, 66)
50s DecisionModule:Run(): Run decision
50s DecisionModule:AnalyzingNetworks(): Current Network: 
       [Network #4, Technology = Wifi, Address = 02-06-00:00:00:00:00:06, { DataRate: 23, SignalStrength: 93, AntiFragility: 91}, IQ: 74]
50s DecisionModule:ShowAllNetworks(): All detected networks:
       [Network #4, Technology = Wifi, Address = 02-06-00:00:00:00:00:06, { DataRate: 23, SignalStrength: 93, AntiFragility: 91}, IQ: 74]
       [Network #0, Technology = Wifi, Address = 02-06-00:00:00:00:00:02, { DataRate: 56, SignalStrength: 50, AntiFragility: 93}, IQ: 73]
       [Network #2, Technology = Wifi, Address = 02-06-00:00:00:00:00:04, { DataRate: 98, SignalStrength: 78, AntiFragility: 52}, IQ: 70]
       [Network #6, Technology = Wifi, Address = 02-06-00:00:00:00:00:08, { DataRate: 30, SignalStrength: 54, AntiFragility: 96}, IQ: 69]
       [Network #8, Technology = Wimax, Address = 02-06-00:00:00:00:00:0b, { DataRate: 33, SignalStrength: 54, AntiFragility: 68}, IQ: 55]
       [Network #7, Technology = Wifi, Address = 02-06-00:00:00:00:00:09, { DataRate: 18, SignalStrength: 68, AntiFragility: 64}, IQ: 53]
       [Network #3, Technology = Wifi, Address = 02-06-00:00:00:00:00:05, { DataRate: 48, SignalStrength: 78, AntiFragility: 20}, IQ: 41]
       [Network #9, Technology = Wimax, Address = 02-06-00:00:00:00:00:0c, { DataRate: 55, SignalStrength: 4, AntiFragility: 41}, IQ: 35]
       [Network #5, Technology = Wifi, Address = 02-06-00:00:00:00:00:07, { DataRate: 51, SignalStrength: 49, AntiFragility: 13}, IQ: 31]
       [Network #1, Technology = Wifi, Address = 02-06-00:00:00:00:00:03, { DataRate: 5, SignalStrength: 89, AntiFragility: 5}, IQ: 26]
50s ExecutionModule:Run(): Decision time => Seconds: 0, Miliseconds: 224
50s ExecutionModule:Run(): Handover time => Seconds: 0, Miliseconds: 31
50s ExecutionModule:Run(): Event: Vertical Handover.
50s DeviceModule:MoveRandom(): New position: (75, 63)
51s DeviceModule:MoveRandom(): New position: (78, 63)
52s DeviceModule:MoveRandom(): New position: (78, 66)
53s DeviceModule:MoveRandom(): New position: (75, 66)
54s DeviceModule:MoveRandom(): New position: (75, 63)
55s DeviceModule:MoveRandom(): New position: (78, 63)
56s DeviceModule:MoveRandom(): New position: (78, 60)
57s DeviceModule:MoveRandom(): New position: (78, 57)
58s DeviceModule:MoveRandom(): New position: (75, 57)
59s DeviceModule:MoveRandom(): New position: (75, 54)
60s DecisionModule:Run(): Run decision
60s DecisionModule:AnalyzingNetworks(): Current Network: 
       [Network #8, Technology = Wimax, Address = 02-06-00:00:00:00:00:0b, { DataRate: 67, SignalStrength: 68, AntiFragility: 76}, IQ: 71]
60s DecisionModule:ShowAllNetworks(): All detected networks:
       [Network #8, Technology = Wimax, Address = 02-06-00:00:00:00:00:0b, { DataRate: 67, SignalStrength: 68, AntiFragility: 76}, IQ: 71]
       [Network #1, Technology = Wifi, Address = 02-06-00:00:00:00:00:03, { DataRate: 69, SignalStrength: 86, AntiFragility: 54}, IQ: 65]
       [Network #5, Technology = Wifi, Address = 02-06-00:00:00:00:00:07, { DataRate: 91, SignalStrength: 81, AntiFragility: 11}, IQ: 48]
       [Network #6, Technology = Wifi, Address = 02-06-00:00:00:00:00:08, { DataRate: 73, SignalStrength: 83, AntiFragility: 5}, IQ: 41]
       [Network #7, Technology = Wifi, Address = 02-06-00:00:00:00:00:09, { DataRate: 59, SignalStrength: 40, AntiFragility: 27}, IQ: 38]
       [Network #3, Technology = Wifi, Address = 02-06-00:00:00:00:00:05, { DataRate: 47, SignalStrength: 2, AntiFragility: 48}, IQ: 36]
       [Network #9, Technology = Wimax, Address = 02-06-00:00:00:00:00:0c, { DataRate: 5, SignalStrength: 8, AntiFragility: 65}, IQ: 35]
       [Network #2, Technology = Wifi, Address = 02-06-00:00:00:00:00:04, { DataRate: 49, SignalStrength: 20, AntiFragility: 30}, IQ: 32]
       [Network #4, Technology = Wifi, Address = 02-06-00:00:00:00:00:06, { DataRate: 81, SignalStrength: 25, AntiFragility: 10}, IQ: 31]
       [Network #0, Technology = Wifi, Address = 02-06-00:00:00:00:00:02, { DataRate: 54, SignalStrength: 17, AntiFragility: 12}, IQ: 23]
60s ExecutionModule:Run(): Decision time => Seconds: 0, Miliseconds: 207
60s ExecutionModule:Run(): Handover time => Seconds: 0, Miliseconds: 31
60s ExecutionModule:Run(): Event: Vertical Handover.
60s DeviceModule:MoveRandom(): New position: (78, 54)
61s DeviceModule:MoveRandom(): New position: (81, 54)
62s DeviceModule:MoveRandom(): New position: (78, 54)
63s DeviceModule:MoveRandom(): New position: (78, 51)
64s DeviceModule:MoveRandom(): New position: (78, 48)
64s DecisionModule:RemoveNetworkFromList(): Network: 3 out of range!
65s DeviceModule:MoveRandom(): New position: (75, 48)
66s DeviceModule:MoveRandom(): New position: (78, 48)
67s DeviceModule:MoveRandom(): New position: (78, 51)
67s DecisionModule:AddNetworkToList(): Network detected
68s DeviceModule:MoveRandom(): New position: (78, 48)
68s DecisionModule:RemoveNetworkFromList(): Network: 3 out of range!
69s DeviceModule:MoveRandom(): New position: (78, 45)
70s DecisionModule:Run(): Run decision
70s DecisionModule:AnalyzingNetworks(): Current Network: 
       [Network #0, Technology = Wifi, Address = 02-06-00:00:00:00:00:02, { DataRate: 10, SignalStrength: 70, AntiFragility: 96}, IQ: 68]
70s DecisionModule:ShowAllNetworks(): All detected networks:
       [Network #0, Technology = Wifi, Address = 02-06-00:00:00:00:00:02, { DataRate: 10, SignalStrength: 70, AntiFragility: 96}, IQ: 68]
       [Network #6, Technology = Wifi, Address = 02-06-00:00:00:00:00:08, { DataRate: 50, SignalStrength: 66, AntiFragility: 73}, IQ: 65]
       [Network #2, Technology = Wifi, Address = 02-06-00:00:00:00:00:04, { DataRate: 48, SignalStrength: 37, AntiFragility: 89}, IQ: 65]
       [Network #5, Technology = Wifi, Address = 02-06-00:00:00:00:00:07, { DataRate: 40, SignalStrength: 72, AntiFragility: 54}, IQ: 55]
       [Network #9, Technology = Wimax, Address = 02-06-00:00:00:00:00:0c, { DataRate: 30, SignalStrength: 77, AntiFragility: 50}, IQ: 51]
       [Network #8, Technology = Wimax, Address = 02-06-00:00:00:00:00:0b, { DataRate: 3, SignalStrength: 86, AntiFragility: 45}, IQ: 44]
       [Network #4, Technology = Wifi, Address = 02-06-00:00:00:00:00:06, { DataRate: 84, SignalStrength: 56, AntiFragility: 15}, IQ: 42]
       [Network #1, Technology = Wifi, Address = 02-06-00:00:00:00:00:03, { DataRate: 21, SignalStrength: 72, AntiFragility: 28}, IQ: 37]
       [Network #7, Technology = Wifi, Address = 02-06-00:00:00:00:00:09, { DataRate: 76, SignalStrength: 17, AntiFragility: 9}, IQ: 27]
70s ExecutionModule:Run(): Decision time => Seconds: 0, Miliseconds: 200
70s ExecutionModule:Run(): Handover time => Seconds: 0, Miliseconds: 31
70s ExecutionModule:Run(): Event: Vertical Handover.
70s DeviceModule:MoveRandom(): New position: (78, 42)
71s DeviceModule:MoveRandom(): New position: (78, 39)
72s DeviceModule:MoveRandom(): New position: (81, 39)
73s DeviceModule:MoveRandom(): New position: (81, 36)
74s DeviceModule:MoveRandom(): New position: (84, 36)
75s DeviceModule:MoveRandom(): New position: (81, 36)
76s DeviceModule:MoveRandom(): New position: (81, 33)
76s ExecutionModule:OutOfRange(): OUT OF BETTER NETWORK! Choosing another network...
76s DecisionModule:RemoveNetworkFromList(): Network: 0 out of range!
76s DecisionModule:Run(): Run decision
76s DecisionModule:AnalyzingNetworks(): Current Network: 
       [Network #8, Technology = Wimax, Address = 02-06-00:00:00:00:00:0b, { DataRate: 80, SignalStrength: 65, AntiFragility: 97}, IQ: 84]
76s DecisionModule:ShowAllNetworks(): All detected networks:
       [Network #8, Technology = Wimax, Address = 02-06-00:00:00:00:00:0b, { DataRate: 80, SignalStrength: 65, AntiFragility: 97}, IQ: 84]
       [Network #6, Technology = Wifi, Address = 02-06-00:00:00:00:00:08, { DataRate: 94, SignalStrength: 77, AntiFragility: 78}, IQ: 81]
       [Network #7, Technology = Wifi, Address = 02-06-00:00:00:00:00:09, { DataRate: 71, SignalStrength: 88, AntiFragility: 68}, IQ: 73]
       [Network #1, Technology = Wifi, Address = 02-06-00:00:00:00:00:03, { DataRate: 25, SignalStrength: 40, AntiFragility: 96}, IQ: 64]
       [Network #2, Technology = Wifi, Address = 02-06-00:00:00:00:00:04, { DataRate: 9, SignalStrength: 53, AntiFragility: 87}, IQ: 59]
       [Network #9, Technology = Wimax, Address = 02-06-00:00:00:00:00:0c, { DataRate: 9, SignalStrength: 3, AntiFragility: 90}, IQ: 48]
       [Network #5, Technology = Wifi, Address = 02-06-00:00:00:00:00:07, { DataRate: 18, SignalStrength: 69, AntiFragility: 53}, IQ: 48]
       [Network #4, Technology = Wifi, Address = 02-06-00:00:00:00:00:06, { DataRate: 69, SignalStrength: 19, AntiFragility: 50}, IQ: 47]
76s ExecutionModule:Run(): Decision time => Seconds: 0, Miliseconds: 163
76s ExecutionModule:Run(): Handover time => Seconds: 0, Miliseconds: 31
76s ExecutionModule:Run(): Event: Vertical Handover.
77s DeviceModule:MoveRandom(): New position: (81, 30)
78s DeviceModule:MoveRandom(): New position: (81, 27)
78s DecisionModule:RemoveNetworkFromList(): Network: 2 out of range!
79s DeviceModule:MoveRandom(): New position: (78, 27)
80s DecisionModule:Run(): Run decision
80s DecisionModule:AnalyzingNetworks(): Current Network: 
       [Network #8, Technology = Wimax, Address = 02-06-00:00:00:00:00:0b, { DataRate: 80, SignalStrength: 65, AntiFragility: 97}, IQ: 84]
80s DecisionModule:ShowAllNetworks(): All detected networks:
       [Network #8, Technology = Wimax, Address = 02-06-00:00:00:00:00:0b, { DataRate: 80, SignalStrength: 65, AntiFragility: 97}, IQ: 84]
       [Network #6, Technology = Wifi, Address = 02-06-00:00:00:00:00:08, { DataRate: 94, SignalStrength: 77, AntiFragility: 78}, IQ: 81]
       [Network #7, Technology = Wifi, Address = 02-06-00:00:00:00:00:09, { DataRate: 71, SignalStrength: 88, AntiFragility: 68}, IQ: 73]
       [Network #1, Technology = Wifi, Address = 02-06-00:00:00:00:00:03, { DataRate: 25, SignalStrength: 40, AntiFragility: 96}, IQ: 64]
       [Network #9, Technology = Wimax, Address = 02-06-00:00:00:00:00:0c, { DataRate: 9, SignalStrength: 3, AntiFragility: 90}, IQ: 48]
       [Network #5, Technology = Wifi, Address = 02-06-00:00:00:00:00:07, { DataRate: 18, SignalStrength: 69, AntiFragility: 53}, IQ: 48]
       [Network #4, Technology = Wifi, Address = 02-06-00:00:00:00:00:06, { DataRate: 69, SignalStrength: 19, AntiFragility: 50}, IQ: 47]
80s DeviceModule:MoveRandom(): New position: (78, 30)
81s DeviceModule:MoveRandom(): New position: (75, 30)
82s DeviceModule:MoveRandom(): New position: (75, 27)
83s DeviceModule:MoveRandom(): New position: (75, 30)
84s DeviceModule:MoveRandom(): New position: (78, 30)
85s DeviceModule:MoveRandom(): New position: (78, 33)
85s DecisionModule:AddNetworkToList(): Network detected
86s DeviceModule:MoveRandom(): New position: (78, 36)
86s DecisionModule:AddNetworkToList(): Network detected
87s DeviceModule:MoveRandom(): New position: (75, 36)
88s DeviceModule:MoveRandom(): New position: (75, 33)
88s DecisionModule:RemoveNetworkFromList(): Network: 0 out of range!
88s DecisionModule:RemoveNetworkFromList(): Network: 2 out of range!
89s DeviceModule:MoveRandom(): New position: (72, 33)
90s DecisionModule:Run(): Run decision
90s DecisionModule:AnalyzingNetworks(): Current Network: 
       [Network #6, Technology = Wifi, Address = 02-06-00:00:00:00:00:08, { DataRate: 94, SignalStrength: 23, AntiFragility: 66}, IQ: 62]
90s DecisionModule:ShowAllNetworks(): All detected networks:
       [Network #6, Technology = Wifi, Address = 02-06-00:00:00:00:00:08, { DataRate: 94, SignalStrength: 23, AntiFragility: 66}, IQ: 62]
       [Network #4, Technology = Wifi, Address = 02-06-00:00:00:00:00:06, { DataRate: 81, SignalStrength: 86, AntiFragility: 42}, IQ: 62]
       [Network #9, Technology = Wimax, Address = 02-06-00:00:00:00:00:0c, { DataRate: 77, SignalStrength: 14, AntiFragility: 52}, IQ: 48]
       [Network #7, Technology = Wifi, Address = 02-06-00:00:00:00:00:09, { DataRate: 44, SignalStrength: 12, AntiFragility: 42}, IQ: 35]
       [Network #8, Technology = Wimax, Address = 02-06-00:00:00:00:00:0b, { DataRate: 49, SignalStrength: 72, AntiFragility: 4}, IQ: 32]
       [Network #5, Technology = Wifi, Address = 02-06-00:00:00:00:00:07, { DataRate: 22, SignalStrength: 65, AntiFragility: 15}, IQ: 29]
       [Network #1, Technology = Wifi, Address = 02-06-00:00:00:00:00:03, { DataRate: 22, SignalStrength: 40, AntiFragility: 11}, IQ: 21]
90s ExecutionModule:Run(): Decision time => Seconds: 0, Miliseconds: 186
90s ExecutionModule:Run(): Handover time => Seconds: 0, Miliseconds: 32
90s ExecutionModule:Run(): Event: Vertical Handover.
90s DeviceModule:MoveRandom(): New position: (69, 33)
91s DeviceModule:MoveRandom(): New position: (69, 36)
91s DecisionModule:AddNetworkToList(): Network detected
92s DeviceModule:MoveRandom(): New position: (72, 36)
93s DeviceModule:MoveRandom(): New position: (72, 33)
93s DecisionModule:RemoveNetworkFromList(): Network: 0 out of range!
94s DeviceModule:MoveRandom(): New position: (69, 33)
95s DeviceModule:MoveRandom(): New position: (66, 33)
96s DeviceModule:MoveRandom(): New position: (69, 33)
97s DeviceModule:MoveRandom(): New position: (66, 33)
98s DeviceModule:MoveRandom(): New position: (63, 33)
99s DeviceModule:MoveRandom(): New position: (60, 33)
100s DecisionModule:Run(): Run decision
100s DecisionModule:AnalyzingNetworks(): Current Network: 
       [Network #7, Technology = Wifi, Address = 02-06-00:00:00:00:00:09, { DataRate: 15, SignalStrength: 63, AntiFragility: 81}, IQ: 60]
100s DecisionModule:ShowAllNetworks(): All detected networks:
       [Network #7, Technology = Wifi, Address = 02-06-00:00:00:00:00:09, { DataRate: 15, SignalStrength: 63, AntiFragility: 81}, IQ: 60]
       [Network #5, Technology = Wifi, Address = 02-06-00:00:00:00:00:07, { DataRate: 63, SignalStrength: 73, AntiFragility: 45}, IQ: 56]
       [Network #9, Technology = Wimax, Address = 02-06-00:00:00:00:00:0c, { DataRate: 95, SignalStrength: 64, AntiFragility: 15}, IQ: 47]
       [Network #4, Technology = Wifi, Address = 02-06-00:00:00:00:00:06, { DataRate: 18, SignalStrength: 88, AntiFragility: 28}, IQ: 40]
       [Network #8, Technology = Wimax, Address = 02-06-00:00:00:00:00:0b, { DataRate: 6, SignalStrength: 38, AntiFragility: 45}, IQ: 33]
       [Network #6, Technology = Wifi, Address = 02-06-00:00:00:00:00:08, { DataRate: 53, SignalStrength: 14, AntiFragility: 25}, IQ: 29]
       [Network #1, Technology = Wifi, Address = 02-06-00:00:00:00:00:03, { DataRate: 7, SignalStrength: 63, AntiFragility: 18}, IQ: 26]
100s ExecutionModule:Run(): Decision time => Seconds: 0, Miliseconds: 184
100s ExecutionModule:Run(): Handover time => Seconds: 0, Miliseconds: 120
100s ExecutionModule:Run(): Event: Horizontal Handover.
100s DeviceModule:MoveRandom(): New position: (60, 36)
100s DecisionModule:AddNetworkToList(): Network detected
101s DeviceModule:MoveRandom(): New position: (60, 39)
102s DeviceModule:MoveRandom(): New position: (63, 39)
103s DeviceModule:MoveRandom(): New position: (63, 42)
104s DeviceModule:MoveRandom(): New position: (63, 45)
105s DeviceModule:MoveRandom(): New position: (63, 48)
105s DecisionModule:AddNetworkToList(): Network detected
106s DeviceModule:MoveRandom(): New position: (63, 45)
106s DecisionModule:RemoveNetworkFromList(): Network: 2 out of range!
107s DeviceModule:MoveRandom(): New position: (60, 45)
108s DeviceModule:MoveRandom(): New position: (60, 48)
109s DeviceModule:MoveRandom(): New position: (63, 48)
109s DecisionModule:AddNetworkToList(): Network detected
110s DecisionModule:Run(): Run decision
110s DecisionModule:AnalyzingNetworks(): Current Network: 
       [Network #8, Technology = Wimax, Address = 02-06-00:00:00:00:00:0b, { DataRate: 97, SignalStrength: 76, AntiFragility: 65}, IQ: 75]
110s DecisionModule:ShowAllNetworks(): All detected networks:
       [Network #8, Technology = Wimax, Address = 02-06-00:00:00:00:00:0b, { DataRate: 97, SignalStrength: 76, AntiFragility: 65}, IQ: 75]
       [Network #5, Technology = Wifi, Address = 02-06-00:00:00:00:00:07, { DataRate: 13, SignalStrength: 77, AntiFragility: 77}, IQ: 61]
       [Network #9, Technology = Wimax, Address = 02-06-00:00:00:00:00:0c, { DataRate: 60, SignalStrength: 76, AntiFragility: 55}, IQ: 61]
       [Network #6, Technology = Wifi, Address = 02-06-00:00:00:00:00:08, { DataRate: 24, SignalStrength: 99, AntiFragility: 58}, IQ: 59]
       [Network #1, Technology = Wifi, Address = 02-06-00:00:00:00:00:03, { DataRate: 7, SignalStrength: 84, AntiFragility: 68}, IQ: 56]
       [Network #0, Technology = Wifi, Address = 02-06-00:00:00:00:00:02, { DataRate: 59, SignalStrength: 82, AntiFragility: 32}, IQ: 51]
       [Network #7, Technology = Wifi, Address = 02-06-00:00:00:00:00:09, { DataRate: 62, SignalStrength: 58, AntiFragility: 35}, IQ: 47]
       [Network #2, Technology = Wifi, Address = 02-06-00:00:00:00:00:04, { DataRate: 2, SignalStrength: 62, AntiFragility: 56}, IQ: 44]
       [Network #4, Technology = Wifi, Address = 02-06-00:00:00:00:00:06, { DataRate: 47, SignalStrength: 80, AntiFragility: 24}, IQ: 43]
110s ExecutionModule:Run(): Decision time => Seconds: 0, Miliseconds: 211
110s ExecutionModule:Run(): Handover time => Seconds: 0, Miliseconds: 31
110s ExecutionModule:Run(): Event: Vertical Handover.
110s DeviceModule:MoveRandom(): New position: (63, 51)
111s DeviceModule:MoveRandom(): New position: (63, 48)
112s DeviceModule:MoveRandom(): New position: (63, 45)
112s DecisionModule:RemoveNetworkFromList(): Network: 2 out of range!
113s DeviceModule:MoveRandom(): New position: (66, 45)
113s DecisionModule:AddNetworkToList(): Network detected
114s DeviceModule:MoveRandom(): New position: (63, 45)
114s DecisionModule:RemoveNetworkFromList(): Network: 2 out of range!
115s DeviceModule:MoveRandom(): New position: (63, 48)
115s DecisionModule:AddNetworkToList(): Network detected
116s DeviceModule:MoveRandom(): New position: (63, 51)
117s DeviceModule:MoveRandom(): New position: (63, 54)
118s DeviceModule:MoveRandom(): New position: (63, 57)
119s DeviceModule:MoveRandom(): New position: (60, 57)
120s DecisionModule:Run(): Run decision
120s DecisionModule:AnalyzingNetworks(): Current Network: 
       [Network #2, Technology = Wifi, Address = 02-06-00:00:00:00:00:04, { DataRate: 90, SignalStrength: 14, AntiFragility: 97}, IQ: 74]
120s DecisionModule:ShowAllNetworks(): All detected networks:
       [Network #2, Technology = Wifi, Address = 02-06-00:00:00:00:00:04, { DataRate: 90, SignalStrength: 14, AntiFragility: 97}, IQ: 74]
       [Network #6, Technology = Wifi, Address = 02-06-00:00:00:00:00:08, { DataRate: 85, SignalStrength: 73, AntiFragility: 56}, IQ: 67]
       [Network #9, Technology = Wimax, Address = 02-06-00:00:00:00:00:0c, { DataRate: 89, SignalStrength: 53, AntiFragility: 59}, IQ: 65]
       [Network #5, Technology = Wifi, Address = 02-06-00:00:00:00:00:07, { DataRate: 49, SignalStrength: 97, AntiFragility: 49}, IQ: 61]
       [Network #8, Technology = Wimax, Address = 02-06-00:00:00:00:00:0b, { DataRate: 23, SignalStrength: 51, AntiFragility: 84}, IQ: 60]
       [Network #0, Technology = Wifi, Address = 02-06-00:00:00:00:00:02, { DataRate: 20, SignalStrength: 31, AntiFragility: 90}, IQ: 57]
       [Network #7, Technology = Wifi, Address = 02-06-00:00:00:00:00:09, { DataRate: 10, SignalStrength: 17, AntiFragility: 42}, IQ: 27]
       [Network #4, Technology = Wifi, Address = 02-06-00:00:00:00:00:06, { DataRate: 4, SignalStrength: 8, AntiFragility: 49}, IQ: 27]
       [Network #1, Technology = Wifi, Address = 02-06-00:00:00:00:00:03, { DataRate: 42, SignalStrength: 20, AntiFragility: 18}, IQ: 24]
120s ExecutionModule:Run(): Decision time => Seconds: 0, Miliseconds: 198
120s ExecutionModule:Run(): Handover time => Seconds: 0, Miliseconds: 31
120s ExecutionModule:Run(): Event: Vertical Handover.
120s DeviceModule:MoveRandom(): New position: (63, 57)
121s DeviceModule:MoveRandom(): New position: (66, 57)
122s DeviceModule:MoveRandom(): New position: (66, 54)
123s DeviceModule:MoveRandom(): New position: (63, 54)
124s DeviceModule:MoveRandom(): New position: (63, 51)
125s DeviceModule:MoveRandom(): New position: (63, 54)
126s DeviceModule:MoveRandom(): New position: (66, 54)
127s DeviceModule:MoveRandom(): New position: (66, 51)
128s DeviceModule:MoveRandom(): New position: (66, 54)
129s DeviceModule:MoveRandom(): New position: (66, 57)
130s DecisionModule:Run(): Run decision
130s DecisionModule:AnalyzingNetworks(): Current Network: 
       [Network #6, Technology = Wifi, Address = 02-06-00:00:00:00:00:08, { DataRate: 56, SignalStrength: 52, AntiFragility: 79}, IQ: 66]
130s DecisionModule:ShowAllNetworks(): All detected networks:
       [Network #6, Technology = Wifi, Address = 02-06-00:00:00:00:00:08, { DataRate: 56, SignalStrength: 52, AntiFragility: 79}, IQ: 66]
       [Network #8, Technology = Wimax, Address = 02-06-00:00:00:00:00:0b, { DataRate: 72, SignalStrength: 65, AntiFragility: 51}, IQ: 59]
       [Network #9, Technology = Wimax, Address = 02-06-00:00:00:00:00:0c, { DataRate: 70, SignalStrength: 41, AntiFragility: 31}, IQ: 43]
       [Network #7, Technology = Wifi, Address = 02-06-00:00:00:00:00:09, { DataRate: 5, SignalStrength: 33, AntiFragility: 61}, IQ: 40]
       [Network #4, Technology = Wifi, Address = 02-06-00:00:00:00:00:06, { DataRate: 21, SignalStrength: 7, AntiFragility: 67}, IQ: 40]
       [Network #2, Technology = Wifi, Address = 02-06-00:00:00:00:00:04, { DataRate: 41, SignalStrength: 81, AntiFragility: 9}, IQ: 35]
       [Network #0, Technology = Wifi, Address = 02-06-00:00:00:00:00:02, { DataRate: 36, SignalStrength: 98, AntiFragility: 2}, IQ: 34]
       [Network #1, Technology = Wifi, Address = 02-06-00:00:00:00:00:03, { DataRate: 2, SignalStrength: 19, AntiFragility: 31}, IQ: 20]
       [Network #5, Technology = Wifi, Address = 02-06-00:00:00:00:00:07, { DataRate: 29, SignalStrength: 29, AntiFragility: 8}, IQ: 18]
130s ExecutionModule:Run(): Decision time => Seconds: 0, Miliseconds: 216
130s ExecutionModule:Run(): Handover time => Seconds: 0, Miliseconds: 121
130s ExecutionModule:Run(): Event: Horizontal Handover.
130s DeviceModule:MoveRandom(): New position: (66, 60)
130s DecisionModule:AddNetworkToList(): Network detected
131s DeviceModule:MoveRandom(): New position: (66, 63)
132s DeviceModule:MoveRandom(): New position: (69, 63)
133s DeviceModule:MoveRandom(): New position: (66, 63)
134s DeviceModule:MoveRandom(): New position: (69, 63)
135s DeviceModule:MoveRandom(): New position: (69, 60)
136s DeviceModule:MoveRandom(): New position: (72, 60)
137s DeviceModule:MoveRandom(): New position: (69, 60)
138s DeviceModule:MoveRandom(): New position: (66, 60)
139s DeviceModule:MoveRandom(): New position: (66, 57)
139s DecisionModule:RemoveNetworkFromList(): Network: 3 out of range!
140s DecisionModule:Run(): Run decision
140s DecisionModule:AnalyzingNetworks(): Current Network: 
       [Network #4, Technology = Wifi, Address = 02-06-00:00:00:00:00:06, { DataRate: 70, SignalStrength: 93, AntiFragility: 77}, IQ: 79]
140s DecisionModule:ShowAllNetworks(): All detected networks:
       [Network #4, Technology = Wifi, Address = 02-06-00:00:00:00:00:06, { DataRate: 70, SignalStrength: 93, AntiFragility: 77}, IQ: 79]
       [Network #8, Technology = Wimax, Address = 02-06-00:00:00:00:00:0b, { DataRate: 60, SignalStrength: 64, AntiFragility: 62}, IQ: 62]
       [Network #5, Technology = Wifi, Address = 02-06-00:00:00:00:00:07, { DataRate: 21, SignalStrength: 71, AntiFragility: 73}, IQ: 59]
       [Network #0, Technology = Wifi, Address = 02-06-00:00:00:00:00:02, { DataRate: 92, SignalStrength: 65, AntiFragility: 34}, IQ: 56]
       [Network #1, Technology = Wifi, Address = 02-06-00:00:00:00:00:03, { DataRate: 49, SignalStrength: 63, AntiFragility: 3}, IQ: 29]
       [Network #6, Technology = Wifi, Address = 02-06-00:00:00:00:00:08, { DataRate: 17, SignalStrength: 83, AntiFragility: 1}, IQ: 25]
       [Network #2, Technology = Wifi, Address = 02-06-00:00:00:00:00:04, { DataRate: 30, SignalStrength: 44, AntiFragility: 11}, IQ: 24]
       [Network #7, Technology = Wifi, Address = 02-06-00:00:00:00:00:09, { DataRate: 1, SignalStrength: 79, AntiFragility: 3}, IQ: 21]
       [Network #9, Technology = Wimax, Address = 02-06-00:00:00:00:00:0c, { DataRate: 52, SignalStrength: 13, AntiFragility: 8}, IQ: 20]
140s ExecutionModule:Run(): Decision time => Seconds: 0, Miliseconds: 194
140s ExecutionModule:Run(): Handover time => Seconds: 0, Miliseconds: 120
140s ExecutionModule:Run(): Event: Horizontal Handover.
140s DeviceModule:MoveRandom(): New position: (69, 57)
140s DecisionModule:AddNetworkToList(): Network detected
141s DeviceModule:MoveRandom(): New position: (72, 57)
142s DeviceModule:MoveRandom(): New position: (75, 57)
143s DeviceModule:MoveRandom(): New position: (78, 57)
144s DeviceModule:MoveRandom(): New position: (78, 60)
145s DeviceModule:MoveRandom(): New position: (78, 63)
146s DeviceModule:MoveRandom(): New position: (78, 66)
147s DeviceModule:MoveRandom(): New position: (78, 63)
148s DeviceModule:MoveRandom(): New position: (81, 63)
149s DeviceModule:MoveRandom(): New position: (81, 60)
150s DecisionModule:Run(): Run decision
150s DecisionModule:AnalyzingNetworks(): Current Network: 
       [Network #0, Technology = Wifi, Address = 02-06-00:00:00:00:00:02, { DataRate: 62, SignalStrength: 82, AntiFragility: 87}, IQ: 79]
150s DecisionModule:ShowAllNetworks(): All detected networks:
       [Network #0, Technology = Wifi, Address = 02-06-00:00:00:00:00:02, { DataRate: 62, SignalStrength: 82, AntiFragility: 87}, IQ: 79]
       [Network #9, Technology = Wimax, Address = 02-06-00:00:00:00:00:0c, { DataRate: 11, SignalStrength: 84, AntiFragility: 98}, IQ: 72]
       [Network #8, Technology = Wimax, Address = 02-06-00:00:00:00:00:0b, { DataRate: 80, SignalStrength: 51, AntiFragility: 78}, IQ: 71]
       [Network #3, Technology = Wifi, Address = 02-06-00:00:00:00:00:05, { DataRate: 71, SignalStrength: 6, AntiFragility: 77}, IQ: 57]
       [Network #6, Technology = Wifi, Address = 02-06-00:00:00:00:00:08, { DataRate: 24, SignalStrength: 52, AntiFragility: 72}, IQ: 55]
       [Network #1, Technology = Wifi, Address = 02-06-00:00:00:00:00:03, { DataRate: 9, SignalStrength: 69, AntiFragility: 63}, IQ: 51]
       [Network #2, Technology = Wifi, Address = 02-06-00:00:00:00:00:04, { DataRate: 6, SignalStrength: 42, AntiFragility: 73}, IQ: 48]
       [Network #7, Technology = Wifi, Address = 02-06-00:00:00:00:00:09, { DataRate: 11, SignalStrength: 73, AntiFragility: 47}, IQ: 44]
       [Network #4, Technology = Wifi, Address = 02-06-00:00:00:00:00:06, { DataRate: 17, SignalStrength: 60, AntiFragility: 10}, IQ: 24]
       [Network #5, Technology = Wifi, Address = 02-06-00:00:00:00:00:07, { DataRate: 2, SignalStrength: 2, AntiFragility: 8}, IQ: 5]
150s ExecutionModule:Run(): Decision time => Seconds: 0, Miliseconds: 197
150s ExecutionModule:Run(): Handover time => Seconds: 0, Miliseconds: 153
150s ExecutionModule:Run(): Event: Horizontal Handover.
150s DeviceModule:MoveRandom(): New position: (81, 57)
151s DeviceModule:MoveRandom(): New position: (81, 60)
152s DeviceModule:MoveRandom(): New position: (81, 63)
153s DeviceModule:MoveRandom(): New position: (81, 60)
154s DeviceModule:MoveRandom(): New position: (81, 63)
155s DeviceModule:MoveRandom(): New position: (81, 66)
156s DeviceModule:MoveRandom(): New position: (81, 69)
157s DeviceModule:MoveRandom(): New position: (84, 69)
158s DeviceModule:MoveRandom(): New position: (81, 69)
159s DeviceModule:MoveRandom(): New position: (78, 69)
160s DecisionModule:Run(): Run decision
160s DecisionModule:AnalyzingNetworks(): Current Network: 
       [Network #1, Technology = Wifi, Address = 02-06-00:00:00:00:00:03, { DataRate: 63, SignalStrength: 47, AntiFragility: 97}, IQ: 76]
160s DecisionModule:ShowAllNetworks(): All detected networks:
       [Network #1, Technology = Wifi, Address = 02-06-00:00:00:00:00:03, { DataRate: 63, SignalStrength: 47, AntiFragility: 97}, IQ: 76]
       [Network #4, Technology = Wifi, Address = 02-06-00:00:00:00:00:06, { DataRate: 10, SignalStrength: 90, AntiFragility: 93}, IQ: 71]
       [Network #3, Technology = Wifi, Address = 02-06-00:00:00:00:00:05, { DataRate: 74, SignalStrength: 88, AntiFragility: 45}, IQ: 63]
       [Network #6, Technology = Wifi, Address = 02-06-00:00:00:00:00:08, { DataRate: 92, SignalStrength: 67, AntiFragility: 48}, IQ: 63]
       [Network #0, Technology = Wifi, Address = 02-06-00:00:00:00:00:02, { DataRate: 12, SignalStrength: 62, AntiFragility: 84}, IQ: 60]
       [Network #9, Technology = Wimax, Address = 02-06-00:00:00:00:00:0c, { DataRate: 24, SignalStrength: 68, AntiFragility: 68}, IQ: 57]
       [Network #7, Technology = Wifi, Address = 02-06-00:00:00:00:00:09, { DataRate: 63, SignalStrength: 41, AntiFragility: 38}, IQ: 45]
       [Network #5, Technology = Wifi, Address = 02-06-00:00:00:00:00:07, { DataRate: 65, SignalStrength: 21, AntiFragility: 47}, IQ: 45]
       [Network #2, Technology = Wifi, Address = 02-06-00:00:00:00:00:04, { DataRate: 5, SignalStrength: 64, AntiFragility: 45}, IQ: 39]
       [Network #8, Technology = Wimax, Address = 02-06-00:00:00:00:00:0b, { DataRate: 87, SignalStrength: 21, AntiFragility: 19}, IQ: 36]
160s ExecutionModule:Run(): Decision time => Seconds: 0, Miliseconds: 224
160s ExecutionModule:Run(): Handover time => Seconds: 0, Miliseconds: 122
160s ExecutionModule:Run(): Event: Horizontal Handover.
160s DeviceModule:MoveRandom(): New position: (78, 66)
161s DeviceModule:MoveRandom(): New position: (78, 63)
162s DeviceModule:MoveRandom(): New position: (78, 60)
163s DeviceModule:MoveRandom(): New position: (75, 60)
164s DeviceModule:MoveRandom(): New position: (75, 57)
165s DeviceModule:MoveRandom(): New position: (75, 60)
166s DeviceModule:MoveRandom(): New position: (75, 57)
167s DeviceModule:MoveRandom(): New position: (72, 57)
168s DeviceModule:MoveRandom(): New position: (72, 54)
169s DeviceModule:MoveRandom(): New position: (72, 51)
169s DecisionModule:RemoveNetworkFromList(): Network: 3 out of range!
170s DecisionModule:Run(): Run decision
170s DecisionModule:AnalyzingNetworks(): Current Network: 
       [Network #4, Technology = Wifi, Address = 02-06-00:00:00:00:00:06, { DataRate: 82, SignalStrength: 90, AntiFragility: 82}, IQ: 84]
170s DecisionModule:ShowAllNetworks(): All detected networks:
       [Network #4, Technology = Wifi, Address = 02-06-00:00:00:00:00:06, { DataRate: 82, SignalStrength: 90, AntiFragility: 82}, IQ: 84]
       [Network #0, Technology = Wifi, Address = 02-06-00:00:00:00:00:02, { DataRate: 67, SignalStrength: 58, AntiFragility: 98}, IQ: 80]
       [Network #1, Technology = Wifi, Address = 02-06-00:00:00:00:00:03, { DataRate: 19, SignalStrength: 86, AntiFragility: 91}, IQ: 71]
       [Network #8, Technology = Wimax, Address = 02-06-00:00:00:00:00:0b, { DataRate: 92, SignalStrength: 98, AntiFragility: 11}, IQ: 53]
       [Network #6, Technology = Wifi, Address = 02-06-00:00:00:00:00:08, { DataRate: 51, SignalStrength: 18, AntiFragility: 69}, IQ: 51]
       [Network #7, Technology = Wifi, Address = 02-06-00:00:00:00:00:09, { DataRate: 64, SignalStrength: 92, AntiFragility: 15}, IQ: 46]
       [Network #5, Technology = Wifi, Address = 02-06-00:00:00:00:00:07, { DataRate: 54, SignalStrength: 16, AntiFragility: 50}, IQ: 42]
       [Network #2, Technology = Wifi, Address = 02-06-00:00:00:00:00:04, { DataRate: 57, SignalStrength: 92, AntiFragility: 1}, IQ: 37]
       [Network #9, Technology = Wimax, Address = 02-06-00:00:00:00:00:0c, { DataRate: 96, SignalStrength: 21, AntiFragility: 3}, IQ: 30]
170s ExecutionModule:Run(): Decision time => Seconds: 0, Miliseconds: 198
170s ExecutionModule:Run(): Handover time => Seconds: 0, Miliseconds: 120
170s ExecutionModule:Run(): Event: Horizontal Handover.
170s DeviceModule:MoveRandom(): New position: (72, 54)
170s DecisionModule:AddNetworkToList(): Network detected
171s DeviceModule:MoveRandom(): New position: (72, 57)
172s DeviceModule:MoveRandom(): New position: (69, 57)
173s DeviceModule:MoveRandom(): New position: (69, 54)
173s DecisionModule:RemoveNetworkFromList(): Network: 3 out of range!
174s DeviceModule:MoveRandom(): New position: (69, 51)
175s DeviceModule:MoveRandom(): New position: (69, 48)
176s DeviceModule:MoveRandom(): New position: (66, 48)
177s DeviceModule:MoveRandom(): New position: (66, 51)
178s DeviceModule:MoveRandom(): New position: (69, 51)
179s DeviceModule:MoveRandom(): New position: (69, 48)
180s DecisionModule:Run(): Run decision
180s DecisionModule:AnalyzingNetworks(): Current Network: 
       [Network #0, Technology = Wifi, Address = 02-06-00:00:00:00:00:02, { DataRate: 72, SignalStrength: 33, AntiFragility: 90}, IQ: 71]
180s DecisionModule:ShowAllNetworks(): All detected networks:
       [Network #0, Technology = Wifi, Address = 02-06-00:00:00:00:00:02, { DataRate: 72, SignalStrength: 33, AntiFragility: 90}, IQ: 71]
       [Network #9, Technology = Wimax, Address = 02-06-00:00:00:00:00:0c, { DataRate: 58, SignalStrength: 73, AntiFragility: 77}, IQ: 71]
       [Network #1, Technology = Wifi, Address = 02-06-00:00:00:00:00:03, { DataRate: 78, SignalStrength: 4, AntiFragility: 73}, IQ: 57]
       [Network #6, Technology = Wifi, Address = 02-06-00:00:00:00:00:08, { DataRate: 97, SignalStrength: 47, AntiFragility: 40}, IQ: 56]
       [Network #5, Technology = Wifi, Address = 02-06-00:00:00:00:00:07, { DataRate: 65, SignalStrength: 17, AntiFragility: 50}, IQ: 45]
       [Network #8, Technology = Wimax, Address = 02-06-00:00:00:00:00:0b, { DataRate: 46, SignalStrength: 34, AntiFragility: 27}, IQ: 33]
       [Network #2, Technology = Wifi, Address = 02-06-00:00:00:00:00:04, { DataRate: 7, SignalStrength: 57, AntiFragility: 17}, IQ: 24]
       [Network #4, Technology = Wifi, Address = 02-06-00:00:00:00:00:06, { DataRate: 26, SignalStrength: 4, AntiFragility: 34}, IQ: 24]
       [Network #7, Technology = Wifi, Address = 02-06-00:00:00:00:00:09, { DataRate: 45, SignalStrength: 39, AntiFragility: 2}, IQ: 22]
180s ExecutionModule:Run(): Decision time => Seconds: 0, Miliseconds: 217
180s ExecutionModule:Run(): Handover time => Seconds: 0, Miliseconds: 123
180s ExecutionModule:Run(): Event: Horizontal Handover.
180s DeviceModule:MoveRandom(): New position: (69, 45)
181s DeviceModule:MoveRandom(): New position: (69, 42)
182s DeviceModule:MoveRandom(): New position: (72, 42)
183s DeviceModule:MoveRandom(): New position: (75, 42)
184s DeviceModule:MoveRandom(): New position: (72, 42)
185s DeviceModule:MoveRandom(): New position: (69, 42)
186s DeviceModule:MoveRandom(): New position: (66, 42)
186s DecisionModule:RemoveNetworkFromList(): Network: 2 out of range!
187s DeviceModule:MoveRandom(): New position: (66, 45)
187s DecisionModule:AddNetworkToList(): Network detected
188s DeviceModule:MoveRandom(): New position: (63, 45)
188s DecisionModule:RemoveNetworkFromList(): Network: 2 out of range!
189s DeviceModule:MoveRandom(): New position: (63, 42)
190s DecisionModule:Run(): Run decision
190s DecisionModule:AnalyzingNetworks(): Current Network: 
       [Network #7, Technology = Wifi, Address = 02-06-00:00:00:00:00:09, { DataRate: 97, SignalStrength: 66, AntiFragility: 92}, IQ: 86]
190s DecisionModule:ShowAllNetworks(): All detected networks:
       [Network #7, Technology = Wifi, Address = 02-06-00:00:00:00:00:09, { DataRate: 97, SignalStrength: 66, AntiFragility: 92}, IQ: 86]
       [Network #4, Technology = Wifi, Address = 02-06-00:00:00:00:00:06, { DataRate: 64, SignalStrength: 91, AntiFragility: 63}, IQ: 70]
       [Network #1, Technology = Wifi, Address = 02-06-00:00:00:00:00:03, { DataRate: 26, SignalStrength: 59, AntiFragility: 88}, IQ: 65]
       [Network #6, Technology = Wifi, Address = 02-06-00:00:00:00:00:08, { DataRate: 39, SignalStrength: 84, AntiFragility: 66}, IQ: 63]
       [Network #8, Technology = Wimax, Address = 02-06-00:00:00:00:00:0b, { DataRate: 41, SignalStrength: 33, AntiFragility: 88}, IQ: 62]
       [Network #0, Technology = Wifi, Address = 02-06-00:00:00:00:00:02, { DataRate: 23, SignalStrength: 46, AntiFragility: 91}, IQ: 62]
       [Network #5, Technology = Wifi, Address = 02-06-00:00:00:00:00:07, { DataRate: 45, SignalStrength: 30, AntiFragility: 82}, IQ: 59]
       [Network #9, Technology = Wimax, Address = 02-06-00:00:00:00:00:0c, { DataRate: 76, SignalStrength: 93, AntiFragility: 18}, IQ: 51]
190s ExecutionModule:Run(): Decision time => Seconds: 0, Miliseconds: 188
190s ExecutionModule:Run(): Handover time => Seconds: 0, Miliseconds: 121
190s ExecutionModule:Run(): Event: Horizontal Handover.
190s DeviceModule:MoveRandom(): New position: (66, 42)
191s DeviceModule:MoveRandom(): New position: (69, 42)
191s DecisionModule:AddNetworkToList(): Network detected
192s DeviceModule:MoveRandom(): New position: (72, 42)
193s DeviceModule:MoveRandom(): New position: (75, 42)
194s DeviceModule:MoveRandom(): New position: (75, 39)
195s DeviceModule:MoveRandom(): New position: (75, 36)
196s DeviceModule:MoveRandom(): New position: (72, 36)
196s DecisionModule:RemoveNetworkFromList(): Network: 2 out of range!
197s DeviceModule:MoveRandom(): New position: (72, 33)
197s DecisionModule:RemoveNetworkFromList(): Network: 0 out of range!
198s DeviceModule:MoveRandom(): New position: (75, 33)
199s DeviceModule:MoveRandom(): New position: (75, 30)
