Waf: Entering directory `/home/renan/Documents/NR2/ns-allinone-3.20/ns-3.20/build'
Waf: Leaving directory `/home/renan/Documents/NR2/ns-allinone-3.20/ns-3.20/build'
'build' finished successfully (1.816s)
0s NetworkModule:SetPosition(): Network 0 set position => (25, 147)
0s NetworkModule:SetRange(): Network 0 set range => 100
0s NetworkModule:SetPosition(): Network 1 set position => (74, 10)
0s NetworkModule:SetRange(): Network 1 set range => 100
0s NetworkModule:SetPosition(): Network 2 set position => (97, 57)
0s NetworkModule:SetRange(): Network 2 set range => 100
0s NetworkModule:SetPosition(): Network 3 set position => (103, 115)
0s NetworkModule:SetRange(): Network 3 set range => 100
0s NetworkModule:SetPosition(): Network 4 set position => (38, 85)
0s NetworkModule:SetRange(): Network 4 set range => 100
0s NetworkModule:SetPosition(): Network 5 set position => (79, 30)
0s NetworkModule:SetRange(): Network 5 set range => 100
0s NetworkModule:SetPosition(): Network 6 set position => (123, 105)
0s NetworkModule:SetRange(): Network 6 set range => 100
0s NetworkModule:SetPosition(): Network 7 set position => (98, 18)
0s NetworkModule:SetRange(): Network 7 set range => 100
0s NetworkModule:SetPosition(): Network 8 set position => (129, 87)
0s NetworkModule:SetRange(): Network 8 set range => 100
0s NetworkModule:SetPosition(): Network 9 set position => (123, 118)
0s NetworkModule:SetRange(): Network 9 set range => 100
0s DeviceModule:ConfigureMobility(): Device [init x = 75, init y = 75, max = 150, velocity = 3]
1s DeviceModule:MoveRandom(): New position: (78, 75)
1s DecisionModule:AddNetworkToList(): Network detected
1s DecisionModule:AddNetworkToList(): Network detected
1s DecisionModule:AddNetworkToList(): Network detected
1s DecisionModule:AddNetworkToList(): Network detected
1s DecisionModule:AddNetworkToList(): Network detected
1s DecisionModule:AddNetworkToList(): Network detected
1s DecisionModule:AddNetworkToList(): Network detected
1s DecisionModule:AddNetworkToList(): Network detected
1s DecisionModule:AddNetworkToList(): Network detected
1s DecisionModule:AddNetworkToList(): Network detected
2s DeviceModule:MoveRandom(): New position: (78, 78)
3s DeviceModule:MoveRandom(): New position: (75, 78)
4s DeviceModule:MoveRandom(): New position: (78, 78)
5s DeviceModule:MoveRandom(): New position: (81, 78)
6s DeviceModule:MoveRandom(): New position: (81, 75)
7s DeviceModule:MoveRandom(): New position: (81, 72)
8s DeviceModule:MoveRandom(): New position: (84, 72)
9s DeviceModule:MoveRandom(): New position: (81, 72)
10s DecisionModule:Run(): Run decision
10s DecisionModule:AnalyzingNetworks(): Current Network: 
       [Network #2, Technology = Wifi, Address = 02-06-00:00:00:00:00:04, { DataRate: 86, SignalStrength: 55, AntiFragility: 89}, IQ: 79]
10s DecisionModule:ShowAllNetworks(): All detected networks:
       [Network #2, Technology = Wifi, Address = 02-06-00:00:00:00:00:04, { DataRate: 86, SignalStrength: 55, AntiFragility: 89}, IQ: 79]
       [Network #4, Technology = Wifi, Address = 02-06-00:00:00:00:00:06, { DataRate: 53, SignalStrength: 86, AntiFragility: 81}, IQ: 75]
       [Network #0, Technology = Wifi, Address = 02-06-00:00:00:00:00:02, { DataRate: 28, SignalStrength: 87, AntiFragility: 90}, IQ: 73]
       [Network #1, Technology = Wifi, Address = 02-06-00:00:00:00:00:03, { DataRate: 84, SignalStrength: 63, AntiFragility: 71}, IQ: 72]
       [Network #8, Technology = Wimax, Address = 02-06-00:00:00:00:00:0b, { DataRate: 88, SignalStrength: 19, AntiFragility: 85}, IQ: 69]
       [Network #5, Technology = Wifi, Address = 02-06-00:00:00:00:00:07, { DataRate: 65, SignalStrength: 9, AntiFragility: 72}, IQ: 54]
       [Network #6, Technology = Wifi, Address = 02-06-00:00:00:00:00:08, { DataRate: 35, SignalStrength: 11, AntiFragility: 70}, IQ: 46]
       [Network #3, Technology = Wifi, Address = 02-06-00:00:00:00:00:05, { DataRate: 12, SignalStrength: 26, AntiFragility: 65}, IQ: 42]
       [Network #9, Technology = Wimax, Address = 02-06-00:00:00:00:00:0c, { DataRate: 86, SignalStrength: 28, AntiFragility: 17}, IQ: 37]
       [Network #7, Technology = Wifi, Address = 02-06-00:00:00:00:00:09, { DataRate: 65, SignalStrength: 5, AntiFragility: 3}, IQ: 19]
10s DeviceModule:MoveRandom(): New position: (84, 72)
11s DeviceModule:MoveRandom(): New position: (84, 69)
12s DeviceModule:MoveRandom(): New position: (81, 69)
13s DeviceModule:MoveRandom(): New position: (81, 66)
14s DeviceModule:MoveRandom(): New position: (78, 66)
15s DeviceModule:MoveRandom(): New position: (78, 63)
16s DeviceModule:MoveRandom(): New position: (81, 63)
17s DeviceModule:MoveRandom(): New position: (81, 66)
18s DeviceModule:MoveRandom(): New position: (81, 63)
19s DeviceModule:MoveRandom(): New position: (81, 66)
20s DecisionModule:Run(): Run decision
20s DecisionModule:AnalyzingNetworks(): Current Network: 
       [Network #7, Technology = Wifi, Address = 02-06-00:00:00:00:00:09, { DataRate: 19, SignalStrength: 73, AntiFragility: 78}, IQ: 62]
20s DecisionModule:ShowAllNetworks(): All detected networks:
       [Network #7, Technology = Wifi, Address = 02-06-00:00:00:00:00:09, { DataRate: 19, SignalStrength: 73, AntiFragility: 78}, IQ: 62]
       [Network #4, Technology = Wifi, Address = 02-06-00:00:00:00:00:06, { DataRate: 63, SignalStrength: 92, AntiFragility: 10}, IQ: 43]
       [Network #8, Technology = Wimax, Address = 02-06-00:00:00:00:00:0b, { DataRate: 28, SignalStrength: 22, AntiFragility: 48}, IQ: 36]
       [Network #2, Technology = Wifi, Address = 02-06-00:00:00:00:00:04, { DataRate: 63, SignalStrength: 42, AntiFragility: 20}, IQ: 36]
       [Network #0, Technology = Wifi, Address = 02-06-00:00:00:00:00:02, { DataRate: 41, SignalStrength: 13, AntiFragility: 44}, IQ: 35]
       [Network #3, Technology = Wifi, Address = 02-06-00:00:00:00:00:05, { DataRate: 14, SignalStrength: 99, AntiFragility: 7}, IQ: 31]
       [Network #5, Technology = Wifi, Address = 02-06-00:00:00:00:00:07, { DataRate: 41, SignalStrength: 74, AntiFragility: 3}, IQ: 30]
       [Network #1, Technology = Wifi, Address = 02-06-00:00:00:00:00:03, { DataRate: 3, SignalStrength: 73, AntiFragility: 17}, IQ: 27]
       [Network #6, Technology = Wifi, Address = 02-06-00:00:00:00:00:08, { DataRate: 76, SignalStrength: 9, AntiFragility: 1}, IQ: 21]
       [Network #9, Technology = Wimax, Address = 02-06-00:00:00:00:00:0c, { DataRate: 41, SignalStrength: 13, AntiFragility: 13}, IQ: 20]
20s ExecutionModule:Run(): Decision time => Seconds: 0, Miliseconds: 209
20s ExecutionModule:Run(): Handover time => Seconds: 0, Miliseconds: 174
20s ExecutionModule:Run(): Event: Horizontal Handover.
20s DeviceModule:MoveRandom(): New position: (78, 66)
21s DeviceModule:MoveRandom(): New position: (78, 69)
22s DeviceModule:MoveRandom(): New position: (78, 66)
23s DeviceModule:MoveRandom(): New position: (78, 63)
24s DeviceModule:MoveRandom(): New position: (78, 66)
25s DeviceModule:MoveRandom(): New position: (75, 66)
26s DeviceModule:MoveRandom(): New position: (75, 63)
27s DeviceModule:MoveRandom(): New position: (72, 63)
28s DeviceModule:MoveRandom(): New position: (75, 63)
29s DeviceModule:MoveRandom(): New position: (78, 63)
30s DecisionModule:Run(): Run decision
30s DecisionModule:AnalyzingNetworks(): Current Network: 
       [Network #3, Technology = Wifi, Address = 02-06-00:00:00:00:00:05, { DataRate: 96, SignalStrength: 89, AntiFragility: 99}, IQ: 95]
30s DecisionModule:ShowAllNetworks(): All detected networks:
       [Network #3, Technology = Wifi, Address = 02-06-00:00:00:00:00:05, { DataRate: 96, SignalStrength: 89, AntiFragility: 99}, IQ: 95]
       [Network #8, Technology = Wimax, Address = 02-06-00:00:00:00:00:0b, { DataRate: 42, SignalStrength: 84, AntiFragility: 98}, IQ: 80]
       [Network #9, Technology = Wimax, Address = 02-06-00:00:00:00:00:0c, { DataRate: 65, SignalStrength: 70, AntiFragility: 90}, IQ: 78]
       [Network #7, Technology = Wifi, Address = 02-06-00:00:00:00:00:09, { DataRate: 95, SignalStrength: 85, AntiFragility: 54}, IQ: 72]
       [Network #6, Technology = Wifi, Address = 02-06-00:00:00:00:00:08, { DataRate: 89, SignalStrength: 59, AntiFragility: 47}, IQ: 60]
       [Network #5, Technology = Wifi, Address = 02-06-00:00:00:00:00:07, { DataRate: 66, SignalStrength: 24, AntiFragility: 64}, IQ: 54]
       [Network #0, Technology = Wifi, Address = 02-06-00:00:00:00:00:02, { DataRate: 35, SignalStrength: 3, AntiFragility: 85}, IQ: 52]
       [Network #2, Technology = Wifi, Address = 02-06-00:00:00:00:00:04, { DataRate: 73, SignalStrength: 29, AntiFragility: 10}, IQ: 30]
       [Network #1, Technology = Wifi, Address = 02-06-00:00:00:00:00:03, { DataRate: 5, SignalStrength: 88, AntiFragility: 5}, IQ: 25]
       [Network #4, Technology = Wifi, Address = 02-06-00:00:00:00:00:06, { DataRate: 19, SignalStrength: 3, AntiFragility: 8}, IQ: 9]
30s ExecutionModule:Run(): Decision time => Seconds: 0, Miliseconds: 222
30s ExecutionModule:Run(): Handover time => Seconds: 0, Miliseconds: 333
30s ExecutionModule:Run(): Event: Horizontal Handover.
30s DeviceModule:MoveRandom(): New position: (75, 63)
31s DeviceModule:MoveRandom(): New position: (75, 66)
32s DeviceModule:MoveRandom(): New position: (72, 66)
33s DeviceModule:MoveRandom(): New position: (69, 66)
34s DeviceModule:MoveRandom(): New position: (69, 63)
35s DeviceModule:MoveRandom(): New position: (69, 60)
36s DeviceModule:MoveRandom(): New position: (66, 60)
37s DeviceModule:MoveRandom(): New position: (66, 57)
38s DeviceModule:MoveRandom(): New position: (63, 57)
39s DeviceModule:MoveRandom(): New position: (63, 60)
40s DecisionModule:Run(): Run decision
40s DecisionModule:AnalyzingNetworks(): Current Network: 
       [Network #9, Technology = Wimax, Address = 02-06-00:00:00:00:00:0c, { DataRate: 57, SignalStrength: 62, AntiFragility: 82}, IQ: 70]
40s DecisionModule:ShowAllNetworks(): All detected networks:
       [Network #9, Technology = Wimax, Address = 02-06-00:00:00:00:00:0c, { DataRate: 57, SignalStrength: 62, AntiFragility: 82}, IQ: 70]
       [Network #7, Technology = Wifi, Address = 02-06-00:00:00:00:00:09, { DataRate: 65, SignalStrength: 68, AntiFragility: 65}, IQ: 65]
       [Network #5, Technology = Wifi, Address = 02-06-00:00:00:00:00:07, { DataRate: 56, SignalStrength: 4, AntiFragility: 93}, IQ: 61]
       [Network #0, Technology = Wifi, Address = 02-06-00:00:00:00:00:02, { DataRate: 62, SignalStrength: 10, AntiFragility: 78}, IQ: 57]
       [Network #4, Technology = Wifi, Address = 02-06-00:00:00:00:00:06, { DataRate: 57, SignalStrength: 84, AntiFragility: 38}, IQ: 54]
       [Network #2, Technology = Wifi, Address = 02-06-00:00:00:00:00:04, { DataRate: 53, SignalStrength: 25, AntiFragility: 68}, IQ: 53]
       [Network #6, Technology = Wifi, Address = 02-06-00:00:00:00:00:08, { DataRate: 31, SignalStrength: 63, AntiFragility: 43}, IQ: 45]
       [Network #3, Technology = Wifi, Address = 02-06-00:00:00:00:00:05, { DataRate: 12, SignalStrength: 49, AntiFragility: 42}, IQ: 36]
       [Network #1, Technology = Wifi, Address = 02-06-00:00:00:00:00:03, { DataRate: 71, SignalStrength: 36, AntiFragility: 3}, IQ: 28]
       [Network #8, Technology = Wimax, Address = 02-06-00:00:00:00:00:0b, { DataRate: 33, SignalStrength: 51, AntiFragility: 6}, IQ: 24]
40s ExecutionModule:Run(): Decision time => Seconds: 0, Miliseconds: 206
40s ExecutionModule:Run(): Handover time => Seconds: 0, Miliseconds: 44
40s ExecutionModule:Run(): Event: Vertical Handover.
40s DeviceModule:MoveRandom(): New position: (63, 63)
41s DeviceModule:MoveRandom(): New position: (63, 60)
42s DeviceModule:MoveRandom(): New position: (63, 63)
43s DeviceModule:MoveRandom(): New position: (66, 63)
44s DeviceModule:MoveRandom(): New position: (66, 60)
45s DeviceModule:MoveRandom(): New position: (69, 60)
46s DeviceModule:MoveRandom(): New position: (69, 63)
47s DeviceModule:MoveRandom(): New position: (69, 66)
48s DeviceModule:MoveRandom(): New position: (69, 63)
49s DeviceModule:MoveRandom(): New position: (69, 66)
50s DecisionModule:Run(): Run decision
50s DecisionModule:AnalyzingNetworks(): Current Network: 
       [Network #7, Technology = Wifi, Address = 02-06-00:00:00:00:00:09, { DataRate: 95, SignalStrength: 81, AntiFragility: 67}, IQ: 77]
50s DecisionModule:ShowAllNetworks(): All detected networks:
       [Network #7, Technology = Wifi, Address = 02-06-00:00:00:00:00:09, { DataRate: 95, SignalStrength: 81, AntiFragility: 67}, IQ: 77]
       [Network #1, Technology = Wifi, Address = 02-06-00:00:00:00:00:03, { DataRate: 60, SignalStrength: 97, AntiFragility: 56}, IQ: 67]
       [Network #5, Technology = Wifi, Address = 02-06-00:00:00:00:00:07, { DataRate: 37, SignalStrength: 87, AntiFragility: 35}, IQ: 48]
       [Network #6, Technology = Wifi, Address = 02-06-00:00:00:00:00:08, { DataRate: 5, SignalStrength: 34, AntiFragility: 69}, IQ: 44]
       [Network #0, Technology = Wifi, Address = 02-06-00:00:00:00:00:02, { DataRate: 88, SignalStrength: 3, AntiFragility: 37}, IQ: 41]
       [Network #2, Technology = Wifi, Address = 02-06-00:00:00:00:00:04, { DataRate: 39, SignalStrength: 1, AntiFragility: 51}, IQ: 35]
       [Network #4, Technology = Wifi, Address = 02-06-00:00:00:00:00:06, { DataRate: 7, SignalStrength: 57, AntiFragility: 37}, IQ: 34]
       [Network #8, Technology = Wimax, Address = 02-06-00:00:00:00:00:0b, { DataRate: 82, SignalStrength: 8, AntiFragility: 18}, IQ: 31]
       [Network #3, Technology = Wifi, Address = 02-06-00:00:00:00:00:05, { DataRate: 22, SignalStrength: 49, AntiFragility: 24}, IQ: 29]
       [Network #9, Technology = Wimax, Address = 02-06-00:00:00:00:00:0c, { DataRate: 20, SignalStrength: 12, AntiFragility: 1}, IQ: 8]
50s ExecutionModule:Run(): Decision time => Seconds: 0, Miliseconds: 362
50s ExecutionModule:Run(): Handover time => Seconds: 0, Miliseconds: 65
50s ExecutionModule:Run(): Event: Vertical Handover.
50s DeviceModule:MoveRandom(): New position: (66, 66)
51s DeviceModule:MoveRandom(): New position: (66, 69)
52s DeviceModule:MoveRandom(): New position: (63, 69)
53s DeviceModule:MoveRandom(): New position: (66, 69)
54s DeviceModule:MoveRandom(): New position: (66, 72)
55s DeviceModule:MoveRandom(): New position: (69, 72)
56s DeviceModule:MoveRandom(): New position: (72, 72)
57s DeviceModule:MoveRandom(): New position: (75, 72)
58s DeviceModule:MoveRandom(): New position: (78, 72)
59s DeviceModule:MoveRandom(): New position: (78, 69)
60s DecisionModule:Run(): Run decision
60s DecisionModule:AnalyzingNetworks(): Current Network: 
       [Network #0, Technology = Wifi, Address = 02-06-00:00:00:00:00:02, { DataRate: 18, SignalStrength: 60, AntiFragility: 95}, IQ: 67]
60s DecisionModule:ShowAllNetworks(): All detected networks:
       [Network #0, Technology = Wifi, Address = 02-06-00:00:00:00:00:02, { DataRate: 18, SignalStrength: 60, AntiFragility: 95}, IQ: 67]
       [Network #8, Technology = Wimax, Address = 02-06-00:00:00:00:00:0b, { DataRate: 21, SignalStrength: 97, AntiFragility: 74}, IQ: 66]
       [Network #7, Technology = Wifi, Address = 02-06-00:00:00:00:00:09, { DataRate: 24, SignalStrength: 15, AntiFragility: 97}, IQ: 58]
       [Network #2, Technology = Wifi, Address = 02-06-00:00:00:00:00:04, { DataRate: 78, SignalStrength: 80, AntiFragility: 26}, IQ: 52]
       [Network #3, Technology = Wifi, Address = 02-06-00:00:00:00:00:05, { DataRate: 51, SignalStrength: 27, AntiFragility: 43}, IQ: 41]
       [Network #4, Technology = Wifi, Address = 02-06-00:00:00:00:00:06, { DataRate: 56, SignalStrength: 58, AntiFragility: 18}, IQ: 37]
       [Network #1, Technology = Wifi, Address = 02-06-00:00:00:00:00:03, { DataRate: 49, SignalStrength: 94, AntiFragility: 4}, IQ: 37]
       [Network #5, Technology = Wifi, Address = 02-06-00:00:00:00:00:07, { DataRate: 68, SignalStrength: 66, AntiFragility: 8}, IQ: 37]
       [Network #6, Technology = Wifi, Address = 02-06-00:00:00:00:00:08, { DataRate: 82, SignalStrength: 28, AntiFragility: 9}, IQ: 32]
       [Network #9, Technology = Wimax, Address = 02-06-00:00:00:00:00:0c, { DataRate: 4, SignalStrength: 11, AntiFragility: 46}, IQ: 26]
60s ExecutionModule:Run(): Decision time => Seconds: 0, Miliseconds: 209
60s ExecutionModule:Run(): Handover time => Seconds: 0, Miliseconds: 120
60s ExecutionModule:Run(): Event: Horizontal Handover.
60s DeviceModule:MoveRandom(): New position: (81, 69)
61s DeviceModule:MoveRandom(): New position: (81, 66)
62s DeviceModule:MoveRandom(): New position: (84, 66)
63s DeviceModule:MoveRandom(): New position: (84, 69)
64s DeviceModule:MoveRandom(): New position: (87, 69)
65s DeviceModule:MoveRandom(): New position: (87, 72)
66s DeviceModule:MoveRandom(): New position: (84, 72)
67s DeviceModule:MoveRandom(): New position: (87, 72)
68s DeviceModule:MoveRandom(): New position: (90, 72)
69s DeviceModule:MoveRandom(): New position: (90, 75)
70s DecisionModule:Run(): Run decision
70s DecisionModule:AnalyzingNetworks(): Current Network: 
       [Network #8, Technology = Wimax, Address = 02-06-00:00:00:00:00:0b, { DataRate: 89, SignalStrength: 67, AntiFragility: 80}, IQ: 79]
70s DecisionModule:ShowAllNetworks(): All detected networks:
       [Network #8, Technology = Wimax, Address = 02-06-00:00:00:00:00:0b, { DataRate: 89, SignalStrength: 67, AntiFragility: 80}, IQ: 79]
       [Network #5, Technology = Wifi, Address = 02-06-00:00:00:00:00:07, { DataRate: 89, SignalStrength: 96, AntiFragility: 51}, IQ: 71]
       [Network #9, Technology = Wimax, Address = 02-06-00:00:00:00:00:0c, { DataRate: 12, SignalStrength: 66, AntiFragility: 86}, IQ: 62]
       [Network #4, Technology = Wifi, Address = 02-06-00:00:00:00:00:06, { DataRate: 30, SignalStrength: 90, AntiFragility: 51}, IQ: 55]
       [Network #0, Technology = Wifi, Address = 02-06-00:00:00:00:00:02, { DataRate: 77, SignalStrength: 77, AntiFragility: 28}, IQ: 52]
       [Network #2, Technology = Wifi, Address = 02-06-00:00:00:00:00:04, { DataRate: 50, SignalStrength: 59, AntiFragility: 39}, IQ: 46]
       [Network #7, Technology = Wifi, Address = 02-06-00:00:00:00:00:09, { DataRate: 36, SignalStrength: 69, AntiFragility: 31}, IQ: 41]
       [Network #1, Technology = Wifi, Address = 02-06-00:00:00:00:00:03, { DataRate: 18, SignalStrength: 9, AntiFragility: 65}, IQ: 39]
       [Network #6, Technology = Wifi, Address = 02-06-00:00:00:00:00:08, { DataRate: 12, SignalStrength: 54, AntiFragility: 44}, IQ: 38]
       [Network #3, Technology = Wifi, Address = 02-06-00:00:00:00:00:05, { DataRate: 24, SignalStrength: 59, AntiFragility: 6}, IQ: 23]
70s ExecutionModule:Run(): Decision time => Seconds: 0, Miliseconds: 277
70s ExecutionModule:Run(): Handover time => Seconds: 0, Miliseconds: 32
70s ExecutionModule:Run(): Event: Vertical Handover.
70s DeviceModule:MoveRandom(): New position: (87, 75)
71s DeviceModule:MoveRandom(): New position: (87, 72)
72s DeviceModule:MoveRandom(): New position: (87, 69)
73s DeviceModule:MoveRandom(): New position: (84, 69)
74s DeviceModule:MoveRandom(): New position: (84, 66)
75s DeviceModule:MoveRandom(): New position: (81, 66)
76s DeviceModule:MoveRandom(): New position: (78, 66)
77s DeviceModule:MoveRandom(): New position: (78, 69)
78s DeviceModule:MoveRandom(): New position: (78, 72)
79s DeviceModule:MoveRandom(): New position: (81, 72)
80s DecisionModule:Run(): Run decision
80s DecisionModule:AnalyzingNetworks(): Current Network: 
       [Network #9, Technology = Wimax, Address = 02-06-00:00:00:00:00:0c, { DataRate: 39, SignalStrength: 90, AntiFragility: 66}, IQ: 65]
80s DecisionModule:ShowAllNetworks(): All detected networks:
       [Network #9, Technology = Wimax, Address = 02-06-00:00:00:00:00:0c, { DataRate: 39, SignalStrength: 90, AntiFragility: 66}, IQ: 65]
       [Network #8, Technology = Wimax, Address = 02-06-00:00:00:00:00:0b, { DataRate: 62, SignalStrength: 81, AntiFragility: 57}, IQ: 64]
       [Network #7, Technology = Wifi, Address = 02-06-00:00:00:00:00:09, { DataRate: 79, SignalStrength: 1, AntiFragility: 77}, IQ: 58]
       [Network #6, Technology = Wifi, Address = 02-06-00:00:00:00:00:08, { DataRate: 1, SignalStrength: 36, AntiFragility: 96}, IQ: 57]
       [Network #4, Technology = Wifi, Address = 02-06-00:00:00:00:00:06, { DataRate: 41, SignalStrength: 91, AntiFragility: 32}, IQ: 49]
       [Network #3, Technology = Wifi, Address = 02-06-00:00:00:00:00:05, { DataRate: 17, SignalStrength: 47, AntiFragility: 53}, IQ: 42]
       [Network #2, Technology = Wifi, Address = 02-06-00:00:00:00:00:04, { DataRate: 2, SignalStrength: 7, AntiFragility: 73}, IQ: 38]
       [Network #1, Technology = Wifi, Address = 02-06-00:00:00:00:00:03, { DataRate: 33, SignalStrength: 77, AntiFragility: 12}, IQ: 33]
       [Network #5, Technology = Wifi, Address = 02-06-00:00:00:00:00:07, { DataRate: 17, SignalStrength: 62, AntiFragility: 26}, IQ: 32]
       [Network #0, Technology = Wifi, Address = 02-06-00:00:00:00:00:02, { DataRate: 62, SignalStrength: 15, AntiFragility: 22}, IQ: 30]
80s ExecutionModule:Run(): Decision time => Seconds: 0, Miliseconds: 228
80s ExecutionModule:Run(): Handover time => Seconds: 0, Miliseconds: 120
80s ExecutionModule:Run(): Event: Horizontal Handover.
80s DeviceModule:MoveRandom(): New position: (78, 72)
81s DeviceModule:MoveRandom(): New position: (78, 75)
82s DeviceModule:MoveRandom(): New position: (81, 75)
83s DeviceModule:MoveRandom(): New position: (81, 78)
84s DeviceModule:MoveRandom(): New position: (81, 81)
85s DeviceModule:MoveRandom(): New position: (81, 78)
86s DeviceModule:MoveRandom(): New position: (84, 78)
87s DeviceModule:MoveRandom(): New position: (84, 81)
88s DeviceModule:MoveRandom(): New position: (84, 78)
89s DeviceModule:MoveRandom(): New position: (84, 75)
90s DecisionModule:Run(): Run decision
90s DecisionModule:AnalyzingNetworks(): Current Network: 
       [Network #9, Technology = Wimax, Address = 02-06-00:00:00:00:00:0c, { DataRate: 63, SignalStrength: 94, AntiFragility: 79}, IQ: 78]
90s DecisionModule:ShowAllNetworks(): All detected networks:
       [Network #9, Technology = Wimax, Address = 02-06-00:00:00:00:00:0c, { DataRate: 63, SignalStrength: 94, AntiFragility: 79}, IQ: 78]
       [Network #6, Technology = Wifi, Address = 02-06-00:00:00:00:00:08, { DataRate: 57, SignalStrength: 48, AntiFragility: 76}, IQ: 64]
       [Network #4, Technology = Wifi, Address = 02-06-00:00:00:00:00:06, { DataRate: 42, SignalStrength: 2, AntiFragility: 73}, IQ: 47]
       [Network #3, Technology = Wifi, Address = 02-06-00:00:00:00:00:05, { DataRate: 37, SignalStrength: 66, AntiFragility: 43}, IQ: 47]
       [Network #1, Technology = Wifi, Address = 02-06-00:00:00:00:00:03, { DataRate: 74, SignalStrength: 76, AntiFragility: 4}, IQ: 39]
       [Network #5, Technology = Wifi, Address = 02-06-00:00:00:00:00:07, { DataRate: 85, SignalStrength: 57, AntiFragility: 6}, IQ: 38]
       [Network #7, Technology = Wifi, Address = 02-06-00:00:00:00:00:09, { DataRate: 28, SignalStrength: 7, AntiFragility: 53}, IQ: 35]
       [Network #8, Technology = Wimax, Address = 02-06-00:00:00:00:00:0b, { DataRate: 34, SignalStrength: 33, AntiFragility: 17}, IQ: 25]
       [Network #2, Technology = Wifi, Address = 02-06-00:00:00:00:00:04, { DataRate: 40, SignalStrength: 42, AntiFragility: 4}, IQ: 22]
       [Network #0, Technology = Wifi, Address = 02-06-00:00:00:00:00:02, { DataRate: 4, SignalStrength: 43, AntiFragility: 3}, IQ: 13]
90s DeviceModule:MoveRandom(): New position: (81, 75)
91s DeviceModule:MoveRandom(): New position: (81, 78)
92s DeviceModule:MoveRandom(): New position: (78, 78)
93s DeviceModule:MoveRandom(): New position: (75, 78)
94s DeviceModule:MoveRandom(): New position: (72, 78)
95s DeviceModule:MoveRandom(): New position: (69, 78)
96s DeviceModule:MoveRandom(): New position: (66, 78)
97s DeviceModule:MoveRandom(): New position: (66, 75)
98s DeviceModule:MoveRandom(): New position: (66, 72)
99s DeviceModule:MoveRandom(): New position: (66, 69)
100s DecisionModule:Run(): Run decision
100s DecisionModule:AnalyzingNetworks(): Current Network: 
       [Network #5, Technology = Wifi, Address = 02-06-00:00:00:00:00:07, { DataRate: 58, SignalStrength: 96, AntiFragility: 78}, IQ: 77]
100s DecisionModule:ShowAllNetworks(): All detected networks:
       [Network #5, Technology = Wifi, Address = 02-06-00:00:00:00:00:07, { DataRate: 58, SignalStrength: 96, AntiFragility: 78}, IQ: 77]
       [Network #3, Technology = Wifi, Address = 02-06-00:00:00:00:00:05, { DataRate: 15, SignalStrength: 80, AntiFragility: 99}, IQ: 73]
       [Network #0, Technology = Wifi, Address = 02-06-00:00:00:00:00:02, { DataRate: 74, SignalStrength: 17, AntiFragility: 80}, IQ: 62]
       [Network #6, Technology = Wifi, Address = 02-06-00:00:00:00:00:08, { DataRate: 17, SignalStrength: 96, AntiFragility: 56}, IQ: 56]
       [Network #4, Technology = Wifi, Address = 02-06-00:00:00:00:00:06, { DataRate: 51, SignalStrength: 6, AntiFragility: 79}, IQ: 53]
       [Network #1, Technology = Wifi, Address = 02-06-00:00:00:00:00:03, { DataRate: 24, SignalStrength: 59, AntiFragility: 53}, IQ: 47]
       [Network #8, Technology = Wimax, Address = 02-06-00:00:00:00:00:0b, { DataRate: 82, SignalStrength: 49, AntiFragility: 9}, IQ: 37]
       [Network #7, Technology = Wifi, Address = 02-06-00:00:00:00:00:09, { DataRate: 42, SignalStrength: 49, AntiFragility: 24}, IQ: 34]
       [Network #9, Technology = Wimax, Address = 02-06-00:00:00:00:00:0c, { DataRate: 36, SignalStrength: 99, AntiFragility: 1}, IQ: 34]
       [Network #2, Technology = Wifi, Address = 02-06-00:00:00:00:00:04, { DataRate: 74, SignalStrength: 35, AntiFragility: 8}, IQ: 31]
100s ExecutionModule:Run(): Decision time => Seconds: 0, Miliseconds: 229
100s ExecutionModule:Run(): Handover time => Seconds: 0, Miliseconds: 32
100s ExecutionModule:Run(): Event: Vertical Handover.
100s DeviceModule:MoveRandom(): New position: (66, 66)
101s DeviceModule:MoveRandom(): New position: (63, 66)
102s DeviceModule:MoveRandom(): New position: (60, 66)
103s DeviceModule:MoveRandom(): New position: (60, 63)
104s DeviceModule:MoveRandom(): New position: (60, 66)
105s DeviceModule:MoveRandom(): New position: (57, 66)
106s DeviceModule:MoveRandom(): New position: (57, 63)
107s DeviceModule:MoveRandom(): New position: (60, 63)
108s DeviceModule:MoveRandom(): New position: (57, 63)
109s DeviceModule:MoveRandom(): New position: (57, 66)
110s DecisionModule:Run(): Run decision
110s DecisionModule:AnalyzingNetworks(): Current Network: 
       [Network #7, Technology = Wifi, Address = 02-06-00:00:00:00:00:09, { DataRate: 72, SignalStrength: 80, AntiFragility: 90}, IQ: 83]
110s DecisionModule:ShowAllNetworks(): All detected networks:
       [Network #7, Technology = Wifi, Address = 02-06-00:00:00:00:00:09, { DataRate: 72, SignalStrength: 80, AntiFragility: 90}, IQ: 83]
       [Network #9, Technology = Wimax, Address = 02-06-00:00:00:00:00:0c, { DataRate: 79, SignalStrength: 75, AntiFragility: 69}, IQ: 73]
       [Network #5, Technology = Wifi, Address = 02-06-00:00:00:00:00:07, { DataRate: 63, SignalStrength: 99, AntiFragility: 53}, IQ: 67]
       [Network #4, Technology = Wifi, Address = 02-06-00:00:00:00:00:06, { DataRate: 53, SignalStrength: 65, AntiFragility: 73}, IQ: 66]
       [Network #8, Technology = Wimax, Address = 02-06-00:00:00:00:00:0b, { DataRate: 99, SignalStrength: 82, AntiFragility: 41}, IQ: 65]
       [Network #2, Technology = Wifi, Address = 02-06-00:00:00:00:00:04, { DataRate: 67, SignalStrength: 89, AntiFragility: 43}, IQ: 60]
       [Network #1, Technology = Wifi, Address = 02-06-00:00:00:00:00:03, { DataRate: 79, SignalStrength: 17, AntiFragility: 64}, IQ: 56]
       [Network #3, Technology = Wifi, Address = 02-06-00:00:00:00:00:05, { DataRate: 24, SignalStrength: 3, AntiFragility: 86}, IQ: 49]
       [Network #0, Technology = Wifi, Address = 02-06-00:00:00:00:00:02, { DataRate: 33, SignalStrength: 79, AntiFragility: 21}, IQ: 38]
       [Network #6, Technology = Wifi, Address = 02-06-00:00:00:00:00:08, { DataRate: 34, SignalStrength: 63, AntiFragility: 13}, IQ: 30]
110s ExecutionModule:Run(): Decision time => Seconds: 0, Miliseconds: 212
110s ExecutionModule:Run(): Handover time => Seconds: 0, Miliseconds: 121
110s ExecutionModule:Run(): Event: Horizontal Handover.
110s DeviceModule:MoveRandom(): New position: (60, 66)
111s DeviceModule:MoveRandom(): New position: (60, 63)
112s DeviceModule:MoveRandom(): New position: (57, 63)
113s DeviceModule:MoveRandom(): New position: (54, 63)
114s DeviceModule:MoveRandom(): New position: (54, 66)
115s DeviceModule:MoveRandom(): New position: (51, 66)
116s DeviceModule:MoveRandom(): New position: (51, 63)
117s DeviceModule:MoveRandom(): New position: (51, 60)
118s DeviceModule:MoveRandom(): New position: (54, 60)
119s DeviceModule:MoveRandom(): New position: (51, 60)
120s DecisionModule:Run(): Run decision
120s DecisionModule:AnalyzingNetworks(): Current Network: 
       [Network #4, Technology = Wifi, Address = 02-06-00:00:00:00:00:06, { DataRate: 93, SignalStrength: 15, AntiFragility: 91}, IQ: 72]
120s DecisionModule:ShowAllNetworks(): All detected networks:
       [Network #4, Technology = Wifi, Address = 02-06-00:00:00:00:00:06, { DataRate: 93, SignalStrength: 15, AntiFragility: 91}, IQ: 72]
       [Network #0, Technology = Wifi, Address = 02-06-00:00:00:00:00:02, { DataRate: 80, SignalStrength: 48, AntiFragility: 72}, IQ: 68]
       [Network #9, Technology = Wimax, Address = 02-06-00:00:00:00:00:0c, { DataRate: 14, SignalStrength: 57, AntiFragility: 97}, IQ: 66]
       [Network #5, Technology = Wifi, Address = 02-06-00:00:00:00:00:07, { DataRate: 34, SignalStrength: 95, AntiFragility: 58}, IQ: 61]
       [Network #1, Technology = Wifi, Address = 02-06-00:00:00:00:00:03, { DataRate: 81, SignalStrength: 64, AntiFragility: 20}, IQ: 46]
       [Network #7, Technology = Wifi, Address = 02-06-00:00:00:00:00:09, { DataRate: 2, SignalStrength: 88, AntiFragility: 34}, IQ: 39]
       [Network #8, Technology = Wimax, Address = 02-06-00:00:00:00:00:0b, { DataRate: 18, SignalStrength: 93, AntiFragility: 11}, IQ: 33]
       [Network #2, Technology = Wifi, Address = 02-06-00:00:00:00:00:04, { DataRate: 60, SignalStrength: 49, AntiFragility: 9}, IQ: 31]
       [Network #6, Technology = Wifi, Address = 02-06-00:00:00:00:00:08, { DataRate: 38, SignalStrength: 52, AntiFragility: 10}, IQ: 27]
       [Network #3, Technology = Wifi, Address = 02-06-00:00:00:00:00:05, { DataRate: 14, SignalStrength: 21, AntiFragility: 21}, IQ: 19]
120s ExecutionModule:Run(): Decision time => Seconds: 0, Miliseconds: 205
120s ExecutionModule:Run(): Handover time => Seconds: 0, Miliseconds: 121
120s ExecutionModule:Run(): Event: Horizontal Handover.
120s DeviceModule:MoveRandom(): New position: (48, 60)
121s DeviceModule:MoveRandom(): New position: (48, 63)
122s DeviceModule:MoveRandom(): New position: (45, 63)
123s DeviceModule:MoveRandom(): New position: (45, 66)
124s DeviceModule:MoveRandom(): New position: (42, 66)
125s DeviceModule:MoveRandom(): New position: (42, 69)
126s DeviceModule:MoveRandom(): New position: (42, 66)
127s DeviceModule:MoveRandom(): New position: (39, 66)
128s DeviceModule:MoveRandom(): New position: (39, 63)
129s DeviceModule:MoveRandom(): New position: (39, 60)
129s DecisionModule:RemoveNetworkFromList(): Network: 9 out of range!
130s DecisionModule:Run(): Run decision
130s DecisionModule:AnalyzingNetworks(): Current Network: 
       [Network #8, Technology = Wimax, Address = 02-06-00:00:00:00:00:0b, { DataRate: 92, SignalStrength: 36, AntiFragility: 87}, IQ: 75]
130s DecisionModule:ShowAllNetworks(): All detected networks:
       [Network #8, Technology = Wimax, Address = 02-06-00:00:00:00:00:0b, { DataRate: 92, SignalStrength: 36, AntiFragility: 87}, IQ: 75]
       [Network #5, Technology = Wifi, Address = 02-06-00:00:00:00:00:07, { DataRate: 18, SignalStrength: 31, AntiFragility: 97}, IQ: 60]
       [Network #4, Technology = Wifi, Address = 02-06-00:00:00:00:00:06, { DataRate: 95, SignalStrength: 79, AntiFragility: 26}, IQ: 56]
       [Network #6, Technology = Wifi, Address = 02-06-00:00:00:00:00:08, { DataRate: 15, SignalStrength: 96, AntiFragility: 57}, IQ: 56]
       [Network #0, Technology = Wifi, Address = 02-06-00:00:00:00:00:02, { DataRate: 76, SignalStrength: 81, AntiFragility: 9}, IQ: 43]
       [Network #3, Technology = Wifi, Address = 02-06-00:00:00:00:00:05, { DataRate: 53, SignalStrength: 44, AntiFragility: 37}, IQ: 42]
       [Network #1, Technology = Wifi, Address = 02-06-00:00:00:00:00:03, { DataRate: 94, SignalStrength: 20, AntiFragility: 11}, IQ: 34]
       [Network #7, Technology = Wifi, Address = 02-06-00:00:00:00:00:09, { DataRate: 46, SignalStrength: 43, AntiFragility: 22}, IQ: 33]
       [Network #2, Technology = Wifi, Address = 02-06-00:00:00:00:00:04, { DataRate: 23, SignalStrength: 27, AntiFragility: 4}, IQ: 14]
130s ExecutionModule:Run(): Decision time => Seconds: 0, Miliseconds: 217
130s ExecutionModule:Run(): Handover time => Seconds: 0, Miliseconds: 32
130s ExecutionModule:Run(): Event: Vertical Handover.
130s DeviceModule:MoveRandom(): New position: (39, 63)
130s DecisionModule:AddNetworkToList(): Network detected
131s DeviceModule:MoveRandom(): New position: (39, 60)
131s DecisionModule:RemoveNetworkFromList(): Network: 9 out of range!
132s DeviceModule:MoveRandom(): New position: (36, 60)
133s DeviceModule:MoveRandom(): New position: (39, 60)
134s DeviceModule:MoveRandom(): New position: (39, 57)
135s DeviceModule:MoveRandom(): New position: (39, 54)
136s DeviceModule:MoveRandom(): New position: (36, 54)
137s DeviceModule:MoveRandom(): New position: (33, 54)
137s DecisionModule:RemoveNetworkFromList(): Network: 6 out of range!
137s ExecutionModule:OutOfRange(): OUT OF BETTER NETWORK! Choosing another network...
137s DecisionModule:RemoveNetworkFromList(): Network: 8 out of range!
137s DecisionModule:Run(): Run decision
137s DecisionModule:AnalyzingNetworks(): Current Network: 
       [Network #2, Technology = Wifi, Address = 02-06-00:00:00:00:00:04, { DataRate: 62, SignalStrength: 86, AntiFragility: 91}, IQ: 82]
137s DecisionModule:ShowAllNetworks(): All detected networks:
       [Network #2, Technology = Wifi, Address = 02-06-00:00:00:00:00:04, { DataRate: 62, SignalStrength: 86, AntiFragility: 91}, IQ: 82]
       [Network #5, Technology = Wifi, Address = 02-06-00:00:00:00:00:07, { DataRate: 36, SignalStrength: 98, AntiFragility: 90}, IQ: 78]
       [Network #7, Technology = Wifi, Address = 02-06-00:00:00:00:00:09, { DataRate: 55, SignalStrength: 46, AntiFragility: 98}, IQ: 74]
       [Network #1, Technology = Wifi, Address = 02-06-00:00:00:00:00:03, { DataRate: 16, SignalStrength: 19, AntiFragility: 99}, IQ: 58]
       [Network #4, Technology = Wifi, Address = 02-06-00:00:00:00:00:06, { DataRate: 5, SignalStrength: 19, AntiFragility: 87}, IQ: 49]
       [Network #0, Technology = Wifi, Address = 02-06-00:00:00:00:00:02, { DataRate: 4, SignalStrength: 91, AntiFragility: 44}, IQ: 45]
       [Network #3, Technology = Wifi, Address = 02-06-00:00:00:00:00:05, { DataRate: 41, SignalStrength: 23, AntiFragility: 29}, IQ: 30]
137s ExecutionModule:Run(): Decision time => Seconds: 0, Miliseconds: 345
137s ExecutionModule:Run(): Handover time => Seconds: 0, Miliseconds: 84
137s ExecutionModule:Run(): Event: Vertical Handover.
138s DeviceModule:MoveRandom(): New position: (30, 54)
139s DeviceModule:MoveRandom(): New position: (30, 51)
140s DecisionModule:Run(): Run decision
140s DecisionModule:AnalyzingNetworks(): Current Network: 
       [Network #2, Technology = Wifi, Address = 02-06-00:00:00:00:00:04, { DataRate: 62, SignalStrength: 86, AntiFragility: 91}, IQ: 82]
140s DecisionModule:ShowAllNetworks(): All detected networks:
       [Network #2, Technology = Wifi, Address = 02-06-00:00:00:00:00:04, { DataRate: 62, SignalStrength: 86, AntiFragility: 91}, IQ: 82]
       [Network #5, Technology = Wifi, Address = 02-06-00:00:00:00:00:07, { DataRate: 36, SignalStrength: 98, AntiFragility: 90}, IQ: 78]
       [Network #7, Technology = Wifi, Address = 02-06-00:00:00:00:00:09, { DataRate: 55, SignalStrength: 46, AntiFragility: 98}, IQ: 74]
       [Network #1, Technology = Wifi, Address = 02-06-00:00:00:00:00:03, { DataRate: 16, SignalStrength: 19, AntiFragility: 99}, IQ: 58]
       [Network #4, Technology = Wifi, Address = 02-06-00:00:00:00:00:06, { DataRate: 5, SignalStrength: 19, AntiFragility: 87}, IQ: 49]
       [Network #0, Technology = Wifi, Address = 02-06-00:00:00:00:00:02, { DataRate: 4, SignalStrength: 91, AntiFragility: 44}, IQ: 45]
       [Network #3, Technology = Wifi, Address = 02-06-00:00:00:00:00:05, { DataRate: 41, SignalStrength: 23, AntiFragility: 29}, IQ: 30]
140s DeviceModule:MoveRandom(): New position: (30, 48)
141s DeviceModule:MoveRandom(): New position: (30, 45)
141s DecisionModule:RemoveNetworkFromList(): Network: 0 out of range!
141s DecisionModule:RemoveNetworkFromList(): Network: 3 out of range!
142s DeviceModule:MoveRandom(): New position: (30, 48)
142s DecisionModule:AddNetworkToList(): Network detected
142s DecisionModule:AddNetworkToList(): Network detected
143s DeviceModule:MoveRandom(): New position: (30, 45)
143s DecisionModule:RemoveNetworkFromList(): Network: 0 out of range!
143s DecisionModule:RemoveNetworkFromList(): Network: 3 out of range!
144s DeviceModule:MoveRandom(): New position: (30, 48)
144s DecisionModule:AddNetworkToList(): Network detected
144s DecisionModule:AddNetworkToList(): Network detected
145s DeviceModule:MoveRandom(): New position: (33, 48)
146s DeviceModule:MoveRandom(): New position: (33, 51)
147s DeviceModule:MoveRandom(): New position: (36, 51)
147s DecisionModule:AddNetworkToList(): Network detected
148s DeviceModule:MoveRandom(): New position: (36, 48)
149s DeviceModule:MoveRandom(): New position: (36, 45)
149s DecisionModule:RemoveNetworkFromList(): Network: 0 out of range!
149s DecisionModule:RemoveNetworkFromList(): Network: 8 out of range!
150s DecisionModule:Run(): Run decision
150s DecisionModule:AnalyzingNetworks(): Current Network: 
       [Network #4, Technology = Wifi, Address = 02-06-00:00:00:00:00:06, { DataRate: 74, SignalStrength: 66, AntiFragility: 86}, IQ: 78]
150s DecisionModule:ShowAllNetworks(): All detected networks:
       [Network #4, Technology = Wifi, Address = 02-06-00:00:00:00:00:06, { DataRate: 74, SignalStrength: 66, AntiFragility: 86}, IQ: 78]
       [Network #3, Technology = Wifi, Address = 02-06-00:00:00:00:00:05, { DataRate: 20, SignalStrength: 95, AntiFragility: 99}, IQ: 78]
       [Network #7, Technology = Wifi, Address = 02-06-00:00:00:00:00:09, { DataRate: 99, SignalStrength: 39, AntiFragility: 63}, IQ: 66]
       [Network #2, Technology = Wifi, Address = 02-06-00:00:00:00:00:04, { DataRate: 38, SignalStrength: 39, AntiFragility: 84}, IQ: 61]
       [Network #1, Technology = Wifi, Address = 02-06-00:00:00:00:00:03, { DataRate: 5, SignalStrength: 42, AntiFragility: 95}, IQ: 59]
       [Network #5, Technology = Wifi, Address = 02-06-00:00:00:00:00:07, { DataRate: 29, SignalStrength: 58, AntiFragility: 58}, IQ: 50]
150s ExecutionModule:Run(): Decision time => Seconds: 0, Miliseconds: 176
150s ExecutionModule:Run(): Handover time => Seconds: 0, Miliseconds: 121
150s ExecutionModule:Run(): Event: Horizontal Handover.
150s DeviceModule:MoveRandom(): New position: (33, 45)
151s DeviceModule:MoveRandom(): New position: (33, 48)
151s DecisionModule:AddNetworkToList(): Network detected
152s DeviceModule:MoveRandom(): New position: (36, 48)
152s DecisionModule:AddNetworkToList(): Network detected
153s DeviceModule:MoveRandom(): New position: (36, 51)
154s DeviceModule:MoveRandom(): New position: (36, 48)
155s DeviceModule:MoveRandom(): New position: (36, 51)
156s DeviceModule:MoveRandom(): New position: (39, 51)
156s DecisionModule:AddNetworkToList(): Network detected
157s DeviceModule:MoveRandom(): New position: (42, 51)
158s DeviceModule:MoveRandom(): New position: (42, 48)
159s DeviceModule:MoveRandom(): New position: (45, 48)
159s DecisionModule:RemoveNetworkFromList(): Network: 0 out of range!
160s DecisionModule:Run(): Run decision
160s DecisionModule:AnalyzingNetworks(): Current Network: 
       [Network #7, Technology = Wifi, Address = 02-06-00:00:00:00:00:09, { DataRate: 96, SignalStrength: 55, AntiFragility: 82}, IQ: 78]
160s DecisionModule:ShowAllNetworks(): All detected networks:
       [Network #7, Technology = Wifi, Address = 02-06-00:00:00:00:00:09, { DataRate: 96, SignalStrength: 55, AntiFragility: 82}, IQ: 78]
       [Network #3, Technology = Wifi, Address = 02-06-00:00:00:00:00:05, { DataRate: 26, SignalStrength: 72, AntiFragility: 88}, IQ: 68]
       [Network #6, Technology = Wifi, Address = 02-06-00:00:00:00:00:08, { DataRate: 55, SignalStrength: 41, AntiFragility: 59}, IQ: 53]
       [Network #2, Technology = Wifi, Address = 02-06-00:00:00:00:00:04, { DataRate: 49, SignalStrength: 90, AntiFragility: 8}, IQ: 38]
       [Network #5, Technology = Wifi, Address = 02-06-00:00:00:00:00:07, { DataRate: 91, SignalStrength: 19, AntiFragility: 12}, IQ: 33]
       [Network #1, Technology = Wifi, Address = 02-06-00:00:00:00:00:03, { DataRate: 19, SignalStrength: 37, AntiFragility: 30}, IQ: 29]
       [Network #8, Technology = Wimax, Address = 02-06-00:00:00:00:00:0b, { DataRate: 82, SignalStrength: 22, AntiFragility: 5}, IQ: 28]
       [Network #4, Technology = Wifi, Address = 02-06-00:00:00:00:00:06, { DataRate: 20, SignalStrength: 45, AntiFragility: 1}, IQ: 16]
160s ExecutionModule:Run(): Decision time => Seconds: 0, Miliseconds: 282
160s ExecutionModule:Run(): Handover time => Seconds: 0, Miliseconds: 145
160s ExecutionModule:Run(): Event: Horizontal Handover.
160s DeviceModule:MoveRandom(): New position: (45, 45)
161s DeviceModule:MoveRandom(): New position: (45, 42)
162s DeviceModule:MoveRandom(): New position: (48, 42)
163s DeviceModule:MoveRandom(): New position: (51, 42)
164s DeviceModule:MoveRandom(): New position: (54, 42)
165s DeviceModule:MoveRandom(): New position: (51, 42)
166s DeviceModule:MoveRandom(): New position: (51, 45)
167s DeviceModule:MoveRandom(): New position: (48, 45)
168s DeviceModule:MoveRandom(): New position: (51, 45)
169s DeviceModule:MoveRandom(): New position: (51, 42)
170s DecisionModule:Run(): Run decision
170s DecisionModule:AnalyzingNetworks(): Current Network: 
       [Network #8, Technology = Wimax, Address = 02-06-00:00:00:00:00:0b, { DataRate: 28, SignalStrength: 74, AntiFragility: 71}, IQ: 61]
170s DecisionModule:ShowAllNetworks(): All detected networks:
       [Network #8, Technology = Wimax, Address = 02-06-00:00:00:00:00:0b, { DataRate: 28, SignalStrength: 74, AntiFragility: 71}, IQ: 61]
       [Network #6, Technology = Wifi, Address = 02-06-00:00:00:00:00:08, { DataRate: 87, SignalStrength: 93, AntiFragility: 19}, IQ: 54]
       [Network #4, Technology = Wifi, Address = 02-06-00:00:00:00:00:06, { DataRate: 20, SignalStrength: 10, AntiFragility: 89}, IQ: 52]
       [Network #1, Technology = Wifi, Address = 02-06-00:00:00:00:00:03, { DataRate: 27, SignalStrength: 74, AntiFragility: 52}, IQ: 51]
       [Network #5, Technology = Wifi, Address = 02-06-00:00:00:00:00:07, { DataRate: 23, SignalStrength: 54, AntiFragility: 58}, IQ: 48]
       [Network #2, Technology = Wifi, Address = 02-06-00:00:00:00:00:04, { DataRate: 92, SignalStrength: 71, AntiFragility: 13}, IQ: 47]
       [Network #3, Technology = Wifi, Address = 02-06-00:00:00:00:00:05, { DataRate: 32, SignalStrength: 61, AntiFragility: 20}, IQ: 33]
       [Network #7, Technology = Wifi, Address = 02-06-00:00:00:00:00:09, { DataRate: 37, SignalStrength: 9, AntiFragility: 20}, IQ: 21]
170s ExecutionModule:Run(): Decision time => Seconds: 0, Miliseconds: 186
170s ExecutionModule:Run(): Handover time => Seconds: 0, Miliseconds: 32
170s ExecutionModule:Run(): Event: Vertical Handover.
170s DeviceModule:MoveRandom(): New position: (51, 39)
171s DeviceModule:MoveRandom(): New position: (54, 39)
172s DeviceModule:MoveRandom(): New position: (54, 42)
173s DeviceModule:MoveRandom(): New position: (54, 39)
174s DeviceModule:MoveRandom(): New position: (51, 39)
175s DeviceModule:MoveRandom(): New position: (51, 36)
176s DeviceModule:MoveRandom(): New position: (48, 36)
176s DecisionModule:RemoveNetworkFromList(): Network: 6 out of range!
177s DeviceModule:MoveRandom(): New position: (51, 36)
177s DecisionModule:AddNetworkToList(): Network detected
178s DeviceModule:MoveRandom(): New position: (48, 36)
178s DecisionModule:RemoveNetworkFromList(): Network: 6 out of range!
179s DeviceModule:MoveRandom(): New position: (48, 39)
179s DecisionModule:AddNetworkToList(): Network detected
180s DecisionModule:Run(): Run decision
180s DecisionModule:AnalyzingNetworks(): Current Network: 
       [Network #3, Technology = Wifi, Address = 02-06-00:00:00:00:00:05, { DataRate: 77, SignalStrength: 98, AntiFragility: 56}, IQ: 71]
180s DecisionModule:ShowAllNetworks(): All detected networks:
       [Network #3, Technology = Wifi, Address = 02-06-00:00:00:00:00:05, { DataRate: 77, SignalStrength: 98, AntiFragility: 56}, IQ: 71]
       [Network #6, Technology = Wifi, Address = 02-06-00:00:00:00:00:08, { DataRate: 57, SignalStrength: 39, AntiFragility: 76}, IQ: 62]
       [Network #1, Technology = Wifi, Address = 02-06-00:00:00:00:00:03, { DataRate: 24, SignalStrength: 55, AntiFragility: 45}, IQ: 42]
       [Network #5, Technology = Wifi, Address = 02-06-00:00:00:00:00:07, { DataRate: 31, SignalStrength: 17, AntiFragility: 51}, IQ: 37]
       [Network #2, Technology = Wifi, Address = 02-06-00:00:00:00:00:04, { DataRate: 54, SignalStrength: 60, AntiFragility: 6}, IQ: 31]
       [Network #7, Technology = Wifi, Address = 02-06-00:00:00:00:00:09, { DataRate: 8, SignalStrength: 26, AntiFragility: 38}, IQ: 27]
       [Network #4, Technology = Wifi, Address = 02-06-00:00:00:00:00:06, { DataRate: 33, SignalStrength: 9, AntiFragility: 15}, IQ: 18]
       [Network #8, Technology = Wimax, Address = 02-06-00:00:00:00:00:0b, { DataRate: 54, SignalStrength: 2, AntiFragility: 7}, IQ: 17]
180s ExecutionModule:Run(): Decision time => Seconds: 0, Miliseconds: 213
180s ExecutionModule:Run(): Handover time => Seconds: 0, Miliseconds: 31
180s ExecutionModule:Run(): Event: Vertical Handover.
180s DeviceModule:MoveRandom(): New position: (45, 39)
180s DecisionModule:RemoveNetworkFromList(): Network: 6 out of range!
181s DeviceModule:MoveRandom(): New position: (48, 39)
181s DecisionModule:AddNetworkToList(): Network detected
182s DeviceModule:MoveRandom(): New position: (51, 39)
183s DeviceModule:MoveRandom(): New position: (51, 36)
184s DeviceModule:MoveRandom(): New position: (51, 33)
184s DecisionModule:RemoveNetworkFromList(): Network: 6 out of range!
185s DeviceModule:MoveRandom(): New position: (51, 30)
186s DeviceModule:MoveRandom(): New position: (51, 27)
186s ExecutionModule:OutOfRange(): OUT OF BETTER NETWORK! Choosing another network...
186s DecisionModule:RemoveNetworkFromList(): Network: 3 out of range!
186s DecisionModule:Run(): Run decision
186s DecisionModule:AnalyzingNetworks(): Current Network: 
       [Network #2, Technology = Wifi, Address = 02-06-00:00:00:00:00:04, { DataRate: 73, SignalStrength: 58, AntiFragility: 75}, IQ: 70]
186s DecisionModule:ShowAllNetworks(): All detected networks:
       [Network #2, Technology = Wifi, Address = 02-06-00:00:00:00:00:04, { DataRate: 73, SignalStrength: 58, AntiFragility: 75}, IQ: 70]
       [Network #8, Technology = Wimax, Address = 02-06-00:00:00:00:00:0b, { DataRate: 28, SignalStrength: 82, AntiFragility: 82}, IQ: 68]
       [Network #5, Technology = Wifi, Address = 02-06-00:00:00:00:00:07, { DataRate: 73, SignalStrength: 73, AntiFragility: 45}, IQ: 59]
       [Network #1, Technology = Wifi, Address = 02-06-00:00:00:00:00:03, { DataRate: 59, SignalStrength: 60, AntiFragility: 46}, IQ: 52]
       [Network #7, Technology = Wifi, Address = 02-06-00:00:00:00:00:09, { DataRate: 35, SignalStrength: 23, AntiFragility: 76}, IQ: 52]
       [Network #4, Technology = Wifi, Address = 02-06-00:00:00:00:00:06, { DataRate: 45, SignalStrength: 91, AntiFragility: 12}, IQ: 40]
186s ExecutionModule:Run(): Decision time => Seconds: 0, Miliseconds: 129
186s ExecutionModule:Run(): Handover time => Seconds: 0, Miliseconds: 118
186s ExecutionModule:Run(): Event: Horizontal Handover.
187s DeviceModule:MoveRandom(): New position: (48, 27)
188s DeviceModule:MoveRandom(): New position: (48, 24)
188s DecisionModule:RemoveNetworkFromList(): Network: 8 out of range!
189s DeviceModule:MoveRandom(): New position: (48, 27)
189s DecisionModule:AddNetworkToList(): Network detected
190s DecisionModule:Run(): Run decision
190s DecisionModule:AnalyzingNetworks(): Current Network: 
       [Network #2, Technology = Wifi, Address = 02-06-00:00:00:00:00:04, { DataRate: 97, SignalStrength: 73, AntiFragility: 59}, IQ: 72]
190s DecisionModule:ShowAllNetworks(): All detected networks:
       [Network #2, Technology = Wifi, Address = 02-06-00:00:00:00:00:04, { DataRate: 97, SignalStrength: 73, AntiFragility: 59}, IQ: 72]
       [Network #7, Technology = Wifi, Address = 02-06-00:00:00:00:00:09, { DataRate: 59, SignalStrength: 62, AntiFragility: 83}, IQ: 71]
       [Network #8, Technology = Wimax, Address = 02-06-00:00:00:00:00:0b, { DataRate: 34, SignalStrength: 70, AntiFragility: 61}, IQ: 56]
       [Network #1, Technology = Wifi, Address = 02-06-00:00:00:00:00:03, { DataRate: 72, SignalStrength: 52, AntiFragility: 36}, IQ: 49]
       [Network #5, Technology = Wifi, Address = 02-06-00:00:00:00:00:07, { DataRate: 96, SignalStrength: 30, AntiFragility: 34}, IQ: 48]
       [Network #4, Technology = Wifi, Address = 02-06-00:00:00:00:00:06, { DataRate: 30, SignalStrength: 38, AntiFragility: 4}, IQ: 19]
190s DeviceModule:MoveRandom(): New position: (48, 24)
190s DecisionModule:RemoveNetworkFromList(): Network: 8 out of range!
191s DeviceModule:MoveRandom(): New position: (48, 21)
192s DeviceModule:MoveRandom(): New position: (48, 18)
193s DeviceModule:MoveRandom(): New position: (45, 18)
194s DeviceModule:MoveRandom(): New position: (45, 21)
195s DeviceModule:MoveRandom(): New position: (42, 21)
196s DeviceModule:MoveRandom(): New position: (42, 24)
197s DeviceModule:MoveRandom(): New position: (42, 21)
198s DeviceModule:MoveRandom(): New position: (45, 21)
199s DeviceModule:MoveRandom(): New position: (45, 18)
