Waf: Entering directory `/home/renan/Documents/NR2/ns-allinone-3.20/ns-3.20/build'
Waf: Leaving directory `/home/renan/Documents/NR2/ns-allinone-3.20/ns-3.20/build'
'build' finished successfully (1.914s)
0s NetworkModule:SetPosition(): Network 0 set position => (13, 54)
0s NetworkModule:SetRange(): Network 0 set range => 100
0s NetworkModule:SetPosition(): Network 1 set position => (7, 54)
0s NetworkModule:SetRange(): Network 1 set range => 100
0s DeviceModule:ConfigureMobility(): Device [init x = 50, init y = 50, max = 100, velocity = 1]
1s DeviceModule:MoveRandom(): New position: (50, 49)
1s DecisionModule:AddNetworkToList(): Network detected
1s DecisionModule:AddNetworkToList(): Network detected
2s DeviceModule:MoveRandom(): New position: (49, 49)
3s DeviceModule:MoveRandom(): New position: (49, 48)
4s DeviceModule:MoveRandom(): New position: (49, 49)
5s DeviceModule:MoveRandom(): New position: (48, 49)
6s DeviceModule:MoveRandom(): New position: (49, 49)
7s DeviceModule:MoveRandom(): New position: (49, 48)
8s DeviceModule:MoveRandom(): New position: (48, 48)
9s DeviceModule:MoveRandom(): New position: (47, 48)
10s DeviceModule:MoveRandom(): New position: (47, 49)
11s DeviceModule:MoveRandom(): New position: (47, 48)
12s DeviceModule:MoveRandom(): New position: (47, 47)
13s DeviceModule:MoveRandom(): New position: (47, 46)
14s DeviceModule:MoveRandom(): New position: (48, 46)
15s DecisionModule:Run(): Run decision
15s DecisionModule:AnalyzingNetworks(): Current Network: 
       [Network #0, Technology = Wifi, Address = 02-06-00:00:00:00:00:02, { DataRate: 67, SignalStrength: 34, AntiFragility: 65}, IQ: 57]
15s DecisionModule:ShowAllNetworks(): All detected networks:
       [Network #0, Technology = Wifi, Address = 02-06-00:00:00:00:00:02, { DataRate: 67, SignalStrength: 34, AntiFragility: 65}, IQ: 57]
       [Network #1, Technology = Wimax, Address = 02-06-00:00:00:00:00:04, { DataRate: 46, SignalStrength: 79, AntiFragility: 13}, IQ: 37]
15s DeviceModule:MoveRandom(): New position: (48, 47)
16s DeviceModule:MoveRandom(): New position: (47, 47)
17s DeviceModule:MoveRandom(): New position: (47, 48)
18s DeviceModule:MoveRandom(): New position: (47, 49)
19s DeviceModule:MoveRandom(): New position: (48, 49)
20s DeviceModule:MoveRandom(): New position: (49, 49)
21s DeviceModule:MoveRandom(): New position: (49, 48)
22s DeviceModule:MoveRandom(): New position: (48, 48)
23s DeviceModule:MoveRandom(): New position: (48, 49)
24s DeviceModule:MoveRandom(): New position: (48, 48)
25s DeviceModule:MoveRandom(): New position: (47, 48)
26s DeviceModule:MoveRandom(): New position: (46, 48)
27s DeviceModule:MoveRandom(): New position: (46, 49)
28s DeviceModule:MoveRandom(): New position: (46, 50)
29s DeviceModule:MoveRandom(): New position: (46, 49)
30s DecisionModule:Run(): Run decision
30s DecisionModule:AnalyzingNetworks(): Current Network: 
       [Network #1, Technology = Wimax, Address = 02-06-00:00:00:00:00:04, { DataRate: 5, SignalStrength: 32, AntiFragility: 93}, IQ: 55]
30s DecisionModule:ShowAllNetworks(): All detected networks:
       [Network #1, Technology = Wimax, Address = 02-06-00:00:00:00:00:04, { DataRate: 5, SignalStrength: 32, AntiFragility: 93}, IQ: 55]
       [Network #0, Technology = Wifi, Address = 02-06-00:00:00:00:00:02, { DataRate: 46, SignalStrength: 97, AntiFragility: 12}, IQ: 41]
30s ExecutionModule:Run(): Decision time => Seconds: 0, Miliseconds: 134
30s ExecutionModule:Run(): Handover time => Seconds: 0, Miliseconds: 274
30s ExecutionModule:Run(): Event: Vertical Handover.
30s DeviceModule:MoveRandom(): New position: (47, 49)
31s DeviceModule:MoveRandom(): New position: (48, 49)
32s DeviceModule:MoveRandom(): New position: (48, 48)
33s DeviceModule:MoveRandom(): New position: (48, 47)
34s DeviceModule:MoveRandom(): New position: (48, 46)
35s DeviceModule:MoveRandom(): New position: (48, 47)
36s DeviceModule:MoveRandom(): New position: (49, 47)
37s DeviceModule:MoveRandom(): New position: (48, 47)
38s DeviceModule:MoveRandom(): New position: (48, 48)
39s DeviceModule:MoveRandom(): New position: (47, 48)
40s DeviceModule:MoveRandom(): New position: (48, 48)
41s DeviceModule:MoveRandom(): New position: (47, 48)
42s DeviceModule:MoveRandom(): New position: (48, 48)
43s DeviceModule:MoveRandom(): New position: (48, 47)
44s DeviceModule:MoveRandom(): New position: (48, 46)
45s DecisionModule:Run(): Run decision
45s DecisionModule:AnalyzingNetworks(): Current Network: 
       [Network #1, Technology = Wimax, Address = 02-06-00:00:00:00:00:04, { DataRate: 96, SignalStrength: 12, AntiFragility: 98}, IQ: 76]
45s DecisionModule:ShowAllNetworks(): All detected networks:
       [Network #1, Technology = Wimax, Address = 02-06-00:00:00:00:00:04, { DataRate: 96, SignalStrength: 12, AntiFragility: 98}, IQ: 76]
       [Network #0, Technology = Wifi, Address = 02-06-00:00:00:00:00:02, { DataRate: 54, SignalStrength: 38, AntiFragility: 31}, IQ: 38]
45s DeviceModule:MoveRandom(): New position: (49, 46)
46s DeviceModule:MoveRandom(): New position: (48, 46)
47s DeviceModule:MoveRandom(): New position: (49, 46)
48s DeviceModule:MoveRandom(): New position: (50, 46)
49s DeviceModule:MoveRandom(): New position: (50, 47)
50s DeviceModule:MoveRandom(): New position: (51, 47)
51s DeviceModule:MoveRandom(): New position: (52, 47)
52s DeviceModule:MoveRandom(): New position: (53, 47)
53s DeviceModule:MoveRandom(): New position: (52, 47)
54s DeviceModule:MoveRandom(): New position: (52, 46)
55s DeviceModule:MoveRandom(): New position: (51, 46)
56s DeviceModule:MoveRandom(): New position: (51, 47)
57s DeviceModule:MoveRandom(): New position: (52, 47)
58s DeviceModule:MoveRandom(): New position: (51, 47)
59s DeviceModule:MoveRandom(): New position: (51, 48)
60s DecisionModule:Run(): Run decision
60s DecisionModule:AnalyzingNetworks(): Current Network: 
       [Network #1, Technology = Wimax, Address = 02-06-00:00:00:00:00:04, { DataRate: 10, SignalStrength: 84, AntiFragility: 80}, IQ: 63]
60s DecisionModule:ShowAllNetworks(): All detected networks:
       [Network #1, Technology = Wimax, Address = 02-06-00:00:00:00:00:04, { DataRate: 10, SignalStrength: 84, AntiFragility: 80}, IQ: 63]
       [Network #0, Technology = Wifi, Address = 02-06-00:00:00:00:00:02, { DataRate: 73, SignalStrength: 81, AntiFragility: 44}, IQ: 60]
60s DeviceModule:MoveRandom(): New position: (51, 49)
61s DeviceModule:MoveRandom(): New position: (50, 49)
62s DeviceModule:MoveRandom(): New position: (51, 49)
63s DeviceModule:MoveRandom(): New position: (50, 49)
64s DeviceModule:MoveRandom(): New position: (50, 50)
65s DeviceModule:MoveRandom(): New position: (51, 50)
66s DeviceModule:MoveRandom(): New position: (52, 50)
67s DeviceModule:MoveRandom(): New position: (52, 49)
68s DeviceModule:MoveRandom(): New position: (52, 50)
69s DeviceModule:MoveRandom(): New position: (53, 50)
70s DeviceModule:MoveRandom(): New position: (53, 51)
71s DeviceModule:MoveRandom(): New position: (52, 51)
72s DeviceModule:MoveRandom(): New position: (51, 51)
73s DeviceModule:MoveRandom(): New position: (51, 50)
74s DeviceModule:MoveRandom(): New position: (52, 50)
75s DecisionModule:Run(): Run decision
75s DecisionModule:AnalyzingNetworks(): Current Network: 
       [Network #0, Technology = Wifi, Address = 02-06-00:00:00:00:00:02, { DataRate: 7, SignalStrength: 12, AntiFragility: 92}, IQ: 50]
75s DecisionModule:ShowAllNetworks(): All detected networks:
       [Network #0, Technology = Wifi, Address = 02-06-00:00:00:00:00:02, { DataRate: 7, SignalStrength: 12, AntiFragility: 92}, IQ: 50]
       [Network #1, Technology = Wimax, Address = 02-06-00:00:00:00:00:04, { DataRate: 5, SignalStrength: 56, AntiFragility: 49}, IQ: 39]
75s ExecutionModule:Run(): Decision time => Seconds: 0, Miliseconds: 138
75s ExecutionModule:Run(): Handover time => Seconds: 0, Miliseconds: 43
75s ExecutionModule:Run(): Event: Vertical Handover.
75s DeviceModule:MoveRandom(): New position: (52, 51)
76s DeviceModule:MoveRandom(): New position: (51, 51)
77s DeviceModule:MoveRandom(): New position: (51, 52)
78s DeviceModule:MoveRandom(): New position: (50, 52)
79s DeviceModule:MoveRandom(): New position: (51, 52)
80s DeviceModule:MoveRandom(): New position: (50, 52)
81s DeviceModule:MoveRandom(): New position: (50, 51)
82s DeviceModule:MoveRandom(): New position: (50, 52)
83s DeviceModule:MoveRandom(): New position: (49, 52)
84s DeviceModule:MoveRandom(): New position: (49, 51)
85s DeviceModule:MoveRandom(): New position: (50, 51)
86s DeviceModule:MoveRandom(): New position: (51, 51)
87s DeviceModule:MoveRandom(): New position: (52, 51)
88s DeviceModule:MoveRandom(): New position: (51, 51)
89s DeviceModule:MoveRandom(): New position: (51, 50)
90s DecisionModule:Run(): Run decision
90s DecisionModule:AnalyzingNetworks(): Current Network: 
       [Network #1, Technology = Wimax, Address = 02-06-00:00:00:00:00:04, { DataRate: 48, SignalStrength: 2, AntiFragility: 57}, IQ: 41]
90s DecisionModule:ShowAllNetworks(): All detected networks:
       [Network #1, Technology = Wimax, Address = 02-06-00:00:00:00:00:04, { DataRate: 48, SignalStrength: 2, AntiFragility: 57}, IQ: 41]
       [Network #0, Technology = Wifi, Address = 02-06-00:00:00:00:00:02, { DataRate: 50, SignalStrength: 52, AntiFragility: 11}, IQ: 31]
90s ExecutionModule:Run(): Decision time => Seconds: 0, Miliseconds: 218
90s ExecutionModule:Run(): Handover time => Seconds: 0, Miliseconds: 53
90s ExecutionModule:Run(): Event: Vertical Handover.
90s DeviceModule:MoveRandom(): New position: (51, 49)
91s DeviceModule:MoveRandom(): New position: (52, 49)
92s DeviceModule:MoveRandom(): New position: (53, 49)
93s DeviceModule:MoveRandom(): New position: (52, 49)
94s DeviceModule:MoveRandom(): New position: (52, 50)
95s DeviceModule:MoveRandom(): New position: (52, 51)
96s DeviceModule:MoveRandom(): New position: (53, 51)
97s DeviceModule:MoveRandom(): New position: (53, 50)
98s DeviceModule:MoveRandom(): New position: (54, 50)
99s DeviceModule:MoveRandom(): New position: (54, 51)
100s DeviceModule:MoveRandom(): New position: (53, 51)
101s DeviceModule:MoveRandom(): New position: (53, 52)
102s DeviceModule:MoveRandom(): New position: (53, 51)
103s DeviceModule:MoveRandom(): New position: (54, 51)
104s DeviceModule:MoveRandom(): New position: (53, 51)
105s DecisionModule:Run(): Run decision
105s DecisionModule:AnalyzingNetworks(): Current Network: 
       [Network #1, Technology = Wimax, Address = 02-06-00:00:00:00:00:04, { DataRate: 29, SignalStrength: 85, AntiFragility: 67}, IQ: 62]
105s DecisionModule:ShowAllNetworks(): All detected networks:
       [Network #1, Technology = Wimax, Address = 02-06-00:00:00:00:00:04, { DataRate: 29, SignalStrength: 85, AntiFragility: 67}, IQ: 62]
       [Network #0, Technology = Wifi, Address = 02-06-00:00:00:00:00:02, { DataRate: 93, SignalStrength: 36, AntiFragility: 34}, IQ: 49]
105s DeviceModule:MoveRandom(): New position: (53, 52)
106s DeviceModule:MoveRandom(): New position: (54, 52)
107s DeviceModule:MoveRandom(): New position: (54, 51)
108s DeviceModule:MoveRandom(): New position: (55, 51)
109s DeviceModule:MoveRandom(): New position: (55, 52)
110s DeviceModule:MoveRandom(): New position: (54, 52)
111s DeviceModule:MoveRandom(): New position: (54, 53)
112s DeviceModule:MoveRandom(): New position: (53, 53)
113s DeviceModule:MoveRandom(): New position: (52, 53)
114s DeviceModule:MoveRandom(): New position: (52, 52)
115s DeviceModule:MoveRandom(): New position: (53, 52)
116s DeviceModule:MoveRandom(): New position: (52, 52)
117s DeviceModule:MoveRandom(): New position: (51, 52)
118s DeviceModule:MoveRandom(): New position: (52, 52)
119s DeviceModule:MoveRandom(): New position: (52, 53)
120s DecisionModule:Run(): Run decision
120s DecisionModule:AnalyzingNetworks(): Current Network: 
       [Network #0, Technology = Wifi, Address = 02-06-00:00:00:00:00:02, { DataRate: 66, SignalStrength: 83, AntiFragility: 39}, IQ: 56]
120s DecisionModule:ShowAllNetworks(): All detected networks:
       [Network #0, Technology = Wifi, Address = 02-06-00:00:00:00:00:02, { DataRate: 66, SignalStrength: 83, AntiFragility: 39}, IQ: 56]
       [Network #1, Technology = Wimax, Address = 02-06-00:00:00:00:00:04, { DataRate: 10, SignalStrength: 38, AntiFragility: 78}, IQ: 51]
120s ExecutionModule:Run(): Decision time => Seconds: 0, Miliseconds: 148
120s ExecutionModule:Run(): Handover time => Seconds: 0, Miliseconds: 31
120s ExecutionModule:Run(): Event: Vertical Handover.
120s DeviceModule:MoveRandom(): New position: (52, 52)
121s DeviceModule:MoveRandom(): New position: (52, 51)
122s DeviceModule:MoveRandom(): New position: (51, 51)
123s DeviceModule:MoveRandom(): New position: (52, 51)
124s DeviceModule:MoveRandom(): New position: (52, 50)
125s DeviceModule:MoveRandom(): New position: (52, 49)
126s DeviceModule:MoveRandom(): New position: (52, 48)
127s DeviceModule:MoveRandom(): New position: (53, 48)
128s DeviceModule:MoveRandom(): New position: (53, 47)
129s DeviceModule:MoveRandom(): New position: (54, 47)
130s DeviceModule:MoveRandom(): New position: (54, 46)
131s DeviceModule:MoveRandom(): New position: (55, 46)
132s DeviceModule:MoveRandom(): New position: (56, 46)
133s DeviceModule:MoveRandom(): New position: (56, 47)
134s DeviceModule:MoveRandom(): New position: (55, 47)
135s DecisionModule:Run(): Run decision
135s DecisionModule:AnalyzingNetworks(): Current Network: 
       [Network #0, Technology = Wifi, Address = 02-06-00:00:00:00:00:02, { DataRate: 53, SignalStrength: 37, AntiFragility: 55}, IQ: 50]
135s DecisionModule:ShowAllNetworks(): All detected networks:
       [Network #0, Technology = Wifi, Address = 02-06-00:00:00:00:00:02, { DataRate: 53, SignalStrength: 37, AntiFragility: 55}, IQ: 50]
       [Network #1, Technology = Wimax, Address = 02-06-00:00:00:00:00:04, { DataRate: 3, SignalStrength: 34, AntiFragility: 20}, IQ: 19]
135s DeviceModule:MoveRandom(): New position: (55, 46)
136s DeviceModule:MoveRandom(): New position: (55, 45)
137s DeviceModule:MoveRandom(): New position: (56, 45)
138s DeviceModule:MoveRandom(): New position: (56, 44)
139s DeviceModule:MoveRandom(): New position: (55, 44)
140s DeviceModule:MoveRandom(): New position: (56, 44)
141s DeviceModule:MoveRandom(): New position: (57, 44)
142s DeviceModule:MoveRandom(): New position: (57, 45)
143s DeviceModule:MoveRandom(): New position: (57, 44)
144s DeviceModule:MoveRandom(): New position: (56, 44)
145s DeviceModule:MoveRandom(): New position: (56, 43)
146s DeviceModule:MoveRandom(): New position: (57, 43)
147s DeviceModule:MoveRandom(): New position: (57, 42)
148s DeviceModule:MoveRandom(): New position: (58, 42)
149s DeviceModule:MoveRandom(): New position: (58, 41)
150s DecisionModule:Run(): Run decision
150s DecisionModule:AnalyzingNetworks(): Current Network: 
       [Network #0, Technology = Wifi, Address = 02-06-00:00:00:00:00:02, { DataRate: 51, SignalStrength: 74, AntiFragility: 95}, IQ: 78]
150s DecisionModule:ShowAllNetworks(): All detected networks:
       [Network #0, Technology = Wifi, Address = 02-06-00:00:00:00:00:02, { DataRate: 51, SignalStrength: 74, AntiFragility: 95}, IQ: 78]
       [Network #1, Technology = Wimax, Address = 02-06-00:00:00:00:00:04, { DataRate: 45, SignalStrength: 33, AntiFragility: 4}, IQ: 21]
150s DeviceModule:MoveRandom(): New position: (58, 42)
151s DeviceModule:MoveRandom(): New position: (59, 42)
152s DeviceModule:MoveRandom(): New position: (59, 43)
153s DeviceModule:MoveRandom(): New position: (59, 44)
154s DeviceModule:MoveRandom(): New position: (59, 43)
155s DeviceModule:MoveRandom(): New position: (60, 43)
156s DeviceModule:MoveRandom(): New position: (60, 42)
157s DeviceModule:MoveRandom(): New position: (59, 42)
158s DeviceModule:MoveRandom(): New position: (59, 43)
159s DeviceModule:MoveRandom(): New position: (58, 43)
160s DeviceModule:MoveRandom(): New position: (58, 42)
161s DeviceModule:MoveRandom(): New position: (59, 42)
162s DeviceModule:MoveRandom(): New position: (59, 41)
163s DeviceModule:MoveRandom(): New position: (58, 41)
164s DeviceModule:MoveRandom(): New position: (58, 42)
165s DecisionModule:Run(): Run decision
165s DecisionModule:AnalyzingNetworks(): Current Network: 
       [Network #1, Technology = Wimax, Address = 02-06-00:00:00:00:00:04, { DataRate: 89, SignalStrength: 41, AntiFragility: 31}, IQ: 48]
165s DecisionModule:ShowAllNetworks(): All detected networks:
       [Network #1, Technology = Wimax, Address = 02-06-00:00:00:00:00:04, { DataRate: 89, SignalStrength: 41, AntiFragility: 31}, IQ: 48]
       [Network #0, Technology = Wifi, Address = 02-06-00:00:00:00:00:02, { DataRate: 41, SignalStrength: 6, AntiFragility: 45}, IQ: 34]
165s ExecutionModule:Run(): Decision time => Seconds: 0, Miliseconds: 152
165s ExecutionModule:Run(): Handover time => Seconds: 0, Miliseconds: 31
165s ExecutionModule:Run(): Event: Vertical Handover.
165s DeviceModule:MoveRandom(): New position: (57, 42)
166s DeviceModule:MoveRandom(): New position: (58, 42)
167s DeviceModule:MoveRandom(): New position: (58, 41)
168s DeviceModule:MoveRandom(): New position: (58, 42)
169s DeviceModule:MoveRandom(): New position: (59, 42)
170s DeviceModule:MoveRandom(): New position: (60, 42)
171s DeviceModule:MoveRandom(): New position: (61, 42)
172s DeviceModule:MoveRandom(): New position: (61, 41)
173s DeviceModule:MoveRandom(): New position: (61, 42)
174s DeviceModule:MoveRandom(): New position: (60, 42)
175s DeviceModule:MoveRandom(): New position: (61, 42)
176s DeviceModule:MoveRandom(): New position: (60, 42)
177s DeviceModule:MoveRandom(): New position: (61, 42)
178s DeviceModule:MoveRandom(): New position: (61, 41)
179s DeviceModule:MoveRandom(): New position: (61, 42)
180s DecisionModule:Run(): Run decision
180s DecisionModule:AnalyzingNetworks(): Current Network: 
       [Network #0, Technology = Wifi, Address = 02-06-00:00:00:00:00:02, { DataRate: 38, SignalStrength: 22, AntiFragility: 95}, IQ: 62]
180s DecisionModule:ShowAllNetworks(): All detected networks:
       [Network #0, Technology = Wifi, Address = 02-06-00:00:00:00:00:02, { DataRate: 38, SignalStrength: 22, AntiFragility: 95}, IQ: 62]
       [Network #1, Technology = Wimax, Address = 02-06-00:00:00:00:00:04, { DataRate: 16, SignalStrength: 56, AntiFragility: 84}, IQ: 60]
180s ExecutionModule:Run(): Decision time => Seconds: 0, Miliseconds: 140
180s ExecutionModule:Run(): Handover time => Seconds: 0, Miliseconds: 31
180s ExecutionModule:Run(): Event: Vertical Handover.
180s DeviceModule:MoveRandom(): New position: (60, 42)
181s DeviceModule:MoveRandom(): New position: (60, 41)
182s DeviceModule:MoveRandom(): New position: (61, 41)
183s DeviceModule:MoveRandom(): New position: (61, 40)
184s DeviceModule:MoveRandom(): New position: (61, 41)
185s DeviceModule:MoveRandom(): New position: (60, 41)
186s DeviceModule:MoveRandom(): New position: (60, 42)
187s DeviceModule:MoveRandom(): New position: (60, 43)
188s DeviceModule:MoveRandom(): New position: (61, 43)
189s DeviceModule:MoveRandom(): New position: (61, 44)
190s DeviceModule:MoveRandom(): New position: (61, 43)
191s DeviceModule:MoveRandom(): New position: (62, 43)
192s DeviceModule:MoveRandom(): New position: (62, 42)
193s DeviceModule:MoveRandom(): New position: (61, 42)
194s DeviceModule:MoveRandom(): New position: (61, 41)
195s DecisionModule:Run(): Run decision
195s DecisionModule:AnalyzingNetworks(): Current Network: 
       [Network #0, Technology = Wifi, Address = 02-06-00:00:00:00:00:02, { DataRate: 85, SignalStrength: 39, AntiFragility: 26}, IQ: 44]
195s DecisionModule:ShowAllNetworks(): All detected networks:
       [Network #0, Technology = Wifi, Address = 02-06-00:00:00:00:00:02, { DataRate: 85, SignalStrength: 39, AntiFragility: 26}, IQ: 44]
       [Network #1, Technology = Wimax, Address = 02-06-00:00:00:00:00:04, { DataRate: 57, SignalStrength: 7, AntiFragility: 11}, IQ: 21]
195s DeviceModule:MoveRandom(): New position: (61, 40)
196s DeviceModule:MoveRandom(): New position: (60, 40)
197s DeviceModule:MoveRandom(): New position: (59, 40)
198s DeviceModule:MoveRandom(): New position: (60, 40)
199s DeviceModule:MoveRandom(): New position: (60, 41)
