Waf: Entering directory `/home/renan/Documents/NR2/ns-allinone-3.20/ns-3.20/build'
Waf: Leaving directory `/home/renan/Documents/NR2/ns-allinone-3.20/ns-3.20/build'
'build' finished successfully (1.923s)
0s NetworkModule:SetPosition(): Network 0 set position => (42, 33)
0s NetworkModule:SetRange(): Network 0 set range => 100
0s NetworkModule:SetPosition(): Network 1 set position => (90, 57)
0s NetworkModule:SetRange(): Network 1 set range => 100
0s DeviceModule:ConfigureMobility(): Device [init x = 50, init y = 50, max = 100, velocity = 1]
1s DeviceModule:MoveRandom(): New position: (50, 51)
1s DecisionModule:AddNetworkToList(): Network detected
1s DecisionModule:AddNetworkToList(): Network detected
2s DeviceModule:MoveRandom(): New position: (50, 52)
3s DeviceModule:MoveRandom(): New position: (50, 51)
4s DeviceModule:MoveRandom(): New position: (49, 51)
5s DeviceModule:MoveRandom(): New position: (49, 52)
6s DeviceModule:MoveRandom(): New position: (50, 52)
7s DeviceModule:MoveRandom(): New position: (50, 51)
8s DeviceModule:MoveRandom(): New position: (50, 50)
9s DeviceModule:MoveRandom(): New position: (50, 51)
10s DeviceModule:MoveRandom(): New position: (49, 51)
11s DeviceModule:MoveRandom(): New position: (49, 52)
12s DeviceModule:MoveRandom(): New position: (48, 52)
13s DeviceModule:MoveRandom(): New position: (48, 53)
14s DeviceModule:MoveRandom(): New position: (49, 53)
15s DeviceModule:MoveRandom(): New position: (49, 52)
16s DeviceModule:MoveRandom(): New position: (49, 53)
17s DeviceModule:MoveRandom(): New position: (49, 54)
18s DeviceModule:MoveRandom(): New position: (48, 54)
19s DeviceModule:MoveRandom(): New position: (49, 54)
20s DecisionModule:Run(): Run decision
20s DecisionModule:AnalyzingNetworks(): Current Network: 
       [Network #0, Technology = Wifi, Address = 02-06-00:00:00:00:00:02, { DataRate: 59, SignalStrength: 90, AntiFragility: 58}, IQ: 66]
20s DecisionModule:ShowAllNetworks(): All detected networks:
       [Network #0, Technology = Wifi, Address = 02-06-00:00:00:00:00:02, { DataRate: 59, SignalStrength: 90, AntiFragility: 58}, IQ: 66]
       [Network #1, Technology = Wimax, Address = 02-06-00:00:00:00:00:04, { DataRate: 6, SignalStrength: 79, AntiFragility: 58}, IQ: 50]
20s DeviceModule:MoveRandom(): New position: (49, 53)
21s DeviceModule:MoveRandom(): New position: (49, 52)
22s DeviceModule:MoveRandom(): New position: (48, 52)
23s DeviceModule:MoveRandom(): New position: (48, 51)
24s DeviceModule:MoveRandom(): New position: (47, 51)
25s DeviceModule:MoveRandom(): New position: (47, 50)
26s DeviceModule:MoveRandom(): New position: (47, 51)
27s DeviceModule:MoveRandom(): New position: (47, 52)
28s DeviceModule:MoveRandom(): New position: (47, 51)
29s DeviceModule:MoveRandom(): New position: (46, 51)
30s DeviceModule:MoveRandom(): New position: (45, 51)
31s DeviceModule:MoveRandom(): New position: (44, 51)
32s DeviceModule:MoveRandom(): New position: (43, 51)
33s DeviceModule:MoveRandom(): New position: (43, 50)
34s DeviceModule:MoveRandom(): New position: (42, 50)
35s DeviceModule:MoveRandom(): New position: (43, 50)
36s DeviceModule:MoveRandom(): New position: (43, 49)
37s DeviceModule:MoveRandom(): New position: (43, 50)
38s DeviceModule:MoveRandom(): New position: (44, 50)
39s DeviceModule:MoveRandom(): New position: (44, 51)
40s DecisionModule:Run(): Run decision
40s DecisionModule:AnalyzingNetworks(): Current Network: 
       [Network #1, Technology = Wimax, Address = 02-06-00:00:00:00:00:04, { DataRate: 56, SignalStrength: 94, AntiFragility: 43}, IQ: 59]
40s DecisionModule:ShowAllNetworks(): All detected networks:
       [Network #1, Technology = Wimax, Address = 02-06-00:00:00:00:00:04, { DataRate: 56, SignalStrength: 94, AntiFragility: 43}, IQ: 59]
       [Network #0, Technology = Wifi, Address = 02-06-00:00:00:00:00:02, { DataRate: 70, SignalStrength: 87, AntiFragility: 17}, IQ: 47]
40s ExecutionModule:Run(): Decision time => Seconds: 0, Miliseconds: 134
40s ExecutionModule:Run(): Handover time => Seconds: 0, Miliseconds: 281
40s ExecutionModule:Run(): Event: Vertical Handover.
40s DeviceModule:MoveRandom(): New position: (43, 51)
41s DeviceModule:MoveRandom(): New position: (43, 50)
42s DeviceModule:MoveRandom(): New position: (44, 50)
43s DeviceModule:MoveRandom(): New position: (44, 51)
44s DeviceModule:MoveRandom(): New position: (44, 52)
45s DeviceModule:MoveRandom(): New position: (45, 52)
46s DeviceModule:MoveRandom(): New position: (45, 51)
47s DeviceModule:MoveRandom(): New position: (45, 50)
48s DeviceModule:MoveRandom(): New position: (46, 50)
49s DeviceModule:MoveRandom(): New position: (47, 50)
50s DeviceModule:MoveRandom(): New position: (47, 49)
51s DeviceModule:MoveRandom(): New position: (46, 49)
52s DeviceModule:MoveRandom(): New position: (46, 50)
53s DeviceModule:MoveRandom(): New position: (45, 50)
54s DeviceModule:MoveRandom(): New position: (45, 49)
55s DeviceModule:MoveRandom(): New position: (46, 49)
56s DeviceModule:MoveRandom(): New position: (46, 50)
57s DeviceModule:MoveRandom(): New position: (46, 51)
58s DeviceModule:MoveRandom(): New position: (46, 52)
59s DeviceModule:MoveRandom(): New position: (47, 52)
60s DecisionModule:Run(): Run decision
60s DecisionModule:AnalyzingNetworks(): Current Network: 
       [Network #1, Technology = Wimax, Address = 02-06-00:00:00:00:00:04, { DataRate: 17, SignalStrength: 98, AntiFragility: 84}, IQ: 70]
60s DecisionModule:ShowAllNetworks(): All detected networks:
       [Network #1, Technology = Wimax, Address = 02-06-00:00:00:00:00:04, { DataRate: 17, SignalStrength: 98, AntiFragility: 84}, IQ: 70]
       [Network #0, Technology = Wifi, Address = 02-06-00:00:00:00:00:02, { DataRate: 79, SignalStrength: 70, AntiFragility: 51}, IQ: 62]
60s DeviceModule:MoveRandom(): New position: (47, 51)
61s DeviceModule:MoveRandom(): New position: (46, 51)
62s DeviceModule:MoveRandom(): New position: (46, 50)
63s DeviceModule:MoveRandom(): New position: (45, 50)
64s DeviceModule:MoveRandom(): New position: (45, 49)
65s DeviceModule:MoveRandom(): New position: (46, 49)
66s DeviceModule:MoveRandom(): New position: (46, 48)
67s DeviceModule:MoveRandom(): New position: (46, 49)
68s DeviceModule:MoveRandom(): New position: (45, 49)
69s DeviceModule:MoveRandom(): New position: (44, 49)
70s DeviceModule:MoveRandom(): New position: (44, 50)
71s DeviceModule:MoveRandom(): New position: (44, 51)
72s DeviceModule:MoveRandom(): New position: (43, 51)
73s DeviceModule:MoveRandom(): New position: (44, 51)
74s DeviceModule:MoveRandom(): New position: (43, 51)
75s DeviceModule:MoveRandom(): New position: (44, 51)
76s DeviceModule:MoveRandom(): New position: (43, 51)
77s DeviceModule:MoveRandom(): New position: (44, 51)
78s DeviceModule:MoveRandom(): New position: (44, 52)
79s DeviceModule:MoveRandom(): New position: (44, 51)
80s DecisionModule:Run(): Run decision
80s DecisionModule:AnalyzingNetworks(): Current Network: 
       [Network #1, Technology = Wimax, Address = 02-06-00:00:00:00:00:04, { DataRate: 88, SignalStrength: 41, AntiFragility: 82}, IQ: 73]
80s DecisionModule:ShowAllNetworks(): All detected networks:
       [Network #1, Technology = Wimax, Address = 02-06-00:00:00:00:00:04, { DataRate: 88, SignalStrength: 41, AntiFragility: 82}, IQ: 73]
       [Network #0, Technology = Wifi, Address = 02-06-00:00:00:00:00:02, { DataRate: 15, SignalStrength: 12, AntiFragility: 95}, IQ: 54]
80s DeviceModule:MoveRandom(): New position: (43, 51)
81s DeviceModule:MoveRandom(): New position: (43, 50)
82s DeviceModule:MoveRandom(): New position: (43, 51)
83s DeviceModule:MoveRandom(): New position: (43, 52)
84s DeviceModule:MoveRandom(): New position: (43, 51)
85s DeviceModule:MoveRandom(): New position: (42, 51)
86s DeviceModule:MoveRandom(): New position: (43, 51)
87s DeviceModule:MoveRandom(): New position: (43, 52)
88s DeviceModule:MoveRandom(): New position: (42, 52)
89s DeviceModule:MoveRandom(): New position: (43, 52)
90s DeviceModule:MoveRandom(): New position: (43, 51)
91s DeviceModule:MoveRandom(): New position: (42, 51)
92s DeviceModule:MoveRandom(): New position: (41, 51)
93s DeviceModule:MoveRandom(): New position: (40, 51)
94s DeviceModule:MoveRandom(): New position: (40, 50)
95s DeviceModule:MoveRandom(): New position: (40, 51)
96s DeviceModule:MoveRandom(): New position: (39, 51)
97s DeviceModule:MoveRandom(): New position: (39, 52)
98s DeviceModule:MoveRandom(): New position: (39, 51)
99s DeviceModule:MoveRandom(): New position: (39, 50)
100s DecisionModule:Run(): Run decision
100s DecisionModule:AnalyzingNetworks(): Current Network: 
       [Network #0, Technology = Wifi, Address = 02-06-00:00:00:00:00:02, { DataRate: 44, SignalStrength: 57, AntiFragility: 19}, IQ: 34]
100s DecisionModule:ShowAllNetworks(): All detected networks:
       [Network #0, Technology = Wifi, Address = 02-06-00:00:00:00:00:02, { DataRate: 44, SignalStrength: 57, AntiFragility: 19}, IQ: 34]
       [Network #1, Technology = Wimax, Address = 02-06-00:00:00:00:00:04, { DataRate: 15, SignalStrength: 64, AntiFragility: 19}, IQ: 29]
100s ExecutionModule:Run(): Decision time => Seconds: 0, Miliseconds: 138
100s ExecutionModule:Run(): Handover time => Seconds: 0, Miliseconds: 68
100s ExecutionModule:Run(): Event: Vertical Handover.
100s DeviceModule:MoveRandom(): New position: (40, 50)
101s DeviceModule:MoveRandom(): New position: (39, 50)
102s DeviceModule:MoveRandom(): New position: (40, 50)
103s DeviceModule:MoveRandom(): New position: (41, 50)
104s DeviceModule:MoveRandom(): New position: (41, 49)
105s DeviceModule:MoveRandom(): New position: (41, 50)
106s DeviceModule:MoveRandom(): New position: (41, 51)
107s DeviceModule:MoveRandom(): New position: (42, 51)
108s DeviceModule:MoveRandom(): New position: (43, 51)
109s DeviceModule:MoveRandom(): New position: (43, 50)
110s DeviceModule:MoveRandom(): New position: (43, 49)
111s DeviceModule:MoveRandom(): New position: (44, 49)
112s DeviceModule:MoveRandom(): New position: (45, 49)
113s DeviceModule:MoveRandom(): New position: (46, 49)
114s DeviceModule:MoveRandom(): New position: (45, 49)
115s DeviceModule:MoveRandom(): New position: (46, 49)
116s DeviceModule:MoveRandom(): New position: (45, 49)
117s DeviceModule:MoveRandom(): New position: (46, 49)
118s DeviceModule:MoveRandom(): New position: (46, 50)
119s DeviceModule:MoveRandom(): New position: (47, 50)
120s DecisionModule:Run(): Run decision
120s DecisionModule:AnalyzingNetworks(): Current Network: 
       [Network #0, Technology = Wifi, Address = 02-06-00:00:00:00:00:02, { DataRate: 63, SignalStrength: 34, AntiFragility: 64}, IQ: 56]
120s DecisionModule:ShowAllNetworks(): All detected networks:
       [Network #0, Technology = Wifi, Address = 02-06-00:00:00:00:00:02, { DataRate: 63, SignalStrength: 34, AntiFragility: 64}, IQ: 56]
       [Network #1, Technology = Wimax, Address = 02-06-00:00:00:00:00:04, { DataRate: 83, SignalStrength: 81, AntiFragility: 12}, IQ: 47]
120s DeviceModule:MoveRandom(): New position: (47, 51)
121s DeviceModule:MoveRandom(): New position: (46, 51)
122s DeviceModule:MoveRandom(): New position: (45, 51)
123s DeviceModule:MoveRandom(): New position: (44, 51)
124s DeviceModule:MoveRandom(): New position: (44, 50)
125s DeviceModule:MoveRandom(): New position: (44, 49)
126s DeviceModule:MoveRandom(): New position: (45, 49)
127s DeviceModule:MoveRandom(): New position: (45, 48)
128s DeviceModule:MoveRandom(): New position: (44, 48)
129s DeviceModule:MoveRandom(): New position: (43, 48)
130s DeviceModule:MoveRandom(): New position: (42, 48)
131s DeviceModule:MoveRandom(): New position: (43, 48)
132s DeviceModule:MoveRandom(): New position: (44, 48)
133s DeviceModule:MoveRandom(): New position: (43, 48)
134s DeviceModule:MoveRandom(): New position: (43, 47)
135s DeviceModule:MoveRandom(): New position: (43, 46)
136s DeviceModule:MoveRandom(): New position: (43, 47)
137s DeviceModule:MoveRandom(): New position: (42, 47)
138s DeviceModule:MoveRandom(): New position: (43, 47)
139s DeviceModule:MoveRandom(): New position: (44, 47)
140s DecisionModule:Run(): Run decision
140s DecisionModule:AnalyzingNetworks(): Current Network: 
       [Network #0, Technology = Wifi, Address = 02-06-00:00:00:00:00:02, { DataRate: 25, SignalStrength: 77, AntiFragility: 89}, IQ: 70]
140s DecisionModule:ShowAllNetworks(): All detected networks:
       [Network #0, Technology = Wifi, Address = 02-06-00:00:00:00:00:02, { DataRate: 25, SignalStrength: 77, AntiFragility: 89}, IQ: 70]
       [Network #1, Technology = Wimax, Address = 02-06-00:00:00:00:00:04, { DataRate: 88, SignalStrength: 78, AntiFragility: 7}, IQ: 45]
140s DeviceModule:MoveRandom(): New position: (43, 47)
141s DeviceModule:MoveRandom(): New position: (43, 46)
142s DeviceModule:MoveRandom(): New position: (43, 47)
143s DeviceModule:MoveRandom(): New position: (42, 47)
144s DeviceModule:MoveRandom(): New position: (41, 47)
145s DeviceModule:MoveRandom(): New position: (42, 47)
146s DeviceModule:MoveRandom(): New position: (43, 47)
147s DeviceModule:MoveRandom(): New position: (44, 47)
148s DeviceModule:MoveRandom(): New position: (44, 46)
149s DeviceModule:MoveRandom(): New position: (43, 46)
150s DeviceModule:MoveRandom(): New position: (43, 47)
151s DeviceModule:MoveRandom(): New position: (42, 47)
152s DeviceModule:MoveRandom(): New position: (41, 47)
153s DeviceModule:MoveRandom(): New position: (40, 47)
154s DeviceModule:MoveRandom(): New position: (40, 46)
155s DeviceModule:MoveRandom(): New position: (39, 46)
156s DeviceModule:MoveRandom(): New position: (39, 45)
157s DeviceModule:MoveRandom(): New position: (39, 44)
158s DeviceModule:MoveRandom(): New position: (39, 45)
159s DeviceModule:MoveRandom(): New position: (38, 45)
160s DecisionModule:Run(): Run decision
160s DecisionModule:AnalyzingNetworks(): Current Network: 
       [Network #1, Technology = Wimax, Address = 02-06-00:00:00:00:00:04, { DataRate: 56, SignalStrength: 63, AntiFragility: 7}, IQ: 33]
160s DecisionModule:ShowAllNetworks(): All detected networks:
       [Network #1, Technology = Wimax, Address = 02-06-00:00:00:00:00:04, { DataRate: 56, SignalStrength: 63, AntiFragility: 7}, IQ: 33]
       [Network #0, Technology = Wifi, Address = 02-06-00:00:00:00:00:02, { DataRate: 35, SignalStrength: 3, AntiFragility: 2}, IQ: 10]
160s ExecutionModule:Run(): Decision time => Seconds: 0, Miliseconds: 141
160s ExecutionModule:Run(): Handover time => Seconds: 0, Miliseconds: 32
160s ExecutionModule:Run(): Event: Vertical Handover.
160s DeviceModule:MoveRandom(): New position: (38, 46)
161s DeviceModule:MoveRandom(): New position: (38, 47)
162s DeviceModule:MoveRandom(): New position: (38, 48)
163s DeviceModule:MoveRandom(): New position: (37, 48)
164s DeviceModule:MoveRandom(): New position: (36, 48)
165s DeviceModule:MoveRandom(): New position: (37, 48)
166s DeviceModule:MoveRandom(): New position: (38, 48)
167s DeviceModule:MoveRandom(): New position: (39, 48)
168s DeviceModule:MoveRandom(): New position: (39, 47)
169s DeviceModule:MoveRandom(): New position: (38, 47)
170s DeviceModule:MoveRandom(): New position: (39, 47)
171s DeviceModule:MoveRandom(): New position: (38, 47)
172s DeviceModule:MoveRandom(): New position: (37, 47)
173s DeviceModule:MoveRandom(): New position: (38, 47)
174s DeviceModule:MoveRandom(): New position: (38, 46)
175s DeviceModule:MoveRandom(): New position: (38, 47)
176s DeviceModule:MoveRandom(): New position: (38, 48)
177s DeviceModule:MoveRandom(): New position: (39, 48)
178s DeviceModule:MoveRandom(): New position: (39, 47)
179s DeviceModule:MoveRandom(): New position: (38, 47)
180s DecisionModule:Run(): Run decision
180s DecisionModule:AnalyzingNetworks(): Current Network: 
       [Network #0, Technology = Wifi, Address = 02-06-00:00:00:00:00:02, { DataRate: 13, SignalStrength: 99, AntiFragility: 19}, IQ: 37]
180s DecisionModule:ShowAllNetworks(): All detected networks:
       [Network #0, Technology = Wifi, Address = 02-06-00:00:00:00:00:02, { DataRate: 13, SignalStrength: 99, AntiFragility: 19}, IQ: 37]
       [Network #1, Technology = Wimax, Address = 02-06-00:00:00:00:00:04, { DataRate: 27, SignalStrength: 87, AntiFragility: 7}, IQ: 32]
180s ExecutionModule:Run(): Decision time => Seconds: 0, Miliseconds: 137
180s ExecutionModule:Run(): Handover time => Seconds: 0, Miliseconds: 32
180s ExecutionModule:Run(): Event: Vertical Handover.
180s DeviceModule:MoveRandom(): New position: (37, 47)
181s DeviceModule:MoveRandom(): New position: (36, 47)
182s DeviceModule:MoveRandom(): New position: (37, 47)
183s DeviceModule:MoveRandom(): New position: (38, 47)
184s DeviceModule:MoveRandom(): New position: (39, 47)
185s DeviceModule:MoveRandom(): New position: (38, 47)
186s DeviceModule:MoveRandom(): New position: (37, 47)
187s DeviceModule:MoveRandom(): New position: (37, 46)
188s DeviceModule:MoveRandom(): New position: (37, 47)
189s DeviceModule:MoveRandom(): New position: (38, 47)
190s DeviceModule:MoveRandom(): New position: (39, 47)
191s DeviceModule:MoveRandom(): New position: (38, 47)
192s DeviceModule:MoveRandom(): New position: (38, 46)
193s DeviceModule:MoveRandom(): New position: (38, 45)
194s DeviceModule:MoveRandom(): New position: (37, 45)
195s DeviceModule:MoveRandom(): New position: (37, 44)
196s DeviceModule:MoveRandom(): New position: (37, 45)
197s DeviceModule:MoveRandom(): New position: (37, 44)
198s DeviceModule:MoveRandom(): New position: (37, 43)
199s DeviceModule:MoveRandom(): New position: (37, 44)
