Waf: Entering directory `/home/renan/Documents/NR2/ns-allinone-3.20/ns-3.20/build'
Waf: Leaving directory `/home/renan/Documents/NR2/ns-allinone-3.20/ns-3.20/build'
'build' finished successfully (1.939s)
0s NetworkModule:SetPosition(): Network 0 set position => (23, 111)
0s NetworkModule:SetRange(): Network 0 set range => 100
0s NetworkModule:SetPosition(): Network 1 set position => (133, 82)
0s NetworkModule:SetRange(): Network 1 set range => 100
0s NetworkModule:SetPosition(): Network 2 set position => (89, 48)
0s NetworkModule:SetRange(): Network 2 set range => 100
0s NetworkModule:SetPosition(): Network 3 set position => (123, 41)
0s NetworkModule:SetRange(): Network 3 set range => 100
0s NetworkModule:SetPosition(): Network 4 set position => (17, 139)
0s NetworkModule:SetRange(): Network 4 set range => 100
0s NetworkModule:SetPosition(): Network 5 set position => (66, 129)
0s NetworkModule:SetRange(): Network 5 set range => 100
0s NetworkModule:SetPosition(): Network 6 set position => (90, 50)
0s NetworkModule:SetRange(): Network 6 set range => 100
0s NetworkModule:SetPosition(): Network 7 set position => (138, 95)
0s NetworkModule:SetRange(): Network 7 set range => 100
0s NetworkModule:SetPosition(): Network 8 set position => (5, 44)
0s NetworkModule:SetRange(): Network 8 set range => 100
0s NetworkModule:SetPosition(): Network 9 set position => (10, 131)
0s NetworkModule:SetRange(): Network 9 set range => 100
0s DeviceModule:ConfigureMobility(): Device [init x = 75, init y = 75, max = 150, velocity = 1]
1s DeviceModule:MoveRandom(): New position: (74, 75)
1s DecisionModule:AddNetworkToList(): Network detected
1s DecisionModule:AddNetworkToList(): Network detected
1s DecisionModule:AddNetworkToList(): Network detected
1s DecisionModule:AddNetworkToList(): Network detected
1s DecisionModule:AddNetworkToList(): Network detected
1s DecisionModule:AddNetworkToList(): Network detected
1s DecisionModule:AddNetworkToList(): Network detected
1s DecisionModule:AddNetworkToList(): Network detected
1s DecisionModule:AddNetworkToList(): Network detected
1s DecisionModule:AddNetworkToList(): Network detected
2s DeviceModule:MoveRandom(): New position: (74, 76)
3s DeviceModule:MoveRandom(): New position: (74, 75)
4s DeviceModule:MoveRandom(): New position: (74, 74)
5s DeviceModule:MoveRandom(): New position: (74, 73)
6s DeviceModule:MoveRandom(): New position: (75, 73)
7s DeviceModule:MoveRandom(): New position: (76, 73)
8s DeviceModule:MoveRandom(): New position: (77, 73)
9s DeviceModule:MoveRandom(): New position: (78, 73)
10s DecisionModule:Run(): Run decision
10s DecisionModule:AnalyzingNetworks(): Current Network: 
       [Network #4, Technology = Wifi, Address = 02-06-00:00:00:00:00:06, { DataRate: 50, SignalStrength: 95, AntiFragility: 85}, IQ: 78]
10s DecisionModule:ShowAllNetworks(): All detected networks:
       [Network #4, Technology = Wifi, Address = 02-06-00:00:00:00:00:06, { DataRate: 50, SignalStrength: 95, AntiFragility: 85}, IQ: 78]
       [Network #1, Technology = Wifi, Address = 02-06-00:00:00:00:00:03, { DataRate: 72, SignalStrength: 46, AntiFragility: 69}, IQ: 64]
       [Network #3, Technology = Wifi, Address = 02-06-00:00:00:00:00:05, { DataRate: 57, SignalStrength: 50, AntiFragility: 56}, IQ: 54]
       [Network #8, Technology = Wimax, Address = 02-06-00:00:00:00:00:0b, { DataRate: 83, SignalStrength: 53, AntiFragility: 40}, IQ: 54]
       [Network #0, Technology = Wifi, Address = 02-06-00:00:00:00:00:02, { DataRate: 25, SignalStrength: 27, AntiFragility: 68}, IQ: 47]
       [Network #6, Technology = Wifi, Address = 02-06-00:00:00:00:00:08, { DataRate: 45, SignalStrength: 41, AntiFragility: 46}, IQ: 44]
       [Network #9, Technology = Wimax, Address = 02-06-00:00:00:00:00:0c, { DataRate: 19, SignalStrength: 90, AntiFragility: 27}, IQ: 40]
       [Network #2, Technology = Wifi, Address = 02-06-00:00:00:00:00:04, { DataRate: 84, SignalStrength: 60, AntiFragility: 5}, IQ: 38]
       [Network #7, Technology = Wifi, Address = 02-06-00:00:00:00:00:09, { DataRate: 4, SignalStrength: 46, AntiFragility: 27}, IQ: 26]
       [Network #5, Technology = Wifi, Address = 02-06-00:00:00:00:00:07, { DataRate: 6, SignalStrength: 41, AntiFragility: 21}, IQ: 22]
10s DeviceModule:MoveRandom(): New position: (78, 74)
11s DeviceModule:MoveRandom(): New position: (79, 74)
12s DeviceModule:MoveRandom(): New position: (79, 73)
13s DeviceModule:MoveRandom(): New position: (79, 74)
14s DeviceModule:MoveRandom(): New position: (79, 73)
15s DeviceModule:MoveRandom(): New position: (80, 73)
16s DeviceModule:MoveRandom(): New position: (79, 73)
17s DeviceModule:MoveRandom(): New position: (78, 73)
18s DeviceModule:MoveRandom(): New position: (77, 73)
19s DeviceModule:MoveRandom(): New position: (76, 73)
20s DecisionModule:Run(): Run decision
20s DecisionModule:AnalyzingNetworks(): Current Network: 
       [Network #8, Technology = Wimax, Address = 02-06-00:00:00:00:00:0b, { DataRate: 96, SignalStrength: 71, AntiFragility: 90}, IQ: 86]
20s DecisionModule:ShowAllNetworks(): All detected networks:
       [Network #8, Technology = Wimax, Address = 02-06-00:00:00:00:00:0b, { DataRate: 96, SignalStrength: 71, AntiFragility: 90}, IQ: 86]
       [Network #5, Technology = Wifi, Address = 02-06-00:00:00:00:00:07, { DataRate: 78, SignalStrength: 59, AntiFragility: 88}, IQ: 78]
       [Network #9, Technology = Wimax, Address = 02-06-00:00:00:00:00:0c, { DataRate: 91, SignalStrength: 69, AntiFragility: 70}, IQ: 75]
       [Network #7, Technology = Wifi, Address = 02-06-00:00:00:00:00:09, { DataRate: 52, SignalStrength: 85, AntiFragility: 82}, IQ: 75]
       [Network #4, Technology = Wifi, Address = 02-06-00:00:00:00:00:06, { DataRate: 20, SignalStrength: 91, AntiFragility: 77}, IQ: 66]
       [Network #2, Technology = Wifi, Address = 02-06-00:00:00:00:00:04, { DataRate: 28, SignalStrength: 57, AntiFragility: 74}, IQ: 58]
       [Network #0, Technology = Wifi, Address = 02-06-00:00:00:00:00:02, { DataRate: 96, SignalStrength: 46, AntiFragility: 34}, IQ: 52]
       [Network #3, Technology = Wifi, Address = 02-06-00:00:00:00:00:05, { DataRate: 9, SignalStrength: 24, AntiFragility: 85}, IQ: 50]
       [Network #6, Technology = Wifi, Address = 02-06-00:00:00:00:00:08, { DataRate: 99, SignalStrength: 53, AntiFragility: 7}, IQ: 41]
       [Network #1, Technology = Wifi, Address = 02-06-00:00:00:00:00:03, { DataRate: 7, SignalStrength: 2, AntiFragility: 12}, IQ: 8]
20s ExecutionModule:Run(): Decision time => Seconds: 0, Miliseconds: 195
20s ExecutionModule:Run(): Handover time => Seconds: 0, Miliseconds: 274
20s ExecutionModule:Run(): Event: Vertical Handover.
20s DeviceModule:MoveRandom(): New position: (77, 73)
21s DeviceModule:MoveRandom(): New position: (78, 73)
22s DeviceModule:MoveRandom(): New position: (78, 72)
23s DeviceModule:MoveRandom(): New position: (78, 73)
24s DeviceModule:MoveRandom(): New position: (79, 73)
25s DeviceModule:MoveRandom(): New position: (78, 73)
26s DeviceModule:MoveRandom(): New position: (79, 73)
27s DeviceModule:MoveRandom(): New position: (78, 73)
28s DeviceModule:MoveRandom(): New position: (78, 72)
29s DeviceModule:MoveRandom(): New position: (78, 71)
30s DecisionModule:Run(): Run decision
30s DecisionModule:AnalyzingNetworks(): Current Network: 
       [Network #3, Technology = Wifi, Address = 02-06-00:00:00:00:00:05, { DataRate: 2, SignalStrength: 99, AntiFragility: 94}, IQ: 72]
30s DecisionModule:ShowAllNetworks(): All detected networks:
       [Network #3, Technology = Wifi, Address = 02-06-00:00:00:00:00:05, { DataRate: 2, SignalStrength: 99, AntiFragility: 94}, IQ: 72]
       [Network #7, Technology = Wifi, Address = 02-06-00:00:00:00:00:09, { DataRate: 30, SignalStrength: 68, AntiFragility: 64}, IQ: 56]
       [Network #0, Technology = Wifi, Address = 02-06-00:00:00:00:00:02, { DataRate: 4, SignalStrength: 52, AntiFragility: 82}, IQ: 55]
       [Network #4, Technology = Wifi, Address = 02-06-00:00:00:00:00:06, { DataRate: 64, SignalStrength: 96, AntiFragility: 26}, IQ: 53]
       [Network #1, Technology = Wifi, Address = 02-06-00:00:00:00:00:03, { DataRate: 69, SignalStrength: 87, AntiFragility: 24}, IQ: 51]
       [Network #8, Technology = Wimax, Address = 02-06-00:00:00:00:00:0b, { DataRate: 4, SignalStrength: 39, AntiFragility: 75}, IQ: 48]
       [Network #9, Technology = Wimax, Address = 02-06-00:00:00:00:00:0c, { DataRate: 73, SignalStrength: 58, AntiFragility: 26}, IQ: 45]
       [Network #6, Technology = Wifi, Address = 02-06-00:00:00:00:00:08, { DataRate: 58, SignalStrength: 46, AntiFragility: 23}, IQ: 37]
       [Network #2, Technology = Wifi, Address = 02-06-00:00:00:00:00:04, { DataRate: 72, SignalStrength: 31, AntiFragility: 8}, IQ: 29]
       [Network #5, Technology = Wifi, Address = 02-06-00:00:00:00:00:07, { DataRate: 32, SignalStrength: 12, AntiFragility: 15}, IQ: 18]
30s ExecutionModule:Run(): Decision time => Seconds: 0, Miliseconds: 219
30s ExecutionModule:Run(): Handover time => Seconds: 0, Miliseconds: 44
30s ExecutionModule:Run(): Event: Vertical Handover.
30s DeviceModule:MoveRandom(): New position: (79, 71)
31s DeviceModule:MoveRandom(): New position: (80, 71)
32s DeviceModule:MoveRandom(): New position: (81, 71)
33s DeviceModule:MoveRandom(): New position: (81, 72)
34s DeviceModule:MoveRandom(): New position: (81, 73)
35s DeviceModule:MoveRandom(): New position: (82, 73)
36s DeviceModule:MoveRandom(): New position: (81, 73)
37s DeviceModule:MoveRandom(): New position: (81, 74)
38s DeviceModule:MoveRandom(): New position: (81, 73)
39s DeviceModule:MoveRandom(): New position: (82, 73)
40s DecisionModule:Run(): Run decision
40s DecisionModule:AnalyzingNetworks(): Current Network: 
       [Network #1, Technology = Wifi, Address = 02-06-00:00:00:00:00:03, { DataRate: 94, SignalStrength: 12, AntiFragility: 76}, IQ: 64]
40s DecisionModule:ShowAllNetworks(): All detected networks:
       [Network #1, Technology = Wifi, Address = 02-06-00:00:00:00:00:03, { DataRate: 94, SignalStrength: 12, AntiFragility: 76}, IQ: 64]
       [Network #4, Technology = Wifi, Address = 02-06-00:00:00:00:00:06, { DataRate: 64, SignalStrength: 24, AntiFragility: 83}, IQ: 63]
       [Network #5, Technology = Wifi, Address = 02-06-00:00:00:00:00:07, { DataRate: 15, SignalStrength: 50, AntiFragility: 80}, IQ: 56]
       [Network #7, Technology = Wifi, Address = 02-06-00:00:00:00:00:09, { DataRate: 29, SignalStrength: 18, AntiFragility: 78}, IQ: 50]
       [Network #3, Technology = Wifi, Address = 02-06-00:00:00:00:00:05, { DataRate: 72, SignalStrength: 92, AntiFragility: 17}, IQ: 49]
       [Network #8, Technology = Wimax, Address = 02-06-00:00:00:00:00:0b, { DataRate: 21, SignalStrength: 74, AntiFragility: 40}, IQ: 43]
       [Network #2, Technology = Wifi, Address = 02-06-00:00:00:00:00:04, { DataRate: 64, SignalStrength: 15, AntiFragility: 27}, IQ: 33]
       [Network #6, Technology = Wifi, Address = 02-06-00:00:00:00:00:08, { DataRate: 56, SignalStrength: 62, AntiFragility: 6}, IQ: 32]
       [Network #9, Technology = Wimax, Address = 02-06-00:00:00:00:00:0c, { DataRate: 37, SignalStrength: 21, AntiFragility: 6}, IQ: 17]
       [Network #0, Technology = Wifi, Address = 02-06-00:00:00:00:00:02, { DataRate: 18, SignalStrength: 7, AntiFragility: 17}, IQ: 14]
40s ExecutionModule:Run(): Decision time => Seconds: 0, Miliseconds: 199
40s ExecutionModule:Run(): Handover time => Seconds: 0, Miliseconds: 121
40s ExecutionModule:Run(): Event: Horizontal Handover.
40s DeviceModule:MoveRandom(): New position: (82, 74)
41s DeviceModule:MoveRandom(): New position: (81, 74)
42s DeviceModule:MoveRandom(): New position: (81, 75)
43s DeviceModule:MoveRandom(): New position: (82, 75)
44s DeviceModule:MoveRandom(): New position: (82, 76)
45s DeviceModule:MoveRandom(): New position: (82, 75)
46s DeviceModule:MoveRandom(): New position: (82, 74)
47s DeviceModule:MoveRandom(): New position: (82, 75)
48s DeviceModule:MoveRandom(): New position: (82, 74)
49s DeviceModule:MoveRandom(): New position: (81, 74)
50s DecisionModule:Run(): Run decision
50s DecisionModule:AnalyzingNetworks(): Current Network: 
       [Network #7, Technology = Wifi, Address = 02-06-00:00:00:00:00:09, { DataRate: 44, SignalStrength: 84, AntiFragility: 94}, IQ: 79]
50s DecisionModule:ShowAllNetworks(): All detected networks:
       [Network #7, Technology = Wifi, Address = 02-06-00:00:00:00:00:09, { DataRate: 44, SignalStrength: 84, AntiFragility: 94}, IQ: 79]
       [Network #3, Technology = Wifi, Address = 02-06-00:00:00:00:00:05, { DataRate: 67, SignalStrength: 48, AntiFragility: 85}, IQ: 71]
       [Network #6, Technology = Wifi, Address = 02-06-00:00:00:00:00:08, { DataRate: 37, SignalStrength: 39, AntiFragility: 92}, IQ: 65]
       [Network #1, Technology = Wifi, Address = 02-06-00:00:00:00:00:03, { DataRate: 51, SignalStrength: 85, AntiFragility: 40}, IQ: 54]
       [Network #8, Technology = Wimax, Address = 02-06-00:00:00:00:00:0b, { DataRate: 15, SignalStrength: 27, AntiFragility: 83}, IQ: 52]
       [Network #2, Technology = Wifi, Address = 02-06-00:00:00:00:00:04, { DataRate: 64, SignalStrength: 28, AntiFragility: 54}, IQ: 50]
       [Network #0, Technology = Wifi, Address = 02-06-00:00:00:00:00:02, { DataRate: 11, SignalStrength: 5, AntiFragility: 83}, IQ: 45]
       [Network #5, Technology = Wifi, Address = 02-06-00:00:00:00:00:07, { DataRate: 77, SignalStrength: 27, AntiFragility: 18}, IQ: 35]
       [Network #4, Technology = Wifi, Address = 02-06-00:00:00:00:00:06, { DataRate: 48, SignalStrength: 32, AntiFragility: 24}, IQ: 32]
       [Network #9, Technology = Wimax, Address = 02-06-00:00:00:00:00:0c, { DataRate: 37, SignalStrength: 12, AntiFragility: 34}, IQ: 29]
50s ExecutionModule:Run(): Decision time => Seconds: 0, Miliseconds: 499
50s ExecutionModule:Run(): Handover time => Seconds: 0, Miliseconds: 202
50s ExecutionModule:Run(): Event: Horizontal Handover.
50s DeviceModule:MoveRandom(): New position: (81, 73)
51s DeviceModule:MoveRandom(): New position: (81, 72)
52s DeviceModule:MoveRandom(): New position: (81, 71)
53s DeviceModule:MoveRandom(): New position: (81, 70)
54s DeviceModule:MoveRandom(): New position: (81, 71)
55s DeviceModule:MoveRandom(): New position: (81, 72)
56s DeviceModule:MoveRandom(): New position: (82, 72)
57s DeviceModule:MoveRandom(): New position: (83, 72)
58s DeviceModule:MoveRandom(): New position: (82, 72)
59s DeviceModule:MoveRandom(): New position: (82, 71)
60s DecisionModule:Run(): Run decision
60s DecisionModule:AnalyzingNetworks(): Current Network: 
       [Network #7, Technology = Wifi, Address = 02-06-00:00:00:00:00:09, { DataRate: 92, SignalStrength: 72, AntiFragility: 86}, IQ: 84]
60s DecisionModule:ShowAllNetworks(): All detected networks:
       [Network #7, Technology = Wifi, Address = 02-06-00:00:00:00:00:09, { DataRate: 92, SignalStrength: 72, AntiFragility: 86}, IQ: 84]
       [Network #4, Technology = Wifi, Address = 02-06-00:00:00:00:00:06, { DataRate: 53, SignalStrength: 14, AntiFragility: 91}, IQ: 62]
       [Network #3, Technology = Wifi, Address = 02-06-00:00:00:00:00:05, { DataRate: 20, SignalStrength: 55, AntiFragility: 76}, IQ: 56]
       [Network #1, Technology = Wifi, Address = 02-06-00:00:00:00:00:03, { DataRate: 74, SignalStrength: 40, AntiFragility: 19}, IQ: 38]
       [Network #6, Technology = Wifi, Address = 02-06-00:00:00:00:00:08, { DataRate: 53, SignalStrength: 73, AntiFragility: 13}, IQ: 38]
       [Network #5, Technology = Wifi, Address = 02-06-00:00:00:00:00:07, { DataRate: 84, SignalStrength: 20, AntiFragility: 8}, IQ: 30]
       [Network #2, Technology = Wifi, Address = 02-06-00:00:00:00:00:04, { DataRate: 19, SignalStrength: 13, AntiFragility: 42}, IQ: 29]
       [Network #9, Technology = Wimax, Address = 02-06-00:00:00:00:00:0c, { DataRate: 58, SignalStrength: 44, AntiFragility: 7}, IQ: 29]
       [Network #0, Technology = Wifi, Address = 02-06-00:00:00:00:00:02, { DataRate: 22, SignalStrength: 64, AntiFragility: 8}, IQ: 25]
       [Network #8, Technology = Wimax, Address = 02-06-00:00:00:00:00:0b, { DataRate: 10, SignalStrength: 14, AntiFragility: 16}, IQ: 14]
60s DeviceModule:MoveRandom(): New position: (81, 71)
61s DeviceModule:MoveRandom(): New position: (80, 71)
62s DeviceModule:MoveRandom(): New position: (79, 71)
63s DeviceModule:MoveRandom(): New position: (79, 70)
64s DeviceModule:MoveRandom(): New position: (80, 70)
65s DeviceModule:MoveRandom(): New position: (80, 69)
66s DeviceModule:MoveRandom(): New position: (79, 69)
67s DeviceModule:MoveRandom(): New position: (80, 69)
68s DeviceModule:MoveRandom(): New position: (80, 70)
69s DeviceModule:MoveRandom(): New position: (80, 69)
70s DecisionModule:Run(): Run decision
70s DecisionModule:AnalyzingNetworks(): Current Network: 
       [Network #3, Technology = Wifi, Address = 02-06-00:00:00:00:00:05, { DataRate: 12, SignalStrength: 76, AntiFragility: 95}, IQ: 69]
70s DecisionModule:ShowAllNetworks(): All detected networks:
       [Network #3, Technology = Wifi, Address = 02-06-00:00:00:00:00:05, { DataRate: 12, SignalStrength: 76, AntiFragility: 95}, IQ: 69]
       [Network #2, Technology = Wifi, Address = 02-06-00:00:00:00:00:04, { DataRate: 40, SignalStrength: 39, AntiFragility: 98}, IQ: 68]
       [Network #4, Technology = Wifi, Address = 02-06-00:00:00:00:00:06, { DataRate: 29, SignalStrength: 84, AntiFragility: 78}, IQ: 67]
       [Network #6, Technology = Wifi, Address = 02-06-00:00:00:00:00:08, { DataRate: 62, SignalStrength: 45, AntiFragility: 77}, IQ: 65]
       [Network #5, Technology = Wifi, Address = 02-06-00:00:00:00:00:07, { DataRate: 69, SignalStrength: 98, AntiFragility: 48}, IQ: 65]
       [Network #0, Technology = Wifi, Address = 02-06-00:00:00:00:00:02, { DataRate: 58, SignalStrength: 46, AntiFragility: 44}, IQ: 48]
       [Network #7, Technology = Wifi, Address = 02-06-00:00:00:00:00:09, { DataRate: 22, SignalStrength: 1, AntiFragility: 84}, IQ: 47]
       [Network #9, Technology = Wimax, Address = 02-06-00:00:00:00:00:0c, { DataRate: 65, SignalStrength: 73, AntiFragility: 22}, IQ: 45]
       [Network #8, Technology = Wimax, Address = 02-06-00:00:00:00:00:0b, { DataRate: 27, SignalStrength: 8, AntiFragility: 35}, IQ: 26]
       [Network #1, Technology = Wifi, Address = 02-06-00:00:00:00:00:03, { DataRate: 9, SignalStrength: 70, AntiFragility: 10}, IQ: 24]
70s ExecutionModule:Run(): Decision time => Seconds: 0, Miliseconds: 206
70s ExecutionModule:Run(): Handover time => Seconds: 0, Miliseconds: 122
70s ExecutionModule:Run(): Event: Horizontal Handover.
70s DeviceModule:MoveRandom(): New position: (81, 69)
71s DeviceModule:MoveRandom(): New position: (82, 69)
72s DeviceModule:MoveRandom(): New position: (83, 69)
73s DeviceModule:MoveRandom(): New position: (84, 69)
74s DeviceModule:MoveRandom(): New position: (84, 68)
75s DeviceModule:MoveRandom(): New position: (85, 68)
76s DeviceModule:MoveRandom(): New position: (85, 69)
77s DeviceModule:MoveRandom(): New position: (85, 68)
78s DeviceModule:MoveRandom(): New position: (85, 69)
79s DeviceModule:MoveRandom(): New position: (86, 69)
80s DecisionModule:Run(): Run decision
80s DecisionModule:AnalyzingNetworks(): Current Network: 
       [Network #6, Technology = Wifi, Address = 02-06-00:00:00:00:00:08, { DataRate: 97, SignalStrength: 56, AntiFragility: 93}, IQ: 84]
80s DecisionModule:ShowAllNetworks(): All detected networks:
       [Network #6, Technology = Wifi, Address = 02-06-00:00:00:00:00:08, { DataRate: 97, SignalStrength: 56, AntiFragility: 93}, IQ: 84]
       [Network #1, Technology = Wifi, Address = 02-06-00:00:00:00:00:03, { DataRate: 93, SignalStrength: 68, AntiFragility: 74}, IQ: 77]
       [Network #8, Technology = Wimax, Address = 02-06-00:00:00:00:00:0b, { DataRate: 78, SignalStrength: 38, AntiFragility: 86}, IQ: 72]
       [Network #9, Technology = Wimax, Address = 02-06-00:00:00:00:00:0c, { DataRate: 29, SignalStrength: 38, AntiFragility: 69}, IQ: 51]
       [Network #7, Technology = Wifi, Address = 02-06-00:00:00:00:00:09, { DataRate: 84, SignalStrength: 17, AntiFragility: 36}, IQ: 43]
       [Network #0, Technology = Wifi, Address = 02-06-00:00:00:00:00:02, { DataRate: 72, SignalStrength: 15, AntiFragility: 27}, IQ: 35]
       [Network #5, Technology = Wifi, Address = 02-06-00:00:00:00:00:07, { DataRate: 62, SignalStrength: 48, AntiFragility: 15}, IQ: 35]
       [Network #4, Technology = Wifi, Address = 02-06-00:00:00:00:00:06, { DataRate: 52, SignalStrength: 58, AntiFragility: 12}, IQ: 33]
       [Network #3, Technology = Wifi, Address = 02-06-00:00:00:00:00:05, { DataRate: 33, SignalStrength: 8, AntiFragility: 37}, IQ: 28]
       [Network #2, Technology = Wifi, Address = 02-06-00:00:00:00:00:04, { DataRate: 23, SignalStrength: 54, AntiFragility: 4}, IQ: 21]
80s ExecutionModule:Run(): Decision time => Seconds: 0, Miliseconds: 221
80s ExecutionModule:Run(): Handover time => Seconds: 0, Miliseconds: 120
80s ExecutionModule:Run(): Event: Horizontal Handover.
80s DeviceModule:MoveRandom(): New position: (85, 69)
81s DeviceModule:MoveRandom(): New position: (86, 69)
82s DeviceModule:MoveRandom(): New position: (86, 68)
83s DeviceModule:MoveRandom(): New position: (86, 69)
84s DeviceModule:MoveRandom(): New position: (85, 69)
85s DeviceModule:MoveRandom(): New position: (84, 69)
86s DeviceModule:MoveRandom(): New position: (84, 70)
87s DeviceModule:MoveRandom(): New position: (84, 69)
88s DeviceModule:MoveRandom(): New position: (84, 68)
89s DeviceModule:MoveRandom(): New position: (84, 69)
90s DecisionModule:Run(): Run decision
90s DecisionModule:AnalyzingNetworks(): Current Network: 
       [Network #7, Technology = Wifi, Address = 02-06-00:00:00:00:00:09, { DataRate: 83, SignalStrength: 85, AntiFragility: 98}, IQ: 91]
90s DecisionModule:ShowAllNetworks(): All detected networks:
       [Network #7, Technology = Wifi, Address = 02-06-00:00:00:00:00:09, { DataRate: 83, SignalStrength: 85, AntiFragility: 98}, IQ: 91]
       [Network #3, Technology = Wifi, Address = 02-06-00:00:00:00:00:05, { DataRate: 85, SignalStrength: 95, AntiFragility: 86}, IQ: 88]
       [Network #9, Technology = Wimax, Address = 02-06-00:00:00:00:00:0c, { DataRate: 86, SignalStrength: 45, AntiFragility: 82}, IQ: 73]
       [Network #6, Technology = Wifi, Address = 02-06-00:00:00:00:00:08, { DataRate: 81, SignalStrength: 62, AntiFragility: 72}, IQ: 71]
       [Network #4, Technology = Wifi, Address = 02-06-00:00:00:00:00:06, { DataRate: 44, SignalStrength: 3, AntiFragility: 93}, IQ: 58]
       [Network #5, Technology = Wifi, Address = 02-06-00:00:00:00:00:07, { DataRate: 70, SignalStrength: 28, AntiFragility: 64}, IQ: 56]
       [Network #8, Technology = Wimax, Address = 02-06-00:00:00:00:00:0b, { DataRate: 47, SignalStrength: 52, AntiFragility: 49}, IQ: 49]
       [Network #0, Technology = Wifi, Address = 02-06-00:00:00:00:00:02, { DataRate: 54, SignalStrength: 74, AntiFragility: 32}, IQ: 48]
       [Network #1, Technology = Wifi, Address = 02-06-00:00:00:00:00:03, { DataRate: 93, SignalStrength: 43, AntiFragility: 24}, IQ: 46]
       [Network #2, Technology = Wifi, Address = 02-06-00:00:00:00:00:04, { DataRate: 32, SignalStrength: 23, AntiFragility: 43}, IQ: 35]
90s ExecutionModule:Run(): Decision time => Seconds: 0, Miliseconds: 202
90s ExecutionModule:Run(): Handover time => Seconds: 0, Miliseconds: 119
90s ExecutionModule:Run(): Event: Horizontal Handover.
90s DeviceModule:MoveRandom(): New position: (85, 69)
91s DeviceModule:MoveRandom(): New position: (84, 69)
92s DeviceModule:MoveRandom(): New position: (85, 69)
93s DeviceModule:MoveRandom(): New position: (84, 69)
94s DeviceModule:MoveRandom(): New position: (84, 70)
95s DeviceModule:MoveRandom(): New position: (84, 71)
96s DeviceModule:MoveRandom(): New position: (85, 71)
97s DeviceModule:MoveRandom(): New position: (85, 72)
98s DeviceModule:MoveRandom(): New position: (85, 71)
99s DeviceModule:MoveRandom(): New position: (84, 71)
100s DecisionModule:Run(): Run decision
100s DecisionModule:AnalyzingNetworks(): Current Network: 
       [Network #4, Technology = Wifi, Address = 02-06-00:00:00:00:00:06, { DataRate: 88, SignalStrength: 31, AntiFragility: 95}, IQ: 77]
100s DecisionModule:ShowAllNetworks(): All detected networks:
       [Network #4, Technology = Wifi, Address = 02-06-00:00:00:00:00:06, { DataRate: 88, SignalStrength: 31, AntiFragility: 95}, IQ: 77]
       [Network #9, Technology = Wimax, Address = 02-06-00:00:00:00:00:0c, { DataRate: 43, SignalStrength: 82, AntiFragility: 67}, IQ: 64]
       [Network #7, Technology = Wifi, Address = 02-06-00:00:00:00:00:09, { DataRate: 7, SignalStrength: 65, AntiFragility: 90}, IQ: 63]
       [Network #0, Technology = Wifi, Address = 02-06-00:00:00:00:00:02, { DataRate: 30, SignalStrength: 82, AntiFragility: 60}, IQ: 58]
       [Network #6, Technology = Wifi, Address = 02-06-00:00:00:00:00:08, { DataRate: 52, SignalStrength: 5, AntiFragility: 76}, IQ: 52]
       [Network #3, Technology = Wifi, Address = 02-06-00:00:00:00:00:05, { DataRate: 36, SignalStrength: 68, AntiFragility: 44}, IQ: 48]
       [Network #2, Technology = Wifi, Address = 02-06-00:00:00:00:00:04, { DataRate: 19, SignalStrength: 40, AntiFragility: 52}, IQ: 40]
       [Network #8, Technology = Wimax, Address = 02-06-00:00:00:00:00:0b, { DataRate: 96, SignalStrength: 5, AntiFragility: 23}, IQ: 36]
       [Network #5, Technology = Wifi, Address = 02-06-00:00:00:00:00:07, { DataRate: 87, SignalStrength: 25, AntiFragility: 2}, IQ: 29]
       [Network #1, Technology = Wifi, Address = 02-06-00:00:00:00:00:03, { DataRate: 20, SignalStrength: 4, AntiFragility: 7}, IQ: 9]
100s ExecutionModule:Run(): Decision time => Seconds: 0, Miliseconds: 220
100s ExecutionModule:Run(): Handover time => Seconds: 0, Miliseconds: 119
100s ExecutionModule:Run(): Event: Horizontal Handover.
100s DeviceModule:MoveRandom(): New position: (83, 71)
101s DeviceModule:MoveRandom(): New position: (83, 72)
102s DeviceModule:MoveRandom(): New position: (83, 71)
103s DeviceModule:MoveRandom(): New position: (84, 71)
104s DeviceModule:MoveRandom(): New position: (84, 72)
105s DeviceModule:MoveRandom(): New position: (84, 73)
106s DeviceModule:MoveRandom(): New position: (84, 74)
107s DeviceModule:MoveRandom(): New position: (84, 73)
108s DeviceModule:MoveRandom(): New position: (84, 72)
109s DeviceModule:MoveRandom(): New position: (83, 72)
110s DecisionModule:Run(): Run decision
110s DecisionModule:AnalyzingNetworks(): Current Network: 
       [Network #5, Technology = Wifi, Address = 02-06-00:00:00:00:00:07, { DataRate: 51, SignalStrength: 74, AntiFragility: 97}, IQ: 79]
110s DecisionModule:ShowAllNetworks(): All detected networks:
       [Network #5, Technology = Wifi, Address = 02-06-00:00:00:00:00:07, { DataRate: 51, SignalStrength: 74, AntiFragility: 97}, IQ: 79]
       [Network #4, Technology = Wifi, Address = 02-06-00:00:00:00:00:06, { DataRate: 24, SignalStrength: 11, AntiFragility: 85}, IQ: 51]
       [Network #6, Technology = Wifi, Address = 02-06-00:00:00:00:00:08, { DataRate: 30, SignalStrength: 71, AntiFragility: 51}, IQ: 50]
       [Network #1, Technology = Wifi, Address = 02-06-00:00:00:00:00:03, { DataRate: 1, SignalStrength: 63, AntiFragility: 60}, IQ: 46]
       [Network #9, Technology = Wimax, Address = 02-06-00:00:00:00:00:0c, { DataRate: 95, SignalStrength: 81, AntiFragility: 3}, IQ: 45]
       [Network #3, Technology = Wifi, Address = 02-06-00:00:00:00:00:05, { DataRate: 2, SignalStrength: 83, AntiFragility: 35}, IQ: 38]
       [Network #2, Technology = Wifi, Address = 02-06-00:00:00:00:00:04, { DataRate: 94, SignalStrength: 41, AntiFragility: 1}, IQ: 34]
       [Network #0, Technology = Wifi, Address = 02-06-00:00:00:00:00:02, { DataRate: 46, SignalStrength: 82, AntiFragility: 4}, IQ: 34]
       [Network #7, Technology = Wifi, Address = 02-06-00:00:00:00:00:09, { DataRate: 48, SignalStrength: 5, AntiFragility: 29}, IQ: 27]
       [Network #8, Technology = Wimax, Address = 02-06-00:00:00:00:00:0b, { DataRate: 46, SignalStrength: 34, AntiFragility: 12}, IQ: 26]
110s ExecutionModule:Run(): Decision time => Seconds: 0, Miliseconds: 204
110s ExecutionModule:Run(): Handover time => Seconds: 0, Miliseconds: 122
110s ExecutionModule:Run(): Event: Horizontal Handover.
110s DeviceModule:MoveRandom(): New position: (83, 71)
111s DeviceModule:MoveRandom(): New position: (83, 72)
112s DeviceModule:MoveRandom(): New position: (82, 72)
113s DeviceModule:MoveRandom(): New position: (83, 72)
114s DeviceModule:MoveRandom(): New position: (83, 73)
115s DeviceModule:MoveRandom(): New position: (84, 73)
116s DeviceModule:MoveRandom(): New position: (84, 72)
117s DeviceModule:MoveRandom(): New position: (85, 72)
118s DeviceModule:MoveRandom(): New position: (84, 72)
119s DeviceModule:MoveRandom(): New position: (84, 71)
120s DecisionModule:Run(): Run decision
120s DecisionModule:AnalyzingNetworks(): Current Network: 
       [Network #4, Technology = Wifi, Address = 02-06-00:00:00:00:00:06, { DataRate: 92, SignalStrength: 82, AntiFragility: 80}, IQ: 83]
120s DecisionModule:ShowAllNetworks(): All detected networks:
       [Network #4, Technology = Wifi, Address = 02-06-00:00:00:00:00:06, { DataRate: 92, SignalStrength: 82, AntiFragility: 80}, IQ: 83]
       [Network #5, Technology = Wifi, Address = 02-06-00:00:00:00:00:07, { DataRate: 69, SignalStrength: 81, AntiFragility: 86}, IQ: 80]
       [Network #2, Technology = Wifi, Address = 02-06-00:00:00:00:00:04, { DataRate: 89, SignalStrength: 95, AntiFragility: 68}, IQ: 80]
       [Network #9, Technology = Wimax, Address = 02-06-00:00:00:00:00:0c, { DataRate: 76, SignalStrength: 47, AntiFragility: 83}, IQ: 72]
       [Network #8, Technology = Wimax, Address = 02-06-00:00:00:00:00:0b, { DataRate: 77, SignalStrength: 89, AntiFragility: 46}, IQ: 64]
       [Network #6, Technology = Wifi, Address = 02-06-00:00:00:00:00:08, { DataRate: 20, SignalStrength: 42, AntiFragility: 94}, IQ: 62]
       [Network #3, Technology = Wifi, Address = 02-06-00:00:00:00:00:05, { DataRate: 49, SignalStrength: 56, AntiFragility: 39}, IQ: 45]
       [Network #7, Technology = Wifi, Address = 02-06-00:00:00:00:00:09, { DataRate: 60, SignalStrength: 57, AntiFragility: 26}, IQ: 42]
       [Network #1, Technology = Wifi, Address = 02-06-00:00:00:00:00:03, { DataRate: 56, SignalStrength: 90, AntiFragility: 6}, IQ: 39]
       [Network #0, Technology = Wifi, Address = 02-06-00:00:00:00:00:02, { DataRate: 43, SignalStrength: 79, AntiFragility: 3}, IQ: 32]
120s ExecutionModule:Run(): Decision time => Seconds: 0, Miliseconds: 202
120s ExecutionModule:Run(): Handover time => Seconds: 0, Miliseconds: 119
120s ExecutionModule:Run(): Event: Horizontal Handover.
120s DeviceModule:MoveRandom(): New position: (84, 72)
121s DeviceModule:MoveRandom(): New position: (85, 72)
122s DeviceModule:MoveRandom(): New position: (85, 71)
123s DeviceModule:MoveRandom(): New position: (85, 72)
124s DeviceModule:MoveRandom(): New position: (85, 71)
125s DeviceModule:MoveRandom(): New position: (86, 71)
126s DeviceModule:MoveRandom(): New position: (86, 72)
127s DeviceModule:MoveRandom(): New position: (87, 72)
128s DeviceModule:MoveRandom(): New position: (87, 71)
129s DeviceModule:MoveRandom(): New position: (88, 71)
130s DecisionModule:Run(): Run decision
130s DecisionModule:AnalyzingNetworks(): Current Network: 
       [Network #3, Technology = Wifi, Address = 02-06-00:00:00:00:00:05, { DataRate: 36, SignalStrength: 86, AntiFragility: 82}, IQ: 71]
130s DecisionModule:ShowAllNetworks(): All detected networks:
       [Network #3, Technology = Wifi, Address = 02-06-00:00:00:00:00:05, { DataRate: 36, SignalStrength: 86, AntiFragility: 82}, IQ: 71]
       [Network #1, Technology = Wifi, Address = 02-06-00:00:00:00:00:03, { DataRate: 29, SignalStrength: 73, AntiFragility: 68}, IQ: 59]
       [Network #8, Technology = Wimax, Address = 02-06-00:00:00:00:00:0b, { DataRate: 35, SignalStrength: 81, AntiFragility: 51}, IQ: 54]
       [Network #0, Technology = Wifi, Address = 02-06-00:00:00:00:00:02, { DataRate: 38, SignalStrength: 49, AntiFragility: 53}, IQ: 48]
       [Network #9, Technology = Wimax, Address = 02-06-00:00:00:00:00:0c, { DataRate: 12, SignalStrength: 18, AntiFragility: 73}, IQ: 44]
       [Network #4, Technology = Wifi, Address = 02-06-00:00:00:00:00:06, { DataRate: 91, SignalStrength: 49, AntiFragility: 14}, IQ: 42]
       [Network #5, Technology = Wifi, Address = 02-06-00:00:00:00:00:07, { DataRate: 94, SignalStrength: 18, AntiFragility: 12}, IQ: 34]
       [Network #6, Technology = Wifi, Address = 02-06-00:00:00:00:00:08, { DataRate: 13, SignalStrength: 85, AntiFragility: 16}, IQ: 32]
       [Network #2, Technology = Wifi, Address = 02-06-00:00:00:00:00:04, { DataRate: 90, SignalStrength: 19, AntiFragility: 1}, IQ: 27]
       [Network #7, Technology = Wifi, Address = 02-06-00:00:00:00:00:09, { DataRate: 13, SignalStrength: 13, AntiFragility: 4}, IQ: 8]
130s ExecutionModule:Run(): Decision time => Seconds: 0, Miliseconds: 221
130s ExecutionModule:Run(): Handover time => Seconds: 0, Miliseconds: 120
130s ExecutionModule:Run(): Event: Horizontal Handover.
130s DeviceModule:MoveRandom(): New position: (87, 71)
131s DeviceModule:MoveRandom(): New position: (87, 70)
132s DeviceModule:MoveRandom(): New position: (86, 70)
133s DeviceModule:MoveRandom(): New position: (85, 70)
134s DeviceModule:MoveRandom(): New position: (84, 70)
135s DeviceModule:MoveRandom(): New position: (84, 71)
136s DeviceModule:MoveRandom(): New position: (84, 70)
137s DeviceModule:MoveRandom(): New position: (85, 70)
138s DeviceModule:MoveRandom(): New position: (84, 70)
139s DeviceModule:MoveRandom(): New position: (84, 71)
140s DecisionModule:Run(): Run decision
140s DecisionModule:AnalyzingNetworks(): Current Network: 
       [Network #7, Technology = Wifi, Address = 02-06-00:00:00:00:00:09, { DataRate: 68, SignalStrength: 18, AntiFragility: 95}, IQ: 69]
140s DecisionModule:ShowAllNetworks(): All detected networks:
       [Network #7, Technology = Wifi, Address = 02-06-00:00:00:00:00:09, { DataRate: 68, SignalStrength: 18, AntiFragility: 95}, IQ: 69]
       [Network #0, Technology = Wifi, Address = 02-06-00:00:00:00:00:02, { DataRate: 82, SignalStrength: 96, AntiFragility: 45}, IQ: 67]
       [Network #2, Technology = Wifi, Address = 02-06-00:00:00:00:00:04, { DataRate: 30, SignalStrength: 91, AntiFragility: 67}, IQ: 63]
       [Network #3, Technology = Wifi, Address = 02-06-00:00:00:00:00:05, { DataRate: 95, SignalStrength: 39, AntiFragility: 56}, IQ: 61]
       [Network #4, Technology = Wifi, Address = 02-06-00:00:00:00:00:06, { DataRate: 16, SignalStrength: 76, AntiFragility: 48}, IQ: 47]
       [Network #1, Technology = Wifi, Address = 02-06-00:00:00:00:00:03, { DataRate: 13, SignalStrength: 84, AntiFragility: 46}, IQ: 47]
       [Network #6, Technology = Wifi, Address = 02-06-00:00:00:00:00:08, { DataRate: 81, SignalStrength: 31, AntiFragility: 37}, IQ: 46]
       [Network #8, Technology = Wimax, Address = 02-06-00:00:00:00:00:0b, { DataRate: 19, SignalStrength: 13, AntiFragility: 66}, IQ: 41]
       [Network #9, Technology = Wimax, Address = 02-06-00:00:00:00:00:0c, { DataRate: 22, SignalStrength: 77, AntiFragility: 19}, IQ: 34]
       [Network #5, Technology = Wifi, Address = 02-06-00:00:00:00:00:07, { DataRate: 41, SignalStrength: 18, AntiFragility: 37}, IQ: 33]
140s ExecutionModule:Run(): Decision time => Seconds: 0, Miliseconds: 202
140s ExecutionModule:Run(): Handover time => Seconds: 0, Miliseconds: 120
140s ExecutionModule:Run(): Event: Horizontal Handover.
140s DeviceModule:MoveRandom(): New position: (83, 71)
141s DeviceModule:MoveRandom(): New position: (83, 72)
142s DeviceModule:MoveRandom(): New position: (83, 73)
143s DeviceModule:MoveRandom(): New position: (83, 72)
144s DeviceModule:MoveRandom(): New position: (83, 73)
145s DeviceModule:MoveRandom(): New position: (83, 72)
146s DeviceModule:MoveRandom(): New position: (84, 72)
147s DeviceModule:MoveRandom(): New position: (84, 71)
148s DeviceModule:MoveRandom(): New position: (85, 71)
149s DeviceModule:MoveRandom(): New position: (85, 72)
150s DecisionModule:Run(): Run decision
150s DecisionModule:AnalyzingNetworks(): Current Network: 
       [Network #6, Technology = Wifi, Address = 02-06-00:00:00:00:00:08, { DataRate: 77, SignalStrength: 90, AntiFragility: 55}, IQ: 69]
150s DecisionModule:ShowAllNetworks(): All detected networks:
       [Network #6, Technology = Wifi, Address = 02-06-00:00:00:00:00:08, { DataRate: 77, SignalStrength: 90, AntiFragility: 55}, IQ: 69]
       [Network #0, Technology = Wifi, Address = 02-06-00:00:00:00:00:02, { DataRate: 45, SignalStrength: 66, AntiFragility: 76}, IQ: 65]
       [Network #5, Technology = Wifi, Address = 02-06-00:00:00:00:00:07, { DataRate: 21, SignalStrength: 74, AntiFragility: 55}, IQ: 51]
       [Network #1, Technology = Wifi, Address = 02-06-00:00:00:00:00:03, { DataRate: 40, SignalStrength: 95, AntiFragility: 26}, IQ: 46]
       [Network #9, Technology = Wimax, Address = 02-06-00:00:00:00:00:0c, { DataRate: 66, SignalStrength: 6, AntiFragility: 57}, IQ: 46]
       [Network #7, Technology = Wifi, Address = 02-06-00:00:00:00:00:09, { DataRate: 40, SignalStrength: 85, AntiFragility: 29}, IQ: 45]
       [Network #4, Technology = Wifi, Address = 02-06-00:00:00:00:00:06, { DataRate: 7, SignalStrength: 79, AntiFragility: 48}, IQ: 45]
       [Network #8, Technology = Wimax, Address = 02-06-00:00:00:00:00:0b, { DataRate: 45, SignalStrength: 24, AntiFragility: 55}, IQ: 44]
       [Network #2, Technology = Wifi, Address = 02-06-00:00:00:00:00:04, { DataRate: 62, SignalStrength: 34, AntiFragility: 35}, IQ: 41]
       [Network #3, Technology = Wifi, Address = 02-06-00:00:00:00:00:05, { DataRate: 4, SignalStrength: 1, AntiFragility: 68}, IQ: 35]
150s ExecutionModule:Run(): Decision time => Seconds: 0, Miliseconds: 223
150s ExecutionModule:Run(): Handover time => Seconds: 0, Miliseconds: 121
150s ExecutionModule:Run(): Event: Horizontal Handover.
150s DeviceModule:MoveRandom(): New position: (84, 72)
151s DeviceModule:MoveRandom(): New position: (84, 71)
152s DeviceModule:MoveRandom(): New position: (83, 71)
153s DeviceModule:MoveRandom(): New position: (82, 71)
154s DeviceModule:MoveRandom(): New position: (82, 70)
155s DeviceModule:MoveRandom(): New position: (82, 69)
156s DeviceModule:MoveRandom(): New position: (81, 69)
157s DeviceModule:MoveRandom(): New position: (81, 70)
158s DeviceModule:MoveRandom(): New position: (80, 70)
159s DeviceModule:MoveRandom(): New position: (79, 70)
160s DecisionModule:Run(): Run decision
160s DecisionModule:AnalyzingNetworks(): Current Network: 
       [Network #8, Technology = Wimax, Address = 02-06-00:00:00:00:00:0b, { DataRate: 95, SignalStrength: 42, AntiFragility: 98}, IQ: 83]
160s DecisionModule:ShowAllNetworks(): All detected networks:
       [Network #8, Technology = Wimax, Address = 02-06-00:00:00:00:00:0b, { DataRate: 95, SignalStrength: 42, AntiFragility: 98}, IQ: 83]
       [Network #9, Technology = Wimax, Address = 02-06-00:00:00:00:00:0c, { DataRate: 61, SignalStrength: 65, AntiFragility: 88}, IQ: 75]
       [Network #5, Technology = Wifi, Address = 02-06-00:00:00:00:00:07, { DataRate: 22, SignalStrength: 60, AntiFragility: 77}, IQ: 59]
       [Network #1, Technology = Wifi, Address = 02-06-00:00:00:00:00:03, { DataRate: 35, SignalStrength: 90, AntiFragility: 51}, IQ: 56]
       [Network #3, Technology = Wifi, Address = 02-06-00:00:00:00:00:05, { DataRate: 61, SignalStrength: 57, AntiFragility: 38}, IQ: 48]
       [Network #7, Technology = Wifi, Address = 02-06-00:00:00:00:00:09, { DataRate: 7, SignalStrength: 37, AntiFragility: 73}, IQ: 47]
       [Network #0, Technology = Wifi, Address = 02-06-00:00:00:00:00:02, { DataRate: 96, SignalStrength: 53, AntiFragility: 18}, IQ: 46]
       [Network #2, Technology = Wifi, Address = 02-06-00:00:00:00:00:04, { DataRate: 17, SignalStrength: 36, AntiFragility: 61}, IQ: 43]
       [Network #6, Technology = Wifi, Address = 02-06-00:00:00:00:00:08, { DataRate: 37, SignalStrength: 22, AntiFragility: 53}, IQ: 41]
       [Network #4, Technology = Wifi, Address = 02-06-00:00:00:00:00:06, { DataRate: 31, SignalStrength: 74, AntiFragility: 9}, IQ: 30]
160s ExecutionModule:Run(): Decision time => Seconds: 0, Miliseconds: 200
160s ExecutionModule:Run(): Handover time => Seconds: 0, Miliseconds: 31
160s ExecutionModule:Run(): Event: Vertical Handover.
160s DeviceModule:MoveRandom(): New position: (79, 71)
161s DeviceModule:MoveRandom(): New position: (80, 71)
162s DeviceModule:MoveRandom(): New position: (81, 71)
163s DeviceModule:MoveRandom(): New position: (80, 71)
164s DeviceModule:MoveRandom(): New position: (79, 71)
165s DeviceModule:MoveRandom(): New position: (80, 71)
166s DeviceModule:MoveRandom(): New position: (80, 70)
167s DeviceModule:MoveRandom(): New position: (79, 70)
168s DeviceModule:MoveRandom(): New position: (78, 70)
169s DeviceModule:MoveRandom(): New position: (78, 69)
170s DecisionModule:Run(): Run decision
170s DecisionModule:AnalyzingNetworks(): Current Network: 
       [Network #6, Technology = Wifi, Address = 02-06-00:00:00:00:00:08, { DataRate: 70, SignalStrength: 93, AntiFragility: 77}, IQ: 79]
170s DecisionModule:ShowAllNetworks(): All detected networks:
       [Network #6, Technology = Wifi, Address = 02-06-00:00:00:00:00:08, { DataRate: 70, SignalStrength: 93, AntiFragility: 77}, IQ: 79]
       [Network #7, Technology = Wifi, Address = 02-06-00:00:00:00:00:09, { DataRate: 39, SignalStrength: 18, AntiFragility: 98}, IQ: 63]
       [Network #5, Technology = Wifi, Address = 02-06-00:00:00:00:00:07, { DataRate: 84, SignalStrength: 46, AntiFragility: 48}, IQ: 56]
       [Network #3, Technology = Wifi, Address = 02-06-00:00:00:00:00:05, { DataRate: 65, SignalStrength: 43, AntiFragility: 56}, IQ: 55]
       [Network #9, Technology = Wimax, Address = 02-06-00:00:00:00:00:0c, { DataRate: 86, SignalStrength: 15, AntiFragility: 58}, IQ: 54]
       [Network #8, Technology = Wimax, Address = 02-06-00:00:00:00:00:0b, { DataRate: 23, SignalStrength: 67, AntiFragility: 60}, IQ: 52]
       [Network #2, Technology = Wifi, Address = 02-06-00:00:00:00:00:04, { DataRate: 13, SignalStrength: 22, AntiFragility: 82}, IQ: 49]
       [Network #4, Technology = Wifi, Address = 02-06-00:00:00:00:00:06, { DataRate: 30, SignalStrength: 71, AntiFragility: 43}, IQ: 46]
       [Network #0, Technology = Wifi, Address = 02-06-00:00:00:00:00:02, { DataRate: 43, SignalStrength: 75, AntiFragility: 24}, IQ: 41]
       [Network #1, Technology = Wifi, Address = 02-06-00:00:00:00:00:03, { DataRate: 39, SignalStrength: 89, AntiFragility: 4}, IQ: 34]
170s ExecutionModule:Run(): Decision time => Seconds: 0, Miliseconds: 218
170s ExecutionModule:Run(): Handover time => Seconds: 0, Miliseconds: 31
170s ExecutionModule:Run(): Event: Vertical Handover.
170s DeviceModule:MoveRandom(): New position: (77, 69)
171s DeviceModule:MoveRandom(): New position: (77, 70)
172s DeviceModule:MoveRandom(): New position: (77, 71)
173s DeviceModule:MoveRandom(): New position: (77, 72)
174s DeviceModule:MoveRandom(): New position: (78, 72)
175s DeviceModule:MoveRandom(): New position: (78, 73)
176s DeviceModule:MoveRandom(): New position: (79, 73)
177s DeviceModule:MoveRandom(): New position: (79, 72)
178s DeviceModule:MoveRandom(): New position: (79, 71)
179s DeviceModule:MoveRandom(): New position: (78, 71)
180s DecisionModule:Run(): Run decision
180s DecisionModule:AnalyzingNetworks(): Current Network: 
       [Network #5, Technology = Wifi, Address = 02-06-00:00:00:00:00:07, { DataRate: 44, SignalStrength: 91, AntiFragility: 59}, IQ: 63]
180s DecisionModule:ShowAllNetworks(): All detected networks:
       [Network #5, Technology = Wifi, Address = 02-06-00:00:00:00:00:07, { DataRate: 44, SignalStrength: 91, AntiFragility: 59}, IQ: 63]
       [Network #4, Technology = Wifi, Address = 02-06-00:00:00:00:00:06, { DataRate: 37, SignalStrength: 40, AntiFragility: 81}, IQ: 59]
       [Network #9, Technology = Wimax, Address = 02-06-00:00:00:00:00:0c, { DataRate: 5, SignalStrength: 29, AntiFragility: 97}, IQ: 57]
       [Network #0, Technology = Wifi, Address = 02-06-00:00:00:00:00:02, { DataRate: 82, SignalStrength: 67, AntiFragility: 41}, IQ: 57]
       [Network #6, Technology = Wifi, Address = 02-06-00:00:00:00:00:08, { DataRate: 58, SignalStrength: 97, AntiFragility: 15}, IQ: 46]
       [Network #3, Technology = Wifi, Address = 02-06-00:00:00:00:00:05, { DataRate: 49, SignalStrength: 23, AntiFragility: 55}, IQ: 45]
       [Network #8, Technology = Wimax, Address = 02-06-00:00:00:00:00:0b, { DataRate: 26, SignalStrength: 26, AntiFragility: 44}, IQ: 35]
       [Network #2, Technology = Wifi, Address = 02-06-00:00:00:00:00:04, { DataRate: 32, SignalStrength: 47, AntiFragility: 19}, IQ: 29]
       [Network #7, Technology = Wifi, Address = 02-06-00:00:00:00:00:09, { DataRate: 43, SignalStrength: 9, AntiFragility: 29}, IQ: 27]
       [Network #1, Technology = Wifi, Address = 02-06-00:00:00:00:00:03, { DataRate: 4, SignalStrength: 19, AntiFragility: 26}, IQ: 18]
180s ExecutionModule:Run(): Decision time => Seconds: 0, Miliseconds: 202
180s ExecutionModule:Run(): Handover time => Seconds: 0, Miliseconds: 120
180s ExecutionModule:Run(): Event: Horizontal Handover.
180s DeviceModule:MoveRandom(): New position: (77, 71)
181s DeviceModule:MoveRandom(): New position: (78, 71)
182s DeviceModule:MoveRandom(): New position: (78, 70)
183s DeviceModule:MoveRandom(): New position: (78, 71)
184s DeviceModule:MoveRandom(): New position: (77, 71)
185s DeviceModule:MoveRandom(): New position: (77, 72)
186s DeviceModule:MoveRandom(): New position: (77, 73)
187s DeviceModule:MoveRandom(): New position: (78, 73)
188s DeviceModule:MoveRandom(): New position: (79, 73)
189s DeviceModule:MoveRandom(): New position: (80, 73)
190s DecisionModule:Run(): Run decision
190s DecisionModule:AnalyzingNetworks(): Current Network: 
       [Network #5, Technology = Wifi, Address = 02-06-00:00:00:00:00:07, { DataRate: 66, SignalStrength: 52, AntiFragility: 91}, IQ: 75]
190s DecisionModule:ShowAllNetworks(): All detected networks:
       [Network #5, Technology = Wifi, Address = 02-06-00:00:00:00:00:07, { DataRate: 66, SignalStrength: 52, AntiFragility: 91}, IQ: 75]
       [Network #4, Technology = Wifi, Address = 02-06-00:00:00:00:00:06, { DataRate: 81, SignalStrength: 93, AntiFragility: 57}, IQ: 72]
       [Network #0, Technology = Wifi, Address = 02-06-00:00:00:00:00:02, { DataRate: 66, SignalStrength: 30, AntiFragility: 94}, IQ: 71]
       [Network #2, Technology = Wifi, Address = 02-06-00:00:00:00:00:04, { DataRate: 67, SignalStrength: 89, AntiFragility: 63}, IQ: 70]
       [Network #6, Technology = Wifi, Address = 02-06-00:00:00:00:00:08, { DataRate: 51, SignalStrength: 58, AntiFragility: 83}, IQ: 68]
       [Network #8, Technology = Wimax, Address = 02-06-00:00:00:00:00:0b, { DataRate: 58, SignalStrength: 88, AntiFragility: 60}, IQ: 66]
       [Network #3, Technology = Wifi, Address = 02-06-00:00:00:00:00:05, { DataRate: 46, SignalStrength: 48, AntiFragility: 67}, IQ: 57]
       [Network #1, Technology = Wifi, Address = 02-06-00:00:00:00:00:03, { DataRate: 15, SignalStrength: 68, AntiFragility: 70}, IQ: 55]
       [Network #9, Technology = Wimax, Address = 02-06-00:00:00:00:00:0c, { DataRate: 84, SignalStrength: 64, AntiFragility: 31}, IQ: 52]
       [Network #7, Technology = Wifi, Address = 02-06-00:00:00:00:00:09, { DataRate: 48, SignalStrength: 64, AntiFragility: 46}, IQ: 51]
190s DeviceModule:MoveRandom(): New position: (79, 73)
191s DeviceModule:MoveRandom(): New position: (79, 74)
192s DeviceModule:MoveRandom(): New position: (79, 73)
193s DeviceModule:MoveRandom(): New position: (79, 74)
194s DeviceModule:MoveRandom(): New position: (80, 74)
195s DeviceModule:MoveRandom(): New position: (79, 74)
196s DeviceModule:MoveRandom(): New position: (79, 73)
197s DeviceModule:MoveRandom(): New position: (78, 73)
198s DeviceModule:MoveRandom(): New position: (79, 73)
199s DeviceModule:MoveRandom(): New position: (80, 73)
