Waf: Entering directory `/home/renan/Documents/NR2/ns-allinone-3.20/ns-3.20/build'
Waf: Leaving directory `/home/renan/Documents/NR2/ns-allinone-3.20/ns-3.20/build'
'build' finished successfully (1.943s)
0s NetworkModule:SetPosition(): Network 0 set position => (50, 147)
0s NetworkModule:SetRange(): Network 0 set range => 100
0s NetworkModule:SetPosition(): Network 1 set position => (51, 110)
0s NetworkModule:SetRange(): Network 1 set range => 100
0s NetworkModule:SetPosition(): Network 2 set position => (131, 32)
0s NetworkModule:SetRange(): Network 2 set range => 100
0s NetworkModule:SetPosition(): Network 3 set position => (103, 29)
0s NetworkModule:SetRange(): Network 3 set range => 100
0s NetworkModule:SetPosition(): Network 4 set position => (50, 143)
0s NetworkModule:SetRange(): Network 4 set range => 100
0s NetworkModule:SetPosition(): Network 5 set position => (100, 20)
0s NetworkModule:SetRange(): Network 5 set range => 100
0s NetworkModule:SetPosition(): Network 6 set position => (26, 102)
0s NetworkModule:SetRange(): Network 6 set range => 100
0s NetworkModule:SetPosition(): Network 7 set position => (121, 45)
0s NetworkModule:SetRange(): Network 7 set range => 100
0s NetworkModule:SetPosition(): Network 8 set position => (28, 40)
0s NetworkModule:SetRange(): Network 8 set range => 100
0s NetworkModule:SetPosition(): Network 9 set position => (16, 89)
0s NetworkModule:SetRange(): Network 9 set range => 100
0s DeviceModule:ConfigureMobility(): Device [init x = 75, init y = 75, max = 150, velocity = 1]
1s DeviceModule:MoveRandom(): New position: (75, 76)
1s DecisionModule:AddNetworkToList(): Network detected
1s DecisionModule:AddNetworkToList(): Network detected
1s DecisionModule:AddNetworkToList(): Network detected
1s DecisionModule:AddNetworkToList(): Network detected
1s DecisionModule:AddNetworkToList(): Network detected
1s DecisionModule:AddNetworkToList(): Network detected
1s DecisionModule:AddNetworkToList(): Network detected
1s DecisionModule:AddNetworkToList(): Network detected
1s DecisionModule:AddNetworkToList(): Network detected
1s DecisionModule:AddNetworkToList(): Network detected
2s DeviceModule:MoveRandom(): New position: (75, 75)
3s DeviceModule:MoveRandom(): New position: (74, 75)
4s DeviceModule:MoveRandom(): New position: (75, 75)
5s DeviceModule:MoveRandom(): New position: (75, 74)
6s DeviceModule:MoveRandom(): New position: (75, 75)
7s DeviceModule:MoveRandom(): New position: (75, 74)
8s DeviceModule:MoveRandom(): New position: (76, 74)
9s DeviceModule:MoveRandom(): New position: (76, 73)
10s DecisionModule:Run(): Run decision
10s DecisionModule:AnalyzingNetworks(): Current Network: 
       [Network #6, Technology = Wifi, Address = 02-06-00:00:00:00:00:08, { DataRate: 76, SignalStrength: 60, AntiFragility: 98}, IQ: 83]
10s DecisionModule:ShowAllNetworks(): All detected networks:
       [Network #6, Technology = Wifi, Address = 02-06-00:00:00:00:00:08, { DataRate: 76, SignalStrength: 60, AntiFragility: 98}, IQ: 83]
       [Network #3, Technology = Wifi, Address = 02-06-00:00:00:00:00:05, { DataRate: 40, SignalStrength: 60, AntiFragility: 90}, IQ: 70]
       [Network #0, Technology = Wifi, Address = 02-06-00:00:00:00:00:02, { DataRate: 87, SignalStrength: 56, AntiFragility: 53}, IQ: 62]
       [Network #4, Technology = Wifi, Address = 02-06-00:00:00:00:00:06, { DataRate: 13, SignalStrength: 91, AntiFragility: 71}, IQ: 61]
       [Network #1, Technology = Wifi, Address = 02-06-00:00:00:00:00:03, { DataRate: 22, SignalStrength: 58, AntiFragility: 43}, IQ: 41]
       [Network #9, Technology = Wimax, Address = 02-06-00:00:00:00:00:0c, { DataRate: 74, SignalStrength: 40, AntiFragility: 19}, IQ: 38]
       [Network #2, Technology = Wifi, Address = 02-06-00:00:00:00:00:04, { DataRate: 14, SignalStrength: 80, AntiFragility: 17}, IQ: 32]
       [Network #7, Technology = Wifi, Address = 02-06-00:00:00:00:00:09, { DataRate: 30, SignalStrength: 5, AntiFragility: 46}, IQ: 31]
       [Network #8, Technology = Wimax, Address = 02-06-00:00:00:00:00:0b, { DataRate: 99, SignalStrength: 10, AntiFragility: 5}, IQ: 29]
       [Network #5, Technology = Wifi, Address = 02-06-00:00:00:00:00:07, { DataRate: 10, SignalStrength: 9, AntiFragility: 22}, IQ: 15]
10s DeviceModule:MoveRandom(): New position: (76, 72)
11s DeviceModule:MoveRandom(): New position: (76, 71)
12s DeviceModule:MoveRandom(): New position: (75, 71)
13s DeviceModule:MoveRandom(): New position: (76, 71)
14s DeviceModule:MoveRandom(): New position: (76, 72)
15s DeviceModule:MoveRandom(): New position: (75, 72)
16s DeviceModule:MoveRandom(): New position: (76, 72)
17s DeviceModule:MoveRandom(): New position: (76, 71)
18s DeviceModule:MoveRandom(): New position: (75, 71)
19s DeviceModule:MoveRandom(): New position: (75, 70)
20s DecisionModule:Run(): Run decision
20s DecisionModule:AnalyzingNetworks(): Current Network: 
       [Network #7, Technology = Wifi, Address = 02-06-00:00:00:00:00:09, { DataRate: 62, SignalStrength: 86, AntiFragility: 86}, IQ: 80]
20s DecisionModule:ShowAllNetworks(): All detected networks:
       [Network #7, Technology = Wifi, Address = 02-06-00:00:00:00:00:09, { DataRate: 62, SignalStrength: 86, AntiFragility: 86}, IQ: 80]
       [Network #0, Technology = Wifi, Address = 02-06-00:00:00:00:00:02, { DataRate: 48, SignalStrength: 50, AntiFragility: 99}, IQ: 74]
       [Network #1, Technology = Wifi, Address = 02-06-00:00:00:00:00:03, { DataRate: 97, SignalStrength: 19, AntiFragility: 74}, IQ: 66]
       [Network #5, Technology = Wifi, Address = 02-06-00:00:00:00:00:07, { DataRate: 75, SignalStrength: 75, AntiFragility: 54}, IQ: 64]
       [Network #2, Technology = Wifi, Address = 02-06-00:00:00:00:00:04, { DataRate: 38, SignalStrength: 26, AntiFragility: 76}, IQ: 54]
       [Network #4, Technology = Wifi, Address = 02-06-00:00:00:00:00:06, { DataRate: 33, SignalStrength: 94, AntiFragility: 25}, IQ: 44]
       [Network #6, Technology = Wifi, Address = 02-06-00:00:00:00:00:08, { DataRate: 28, SignalStrength: 28, AntiFragility: 59}, IQ: 43]
       [Network #9, Technology = Wimax, Address = 02-06-00:00:00:00:00:0c, { DataRate: 2, SignalStrength: 24, AntiFragility: 62}, IQ: 37]
       [Network #8, Technology = Wimax, Address = 02-06-00:00:00:00:00:0b, { DataRate: 7, SignalStrength: 79, AntiFragility: 14}, IQ: 28]
       [Network #3, Technology = Wifi, Address = 02-06-00:00:00:00:00:05, { DataRate: 29, SignalStrength: 42, AntiFragility: 7}, IQ: 21]
20s ExecutionModule:Run(): Decision time => Seconds: 0, Miliseconds: 359
20s ExecutionModule:Run(): Handover time => Seconds: 0, Miliseconds: 228
20s ExecutionModule:Run(): Event: Horizontal Handover.
20s DeviceModule:MoveRandom(): New position: (75, 69)
21s DeviceModule:MoveRandom(): New position: (76, 69)
22s DeviceModule:MoveRandom(): New position: (77, 69)
23s DeviceModule:MoveRandom(): New position: (78, 69)
24s DeviceModule:MoveRandom(): New position: (78, 68)
25s DeviceModule:MoveRandom(): New position: (79, 68)
26s DeviceModule:MoveRandom(): New position: (79, 69)
27s DeviceModule:MoveRandom(): New position: (80, 69)
28s DeviceModule:MoveRandom(): New position: (79, 69)
29s DeviceModule:MoveRandom(): New position: (79, 70)
30s DecisionModule:Run(): Run decision
30s DecisionModule:AnalyzingNetworks(): Current Network: 
       [Network #4, Technology = Wifi, Address = 02-06-00:00:00:00:00:06, { DataRate: 61, SignalStrength: 28, AntiFragility: 97}, IQ: 70]
30s DecisionModule:ShowAllNetworks(): All detected networks:
       [Network #4, Technology = Wifi, Address = 02-06-00:00:00:00:00:06, { DataRate: 61, SignalStrength: 28, AntiFragility: 97}, IQ: 70]
       [Network #8, Technology = Wimax, Address = 02-06-00:00:00:00:00:0b, { DataRate: 87, SignalStrength: 94, AntiFragility: 47}, IQ: 68]
       [Network #7, Technology = Wifi, Address = 02-06-00:00:00:00:00:09, { DataRate: 18, SignalStrength: 92, AntiFragility: 58}, IQ: 56]
       [Network #9, Technology = Wimax, Address = 02-06-00:00:00:00:00:0c, { DataRate: 68, SignalStrength: 58, AntiFragility: 38}, IQ: 50]
       [Network #3, Technology = Wifi, Address = 02-06-00:00:00:00:00:05, { DataRate: 38, SignalStrength: 47, AntiFragility: 38}, IQ: 40]
       [Network #0, Technology = Wifi, Address = 02-06-00:00:00:00:00:02, { DataRate: 42, SignalStrength: 19, AntiFragility: 47}, IQ: 38]
       [Network #5, Technology = Wifi, Address = 02-06-00:00:00:00:00:07, { DataRate: 58, SignalStrength: 21, AntiFragility: 29}, IQ: 34]
       [Network #1, Technology = Wifi, Address = 02-06-00:00:00:00:00:03, { DataRate: 40, SignalStrength: 18, AntiFragility: 20}, IQ: 24]
       [Network #2, Technology = Wifi, Address = 02-06-00:00:00:00:00:04, { DataRate: 9, SignalStrength: 40, AntiFragility: 11}, IQ: 17]
       [Network #6, Technology = Wifi, Address = 02-06-00:00:00:00:00:08, { DataRate: 32, SignalStrength: 6, AntiFragility: 2}, IQ: 10]
30s ExecutionModule:Run(): Decision time => Seconds: 0, Miliseconds: 241
30s ExecutionModule:Run(): Handover time => Seconds: 0, Miliseconds: 330
30s ExecutionModule:Run(): Event: Horizontal Handover.
30s DeviceModule:MoveRandom(): New position: (79, 71)
31s DeviceModule:MoveRandom(): New position: (80, 71)
32s DeviceModule:MoveRandom(): New position: (80, 70)
33s DeviceModule:MoveRandom(): New position: (79, 70)
34s DeviceModule:MoveRandom(): New position: (78, 70)
35s DeviceModule:MoveRandom(): New position: (77, 70)
36s DeviceModule:MoveRandom(): New position: (78, 70)
37s DeviceModule:MoveRandom(): New position: (78, 69)
38s DeviceModule:MoveRandom(): New position: (79, 69)
39s DeviceModule:MoveRandom(): New position: (79, 68)
40s DecisionModule:Run(): Run decision
40s DecisionModule:AnalyzingNetworks(): Current Network: 
       [Network #7, Technology = Wifi, Address = 02-06-00:00:00:00:00:09, { DataRate: 28, SignalStrength: 32, AntiFragility: 93}, IQ: 61]
40s DecisionModule:ShowAllNetworks(): All detected networks:
       [Network #7, Technology = Wifi, Address = 02-06-00:00:00:00:00:09, { DataRate: 28, SignalStrength: 32, AntiFragility: 93}, IQ: 61]
       [Network #9, Technology = Wimax, Address = 02-06-00:00:00:00:00:0c, { DataRate: 59, SignalStrength: 20, AntiFragility: 73}, IQ: 56]
       [Network #3, Technology = Wifi, Address = 02-06-00:00:00:00:00:05, { DataRate: 83, SignalStrength: 8, AntiFragility: 55}, IQ: 50]
       [Network #4, Technology = Wifi, Address = 02-06-00:00:00:00:00:06, { DataRate: 63, SignalStrength: 35, AntiFragility: 49}, IQ: 49]
       [Network #0, Technology = Wifi, Address = 02-06-00:00:00:00:00:02, { DataRate: 63, SignalStrength: 74, AntiFragility: 22}, IQ: 45]
       [Network #8, Technology = Wimax, Address = 02-06-00:00:00:00:00:0b, { DataRate: 34, SignalStrength: 93, AntiFragility: 23}, IQ: 43]
       [Network #2, Technology = Wifi, Address = 02-06-00:00:00:00:00:04, { DataRate: 10, SignalStrength: 99, AntiFragility: 33}, IQ: 43]
       [Network #1, Technology = Wifi, Address = 02-06-00:00:00:00:00:03, { DataRate: 51, SignalStrength: 45, AntiFragility: 33}, IQ: 40]
       [Network #5, Technology = Wifi, Address = 02-06-00:00:00:00:00:07, { DataRate: 35, SignalStrength: 44, AntiFragility: 36}, IQ: 37]
       [Network #6, Technology = Wifi, Address = 02-06-00:00:00:00:00:08, { DataRate: 12, SignalStrength: 4, AntiFragility: 32}, IQ: 20]
40s ExecutionModule:Run(): Decision time => Seconds: 0, Miliseconds: 204
40s ExecutionModule:Run(): Handover time => Seconds: 0, Miliseconds: 121
40s ExecutionModule:Run(): Event: Horizontal Handover.
40s DeviceModule:MoveRandom(): New position: (80, 68)
41s DeviceModule:MoveRandom(): New position: (80, 69)
42s DeviceModule:MoveRandom(): New position: (79, 69)
43s DeviceModule:MoveRandom(): New position: (80, 69)
44s DeviceModule:MoveRandom(): New position: (79, 69)
45s DeviceModule:MoveRandom(): New position: (78, 69)
46s DeviceModule:MoveRandom(): New position: (77, 69)
47s DeviceModule:MoveRandom(): New position: (77, 70)
48s DeviceModule:MoveRandom(): New position: (78, 70)
49s DeviceModule:MoveRandom(): New position: (78, 69)
50s DecisionModule:Run(): Run decision
50s DecisionModule:AnalyzingNetworks(): Current Network: 
       [Network #0, Technology = Wifi, Address = 02-06-00:00:00:00:00:02, { DataRate: 78, SignalStrength: 39, AntiFragility: 91}, IQ: 74]
50s DecisionModule:ShowAllNetworks(): All detected networks:
       [Network #0, Technology = Wifi, Address = 02-06-00:00:00:00:00:02, { DataRate: 78, SignalStrength: 39, AntiFragility: 91}, IQ: 74]
       [Network #2, Technology = Wifi, Address = 02-06-00:00:00:00:00:04, { DataRate: 80, SignalStrength: 77, AntiFragility: 57}, IQ: 67]
       [Network #7, Technology = Wifi, Address = 02-06-00:00:00:00:00:09, { DataRate: 86, SignalStrength: 5, AntiFragility: 88}, IQ: 66]
       [Network #4, Technology = Wifi, Address = 02-06-00:00:00:00:00:06, { DataRate: 53, SignalStrength: 66, AntiFragility: 65}, IQ: 62]
       [Network #5, Technology = Wifi, Address = 02-06-00:00:00:00:00:07, { DataRate: 67, SignalStrength: 54, AntiFragility: 43}, IQ: 51]
       [Network #3, Technology = Wifi, Address = 02-06-00:00:00:00:00:05, { DataRate: 38, SignalStrength: 75, AntiFragility: 36}, IQ: 46]
       [Network #9, Technology = Wimax, Address = 02-06-00:00:00:00:00:0c, { DataRate: 68, SignalStrength: 41, AntiFragility: 35}, IQ: 44]
       [Network #6, Technology = Wifi, Address = 02-06-00:00:00:00:00:08, { DataRate: 43, SignalStrength: 10, AntiFragility: 44}, IQ: 35]
       [Network #1, Technology = Wifi, Address = 02-06-00:00:00:00:00:03, { DataRate: 14, SignalStrength: 85, AntiFragility: 8}, IQ: 28]
       [Network #8, Technology = Wimax, Address = 02-06-00:00:00:00:00:0b, { DataRate: 15, SignalStrength: 6, AntiFragility: 7}, IQ: 8]
50s ExecutionModule:Run(): Decision time => Seconds: 0, Miliseconds: 223
50s ExecutionModule:Run(): Handover time => Seconds: 0, Miliseconds: 119
50s ExecutionModule:Run(): Event: Horizontal Handover.
50s DeviceModule:MoveRandom(): New position: (78, 70)
51s DeviceModule:MoveRandom(): New position: (78, 71)
52s DeviceModule:MoveRandom(): New position: (78, 72)
53s DeviceModule:MoveRandom(): New position: (78, 71)
54s DeviceModule:MoveRandom(): New position: (78, 72)
55s DeviceModule:MoveRandom(): New position: (79, 72)
56s DeviceModule:MoveRandom(): New position: (79, 73)
57s DeviceModule:MoveRandom(): New position: (79, 72)
58s DeviceModule:MoveRandom(): New position: (79, 73)
59s DeviceModule:MoveRandom(): New position: (80, 73)
60s DecisionModule:Run(): Run decision
60s DecisionModule:AnalyzingNetworks(): Current Network: 
       [Network #8, Technology = Wimax, Address = 02-06-00:00:00:00:00:0b, { DataRate: 36, SignalStrength: 82, AntiFragility: 95}, IQ: 77]
60s DecisionModule:ShowAllNetworks(): All detected networks:
       [Network #8, Technology = Wimax, Address = 02-06-00:00:00:00:00:0b, { DataRate: 36, SignalStrength: 82, AntiFragility: 95}, IQ: 77]
       [Network #2, Technology = Wifi, Address = 02-06-00:00:00:00:00:04, { DataRate: 93, SignalStrength: 69, AntiFragility: 68}, IQ: 74]
       [Network #1, Technology = Wifi, Address = 02-06-00:00:00:00:00:03, { DataRate: 87, SignalStrength: 60, AntiFragility: 50}, IQ: 61]
       [Network #7, Technology = Wifi, Address = 02-06-00:00:00:00:00:09, { DataRate: 6, SignalStrength: 51, AntiFragility: 88}, IQ: 58]
       [Network #4, Technology = Wifi, Address = 02-06-00:00:00:00:00:06, { DataRate: 59, SignalStrength: 13, AntiFragility: 62}, IQ: 49]
       [Network #5, Technology = Wifi, Address = 02-06-00:00:00:00:00:07, { DataRate: 55, SignalStrength: 53, AntiFragility: 28}, IQ: 41]
       [Network #6, Technology = Wifi, Address = 02-06-00:00:00:00:00:08, { DataRate: 9, SignalStrength: 37, AntiFragility: 51}, IQ: 37]
       [Network #9, Technology = Wimax, Address = 02-06-00:00:00:00:00:0c, { DataRate: 84, SignalStrength: 3, AntiFragility: 26}, IQ: 34]
       [Network #0, Technology = Wifi, Address = 02-06-00:00:00:00:00:02, { DataRate: 52, SignalStrength: 11, AntiFragility: 14}, IQ: 22]
       [Network #3, Technology = Wifi, Address = 02-06-00:00:00:00:00:05, { DataRate: 2, SignalStrength: 12, AntiFragility: 28}, IQ: 17]
60s ExecutionModule:Run(): Decision time => Seconds: 0, Miliseconds: 204
60s ExecutionModule:Run(): Handover time => Seconds: 0, Miliseconds: 44
60s ExecutionModule:Run(): Event: Vertical Handover.
60s DeviceModule:MoveRandom(): New position: (80, 74)
61s DeviceModule:MoveRandom(): New position: (79, 74)
62s DeviceModule:MoveRandom(): New position: (78, 74)
63s DeviceModule:MoveRandom(): New position: (79, 74)
64s DeviceModule:MoveRandom(): New position: (79, 73)
65s DeviceModule:MoveRandom(): New position: (80, 73)
66s DeviceModule:MoveRandom(): New position: (79, 73)
67s DeviceModule:MoveRandom(): New position: (80, 73)
68s DeviceModule:MoveRandom(): New position: (81, 73)
69s DeviceModule:MoveRandom(): New position: (80, 73)
70s DecisionModule:Run(): Run decision
70s DecisionModule:AnalyzingNetworks(): Current Network: 
       [Network #0, Technology = Wifi, Address = 02-06-00:00:00:00:00:02, { DataRate: 98, SignalStrength: 50, AntiFragility: 71}, IQ: 72]
70s DecisionModule:ShowAllNetworks(): All detected networks:
       [Network #0, Technology = Wifi, Address = 02-06-00:00:00:00:00:02, { DataRate: 98, SignalStrength: 50, AntiFragility: 71}, IQ: 72]
       [Network #1, Technology = Wifi, Address = 02-06-00:00:00:00:00:03, { DataRate: 41, SignalStrength: 46, AntiFragility: 87}, IQ: 65]
       [Network #6, Technology = Wifi, Address = 02-06-00:00:00:00:00:08, { DataRate: 70, SignalStrength: 96, AntiFragility: 31}, IQ: 57]
       [Network #4, Technology = Wifi, Address = 02-06-00:00:00:00:00:06, { DataRate: 63, SignalStrength: 38, AntiFragility: 62}, IQ: 56]
       [Network #2, Technology = Wifi, Address = 02-06-00:00:00:00:00:04, { DataRate: 16, SignalStrength: 76, AntiFragility: 62}, IQ: 54]
       [Network #5, Technology = Wifi, Address = 02-06-00:00:00:00:00:07, { DataRate: 72, SignalStrength: 36, AntiFragility: 51}, IQ: 52]
       [Network #7, Technology = Wifi, Address = 02-06-00:00:00:00:00:09, { DataRate: 28, SignalStrength: 88, AntiFragility: 32}, IQ: 45]
       [Network #8, Technology = Wimax, Address = 02-06-00:00:00:00:00:0b, { DataRate: 64, SignalStrength: 76, AntiFragility: 16}, IQ: 43]
       [Network #3, Technology = Wifi, Address = 02-06-00:00:00:00:00:05, { DataRate: 60, SignalStrength: 16, AntiFragility: 39}, IQ: 38]
       [Network #9, Technology = Wimax, Address = 02-06-00:00:00:00:00:0c, { DataRate: 70, SignalStrength: 29, AntiFragility: 5}, IQ: 27]
70s ExecutionModule:Run(): Decision time => Seconds: 0, Miliseconds: 208
70s ExecutionModule:Run(): Handover time => Seconds: 0, Miliseconds: 31
70s ExecutionModule:Run(): Event: Vertical Handover.
70s DeviceModule:MoveRandom(): New position: (81, 73)
71s DeviceModule:MoveRandom(): New position: (81, 72)
72s DeviceModule:MoveRandom(): New position: (81, 71)
73s DeviceModule:MoveRandom(): New position: (81, 72)
74s DeviceModule:MoveRandom(): New position: (80, 72)
75s DeviceModule:MoveRandom(): New position: (80, 71)
76s DeviceModule:MoveRandom(): New position: (80, 72)
77s DeviceModule:MoveRandom(): New position: (80, 71)
78s DeviceModule:MoveRandom(): New position: (79, 71)
79s DeviceModule:MoveRandom(): New position: (79, 70)
80s DecisionModule:Run(): Run decision
80s DecisionModule:AnalyzingNetworks(): Current Network: 
       [Network #7, Technology = Wifi, Address = 02-06-00:00:00:00:00:09, { DataRate: 39, SignalStrength: 91, AntiFragility: 99}, IQ: 82]
80s DecisionModule:ShowAllNetworks(): All detected networks:
       [Network #7, Technology = Wifi, Address = 02-06-00:00:00:00:00:09, { DataRate: 39, SignalStrength: 91, AntiFragility: 99}, IQ: 82]
       [Network #2, Technology = Wifi, Address = 02-06-00:00:00:00:00:04, { DataRate: 71, SignalStrength: 70, AntiFragility: 92}, IQ: 81]
       [Network #9, Technology = Wimax, Address = 02-06-00:00:00:00:00:0c, { DataRate: 90, SignalStrength: 29, AntiFragility: 92}, IQ: 75]
       [Network #5, Technology = Wifi, Address = 02-06-00:00:00:00:00:07, { DataRate: 78, SignalStrength: 2, AntiFragility: 69}, IQ: 54]
       [Network #1, Technology = Wifi, Address = 02-06-00:00:00:00:00:03, { DataRate: 72, SignalStrength: 12, AntiFragility: 63}, IQ: 52]
       [Network #0, Technology = Wifi, Address = 02-06-00:00:00:00:00:02, { DataRate: 32, SignalStrength: 24, AntiFragility: 70}, IQ: 49]
       [Network #4, Technology = Wifi, Address = 02-06-00:00:00:00:00:06, { DataRate: 72, SignalStrength: 27, AntiFragility: 35}, IQ: 42]
       [Network #8, Technology = Wimax, Address = 02-06-00:00:00:00:00:0b, { DataRate: 42, SignalStrength: 68, AntiFragility: 13}, IQ: 34]
       [Network #6, Technology = Wifi, Address = 02-06-00:00:00:00:00:08, { DataRate: 46, SignalStrength: 21, AntiFragility: 29}, IQ: 31]
       [Network #3, Technology = Wifi, Address = 02-06-00:00:00:00:00:05, { DataRate: 70, SignalStrength: 13, AntiFragility: 10}, IQ: 25]
80s ExecutionModule:Run(): Decision time => Seconds: 0, Miliseconds: 225
80s ExecutionModule:Run(): Handover time => Seconds: 0, Miliseconds: 123
80s ExecutionModule:Run(): Event: Horizontal Handover.
80s DeviceModule:MoveRandom(): New position: (79, 69)
81s DeviceModule:MoveRandom(): New position: (78, 69)
82s DeviceModule:MoveRandom(): New position: (78, 68)
83s DeviceModule:MoveRandom(): New position: (78, 69)
84s DeviceModule:MoveRandom(): New position: (79, 69)
85s DeviceModule:MoveRandom(): New position: (80, 69)
86s DeviceModule:MoveRandom(): New position: (80, 70)
87s DeviceModule:MoveRandom(): New position: (80, 71)
88s DeviceModule:MoveRandom(): New position: (80, 72)
89s DeviceModule:MoveRandom(): New position: (81, 72)
90s DecisionModule:Run(): Run decision
90s DecisionModule:AnalyzingNetworks(): Current Network: 
       [Network #8, Technology = Wimax, Address = 02-06-00:00:00:00:00:0b, { DataRate: 61, SignalStrength: 75, AntiFragility: 85}, IQ: 76]
90s DecisionModule:ShowAllNetworks(): All detected networks:
       [Network #8, Technology = Wimax, Address = 02-06-00:00:00:00:00:0b, { DataRate: 61, SignalStrength: 75, AntiFragility: 85}, IQ: 76]
       [Network #6, Technology = Wifi, Address = 02-06-00:00:00:00:00:08, { DataRate: 63, SignalStrength: 47, AntiFragility: 87}, IQ: 71]
       [Network #0, Technology = Wifi, Address = 02-06-00:00:00:00:00:02, { DataRate: 16, SignalStrength: 85, AntiFragility: 85}, IQ: 67]
       [Network #2, Technology = Wifi, Address = 02-06-00:00:00:00:00:04, { DataRate: 87, SignalStrength: 11, AntiFragility: 82}, IQ: 65]
       [Network #4, Technology = Wifi, Address = 02-06-00:00:00:00:00:06, { DataRate: 38, SignalStrength: 58, AntiFragility: 76}, IQ: 62]
       [Network #3, Technology = Wifi, Address = 02-06-00:00:00:00:00:05, { DataRate: 40, SignalStrength: 83, AntiFragility: 23}, IQ: 42]
       [Network #1, Technology = Wifi, Address = 02-06-00:00:00:00:00:03, { DataRate: 14, SignalStrength: 12, AntiFragility: 54}, IQ: 33]
       [Network #5, Technology = Wifi, Address = 02-06-00:00:00:00:00:07, { DataRate: 41, SignalStrength: 38, AntiFragility: 24}, IQ: 31]
       [Network #7, Technology = Wifi, Address = 02-06-00:00:00:00:00:09, { DataRate: 53, SignalStrength: 23, AntiFragility: 19}, IQ: 28]
       [Network #9, Technology = Wimax, Address = 02-06-00:00:00:00:00:0c, { DataRate: 67, SignalStrength: 2, AntiFragility: 14}, IQ: 24]
90s ExecutionModule:Run(): Decision time => Seconds: 0, Miliseconds: 211
90s ExecutionModule:Run(): Handover time => Seconds: 0, Miliseconds: 32
90s ExecutionModule:Run(): Event: Vertical Handover.
90s DeviceModule:MoveRandom(): New position: (81, 71)
91s DeviceModule:MoveRandom(): New position: (81, 72)
92s DeviceModule:MoveRandom(): New position: (82, 72)
93s DeviceModule:MoveRandom(): New position: (81, 72)
94s DeviceModule:MoveRandom(): New position: (81, 71)
95s DeviceModule:MoveRandom(): New position: (81, 72)
96s DeviceModule:MoveRandom(): New position: (80, 72)
97s DeviceModule:MoveRandom(): New position: (81, 72)
98s DeviceModule:MoveRandom(): New position: (82, 72)
99s DeviceModule:MoveRandom(): New position: (82, 73)
100s DecisionModule:Run(): Run decision
100s DecisionModule:AnalyzingNetworks(): Current Network: 
       [Network #0, Technology = Wifi, Address = 02-06-00:00:00:00:00:02, { DataRate: 58, SignalStrength: 90, AntiFragility: 78}, IQ: 76]
100s DecisionModule:ShowAllNetworks(): All detected networks:
       [Network #0, Technology = Wifi, Address = 02-06-00:00:00:00:00:02, { DataRate: 58, SignalStrength: 90, AntiFragility: 78}, IQ: 76]
       [Network #2, Technology = Wifi, Address = 02-06-00:00:00:00:00:04, { DataRate: 72, SignalStrength: 61, AntiFragility: 74}, IQ: 70]
       [Network #3, Technology = Wifi, Address = 02-06-00:00:00:00:00:05, { DataRate: 64, SignalStrength: 75, AntiFragility: 65}, IQ: 67]
       [Network #5, Technology = Wifi, Address = 02-06-00:00:00:00:00:07, { DataRate: 20, SignalStrength: 45, AntiFragility: 94}, IQ: 63]
       [Network #4, Technology = Wifi, Address = 02-06-00:00:00:00:00:06, { DataRate: 40, SignalStrength: 44, AntiFragility: 81}, IQ: 61]
       [Network #9, Technology = Wimax, Address = 02-06-00:00:00:00:00:0c, { DataRate: 38, SignalStrength: 25, AntiFragility: 83}, IQ: 57]
       [Network #6, Technology = Wifi, Address = 02-06-00:00:00:00:00:08, { DataRate: 30, SignalStrength: 65, AntiFragility: 39}, IQ: 43]
       [Network #8, Technology = Wimax, Address = 02-06-00:00:00:00:00:0b, { DataRate: 34, SignalStrength: 49, AntiFragility: 44}, IQ: 42]
       [Network #7, Technology = Wifi, Address = 02-06-00:00:00:00:00:09, { DataRate: 29, SignalStrength: 33, AntiFragility: 34}, IQ: 32]
       [Network #1, Technology = Wifi, Address = 02-06-00:00:00:00:00:03, { DataRate: 57, SignalStrength: 19, AntiFragility: 1}, IQ: 19]
100s ExecutionModule:Run(): Decision time => Seconds: 0, Miliseconds: 223
100s ExecutionModule:Run(): Handover time => Seconds: 0, Miliseconds: 31
100s ExecutionModule:Run(): Event: Vertical Handover.
100s DeviceModule:MoveRandom(): New position: (83, 73)
101s DeviceModule:MoveRandom(): New position: (83, 72)
102s DeviceModule:MoveRandom(): New position: (83, 73)
103s DeviceModule:MoveRandom(): New position: (83, 74)
104s DeviceModule:MoveRandom(): New position: (83, 75)
105s DeviceModule:MoveRandom(): New position: (82, 75)
106s DeviceModule:MoveRandom(): New position: (82, 74)
107s DeviceModule:MoveRandom(): New position: (81, 74)
108s DeviceModule:MoveRandom(): New position: (82, 74)
109s DeviceModule:MoveRandom(): New position: (81, 74)
110s DecisionModule:Run(): Run decision
110s DecisionModule:AnalyzingNetworks(): Current Network: 
       [Network #4, Technology = Wifi, Address = 02-06-00:00:00:00:00:06, { DataRate: 65, SignalStrength: 17, AntiFragility: 74}, IQ: 57]
110s DecisionModule:ShowAllNetworks(): All detected networks:
       [Network #4, Technology = Wifi, Address = 02-06-00:00:00:00:00:06, { DataRate: 65, SignalStrength: 17, AntiFragility: 74}, IQ: 57]
       [Network #7, Technology = Wifi, Address = 02-06-00:00:00:00:00:09, { DataRate: 42, SignalStrength: 79, AntiFragility: 42}, IQ: 51]
       [Network #0, Technology = Wifi, Address = 02-06-00:00:00:00:00:02, { DataRate: 92, SignalStrength: 87, AntiFragility: 12}, IQ: 50]
       [Network #8, Technology = Wimax, Address = 02-06-00:00:00:00:00:0b, { DataRate: 97, SignalStrength: 65, AntiFragility: 20}, IQ: 50]
       [Network #1, Technology = Wifi, Address = 02-06-00:00:00:00:00:03, { DataRate: 38, SignalStrength: 33, AntiFragility: 55}, IQ: 45]
       [Network #2, Technology = Wifi, Address = 02-06-00:00:00:00:00:04, { DataRate: 66, SignalStrength: 6, AntiFragility: 36}, IQ: 36]
       [Network #5, Technology = Wifi, Address = 02-06-00:00:00:00:00:07, { DataRate: 18, SignalStrength: 83, AntiFragility: 10}, IQ: 30]
       [Network #9, Technology = Wimax, Address = 02-06-00:00:00:00:00:0c, { DataRate: 24, SignalStrength: 32, AntiFragility: 31}, IQ: 29]
       [Network #6, Technology = Wifi, Address = 02-06-00:00:00:00:00:08, { DataRate: 12, SignalStrength: 16, AntiFragility: 41}, IQ: 27]
       [Network #3, Technology = Wifi, Address = 02-06-00:00:00:00:00:05, { DataRate: 46, SignalStrength: 25, AntiFragility: 2}, IQ: 18]
110s ExecutionModule:Run(): Decision time => Seconds: 0, Miliseconds: 204
110s ExecutionModule:Run(): Handover time => Seconds: 0, Miliseconds: 122
110s ExecutionModule:Run(): Event: Horizontal Handover.
110s DeviceModule:MoveRandom(): New position: (80, 74)
111s DeviceModule:MoveRandom(): New position: (79, 74)
112s DeviceModule:MoveRandom(): New position: (79, 73)
113s DeviceModule:MoveRandom(): New position: (79, 74)
114s DeviceModule:MoveRandom(): New position: (79, 73)
115s DeviceModule:MoveRandom(): New position: (79, 72)
116s DeviceModule:MoveRandom(): New position: (80, 72)
117s DeviceModule:MoveRandom(): New position: (81, 72)
118s DeviceModule:MoveRandom(): New position: (81, 73)
119s DeviceModule:MoveRandom(): New position: (81, 74)
120s DecisionModule:Run(): Run decision
120s DecisionModule:AnalyzingNetworks(): Current Network: 
       [Network #7, Technology = Wifi, Address = 02-06-00:00:00:00:00:09, { DataRate: 77, SignalStrength: 98, AntiFragility: 56}, IQ: 71]
120s DecisionModule:ShowAllNetworks(): All detected networks:
       [Network #7, Technology = Wifi, Address = 02-06-00:00:00:00:00:09, { DataRate: 77, SignalStrength: 98, AntiFragility: 56}, IQ: 71]
       [Network #9, Technology = Wimax, Address = 02-06-00:00:00:00:00:0c, { DataRate: 77, SignalStrength: 90, AntiFragility: 44}, IQ: 63]
       [Network #6, Technology = Wifi, Address = 02-06-00:00:00:00:00:08, { DataRate: 27, SignalStrength: 28, AntiFragility: 88}, IQ: 57]
       [Network #0, Technology = Wifi, Address = 02-06-00:00:00:00:00:02, { DataRate: 65, SignalStrength: 48, AntiFragility: 51}, IQ: 53]
       [Network #8, Technology = Wimax, Address = 02-06-00:00:00:00:00:0b, { DataRate: 16, SignalStrength: 63, AntiFragility: 61}, IQ: 50]
       [Network #4, Technology = Wifi, Address = 02-06-00:00:00:00:00:06, { DataRate: 43, SignalStrength: 97, AntiFragility: 17}, IQ: 43]
       [Network #2, Technology = Wifi, Address = 02-06-00:00:00:00:00:04, { DataRate: 1, SignalStrength: 5, AntiFragility: 77}, IQ: 40]
       [Network #3, Technology = Wifi, Address = 02-06-00:00:00:00:00:05, { DataRate: 86, SignalStrength: 11, AntiFragility: 22}, IQ: 35]
       [Network #1, Technology = Wifi, Address = 02-06-00:00:00:00:00:03, { DataRate: 57, SignalStrength: 73, AntiFragility: 3}, IQ: 34]
       [Network #5, Technology = Wifi, Address = 02-06-00:00:00:00:00:07, { DataRate: 26, SignalStrength: 17, AntiFragility: 31}, IQ: 26]
120s ExecutionModule:Run(): Decision time => Seconds: 0, Miliseconds: 205
120s ExecutionModule:Run(): Handover time => Seconds: 0, Miliseconds: 122
120s ExecutionModule:Run(): Event: Horizontal Handover.
120s DeviceModule:MoveRandom(): New position: (80, 74)
121s DeviceModule:MoveRandom(): New position: (79, 74)
122s DeviceModule:MoveRandom(): New position: (78, 74)
123s DeviceModule:MoveRandom(): New position: (77, 74)
124s DeviceModule:MoveRandom(): New position: (77, 73)
125s DeviceModule:MoveRandom(): New position: (78, 73)
126s DeviceModule:MoveRandom(): New position: (78, 74)
127s DeviceModule:MoveRandom(): New position: (79, 74)
128s DeviceModule:MoveRandom(): New position: (79, 73)
129s DeviceModule:MoveRandom(): New position: (79, 74)
130s DecisionModule:Run(): Run decision
130s DecisionModule:AnalyzingNetworks(): Current Network: 
       [Network #9, Technology = Wimax, Address = 02-06-00:00:00:00:00:0c, { DataRate: 87, SignalStrength: 38, AntiFragility: 90}, IQ: 76]
130s DecisionModule:ShowAllNetworks(): All detected networks:
       [Network #9, Technology = Wimax, Address = 02-06-00:00:00:00:00:0c, { DataRate: 87, SignalStrength: 38, AntiFragility: 90}, IQ: 76]
       [Network #1, Technology = Wifi, Address = 02-06-00:00:00:00:00:03, { DataRate: 9, SignalStrength: 84, AntiFragility: 84}, IQ: 65]
       [Network #3, Technology = Wifi, Address = 02-06-00:00:00:00:00:05, { DataRate: 84, SignalStrength: 96, AntiFragility: 37}, IQ: 63]
       [Network #6, Technology = Wifi, Address = 02-06-00:00:00:00:00:08, { DataRate: 15, SignalStrength: 91, AntiFragility: 42}, IQ: 47]
       [Network #2, Technology = Wifi, Address = 02-06-00:00:00:00:00:04, { DataRate: 82, SignalStrength: 32, AntiFragility: 26}, IQ: 41]
       [Network #0, Technology = Wifi, Address = 02-06-00:00:00:00:00:02, { DataRate: 51, SignalStrength: 72, AntiFragility: 16}, IQ: 38]
       [Network #5, Technology = Wifi, Address = 02-06-00:00:00:00:00:07, { DataRate: 20, SignalStrength: 89, AntiFragility: 18}, IQ: 36]
       [Network #4, Technology = Wifi, Address = 02-06-00:00:00:00:00:06, { DataRate: 18, SignalStrength: 73, AntiFragility: 3}, IQ: 24]
       [Network #8, Technology = Wimax, Address = 02-06-00:00:00:00:00:0b, { DataRate: 5, SignalStrength: 63, AntiFragility: 14}, IQ: 24]
       [Network #7, Technology = Wifi, Address = 02-06-00:00:00:00:00:09, { DataRate: 25, SignalStrength: 58, AntiFragility: 3}, IQ: 22]
130s ExecutionModule:Run(): Decision time => Seconds: 0, Miliseconds: 221
130s ExecutionModule:Run(): Handover time => Seconds: 0, Miliseconds: 32
130s ExecutionModule:Run(): Event: Vertical Handover.
130s DeviceModule:MoveRandom(): New position: (80, 74)
131s DeviceModule:MoveRandom(): New position: (79, 74)
132s DeviceModule:MoveRandom(): New position: (80, 74)
133s DeviceModule:MoveRandom(): New position: (80, 73)
134s DeviceModule:MoveRandom(): New position: (79, 73)
135s DeviceModule:MoveRandom(): New position: (80, 73)
136s DeviceModule:MoveRandom(): New position: (79, 73)
137s DeviceModule:MoveRandom(): New position: (79, 72)
138s DeviceModule:MoveRandom(): New position: (79, 71)
139s DeviceModule:MoveRandom(): New position: (79, 72)
140s DecisionModule:Run(): Run decision
140s DecisionModule:AnalyzingNetworks(): Current Network: 
       [Network #4, Technology = Wifi, Address = 02-06-00:00:00:00:00:06, { DataRate: 67, SignalStrength: 95, AntiFragility: 82}, IQ: 81]
140s DecisionModule:ShowAllNetworks(): All detected networks:
       [Network #4, Technology = Wifi, Address = 02-06-00:00:00:00:00:06, { DataRate: 67, SignalStrength: 95, AntiFragility: 82}, IQ: 81]
       [Network #8, Technology = Wimax, Address = 02-06-00:00:00:00:00:0b, { DataRate: 93, SignalStrength: 32, AntiFragility: 96}, IQ: 79]
       [Network #9, Technology = Wimax, Address = 02-06-00:00:00:00:00:0c, { DataRate: 55, SignalStrength: 46, AntiFragility: 91}, IQ: 70]
       [Network #5, Technology = Wifi, Address = 02-06-00:00:00:00:00:07, { DataRate: 23, SignalStrength: 99, AntiFragility: 78}, IQ: 69]
       [Network #3, Technology = Wifi, Address = 02-06-00:00:00:00:00:05, { DataRate: 97, SignalStrength: 6, AntiFragility: 79}, IQ: 65]
       [Network #7, Technology = Wifi, Address = 02-06-00:00:00:00:00:09, { DataRate: 8, SignalStrength: 21, AntiFragility: 84}, IQ: 49]
       [Network #2, Technology = Wifi, Address = 02-06-00:00:00:00:00:04, { DataRate: 48, SignalStrength: 41, AntiFragility: 53}, IQ: 48]
       [Network #6, Technology = Wifi, Address = 02-06-00:00:00:00:00:08, { DataRate: 35, SignalStrength: 16, AntiFragility: 57}, IQ: 41]
       [Network #1, Technology = Wifi, Address = 02-06-00:00:00:00:00:03, { DataRate: 16, SignalStrength: 58, AntiFragility: 41}, IQ: 39]
       [Network #0, Technology = Wifi, Address = 02-06-00:00:00:00:00:02, { DataRate: 8, SignalStrength: 95, AntiFragility: 11}, IQ: 31]
140s ExecutionModule:Run(): Decision time => Seconds: 0, Miliseconds: 207
140s ExecutionModule:Run(): Handover time => Seconds: 0, Miliseconds: 31
140s ExecutionModule:Run(): Event: Vertical Handover.
140s DeviceModule:MoveRandom(): New position: (78, 72)
141s DeviceModule:MoveRandom(): New position: (79, 72)
142s DeviceModule:MoveRandom(): New position: (79, 73)
143s DeviceModule:MoveRandom(): New position: (79, 74)
144s DeviceModule:MoveRandom(): New position: (78, 74)
145s DeviceModule:MoveRandom(): New position: (78, 73)
146s DeviceModule:MoveRandom(): New position: (78, 74)
147s DeviceModule:MoveRandom(): New position: (77, 74)
148s DeviceModule:MoveRandom(): New position: (78, 74)
149s DeviceModule:MoveRandom(): New position: (77, 74)
150s DecisionModule:Run(): Run decision
150s DecisionModule:AnalyzingNetworks(): Current Network: 
       [Network #6, Technology = Wifi, Address = 02-06-00:00:00:00:00:08, { DataRate: 33, SignalStrength: 65, AntiFragility: 97}, IQ: 73]
150s DecisionModule:ShowAllNetworks(): All detected networks:
       [Network #6, Technology = Wifi, Address = 02-06-00:00:00:00:00:08, { DataRate: 33, SignalStrength: 65, AntiFragility: 97}, IQ: 73]
       [Network #0, Technology = Wifi, Address = 02-06-00:00:00:00:00:02, { DataRate: 54, SignalStrength: 77, AntiFragility: 79}, IQ: 72]
       [Network #9, Technology = Wimax, Address = 02-06-00:00:00:00:00:0c, { DataRate: 16, SignalStrength: 52, AntiFragility: 97}, IQ: 65]
       [Network #7, Technology = Wifi, Address = 02-06-00:00:00:00:00:09, { DataRate: 49, SignalStrength: 73, AntiFragility: 54}, IQ: 57]
       [Network #8, Technology = Wimax, Address = 02-06-00:00:00:00:00:0b, { DataRate: 29, SignalStrength: 85, AntiFragility: 55}, IQ: 56]
       [Network #1, Technology = Wifi, Address = 02-06-00:00:00:00:00:03, { DataRate: 7, SignalStrength: 75, AntiFragility: 67}, IQ: 54]
       [Network #2, Technology = Wifi, Address = 02-06-00:00:00:00:00:04, { DataRate: 1, SignalStrength: 14, AntiFragility: 77}, IQ: 42]
       [Network #5, Technology = Wifi, Address = 02-06-00:00:00:00:00:07, { DataRate: 43, SignalStrength: 26, AntiFragility: 39}, IQ: 36]
       [Network #3, Technology = Wifi, Address = 02-06-00:00:00:00:00:05, { DataRate: 34, SignalStrength: 84, AntiFragility: 11}, IQ: 35]
       [Network #4, Technology = Wifi, Address = 02-06-00:00:00:00:00:06, { DataRate: 38, SignalStrength: 15, AntiFragility: 30}, IQ: 28]
150s ExecutionModule:Run(): Decision time => Seconds: 0, Miliseconds: 222
150s ExecutionModule:Run(): Handover time => Seconds: 0, Miliseconds: 128
150s ExecutionModule:Run(): Event: Horizontal Handover.
150s DeviceModule:MoveRandom(): New position: (77, 73)
151s DeviceModule:MoveRandom(): New position: (78, 73)
152s DeviceModule:MoveRandom(): New position: (78, 72)
153s DeviceModule:MoveRandom(): New position: (78, 73)
154s DeviceModule:MoveRandom(): New position: (77, 73)
155s DeviceModule:MoveRandom(): New position: (77, 74)
156s DeviceModule:MoveRandom(): New position: (76, 74)
157s DeviceModule:MoveRandom(): New position: (77, 74)
158s DeviceModule:MoveRandom(): New position: (76, 74)
159s DeviceModule:MoveRandom(): New position: (77, 74)
160s DecisionModule:Run(): Run decision
160s DecisionModule:AnalyzingNetworks(): Current Network: 
       [Network #1, Technology = Wifi, Address = 02-06-00:00:00:00:00:03, { DataRate: 86, SignalStrength: 54, AntiFragility: 84}, IQ: 77]
160s DecisionModule:ShowAllNetworks(): All detected networks:
       [Network #1, Technology = Wifi, Address = 02-06-00:00:00:00:00:03, { DataRate: 86, SignalStrength: 54, AntiFragility: 84}, IQ: 77]
       [Network #5, Technology = Wifi, Address = 02-06-00:00:00:00:00:07, { DataRate: 82, SignalStrength: 78, AntiFragility: 57}, IQ: 68]
       [Network #7, Technology = Wifi, Address = 02-06-00:00:00:00:00:09, { DataRate: 58, SignalStrength: 6, AntiFragility: 94}, IQ: 63]
       [Network #2, Technology = Wifi, Address = 02-06-00:00:00:00:00:04, { DataRate: 63, SignalStrength: 55, AntiFragility: 63}, IQ: 61]
       [Network #4, Technology = Wifi, Address = 02-06-00:00:00:00:00:06, { DataRate: 89, SignalStrength: 95, AntiFragility: 31}, IQ: 61]
       [Network #9, Technology = Wimax, Address = 02-06-00:00:00:00:00:0c, { DataRate: 47, SignalStrength: 60, AntiFragility: 61}, IQ: 57]
       [Network #0, Technology = Wifi, Address = 02-06-00:00:00:00:00:02, { DataRate: 14, SignalStrength: 77, AntiFragility: 67}, IQ: 56]
       [Network #3, Technology = Wifi, Address = 02-06-00:00:00:00:00:05, { DataRate: 96, SignalStrength: 3, AntiFragility: 45}, IQ: 47]
       [Network #6, Technology = Wifi, Address = 02-06-00:00:00:00:00:08, { DataRate: 93, SignalStrength: 7, AntiFragility: 27}, IQ: 38]
       [Network #8, Technology = Wimax, Address = 02-06-00:00:00:00:00:0b, { DataRate: 17, SignalStrength: 89, AntiFragility: 14}, IQ: 33]
160s ExecutionModule:Run(): Decision time => Seconds: 0, Miliseconds: 205
160s ExecutionModule:Run(): Handover time => Seconds: 0, Miliseconds: 121
160s ExecutionModule:Run(): Event: Horizontal Handover.
160s DeviceModule:MoveRandom(): New position: (77, 73)
161s DeviceModule:MoveRandom(): New position: (77, 72)
162s DeviceModule:MoveRandom(): New position: (76, 72)
163s DeviceModule:MoveRandom(): New position: (75, 72)
164s DeviceModule:MoveRandom(): New position: (76, 72)
165s DeviceModule:MoveRandom(): New position: (77, 72)
166s DeviceModule:MoveRandom(): New position: (76, 72)
167s DeviceModule:MoveRandom(): New position: (76, 73)
168s DeviceModule:MoveRandom(): New position: (76, 72)
169s DeviceModule:MoveRandom(): New position: (76, 71)
170s DecisionModule:Run(): Run decision
170s DecisionModule:AnalyzingNetworks(): Current Network: 
       [Network #7, Technology = Wifi, Address = 02-06-00:00:00:00:00:09, { DataRate: 93, SignalStrength: 77, AntiFragility: 94}, IQ: 89]
170s DecisionModule:ShowAllNetworks(): All detected networks:
       [Network #7, Technology = Wifi, Address = 02-06-00:00:00:00:00:09, { DataRate: 93, SignalStrength: 77, AntiFragility: 94}, IQ: 89]
       [Network #1, Technology = Wifi, Address = 02-06-00:00:00:00:00:03, { DataRate: 82, SignalStrength: 94, AntiFragility: 57}, IQ: 72]
       [Network #9, Technology = Wimax, Address = 02-06-00:00:00:00:00:0c, { DataRate: 30, SignalStrength: 42, AntiFragility: 71}, IQ: 53]
       [Network #3, Technology = Wifi, Address = 02-06-00:00:00:00:00:05, { DataRate: 85, SignalStrength: 43, AntiFragility: 34}, IQ: 49]
       [Network #2, Technology = Wifi, Address = 02-06-00:00:00:00:00:04, { DataRate: 49, SignalStrength: 31, AntiFragility: 48}, IQ: 44]
       [Network #0, Technology = Wifi, Address = 02-06-00:00:00:00:00:02, { DataRate: 80, SignalStrength: 67, AntiFragility: 14}, IQ: 43]
       [Network #8, Technology = Wimax, Address = 02-06-00:00:00:00:00:0b, { DataRate: 23, SignalStrength: 15, AntiFragility: 56}, IQ: 37]
       [Network #4, Technology = Wifi, Address = 02-06-00:00:00:00:00:06, { DataRate: 8, SignalStrength: 12, AntiFragility: 59}, IQ: 34]
       [Network #5, Technology = Wifi, Address = 02-06-00:00:00:00:00:07, { DataRate: 71, SignalStrength: 10, AntiFragility: 19}, IQ: 29]
       [Network #6, Technology = Wifi, Address = 02-06-00:00:00:00:00:08, { DataRate: 3, SignalStrength: 2, AntiFragility: 13}, IQ: 7]
170s ExecutionModule:Run(): Decision time => Seconds: 0, Miliseconds: 204
170s ExecutionModule:Run(): Handover time => Seconds: 0, Miliseconds: 121
170s ExecutionModule:Run(): Event: Horizontal Handover.
170s DeviceModule:MoveRandom(): New position: (77, 71)
171s DeviceModule:MoveRandom(): New position: (76, 71)
172s DeviceModule:MoveRandom(): New position: (76, 72)
173s DeviceModule:MoveRandom(): New position: (76, 71)
174s DeviceModule:MoveRandom(): New position: (75, 71)
175s DeviceModule:MoveRandom(): New position: (74, 71)
176s DeviceModule:MoveRandom(): New position: (75, 71)
177s DeviceModule:MoveRandom(): New position: (75, 70)
178s DeviceModule:MoveRandom(): New position: (76, 70)
179s DeviceModule:MoveRandom(): New position: (76, 69)
180s DecisionModule:Run(): Run decision
180s DecisionModule:AnalyzingNetworks(): Current Network: 
       [Network #1, Technology = Wifi, Address = 02-06-00:00:00:00:00:03, { DataRate: 20, SignalStrength: 88, AntiFragility: 92}, IQ: 73]
180s DecisionModule:ShowAllNetworks(): All detected networks:
       [Network #1, Technology = Wifi, Address = 02-06-00:00:00:00:00:03, { DataRate: 20, SignalStrength: 88, AntiFragility: 92}, IQ: 73]
       [Network #0, Technology = Wifi, Address = 02-06-00:00:00:00:00:02, { DataRate: 55, SignalStrength: 58, AntiFragility: 84}, IQ: 70]
       [Network #9, Technology = Wimax, Address = 02-06-00:00:00:00:00:0c, { DataRate: 38, SignalStrength: 52, AntiFragility: 87}, IQ: 66]
       [Network #3, Technology = Wifi, Address = 02-06-00:00:00:00:00:05, { DataRate: 49, SignalStrength: 39, AntiFragility: 89}, IQ: 66]
       [Network #2, Technology = Wifi, Address = 02-06-00:00:00:00:00:04, { DataRate: 9, SignalStrength: 79, AntiFragility: 66}, IQ: 55]
       [Network #7, Technology = Wifi, Address = 02-06-00:00:00:00:00:09, { DataRate: 48, SignalStrength: 11, AntiFragility: 76}, IQ: 52]
       [Network #6, Technology = Wifi, Address = 02-06-00:00:00:00:00:08, { DataRate: 3, SignalStrength: 83, AntiFragility: 46}, IQ: 44]
       [Network #4, Technology = Wifi, Address = 02-06-00:00:00:00:00:06, { DataRate: 36, SignalStrength: 38, AntiFragility: 41}, IQ: 39]
       [Network #8, Technology = Wimax, Address = 02-06-00:00:00:00:00:0b, { DataRate: 74, SignalStrength: 3, AntiFragility: 29}, IQ: 33]
       [Network #5, Technology = Wifi, Address = 02-06-00:00:00:00:00:07, { DataRate: 39, SignalStrength: 12, AntiFragility: 36}, IQ: 30]
180s ExecutionModule:Run(): Decision time => Seconds: 0, Miliseconds: 221
180s ExecutionModule:Run(): Handover time => Seconds: 0, Miliseconds: 124
180s ExecutionModule:Run(): Event: Horizontal Handover.
180s DeviceModule:MoveRandom(): New position: (76, 68)
181s DeviceModule:MoveRandom(): New position: (76, 69)
182s DeviceModule:MoveRandom(): New position: (76, 70)
183s DeviceModule:MoveRandom(): New position: (75, 70)
184s DeviceModule:MoveRandom(): New position: (76, 70)
185s DeviceModule:MoveRandom(): New position: (75, 70)
186s DeviceModule:MoveRandom(): New position: (75, 69)
187s DeviceModule:MoveRandom(): New position: (75, 68)
188s DeviceModule:MoveRandom(): New position: (76, 68)
189s DeviceModule:MoveRandom(): New position: (76, 67)
190s DecisionModule:Run(): Run decision
190s DecisionModule:AnalyzingNetworks(): Current Network: 
       [Network #2, Technology = Wifi, Address = 02-06-00:00:00:00:00:04, { DataRate: 36, SignalStrength: 95, AntiFragility: 94}, IQ: 79]
190s DecisionModule:ShowAllNetworks(): All detected networks:
       [Network #2, Technology = Wifi, Address = 02-06-00:00:00:00:00:04, { DataRate: 36, SignalStrength: 95, AntiFragility: 94}, IQ: 79]
       [Network #8, Technology = Wimax, Address = 02-06-00:00:00:00:00:0b, { DataRate: 72, SignalStrength: 78, AntiFragility: 75}, IQ: 75]
       [Network #7, Technology = Wifi, Address = 02-06-00:00:00:00:00:09, { DataRate: 73, SignalStrength: 95, AntiFragility: 50}, IQ: 67]
       [Network #3, Technology = Wifi, Address = 02-06-00:00:00:00:00:05, { DataRate: 37, SignalStrength: 93, AntiFragility: 51}, IQ: 58]
       [Network #9, Technology = Wimax, Address = 02-06-00:00:00:00:00:0c, { DataRate: 10, SignalStrength: 27, AntiFragility: 98}, IQ: 58]
       [Network #4, Technology = Wifi, Address = 02-06-00:00:00:00:00:06, { DataRate: 41, SignalStrength: 62, AntiFragility: 66}, IQ: 58]
       [Network #5, Technology = Wifi, Address = 02-06-00:00:00:00:00:07, { DataRate: 74, SignalStrength: 91, AntiFragility: 27}, IQ: 54]
       [Network #1, Technology = Wifi, Address = 02-06-00:00:00:00:00:03, { DataRate: 92, SignalStrength: 29, AntiFragility: 28}, IQ: 44]
       [Network #0, Technology = Wifi, Address = 02-06-00:00:00:00:00:02, { DataRate: 37, SignalStrength: 26, AntiFragility: 48}, IQ: 39]
       [Network #6, Technology = Wifi, Address = 02-06-00:00:00:00:00:08, { DataRate: 62, SignalStrength: 53, AntiFragility: 5}, IQ: 31]
190s ExecutionModule:Run(): Decision time => Seconds: 0, Miliseconds: 478
190s ExecutionModule:Run(): Handover time => Seconds: 0, Miliseconds: 206
190s ExecutionModule:Run(): Event: Horizontal Handover.
190s DeviceModule:MoveRandom(): New position: (76, 66)
191s DeviceModule:MoveRandom(): New position: (77, 66)
192s DeviceModule:MoveRandom(): New position: (77, 67)
193s DeviceModule:MoveRandom(): New position: (77, 68)
194s DeviceModule:MoveRandom(): New position: (76, 68)
195s DeviceModule:MoveRandom(): New position: (75, 68)
196s DeviceModule:MoveRandom(): New position: (76, 68)
197s DeviceModule:MoveRandom(): New position: (77, 68)
198s DeviceModule:MoveRandom(): New position: (77, 67)
199s DeviceModule:MoveRandom(): New position: (77, 66)
