Waf: Entering directory `/home/renan/Documents/NR2/ns-allinone-3.20/ns-3.20/build'
Waf: Leaving directory `/home/renan/Documents/NR2/ns-allinone-3.20/ns-3.20/build'
'build' finished successfully (1.921s)
0s NetworkModule:SetPosition(): Network 0 set position => (50, 134)
0s NetworkModule:SetRange(): Network 0 set range => 100
0s NetworkModule:SetPosition(): Network 1 set position => (67, 92)
0s NetworkModule:SetRange(): Network 1 set range => 100
0s NetworkModule:SetPosition(): Network 2 set position => (18, 111)
0s NetworkModule:SetRange(): Network 2 set range => 100
0s NetworkModule:SetPosition(): Network 3 set position => (98, 29)
0s NetworkModule:SetRange(): Network 3 set range => 100
0s NetworkModule:SetPosition(): Network 4 set position => (142, 30)
0s NetworkModule:SetRange(): Network 4 set range => 100
0s NetworkModule:SetPosition(): Network 5 set position => (117, 143)
0s NetworkModule:SetRange(): Network 5 set range => 100
0s NetworkModule:SetPosition(): Network 6 set position => (100, 99)
0s NetworkModule:SetRange(): Network 6 set range => 100
0s NetworkModule:SetPosition(): Network 7 set position => (122, 120)
0s NetworkModule:SetRange(): Network 7 set range => 100
0s NetworkModule:SetPosition(): Network 8 set position => (117, 130)
0s NetworkModule:SetRange(): Network 8 set range => 100
0s NetworkModule:SetPosition(): Network 9 set position => (101, 67)
0s NetworkModule:SetRange(): Network 9 set range => 100
0s DeviceModule:ConfigureMobility(): Device [init x = 75, init y = 75, max = 150, velocity = 1]
1s DeviceModule:MoveRandom(): New position: (74, 75)
1s DecisionModule:AddNetworkToList(): Network detected
1s DecisionModule:AddNetworkToList(): Network detected
1s DecisionModule:AddNetworkToList(): Network detected
1s DecisionModule:AddNetworkToList(): Network detected
1s DecisionModule:AddNetworkToList(): Network detected
1s DecisionModule:AddNetworkToList(): Network detected
1s DecisionModule:AddNetworkToList(): Network detected
1s DecisionModule:AddNetworkToList(): Network detected
1s DecisionModule:AddNetworkToList(): Network detected
1s DecisionModule:AddNetworkToList(): Network detected
2s DeviceModule:MoveRandom(): New position: (74, 76)
3s DeviceModule:MoveRandom(): New position: (73, 76)
4s DeviceModule:MoveRandom(): New position: (73, 75)
5s DeviceModule:MoveRandom(): New position: (74, 75)
6s DeviceModule:MoveRandom(): New position: (73, 75)
7s DeviceModule:MoveRandom(): New position: (73, 76)
8s DeviceModule:MoveRandom(): New position: (74, 76)
9s DeviceModule:MoveRandom(): New position: (74, 77)
10s DecisionModule:Run(): Run decision
10s DecisionModule:AnalyzingNetworks(): Current Network: 
       [Network #6, Technology = Wifi, Address = 02-06-00:00:00:00:00:08, { DataRate: 51, SignalStrength: 95, AntiFragility: 74}, IQ: 73]
10s DecisionModule:ShowAllNetworks(): All detected networks:
       [Network #6, Technology = Wifi, Address = 02-06-00:00:00:00:00:08, { DataRate: 51, SignalStrength: 95, AntiFragility: 74}, IQ: 73]
       [Network #7, Technology = Wifi, Address = 02-06-00:00:00:00:00:09, { DataRate: 17, SignalStrength: 58, AntiFragility: 97}, IQ: 67]
       [Network #3, Technology = Wifi, Address = 02-06-00:00:00:00:00:05, { DataRate: 32, SignalStrength: 79, AntiFragility: 73}, IQ: 64]
       [Network #0, Technology = Wifi, Address = 02-06-00:00:00:00:00:02, { DataRate: 82, SignalStrength: 48, AntiFragility: 64}, IQ: 64]
       [Network #4, Technology = Wifi, Address = 02-06-00:00:00:00:00:06, { DataRate: 95, SignalStrength: 58, AntiFragility: 46}, IQ: 61]
       [Network #8, Technology = Wimax, Address = 02-06-00:00:00:00:00:0b, { DataRate: 24, SignalStrength: 60, AntiFragility: 66}, IQ: 54]
       [Network #9, Technology = Wimax, Address = 02-06-00:00:00:00:00:0c, { DataRate: 95, SignalStrength: 71, AntiFragility: 18}, IQ: 50]
       [Network #5, Technology = Wifi, Address = 02-06-00:00:00:00:00:07, { DataRate: 81, SignalStrength: 96, AntiFragility: 11}, IQ: 49]
       [Network #2, Technology = Wifi, Address = 02-06-00:00:00:00:00:04, { DataRate: 54, SignalStrength: 26, AntiFragility: 57}, IQ: 48]
       [Network #1, Technology = Wifi, Address = 02-06-00:00:00:00:00:03, { DataRate: 67, SignalStrength: 9, AntiFragility: 46}, IQ: 42]
10s DeviceModule:MoveRandom(): New position: (73, 77)
11s DeviceModule:MoveRandom(): New position: (72, 77)
12s DeviceModule:MoveRandom(): New position: (72, 76)
13s DeviceModule:MoveRandom(): New position: (71, 76)
14s DeviceModule:MoveRandom(): New position: (72, 76)
15s DeviceModule:MoveRandom(): New position: (72, 77)
16s DeviceModule:MoveRandom(): New position: (72, 76)
17s DeviceModule:MoveRandom(): New position: (73, 76)
18s DeviceModule:MoveRandom(): New position: (72, 76)
19s DeviceModule:MoveRandom(): New position: (72, 77)
20s DecisionModule:Run(): Run decision
20s DecisionModule:AnalyzingNetworks(): Current Network: 
       [Network #0, Technology = Wifi, Address = 02-06-00:00:00:00:00:02, { DataRate: 91, SignalStrength: 74, AntiFragility: 91}, IQ: 86]
20s DecisionModule:ShowAllNetworks(): All detected networks:
       [Network #0, Technology = Wifi, Address = 02-06-00:00:00:00:00:02, { DataRate: 91, SignalStrength: 74, AntiFragility: 91}, IQ: 86]
       [Network #7, Technology = Wifi, Address = 02-06-00:00:00:00:00:09, { DataRate: 74, SignalStrength: 92, AntiFragility: 78}, IQ: 80]
       [Network #5, Technology = Wifi, Address = 02-06-00:00:00:00:00:07, { DataRate: 7, SignalStrength: 95, AntiFragility: 98}, IQ: 74]
       [Network #4, Technology = Wifi, Address = 02-06-00:00:00:00:00:06, { DataRate: 87, SignalStrength: 79, AntiFragility: 51}, IQ: 67]
       [Network #3, Technology = Wifi, Address = 02-06-00:00:00:00:00:05, { DataRate: 61, SignalStrength: 11, AntiFragility: 80}, IQ: 58]
       [Network #6, Technology = Wifi, Address = 02-06-00:00:00:00:00:08, { DataRate: 9, SignalStrength: 22, AntiFragility: 99}, IQ: 57]
       [Network #1, Technology = Wifi, Address = 02-06-00:00:00:00:00:03, { DataRate: 73, SignalStrength: 68, AntiFragility: 8}, IQ: 39]
       [Network #2, Technology = Wifi, Address = 02-06-00:00:00:00:00:04, { DataRate: 73, SignalStrength: 43, AntiFragility: 19}, IQ: 38]
       [Network #9, Technology = Wimax, Address = 02-06-00:00:00:00:00:0c, { DataRate: 5, SignalStrength: 76, AntiFragility: 33}, IQ: 36]
       [Network #8, Technology = Wimax, Address = 02-06-00:00:00:00:00:0b, { DataRate: 9, SignalStrength: 43, AntiFragility: 21}, IQ: 23]
20s ExecutionModule:Run(): Decision time => Seconds: 0, Miliseconds: 203
20s ExecutionModule:Run(): Handover time => Seconds: 0, Miliseconds: 176
20s ExecutionModule:Run(): Event: Horizontal Handover.
20s DeviceModule:MoveRandom(): New position: (72, 76)
21s DeviceModule:MoveRandom(): New position: (73, 76)
22s DeviceModule:MoveRandom(): New position: (73, 75)
23s DeviceModule:MoveRandom(): New position: (73, 74)
24s DeviceModule:MoveRandom(): New position: (73, 75)
25s DeviceModule:MoveRandom(): New position: (74, 75)
26s DeviceModule:MoveRandom(): New position: (74, 74)
27s DeviceModule:MoveRandom(): New position: (75, 74)
28s DeviceModule:MoveRandom(): New position: (75, 73)
29s DeviceModule:MoveRandom(): New position: (76, 73)
30s DecisionModule:Run(): Run decision
30s DecisionModule:AnalyzingNetworks(): Current Network: 
       [Network #6, Technology = Wifi, Address = 02-06-00:00:00:00:00:08, { DataRate: 90, SignalStrength: 83, AntiFragility: 86}, IQ: 86]
30s DecisionModule:ShowAllNetworks(): All detected networks:
       [Network #6, Technology = Wifi, Address = 02-06-00:00:00:00:00:08, { DataRate: 90, SignalStrength: 83, AntiFragility: 86}, IQ: 86]
       [Network #3, Technology = Wifi, Address = 02-06-00:00:00:00:00:05, { DataRate: 96, SignalStrength: 85, AntiFragility: 81}, IQ: 85]
       [Network #5, Technology = Wifi, Address = 02-06-00:00:00:00:00:07, { DataRate: 97, SignalStrength: 7, AntiFragility: 76}, IQ: 64]
       [Network #8, Technology = Wimax, Address = 02-06-00:00:00:00:00:0b, { DataRate: 73, SignalStrength: 32, AntiFragility: 40}, IQ: 46]
       [Network #1, Technology = Wifi, Address = 02-06-00:00:00:00:00:03, { DataRate: 67, SignalStrength: 77, AntiFragility: 18}, IQ: 45]
       [Network #2, Technology = Wifi, Address = 02-06-00:00:00:00:00:04, { DataRate: 13, SignalStrength: 96, AntiFragility: 30}, IQ: 42]
       [Network #0, Technology = Wifi, Address = 02-06-00:00:00:00:00:02, { DataRate: 30, SignalStrength: 27, AntiFragility: 52}, IQ: 40]
       [Network #4, Technology = Wifi, Address = 02-06-00:00:00:00:00:06, { DataRate: 46, SignalStrength: 9, AntiFragility: 54}, IQ: 40]
       [Network #9, Technology = Wimax, Address = 02-06-00:00:00:00:00:0c, { DataRate: 38, SignalStrength: 32, AntiFragility: 37}, IQ: 36]
       [Network #7, Technology = Wifi, Address = 02-06-00:00:00:00:00:09, { DataRate: 73, SignalStrength: 49, AntiFragility: 7}, IQ: 34]
30s ExecutionModule:Run(): Decision time => Seconds: 0, Miliseconds: 220
30s ExecutionModule:Run(): Handover time => Seconds: 0, Miliseconds: 330
30s ExecutionModule:Run(): Event: Horizontal Handover.
30s DeviceModule:MoveRandom(): New position: (75, 73)
31s DeviceModule:MoveRandom(): New position: (75, 72)
32s DeviceModule:MoveRandom(): New position: (74, 72)
33s DeviceModule:MoveRandom(): New position: (73, 72)
34s DeviceModule:MoveRandom(): New position: (73, 73)
35s DeviceModule:MoveRandom(): New position: (73, 74)
36s DeviceModule:MoveRandom(): New position: (73, 75)
37s DeviceModule:MoveRandom(): New position: (73, 74)
38s DeviceModule:MoveRandom(): New position: (72, 74)
39s DeviceModule:MoveRandom(): New position: (72, 73)
40s DecisionModule:Run(): Run decision
40s DecisionModule:AnalyzingNetworks(): Current Network: 
       [Network #5, Technology = Wifi, Address = 02-06-00:00:00:00:00:07, { DataRate: 53, SignalStrength: 28, AntiFragility: 99}, IQ: 69]
40s DecisionModule:ShowAllNetworks(): All detected networks:
       [Network #5, Technology = Wifi, Address = 02-06-00:00:00:00:00:07, { DataRate: 53, SignalStrength: 28, AntiFragility: 99}, IQ: 69]
       [Network #3, Technology = Wifi, Address = 02-06-00:00:00:00:00:05, { DataRate: 82, SignalStrength: 25, AntiFragility: 69}, IQ: 61]
       [Network #4, Technology = Wifi, Address = 02-06-00:00:00:00:00:06, { DataRate: 69, SignalStrength: 49, AntiFragility: 56}, IQ: 57]
       [Network #9, Technology = Wimax, Address = 02-06-00:00:00:00:00:0c, { DataRate: 80, SignalStrength: 76, AntiFragility: 34}, IQ: 56]
       [Network #2, Technology = Wifi, Address = 02-06-00:00:00:00:00:04, { DataRate: 57, SignalStrength: 88, AntiFragility: 32}, IQ: 52]
       [Network #1, Technology = Wifi, Address = 02-06-00:00:00:00:00:03, { DataRate: 81, SignalStrength: 68, AntiFragility: 25}, IQ: 49]
       [Network #6, Technology = Wifi, Address = 02-06-00:00:00:00:00:08, { DataRate: 86, SignalStrength: 81, AntiFragility: 12}, IQ: 47]
       [Network #8, Technology = Wimax, Address = 02-06-00:00:00:00:00:0b, { DataRate: 42, SignalStrength: 13, AntiFragility: 66}, IQ: 46]
       [Network #7, Technology = Wifi, Address = 02-06-00:00:00:00:00:09, { DataRate: 2, SignalStrength: 76, AntiFragility: 54}, IQ: 46]
       [Network #0, Technology = Wifi, Address = 02-06-00:00:00:00:00:02, { DataRate: 40, SignalStrength: 60, AntiFragility: 30}, IQ: 40]
40s ExecutionModule:Run(): Decision time => Seconds: 0, Miliseconds: 202
40s ExecutionModule:Run(): Handover time => Seconds: 0, Miliseconds: 117
40s ExecutionModule:Run(): Event: Horizontal Handover.
40s DeviceModule:MoveRandom(): New position: (73, 73)
41s DeviceModule:MoveRandom(): New position: (72, 73)
42s DeviceModule:MoveRandom(): New position: (71, 73)
43s DeviceModule:MoveRandom(): New position: (71, 72)
44s DeviceModule:MoveRandom(): New position: (72, 72)
45s DeviceModule:MoveRandom(): New position: (73, 72)
46s DeviceModule:MoveRandom(): New position: (74, 72)
47s DeviceModule:MoveRandom(): New position: (75, 72)
48s DeviceModule:MoveRandom(): New position: (75, 73)
49s DeviceModule:MoveRandom(): New position: (75, 72)
50s DecisionModule:Run(): Run decision
50s DecisionModule:AnalyzingNetworks(): Current Network: 
       [Network #6, Technology = Wifi, Address = 02-06-00:00:00:00:00:08, { DataRate: 88, SignalStrength: 64, AntiFragility: 97}, IQ: 86]
50s DecisionModule:ShowAllNetworks(): All detected networks:
       [Network #6, Technology = Wifi, Address = 02-06-00:00:00:00:00:08, { DataRate: 88, SignalStrength: 64, AntiFragility: 97}, IQ: 86]
       [Network #0, Technology = Wifi, Address = 02-06-00:00:00:00:00:02, { DataRate: 37, SignalStrength: 86, AntiFragility: 84}, IQ: 72]
       [Network #1, Technology = Wifi, Address = 02-06-00:00:00:00:00:03, { DataRate: 58, SignalStrength: 2, AntiFragility: 95}, IQ: 62]
       [Network #5, Technology = Wifi, Address = 02-06-00:00:00:00:00:07, { DataRate: 29, SignalStrength: 81, AntiFragility: 68}, IQ: 61]
       [Network #7, Technology = Wifi, Address = 02-06-00:00:00:00:00:09, { DataRate: 86, SignalStrength: 61, AntiFragility: 48}, IQ: 60]
       [Network #4, Technology = Wifi, Address = 02-06-00:00:00:00:00:06, { DataRate: 46, SignalStrength: 52, AntiFragility: 61}, IQ: 55]
       [Network #9, Technology = Wimax, Address = 02-06-00:00:00:00:00:0c, { DataRate: 75, SignalStrength: 70, AntiFragility: 35}, IQ: 53]
       [Network #3, Technology = Wifi, Address = 02-06-00:00:00:00:00:05, { DataRate: 41, SignalStrength: 5, AntiFragility: 61}, IQ: 42]
       [Network #2, Technology = Wifi, Address = 02-06-00:00:00:00:00:04, { DataRate: 78, SignalStrength: 50, AntiFragility: 8}, IQ: 36]
       [Network #8, Technology = Wimax, Address = 02-06-00:00:00:00:00:0b, { DataRate: 46, SignalStrength: 64, AntiFragility: 4}, IQ: 29]
50s ExecutionModule:Run(): Decision time => Seconds: 0, Miliseconds: 218
50s ExecutionModule:Run(): Handover time => Seconds: 0, Miliseconds: 120
50s ExecutionModule:Run(): Event: Horizontal Handover.
50s DeviceModule:MoveRandom(): New position: (74, 72)
51s DeviceModule:MoveRandom(): New position: (74, 73)
52s DeviceModule:MoveRandom(): New position: (74, 74)
53s DeviceModule:MoveRandom(): New position: (73, 74)
54s DeviceModule:MoveRandom(): New position: (73, 75)
55s DeviceModule:MoveRandom(): New position: (72, 75)
56s DeviceModule:MoveRandom(): New position: (72, 76)
57s DeviceModule:MoveRandom(): New position: (72, 75)
58s DeviceModule:MoveRandom(): New position: (72, 74)
59s DeviceModule:MoveRandom(): New position: (71, 74)
60s DecisionModule:Run(): Run decision
60s DecisionModule:AnalyzingNetworks(): Current Network: 
       [Network #7, Technology = Wifi, Address = 02-06-00:00:00:00:00:09, { DataRate: 84, SignalStrength: 53, AntiFragility: 80}, IQ: 74]
60s DecisionModule:ShowAllNetworks(): All detected networks:
       [Network #7, Technology = Wifi, Address = 02-06-00:00:00:00:00:09, { DataRate: 84, SignalStrength: 53, AntiFragility: 80}, IQ: 74]
       [Network #6, Technology = Wifi, Address = 02-06-00:00:00:00:00:08, { DataRate: 97, SignalStrength: 80, AntiFragility: 40}, IQ: 64]
       [Network #4, Technology = Wifi, Address = 02-06-00:00:00:00:00:06, { DataRate: 19, SignalStrength: 36, AntiFragility: 79}, IQ: 53]
       [Network #5, Technology = Wifi, Address = 02-06-00:00:00:00:00:07, { DataRate: 7, SignalStrength: 94, AntiFragility: 44}, IQ: 47]
       [Network #8, Technology = Wimax, Address = 02-06-00:00:00:00:00:0b, { DataRate: 23, SignalStrength: 22, AntiFragility: 65}, IQ: 43]
       [Network #0, Technology = Wifi, Address = 02-06-00:00:00:00:00:02, { DataRate: 27, SignalStrength: 68, AntiFragility: 37}, IQ: 42]
       [Network #9, Technology = Wimax, Address = 02-06-00:00:00:00:00:0c, { DataRate: 13, SignalStrength: 24, AntiFragility: 58}, IQ: 38]
       [Network #1, Technology = Wifi, Address = 02-06-00:00:00:00:00:03, { DataRate: 43, SignalStrength: 37, AntiFragility: 29}, IQ: 34]
       [Network #2, Technology = Wifi, Address = 02-06-00:00:00:00:00:04, { DataRate: 45, SignalStrength: 34, AntiFragility: 22}, IQ: 30]
       [Network #3, Technology = Wifi, Address = 02-06-00:00:00:00:00:05, { DataRate: 36, SignalStrength: 80, AntiFragility: 2}, IQ: 30]
60s ExecutionModule:Run(): Decision time => Seconds: 0, Miliseconds: 202
60s ExecutionModule:Run(): Handover time => Seconds: 0, Miliseconds: 122
60s ExecutionModule:Run(): Event: Horizontal Handover.
60s DeviceModule:MoveRandom(): New position: (70, 74)
61s DeviceModule:MoveRandom(): New position: (71, 74)
62s DeviceModule:MoveRandom(): New position: (72, 74)
63s DeviceModule:MoveRandom(): New position: (72, 73)
64s DeviceModule:MoveRandom(): New position: (72, 72)
65s DeviceModule:MoveRandom(): New position: (72, 71)
66s DeviceModule:MoveRandom(): New position: (71, 71)
67s DeviceModule:MoveRandom(): New position: (72, 71)
68s DeviceModule:MoveRandom(): New position: (72, 70)
69s DeviceModule:MoveRandom(): New position: (72, 71)
70s DecisionModule:Run(): Run decision
70s DecisionModule:AnalyzingNetworks(): Current Network: 
       [Network #6, Technology = Wifi, Address = 02-06-00:00:00:00:00:08, { DataRate: 81, SignalStrength: 12, AntiFragility: 92}, IQ: 69]
70s DecisionModule:ShowAllNetworks(): All detected networks:
       [Network #6, Technology = Wifi, Address = 02-06-00:00:00:00:00:08, { DataRate: 81, SignalStrength: 12, AntiFragility: 92}, IQ: 69]
       [Network #3, Technology = Wifi, Address = 02-06-00:00:00:00:00:05, { DataRate: 30, SignalStrength: 78, AntiFragility: 85}, IQ: 69]
       [Network #4, Technology = Wifi, Address = 02-06-00:00:00:00:00:06, { DataRate: 50, SignalStrength: 45, AntiFragility: 75}, IQ: 61]
       [Network #2, Technology = Wifi, Address = 02-06-00:00:00:00:00:04, { DataRate: 86, SignalStrength: 55, AntiFragility: 26}, IQ: 48]
       [Network #5, Technology = Wifi, Address = 02-06-00:00:00:00:00:07, { DataRate: 70, SignalStrength: 92, AntiFragility: 4}, IQ: 42]
       [Network #9, Technology = Wimax, Address = 02-06-00:00:00:00:00:0c, { DataRate: 10, SignalStrength: 78, AntiFragility: 16}, IQ: 30]
       [Network #1, Technology = Wifi, Address = 02-06-00:00:00:00:00:03, { DataRate: 90, SignalStrength: 4, AntiFragility: 11}, IQ: 29]
       [Network #8, Technology = Wimax, Address = 02-06-00:00:00:00:00:0b, { DataRate: 62, SignalStrength: 13, AntiFragility: 19}, IQ: 28]
       [Network #0, Technology = Wifi, Address = 02-06-00:00:00:00:00:02, { DataRate: 17, SignalStrength: 23, AntiFragility: 17}, IQ: 18]
       [Network #7, Technology = Wifi, Address = 02-06-00:00:00:00:00:09, { DataRate: 2, SignalStrength: 34, AntiFragility: 5}, IQ: 11]
70s ExecutionModule:Run(): Decision time => Seconds: 0, Miliseconds: 385
70s ExecutionModule:Run(): Handover time => Seconds: 0, Miliseconds: 172
70s ExecutionModule:Run(): Event: Horizontal Handover.
70s DeviceModule:MoveRandom(): New position: (73, 71)
71s DeviceModule:MoveRandom(): New position: (73, 70)
72s DeviceModule:MoveRandom(): New position: (74, 70)
73s DeviceModule:MoveRandom(): New position: (74, 69)
74s DeviceModule:MoveRandom(): New position: (74, 70)
75s DeviceModule:MoveRandom(): New position: (74, 69)
76s DeviceModule:MoveRandom(): New position: (74, 70)
77s DeviceModule:MoveRandom(): New position: (74, 69)
78s DeviceModule:MoveRandom(): New position: (74, 68)
79s DeviceModule:MoveRandom(): New position: (73, 68)
80s DecisionModule:Run(): Run decision
80s DecisionModule:AnalyzingNetworks(): Current Network: 
       [Network #3, Technology = Wifi, Address = 02-06-00:00:00:00:00:05, { DataRate: 93, SignalStrength: 42, AntiFragility: 94}, IQ: 80]
80s DecisionModule:ShowAllNetworks(): All detected networks:
       [Network #3, Technology = Wifi, Address = 02-06-00:00:00:00:00:05, { DataRate: 93, SignalStrength: 42, AntiFragility: 94}, IQ: 80]
       [Network #1, Technology = Wifi, Address = 02-06-00:00:00:00:00:03, { DataRate: 88, SignalStrength: 71, AntiFragility: 44}, IQ: 61]
       [Network #7, Technology = Wifi, Address = 02-06-00:00:00:00:00:09, { DataRate: 59, SignalStrength: 61, AntiFragility: 54}, IQ: 57]
       [Network #0, Technology = Wifi, Address = 02-06-00:00:00:00:00:02, { DataRate: 13, SignalStrength: 57, AntiFragility: 74}, IQ: 54]
       [Network #8, Technology = Wimax, Address = 02-06-00:00:00:00:00:0b, { DataRate: 93, SignalStrength: 17, AntiFragility: 38}, IQ: 46]
       [Network #4, Technology = Wifi, Address = 02-06-00:00:00:00:00:06, { DataRate: 75, SignalStrength: 24, AntiFragility: 32}, IQ: 40]
       [Network #2, Technology = Wifi, Address = 02-06-00:00:00:00:00:04, { DataRate: 58, SignalStrength: 36, AntiFragility: 21}, IQ: 34]
       [Network #5, Technology = Wifi, Address = 02-06-00:00:00:00:00:07, { DataRate: 69, SignalStrength: 40, AntiFragility: 7}, IQ: 30]
       [Network #6, Technology = Wifi, Address = 02-06-00:00:00:00:00:08, { DataRate: 27, SignalStrength: 84, AntiFragility: 6}, IQ: 30]
       [Network #9, Technology = Wimax, Address = 02-06-00:00:00:00:00:0c, { DataRate: 95, SignalStrength: 14, AntiFragility: 5}, IQ: 29]
80s ExecutionModule:Run(): Decision time => Seconds: 0, Miliseconds: 215
80s ExecutionModule:Run(): Handover time => Seconds: 0, Miliseconds: 120
80s ExecutionModule:Run(): Event: Horizontal Handover.
80s DeviceModule:MoveRandom(): New position: (74, 68)
81s DeviceModule:MoveRandom(): New position: (75, 68)
82s DeviceModule:MoveRandom(): New position: (74, 68)
83s DeviceModule:MoveRandom(): New position: (74, 69)
84s DeviceModule:MoveRandom(): New position: (74, 70)
85s DeviceModule:MoveRandom(): New position: (74, 71)
86s DeviceModule:MoveRandom(): New position: (74, 70)
87s DeviceModule:MoveRandom(): New position: (75, 70)
88s DeviceModule:MoveRandom(): New position: (75, 69)
89s DeviceModule:MoveRandom(): New position: (75, 68)
90s DecisionModule:Run(): Run decision
90s DecisionModule:AnalyzingNetworks(): Current Network: 
       [Network #3, Technology = Wifi, Address = 02-06-00:00:00:00:00:05, { DataRate: 85, SignalStrength: 66, AntiFragility: 93}, IQ: 84]
90s DecisionModule:ShowAllNetworks(): All detected networks:
       [Network #3, Technology = Wifi, Address = 02-06-00:00:00:00:00:05, { DataRate: 85, SignalStrength: 66, AntiFragility: 93}, IQ: 84]
       [Network #7, Technology = Wifi, Address = 02-06-00:00:00:00:00:09, { DataRate: 47, SignalStrength: 81, AntiFragility: 79}, IQ: 71]
       [Network #4, Technology = Wifi, Address = 02-06-00:00:00:00:00:06, { DataRate: 32, SignalStrength: 55, AntiFragility: 83}, IQ: 63]
       [Network #6, Technology = Wifi, Address = 02-06-00:00:00:00:00:08, { DataRate: 91, SignalStrength: 53, AntiFragility: 55}, IQ: 63]
       [Network #2, Technology = Wifi, Address = 02-06-00:00:00:00:00:04, { DataRate: 27, SignalStrength: 5, AntiFragility: 90}, IQ: 53]
       [Network #8, Technology = Wimax, Address = 02-06-00:00:00:00:00:0b, { DataRate: 70, SignalStrength: 49, AntiFragility: 32}, IQ: 45]
       [Network #5, Technology = Wifi, Address = 02-06-00:00:00:00:00:07, { DataRate: 64, SignalStrength: 59, AntiFragility: 13}, IQ: 37]
       [Network #9, Technology = Wimax, Address = 02-06-00:00:00:00:00:0c, { DataRate: 26, SignalStrength: 27, AntiFragility: 37}, IQ: 31]
       [Network #1, Technology = Wifi, Address = 02-06-00:00:00:00:00:03, { DataRate: 46, SignalStrength: 9, AntiFragility: 26}, IQ: 26]
       [Network #0, Technology = Wifi, Address = 02-06-00:00:00:00:00:02, { DataRate: 26, SignalStrength: 16, AntiFragility: 12}, IQ: 16]
90s DeviceModule:MoveRandom(): New position: (74, 68)
91s DeviceModule:MoveRandom(): New position: (74, 67)
92s DeviceModule:MoveRandom(): New position: (74, 66)
93s DeviceModule:MoveRandom(): New position: (75, 66)
94s DeviceModule:MoveRandom(): New position: (76, 66)
95s DeviceModule:MoveRandom(): New position: (76, 65)
96s DeviceModule:MoveRandom(): New position: (75, 65)
97s DeviceModule:MoveRandom(): New position: (75, 66)
98s DeviceModule:MoveRandom(): New position: (75, 67)
99s DeviceModule:MoveRandom(): New position: (75, 66)
100s DecisionModule:Run(): Run decision
100s DecisionModule:AnalyzingNetworks(): Current Network: 
       [Network #0, Technology = Wifi, Address = 02-06-00:00:00:00:00:02, { DataRate: 42, SignalStrength: 87, AntiFragility: 95}, IQ: 79]
100s DecisionModule:ShowAllNetworks(): All detected networks:
       [Network #0, Technology = Wifi, Address = 02-06-00:00:00:00:00:02, { DataRate: 42, SignalStrength: 87, AntiFragility: 95}, IQ: 79]
       [Network #5, Technology = Wifi, Address = 02-06-00:00:00:00:00:07, { DataRate: 24, SignalStrength: 49, AntiFragility: 96}, IQ: 66]
       [Network #1, Technology = Wifi, Address = 02-06-00:00:00:00:00:03, { DataRate: 33, SignalStrength: 62, AntiFragility: 78}, IQ: 62]
       [Network #8, Technology = Wimax, Address = 02-06-00:00:00:00:00:0b, { DataRate: 52, SignalStrength: 63, AntiFragility: 62}, IQ: 59]
       [Network #9, Technology = Wimax, Address = 02-06-00:00:00:00:00:0c, { DataRate: 61, SignalStrength: 61, AntiFragility: 48}, IQ: 54]
       [Network #3, Technology = Wifi, Address = 02-06-00:00:00:00:00:05, { DataRate: 39, SignalStrength: 12, AntiFragility: 70}, IQ: 47]
       [Network #7, Technology = Wifi, Address = 02-06-00:00:00:00:00:09, { DataRate: 37, SignalStrength: 44, AntiFragility: 30}, IQ: 35]
       [Network #2, Technology = Wifi, Address = 02-06-00:00:00:00:00:04, { DataRate: 67, SignalStrength: 2, AntiFragility: 10}, IQ: 22]
       [Network #6, Technology = Wifi, Address = 02-06-00:00:00:00:00:08, { DataRate: 12, SignalStrength: 6, AntiFragility: 19}, IQ: 14]
       [Network #4, Technology = Wifi, Address = 02-06-00:00:00:00:00:06, { DataRate: 15, SignalStrength: 8, AntiFragility: 16}, IQ: 13]
100s ExecutionModule:Run(): Decision time => Seconds: 0, Miliseconds: 222
100s ExecutionModule:Run(): Handover time => Seconds: 0, Miliseconds: 119
100s ExecutionModule:Run(): Event: Horizontal Handover.
100s DeviceModule:MoveRandom(): New position: (74, 66)
101s DeviceModule:MoveRandom(): New position: (73, 66)
102s DeviceModule:MoveRandom(): New position: (73, 65)
103s DeviceModule:MoveRandom(): New position: (72, 65)
104s DeviceModule:MoveRandom(): New position: (72, 66)
105s DeviceModule:MoveRandom(): New position: (72, 67)
106s DeviceModule:MoveRandom(): New position: (71, 67)
107s DeviceModule:MoveRandom(): New position: (70, 67)
108s DeviceModule:MoveRandom(): New position: (70, 68)
109s DeviceModule:MoveRandom(): New position: (70, 69)
110s DecisionModule:Run(): Run decision
110s DecisionModule:AnalyzingNetworks(): Current Network: 
       [Network #9, Technology = Wimax, Address = 02-06-00:00:00:00:00:0c, { DataRate: 84, SignalStrength: 53, AntiFragility: 94}, IQ: 81]
110s DecisionModule:ShowAllNetworks(): All detected networks:
       [Network #9, Technology = Wimax, Address = 02-06-00:00:00:00:00:0c, { DataRate: 84, SignalStrength: 53, AntiFragility: 94}, IQ: 81]
       [Network #7, Technology = Wifi, Address = 02-06-00:00:00:00:00:09, { DataRate: 89, SignalStrength: 6, AntiFragility: 98}, IQ: 72]
       [Network #3, Technology = Wifi, Address = 02-06-00:00:00:00:00:05, { DataRate: 89, SignalStrength: 94, AntiFragility: 45}, IQ: 68]
       [Network #8, Technology = Wimax, Address = 02-06-00:00:00:00:00:0b, { DataRate: 5, SignalStrength: 81, AntiFragility: 80}, IQ: 61]
       [Network #0, Technology = Wifi, Address = 02-06-00:00:00:00:00:02, { DataRate: 28, SignalStrength: 96, AntiFragility: 51}, IQ: 56]
       [Network #6, Technology = Wifi, Address = 02-06-00:00:00:00:00:08, { DataRate: 51, SignalStrength: 99, AntiFragility: 35}, IQ: 55]
       [Network #4, Technology = Wifi, Address = 02-06-00:00:00:00:00:06, { DataRate: 75, SignalStrength: 21, AntiFragility: 49}, IQ: 48]
       [Network #1, Technology = Wifi, Address = 02-06-00:00:00:00:00:03, { DataRate: 22, SignalStrength: 78, AntiFragility: 45}, IQ: 47]
       [Network #5, Technology = Wifi, Address = 02-06-00:00:00:00:00:07, { DataRate: 2, SignalStrength: 70, AntiFragility: 44}, IQ: 40]
       [Network #2, Technology = Wifi, Address = 02-06-00:00:00:00:00:04, { DataRate: 52, SignalStrength: 38, AntiFragility: 13}, IQ: 29]
110s ExecutionModule:Run(): Decision time => Seconds: 0, Miliseconds: 205
110s ExecutionModule:Run(): Handover time => Seconds: 0, Miliseconds: 44
110s ExecutionModule:Run(): Event: Vertical Handover.
110s DeviceModule:MoveRandom(): New position: (71, 69)
111s DeviceModule:MoveRandom(): New position: (71, 68)
112s DeviceModule:MoveRandom(): New position: (70, 68)
113s DeviceModule:MoveRandom(): New position: (70, 67)
114s DeviceModule:MoveRandom(): New position: (70, 66)
115s DeviceModule:MoveRandom(): New position: (71, 66)
116s DeviceModule:MoveRandom(): New position: (71, 65)
117s DeviceModule:MoveRandom(): New position: (70, 65)
118s DeviceModule:MoveRandom(): New position: (70, 64)
119s DeviceModule:MoveRandom(): New position: (70, 65)
120s DecisionModule:Run(): Run decision
120s DecisionModule:AnalyzingNetworks(): Current Network: 
       [Network #8, Technology = Wimax, Address = 02-06-00:00:00:00:00:0b, { DataRate: 76, SignalStrength: 47, AntiFragility: 69}, IQ: 65]
120s DecisionModule:ShowAllNetworks(): All detected networks:
       [Network #8, Technology = Wimax, Address = 02-06-00:00:00:00:00:0b, { DataRate: 76, SignalStrength: 47, AntiFragility: 69}, IQ: 65]
       [Network #1, Technology = Wifi, Address = 02-06-00:00:00:00:00:03, { DataRate: 94, SignalStrength: 69, AntiFragility: 42}, IQ: 61]
       [Network #3, Technology = Wifi, Address = 02-06-00:00:00:00:00:05, { DataRate: 61, SignalStrength: 4, AntiFragility: 83}, IQ: 57]
       [Network #2, Technology = Wifi, Address = 02-06-00:00:00:00:00:04, { DataRate: 70, SignalStrength: 10, AntiFragility: 75}, IQ: 57]
       [Network #7, Technology = Wifi, Address = 02-06-00:00:00:00:00:09, { DataRate: 52, SignalStrength: 79, AntiFragility: 39}, IQ: 52]
       [Network #6, Technology = Wifi, Address = 02-06-00:00:00:00:00:08, { DataRate: 43, SignalStrength: 63, AntiFragility: 39}, IQ: 46]
       [Network #0, Technology = Wifi, Address = 02-06-00:00:00:00:00:02, { DataRate: 13, SignalStrength: 16, AntiFragility: 68}, IQ: 41]
       [Network #4, Technology = Wifi, Address = 02-06-00:00:00:00:00:06, { DataRate: 32, SignalStrength: 94, AntiFragility: 15}, IQ: 39]
       [Network #5, Technology = Wifi, Address = 02-06-00:00:00:00:00:07, { DataRate: 74, SignalStrength: 47, AntiFragility: 7}, IQ: 33]
       [Network #9, Technology = Wimax, Address = 02-06-00:00:00:00:00:0c, { DataRate: 43, SignalStrength: 69, AntiFragility: 5}, IQ: 30]
120s ExecutionModule:Run(): Decision time => Seconds: 0, Miliseconds: 226
120s ExecutionModule:Run(): Handover time => Seconds: 0, Miliseconds: 120
120s ExecutionModule:Run(): Event: Horizontal Handover.
120s DeviceModule:MoveRandom(): New position: (70, 66)
121s DeviceModule:MoveRandom(): New position: (71, 66)
122s DeviceModule:MoveRandom(): New position: (71, 65)
123s DeviceModule:MoveRandom(): New position: (71, 66)
124s DeviceModule:MoveRandom(): New position: (71, 67)
125s DeviceModule:MoveRandom(): New position: (71, 66)
126s DeviceModule:MoveRandom(): New position: (71, 65)
127s DeviceModule:MoveRandom(): New position: (71, 64)
128s DeviceModule:MoveRandom(): New position: (71, 63)
129s DeviceModule:MoveRandom(): New position: (72, 63)
130s DecisionModule:Run(): Run decision
130s DecisionModule:AnalyzingNetworks(): Current Network: 
       [Network #2, Technology = Wifi, Address = 02-06-00:00:00:00:00:04, { DataRate: 84, SignalStrength: 97, AntiFragility: 92}, IQ: 91]
130s DecisionModule:ShowAllNetworks(): All detected networks:
       [Network #2, Technology = Wifi, Address = 02-06-00:00:00:00:00:04, { DataRate: 84, SignalStrength: 97, AntiFragility: 92}, IQ: 91]
       [Network #3, Technology = Wifi, Address = 02-06-00:00:00:00:00:05, { DataRate: 31, SignalStrength: 92, AntiFragility: 82}, IQ: 71]
       [Network #6, Technology = Wifi, Address = 02-06-00:00:00:00:00:08, { DataRate: 93, SignalStrength: 15, AntiFragility: 71}, IQ: 62]
       [Network #4, Technology = Wifi, Address = 02-06-00:00:00:00:00:06, { DataRate: 40, SignalStrength: 92, AntiFragility: 58}, IQ: 62]
       [Network #1, Technology = Wifi, Address = 02-06-00:00:00:00:00:03, { DataRate: 53, SignalStrength: 36, AntiFragility: 79}, IQ: 61]
       [Network #7, Technology = Wifi, Address = 02-06-00:00:00:00:00:09, { DataRate: 32, SignalStrength: 90, AntiFragility: 59}, IQ: 60]
       [Network #5, Technology = Wifi, Address = 02-06-00:00:00:00:00:07, { DataRate: 16, SignalStrength: 81, AntiFragility: 62}, IQ: 55]
       [Network #9, Technology = Wimax, Address = 02-06-00:00:00:00:00:0c, { DataRate: 85, SignalStrength: 92, AntiFragility: 23}, IQ: 55]
       [Network #0, Technology = Wifi, Address = 02-06-00:00:00:00:00:02, { DataRate: 28, SignalStrength: 84, AntiFragility: 50}, IQ: 53]
       [Network #8, Technology = Wimax, Address = 02-06-00:00:00:00:00:0b, { DataRate: 68, SignalStrength: 19, AntiFragility: 5}, IQ: 24]
130s ExecutionModule:Run(): Decision time => Seconds: 0, Miliseconds: 238
130s ExecutionModule:Run(): Handover time => Seconds: 0, Miliseconds: 32
130s ExecutionModule:Run(): Event: Vertical Handover.
130s DeviceModule:MoveRandom(): New position: (72, 64)
131s DeviceModule:MoveRandom(): New position: (72, 63)
132s DeviceModule:MoveRandom(): New position: (72, 64)
133s DeviceModule:MoveRandom(): New position: (72, 63)
134s DeviceModule:MoveRandom(): New position: (73, 63)
135s DeviceModule:MoveRandom(): New position: (74, 63)
136s DeviceModule:MoveRandom(): New position: (74, 62)
137s DeviceModule:MoveRandom(): New position: (73, 62)
138s DeviceModule:MoveRandom(): New position: (73, 63)
139s DeviceModule:MoveRandom(): New position: (73, 64)
140s DecisionModule:Run(): Run decision
140s DecisionModule:AnalyzingNetworks(): Current Network: 
       [Network #8, Technology = Wimax, Address = 02-06-00:00:00:00:00:0b, { DataRate: 36, SignalStrength: 98, AntiFragility: 73}, IQ: 70]
140s DecisionModule:ShowAllNetworks(): All detected networks:
       [Network #8, Technology = Wimax, Address = 02-06-00:00:00:00:00:0b, { DataRate: 36, SignalStrength: 98, AntiFragility: 73}, IQ: 70]
       [Network #4, Technology = Wifi, Address = 02-06-00:00:00:00:00:06, { DataRate: 70, SignalStrength: 15, AntiFragility: 85}, IQ: 63]
       [Network #1, Technology = Wifi, Address = 02-06-00:00:00:00:00:03, { DataRate: 67, SignalStrength: 82, AntiFragility: 29}, IQ: 51]
       [Network #7, Technology = Wifi, Address = 02-06-00:00:00:00:00:09, { DataRate: 6, SignalStrength: 31, AntiFragility: 83}, IQ: 50]
       [Network #2, Technology = Wifi, Address = 02-06-00:00:00:00:00:04, { DataRate: 43, SignalStrength: 73, AntiFragility: 41}, IQ: 49]
       [Network #5, Technology = Wifi, Address = 02-06-00:00:00:00:00:07, { DataRate: 26, SignalStrength: 20, AntiFragility: 68}, IQ: 45]
       [Network #3, Technology = Wifi, Address = 02-06-00:00:00:00:00:05, { DataRate: 58, SignalStrength: 79, AntiFragility: 20}, IQ: 44]
       [Network #6, Technology = Wifi, Address = 02-06-00:00:00:00:00:08, { DataRate: 34, SignalStrength: 80, AntiFragility: 24}, IQ: 40]
       [Network #0, Technology = Wifi, Address = 02-06-00:00:00:00:00:02, { DataRate: 92, SignalStrength: 32, AntiFragility: 4}, IQ: 33]
       [Network #9, Technology = Wimax, Address = 02-06-00:00:00:00:00:0c, { DataRate: 78, SignalStrength: 10, AntiFragility: 10}, IQ: 27]
140s ExecutionModule:Run(): Decision time => Seconds: 0, Miliseconds: 199
140s ExecutionModule:Run(): Handover time => Seconds: 0, Miliseconds: 31
140s ExecutionModule:Run(): Event: Vertical Handover.
140s DeviceModule:MoveRandom(): New position: (72, 64)
141s DeviceModule:MoveRandom(): New position: (72, 65)
142s DeviceModule:MoveRandom(): New position: (71, 65)
143s DeviceModule:MoveRandom(): New position: (71, 64)
144s DeviceModule:MoveRandom(): New position: (70, 64)
145s DeviceModule:MoveRandom(): New position: (70, 63)
146s DeviceModule:MoveRandom(): New position: (70, 64)
147s DeviceModule:MoveRandom(): New position: (70, 63)
148s DeviceModule:MoveRandom(): New position: (71, 63)
149s DeviceModule:MoveRandom(): New position: (70, 63)
150s DecisionModule:Run(): Run decision
150s DecisionModule:AnalyzingNetworks(): Current Network: 
       [Network #3, Technology = Wifi, Address = 02-06-00:00:00:00:00:05, { DataRate: 62, SignalStrength: 33, AntiFragility: 90}, IQ: 68]
150s DecisionModule:ShowAllNetworks(): All detected networks:
       [Network #3, Technology = Wifi, Address = 02-06-00:00:00:00:00:05, { DataRate: 62, SignalStrength: 33, AntiFragility: 90}, IQ: 68]
       [Network #4, Technology = Wifi, Address = 02-06-00:00:00:00:00:06, { DataRate: 89, SignalStrength: 76, AntiFragility: 43}, IQ: 62]
       [Network #5, Technology = Wifi, Address = 02-06-00:00:00:00:00:07, { DataRate: 2, SignalStrength: 75, AntiFragility: 86}, IQ: 62]
       [Network #9, Technology = Wimax, Address = 02-06-00:00:00:00:00:0c, { DataRate: 83, SignalStrength: 71, AntiFragility: 42}, IQ: 59]
       [Network #2, Technology = Wifi, Address = 02-06-00:00:00:00:00:04, { DataRate: 98, SignalStrength: 2, AntiFragility: 30}, IQ: 40]
       [Network #8, Technology = Wimax, Address = 02-06-00:00:00:00:00:0b, { DataRate: 38, SignalStrength: 61, AntiFragility: 27}, IQ: 38]
       [Network #7, Technology = Wifi, Address = 02-06-00:00:00:00:00:09, { DataRate: 67, SignalStrength: 12, AntiFragility: 38}, IQ: 38]
       [Network #1, Technology = Wifi, Address = 02-06-00:00:00:00:00:03, { DataRate: 7, SignalStrength: 75, AntiFragility: 30}, IQ: 35]
       [Network #0, Technology = Wifi, Address = 02-06-00:00:00:00:00:02, { DataRate: 4, SignalStrength: 51, AntiFragility: 26}, IQ: 26]
       [Network #6, Technology = Wifi, Address = 02-06-00:00:00:00:00:08, { DataRate: 64, SignalStrength: 25, AntiFragility: 5}, IQ: 24]
150s ExecutionModule:Run(): Decision time => Seconds: 0, Miliseconds: 216
150s ExecutionModule:Run(): Handover time => Seconds: 0, Miliseconds: 31
150s ExecutionModule:Run(): Event: Vertical Handover.
150s DeviceModule:MoveRandom(): New position: (69, 63)
151s DeviceModule:MoveRandom(): New position: (69, 64)
152s DeviceModule:MoveRandom(): New position: (70, 64)
153s DeviceModule:MoveRandom(): New position: (69, 64)
154s DeviceModule:MoveRandom(): New position: (69, 65)
155s DeviceModule:MoveRandom(): New position: (69, 66)
156s DeviceModule:MoveRandom(): New position: (70, 66)
157s DeviceModule:MoveRandom(): New position: (70, 67)
158s DeviceModule:MoveRandom(): New position: (70, 68)
159s DeviceModule:MoveRandom(): New position: (70, 67)
160s DecisionModule:Run(): Run decision
160s DecisionModule:AnalyzingNetworks(): Current Network: 
       [Network #5, Technology = Wifi, Address = 02-06-00:00:00:00:00:07, { DataRate: 74, SignalStrength: 52, AntiFragility: 98}, IQ: 80]
160s DecisionModule:ShowAllNetworks(): All detected networks:
       [Network #5, Technology = Wifi, Address = 02-06-00:00:00:00:00:07, { DataRate: 74, SignalStrength: 52, AntiFragility: 98}, IQ: 80]
       [Network #7, Technology = Wifi, Address = 02-06-00:00:00:00:00:09, { DataRate: 52, SignalStrength: 62, AntiFragility: 92}, IQ: 74]
       [Network #8, Technology = Wimax, Address = 02-06-00:00:00:00:00:0b, { DataRate: 75, SignalStrength: 96, AntiFragility: 43}, IQ: 64]
       [Network #6, Technology = Wifi, Address = 02-06-00:00:00:00:00:08, { DataRate: 65, SignalStrength: 98, AntiFragility: 47}, IQ: 64]
       [Network #4, Technology = Wifi, Address = 02-06-00:00:00:00:00:06, { DataRate: 25, SignalStrength: 43, AntiFragility: 52}, IQ: 43]
       [Network #3, Technology = Wifi, Address = 02-06-00:00:00:00:00:05, { DataRate: 89, SignalStrength: 20, AntiFragility: 27}, IQ: 40]
       [Network #0, Technology = Wifi, Address = 02-06-00:00:00:00:00:02, { DataRate: 24, SignalStrength: 97, AntiFragility: 16}, IQ: 38]
       [Network #2, Technology = Wifi, Address = 02-06-00:00:00:00:00:04, { DataRate: 58, SignalStrength: 72, AntiFragility: 5}, IQ: 35]
       [Network #1, Technology = Wifi, Address = 02-06-00:00:00:00:00:03, { DataRate: 42, SignalStrength: 95, AntiFragility: 1}, IQ: 34]
       [Network #9, Technology = Wimax, Address = 02-06-00:00:00:00:00:0c, { DataRate: 19, SignalStrength: 41, AntiFragility: 36}, IQ: 33]
160s ExecutionModule:Run(): Decision time => Seconds: 0, Miliseconds: 200
160s ExecutionModule:Run(): Handover time => Seconds: 0, Miliseconds: 120
160s ExecutionModule:Run(): Event: Horizontal Handover.
160s DeviceModule:MoveRandom(): New position: (71, 67)
161s DeviceModule:MoveRandom(): New position: (70, 67)
162s DeviceModule:MoveRandom(): New position: (71, 67)
163s DeviceModule:MoveRandom(): New position: (72, 67)
164s DeviceModule:MoveRandom(): New position: (73, 67)
165s DeviceModule:MoveRandom(): New position: (73, 68)
166s DeviceModule:MoveRandom(): New position: (73, 69)
167s DeviceModule:MoveRandom(): New position: (73, 68)
168s DeviceModule:MoveRandom(): New position: (74, 68)
169s DeviceModule:MoveRandom(): New position: (75, 68)
170s DecisionModule:Run(): Run decision
170s DecisionModule:AnalyzingNetworks(): Current Network: 
       [Network #4, Technology = Wifi, Address = 02-06-00:00:00:00:00:06, { DataRate: 11, SignalStrength: 65, AntiFragility: 93}, IQ: 65]
170s DecisionModule:ShowAllNetworks(): All detected networks:
       [Network #4, Technology = Wifi, Address = 02-06-00:00:00:00:00:06, { DataRate: 11, SignalStrength: 65, AntiFragility: 93}, IQ: 65]
       [Network #3, Technology = Wifi, Address = 02-06-00:00:00:00:00:05, { DataRate: 12, SignalStrength: 69, AntiFragility: 90}, IQ: 65]
       [Network #0, Technology = Wifi, Address = 02-06-00:00:00:00:00:02, { DataRate: 58, SignalStrength: 77, AntiFragility: 52}, IQ: 59]
       [Network #1, Technology = Wifi, Address = 02-06-00:00:00:00:00:03, { DataRate: 71, SignalStrength: 15, AntiFragility: 45}, IQ: 44]
       [Network #2, Technology = Wifi, Address = 02-06-00:00:00:00:00:04, { DataRate: 82, SignalStrength: 12, AntiFragility: 36}, IQ: 41]
       [Network #8, Technology = Wimax, Address = 02-06-00:00:00:00:00:0b, { DataRate: 75, SignalStrength: 27, AntiFragility: 30}, IQ: 40]
       [Network #9, Technology = Wimax, Address = 02-06-00:00:00:00:00:0c, { DataRate: 57, SignalStrength: 8, AntiFragility: 45}, IQ: 38]
       [Network #7, Technology = Wifi, Address = 02-06-00:00:00:00:00:09, { DataRate: 18, SignalStrength: 45, AntiFragility: 21}, IQ: 26]
       [Network #6, Technology = Wifi, Address = 02-06-00:00:00:00:00:08, { DataRate: 12, SignalStrength: 31, AntiFragility: 28}, IQ: 24]
       [Network #5, Technology = Wifi, Address = 02-06-00:00:00:00:00:07, { DataRate: 10, SignalStrength: 37, AntiFragility: 20}, IQ: 21]
170s ExecutionModule:Run(): Decision time => Seconds: 0, Miliseconds: 504
170s ExecutionModule:Run(): Handover time => Seconds: 0, Miliseconds: 204
170s ExecutionModule:Run(): Event: Horizontal Handover.
170s DeviceModule:MoveRandom(): New position: (75, 69)
171s DeviceModule:MoveRandom(): New position: (76, 69)
172s DeviceModule:MoveRandom(): New position: (75, 69)
173s DeviceModule:MoveRandom(): New position: (75, 68)
174s DeviceModule:MoveRandom(): New position: (74, 68)
175s DeviceModule:MoveRandom(): New position: (75, 68)
176s DeviceModule:MoveRandom(): New position: (74, 68)
177s DeviceModule:MoveRandom(): New position: (75, 68)
178s DeviceModule:MoveRandom(): New position: (74, 68)
179s DeviceModule:MoveRandom(): New position: (74, 67)
180s DecisionModule:Run(): Run decision
180s DecisionModule:AnalyzingNetworks(): Current Network: 
       [Network #1, Technology = Wifi, Address = 02-06-00:00:00:00:00:03, { DataRate: 68, SignalStrength: 2, AntiFragility: 98}, IQ: 66]
180s DecisionModule:ShowAllNetworks(): All detected networks:
       [Network #1, Technology = Wifi, Address = 02-06-00:00:00:00:00:03, { DataRate: 68, SignalStrength: 2, AntiFragility: 98}, IQ: 66]
       [Network #3, Technology = Wifi, Address = 02-06-00:00:00:00:00:05, { DataRate: 80, SignalStrength: 88, AntiFragility: 47}, IQ: 65]
       [Network #2, Technology = Wifi, Address = 02-06-00:00:00:00:00:04, { DataRate: 90, SignalStrength: 90, AntiFragility: 39}, IQ: 64]
       [Network #5, Technology = Wifi, Address = 02-06-00:00:00:00:00:07, { DataRate: 99, SignalStrength: 86, AntiFragility: 27}, IQ: 59]
       [Network #4, Technology = Wifi, Address = 02-06-00:00:00:00:00:06, { DataRate: 62, SignalStrength: 41, AntiFragility: 66}, IQ: 58]
       [Network #9, Technology = Wimax, Address = 02-06-00:00:00:00:00:0c, { DataRate: 94, SignalStrength: 83, AntiFragility: 19}, IQ: 53]
       [Network #0, Technology = Wifi, Address = 02-06-00:00:00:00:00:02, { DataRate: 55, SignalStrength: 12, AntiFragility: 58}, IQ: 45]
       [Network #6, Technology = Wifi, Address = 02-06-00:00:00:00:00:08, { DataRate: 88, SignalStrength: 42, AntiFragility: 21}, IQ: 43]
       [Network #7, Technology = Wifi, Address = 02-06-00:00:00:00:00:09, { DataRate: 73, SignalStrength: 86, AntiFragility: 4}, IQ: 41]
       [Network #8, Technology = Wimax, Address = 02-06-00:00:00:00:00:0b, { DataRate: 50, SignalStrength: 28, AntiFragility: 16}, IQ: 27]
180s ExecutionModule:Run(): Decision time => Seconds: 0, Miliseconds: 203
180s ExecutionModule:Run(): Handover time => Seconds: 0, Miliseconds: 121
180s ExecutionModule:Run(): Event: Horizontal Handover.
180s DeviceModule:MoveRandom(): New position: (73, 67)
181s DeviceModule:MoveRandom(): New position: (73, 66)
182s DeviceModule:MoveRandom(): New position: (72, 66)
183s DeviceModule:MoveRandom(): New position: (72, 67)
184s DeviceModule:MoveRandom(): New position: (72, 68)
185s DeviceModule:MoveRandom(): New position: (72, 69)
186s DeviceModule:MoveRandom(): New position: (71, 69)
187s DeviceModule:MoveRandom(): New position: (71, 70)
188s DeviceModule:MoveRandom(): New position: (71, 71)
189s DeviceModule:MoveRandom(): New position: (71, 70)
190s DecisionModule:Run(): Run decision
190s DecisionModule:AnalyzingNetworks(): Current Network: 
       [Network #7, Technology = Wifi, Address = 02-06-00:00:00:00:00:09, { DataRate: 67, SignalStrength: 36, AntiFragility: 98}, IQ: 74]
190s DecisionModule:ShowAllNetworks(): All detected networks:
       [Network #7, Technology = Wifi, Address = 02-06-00:00:00:00:00:09, { DataRate: 67, SignalStrength: 36, AntiFragility: 98}, IQ: 74]
       [Network #9, Technology = Wimax, Address = 02-06-00:00:00:00:00:0c, { DataRate: 49, SignalStrength: 31, AntiFragility: 98}, IQ: 69]
       [Network #8, Technology = Wimax, Address = 02-06-00:00:00:00:00:0b, { DataRate: 71, SignalStrength: 21, AntiFragility: 89}, IQ: 67]
       [Network #1, Technology = Wifi, Address = 02-06-00:00:00:00:00:03, { DataRate: 23, SignalStrength: 33, AntiFragility: 90}, IQ: 59]
       [Network #5, Technology = Wifi, Address = 02-06-00:00:00:00:00:07, { DataRate: 79, SignalStrength: 38, AntiFragility: 58}, IQ: 58]
       [Network #2, Technology = Wifi, Address = 02-06-00:00:00:00:00:04, { DataRate: 11, SignalStrength: 41, AntiFragility: 83}, IQ: 54]
       [Network #4, Technology = Wifi, Address = 02-06-00:00:00:00:00:06, { DataRate: 3, SignalStrength: 97, AntiFragility: 19}, IQ: 34]
       [Network #0, Technology = Wifi, Address = 02-06-00:00:00:00:00:02, { DataRate: 7, SignalStrength: 86, AntiFragility: 16}, IQ: 31]
       [Network #3, Technology = Wifi, Address = 02-06-00:00:00:00:00:05, { DataRate: 36, SignalStrength: 14, AntiFragility: 28}, IQ: 26]
       [Network #6, Technology = Wifi, Address = 02-06-00:00:00:00:00:08, { DataRate: 12, SignalStrength: 32, AntiFragility: 15}, IQ: 18]
190s ExecutionModule:Run(): Decision time => Seconds: 0, Miliseconds: 203
190s ExecutionModule:Run(): Handover time => Seconds: 0, Miliseconds: 120
190s ExecutionModule:Run(): Event: Horizontal Handover.
190s DeviceModule:MoveRandom(): New position: (70, 70)
191s DeviceModule:MoveRandom(): New position: (69, 70)
192s DeviceModule:MoveRandom(): New position: (68, 70)
193s DeviceModule:MoveRandom(): New position: (68, 71)
194s DeviceModule:MoveRandom(): New position: (67, 71)
195s DeviceModule:MoveRandom(): New position: (67, 70)
196s DeviceModule:MoveRandom(): New position: (68, 70)
197s DeviceModule:MoveRandom(): New position: (68, 71)
198s DeviceModule:MoveRandom(): New position: (68, 72)
199s DeviceModule:MoveRandom(): New position: (68, 73)
