Waf: Entering directory `/home/renan/Documents/NR2/ns-allinone-3.20/ns-3.20/build'
Waf: Leaving directory `/home/renan/Documents/NR2/ns-allinone-3.20/ns-3.20/build'
'build' finished successfully (1.928s)
0s NetworkModule:SetPosition(): Network 0 set position => (5, 41)
0s NetworkModule:SetRange(): Network 0 set range => 100
0s NetworkModule:SetPosition(): Network 1 set position => (137, 11)
0s NetworkModule:SetRange(): Network 1 set range => 100
0s NetworkModule:SetPosition(): Network 2 set position => (81, 125)
0s NetworkModule:SetRange(): Network 2 set range => 100
0s NetworkModule:SetPosition(): Network 3 set position => (48, 111)
0s NetworkModule:SetRange(): Network 3 set range => 100
0s NetworkModule:SetPosition(): Network 4 set position => (134, 131)
0s NetworkModule:SetRange(): Network 4 set range => 100
0s NetworkModule:SetPosition(): Network 5 set position => (34, 15)
0s NetworkModule:SetRange(): Network 5 set range => 100
0s NetworkModule:SetPosition(): Network 6 set position => (37, 7)
0s NetworkModule:SetRange(): Network 6 set range => 100
0s NetworkModule:SetPosition(): Network 7 set position => (48, 1)
0s NetworkModule:SetRange(): Network 7 set range => 100
0s NetworkModule:SetPosition(): Network 8 set position => (143, 137)
0s NetworkModule:SetRange(): Network 8 set range => 100
0s NetworkModule:SetPosition(): Network 9 set position => (2, 51)
0s NetworkModule:SetRange(): Network 9 set range => 100
0s DeviceModule:ConfigureMobility(): Device [init x = 75, init y = 75, max = 150, velocity = 1]
1s DeviceModule:MoveRandom(): New position: (74, 75)
1s DecisionModule:AddNetworkToList(): Network detected
1s DecisionModule:AddNetworkToList(): Network detected
1s DecisionModule:AddNetworkToList(): Network detected
1s DecisionModule:AddNetworkToList(): Network detected
1s DecisionModule:AddNetworkToList(): Network detected
1s DecisionModule:AddNetworkToList(): Network detected
1s DecisionModule:AddNetworkToList(): Network detected
1s DecisionModule:AddNetworkToList(): Network detected
1s DecisionModule:AddNetworkToList(): Network detected
1s DecisionModule:AddNetworkToList(): Network detected
2s DeviceModule:MoveRandom(): New position: (74, 76)
3s DeviceModule:MoveRandom(): New position: (75, 76)
4s DeviceModule:MoveRandom(): New position: (75, 77)
5s DeviceModule:MoveRandom(): New position: (75, 78)
6s DeviceModule:MoveRandom(): New position: (75, 77)
7s DeviceModule:MoveRandom(): New position: (75, 78)
8s DeviceModule:MoveRandom(): New position: (74, 78)
9s DeviceModule:MoveRandom(): New position: (74, 79)
10s DecisionModule:Run(): Run decision
10s DecisionModule:AnalyzingNetworks(): Current Network: 
       [Network #7, Technology = Wifi, Address = 02-06-00:00:00:00:00:09, { DataRate: 66, SignalStrength: 64, AntiFragility: 84}, IQ: 74]
10s DecisionModule:ShowAllNetworks(): All detected networks:
       [Network #7, Technology = Wifi, Address = 02-06-00:00:00:00:00:09, { DataRate: 66, SignalStrength: 64, AntiFragility: 84}, IQ: 74]
       [Network #6, Technology = Wifi, Address = 02-06-00:00:00:00:00:08, { DataRate: 69, SignalStrength: 34, AntiFragility: 94}, IQ: 72]
       [Network #0, Technology = Wifi, Address = 02-06-00:00:00:00:00:02, { DataRate: 59, SignalStrength: 12, AntiFragility: 94}, IQ: 64]
       [Network #2, Technology = Wifi, Address = 02-06-00:00:00:00:00:04, { DataRate: 89, SignalStrength: 11, AntiFragility: 61}, IQ: 55]
       [Network #8, Technology = Wimax, Address = 02-06-00:00:00:00:00:0b, { DataRate: 12, SignalStrength: 91, AntiFragility: 57}, IQ: 54]
       [Network #4, Technology = Wifi, Address = 02-06-00:00:00:00:00:06, { DataRate: 30, SignalStrength: 2, AntiFragility: 91}, IQ: 53]
       [Network #1, Technology = Wifi, Address = 02-06-00:00:00:00:00:03, { DataRate: 77, SignalStrength: 72, AntiFragility: 20}, IQ: 47]
       [Network #3, Technology = Wifi, Address = 02-06-00:00:00:00:00:05, { DataRate: 3, SignalStrength: 92, AntiFragility: 44}, IQ: 45]
       [Network #5, Technology = Wifi, Address = 02-06-00:00:00:00:00:07, { DataRate: 51, SignalStrength: 71, AntiFragility: 27}, IQ: 44]
       [Network #9, Technology = Wimax, Address = 02-06-00:00:00:00:00:0c, { DataRate: 63, SignalStrength: 90, AntiFragility: 4}, IQ: 40]
10s DeviceModule:MoveRandom(): New position: (74, 78)
11s DeviceModule:MoveRandom(): New position: (74, 79)
12s DeviceModule:MoveRandom(): New position: (75, 79)
13s DeviceModule:MoveRandom(): New position: (75, 80)
14s DeviceModule:MoveRandom(): New position: (76, 80)
15s DeviceModule:MoveRandom(): New position: (76, 79)
16s DeviceModule:MoveRandom(): New position: (77, 79)
17s DeviceModule:MoveRandom(): New position: (77, 78)
18s DeviceModule:MoveRandom(): New position: (77, 79)
19s DeviceModule:MoveRandom(): New position: (76, 79)
20s DecisionModule:Run(): Run decision
20s DecisionModule:AnalyzingNetworks(): Current Network: 
       [Network #1, Technology = Wifi, Address = 02-06-00:00:00:00:00:03, { DataRate: 50, SignalStrength: 55, AntiFragility: 92}, IQ: 72]
20s DecisionModule:ShowAllNetworks(): All detected networks:
       [Network #1, Technology = Wifi, Address = 02-06-00:00:00:00:00:03, { DataRate: 50, SignalStrength: 55, AntiFragility: 92}, IQ: 72]
       [Network #3, Technology = Wifi, Address = 02-06-00:00:00:00:00:05, { DataRate: 93, SignalStrength: 17, AntiFragility: 89}, IQ: 72]
       [Network #2, Technology = Wifi, Address = 02-06-00:00:00:00:00:04, { DataRate: 26, SignalStrength: 65, AntiFragility: 97}, IQ: 71]
       [Network #9, Technology = Wimax, Address = 02-06-00:00:00:00:00:0c, { DataRate: 36, SignalStrength: 45, AntiFragility: 86}, IQ: 63]
       [Network #0, Technology = Wifi, Address = 02-06-00:00:00:00:00:02, { DataRate: 28, SignalStrength: 15, AntiFragility: 99}, IQ: 60]
       [Network #6, Technology = Wifi, Address = 02-06-00:00:00:00:00:08, { DataRate: 26, SignalStrength: 59, AntiFragility: 64}, IQ: 53]
       [Network #7, Technology = Wifi, Address = 02-06-00:00:00:00:00:09, { DataRate: 69, SignalStrength: 2, AntiFragility: 67}, IQ: 51]
       [Network #4, Technology = Wifi, Address = 02-06-00:00:00:00:00:06, { DataRate: 70, SignalStrength: 47, AntiFragility: 30}, IQ: 44]
       [Network #5, Technology = Wifi, Address = 02-06-00:00:00:00:00:07, { DataRate: 23, SignalStrength: 82, AntiFragility: 10}, IQ: 31]
       [Network #8, Technology = Wimax, Address = 02-06-00:00:00:00:00:0b, { DataRate: 27, SignalStrength: 89, AntiFragility: 5}, IQ: 31]
20s ExecutionModule:Run(): Decision time => Seconds: 0, Miliseconds: 225
20s ExecutionModule:Run(): Handover time => Seconds: 0, Miliseconds: 176
20s ExecutionModule:Run(): Event: Horizontal Handover.
20s DeviceModule:MoveRandom(): New position: (75, 79)
21s DeviceModule:MoveRandom(): New position: (75, 80)
22s DeviceModule:MoveRandom(): New position: (75, 79)
23s DeviceModule:MoveRandom(): New position: (74, 79)
24s DeviceModule:MoveRandom(): New position: (75, 79)
25s DeviceModule:MoveRandom(): New position: (76, 79)
26s DeviceModule:MoveRandom(): New position: (76, 80)
27s DeviceModule:MoveRandom(): New position: (76, 81)
28s DeviceModule:MoveRandom(): New position: (75, 81)
29s DeviceModule:MoveRandom(): New position: (75, 80)
30s DecisionModule:Run(): Run decision
30s DecisionModule:AnalyzingNetworks(): Current Network: 
       [Network #6, Technology = Wifi, Address = 02-06-00:00:00:00:00:08, { DataRate: 58, SignalStrength: 91, AntiFragility: 87}, IQ: 80]
30s DecisionModule:ShowAllNetworks(): All detected networks:
       [Network #6, Technology = Wifi, Address = 02-06-00:00:00:00:00:08, { DataRate: 58, SignalStrength: 91, AntiFragility: 87}, IQ: 80]
       [Network #8, Technology = Wimax, Address = 02-06-00:00:00:00:00:0b, { DataRate: 97, SignalStrength: 86, AntiFragility: 61}, IQ: 76]
       [Network #1, Technology = Wifi, Address = 02-06-00:00:00:00:00:03, { DataRate: 49, SignalStrength: 65, AntiFragility: 75}, IQ: 66]
       [Network #3, Technology = Wifi, Address = 02-06-00:00:00:00:00:05, { DataRate: 47, SignalStrength: 36, AntiFragility: 90}, IQ: 65]
       [Network #2, Technology = Wifi, Address = 02-06-00:00:00:00:00:04, { DataRate: 45, SignalStrength: 13, AntiFragility: 86}, IQ: 57]
       [Network #4, Technology = Wifi, Address = 02-06-00:00:00:00:00:06, { DataRate: 69, SignalStrength: 4, AntiFragility: 78}, IQ: 57]
       [Network #5, Technology = Wifi, Address = 02-06-00:00:00:00:00:07, { DataRate: 76, SignalStrength: 44, AntiFragility: 28}, IQ: 44]
       [Network #7, Technology = Wifi, Address = 02-06-00:00:00:00:00:09, { DataRate: 32, SignalStrength: 94, AntiFragility: 21}, IQ: 42]
       [Network #0, Technology = Wifi, Address = 02-06-00:00:00:00:00:02, { DataRate: 16, SignalStrength: 70, AntiFragility: 37}, IQ: 40]
       [Network #9, Technology = Wimax, Address = 02-06-00:00:00:00:00:0c, { DataRate: 44, SignalStrength: 20, AntiFragility: 16}, IQ: 24]
30s ExecutionModule:Run(): Decision time => Seconds: 0, Miliseconds: 241
30s ExecutionModule:Run(): Handover time => Seconds: 0, Miliseconds: 332
30s ExecutionModule:Run(): Event: Horizontal Handover.
30s DeviceModule:MoveRandom(): New position: (76, 80)
31s DeviceModule:MoveRandom(): New position: (75, 80)
32s DeviceModule:MoveRandom(): New position: (76, 80)
33s DeviceModule:MoveRandom(): New position: (77, 80)
34s DeviceModule:MoveRandom(): New position: (78, 80)
35s DeviceModule:MoveRandom(): New position: (78, 79)
36s DeviceModule:MoveRandom(): New position: (78, 78)
37s DeviceModule:MoveRandom(): New position: (78, 79)
38s DeviceModule:MoveRandom(): New position: (79, 79)
39s DeviceModule:MoveRandom(): New position: (78, 79)
40s DecisionModule:Run(): Run decision
40s DecisionModule:AnalyzingNetworks(): Current Network: 
       [Network #5, Technology = Wifi, Address = 02-06-00:00:00:00:00:07, { DataRate: 39, SignalStrength: 86, AntiFragility: 84}, IQ: 73]
40s DecisionModule:ShowAllNetworks(): All detected networks:
       [Network #5, Technology = Wifi, Address = 02-06-00:00:00:00:00:07, { DataRate: 39, SignalStrength: 86, AntiFragility: 84}, IQ: 73]
       [Network #6, Technology = Wifi, Address = 02-06-00:00:00:00:00:08, { DataRate: 17, SignalStrength: 86, AntiFragility: 90}, IQ: 70]
       [Network #3, Technology = Wifi, Address = 02-06-00:00:00:00:00:05, { DataRate: 98, SignalStrength: 52, AntiFragility: 60}, IQ: 67]
       [Network #9, Technology = Wimax, Address = 02-06-00:00:00:00:00:0c, { DataRate: 37, SignalStrength: 80, AntiFragility: 76}, IQ: 67]
       [Network #2, Technology = Wifi, Address = 02-06-00:00:00:00:00:04, { DataRate: 72, SignalStrength: 85, AntiFragility: 44}, IQ: 61]
       [Network #1, Technology = Wifi, Address = 02-06-00:00:00:00:00:03, { DataRate: 70, SignalStrength: 87, AntiFragility: 42}, IQ: 60]
       [Network #8, Technology = Wimax, Address = 02-06-00:00:00:00:00:0b, { DataRate: 4, SignalStrength: 94, AntiFragility: 47}, IQ: 48]
       [Network #0, Technology = Wifi, Address = 02-06-00:00:00:00:00:02, { DataRate: 70, SignalStrength: 36, AntiFragility: 33}, IQ: 43]
       [Network #4, Technology = Wifi, Address = 02-06-00:00:00:00:00:06, { DataRate: 63, SignalStrength: 27, AntiFragility: 42}, IQ: 43]
       [Network #7, Technology = Wifi, Address = 02-06-00:00:00:00:00:09, { DataRate: 13, SignalStrength: 19, AntiFragility: 26}, IQ: 21]
40s ExecutionModule:Run(): Decision time => Seconds: 0, Miliseconds: 204
40s ExecutionModule:Run(): Handover time => Seconds: 0, Miliseconds: 119
40s ExecutionModule:Run(): Event: Horizontal Handover.
40s DeviceModule:MoveRandom(): New position: (78, 80)
41s DeviceModule:MoveRandom(): New position: (77, 80)
42s DeviceModule:MoveRandom(): New position: (77, 79)
43s DeviceModule:MoveRandom(): New position: (78, 79)
44s DeviceModule:MoveRandom(): New position: (78, 80)
45s DeviceModule:MoveRandom(): New position: (78, 79)
46s DeviceModule:MoveRandom(): New position: (79, 79)
47s DeviceModule:MoveRandom(): New position: (78, 79)
48s DeviceModule:MoveRandom(): New position: (78, 80)
49s DeviceModule:MoveRandom(): New position: (78, 79)
50s DecisionModule:Run(): Run decision
50s DecisionModule:AnalyzingNetworks(): Current Network: 
       [Network #0, Technology = Wifi, Address = 02-06-00:00:00:00:00:02, { DataRate: 62, SignalStrength: 89, AntiFragility: 88}, IQ: 81]
50s DecisionModule:ShowAllNetworks(): All detected networks:
       [Network #0, Technology = Wifi, Address = 02-06-00:00:00:00:00:02, { DataRate: 62, SignalStrength: 89, AntiFragility: 88}, IQ: 81]
       [Network #6, Technology = Wifi, Address = 02-06-00:00:00:00:00:08, { DataRate: 68, SignalStrength: 72, AntiFragility: 89}, IQ: 79]
       [Network #3, Technology = Wifi, Address = 02-06-00:00:00:00:00:05, { DataRate: 52, SignalStrength: 26, AntiFragility: 91}, IQ: 65]
       [Network #1, Technology = Wifi, Address = 02-06-00:00:00:00:00:03, { DataRate: 6, SignalStrength: 33, AntiFragility: 96}, IQ: 57]
       [Network #9, Technology = Wimax, Address = 02-06-00:00:00:00:00:0c, { DataRate: 64, SignalStrength: 58, AntiFragility: 49}, IQ: 55]
       [Network #8, Technology = Wimax, Address = 02-06-00:00:00:00:00:0b, { DataRate: 44, SignalStrength: 72, AntiFragility: 44}, IQ: 51]
       [Network #2, Technology = Wifi, Address = 02-06-00:00:00:00:00:04, { DataRate: 36, SignalStrength: 31, AntiFragility: 67}, IQ: 50]
       [Network #4, Technology = Wifi, Address = 02-06-00:00:00:00:00:06, { DataRate: 6, SignalStrength: 68, AntiFragility: 51}, IQ: 44]
       [Network #5, Technology = Wifi, Address = 02-06-00:00:00:00:00:07, { DataRate: 69, SignalStrength: 13, AntiFragility: 42}, IQ: 41]
       [Network #7, Technology = Wifi, Address = 02-06-00:00:00:00:00:09, { DataRate: 78, SignalStrength: 1, AntiFragility: 39}, IQ: 39]
50s ExecutionModule:Run(): Decision time => Seconds: 0, Miliseconds: 220
50s ExecutionModule:Run(): Handover time => Seconds: 0, Miliseconds: 122
50s ExecutionModule:Run(): Event: Horizontal Handover.
50s DeviceModule:MoveRandom(): New position: (77, 79)
51s DeviceModule:MoveRandom(): New position: (77, 78)
52s DeviceModule:MoveRandom(): New position: (77, 79)
53s DeviceModule:MoveRandom(): New position: (78, 79)
54s DeviceModule:MoveRandom(): New position: (79, 79)
55s DeviceModule:MoveRandom(): New position: (80, 79)
56s DeviceModule:MoveRandom(): New position: (80, 78)
57s DeviceModule:MoveRandom(): New position: (79, 78)
58s DeviceModule:MoveRandom(): New position: (78, 78)
59s DeviceModule:MoveRandom(): New position: (79, 78)
60s DecisionModule:Run(): Run decision
60s DecisionModule:AnalyzingNetworks(): Current Network: 
       [Network #5, Technology = Wifi, Address = 02-06-00:00:00:00:00:07, { DataRate: 33, SignalStrength: 88, AntiFragility: 99}, IQ: 79]
60s DecisionModule:ShowAllNetworks(): All detected networks:
       [Network #5, Technology = Wifi, Address = 02-06-00:00:00:00:00:07, { DataRate: 33, SignalStrength: 88, AntiFragility: 99}, IQ: 79]
       [Network #9, Technology = Wimax, Address = 02-06-00:00:00:00:00:0c, { DataRate: 59, SignalStrength: 76, AntiFragility: 64}, IQ: 65]
       [Network #1, Technology = Wifi, Address = 02-06-00:00:00:00:00:03, { DataRate: 73, SignalStrength: 20, AntiFragility: 66}, IQ: 56]
       [Network #8, Technology = Wimax, Address = 02-06-00:00:00:00:00:0b, { DataRate: 86, SignalStrength: 18, AntiFragility: 60}, IQ: 56]
       [Network #4, Technology = Wifi, Address = 02-06-00:00:00:00:00:06, { DataRate: 45, SignalStrength: 76, AntiFragility: 45}, IQ: 52]
       [Network #7, Technology = Wifi, Address = 02-06-00:00:00:00:00:09, { DataRate: 60, SignalStrength: 55, AntiFragility: 41}, IQ: 49]
       [Network #0, Technology = Wifi, Address = 02-06-00:00:00:00:00:02, { DataRate: 20, SignalStrength: 57, AntiFragility: 53}, IQ: 45]
       [Network #2, Technology = Wifi, Address = 02-06-00:00:00:00:00:04, { DataRate: 67, SignalStrength: 81, AntiFragility: 8}, IQ: 41]
       [Network #6, Technology = Wifi, Address = 02-06-00:00:00:00:00:08, { DataRate: 31, SignalStrength: 27, AntiFragility: 50}, IQ: 39]
       [Network #3, Technology = Wifi, Address = 02-06-00:00:00:00:00:05, { DataRate: 31, SignalStrength: 11, AntiFragility: 26}, IQ: 23]
60s ExecutionModule:Run(): Decision time => Seconds: 0, Miliseconds: 210
60s ExecutionModule:Run(): Handover time => Seconds: 0, Miliseconds: 119
60s ExecutionModule:Run(): Event: Horizontal Handover.
60s DeviceModule:MoveRandom(): New position: (80, 78)
61s DeviceModule:MoveRandom(): New position: (80, 79)
62s DeviceModule:MoveRandom(): New position: (79, 79)
63s DeviceModule:MoveRandom(): New position: (78, 79)
64s DeviceModule:MoveRandom(): New position: (77, 79)
65s DeviceModule:MoveRandom(): New position: (77, 78)
66s DeviceModule:MoveRandom(): New position: (76, 78)
67s DeviceModule:MoveRandom(): New position: (76, 79)
68s DeviceModule:MoveRandom(): New position: (75, 79)
69s DeviceModule:MoveRandom(): New position: (75, 78)
70s DecisionModule:Run(): Run decision
70s DecisionModule:AnalyzingNetworks(): Current Network: 
       [Network #7, Technology = Wifi, Address = 02-06-00:00:00:00:00:09, { DataRate: 52, SignalStrength: 73, AntiFragility: 76}, IQ: 69]
70s DecisionModule:ShowAllNetworks(): All detected networks:
       [Network #7, Technology = Wifi, Address = 02-06-00:00:00:00:00:09, { DataRate: 52, SignalStrength: 73, AntiFragility: 76}, IQ: 69]
       [Network #0, Technology = Wifi, Address = 02-06-00:00:00:00:00:02, { DataRate: 88, SignalStrength: 32, AntiFragility: 64}, IQ: 62]
       [Network #2, Technology = Wifi, Address = 02-06-00:00:00:00:00:04, { DataRate: 28, SignalStrength: 27, AntiFragility: 67}, IQ: 47]
       [Network #3, Technology = Wifi, Address = 02-06-00:00:00:00:00:05, { DataRate: 23, SignalStrength: 78, AntiFragility: 38}, IQ: 44]
       [Network #1, Technology = Wifi, Address = 02-06-00:00:00:00:00:03, { DataRate: 95, SignalStrength: 32, AntiFragility: 23}, IQ: 43]
       [Network #8, Technology = Wimax, Address = 02-06-00:00:00:00:00:0b, { DataRate: 89, SignalStrength: 64, AntiFragility: 5}, IQ: 40]
       [Network #4, Technology = Wifi, Address = 02-06-00:00:00:00:00:06, { DataRate: 7, SignalStrength: 81, AntiFragility: 18}, IQ: 31]
       [Network #5, Technology = Wifi, Address = 02-06-00:00:00:00:00:07, { DataRate: 64, SignalStrength: 11, AntiFragility: 19}, IQ: 28]
       [Network #6, Technology = Wifi, Address = 02-06-00:00:00:00:00:08, { DataRate: 14, SignalStrength: 3, AntiFragility: 44}, IQ: 26]
       [Network #9, Technology = Wimax, Address = 02-06-00:00:00:00:00:0c, { DataRate: 38, SignalStrength: 41, AntiFragility: 12}, IQ: 25]
70s ExecutionModule:Run(): Decision time => Seconds: 0, Miliseconds: 205
70s ExecutionModule:Run(): Handover time => Seconds: 0, Miliseconds: 119
70s ExecutionModule:Run(): Event: Horizontal Handover.
70s DeviceModule:MoveRandom(): New position: (74, 78)
71s DeviceModule:MoveRandom(): New position: (73, 78)
72s DeviceModule:MoveRandom(): New position: (72, 78)
73s DeviceModule:MoveRandom(): New position: (71, 78)
74s DeviceModule:MoveRandom(): New position: (71, 79)
75s DeviceModule:MoveRandom(): New position: (71, 78)
76s DeviceModule:MoveRandom(): New position: (71, 77)
77s DeviceModule:MoveRandom(): New position: (71, 76)
78s DeviceModule:MoveRandom(): New position: (72, 76)
79s DeviceModule:MoveRandom(): New position: (72, 75)
80s DecisionModule:Run(): Run decision
80s DecisionModule:AnalyzingNetworks(): Current Network: 
       [Network #9, Technology = Wimax, Address = 02-06-00:00:00:00:00:0c, { DataRate: 68, SignalStrength: 41, AntiFragility: 69}, IQ: 61]
80s DecisionModule:ShowAllNetworks(): All detected networks:
       [Network #9, Technology = Wimax, Address = 02-06-00:00:00:00:00:0c, { DataRate: 68, SignalStrength: 41, AntiFragility: 69}, IQ: 61]
       [Network #5, Technology = Wifi, Address = 02-06-00:00:00:00:00:07, { DataRate: 56, SignalStrength: 57, AntiFragility: 63}, IQ: 59]
       [Network #7, Technology = Wifi, Address = 02-06-00:00:00:00:00:09, { DataRate: 63, SignalStrength: 86, AntiFragility: 41}, IQ: 57]
       [Network #6, Technology = Wifi, Address = 02-06-00:00:00:00:00:08, { DataRate: 65, SignalStrength: 87, AntiFragility: 37}, IQ: 56]
       [Network #1, Technology = Wifi, Address = 02-06-00:00:00:00:00:03, { DataRate: 43, SignalStrength: 97, AntiFragility: 41}, IQ: 55]
       [Network #2, Technology = Wifi, Address = 02-06-00:00:00:00:00:04, { DataRate: 48, SignalStrength: 59, AntiFragility: 49}, IQ: 51]
       [Network #8, Technology = Wimax, Address = 02-06-00:00:00:00:00:0b, { DataRate: 5, SignalStrength: 36, AntiFragility: 76}, IQ: 48]
       [Network #3, Technology = Wifi, Address = 02-06-00:00:00:00:00:05, { DataRate: 60, SignalStrength: 40, AntiFragility: 29}, IQ: 39]
       [Network #0, Technology = Wifi, Address = 02-06-00:00:00:00:00:02, { DataRate: 5, SignalStrength: 57, AntiFragility: 44}, IQ: 37]
       [Network #4, Technology = Wifi, Address = 02-06-00:00:00:00:00:06, { DataRate: 88, SignalStrength: 13, AntiFragility: 8}, IQ: 29]
80s ExecutionModule:Run(): Decision time => Seconds: 0, Miliseconds: 222
80s ExecutionModule:Run(): Handover time => Seconds: 0, Miliseconds: 44
80s ExecutionModule:Run(): Event: Vertical Handover.
80s DeviceModule:MoveRandom(): New position: (72, 76)
81s DeviceModule:MoveRandom(): New position: (71, 76)
82s DeviceModule:MoveRandom(): New position: (72, 76)
83s DeviceModule:MoveRandom(): New position: (72, 77)
84s DeviceModule:MoveRandom(): New position: (71, 77)
85s DeviceModule:MoveRandom(): New position: (72, 77)
86s DeviceModule:MoveRandom(): New position: (71, 77)
87s DeviceModule:MoveRandom(): New position: (70, 77)
88s DeviceModule:MoveRandom(): New position: (70, 78)
89s DeviceModule:MoveRandom(): New position: (70, 77)
90s DecisionModule:Run(): Run decision
90s DecisionModule:AnalyzingNetworks(): Current Network: 
       [Network #2, Technology = Wifi, Address = 02-06-00:00:00:00:00:04, { DataRate: 99, SignalStrength: 25, AntiFragility: 78}, IQ: 70]
90s DecisionModule:ShowAllNetworks(): All detected networks:
       [Network #2, Technology = Wifi, Address = 02-06-00:00:00:00:00:04, { DataRate: 99, SignalStrength: 25, AntiFragility: 78}, IQ: 70]
       [Network #6, Technology = Wifi, Address = 02-06-00:00:00:00:00:08, { DataRate: 19, SignalStrength: 94, AntiFragility: 82}, IQ: 69]
       [Network #5, Technology = Wifi, Address = 02-06-00:00:00:00:00:07, { DataRate: 22, SignalStrength: 32, AntiFragility: 83}, IQ: 55]
       [Network #1, Technology = Wifi, Address = 02-06-00:00:00:00:00:03, { DataRate: 96, SignalStrength: 82, AntiFragility: 8}, IQ: 48]
       [Network #4, Technology = Wifi, Address = 02-06-00:00:00:00:00:06, { DataRate: 76, SignalStrength: 33, AntiFragility: 41}, IQ: 47]
       [Network #7, Technology = Wifi, Address = 02-06-00:00:00:00:00:09, { DataRate: 37, SignalStrength: 4, AntiFragility: 66}, IQ: 43]
       [Network #8, Technology = Wimax, Address = 02-06-00:00:00:00:00:0b, { DataRate: 29, SignalStrength: 95, AntiFragility: 20}, IQ: 41]
       [Network #9, Technology = Wimax, Address = 02-06-00:00:00:00:00:0c, { DataRate: 60, SignalStrength: 28, AntiFragility: 29}, IQ: 36]
       [Network #0, Technology = Wifi, Address = 02-06-00:00:00:00:00:02, { DataRate: 47, SignalStrength: 41, AntiFragility: 8}, IQ: 26]
       [Network #3, Technology = Wifi, Address = 02-06-00:00:00:00:00:05, { DataRate: 36, SignalStrength: 8, AntiFragility: 9}, IQ: 15]
90s ExecutionModule:Run(): Decision time => Seconds: 0, Miliseconds: 207
90s ExecutionModule:Run(): Handover time => Seconds: 0, Miliseconds: 31
90s ExecutionModule:Run(): Event: Vertical Handover.
90s DeviceModule:MoveRandom(): New position: (70, 78)
91s DeviceModule:MoveRandom(): New position: (69, 78)
92s DeviceModule:MoveRandom(): New position: (69, 79)
93s DeviceModule:MoveRandom(): New position: (70, 79)
94s DeviceModule:MoveRandom(): New position: (69, 79)
95s DeviceModule:MoveRandom(): New position: (70, 79)
96s DeviceModule:MoveRandom(): New position: (69, 79)
97s DeviceModule:MoveRandom(): New position: (68, 79)
98s DeviceModule:MoveRandom(): New position: (68, 78)
99s DeviceModule:MoveRandom(): New position: (68, 79)
100s DecisionModule:Run(): Run decision
100s DecisionModule:AnalyzingNetworks(): Current Network: 
       [Network #9, Technology = Wimax, Address = 02-06-00:00:00:00:00:0c, { DataRate: 40, SignalStrength: 94, AntiFragility: 88}, IQ: 77]
100s DecisionModule:ShowAllNetworks(): All detected networks:
       [Network #9, Technology = Wimax, Address = 02-06-00:00:00:00:00:0c, { DataRate: 40, SignalStrength: 94, AntiFragility: 88}, IQ: 77]
       [Network #3, Technology = Wifi, Address = 02-06-00:00:00:00:00:05, { DataRate: 36, SignalStrength: 71, AntiFragility: 88}, IQ: 70]
       [Network #5, Technology = Wifi, Address = 02-06-00:00:00:00:00:07, { DataRate: 44, SignalStrength: 44, AntiFragility: 90}, IQ: 67]
       [Network #4, Technology = Wifi, Address = 02-06-00:00:00:00:00:06, { DataRate: 81, SignalStrength: 38, AntiFragility: 47}, IQ: 53]
       [Network #0, Technology = Wifi, Address = 02-06-00:00:00:00:00:02, { DataRate: 60, SignalStrength: 25, AntiFragility: 57}, IQ: 49]
       [Network #6, Technology = Wifi, Address = 02-06-00:00:00:00:00:08, { DataRate: 75, SignalStrength: 21, AntiFragility: 46}, IQ: 47]
       [Network #7, Technology = Wifi, Address = 02-06-00:00:00:00:00:09, { DataRate: 2, SignalStrength: 76, AntiFragility: 53}, IQ: 46]
       [Network #8, Technology = Wimax, Address = 02-06-00:00:00:00:00:0b, { DataRate: 47, SignalStrength: 79, AntiFragility: 21}, IQ: 42]
       [Network #1, Technology = Wifi, Address = 02-06-00:00:00:00:00:03, { DataRate: 24, SignalStrength: 74, AntiFragility: 2}, IQ: 25]
       [Network #2, Technology = Wifi, Address = 02-06-00:00:00:00:00:04, { DataRate: 64, SignalStrength: 11, AntiFragility: 1}, IQ: 19]
100s ExecutionModule:Run(): Decision time => Seconds: 0, Miliseconds: 229
100s ExecutionModule:Run(): Handover time => Seconds: 0, Miliseconds: 31
100s ExecutionModule:Run(): Event: Vertical Handover.
100s DeviceModule:MoveRandom(): New position: (67, 79)
101s DeviceModule:MoveRandom(): New position: (67, 80)
102s DeviceModule:MoveRandom(): New position: (68, 80)
103s DeviceModule:MoveRandom(): New position: (68, 81)
104s DeviceModule:MoveRandom(): New position: (68, 80)
105s DeviceModule:MoveRandom(): New position: (67, 80)
106s DeviceModule:MoveRandom(): New position: (68, 80)
107s DeviceModule:MoveRandom(): New position: (68, 79)
108s DeviceModule:MoveRandom(): New position: (68, 80)
109s DeviceModule:MoveRandom(): New position: (68, 81)
110s DecisionModule:Run(): Run decision
110s DecisionModule:AnalyzingNetworks(): Current Network: 
       [Network #0, Technology = Wifi, Address = 02-06-00:00:00:00:00:02, { DataRate: 69, SignalStrength: 85, AntiFragility: 98}, IQ: 87]
110s DecisionModule:ShowAllNetworks(): All detected networks:
       [Network #0, Technology = Wifi, Address = 02-06-00:00:00:00:00:02, { DataRate: 69, SignalStrength: 85, AntiFragility: 98}, IQ: 87]
       [Network #5, Technology = Wifi, Address = 02-06-00:00:00:00:00:07, { DataRate: 86, SignalStrength: 64, AntiFragility: 83}, IQ: 79]
       [Network #7, Technology = Wifi, Address = 02-06-00:00:00:00:00:09, { DataRate: 54, SignalStrength: 68, AntiFragility: 94}, IQ: 77]
       [Network #6, Technology = Wifi, Address = 02-06-00:00:00:00:00:08, { DataRate: 54, SignalStrength: 43, AntiFragility: 79}, IQ: 63]
       [Network #4, Technology = Wifi, Address = 02-06-00:00:00:00:00:06, { DataRate: 53, SignalStrength: 20, AntiFragility: 79}, IQ: 57]
       [Network #3, Technology = Wifi, Address = 02-06-00:00:00:00:00:05, { DataRate: 33, SignalStrength: 76, AntiFragility: 44}, IQ: 49]
       [Network #8, Technology = Wimax, Address = 02-06-00:00:00:00:00:0b, { DataRate: 94, SignalStrength: 56, AntiFragility: 18}, IQ: 46]
       [Network #9, Technology = Wimax, Address = 02-06-00:00:00:00:00:0c, { DataRate: 36, SignalStrength: 82, AntiFragility: 21}, IQ: 40]
       [Network #1, Technology = Wifi, Address = 02-06-00:00:00:00:00:03, { DataRate: 7, SignalStrength: 91, AntiFragility: 4}, IQ: 26]
       [Network #2, Technology = Wifi, Address = 02-06-00:00:00:00:00:04, { DataRate: 31, SignalStrength: 43, AntiFragility: 10}, IQ: 23]
110s ExecutionModule:Run(): Decision time => Seconds: 0, Miliseconds: 203
110s ExecutionModule:Run(): Handover time => Seconds: 0, Miliseconds: 31
110s ExecutionModule:Run(): Event: Vertical Handover.
110s DeviceModule:MoveRandom(): New position: (68, 82)
111s DeviceModule:MoveRandom(): New position: (68, 83)
112s DeviceModule:MoveRandom(): New position: (68, 82)
113s DeviceModule:MoveRandom(): New position: (68, 83)
114s DeviceModule:MoveRandom(): New position: (68, 82)
115s DeviceModule:MoveRandom(): New position: (69, 82)
116s DeviceModule:MoveRandom(): New position: (69, 81)
117s DeviceModule:MoveRandom(): New position: (69, 80)
118s DeviceModule:MoveRandom(): New position: (69, 79)
119s DeviceModule:MoveRandom(): New position: (69, 80)
120s DecisionModule:Run(): Run decision
120s DecisionModule:AnalyzingNetworks(): Current Network: 
       [Network #2, Technology = Wifi, Address = 02-06-00:00:00:00:00:04, { DataRate: 78, SignalStrength: 42, AntiFragility: 62}, IQ: 61]
120s DecisionModule:ShowAllNetworks(): All detected networks:
       [Network #2, Technology = Wifi, Address = 02-06-00:00:00:00:00:04, { DataRate: 78, SignalStrength: 42, AntiFragility: 62}, IQ: 61]
       [Network #3, Technology = Wifi, Address = 02-06-00:00:00:00:00:05, { DataRate: 63, SignalStrength: 79, AntiFragility: 47}, IQ: 59]
       [Network #6, Technology = Wifi, Address = 02-06-00:00:00:00:00:08, { DataRate: 51, SignalStrength: 97, AntiFragility: 31}, IQ: 52]
       [Network #7, Technology = Wifi, Address = 02-06-00:00:00:00:00:09, { DataRate: 54, SignalStrength: 52, AntiFragility: 39}, IQ: 46]
       [Network #5, Technology = Wifi, Address = 02-06-00:00:00:00:00:07, { DataRate: 45, SignalStrength: 91, AntiFragility: 22}, IQ: 45]
       [Network #1, Technology = Wifi, Address = 02-06-00:00:00:00:00:03, { DataRate: 19, SignalStrength: 70, AntiFragility: 47}, IQ: 45]
       [Network #8, Technology = Wimax, Address = 02-06-00:00:00:00:00:0b, { DataRate: 1, SignalStrength: 23, AntiFragility: 76}, IQ: 44]
       [Network #0, Technology = Wifi, Address = 02-06-00:00:00:00:00:02, { DataRate: 6, SignalStrength: 67, AntiFragility: 47}, IQ: 41]
       [Network #4, Technology = Wifi, Address = 02-06-00:00:00:00:00:06, { DataRate: 72, SignalStrength: 42, AntiFragility: 17}, IQ: 37]
       [Network #9, Technology = Wimax, Address = 02-06-00:00:00:00:00:0c, { DataRate: 50, SignalStrength: 5, AntiFragility: 35}, IQ: 31]
120s ExecutionModule:Run(): Decision time => Seconds: 0, Miliseconds: 203
120s ExecutionModule:Run(): Handover time => Seconds: 0, Miliseconds: 122
120s ExecutionModule:Run(): Event: Horizontal Handover.
120s DeviceModule:MoveRandom(): New position: (69, 79)
121s DeviceModule:MoveRandom(): New position: (69, 80)
122s DeviceModule:MoveRandom(): New position: (68, 80)
123s DeviceModule:MoveRandom(): New position: (69, 80)
124s DeviceModule:MoveRandom(): New position: (69, 81)
125s DeviceModule:MoveRandom(): New position: (68, 81)
126s DeviceModule:MoveRandom(): New position: (67, 81)
127s DeviceModule:MoveRandom(): New position: (66, 81)
128s DeviceModule:MoveRandom(): New position: (67, 81)
129s DeviceModule:MoveRandom(): New position: (68, 81)
130s DecisionModule:Run(): Run decision
130s DecisionModule:AnalyzingNetworks(): Current Network: 
       [Network #4, Technology = Wifi, Address = 02-06-00:00:00:00:00:06, { DataRate: 86, SignalStrength: 56, AntiFragility: 97}, IQ: 84]
130s DecisionModule:ShowAllNetworks(): All detected networks:
       [Network #4, Technology = Wifi, Address = 02-06-00:00:00:00:00:06, { DataRate: 86, SignalStrength: 56, AntiFragility: 97}, IQ: 84]
       [Network #7, Technology = Wifi, Address = 02-06-00:00:00:00:00:09, { DataRate: 38, SignalStrength: 60, AntiFragility: 75}, IQ: 62]
       [Network #5, Technology = Wifi, Address = 02-06-00:00:00:00:00:07, { DataRate: 96, SignalStrength: 35, AntiFragility: 46}, IQ: 55]
       [Network #1, Technology = Wifi, Address = 02-06-00:00:00:00:00:03, { DataRate: 23, SignalStrength: 48, AntiFragility: 76}, IQ: 55]
       [Network #6, Technology = Wifi, Address = 02-06-00:00:00:00:00:08, { DataRate: 73, SignalStrength: 75, AntiFragility: 34}, IQ: 54]
       [Network #3, Technology = Wifi, Address = 02-06-00:00:00:00:00:05, { DataRate: 23, SignalStrength: 17, AntiFragility: 82}, IQ: 51]
       [Network #8, Technology = Wimax, Address = 02-06-00:00:00:00:00:0b, { DataRate: 86, SignalStrength: 40, AntiFragility: 22}, IQ: 42]
       [Network #0, Technology = Wifi, Address = 02-06-00:00:00:00:00:02, { DataRate: 84, SignalStrength: 19, AntiFragility: 27}, IQ: 39]
       [Network #9, Technology = Wimax, Address = 02-06-00:00:00:00:00:0c, { DataRate: 30, SignalStrength: 30, AntiFragility: 44}, IQ: 37]
       [Network #2, Technology = Wifi, Address = 02-06-00:00:00:00:00:04, { DataRate: 25, SignalStrength: 29, AntiFragility: 17}, IQ: 22]
130s ExecutionModule:Run(): Decision time => Seconds: 0, Miliseconds: 218
130s ExecutionModule:Run(): Handover time => Seconds: 0, Miliseconds: 121
130s ExecutionModule:Run(): Event: Horizontal Handover.
130s DeviceModule:MoveRandom(): New position: (69, 81)
131s DeviceModule:MoveRandom(): New position: (70, 81)
132s DeviceModule:MoveRandom(): New position: (69, 81)
133s DeviceModule:MoveRandom(): New position: (69, 82)
134s DeviceModule:MoveRandom(): New position: (69, 83)
135s DeviceModule:MoveRandom(): New position: (69, 82)
136s DeviceModule:MoveRandom(): New position: (69, 81)
137s DeviceModule:MoveRandom(): New position: (70, 81)
138s DeviceModule:MoveRandom(): New position: (71, 81)
139s DeviceModule:MoveRandom(): New position: (71, 82)
140s DecisionModule:Run(): Run decision
140s DecisionModule:AnalyzingNetworks(): Current Network: 
       [Network #3, Technology = Wifi, Address = 02-06-00:00:00:00:00:05, { DataRate: 13, SignalStrength: 77, AntiFragility: 92}, IQ: 68]
140s DecisionModule:ShowAllNetworks(): All detected networks:
       [Network #3, Technology = Wifi, Address = 02-06-00:00:00:00:00:05, { DataRate: 13, SignalStrength: 77, AntiFragility: 92}, IQ: 68]
       [Network #5, Technology = Wifi, Address = 02-06-00:00:00:00:00:07, { DataRate: 40, SignalStrength: 89, AntiFragility: 68}, IQ: 66]
       [Network #4, Technology = Wifi, Address = 02-06-00:00:00:00:00:06, { DataRate: 58, SignalStrength: 49, AntiFragility: 54}, IQ: 53]
       [Network #2, Technology = Wifi, Address = 02-06-00:00:00:00:00:04, { DataRate: 20, SignalStrength: 52, AntiFragility: 62}, IQ: 49]
       [Network #1, Technology = Wifi, Address = 02-06-00:00:00:00:00:03, { DataRate: 20, SignalStrength: 89, AntiFragility: 39}, IQ: 46]
       [Network #6, Technology = Wifi, Address = 02-06-00:00:00:00:00:08, { DataRate: 11, SignalStrength: 38, AntiFragility: 58}, IQ: 41]
       [Network #0, Technology = Wifi, Address = 02-06-00:00:00:00:00:02, { DataRate: 21, SignalStrength: 99, AntiFragility: 16}, IQ: 38]
       [Network #9, Technology = Wimax, Address = 02-06-00:00:00:00:00:0c, { DataRate: 13, SignalStrength: 64, AntiFragility: 24}, IQ: 31]
       [Network #8, Technology = Wimax, Address = 02-06-00:00:00:00:00:0b, { DataRate: 36, SignalStrength: 34, AntiFragility: 26}, IQ: 30]
       [Network #7, Technology = Wifi, Address = 02-06-00:00:00:00:00:09, { DataRate: 33, SignalStrength: 8, AntiFragility: 12}, IQ: 16]
140s ExecutionModule:Run(): Decision time => Seconds: 0, Miliseconds: 203
140s ExecutionModule:Run(): Handover time => Seconds: 0, Miliseconds: 121
140s ExecutionModule:Run(): Event: Horizontal Handover.
140s DeviceModule:MoveRandom(): New position: (70, 82)
141s DeviceModule:MoveRandom(): New position: (69, 82)
142s DeviceModule:MoveRandom(): New position: (70, 82)
143s DeviceModule:MoveRandom(): New position: (69, 82)
144s DeviceModule:MoveRandom(): New position: (69, 81)
145s DeviceModule:MoveRandom(): New position: (68, 81)
146s DeviceModule:MoveRandom(): New position: (67, 81)
147s DeviceModule:MoveRandom(): New position: (67, 82)
148s DeviceModule:MoveRandom(): New position: (66, 82)
149s DeviceModule:MoveRandom(): New position: (66, 81)
150s DecisionModule:Run(): Run decision
150s DecisionModule:AnalyzingNetworks(): Current Network: 
       [Network #0, Technology = Wifi, Address = 02-06-00:00:00:00:00:02, { DataRate: 78, SignalStrength: 57, AntiFragility: 98}, IQ: 82]
150s DecisionModule:ShowAllNetworks(): All detected networks:
       [Network #0, Technology = Wifi, Address = 02-06-00:00:00:00:00:02, { DataRate: 78, SignalStrength: 57, AntiFragility: 98}, IQ: 82]
       [Network #5, Technology = Wifi, Address = 02-06-00:00:00:00:00:07, { DataRate: 78, SignalStrength: 88, AntiFragility: 46}, IQ: 64]
       [Network #3, Technology = Wifi, Address = 02-06-00:00:00:00:00:05, { DataRate: 9, SignalStrength: 57, AntiFragility: 91}, IQ: 62]
       [Network #1, Technology = Wifi, Address = 02-06-00:00:00:00:00:03, { DataRate: 89, SignalStrength: 28, AntiFragility: 55}, IQ: 56]
       [Network #9, Technology = Wimax, Address = 02-06-00:00:00:00:00:0c, { DataRate: 96, SignalStrength: 55, AntiFragility: 33}, IQ: 54]
       [Network #4, Technology = Wifi, Address = 02-06-00:00:00:00:00:06, { DataRate: 92, SignalStrength: 91, AntiFragility: 16}, IQ: 53]
       [Network #6, Technology = Wifi, Address = 02-06-00:00:00:00:00:08, { DataRate: 33, SignalStrength: 5, AntiFragility: 83}, IQ: 51]
       [Network #8, Technology = Wimax, Address = 02-06-00:00:00:00:00:0b, { DataRate: 57, SignalStrength: 72, AntiFragility: 26}, IQ: 45]
       [Network #2, Technology = Wifi, Address = 02-06-00:00:00:00:00:04, { DataRate: 38, SignalStrength: 21, AntiFragility: 35}, IQ: 32]
       [Network #7, Technology = Wifi, Address = 02-06-00:00:00:00:00:09, { DataRate: 58, SignalStrength: 21, AntiFragility: 7}, IQ: 23]
150s ExecutionModule:Run(): Decision time => Seconds: 0, Miliseconds: 226
150s ExecutionModule:Run(): Handover time => Seconds: 0, Miliseconds: 122
150s ExecutionModule:Run(): Event: Horizontal Handover.
150s DeviceModule:MoveRandom(): New position: (67, 81)
151s DeviceModule:MoveRandom(): New position: (67, 82)
152s DeviceModule:MoveRandom(): New position: (66, 82)
153s DeviceModule:MoveRandom(): New position: (66, 83)
153s DecisionModule:RemoveNetworkFromList(): Network: 1 out of range!
154s DeviceModule:MoveRandom(): New position: (66, 84)
155s DeviceModule:MoveRandom(): New position: (65, 84)
156s DeviceModule:MoveRandom(): New position: (64, 84)
157s DeviceModule:MoveRandom(): New position: (63, 84)
158s DeviceModule:MoveRandom(): New position: (64, 84)
159s DeviceModule:MoveRandom(): New position: (64, 85)
160s DecisionModule:Run(): Run decision
160s DecisionModule:AnalyzingNetworks(): Current Network: 
       [Network #2, Technology = Wifi, Address = 02-06-00:00:00:00:00:04, { DataRate: 81, SignalStrength: 51, AntiFragility: 93}, IQ: 79]
160s DecisionModule:ShowAllNetworks(): All detected networks:
       [Network #2, Technology = Wifi, Address = 02-06-00:00:00:00:00:04, { DataRate: 81, SignalStrength: 51, AntiFragility: 93}, IQ: 79]
       [Network #4, Technology = Wifi, Address = 02-06-00:00:00:00:00:06, { DataRate: 41, SignalStrength: 76, AntiFragility: 77}, IQ: 67]
       [Network #0, Technology = Wifi, Address = 02-06-00:00:00:00:00:02, { DataRate: 68, SignalStrength: 56, AntiFragility: 66}, IQ: 64]
       [Network #8, Technology = Wimax, Address = 02-06-00:00:00:00:00:0b, { DataRate: 86, SignalStrength: 31, AntiFragility: 65}, IQ: 61]
       [Network #9, Technology = Wimax, Address = 02-06-00:00:00:00:00:0c, { DataRate: 20, SignalStrength: 79, AntiFragility: 62}, IQ: 55]
       [Network #5, Technology = Wifi, Address = 02-06-00:00:00:00:00:07, { DataRate: 58, SignalStrength: 86, AntiFragility: 13}, IQ: 42]
       [Network #3, Technology = Wifi, Address = 02-06-00:00:00:00:00:05, { DataRate: 31, SignalStrength: 23, AntiFragility: 53}, IQ: 40]
       [Network #6, Technology = Wifi, Address = 02-06-00:00:00:00:00:08, { DataRate: 37, SignalStrength: 75, AntiFragility: 3}, IQ: 29]
       [Network #7, Technology = Wifi, Address = 02-06-00:00:00:00:00:09, { DataRate: 14, SignalStrength: 84, AntiFragility: 4}, IQ: 26]
160s ExecutionModule:Run(): Decision time => Seconds: 0, Miliseconds: 196
160s ExecutionModule:Run(): Handover time => Seconds: 0, Miliseconds: 122
160s ExecutionModule:Run(): Event: Horizontal Handover.
160s DeviceModule:MoveRandom(): New position: (64, 84)
161s DeviceModule:MoveRandom(): New position: (64, 85)
162s DeviceModule:MoveRandom(): New position: (65, 85)
163s DeviceModule:MoveRandom(): New position: (64, 85)
164s DeviceModule:MoveRandom(): New position: (64, 84)
165s DeviceModule:MoveRandom(): New position: (64, 85)
166s DeviceModule:MoveRandom(): New position: (64, 84)
167s DeviceModule:MoveRandom(): New position: (64, 83)
168s DeviceModule:MoveRandom(): New position: (63, 83)
169s DeviceModule:MoveRandom(): New position: (62, 83)
170s DecisionModule:Run(): Run decision
170s DecisionModule:AnalyzingNetworks(): Current Network: 
       [Network #0, Technology = Wifi, Address = 02-06-00:00:00:00:00:02, { DataRate: 99, SignalStrength: 81, AntiFragility: 70}, IQ: 80]
170s DecisionModule:ShowAllNetworks(): All detected networks:
       [Network #0, Technology = Wifi, Address = 02-06-00:00:00:00:00:02, { DataRate: 99, SignalStrength: 81, AntiFragility: 70}, IQ: 80]
       [Network #9, Technology = Wimax, Address = 02-06-00:00:00:00:00:0c, { DataRate: 58, SignalStrength: 52, AntiFragility: 94}, IQ: 74]
       [Network #4, Technology = Wifi, Address = 02-06-00:00:00:00:00:06, { DataRate: 40, SignalStrength: 34, AntiFragility: 97}, IQ: 67]
       [Network #7, Technology = Wifi, Address = 02-06-00:00:00:00:00:09, { DataRate: 76, SignalStrength: 84, AntiFragility: 49}, IQ: 64]
       [Network #2, Technology = Wifi, Address = 02-06-00:00:00:00:00:04, { DataRate: 55, SignalStrength: 78, AntiFragility: 35}, IQ: 50]
       [Network #6, Technology = Wifi, Address = 02-06-00:00:00:00:00:08, { DataRate: 1, SignalStrength: 93, AntiFragility: 41}, IQ: 44]
       [Network #5, Technology = Wifi, Address = 02-06-00:00:00:00:00:07, { DataRate: 30, SignalStrength: 61, AntiFragility: 42}, IQ: 43]
       [Network #3, Technology = Wifi, Address = 02-06-00:00:00:00:00:05, { DataRate: 49, SignalStrength: 5, AntiFragility: 42}, IQ: 34]
       [Network #8, Technology = Wimax, Address = 02-06-00:00:00:00:00:0b, { DataRate: 1, SignalStrength: 54, AntiFragility: 2}, IQ: 14]
170s ExecutionModule:Run(): Decision time => Seconds: 0, Miliseconds: 198
170s ExecutionModule:Run(): Handover time => Seconds: 0, Miliseconds: 120
170s ExecutionModule:Run(): Event: Horizontal Handover.
170s DeviceModule:MoveRandom(): New position: (63, 83)
171s DeviceModule:MoveRandom(): New position: (63, 82)
172s DeviceModule:MoveRandom(): New position: (63, 83)
173s DeviceModule:MoveRandom(): New position: (63, 84)
174s DeviceModule:MoveRandom(): New position: (62, 84)
175s DeviceModule:MoveRandom(): New position: (62, 83)
176s DeviceModule:MoveRandom(): New position: (61, 83)
177s DeviceModule:MoveRandom(): New position: (61, 84)
178s DeviceModule:MoveRandom(): New position: (61, 83)
179s DeviceModule:MoveRandom(): New position: (61, 84)
180s DecisionModule:Run(): Run decision
180s DecisionModule:AnalyzingNetworks(): Current Network: 
       [Network #8, Technology = Wimax, Address = 02-06-00:00:00:00:00:0b, { DataRate: 59, SignalStrength: 66, AntiFragility: 93}, IQ: 77]
180s DecisionModule:ShowAllNetworks(): All detected networks:
       [Network #8, Technology = Wimax, Address = 02-06-00:00:00:00:00:0b, { DataRate: 59, SignalStrength: 66, AntiFragility: 93}, IQ: 77]
       [Network #6, Technology = Wifi, Address = 02-06-00:00:00:00:00:08, { DataRate: 22, SignalStrength: 79, AntiFragility: 94}, IQ: 72]
       [Network #3, Technology = Wifi, Address = 02-06-00:00:00:00:00:05, { DataRate: 39, SignalStrength: 55, AntiFragility: 87}, IQ: 67]
       [Network #9, Technology = Wimax, Address = 02-06-00:00:00:00:00:0c, { DataRate: 92, SignalStrength: 26, AntiFragility: 30}, IQ: 44]
       [Network #0, Technology = Wifi, Address = 02-06-00:00:00:00:00:02, { DataRate: 25, SignalStrength: 38, AntiFragility: 48}, IQ: 39]
       [Network #2, Technology = Wifi, Address = 02-06-00:00:00:00:00:04, { DataRate: 76, SignalStrength: 15, AntiFragility: 31}, IQ: 38]
       [Network #7, Technology = Wifi, Address = 02-06-00:00:00:00:00:09, { DataRate: 83, SignalStrength: 50, AntiFragility: 7}, IQ: 36]
       [Network #5, Technology = Wifi, Address = 02-06-00:00:00:00:00:07, { DataRate: 3, SignalStrength: 55, AntiFragility: 21}, IQ: 25]
       [Network #4, Technology = Wifi, Address = 02-06-00:00:00:00:00:06, { DataRate: 11, SignalStrength: 27, AntiFragility: 16}, IQ: 17]
180s ExecutionModule:Run(): Decision time => Seconds: 0, Miliseconds: 455
180s ExecutionModule:Run(): Handover time => Seconds: 0, Miliseconds: 79
180s ExecutionModule:Run(): Event: Vertical Handover.
180s DeviceModule:MoveRandom(): New position: (60, 84)
181s DeviceModule:MoveRandom(): New position: (60, 83)
182s DeviceModule:MoveRandom(): New position: (60, 82)
183s DeviceModule:MoveRandom(): New position: (59, 82)
184s DeviceModule:MoveRandom(): New position: (59, 83)
185s DeviceModule:MoveRandom(): New position: (58, 83)
186s DeviceModule:MoveRandom(): New position: (57, 83)
186s ExecutionModule:OutOfRange(): OUT OF BETTER NETWORK! Choosing another network...
186s DecisionModule:RemoveNetworkFromList(): Network: 8 out of range!
186s DecisionModule:Run(): Run decision
186s DecisionModule:AnalyzingNetworks(): Current Network: 
       [Network #6, Technology = Wifi, Address = 02-06-00:00:00:00:00:08, { DataRate: 83, SignalStrength: 67, AntiFragility: 54}, IQ: 64]
186s DecisionModule:ShowAllNetworks(): All detected networks:
       [Network #6, Technology = Wifi, Address = 02-06-00:00:00:00:00:08, { DataRate: 83, SignalStrength: 67, AntiFragility: 54}, IQ: 64]
       [Network #5, Technology = Wifi, Address = 02-06-00:00:00:00:00:07, { DataRate: 85, SignalStrength: 26, AntiFragility: 72}, IQ: 63]
       [Network #2, Technology = Wifi, Address = 02-06-00:00:00:00:00:04, { DataRate: 73, SignalStrength: 27, AntiFragility: 59}, IQ: 54]
       [Network #9, Technology = Wimax, Address = 02-06-00:00:00:00:00:0c, { DataRate: 8, SignalStrength: 8, AntiFragility: 92}, IQ: 50]
       [Network #4, Technology = Wifi, Address = 02-06-00:00:00:00:00:06, { DataRate: 99, SignalStrength: 7, AntiFragility: 32}, IQ: 42]
       [Network #3, Technology = Wifi, Address = 02-06-00:00:00:00:00:05, { DataRate: 19, SignalStrength: 64, AntiFragility: 42}, IQ: 41]
       [Network #7, Technology = Wifi, Address = 02-06-00:00:00:00:00:09, { DataRate: 15, SignalStrength: 20, AntiFragility: 44}, IQ: 30]
       [Network #0, Technology = Wifi, Address = 02-06-00:00:00:00:00:02, { DataRate: 5, SignalStrength: 83, AntiFragility: 1}, IQ: 22]
186s ExecutionModule:Run(): Decision time => Seconds: 0, Miliseconds: 146
186s ExecutionModule:Run(): Handover time => Seconds: 0, Miliseconds: 33
186s ExecutionModule:Run(): Event: Vertical Handover.
187s DeviceModule:MoveRandom(): New position: (56, 83)
188s DeviceModule:MoveRandom(): New position: (55, 83)
189s DeviceModule:MoveRandom(): New position: (54, 83)
190s DecisionModule:Run(): Run decision
190s DecisionModule:AnalyzingNetworks(): Current Network: 
       [Network #6, Technology = Wifi, Address = 02-06-00:00:00:00:00:08, { DataRate: 83, SignalStrength: 67, AntiFragility: 54}, IQ: 64]
190s DecisionModule:ShowAllNetworks(): All detected networks:
       [Network #6, Technology = Wifi, Address = 02-06-00:00:00:00:00:08, { DataRate: 83, SignalStrength: 67, AntiFragility: 54}, IQ: 64]
       [Network #5, Technology = Wifi, Address = 02-06-00:00:00:00:00:07, { DataRate: 85, SignalStrength: 26, AntiFragility: 72}, IQ: 63]
       [Network #2, Technology = Wifi, Address = 02-06-00:00:00:00:00:04, { DataRate: 73, SignalStrength: 27, AntiFragility: 59}, IQ: 54]
       [Network #9, Technology = Wimax, Address = 02-06-00:00:00:00:00:0c, { DataRate: 8, SignalStrength: 8, AntiFragility: 92}, IQ: 50]
       [Network #4, Technology = Wifi, Address = 02-06-00:00:00:00:00:06, { DataRate: 99, SignalStrength: 7, AntiFragility: 32}, IQ: 42]
       [Network #3, Technology = Wifi, Address = 02-06-00:00:00:00:00:05, { DataRate: 19, SignalStrength: 64, AntiFragility: 42}, IQ: 41]
       [Network #7, Technology = Wifi, Address = 02-06-00:00:00:00:00:09, { DataRate: 15, SignalStrength: 20, AntiFragility: 44}, IQ: 30]
       [Network #0, Technology = Wifi, Address = 02-06-00:00:00:00:00:02, { DataRate: 5, SignalStrength: 83, AntiFragility: 1}, IQ: 22]
190s DeviceModule:MoveRandom(): New position: (55, 83)
191s DeviceModule:MoveRandom(): New position: (56, 83)
192s DeviceModule:MoveRandom(): New position: (56, 84)
193s DeviceModule:MoveRandom(): New position: (55, 84)
194s DeviceModule:MoveRandom(): New position: (54, 84)
195s DeviceModule:MoveRandom(): New position: (54, 85)
196s DeviceModule:MoveRandom(): New position: (55, 85)
197s DeviceModule:MoveRandom(): New position: (54, 85)
198s DeviceModule:MoveRandom(): New position: (54, 86)
199s DeviceModule:MoveRandom(): New position: (54, 87)
