Waf: Entering directory `/home/renan/Documents/NR2/ns-allinone-3.20/ns-3.20/build'
Waf: Leaving directory `/home/renan/Documents/NR2/ns-allinone-3.20/ns-3.20/build'
'build' finished successfully (1.838s)
0s NetworkModule:SetPosition(): Network 0 set position => (73, 58)
0s NetworkModule:SetRange(): Network 0 set range => 100
0s NetworkModule:SetPosition(): Network 1 set position => (12, 119)
0s NetworkModule:SetRange(): Network 1 set range => 100
0s NetworkModule:SetPosition(): Network 2 set position => (159, 79)
0s NetworkModule:SetRange(): Network 2 set range => 100
0s NetworkModule:SetPosition(): Network 3 set position => (95, 153)
0s NetworkModule:SetRange(): Network 3 set range => 100
0s NetworkModule:SetPosition(): Network 4 set position => (57, 153)
0s NetworkModule:SetRange(): Network 4 set range => 100
0s NetworkModule:SetPosition(): Network 5 set position => (41, 195)
0s NetworkModule:SetRange(): Network 5 set range => 100
0s NetworkModule:SetPosition(): Network 6 set position => (124, 115)
0s NetworkModule:SetRange(): Network 6 set range => 100
0s NetworkModule:SetPosition(): Network 7 set position => (188, 151)
0s NetworkModule:SetRange(): Network 7 set range => 100
0s NetworkModule:SetPosition(): Network 8 set position => (30, 54)
0s NetworkModule:SetRange(): Network 8 set range => 100
0s NetworkModule:SetPosition(): Network 9 set position => (30, 22)
0s NetworkModule:SetRange(): Network 9 set range => 100
0s NetworkModule:SetPosition(): Network 10 set position => (100, 151)
0s NetworkModule:SetRange(): Network 10 set range => 100
0s NetworkModule:SetPosition(): Network 11 set position => (14, 181)
0s NetworkModule:SetRange(): Network 11 set range => 100
0s NetworkModule:SetPosition(): Network 12 set position => (27, 18)
0s NetworkModule:SetRange(): Network 12 set range => 100
0s NetworkModule:SetPosition(): Network 13 set position => (112, 182)
0s NetworkModule:SetRange(): Network 13 set range => 100
0s NetworkModule:SetPosition(): Network 14 set position => (199, 37)
0s NetworkModule:SetRange(): Network 14 set range => 100
0s NetworkModule:SetPosition(): Network 15 set position => (95, 28)
0s NetworkModule:SetRange(): Network 15 set range => 100
0s NetworkModule:SetPosition(): Network 16 set position => (147, 73)
0s NetworkModule:SetRange(): Network 16 set range => 100
0s NetworkModule:SetPosition(): Network 17 set position => (152, 59)
0s NetworkModule:SetRange(): Network 17 set range => 100
0s NetworkModule:SetPosition(): Network 18 set position => (13, 107)
0s NetworkModule:SetRange(): Network 18 set range => 100
0s NetworkModule:SetPosition(): Network 19 set position => (12, 0)
0s NetworkModule:SetRange(): Network 19 set range => 100
0s DeviceModule:ConfigureMobility(): Device [init x = 100, init y = 100, max = 200, velocity = 3]
1s DeviceModule:MoveRandom(): New position: (100, 103)
1s DecisionModule:AddNetworkToList(): Network detected
1s DecisionModule:AddNetworkToList(): Network detected
1s DecisionModule:AddNetworkToList(): Network detected
1s DecisionModule:AddNetworkToList(): Network detected
1s DecisionModule:AddNetworkToList(): Network detected
1s DecisionModule:AddNetworkToList(): Network detected
1s DecisionModule:AddNetworkToList(): Network detected
1s DecisionModule:AddNetworkToList(): Network detected
1s DecisionModule:AddNetworkToList(): Network detected
1s DecisionModule:AddNetworkToList(): Network detected
1s DecisionModule:AddNetworkToList(): Network detected
1s DecisionModule:AddNetworkToList(): Network detected
1s DecisionModule:AddNetworkToList(): Network detected
1s DecisionModule:AddNetworkToList(): Network detected
2s DeviceModule:MoveRandom(): New position: (97, 103)
2s DecisionModule:RemoveNetworkFromList(): Network: 7 out of range!
3s DeviceModule:MoveRandom(): New position: (100, 103)
3s DecisionModule:AddNetworkToList(): Network detected
4s DeviceModule:MoveRandom(): New position: (103, 103)
5s DeviceModule:MoveRandom(): New position: (106, 103)
6s DeviceModule:MoveRandom(): New position: (109, 103)
7s DeviceModule:MoveRandom(): New position: (112, 103)
7s DecisionModule:RemoveNetworkFromList(): Network: 1 out of range!
8s DeviceModule:MoveRandom(): New position: (115, 103)
8s DecisionModule:RemoveNetworkFromList(): Network: 18 out of range!
9s DeviceModule:MoveRandom(): New position: (115, 100)
10s DecisionModule:Run(): Run decision
10s DecisionModule:AnalyzingNetworks(): Current Network: 
       [Network #13, Technology = Wifi, Address = 02-06-00:00:00:00:00:0f, { DataRate: 95, SignalStrength: 95, AntiFragility: 57}, IQ: 76]
10s DecisionModule:ShowAllNetworks(): All detected networks:
       [Network #13, Technology = Wifi, Address = 02-06-00:00:00:00:00:0f, { DataRate: 95, SignalStrength: 95, AntiFragility: 57}, IQ: 76]
       [Network #3, Technology = Wifi, Address = 02-06-00:00:00:00:00:05, { DataRate: 38, SignalStrength: 99, AntiFragility: 82}, IQ: 75]
       [Network #16, Technology = Wifi, Address = 02-06-00:00:00:00:00:12, { DataRate: 56, SignalStrength: 80, AntiFragility: 81}, IQ: 74]
       [Network #2, Technology = Wifi, Address = 02-06-00:00:00:00:00:04, { DataRate: 35, SignalStrength: 92, AntiFragility: 83}, IQ: 73]
       [Network #4, Technology = Wifi, Address = 02-06-00:00:00:00:00:06, { DataRate: 61, SignalStrength: 22, AntiFragility: 89}, IQ: 65]
       [Network #17, Technology = Wifi, Address = 02-06-00:00:00:00:00:13, { DataRate: 55, SignalStrength: 57, AntiFragility: 72}, IQ: 64]
       [Network #8, Technology = Wifi, Address = 02-06-00:00:00:00:00:0a, { DataRate: 62, SignalStrength: 28, AntiFragility: 81}, IQ: 63]
       [Network #15, Technology = Wifi, Address = 02-06-00:00:00:00:00:11, { DataRate: 41, SignalStrength: 34, AntiFragility: 65}, IQ: 51]
       [Network #0, Technology = Wifi, Address = 02-06-00:00:00:00:00:02, { DataRate: 56, SignalStrength: 63, AntiFragility: 38}, IQ: 48]
       [Network #6, Technology = Wifi, Address = 02-06-00:00:00:00:00:08, { DataRate: 96, SignalStrength: 33, AntiFragility: 29}, IQ: 46]
       [Network #10, Technology = Wifi, Address = 02-06-00:00:00:00:00:0c, { DataRate: 36, SignalStrength: 91, AntiFragility: 3}, IQ: 33]
       [Network #7, Technology = Wifi, Address = 02-06-00:00:00:00:00:09, { DataRate: 64, SignalStrength: 24, AntiFragility: 14}, IQ: 29]
10s DeviceModule:MoveRandom(): New position: (115, 103)
11s DeviceModule:MoveRandom(): New position: (112, 103)
11s DecisionModule:AddNetworkToList(): Network detected
12s DeviceModule:MoveRandom(): New position: (112, 100)
13s DeviceModule:MoveRandom(): New position: (112, 103)
14s DeviceModule:MoveRandom(): New position: (115, 103)
14s DecisionModule:RemoveNetworkFromList(): Network: 18 out of range!
15s DeviceModule:MoveRandom(): New position: (115, 100)
16s DeviceModule:MoveRandom(): New position: (115, 97)
17s DeviceModule:MoveRandom(): New position: (115, 100)
18s DeviceModule:MoveRandom(): New position: (115, 97)
19s DeviceModule:MoveRandom(): New position: (112, 97)
19s DecisionModule:AddNetworkToList(): Network detected
20s DecisionModule:Run(): Run decision
20s DecisionModule:AnalyzingNetworks(): Current Network: 
       [Network #0, Technology = Wifi, Address = 02-06-00:00:00:00:00:02, { DataRate: 81, SignalStrength: 92, AntiFragility: 89}, IQ: 87]
20s DecisionModule:ShowAllNetworks(): All detected networks:
       [Network #0, Technology = Wifi, Address = 02-06-00:00:00:00:00:02, { DataRate: 81, SignalStrength: 92, AntiFragility: 89}, IQ: 87]
       [Network #8, Technology = Wifi, Address = 02-06-00:00:00:00:00:0a, { DataRate: 36, SignalStrength: 54, AntiFragility: 71}, IQ: 58]
       [Network #6, Technology = Wifi, Address = 02-06-00:00:00:00:00:08, { DataRate: 84, SignalStrength: 77, AntiFragility: 36}, IQ: 58]
       [Network #10, Technology = Wifi, Address = 02-06-00:00:00:00:00:0c, { DataRate: 97, SignalStrength: 66, AntiFragility: 35}, IQ: 58]
       [Network #16, Technology = Wifi, Address = 02-06-00:00:00:00:00:12, { DataRate: 66, SignalStrength: 87, AntiFragility: 39}, IQ: 57]
       [Network #7, Technology = Wifi, Address = 02-06-00:00:00:00:00:09, { DataRate: 49, SignalStrength: 83, AntiFragility: 43}, IQ: 54]
       [Network #15, Technology = Wifi, Address = 02-06-00:00:00:00:00:11, { DataRate: 24, SignalStrength: 42, AntiFragility: 65}, IQ: 49]
       [Network #3, Technology = Wifi, Address = 02-06-00:00:00:00:00:05, { DataRate: 58, SignalStrength: 17, AntiFragility: 56}, IQ: 46]
       [Network #17, Technology = Wifi, Address = 02-06-00:00:00:00:00:13, { DataRate: 75, SignalStrength: 95, AntiFragility: 5}, IQ: 45]
       [Network #13, Technology = Wifi, Address = 02-06-00:00:00:00:00:0f, { DataRate: 13, SignalStrength: 36, AntiFragility: 46}, IQ: 35]
       [Network #4, Technology = Wifi, Address = 02-06-00:00:00:00:00:06, { DataRate: 20, SignalStrength: 19, AntiFragility: 42}, IQ: 30]
       [Network #2, Technology = Wifi, Address = 02-06-00:00:00:00:00:04, { DataRate: 17, SignalStrength: 61, AntiFragility: 6}, IQ: 22]
       [Network #18, Technology = Wimax, Address = 02-06-00:00:00:00:00:15, { DataRate: 7, SignalStrength: 22, AntiFragility: 9}, IQ: 11]
20s ExecutionModule:Run(): Decision time => Seconds: 0, Miliseconds: 246
20s ExecutionModule:Run(): Handover time => Seconds: 0, Miliseconds: 186
20s ExecutionModule:Run(): Event: Horizontal Handover.
20s DeviceModule:MoveRandom(): New position: (115, 97)
20s DecisionModule:RemoveNetworkFromList(): Network: 18 out of range!
21s DeviceModule:MoveRandom(): New position: (112, 97)
21s DecisionModule:AddNetworkToList(): Network detected
22s DeviceModule:MoveRandom(): New position: (112, 100)
23s DeviceModule:MoveRandom(): New position: (112, 103)
24s DeviceModule:MoveRandom(): New position: (112, 100)
25s DeviceModule:MoveRandom(): New position: (112, 97)
26s DeviceModule:MoveRandom(): New position: (109, 97)
26s DecisionModule:AddNetworkToList(): Network detected
27s DeviceModule:MoveRandom(): New position: (106, 97)
28s DeviceModule:MoveRandom(): New position: (109, 97)
29s DeviceModule:MoveRandom(): New position: (109, 94)
30s DecisionModule:Run(): Run decision
30s DecisionModule:AnalyzingNetworks(): Current Network: 
       [Network #18, Technology = Wimax, Address = 02-06-00:00:00:00:00:15, { DataRate: 97, SignalStrength: 99, AntiFragility: 99}, IQ: 98]
30s DecisionModule:ShowAllNetworks(): All detected networks:
       [Network #18, Technology = Wimax, Address = 02-06-00:00:00:00:00:15, { DataRate: 97, SignalStrength: 99, AntiFragility: 99}, IQ: 98]
       [Network #4, Technology = Wifi, Address = 02-06-00:00:00:00:00:06, { DataRate: 94, SignalStrength: 37, AntiFragility: 79}, IQ: 72]
       [Network #0, Technology = Wifi, Address = 02-06-00:00:00:00:00:02, { DataRate: 93, SignalStrength: 78, AntiFragility: 44}, IQ: 64]
       [Network #17, Technology = Wifi, Address = 02-06-00:00:00:00:00:13, { DataRate: 88, SignalStrength: 17, AntiFragility: 74}, IQ: 63]
       [Network #7, Technology = Wifi, Address = 02-06-00:00:00:00:00:09, { DataRate: 94, SignalStrength: 97, AntiFragility: 14}, IQ: 54]
       [Network #10, Technology = Wifi, Address = 02-06-00:00:00:00:00:0c, { DataRate: 62, SignalStrength: 38, AntiFragility: 57}, IQ: 53]
       [Network #13, Technology = Wifi, Address = 02-06-00:00:00:00:00:0f, { DataRate: 52, SignalStrength: 92, AntiFragility: 34}, IQ: 53]
       [Network #8, Technology = Wifi, Address = 02-06-00:00:00:00:00:0a, { DataRate: 71, SignalStrength: 20, AntiFragility: 62}, IQ: 53]
       [Network #6, Technology = Wifi, Address = 02-06-00:00:00:00:00:08, { DataRate: 48, SignalStrength: 61, AntiFragility: 48}, IQ: 51]
       [Network #16, Technology = Wifi, Address = 02-06-00:00:00:00:00:12, { DataRate: 42, SignalStrength: 35, AntiFragility: 59}, IQ: 48]
       [Network #15, Technology = Wifi, Address = 02-06-00:00:00:00:00:11, { DataRate: 93, SignalStrength: 48, AntiFragility: 25}, IQ: 47]
       [Network #2, Technology = Wifi, Address = 02-06-00:00:00:00:00:04, { DataRate: 24, SignalStrength: 51, AntiFragility: 51}, IQ: 44]
       [Network #3, Technology = Wifi, Address = 02-06-00:00:00:00:00:05, { DataRate: 74, SignalStrength: 94, AntiFragility: 4}, IQ: 44]
       [Network #1, Technology = Wifi, Address = 02-06-00:00:00:00:00:03, { DataRate: 58, SignalStrength: 56, AntiFragility: 13}, IQ: 35]
30s ExecutionModule:Run(): Decision time => Seconds: 0, Miliseconds: 556
30s ExecutionModule:Run(): Handover time => Seconds: 0, Miliseconds: 476
30s ExecutionModule:Run(): Event: Vertical Handover.
30s DeviceModule:MoveRandom(): New position: (109, 97)
31s DeviceModule:MoveRandom(): New position: (112, 97)
31s DecisionModule:RemoveNetworkFromList(): Network: 1 out of range!
32s DeviceModule:MoveRandom(): New position: (112, 100)
33s DeviceModule:MoveRandom(): New position: (109, 100)
33s DecisionModule:AddNetworkToList(): Network detected
34s DeviceModule:MoveRandom(): New position: (112, 100)
34s DecisionModule:RemoveNetworkFromList(): Network: 1 out of range!
35s DeviceModule:MoveRandom(): New position: (112, 97)
36s DeviceModule:MoveRandom(): New position: (115, 97)
36s ExecutionModule:OutOfRange(): OUT OF BETTER NETWORK! Choosing another network...
36s DecisionModule:RemoveNetworkFromList(): Network: 18 out of range!
36s DecisionModule:Run(): Run decision
36s DecisionModule:AnalyzingNetworks(): Current Network: 
       [Network #15, Technology = Wifi, Address = 02-06-00:00:00:00:00:11, { DataRate: 87, SignalStrength: 80, AntiFragility: 75}, IQ: 79]
36s DecisionModule:ShowAllNetworks(): All detected networks:
       [Network #15, Technology = Wifi, Address = 02-06-00:00:00:00:00:11, { DataRate: 87, SignalStrength: 80, AntiFragility: 75}, IQ: 79]
       [Network #8, Technology = Wifi, Address = 02-06-00:00:00:00:00:0a, { DataRate: 47, SignalStrength: 68, AntiFragility: 94}, IQ: 75]
       [Network #2, Technology = Wifi, Address = 02-06-00:00:00:00:00:04, { DataRate: 57, SignalStrength: 45, AntiFragility: 76}, IQ: 63]
       [Network #4, Technology = Wifi, Address = 02-06-00:00:00:00:00:06, { DataRate: 49, SignalStrength: 63, AntiFragility: 65}, IQ: 60]
       [Network #3, Technology = Wifi, Address = 02-06-00:00:00:00:00:05, { DataRate: 69, SignalStrength: 69, AntiFragility: 42}, IQ: 55]
       [Network #10, Technology = Wifi, Address = 02-06-00:00:00:00:00:0c, { DataRate: 75, SignalStrength: 19, AntiFragility: 53}, IQ: 50]
       [Network #13, Technology = Wifi, Address = 02-06-00:00:00:00:00:0f, { DataRate: 88, SignalStrength: 35, AntiFragility: 39}, IQ: 50]
       [Network #0, Technology = Wifi, Address = 02-06-00:00:00:00:00:02, { DataRate: 62, SignalStrength: 5, AntiFragility: 57}, IQ: 45]
       [Network #6, Technology = Wifi, Address = 02-06-00:00:00:00:00:08, { DataRate: 28, SignalStrength: 37, AntiFragility: 57}, IQ: 44]
       [Network #16, Technology = Wifi, Address = 02-06-00:00:00:00:00:12, { DataRate: 99, SignalStrength: 38, AntiFragility: 5}, IQ: 36]
       [Network #17, Technology = Wifi, Address = 02-06-00:00:00:00:00:13, { DataRate: 40, SignalStrength: 26, AntiFragility: 36}, IQ: 34]
       [Network #7, Technology = Wifi, Address = 02-06-00:00:00:00:00:09, { DataRate: 6, SignalStrength: 5, AntiFragility: 22}, IQ: 13]
36s ExecutionModule:Run(): Decision time => Seconds: 0, Miliseconds: 176
36s ExecutionModule:Run(): Handover time => Seconds: 0, Miliseconds: 32
36s ExecutionModule:Run(): Event: Vertical Handover.
37s DeviceModule:MoveRandom(): New position: (115, 100)
38s DeviceModule:MoveRandom(): New position: (115, 103)
39s DeviceModule:MoveRandom(): New position: (115, 100)
40s DecisionModule:Run(): Run decision
40s DecisionModule:AnalyzingNetworks(): Current Network: 
       [Network #15, Technology = Wifi, Address = 02-06-00:00:00:00:00:11, { DataRate: 87, SignalStrength: 80, AntiFragility: 75}, IQ: 79]
40s DecisionModule:ShowAllNetworks(): All detected networks:
       [Network #15, Technology = Wifi, Address = 02-06-00:00:00:00:00:11, { DataRate: 87, SignalStrength: 80, AntiFragility: 75}, IQ: 79]
       [Network #8, Technology = Wifi, Address = 02-06-00:00:00:00:00:0a, { DataRate: 47, SignalStrength: 68, AntiFragility: 94}, IQ: 75]
       [Network #2, Technology = Wifi, Address = 02-06-00:00:00:00:00:04, { DataRate: 57, SignalStrength: 45, AntiFragility: 76}, IQ: 63]
       [Network #4, Technology = Wifi, Address = 02-06-00:00:00:00:00:06, { DataRate: 49, SignalStrength: 63, AntiFragility: 65}, IQ: 60]
       [Network #3, Technology = Wifi, Address = 02-06-00:00:00:00:00:05, { DataRate: 69, SignalStrength: 69, AntiFragility: 42}, IQ: 55]
       [Network #10, Technology = Wifi, Address = 02-06-00:00:00:00:00:0c, { DataRate: 75, SignalStrength: 19, AntiFragility: 53}, IQ: 50]
       [Network #13, Technology = Wifi, Address = 02-06-00:00:00:00:00:0f, { DataRate: 88, SignalStrength: 35, AntiFragility: 39}, IQ: 50]
       [Network #0, Technology = Wifi, Address = 02-06-00:00:00:00:00:02, { DataRate: 62, SignalStrength: 5, AntiFragility: 57}, IQ: 45]
       [Network #6, Technology = Wifi, Address = 02-06-00:00:00:00:00:08, { DataRate: 28, SignalStrength: 37, AntiFragility: 57}, IQ: 44]
       [Network #16, Technology = Wifi, Address = 02-06-00:00:00:00:00:12, { DataRate: 99, SignalStrength: 38, AntiFragility: 5}, IQ: 36]
       [Network #17, Technology = Wifi, Address = 02-06-00:00:00:00:00:13, { DataRate: 40, SignalStrength: 26, AntiFragility: 36}, IQ: 34]
       [Network #7, Technology = Wifi, Address = 02-06-00:00:00:00:00:09, { DataRate: 6, SignalStrength: 5, AntiFragility: 22}, IQ: 13]
40s DeviceModule:MoveRandom(): New position: (115, 97)
41s DeviceModule:MoveRandom(): New position: (115, 94)
42s DeviceModule:MoveRandom(): New position: (118, 94)
42s DecisionModule:AddNetworkToList(): Network detected
43s DeviceModule:MoveRandom(): New position: (115, 94)
43s DecisionModule:RemoveNetworkFromList(): Network: 14 out of range!
44s DeviceModule:MoveRandom(): New position: (115, 91)
44s DecisionModule:AddNetworkToList(): Network detected
45s DeviceModule:MoveRandom(): New position: (118, 91)
46s DeviceModule:MoveRandom(): New position: (115, 91)
47s DeviceModule:MoveRandom(): New position: (115, 88)
48s DeviceModule:MoveRandom(): New position: (112, 88)
48s DecisionModule:AddNetworkToList(): Network detected
49s DeviceModule:MoveRandom(): New position: (115, 88)
49s DecisionModule:RemoveNetworkFromList(): Network: 18 out of range!
50s DecisionModule:Run(): Run decision
50s DecisionModule:AnalyzingNetworks(): Current Network: 
       [Network #13, Technology = Wifi, Address = 02-06-00:00:00:00:00:0f, { DataRate: 81, SignalStrength: 70, AntiFragility: 97}, IQ: 86]
50s DecisionModule:ShowAllNetworks(): All detected networks:
       [Network #13, Technology = Wifi, Address = 02-06-00:00:00:00:00:0f, { DataRate: 81, SignalStrength: 70, AntiFragility: 97}, IQ: 86]
       [Network #0, Technology = Wifi, Address = 02-06-00:00:00:00:00:02, { DataRate: 79, SignalStrength: 78, AntiFragility: 85}, IQ: 81]
       [Network #4, Technology = Wifi, Address = 02-06-00:00:00:00:00:06, { DataRate: 98, SignalStrength: 88, AntiFragility: 62}, IQ: 77]
       [Network #2, Technology = Wifi, Address = 02-06-00:00:00:00:00:04, { DataRate: 49, SignalStrength: 73, AntiFragility: 85}, IQ: 73]
       [Network #17, Technology = Wifi, Address = 02-06-00:00:00:00:00:13, { DataRate: 87, SignalStrength: 63, AntiFragility: 70}, IQ: 72]
       [Network #3, Technology = Wifi, Address = 02-06-00:00:00:00:00:05, { DataRate: 29, SignalStrength: 45, AntiFragility: 73}, IQ: 55]
       [Network #14, Technology = Wifi, Address = 02-06-00:00:00:00:00:10, { DataRate: 26, SignalStrength: 60, AntiFragility: 58}, IQ: 50]
       [Network #6, Technology = Wifi, Address = 02-06-00:00:00:00:00:08, { DataRate: 27, SignalStrength: 43, AntiFragility: 52}, IQ: 43]
       [Network #10, Technology = Wifi, Address = 02-06-00:00:00:00:00:0c, { DataRate: 1, SignalStrength: 59, AntiFragility: 52}, IQ: 41]
       [Network #16, Technology = Wifi, Address = 02-06-00:00:00:00:00:12, { DataRate: 10, SignalStrength: 5, AntiFragility: 57}, IQ: 32]
       [Network #8, Technology = Wifi, Address = 02-06-00:00:00:00:00:0a, { DataRate: 87, SignalStrength: 16, AntiFragility: 8}, IQ: 29]
       [Network #7, Technology = Wifi, Address = 02-06-00:00:00:00:00:09, { DataRate: 58, SignalStrength: 23, AntiFragility: 9}, IQ: 24]
       [Network #15, Technology = Wifi, Address = 02-06-00:00:00:00:00:11, { DataRate: 13, SignalStrength: 70, AntiFragility: 5}, IQ: 23]
50s ExecutionModule:Run(): Decision time => Seconds: 0, Miliseconds: 252
50s ExecutionModule:Run(): Handover time => Seconds: 0, Miliseconds: 120
50s ExecutionModule:Run(): Event: Horizontal Handover.
50s DeviceModule:MoveRandom(): New position: (118, 88)
51s DeviceModule:MoveRandom(): New position: (118, 91)
52s DeviceModule:MoveRandom(): New position: (115, 91)
53s DeviceModule:MoveRandom(): New position: (118, 91)
54s DeviceModule:MoveRandom(): New position: (121, 91)
55s DeviceModule:MoveRandom(): New position: (121, 94)
56s DeviceModule:MoveRandom(): New position: (121, 91)
57s DeviceModule:MoveRandom(): New position: (124, 91)
57s DecisionModule:RemoveNetworkFromList(): Network: 8 out of range!
58s DeviceModule:MoveRandom(): New position: (124, 88)
58s DecisionModule:AddNetworkToList(): Network detected
59s DeviceModule:MoveRandom(): New position: (127, 88)
59s DecisionModule:RemoveNetworkFromList(): Network: 8 out of range!
60s DecisionModule:Run(): Run decision
60s DecisionModule:AnalyzingNetworks(): Current Network: 
       [Network #7, Technology = Wifi, Address = 02-06-00:00:00:00:00:09, { DataRate: 50, SignalStrength: 90, AntiFragility: 80}, IQ: 75]
60s DecisionModule:ShowAllNetworks(): All detected networks:
       [Network #7, Technology = Wifi, Address = 02-06-00:00:00:00:00:09, { DataRate: 50, SignalStrength: 90, AntiFragility: 80}, IQ: 75]
       [Network #13, Technology = Wifi, Address = 02-06-00:00:00:00:00:0f, { DataRate: 73, SignalStrength: 55, AntiFragility: 83}, IQ: 73]
       [Network #17, Technology = Wifi, Address = 02-06-00:00:00:00:00:13, { DataRate: 89, SignalStrength: 89, AntiFragility: 42}, IQ: 65]
       [Network #10, Technology = Wifi, Address = 02-06-00:00:00:00:00:0c, { DataRate: 91, SignalStrength: 50, AntiFragility: 48}, IQ: 59]
       [Network #2, Technology = Wifi, Address = 02-06-00:00:00:00:00:04, { DataRate: 87, SignalStrength: 55, AntiFragility: 46}, IQ: 58]
       [Network #15, Technology = Wifi, Address = 02-06-00:00:00:00:00:11, { DataRate: 43, SignalStrength: 15, AntiFragility: 71}, IQ: 50]
       [Network #4, Technology = Wifi, Address = 02-06-00:00:00:00:00:06, { DataRate: 56, SignalStrength: 64, AntiFragility: 34}, IQ: 47]
       [Network #16, Technology = Wifi, Address = 02-06-00:00:00:00:00:12, { DataRate: 68, SignalStrength: 32, AntiFragility: 45}, IQ: 47]
       [Network #3, Technology = Wifi, Address = 02-06-00:00:00:00:00:05, { DataRate: 21, SignalStrength: 58, AntiFragility: 50}, IQ: 44]
       [Network #6, Technology = Wifi, Address = 02-06-00:00:00:00:00:08, { DataRate: 88, SignalStrength: 58, AntiFragility: 14}, IQ: 43]
       [Network #0, Technology = Wifi, Address = 02-06-00:00:00:00:00:02, { DataRate: 9, SignalStrength: 99, AntiFragility: 22}, IQ: 38]
       [Network #14, Technology = Wifi, Address = 02-06-00:00:00:00:00:10, { DataRate: 51, SignalStrength: 17, AntiFragility: 3}, IQ: 18]
60s ExecutionModule:Run(): Decision time => Seconds: 0, Miliseconds: 504
60s ExecutionModule:Run(): Handover time => Seconds: 0, Miliseconds: 130
60s ExecutionModule:Run(): Event: Horizontal Handover.
60s DeviceModule:MoveRandom(): New position: (124, 88)
60s DecisionModule:AddNetworkToList(): Network detected
61s DeviceModule:MoveRandom(): New position: (124, 85)
62s DeviceModule:MoveRandom(): New position: (124, 82)
63s DeviceModule:MoveRandom(): New position: (124, 85)
64s DeviceModule:MoveRandom(): New position: (124, 82)
65s DeviceModule:MoveRandom(): New position: (127, 82)
65s DecisionModule:RemoveNetworkFromList(): Network: 13 out of range!
66s DeviceModule:MoveRandom(): New position: (130, 82)
66s DecisionModule:RemoveNetworkFromList(): Network: 4 out of range!
66s DecisionModule:RemoveNetworkFromList(): Network: 8 out of range!
67s DeviceModule:MoveRandom(): New position: (130, 79)
68s DeviceModule:MoveRandom(): New position: (133, 79)
69s DeviceModule:MoveRandom(): New position: (133, 82)
70s DecisionModule:Run(): Run decision
70s DecisionModule:AnalyzingNetworks(): Current Network: 
       [Network #0, Technology = Wifi, Address = 02-06-00:00:00:00:00:02, { DataRate: 65, SignalStrength: 84, AntiFragility: 94}, IQ: 84]
70s DecisionModule:ShowAllNetworks(): All detected networks:
       [Network #0, Technology = Wifi, Address = 02-06-00:00:00:00:00:02, { DataRate: 65, SignalStrength: 84, AntiFragility: 94}, IQ: 84]
       [Network #17, Technology = Wifi, Address = 02-06-00:00:00:00:00:13, { DataRate: 71, SignalStrength: 13, AntiFragility: 81}, IQ: 61]
       [Network #10, Technology = Wifi, Address = 02-06-00:00:00:00:00:0c, { DataRate: 72, SignalStrength: 96, AntiFragility: 38}, IQ: 61]
       [Network #16, Technology = Wifi, Address = 02-06-00:00:00:00:00:12, { DataRate: 28, SignalStrength: 21, AntiFragility: 72}, IQ: 48]
       [Network #3, Technology = Wifi, Address = 02-06-00:00:00:00:00:05, { DataRate: 44, SignalStrength: 24, AntiFragility: 54}, IQ: 44]
       [Network #7, Technology = Wifi, Address = 02-06-00:00:00:00:00:09, { DataRate: 21, SignalStrength: 42, AntiFragility: 56}, IQ: 43]
       [Network #6, Technology = Wifi, Address = 02-06-00:00:00:00:00:08, { DataRate: 40, SignalStrength: 75, AntiFragility: 20}, IQ: 38]
       [Network #15, Technology = Wifi, Address = 02-06-00:00:00:00:00:11, { DataRate: 54, SignalStrength: 52, AntiFragility: 15}, IQ: 34]
       [Network #14, Technology = Wifi, Address = 02-06-00:00:00:00:00:10, { DataRate: 59, SignalStrength: 24, AntiFragility: 11}, IQ: 26]
       [Network #2, Technology = Wifi, Address = 02-06-00:00:00:00:00:04, { DataRate: 5, SignalStrength: 47, AntiFragility: 24}, IQ: 25]
70s ExecutionModule:Run(): Decision time => Seconds: 0, Miliseconds: 230
70s ExecutionModule:Run(): Handover time => Seconds: 0, Miliseconds: 128
70s ExecutionModule:Run(): Event: Horizontal Handover.
70s DeviceModule:MoveRandom(): New position: (136, 82)
71s DeviceModule:MoveRandom(): New position: (133, 82)
72s DeviceModule:MoveRandom(): New position: (136, 82)
73s DeviceModule:MoveRandom(): New position: (136, 85)
73s DecisionModule:AddNetworkToList(): Network detected
74s DeviceModule:MoveRandom(): New position: (136, 88)
75s DeviceModule:MoveRandom(): New position: (133, 88)
75s DecisionModule:AddNetworkToList(): Network detected
76s DeviceModule:MoveRandom(): New position: (133, 91)
77s DeviceModule:MoveRandom(): New position: (133, 88)
78s DeviceModule:MoveRandom(): New position: (136, 88)
78s DecisionModule:RemoveNetworkFromList(): Network: 4 out of range!
79s DeviceModule:MoveRandom(): New position: (133, 88)
79s DecisionModule:AddNetworkToList(): Network detected
80s DecisionModule:Run(): Run decision
80s DecisionModule:AnalyzingNetworks(): Current Network: 
       [Network #15, Technology = Wifi, Address = 02-06-00:00:00:00:00:11, { DataRate: 53, SignalStrength: 55, AntiFragility: 75}, IQ: 64]
80s DecisionModule:ShowAllNetworks(): All detected networks:
       [Network #15, Technology = Wifi, Address = 02-06-00:00:00:00:00:11, { DataRate: 53, SignalStrength: 55, AntiFragility: 75}, IQ: 64]
       [Network #4, Technology = Wifi, Address = 02-06-00:00:00:00:00:06, { DataRate: 64, SignalStrength: 69, AntiFragility: 63}, IQ: 64]
       [Network #6, Technology = Wifi, Address = 02-06-00:00:00:00:00:08, { DataRate: 38, SignalStrength: 86, AntiFragility: 60}, IQ: 61]
       [Network #2, Technology = Wifi, Address = 02-06-00:00:00:00:00:04, { DataRate: 50, SignalStrength: 55, AntiFragility: 69}, IQ: 60]
       [Network #3, Technology = Wifi, Address = 02-06-00:00:00:00:00:05, { DataRate: 56, SignalStrength: 87, AntiFragility: 28}, IQ: 49]
       [Network #13, Technology = Wifi, Address = 02-06-00:00:00:00:00:0f, { DataRate: 56, SignalStrength: 12, AntiFragility: 50}, IQ: 42]
       [Network #7, Technology = Wifi, Address = 02-06-00:00:00:00:00:09, { DataRate: 92, SignalStrength: 28, AntiFragility: 12}, IQ: 36]
       [Network #16, Technology = Wifi, Address = 02-06-00:00:00:00:00:12, { DataRate: 34, SignalStrength: 59, AntiFragility: 10}, IQ: 28]
       [Network #14, Technology = Wifi, Address = 02-06-00:00:00:00:00:10, { DataRate: 43, SignalStrength: 34, AntiFragility: 12}, IQ: 25]
       [Network #10, Technology = Wifi, Address = 02-06-00:00:00:00:00:0c, { DataRate: 7, SignalStrength: 10, AntiFragility: 40}, IQ: 24]
       [Network #0, Technology = Wifi, Address = 02-06-00:00:00:00:00:02, { DataRate: 29, SignalStrength: 56, AntiFragility: 4}, IQ: 23]
       [Network #17, Technology = Wifi, Address = 02-06-00:00:00:00:00:13, { DataRate: 13, SignalStrength: 61, AntiFragility: 5}, IQ: 21]
80s ExecutionModule:Run(): Decision time => Seconds: 0, Miliseconds: 243
80s ExecutionModule:Run(): Handover time => Seconds: 0, Miliseconds: 122
80s ExecutionModule:Run(): Event: Horizontal Handover.
80s DeviceModule:MoveRandom(): New position: (133, 91)
81s DeviceModule:MoveRandom(): New position: (133, 88)
82s DeviceModule:MoveRandom(): New position: (133, 85)
82s DecisionModule:RemoveNetworkFromList(): Network: 4 out of range!
83s DeviceModule:MoveRandom(): New position: (133, 82)
83s DecisionModule:RemoveNetworkFromList(): Network: 13 out of range!
84s DeviceModule:MoveRandom(): New position: (133, 79)
85s DeviceModule:MoveRandom(): New position: (133, 76)
86s DeviceModule:MoveRandom(): New position: (130, 76)
87s DeviceModule:MoveRandom(): New position: (130, 79)
88s DeviceModule:MoveRandom(): New position: (127, 79)
88s DecisionModule:AddNetworkToList(): Network detected
89s DeviceModule:MoveRandom(): New position: (127, 82)
89s DecisionModule:AddNetworkToList(): Network detected
90s DecisionModule:Run(): Run decision
90s DecisionModule:AnalyzingNetworks(): Current Network: 
       [Network #10, Technology = Wifi, Address = 02-06-00:00:00:00:00:0c, { DataRate: 82, SignalStrength: 6, AntiFragility: 91}, IQ: 67]
90s DecisionModule:ShowAllNetworks(): All detected networks:
       [Network #10, Technology = Wifi, Address = 02-06-00:00:00:00:00:0c, { DataRate: 82, SignalStrength: 6, AntiFragility: 91}, IQ: 67]
       [Network #3, Technology = Wifi, Address = 02-06-00:00:00:00:00:05, { DataRate: 98, SignalStrength: 57, AntiFragility: 51}, IQ: 64]
       [Network #8, Technology = Wifi, Address = 02-06-00:00:00:00:00:0a, { DataRate: 85, SignalStrength: 40, AntiFragility: 59}, IQ: 60]
       [Network #4, Technology = Wifi, Address = 02-06-00:00:00:00:00:06, { DataRate: 95, SignalStrength: 79, AntiFragility: 34}, IQ: 60]
       [Network #2, Technology = Wifi, Address = 02-06-00:00:00:00:00:04, { DataRate: 74, SignalStrength: 33, AntiFragility: 49}, IQ: 51]
       [Network #7, Technology = Wifi, Address = 02-06-00:00:00:00:00:09, { DataRate: 77, SignalStrength: 51, AntiFragility: 37}, IQ: 50]
       [Network #17, Technology = Wifi, Address = 02-06-00:00:00:00:00:13, { DataRate: 10, SignalStrength: 39, AntiFragility: 74}, IQ: 49]
       [Network #16, Technology = Wifi, Address = 02-06-00:00:00:00:00:12, { DataRate: 2, SignalStrength: 98, AntiFragility: 42}, IQ: 46]
       [Network #0, Technology = Wifi, Address = 02-06-00:00:00:00:00:02, { DataRate: 65, SignalStrength: 6, AntiFragility: 43}, IQ: 39]
       [Network #6, Technology = Wifi, Address = 02-06-00:00:00:00:00:08, { DataRate: 12, SignalStrength: 48, AntiFragility: 32}, IQ: 31]
       [Network #15, Technology = Wifi, Address = 02-06-00:00:00:00:00:11, { DataRate: 42, SignalStrength: 57, AntiFragility: 1}, IQ: 25]
       [Network #14, Technology = Wifi, Address = 02-06-00:00:00:00:00:10, { DataRate: 49, SignalStrength: 8, AntiFragility: 20}, IQ: 24]
90s ExecutionModule:Run(): Decision time => Seconds: 0, Miliseconds: 229
90s ExecutionModule:Run(): Handover time => Seconds: 0, Miliseconds: 122
90s ExecutionModule:Run(): Event: Horizontal Handover.
90s DeviceModule:MoveRandom(): New position: (127, 85)
90s DecisionModule:RemoveNetworkFromList(): Network: 8 out of range!
90s DecisionModule:AddNetworkToList(): Network detected
91s DeviceModule:MoveRandom(): New position: (130, 85)
92s DeviceModule:MoveRandom(): New position: (133, 85)
92s DecisionModule:RemoveNetworkFromList(): Network: 4 out of range!
93s DeviceModule:MoveRandom(): New position: (133, 88)
93s DecisionModule:AddNetworkToList(): Network detected
94s DeviceModule:MoveRandom(): New position: (136, 88)
94s DecisionModule:RemoveNetworkFromList(): Network: 4 out of range!
95s DeviceModule:MoveRandom(): New position: (136, 85)
96s DeviceModule:MoveRandom(): New position: (133, 85)
97s DeviceModule:MoveRandom(): New position: (133, 88)
97s DecisionModule:AddNetworkToList(): Network detected
98s DeviceModule:MoveRandom(): New position: (133, 91)
99s DeviceModule:MoveRandom(): New position: (136, 91)
100s DecisionModule:Run(): Run decision
100s DecisionModule:AnalyzingNetworks(): Current Network: 
       [Network #14, Technology = Wifi, Address = 02-06-00:00:00:00:00:10, { DataRate: 78, SignalStrength: 98, AntiFragility: 89}, IQ: 88]
100s DecisionModule:ShowAllNetworks(): All detected networks:
       [Network #14, Technology = Wifi, Address = 02-06-00:00:00:00:00:10, { DataRate: 78, SignalStrength: 98, AntiFragility: 89}, IQ: 88]
       [Network #15, Technology = Wifi, Address = 02-06-00:00:00:00:00:11, { DataRate: 72, SignalStrength: 90, AntiFragility: 75}, IQ: 78]
       [Network #6, Technology = Wifi, Address = 02-06-00:00:00:00:00:08, { DataRate: 97, SignalStrength: 43, AntiFragility: 85}, IQ: 77]
       [Network #3, Technology = Wifi, Address = 02-06-00:00:00:00:00:05, { DataRate: 97, SignalStrength: 12, AntiFragility: 96}, IQ: 75]
       [Network #13, Technology = Wifi, Address = 02-06-00:00:00:00:00:0f, { DataRate: 5, SignalStrength: 96, AntiFragility: 97}, IQ: 73]
       [Network #17, Technology = Wifi, Address = 02-06-00:00:00:00:00:13, { DataRate: 91, SignalStrength: 90, AntiFragility: 4}, IQ: 47]
       [Network #4, Technology = Wifi, Address = 02-06-00:00:00:00:00:06, { DataRate: 72, SignalStrength: 2, AntiFragility: 48}, IQ: 42]
       [Network #2, Technology = Wifi, Address = 02-06-00:00:00:00:00:04, { DataRate: 84, SignalStrength: 60, AntiFragility: 11}, IQ: 41]
       [Network #0, Technology = Wifi, Address = 02-06-00:00:00:00:00:02, { DataRate: 56, SignalStrength: 70, AntiFragility: 5}, IQ: 34]
       [Network #10, Technology = Wifi, Address = 02-06-00:00:00:00:00:0c, { DataRate: 89, SignalStrength: 18, AntiFragility: 4}, IQ: 28]
       [Network #7, Technology = Wifi, Address = 02-06-00:00:00:00:00:09, { DataRate: 32, SignalStrength: 49, AntiFragility: 11}, IQ: 25]
       [Network #16, Technology = Wifi, Address = 02-06-00:00:00:00:00:12, { DataRate: 4, SignalStrength: 29, AntiFragility: 17}, IQ: 16]
100s ExecutionModule:Run(): Decision time => Seconds: 0, Miliseconds: 228
100s ExecutionModule:Run(): Handover time => Seconds: 0, Miliseconds: 122
100s ExecutionModule:Run(): Event: Horizontal Handover.
100s DeviceModule:MoveRandom(): New position: (133, 91)
101s DeviceModule:MoveRandom(): New position: (136, 91)
102s DeviceModule:MoveRandom(): New position: (139, 91)
102s DecisionModule:RemoveNetworkFromList(): Network: 4 out of range!
103s DeviceModule:MoveRandom(): New position: (139, 88)
104s DeviceModule:MoveRandom(): New position: (142, 88)
105s DeviceModule:MoveRandom(): New position: (145, 88)
106s DeviceModule:MoveRandom(): New position: (145, 91)
107s DeviceModule:MoveRandom(): New position: (145, 88)
108s DeviceModule:MoveRandom(): New position: (145, 91)
109s DeviceModule:MoveRandom(): New position: (145, 94)
110s DecisionModule:Run(): Run decision
110s DecisionModule:AnalyzingNetworks(): Current Network: 
       [Network #16, Technology = Wifi, Address = 02-06-00:00:00:00:00:12, { DataRate: 76, SignalStrength: 98, AntiFragility: 71}, IQ: 79]
110s DecisionModule:ShowAllNetworks(): All detected networks:
       [Network #16, Technology = Wifi, Address = 02-06-00:00:00:00:00:12, { DataRate: 76, SignalStrength: 98, AntiFragility: 71}, IQ: 79]
       [Network #15, Technology = Wifi, Address = 02-06-00:00:00:00:00:11, { DataRate: 81, SignalStrength: 47, AntiFragility: 92}, IQ: 78]
       [Network #2, Technology = Wifi, Address = 02-06-00:00:00:00:00:04, { DataRate: 24, SignalStrength: 80, AntiFragility: 87}, IQ: 69]
       [Network #10, Technology = Wifi, Address = 02-06-00:00:00:00:00:0c, { DataRate: 57, SignalStrength: 52, AntiFragility: 76}, IQ: 65]
       [Network #17, Technology = Wifi, Address = 02-06-00:00:00:00:00:13, { DataRate: 48, SignalStrength: 1, AntiFragility: 69}, IQ: 46]
       [Network #3, Technology = Wifi, Address = 02-06-00:00:00:00:00:05, { DataRate: 64, SignalStrength: 47, AntiFragility: 37}, IQ: 46]
       [Network #0, Technology = Wifi, Address = 02-06-00:00:00:00:00:02, { DataRate: 62, SignalStrength: 59, AntiFragility: 13}, IQ: 36]
       [Network #7, Technology = Wifi, Address = 02-06-00:00:00:00:00:09, { DataRate: 48, SignalStrength: 9, AntiFragility: 41}, IQ: 34]
       [Network #14, Technology = Wifi, Address = 02-06-00:00:00:00:00:10, { DataRate: 13, SignalStrength: 89, AntiFragility: 5}, IQ: 28]
       [Network #6, Technology = Wifi, Address = 02-06-00:00:00:00:00:08, { DataRate: 61, SignalStrength: 48, AntiFragility: 2}, IQ: 28]
       [Network #13, Technology = Wifi, Address = 02-06-00:00:00:00:00:0f, { DataRate: 39, SignalStrength: 51, AntiFragility: 7}, IQ: 26]
110s ExecutionModule:Run(): Decision time => Seconds: 0, Miliseconds: 236
110s ExecutionModule:Run(): Handover time => Seconds: 0, Miliseconds: 122
110s ExecutionModule:Run(): Event: Horizontal Handover.
110s DeviceModule:MoveRandom(): New position: (148, 94)
111s DeviceModule:MoveRandom(): New position: (148, 91)
112s DeviceModule:MoveRandom(): New position: (148, 88)
113s DeviceModule:MoveRandom(): New position: (151, 88)
113s DecisionModule:RemoveNetworkFromList(): Network: 13 out of range!
114s DeviceModule:MoveRandom(): New position: (154, 88)
115s DeviceModule:MoveRandom(): New position: (157, 88)
116s DeviceModule:MoveRandom(): New position: (160, 88)
117s DeviceModule:MoveRandom(): New position: (160, 85)
118s DeviceModule:MoveRandom(): New position: (160, 82)
119s DeviceModule:MoveRandom(): New position: (157, 82)
120s DecisionModule:Run(): Run decision
120s DecisionModule:AnalyzingNetworks(): Current Network: 
       [Network #2, Technology = Wifi, Address = 02-06-00:00:00:00:00:04, { DataRate: 77, SignalStrength: 77, AntiFragility: 98}, IQ: 87]
120s DecisionModule:ShowAllNetworks(): All detected networks:
       [Network #2, Technology = Wifi, Address = 02-06-00:00:00:00:00:04, { DataRate: 77, SignalStrength: 77, AntiFragility: 98}, IQ: 87]
       [Network #6, Technology = Wifi, Address = 02-06-00:00:00:00:00:08, { DataRate: 87, SignalStrength: 99, AntiFragility: 72}, IQ: 82]
       [Network #0, Technology = Wifi, Address = 02-06-00:00:00:00:00:02, { DataRate: 99, SignalStrength: 16, AntiFragility: 74}, IQ: 65]
       [Network #16, Technology = Wifi, Address = 02-06-00:00:00:00:00:12, { DataRate: 85, SignalStrength: 25, AntiFragility: 74}, IQ: 64]
       [Network #15, Technology = Wifi, Address = 02-06-00:00:00:00:00:11, { DataRate: 79, SignalStrength: 58, AntiFragility: 33}, IQ: 50]
       [Network #3, Technology = Wifi, Address = 02-06-00:00:00:00:00:05, { DataRate: 88, SignalStrength: 53, AntiFragility: 25}, IQ: 47]
       [Network #7, Technology = Wifi, Address = 02-06-00:00:00:00:00:09, { DataRate: 69, SignalStrength: 29, AntiFragility: 18}, IQ: 33]
       [Network #17, Technology = Wifi, Address = 02-06-00:00:00:00:00:13, { DataRate: 51, SignalStrength: 19, AntiFragility: 14}, IQ: 24]
       [Network #10, Technology = Wifi, Address = 02-06-00:00:00:00:00:0c, { DataRate: 45, SignalStrength: 20, AntiFragility: 13}, IQ: 22]
       [Network #14, Technology = Wifi, Address = 02-06-00:00:00:00:00:10, { DataRate: 19, SignalStrength: 6, AntiFragility: 24}, IQ: 18]
120s ExecutionModule:Run(): Decision time => Seconds: 0, Miliseconds: 211
120s ExecutionModule:Run(): Handover time => Seconds: 0, Miliseconds: 123
120s ExecutionModule:Run(): Event: Horizontal Handover.
120s DeviceModule:MoveRandom(): New position: (157, 85)
121s DeviceModule:MoveRandom(): New position: (154, 85)
122s DeviceModule:MoveRandom(): New position: (157, 85)
123s DeviceModule:MoveRandom(): New position: (157, 88)
124s DeviceModule:MoveRandom(): New position: (160, 88)
125s DeviceModule:MoveRandom(): New position: (157, 88)
126s DeviceModule:MoveRandom(): New position: (160, 88)
127s DeviceModule:MoveRandom(): New position: (157, 88)
128s DeviceModule:MoveRandom(): New position: (157, 91)
129s DeviceModule:MoveRandom(): New position: (157, 88)
130s DecisionModule:Run(): Run decision
130s DecisionModule:AnalyzingNetworks(): Current Network: 
       [Network #15, Technology = Wifi, Address = 02-06-00:00:00:00:00:11, { DataRate: 50, SignalStrength: 90, AntiFragility: 66}, IQ: 68]
130s DecisionModule:ShowAllNetworks(): All detected networks:
       [Network #15, Technology = Wifi, Address = 02-06-00:00:00:00:00:11, { DataRate: 50, SignalStrength: 90, AntiFragility: 66}, IQ: 68]
       [Network #14, Technology = Wifi, Address = 02-06-00:00:00:00:00:10, { DataRate: 69, SignalStrength: 60, AntiFragility: 61}, IQ: 62]
       [Network #7, Technology = Wifi, Address = 02-06-00:00:00:00:00:09, { DataRate: 59, SignalStrength: 83, AntiFragility: 45}, IQ: 58]
       [Network #16, Technology = Wifi, Address = 02-06-00:00:00:00:00:12, { DataRate: 31, SignalStrength: 48, AntiFragility: 75}, IQ: 57]
       [Network #17, Technology = Wifi, Address = 02-06-00:00:00:00:00:13, { DataRate: 84, SignalStrength: 44, AntiFragility: 48}, IQ: 56]
       [Network #3, Technology = Wifi, Address = 02-06-00:00:00:00:00:05, { DataRate: 84, SignalStrength: 54, AntiFragility: 41}, IQ: 55]
       [Network #0, Technology = Wifi, Address = 02-06-00:00:00:00:00:02, { DataRate: 54, SignalStrength: 73, AntiFragility: 47}, IQ: 55]
       [Network #2, Technology = Wifi, Address = 02-06-00:00:00:00:00:04, { DataRate: 55, SignalStrength: 37, AntiFragility: 61}, IQ: 53]
       [Network #10, Technology = Wifi, Address = 02-06-00:00:00:00:00:0c, { DataRate: 16, SignalStrength: 52, AntiFragility: 68}, IQ: 51]
       [Network #6, Technology = Wifi, Address = 02-06-00:00:00:00:00:08, { DataRate: 61, SignalStrength: 5, AntiFragility: 51}, IQ: 42]
130s ExecutionModule:Run(): Decision time => Seconds: 0, Miliseconds: 234
130s ExecutionModule:Run(): Handover time => Seconds: 0, Miliseconds: 122
130s ExecutionModule:Run(): Event: Horizontal Handover.
130s DeviceModule:MoveRandom(): New position: (160, 88)
131s DeviceModule:MoveRandom(): New position: (157, 88)
132s DeviceModule:MoveRandom(): New position: (157, 85)
133s DeviceModule:MoveRandom(): New position: (154, 85)
134s DeviceModule:MoveRandom(): New position: (154, 82)
135s DeviceModule:MoveRandom(): New position: (157, 82)
136s DeviceModule:MoveRandom(): New position: (160, 82)
137s DeviceModule:MoveRandom(): New position: (163, 82)
138s DeviceModule:MoveRandom(): New position: (166, 82)
139s DeviceModule:MoveRandom(): New position: (166, 79)
139s DecisionModule:RemoveNetworkFromList(): Network: 3 out of range!
140s DecisionModule:Run(): Run decision
140s DecisionModule:AnalyzingNetworks(): Current Network: 
       [Network #15, Technology = Wifi, Address = 02-06-00:00:00:00:00:11, { DataRate: 89, SignalStrength: 87, AntiFragility: 74}, IQ: 81]
140s DecisionModule:ShowAllNetworks(): All detected networks:
       [Network #15, Technology = Wifi, Address = 02-06-00:00:00:00:00:11, { DataRate: 89, SignalStrength: 87, AntiFragility: 74}, IQ: 81]
       [Network #16, Technology = Wifi, Address = 02-06-00:00:00:00:00:12, { DataRate: 30, SignalStrength: 55, AntiFragility: 69}, IQ: 55]
       [Network #2, Technology = Wifi, Address = 02-06-00:00:00:00:00:04, { DataRate: 37, SignalStrength: 22, AntiFragility: 75}, IQ: 52]
       [Network #17, Technology = Wifi, Address = 02-06-00:00:00:00:00:13, { DataRate: 7, SignalStrength: 12, AntiFragility: 92}, IQ: 50]
       [Network #10, Technology = Wifi, Address = 02-06-00:00:00:00:00:0c, { DataRate: 22, SignalStrength: 36, AntiFragility: 57}, IQ: 43]
       [Network #7, Technology = Wifi, Address = 02-06-00:00:00:00:00:09, { DataRate: 97, SignalStrength: 19, AntiFragility: 25}, IQ: 41]
       [Network #6, Technology = Wifi, Address = 02-06-00:00:00:00:00:08, { DataRate: 37, SignalStrength: 35, AntiFragility: 40}, IQ: 38]
       [Network #14, Technology = Wifi, Address = 02-06-00:00:00:00:00:10, { DataRate: 32, SignalStrength: 43, AntiFragility: 13}, IQ: 25]
       [Network #0, Technology = Wifi, Address = 02-06-00:00:00:00:00:02, { DataRate: 3, SignalStrength: 11, AntiFragility: 7}, IQ: 7]
140s DeviceModule:MoveRandom(): New position: (166, 82)
140s DecisionModule:AddNetworkToList(): Network detected
141s DeviceModule:MoveRandom(): New position: (169, 82)
141s DecisionModule:RemoveNetworkFromList(): Network: 3 out of range!
142s DeviceModule:MoveRandom(): New position: (166, 82)
142s DecisionModule:AddNetworkToList(): Network detected
143s DeviceModule:MoveRandom(): New position: (163, 82)
144s DeviceModule:MoveRandom(): New position: (166, 82)
145s DeviceModule:MoveRandom(): New position: (166, 85)
146s DeviceModule:MoveRandom(): New position: (163, 85)
147s DeviceModule:MoveRandom(): New position: (163, 88)
148s DeviceModule:MoveRandom(): New position: (160, 88)
149s DeviceModule:MoveRandom(): New position: (160, 91)
150s DecisionModule:Run(): Run decision
150s DecisionModule:AnalyzingNetworks(): Current Network: 
       [Network #16, Technology = Wifi, Address = 02-06-00:00:00:00:00:12, { DataRate: 82, SignalStrength: 77, AntiFragility: 83}, IQ: 81]
150s DecisionModule:ShowAllNetworks(): All detected networks:
       [Network #16, Technology = Wifi, Address = 02-06-00:00:00:00:00:12, { DataRate: 82, SignalStrength: 77, AntiFragility: 83}, IQ: 81]
       [Network #2, Technology = Wifi, Address = 02-06-00:00:00:00:00:04, { DataRate: 46, SignalStrength: 79, AntiFragility: 90}, IQ: 76]
       [Network #7, Technology = Wifi, Address = 02-06-00:00:00:00:00:09, { DataRate: 20, SignalStrength: 75, AntiFragility: 70}, IQ: 58]
       [Network #3, Technology = Wifi, Address = 02-06-00:00:00:00:00:05, { DataRate: 77, SignalStrength: 41, AntiFragility: 44}, IQ: 51]
       [Network #17, Technology = Wifi, Address = 02-06-00:00:00:00:00:13, { DataRate: 20, SignalStrength: 65, AntiFragility: 53}, IQ: 47]
       [Network #15, Technology = Wifi, Address = 02-06-00:00:00:00:00:11, { DataRate: 25, SignalStrength: 5, AntiFragility: 77}, IQ: 46]
       [Network #14, Technology = Wifi, Address = 02-06-00:00:00:00:00:10, { DataRate: 47, SignalStrength: 54, AntiFragility: 31}, IQ: 40]
       [Network #10, Technology = Wifi, Address = 02-06-00:00:00:00:00:0c, { DataRate: 18, SignalStrength: 11, AntiFragility: 56}, IQ: 35]
       [Network #6, Technology = Wifi, Address = 02-06-00:00:00:00:00:08, { DataRate: 71, SignalStrength: 28, AntiFragility: 20}, IQ: 34]
       [Network #0, Technology = Wifi, Address = 02-06-00:00:00:00:00:02, { DataRate: 13, SignalStrength: 17, AntiFragility: 34}, IQ: 24]
150s ExecutionModule:Run(): Decision time => Seconds: 0, Miliseconds: 211
150s ExecutionModule:Run(): Handover time => Seconds: 0, Miliseconds: 122
150s ExecutionModule:Run(): Event: Horizontal Handover.
150s DeviceModule:MoveRandom(): New position: (157, 91)
151s DeviceModule:MoveRandom(): New position: (154, 91)
151s DecisionModule:AddNetworkToList(): Network detected
152s DeviceModule:MoveRandom(): New position: (151, 91)
153s DeviceModule:MoveRandom(): New position: (151, 94)
154s DeviceModule:MoveRandom(): New position: (151, 91)
155s DeviceModule:MoveRandom(): New position: (151, 94)
156s DeviceModule:MoveRandom(): New position: (154, 94)
157s DeviceModule:MoveRandom(): New position: (154, 97)
158s DeviceModule:MoveRandom(): New position: (151, 97)
159s DeviceModule:MoveRandom(): New position: (151, 100)
160s DecisionModule:Run(): Run decision
160s DecisionModule:AnalyzingNetworks(): Current Network: 
       [Network #0, Technology = Wifi, Address = 02-06-00:00:00:00:00:02, { DataRate: 75, SignalStrength: 87, AntiFragility: 90}, IQ: 85]
160s DecisionModule:ShowAllNetworks(): All detected networks:
       [Network #0, Technology = Wifi, Address = 02-06-00:00:00:00:00:02, { DataRate: 75, SignalStrength: 87, AntiFragility: 90}, IQ: 85]
       [Network #10, Technology = Wifi, Address = 02-06-00:00:00:00:00:0c, { DataRate: 97, SignalStrength: 64, AntiFragility: 54}, IQ: 67]
       [Network #13, Technology = Wifi, Address = 02-06-00:00:00:00:00:0f, { DataRate: 47, SignalStrength: 88, AntiFragility: 64}, IQ: 65]
       [Network #17, Technology = Wifi, Address = 02-06-00:00:00:00:00:13, { DataRate: 80, SignalStrength: 20, AntiFragility: 77}, IQ: 63]
       [Network #2, Technology = Wifi, Address = 02-06-00:00:00:00:00:04, { DataRate: 1, SignalStrength: 98, AntiFragility: 75}, IQ: 62]
       [Network #14, Technology = Wifi, Address = 02-06-00:00:00:00:00:10, { DataRate: 10, SignalStrength: 63, AntiFragility: 81}, IQ: 58]
       [Network #7, Technology = Wifi, Address = 02-06-00:00:00:00:00:09, { DataRate: 28, SignalStrength: 86, AntiFragility: 56}, IQ: 56]
       [Network #16, Technology = Wifi, Address = 02-06-00:00:00:00:00:12, { DataRate: 58, SignalStrength: 21, AntiFragility: 72}, IQ: 55]
       [Network #6, Technology = Wifi, Address = 02-06-00:00:00:00:00:08, { DataRate: 24, SignalStrength: 76, AntiFragility: 40}, IQ: 45]
       [Network #3, Technology = Wifi, Address = 02-06-00:00:00:00:00:05, { DataRate: 77, SignalStrength: 23, AntiFragility: 40}, IQ: 45]
       [Network #15, Technology = Wifi, Address = 02-06-00:00:00:00:00:11, { DataRate: 13, SignalStrength: 50, AntiFragility: 8}, IQ: 19]
160s ExecutionModule:Run(): Decision time => Seconds: 0, Miliseconds: 533
160s ExecutionModule:Run(): Handover time => Seconds: 0, Miliseconds: 204
160s ExecutionModule:Run(): Event: Horizontal Handover.
160s DeviceModule:MoveRandom(): New position: (151, 103)
161s DeviceModule:MoveRandom(): New position: (154, 103)
162s DeviceModule:MoveRandom(): New position: (151, 103)
163s DeviceModule:MoveRandom(): New position: (154, 103)
164s DeviceModule:MoveRandom(): New position: (154, 100)
165s DeviceModule:MoveRandom(): New position: (154, 97)
166s DeviceModule:MoveRandom(): New position: (154, 100)
167s DeviceModule:MoveRandom(): New position: (154, 103)
168s DeviceModule:MoveRandom(): New position: (151, 103)
169s DeviceModule:MoveRandom(): New position: (148, 103)
170s DecisionModule:Run(): Run decision
170s DecisionModule:AnalyzingNetworks(): Current Network: 
       [Network #13, Technology = Wifi, Address = 02-06-00:00:00:00:00:0f, { DataRate: 68, SignalStrength: 82, AntiFragility: 94}, IQ: 84]
170s DecisionModule:ShowAllNetworks(): All detected networks:
       [Network #13, Technology = Wifi, Address = 02-06-00:00:00:00:00:0f, { DataRate: 68, SignalStrength: 82, AntiFragility: 94}, IQ: 84]
       [Network #6, Technology = Wifi, Address = 02-06-00:00:00:00:00:08, { DataRate: 93, SignalStrength: 27, AntiFragility: 84}, IQ: 72]
       [Network #15, Technology = Wifi, Address = 02-06-00:00:00:00:00:11, { DataRate: 50, SignalStrength: 40, AntiFragility: 72}, IQ: 58]
       [Network #14, Technology = Wifi, Address = 02-06-00:00:00:00:00:10, { DataRate: 58, SignalStrength: 16, AntiFragility: 73}, IQ: 55]
       [Network #0, Technology = Wifi, Address = 02-06-00:00:00:00:00:02, { DataRate: 24, SignalStrength: 85, AntiFragility: 55}, IQ: 54]
       [Network #17, Technology = Wifi, Address = 02-06-00:00:00:00:00:13, { DataRate: 27, SignalStrength: 92, AntiFragility: 40}, IQ: 49]
       [Network #2, Technology = Wifi, Address = 02-06-00:00:00:00:00:04, { DataRate: 72, SignalStrength: 9, AntiFragility: 53}, IQ: 46]
       [Network #16, Technology = Wifi, Address = 02-06-00:00:00:00:00:12, { DataRate: 80, SignalStrength: 27, AntiFragility: 25}, IQ: 39]
       [Network #3, Technology = Wifi, Address = 02-06-00:00:00:00:00:05, { DataRate: 26, SignalStrength: 3, AntiFragility: 65}, IQ: 39]
       [Network #7, Technology = Wifi, Address = 02-06-00:00:00:00:00:09, { DataRate: 31, SignalStrength: 18, AntiFragility: 36}, IQ: 30]
       [Network #10, Technology = Wifi, Address = 02-06-00:00:00:00:00:0c, { DataRate: 13, SignalStrength: 73, AntiFragility: 4}, IQ: 23]
170s ExecutionModule:Run(): Decision time => Seconds: 0, Miliseconds: 219
170s ExecutionModule:Run(): Handover time => Seconds: 0, Miliseconds: 134
170s ExecutionModule:Run(): Event: Horizontal Handover.
170s DeviceModule:MoveRandom(): New position: (145, 103)
171s DeviceModule:MoveRandom(): New position: (148, 103)
172s DeviceModule:MoveRandom(): New position: (148, 100)
173s DeviceModule:MoveRandom(): New position: (151, 100)
174s DeviceModule:MoveRandom(): New position: (154, 100)
175s DeviceModule:MoveRandom(): New position: (151, 100)
176s DeviceModule:MoveRandom(): New position: (151, 97)
177s DeviceModule:MoveRandom(): New position: (151, 94)
178s DeviceModule:MoveRandom(): New position: (151, 97)
179s DeviceModule:MoveRandom(): New position: (151, 100)
180s DecisionModule:Run(): Run decision
180s DecisionModule:AnalyzingNetworks(): Current Network: 
       [Network #13, Technology = Wifi, Address = 02-06-00:00:00:00:00:0f, { DataRate: 67, SignalStrength: 96, AntiFragility: 64}, IQ: 72]
180s DecisionModule:ShowAllNetworks(): All detected networks:
       [Network #13, Technology = Wifi, Address = 02-06-00:00:00:00:00:0f, { DataRate: 67, SignalStrength: 96, AntiFragility: 64}, IQ: 72]
       [Network #14, Technology = Wifi, Address = 02-06-00:00:00:00:00:10, { DataRate: 54, SignalStrength: 43, AntiFragility: 92}, IQ: 70]
       [Network #0, Technology = Wifi, Address = 02-06-00:00:00:00:00:02, { DataRate: 95, SignalStrength: 65, AntiFragility: 54}, IQ: 67]
       [Network #17, Technology = Wifi, Address = 02-06-00:00:00:00:00:13, { DataRate: 28, SignalStrength: 83, AntiFragility: 61}, IQ: 58]
       [Network #10, Technology = Wifi, Address = 02-06-00:00:00:00:00:0c, { DataRate: 70, SignalStrength: 68, AntiFragility: 25}, IQ: 47]
       [Network #16, Technology = Wifi, Address = 02-06-00:00:00:00:00:12, { DataRate: 36, SignalStrength: 42, AntiFragility: 51}, IQ: 45]
       [Network #6, Technology = Wifi, Address = 02-06-00:00:00:00:00:08, { DataRate: 59, SignalStrength: 2, AntiFragility: 57}, IQ: 43]
       [Network #2, Technology = Wifi, Address = 02-06-00:00:00:00:00:04, { DataRate: 5, SignalStrength: 52, AntiFragility: 57}, IQ: 42]
       [Network #15, Technology = Wifi, Address = 02-06-00:00:00:00:00:11, { DataRate: 73, SignalStrength: 29, AntiFragility: 25}, IQ: 38]
       [Network #3, Technology = Wifi, Address = 02-06-00:00:00:00:00:05, { DataRate: 15, SignalStrength: 3, AntiFragility: 12}, IQ: 10]
       [Network #7, Technology = Wifi, Address = 02-06-00:00:00:00:00:09, { DataRate: 8, SignalStrength: 4, AntiFragility: 6}, IQ: 6]
180s DeviceModule:MoveRandom(): New position: (154, 100)
181s DeviceModule:MoveRandom(): New position: (154, 97)
182s DeviceModule:MoveRandom(): New position: (154, 100)
183s DeviceModule:MoveRandom(): New position: (151, 100)
184s DeviceModule:MoveRandom(): New position: (148, 100)
185s DeviceModule:MoveRandom(): New position: (148, 103)
186s DeviceModule:MoveRandom(): New position: (148, 106)
187s DeviceModule:MoveRandom(): New position: (148, 103)
188s DeviceModule:MoveRandom(): New position: (148, 106)
189s DeviceModule:MoveRandom(): New position: (145, 106)
189s DecisionModule:AddNetworkToList(): Network detected
190s DecisionModule:Run(): Run decision
190s DecisionModule:AnalyzingNetworks(): Current Network: 
       [Network #10, Technology = Wifi, Address = 02-06-00:00:00:00:00:0c, { DataRate: 85, SignalStrength: 53, AntiFragility: 87}, IQ: 78]
190s DecisionModule:ShowAllNetworks(): All detected networks:
       [Network #10, Technology = Wifi, Address = 02-06-00:00:00:00:00:0c, { DataRate: 85, SignalStrength: 53, AntiFragility: 87}, IQ: 78]
       [Network #3, Technology = Wifi, Address = 02-06-00:00:00:00:00:05, { DataRate: 62, SignalStrength: 86, AntiFragility: 78}, IQ: 76]
       [Network #6, Technology = Wifi, Address = 02-06-00:00:00:00:00:08, { DataRate: 90, SignalStrength: 65, AntiFragility: 72}, IQ: 74]
       [Network #0, Technology = Wifi, Address = 02-06-00:00:00:00:00:02, { DataRate: 97, SignalStrength: 77, AntiFragility: 32}, IQ: 59]
       [Network #4, Technology = Wifi, Address = 02-06-00:00:00:00:00:06, { DataRate: 13, SignalStrength: 27, AntiFragility: 99}, IQ: 59]
       [Network #14, Technology = Wifi, Address = 02-06-00:00:00:00:00:10, { DataRate: 77, SignalStrength: 12, AntiFragility: 59}, IQ: 51]
       [Network #15, Technology = Wifi, Address = 02-06-00:00:00:00:00:11, { DataRate: 4, SignalStrength: 76, AntiFragility: 44}, IQ: 42]
       [Network #13, Technology = Wifi, Address = 02-06-00:00:00:00:00:0f, { DataRate: 92, SignalStrength: 2, AntiFragility: 30}, IQ: 38]
       [Network #16, Technology = Wifi, Address = 02-06-00:00:00:00:00:12, { DataRate: 80, SignalStrength: 19, AntiFragility: 21}, IQ: 35]
       [Network #2, Technology = Wifi, Address = 02-06-00:00:00:00:00:04, { DataRate: 14, SignalStrength: 62, AntiFragility: 30}, IQ: 34]
       [Network #7, Technology = Wifi, Address = 02-06-00:00:00:00:00:09, { DataRate: 59, SignalStrength: 16, AntiFragility: 22}, IQ: 29]
       [Network #17, Technology = Wifi, Address = 02-06-00:00:00:00:00:13, { DataRate: 54, SignalStrength: 1, AntiFragility: 28}, IQ: 27]
190s ExecutionModule:Run(): Decision time => Seconds: 0, Miliseconds: 261
190s ExecutionModule:Run(): Handover time => Seconds: 0, Miliseconds: 123
190s ExecutionModule:Run(): Event: Horizontal Handover.
190s DeviceModule:MoveRandom(): New position: (145, 109)
191s DeviceModule:MoveRandom(): New position: (145, 106)
192s DeviceModule:MoveRandom(): New position: (148, 106)
192s DecisionModule:RemoveNetworkFromList(): Network: 4 out of range!
193s DeviceModule:MoveRandom(): New position: (148, 109)
194s DeviceModule:MoveRandom(): New position: (151, 109)
195s DeviceModule:MoveRandom(): New position: (151, 112)
196s DeviceModule:MoveRandom(): New position: (151, 115)
196s DecisionModule:RemoveNetworkFromList(): Network: 15 out of range!
197s DeviceModule:MoveRandom(): New position: (151, 112)
197s DecisionModule:AddNetworkToList(): Network detected
198s DeviceModule:MoveRandom(): New position: (151, 115)
198s DecisionModule:RemoveNetworkFromList(): Network: 15 out of range!
199s DeviceModule:MoveRandom(): New position: (148, 115)
199s DecisionModule:AddNetworkToList(): Network detected
