Waf: Entering directory `/home/renan/Documents/NR2/ns-allinone-3.20/ns-3.20/build'
Waf: Leaving directory `/home/renan/Documents/NR2/ns-allinone-3.20/ns-3.20/build'
'build' finished successfully (1.828s)
0s NetworkModule:SetPosition(): Network 0 set position => (96, 164)
0s NetworkModule:SetRange(): Network 0 set range => 100
0s NetworkModule:SetPosition(): Network 1 set position => (96, 87)
0s NetworkModule:SetRange(): Network 1 set range => 100
0s NetworkModule:SetPosition(): Network 2 set position => (87, 55)
0s NetworkModule:SetRange(): Network 2 set range => 100
0s NetworkModule:SetPosition(): Network 3 set position => (155, 119)
0s NetworkModule:SetRange(): Network 3 set range => 100
0s NetworkModule:SetPosition(): Network 4 set position => (25, 38)
0s NetworkModule:SetRange(): Network 4 set range => 100
0s NetworkModule:SetPosition(): Network 5 set position => (20, 122)
0s NetworkModule:SetRange(): Network 5 set range => 100
0s NetworkModule:SetPosition(): Network 6 set position => (190, 138)
0s NetworkModule:SetRange(): Network 6 set range => 100
0s NetworkModule:SetPosition(): Network 7 set position => (106, 156)
0s NetworkModule:SetRange(): Network 7 set range => 100
0s NetworkModule:SetPosition(): Network 8 set position => (21, 37)
0s NetworkModule:SetRange(): Network 8 set range => 100
0s NetworkModule:SetPosition(): Network 9 set position => (77, 107)
0s NetworkModule:SetRange(): Network 9 set range => 100
0s NetworkModule:SetPosition(): Network 10 set position => (37, 87)
0s NetworkModule:SetRange(): Network 10 set range => 100
0s NetworkModule:SetPosition(): Network 11 set position => (196, 115)
0s NetworkModule:SetRange(): Network 11 set range => 100
0s NetworkModule:SetPosition(): Network 12 set position => (20, 74)
0s NetworkModule:SetRange(): Network 12 set range => 100
0s NetworkModule:SetPosition(): Network 13 set position => (166, 163)
0s NetworkModule:SetRange(): Network 13 set range => 100
0s NetworkModule:SetPosition(): Network 14 set position => (165, 127)
0s NetworkModule:SetRange(): Network 14 set range => 100
0s NetworkModule:SetPosition(): Network 15 set position => (43, 129)
0s NetworkModule:SetRange(): Network 15 set range => 100
0s NetworkModule:SetPosition(): Network 16 set position => (168, 13)
0s NetworkModule:SetRange(): Network 16 set range => 100
0s NetworkModule:SetPosition(): Network 17 set position => (20, 140)
0s NetworkModule:SetRange(): Network 17 set range => 100
0s NetworkModule:SetPosition(): Network 18 set position => (11, 56)
0s NetworkModule:SetRange(): Network 18 set range => 100
0s NetworkModule:SetPosition(): Network 19 set position => (46, 175)
0s NetworkModule:SetRange(): Network 19 set range => 100
0s DeviceModule:ConfigureMobility(): Device [init x = 100, init y = 100, max = 200, velocity = 3]
1s DeviceModule:MoveRandom(): New position: (100, 97)
1s DecisionModule:AddNetworkToList(): Network detected
1s DecisionModule:AddNetworkToList(): Network detected
1s DecisionModule:AddNetworkToList(): Network detected
1s DecisionModule:AddNetworkToList(): Network detected
1s DecisionModule:AddNetworkToList(): Network detected
1s DecisionModule:AddNetworkToList(): Network detected
1s DecisionModule:AddNetworkToList(): Network detected
1s DecisionModule:AddNetworkToList(): Network detected
1s DecisionModule:AddNetworkToList(): Network detected
1s DecisionModule:AddNetworkToList(): Network detected
1s DecisionModule:AddNetworkToList(): Network detected
1s DecisionModule:AddNetworkToList(): Network detected
1s DecisionModule:AddNetworkToList(): Network detected
1s DecisionModule:AddNetworkToList(): Network detected
1s DecisionModule:AddNetworkToList(): Network detected
1s DecisionModule:AddNetworkToList(): Network detected
1s DecisionModule:AddNetworkToList(): Network detected
1s DecisionModule:AddNetworkToList(): Network detected
1s DecisionModule:AddNetworkToList(): Network detected
2s DeviceModule:MoveRandom(): New position: (100, 94)
3s DeviceModule:MoveRandom(): New position: (103, 94)
4s DeviceModule:MoveRandom(): New position: (100, 94)
5s DeviceModule:MoveRandom(): New position: (103, 94)
6s DeviceModule:MoveRandom(): New position: (103, 97)
6s DecisionModule:RemoveNetworkFromList(): Network: 8 out of range!
7s DeviceModule:MoveRandom(): New position: (103, 94)
7s DecisionModule:AddNetworkToList(): Network detected
8s DeviceModule:MoveRandom(): New position: (103, 97)
8s DecisionModule:RemoveNetworkFromList(): Network: 8 out of range!
9s DeviceModule:MoveRandom(): New position: (106, 97)
9s DecisionModule:RemoveNetworkFromList(): Network: 18 out of range!
10s DecisionModule:Run(): Run decision
10s DecisionModule:AnalyzingNetworks(): Current Network: 
       [Network #2, Technology = Wifi, Address = 02-06-00:00:00:00:00:04, { DataRate: 90, SignalStrength: 95, AntiFragility: 99}, IQ: 95]
10s DecisionModule:ShowAllNetworks(): All detected networks:
       [Network #2, Technology = Wifi, Address = 02-06-00:00:00:00:00:04, { DataRate: 90, SignalStrength: 95, AntiFragility: 99}, IQ: 95]
       [Network #17, Technology = Wifi, Address = 02-06-00:00:00:00:00:13, { DataRate: 29, SignalStrength: 81, AntiFragility: 95}, IQ: 75]
       [Network #11, Technology = Wifi, Address = 02-06-00:00:00:00:00:0d, { DataRate: 77, SignalStrength: 41, AntiFragility: 89}, IQ: 74]
       [Network #1, Technology = Wifi, Address = 02-06-00:00:00:00:00:03, { DataRate: 95, SignalStrength: 36, AntiFragility: 78}, IQ: 71]
       [Network #6, Technology = Wifi, Address = 02-06-00:00:00:00:00:08, { DataRate: 93, SignalStrength: 34, AntiFragility: 75}, IQ: 69]
       [Network #4, Technology = Wifi, Address = 02-06-00:00:00:00:00:06, { DataRate: 98, SignalStrength: 41, AntiFragility: 53}, IQ: 61]
       [Network #5, Technology = Wifi, Address = 02-06-00:00:00:00:00:07, { DataRate: 20, SignalStrength: 22, AntiFragility: 89}, IQ: 55]
       [Network #9, Technology = Wifi, Address = 02-06-00:00:00:00:00:0b, { DataRate: 49, SignalStrength: 43, AntiFragility: 51}, IQ: 48]
       [Network #13, Technology = Wifi, Address = 02-06-00:00:00:00:00:0f, { DataRate: 19, SignalStrength: 12, AntiFragility: 80}, IQ: 47]
       [Network #12, Technology = Wifi, Address = 02-06-00:00:00:00:00:0e, { DataRate: 19, SignalStrength: 88, AntiFragility: 40}, IQ: 46]
       [Network #15, Technology = Wifi, Address = 02-06-00:00:00:00:00:11, { DataRate: 54, SignalStrength: 6, AntiFragility: 50}, IQ: 40]
       [Network #10, Technology = Wifi, Address = 02-06-00:00:00:00:00:0c, { DataRate: 82, SignalStrength: 52, AntiFragility: 10}, IQ: 38]
       [Network #0, Technology = Wifi, Address = 02-06-00:00:00:00:00:02, { DataRate: 80, SignalStrength: 57, AntiFragility: 7}, IQ: 37]
       [Network #3, Technology = Wifi, Address = 02-06-00:00:00:00:00:05, { DataRate: 42, SignalStrength: 23, AntiFragility: 40}, IQ: 36]
       [Network #14, Technology = Wifi, Address = 02-06-00:00:00:00:00:10, { DataRate: 13, SignalStrength: 65, AntiFragility: 30}, IQ: 34]
       [Network #19, Technology = Wimax, Address = 02-06-00:00:00:00:00:16, { DataRate: 90, SignalStrength: 28, AntiFragility: 3}, IQ: 31]
       [Network #7, Technology = Wifi, Address = 02-06-00:00:00:00:00:09, { DataRate: 81, SignalStrength: 27, AntiFragility: 4}, IQ: 29]
10s DeviceModule:MoveRandom(): New position: (106, 94)
11s DeviceModule:MoveRandom(): New position: (106, 97)
12s DeviceModule:MoveRandom(): New position: (106, 94)
13s DeviceModule:MoveRandom(): New position: (103, 94)
13s DecisionModule:AddNetworkToList(): Network detected
13s DecisionModule:AddNetworkToList(): Network detected
14s DeviceModule:MoveRandom(): New position: (103, 97)
14s DecisionModule:RemoveNetworkFromList(): Network: 8 out of range!
15s DeviceModule:MoveRandom(): New position: (103, 94)
15s DecisionModule:AddNetworkToList(): Network detected
16s DeviceModule:MoveRandom(): New position: (103, 91)
16s DecisionModule:RemoveNetworkFromList(): Network: 19 out of range!
17s DeviceModule:MoveRandom(): New position: (103, 94)
17s DecisionModule:AddNetworkToList(): Network detected
18s DeviceModule:MoveRandom(): New position: (103, 97)
18s DecisionModule:RemoveNetworkFromList(): Network: 8 out of range!
19s DeviceModule:MoveRandom(): New position: (106, 97)
19s DecisionModule:RemoveNetworkFromList(): Network: 18 out of range!
20s DecisionModule:Run(): Run decision
20s DecisionModule:AnalyzingNetworks(): Current Network: 
       [Network #1, Technology = Wifi, Address = 02-06-00:00:00:00:00:03, { DataRate: 42, SignalStrength: 66, AntiFragility: 98}, IQ: 76]
20s DecisionModule:ShowAllNetworks(): All detected networks:
       [Network #1, Technology = Wifi, Address = 02-06-00:00:00:00:00:03, { DataRate: 42, SignalStrength: 66, AntiFragility: 98}, IQ: 76]
       [Network #0, Technology = Wifi, Address = 02-06-00:00:00:00:00:02, { DataRate: 31, SignalStrength: 67, AntiFragility: 89}, IQ: 69]
       [Network #5, Technology = Wifi, Address = 02-06-00:00:00:00:00:07, { DataRate: 81, SignalStrength: 45, AntiFragility: 68}, IQ: 65]
       [Network #10, Technology = Wifi, Address = 02-06-00:00:00:00:00:0c, { DataRate: 81, SignalStrength: 37, AntiFragility: 69}, IQ: 64]
       [Network #14, Technology = Wifi, Address = 02-06-00:00:00:00:00:10, { DataRate: 31, SignalStrength: 88, AntiFragility: 69}, IQ: 64]
       [Network #11, Technology = Wifi, Address = 02-06-00:00:00:00:00:0d, { DataRate: 68, SignalStrength: 30, AntiFragility: 77}, IQ: 63]
       [Network #3, Technology = Wifi, Address = 02-06-00:00:00:00:00:05, { DataRate: 13, SignalStrength: 65, AntiFragility: 83}, IQ: 61]
       [Network #6, Technology = Wifi, Address = 02-06-00:00:00:00:00:08, { DataRate: 34, SignalStrength: 69, AntiFragility: 71}, IQ: 61]
       [Network #2, Technology = Wifi, Address = 02-06-00:00:00:00:00:04, { DataRate: 16, SignalStrength: 97, AntiFragility: 57}, IQ: 56]
       [Network #17, Technology = Wifi, Address = 02-06-00:00:00:00:00:13, { DataRate: 33, SignalStrength: 50, AntiFragility: 69}, IQ: 55]
       [Network #19, Technology = Wimax, Address = 02-06-00:00:00:00:00:16, { DataRate: 64, SignalStrength: 90, AntiFragility: 30}, IQ: 53]
       [Network #12, Technology = Wifi, Address = 02-06-00:00:00:00:00:0e, { DataRate: 17, SignalStrength: 59, AntiFragility: 67}, IQ: 52]
       [Network #9, Technology = Wifi, Address = 02-06-00:00:00:00:00:0b, { DataRate: 44, SignalStrength: 62, AntiFragility: 51}, IQ: 52]
       [Network #7, Technology = Wifi, Address = 02-06-00:00:00:00:00:09, { DataRate: 5, SignalStrength: 85, AntiFragility: 60}, IQ: 52]
       [Network #15, Technology = Wifi, Address = 02-06-00:00:00:00:00:11, { DataRate: 83, SignalStrength: 16, AntiFragility: 36}, IQ: 42]
       [Network #4, Technology = Wifi, Address = 02-06-00:00:00:00:00:06, { DataRate: 57, SignalStrength: 52, AntiFragility: 28}, IQ: 41]
       [Network #13, Technology = Wifi, Address = 02-06-00:00:00:00:00:0f, { DataRate: 74, SignalStrength: 4, AntiFragility: 2}, IQ: 20]
20s ExecutionModule:Run(): Decision time => Seconds: 0, Miliseconds: 258
20s ExecutionModule:Run(): Handover time => Seconds: 0, Miliseconds: 177
20s ExecutionModule:Run(): Event: Horizontal Handover.
20s DeviceModule:MoveRandom(): New position: (106, 100)
20s DecisionModule:RemoveNetworkFromList(): Network: 4 out of range!
21s DeviceModule:MoveRandom(): New position: (109, 100)
22s DeviceModule:MoveRandom(): New position: (106, 100)
23s DeviceModule:MoveRandom(): New position: (106, 103)
24s DeviceModule:MoveRandom(): New position: (109, 103)
25s DeviceModule:MoveRandom(): New position: (109, 100)
26s DeviceModule:MoveRandom(): New position: (109, 103)
27s DeviceModule:MoveRandom(): New position: (106, 103)
28s DeviceModule:MoveRandom(): New position: (103, 103)
29s DeviceModule:MoveRandom(): New position: (100, 103)
29s DecisionModule:AddNetworkToList(): Network detected
29s DecisionModule:AddNetworkToList(): Network detected
30s DecisionModule:Run(): Run decision
30s DecisionModule:AnalyzingNetworks(): Current Network: 
       [Network #15, Technology = Wifi, Address = 02-06-00:00:00:00:00:11, { DataRate: 50, SignalStrength: 80, AntiFragility: 99}, IQ: 82]
30s DecisionModule:ShowAllNetworks(): All detected networks:
       [Network #15, Technology = Wifi, Address = 02-06-00:00:00:00:00:11, { DataRate: 50, SignalStrength: 80, AntiFragility: 99}, IQ: 82]
       [Network #0, Technology = Wifi, Address = 02-06-00:00:00:00:00:02, { DataRate: 40, SignalStrength: 82, AntiFragility: 85}, IQ: 73]
       [Network #5, Technology = Wifi, Address = 02-06-00:00:00:00:00:07, { DataRate: 66, SignalStrength: 85, AntiFragility: 61}, IQ: 68]
       [Network #14, Technology = Wifi, Address = 02-06-00:00:00:00:00:10, { DataRate: 74, SignalStrength: 32, AntiFragility: 82}, IQ: 67]
       [Network #7, Technology = Wifi, Address = 02-06-00:00:00:00:00:09, { DataRate: 16, SignalStrength: 65, AntiFragility: 76}, IQ: 58]
       [Network #2, Technology = Wifi, Address = 02-06-00:00:00:00:00:04, { DataRate: 68, SignalStrength: 16, AntiFragility: 68}, IQ: 55]
       [Network #1, Technology = Wifi, Address = 02-06-00:00:00:00:00:03, { DataRate: 32, SignalStrength: 91, AntiFragility: 42}, IQ: 51]
       [Network #18, Technology = Wimax, Address = 02-06-00:00:00:00:00:15, { DataRate: 47, SignalStrength: 21, AntiFragility: 63}, IQ: 48]
       [Network #10, Technology = Wifi, Address = 02-06-00:00:00:00:00:0c, { DataRate: 42, SignalStrength: 63, AntiFragility: 43}, IQ: 47]
       [Network #3, Technology = Wifi, Address = 02-06-00:00:00:00:00:05, { DataRate: 72, SignalStrength: 51, AntiFragility: 22}, IQ: 41]
       [Network #17, Technology = Wifi, Address = 02-06-00:00:00:00:00:13, { DataRate: 4, SignalStrength: 81, AntiFragility: 39}, IQ: 40]
       [Network #6, Technology = Wifi, Address = 02-06-00:00:00:00:00:08, { DataRate: 48, SignalStrength: 98, AntiFragility: 4}, IQ: 38]
       [Network #11, Technology = Wifi, Address = 02-06-00:00:00:00:00:0d, { DataRate: 77, SignalStrength: 10, AntiFragility: 21}, IQ: 32]
       [Network #4, Technology = Wifi, Address = 02-06-00:00:00:00:00:06, { DataRate: 42, SignalStrength: 52, AntiFragility: 13}, IQ: 30]
       [Network #12, Technology = Wifi, Address = 02-06-00:00:00:00:00:0e, { DataRate: 81, SignalStrength: 8, AntiFragility: 15}, IQ: 29]
       [Network #9, Technology = Wifi, Address = 02-06-00:00:00:00:00:0b, { DataRate: 15, SignalStrength: 21, AntiFragility: 34}, IQ: 26]
       [Network #19, Technology = Wimax, Address = 02-06-00:00:00:00:00:16, { DataRate: 38, SignalStrength: 23, AntiFragility: 23}, IQ: 26]
       [Network #13, Technology = Wifi, Address = 02-06-00:00:00:00:00:0f, { DataRate: 20, SignalStrength: 52, AntiFragility: 10}, IQ: 23]
30s ExecutionModule:Run(): Decision time => Seconds: 0, Miliseconds: 286
30s ExecutionModule:Run(): Handover time => Seconds: 0, Miliseconds: 331
30s ExecutionModule:Run(): Event: Horizontal Handover.
30s DeviceModule:MoveRandom(): New position: (103, 103)
30s DecisionModule:RemoveNetworkFromList(): Network: 4 out of range!
30s DecisionModule:RemoveNetworkFromList(): Network: 18 out of range!
31s DeviceModule:MoveRandom(): New position: (100, 103)
31s DecisionModule:AddNetworkToList(): Network detected
31s DecisionModule:AddNetworkToList(): Network detected
32s DeviceModule:MoveRandom(): New position: (103, 103)
32s DecisionModule:RemoveNetworkFromList(): Network: 4 out of range!
32s DecisionModule:RemoveNetworkFromList(): Network: 18 out of range!
33s DeviceModule:MoveRandom(): New position: (100, 103)
33s DecisionModule:AddNetworkToList(): Network detected
33s DecisionModule:AddNetworkToList(): Network detected
34s DeviceModule:MoveRandom(): New position: (103, 103)
34s DecisionModule:RemoveNetworkFromList(): Network: 4 out of range!
34s DecisionModule:RemoveNetworkFromList(): Network: 18 out of range!
35s DeviceModule:MoveRandom(): New position: (103, 106)
36s DeviceModule:MoveRandom(): New position: (103, 103)
37s DeviceModule:MoveRandom(): New position: (100, 103)
37s DecisionModule:AddNetworkToList(): Network detected
37s DecisionModule:AddNetworkToList(): Network detected
38s DeviceModule:MoveRandom(): New position: (100, 100)
39s DeviceModule:MoveRandom(): New position: (103, 100)
39s DecisionModule:RemoveNetworkFromList(): Network: 18 out of range!
40s DecisionModule:Run(): Run decision
40s DecisionModule:AnalyzingNetworks(): Current Network: 
       [Network #1, Technology = Wifi, Address = 02-06-00:00:00:00:00:03, { DataRate: 85, SignalStrength: 76, AntiFragility: 88}, IQ: 84]
40s DecisionModule:ShowAllNetworks(): All detected networks:
       [Network #1, Technology = Wifi, Address = 02-06-00:00:00:00:00:03, { DataRate: 85, SignalStrength: 76, AntiFragility: 88}, IQ: 84]
       [Network #0, Technology = Wifi, Address = 02-06-00:00:00:00:00:02, { DataRate: 77, SignalStrength: 58, AntiFragility: 96}, IQ: 81]
       [Network #2, Technology = Wifi, Address = 02-06-00:00:00:00:00:04, { DataRate: 92, SignalStrength: 58, AntiFragility: 57}, IQ: 66]
       [Network #9, Technology = Wifi, Address = 02-06-00:00:00:00:00:0b, { DataRate: 39, SignalStrength: 78, AntiFragility: 73}, IQ: 65]
       [Network #10, Technology = Wifi, Address = 02-06-00:00:00:00:00:0c, { DataRate: 29, SignalStrength: 45, AntiFragility: 89}, IQ: 63]
       [Network #17, Technology = Wifi, Address = 02-06-00:00:00:00:00:13, { DataRate: 20, SignalStrength: 56, AntiFragility: 79}, IQ: 58]
       [Network #7, Technology = Wifi, Address = 02-06-00:00:00:00:00:09, { DataRate: 67, SignalStrength: 31, AntiFragility: 58}, IQ: 53]
       [Network #13, Technology = Wifi, Address = 02-06-00:00:00:00:00:0f, { DataRate: 29, SignalStrength: 62, AntiFragility: 62}, IQ: 53]
       [Network #6, Technology = Wifi, Address = 02-06-00:00:00:00:00:08, { DataRate: 49, SignalStrength: 4, AntiFragility: 56}, IQ: 41]
       [Network #15, Technology = Wifi, Address = 02-06-00:00:00:00:00:11, { DataRate: 76, SignalStrength: 29, AntiFragility: 17}, IQ: 34]
       [Network #4, Technology = Wifi, Address = 02-06-00:00:00:00:00:06, { DataRate: 97, SignalStrength: 18, AntiFragility: 11}, IQ: 34]
       [Network #12, Technology = Wifi, Address = 02-06-00:00:00:00:00:0e, { DataRate: 55, SignalStrength: 21, AntiFragility: 29}, IQ: 33]
       [Network #19, Technology = Wimax, Address = 02-06-00:00:00:00:00:16, { DataRate: 68, SignalStrength: 21, AntiFragility: 11}, IQ: 27]
       [Network #11, Technology = Wifi, Address = 02-06-00:00:00:00:00:0d, { DataRate: 60, SignalStrength: 8, AntiFragility: 18}, IQ: 26]
       [Network #3, Technology = Wifi, Address = 02-06-00:00:00:00:00:05, { DataRate: 42, SignalStrength: 38, AntiFragility: 2}, IQ: 21]
       [Network #14, Technology = Wifi, Address = 02-06-00:00:00:00:00:10, { DataRate: 43, SignalStrength: 26, AntiFragility: 2}, IQ: 18]
       [Network #5, Technology = Wifi, Address = 02-06-00:00:00:00:00:07, { DataRate: 10, SignalStrength: 17, AntiFragility: 4}, IQ: 8]
40s ExecutionModule:Run(): Decision time => Seconds: 0, Miliseconds: 649
40s ExecutionModule:Run(): Handover time => Seconds: 0, Miliseconds: 201
40s ExecutionModule:Run(): Event: Horizontal Handover.
40s DeviceModule:MoveRandom(): New position: (100, 100)
40s DecisionModule:AddNetworkToList(): Network detected
41s DeviceModule:MoveRandom(): New position: (103, 100)
41s DecisionModule:RemoveNetworkFromList(): Network: 18 out of range!
42s DeviceModule:MoveRandom(): New position: (103, 97)
42s DecisionModule:AddNetworkToList(): Network detected
43s DeviceModule:MoveRandom(): New position: (103, 100)
43s DecisionModule:RemoveNetworkFromList(): Network: 18 out of range!
44s DeviceModule:MoveRandom(): New position: (103, 103)
44s DecisionModule:RemoveNetworkFromList(): Network: 4 out of range!
45s DeviceModule:MoveRandom(): New position: (103, 106)
46s DeviceModule:MoveRandom(): New position: (106, 106)
47s DeviceModule:MoveRandom(): New position: (106, 103)
48s DeviceModule:MoveRandom(): New position: (109, 103)
49s DeviceModule:MoveRandom(): New position: (109, 106)
50s DecisionModule:Run(): Run decision
50s DecisionModule:AnalyzingNetworks(): Current Network: 
       [Network #19, Technology = Wimax, Address = 02-06-00:00:00:00:00:16, { DataRate: 35, SignalStrength: 74, AntiFragility: 96}, IQ: 75]
50s DecisionModule:ShowAllNetworks(): All detected networks:
       [Network #19, Technology = Wimax, Address = 02-06-00:00:00:00:00:16, { DataRate: 35, SignalStrength: 74, AntiFragility: 96}, IQ: 75]
       [Network #14, Technology = Wifi, Address = 02-06-00:00:00:00:00:10, { DataRate: 98, SignalStrength: 58, AntiFragility: 52}, IQ: 65]
       [Network #11, Technology = Wifi, Address = 02-06-00:00:00:00:00:0d, { DataRate: 94, SignalStrength: 29, AntiFragility: 62}, IQ: 61]
       [Network #3, Technology = Wifi, Address = 02-06-00:00:00:00:00:05, { DataRate: 76, SignalStrength: 35, AntiFragility: 67}, IQ: 61]
       [Network #6, Technology = Wifi, Address = 02-06-00:00:00:00:00:08, { DataRate: 78, SignalStrength: 61, AntiFragility: 49}, IQ: 59]
       [Network #7, Technology = Wifi, Address = 02-06-00:00:00:00:00:09, { DataRate: 45, SignalStrength: 12, AntiFragility: 84}, IQ: 56]
       [Network #13, Technology = Wifi, Address = 02-06-00:00:00:00:00:0f, { DataRate: 54, SignalStrength: 47, AntiFragility: 63}, IQ: 56]
       [Network #12, Technology = Wifi, Address = 02-06-00:00:00:00:00:0e, { DataRate: 79, SignalStrength: 20, AntiFragility: 64}, IQ: 56]
       [Network #15, Technology = Wifi, Address = 02-06-00:00:00:00:00:11, { DataRate: 17, SignalStrength: 46, AntiFragility: 76}, IQ: 53]
       [Network #5, Technology = Wifi, Address = 02-06-00:00:00:00:00:07, { DataRate: 60, SignalStrength: 76, AntiFragility: 32}, IQ: 50]
       [Network #0, Technology = Wifi, Address = 02-06-00:00:00:00:00:02, { DataRate: 79, SignalStrength: 3, AntiFragility: 44}, IQ: 42]
       [Network #17, Technology = Wifi, Address = 02-06-00:00:00:00:00:13, { DataRate: 31, SignalStrength: 82, AntiFragility: 17}, IQ: 36]
       [Network #1, Technology = Wifi, Address = 02-06-00:00:00:00:00:03, { DataRate: 56, SignalStrength: 19, AntiFragility: 30}, IQ: 33]
       [Network #10, Technology = Wifi, Address = 02-06-00:00:00:00:00:0c, { DataRate: 4, SignalStrength: 24, AntiFragility: 53}, IQ: 33]
       [Network #2, Technology = Wifi, Address = 02-06-00:00:00:00:00:04, { DataRate: 32, SignalStrength: 7, AntiFragility: 2}, IQ: 10]
       [Network #9, Technology = Wifi, Address = 02-06-00:00:00:00:00:0b, { DataRate: 14, SignalStrength: 6, AntiFragility: 3}, IQ: 6]
50s ExecutionModule:Run(): Decision time => Seconds: 0, Miliseconds: 273
50s ExecutionModule:Run(): Handover time => Seconds: 0, Miliseconds: 43
50s ExecutionModule:Run(): Event: Vertical Handover.
50s DeviceModule:MoveRandom(): New position: (106, 106)
51s DeviceModule:MoveRandom(): New position: (106, 109)
52s DeviceModule:MoveRandom(): New position: (103, 109)
53s DeviceModule:MoveRandom(): New position: (103, 112)
54s DeviceModule:MoveRandom(): New position: (106, 112)
55s DeviceModule:MoveRandom(): New position: (106, 115)
56s DeviceModule:MoveRandom(): New position: (106, 118)
57s DeviceModule:MoveRandom(): New position: (106, 121)
58s DeviceModule:MoveRandom(): New position: (109, 121)
59s DeviceModule:MoveRandom(): New position: (112, 121)
59s DecisionModule:RemoveNetworkFromList(): Network: 12 out of range!
60s DecisionModule:Run(): Run decision
60s DecisionModule:AnalyzingNetworks(): Current Network: 
       [Network #17, Technology = Wifi, Address = 02-06-00:00:00:00:00:13, { DataRate: 95, SignalStrength: 23, AntiFragility: 88}, IQ: 73]
60s DecisionModule:ShowAllNetworks(): All detected networks:
       [Network #17, Technology = Wifi, Address = 02-06-00:00:00:00:00:13, { DataRate: 95, SignalStrength: 23, AntiFragility: 88}, IQ: 73]
       [Network #1, Technology = Wifi, Address = 02-06-00:00:00:00:00:03, { DataRate: 20, SignalStrength: 98, AntiFragility: 78}, IQ: 68]
       [Network #14, Technology = Wifi, Address = 02-06-00:00:00:00:00:10, { DataRate: 42, SignalStrength: 24, AntiFragility: 86}, IQ: 59]
       [Network #9, Technology = Wifi, Address = 02-06-00:00:00:00:00:0b, { DataRate: 37, SignalStrength: 62, AntiFragility: 55}, IQ: 52]
       [Network #6, Technology = Wifi, Address = 02-06-00:00:00:00:00:08, { DataRate: 80, SignalStrength: 6, AntiFragility: 59}, IQ: 51]
       [Network #3, Technology = Wifi, Address = 02-06-00:00:00:00:00:05, { DataRate: 71, SignalStrength: 39, AntiFragility: 47}, IQ: 51]
       [Network #11, Technology = Wifi, Address = 02-06-00:00:00:00:00:0d, { DataRate: 90, SignalStrength: 68, AntiFragility: 22}, IQ: 50]
       [Network #19, Technology = Wimax, Address = 02-06-00:00:00:00:00:16, { DataRate: 37, SignalStrength: 92, AntiFragility: 32}, IQ: 48]
       [Network #10, Technology = Wifi, Address = 02-06-00:00:00:00:00:0c, { DataRate: 40, SignalStrength: 45, AntiFragility: 49}, IQ: 45]
       [Network #13, Technology = Wifi, Address = 02-06-00:00:00:00:00:0f, { DataRate: 99, SignalStrength: 27, AntiFragility: 26}, IQ: 44]
       [Network #15, Technology = Wifi, Address = 02-06-00:00:00:00:00:11, { DataRate: 83, SignalStrength: 63, AntiFragility: 12}, IQ: 42]
       [Network #0, Technology = Wifi, Address = 02-06-00:00:00:00:00:02, { DataRate: 3, SignalStrength: 37, AntiFragility: 46}, IQ: 33]
       [Network #5, Technology = Wifi, Address = 02-06-00:00:00:00:00:07, { DataRate: 28, SignalStrength: 52, AntiFragility: 9}, IQ: 24]
       [Network #7, Technology = Wifi, Address = 02-06-00:00:00:00:00:09, { DataRate: 73, SignalStrength: 9, AntiFragility: 5}, IQ: 23]
       [Network #2, Technology = Wifi, Address = 02-06-00:00:00:00:00:04, { DataRate: 31, SignalStrength: 4, AntiFragility: 30}, IQ: 23]
60s ExecutionModule:Run(): Decision time => Seconds: 0, Miliseconds: 268
60s ExecutionModule:Run(): Handover time => Seconds: 0, Miliseconds: 31
60s ExecutionModule:Run(): Event: Vertical Handover.
60s DeviceModule:MoveRandom(): New position: (112, 118)
61s DeviceModule:MoveRandom(): New position: (112, 115)
61s DecisionModule:AddNetworkToList(): Network detected
62s DeviceModule:MoveRandom(): New position: (112, 112)
63s DeviceModule:MoveRandom(): New position: (115, 112)
63s DecisionModule:RemoveNetworkFromList(): Network: 12 out of range!
64s DeviceModule:MoveRandom(): New position: (115, 109)
65s DeviceModule:MoveRandom(): New position: (112, 109)
65s DecisionModule:AddNetworkToList(): Network detected
66s DeviceModule:MoveRandom(): New position: (115, 109)
66s DecisionModule:RemoveNetworkFromList(): Network: 12 out of range!
67s DeviceModule:MoveRandom(): New position: (115, 112)
68s DeviceModule:MoveRandom(): New position: (118, 112)
68s ExecutionModule:OutOfRange(): OUT OF BETTER NETWORK! Choosing another network...
68s DecisionModule:RemoveNetworkFromList(): Network: 17 out of range!
68s DecisionModule:Run(): Run decision
68s DecisionModule:AnalyzingNetworks(): Current Network: 
       [Network #2, Technology = Wifi, Address = 02-06-00:00:00:00:00:04, { DataRate: 35, SignalStrength: 78, AntiFragility: 91}, IQ: 73]
68s DecisionModule:ShowAllNetworks(): All detected networks:
       [Network #2, Technology = Wifi, Address = 02-06-00:00:00:00:00:04, { DataRate: 35, SignalStrength: 78, AntiFragility: 91}, IQ: 73]
       [Network #1, Technology = Wifi, Address = 02-06-00:00:00:00:00:03, { DataRate: 89, SignalStrength: 37, AntiFragility: 77}, IQ: 70]
       [Network #11, Technology = Wifi, Address = 02-06-00:00:00:00:00:0d, { DataRate: 60, SignalStrength: 18, AntiFragility: 85}, IQ: 62]
       [Network #13, Technology = Wifi, Address = 02-06-00:00:00:00:00:0f, { DataRate: 89, SignalStrength: 73, AntiFragility: 14}, IQ: 47]
       [Network #0, Technology = Wifi, Address = 02-06-00:00:00:00:00:02, { DataRate: 65, SignalStrength: 40, AntiFragility: 35}, IQ: 43]
       [Network #7, Technology = Wifi, Address = 02-06-00:00:00:00:00:09, { DataRate: 57, SignalStrength: 42, AntiFragility: 36}, IQ: 42]
       [Network #14, Technology = Wifi, Address = 02-06-00:00:00:00:00:10, { DataRate: 40, SignalStrength: 32, AntiFragility: 46}, IQ: 41]
       [Network #19, Technology = Wimax, Address = 02-06-00:00:00:00:00:16, { DataRate: 12, SignalStrength: 98, AntiFragility: 22}, IQ: 38]
       [Network #10, Technology = Wifi, Address = 02-06-00:00:00:00:00:0c, { DataRate: 31, SignalStrength: 77, AntiFragility: 20}, IQ: 37]
       [Network #5, Technology = Wifi, Address = 02-06-00:00:00:00:00:07, { DataRate: 5, SignalStrength: 72, AntiFragility: 33}, IQ: 35]
       [Network #3, Technology = Wifi, Address = 02-06-00:00:00:00:00:05, { DataRate: 26, SignalStrength: 4, AntiFragility: 54}, IQ: 34]
       [Network #9, Technology = Wifi, Address = 02-06-00:00:00:00:00:0b, { DataRate: 52, SignalStrength: 69, AntiFragility: 2}, IQ: 31]
       [Network #6, Technology = Wifi, Address = 02-06-00:00:00:00:00:08, { DataRate: 79, SignalStrength: 7, AntiFragility: 17}, IQ: 30]
       [Network #15, Technology = Wifi, Address = 02-06-00:00:00:00:00:11, { DataRate: 24, SignalStrength: 51, AntiFragility: 6}, IQ: 21]
68s ExecutionModule:Run(): Decision time => Seconds: 0, Miliseconds: 209
68s ExecutionModule:Run(): Handover time => Seconds: 0, Miliseconds: 121
68s ExecutionModule:Run(): Event: Horizontal Handover.
69s DeviceModule:MoveRandom(): New position: (118, 115)
70s DecisionModule:Run(): Run decision
70s DecisionModule:AnalyzingNetworks(): Current Network: 
       [Network #2, Technology = Wifi, Address = 02-06-00:00:00:00:00:04, { DataRate: 35, SignalStrength: 78, AntiFragility: 91}, IQ: 73]
70s DecisionModule:ShowAllNetworks(): All detected networks:
       [Network #2, Technology = Wifi, Address = 02-06-00:00:00:00:00:04, { DataRate: 35, SignalStrength: 78, AntiFragility: 91}, IQ: 73]
       [Network #1, Technology = Wifi, Address = 02-06-00:00:00:00:00:03, { DataRate: 89, SignalStrength: 37, AntiFragility: 77}, IQ: 70]
       [Network #11, Technology = Wifi, Address = 02-06-00:00:00:00:00:0d, { DataRate: 60, SignalStrength: 18, AntiFragility: 85}, IQ: 62]
       [Network #13, Technology = Wifi, Address = 02-06-00:00:00:00:00:0f, { DataRate: 89, SignalStrength: 73, AntiFragility: 14}, IQ: 47]
       [Network #0, Technology = Wifi, Address = 02-06-00:00:00:00:00:02, { DataRate: 65, SignalStrength: 40, AntiFragility: 35}, IQ: 43]
       [Network #7, Technology = Wifi, Address = 02-06-00:00:00:00:00:09, { DataRate: 57, SignalStrength: 42, AntiFragility: 36}, IQ: 42]
       [Network #14, Technology = Wifi, Address = 02-06-00:00:00:00:00:10, { DataRate: 40, SignalStrength: 32, AntiFragility: 46}, IQ: 41]
       [Network #19, Technology = Wimax, Address = 02-06-00:00:00:00:00:16, { DataRate: 12, SignalStrength: 98, AntiFragility: 22}, IQ: 38]
       [Network #10, Technology = Wifi, Address = 02-06-00:00:00:00:00:0c, { DataRate: 31, SignalStrength: 77, AntiFragility: 20}, IQ: 37]
       [Network #5, Technology = Wifi, Address = 02-06-00:00:00:00:00:07, { DataRate: 5, SignalStrength: 72, AntiFragility: 33}, IQ: 35]
       [Network #3, Technology = Wifi, Address = 02-06-00:00:00:00:00:05, { DataRate: 26, SignalStrength: 4, AntiFragility: 54}, IQ: 34]
       [Network #9, Technology = Wifi, Address = 02-06-00:00:00:00:00:0b, { DataRate: 52, SignalStrength: 69, AntiFragility: 2}, IQ: 31]
       [Network #6, Technology = Wifi, Address = 02-06-00:00:00:00:00:08, { DataRate: 79, SignalStrength: 7, AntiFragility: 17}, IQ: 30]
       [Network #15, Technology = Wifi, Address = 02-06-00:00:00:00:00:11, { DataRate: 24, SignalStrength: 51, AntiFragility: 6}, IQ: 21]
70s DeviceModule:MoveRandom(): New position: (121, 115)
70s DecisionModule:RemoveNetworkFromList(): Network: 5 out of range!
71s DeviceModule:MoveRandom(): New position: (121, 112)
72s DeviceModule:MoveRandom(): New position: (124, 112)
73s DeviceModule:MoveRandom(): New position: (124, 115)
74s DeviceModule:MoveRandom(): New position: (127, 115)
75s DeviceModule:MoveRandom(): New position: (130, 115)
75s DecisionModule:RemoveNetworkFromList(): Network: 19 out of range!
76s DeviceModule:MoveRandom(): New position: (127, 115)
76s DecisionModule:AddNetworkToList(): Network detected
77s DeviceModule:MoveRandom(): New position: (130, 115)
77s DecisionModule:RemoveNetworkFromList(): Network: 19 out of range!
78s DeviceModule:MoveRandom(): New position: (127, 115)
78s DecisionModule:AddNetworkToList(): Network detected
79s DeviceModule:MoveRandom(): New position: (124, 115)
80s DecisionModule:Run(): Run decision
80s DecisionModule:AnalyzingNetworks(): Current Network: 
       [Network #10, Technology = Wifi, Address = 02-06-00:00:00:00:00:0c, { DataRate: 86, SignalStrength: 35, AntiFragility: 98}, IQ: 79]
80s DecisionModule:ShowAllNetworks(): All detected networks:
       [Network #10, Technology = Wifi, Address = 02-06-00:00:00:00:00:0c, { DataRate: 86, SignalStrength: 35, AntiFragility: 98}, IQ: 79]
       [Network #9, Technology = Wifi, Address = 02-06-00:00:00:00:00:0b, { DataRate: 70, SignalStrength: 34, AntiFragility: 79}, IQ: 65]
       [Network #15, Technology = Wifi, Address = 02-06-00:00:00:00:00:11, { DataRate: 23, SignalStrength: 18, AntiFragility: 92}, IQ: 56]
       [Network #6, Technology = Wifi, Address = 02-06-00:00:00:00:00:08, { DataRate: 87, SignalStrength: 20, AntiFragility: 56}, IQ: 54]
       [Network #11, Technology = Wifi, Address = 02-06-00:00:00:00:00:0d, { DataRate: 25, SignalStrength: 31, AntiFragility: 81}, IQ: 54]
       [Network #0, Technology = Wifi, Address = 02-06-00:00:00:00:00:02, { DataRate: 55, SignalStrength: 79, AntiFragility: 30}, IQ: 48]
       [Network #14, Technology = Wifi, Address = 02-06-00:00:00:00:00:10, { DataRate: 62, SignalStrength: 85, AntiFragility: 21}, IQ: 47]
       [Network #1, Technology = Wifi, Address = 02-06-00:00:00:00:00:03, { DataRate: 92, SignalStrength: 68, AntiFragility: 9}, IQ: 44]
       [Network #3, Technology = Wifi, Address = 02-06-00:00:00:00:00:05, { DataRate: 8, SignalStrength: 73, AntiFragility: 35}, IQ: 37]
       [Network #7, Technology = Wifi, Address = 02-06-00:00:00:00:00:09, { DataRate: 2, SignalStrength: 51, AntiFragility: 32}, IQ: 29]
       [Network #19, Technology = Wimax, Address = 02-06-00:00:00:00:00:16, { DataRate: 90, SignalStrength: 15, AntiFragility: 4}, IQ: 28]
       [Network #2, Technology = Wifi, Address = 02-06-00:00:00:00:00:04, { DataRate: 43, SignalStrength: 62, AntiFragility: 2}, IQ: 27]
       [Network #13, Technology = Wifi, Address = 02-06-00:00:00:00:00:0f, { DataRate: 42, SignalStrength: 45, AntiFragility: 5}, IQ: 24]
80s ExecutionModule:Run(): Decision time => Seconds: 0, Miliseconds: 252
80s ExecutionModule:Run(): Handover time => Seconds: 0, Miliseconds: 121
80s ExecutionModule:Run(): Event: Horizontal Handover.
80s DeviceModule:MoveRandom(): New position: (121, 115)
81s DeviceModule:MoveRandom(): New position: (121, 118)
82s DeviceModule:MoveRandom(): New position: (121, 115)
83s DeviceModule:MoveRandom(): New position: (118, 115)
83s DecisionModule:AddNetworkToList(): Network detected
84s DeviceModule:MoveRandom(): New position: (118, 112)
85s DeviceModule:MoveRandom(): New position: (118, 115)
86s DeviceModule:MoveRandom(): New position: (118, 112)
87s DeviceModule:MoveRandom(): New position: (118, 115)
88s DeviceModule:MoveRandom(): New position: (118, 118)
88s DecisionModule:AddNetworkToList(): Network detected
89s DeviceModule:MoveRandom(): New position: (115, 118)
90s DecisionModule:Run(): Run decision
90s DecisionModule:AnalyzingNetworks(): Current Network: 
       [Network #19, Technology = Wimax, Address = 02-06-00:00:00:00:00:16, { DataRate: 81, SignalStrength: 53, AntiFragility: 98}, IQ: 82]
90s DecisionModule:ShowAllNetworks(): All detected networks:
       [Network #19, Technology = Wimax, Address = 02-06-00:00:00:00:00:16, { DataRate: 81, SignalStrength: 53, AntiFragility: 98}, IQ: 82]
       [Network #17, Technology = Wifi, Address = 02-06-00:00:00:00:00:13, { DataRate: 41, SignalStrength: 75, AntiFragility: 87}, IQ: 72]
       [Network #6, Technology = Wifi, Address = 02-06-00:00:00:00:00:08, { DataRate: 73, SignalStrength: 62, AntiFragility: 60}, IQ: 63]
       [Network #9, Technology = Wifi, Address = 02-06-00:00:00:00:00:0b, { DataRate: 95, SignalStrength: 96, AntiFragility: 31}, IQ: 63]
       [Network #3, Technology = Wifi, Address = 02-06-00:00:00:00:00:05, { DataRate: 75, SignalStrength: 23, AntiFragility: 70}, IQ: 59]
       [Network #11, Technology = Wifi, Address = 02-06-00:00:00:00:00:0d, { DataRate: 90, SignalStrength: 64, AntiFragility: 39}, IQ: 58]
       [Network #0, Technology = Wifi, Address = 02-06-00:00:00:00:00:02, { DataRate: 52, SignalStrength: 57, AntiFragility: 60}, IQ: 57]
       [Network #15, Technology = Wifi, Address = 02-06-00:00:00:00:00:11, { DataRate: 22, SignalStrength: 20, AntiFragility: 88}, IQ: 54]
       [Network #5, Technology = Wifi, Address = 02-06-00:00:00:00:00:07, { DataRate: 79, SignalStrength: 36, AntiFragility: 44}, IQ: 50]
       [Network #1, Technology = Wifi, Address = 02-06-00:00:00:00:00:03, { DataRate: 37, SignalStrength: 84, AntiFragility: 36}, IQ: 48]
       [Network #10, Technology = Wifi, Address = 02-06-00:00:00:00:00:0c, { DataRate: 73, SignalStrength: 26, AntiFragility: 45}, IQ: 47]
       [Network #2, Technology = Wifi, Address = 02-06-00:00:00:00:00:04, { DataRate: 59, SignalStrength: 36, AntiFragility: 45}, IQ: 46]
       [Network #14, Technology = Wifi, Address = 02-06-00:00:00:00:00:10, { DataRate: 11, SignalStrength: 15, AntiFragility: 49}, IQ: 31]
       [Network #7, Technology = Wifi, Address = 02-06-00:00:00:00:00:09, { DataRate: 39, SignalStrength: 8, AntiFragility: 25}, IQ: 24]
       [Network #13, Technology = Wifi, Address = 02-06-00:00:00:00:00:0f, { DataRate: 7, SignalStrength: 24, AntiFragility: 19}, IQ: 17]
90s ExecutionModule:Run(): Decision time => Seconds: 0, Miliseconds: 501
90s ExecutionModule:Run(): Handover time => Seconds: 0, Miliseconds: 66
90s ExecutionModule:Run(): Event: Vertical Handover.
90s DeviceModule:MoveRandom(): New position: (118, 118)
91s DeviceModule:MoveRandom(): New position: (118, 121)
92s DeviceModule:MoveRandom(): New position: (118, 118)
93s DeviceModule:MoveRandom(): New position: (118, 115)
93s DecisionModule:RemoveNetworkFromList(): Network: 17 out of range!
94s DeviceModule:MoveRandom(): New position: (115, 115)
94s DecisionModule:AddNetworkToList(): Network detected
95s DeviceModule:MoveRandom(): New position: (118, 115)
95s DecisionModule:RemoveNetworkFromList(): Network: 17 out of range!
96s DeviceModule:MoveRandom(): New position: (118, 112)
97s DeviceModule:MoveRandom(): New position: (118, 115)
98s DeviceModule:MoveRandom(): New position: (118, 118)
98s DecisionModule:AddNetworkToList(): Network detected
99s DeviceModule:MoveRandom(): New position: (115, 118)
100s DecisionModule:Run(): Run decision
100s DecisionModule:AnalyzingNetworks(): Current Network: 
       [Network #11, Technology = Wifi, Address = 02-06-00:00:00:00:00:0d, { DataRate: 83, SignalStrength: 19, AntiFragility: 78}, IQ: 64]
100s DecisionModule:ShowAllNetworks(): All detected networks:
       [Network #11, Technology = Wifi, Address = 02-06-00:00:00:00:00:0d, { DataRate: 83, SignalStrength: 19, AntiFragility: 78}, IQ: 64]
       [Network #14, Technology = Wifi, Address = 02-06-00:00:00:00:00:10, { DataRate: 37, SignalStrength: 20, AntiFragility: 99}, IQ: 63]
       [Network #17, Technology = Wifi, Address = 02-06-00:00:00:00:00:13, { DataRate: 74, SignalStrength: 37, AntiFragility: 64}, IQ: 59]
       [Network #6, Technology = Wifi, Address = 02-06-00:00:00:00:00:08, { DataRate: 4, SignalStrength: 19, AntiFragility: 87}, IQ: 49]
       [Network #9, Technology = Wifi, Address = 02-06-00:00:00:00:00:0b, { DataRate: 99, SignalStrength: 13, AntiFragility: 35}, IQ: 45]
       [Network #13, Technology = Wifi, Address = 02-06-00:00:00:00:00:0f, { DataRate: 99, SignalStrength: 38, AntiFragility: 21}, IQ: 44]
       [Network #15, Technology = Wifi, Address = 02-06-00:00:00:00:00:11, { DataRate: 55, SignalStrength: 38, AntiFragility: 41}, IQ: 43]
       [Network #10, Technology = Wifi, Address = 02-06-00:00:00:00:00:0c, { DataRate: 72, SignalStrength: 12, AntiFragility: 44}, IQ: 43]
       [Network #0, Technology = Wifi, Address = 02-06-00:00:00:00:00:02, { DataRate: 58, SignalStrength: 8, AntiFragility: 52}, IQ: 42]
       [Network #2, Technology = Wifi, Address = 02-06-00:00:00:00:00:04, { DataRate: 47, SignalStrength: 33, AntiFragility: 43}, IQ: 41]
       [Network #1, Technology = Wifi, Address = 02-06-00:00:00:00:00:03, { DataRate: 38, SignalStrength: 33, AntiFragility: 36}, IQ: 35]
       [Network #19, Technology = Wimax, Address = 02-06-00:00:00:00:00:16, { DataRate: 55, SignalStrength: 23, AntiFragility: 27}, IQ: 33]
       [Network #7, Technology = Wifi, Address = 02-06-00:00:00:00:00:09, { DataRate: 9, SignalStrength: 7, AntiFragility: 50}, IQ: 29]
       [Network #3, Technology = Wifi, Address = 02-06-00:00:00:00:00:05, { DataRate: 14, SignalStrength: 30, AntiFragility: 30}, IQ: 26]
       [Network #5, Technology = Wifi, Address = 02-06-00:00:00:00:00:07, { DataRate: 39, SignalStrength: 14, AntiFragility: 20}, IQ: 23]
100s ExecutionModule:Run(): Decision time => Seconds: 0, Miliseconds: 265
100s ExecutionModule:Run(): Handover time => Seconds: 0, Miliseconds: 31
100s ExecutionModule:Run(): Event: Vertical Handover.
100s DeviceModule:MoveRandom(): New position: (112, 118)
101s DeviceModule:MoveRandom(): New position: (109, 118)
101s DecisionModule:AddNetworkToList(): Network detected
102s DeviceModule:MoveRandom(): New position: (109, 115)
103s DeviceModule:MoveRandom(): New position: (106, 115)
104s DeviceModule:MoveRandom(): New position: (109, 115)
105s DeviceModule:MoveRandom(): New position: (112, 115)
106s DeviceModule:MoveRandom(): New position: (115, 115)
106s DecisionModule:RemoveNetworkFromList(): Network: 12 out of range!
107s DeviceModule:MoveRandom(): New position: (118, 115)
107s DecisionModule:RemoveNetworkFromList(): Network: 17 out of range!
108s DeviceModule:MoveRandom(): New position: (115, 115)
108s DecisionModule:AddNetworkToList(): Network detected
109s DeviceModule:MoveRandom(): New position: (118, 115)
109s DecisionModule:RemoveNetworkFromList(): Network: 17 out of range!
110s DecisionModule:Run(): Run decision
110s DecisionModule:AnalyzingNetworks(): Current Network: 
       [Network #1, Technology = Wifi, Address = 02-06-00:00:00:00:00:03, { DataRate: 60, SignalStrength: 57, AntiFragility: 84}, IQ: 71]
110s DecisionModule:ShowAllNetworks(): All detected networks:
       [Network #1, Technology = Wifi, Address = 02-06-00:00:00:00:00:03, { DataRate: 60, SignalStrength: 57, AntiFragility: 84}, IQ: 71]
       [Network #10, Technology = Wifi, Address = 02-06-00:00:00:00:00:0c, { DataRate: 83, SignalStrength: 73, AntiFragility: 63}, IQ: 70]
       [Network #13, Technology = Wifi, Address = 02-06-00:00:00:00:00:0f, { DataRate: 3, SignalStrength: 73, AntiFragility: 97}, IQ: 67]
       [Network #2, Technology = Wifi, Address = 02-06-00:00:00:00:00:04, { DataRate: 79, SignalStrength: 19, AntiFragility: 81}, IQ: 65]
       [Network #9, Technology = Wifi, Address = 02-06-00:00:00:00:00:0b, { DataRate: 79, SignalStrength: 96, AntiFragility: 40}, IQ: 63]
       [Network #3, Technology = Wifi, Address = 02-06-00:00:00:00:00:05, { DataRate: 94, SignalStrength: 41, AntiFragility: 28}, IQ: 47]
       [Network #7, Technology = Wifi, Address = 02-06-00:00:00:00:00:09, { DataRate: 74, SignalStrength: 39, AntiFragility: 37}, IQ: 46]
       [Network #11, Technology = Wifi, Address = 02-06-00:00:00:00:00:0d, { DataRate: 51, SignalStrength: 53, AntiFragility: 38}, IQ: 45]
       [Network #6, Technology = Wifi, Address = 02-06-00:00:00:00:00:08, { DataRate: 39, SignalStrength: 20, AntiFragility: 49}, IQ: 39]
       [Network #0, Technology = Wifi, Address = 02-06-00:00:00:00:00:02, { DataRate: 18, SignalStrength: 52, AntiFragility: 29}, IQ: 32]
       [Network #19, Technology = Wimax, Address = 02-06-00:00:00:00:00:16, { DataRate: 13, SignalStrength: 21, AntiFragility: 30}, IQ: 23]
       [Network #15, Technology = Wifi, Address = 02-06-00:00:00:00:00:11, { DataRate: 27, SignalStrength: 27, AntiFragility: 15}, IQ: 21]
       [Network #14, Technology = Wifi, Address = 02-06-00:00:00:00:00:10, { DataRate: 46, SignalStrength: 9, AntiFragility: 11}, IQ: 19]
       [Network #5, Technology = Wifi, Address = 02-06-00:00:00:00:00:07, { DataRate: 6, SignalStrength: 19, AntiFragility: 18}, IQ: 15]
110s ExecutionModule:Run(): Decision time => Seconds: 0, Miliseconds: 242
110s ExecutionModule:Run(): Handover time => Seconds: 0, Miliseconds: 120
110s ExecutionModule:Run(): Event: Horizontal Handover.
110s DeviceModule:MoveRandom(): New position: (118, 118)
110s DecisionModule:AddNetworkToList(): Network detected
111s DeviceModule:MoveRandom(): New position: (121, 118)
111s DecisionModule:RemoveNetworkFromList(): Network: 5 out of range!
111s DecisionModule:RemoveNetworkFromList(): Network: 17 out of range!
112s DeviceModule:MoveRandom(): New position: (124, 118)
113s DeviceModule:MoveRandom(): New position: (124, 115)
114s DeviceModule:MoveRandom(): New position: (127, 115)
115s DeviceModule:MoveRandom(): New position: (127, 112)
115s DecisionModule:RemoveNetworkFromList(): Network: 19 out of range!
116s DeviceModule:MoveRandom(): New position: (124, 112)
116s DecisionModule:AddNetworkToList(): Network detected
117s DeviceModule:MoveRandom(): New position: (124, 109)
117s DecisionModule:RemoveNetworkFromList(): Network: 19 out of range!
118s DeviceModule:MoveRandom(): New position: (121, 109)
118s DecisionModule:AddNetworkToList(): Network detected
119s DeviceModule:MoveRandom(): New position: (121, 112)
120s DecisionModule:Run(): Run decision
120s DecisionModule:AnalyzingNetworks(): Current Network: 
       [Network #13, Technology = Wifi, Address = 02-06-00:00:00:00:00:0f, { DataRate: 63, SignalStrength: 75, AntiFragility: 76}, IQ: 72]
120s DecisionModule:ShowAllNetworks(): All detected networks:
       [Network #13, Technology = Wifi, Address = 02-06-00:00:00:00:00:0f, { DataRate: 63, SignalStrength: 75, AntiFragility: 76}, IQ: 72]
       [Network #15, Technology = Wifi, Address = 02-06-00:00:00:00:00:11, { DataRate: 44, SignalStrength: 42, AntiFragility: 94}, IQ: 68]
       [Network #1, Technology = Wifi, Address = 02-06-00:00:00:00:00:03, { DataRate: 60, SignalStrength: 58, AntiFragility: 70}, IQ: 64]
       [Network #11, Technology = Wifi, Address = 02-06-00:00:00:00:00:0d, { DataRate: 92, SignalStrength: 35, AntiFragility: 59}, IQ: 61]
       [Network #2, Technology = Wifi, Address = 02-06-00:00:00:00:00:04, { DataRate: 84, SignalStrength: 70, AntiFragility: 37}, IQ: 57]
       [Network #7, Technology = Wifi, Address = 02-06-00:00:00:00:00:09, { DataRate: 88, SignalStrength: 51, AntiFragility: 18}, IQ: 43]
       [Network #9, Technology = Wifi, Address = 02-06-00:00:00:00:00:0b, { DataRate: 45, SignalStrength: 53, AntiFragility: 35}, IQ: 42]
       [Network #0, Technology = Wifi, Address = 02-06-00:00:00:00:00:02, { DataRate: 61, SignalStrength: 2, AntiFragility: 47}, IQ: 39]
       [Network #6, Technology = Wifi, Address = 02-06-00:00:00:00:00:08, { DataRate: 81, SignalStrength: 7, AntiFragility: 29}, IQ: 36]
       [Network #19, Technology = Wimax, Address = 02-06-00:00:00:00:00:16, { DataRate: 53, SignalStrength: 70, AntiFragility: 10}, IQ: 35]
       [Network #10, Technology = Wifi, Address = 02-06-00:00:00:00:00:0c, { DataRate: 87, SignalStrength: 9, AntiFragility: 18}, IQ: 33]
       [Network #3, Technology = Wifi, Address = 02-06-00:00:00:00:00:05, { DataRate: 4, SignalStrength: 38, AntiFragility: 29}, IQ: 25]
       [Network #14, Technology = Wifi, Address = 02-06-00:00:00:00:00:10, { DataRate: 34, SignalStrength: 24, AntiFragility: 7}, IQ: 18]
120s ExecutionModule:Run(): Decision time => Seconds: 0, Miliseconds: 233
120s ExecutionModule:Run(): Handover time => Seconds: 0, Miliseconds: 121
120s ExecutionModule:Run(): Event: Horizontal Handover.
120s DeviceModule:MoveRandom(): New position: (121, 109)
121s DeviceModule:MoveRandom(): New position: (121, 106)
121s DecisionModule:RemoveNetworkFromList(): Network: 19 out of range!
122s DeviceModule:MoveRandom(): New position: (124, 106)
123s DeviceModule:MoveRandom(): New position: (124, 103)
123s DecisionModule:AddNetworkToList(): Network detected
124s DeviceModule:MoveRandom(): New position: (127, 103)
125s DeviceModule:MoveRandom(): New position: (130, 103)
126s DeviceModule:MoveRandom(): New position: (130, 106)
127s DeviceModule:MoveRandom(): New position: (130, 103)
128s DeviceModule:MoveRandom(): New position: (127, 103)
129s DeviceModule:MoveRandom(): New position: (130, 103)
130s DecisionModule:Run(): Run decision
130s DecisionModule:AnalyzingNetworks(): Current Network: 
       [Network #15, Technology = Wifi, Address = 02-06-00:00:00:00:00:11, { DataRate: 99, SignalStrength: 88, AntiFragility: 54}, IQ: 73]
130s DecisionModule:ShowAllNetworks(): All detected networks:
       [Network #15, Technology = Wifi, Address = 02-06-00:00:00:00:00:11, { DataRate: 99, SignalStrength: 88, AntiFragility: 54}, IQ: 73]
       [Network #14, Technology = Wifi, Address = 02-06-00:00:00:00:00:10, { DataRate: 90, SignalStrength: 99, AntiFragility: 42}, IQ: 68]
       [Network #3, Technology = Wifi, Address = 02-06-00:00:00:00:00:05, { DataRate: 54, SignalStrength: 72, AntiFragility: 69}, IQ: 66]
       [Network #13, Technology = Wifi, Address = 02-06-00:00:00:00:00:0f, { DataRate: 75, SignalStrength: 43, AntiFragility: 67}, IQ: 63]
       [Network #10, Technology = Wifi, Address = 02-06-00:00:00:00:00:0c, { DataRate: 59, SignalStrength: 18, AntiFragility: 70}, IQ: 54]
       [Network #2, Technology = Wifi, Address = 02-06-00:00:00:00:00:04, { DataRate: 40, SignalStrength: 45, AntiFragility: 65}, IQ: 53]
       [Network #6, Technology = Wifi, Address = 02-06-00:00:00:00:00:08, { DataRate: 38, SignalStrength: 69, AntiFragility: 41}, IQ: 47]
       [Network #1, Technology = Wifi, Address = 02-06-00:00:00:00:00:03, { DataRate: 45, SignalStrength: 77, AntiFragility: 31}, IQ: 46]
       [Network #16, Technology = Wifi, Address = 02-06-00:00:00:00:00:12, { DataRate: 42, SignalStrength: 4, AntiFragility: 66}, IQ: 44]
       [Network #11, Technology = Wifi, Address = 02-06-00:00:00:00:00:0d, { DataRate: 80, SignalStrength: 8, AntiFragility: 37}, IQ: 40]
       [Network #9, Technology = Wifi, Address = 02-06-00:00:00:00:00:0b, { DataRate: 69, SignalStrength: 19, AntiFragility: 35}, IQ: 39]
       [Network #7, Technology = Wifi, Address = 02-06-00:00:00:00:00:09, { DataRate: 27, SignalStrength: 31, AntiFragility: 45}, IQ: 37]
       [Network #0, Technology = Wifi, Address = 02-06-00:00:00:00:00:02, { DataRate: 60, SignalStrength: 2, AntiFragility: 31}, IQ: 31]
130s ExecutionModule:Run(): Decision time => Seconds: 0, Miliseconds: 257
130s ExecutionModule:Run(): Handover time => Seconds: 0, Miliseconds: 121
130s ExecutionModule:Run(): Event: Horizontal Handover.
130s DeviceModule:MoveRandom(): New position: (130, 106)
131s DeviceModule:MoveRandom(): New position: (130, 103)
132s DeviceModule:MoveRandom(): New position: (130, 106)
133s DeviceModule:MoveRandom(): New position: (130, 103)
134s DeviceModule:MoveRandom(): New position: (133, 103)
135s DeviceModule:MoveRandom(): New position: (133, 106)
136s DeviceModule:MoveRandom(): New position: (133, 109)
136s DecisionModule:RemoveNetworkFromList(): Network: 16 out of range!
137s DeviceModule:MoveRandom(): New position: (136, 109)
137s DecisionModule:RemoveNetworkFromList(): Network: 10 out of range!
138s DeviceModule:MoveRandom(): New position: (139, 109)
138s DecisionModule:AddNetworkToList(): Network detected
139s DeviceModule:MoveRandom(): New position: (139, 106)
140s DecisionModule:Run(): Run decision
140s DecisionModule:AnalyzingNetworks(): Current Network: 
       [Network #14, Technology = Wifi, Address = 02-06-00:00:00:00:00:10, { DataRate: 78, SignalStrength: 71, AntiFragility: 96}, IQ: 85]
140s DecisionModule:ShowAllNetworks(): All detected networks:
       [Network #14, Technology = Wifi, Address = 02-06-00:00:00:00:00:10, { DataRate: 78, SignalStrength: 71, AntiFragility: 96}, IQ: 85]
       [Network #3, Technology = Wifi, Address = 02-06-00:00:00:00:00:05, { DataRate: 39, SignalStrength: 54, AntiFragility: 93}, IQ: 69]
       [Network #16, Technology = Wifi, Address = 02-06-00:00:00:00:00:12, { DataRate: 68, SignalStrength: 83, AntiFragility: 45}, IQ: 60]
       [Network #6, Technology = Wifi, Address = 02-06-00:00:00:00:00:08, { DataRate: 60, SignalStrength: 99, AntiFragility: 38}, IQ: 58]
       [Network #2, Technology = Wifi, Address = 02-06-00:00:00:00:00:04, { DataRate: 92, SignalStrength: 81, AntiFragility: 23}, IQ: 54]
       [Network #1, Technology = Wifi, Address = 02-06-00:00:00:00:00:03, { DataRate: 73, SignalStrength: 66, AntiFragility: 36}, IQ: 52]
       [Network #11, Technology = Wifi, Address = 02-06-00:00:00:00:00:0d, { DataRate: 97, SignalStrength: 5, AntiFragility: 46}, IQ: 48]
       [Network #0, Technology = Wifi, Address = 02-06-00:00:00:00:00:02, { DataRate: 78, SignalStrength: 6, AntiFragility: 50}, IQ: 46]
       [Network #9, Technology = Wifi, Address = 02-06-00:00:00:00:00:0b, { DataRate: 65, SignalStrength: 35, AntiFragility: 15}, IQ: 32]
       [Network #15, Technology = Wifi, Address = 02-06-00:00:00:00:00:11, { DataRate: 17, SignalStrength: 50, AntiFragility: 30}, IQ: 31]
       [Network #7, Technology = Wifi, Address = 02-06-00:00:00:00:00:09, { DataRate: 71, SignalStrength: 14, AntiFragility: 19}, IQ: 30]
       [Network #13, Technology = Wifi, Address = 02-06-00:00:00:00:00:0f, { DataRate: 46, SignalStrength: 37, AntiFragility: 6}, IQ: 23]
140s ExecutionModule:Run(): Decision time => Seconds: 0, Miliseconds: 353
140s ExecutionModule:Run(): Handover time => Seconds: 0, Miliseconds: 148
140s ExecutionModule:Run(): Event: Horizontal Handover.
140s DeviceModule:MoveRandom(): New position: (139, 109)
141s DeviceModule:MoveRandom(): New position: (142, 109)
141s DecisionModule:RemoveNetworkFromList(): Network: 15 out of range!
142s DeviceModule:MoveRandom(): New position: (142, 106)
143s DeviceModule:MoveRandom(): New position: (142, 103)
144s DeviceModule:MoveRandom(): New position: (139, 103)
144s DecisionModule:AddNetworkToList(): Network detected
145s DeviceModule:MoveRandom(): New position: (139, 100)
146s DeviceModule:MoveRandom(): New position: (139, 103)
147s DeviceModule:MoveRandom(): New position: (142, 103)
147s DecisionModule:RemoveNetworkFromList(): Network: 15 out of range!
148s DeviceModule:MoveRandom(): New position: (142, 106)
149s DeviceModule:MoveRandom(): New position: (142, 103)
150s DecisionModule:Run(): Run decision
150s DecisionModule:AnalyzingNetworks(): Current Network: 
       [Network #1, Technology = Wifi, Address = 02-06-00:00:00:00:00:03, { DataRate: 75, SignalStrength: 91, AntiFragility: 93}, IQ: 88]
150s DecisionModule:ShowAllNetworks(): All detected networks:
       [Network #1, Technology = Wifi, Address = 02-06-00:00:00:00:00:03, { DataRate: 75, SignalStrength: 91, AntiFragility: 93}, IQ: 88]
       [Network #7, Technology = Wifi, Address = 02-06-00:00:00:00:00:09, { DataRate: 96, SignalStrength: 32, AntiFragility: 65}, IQ: 64]
       [Network #0, Technology = Wifi, Address = 02-06-00:00:00:00:00:02, { DataRate: 22, SignalStrength: 36, AntiFragility: 89}, IQ: 59]
       [Network #16, Technology = Wifi, Address = 02-06-00:00:00:00:00:12, { DataRate: 29, SignalStrength: 22, AntiFragility: 85}, IQ: 55]
       [Network #13, Technology = Wifi, Address = 02-06-00:00:00:00:00:0f, { DataRate: 17, SignalStrength: 16, AntiFragility: 93}, IQ: 54]
       [Network #14, Technology = Wifi, Address = 02-06-00:00:00:00:00:10, { DataRate: 72, SignalStrength: 72, AntiFragility: 16}, IQ: 44]
       [Network #11, Technology = Wifi, Address = 02-06-00:00:00:00:00:0d, { DataRate: 65, SignalStrength: 35, AntiFragility: 20}, IQ: 35]
       [Network #2, Technology = Wifi, Address = 02-06-00:00:00:00:00:04, { DataRate: 35, SignalStrength: 96, AntiFragility: 2}, IQ: 33]
       [Network #9, Technology = Wifi, Address = 02-06-00:00:00:00:00:0b, { DataRate: 8, SignalStrength: 66, AntiFragility: 17}, IQ: 27]
       [Network #6, Technology = Wifi, Address = 02-06-00:00:00:00:00:08, { DataRate: 12, SignalStrength: 11, AntiFragility: 27}, IQ: 19]
       [Network #3, Technology = Wifi, Address = 02-06-00:00:00:00:00:05, { DataRate: 47, SignalStrength: 8, AntiFragility: 4}, IQ: 15]
150s ExecutionModule:Run(): Decision time => Seconds: 0, Miliseconds: 218
150s ExecutionModule:Run(): Handover time => Seconds: 0, Miliseconds: 122
150s ExecutionModule:Run(): Event: Horizontal Handover.
150s DeviceModule:MoveRandom(): New position: (139, 103)
150s DecisionModule:AddNetworkToList(): Network detected
151s DeviceModule:MoveRandom(): New position: (139, 100)
152s DeviceModule:MoveRandom(): New position: (139, 97)
152s DecisionModule:RemoveNetworkFromList(): Network: 15 out of range!
153s DeviceModule:MoveRandom(): New position: (139, 100)
153s DecisionModule:AddNetworkToList(): Network detected
154s DeviceModule:MoveRandom(): New position: (139, 97)
154s DecisionModule:RemoveNetworkFromList(): Network: 15 out of range!
155s DeviceModule:MoveRandom(): New position: (139, 100)
155s DecisionModule:AddNetworkToList(): Network detected
156s DeviceModule:MoveRandom(): New position: (139, 97)
156s DecisionModule:RemoveNetworkFromList(): Network: 15 out of range!
157s DeviceModule:MoveRandom(): New position: (139, 94)
158s DeviceModule:MoveRandom(): New position: (139, 97)
159s DeviceModule:MoveRandom(): New position: (136, 97)
159s DecisionModule:AddNetworkToList(): Network detected
159s DecisionModule:AddNetworkToList(): Network detected
160s DecisionModule:Run(): Run decision
160s DecisionModule:AnalyzingNetworks(): Current Network: 
       [Network #7, Technology = Wifi, Address = 02-06-00:00:00:00:00:09, { DataRate: 87, SignalStrength: 95, AntiFragility: 80}, IQ: 85]
160s DecisionModule:ShowAllNetworks(): All detected networks:
       [Network #7, Technology = Wifi, Address = 02-06-00:00:00:00:00:09, { DataRate: 87, SignalStrength: 95, AntiFragility: 80}, IQ: 85]
       [Network #13, Technology = Wifi, Address = 02-06-00:00:00:00:00:0f, { DataRate: 60, SignalStrength: 71, AntiFragility: 87}, IQ: 76]
       [Network #11, Technology = Wifi, Address = 02-06-00:00:00:00:00:0d, { DataRate: 86, SignalStrength: 99, AntiFragility: 54}, IQ: 73]
       [Network #6, Technology = Wifi, Address = 02-06-00:00:00:00:00:08, { DataRate: 37, SignalStrength: 82, AntiFragility: 83}, IQ: 71]
       [Network #2, Technology = Wifi, Address = 02-06-00:00:00:00:00:04, { DataRate: 59, SignalStrength: 75, AntiFragility: 51}, IQ: 59]
       [Network #3, Technology = Wifi, Address = 02-06-00:00:00:00:00:05, { DataRate: 25, SignalStrength: 89, AntiFragility: 43}, IQ: 50]
       [Network #9, Technology = Wifi, Address = 02-06-00:00:00:00:00:0b, { DataRate: 29, SignalStrength: 88, AntiFragility: 27}, IQ: 42]
       [Network #16, Technology = Wifi, Address = 02-06-00:00:00:00:00:12, { DataRate: 40, SignalStrength: 74, AntiFragility: 20}, IQ: 38]
       [Network #15, Technology = Wifi, Address = 02-06-00:00:00:00:00:11, { DataRate: 29, SignalStrength: 97, AntiFragility: 1}, IQ: 32]
       [Network #10, Technology = Wifi, Address = 02-06-00:00:00:00:00:0c, { DataRate: 34, SignalStrength: 21, AntiFragility: 30}, IQ: 28]
       [Network #0, Technology = Wifi, Address = 02-06-00:00:00:00:00:02, { DataRate: 19, SignalStrength: 43, AntiFragility: 24}, IQ: 27]
       [Network #14, Technology = Wifi, Address = 02-06-00:00:00:00:00:10, { DataRate: 8, SignalStrength: 1, AntiFragility: 46}, IQ: 25]
       [Network #1, Technology = Wifi, Address = 02-06-00:00:00:00:00:03, { DataRate: 8, SignalStrength: 56, AntiFragility: 7}, IQ: 19]
160s ExecutionModule:Run(): Decision time => Seconds: 0, Miliseconds: 233
160s ExecutionModule:Run(): Handover time => Seconds: 0, Miliseconds: 122
160s ExecutionModule:Run(): Event: Horizontal Handover.
160s DeviceModule:MoveRandom(): New position: (139, 97)
160s DecisionModule:RemoveNetworkFromList(): Network: 10 out of range!
160s DecisionModule:RemoveNetworkFromList(): Network: 15 out of range!
161s DeviceModule:MoveRandom(): New position: (139, 94)
162s DeviceModule:MoveRandom(): New position: (139, 91)
163s DeviceModule:MoveRandom(): New position: (136, 91)
163s DecisionModule:AddNetworkToList(): Network detected
163s DecisionModule:AddNetworkToList(): Network detected
164s DeviceModule:MoveRandom(): New position: (136, 88)
164s DecisionModule:RemoveNetworkFromList(): Network: 15 out of range!
165s DeviceModule:MoveRandom(): New position: (136, 85)
166s DeviceModule:MoveRandom(): New position: (133, 85)
166s DecisionModule:AddNetworkToList(): Network detected
167s DeviceModule:MoveRandom(): New position: (133, 88)
168s DeviceModule:MoveRandom(): New position: (133, 85)
169s DeviceModule:MoveRandom(): New position: (133, 82)
169s DecisionModule:RemoveNetworkFromList(): Network: 15 out of range!
170s DecisionModule:Run(): Run decision
170s DecisionModule:AnalyzingNetworks(): Current Network: 
       [Network #3, Technology = Wifi, Address = 02-06-00:00:00:00:00:05, { DataRate: 76, SignalStrength: 76, AntiFragility: 73}, IQ: 74]
170s DecisionModule:ShowAllNetworks(): All detected networks:
       [Network #3, Technology = Wifi, Address = 02-06-00:00:00:00:00:05, { DataRate: 76, SignalStrength: 76, AntiFragility: 73}, IQ: 74]
       [Network #1, Technology = Wifi, Address = 02-06-00:00:00:00:00:03, { DataRate: 51, SignalStrength: 59, AntiFragility: 77}, IQ: 66]
       [Network #13, Technology = Wifi, Address = 02-06-00:00:00:00:00:0f, { DataRate: 58, SignalStrength: 63, AntiFragility: 69}, IQ: 64]
       [Network #0, Technology = Wifi, Address = 02-06-00:00:00:00:00:02, { DataRate: 76, SignalStrength: 60, AntiFragility: 55}, IQ: 61]
       [Network #2, Technology = Wifi, Address = 02-06-00:00:00:00:00:04, { DataRate: 25, SignalStrength: 92, AntiFragility: 47}, IQ: 52]
       [Network #10, Technology = Wifi, Address = 02-06-00:00:00:00:00:0c, { DataRate: 95, SignalStrength: 82, AntiFragility: 14}, IQ: 51]
       [Network #16, Technology = Wifi, Address = 02-06-00:00:00:00:00:12, { DataRate: 1, SignalStrength: 41, AntiFragility: 72}, IQ: 46]
       [Network #6, Technology = Wifi, Address = 02-06-00:00:00:00:00:08, { DataRate: 38, SignalStrength: 14, AntiFragility: 64}, IQ: 45]
       [Network #11, Technology = Wifi, Address = 02-06-00:00:00:00:00:0d, { DataRate: 69, SignalStrength: 71, AntiFragility: 10}, IQ: 40]
       [Network #9, Technology = Wifi, Address = 02-06-00:00:00:00:00:0b, { DataRate: 75, SignalStrength: 58, AntiFragility: 3}, IQ: 34]
       [Network #7, Technology = Wifi, Address = 02-06-00:00:00:00:00:09, { DataRate: 26, SignalStrength: 66, AntiFragility: 1}, IQ: 23]
       [Network #14, Technology = Wifi, Address = 02-06-00:00:00:00:00:10, { DataRate: 28, SignalStrength: 16, AntiFragility: 17}, IQ: 19]
170s ExecutionModule:Run(): Decision time => Seconds: 0, Miliseconds: 248
170s ExecutionModule:Run(): Handover time => Seconds: 0, Miliseconds: 121
170s ExecutionModule:Run(): Event: Horizontal Handover.
170s DeviceModule:MoveRandom(): New position: (136, 82)
171s DeviceModule:MoveRandom(): New position: (139, 82)
171s DecisionModule:RemoveNetworkFromList(): Network: 10 out of range!
172s DeviceModule:MoveRandom(): New position: (139, 85)
173s DeviceModule:MoveRandom(): New position: (139, 82)
174s DeviceModule:MoveRandom(): New position: (136, 82)
174s DecisionModule:AddNetworkToList(): Network detected
175s DeviceModule:MoveRandom(): New position: (139, 82)
175s DecisionModule:RemoveNetworkFromList(): Network: 10 out of range!
176s DeviceModule:MoveRandom(): New position: (139, 85)
177s DeviceModule:MoveRandom(): New position: (139, 82)
178s DeviceModule:MoveRandom(): New position: (136, 82)
178s DecisionModule:AddNetworkToList(): Network detected
179s DeviceModule:MoveRandom(): New position: (133, 82)
180s DecisionModule:Run(): Run decision
180s DecisionModule:AnalyzingNetworks(): Current Network: 
       [Network #11, Technology = Wifi, Address = 02-06-00:00:00:00:00:0d, { DataRate: 79, SignalStrength: 91, AntiFragility: 98}, IQ: 91]
180s DecisionModule:ShowAllNetworks(): All detected networks:
       [Network #11, Technology = Wifi, Address = 02-06-00:00:00:00:00:0d, { DataRate: 79, SignalStrength: 91, AntiFragility: 98}, IQ: 91]
       [Network #2, Technology = Wifi, Address = 02-06-00:00:00:00:00:04, { DataRate: 66, SignalStrength: 87, AntiFragility: 70}, IQ: 73]
       [Network #16, Technology = Wifi, Address = 02-06-00:00:00:00:00:12, { DataRate: 99, SignalStrength: 11, AntiFragility: 91}, IQ: 73]
       [Network #3, Technology = Wifi, Address = 02-06-00:00:00:00:00:05, { DataRate: 55, SignalStrength: 75, AntiFragility: 79}, IQ: 72]
       [Network #13, Technology = Wifi, Address = 02-06-00:00:00:00:00:0f, { DataRate: 87, SignalStrength: 83, AntiFragility: 50}, IQ: 67]
       [Network #0, Technology = Wifi, Address = 02-06-00:00:00:00:00:02, { DataRate: 66, SignalStrength: 48, AntiFragility: 55}, IQ: 56]
       [Network #9, Technology = Wifi, Address = 02-06-00:00:00:00:00:0b, { DataRate: 92, SignalStrength: 44, AntiFragility: 45}, IQ: 56]
       [Network #10, Technology = Wifi, Address = 02-06-00:00:00:00:00:0c, { DataRate: 29, SignalStrength: 16, AntiFragility: 77}, IQ: 49]
       [Network #1, Technology = Wifi, Address = 02-06-00:00:00:00:00:03, { DataRate: 29, SignalStrength: 44, AntiFragility: 52}, IQ: 44]
       [Network #6, Technology = Wifi, Address = 02-06-00:00:00:00:00:08, { DataRate: 44, SignalStrength: 27, AntiFragility: 52}, IQ: 43]
       [Network #7, Technology = Wifi, Address = 02-06-00:00:00:00:00:09, { DataRate: 47, SignalStrength: 72, AntiFragility: 24}, IQ: 41]
       [Network #14, Technology = Wifi, Address = 02-06-00:00:00:00:00:10, { DataRate: 22, SignalStrength: 96, AntiFragility: 7}, IQ: 33]
180s ExecutionModule:Run(): Decision time => Seconds: 0, Miliseconds: 246
180s ExecutionModule:Run(): Handover time => Seconds: 0, Miliseconds: 123
180s ExecutionModule:Run(): Event: Horizontal Handover.
180s DeviceModule:MoveRandom(): New position: (136, 82)
181s DeviceModule:MoveRandom(): New position: (133, 82)
182s DeviceModule:MoveRandom(): New position: (133, 85)
182s DecisionModule:AddNetworkToList(): Network detected
183s DeviceModule:MoveRandom(): New position: (130, 85)
184s DeviceModule:MoveRandom(): New position: (127, 85)
185s DeviceModule:MoveRandom(): New position: (127, 82)
186s DeviceModule:MoveRandom(): New position: (130, 82)
187s DeviceModule:MoveRandom(): New position: (133, 82)
187s DecisionModule:RemoveNetworkFromList(): Network: 15 out of range!
188s DeviceModule:MoveRandom(): New position: (130, 82)
188s DecisionModule:AddNetworkToList(): Network detected
189s DeviceModule:MoveRandom(): New position: (133, 82)
189s DecisionModule:RemoveNetworkFromList(): Network: 15 out of range!
190s DecisionModule:Run(): Run decision
190s DecisionModule:AnalyzingNetworks(): Current Network: 
       [Network #7, Technology = Wifi, Address = 02-06-00:00:00:00:00:09, { DataRate: 60, SignalStrength: 60, AntiFragility: 88}, IQ: 74]
190s DecisionModule:ShowAllNetworks(): All detected networks:
       [Network #7, Technology = Wifi, Address = 02-06-00:00:00:00:00:09, { DataRate: 60, SignalStrength: 60, AntiFragility: 88}, IQ: 74]
       [Network #11, Technology = Wifi, Address = 02-06-00:00:00:00:00:0d, { DataRate: 32, SignalStrength: 97, AntiFragility: 60}, IQ: 62]
       [Network #10, Technology = Wifi, Address = 02-06-00:00:00:00:00:0c, { DataRate: 42, SignalStrength: 24, AntiFragility: 90}, IQ: 61]
       [Network #13, Technology = Wifi, Address = 02-06-00:00:00:00:00:0f, { DataRate: 68, SignalStrength: 30, AntiFragility: 67}, IQ: 58]
       [Network #1, Technology = Wifi, Address = 02-06-00:00:00:00:00:03, { DataRate: 97, SignalStrength: 53, AntiFragility: 32}, IQ: 53]
       [Network #2, Technology = Wifi, Address = 02-06-00:00:00:00:00:04, { DataRate: 29, SignalStrength: 18, AntiFragility: 69}, IQ: 46]
       [Network #14, Technology = Wifi, Address = 02-06-00:00:00:00:00:10, { DataRate: 89, SignalStrength: 78, AntiFragility: 10}, IQ: 46]
       [Network #3, Technology = Wifi, Address = 02-06-00:00:00:00:00:05, { DataRate: 47, SignalStrength: 69, AntiFragility: 18}, IQ: 38]
       [Network #0, Technology = Wifi, Address = 02-06-00:00:00:00:00:02, { DataRate: 9, SignalStrength: 76, AntiFragility: 30}, IQ: 36]
       [Network #6, Technology = Wifi, Address = 02-06-00:00:00:00:00:08, { DataRate: 75, SignalStrength: 10, AntiFragility: 28}, IQ: 35]
       [Network #9, Technology = Wifi, Address = 02-06-00:00:00:00:00:0b, { DataRate: 40, SignalStrength: 19, AntiFragility: 30}, IQ: 29]
       [Network #16, Technology = Wifi, Address = 02-06-00:00:00:00:00:12, { DataRate: 39, SignalStrength: 27, AntiFragility: 11}, IQ: 22]
190s ExecutionModule:Run(): Decision time => Seconds: 0, Miliseconds: 676
190s ExecutionModule:Run(): Handover time => Seconds: 0, Miliseconds: 171
190s ExecutionModule:Run(): Event: Horizontal Handover.
190s DeviceModule:MoveRandom(): New position: (133, 79)
191s DeviceModule:MoveRandom(): New position: (133, 76)
192s DeviceModule:MoveRandom(): New position: (133, 79)
193s DeviceModule:MoveRandom(): New position: (136, 79)
194s DeviceModule:MoveRandom(): New position: (136, 82)
195s DeviceModule:MoveRandom(): New position: (136, 85)
196s DeviceModule:MoveRandom(): New position: (136, 88)
197s DeviceModule:MoveRandom(): New position: (139, 88)
197s DecisionModule:RemoveNetworkFromList(): Network: 10 out of range!
198s DeviceModule:MoveRandom(): New position: (139, 91)
199s DeviceModule:MoveRandom(): New position: (142, 91)
