Waf: Entering directory `/home/renan/Documents/NR2/ns-allinone-3.20/ns-3.20/build'
Waf: Leaving directory `/home/renan/Documents/NR2/ns-allinone-3.20/ns-3.20/build'
'build' finished successfully (1.810s)
0s NetworkModule:SetPosition(): Network 0 set position => (9, 79)
0s NetworkModule:SetRange(): Network 0 set range => 100
0s NetworkModule:SetPosition(): Network 1 set position => (108, 49)
0s NetworkModule:SetRange(): Network 1 set range => 100
0s NetworkModule:SetPosition(): Network 2 set position => (171, 132)
0s NetworkModule:SetRange(): Network 2 set range => 100
0s NetworkModule:SetPosition(): Network 3 set position => (99, 65)
0s NetworkModule:SetRange(): Network 3 set range => 100
0s NetworkModule:SetPosition(): Network 4 set position => (186, 104)
0s NetworkModule:SetRange(): Network 4 set range => 100
0s NetworkModule:SetPosition(): Network 5 set position => (11, 119)
0s NetworkModule:SetRange(): Network 5 set range => 100
0s NetworkModule:SetPosition(): Network 6 set position => (20, 181)
0s NetworkModule:SetRange(): Network 6 set range => 100
0s NetworkModule:SetPosition(): Network 7 set position => (121, 119)
0s NetworkModule:SetRange(): Network 7 set range => 100
0s NetworkModule:SetPosition(): Network 8 set position => (106, 6)
0s NetworkModule:SetRange(): Network 8 set range => 100
0s NetworkModule:SetPosition(): Network 9 set position => (132, 151)
0s NetworkModule:SetRange(): Network 9 set range => 100
0s NetworkModule:SetPosition(): Network 10 set position => (164, 168)
0s NetworkModule:SetRange(): Network 10 set range => 100
0s NetworkModule:SetPosition(): Network 11 set position => (198, 112)
0s NetworkModule:SetRange(): Network 11 set range => 100
0s NetworkModule:SetPosition(): Network 12 set position => (88, 42)
0s NetworkModule:SetRange(): Network 12 set range => 100
0s NetworkModule:SetPosition(): Network 13 set position => (57, 127)
0s NetworkModule:SetRange(): Network 13 set range => 100
0s NetworkModule:SetPosition(): Network 14 set position => (103, 112)
0s NetworkModule:SetRange(): Network 14 set range => 100
0s NetworkModule:SetPosition(): Network 15 set position => (144, 55)
0s NetworkModule:SetRange(): Network 15 set range => 100
0s NetworkModule:SetPosition(): Network 16 set position => (56, 112)
0s NetworkModule:SetRange(): Network 16 set range => 100
0s NetworkModule:SetPosition(): Network 17 set position => (196, 52)
0s NetworkModule:SetRange(): Network 17 set range => 100
0s NetworkModule:SetPosition(): Network 18 set position => (69, 27)
0s NetworkModule:SetRange(): Network 18 set range => 100
0s NetworkModule:SetPosition(): Network 19 set position => (84, 95)
0s NetworkModule:SetRange(): Network 19 set range => 100
0s DeviceModule:ConfigureMobility(): Device [init x = 100, init y = 100, max = 200, velocity = 3]
1s DeviceModule:MoveRandom(): New position: (100, 103)
1s DecisionModule:AddNetworkToList(): Network detected
1s DecisionModule:AddNetworkToList(): Network detected
1s DecisionModule:AddNetworkToList(): Network detected
1s DecisionModule:AddNetworkToList(): Network detected
1s DecisionModule:AddNetworkToList(): Network detected
1s DecisionModule:AddNetworkToList(): Network detected
1s DecisionModule:AddNetworkToList(): Network detected
1s DecisionModule:AddNetworkToList(): Network detected
1s DecisionModule:AddNetworkToList(): Network detected
1s DecisionModule:AddNetworkToList(): Network detected
1s DecisionModule:AddNetworkToList(): Network detected
1s DecisionModule:AddNetworkToList(): Network detected
1s DecisionModule:AddNetworkToList(): Network detected
1s DecisionModule:AddNetworkToList(): Network detected
1s DecisionModule:AddNetworkToList(): Network detected
1s DecisionModule:AddNetworkToList(): Network detected
1s DecisionModule:AddNetworkToList(): Network detected
1s DecisionModule:AddNetworkToList(): Network detected
2s DeviceModule:MoveRandom(): New position: (100, 106)
3s DeviceModule:MoveRandom(): New position: (100, 103)
4s DeviceModule:MoveRandom(): New position: (103, 103)
5s DeviceModule:MoveRandom(): New position: (106, 103)
6s DeviceModule:MoveRandom(): New position: (106, 100)
7s DeviceModule:MoveRandom(): New position: (106, 97)
7s DecisionModule:AddNetworkToList(): Network detected
8s DeviceModule:MoveRandom(): New position: (103, 97)
8s DecisionModule:RemoveNetworkFromList(): Network: 17 out of range!
9s DeviceModule:MoveRandom(): New position: (100, 97)
10s DecisionModule:Run(): Run decision
10s DecisionModule:AnalyzingNetworks(): Current Network: 
       [Network #0, Technology = Wifi, Address = 02-06-00:00:00:00:00:02, { DataRate: 99, SignalStrength: 98, AntiFragility: 93}, IQ: 95]
10s DecisionModule:ShowAllNetworks(): All detected networks:
       [Network #0, Technology = Wifi, Address = 02-06-00:00:00:00:00:02, { DataRate: 99, SignalStrength: 98, AntiFragility: 93}, IQ: 95]
       [Network #1, Technology = Wifi, Address = 02-06-00:00:00:00:00:03, { DataRate: 94, SignalStrength: 68, AntiFragility: 55}, IQ: 68]
       [Network #15, Technology = Wifi, Address = 02-06-00:00:00:00:00:11, { DataRate: 46, SignalStrength: 30, AntiFragility: 99}, IQ: 68]
       [Network #16, Technology = Wifi, Address = 02-06-00:00:00:00:00:12, { DataRate: 41, SignalStrength: 88, AntiFragility: 68}, IQ: 66]
       [Network #18, Technology = Wimax, Address = 02-06-00:00:00:00:00:15, { DataRate: 9, SignalStrength: 95, AntiFragility: 78}, IQ: 65]
       [Network #8, Technology = Wifi, Address = 02-06-00:00:00:00:00:0a, { DataRate: 30, SignalStrength: 77, AntiFragility: 59}, IQ: 56]
       [Network #9, Technology = Wifi, Address = 02-06-00:00:00:00:00:0b, { DataRate: 60, SignalStrength: 62, AntiFragility: 52}, IQ: 56]
       [Network #5, Technology = Wifi, Address = 02-06-00:00:00:00:00:07, { DataRate: 68, SignalStrength: 15, AntiFragility: 58}, IQ: 49]
       [Network #7, Technology = Wifi, Address = 02-06-00:00:00:00:00:09, { DataRate: 58, SignalStrength: 20, AntiFragility: 54}, IQ: 46]
       [Network #2, Technology = Wifi, Address = 02-06-00:00:00:00:00:04, { DataRate: 94, SignalStrength: 3, AntiFragility: 30}, IQ: 39]
       [Network #19, Technology = Wimax, Address = 02-06-00:00:00:00:00:16, { DataRate: 81, SignalStrength: 54, AntiFragility: 8}, IQ: 37]
       [Network #13, Technology = Wifi, Address = 02-06-00:00:00:00:00:0f, { DataRate: 71, SignalStrength: 51, AntiFragility: 12}, IQ: 36]
       [Network #10, Technology = Wifi, Address = 02-06-00:00:00:00:00:0c, { DataRate: 30, SignalStrength: 69, AntiFragility: 24}, IQ: 36]
       [Network #14, Technology = Wifi, Address = 02-06-00:00:00:00:00:10, { DataRate: 26, SignalStrength: 77, AntiFragility: 15}, IQ: 33]
       [Network #4, Technology = Wifi, Address = 02-06-00:00:00:00:00:06, { DataRate: 32, SignalStrength: 95, AntiFragility: 1}, IQ: 32]
       [Network #11, Technology = Wifi, Address = 02-06-00:00:00:00:00:0d, { DataRate: 52, SignalStrength: 14, AntiFragility: 23}, IQ: 28]
       [Network #12, Technology = Wifi, Address = 02-06-00:00:00:00:00:0e, { DataRate: 2, SignalStrength: 69, AntiFragility: 17}, IQ: 26]
       [Network #3, Technology = Wifi, Address = 02-06-00:00:00:00:00:05, { DataRate: 3, SignalStrength: 20, AntiFragility: 25}, IQ: 18]
10s DeviceModule:MoveRandom(): New position: (103, 97)
11s DeviceModule:MoveRandom(): New position: (103, 100)
12s DeviceModule:MoveRandom(): New position: (106, 100)
13s DeviceModule:MoveRandom(): New position: (109, 100)
13s ExecutionModule:OutOfRange(): OUT OF BETTER NETWORK! Choosing another network...
13s DecisionModule:RemoveNetworkFromList(): Network: 0 out of range!
13s DecisionModule:Run(): Run decision
13s DecisionModule:AnalyzingNetworks(): Current Network: 
       [Network #9, Technology = Wifi, Address = 02-06-00:00:00:00:00:0b, { DataRate: 71, SignalStrength: 61, AntiFragility: 82}, IQ: 74]
13s DecisionModule:ShowAllNetworks(): All detected networks:
       [Network #9, Technology = Wifi, Address = 02-06-00:00:00:00:00:0b, { DataRate: 71, SignalStrength: 61, AntiFragility: 82}, IQ: 74]
       [Network #5, Technology = Wifi, Address = 02-06-00:00:00:00:00:07, { DataRate: 61, SignalStrength: 43, AntiFragility: 95}, IQ: 73]
       [Network #11, Technology = Wifi, Address = 02-06-00:00:00:00:00:0d, { DataRate: 91, SignalStrength: 59, AntiFragility: 71}, IQ: 73]
       [Network #2, Technology = Wifi, Address = 02-06-00:00:00:00:00:04, { DataRate: 32, SignalStrength: 84, AntiFragility: 82}, IQ: 70]
       [Network #13, Technology = Wifi, Address = 02-06-00:00:00:00:00:0f, { DataRate: 32, SignalStrength: 82, AntiFragility: 74}, IQ: 65]
       [Network #16, Technology = Wifi, Address = 02-06-00:00:00:00:00:12, { DataRate: 27, SignalStrength: 95, AntiFragility: 65}, IQ: 63]
       [Network #18, Technology = Wimax, Address = 02-06-00:00:00:00:00:15, { DataRate: 94, SignalStrength: 89, AntiFragility: 36}, IQ: 63]
       [Network #12, Technology = Wifi, Address = 02-06-00:00:00:00:00:0e, { DataRate: 59, SignalStrength: 94, AntiFragility: 42}, IQ: 59]
       [Network #7, Technology = Wifi, Address = 02-06-00:00:00:00:00:09, { DataRate: 7, SignalStrength: 33, AntiFragility: 89}, IQ: 54]
       [Network #4, Technology = Wifi, Address = 02-06-00:00:00:00:00:06, { DataRate: 2, SignalStrength: 71, AntiFragility: 68}, IQ: 52]
       [Network #3, Technology = Wifi, Address = 02-06-00:00:00:00:00:05, { DataRate: 27, SignalStrength: 35, AntiFragility: 67}, IQ: 49]
       [Network #8, Technology = Wifi, Address = 02-06-00:00:00:00:00:0a, { DataRate: 2, SignalStrength: 16, AntiFragility: 88}, IQ: 48]
       [Network #14, Technology = Wifi, Address = 02-06-00:00:00:00:00:10, { DataRate: 55, SignalStrength: 83, AntiFragility: 22}, IQ: 45]
       [Network #15, Technology = Wifi, Address = 02-06-00:00:00:00:00:11, { DataRate: 68, SignalStrength: 38, AntiFragility: 36}, IQ: 44]
       [Network #10, Technology = Wifi, Address = 02-06-00:00:00:00:00:0c, { DataRate: 65, SignalStrength: 18, AntiFragility: 43}, IQ: 42]
       [Network #19, Technology = Wimax, Address = 02-06-00:00:00:00:00:16, { DataRate: 96, SignalStrength: 3, AntiFragility: 9}, IQ: 29]
       [Network #1, Technology = Wifi, Address = 02-06-00:00:00:00:00:03, { DataRate: 13, SignalStrength: 33, AntiFragility: 26}, IQ: 24]
13s ExecutionModule:Run(): Decision time => Seconds: 0, Miliseconds: 229
13s ExecutionModule:Run(): Handover time => Seconds: 0, Miliseconds: 165
13s ExecutionModule:Run(): Event: Horizontal Handover.
13s DecisionModule:AddNetworkToList(): Network detected
14s DeviceModule:MoveRandom(): New position: (112, 100)
14s DecisionModule:RemoveNetworkFromList(): Network: 5 out of range!
15s DeviceModule:MoveRandom(): New position: (112, 97)
16s DeviceModule:MoveRandom(): New position: (112, 94)
17s DeviceModule:MoveRandom(): New position: (109, 94)
18s DeviceModule:MoveRandom(): New position: (109, 97)
18s DecisionModule:AddNetworkToList(): Network detected
19s DeviceModule:MoveRandom(): New position: (106, 97)
19s DecisionModule:AddNetworkToList(): Network detected
20s DecisionModule:Run(): Run decision
20s DecisionModule:AnalyzingNetworks(): Current Network: 
       [Network #17, Technology = Wifi, Address = 02-06-00:00:00:00:00:13, { DataRate: 81, SignalStrength: 79, AntiFragility: 85}, IQ: 82]
20s DecisionModule:ShowAllNetworks(): All detected networks:
       [Network #17, Technology = Wifi, Address = 02-06-00:00:00:00:00:13, { DataRate: 81, SignalStrength: 79, AntiFragility: 85}, IQ: 82]
       [Network #18, Technology = Wimax, Address = 02-06-00:00:00:00:00:15, { DataRate: 88, SignalStrength: 51, AntiFragility: 84}, IQ: 76]
       [Network #8, Technology = Wifi, Address = 02-06-00:00:00:00:00:0a, { DataRate: 68, SignalStrength: 33, AntiFragility: 88}, IQ: 69]
       [Network #10, Technology = Wifi, Address = 02-06-00:00:00:00:00:0c, { DataRate: 18, SignalStrength: 76, AntiFragility: 88}, IQ: 67]
       [Network #16, Technology = Wifi, Address = 02-06-00:00:00:00:00:12, { DataRate: 22, SignalStrength: 80, AntiFragility: 73}, IQ: 62]
       [Network #5, Technology = Wifi, Address = 02-06-00:00:00:00:00:07, { DataRate: 68, SignalStrength: 13, AntiFragility: 82}, IQ: 61]
       [Network #7, Technology = Wifi, Address = 02-06-00:00:00:00:00:09, { DataRate: 72, SignalStrength: 1, AntiFragility: 83}, IQ: 59]
       [Network #2, Technology = Wifi, Address = 02-06-00:00:00:00:00:04, { DataRate: 83, SignalStrength: 97, AntiFragility: 29}, IQ: 59]
       [Network #13, Technology = Wifi, Address = 02-06-00:00:00:00:00:0f, { DataRate: 54, SignalStrength: 19, AntiFragility: 67}, IQ: 51]
       [Network #1, Technology = Wifi, Address = 02-06-00:00:00:00:00:03, { DataRate: 33, SignalStrength: 60, AntiFragility: 49}, IQ: 47]
       [Network #4, Technology = Wifi, Address = 02-06-00:00:00:00:00:06, { DataRate: 84, SignalStrength: 86, AntiFragility: 3}, IQ: 44]
       [Network #9, Technology = Wifi, Address = 02-06-00:00:00:00:00:0b, { DataRate: 52, SignalStrength: 90, AntiFragility: 10}, IQ: 40]
       [Network #14, Technology = Wifi, Address = 02-06-00:00:00:00:00:10, { DataRate: 8, SignalStrength: 92, AntiFragility: 29}, IQ: 39]
       [Network #0, Technology = Wifi, Address = 02-06-00:00:00:00:00:02, { DataRate: 92, SignalStrength: 14, AntiFragility: 18}, IQ: 35]
       [Network #19, Technology = Wimax, Address = 02-06-00:00:00:00:00:16, { DataRate: 93, SignalStrength: 9, AntiFragility: 13}, IQ: 32]
       [Network #11, Technology = Wifi, Address = 02-06-00:00:00:00:00:0d, { DataRate: 40, SignalStrength: 56, AntiFragility: 7}, IQ: 27]
       [Network #15, Technology = Wifi, Address = 02-06-00:00:00:00:00:11, { DataRate: 64, SignalStrength: 5, AntiFragility: 21}, IQ: 27]
       [Network #12, Technology = Wifi, Address = 02-06-00:00:00:00:00:0e, { DataRate: 34, SignalStrength: 1, AntiFragility: 33}, IQ: 25]
       [Network #3, Technology = Wifi, Address = 02-06-00:00:00:00:00:05, { DataRate: 26, SignalStrength: 48, AntiFragility: 7}, IQ: 22]
20s ExecutionModule:Run(): Decision time => Seconds: 0, Miliseconds: 288
20s ExecutionModule:Run(): Handover time => Seconds: 0, Miliseconds: 334
20s ExecutionModule:Run(): Event: Horizontal Handover.
20s DeviceModule:MoveRandom(): New position: (106, 94)
21s DeviceModule:MoveRandom(): New position: (103, 94)
21s ExecutionModule:OutOfRange(): OUT OF BETTER NETWORK! Choosing another network...
21s DecisionModule:RemoveNetworkFromList(): Network: 17 out of range!
21s DecisionModule:Run(): Run decision
21s DecisionModule:AnalyzingNetworks(): Current Network: 
       [Network #18, Technology = Wimax, Address = 02-06-00:00:00:00:00:15, { DataRate: 96, SignalStrength: 92, AntiFragility: 77}, IQ: 85]
21s DecisionModule:ShowAllNetworks(): All detected networks:
       [Network #18, Technology = Wimax, Address = 02-06-00:00:00:00:00:15, { DataRate: 96, SignalStrength: 92, AntiFragility: 77}, IQ: 85]
       [Network #13, Technology = Wifi, Address = 02-06-00:00:00:00:00:0f, { DataRate: 82, SignalStrength: 45, AntiFragility: 96}, IQ: 79]
       [Network #11, Technology = Wifi, Address = 02-06-00:00:00:00:00:0d, { DataRate: 48, SignalStrength: 90, AntiFragility: 86}, IQ: 77]
       [Network #3, Technology = Wifi, Address = 02-06-00:00:00:00:00:05, { DataRate: 62, SignalStrength: 67, AntiFragility: 82}, IQ: 73]
       [Network #12, Technology = Wifi, Address = 02-06-00:00:00:00:00:0e, { DataRate: 54, SignalStrength: 40, AntiFragility: 94}, IQ: 70]
       [Network #14, Technology = Wifi, Address = 02-06-00:00:00:00:00:10, { DataRate: 71, SignalStrength: 78, AntiFragility: 56}, IQ: 65]
       [Network #10, Technology = Wifi, Address = 02-06-00:00:00:00:00:0c, { DataRate: 39, SignalStrength: 59, AntiFragility: 75}, IQ: 62]
       [Network #7, Technology = Wifi, Address = 02-06-00:00:00:00:00:09, { DataRate: 50, SignalStrength: 49, AntiFragility: 74}, IQ: 61]
       [Network #8, Technology = Wifi, Address = 02-06-00:00:00:00:00:0a, { DataRate: 73, SignalStrength: 98, AntiFragility: 37}, IQ: 61]
       [Network #15, Technology = Wifi, Address = 02-06-00:00:00:00:00:11, { DataRate: 5, SignalStrength: 64, AntiFragility: 88}, IQ: 61]
       [Network #4, Technology = Wifi, Address = 02-06-00:00:00:00:00:06, { DataRate: 59, SignalStrength: 12, AntiFragility: 83}, IQ: 59]
       [Network #0, Technology = Wifi, Address = 02-06-00:00:00:00:00:02, { DataRate: 69, SignalStrength: 54, AntiFragility: 47}, IQ: 54]
       [Network #16, Technology = Wifi, Address = 02-06-00:00:00:00:00:12, { DataRate: 76, SignalStrength: 16, AntiFragility: 58}, IQ: 52]
       [Network #1, Technology = Wifi, Address = 02-06-00:00:00:00:00:03, { DataRate: 74, SignalStrength: 77, AntiFragility: 21}, IQ: 48]
       [Network #19, Technology = Wimax, Address = 02-06-00:00:00:00:00:16, { DataRate: 80, SignalStrength: 64, AntiFragility: 23}, IQ: 47]
       [Network #9, Technology = Wifi, Address = 02-06-00:00:00:00:00:0b, { DataRate: 26, SignalStrength: 89, AntiFragility: 31}, IQ: 44]
       [Network #5, Technology = Wifi, Address = 02-06-00:00:00:00:00:07, { DataRate: 63, SignalStrength: 56, AntiFragility: 25}, IQ: 42]
       [Network #2, Technology = Wifi, Address = 02-06-00:00:00:00:00:04, { DataRate: 6, SignalStrength: 56, AntiFragility: 24}, IQ: 27]
21s ExecutionModule:Run(): Decision time => Seconds: 0, Miliseconds: 239
21s ExecutionModule:Run(): Handover time => Seconds: 0, Miliseconds: 45
21s ExecutionModule:Run(): Event: Vertical Handover.
22s DeviceModule:MoveRandom(): New position: (100, 94)
23s DeviceModule:MoveRandom(): New position: (103, 94)
24s DeviceModule:MoveRandom(): New position: (103, 91)
24s DecisionModule:AddNetworkToList(): Network detected
25s DeviceModule:MoveRandom(): New position: (103, 94)
25s DecisionModule:RemoveNetworkFromList(): Network: 17 out of range!
26s DeviceModule:MoveRandom(): New position: (100, 94)
27s DeviceModule:MoveRandom(): New position: (100, 91)
28s DeviceModule:MoveRandom(): New position: (97, 91)
28s DecisionModule:RemoveNetworkFromList(): Network: 10 out of range!
28s DecisionModule:RemoveNetworkFromList(): Network: 11 out of range!
29s DeviceModule:MoveRandom(): New position: (97, 88)
30s DecisionModule:Run(): Run decision
30s DecisionModule:AnalyzingNetworks(): Current Network: 
       [Network #15, Technology = Wifi, Address = 02-06-00:00:00:00:00:11, { DataRate: 79, SignalStrength: 46, AntiFragility: 95}, IQ: 78]
30s DecisionModule:ShowAllNetworks(): All detected networks:
       [Network #15, Technology = Wifi, Address = 02-06-00:00:00:00:00:11, { DataRate: 79, SignalStrength: 46, AntiFragility: 95}, IQ: 78]
       [Network #2, Technology = Wifi, Address = 02-06-00:00:00:00:00:04, { DataRate: 98, SignalStrength: 97, AntiFragility: 46}, IQ: 71]
       [Network #12, Technology = Wifi, Address = 02-06-00:00:00:00:00:0e, { DataRate: 83, SignalStrength: 53, AntiFragility: 67}, IQ: 67]
       [Network #16, Technology = Wifi, Address = 02-06-00:00:00:00:00:12, { DataRate: 52, SignalStrength: 39, AntiFragility: 79}, IQ: 62]
       [Network #8, Technology = Wifi, Address = 02-06-00:00:00:00:00:0a, { DataRate: 48, SignalStrength: 87, AntiFragility: 37}, IQ: 52]
       [Network #9, Technology = Wifi, Address = 02-06-00:00:00:00:00:0b, { DataRate: 58, SignalStrength: 3, AntiFragility: 70}, IQ: 50]
       [Network #18, Technology = Wimax, Address = 02-06-00:00:00:00:00:15, { DataRate: 27, SignalStrength: 63, AntiFragility: 54}, IQ: 49]
       [Network #4, Technology = Wifi, Address = 02-06-00:00:00:00:00:06, { DataRate: 99, SignalStrength: 52, AntiFragility: 22}, IQ: 48]
       [Network #13, Technology = Wifi, Address = 02-06-00:00:00:00:00:0f, { DataRate: 67, SignalStrength: 37, AntiFragility: 28}, IQ: 40]
       [Network #1, Technology = Wifi, Address = 02-06-00:00:00:00:00:03, { DataRate: 91, SignalStrength: 14, AntiFragility: 27}, IQ: 39]
       [Network #3, Technology = Wifi, Address = 02-06-00:00:00:00:00:05, { DataRate: 96, SignalStrength: 13, AntiFragility: 23}, IQ: 38]
       [Network #5, Technology = Wifi, Address = 02-06-00:00:00:00:00:07, { DataRate: 73, SignalStrength: 20, AntiFragility: 28}, IQ: 37]
       [Network #7, Technology = Wifi, Address = 02-06-00:00:00:00:00:09, { DataRate: 18, SignalStrength: 74, AntiFragility: 25}, IQ: 35]
       [Network #0, Technology = Wifi, Address = 02-06-00:00:00:00:00:02, { DataRate: 15, SignalStrength: 32, AntiFragility: 41}, IQ: 32]
       [Network #14, Technology = Wifi, Address = 02-06-00:00:00:00:00:10, { DataRate: 59, SignalStrength: 15, AntiFragility: 17}, IQ: 27]
       [Network #19, Technology = Wimax, Address = 02-06-00:00:00:00:00:16, { DataRate: 4, SignalStrength: 33, AntiFragility: 10}, IQ: 14]
30s ExecutionModule:Run(): Decision time => Seconds: 0, Miliseconds: 267
30s ExecutionModule:Run(): Handover time => Seconds: 0, Miliseconds: 31
30s ExecutionModule:Run(): Event: Vertical Handover.
30s DeviceModule:MoveRandom(): New position: (94, 88)
31s DeviceModule:MoveRandom(): New position: (97, 88)
32s DeviceModule:MoveRandom(): New position: (97, 91)
33s DeviceModule:MoveRandom(): New position: (94, 91)
34s DeviceModule:MoveRandom(): New position: (94, 88)
35s DeviceModule:MoveRandom(): New position: (97, 88)
36s DeviceModule:MoveRandom(): New position: (94, 88)
37s DeviceModule:MoveRandom(): New position: (94, 91)
38s DeviceModule:MoveRandom(): New position: (91, 91)
39s DeviceModule:MoveRandom(): New position: (94, 91)
40s DecisionModule:Run(): Run decision
40s DecisionModule:AnalyzingNetworks(): Current Network: 
       [Network #18, Technology = Wimax, Address = 02-06-00:00:00:00:00:15, { DataRate: 11, SignalStrength: 67, AntiFragility: 98}, IQ: 68]
40s DecisionModule:ShowAllNetworks(): All detected networks:
       [Network #18, Technology = Wimax, Address = 02-06-00:00:00:00:00:15, { DataRate: 11, SignalStrength: 67, AntiFragility: 98}, IQ: 68]
       [Network #0, Technology = Wifi, Address = 02-06-00:00:00:00:00:02, { DataRate: 99, SignalStrength: 38, AntiFragility: 69}, IQ: 68]
       [Network #4, Technology = Wifi, Address = 02-06-00:00:00:00:00:06, { DataRate: 54, SignalStrength: 14, AntiFragility: 97}, IQ: 65]
       [Network #16, Technology = Wifi, Address = 02-06-00:00:00:00:00:12, { DataRate: 79, SignalStrength: 14, AntiFragility: 76}, IQ: 61]
       [Network #7, Technology = Wifi, Address = 02-06-00:00:00:00:00:09, { DataRate: 7, SignalStrength: 61, AntiFragility: 89}, IQ: 61]
       [Network #13, Technology = Wifi, Address = 02-06-00:00:00:00:00:0f, { DataRate: 51, SignalStrength: 13, AntiFragility: 84}, IQ: 58]
       [Network #19, Technology = Wimax, Address = 02-06-00:00:00:00:00:16, { DataRate: 76, SignalStrength: 61, AntiFragility: 48}, IQ: 58]
       [Network #5, Technology = Wifi, Address = 02-06-00:00:00:00:00:07, { DataRate: 91, SignalStrength: 12, AntiFragility: 62}, IQ: 56]
       [Network #12, Technology = Wifi, Address = 02-06-00:00:00:00:00:0e, { DataRate: 27, SignalStrength: 92, AntiFragility: 49}, IQ: 54]
       [Network #1, Technology = Wifi, Address = 02-06-00:00:00:00:00:03, { DataRate: 8, SignalStrength: 38, AntiFragility: 83}, IQ: 53]
       [Network #8, Technology = Wifi, Address = 02-06-00:00:00:00:00:0a, { DataRate: 49, SignalStrength: 10, AntiFragility: 67}, IQ: 48]
       [Network #15, Technology = Wifi, Address = 02-06-00:00:00:00:00:11, { DataRate: 23, SignalStrength: 36, AntiFragility: 59}, IQ: 44]
       [Network #9, Technology = Wifi, Address = 02-06-00:00:00:00:00:0b, { DataRate: 78, SignalStrength: 73, AntiFragility: 4}, IQ: 39]
       [Network #3, Technology = Wifi, Address = 02-06-00:00:00:00:00:05, { DataRate: 55, SignalStrength: 49, AntiFragility: 6}, IQ: 29]
       [Network #14, Technology = Wifi, Address = 02-06-00:00:00:00:00:10, { DataRate: 65, SignalStrength: 5, AntiFragility: 18}, IQ: 26]
       [Network #2, Technology = Wifi, Address = 02-06-00:00:00:00:00:04, { DataRate: 4, SignalStrength: 64, AntiFragility: 10}, IQ: 22]
40s ExecutionModule:Run(): Decision time => Seconds: 0, Miliseconds: 249
40s ExecutionModule:Run(): Handover time => Seconds: 0, Miliseconds: 31
40s ExecutionModule:Run(): Event: Vertical Handover.
40s DeviceModule:MoveRandom(): New position: (97, 91)
41s DeviceModule:MoveRandom(): New position: (94, 91)
42s DeviceModule:MoveRandom(): New position: (94, 94)
43s DeviceModule:MoveRandom(): New position: (91, 94)
44s DeviceModule:MoveRandom(): New position: (88, 94)
45s DeviceModule:MoveRandom(): New position: (85, 94)
45s DecisionModule:RemoveNetworkFromList(): Network: 4 out of range!
46s DeviceModule:MoveRandom(): New position: (88, 94)
46s DecisionModule:AddNetworkToList(): Network detected
47s DeviceModule:MoveRandom(): New position: (91, 94)
48s DeviceModule:MoveRandom(): New position: (88, 94)
49s DeviceModule:MoveRandom(): New position: (88, 97)
50s DecisionModule:Run(): Run decision
50s DecisionModule:AnalyzingNetworks(): Current Network: 
       [Network #18, Technology = Wimax, Address = 02-06-00:00:00:00:00:15, { DataRate: 91, SignalStrength: 81, AntiFragility: 83}, IQ: 84]
50s DecisionModule:ShowAllNetworks(): All detected networks:
       [Network #18, Technology = Wimax, Address = 02-06-00:00:00:00:00:15, { DataRate: 91, SignalStrength: 81, AntiFragility: 83}, IQ: 84]
       [Network #13, Technology = Wifi, Address = 02-06-00:00:00:00:00:0f, { DataRate: 61, SignalStrength: 86, AntiFragility: 67}, IQ: 70]
       [Network #9, Technology = Wifi, Address = 02-06-00:00:00:00:00:0b, { DataRate: 80, SignalStrength: 60, AntiFragility: 71}, IQ: 70]
       [Network #0, Technology = Wifi, Address = 02-06-00:00:00:00:00:02, { DataRate: 98, SignalStrength: 83, AntiFragility: 35}, IQ: 62]
       [Network #16, Technology = Wifi, Address = 02-06-00:00:00:00:00:12, { DataRate: 49, SignalStrength: 95, AntiFragility: 49}, IQ: 60]
       [Network #4, Technology = Wifi, Address = 02-06-00:00:00:00:00:06, { DataRate: 95, SignalStrength: 43, AntiFragility: 47}, IQ: 58]
       [Network #1, Technology = Wifi, Address = 02-06-00:00:00:00:00:03, { DataRate: 73, SignalStrength: 11, AntiFragility: 70}, IQ: 56]
       [Network #3, Technology = Wifi, Address = 02-06-00:00:00:00:00:05, { DataRate: 61, SignalStrength: 9, AntiFragility: 73}, IQ: 54]
       [Network #14, Technology = Wifi, Address = 02-06-00:00:00:00:00:10, { DataRate: 8, SignalStrength: 24, AntiFragility: 86}, IQ: 51]
       [Network #15, Technology = Wifi, Address = 02-06-00:00:00:00:00:11, { DataRate: 97, SignalStrength: 98, AntiFragility: 3}, IQ: 50]
       [Network #5, Technology = Wifi, Address = 02-06-00:00:00:00:00:07, { DataRate: 69, SignalStrength: 26, AntiFragility: 54}, IQ: 50]
       [Network #2, Technology = Wifi, Address = 02-06-00:00:00:00:00:04, { DataRate: 68, SignalStrength: 80, AntiFragility: 10}, IQ: 42]
       [Network #7, Technology = Wifi, Address = 02-06-00:00:00:00:00:09, { DataRate: 61, SignalStrength: 35, AntiFragility: 14}, IQ: 31]
       [Network #8, Technology = Wifi, Address = 02-06-00:00:00:00:00:0a, { DataRate: 16, SignalStrength: 63, AntiFragility: 5}, IQ: 22]
       [Network #19, Technology = Wimax, Address = 02-06-00:00:00:00:00:16, { DataRate: 26, SignalStrength: 7, AntiFragility: 28}, IQ: 22]
       [Network #12, Technology = Wifi, Address = 02-06-00:00:00:00:00:0e, { DataRate: 13, SignalStrength: 27, AntiFragility: 2}, IQ: 11]
50s DeviceModule:MoveRandom(): New position: (85, 97)
50s DecisionModule:RemoveNetworkFromList(): Network: 4 out of range!
51s DeviceModule:MoveRandom(): New position: (85, 100)
52s DeviceModule:MoveRandom(): New position: (85, 103)
53s DeviceModule:MoveRandom(): New position: (85, 106)
53s DecisionModule:AddNetworkToList(): Network detected
53s DecisionModule:RemoveNetworkFromList(): Network: 8 out of range!
53s DecisionModule:AddNetworkToList(): Network detected
54s DeviceModule:MoveRandom(): New position: (82, 106)
54s DecisionModule:RemoveNetworkFromList(): Network: 10 out of range!
55s DeviceModule:MoveRandom(): New position: (82, 103)
55s DecisionModule:AddNetworkToList(): Network detected
56s DeviceModule:MoveRandom(): New position: (79, 103)
57s DeviceModule:MoveRandom(): New position: (76, 103)
57s DecisionModule:RemoveNetworkFromList(): Network: 8 out of range!
58s DeviceModule:MoveRandom(): New position: (76, 100)
58s DecisionModule:AddNetworkToList(): Network detected
59s DeviceModule:MoveRandom(): New position: (76, 103)
59s DecisionModule:RemoveNetworkFromList(): Network: 8 out of range!
60s DecisionModule:Run(): Run decision
60s DecisionModule:AnalyzingNetworks(): Current Network: 
       [Network #2, Technology = Wifi, Address = 02-06-00:00:00:00:00:04, { DataRate: 38, SignalStrength: 89, AntiFragility: 85}, IQ: 74]
60s DecisionModule:ShowAllNetworks(): All detected networks:
       [Network #2, Technology = Wifi, Address = 02-06-00:00:00:00:00:04, { DataRate: 38, SignalStrength: 89, AntiFragility: 85}, IQ: 74]
       [Network #14, Technology = Wifi, Address = 02-06-00:00:00:00:00:10, { DataRate: 47, SignalStrength: 86, AntiFragility: 74}, IQ: 70]
       [Network #6, Technology = Wifi, Address = 02-06-00:00:00:00:00:08, { DataRate: 38, SignalStrength: 46, AntiFragility: 93}, IQ: 67]
       [Network #15, Technology = Wifi, Address = 02-06-00:00:00:00:00:11, { DataRate: 56, SignalStrength: 71, AntiFragility: 65}, IQ: 64]
       [Network #3, Technology = Wifi, Address = 02-06-00:00:00:00:00:05, { DataRate: 71, SignalStrength: 53, AntiFragility: 58}, IQ: 60]
       [Network #7, Technology = Wifi, Address = 02-06-00:00:00:00:00:09, { DataRate: 4, SignalStrength: 95, AntiFragility: 71}, IQ: 60]
       [Network #16, Technology = Wifi, Address = 02-06-00:00:00:00:00:12, { DataRate: 96, SignalStrength: 67, AntiFragility: 31}, IQ: 56]
       [Network #0, Technology = Wifi, Address = 02-06-00:00:00:00:00:02, { DataRate: 21, SignalStrength: 49, AntiFragility: 51}, IQ: 43]
       [Network #13, Technology = Wifi, Address = 02-06-00:00:00:00:00:0f, { DataRate: 61, SignalStrength: 66, AntiFragility: 22}, IQ: 42]
       [Network #18, Technology = Wimax, Address = 02-06-00:00:00:00:00:15, { DataRate: 59, SignalStrength: 23, AntiFragility: 44}, IQ: 42]
       [Network #19, Technology = Wimax, Address = 02-06-00:00:00:00:00:16, { DataRate: 39, SignalStrength: 29, AntiFragility: 41}, IQ: 37]
       [Network #5, Technology = Wifi, Address = 02-06-00:00:00:00:00:07, { DataRate: 63, SignalStrength: 15, AntiFragility: 24}, IQ: 31]
       [Network #12, Technology = Wifi, Address = 02-06-00:00:00:00:00:0e, { DataRate: 11, SignalStrength: 11, AntiFragility: 48}, IQ: 29]
       [Network #1, Technology = Wifi, Address = 02-06-00:00:00:00:00:03, { DataRate: 53, SignalStrength: 22, AntiFragility: 15}, IQ: 26]
       [Network #9, Technology = Wifi, Address = 02-06-00:00:00:00:00:0b, { DataRate: 34, SignalStrength: 34, AntiFragility: 6}, IQ: 20]
60s ExecutionModule:Run(): Decision time => Seconds: 0, Miliseconds: 263
60s ExecutionModule:Run(): Handover time => Seconds: 0, Miliseconds: 32
60s ExecutionModule:Run(): Event: Vertical Handover.
60s DeviceModule:MoveRandom(): New position: (73, 103)
60s ExecutionModule:OutOfRange(): OUT OF BETTER NETWORK! Choosing another network...
60s DecisionModule:RemoveNetworkFromList(): Network: 2 out of range!
60s DecisionModule:Run(): Run decision
60s DecisionModule:AnalyzingNetworks(): Current Network: 
       [Network #16, Technology = Wifi, Address = 02-06-00:00:00:00:00:12, { DataRate: 84, SignalStrength: 99, AntiFragility: 94}, IQ: 92]
60s DecisionModule:ShowAllNetworks(): All detected networks:
       [Network #16, Technology = Wifi, Address = 02-06-00:00:00:00:00:12, { DataRate: 84, SignalStrength: 99, AntiFragility: 94}, IQ: 92]
       [Network #12, Technology = Wifi, Address = 02-06-00:00:00:00:00:0e, { DataRate: 71, SignalStrength: 80, AntiFragility: 61}, IQ: 68]
       [Network #1, Technology = Wifi, Address = 02-06-00:00:00:00:00:03, { DataRate: 29, SignalStrength: 62, AntiFragility: 80}, IQ: 62]
       [Network #14, Technology = Wifi, Address = 02-06-00:00:00:00:00:10, { DataRate: 73, SignalStrength: 81, AntiFragility: 45}, IQ: 61]
       [Network #0, Technology = Wifi, Address = 02-06-00:00:00:00:00:02, { DataRate: 2, SignalStrength: 78, AntiFragility: 80}, IQ: 60]
       [Network #15, Technology = Wifi, Address = 02-06-00:00:00:00:00:11, { DataRate: 66, SignalStrength: 94, AntiFragility: 30}, IQ: 55]
       [Network #3, Technology = Wifi, Address = 02-06-00:00:00:00:00:05, { DataRate: 5, SignalStrength: 58, AntiFragility: 68}, IQ: 49]
       [Network #13, Technology = Wifi, Address = 02-06-00:00:00:00:00:0f, { DataRate: 95, SignalStrength: 11, AntiFragility: 39}, IQ: 46]
       [Network #18, Technology = Wimax, Address = 02-06-00:00:00:00:00:15, { DataRate: 75, SignalStrength: 78, AntiFragility: 17}, IQ: 46]
       [Network #9, Technology = Wifi, Address = 02-06-00:00:00:00:00:0b, { DataRate: 14, SignalStrength: 74, AntiFragility: 29}, IQ: 36]
       [Network #19, Technology = Wimax, Address = 02-06-00:00:00:00:00:16, { DataRate: 64, SignalStrength: 7, AntiFragility: 31}, IQ: 33]
       [Network #7, Technology = Wifi, Address = 02-06-00:00:00:00:00:09, { DataRate: 17, SignalStrength: 53, AntiFragility: 28}, IQ: 31]
       [Network #6, Technology = Wifi, Address = 02-06-00:00:00:00:00:08, { DataRate: 4, SignalStrength: 57, AntiFragility: 27}, IQ: 28]
       [Network #5, Technology = Wifi, Address = 02-06-00:00:00:00:00:07, { DataRate: 38, SignalStrength: 52, AntiFragility: 5}, IQ: 25]
60s ExecutionModule:Run(): Decision time => Seconds: 0, Miliseconds: 188
60s ExecutionModule:Run(): Handover time => Seconds: 0, Miliseconds: 33
60s ExecutionModule:Run(): Event: Horizontal Handover.
61s DeviceModule:MoveRandom(): New position: (76, 103)
61s DecisionModule:AddNetworkToList(): Network detected
62s DeviceModule:MoveRandom(): New position: (73, 103)
62s DecisionModule:RemoveNetworkFromList(): Network: 2 out of range!
63s DeviceModule:MoveRandom(): New position: (70, 103)
64s DeviceModule:MoveRandom(): New position: (67, 103)
65s DeviceModule:MoveRandom(): New position: (70, 103)
66s DeviceModule:MoveRandom(): New position: (70, 106)
67s DeviceModule:MoveRandom(): New position: (70, 103)
68s DeviceModule:MoveRandom(): New position: (67, 103)
69s DeviceModule:MoveRandom(): New position: (64, 103)
70s DecisionModule:Run(): Run decision
70s DecisionModule:AnalyzingNetworks(): Current Network: 
       [Network #5, Technology = Wifi, Address = 02-06-00:00:00:00:00:07, { DataRate: 56, SignalStrength: 98, AntiFragility: 75}, IQ: 76]
70s DecisionModule:ShowAllNetworks(): All detected networks:
       [Network #5, Technology = Wifi, Address = 02-06-00:00:00:00:00:07, { DataRate: 56, SignalStrength: 98, AntiFragility: 75}, IQ: 76]
       [Network #3, Technology = Wifi, Address = 02-06-00:00:00:00:00:05, { DataRate: 41, SignalStrength: 79, AntiFragility: 80}, IQ: 70]
       [Network #0, Technology = Wifi, Address = 02-06-00:00:00:00:00:02, { DataRate: 67, SignalStrength: 90, AntiFragility: 60}, IQ: 69]
       [Network #1, Technology = Wifi, Address = 02-06-00:00:00:00:00:03, { DataRate: 88, SignalStrength: 91, AntiFragility: 47}, IQ: 68]
       [Network #12, Technology = Wifi, Address = 02-06-00:00:00:00:00:0e, { DataRate: 96, SignalStrength: 15, AntiFragility: 71}, IQ: 63]
       [Network #6, Technology = Wifi, Address = 02-06-00:00:00:00:00:08, { DataRate: 65, SignalStrength: 73, AntiFragility: 46}, IQ: 57]
       [Network #15, Technology = Wifi, Address = 02-06-00:00:00:00:00:11, { DataRate: 32, SignalStrength: 67, AntiFragility: 58}, IQ: 53]
       [Network #14, Technology = Wifi, Address = 02-06-00:00:00:00:00:10, { DataRate: 76, SignalStrength: 85, AntiFragility: 25}, IQ: 52]
       [Network #7, Technology = Wifi, Address = 02-06-00:00:00:00:00:09, { DataRate: 98, SignalStrength: 73, AntiFragility: 6}, IQ: 45]
       [Network #13, Technology = Wifi, Address = 02-06-00:00:00:00:00:0f, { DataRate: 53, SignalStrength: 80, AntiFragility: 25}, IQ: 45]
       [Network #18, Technology = Wimax, Address = 02-06-00:00:00:00:00:15, { DataRate: 58, SignalStrength: 24, AntiFragility: 41}, IQ: 41]
       [Network #9, Technology = Wifi, Address = 02-06-00:00:00:00:00:0b, { DataRate: 74, SignalStrength: 35, AntiFragility: 3}, IQ: 28]
       [Network #16, Technology = Wifi, Address = 02-06-00:00:00:00:00:12, { DataRate: 55, SignalStrength: 28, AntiFragility: 15}, IQ: 28]
       [Network #19, Technology = Wimax, Address = 02-06-00:00:00:00:00:16, { DataRate: 70, SignalStrength: 2, AntiFragility: 10}, IQ: 23]
70s ExecutionModule:Run(): Decision time => Seconds: 0, Miliseconds: 240
70s ExecutionModule:Run(): Handover time => Seconds: 0, Miliseconds: 123
70s ExecutionModule:Run(): Event: Horizontal Handover.
70s DeviceModule:MoveRandom(): New position: (64, 100)
71s DeviceModule:MoveRandom(): New position: (61, 100)
72s DeviceModule:MoveRandom(): New position: (61, 97)
73s DeviceModule:MoveRandom(): New position: (64, 97)
73s DecisionModule:AddNetworkToList(): Network detected
74s DeviceModule:MoveRandom(): New position: (64, 94)
75s DeviceModule:MoveRandom(): New position: (61, 94)
76s DeviceModule:MoveRandom(): New position: (58, 94)
77s DeviceModule:MoveRandom(): New position: (58, 97)
77s DecisionModule:RemoveNetworkFromList(): Network: 8 out of range!
78s DeviceModule:MoveRandom(): New position: (61, 97)
79s DeviceModule:MoveRandom(): New position: (61, 100)
80s DecisionModule:Run(): Run decision
80s DecisionModule:AnalyzingNetworks(): Current Network: 
       [Network #12, Technology = Wifi, Address = 02-06-00:00:00:00:00:0e, { DataRate: 69, SignalStrength: 98, AntiFragility: 99}, IQ: 91]
80s DecisionModule:ShowAllNetworks(): All detected networks:
       [Network #12, Technology = Wifi, Address = 02-06-00:00:00:00:00:0e, { DataRate: 69, SignalStrength: 98, AntiFragility: 99}, IQ: 91]
       [Network #1, Technology = Wifi, Address = 02-06-00:00:00:00:00:03, { DataRate: 95, SignalStrength: 91, AntiFragility: 52}, IQ: 72]
       [Network #0, Technology = Wifi, Address = 02-06-00:00:00:00:00:02, { DataRate: 92, SignalStrength: 53, AntiFragility: 71}, IQ: 71]
       [Network #6, Technology = Wifi, Address = 02-06-00:00:00:00:00:08, { DataRate: 87, SignalStrength: 88, AntiFragility: 49}, IQ: 68]
       [Network #15, Technology = Wifi, Address = 02-06-00:00:00:00:00:11, { DataRate: 70, SignalStrength: 73, AntiFragility: 62}, IQ: 66]
       [Network #5, Technology = Wifi, Address = 02-06-00:00:00:00:00:07, { DataRate: 1, SignalStrength: 81, AntiFragility: 90}, IQ: 65]
       [Network #18, Technology = Wimax, Address = 02-06-00:00:00:00:00:15, { DataRate: 79, SignalStrength: 82, AntiFragility: 42}, IQ: 61]
       [Network #3, Technology = Wifi, Address = 02-06-00:00:00:00:00:05, { DataRate: 77, SignalStrength: 53, AntiFragility: 54}, IQ: 59]
       [Network #7, Technology = Wifi, Address = 02-06-00:00:00:00:00:09, { DataRate: 99, SignalStrength: 65, AntiFragility: 15}, IQ: 48]
       [Network #16, Technology = Wifi, Address = 02-06-00:00:00:00:00:12, { DataRate: 66, SignalStrength: 59, AntiFragility: 11}, IQ: 36]
       [Network #9, Technology = Wifi, Address = 02-06-00:00:00:00:00:0b, { DataRate: 61, SignalStrength: 36, AntiFragility: 19}, IQ: 33]
       [Network #14, Technology = Wifi, Address = 02-06-00:00:00:00:00:10, { DataRate: 38, SignalStrength: 20, AntiFragility: 36}, IQ: 32]
       [Network #13, Technology = Wifi, Address = 02-06-00:00:00:00:00:0f, { DataRate: 8, SignalStrength: 40, AntiFragility: 41}, IQ: 32]
       [Network #19, Technology = Wimax, Address = 02-06-00:00:00:00:00:16, { DataRate: 71, SignalStrength: 12, AntiFragility: 6}, IQ: 23]
80s ExecutionModule:Run(): Decision time => Seconds: 0, Miliseconds: 241
80s ExecutionModule:Run(): Handover time => Seconds: 0, Miliseconds: 123
80s ExecutionModule:Run(): Event: Horizontal Handover.
80s DeviceModule:MoveRandom(): New position: (58, 100)
81s DeviceModule:MoveRandom(): New position: (58, 97)
82s DeviceModule:MoveRandom(): New position: (55, 97)
83s DeviceModule:MoveRandom(): New position: (55, 94)
84s DeviceModule:MoveRandom(): New position: (55, 97)
85s DeviceModule:MoveRandom(): New position: (55, 100)
86s DeviceModule:MoveRandom(): New position: (55, 97)
87s DeviceModule:MoveRandom(): New position: (55, 100)
88s DeviceModule:MoveRandom(): New position: (58, 100)
89s DeviceModule:MoveRandom(): New position: (58, 103)
90s DecisionModule:Run(): Run decision
90s DecisionModule:AnalyzingNetworks(): Current Network: 
       [Network #1, Technology = Wifi, Address = 02-06-00:00:00:00:00:03, { DataRate: 77, SignalStrength: 66, AntiFragility: 93}, IQ: 82]
90s DecisionModule:ShowAllNetworks(): All detected networks:
       [Network #1, Technology = Wifi, Address = 02-06-00:00:00:00:00:03, { DataRate: 77, SignalStrength: 66, AntiFragility: 93}, IQ: 82]
       [Network #6, Technology = Wifi, Address = 02-06-00:00:00:00:00:08, { DataRate: 45, SignalStrength: 30, AntiFragility: 97}, IQ: 67]
       [Network #0, Technology = Wifi, Address = 02-06-00:00:00:00:00:02, { DataRate: 71, SignalStrength: 92, AntiFragility: 48}, IQ: 64]
       [Network #14, Technology = Wifi, Address = 02-06-00:00:00:00:00:10, { DataRate: 41, SignalStrength: 47, AntiFragility: 81}, IQ: 62]
       [Network #15, Technology = Wifi, Address = 02-06-00:00:00:00:00:11, { DataRate: 48, SignalStrength: 33, AntiFragility: 76}, IQ: 58]
       [Network #19, Technology = Wimax, Address = 02-06-00:00:00:00:00:16, { DataRate: 82, SignalStrength: 45, AntiFragility: 50}, IQ: 56]
       [Network #7, Technology = Wifi, Address = 02-06-00:00:00:00:00:09, { DataRate: 51, SignalStrength: 82, AntiFragility: 36}, IQ: 51]
       [Network #3, Technology = Wifi, Address = 02-06-00:00:00:00:00:05, { DataRate: 44, SignalStrength: 25, AntiFragility: 65}, IQ: 49]
       [Network #16, Technology = Wifi, Address = 02-06-00:00:00:00:00:12, { DataRate: 15, SignalStrength: 1, AntiFragility: 85}, IQ: 46]
       [Network #9, Technology = Wifi, Address = 02-06-00:00:00:00:00:0b, { DataRate: 59, SignalStrength: 2, AntiFragility: 52}, IQ: 41]
       [Network #13, Technology = Wifi, Address = 02-06-00:00:00:00:00:0f, { DataRate: 7, SignalStrength: 48, AntiFragility: 53}, IQ: 40]
       [Network #5, Technology = Wifi, Address = 02-06-00:00:00:00:00:07, { DataRate: 63, SignalStrength: 45, AntiFragility: 15}, IQ: 34]
       [Network #18, Technology = Wimax, Address = 02-06-00:00:00:00:00:15, { DataRate: 78, SignalStrength: 42, AntiFragility: 7}, IQ: 33]
       [Network #12, Technology = Wifi, Address = 02-06-00:00:00:00:00:0e, { DataRate: 67, SignalStrength: 29, AntiFragility: 1}, IQ: 24]
90s ExecutionModule:Run(): Decision time => Seconds: 0, Miliseconds: 256
90s ExecutionModule:Run(): Handover time => Seconds: 0, Miliseconds: 122
90s ExecutionModule:Run(): Event: Horizontal Handover.
90s DeviceModule:MoveRandom(): New position: (55, 103)
90s DecisionModule:RemoveNetworkFromList(): Network: 15 out of range!
91s DeviceModule:MoveRandom(): New position: (52, 103)
92s DeviceModule:MoveRandom(): New position: (52, 106)
93s DeviceModule:MoveRandom(): New position: (52, 109)
94s DeviceModule:MoveRandom(): New position: (55, 109)
95s DeviceModule:MoveRandom(): New position: (52, 109)
96s DeviceModule:MoveRandom(): New position: (52, 112)
97s DeviceModule:MoveRandom(): New position: (49, 112)
98s DeviceModule:MoveRandom(): New position: (46, 112)
99s DeviceModule:MoveRandom(): New position: (46, 109)
100s DecisionModule:Run(): Run decision
100s DecisionModule:AnalyzingNetworks(): Current Network: 
       [Network #9, Technology = Wifi, Address = 02-06-00:00:00:00:00:0b, { DataRate: 85, SignalStrength: 87, AntiFragility: 96}, IQ: 91]
100s DecisionModule:ShowAllNetworks(): All detected networks:
       [Network #9, Technology = Wifi, Address = 02-06-00:00:00:00:00:0b, { DataRate: 85, SignalStrength: 87, AntiFragility: 96}, IQ: 91]
       [Network #3, Technology = Wifi, Address = 02-06-00:00:00:00:00:05, { DataRate: 45, SignalStrength: 55, AntiFragility: 93}, IQ: 71]
       [Network #19, Technology = Wimax, Address = 02-06-00:00:00:00:00:16, { DataRate: 79, SignalStrength: 93, AntiFragility: 54}, IQ: 70]
       [Network #16, Technology = Wifi, Address = 02-06-00:00:00:00:00:12, { DataRate: 17, SignalStrength: 97, AntiFragility: 75}, IQ: 66]
       [Network #18, Technology = Wimax, Address = 02-06-00:00:00:00:00:15, { DataRate: 89, SignalStrength: 38, AntiFragility: 69}, IQ: 66]
       [Network #7, Technology = Wifi, Address = 02-06-00:00:00:00:00:09, { DataRate: 86, SignalStrength: 85, AntiFragility: 15}, IQ: 50]
       [Network #0, Technology = Wifi, Address = 02-06-00:00:00:00:00:02, { DataRate: 48, SignalStrength: 50, AntiFragility: 48}, IQ: 48]
       [Network #14, Technology = Wifi, Address = 02-06-00:00:00:00:00:10, { DataRate: 90, SignalStrength: 45, AntiFragility: 18}, IQ: 42]
       [Network #1, Technology = Wifi, Address = 02-06-00:00:00:00:00:03, { DataRate: 32, SignalStrength: 43, AntiFragility: 43}, IQ: 40]
       [Network #12, Technology = Wifi, Address = 02-06-00:00:00:00:00:0e, { DataRate: 71, SignalStrength: 77, AntiFragility: 6}, IQ: 40]
       [Network #13, Technology = Wifi, Address = 02-06-00:00:00:00:00:0f, { DataRate: 8, SignalStrength: 82, AntiFragility: 28}, IQ: 36]
       [Network #5, Technology = Wifi, Address = 02-06-00:00:00:00:00:07, { DataRate: 3, SignalStrength: 90, AntiFragility: 21}, IQ: 33]
       [Network #6, Technology = Wifi, Address = 02-06-00:00:00:00:00:08, { DataRate: 41, SignalStrength: 34, AntiFragility: 7}, IQ: 22]
100s ExecutionModule:Run(): Decision time => Seconds: 0, Miliseconds: 250
100s ExecutionModule:Run(): Handover time => Seconds: 0, Miliseconds: 124
100s ExecutionModule:Run(): Event: Horizontal Handover.
100s DeviceModule:MoveRandom(): New position: (49, 109)
101s DeviceModule:MoveRandom(): New position: (52, 109)
102s DeviceModule:MoveRandom(): New position: (52, 112)
103s DeviceModule:MoveRandom(): New position: (55, 112)
104s DeviceModule:MoveRandom(): New position: (52, 112)
105s DeviceModule:MoveRandom(): New position: (52, 115)
106s DeviceModule:MoveRandom(): New position: (52, 112)
107s DeviceModule:MoveRandom(): New position: (52, 115)
108s DeviceModule:MoveRandom(): New position: (52, 118)
109s DeviceModule:MoveRandom(): New position: (52, 115)
110s DecisionModule:Run(): Run decision
110s DecisionModule:AnalyzingNetworks(): Current Network: 
       [Network #16, Technology = Wifi, Address = 02-06-00:00:00:00:00:12, { DataRate: 92, SignalStrength: 58, AntiFragility: 94}, IQ: 84]
110s DecisionModule:ShowAllNetworks(): All detected networks:
       [Network #16, Technology = Wifi, Address = 02-06-00:00:00:00:00:12, { DataRate: 92, SignalStrength: 58, AntiFragility: 94}, IQ: 84]
       [Network #6, Technology = Wifi, Address = 02-06-00:00:00:00:00:08, { DataRate: 96, SignalStrength: 69, AntiFragility: 78}, IQ: 80]
       [Network #3, Technology = Wifi, Address = 02-06-00:00:00:00:00:05, { DataRate: 54, SignalStrength: 11, AntiFragility: 86}, IQ: 59]
       [Network #12, Technology = Wifi, Address = 02-06-00:00:00:00:00:0e, { DataRate: 3, SignalStrength: 31, AntiFragility: 94}, IQ: 55]
       [Network #1, Technology = Wifi, Address = 02-06-00:00:00:00:00:03, { DataRate: 70, SignalStrength: 60, AntiFragility: 43}, IQ: 54]
       [Network #5, Technology = Wifi, Address = 02-06-00:00:00:00:00:07, { DataRate: 85, SignalStrength: 83, AntiFragility: 6}, IQ: 45]
       [Network #13, Technology = Wifi, Address = 02-06-00:00:00:00:00:0f, { DataRate: 24, SignalStrength: 45, AntiFragility: 52}, IQ: 43]
       [Network #19, Technology = Wimax, Address = 02-06-00:00:00:00:00:16, { DataRate: 20, SignalStrength: 80, AntiFragility: 34}, IQ: 42]
       [Network #7, Technology = Wifi, Address = 02-06-00:00:00:00:00:09, { DataRate: 36, SignalStrength: 4, AntiFragility: 59}, IQ: 39]
       [Network #0, Technology = Wifi, Address = 02-06-00:00:00:00:00:02, { DataRate: 29, SignalStrength: 24, AntiFragility: 47}, IQ: 36]
       [Network #9, Technology = Wifi, Address = 02-06-00:00:00:00:00:0b, { DataRate: 5, SignalStrength: 61, AntiFragility: 14}, IQ: 23]
       [Network #18, Technology = Wimax, Address = 02-06-00:00:00:00:00:15, { DataRate: 11, SignalStrength: 52, AntiFragility: 3}, IQ: 17]
       [Network #14, Technology = Wifi, Address = 02-06-00:00:00:00:00:10, { DataRate: 37, SignalStrength: 28, AntiFragility: 2}, IQ: 17]
110s ExecutionModule:Run(): Decision time => Seconds: 0, Miliseconds: 355
110s ExecutionModule:Run(): Handover time => Seconds: 0, Miliseconds: 204
110s ExecutionModule:Run(): Event: Horizontal Handover.
110s DeviceModule:MoveRandom(): New position: (55, 115)
111s DeviceModule:MoveRandom(): New position: (55, 112)
112s DeviceModule:MoveRandom(): New position: (55, 109)
113s DeviceModule:MoveRandom(): New position: (55, 106)
114s DeviceModule:MoveRandom(): New position: (55, 103)
115s DeviceModule:MoveRandom(): New position: (55, 106)
116s DeviceModule:MoveRandom(): New position: (58, 106)
116s DecisionModule:AddNetworkToList(): Network detected
117s DeviceModule:MoveRandom(): New position: (58, 109)
117s DecisionModule:RemoveNetworkFromList(): Network: 15 out of range!
118s DeviceModule:MoveRandom(): New position: (55, 109)
119s DeviceModule:MoveRandom(): New position: (58, 109)
120s DecisionModule:Run(): Run decision
120s DecisionModule:AnalyzingNetworks(): Current Network: 
       [Network #9, Technology = Wifi, Address = 02-06-00:00:00:00:00:0b, { DataRate: 77, SignalStrength: 69, AntiFragility: 99}, IQ: 86]
120s DecisionModule:ShowAllNetworks(): All detected networks:
       [Network #9, Technology = Wifi, Address = 02-06-00:00:00:00:00:0b, { DataRate: 77, SignalStrength: 69, AntiFragility: 99}, IQ: 86]
       [Network #16, Technology = Wifi, Address = 02-06-00:00:00:00:00:12, { DataRate: 62, SignalStrength: 94, AntiFragility: 93}, IQ: 85]
       [Network #7, Technology = Wifi, Address = 02-06-00:00:00:00:00:09, { DataRate: 59, SignalStrength: 90, AntiFragility: 64}, IQ: 69]
       [Network #0, Technology = Wifi, Address = 02-06-00:00:00:00:00:02, { DataRate: 17, SignalStrength: 75, AntiFragility: 84}, IQ: 65]
       [Network #3, Technology = Wifi, Address = 02-06-00:00:00:00:00:05, { DataRate: 93, SignalStrength: 32, AntiFragility: 64}, IQ: 63]
       [Network #13, Technology = Wifi, Address = 02-06-00:00:00:00:00:0f, { DataRate: 91, SignalStrength: 9, AntiFragility: 75}, IQ: 62]
       [Network #5, Technology = Wifi, Address = 02-06-00:00:00:00:00:07, { DataRate: 17, SignalStrength: 57, AntiFragility: 65}, IQ: 51]
       [Network #1, Technology = Wifi, Address = 02-06-00:00:00:00:00:03, { DataRate: 86, SignalStrength: 19, AntiFragility: 48}, IQ: 50]
       [Network #19, Technology = Wimax, Address = 02-06-00:00:00:00:00:16, { DataRate: 74, SignalStrength: 50, AntiFragility: 20}, IQ: 41]
       [Network #12, Technology = Wifi, Address = 02-06-00:00:00:00:00:0e, { DataRate: 6, SignalStrength: 46, AntiFragility: 50}, IQ: 38]
       [Network #14, Technology = Wifi, Address = 02-06-00:00:00:00:00:10, { DataRate: 99, SignalStrength: 26, AntiFragility: 12}, IQ: 37]
       [Network #6, Technology = Wifi, Address = 02-06-00:00:00:00:00:08, { DataRate: 20, SignalStrength: 28, AntiFragility: 41}, IQ: 32]
       [Network #18, Technology = Wimax, Address = 02-06-00:00:00:00:00:15, { DataRate: 71, SignalStrength: 10, AntiFragility: 19}, IQ: 29]
120s ExecutionModule:Run(): Decision time => Seconds: 0, Miliseconds: 250
120s ExecutionModule:Run(): Handover time => Seconds: 0, Miliseconds: 123
120s ExecutionModule:Run(): Event: Horizontal Handover.
120s DeviceModule:MoveRandom(): New position: (61, 109)
120s DecisionModule:AddNetworkToList(): Network detected
121s DeviceModule:MoveRandom(): New position: (58, 109)
121s DecisionModule:RemoveNetworkFromList(): Network: 15 out of range!
122s DeviceModule:MoveRandom(): New position: (58, 112)
123s DeviceModule:MoveRandom(): New position: (58, 109)
124s DeviceModule:MoveRandom(): New position: (58, 106)
124s DecisionModule:AddNetworkToList(): Network detected
125s DeviceModule:MoveRandom(): New position: (58, 109)
125s DecisionModule:RemoveNetworkFromList(): Network: 15 out of range!
126s DeviceModule:MoveRandom(): New position: (55, 109)
127s DeviceModule:MoveRandom(): New position: (52, 109)
128s DeviceModule:MoveRandom(): New position: (52, 112)
129s DeviceModule:MoveRandom(): New position: (52, 109)
130s DecisionModule:Run(): Run decision
130s DecisionModule:AnalyzingNetworks(): Current Network: 
       [Network #14, Technology = Wifi, Address = 02-06-00:00:00:00:00:10, { DataRate: 71, SignalStrength: 92, AntiFragility: 97}, IQ: 89]
130s DecisionModule:ShowAllNetworks(): All detected networks:
       [Network #14, Technology = Wifi, Address = 02-06-00:00:00:00:00:10, { DataRate: 71, SignalStrength: 92, AntiFragility: 97}, IQ: 89]
       [Network #5, Technology = Wifi, Address = 02-06-00:00:00:00:00:07, { DataRate: 67, SignalStrength: 98, AntiFragility: 75}, IQ: 78]
       [Network #19, Technology = Wimax, Address = 02-06-00:00:00:00:00:16, { DataRate: 25, SignalStrength: 93, AntiFragility: 97}, IQ: 78]
       [Network #7, Technology = Wifi, Address = 02-06-00:00:00:00:00:09, { DataRate: 17, SignalStrength: 99, AntiFragility: 75}, IQ: 66]
       [Network #1, Technology = Wifi, Address = 02-06-00:00:00:00:00:03, { DataRate: 31, SignalStrength: 37, AntiFragility: 83}, IQ: 58]
       [Network #9, Technology = Wifi, Address = 02-06-00:00:00:00:00:0b, { DataRate: 51, SignalStrength: 2, AntiFragility: 90}, IQ: 58]
       [Network #13, Technology = Wifi, Address = 02-06-00:00:00:00:00:0f, { DataRate: 14, SignalStrength: 55, AntiFragility: 69}, IQ: 51]
       [Network #3, Technology = Wifi, Address = 02-06-00:00:00:00:00:05, { DataRate: 92, SignalStrength: 82, AntiFragility: 13}, IQ: 50]
       [Network #0, Technology = Wifi, Address = 02-06-00:00:00:00:00:02, { DataRate: 12, SignalStrength: 90, AntiFragility: 40}, IQ: 45]
       [Network #6, Technology = Wifi, Address = 02-06-00:00:00:00:00:08, { DataRate: 2, SignalStrength: 14, AntiFragility: 77}, IQ: 42]
       [Network #16, Technology = Wifi, Address = 02-06-00:00:00:00:00:12, { DataRate: 79, SignalStrength: 22, AntiFragility: 28}, IQ: 39]
       [Network #12, Technology = Wifi, Address = 02-06-00:00:00:00:00:0e, { DataRate: 20, SignalStrength: 89, AntiFragility: 7}, IQ: 30]
       [Network #18, Technology = Wimax, Address = 02-06-00:00:00:00:00:15, { DataRate: 19, SignalStrength: 13, AntiFragility: 4}, IQ: 10]
130s ExecutionModule:Run(): Decision time => Seconds: 0, Miliseconds: 251
130s ExecutionModule:Run(): Handover time => Seconds: 0, Miliseconds: 123
130s ExecutionModule:Run(): Event: Horizontal Handover.
130s DeviceModule:MoveRandom(): New position: (52, 112)
131s DeviceModule:MoveRandom(): New position: (49, 112)
132s DeviceModule:MoveRandom(): New position: (52, 112)
133s DeviceModule:MoveRandom(): New position: (49, 112)
134s DeviceModule:MoveRandom(): New position: (46, 112)
135s DeviceModule:MoveRandom(): New position: (46, 115)
136s DeviceModule:MoveRandom(): New position: (46, 112)
137s DeviceModule:MoveRandom(): New position: (46, 115)
138s DeviceModule:MoveRandom(): New position: (46, 112)
139s DeviceModule:MoveRandom(): New position: (46, 115)
140s DecisionModule:Run(): Run decision
140s DecisionModule:AnalyzingNetworks(): Current Network: 
       [Network #9, Technology = Wifi, Address = 02-06-00:00:00:00:00:0b, { DataRate: 55, SignalStrength: 87, AntiFragility: 91}, IQ: 81]
140s DecisionModule:ShowAllNetworks(): All detected networks:
       [Network #9, Technology = Wifi, Address = 02-06-00:00:00:00:00:0b, { DataRate: 55, SignalStrength: 87, AntiFragility: 91}, IQ: 81]
       [Network #14, Technology = Wifi, Address = 02-06-00:00:00:00:00:10, { DataRate: 75, SignalStrength: 39, AntiFragility: 94}, IQ: 75]
       [Network #16, Technology = Wifi, Address = 02-06-00:00:00:00:00:12, { DataRate: 45, SignalStrength: 62, AntiFragility: 98}, IQ: 75]
       [Network #7, Technology = Wifi, Address = 02-06-00:00:00:00:00:09, { DataRate: 11, SignalStrength: 96, AntiFragility: 68}, IQ: 60]
       [Network #18, Technology = Wimax, Address = 02-06-00:00:00:00:00:15, { DataRate: 53, SignalStrength: 86, AntiFragility: 52}, IQ: 60]
       [Network #19, Technology = Wimax, Address = 02-06-00:00:00:00:00:16, { DataRate: 85, SignalStrength: 57, AntiFragility: 37}, IQ: 54]
       [Network #6, Technology = Wifi, Address = 02-06-00:00:00:00:00:08, { DataRate: 57, SignalStrength: 15, AntiFragility: 71}, IQ: 53]
       [Network #1, Technology = Wifi, Address = 02-06-00:00:00:00:00:03, { DataRate: 59, SignalStrength: 35, AntiFragility: 58}, IQ: 52]
       [Network #13, Technology = Wifi, Address = 02-06-00:00:00:00:00:0f, { DataRate: 69, SignalStrength: 59, AntiFragility: 21}, IQ: 42]
       [Network #12, Technology = Wifi, Address = 02-06-00:00:00:00:00:0e, { DataRate: 84, SignalStrength: 48, AntiFragility: 15}, IQ: 40]
       [Network #5, Technology = Wifi, Address = 02-06-00:00:00:00:00:07, { DataRate: 65, SignalStrength: 16, AntiFragility: 34}, IQ: 37]
       [Network #0, Technology = Wifi, Address = 02-06-00:00:00:00:00:02, { DataRate: 24, SignalStrength: 56, AntiFragility: 8}, IQ: 24]
       [Network #3, Technology = Wifi, Address = 02-06-00:00:00:00:00:05, { DataRate: 66, SignalStrength: 19, AntiFragility: 6}, IQ: 24]
140s ExecutionModule:Run(): Decision time => Seconds: 0, Miliseconds: 233
140s ExecutionModule:Run(): Handover time => Seconds: 0, Miliseconds: 124
140s ExecutionModule:Run(): Event: Horizontal Handover.
140s DeviceModule:MoveRandom(): New position: (49, 115)
141s DeviceModule:MoveRandom(): New position: (46, 115)
142s DeviceModule:MoveRandom(): New position: (46, 118)
143s DeviceModule:MoveRandom(): New position: (43, 118)
144s DeviceModule:MoveRandom(): New position: (40, 118)
145s DeviceModule:MoveRandom(): New position: (37, 118)
146s DeviceModule:MoveRandom(): New position: (37, 121)
146s DecisionModule:RemoveNetworkFromList(): Network: 1 out of range!
147s DeviceModule:MoveRandom(): New position: (37, 118)
147s DecisionModule:AddNetworkToList(): Network detected
148s DeviceModule:MoveRandom(): New position: (37, 121)
148s DecisionModule:RemoveNetworkFromList(): Network: 1 out of range!
149s DeviceModule:MoveRandom(): New position: (37, 124)
149s DecisionModule:RemoveNetworkFromList(): Network: 18 out of range!
150s DecisionModule:Run(): Run decision
150s DecisionModule:AnalyzingNetworks(): Current Network: 
       [Network #0, Technology = Wifi, Address = 02-06-00:00:00:00:00:02, { DataRate: 88, SignalStrength: 97, AntiFragility: 80}, IQ: 86]
150s DecisionModule:ShowAllNetworks(): All detected networks:
       [Network #0, Technology = Wifi, Address = 02-06-00:00:00:00:00:02, { DataRate: 88, SignalStrength: 97, AntiFragility: 80}, IQ: 86]
       [Network #7, Technology = Wifi, Address = 02-06-00:00:00:00:00:09, { DataRate: 47, SignalStrength: 30, AntiFragility: 88}, IQ: 63]
       [Network #3, Technology = Wifi, Address = 02-06-00:00:00:00:00:05, { DataRate: 14, SignalStrength: 73, AntiFragility: 65}, IQ: 54]
       [Network #12, Technology = Wifi, Address = 02-06-00:00:00:00:00:0e, { DataRate: 60, SignalStrength: 13, AntiFragility: 57}, IQ: 46]
       [Network #19, Technology = Wimax, Address = 02-06-00:00:00:00:00:16, { DataRate: 14, SignalStrength: 50, AntiFragility: 48}, IQ: 40]
       [Network #14, Technology = Wifi, Address = 02-06-00:00:00:00:00:10, { DataRate: 61, SignalStrength: 61, AntiFragility: 16}, IQ: 38]
       [Network #6, Technology = Wifi, Address = 02-06-00:00:00:00:00:08, { DataRate: 38, SignalStrength: 66, AntiFragility: 13}, IQ: 32]
       [Network #5, Technology = Wifi, Address = 02-06-00:00:00:00:00:07, { DataRate: 55, SignalStrength: 29, AntiFragility: 19}, IQ: 30]
       [Network #16, Technology = Wifi, Address = 02-06-00:00:00:00:00:12, { DataRate: 59, SignalStrength: 37, AntiFragility: 7}, IQ: 27]
       [Network #13, Technology = Wifi, Address = 02-06-00:00:00:00:00:0f, { DataRate: 46, SignalStrength: 21, AntiFragility: 15}, IQ: 24]
       [Network #9, Technology = Wifi, Address = 02-06-00:00:00:00:00:0b, { DataRate: 10, SignalStrength: 33, AntiFragility: 16}, IQ: 18]
150s ExecutionModule:Run(): Decision time => Seconds: 0, Miliseconds: 217
150s ExecutionModule:Run(): Handover time => Seconds: 0, Miliseconds: 123
150s ExecutionModule:Run(): Event: Horizontal Handover.
150s DeviceModule:MoveRandom(): New position: (34, 124)
150s DecisionModule:RemoveNetworkFromList(): Network: 9 out of range!
151s DeviceModule:MoveRandom(): New position: (34, 121)
151s DecisionModule:AddNetworkToList(): Network detected
152s DeviceModule:MoveRandom(): New position: (34, 124)
152s DecisionModule:RemoveNetworkFromList(): Network: 18 out of range!
153s DeviceModule:MoveRandom(): New position: (34, 127)
153s DecisionModule:AddNetworkToList(): Network detected
154s DeviceModule:MoveRandom(): New position: (34, 124)
154s DecisionModule:RemoveNetworkFromList(): Network: 9 out of range!
155s DeviceModule:MoveRandom(): New position: (34, 121)
155s DecisionModule:AddNetworkToList(): Network detected
156s DeviceModule:MoveRandom(): New position: (34, 124)
156s DecisionModule:RemoveNetworkFromList(): Network: 18 out of range!
157s DeviceModule:MoveRandom(): New position: (34, 121)
157s DecisionModule:AddNetworkToList(): Network detected
158s DeviceModule:MoveRandom(): New position: (34, 124)
158s DecisionModule:RemoveNetworkFromList(): Network: 18 out of range!
159s DeviceModule:MoveRandom(): New position: (34, 121)
159s DecisionModule:AddNetworkToList(): Network detected
160s DecisionModule:Run(): Run decision
160s DecisionModule:AnalyzingNetworks(): Current Network: 
       [Network #0, Technology = Wifi, Address = 02-06-00:00:00:00:00:02, { DataRate: 95, SignalStrength: 69, AntiFragility: 86}, IQ: 84]
160s DecisionModule:ShowAllNetworks(): All detected networks:
       [Network #0, Technology = Wifi, Address = 02-06-00:00:00:00:00:02, { DataRate: 95, SignalStrength: 69, AntiFragility: 86}, IQ: 84]
       [Network #12, Technology = Wifi, Address = 02-06-00:00:00:00:00:0e, { DataRate: 22, SignalStrength: 99, AntiFragility: 55}, IQ: 57]
       [Network #7, Technology = Wifi, Address = 02-06-00:00:00:00:00:09, { DataRate: 68, SignalStrength: 28, AntiFragility: 64}, IQ: 56]
       [Network #14, Technology = Wifi, Address = 02-06-00:00:00:00:00:10, { DataRate: 49, SignalStrength: 87, AntiFragility: 39}, IQ: 53]
       [Network #18, Technology = Wimax, Address = 02-06-00:00:00:00:00:15, { DataRate: 45, SignalStrength: 74, AntiFragility: 41}, IQ: 50]
       [Network #3, Technology = Wifi, Address = 02-06-00:00:00:00:00:05, { DataRate: 47, SignalStrength: 61, AntiFragility: 40}, IQ: 47]
       [Network #16, Technology = Wifi, Address = 02-06-00:00:00:00:00:12, { DataRate: 95, SignalStrength: 72, AntiFragility: 12}, IQ: 47]
       [Network #13, Technology = Wifi, Address = 02-06-00:00:00:00:00:0f, { DataRate: 57, SignalStrength: 35, AntiFragility: 45}, IQ: 45]
       [Network #19, Technology = Wimax, Address = 02-06-00:00:00:00:00:16, { DataRate: 29, SignalStrength: 76, AntiFragility: 22}, IQ: 37]
       [Network #5, Technology = Wifi, Address = 02-06-00:00:00:00:00:07, { DataRate: 67, SignalStrength: 40, AntiFragility: 17}, IQ: 35]
       [Network #6, Technology = Wifi, Address = 02-06-00:00:00:00:00:08, { DataRate: 79, SignalStrength: 3, AntiFragility: 12}, IQ: 26]
160s DeviceModule:MoveRandom(): New position: (37, 121)
160s DecisionModule:AddNetworkToList(): Network detected
161s DeviceModule:MoveRandom(): New position: (40, 121)
161s DecisionModule:AddNetworkToList(): Network detected
162s DeviceModule:MoveRandom(): New position: (37, 121)
162s DecisionModule:RemoveNetworkFromList(): Network: 1 out of range!
163s DeviceModule:MoveRandom(): New position: (40, 121)
163s DecisionModule:AddNetworkToList(): Network detected
164s DeviceModule:MoveRandom(): New position: (40, 118)
165s DeviceModule:MoveRandom(): New position: (37, 118)
166s DeviceModule:MoveRandom(): New position: (37, 115)
166s DecisionModule:RemoveNetworkFromList(): Network: 9 out of range!
167s DeviceModule:MoveRandom(): New position: (37, 112)
168s DeviceModule:MoveRandom(): New position: (37, 109)
169s DeviceModule:MoveRandom(): New position: (37, 112)
170s DecisionModule:Run(): Run decision
170s DecisionModule:AnalyzingNetworks(): Current Network: 
       [Network #14, Technology = Wifi, Address = 02-06-00:00:00:00:00:10, { DataRate: 98, SignalStrength: 64, AntiFragility: 76}, IQ: 78]
170s DecisionModule:ShowAllNetworks(): All detected networks:
       [Network #14, Technology = Wifi, Address = 02-06-00:00:00:00:00:10, { DataRate: 98, SignalStrength: 64, AntiFragility: 76}, IQ: 78]
       [Network #16, Technology = Wifi, Address = 02-06-00:00:00:00:00:12, { DataRate: 86, SignalStrength: 92, AntiFragility: 50}, IQ: 69]
       [Network #5, Technology = Wifi, Address = 02-06-00:00:00:00:00:07, { DataRate: 81, SignalStrength: 9, AntiFragility: 80}, IQ: 62]
       [Network #3, Technology = Wifi, Address = 02-06-00:00:00:00:00:05, { DataRate: 70, SignalStrength: 50, AntiFragility: 52}, IQ: 56]
       [Network #1, Technology = Wifi, Address = 02-06-00:00:00:00:00:03, { DataRate: 44, SignalStrength: 26, AntiFragility: 75}, IQ: 55]
       [Network #0, Technology = Wifi, Address = 02-06-00:00:00:00:00:02, { DataRate: 72, SignalStrength: 23, AntiFragility: 62}, IQ: 54]
       [Network #13, Technology = Wifi, Address = 02-06-00:00:00:00:00:0f, { DataRate: 4, SignalStrength: 93, AntiFragility: 57}, IQ: 52]
       [Network #18, Technology = Wimax, Address = 02-06-00:00:00:00:00:15, { DataRate: 71, SignalStrength: 13, AntiFragility: 59}, IQ: 50]
       [Network #7, Technology = Wifi, Address = 02-06-00:00:00:00:00:09, { DataRate: 37, SignalStrength: 84, AntiFragility: 38}, IQ: 49]
       [Network #19, Technology = Wimax, Address = 02-06-00:00:00:00:00:16, { DataRate: 2, SignalStrength: 41, AntiFragility: 69}, IQ: 45]
       [Network #6, Technology = Wifi, Address = 02-06-00:00:00:00:00:08, { DataRate: 4, SignalStrength: 23, AntiFragility: 52}, IQ: 32]
       [Network #12, Technology = Wifi, Address = 02-06-00:00:00:00:00:0e, { DataRate: 34, SignalStrength: 13, AntiFragility: 12}, IQ: 17]
170s ExecutionModule:Run(): Decision time => Seconds: 0, Miliseconds: 556
170s ExecutionModule:Run(): Handover time => Seconds: 0, Miliseconds: 136
170s ExecutionModule:Run(): Event: Horizontal Handover.
170s DeviceModule:MoveRandom(): New position: (34, 112)
171s DeviceModule:MoveRandom(): New position: (31, 112)
172s DeviceModule:MoveRandom(): New position: (34, 112)
173s DeviceModule:MoveRandom(): New position: (31, 112)
174s DeviceModule:MoveRandom(): New position: (28, 112)
174s DecisionModule:RemoveNetworkFromList(): Network: 1 out of range!
175s DeviceModule:MoveRandom(): New position: (28, 115)
176s DeviceModule:MoveRandom(): New position: (28, 112)
177s DeviceModule:MoveRandom(): New position: (31, 112)
177s DecisionModule:AddNetworkToList(): Network detected
178s DeviceModule:MoveRandom(): New position: (28, 112)
178s DecisionModule:RemoveNetworkFromList(): Network: 1 out of range!
179s DeviceModule:MoveRandom(): New position: (28, 109)
179s DecisionModule:AddNetworkToList(): Network detected
180s DecisionModule:Run(): Run decision
180s DecisionModule:AnalyzingNetworks(): Current Network: 
       [Network #0, Technology = Wifi, Address = 02-06-00:00:00:00:00:02, { DataRate: 80, SignalStrength: 83, AntiFragility: 78}, IQ: 79]
180s DecisionModule:ShowAllNetworks(): All detected networks:
       [Network #0, Technology = Wifi, Address = 02-06-00:00:00:00:00:02, { DataRate: 80, SignalStrength: 83, AntiFragility: 78}, IQ: 79]
       [Network #16, Technology = Wifi, Address = 02-06-00:00:00:00:00:12, { DataRate: 90, SignalStrength: 88, AntiFragility: 64}, IQ: 76]
       [Network #1, Technology = Wifi, Address = 02-06-00:00:00:00:00:03, { DataRate: 47, SignalStrength: 90, AntiFragility: 79}, IQ: 73]
       [Network #13, Technology = Wifi, Address = 02-06-00:00:00:00:00:0f, { DataRate: 78, SignalStrength: 78, AntiFragility: 62}, IQ: 70]
       [Network #6, Technology = Wifi, Address = 02-06-00:00:00:00:00:08, { DataRate: 8, SignalStrength: 73, AntiFragility: 88}, IQ: 64]
       [Network #7, Technology = Wifi, Address = 02-06-00:00:00:00:00:09, { DataRate: 96, SignalStrength: 87, AntiFragility: 12}, IQ: 51]
       [Network #12, Technology = Wifi, Address = 02-06-00:00:00:00:00:0e, { DataRate: 6, SignalStrength: 49, AntiFragility: 64}, IQ: 45]
       [Network #18, Technology = Wimax, Address = 02-06-00:00:00:00:00:15, { DataRate: 70, SignalStrength: 58, AntiFragility: 24}, IQ: 44]
       [Network #3, Technology = Wifi, Address = 02-06-00:00:00:00:00:05, { DataRate: 7, SignalStrength: 55, AntiFragility: 43}, IQ: 37]
       [Network #5, Technology = Wifi, Address = 02-06-00:00:00:00:00:07, { DataRate: 82, SignalStrength: 41, AntiFragility: 4}, IQ: 32]
       [Network #19, Technology = Wimax, Address = 02-06-00:00:00:00:00:16, { DataRate: 37, SignalStrength: 71, AntiFragility: 6}, IQ: 30]
       [Network #14, Technology = Wifi, Address = 02-06-00:00:00:00:00:10, { DataRate: 30, SignalStrength: 38, AntiFragility: 2}, IQ: 18]
180s ExecutionModule:Run(): Decision time => Seconds: 0, Miliseconds: 225
180s ExecutionModule:Run(): Handover time => Seconds: 0, Miliseconds: 125
180s ExecutionModule:Run(): Event: Horizontal Handover.
180s DeviceModule:MoveRandom(): New position: (31, 109)
181s DeviceModule:MoveRandom(): New position: (31, 112)
182s DeviceModule:MoveRandom(): New position: (28, 112)
182s DecisionModule:RemoveNetworkFromList(): Network: 1 out of range!
183s DeviceModule:MoveRandom(): New position: (31, 112)
183s DecisionModule:AddNetworkToList(): Network detected
184s DeviceModule:MoveRandom(): New position: (31, 115)
184s DecisionModule:RemoveNetworkFromList(): Network: 1 out of range!
185s DeviceModule:MoveRandom(): New position: (31, 118)
186s DeviceModule:MoveRandom(): New position: (31, 121)
186s DecisionModule:RemoveNetworkFromList(): Network: 18 out of range!
187s DeviceModule:MoveRandom(): New position: (28, 121)
188s DeviceModule:MoveRandom(): New position: (25, 121)
188s DecisionModule:RemoveNetworkFromList(): Network: 12 out of range!
189s DeviceModule:MoveRandom(): New position: (28, 121)
189s DecisionModule:AddNetworkToList(): Network detected
190s DecisionModule:Run(): Run decision
190s DecisionModule:AnalyzingNetworks(): Current Network: 
       [Network #7, Technology = Wifi, Address = 02-06-00:00:00:00:00:09, { DataRate: 74, SignalStrength: 69, AntiFragility: 85}, IQ: 78]
190s DecisionModule:ShowAllNetworks(): All detected networks:
       [Network #7, Technology = Wifi, Address = 02-06-00:00:00:00:00:09, { DataRate: 74, SignalStrength: 69, AntiFragility: 85}, IQ: 78]
       [Network #0, Technology = Wifi, Address = 02-06-00:00:00:00:00:02, { DataRate: 87, SignalStrength: 27, AntiFragility: 68}, IQ: 62]
       [Network #16, Technology = Wifi, Address = 02-06-00:00:00:00:00:12, { DataRate: 57, SignalStrength: 79, AntiFragility: 49}, IQ: 58]
       [Network #5, Technology = Wifi, Address = 02-06-00:00:00:00:00:07, { DataRate: 81, SignalStrength: 7, AntiFragility: 72}, IQ: 58]
       [Network #6, Technology = Wifi, Address = 02-06-00:00:00:00:00:08, { DataRate: 39, SignalStrength: 90, AntiFragility: 44}, IQ: 54]
       [Network #12, Technology = Wifi, Address = 02-06-00:00:00:00:00:0e, { DataRate: 49, SignalStrength: 52, AntiFragility: 48}, IQ: 49]
       [Network #14, Technology = Wifi, Address = 02-06-00:00:00:00:00:10, { DataRate: 15, SignalStrength: 6, AntiFragility: 76}, IQ: 43]
       [Network #19, Technology = Wimax, Address = 02-06-00:00:00:00:00:16, { DataRate: 40, SignalStrength: 71, AntiFragility: 29}, IQ: 42]
       [Network #13, Technology = Wifi, Address = 02-06-00:00:00:00:00:0f, { DataRate: 53, SignalStrength: 25, AntiFragility: 33}, IQ: 36]
       [Network #3, Technology = Wifi, Address = 02-06-00:00:00:00:00:05, { DataRate: 16, SignalStrength: 51, AntiFragility: 26}, IQ: 29]
190s ExecutionModule:Run(): Decision time => Seconds: 0, Miliseconds: 266
190s ExecutionModule:Run(): Handover time => Seconds: 0, Miliseconds: 139
190s ExecutionModule:Run(): Event: Horizontal Handover.
190s DeviceModule:MoveRandom(): New position: (28, 118)
190s DecisionModule:AddNetworkToList(): Network detected
191s DeviceModule:MoveRandom(): New position: (25, 118)
191s DecisionModule:RemoveNetworkFromList(): Network: 18 out of range!
192s DeviceModule:MoveRandom(): New position: (28, 118)
192s DecisionModule:AddNetworkToList(): Network detected
193s DeviceModule:MoveRandom(): New position: (28, 121)
193s DecisionModule:RemoveNetworkFromList(): Network: 18 out of range!
194s DeviceModule:MoveRandom(): New position: (31, 121)
195s DeviceModule:MoveRandom(): New position: (28, 121)
196s DeviceModule:MoveRandom(): New position: (25, 121)
196s DecisionModule:RemoveNetworkFromList(): Network: 12 out of range!
197s DeviceModule:MoveRandom(): New position: (25, 118)
197s DecisionModule:AddNetworkToList(): Network detected
198s DeviceModule:MoveRandom(): New position: (25, 115)
198s DecisionModule:AddNetworkToList(): Network detected
199s DeviceModule:MoveRandom(): New position: (25, 118)
199s DecisionModule:RemoveNetworkFromList(): Network: 18 out of range!
