Waf: Entering directory `/home/renan/Documents/NR2/ns-allinone-3.20/ns-3.20/build'
Waf: Leaving directory `/home/renan/Documents/NR2/ns-allinone-3.20/ns-3.20/build'
'build' finished successfully (1.799s)
0s NetworkModule:SetPosition(): Network 0 set position => (122, 75)
0s NetworkModule:SetRange(): Network 0 set range => 100
0s NetworkModule:SetPosition(): Network 1 set position => (35, 76)
0s NetworkModule:SetRange(): Network 1 set range => 100
0s NetworkModule:SetPosition(): Network 2 set position => (137, 149)
0s NetworkModule:SetRange(): Network 2 set range => 100
0s NetworkModule:SetPosition(): Network 3 set position => (82, 123)
0s NetworkModule:SetRange(): Network 3 set range => 100
0s NetworkModule:SetPosition(): Network 4 set position => (186, 140)
0s NetworkModule:SetRange(): Network 4 set range => 100
0s NetworkModule:SetPosition(): Network 5 set position => (139, 160)
0s NetworkModule:SetRange(): Network 5 set range => 100
0s NetworkModule:SetPosition(): Network 6 set position => (18, 127)
0s NetworkModule:SetRange(): Network 6 set range => 100
0s NetworkModule:SetPosition(): Network 7 set position => (191, 93)
0s NetworkModule:SetRange(): Network 7 set range => 100
0s NetworkModule:SetPosition(): Network 8 set position => (193, 66)
0s NetworkModule:SetRange(): Network 8 set range => 100
0s NetworkModule:SetPosition(): Network 9 set position => (45, 196)
0s NetworkModule:SetRange(): Network 9 set range => 100
0s NetworkModule:SetPosition(): Network 10 set position => (86, 141)
0s NetworkModule:SetRange(): Network 10 set range => 100
0s NetworkModule:SetPosition(): Network 11 set position => (18, 116)
0s NetworkModule:SetRange(): Network 11 set range => 100
0s NetworkModule:SetPosition(): Network 12 set position => (32, 197)
0s NetworkModule:SetRange(): Network 12 set range => 100
0s NetworkModule:SetPosition(): Network 13 set position => (108, 58)
0s NetworkModule:SetRange(): Network 13 set range => 100
0s NetworkModule:SetPosition(): Network 14 set position => (77, 103)
0s NetworkModule:SetRange(): Network 14 set range => 100
0s NetworkModule:SetPosition(): Network 15 set position => (178, 165)
0s NetworkModule:SetRange(): Network 15 set range => 100
0s NetworkModule:SetPosition(): Network 16 set position => (41, 151)
0s NetworkModule:SetRange(): Network 16 set range => 100
0s NetworkModule:SetPosition(): Network 17 set position => (100, 166)
0s NetworkModule:SetRange(): Network 17 set range => 100
0s NetworkModule:SetPosition(): Network 18 set position => (41, 131)
0s NetworkModule:SetRange(): Network 18 set range => 100
0s NetworkModule:SetPosition(): Network 19 set position => (71, 135)
0s NetworkModule:SetRange(): Network 19 set range => 100
0s DeviceModule:ConfigureMobility(): Device [init x = 100, init y = 100, max = 200, velocity = 3]
1s DeviceModule:MoveRandom(): New position: (100, 97)
1s DecisionModule:AddNetworkToList(): Network detected
1s DecisionModule:AddNetworkToList(): Network detected
1s DecisionModule:AddNetworkToList(): Network detected
1s DecisionModule:AddNetworkToList(): Network detected
1s DecisionModule:AddNetworkToList(): Network detected
1s DecisionModule:AddNetworkToList(): Network detected
1s DecisionModule:AddNetworkToList(): Network detected
1s DecisionModule:AddNetworkToList(): Network detected
1s DecisionModule:AddNetworkToList(): Network detected
1s DecisionModule:AddNetworkToList(): Network detected
1s DecisionModule:AddNetworkToList(): Network detected
1s DecisionModule:AddNetworkToList(): Network detected
1s DecisionModule:AddNetworkToList(): Network detected
1s DecisionModule:AddNetworkToList(): Network detected
1s DecisionModule:AddNetworkToList(): Network detected
1s DecisionModule:AddNetworkToList(): Network detected
1s DecisionModule:AddNetworkToList(): Network detected
2s DeviceModule:MoveRandom(): New position: (100, 100)
3s DeviceModule:MoveRandom(): New position: (103, 100)
3s DecisionModule:AddNetworkToList(): Network detected
4s DeviceModule:MoveRandom(): New position: (106, 100)
5s DeviceModule:MoveRandom(): New position: (106, 97)
6s DeviceModule:MoveRandom(): New position: (109, 97)
7s DeviceModule:MoveRandom(): New position: (109, 94)
8s DeviceModule:MoveRandom(): New position: (112, 94)
9s DeviceModule:MoveRandom(): New position: (115, 94)
9s DecisionModule:RemoveNetworkFromList(): Network: 6 out of range!
10s DecisionModule:Run(): Run decision
10s DecisionModule:AnalyzingNetworks(): Current Network: 
       [Network #3, Technology = Wifi, Address = 02-06-00:00:00:00:00:05, { DataRate: 78, SignalStrength: 83, AntiFragility: 89}, IQ: 84]
10s DecisionModule:ShowAllNetworks(): All detected networks:
       [Network #3, Technology = Wifi, Address = 02-06-00:00:00:00:00:05, { DataRate: 78, SignalStrength: 83, AntiFragility: 89}, IQ: 84]
       [Network #19, Technology = Wimax, Address = 02-06-00:00:00:00:00:16, { DataRate: 82, SignalStrength: 80, AntiFragility: 82}, IQ: 81]
       [Network #17, Technology = Wifi, Address = 02-06-00:00:00:00:00:13, { DataRate: 84, SignalStrength: 40, AntiFragility: 67}, IQ: 64]
       [Network #14, Technology = Wifi, Address = 02-06-00:00:00:00:00:10, { DataRate: 53, SignalStrength: 74, AntiFragility: 58}, IQ: 60]
       [Network #13, Technology = Wifi, Address = 02-06-00:00:00:00:00:0f, { DataRate: 90, SignalStrength: 38, AntiFragility: 47}, IQ: 55]
       [Network #2, Technology = Wifi, Address = 02-06-00:00:00:00:00:04, { DataRate: 63, SignalStrength: 35, AntiFragility: 58}, IQ: 53]
       [Network #10, Technology = Wifi, Address = 02-06-00:00:00:00:00:0c, { DataRate: 23, SignalStrength: 31, AntiFragility: 77}, IQ: 52]
       [Network #5, Technology = Wifi, Address = 02-06-00:00:00:00:00:07, { DataRate: 10, SignalStrength: 67, AntiFragility: 62}, IQ: 50]
       [Network #8, Technology = Wifi, Address = 02-06-00:00:00:00:00:0a, { DataRate: 82, SignalStrength: 42, AntiFragility: 20}, IQ: 41]
       [Network #4, Technology = Wifi, Address = 02-06-00:00:00:00:00:06, { DataRate: 67, SignalStrength: 27, AntiFragility: 31}, IQ: 39]
       [Network #16, Technology = Wifi, Address = 02-06-00:00:00:00:00:12, { DataRate: 6, SignalStrength: 57, AntiFragility: 47}, IQ: 39]
       [Network #1, Technology = Wifi, Address = 02-06-00:00:00:00:00:03, { DataRate: 39, SignalStrength: 76, AntiFragility: 21}, IQ: 39]
       [Network #0, Technology = Wifi, Address = 02-06-00:00:00:00:00:02, { DataRate: 27, SignalStrength: 27, AntiFragility: 48}, IQ: 37]
       [Network #15, Technology = Wifi, Address = 02-06-00:00:00:00:00:11, { DataRate: 1, SignalStrength: 88, AntiFragility: 25}, IQ: 34]
       [Network #7, Technology = Wifi, Address = 02-06-00:00:00:00:00:09, { DataRate: 19, SignalStrength: 41, AntiFragility: 36}, IQ: 33]
       [Network #18, Technology = Wimax, Address = 02-06-00:00:00:00:00:15, { DataRate: 63, SignalStrength: 2, AntiFragility: 29}, IQ: 30]
       [Network #11, Technology = Wifi, Address = 02-06-00:00:00:00:00:0d, { DataRate: 50, SignalStrength: 10, AntiFragility: 26}, IQ: 28]
10s DeviceModule:MoveRandom(): New position: (115, 97)
11s DeviceModule:MoveRandom(): New position: (115, 94)
12s DeviceModule:MoveRandom(): New position: (115, 97)
13s DeviceModule:MoveRandom(): New position: (118, 97)
13s DecisionModule:RemoveNetworkFromList(): Network: 11 out of range!
14s DeviceModule:MoveRandom(): New position: (118, 100)
15s DeviceModule:MoveRandom(): New position: (118, 103)
15s DecisionModule:AddNetworkToList(): Network detected
16s DeviceModule:MoveRandom(): New position: (115, 103)
16s DecisionModule:AddNetworkToList(): Network detected
17s DeviceModule:MoveRandom(): New position: (115, 100)
18s DeviceModule:MoveRandom(): New position: (112, 100)
19s DeviceModule:MoveRandom(): New position: (115, 100)
20s DecisionModule:Run(): Run decision
20s DecisionModule:AnalyzingNetworks(): Current Network: 
       [Network #6, Technology = Wifi, Address = 02-06-00:00:00:00:00:08, { DataRate: 90, SignalStrength: 73, AntiFragility: 95}, IQ: 88]
20s DecisionModule:ShowAllNetworks(): All detected networks:
       [Network #6, Technology = Wifi, Address = 02-06-00:00:00:00:00:08, { DataRate: 90, SignalStrength: 73, AntiFragility: 95}, IQ: 88]
       [Network #13, Technology = Wifi, Address = 02-06-00:00:00:00:00:0f, { DataRate: 80, SignalStrength: 55, AntiFragility: 90}, IQ: 78]
       [Network #1, Technology = Wifi, Address = 02-06-00:00:00:00:00:03, { DataRate: 63, SignalStrength: 86, AntiFragility: 81}, IQ: 77]
       [Network #4, Technology = Wifi, Address = 02-06-00:00:00:00:00:06, { DataRate: 21, SignalStrength: 99, AntiFragility: 88}, IQ: 74]
       [Network #0, Technology = Wifi, Address = 02-06-00:00:00:00:00:02, { DataRate: 73, SignalStrength: 44, AntiFragility: 82}, IQ: 70]
       [Network #14, Technology = Wifi, Address = 02-06-00:00:00:00:00:10, { DataRate: 16, SignalStrength: 90, AntiFragility: 86}, IQ: 69]
       [Network #8, Technology = Wifi, Address = 02-06-00:00:00:00:00:0a, { DataRate: 48, SignalStrength: 55, AntiFragility: 77}, IQ: 64]
       [Network #10, Technology = Wifi, Address = 02-06-00:00:00:00:00:0c, { DataRate: 74, SignalStrength: 54, AntiFragility: 62}, IQ: 63]
       [Network #5, Technology = Wifi, Address = 02-06-00:00:00:00:00:07, { DataRate: 82, SignalStrength: 68, AntiFragility: 42}, IQ: 58]
       [Network #2, Technology = Wifi, Address = 02-06-00:00:00:00:00:04, { DataRate: 4, SignalStrength: 45, AntiFragility: 92}, IQ: 58]
       [Network #17, Technology = Wifi, Address = 02-06-00:00:00:00:00:13, { DataRate: 49, SignalStrength: 67, AntiFragility: 57}, IQ: 57]
       [Network #18, Technology = Wimax, Address = 02-06-00:00:00:00:00:15, { DataRate: 38, SignalStrength: 17, AntiFragility: 87}, IQ: 57]
       [Network #15, Technology = Wifi, Address = 02-06-00:00:00:00:00:11, { DataRate: 40, SignalStrength: 82, AntiFragility: 51}, IQ: 56]
       [Network #7, Technology = Wifi, Address = 02-06-00:00:00:00:00:09, { DataRate: 83, SignalStrength: 73, AntiFragility: 31}, IQ: 54]
       [Network #19, Technology = Wimax, Address = 02-06-00:00:00:00:00:16, { DataRate: 10, SignalStrength: 58, AntiFragility: 67}, IQ: 50]
       [Network #16, Technology = Wifi, Address = 02-06-00:00:00:00:00:12, { DataRate: 54, SignalStrength: 67, AntiFragility: 19}, IQ: 39]
       [Network #11, Technology = Wifi, Address = 02-06-00:00:00:00:00:0d, { DataRate: 36, SignalStrength: 79, AntiFragility: 13}, IQ: 35]
       [Network #3, Technology = Wifi, Address = 02-06-00:00:00:00:00:05, { DataRate: 31, SignalStrength: 9, AntiFragility: 16}, IQ: 18]
20s ExecutionModule:Run(): Decision time => Seconds: 0, Miliseconds: 284
20s ExecutionModule:Run(): Handover time => Seconds: 0, Miliseconds: 176
20s ExecutionModule:Run(): Event: Horizontal Handover.
20s DeviceModule:MoveRandom(): New position: (115, 103)
21s DeviceModule:MoveRandom(): New position: (115, 106)
22s DeviceModule:MoveRandom(): New position: (115, 109)
23s DeviceModule:MoveRandom(): New position: (115, 106)
24s DeviceModule:MoveRandom(): New position: (112, 106)
25s DeviceModule:MoveRandom(): New position: (112, 109)
26s DeviceModule:MoveRandom(): New position: (115, 109)
27s DeviceModule:MoveRandom(): New position: (115, 112)
28s DeviceModule:MoveRandom(): New position: (115, 115)
29s DeviceModule:MoveRandom(): New position: (115, 112)
30s DecisionModule:Run(): Run decision
30s DecisionModule:AnalyzingNetworks(): Current Network: 
       [Network #7, Technology = Wifi, Address = 02-06-00:00:00:00:00:09, { DataRate: 23, SignalStrength: 86, AntiFragility: 69}, IQ: 61]
30s DecisionModule:ShowAllNetworks(): All detected networks:
       [Network #7, Technology = Wifi, Address = 02-06-00:00:00:00:00:09, { DataRate: 23, SignalStrength: 86, AntiFragility: 69}, IQ: 61]
       [Network #16, Technology = Wifi, Address = 02-06-00:00:00:00:00:12, { DataRate: 99, SignalStrength: 36, AntiFragility: 53}, IQ: 60]
       [Network #13, Technology = Wifi, Address = 02-06-00:00:00:00:00:0f, { DataRate: 51, SignalStrength: 77, AntiFragility: 53}, IQ: 58]
       [Network #17, Technology = Wifi, Address = 02-06-00:00:00:00:00:13, { DataRate: 19, SignalStrength: 90, AntiFragility: 58}, IQ: 56]
       [Network #1, Technology = Wifi, Address = 02-06-00:00:00:00:00:03, { DataRate: 51, SignalStrength: 16, AntiFragility: 79}, IQ: 56]
       [Network #8, Technology = Wifi, Address = 02-06-00:00:00:00:00:0a, { DataRate: 22, SignalStrength: 99, AntiFragility: 40}, IQ: 50]
       [Network #11, Technology = Wifi, Address = 02-06-00:00:00:00:00:0d, { DataRate: 68, SignalStrength: 76, AntiFragility: 28}, IQ: 50]
       [Network #19, Technology = Wimax, Address = 02-06-00:00:00:00:00:16, { DataRate: 8, SignalStrength: 92, AntiFragility: 41}, IQ: 45]
       [Network #10, Technology = Wifi, Address = 02-06-00:00:00:00:00:0c, { DataRate: 51, SignalStrength: 11, AntiFragility: 57}, IQ: 44]
       [Network #14, Technology = Wifi, Address = 02-06-00:00:00:00:00:10, { DataRate: 12, SignalStrength: 69, AntiFragility: 44}, IQ: 42]
       [Network #0, Technology = Wifi, Address = 02-06-00:00:00:00:00:02, { DataRate: 20, SignalStrength: 38, AntiFragility: 54}, IQ: 41]
       [Network #3, Technology = Wifi, Address = 02-06-00:00:00:00:00:05, { DataRate: 19, SignalStrength: 85, AntiFragility: 31}, IQ: 41]
       [Network #6, Technology = Wifi, Address = 02-06-00:00:00:00:00:08, { DataRate: 78, SignalStrength: 58, AntiFragility: 12}, IQ: 40]
       [Network #4, Technology = Wifi, Address = 02-06-00:00:00:00:00:06, { DataRate: 56, SignalStrength: 85, AntiFragility: 11}, IQ: 40]
       [Network #18, Technology = Wimax, Address = 02-06-00:00:00:00:00:15, { DataRate: 77, SignalStrength: 43, AntiFragility: 9}, IQ: 34]
       [Network #5, Technology = Wifi, Address = 02-06-00:00:00:00:00:07, { DataRate: 23, SignalStrength: 11, AntiFragility: 49}, IQ: 33]
       [Network #15, Technology = Wifi, Address = 02-06-00:00:00:00:00:11, { DataRate: 54, SignalStrength: 22, AntiFragility: 13}, IQ: 25]
       [Network #2, Technology = Wifi, Address = 02-06-00:00:00:00:00:04, { DataRate: 12, SignalStrength: 26, AntiFragility: 28}, IQ: 23]
30s ExecutionModule:Run(): Decision time => Seconds: 0, Miliseconds: 285
30s ExecutionModule:Run(): Handover time => Seconds: 0, Miliseconds: 336
30s ExecutionModule:Run(): Event: Horizontal Handover.
30s DeviceModule:MoveRandom(): New position: (112, 112)
31s DeviceModule:MoveRandom(): New position: (112, 115)
32s DeviceModule:MoveRandom(): New position: (109, 115)
33s DeviceModule:MoveRandom(): New position: (109, 118)
33s DecisionModule:AddNetworkToList(): Network detected
34s DeviceModule:MoveRandom(): New position: (106, 118)
34s DecisionModule:RemoveNetworkFromList(): Network: 8 out of range!
35s DeviceModule:MoveRandom(): New position: (103, 118)
36s DeviceModule:MoveRandom(): New position: (100, 118)
37s DeviceModule:MoveRandom(): New position: (97, 118)
38s DeviceModule:MoveRandom(): New position: (100, 118)
39s DeviceModule:MoveRandom(): New position: (100, 115)
40s DecisionModule:Run(): Run decision
40s DecisionModule:AnalyzingNetworks(): Current Network: 
       [Network #15, Technology = Wifi, Address = 02-06-00:00:00:00:00:11, { DataRate: 67, SignalStrength: 69, AntiFragility: 95}, IQ: 81]
40s DecisionModule:ShowAllNetworks(): All detected networks:
       [Network #15, Technology = Wifi, Address = 02-06-00:00:00:00:00:11, { DataRate: 67, SignalStrength: 69, AntiFragility: 95}, IQ: 81]
       [Network #6, Technology = Wifi, Address = 02-06-00:00:00:00:00:08, { DataRate: 41, SignalStrength: 73, AntiFragility: 94}, IQ: 75]
       [Network #13, Technology = Wifi, Address = 02-06-00:00:00:00:00:0f, { DataRate: 67, SignalStrength: 88, AntiFragility: 71}, IQ: 74]
       [Network #10, Technology = Wifi, Address = 02-06-00:00:00:00:00:0c, { DataRate: 66, SignalStrength: 63, AntiFragility: 67}, IQ: 65]
       [Network #18, Technology = Wimax, Address = 02-06-00:00:00:00:00:15, { DataRate: 40, SignalStrength: 81, AntiFragility: 70}, IQ: 65]
       [Network #17, Technology = Wifi, Address = 02-06-00:00:00:00:00:13, { DataRate: 63, SignalStrength: 11, AntiFragility: 76}, IQ: 56]
       [Network #5, Technology = Wifi, Address = 02-06-00:00:00:00:00:07, { DataRate: 52, SignalStrength: 38, AntiFragility: 62}, IQ: 53]
       [Network #11, Technology = Wifi, Address = 02-06-00:00:00:00:00:0d, { DataRate: 32, SignalStrength: 93, AntiFragility: 31}, IQ: 46]
       [Network #3, Technology = Wifi, Address = 02-06-00:00:00:00:00:05, { DataRate: 81, SignalStrength: 50, AntiFragility: 26}, IQ: 45]
       [Network #1, Technology = Wifi, Address = 02-06-00:00:00:00:00:03, { DataRate: 60, SignalStrength: 59, AntiFragility: 32}, IQ: 45]
       [Network #7, Technology = Wifi, Address = 02-06-00:00:00:00:00:09, { DataRate: 92, SignalStrength: 23, AntiFragility: 27}, IQ: 42]
       [Network #14, Technology = Wifi, Address = 02-06-00:00:00:00:00:10, { DataRate: 49, SignalStrength: 27, AntiFragility: 42}, IQ: 40]
       [Network #2, Technology = Wifi, Address = 02-06-00:00:00:00:00:04, { DataRate: 60, SignalStrength: 24, AntiFragility: 29}, IQ: 35]
       [Network #16, Technology = Wifi, Address = 02-06-00:00:00:00:00:12, { DataRate: 40, SignalStrength: 7, AntiFragility: 44}, IQ: 33]
       [Network #0, Technology = Wifi, Address = 02-06-00:00:00:00:00:02, { DataRate: 6, SignalStrength: 54, AntiFragility: 34}, IQ: 32]
       [Network #9, Technology = Wifi, Address = 02-06-00:00:00:00:00:0b, { DataRate: 40, SignalStrength: 63, AntiFragility: 5}, IQ: 28]
       [Network #19, Technology = Wimax, Address = 02-06-00:00:00:00:00:16, { DataRate: 82, SignalStrength: 14, AntiFragility: 2}, IQ: 25]
       [Network #4, Technology = Wifi, Address = 02-06-00:00:00:00:00:06, { DataRate: 29, SignalStrength: 49, AntiFragility: 9}, IQ: 24]
40s ExecutionModule:Run(): Decision time => Seconds: 0, Miliseconds: 288
40s ExecutionModule:Run(): Handover time => Seconds: 0, Miliseconds: 120
40s ExecutionModule:Run(): Event: Horizontal Handover.
40s DeviceModule:MoveRandom(): New position: (100, 118)
41s DeviceModule:MoveRandom(): New position: (100, 121)
42s DeviceModule:MoveRandom(): New position: (103, 121)
43s DeviceModule:MoveRandom(): New position: (103, 118)
44s DeviceModule:MoveRandom(): New position: (100, 118)
45s DeviceModule:MoveRandom(): New position: (103, 118)
46s DeviceModule:MoveRandom(): New position: (103, 115)
47s DeviceModule:MoveRandom(): New position: (106, 115)
47s DecisionModule:AddNetworkToList(): Network detected
47s DecisionModule:RemoveNetworkFromList(): Network: 9 out of range!
48s DeviceModule:MoveRandom(): New position: (106, 112)
49s DeviceModule:MoveRandom(): New position: (103, 112)
49s DecisionModule:RemoveNetworkFromList(): Network: 8 out of range!
50s DecisionModule:Run(): Run decision
50s DecisionModule:AnalyzingNetworks(): Current Network: 
       [Network #3, Technology = Wifi, Address = 02-06-00:00:00:00:00:05, { DataRate: 89, SignalStrength: 23, AntiFragility: 98}, IQ: 77]
50s DecisionModule:ShowAllNetworks(): All detected networks:
       [Network #3, Technology = Wifi, Address = 02-06-00:00:00:00:00:05, { DataRate: 89, SignalStrength: 23, AntiFragility: 98}, IQ: 77]
       [Network #10, Technology = Wifi, Address = 02-06-00:00:00:00:00:0c, { DataRate: 35, SignalStrength: 9, AntiFragility: 97}, IQ: 59]
       [Network #18, Technology = Wimax, Address = 02-06-00:00:00:00:00:15, { DataRate: 33, SignalStrength: 99, AntiFragility: 51}, IQ: 58]
       [Network #5, Technology = Wifi, Address = 02-06-00:00:00:00:00:07, { DataRate: 70, SignalStrength: 60, AntiFragility: 46}, IQ: 55]
       [Network #13, Technology = Wifi, Address = 02-06-00:00:00:00:00:0f, { DataRate: 85, SignalStrength: 68, AntiFragility: 29}, IQ: 52]
       [Network #11, Technology = Wifi, Address = 02-06-00:00:00:00:00:0d, { DataRate: 9, SignalStrength: 1, AntiFragility: 93}, IQ: 49]
       [Network #15, Technology = Wifi, Address = 02-06-00:00:00:00:00:11, { DataRate: 50, SignalStrength: 23, AntiFragility: 54}, IQ: 45]
       [Network #1, Technology = Wifi, Address = 02-06-00:00:00:00:00:03, { DataRate: 29, SignalStrength: 98, AntiFragility: 23}, IQ: 43]
       [Network #16, Technology = Wifi, Address = 02-06-00:00:00:00:00:12, { DataRate: 3, SignalStrength: 89, AntiFragility: 40}, IQ: 43]
       [Network #19, Technology = Wimax, Address = 02-06-00:00:00:00:00:16, { DataRate: 47, SignalStrength: 98, AntiFragility: 10}, IQ: 41]
       [Network #14, Technology = Wifi, Address = 02-06-00:00:00:00:00:10, { DataRate: 12, SignalStrength: 11, AntiFragility: 67}, IQ: 39]
       [Network #2, Technology = Wifi, Address = 02-06-00:00:00:00:00:04, { DataRate: 35, SignalStrength: 92, AntiFragility: 4}, IQ: 33]
       [Network #17, Technology = Wifi, Address = 02-06-00:00:00:00:00:13, { DataRate: 15, SignalStrength: 83, AntiFragility: 7}, IQ: 28]
       [Network #0, Technology = Wifi, Address = 02-06-00:00:00:00:00:02, { DataRate: 12, SignalStrength: 40, AntiFragility: 25}, IQ: 25]
       [Network #7, Technology = Wifi, Address = 02-06-00:00:00:00:00:09, { DataRate: 37, SignalStrength: 4, AntiFragility: 26}, IQ: 23]
       [Network #4, Technology = Wifi, Address = 02-06-00:00:00:00:00:06, { DataRate: 7, SignalStrength: 43, AntiFragility: 19}, IQ: 22]
       [Network #6, Technology = Wifi, Address = 02-06-00:00:00:00:00:08, { DataRate: 41, SignalStrength: 23, AntiFragility: 6}, IQ: 19]
50s ExecutionModule:Run(): Decision time => Seconds: 0, Miliseconds: 388
50s ExecutionModule:Run(): Handover time => Seconds: 0, Miliseconds: 145
50s ExecutionModule:Run(): Event: Horizontal Handover.
50s DeviceModule:MoveRandom(): New position: (103, 115)
50s DecisionModule:AddNetworkToList(): Network detected
51s DeviceModule:MoveRandom(): New position: (103, 112)
51s DecisionModule:RemoveNetworkFromList(): Network: 9 out of range!
52s DeviceModule:MoveRandom(): New position: (103, 109)
52s DecisionModule:AddNetworkToList(): Network detected
53s DeviceModule:MoveRandom(): New position: (106, 109)
54s DeviceModule:MoveRandom(): New position: (106, 106)
55s DeviceModule:MoveRandom(): New position: (103, 106)
56s DeviceModule:MoveRandom(): New position: (103, 109)
57s DeviceModule:MoveRandom(): New position: (103, 106)
58s DeviceModule:MoveRandom(): New position: (103, 103)
59s DeviceModule:MoveRandom(): New position: (103, 106)
60s DecisionModule:Run(): Run decision
60s DecisionModule:AnalyzingNetworks(): Current Network: 
       [Network #18, Technology = Wimax, Address = 02-06-00:00:00:00:00:15, { DataRate: 84, SignalStrength: 75, AntiFragility: 65}, IQ: 72]
60s DecisionModule:ShowAllNetworks(): All detected networks:
       [Network #18, Technology = Wimax, Address = 02-06-00:00:00:00:00:15, { DataRate: 84, SignalStrength: 75, AntiFragility: 65}, IQ: 72]
       [Network #8, Technology = Wifi, Address = 02-06-00:00:00:00:00:0a, { DataRate: 51, SignalStrength: 69, AntiFragility: 85}, IQ: 72]
       [Network #5, Technology = Wifi, Address = 02-06-00:00:00:00:00:07, { DataRate: 37, SignalStrength: 76, AntiFragility: 83}, IQ: 69]
       [Network #4, Technology = Wifi, Address = 02-06-00:00:00:00:00:06, { DataRate: 38, SignalStrength: 52, AntiFragility: 81}, IQ: 63]
       [Network #16, Technology = Wifi, Address = 02-06-00:00:00:00:00:12, { DataRate: 12, SignalStrength: 55, AntiFragility: 80}, IQ: 56]
       [Network #13, Technology = Wifi, Address = 02-06-00:00:00:00:00:0f, { DataRate: 19, SignalStrength: 78, AntiFragility: 62}, IQ: 55]
       [Network #2, Technology = Wifi, Address = 02-06-00:00:00:00:00:04, { DataRate: 60, SignalStrength: 7, AntiFragility: 73}, IQ: 53]
       [Network #3, Technology = Wifi, Address = 02-06-00:00:00:00:00:05, { DataRate: 32, SignalStrength: 34, AntiFragility: 74}, IQ: 53]
       [Network #10, Technology = Wifi, Address = 02-06-00:00:00:00:00:0c, { DataRate: 82, SignalStrength: 92, AntiFragility: 9}, IQ: 48]
       [Network #11, Technology = Wifi, Address = 02-06-00:00:00:00:00:0d, { DataRate: 10, SignalStrength: 97, AntiFragility: 31}, IQ: 42]
       [Network #15, Technology = Wifi, Address = 02-06-00:00:00:00:00:11, { DataRate: 33, SignalStrength: 64, AntiFragility: 29}, IQ: 38]
       [Network #14, Technology = Wifi, Address = 02-06-00:00:00:00:00:10, { DataRate: 25, SignalStrength: 46, AntiFragility: 39}, IQ: 37]
       [Network #6, Technology = Wifi, Address = 02-06-00:00:00:00:00:08, { DataRate: 87, SignalStrength: 34, AntiFragility: 14}, IQ: 37]
       [Network #17, Technology = Wifi, Address = 02-06-00:00:00:00:00:13, { DataRate: 4, SignalStrength: 24, AntiFragility: 58}, IQ: 36]
       [Network #19, Technology = Wimax, Address = 02-06-00:00:00:00:00:16, { DataRate: 51, SignalStrength: 72, AntiFragility: 7}, IQ: 34]
       [Network #0, Technology = Wifi, Address = 02-06-00:00:00:00:00:02, { DataRate: 31, SignalStrength: 7, AntiFragility: 47}, IQ: 33]
       [Network #7, Technology = Wifi, Address = 02-06-00:00:00:00:00:09, { DataRate: 59, SignalStrength: 21, AntiFragility: 19}, IQ: 29]
       [Network #1, Technology = Wifi, Address = 02-06-00:00:00:00:00:03, { DataRate: 18, SignalStrength: 23, AntiFragility: 35}, IQ: 27]
60s ExecutionModule:Run(): Decision time => Seconds: 0, Miliseconds: 286
60s ExecutionModule:Run(): Handover time => Seconds: 0, Miliseconds: 44
60s ExecutionModule:Run(): Event: Vertical Handover.
60s DeviceModule:MoveRandom(): New position: (103, 109)
61s DeviceModule:MoveRandom(): New position: (103, 106)
62s DeviceModule:MoveRandom(): New position: (100, 106)
62s DecisionModule:RemoveNetworkFromList(): Network: 8 out of range!
63s DeviceModule:MoveRandom(): New position: (97, 106)
64s DeviceModule:MoveRandom(): New position: (97, 109)
65s DeviceModule:MoveRandom(): New position: (97, 106)
66s DeviceModule:MoveRandom(): New position: (97, 103)
66s DecisionModule:RemoveNetworkFromList(): Network: 15 out of range!
67s DeviceModule:MoveRandom(): New position: (97, 106)
67s DecisionModule:AddNetworkToList(): Network detected
68s DeviceModule:MoveRandom(): New position: (97, 109)
69s DeviceModule:MoveRandom(): New position: (100, 109)
70s DecisionModule:Run(): Run decision
70s DecisionModule:AnalyzingNetworks(): Current Network: 
       [Network #19, Technology = Wimax, Address = 02-06-00:00:00:00:00:16, { DataRate: 82, SignalStrength: 69, AntiFragility: 95}, IQ: 85]
70s DecisionModule:ShowAllNetworks(): All detected networks:
       [Network #19, Technology = Wimax, Address = 02-06-00:00:00:00:00:16, { DataRate: 82, SignalStrength: 69, AntiFragility: 95}, IQ: 85]
       [Network #7, Technology = Wifi, Address = 02-06-00:00:00:00:00:09, { DataRate: 73, SignalStrength: 82, AntiFragility: 85}, IQ: 81]
       [Network #10, Technology = Wifi, Address = 02-06-00:00:00:00:00:0c, { DataRate: 91, SignalStrength: 93, AntiFragility: 69}, IQ: 80]
       [Network #18, Technology = Wimax, Address = 02-06-00:00:00:00:00:15, { DataRate: 82, SignalStrength: 66, AntiFragility: 69}, IQ: 71]
       [Network #1, Technology = Wifi, Address = 02-06-00:00:00:00:00:03, { DataRate: 46, SignalStrength: 52, AntiFragility: 85}, IQ: 67]
       [Network #3, Technology = Wifi, Address = 02-06-00:00:00:00:00:05, { DataRate: 25, SignalStrength: 92, AntiFragility: 73}, IQ: 65]
       [Network #4, Technology = Wifi, Address = 02-06-00:00:00:00:00:06, { DataRate: 34, SignalStrength: 90, AntiFragility: 66}, IQ: 64]
       [Network #13, Technology = Wifi, Address = 02-06-00:00:00:00:00:0f, { DataRate: 72, SignalStrength: 37, AntiFragility: 52}, IQ: 53]
       [Network #5, Technology = Wifi, Address = 02-06-00:00:00:00:00:07, { DataRate: 68, SignalStrength: 36, AntiFragility: 51}, IQ: 51]
       [Network #6, Technology = Wifi, Address = 02-06-00:00:00:00:00:08, { DataRate: 19, SignalStrength: 23, AntiFragility: 73}, IQ: 47]
       [Network #11, Technology = Wifi, Address = 02-06-00:00:00:00:00:0d, { DataRate: 91, SignalStrength: 64, AntiFragility: 16}, IQ: 46]
       [Network #0, Technology = Wifi, Address = 02-06-00:00:00:00:00:02, { DataRate: 72, SignalStrength: 74, AntiFragility: 19}, IQ: 46]
       [Network #2, Technology = Wifi, Address = 02-06-00:00:00:00:00:04, { DataRate: 13, SignalStrength: 93, AntiFragility: 32}, IQ: 42]
       [Network #14, Technology = Wifi, Address = 02-06-00:00:00:00:00:10, { DataRate: 19, SignalStrength: 87, AntiFragility: 22}, IQ: 37]
       [Network #16, Technology = Wifi, Address = 02-06-00:00:00:00:00:12, { DataRate: 36, SignalStrength: 38, AntiFragility: 28}, IQ: 32]
       [Network #17, Technology = Wifi, Address = 02-06-00:00:00:00:00:13, { DataRate: 39, SignalStrength: 41, AntiFragility: 7}, IQ: 23]
       [Network #15, Technology = Wifi, Address = 02-06-00:00:00:00:00:11, { DataRate: 9, SignalStrength: 6, AntiFragility: 32}, IQ: 19]
70s ExecutionModule:Run(): Decision time => Seconds: 0, Miliseconds: 278
70s ExecutionModule:Run(): Handover time => Seconds: 0, Miliseconds: 123
70s ExecutionModule:Run(): Event: Horizontal Handover.
70s DeviceModule:MoveRandom(): New position: (103, 109)
70s DecisionModule:AddNetworkToList(): Network detected
71s DeviceModule:MoveRandom(): New position: (106, 109)
72s DeviceModule:MoveRandom(): New position: (103, 109)
73s DeviceModule:MoveRandom(): New position: (106, 109)
74s DeviceModule:MoveRandom(): New position: (103, 109)
75s DeviceModule:MoveRandom(): New position: (106, 109)
76s DeviceModule:MoveRandom(): New position: (106, 106)
77s DeviceModule:MoveRandom(): New position: (106, 103)
78s DeviceModule:MoveRandom(): New position: (109, 103)
79s DeviceModule:MoveRandom(): New position: (112, 103)
80s DecisionModule:Run(): Run decision
80s DecisionModule:AnalyzingNetworks(): Current Network: 
       [Network #0, Technology = Wifi, Address = 02-06-00:00:00:00:00:02, { DataRate: 80, SignalStrength: 84, AntiFragility: 90}, IQ: 86]
80s DecisionModule:ShowAllNetworks(): All detected networks:
       [Network #0, Technology = Wifi, Address = 02-06-00:00:00:00:00:02, { DataRate: 80, SignalStrength: 84, AntiFragility: 90}, IQ: 86]
       [Network #4, Technology = Wifi, Address = 02-06-00:00:00:00:00:06, { DataRate: 85, SignalStrength: 77, AntiFragility: 75}, IQ: 78]
       [Network #15, Technology = Wifi, Address = 02-06-00:00:00:00:00:11, { DataRate: 43, SignalStrength: 81, AntiFragility: 82}, IQ: 72]
       [Network #14, Technology = Wifi, Address = 02-06-00:00:00:00:00:10, { DataRate: 86, SignalStrength: 67, AntiFragility: 65}, IQ: 70]
       [Network #7, Technology = Wifi, Address = 02-06-00:00:00:00:00:09, { DataRate: 5, SignalStrength: 80, AntiFragility: 95}, IQ: 68]
       [Network #18, Technology = Wimax, Address = 02-06-00:00:00:00:00:15, { DataRate: 4, SignalStrength: 74, AntiFragility: 94}, IQ: 66]
       [Network #16, Technology = Wifi, Address = 02-06-00:00:00:00:00:12, { DataRate: 33, SignalStrength: 66, AntiFragility: 83}, IQ: 66]
       [Network #3, Technology = Wifi, Address = 02-06-00:00:00:00:00:05, { DataRate: 72, SignalStrength: 34, AntiFragility: 71}, IQ: 62]
       [Network #8, Technology = Wifi, Address = 02-06-00:00:00:00:00:0a, { DataRate: 63, SignalStrength: 82, AntiFragility: 40}, IQ: 56]
       [Network #6, Technology = Wifi, Address = 02-06-00:00:00:00:00:08, { DataRate: 64, SignalStrength: 8, AntiFragility: 75}, IQ: 55]
       [Network #1, Technology = Wifi, Address = 02-06-00:00:00:00:00:03, { DataRate: 47, SignalStrength: 98, AntiFragility: 18}, IQ: 45]
       [Network #5, Technology = Wifi, Address = 02-06-00:00:00:00:00:07, { DataRate: 36, SignalStrength: 56, AntiFragility: 43}, IQ: 44]
       [Network #10, Technology = Wifi, Address = 02-06-00:00:00:00:00:0c, { DataRate: 39, SignalStrength: 60, AntiFragility: 34}, IQ: 41]
       [Network #11, Technology = Wifi, Address = 02-06-00:00:00:00:00:0d, { DataRate: 5, SignalStrength: 88, AntiFragility: 33}, IQ: 39]
       [Network #2, Technology = Wifi, Address = 02-06-00:00:00:00:00:04, { DataRate: 30, SignalStrength: 93, AntiFragility: 18}, IQ: 39]
       [Network #17, Technology = Wifi, Address = 02-06-00:00:00:00:00:13, { DataRate: 58, SignalStrength: 52, AntiFragility: 6}, IQ: 30]
       [Network #19, Technology = Wimax, Address = 02-06-00:00:00:00:00:16, { DataRate: 6, SignalStrength: 43, AntiFragility: 28}, IQ: 26]
       [Network #13, Technology = Wifi, Address = 02-06-00:00:00:00:00:0f, { DataRate: 68, SignalStrength: 1, AntiFragility: 6}, IQ: 20]
80s ExecutionModule:Run(): Decision time => Seconds: 0, Miliseconds: 271
80s ExecutionModule:Run(): Handover time => Seconds: 0, Miliseconds: 32
80s ExecutionModule:Run(): Event: Vertical Handover.
80s DeviceModule:MoveRandom(): New position: (112, 100)
81s DeviceModule:MoveRandom(): New position: (109, 100)
82s DeviceModule:MoveRandom(): New position: (106, 100)
83s DeviceModule:MoveRandom(): New position: (106, 103)
84s DeviceModule:MoveRandom(): New position: (106, 106)
85s DeviceModule:MoveRandom(): New position: (109, 106)
86s DeviceModule:MoveRandom(): New position: (109, 103)
87s DeviceModule:MoveRandom(): New position: (109, 106)
88s DeviceModule:MoveRandom(): New position: (109, 103)
89s DeviceModule:MoveRandom(): New position: (106, 103)
90s DecisionModule:Run(): Run decision
90s DecisionModule:AnalyzingNetworks(): Current Network: 
       [Network #14, Technology = Wifi, Address = 02-06-00:00:00:00:00:10, { DataRate: 79, SignalStrength: 90, AntiFragility: 63}, IQ: 73]
90s DecisionModule:ShowAllNetworks(): All detected networks:
       [Network #14, Technology = Wifi, Address = 02-06-00:00:00:00:00:10, { DataRate: 79, SignalStrength: 90, AntiFragility: 63}, IQ: 73]
       [Network #8, Technology = Wifi, Address = 02-06-00:00:00:00:00:0a, { DataRate: 91, SignalStrength: 11, AntiFragility: 89}, IQ: 70]
       [Network #1, Technology = Wifi, Address = 02-06-00:00:00:00:00:03, { DataRate: 40, SignalStrength: 67, AntiFragility: 88}, IQ: 70]
       [Network #0, Technology = Wifi, Address = 02-06-00:00:00:00:00:02, { DataRate: 82, SignalStrength: 99, AntiFragility: 31}, IQ: 60]
       [Network #15, Technology = Wifi, Address = 02-06-00:00:00:00:00:11, { DataRate: 80, SignalStrength: 75, AntiFragility: 43}, IQ: 60]
       [Network #19, Technology = Wimax, Address = 02-06-00:00:00:00:00:16, { DataRate: 18, SignalStrength: 32, AntiFragility: 94}, IQ: 59]
       [Network #6, Technology = Wifi, Address = 02-06-00:00:00:00:00:08, { DataRate: 36, SignalStrength: 83, AntiFragility: 54}, IQ: 56]
       [Network #2, Technology = Wifi, Address = 02-06-00:00:00:00:00:04, { DataRate: 7, SignalStrength: 25, AntiFragility: 94}, IQ: 55]
       [Network #18, Technology = Wimax, Address = 02-06-00:00:00:00:00:15, { DataRate: 12, SignalStrength: 16, AntiFragility: 92}, IQ: 53]
       [Network #13, Technology = Wifi, Address = 02-06-00:00:00:00:00:0f, { DataRate: 83, SignalStrength: 41, AntiFragility: 37}, IQ: 49]
       [Network #17, Technology = Wifi, Address = 02-06-00:00:00:00:00:13, { DataRate: 2, SignalStrength: 69, AntiFragility: 58}, IQ: 46]
       [Network #4, Technology = Wifi, Address = 02-06-00:00:00:00:00:06, { DataRate: 81, SignalStrength: 50, AntiFragility: 28}, IQ: 46]
       [Network #5, Technology = Wifi, Address = 02-06-00:00:00:00:00:07, { DataRate: 92, SignalStrength: 47, AntiFragility: 22}, IQ: 45]
       [Network #16, Technology = Wifi, Address = 02-06-00:00:00:00:00:12, { DataRate: 84, SignalStrength: 64, AntiFragility: 11}, IQ: 42]
       [Network #7, Technology = Wifi, Address = 02-06-00:00:00:00:00:09, { DataRate: 60, SignalStrength: 43, AntiFragility: 19}, IQ: 35]
       [Network #10, Technology = Wifi, Address = 02-06-00:00:00:00:00:0c, { DataRate: 42, SignalStrength: 91, AntiFragility: 2}, IQ: 34]
       [Network #11, Technology = Wifi, Address = 02-06-00:00:00:00:00:0d, { DataRate: 17, SignalStrength: 54, AntiFragility: 33}, IQ: 34]
       [Network #3, Technology = Wifi, Address = 02-06-00:00:00:00:00:05, { DataRate: 6, SignalStrength: 54, AntiFragility: 9}, IQ: 19]
90s ExecutionModule:Run(): Decision time => Seconds: 0, Miliseconds: 269
90s ExecutionModule:Run(): Handover time => Seconds: 0, Miliseconds: 123
90s ExecutionModule:Run(): Event: Horizontal Handover.
90s DeviceModule:MoveRandom(): New position: (103, 103)
91s DeviceModule:MoveRandom(): New position: (103, 100)
92s DeviceModule:MoveRandom(): New position: (103, 103)
93s DeviceModule:MoveRandom(): New position: (106, 103)
94s DeviceModule:MoveRandom(): New position: (109, 103)
95s DeviceModule:MoveRandom(): New position: (106, 103)
96s DeviceModule:MoveRandom(): New position: (109, 103)
97s DeviceModule:MoveRandom(): New position: (109, 100)
98s DeviceModule:MoveRandom(): New position: (112, 100)
99s DeviceModule:MoveRandom(): New position: (109, 100)
100s DecisionModule:Run(): Run decision
100s DecisionModule:AnalyzingNetworks(): Current Network: 
       [Network #13, Technology = Wifi, Address = 02-06-00:00:00:00:00:0f, { DataRate: 93, SignalStrength: 33, AntiFragility: 70}, IQ: 66]
100s DecisionModule:ShowAllNetworks(): All detected networks:
       [Network #13, Technology = Wifi, Address = 02-06-00:00:00:00:00:0f, { DataRate: 93, SignalStrength: 33, AntiFragility: 70}, IQ: 66]
       [Network #15, Technology = Wifi, Address = 02-06-00:00:00:00:00:11, { DataRate: 20, SignalStrength: 90, AntiFragility: 75}, IQ: 65]
       [Network #8, Technology = Wifi, Address = 02-06-00:00:00:00:00:0a, { DataRate: 63, SignalStrength: 67, AntiFragility: 61}, IQ: 63]
       [Network #2, Technology = Wifi, Address = 02-06-00:00:00:00:00:04, { DataRate: 64, SignalStrength: 31, AntiFragility: 80}, IQ: 63]
       [Network #1, Technology = Wifi, Address = 02-06-00:00:00:00:00:03, { DataRate: 45, SignalStrength: 88, AntiFragility: 59}, IQ: 62]
       [Network #3, Technology = Wifi, Address = 02-06-00:00:00:00:00:05, { DataRate: 74, SignalStrength: 51, AntiFragility: 52}, IQ: 57]
       [Network #7, Technology = Wifi, Address = 02-06-00:00:00:00:00:09, { DataRate: 97, SignalStrength: 27, AntiFragility: 51}, IQ: 56]
       [Network #10, Technology = Wifi, Address = 02-06-00:00:00:00:00:0c, { DataRate: 39, SignalStrength: 48, AntiFragility: 70}, IQ: 56]
       [Network #14, Technology = Wifi, Address = 02-06-00:00:00:00:00:10, { DataRate: 32, SignalStrength: 54, AntiFragility: 67}, IQ: 55]
       [Network #19, Technology = Wimax, Address = 02-06-00:00:00:00:00:16, { DataRate: 19, SignalStrength: 66, AntiFragility: 68}, IQ: 55]
       [Network #17, Technology = Wifi, Address = 02-06-00:00:00:00:00:13, { DataRate: 52, SignalStrength: 52, AntiFragility: 54}, IQ: 53]
       [Network #0, Technology = Wifi, Address = 02-06-00:00:00:00:00:02, { DataRate: 16, SignalStrength: 32, AntiFragility: 75}, IQ: 49]
       [Network #16, Technology = Wifi, Address = 02-06-00:00:00:00:00:12, { DataRate: 65, SignalStrength: 52, AntiFragility: 31}, IQ: 44]
       [Network #6, Technology = Wifi, Address = 02-06-00:00:00:00:00:08, { DataRate: 13, SignalStrength: 16, AntiFragility: 71}, IQ: 42]
       [Network #11, Technology = Wifi, Address = 02-06-00:00:00:00:00:0d, { DataRate: 58, SignalStrength: 19, AntiFragility: 35}, IQ: 36]
       [Network #4, Technology = Wifi, Address = 02-06-00:00:00:00:00:06, { DataRate: 6, SignalStrength: 65, AntiFragility: 17}, IQ: 26]
       [Network #5, Technology = Wifi, Address = 02-06-00:00:00:00:00:07, { DataRate: 25, SignalStrength: 24, AntiFragility: 14}, IQ: 19]
       [Network #18, Technology = Wimax, Address = 02-06-00:00:00:00:00:15, { DataRate: 55, SignalStrength: 8, AntiFragility: 8}, IQ: 19]
100s ExecutionModule:Run(): Decision time => Seconds: 0, Miliseconds: 288
100s ExecutionModule:Run(): Handover time => Seconds: 0, Miliseconds: 122
100s ExecutionModule:Run(): Event: Horizontal Handover.
100s DeviceModule:MoveRandom(): New position: (112, 100)
101s DeviceModule:MoveRandom(): New position: (115, 100)
102s DeviceModule:MoveRandom(): New position: (115, 103)
103s DeviceModule:MoveRandom(): New position: (115, 106)
104s DeviceModule:MoveRandom(): New position: (115, 109)
105s DeviceModule:MoveRandom(): New position: (112, 109)
106s DeviceModule:MoveRandom(): New position: (109, 109)
107s DeviceModule:MoveRandom(): New position: (109, 106)
108s DeviceModule:MoveRandom(): New position: (109, 109)
109s DeviceModule:MoveRandom(): New position: (109, 112)
110s DecisionModule:Run(): Run decision
110s DecisionModule:AnalyzingNetworks(): Current Network: 
       [Network #4, Technology = Wifi, Address = 02-06-00:00:00:00:00:06, { DataRate: 48, SignalStrength: 98, AntiFragility: 99}, IQ: 86]
110s DecisionModule:ShowAllNetworks(): All detected networks:
       [Network #4, Technology = Wifi, Address = 02-06-00:00:00:00:00:06, { DataRate: 48, SignalStrength: 98, AntiFragility: 99}, IQ: 86]
       [Network #17, Technology = Wifi, Address = 02-06-00:00:00:00:00:13, { DataRate: 81, SignalStrength: 27, AntiFragility: 86}, IQ: 70]
       [Network #13, Technology = Wifi, Address = 02-06-00:00:00:00:00:0f, { DataRate: 52, SignalStrength: 20, AntiFragility: 99}, IQ: 67]
       [Network #19, Technology = Wimax, Address = 02-06-00:00:00:00:00:16, { DataRate: 27, SignalStrength: 76, AntiFragility: 82}, IQ: 66]
       [Network #6, Technology = Wifi, Address = 02-06-00:00:00:00:00:08, { DataRate: 16, SignalStrength: 95, AntiFragility: 73}, IQ: 64]
       [Network #1, Technology = Wifi, Address = 02-06-00:00:00:00:00:03, { DataRate: 61, SignalStrength: 99, AntiFragility: 47}, IQ: 63]
       [Network #18, Technology = Wimax, Address = 02-06-00:00:00:00:00:15, { DataRate: 29, SignalStrength: 62, AntiFragility: 77}, IQ: 61]
       [Network #10, Technology = Wifi, Address = 02-06-00:00:00:00:00:0c, { DataRate: 99, SignalStrength: 47, AntiFragility: 39}, IQ: 56]
       [Network #8, Technology = Wifi, Address = 02-06-00:00:00:00:00:0a, { DataRate: 93, SignalStrength: 6, AntiFragility: 51}, IQ: 50]
       [Network #7, Technology = Wifi, Address = 02-06-00:00:00:00:00:09, { DataRate: 26, SignalStrength: 22, AntiFragility: 73}, IQ: 48]
       [Network #2, Technology = Wifi, Address = 02-06-00:00:00:00:00:04, { DataRate: 79, SignalStrength: 80, AntiFragility: 16}, IQ: 47]
       [Network #5, Technology = Wifi, Address = 02-06-00:00:00:00:00:07, { DataRate: 55, SignalStrength: 71, AntiFragility: 25}, IQ: 44]
       [Network #16, Technology = Wifi, Address = 02-06-00:00:00:00:00:12, { DataRate: 9, SignalStrength: 78, AntiFragility: 42}, IQ: 42]
       [Network #15, Technology = Wifi, Address = 02-06-00:00:00:00:00:11, { DataRate: 62, SignalStrength: 7, AntiFragility: 47}, IQ: 40]
       [Network #11, Technology = Wifi, Address = 02-06-00:00:00:00:00:0d, { DataRate: 48, SignalStrength: 42, AntiFragility: 34}, IQ: 39]
       [Network #3, Technology = Wifi, Address = 02-06-00:00:00:00:00:05, { DataRate: 12, SignalStrength: 7, AntiFragility: 56}, IQ: 32]
       [Network #0, Technology = Wifi, Address = 02-06-00:00:00:00:00:02, { DataRate: 2, SignalStrength: 27, AntiFragility: 49}, IQ: 31]
       [Network #14, Technology = Wifi, Address = 02-06-00:00:00:00:00:10, { DataRate: 63, SignalStrength: 16, AntiFragility: 7}, IQ: 23]
110s ExecutionModule:Run(): Decision time => Seconds: 0, Miliseconds: 292
110s ExecutionModule:Run(): Handover time => Seconds: 0, Miliseconds: 122
110s ExecutionModule:Run(): Event: Horizontal Handover.
110s DeviceModule:MoveRandom(): New position: (109, 115)
111s DeviceModule:MoveRandom(): New position: (109, 118)
111s DecisionModule:AddNetworkToList(): Network detected
112s DeviceModule:MoveRandom(): New position: (112, 118)
112s DecisionModule:RemoveNetworkFromList(): Network: 9 out of range!
113s DeviceModule:MoveRandom(): New position: (112, 115)
114s DeviceModule:MoveRandom(): New position: (115, 115)
115s DeviceModule:MoveRandom(): New position: (115, 118)
116s DeviceModule:MoveRandom(): New position: (115, 121)
117s DeviceModule:MoveRandom(): New position: (115, 118)
118s DeviceModule:MoveRandom(): New position: (115, 115)
119s DeviceModule:MoveRandom(): New position: (118, 115)
120s DecisionModule:Run(): Run decision
120s DecisionModule:AnalyzingNetworks(): Current Network: 
       [Network #14, Technology = Wifi, Address = 02-06-00:00:00:00:00:10, { DataRate: 92, SignalStrength: 83, AntiFragility: 73}, IQ: 80]
120s DecisionModule:ShowAllNetworks(): All detected networks:
       [Network #14, Technology = Wifi, Address = 02-06-00:00:00:00:00:10, { DataRate: 92, SignalStrength: 83, AntiFragility: 73}, IQ: 80]
       [Network #11, Technology = Wifi, Address = 02-06-00:00:00:00:00:0d, { DataRate: 25, SignalStrength: 94, AntiFragility: 94}, IQ: 76]
       [Network #6, Technology = Wifi, Address = 02-06-00:00:00:00:00:08, { DataRate: 65, SignalStrength: 78, AntiFragility: 77}, IQ: 74]
       [Network #18, Technology = Wimax, Address = 02-06-00:00:00:00:00:15, { DataRate: 92, SignalStrength: 54, AntiFragility: 67}, IQ: 70]
       [Network #4, Technology = Wifi, Address = 02-06-00:00:00:00:00:06, { DataRate: 29, SignalStrength: 74, AntiFragility: 87}, IQ: 69]
       [Network #16, Technology = Wifi, Address = 02-06-00:00:00:00:00:12, { DataRate: 82, SignalStrength: 30, AntiFragility: 67}, IQ: 61]
       [Network #10, Technology = Wifi, Address = 02-06-00:00:00:00:00:0c, { DataRate: 23, SignalStrength: 39, AntiFragility: 75}, IQ: 53]
       [Network #0, Technology = Wifi, Address = 02-06-00:00:00:00:00:02, { DataRate: 46, SignalStrength: 55, AntiFragility: 49}, IQ: 49]
       [Network #2, Technology = Wifi, Address = 02-06-00:00:00:00:00:04, { DataRate: 41, SignalStrength: 27, AntiFragility: 57}, IQ: 45]
       [Network #1, Technology = Wifi, Address = 02-06-00:00:00:00:00:03, { DataRate: 59, SignalStrength: 38, AntiFragility: 42}, IQ: 45]
       [Network #3, Technology = Wifi, Address = 02-06-00:00:00:00:00:05, { DataRate: 55, SignalStrength: 88, AntiFragility: 5}, IQ: 38]
       [Network #13, Technology = Wifi, Address = 02-06-00:00:00:00:00:0f, { DataRate: 47, SignalStrength: 76, AntiFragility: 13}, IQ: 37]
       [Network #8, Technology = Wifi, Address = 02-06-00:00:00:00:00:0a, { DataRate: 25, SignalStrength: 81, AntiFragility: 17}, IQ: 35]
       [Network #7, Technology = Wifi, Address = 02-06-00:00:00:00:00:09, { DataRate: 24, SignalStrength: 40, AntiFragility: 28}, IQ: 30]
       [Network #17, Technology = Wifi, Address = 02-06-00:00:00:00:00:13, { DataRate: 10, SignalStrength: 14, AntiFragility: 37}, IQ: 24]
       [Network #19, Technology = Wimax, Address = 02-06-00:00:00:00:00:16, { DataRate: 9, SignalStrength: 15, AntiFragility: 34}, IQ: 23]
       [Network #15, Technology = Wifi, Address = 02-06-00:00:00:00:00:11, { DataRate: 10, SignalStrength: 16, AntiFragility: 29}, IQ: 21]
       [Network #5, Technology = Wifi, Address = 02-06-00:00:00:00:00:07, { DataRate: 16, SignalStrength: 16, AntiFragility: 20}, IQ: 18]
120s ExecutionModule:Run(): Decision time => Seconds: 0, Miliseconds: 288
120s ExecutionModule:Run(): Handover time => Seconds: 0, Miliseconds: 122
120s ExecutionModule:Run(): Event: Horizontal Handover.
120s DeviceModule:MoveRandom(): New position: (118, 112)
120s DecisionModule:RemoveNetworkFromList(): Network: 6 out of range!
121s DeviceModule:MoveRandom(): New position: (118, 109)
122s DeviceModule:MoveRandom(): New position: (118, 112)
123s DeviceModule:MoveRandom(): New position: (121, 112)
123s DecisionModule:RemoveNetworkFromList(): Network: 11 out of range!
124s DeviceModule:MoveRandom(): New position: (124, 112)
125s DeviceModule:MoveRandom(): New position: (121, 112)
126s DeviceModule:MoveRandom(): New position: (118, 112)
126s DecisionModule:AddNetworkToList(): Network detected
127s DeviceModule:MoveRandom(): New position: (118, 115)
127s DecisionModule:AddNetworkToList(): Network detected
128s DeviceModule:MoveRandom(): New position: (118, 118)
129s DeviceModule:MoveRandom(): New position: (115, 118)
130s DecisionModule:Run(): Run decision
130s DecisionModule:AnalyzingNetworks(): Current Network: 
       [Network #19, Technology = Wimax, Address = 02-06-00:00:00:00:00:16, { DataRate: 97, SignalStrength: 38, AntiFragility: 98}, IQ: 82]
130s DecisionModule:ShowAllNetworks(): All detected networks:
       [Network #19, Technology = Wimax, Address = 02-06-00:00:00:00:00:16, { DataRate: 97, SignalStrength: 38, AntiFragility: 98}, IQ: 82]
       [Network #17, Technology = Wifi, Address = 02-06-00:00:00:00:00:13, { DataRate: 94, SignalStrength: 76, AntiFragility: 58}, IQ: 71]
       [Network #2, Technology = Wifi, Address = 02-06-00:00:00:00:00:04, { DataRate: 73, SignalStrength: 99, AntiFragility: 47}, IQ: 66]
       [Network #7, Technology = Wifi, Address = 02-06-00:00:00:00:00:09, { DataRate: 80, SignalStrength: 30, AntiFragility: 71}, IQ: 63]
       [Network #15, Technology = Wifi, Address = 02-06-00:00:00:00:00:11, { DataRate: 69, SignalStrength: 38, AntiFragility: 72}, IQ: 62]
       [Network #13, Technology = Wifi, Address = 02-06-00:00:00:00:00:0f, { DataRate: 26, SignalStrength: 75, AntiFragility: 65}, IQ: 57]
       [Network #8, Technology = Wifi, Address = 02-06-00:00:00:00:00:0a, { DataRate: 16, SignalStrength: 24, AntiFragility: 89}, IQ: 54]
       [Network #14, Technology = Wifi, Address = 02-06-00:00:00:00:00:10, { DataRate: 97, SignalStrength: 5, AntiFragility: 47}, IQ: 49]
       [Network #1, Technology = Wifi, Address = 02-06-00:00:00:00:00:03, { DataRate: 82, SignalStrength: 4, AntiFragility: 46}, IQ: 44]
       [Network #0, Technology = Wifi, Address = 02-06-00:00:00:00:00:02, { DataRate: 16, SignalStrength: 25, AntiFragility: 69}, IQ: 44]
       [Network #3, Technology = Wifi, Address = 02-06-00:00:00:00:00:05, { DataRate: 20, SignalStrength: 51, AntiFragility: 43}, IQ: 39]
       [Network #18, Technology = Wimax, Address = 02-06-00:00:00:00:00:15, { DataRate: 30, SignalStrength: 14, AntiFragility: 54}, IQ: 38]
       [Network #5, Technology = Wifi, Address = 02-06-00:00:00:00:00:07, { DataRate: 24, SignalStrength: 12, AntiFragility: 48}, IQ: 33]
       [Network #6, Technology = Wifi, Address = 02-06-00:00:00:00:00:08, { DataRate: 39, SignalStrength: 18, AntiFragility: 38}, IQ: 33]
       [Network #4, Technology = Wifi, Address = 02-06-00:00:00:00:00:06, { DataRate: 34, SignalStrength: 3, AntiFragility: 45}, IQ: 31]
       [Network #10, Technology = Wifi, Address = 02-06-00:00:00:00:00:0c, { DataRate: 72, SignalStrength: 28, AntiFragility: 11}, IQ: 30]
       [Network #16, Technology = Wifi, Address = 02-06-00:00:00:00:00:12, { DataRate: 40, SignalStrength: 61, AntiFragility: 10}, IQ: 30]
       [Network #11, Technology = Wifi, Address = 02-06-00:00:00:00:00:0d, { DataRate: 10, SignalStrength: 49, AntiFragility: 22}, IQ: 25]
130s ExecutionModule:Run(): Decision time => Seconds: 0, Miliseconds: 287
130s ExecutionModule:Run(): Handover time => Seconds: 0, Miliseconds: 31
130s ExecutionModule:Run(): Event: Vertical Handover.
130s DeviceModule:MoveRandom(): New position: (115, 121)
131s DeviceModule:MoveRandom(): New position: (115, 124)
131s DecisionModule:AddNetworkToList(): Network detected
132s DeviceModule:MoveRandom(): New position: (115, 127)
133s DeviceModule:MoveRandom(): New position: (112, 127)
133s DecisionModule:RemoveNetworkFromList(): Network: 8 out of range!
134s DeviceModule:MoveRandom(): New position: (115, 127)
134s DecisionModule:AddNetworkToList(): Network detected
135s DeviceModule:MoveRandom(): New position: (118, 127)
136s DeviceModule:MoveRandom(): New position: (118, 124)
136s DecisionModule:RemoveNetworkFromList(): Network: 9 out of range!
137s DeviceModule:MoveRandom(): New position: (121, 124)
137s DecisionModule:RemoveNetworkFromList(): Network: 6 out of range!
137s DecisionModule:RemoveNetworkFromList(): Network: 11 out of range!
138s DeviceModule:MoveRandom(): New position: (124, 124)
138s DecisionModule:RemoveNetworkFromList(): Network: 1 out of range!
139s DeviceModule:MoveRandom(): New position: (121, 124)
139s DecisionModule:AddNetworkToList(): Network detected
140s DecisionModule:Run(): Run decision
140s DecisionModule:AnalyzingNetworks(): Current Network: 
       [Network #2, Technology = Wifi, Address = 02-06-00:00:00:00:00:04, { DataRate: 95, SignalStrength: 81, AntiFragility: 86}, IQ: 87]
140s DecisionModule:ShowAllNetworks(): All detected networks:
       [Network #2, Technology = Wifi, Address = 02-06-00:00:00:00:00:04, { DataRate: 95, SignalStrength: 81, AntiFragility: 86}, IQ: 87]
       [Network #10, Technology = Wifi, Address = 02-06-00:00:00:00:00:0c, { DataRate: 89, SignalStrength: 42, AntiFragility: 82}, IQ: 73]
       [Network #14, Technology = Wifi, Address = 02-06-00:00:00:00:00:10, { DataRate: 34, SignalStrength: 44, AntiFragility: 76}, IQ: 57]
       [Network #5, Technology = Wifi, Address = 02-06-00:00:00:00:00:07, { DataRate: 42, SignalStrength: 68, AntiFragility: 52}, IQ: 53]
       [Network #15, Technology = Wifi, Address = 02-06-00:00:00:00:00:11, { DataRate: 69, SignalStrength: 31, AntiFragility: 51}, IQ: 50]
       [Network #17, Technology = Wifi, Address = 02-06-00:00:00:00:00:13, { DataRate: 66, SignalStrength: 46, AntiFragility: 42}, IQ: 49]
       [Network #7, Technology = Wifi, Address = 02-06-00:00:00:00:00:09, { DataRate: 37, SignalStrength: 82, AntiFragility: 36}, IQ: 47]
       [Network #1, Technology = Wifi, Address = 02-06-00:00:00:00:00:03, { DataRate: 63, SignalStrength: 61, AntiFragility: 31}, IQ: 46]
       [Network #3, Technology = Wifi, Address = 02-06-00:00:00:00:00:05, { DataRate: 28, SignalStrength: 89, AntiFragility: 20}, IQ: 39]
       [Network #18, Technology = Wimax, Address = 02-06-00:00:00:00:00:15, { DataRate: 94, SignalStrength: 35, AntiFragility: 14}, IQ: 39]
       [Network #4, Technology = Wifi, Address = 02-06-00:00:00:00:00:06, { DataRate: 80, SignalStrength: 53, AntiFragility: 10}, IQ: 38]
       [Network #16, Technology = Wifi, Address = 02-06-00:00:00:00:00:12, { DataRate: 42, SignalStrength: 2, AntiFragility: 41}, IQ: 31]
       [Network #19, Technology = Wimax, Address = 02-06-00:00:00:00:00:16, { DataRate: 38, SignalStrength: 58, AntiFragility: 11}, IQ: 29]
       [Network #0, Technology = Wifi, Address = 02-06-00:00:00:00:00:02, { DataRate: 38, SignalStrength: 31, AntiFragility: 8}, IQ: 21]
       [Network #13, Technology = Wifi, Address = 02-06-00:00:00:00:00:0f, { DataRate: 20, SignalStrength: 31, AntiFragility: 8}, IQ: 16]
       [Network #8, Technology = Wifi, Address = 02-06-00:00:00:00:00:0a, { DataRate: 9, SignalStrength: 21, AntiFragility: 6}, IQ: 10]
140s ExecutionModule:Run(): Decision time => Seconds: 0, Miliseconds: 273
140s ExecutionModule:Run(): Handover time => Seconds: 0, Miliseconds: 31
140s ExecutionModule:Run(): Event: Vertical Handover.
140s DeviceModule:MoveRandom(): New position: (118, 124)
140s DecisionModule:AddNetworkToList(): Network detected
140s DecisionModule:AddNetworkToList(): Network detected
141s DeviceModule:MoveRandom(): New position: (118, 127)
141s DecisionModule:AddNetworkToList(): Network detected
142s DeviceModule:MoveRandom(): New position: (115, 127)
143s DeviceModule:MoveRandom(): New position: (118, 127)
144s DeviceModule:MoveRandom(): New position: (118, 124)
144s DecisionModule:RemoveNetworkFromList(): Network: 9 out of range!
145s DeviceModule:MoveRandom(): New position: (118, 127)
145s DecisionModule:AddNetworkToList(): Network detected
146s DeviceModule:MoveRandom(): New position: (115, 127)
147s DeviceModule:MoveRandom(): New position: (112, 127)
147s DecisionModule:RemoveNetworkFromList(): Network: 8 out of range!
148s DeviceModule:MoveRandom(): New position: (112, 124)
148s DecisionModule:AddNetworkToList(): Network detected
149s DeviceModule:MoveRandom(): New position: (112, 121)
150s DecisionModule:Run(): Run decision
150s DecisionModule:AnalyzingNetworks(): Current Network: 
       [Network #16, Technology = Wifi, Address = 02-06-00:00:00:00:00:12, { DataRate: 64, SignalStrength: 71, AntiFragility: 97}, IQ: 82]
150s DecisionModule:ShowAllNetworks(): All detected networks:
       [Network #16, Technology = Wifi, Address = 02-06-00:00:00:00:00:12, { DataRate: 64, SignalStrength: 71, AntiFragility: 97}, IQ: 82]
       [Network #13, Technology = Wifi, Address = 02-06-00:00:00:00:00:0f, { DataRate: 64, SignalStrength: 98, AntiFragility: 71}, IQ: 76]
       [Network #4, Technology = Wifi, Address = 02-06-00:00:00:00:00:06, { DataRate: 60, SignalStrength: 92, AntiFragility: 62}, IQ: 69]
       [Network #10, Technology = Wifi, Address = 02-06-00:00:00:00:00:0c, { DataRate: 35, SignalStrength: 86, AntiFragility: 79}, IQ: 69]
       [Network #5, Technology = Wifi, Address = 02-06-00:00:00:00:00:07, { DataRate: 37, SignalStrength: 64, AntiFragility: 80}, IQ: 65]
       [Network #6, Technology = Wifi, Address = 02-06-00:00:00:00:00:08, { DataRate: 78, SignalStrength: 64, AntiFragility: 57}, IQ: 64]
       [Network #9, Technology = Wifi, Address = 02-06-00:00:00:00:00:0b, { DataRate: 86, SignalStrength: 14, AntiFragility: 71}, IQ: 60]
       [Network #8, Technology = Wifi, Address = 02-06-00:00:00:00:00:0a, { DataRate: 50, SignalStrength: 99, AntiFragility: 44}, IQ: 59]
       [Network #11, Technology = Wifi, Address = 02-06-00:00:00:00:00:0d, { DataRate: 94, SignalStrength: 93, AntiFragility: 21}, IQ: 57]
       [Network #18, Technology = Wimax, Address = 02-06-00:00:00:00:00:15, { DataRate: 61, SignalStrength: 39, AntiFragility: 62}, IQ: 56]
       [Network #17, Technology = Wifi, Address = 02-06-00:00:00:00:00:13, { DataRate: 48, SignalStrength: 40, AntiFragility: 64}, IQ: 54]
       [Network #2, Technology = Wifi, Address = 02-06-00:00:00:00:00:04, { DataRate: 48, SignalStrength: 52, AntiFragility: 53}, IQ: 51]
       [Network #7, Technology = Wifi, Address = 02-06-00:00:00:00:00:09, { DataRate: 85, SignalStrength: 16, AntiFragility: 50}, IQ: 50]
       [Network #14, Technology = Wifi, Address = 02-06-00:00:00:00:00:10, { DataRate: 84, SignalStrength: 44, AntiFragility: 36}, IQ: 50]
       [Network #0, Technology = Wifi, Address = 02-06-00:00:00:00:00:02, { DataRate: 99, SignalStrength: 40, AntiFragility: 22}, IQ: 45]
       [Network #3, Technology = Wifi, Address = 02-06-00:00:00:00:00:05, { DataRate: 23, SignalStrength: 33, AntiFragility: 54}, IQ: 41]
       [Network #19, Technology = Wimax, Address = 02-06-00:00:00:00:00:16, { DataRate: 3, SignalStrength: 59, AntiFragility: 33}, IQ: 32]
       [Network #15, Technology = Wifi, Address = 02-06-00:00:00:00:00:11, { DataRate: 49, SignalStrength: 22, AntiFragility: 6}, IQ: 20]
       [Network #1, Technology = Wifi, Address = 02-06-00:00:00:00:00:03, { DataRate: 12, SignalStrength: 4, AntiFragility: 29}, IQ: 18]
150s ExecutionModule:Run(): Decision time => Seconds: 0, Miliseconds: 295
150s ExecutionModule:Run(): Handover time => Seconds: 0, Miliseconds: 204
150s ExecutionModule:Run(): Event: Horizontal Handover.
150s DeviceModule:MoveRandom(): New position: (115, 121)
150s DecisionModule:RemoveNetworkFromList(): Network: 9 out of range!
151s DeviceModule:MoveRandom(): New position: (118, 121)
152s DeviceModule:MoveRandom(): New position: (118, 124)
153s DeviceModule:MoveRandom(): New position: (118, 127)
153s DecisionModule:AddNetworkToList(): Network detected
154s DeviceModule:MoveRandom(): New position: (118, 124)
154s DecisionModule:RemoveNetworkFromList(): Network: 9 out of range!
155s DeviceModule:MoveRandom(): New position: (121, 124)
155s DecisionModule:RemoveNetworkFromList(): Network: 6 out of range!
155s DecisionModule:RemoveNetworkFromList(): Network: 11 out of range!
156s DeviceModule:MoveRandom(): New position: (118, 124)
156s DecisionModule:AddNetworkToList(): Network detected
156s DecisionModule:AddNetworkToList(): Network detected
157s DeviceModule:MoveRandom(): New position: (118, 127)
157s DecisionModule:AddNetworkToList(): Network detected
158s DeviceModule:MoveRandom(): New position: (115, 127)
159s DeviceModule:MoveRandom(): New position: (115, 130)
160s DecisionModule:Run(): Run decision
160s DecisionModule:AnalyzingNetworks(): Current Network: 
       [Network #16, Technology = Wifi, Address = 02-06-00:00:00:00:00:12, { DataRate: 98, SignalStrength: 55, AntiFragility: 92}, IQ: 84]
160s DecisionModule:ShowAllNetworks(): All detected networks:
       [Network #16, Technology = Wifi, Address = 02-06-00:00:00:00:00:12, { DataRate: 98, SignalStrength: 55, AntiFragility: 92}, IQ: 84]
       [Network #5, Technology = Wifi, Address = 02-06-00:00:00:00:00:07, { DataRate: 36, SignalStrength: 80, AntiFragility: 96}, IQ: 77]
       [Network #8, Technology = Wifi, Address = 02-06-00:00:00:00:00:0a, { DataRate: 83, SignalStrength: 81, AntiFragility: 69}, IQ: 75]
       [Network #19, Technology = Wimax, Address = 02-06-00:00:00:00:00:16, { DataRate: 88, SignalStrength: 67, AntiFragility: 71}, IQ: 74]
       [Network #11, Technology = Wifi, Address = 02-06-00:00:00:00:00:0d, { DataRate: 64, SignalStrength: 46, AntiFragility: 86}, IQ: 70]
       [Network #7, Technology = Wifi, Address = 02-06-00:00:00:00:00:09, { DataRate: 21, SignalStrength: 43, AntiFragility: 86}, IQ: 59]
       [Network #4, Technology = Wifi, Address = 02-06-00:00:00:00:00:06, { DataRate: 64, SignalStrength: 12, AntiFragility: 75}, IQ: 56]
       [Network #14, Technology = Wifi, Address = 02-06-00:00:00:00:00:10, { DataRate: 33, SignalStrength: 70, AntiFragility: 60}, IQ: 55]
       [Network #3, Technology = Wifi, Address = 02-06-00:00:00:00:00:05, { DataRate: 83, SignalStrength: 50, AntiFragility: 43}, IQ: 54]
       [Network #0, Technology = Wifi, Address = 02-06-00:00:00:00:00:02, { DataRate: 2, SignalStrength: 18, AntiFragility: 96}, IQ: 53]
       [Network #9, Technology = Wifi, Address = 02-06-00:00:00:00:00:0b, { DataRate: 45, SignalStrength: 17, AntiFragility: 75}, IQ: 53]
       [Network #1, Technology = Wifi, Address = 02-06-00:00:00:00:00:03, { DataRate: 8, SignalStrength: 53, AntiFragility: 74}, IQ: 52]
       [Network #13, Technology = Wifi, Address = 02-06-00:00:00:00:00:0f, { DataRate: 10, SignalStrength: 34, AntiFragility: 74}, IQ: 48]
       [Network #2, Technology = Wifi, Address = 02-06-00:00:00:00:00:04, { DataRate: 34, SignalStrength: 16, AntiFragility: 70}, IQ: 47]
       [Network #18, Technology = Wimax, Address = 02-06-00:00:00:00:00:15, { DataRate: 25, SignalStrength: 49, AntiFragility: 58}, IQ: 47]
       [Network #15, Technology = Wifi, Address = 02-06-00:00:00:00:00:11, { DataRate: 47, SignalStrength: 76, AntiFragility: 32}, IQ: 46]
       [Network #17, Technology = Wifi, Address = 02-06-00:00:00:00:00:13, { DataRate: 79, SignalStrength: 41, AntiFragility: 8}, IQ: 34]
       [Network #10, Technology = Wifi, Address = 02-06-00:00:00:00:00:0c, { DataRate: 21, SignalStrength: 17, AntiFragility: 27}, IQ: 23]
       [Network #6, Technology = Wifi, Address = 02-06-00:00:00:00:00:08, { DataRate: 59, SignalStrength: 24, AntiFragility: 3}, IQ: 22]
160s DeviceModule:MoveRandom(): New position: (115, 133)
160s DecisionModule:RemoveNetworkFromList(): Network: 8 out of range!
161s DeviceModule:MoveRandom(): New position: (115, 136)
162s DeviceModule:MoveRandom(): New position: (118, 136)
162s DecisionModule:RemoveNetworkFromList(): Network: 1 out of range!
162s DecisionModule:RemoveNetworkFromList(): Network: 11 out of range!
163s DeviceModule:MoveRandom(): New position: (121, 136)
163s DecisionModule:RemoveNetworkFromList(): Network: 6 out of range!
163s DecisionModule:AddNetworkToList(): Network detected
164s DeviceModule:MoveRandom(): New position: (118, 136)
164s DecisionModule:AddNetworkToList(): Network detected
164s DecisionModule:RemoveNetworkFromList(): Network: 8 out of range!
165s DeviceModule:MoveRandom(): New position: (121, 136)
165s DecisionModule:RemoveNetworkFromList(): Network: 6 out of range!
165s DecisionModule:AddNetworkToList(): Network detected
166s DeviceModule:MoveRandom(): New position: (121, 139)
166s DecisionModule:RemoveNetworkFromList(): Network: 8 out of range!
167s DeviceModule:MoveRandom(): New position: (121, 142)
168s DeviceModule:MoveRandom(): New position: (124, 142)
169s DeviceModule:MoveRandom(): New position: (121, 142)
170s DecisionModule:Run(): Run decision
170s DecisionModule:AnalyzingNetworks(): Current Network: 
       [Network #5, Technology = Wifi, Address = 02-06-00:00:00:00:00:07, { DataRate: 72, SignalStrength: 97, AntiFragility: 52}, IQ: 68]
170s DecisionModule:ShowAllNetworks(): All detected networks:
       [Network #5, Technology = Wifi, Address = 02-06-00:00:00:00:00:07, { DataRate: 72, SignalStrength: 97, AntiFragility: 52}, IQ: 68]
       [Network #18, Technology = Wimax, Address = 02-06-00:00:00:00:00:15, { DataRate: 79, SignalStrength: 23, AntiFragility: 80}, IQ: 65]
       [Network #13, Technology = Wifi, Address = 02-06-00:00:00:00:00:0f, { DataRate: 67, SignalStrength: 18, AntiFragility: 78}, IQ: 60]
       [Network #7, Technology = Wifi, Address = 02-06-00:00:00:00:00:09, { DataRate: 44, SignalStrength: 92, AntiFragility: 40}, IQ: 54]
       [Network #3, Technology = Wifi, Address = 02-06-00:00:00:00:00:05, { DataRate: 82, SignalStrength: 95, AntiFragility: 6}, IQ: 47]
       [Network #9, Technology = Wifi, Address = 02-06-00:00:00:00:00:0b, { DataRate: 22, SignalStrength: 96, AntiFragility: 36}, IQ: 47]
       [Network #0, Technology = Wifi, Address = 02-06-00:00:00:00:00:02, { DataRate: 82, SignalStrength: 42, AntiFragility: 30}, IQ: 46]
       [Network #19, Technology = Wimax, Address = 02-06-00:00:00:00:00:16, { DataRate: 40, SignalStrength: 53, AntiFragility: 40}, IQ: 43]
       [Network #4, Technology = Wifi, Address = 02-06-00:00:00:00:00:06, { DataRate: 21, SignalStrength: 61, AntiFragility: 25}, IQ: 33]
       [Network #10, Technology = Wifi, Address = 02-06-00:00:00:00:00:0c, { DataRate: 70, SignalStrength: 48, AntiFragility: 8}, IQ: 33]
       [Network #2, Technology = Wifi, Address = 02-06-00:00:00:00:00:04, { DataRate: 74, SignalStrength: 10, AntiFragility: 18}, IQ: 30]
       [Network #16, Technology = Wifi, Address = 02-06-00:00:00:00:00:12, { DataRate: 53, SignalStrength: 47, AntiFragility: 2}, IQ: 26]
       [Network #14, Technology = Wifi, Address = 02-06-00:00:00:00:00:10, { DataRate: 25, SignalStrength: 21, AntiFragility: 18}, IQ: 20]
       [Network #15, Technology = Wifi, Address = 02-06-00:00:00:00:00:11, { DataRate: 18, SignalStrength: 7, AntiFragility: 18}, IQ: 15]
       [Network #17, Technology = Wifi, Address = 02-06-00:00:00:00:00:13, { DataRate: 9, SignalStrength: 22, AntiFragility: 13}, IQ: 14]
170s ExecutionModule:Run(): Decision time => Seconds: 0, Miliseconds: 266
170s ExecutionModule:Run(): Handover time => Seconds: 0, Miliseconds: 124
170s ExecutionModule:Run(): Event: Horizontal Handover.
170s DeviceModule:MoveRandom(): New position: (118, 142)
171s DeviceModule:MoveRandom(): New position: (118, 145)
171s DecisionModule:AddNetworkToList(): Network detected
172s DeviceModule:MoveRandom(): New position: (118, 148)
173s DeviceModule:MoveRandom(): New position: (115, 148)
173s DecisionModule:AddNetworkToList(): Network detected
174s DeviceModule:MoveRandom(): New position: (115, 151)
175s DeviceModule:MoveRandom(): New position: (115, 154)
176s DeviceModule:MoveRandom(): New position: (118, 154)
176s DecisionModule:RemoveNetworkFromList(): Network: 6 out of range!
177s DeviceModule:MoveRandom(): New position: (118, 151)
178s DeviceModule:MoveRandom(): New position: (118, 148)
179s DeviceModule:MoveRandom(): New position: (121, 148)
179s DecisionModule:RemoveNetworkFromList(): Network: 12 out of range!
180s DecisionModule:Run(): Run decision
180s DecisionModule:AnalyzingNetworks(): Current Network: 
       [Network #15, Technology = Wifi, Address = 02-06-00:00:00:00:00:11, { DataRate: 98, SignalStrength: 29, AntiFragility: 95}, IQ: 79]
180s DecisionModule:ShowAllNetworks(): All detected networks:
       [Network #15, Technology = Wifi, Address = 02-06-00:00:00:00:00:11, { DataRate: 98, SignalStrength: 29, AntiFragility: 95}, IQ: 79]
       [Network #16, Technology = Wifi, Address = 02-06-00:00:00:00:00:12, { DataRate: 88, SignalStrength: 62, AntiFragility: 70}, IQ: 72]
       [Network #7, Technology = Wifi, Address = 02-06-00:00:00:00:00:09, { DataRate: 89, SignalStrength: 45, AntiFragility: 68}, IQ: 67]
       [Network #0, Technology = Wifi, Address = 02-06-00:00:00:00:00:02, { DataRate: 64, SignalStrength: 46, AntiFragility: 76}, IQ: 65]
       [Network #13, Technology = Wifi, Address = 02-06-00:00:00:00:00:0f, { DataRate: 36, SignalStrength: 24, AntiFragility: 98}, IQ: 64]
       [Network #19, Technology = Wimax, Address = 02-06-00:00:00:00:00:16, { DataRate: 45, SignalStrength: 74, AntiFragility: 68}, IQ: 63]
       [Network #3, Technology = Wifi, Address = 02-06-00:00:00:00:00:05, { DataRate: 11, SignalStrength: 67, AntiFragility: 82}, IQ: 60]
       [Network #2, Technology = Wifi, Address = 02-06-00:00:00:00:00:04, { DataRate: 12, SignalStrength: 55, AntiFragility: 81}, IQ: 57]
       [Network #4, Technology = Wifi, Address = 02-06-00:00:00:00:00:06, { DataRate: 53, SignalStrength: 89, AntiFragility: 24}, IQ: 47]
       [Network #18, Technology = Wimax, Address = 02-06-00:00:00:00:00:15, { DataRate: 37, SignalStrength: 34, AntiFragility: 55}, IQ: 45]
       [Network #10, Technology = Wifi, Address = 02-06-00:00:00:00:00:0c, { DataRate: 42, SignalStrength: 65, AntiFragility: 35}, IQ: 44]
       [Network #14, Technology = Wifi, Address = 02-06-00:00:00:00:00:10, { DataRate: 74, SignalStrength: 61, AntiFragility: 6}, IQ: 36]
       [Network #5, Technology = Wifi, Address = 02-06-00:00:00:00:00:07, { DataRate: 45, SignalStrength: 24, AntiFragility: 38}, IQ: 36]
       [Network #9, Technology = Wifi, Address = 02-06-00:00:00:00:00:0b, { DataRate: 36, SignalStrength: 42, AntiFragility: 26}, IQ: 32]
       [Network #17, Technology = Wifi, Address = 02-06-00:00:00:00:00:13, { DataRate: 44, SignalStrength: 64, AntiFragility: 6}, IQ: 30]
180s ExecutionModule:Run(): Decision time => Seconds: 0, Miliseconds: 245
180s ExecutionModule:Run(): Handover time => Seconds: 0, Miliseconds: 121
180s ExecutionModule:Run(): Event: Horizontal Handover.
180s DeviceModule:MoveRandom(): New position: (118, 148)
180s DecisionModule:AddNetworkToList(): Network detected
181s DeviceModule:MoveRandom(): New position: (121, 148)
181s DecisionModule:RemoveNetworkFromList(): Network: 12 out of range!
182s DeviceModule:MoveRandom(): New position: (118, 148)
182s DecisionModule:AddNetworkToList(): Network detected
183s DeviceModule:MoveRandom(): New position: (118, 145)
184s DeviceModule:MoveRandom(): New position: (118, 148)
185s DeviceModule:MoveRandom(): New position: (118, 151)
186s DeviceModule:MoveRandom(): New position: (121, 151)
187s DeviceModule:MoveRandom(): New position: (124, 151)
187s DecisionModule:RemoveNetworkFromList(): Network: 12 out of range!
188s DeviceModule:MoveRandom(): New position: (121, 151)
188s DecisionModule:AddNetworkToList(): Network detected
189s DeviceModule:MoveRandom(): New position: (124, 151)
189s DecisionModule:RemoveNetworkFromList(): Network: 12 out of range!
190s DecisionModule:Run(): Run decision
190s DecisionModule:AnalyzingNetworks(): Current Network: 
       [Network #5, Technology = Wifi, Address = 02-06-00:00:00:00:00:07, { DataRate: 33, SignalStrength: 97, AntiFragility: 72}, IQ: 68]
190s DecisionModule:ShowAllNetworks(): All detected networks:
       [Network #5, Technology = Wifi, Address = 02-06-00:00:00:00:00:07, { DataRate: 33, SignalStrength: 97, AntiFragility: 72}, IQ: 68]
       [Network #10, Technology = Wifi, Address = 02-06-00:00:00:00:00:0c, { DataRate: 27, SignalStrength: 94, AntiFragility: 73}, IQ: 66]
       [Network #15, Technology = Wifi, Address = 02-06-00:00:00:00:00:11, { DataRate: 85, SignalStrength: 4, AntiFragility: 87}, IQ: 65]
       [Network #17, Technology = Wifi, Address = 02-06-00:00:00:00:00:13, { DataRate: 63, SignalStrength: 59, AntiFragility: 63}, IQ: 62]
       [Network #14, Technology = Wifi, Address = 02-06-00:00:00:00:00:10, { DataRate: 83, SignalStrength: 52, AntiFragility: 52}, IQ: 59]
       [Network #13, Technology = Wifi, Address = 02-06-00:00:00:00:00:0f, { DataRate: 31, SignalStrength: 38, AntiFragility: 82}, IQ: 58]
       [Network #3, Technology = Wifi, Address = 02-06-00:00:00:00:00:05, { DataRate: 45, SignalStrength: 9, AntiFragility: 88}, IQ: 57]
       [Network #7, Technology = Wifi, Address = 02-06-00:00:00:00:00:09, { DataRate: 68, SignalStrength: 60, AntiFragility: 45}, IQ: 54]
       [Network #19, Technology = Wimax, Address = 02-06-00:00:00:00:00:16, { DataRate: 66, SignalStrength: 22, AntiFragility: 61}, IQ: 52]
       [Network #4, Technology = Wifi, Address = 02-06-00:00:00:00:00:06, { DataRate: 61, SignalStrength: 15, AntiFragility: 60}, IQ: 49]
       [Network #2, Technology = Wifi, Address = 02-06-00:00:00:00:00:04, { DataRate: 44, SignalStrength: 52, AntiFragility: 49}, IQ: 48]
       [Network #0, Technology = Wifi, Address = 02-06-00:00:00:00:00:02, { DataRate: 8, SignalStrength: 17, AntiFragility: 76}, IQ: 44]
       [Network #18, Technology = Wimax, Address = 02-06-00:00:00:00:00:15, { DataRate: 78, SignalStrength: 7, AntiFragility: 35}, IQ: 38]
       [Network #16, Technology = Wifi, Address = 02-06-00:00:00:00:00:12, { DataRate: 79, SignalStrength: 50, AntiFragility: 6}, IQ: 35]
       [Network #9, Technology = Wifi, Address = 02-06-00:00:00:00:00:0b, { DataRate: 46, SignalStrength: 25, AntiFragility: 32}, IQ: 33]
190s ExecutionModule:Run(): Decision time => Seconds: 0, Miliseconds: 247
190s ExecutionModule:Run(): Handover time => Seconds: 0, Miliseconds: 123
190s ExecutionModule:Run(): Event: Horizontal Handover.
190s DeviceModule:MoveRandom(): New position: (127, 151)
191s DeviceModule:MoveRandom(): New position: (127, 154)
192s DeviceModule:MoveRandom(): New position: (127, 157)
193s DeviceModule:MoveRandom(): New position: (124, 157)
193s DecisionModule:AddNetworkToList(): Network detected
194s DeviceModule:MoveRandom(): New position: (124, 154)
194s DecisionModule:RemoveNetworkFromList(): Network: 12 out of range!
195s DeviceModule:MoveRandom(): New position: (121, 154)
195s DecisionModule:AddNetworkToList(): Network detected
196s DeviceModule:MoveRandom(): New position: (118, 154)
197s DeviceModule:MoveRandom(): New position: (115, 154)
197s DecisionModule:AddNetworkToList(): Network detected
198s DeviceModule:MoveRandom(): New position: (118, 154)
198s DecisionModule:RemoveNetworkFromList(): Network: 6 out of range!
199s DeviceModule:MoveRandom(): New position: (115, 154)
199s DecisionModule:AddNetworkToList(): Network detected
