Waf: Entering directory `/home/renan/Documents/NR2/ns-allinone-3.20/ns-3.20/build'
Waf: Leaving directory `/home/renan/Documents/NR2/ns-allinone-3.20/ns-3.20/build'
'build' finished successfully (1.918s)
0s NetworkModule:SetPosition(): Network 0 set position => (89, 36)
0s NetworkModule:SetRange(): Network 0 set range => 100
0s NetworkModule:SetPosition(): Network 1 set position => (44, 43)
0s NetworkModule:SetRange(): Network 1 set range => 100
0s DeviceModule:ConfigureMobility(): Device [init x = 50, init y = 50, max = 100, velocity = 1]
1s DeviceModule:MoveRandom(): New position: (50, 51)
1s DecisionModule:AddNetworkToList(): Network detected
1s DecisionModule:AddNetworkToList(): Network detected
2s DeviceModule:MoveRandom(): New position: (49, 51)
3s DeviceModule:MoveRandom(): New position: (49, 52)
4s DeviceModule:MoveRandom(): New position: (48, 52)
5s DeviceModule:MoveRandom(): New position: (48, 51)
6s DeviceModule:MoveRandom(): New position: (47, 51)
7s DeviceModule:MoveRandom(): New position: (47, 52)
8s DeviceModule:MoveRandom(): New position: (47, 53)
9s DeviceModule:MoveRandom(): New position: (47, 52)
10s DecisionModule:Run(): Run decision
10s DecisionModule:AnalyzingNetworks(): Current Network: 
       [Network #0, Technology = Wifi, Address = 02-06-00:00:00:00:00:02, { DataRate: 43, SignalStrength: 62, AntiFragility: 62}, IQ: 57]
10s DecisionModule:ShowAllNetworks(): All detected networks:
       [Network #0, Technology = Wifi, Address = 02-06-00:00:00:00:00:02, { DataRate: 43, SignalStrength: 62, AntiFragility: 62}, IQ: 57]
       [Network #1, Technology = Wimax, Address = 02-06-00:00:00:00:00:04, { DataRate: 44, SignalStrength: 26, AntiFragility: 80}, IQ: 57]
10s DeviceModule:MoveRandom(): New position: (47, 51)
11s DeviceModule:MoveRandom(): New position: (47, 50)
12s DeviceModule:MoveRandom(): New position: (47, 51)
13s DeviceModule:MoveRandom(): New position: (46, 51)
14s DeviceModule:MoveRandom(): New position: (45, 51)
15s DeviceModule:MoveRandom(): New position: (44, 51)
16s DeviceModule:MoveRandom(): New position: (43, 51)
17s DeviceModule:MoveRandom(): New position: (43, 52)
18s DeviceModule:MoveRandom(): New position: (42, 52)
19s DeviceModule:MoveRandom(): New position: (42, 53)
20s DecisionModule:Run(): Run decision
20s DecisionModule:AnalyzingNetworks(): Current Network: 
       [Network #1, Technology = Wimax, Address = 02-06-00:00:00:00:00:04, { DataRate: 21, SignalStrength: 75, AntiFragility: 58}, IQ: 53]
20s DecisionModule:ShowAllNetworks(): All detected networks:
       [Network #1, Technology = Wimax, Address = 02-06-00:00:00:00:00:04, { DataRate: 21, SignalStrength: 75, AntiFragility: 58}, IQ: 53]
       [Network #0, Technology = Wifi, Address = 02-06-00:00:00:00:00:02, { DataRate: 9, SignalStrength: 55, AntiFragility: 53}, IQ: 42]
20s ExecutionModule:Run(): Decision time => Seconds: 0, Miliseconds: 134
20s ExecutionModule:Run(): Handover time => Seconds: 0, Miliseconds: 270
20s ExecutionModule:Run(): Event: Vertical Handover.
20s DeviceModule:MoveRandom(): New position: (42, 52)
21s DeviceModule:MoveRandom(): New position: (42, 51)
22s DeviceModule:MoveRandom(): New position: (43, 51)
23s DeviceModule:MoveRandom(): New position: (43, 50)
24s DeviceModule:MoveRandom(): New position: (43, 49)
25s DeviceModule:MoveRandom(): New position: (42, 49)
26s DeviceModule:MoveRandom(): New position: (42, 50)
27s DeviceModule:MoveRandom(): New position: (43, 50)
28s DeviceModule:MoveRandom(): New position: (43, 51)
29s DeviceModule:MoveRandom(): New position: (43, 52)
30s DecisionModule:Run(): Run decision
30s DecisionModule:AnalyzingNetworks(): Current Network: 
       [Network #1, Technology = Wimax, Address = 02-06-00:00:00:00:00:04, { DataRate: 84, SignalStrength: 77, AntiFragility: 78}, IQ: 79]
30s DecisionModule:ShowAllNetworks(): All detected networks:
       [Network #1, Technology = Wimax, Address = 02-06-00:00:00:00:00:04, { DataRate: 84, SignalStrength: 77, AntiFragility: 78}, IQ: 79]
       [Network #0, Technology = Wifi, Address = 02-06-00:00:00:00:00:02, { DataRate: 18, SignalStrength: 84, AntiFragility: 46}, IQ: 48]
30s DeviceModule:MoveRandom(): New position: (43, 53)
31s DeviceModule:MoveRandom(): New position: (42, 53)
32s DeviceModule:MoveRandom(): New position: (41, 53)
33s DeviceModule:MoveRandom(): New position: (41, 52)
34s DeviceModule:MoveRandom(): New position: (40, 52)
35s DeviceModule:MoveRandom(): New position: (39, 52)
36s DeviceModule:MoveRandom(): New position: (39, 53)
37s DeviceModule:MoveRandom(): New position: (39, 54)
38s DeviceModule:MoveRandom(): New position: (40, 54)
39s DeviceModule:MoveRandom(): New position: (41, 54)
40s DecisionModule:Run(): Run decision
40s DecisionModule:AnalyzingNetworks(): Current Network: 
       [Network #0, Technology = Wifi, Address = 02-06-00:00:00:00:00:02, { DataRate: 86, SignalStrength: 85, AntiFragility: 90}, IQ: 87]
40s DecisionModule:ShowAllNetworks(): All detected networks:
       [Network #0, Technology = Wifi, Address = 02-06-00:00:00:00:00:02, { DataRate: 86, SignalStrength: 85, AntiFragility: 90}, IQ: 87]
       [Network #1, Technology = Wimax, Address = 02-06-00:00:00:00:00:04, { DataRate: 86, SignalStrength: 67, AntiFragility: 76}, IQ: 76]
40s ExecutionModule:Run(): Decision time => Seconds: 0, Miliseconds: 135
40s ExecutionModule:Run(): Handover time => Seconds: 0, Miliseconds: 44
40s ExecutionModule:Run(): Event: Vertical Handover.
40s DeviceModule:MoveRandom(): New position: (41, 53)
41s DeviceModule:MoveRandom(): New position: (42, 53)
42s DeviceModule:MoveRandom(): New position: (42, 54)
43s DeviceModule:MoveRandom(): New position: (41, 54)
44s DeviceModule:MoveRandom(): New position: (41, 53)
45s DeviceModule:MoveRandom(): New position: (41, 52)
46s DeviceModule:MoveRandom(): New position: (42, 52)
47s DeviceModule:MoveRandom(): New position: (42, 53)
48s DeviceModule:MoveRandom(): New position: (42, 54)
49s DeviceModule:MoveRandom(): New position: (41, 54)
50s DecisionModule:Run(): Run decision
50s DecisionModule:AnalyzingNetworks(): Current Network: 
       [Network #1, Technology = Wimax, Address = 02-06-00:00:00:00:00:04, { DataRate: 59, SignalStrength: 48, AntiFragility: 75}, IQ: 64]
50s DecisionModule:ShowAllNetworks(): All detected networks:
       [Network #1, Technology = Wimax, Address = 02-06-00:00:00:00:00:04, { DataRate: 59, SignalStrength: 48, AntiFragility: 75}, IQ: 64]
       [Network #0, Technology = Wifi, Address = 02-06-00:00:00:00:00:02, { DataRate: 7, SignalStrength: 46, AntiFragility: 83}, IQ: 54]
50s ExecutionModule:Run(): Decision time => Seconds: 0, Miliseconds: 138
50s ExecutionModule:Run(): Handover time => Seconds: 0, Miliseconds: 31
50s ExecutionModule:Run(): Event: Vertical Handover.
50s DeviceModule:MoveRandom(): New position: (40, 54)
51s DeviceModule:MoveRandom(): New position: (39, 54)
52s DeviceModule:MoveRandom(): New position: (40, 54)
53s DeviceModule:MoveRandom(): New position: (39, 54)
54s DeviceModule:MoveRandom(): New position: (38, 54)
55s DeviceModule:MoveRandom(): New position: (39, 54)
56s DeviceModule:MoveRandom(): New position: (39, 55)
57s DeviceModule:MoveRandom(): New position: (39, 56)
58s DeviceModule:MoveRandom(): New position: (38, 56)
59s DeviceModule:MoveRandom(): New position: (37, 56)
60s DecisionModule:Run(): Run decision
60s DecisionModule:AnalyzingNetworks(): Current Network: 
       [Network #1, Technology = Wimax, Address = 02-06-00:00:00:00:00:04, { DataRate: 80, SignalStrength: 18, AntiFragility: 12}, IQ: 30]
60s DecisionModule:ShowAllNetworks(): All detected networks:
       [Network #1, Technology = Wimax, Address = 02-06-00:00:00:00:00:04, { DataRate: 80, SignalStrength: 18, AntiFragility: 12}, IQ: 30]
       [Network #0, Technology = Wifi, Address = 02-06-00:00:00:00:00:02, { DataRate: 1, SignalStrength: 41, AntiFragility: 24}, IQ: 22]
60s DeviceModule:MoveRandom(): New position: (37, 57)
61s DeviceModule:MoveRandom(): New position: (38, 57)
62s DeviceModule:MoveRandom(): New position: (37, 57)
63s DeviceModule:MoveRandom(): New position: (37, 58)
64s DeviceModule:MoveRandom(): New position: (38, 58)
65s DeviceModule:MoveRandom(): New position: (39, 58)
66s DeviceModule:MoveRandom(): New position: (39, 57)
67s DeviceModule:MoveRandom(): New position: (39, 58)
68s DeviceModule:MoveRandom(): New position: (38, 58)
69s DeviceModule:MoveRandom(): New position: (38, 57)
70s DecisionModule:Run(): Run decision
70s DecisionModule:AnalyzingNetworks(): Current Network: 
       [Network #0, Technology = Wifi, Address = 02-06-00:00:00:00:00:02, { DataRate: 15, SignalStrength: 56, AntiFragility: 22}, IQ: 28]
70s DecisionModule:ShowAllNetworks(): All detected networks:
       [Network #0, Technology = Wifi, Address = 02-06-00:00:00:00:00:02, { DataRate: 15, SignalStrength: 56, AntiFragility: 22}, IQ: 28]
       [Network #1, Technology = Wimax, Address = 02-06-00:00:00:00:00:04, { DataRate: 45, SignalStrength: 26, AntiFragility: 10}, IQ: 22]
70s ExecutionModule:Run(): Decision time => Seconds: 0, Miliseconds: 136
70s ExecutionModule:Run(): Handover time => Seconds: 0, Miliseconds: 32
70s ExecutionModule:Run(): Event: Vertical Handover.
70s DeviceModule:MoveRandom(): New position: (38, 56)
71s DeviceModule:MoveRandom(): New position: (38, 55)
72s DeviceModule:MoveRandom(): New position: (38, 56)
73s DeviceModule:MoveRandom(): New position: (37, 56)
74s DeviceModule:MoveRandom(): New position: (36, 56)
75s DeviceModule:MoveRandom(): New position: (35, 56)
76s DeviceModule:MoveRandom(): New position: (34, 56)
77s DeviceModule:MoveRandom(): New position: (35, 56)
78s DeviceModule:MoveRandom(): New position: (35, 57)
79s DeviceModule:MoveRandom(): New position: (36, 57)
80s DecisionModule:Run(): Run decision
80s DecisionModule:AnalyzingNetworks(): Current Network: 
       [Network #1, Technology = Wimax, Address = 02-06-00:00:00:00:00:04, { DataRate: 85, SignalStrength: 18, AntiFragility: 23}, IQ: 37]
80s DecisionModule:ShowAllNetworks(): All detected networks:
       [Network #1, Technology = Wimax, Address = 02-06-00:00:00:00:00:04, { DataRate: 85, SignalStrength: 18, AntiFragility: 23}, IQ: 37]
       [Network #0, Technology = Wifi, Address = 02-06-00:00:00:00:00:02, { DataRate: 1, SignalStrength: 19, AntiFragility: 61}, IQ: 35]
80s ExecutionModule:Run(): Decision time => Seconds: 0, Miliseconds: 139
80s ExecutionModule:Run(): Handover time => Seconds: 0, Miliseconds: 31
80s ExecutionModule:Run(): Event: Vertical Handover.
80s DeviceModule:MoveRandom(): New position: (36, 56)
81s DeviceModule:MoveRandom(): New position: (36, 57)
82s DeviceModule:MoveRandom(): New position: (36, 58)
83s DeviceModule:MoveRandom(): New position: (37, 58)
84s DeviceModule:MoveRandom(): New position: (36, 58)
85s DeviceModule:MoveRandom(): New position: (35, 58)
86s DeviceModule:MoveRandom(): New position: (34, 58)
87s DeviceModule:MoveRandom(): New position: (34, 57)
88s DeviceModule:MoveRandom(): New position: (33, 57)
89s DeviceModule:MoveRandom(): New position: (33, 58)
90s DecisionModule:Run(): Run decision
90s DecisionModule:AnalyzingNetworks(): Current Network: 
       [Network #1, Technology = Wimax, Address = 02-06-00:00:00:00:00:04, { DataRate: 80, SignalStrength: 99, AntiFragility: 91}, IQ: 90]
90s DecisionModule:ShowAllNetworks(): All detected networks:
       [Network #1, Technology = Wimax, Address = 02-06-00:00:00:00:00:04, { DataRate: 80, SignalStrength: 99, AntiFragility: 91}, IQ: 90]
       [Network #0, Technology = Wifi, Address = 02-06-00:00:00:00:00:02, { DataRate: 32, SignalStrength: 82, AntiFragility: 20}, IQ: 38]
90s DeviceModule:MoveRandom(): New position: (33, 59)
91s DeviceModule:MoveRandom(): New position: (34, 59)
92s DeviceModule:MoveRandom(): New position: (34, 58)
93s DeviceModule:MoveRandom(): New position: (35, 58)
94s DeviceModule:MoveRandom(): New position: (36, 58)
95s DeviceModule:MoveRandom(): New position: (36, 57)
96s DeviceModule:MoveRandom(): New position: (36, 58)
97s DeviceModule:MoveRandom(): New position: (36, 57)
98s DeviceModule:MoveRandom(): New position: (36, 58)
99s DeviceModule:MoveRandom(): New position: (36, 59)
100s DecisionModule:Run(): Run decision
100s DecisionModule:AnalyzingNetworks(): Current Network: 
       [Network #1, Technology = Wimax, Address = 02-06-00:00:00:00:00:04, { DataRate: 87, SignalStrength: 78, AntiFragility: 88}, IQ: 85]
100s DecisionModule:ShowAllNetworks(): All detected networks:
       [Network #1, Technology = Wimax, Address = 02-06-00:00:00:00:00:04, { DataRate: 87, SignalStrength: 78, AntiFragility: 88}, IQ: 85]
       [Network #0, Technology = Wifi, Address = 02-06-00:00:00:00:00:02, { DataRate: 50, SignalStrength: 64, AntiFragility: 85}, IQ: 71]
100s DeviceModule:MoveRandom(): New position: (35, 59)
101s DeviceModule:MoveRandom(): New position: (35, 58)
102s DeviceModule:MoveRandom(): New position: (36, 58)
103s DeviceModule:MoveRandom(): New position: (36, 57)
104s DeviceModule:MoveRandom(): New position: (37, 57)
105s DeviceModule:MoveRandom(): New position: (37, 58)
106s DeviceModule:MoveRandom(): New position: (38, 58)
107s DeviceModule:MoveRandom(): New position: (38, 59)
108s DeviceModule:MoveRandom(): New position: (39, 59)
109s DeviceModule:MoveRandom(): New position: (40, 59)
110s DecisionModule:Run(): Run decision
110s DecisionModule:AnalyzingNetworks(): Current Network: 
       [Network #1, Technology = Wimax, Address = 02-06-00:00:00:00:00:04, { DataRate: 63, SignalStrength: 74, AntiFragility: 94}, IQ: 81]
110s DecisionModule:ShowAllNetworks(): All detected networks:
       [Network #1, Technology = Wimax, Address = 02-06-00:00:00:00:00:04, { DataRate: 63, SignalStrength: 74, AntiFragility: 94}, IQ: 81]
       [Network #0, Technology = Wifi, Address = 02-06-00:00:00:00:00:02, { DataRate: 90, SignalStrength: 5, AntiFragility: 29}, IQ: 38]
110s DeviceModule:MoveRandom(): New position: (40, 60)
111s DeviceModule:MoveRandom(): New position: (40, 61)
112s DeviceModule:MoveRandom(): New position: (41, 61)
113s DeviceModule:MoveRandom(): New position: (41, 62)
114s DeviceModule:MoveRandom(): New position: (41, 61)
115s DeviceModule:MoveRandom(): New position: (42, 61)
116s DeviceModule:MoveRandom(): New position: (41, 61)
117s DeviceModule:MoveRandom(): New position: (42, 61)
118s DeviceModule:MoveRandom(): New position: (43, 61)
119s DeviceModule:MoveRandom(): New position: (43, 60)
120s DecisionModule:Run(): Run decision
120s DecisionModule:AnalyzingNetworks(): Current Network: 
       [Network #0, Technology = Wifi, Address = 02-06-00:00:00:00:00:02, { DataRate: 16, SignalStrength: 23, AntiFragility: 72}, IQ: 45]
120s DecisionModule:ShowAllNetworks(): All detected networks:
       [Network #0, Technology = Wifi, Address = 02-06-00:00:00:00:00:02, { DataRate: 16, SignalStrength: 23, AntiFragility: 72}, IQ: 45]
       [Network #1, Technology = Wimax, Address = 02-06-00:00:00:00:00:04, { DataRate: 2, SignalStrength: 45, AntiFragility: 12}, IQ: 17]
120s ExecutionModule:Run(): Decision time => Seconds: 0, Miliseconds: 141
120s ExecutionModule:Run(): Handover time => Seconds: 0, Miliseconds: 31
120s ExecutionModule:Run(): Event: Vertical Handover.
120s DeviceModule:MoveRandom(): New position: (43, 61)
121s DeviceModule:MoveRandom(): New position: (43, 60)
122s DeviceModule:MoveRandom(): New position: (43, 61)
123s DeviceModule:MoveRandom(): New position: (43, 60)
124s DeviceModule:MoveRandom(): New position: (42, 60)
125s DeviceModule:MoveRandom(): New position: (41, 60)
126s DeviceModule:MoveRandom(): New position: (41, 59)
127s DeviceModule:MoveRandom(): New position: (40, 59)
128s DeviceModule:MoveRandom(): New position: (39, 59)
129s DeviceModule:MoveRandom(): New position: (38, 59)
130s DecisionModule:Run(): Run decision
130s DecisionModule:AnalyzingNetworks(): Current Network: 
       [Network #0, Technology = Wifi, Address = 02-06-00:00:00:00:00:02, { DataRate: 91, SignalStrength: 14, AntiFragility: 65}, IQ: 58]
130s DecisionModule:ShowAllNetworks(): All detected networks:
       [Network #0, Technology = Wifi, Address = 02-06-00:00:00:00:00:02, { DataRate: 91, SignalStrength: 14, AntiFragility: 65}, IQ: 58]
       [Network #1, Technology = Wimax, Address = 02-06-00:00:00:00:00:04, { DataRate: 61, SignalStrength: 24, AntiFragility: 3}, IQ: 22]
130s DeviceModule:MoveRandom(): New position: (37, 59)
131s DeviceModule:MoveRandom(): New position: (38, 59)
132s DeviceModule:MoveRandom(): New position: (38, 60)
133s DeviceModule:MoveRandom(): New position: (39, 60)
134s DeviceModule:MoveRandom(): New position: (39, 61)
135s DeviceModule:MoveRandom(): New position: (39, 62)
136s DeviceModule:MoveRandom(): New position: (39, 61)
137s DeviceModule:MoveRandom(): New position: (38, 61)
138s DeviceModule:MoveRandom(): New position: (37, 61)
139s DeviceModule:MoveRandom(): New position: (37, 62)
140s DecisionModule:Run(): Run decision
140s DecisionModule:AnalyzingNetworks(): Current Network: 
       [Network #0, Technology = Wifi, Address = 02-06-00:00:00:00:00:02, { DataRate: 99, SignalStrength: 27, AntiFragility: 57}, IQ: 60]
140s DecisionModule:ShowAllNetworks(): All detected networks:
       [Network #0, Technology = Wifi, Address = 02-06-00:00:00:00:00:02, { DataRate: 99, SignalStrength: 27, AntiFragility: 57}, IQ: 60]
       [Network #1, Technology = Wimax, Address = 02-06-00:00:00:00:00:04, { DataRate: 76, SignalStrength: 63, AntiFragility: 15}, IQ: 42]
140s DeviceModule:MoveRandom(): New position: (38, 62)
141s DeviceModule:MoveRandom(): New position: (37, 62)
142s DeviceModule:MoveRandom(): New position: (37, 61)
143s DeviceModule:MoveRandom(): New position: (36, 61)
144s DeviceModule:MoveRandom(): New position: (35, 61)
145s DeviceModule:MoveRandom(): New position: (35, 60)
146s DeviceModule:MoveRandom(): New position: (35, 59)
147s DeviceModule:MoveRandom(): New position: (35, 60)
148s DeviceModule:MoveRandom(): New position: (34, 60)
149s DeviceModule:MoveRandom(): New position: (35, 60)
150s DecisionModule:Run(): Run decision
150s DecisionModule:AnalyzingNetworks(): Current Network: 
       [Network #1, Technology = Wimax, Address = 02-06-00:00:00:00:00:04, { DataRate: 10, SignalStrength: 76, AntiFragility: 82}, IQ: 62]
150s DecisionModule:ShowAllNetworks(): All detected networks:
       [Network #1, Technology = Wimax, Address = 02-06-00:00:00:00:00:04, { DataRate: 10, SignalStrength: 76, AntiFragility: 82}, IQ: 62]
       [Network #0, Technology = Wifi, Address = 02-06-00:00:00:00:00:02, { DataRate: 31, SignalStrength: 79, AntiFragility: 1}, IQ: 28]
150s ExecutionModule:Run(): Decision time => Seconds: 0, Miliseconds: 138
150s ExecutionModule:Run(): Handover time => Seconds: 0, Miliseconds: 31
150s ExecutionModule:Run(): Event: Vertical Handover.
150s DeviceModule:MoveRandom(): New position: (35, 61)
151s DeviceModule:MoveRandom(): New position: (35, 62)
152s DeviceModule:MoveRandom(): New position: (36, 62)
153s DeviceModule:MoveRandom(): New position: (37, 62)
154s DeviceModule:MoveRandom(): New position: (37, 61)
155s DeviceModule:MoveRandom(): New position: (38, 61)
156s DeviceModule:MoveRandom(): New position: (37, 61)
157s DeviceModule:MoveRandom(): New position: (37, 62)
158s DeviceModule:MoveRandom(): New position: (37, 63)
159s DeviceModule:MoveRandom(): New position: (37, 62)
160s DecisionModule:Run(): Run decision
160s DecisionModule:AnalyzingNetworks(): Current Network: 
       [Network #0, Technology = Wifi, Address = 02-06-00:00:00:00:00:02, { DataRate: 27, SignalStrength: 19, AntiFragility: 77}, IQ: 50]
160s DecisionModule:ShowAllNetworks(): All detected networks:
       [Network #0, Technology = Wifi, Address = 02-06-00:00:00:00:00:02, { DataRate: 27, SignalStrength: 19, AntiFragility: 77}, IQ: 50]
       [Network #1, Technology = Wimax, Address = 02-06-00:00:00:00:00:04, { DataRate: 5, SignalStrength: 28, AntiFragility: 20}, IQ: 18]
160s ExecutionModule:Run(): Decision time => Seconds: 0, Miliseconds: 138
160s ExecutionModule:Run(): Handover time => Seconds: 0, Miliseconds: 31
160s ExecutionModule:Run(): Event: Vertical Handover.
160s DeviceModule:MoveRandom(): New position: (37, 61)
161s DeviceModule:MoveRandom(): New position: (38, 61)
162s DeviceModule:MoveRandom(): New position: (39, 61)
163s DeviceModule:MoveRandom(): New position: (39, 62)
164s DeviceModule:MoveRandom(): New position: (39, 61)
165s DeviceModule:MoveRandom(): New position: (39, 62)
166s DeviceModule:MoveRandom(): New position: (40, 62)
167s DeviceModule:MoveRandom(): New position: (39, 62)
168s DeviceModule:MoveRandom(): New position: (40, 62)
169s DeviceModule:MoveRandom(): New position: (40, 63)
170s DecisionModule:Run(): Run decision
170s DecisionModule:AnalyzingNetworks(): Current Network: 
       [Network #0, Technology = Wifi, Address = 02-06-00:00:00:00:00:02, { DataRate: 81, SignalStrength: 76, AntiFragility: 35}, IQ: 56]
170s DecisionModule:ShowAllNetworks(): All detected networks:
       [Network #0, Technology = Wifi, Address = 02-06-00:00:00:00:00:02, { DataRate: 81, SignalStrength: 76, AntiFragility: 35}, IQ: 56]
       [Network #1, Technology = Wimax, Address = 02-06-00:00:00:00:00:04, { DataRate: 34, SignalStrength: 11, AntiFragility: 43}, IQ: 32]
170s DeviceModule:MoveRandom(): New position: (41, 63)
171s DeviceModule:MoveRandom(): New position: (41, 62)
172s DeviceModule:MoveRandom(): New position: (42, 62)
173s DeviceModule:MoveRandom(): New position: (41, 62)
174s DeviceModule:MoveRandom(): New position: (41, 61)
175s DeviceModule:MoveRandom(): New position: (40, 61)
176s DeviceModule:MoveRandom(): New position: (39, 61)
177s DeviceModule:MoveRandom(): New position: (39, 60)
178s DeviceModule:MoveRandom(): New position: (39, 59)
179s DeviceModule:MoveRandom(): New position: (39, 60)
180s DecisionModule:Run(): Run decision
180s DecisionModule:AnalyzingNetworks(): Current Network: 
       [Network #0, Technology = Wifi, Address = 02-06-00:00:00:00:00:02, { DataRate: 52, SignalStrength: 75, AntiFragility: 86}, IQ: 74]
180s DecisionModule:ShowAllNetworks(): All detected networks:
       [Network #0, Technology = Wifi, Address = 02-06-00:00:00:00:00:02, { DataRate: 52, SignalStrength: 75, AntiFragility: 86}, IQ: 74]
       [Network #1, Technology = Wimax, Address = 02-06-00:00:00:00:00:04, { DataRate: 29, SignalStrength: 40, AntiFragility: 65}, IQ: 49]
180s DeviceModule:MoveRandom(): New position: (39, 61)
181s DeviceModule:MoveRandom(): New position: (40, 61)
182s DeviceModule:MoveRandom(): New position: (39, 61)
183s DeviceModule:MoveRandom(): New position: (39, 62)
184s DeviceModule:MoveRandom(): New position: (39, 61)
185s DeviceModule:MoveRandom(): New position: (40, 61)
186s DeviceModule:MoveRandom(): New position: (39, 61)
187s DeviceModule:MoveRandom(): New position: (38, 61)
188s DeviceModule:MoveRandom(): New position: (38, 60)
189s DeviceModule:MoveRandom(): New position: (39, 60)
190s DecisionModule:Run(): Run decision
190s DecisionModule:AnalyzingNetworks(): Current Network: 
       [Network #1, Technology = Wimax, Address = 02-06-00:00:00:00:00:04, { DataRate: 60, SignalStrength: 7, AntiFragility: 92}, IQ: 62]
190s DecisionModule:ShowAllNetworks(): All detected networks:
       [Network #1, Technology = Wimax, Address = 02-06-00:00:00:00:00:04, { DataRate: 60, SignalStrength: 7, AntiFragility: 92}, IQ: 62]
       [Network #0, Technology = Wifi, Address = 02-06-00:00:00:00:00:02, { DataRate: 19, SignalStrength: 55, AntiFragility: 50}, IQ: 43]
190s ExecutionModule:Run(): Decision time => Seconds: 0, Miliseconds: 138
190s ExecutionModule:Run(): Handover time => Seconds: 0, Miliseconds: 30
190s ExecutionModule:Run(): Event: Vertical Handover.
190s DeviceModule:MoveRandom(): New position: (40, 60)
191s DeviceModule:MoveRandom(): New position: (41, 60)
192s DeviceModule:MoveRandom(): New position: (40, 60)
193s DeviceModule:MoveRandom(): New position: (39, 60)
194s DeviceModule:MoveRandom(): New position: (40, 60)
195s DeviceModule:MoveRandom(): New position: (41, 60)
196s DeviceModule:MoveRandom(): New position: (41, 61)
197s DeviceModule:MoveRandom(): New position: (41, 60)
198s DeviceModule:MoveRandom(): New position: (42, 60)
199s DeviceModule:MoveRandom(): New position: (41, 60)
