Waf: Entering directory `/home/renan/Documents/NR2/ns-allinone-3.20/ns-3.20/build'
Waf: Leaving directory `/home/renan/Documents/NR2/ns-allinone-3.20/ns-3.20/build'
'build' finished successfully (1.785s)
0s NetworkModule:SetPosition(): Network 0 set position => (138, 85)
0s NetworkModule:SetRange(): Network 0 set range => 100
0s NetworkModule:SetPosition(): Network 1 set position => (141, 198)
0s NetworkModule:SetRange(): Network 1 set range => 100
0s NetworkModule:SetPosition(): Network 2 set position => (20, 46)
0s NetworkModule:SetRange(): Network 2 set range => 100
0s NetworkModule:SetPosition(): Network 3 set position => (182, 184)
0s NetworkModule:SetRange(): Network 3 set range => 100
0s NetworkModule:SetPosition(): Network 4 set position => (42, 40)
0s NetworkModule:SetRange(): Network 4 set range => 100
0s NetworkModule:SetPosition(): Network 5 set position => (146, 136)
0s NetworkModule:SetRange(): Network 5 set range => 100
0s NetworkModule:SetPosition(): Network 6 set position => (80, 75)
0s NetworkModule:SetRange(): Network 6 set range => 100
0s NetworkModule:SetPosition(): Network 7 set position => (181, 61)
0s NetworkModule:SetRange(): Network 7 set range => 100
0s NetworkModule:SetPosition(): Network 8 set position => (86, 70)
0s NetworkModule:SetRange(): Network 8 set range => 100
0s NetworkModule:SetPosition(): Network 9 set position => (137, 58)
0s NetworkModule:SetRange(): Network 9 set range => 100
0s NetworkModule:SetPosition(): Network 10 set position => (144, 20)
0s NetworkModule:SetRange(): Network 10 set range => 100
0s NetworkModule:SetPosition(): Network 11 set position => (197, 91)
0s NetworkModule:SetRange(): Network 11 set range => 100
0s NetworkModule:SetPosition(): Network 12 set position => (44, 172)
0s NetworkModule:SetRange(): Network 12 set range => 100
0s NetworkModule:SetPosition(): Network 13 set position => (54, 96)
0s NetworkModule:SetRange(): Network 13 set range => 100
0s NetworkModule:SetPosition(): Network 14 set position => (77, 191)
0s NetworkModule:SetRange(): Network 14 set range => 100
0s NetworkModule:SetPosition(): Network 15 set position => (76, 22)
0s NetworkModule:SetRange(): Network 15 set range => 100
0s NetworkModule:SetPosition(): Network 16 set position => (173, 15)
0s NetworkModule:SetRange(): Network 16 set range => 100
0s NetworkModule:SetPosition(): Network 17 set position => (61, 169)
0s NetworkModule:SetRange(): Network 17 set range => 100
0s NetworkModule:SetPosition(): Network 18 set position => (153, 193)
0s NetworkModule:SetRange(): Network 18 set range => 100
0s NetworkModule:SetPosition(): Network 19 set position => (185, 195)
0s NetworkModule:SetRange(): Network 19 set range => 100
0s DeviceModule:ConfigureMobility(): Device [init x = 100, init y = 100, max = 200, velocity = 1]
1s DeviceModule:MoveRandom(): New position: (100, 99)
1s DecisionModule:AddNetworkToList(): Network detected
1s DecisionModule:AddNetworkToList(): Network detected
1s DecisionModule:AddNetworkToList(): Network detected
1s DecisionModule:AddNetworkToList(): Network detected
1s DecisionModule:AddNetworkToList(): Network detected
1s DecisionModule:AddNetworkToList(): Network detected
1s DecisionModule:AddNetworkToList(): Network detected
1s DecisionModule:AddNetworkToList(): Network detected
1s DecisionModule:AddNetworkToList(): Network detected
1s DecisionModule:AddNetworkToList(): Network detected
1s DecisionModule:AddNetworkToList(): Network detected
1s DecisionModule:AddNetworkToList(): Network detected
1s DecisionModule:AddNetworkToList(): Network detected
1s DecisionModule:AddNetworkToList(): Network detected
1s DecisionModule:AddNetworkToList(): Network detected
2s DeviceModule:MoveRandom(): New position: (100, 100)
3s DeviceModule:MoveRandom(): New position: (101, 100)
4s DeviceModule:MoveRandom(): New position: (101, 101)
5s DeviceModule:MoveRandom(): New position: (101, 100)
6s DeviceModule:MoveRandom(): New position: (102, 100)
7s DeviceModule:MoveRandom(): New position: (103, 100)
8s DeviceModule:MoveRandom(): New position: (103, 101)
9s DeviceModule:MoveRandom(): New position: (103, 100)
10s DeviceModule:MoveRandom(): New position: (103, 99)
11s DeviceModule:MoveRandom(): New position: (103, 100)
12s DeviceModule:MoveRandom(): New position: (103, 99)
13s DeviceModule:MoveRandom(): New position: (103, 100)
14s DeviceModule:MoveRandom(): New position: (103, 99)
15s DecisionModule:Run(): Run decision
15s DecisionModule:AnalyzingNetworks(): Current Network: 
       [Network #15, Technology = Wifi, Address = 02-06-00:00:00:00:00:11, { DataRate: 79, SignalStrength: 49, AntiFragility: 71}, IQ: 67]
15s DecisionModule:ShowAllNetworks(): All detected networks:
       [Network #15, Technology = Wifi, Address = 02-06-00:00:00:00:00:11, { DataRate: 79, SignalStrength: 49, AntiFragility: 71}, IQ: 67]
       [Network #13, Technology = Wifi, Address = 02-06-00:00:00:00:00:0f, { DataRate: 92, SignalStrength: 39, AntiFragility: 64}, IQ: 64]
       [Network #11, Technology = Wifi, Address = 02-06-00:00:00:00:00:0d, { DataRate: 38, SignalStrength: 94, AntiFragility: 53}, IQ: 59]
       [Network #4, Technology = Wifi, Address = 02-06-00:00:00:00:00:06, { DataRate: 34, SignalStrength: 52, AntiFragility: 70}, IQ: 56]
       [Network #7, Technology = Wifi, Address = 02-06-00:00:00:00:00:09, { DataRate: 54, SignalStrength: 1, AntiFragility: 79}, IQ: 53]
       [Network #10, Technology = Wifi, Address = 02-06-00:00:00:00:00:0c, { DataRate: 62, SignalStrength: 53, AntiFragility: 43}, IQ: 50]
       [Network #17, Technology = Wifi, Address = 02-06-00:00:00:00:00:13, { DataRate: 68, SignalStrength: 84, AntiFragility: 25}, IQ: 50]
       [Network #0, Technology = Wifi, Address = 02-06-00:00:00:00:00:02, { DataRate: 37, SignalStrength: 35, AntiFragility: 55}, IQ: 45]
       [Network #12, Technology = Wifi, Address = 02-06-00:00:00:00:00:0e, { DataRate: 75, SignalStrength: 81, AntiFragility: 9}, IQ: 43]
       [Network #5, Technology = Wifi, Address = 02-06-00:00:00:00:00:07, { DataRate: 37, SignalStrength: 53, AntiFragility: 36}, IQ: 40]
       [Network #14, Technology = Wifi, Address = 02-06-00:00:00:00:00:10, { DataRate: 26, SignalStrength: 44, AntiFragility: 35}, IQ: 35]
       [Network #2, Technology = Wifi, Address = 02-06-00:00:00:00:00:04, { DataRate: 17, SignalStrength: 6, AntiFragility: 55}, IQ: 33]
       [Network #9, Technology = Wifi, Address = 02-06-00:00:00:00:00:0b, { DataRate: 18, SignalStrength: 77, AntiFragility: 19}, IQ: 33]
       [Network #6, Technology = Wifi, Address = 02-06-00:00:00:00:00:08, { DataRate: 1, SignalStrength: 39, AntiFragility: 34}, IQ: 27]
       [Network #8, Technology = Wifi, Address = 02-06-00:00:00:00:00:0a, { DataRate: 35, SignalStrength: 40, AntiFragility: 4}, IQ: 20]
15s DeviceModule:MoveRandom(): New position: (103, 98)
16s DeviceModule:MoveRandom(): New position: (103, 97)
17s DeviceModule:MoveRandom(): New position: (104, 97)
18s DeviceModule:MoveRandom(): New position: (104, 98)
19s DeviceModule:MoveRandom(): New position: (104, 97)
20s DeviceModule:MoveRandom(): New position: (104, 96)
21s DeviceModule:MoveRandom(): New position: (103, 96)
22s DeviceModule:MoveRandom(): New position: (103, 97)
23s DeviceModule:MoveRandom(): New position: (104, 97)
24s DeviceModule:MoveRandom(): New position: (103, 97)
25s DeviceModule:MoveRandom(): New position: (103, 96)
26s DeviceModule:MoveRandom(): New position: (103, 97)
27s DeviceModule:MoveRandom(): New position: (103, 98)
28s DeviceModule:MoveRandom(): New position: (102, 98)
29s DeviceModule:MoveRandom(): New position: (101, 98)
30s DecisionModule:Run(): Run decision
30s DecisionModule:AnalyzingNetworks(): Current Network: 
       [Network #4, Technology = Wifi, Address = 02-06-00:00:00:00:00:06, { DataRate: 59, SignalStrength: 32, AntiFragility: 95}, IQ: 70]
30s DecisionModule:ShowAllNetworks(): All detected networks:
       [Network #4, Technology = Wifi, Address = 02-06-00:00:00:00:00:06, { DataRate: 59, SignalStrength: 32, AntiFragility: 95}, IQ: 70]
       [Network #0, Technology = Wifi, Address = 02-06-00:00:00:00:00:02, { DataRate: 60, SignalStrength: 24, AntiFragility: 95}, IQ: 68]
       [Network #12, Technology = Wifi, Address = 02-06-00:00:00:00:00:0e, { DataRate: 90, SignalStrength: 35, AntiFragility: 60}, IQ: 61]
       [Network #6, Technology = Wifi, Address = 02-06-00:00:00:00:00:08, { DataRate: 48, SignalStrength: 30, AntiFragility: 82}, IQ: 60]
       [Network #2, Technology = Wifi, Address = 02-06-00:00:00:00:00:04, { DataRate: 28, SignalStrength: 79, AntiFragility: 66}, IQ: 59]
       [Network #9, Technology = Wifi, Address = 02-06-00:00:00:00:00:0b, { DataRate: 40, SignalStrength: 98, AntiFragility: 34}, IQ: 51]
       [Network #8, Technology = Wifi, Address = 02-06-00:00:00:00:00:0a, { DataRate: 97, SignalStrength: 71, AntiFragility: 5}, IQ: 44]
       [Network #5, Technology = Wifi, Address = 02-06-00:00:00:00:00:07, { DataRate: 18, SignalStrength: 38, AntiFragility: 56}, IQ: 42]
       [Network #10, Technology = Wifi, Address = 02-06-00:00:00:00:00:0c, { DataRate: 70, SignalStrength: 41, AntiFragility: 30}, IQ: 42]
       [Network #14, Technology = Wifi, Address = 02-06-00:00:00:00:00:10, { DataRate: 74, SignalStrength: 86, AntiFragility: 2}, IQ: 41]
       [Network #11, Technology = Wifi, Address = 02-06-00:00:00:00:00:0d, { DataRate: 12, SignalStrength: 19, AntiFragility: 68}, IQ: 41]
       [Network #17, Technology = Wifi, Address = 02-06-00:00:00:00:00:13, { DataRate: 24, SignalStrength: 70, AntiFragility: 16}, IQ: 31]
       [Network #15, Technology = Wifi, Address = 02-06-00:00:00:00:00:11, { DataRate: 18, SignalStrength: 96, AntiFragility: 1}, IQ: 29]
       [Network #7, Technology = Wifi, Address = 02-06-00:00:00:00:00:09, { DataRate: 48, SignalStrength: 22, AntiFragility: 15}, IQ: 25]
       [Network #13, Technology = Wifi, Address = 02-06-00:00:00:00:00:0f, { DataRate: 1, SignalStrength: 41, AntiFragility: 12}, IQ: 16]
30s ExecutionModule:Run(): Decision time => Seconds: 0, Miliseconds: 261
30s ExecutionModule:Run(): Handover time => Seconds: 0, Miliseconds: 177
30s ExecutionModule:Run(): Event: Horizontal Handover.
30s DeviceModule:MoveRandom(): New position: (101, 99)
31s DeviceModule:MoveRandom(): New position: (102, 99)
32s DeviceModule:MoveRandom(): New position: (101, 99)
33s DeviceModule:MoveRandom(): New position: (100, 99)
34s DeviceModule:MoveRandom(): New position: (101, 99)
35s DeviceModule:MoveRandom(): New position: (101, 98)
36s DeviceModule:MoveRandom(): New position: (101, 97)
37s DeviceModule:MoveRandom(): New position: (101, 98)
38s DeviceModule:MoveRandom(): New position: (102, 98)
39s DeviceModule:MoveRandom(): New position: (101, 98)
40s DeviceModule:MoveRandom(): New position: (101, 97)
41s DeviceModule:MoveRandom(): New position: (100, 97)
42s DeviceModule:MoveRandom(): New position: (100, 98)
43s DeviceModule:MoveRandom(): New position: (100, 99)
44s DeviceModule:MoveRandom(): New position: (99, 99)
45s DecisionModule:Run(): Run decision
45s DecisionModule:AnalyzingNetworks(): Current Network: 
       [Network #12, Technology = Wifi, Address = 02-06-00:00:00:00:00:0e, { DataRate: 82, SignalStrength: 81, AntiFragility: 96}, IQ: 88]
45s DecisionModule:ShowAllNetworks(): All detected networks:
       [Network #12, Technology = Wifi, Address = 02-06-00:00:00:00:00:0e, { DataRate: 82, SignalStrength: 81, AntiFragility: 96}, IQ: 88]
       [Network #5, Technology = Wifi, Address = 02-06-00:00:00:00:00:07, { DataRate: 23, SignalStrength: 73, AntiFragility: 96}, IQ: 72]
       [Network #8, Technology = Wifi, Address = 02-06-00:00:00:00:00:0a, { DataRate: 31, SignalStrength: 61, AntiFragility: 93}, IQ: 69]
       [Network #4, Technology = Wifi, Address = 02-06-00:00:00:00:00:06, { DataRate: 69, SignalStrength: 9, AntiFragility: 90}, IQ: 64]
       [Network #2, Technology = Wifi, Address = 02-06-00:00:00:00:00:04, { DataRate: 63, SignalStrength: 87, AntiFragility: 36}, IQ: 55]
       [Network #10, Technology = Wifi, Address = 02-06-00:00:00:00:00:0c, { DataRate: 18, SignalStrength: 70, AntiFragility: 67}, IQ: 55]
       [Network #11, Technology = Wifi, Address = 02-06-00:00:00:00:00:0d, { DataRate: 49, SignalStrength: 66, AntiFragility: 48}, IQ: 52]
       [Network #7, Technology = Wifi, Address = 02-06-00:00:00:00:00:09, { DataRate: 91, SignalStrength: 43, AntiFragility: 27}, IQ: 47]
       [Network #17, Technology = Wifi, Address = 02-06-00:00:00:00:00:13, { DataRate: 75, SignalStrength: 52, AntiFragility: 22}, IQ: 42]
       [Network #13, Technology = Wifi, Address = 02-06-00:00:00:00:00:0f, { DataRate: 53, SignalStrength: 31, AntiFragility: 43}, IQ: 42]
       [Network #0, Technology = Wifi, Address = 02-06-00:00:00:00:00:02, { DataRate: 26, SignalStrength: 85, AntiFragility: 22}, IQ: 38]
       [Network #14, Technology = Wifi, Address = 02-06-00:00:00:00:00:10, { DataRate: 80, SignalStrength: 57, AntiFragility: 6}, IQ: 37]
       [Network #9, Technology = Wifi, Address = 02-06-00:00:00:00:00:0b, { DataRate: 42, SignalStrength: 71, AntiFragility: 13}, IQ: 34]
       [Network #15, Technology = Wifi, Address = 02-06-00:00:00:00:00:11, { DataRate: 10, SignalStrength: 52, AntiFragility: 19}, IQ: 25]
       [Network #6, Technology = Wifi, Address = 02-06-00:00:00:00:00:08, { DataRate: 8, SignalStrength: 10, AntiFragility: 39}, IQ: 24]
45s ExecutionModule:Run(): Decision time => Seconds: 0, Miliseconds: 263
45s ExecutionModule:Run(): Handover time => Seconds: 0, Miliseconds: 335
45s ExecutionModule:Run(): Event: Horizontal Handover.
45s DeviceModule:MoveRandom(): New position: (99, 98)
46s DeviceModule:MoveRandom(): New position: (100, 98)
47s DeviceModule:MoveRandom(): New position: (101, 98)
48s DeviceModule:MoveRandom(): New position: (101, 99)
49s DeviceModule:MoveRandom(): New position: (101, 98)
50s DeviceModule:MoveRandom(): New position: (101, 99)
51s DeviceModule:MoveRandom(): New position: (102, 99)
52s DeviceModule:MoveRandom(): New position: (101, 99)
53s DeviceModule:MoveRandom(): New position: (101, 100)
54s DeviceModule:MoveRandom(): New position: (102, 100)
55s DeviceModule:MoveRandom(): New position: (101, 100)
56s DeviceModule:MoveRandom(): New position: (102, 100)
57s DeviceModule:MoveRandom(): New position: (101, 100)
58s DeviceModule:MoveRandom(): New position: (100, 100)
59s DeviceModule:MoveRandom(): New position: (100, 101)
60s DecisionModule:Run(): Run decision
60s DecisionModule:AnalyzingNetworks(): Current Network: 
       [Network #7, Technology = Wifi, Address = 02-06-00:00:00:00:00:09, { DataRate: 45, SignalStrength: 94, AntiFragility: 85}, IQ: 77]
60s DecisionModule:ShowAllNetworks(): All detected networks:
       [Network #7, Technology = Wifi, Address = 02-06-00:00:00:00:00:09, { DataRate: 45, SignalStrength: 94, AntiFragility: 85}, IQ: 77]
       [Network #0, Technology = Wifi, Address = 02-06-00:00:00:00:00:02, { DataRate: 76, SignalStrength: 14, AntiFragility: 85}, IQ: 65]
       [Network #12, Technology = Wifi, Address = 02-06-00:00:00:00:00:0e, { DataRate: 28, SignalStrength: 89, AntiFragility: 54}, IQ: 56]
       [Network #14, Technology = Wifi, Address = 02-06-00:00:00:00:00:10, { DataRate: 65, SignalStrength: 19, AntiFragility: 60}, IQ: 51]
       [Network #10, Technology = Wifi, Address = 02-06-00:00:00:00:00:0c, { DataRate: 95, SignalStrength: 15, AntiFragility: 43}, IQ: 49]
       [Network #15, Technology = Wifi, Address = 02-06-00:00:00:00:00:11, { DataRate: 34, SignalStrength: 15, AntiFragility: 75}, IQ: 49]
       [Network #4, Technology = Wifi, Address = 02-06-00:00:00:00:00:06, { DataRate: 68, SignalStrength: 68, AntiFragility: 27}, IQ: 47]
       [Network #2, Technology = Wifi, Address = 02-06-00:00:00:00:00:04, { DataRate: 88, SignalStrength: 71, AntiFragility: 12}, IQ: 45]
       [Network #6, Technology = Wifi, Address = 02-06-00:00:00:00:00:08, { DataRate: 54, SignalStrength: 79, AntiFragility: 16}, IQ: 41]
       [Network #8, Technology = Wifi, Address = 02-06-00:00:00:00:00:0a, { DataRate: 95, SignalStrength: 14, AntiFragility: 16}, IQ: 35]
       [Network #11, Technology = Wifi, Address = 02-06-00:00:00:00:00:0d, { DataRate: 13, SignalStrength: 3, AntiFragility: 37}, IQ: 22]
       [Network #17, Technology = Wifi, Address = 02-06-00:00:00:00:00:13, { DataRate: 28, SignalStrength: 9, AntiFragility: 19}, IQ: 18]
       [Network #9, Technology = Wifi, Address = 02-06-00:00:00:00:00:0b, { DataRate: 20, SignalStrength: 35, AntiFragility: 7}, IQ: 17]
       [Network #13, Technology = Wifi, Address = 02-06-00:00:00:00:00:0f, { DataRate: 19, SignalStrength: 8, AntiFragility: 5}, IQ: 9]
       [Network #5, Technology = Wifi, Address = 02-06-00:00:00:00:00:07, { DataRate: 22, SignalStrength: 2, AntiFragility: 5}, IQ: 8]
60s ExecutionModule:Run(): Decision time => Seconds: 0, Miliseconds: 422
60s ExecutionModule:Run(): Handover time => Seconds: 0, Miliseconds: 160
60s ExecutionModule:Run(): Event: Horizontal Handover.
60s DeviceModule:MoveRandom(): New position: (101, 101)
61s DeviceModule:MoveRandom(): New position: (100, 101)
62s DeviceModule:MoveRandom(): New position: (99, 101)
63s DeviceModule:MoveRandom(): New position: (98, 101)
64s DeviceModule:MoveRandom(): New position: (98, 100)
65s DeviceModule:MoveRandom(): New position: (99, 100)
66s DeviceModule:MoveRandom(): New position: (99, 101)
67s DeviceModule:MoveRandom(): New position: (99, 102)
68s DeviceModule:MoveRandom(): New position: (99, 101)
69s DeviceModule:MoveRandom(): New position: (99, 100)
70s DeviceModule:MoveRandom(): New position: (99, 99)
71s DeviceModule:MoveRandom(): New position: (98, 99)
72s DeviceModule:MoveRandom(): New position: (97, 99)
73s DeviceModule:MoveRandom(): New position: (97, 98)
74s DeviceModule:MoveRandom(): New position: (97, 97)
75s DecisionModule:Run(): Run decision
75s DecisionModule:AnalyzingNetworks(): Current Network: 
       [Network #8, Technology = Wifi, Address = 02-06-00:00:00:00:00:0a, { DataRate: 88, SignalStrength: 90, AntiFragility: 94}, IQ: 91]
75s DecisionModule:ShowAllNetworks(): All detected networks:
       [Network #8, Technology = Wifi, Address = 02-06-00:00:00:00:00:0a, { DataRate: 88, SignalStrength: 90, AntiFragility: 94}, IQ: 91]
       [Network #17, Technology = Wifi, Address = 02-06-00:00:00:00:00:13, { DataRate: 95, SignalStrength: 79, AntiFragility: 81}, IQ: 84]
       [Network #11, Technology = Wifi, Address = 02-06-00:00:00:00:00:0d, { DataRate: 82, SignalStrength: 39, AntiFragility: 93}, IQ: 76]
       [Network #14, Technology = Wifi, Address = 02-06-00:00:00:00:00:10, { DataRate: 86, SignalStrength: 22, AntiFragility: 97}, IQ: 75]
       [Network #15, Technology = Wifi, Address = 02-06-00:00:00:00:00:11, { DataRate: 45, SignalStrength: 68, AntiFragility: 89}, IQ: 72]
       [Network #0, Technology = Wifi, Address = 02-06-00:00:00:00:00:02, { DataRate: 35, SignalStrength: 21, AntiFragility: 88}, IQ: 58]
       [Network #6, Technology = Wifi, Address = 02-06-00:00:00:00:00:08, { DataRate: 89, SignalStrength: 40, AntiFragility: 49}, IQ: 56]
       [Network #12, Technology = Wifi, Address = 02-06-00:00:00:00:00:0e, { DataRate: 85, SignalStrength: 75, AntiFragility: 31}, IQ: 55]
       [Network #5, Technology = Wifi, Address = 02-06-00:00:00:00:00:07, { DataRate: 18, SignalStrength: 41, AntiFragility: 77}, IQ: 53]
       [Network #7, Technology = Wifi, Address = 02-06-00:00:00:00:00:09, { DataRate: 99, SignalStrength: 13, AntiFragility: 49}, IQ: 52]
       [Network #2, Technology = Wifi, Address = 02-06-00:00:00:00:00:04, { DataRate: 92, SignalStrength: 14, AntiFragility: 48}, IQ: 50]
       [Network #10, Technology = Wifi, Address = 02-06-00:00:00:00:00:0c, { DataRate: 72, SignalStrength: 57, AntiFragility: 30}, IQ: 47]
       [Network #9, Technology = Wifi, Address = 02-06-00:00:00:00:00:0b, { DataRate: 68, SignalStrength: 62, AntiFragility: 18}, IQ: 41]
       [Network #13, Technology = Wifi, Address = 02-06-00:00:00:00:00:0f, { DataRate: 95, SignalStrength: 59, AntiFragility: 4}, IQ: 40]
       [Network #4, Technology = Wifi, Address = 02-06-00:00:00:00:00:06, { DataRate: 79, SignalStrength: 2, AntiFragility: 29}, IQ: 34]
75s ExecutionModule:Run(): Decision time => Seconds: 0, Miliseconds: 245
75s ExecutionModule:Run(): Handover time => Seconds: 0, Miliseconds: 123
75s ExecutionModule:Run(): Event: Horizontal Handover.
75s DeviceModule:MoveRandom(): New position: (96, 97)
75s DecisionModule:RemoveNetworkFromList(): Network: 11 out of range!
76s DeviceModule:MoveRandom(): New position: (97, 97)
76s DecisionModule:AddNetworkToList(): Network detected
77s DeviceModule:MoveRandom(): New position: (97, 96)
78s DeviceModule:MoveRandom(): New position: (98, 96)
79s DeviceModule:MoveRandom(): New position: (98, 95)
80s DeviceModule:MoveRandom(): New position: (98, 94)
81s DeviceModule:MoveRandom(): New position: (98, 95)
82s DeviceModule:MoveRandom(): New position: (98, 96)
83s DeviceModule:MoveRandom(): New position: (99, 96)
84s DeviceModule:MoveRandom(): New position: (99, 95)
85s DeviceModule:MoveRandom(): New position: (98, 95)
86s DeviceModule:MoveRandom(): New position: (97, 95)
87s DeviceModule:MoveRandom(): New position: (97, 94)
88s DeviceModule:MoveRandom(): New position: (97, 93)
89s DeviceModule:MoveRandom(): New position: (96, 93)
89s DecisionModule:RemoveNetworkFromList(): Network: 11 out of range!
90s DecisionModule:Run(): Run decision
90s DecisionModule:AnalyzingNetworks(): Current Network: 
       [Network #7, Technology = Wifi, Address = 02-06-00:00:00:00:00:09, { DataRate: 86, SignalStrength: 56, AntiFragility: 72}, IQ: 71]
90s DecisionModule:ShowAllNetworks(): All detected networks:
       [Network #7, Technology = Wifi, Address = 02-06-00:00:00:00:00:09, { DataRate: 86, SignalStrength: 56, AntiFragility: 72}, IQ: 71]
       [Network #5, Technology = Wifi, Address = 02-06-00:00:00:00:00:07, { DataRate: 66, SignalStrength: 53, AntiFragility: 79}, IQ: 69]
       [Network #17, Technology = Wifi, Address = 02-06-00:00:00:00:00:13, { DataRate: 24, SignalStrength: 75, AntiFragility: 85}, IQ: 67]
       [Network #13, Technology = Wifi, Address = 02-06-00:00:00:00:00:0f, { DataRate: 16, SignalStrength: 80, AntiFragility: 81}, IQ: 64]
       [Network #10, Technology = Wifi, Address = 02-06-00:00:00:00:00:0c, { DataRate: 70, SignalStrength: 49, AntiFragility: 58}, IQ: 58]
       [Network #0, Technology = Wifi, Address = 02-06-00:00:00:00:00:02, { DataRate: 41, SignalStrength: 28, AntiFragility: 73}, IQ: 53]
       [Network #2, Technology = Wifi, Address = 02-06-00:00:00:00:00:04, { DataRate: 46, SignalStrength: 22, AntiFragility: 73}, IQ: 53]
       [Network #12, Technology = Wifi, Address = 02-06-00:00:00:00:00:0e, { DataRate: 70, SignalStrength: 87, AntiFragility: 23}, IQ: 50]
       [Network #6, Technology = Wifi, Address = 02-06-00:00:00:00:00:08, { DataRate: 58, SignalStrength: 6, AntiFragility: 69}, IQ: 50]
       [Network #4, Technology = Wifi, Address = 02-06-00:00:00:00:00:06, { DataRate: 77, SignalStrength: 72, AntiFragility: 17}, IQ: 45]
       [Network #9, Technology = Wifi, Address = 02-06-00:00:00:00:00:0b, { DataRate: 47, SignalStrength: 73, AntiFragility: 28}, IQ: 44]
       [Network #14, Technology = Wifi, Address = 02-06-00:00:00:00:00:10, { DataRate: 17, SignalStrength: 54, AntiFragility: 53}, IQ: 44]
       [Network #15, Technology = Wifi, Address = 02-06-00:00:00:00:00:11, { DataRate: 74, SignalStrength: 49, AntiFragility: 1}, IQ: 31]
       [Network #8, Technology = Wifi, Address = 02-06-00:00:00:00:00:0a, { DataRate: 8, SignalStrength: 66, AntiFragility: 1}, IQ: 19]
90s ExecutionModule:Run(): Decision time => Seconds: 0, Miliseconds: 238
90s ExecutionModule:Run(): Handover time => Seconds: 0, Miliseconds: 122
90s ExecutionModule:Run(): Event: Horizontal Handover.
90s DeviceModule:MoveRandom(): New position: (96, 92)
91s DeviceModule:MoveRandom(): New position: (97, 92)
91s DecisionModule:AddNetworkToList(): Network detected
91s DecisionModule:RemoveNetworkFromList(): Network: 14 out of range!
92s DeviceModule:MoveRandom(): New position: (98, 92)
93s DeviceModule:MoveRandom(): New position: (98, 93)
93s DecisionModule:AddNetworkToList(): Network detected
94s DeviceModule:MoveRandom(): New position: (98, 94)
95s DeviceModule:MoveRandom(): New position: (97, 94)
96s DeviceModule:MoveRandom(): New position: (98, 94)
97s DeviceModule:MoveRandom(): New position: (98, 93)
98s DeviceModule:MoveRandom(): New position: (98, 94)
99s DeviceModule:MoveRandom(): New position: (97, 94)
100s DeviceModule:MoveRandom(): New position: (97, 93)
101s DeviceModule:MoveRandom(): New position: (98, 93)
102s DeviceModule:MoveRandom(): New position: (97, 93)
103s DeviceModule:MoveRandom(): New position: (97, 94)
104s DeviceModule:MoveRandom(): New position: (96, 94)
104s DecisionModule:RemoveNetworkFromList(): Network: 11 out of range!
105s DecisionModule:Run(): Run decision
105s DecisionModule:AnalyzingNetworks(): Current Network: 
       [Network #9, Technology = Wifi, Address = 02-06-00:00:00:00:00:0b, { DataRate: 81, SignalStrength: 38, AntiFragility: 98}, IQ: 78]
105s DecisionModule:ShowAllNetworks(): All detected networks:
       [Network #9, Technology = Wifi, Address = 02-06-00:00:00:00:00:0b, { DataRate: 81, SignalStrength: 38, AntiFragility: 98}, IQ: 78]
       [Network #13, Technology = Wifi, Address = 02-06-00:00:00:00:00:0f, { DataRate: 76, SignalStrength: 57, AntiFragility: 76}, IQ: 71]
       [Network #6, Technology = Wifi, Address = 02-06-00:00:00:00:00:08, { DataRate: 14, SignalStrength: 76, AntiFragility: 85}, IQ: 65]
       [Network #15, Technology = Wifi, Address = 02-06-00:00:00:00:00:11, { DataRate: 59, SignalStrength: 59, AntiFragility: 69}, IQ: 64]
       [Network #12, Technology = Wifi, Address = 02-06-00:00:00:00:00:0e, { DataRate: 25, SignalStrength: 92, AntiFragility: 57}, IQ: 57]
       [Network #8, Technology = Wifi, Address = 02-06-00:00:00:00:00:0a, { DataRate: 95, SignalStrength: 35, AntiFragility: 46}, IQ: 55]
       [Network #17, Technology = Wifi, Address = 02-06-00:00:00:00:00:13, { DataRate: 26, SignalStrength: 84, AntiFragility: 50}, IQ: 52]
       [Network #10, Technology = Wifi, Address = 02-06-00:00:00:00:00:0c, { DataRate: 60, SignalStrength: 40, AntiFragility: 52}, IQ: 51]
       [Network #14, Technology = Wifi, Address = 02-06-00:00:00:00:00:10, { DataRate: 52, SignalStrength: 39, AntiFragility: 58}, IQ: 51]
       [Network #0, Technology = Wifi, Address = 02-06-00:00:00:00:00:02, { DataRate: 73, SignalStrength: 90, AntiFragility: 19}, IQ: 50]
       [Network #2, Technology = Wifi, Address = 02-06-00:00:00:00:00:04, { DataRate: 72, SignalStrength: 43, AntiFragility: 42}, IQ: 49]
       [Network #7, Technology = Wifi, Address = 02-06-00:00:00:00:00:09, { DataRate: 84, SignalStrength: 31, AntiFragility: 24}, IQ: 40]
       [Network #4, Technology = Wifi, Address = 02-06-00:00:00:00:00:06, { DataRate: 82, SignalStrength: 13, AntiFragility: 14}, IQ: 30]
       [Network #5, Technology = Wifi, Address = 02-06-00:00:00:00:00:07, { DataRate: 41, SignalStrength: 42, AntiFragility: 18}, IQ: 29]
105s ExecutionModule:Run(): Decision time => Seconds: 0, Miliseconds: 238
105s ExecutionModule:Run(): Handover time => Seconds: 0, Miliseconds: 122
105s ExecutionModule:Run(): Event: Horizontal Handover.
105s DeviceModule:MoveRandom(): New position: (97, 94)
105s DecisionModule:AddNetworkToList(): Network detected
106s DeviceModule:MoveRandom(): New position: (97, 95)
107s DeviceModule:MoveRandom(): New position: (97, 96)
108s DeviceModule:MoveRandom(): New position: (96, 96)
108s DecisionModule:RemoveNetworkFromList(): Network: 11 out of range!
109s DeviceModule:MoveRandom(): New position: (95, 96)
110s DeviceModule:MoveRandom(): New position: (95, 95)
111s DeviceModule:MoveRandom(): New position: (95, 94)
112s DeviceModule:MoveRandom(): New position: (95, 95)
113s DeviceModule:MoveRandom(): New position: (96, 95)
114s DeviceModule:MoveRandom(): New position: (95, 95)
115s DeviceModule:MoveRandom(): New position: (95, 94)
116s DeviceModule:MoveRandom(): New position: (95, 95)
117s DeviceModule:MoveRandom(): New position: (95, 94)
118s DeviceModule:MoveRandom(): New position: (96, 94)
119s DeviceModule:MoveRandom(): New position: (97, 94)
119s DecisionModule:AddNetworkToList(): Network detected
120s DecisionModule:Run(): Run decision
120s DecisionModule:AnalyzingNetworks(): Current Network: 
       [Network #17, Technology = Wifi, Address = 02-06-00:00:00:00:00:13, { DataRate: 84, SignalStrength: 60, AntiFragility: 96}, IQ: 84]
120s DecisionModule:ShowAllNetworks(): All detected networks:
       [Network #17, Technology = Wifi, Address = 02-06-00:00:00:00:00:13, { DataRate: 84, SignalStrength: 60, AntiFragility: 96}, IQ: 84]
       [Network #13, Technology = Wifi, Address = 02-06-00:00:00:00:00:0f, { DataRate: 98, SignalStrength: 49, AntiFragility: 88}, IQ: 80]
       [Network #8, Technology = Wifi, Address = 02-06-00:00:00:00:00:0a, { DataRate: 62, SignalStrength: 82, AntiFragility: 58}, IQ: 65]
       [Network #11, Technology = Wifi, Address = 02-06-00:00:00:00:00:0d, { DataRate: 93, SignalStrength: 88, AntiFragility: 36}, IQ: 63]
       [Network #7, Technology = Wifi, Address = 02-06-00:00:00:00:00:09, { DataRate: 86, SignalStrength: 15, AntiFragility: 71}, IQ: 60]
       [Network #15, Technology = Wifi, Address = 02-06-00:00:00:00:00:11, { DataRate: 59, SignalStrength: 32, AntiFragility: 75}, IQ: 60]
       [Network #6, Technology = Wifi, Address = 02-06-00:00:00:00:00:08, { DataRate: 68, SignalStrength: 73, AntiFragility: 36}, IQ: 53]
       [Network #9, Technology = Wifi, Address = 02-06-00:00:00:00:00:0b, { DataRate: 58, SignalStrength: 98, AntiFragility: 24}, IQ: 51]
       [Network #14, Technology = Wifi, Address = 02-06-00:00:00:00:00:10, { DataRate: 55, SignalStrength: 28, AntiFragility: 53}, IQ: 47]
       [Network #5, Technology = Wifi, Address = 02-06-00:00:00:00:00:07, { DataRate: 9, SignalStrength: 30, AntiFragility: 51}, IQ: 35]
       [Network #10, Technology = Wifi, Address = 02-06-00:00:00:00:00:0c, { DataRate: 63, SignalStrength: 5, AntiFragility: 37}, IQ: 35]
       [Network #4, Technology = Wifi, Address = 02-06-00:00:00:00:00:06, { DataRate: 36, SignalStrength: 3, AntiFragility: 40}, IQ: 29]
       [Network #12, Technology = Wifi, Address = 02-06-00:00:00:00:00:0e, { DataRate: 85, SignalStrength: 12, AntiFragility: 6}, IQ: 27]
       [Network #2, Technology = Wifi, Address = 02-06-00:00:00:00:00:04, { DataRate: 36, SignalStrength: 26, AntiFragility: 21}, IQ: 26]
       [Network #0, Technology = Wifi, Address = 02-06-00:00:00:00:00:02, { DataRate: 4, SignalStrength: 50, AntiFragility: 11}, IQ: 19]
120s ExecutionModule:Run(): Decision time => Seconds: 0, Miliseconds: 263
120s ExecutionModule:Run(): Handover time => Seconds: 0, Miliseconds: 122
120s ExecutionModule:Run(): Event: Horizontal Handover.
120s DeviceModule:MoveRandom(): New position: (97, 95)
121s DeviceModule:MoveRandom(): New position: (97, 96)
122s DeviceModule:MoveRandom(): New position: (96, 96)
122s DecisionModule:RemoveNetworkFromList(): Network: 11 out of range!
123s DeviceModule:MoveRandom(): New position: (96, 97)
124s DeviceModule:MoveRandom(): New position: (97, 97)
124s DecisionModule:AddNetworkToList(): Network detected
125s DeviceModule:MoveRandom(): New position: (97, 98)
126s DeviceModule:MoveRandom(): New position: (98, 98)
127s DeviceModule:MoveRandom(): New position: (99, 98)
128s DeviceModule:MoveRandom(): New position: (99, 97)
129s DeviceModule:MoveRandom(): New position: (99, 98)
130s DeviceModule:MoveRandom(): New position: (98, 98)
131s DeviceModule:MoveRandom(): New position: (97, 98)
132s DeviceModule:MoveRandom(): New position: (97, 97)
133s DeviceModule:MoveRandom(): New position: (96, 97)
133s DecisionModule:RemoveNetworkFromList(): Network: 11 out of range!
134s DeviceModule:MoveRandom(): New position: (96, 98)
135s DecisionModule:Run(): Run decision
135s DecisionModule:AnalyzingNetworks(): Current Network: 
       [Network #10, Technology = Wifi, Address = 02-06-00:00:00:00:00:0c, { DataRate: 20, SignalStrength: 73, AntiFragility: 89}, IQ: 67]
135s DecisionModule:ShowAllNetworks(): All detected networks:
       [Network #10, Technology = Wifi, Address = 02-06-00:00:00:00:00:0c, { DataRate: 20, SignalStrength: 73, AntiFragility: 89}, IQ: 67]
       [Network #15, Technology = Wifi, Address = 02-06-00:00:00:00:00:11, { DataRate: 99, SignalStrength: 62, AntiFragility: 53}, IQ: 66]
       [Network #13, Technology = Wifi, Address = 02-06-00:00:00:00:00:0f, { DataRate: 46, SignalStrength: 55, AntiFragility: 79}, IQ: 64]
       [Network #6, Technology = Wifi, Address = 02-06-00:00:00:00:00:08, { DataRate: 14, SignalStrength: 52, AntiFragility: 80}, IQ: 56]
       [Network #0, Technology = Wifi, Address = 02-06-00:00:00:00:00:02, { DataRate: 97, SignalStrength: 64, AntiFragility: 22}, IQ: 51]
       [Network #12, Technology = Wifi, Address = 02-06-00:00:00:00:00:0e, { DataRate: 62, SignalStrength: 45, AntiFragility: 48}, IQ: 50]
       [Network #9, Technology = Wifi, Address = 02-06-00:00:00:00:00:0b, { DataRate: 81, SignalStrength: 64, AntiFragility: 27}, IQ: 49]
       [Network #17, Technology = Wifi, Address = 02-06-00:00:00:00:00:13, { DataRate: 58, SignalStrength: 34, AntiFragility: 53}, IQ: 49]
       [Network #8, Technology = Wifi, Address = 02-06-00:00:00:00:00:0a, { DataRate: 60, SignalStrength: 41, AntiFragility: 41}, IQ: 45]
       [Network #2, Technology = Wifi, Address = 02-06-00:00:00:00:00:04, { DataRate: 55, SignalStrength: 20, AntiFragility: 46}, IQ: 41]
       [Network #7, Technology = Wifi, Address = 02-06-00:00:00:00:00:09, { DataRate: 27, SignalStrength: 12, AntiFragility: 41}, IQ: 30]
       [Network #5, Technology = Wifi, Address = 02-06-00:00:00:00:00:07, { DataRate: 18, SignalStrength: 19, AntiFragility: 31}, IQ: 24]
       [Network #4, Technology = Wifi, Address = 02-06-00:00:00:00:00:06, { DataRate: 6, SignalStrength: 4, AntiFragility: 36}, IQ: 20]
       [Network #14, Technology = Wifi, Address = 02-06-00:00:00:00:00:10, { DataRate: 7, SignalStrength: 22, AntiFragility: 3}, IQ: 8]
135s ExecutionModule:Run(): Decision time => Seconds: 0, Miliseconds: 259
135s ExecutionModule:Run(): Handover time => Seconds: 0, Miliseconds: 121
135s ExecutionModule:Run(): Event: Horizontal Handover.
135s DeviceModule:MoveRandom(): New position: (95, 98)
136s DeviceModule:MoveRandom(): New position: (94, 98)
137s DeviceModule:MoveRandom(): New position: (95, 98)
138s DeviceModule:MoveRandom(): New position: (96, 98)
139s DeviceModule:MoveRandom(): New position: (96, 99)
140s DeviceModule:MoveRandom(): New position: (96, 98)
141s DeviceModule:MoveRandom(): New position: (96, 99)
142s DeviceModule:MoveRandom(): New position: (97, 99)
142s DecisionModule:AddNetworkToList(): Network detected
143s DeviceModule:MoveRandom(): New position: (98, 99)
144s DeviceModule:MoveRandom(): New position: (99, 99)
145s DeviceModule:MoveRandom(): New position: (99, 100)
146s DeviceModule:MoveRandom(): New position: (99, 99)
147s DeviceModule:MoveRandom(): New position: (99, 100)
148s DeviceModule:MoveRandom(): New position: (98, 100)
149s DeviceModule:MoveRandom(): New position: (98, 99)
150s DecisionModule:Run(): Run decision
150s DecisionModule:AnalyzingNetworks(): Current Network: 
       [Network #7, Technology = Wifi, Address = 02-06-00:00:00:00:00:09, { DataRate: 66, SignalStrength: 97, AntiFragility: 78}, IQ: 79]
150s DecisionModule:ShowAllNetworks(): All detected networks:
       [Network #7, Technology = Wifi, Address = 02-06-00:00:00:00:00:09, { DataRate: 66, SignalStrength: 97, AntiFragility: 78}, IQ: 79]
       [Network #6, Technology = Wifi, Address = 02-06-00:00:00:00:00:08, { DataRate: 95, SignalStrength: 90, AntiFragility: 57}, IQ: 74]
       [Network #11, Technology = Wifi, Address = 02-06-00:00:00:00:00:0d, { DataRate: 76, SignalStrength: 99, AntiFragility: 38}, IQ: 62]
       [Network #0, Technology = Wifi, Address = 02-06-00:00:00:00:00:02, { DataRate: 84, SignalStrength: 30, AntiFragility: 60}, IQ: 58]
       [Network #8, Technology = Wifi, Address = 02-06-00:00:00:00:00:0a, { DataRate: 63, SignalStrength: 78, AntiFragility: 37}, IQ: 53]
       [Network #10, Technology = Wifi, Address = 02-06-00:00:00:00:00:0c, { DataRate: 53, SignalStrength: 19, AntiFragility: 70}, IQ: 53]
       [Network #13, Technology = Wifi, Address = 02-06-00:00:00:00:00:0f, { DataRate: 34, SignalStrength: 63, AntiFragility: 57}, IQ: 52]
       [Network #12, Technology = Wifi, Address = 02-06-00:00:00:00:00:0e, { DataRate: 62, SignalStrength: 23, AntiFragility: 60}, IQ: 51]
       [Network #5, Technology = Wifi, Address = 02-06-00:00:00:00:00:07, { DataRate: 86, SignalStrength: 72, AntiFragility: 20}, IQ: 49]
       [Network #17, Technology = Wifi, Address = 02-06-00:00:00:00:00:13, { DataRate: 7, SignalStrength: 90, AntiFragility: 42}, IQ: 45]
       [Network #15, Technology = Wifi, Address = 02-06-00:00:00:00:00:11, { DataRate: 90, SignalStrength: 32, AntiFragility: 23}, IQ: 42]
       [Network #9, Technology = Wifi, Address = 02-06-00:00:00:00:00:0b, { DataRate: 23, SignalStrength: 67, AntiFragility: 37}, IQ: 41]
       [Network #2, Technology = Wifi, Address = 02-06-00:00:00:00:00:04, { DataRate: 78, SignalStrength: 27, AntiFragility: 25}, IQ: 38]
       [Network #14, Technology = Wifi, Address = 02-06-00:00:00:00:00:10, { DataRate: 85, SignalStrength: 39, AntiFragility: 1}, IQ: 31]
       [Network #4, Technology = Wifi, Address = 02-06-00:00:00:00:00:06, { DataRate: 70, SignalStrength: 30, AntiFragility: 6}, IQ: 28]
150s ExecutionModule:Run(): Decision time => Seconds: 0, Miliseconds: 264
150s ExecutionModule:Run(): Handover time => Seconds: 0, Miliseconds: 122
150s ExecutionModule:Run(): Event: Horizontal Handover.
150s DeviceModule:MoveRandom(): New position: (99, 99)
151s DeviceModule:MoveRandom(): New position: (99, 100)
152s DeviceModule:MoveRandom(): New position: (100, 100)
153s DeviceModule:MoveRandom(): New position: (100, 101)
154s DeviceModule:MoveRandom(): New position: (99, 101)
155s DeviceModule:MoveRandom(): New position: (98, 101)
156s DeviceModule:MoveRandom(): New position: (98, 102)
157s DeviceModule:MoveRandom(): New position: (99, 102)
158s DeviceModule:MoveRandom(): New position: (99, 103)
159s DeviceModule:MoveRandom(): New position: (100, 103)
160s DeviceModule:MoveRandom(): New position: (101, 103)
161s DeviceModule:MoveRandom(): New position: (101, 102)
162s DeviceModule:MoveRandom(): New position: (101, 101)
163s DeviceModule:MoveRandom(): New position: (102, 101)
164s DeviceModule:MoveRandom(): New position: (103, 101)
165s DecisionModule:Run(): Run decision
165s DecisionModule:AnalyzingNetworks(): Current Network: 
       [Network #13, Technology = Wifi, Address = 02-06-00:00:00:00:00:0f, { DataRate: 75, SignalStrength: 52, AntiFragility: 94}, IQ: 78]
165s DecisionModule:ShowAllNetworks(): All detected networks:
       [Network #13, Technology = Wifi, Address = 02-06-00:00:00:00:00:0f, { DataRate: 75, SignalStrength: 52, AntiFragility: 94}, IQ: 78]
       [Network #10, Technology = Wifi, Address = 02-06-00:00:00:00:00:0c, { DataRate: 31, SignalStrength: 81, AntiFragility: 84}, IQ: 70]
       [Network #8, Technology = Wifi, Address = 02-06-00:00:00:00:00:0a, { DataRate: 35, SignalStrength: 26, AntiFragility: 93}, IQ: 61]
       [Network #2, Technology = Wifi, Address = 02-06-00:00:00:00:00:04, { DataRate: 86, SignalStrength: 64, AntiFragility: 37}, IQ: 56]
       [Network #9, Technology = Wifi, Address = 02-06-00:00:00:00:00:0b, { DataRate: 40, SignalStrength: 46, AntiFragility: 57}, IQ: 50]
       [Network #12, Technology = Wifi, Address = 02-06-00:00:00:00:00:0e, { DataRate: 79, SignalStrength: 68, AntiFragility: 25}, IQ: 49]
       [Network #15, Technology = Wifi, Address = 02-06-00:00:00:00:00:11, { DataRate: 12, SignalStrength: 82, AntiFragility: 49}, IQ: 48]
       [Network #6, Technology = Wifi, Address = 02-06-00:00:00:00:00:08, { DataRate: 8, SignalStrength: 46, AntiFragility: 63}, IQ: 45]
       [Network #14, Technology = Wifi, Address = 02-06-00:00:00:00:00:10, { DataRate: 72, SignalStrength: 20, AntiFragility: 41}, IQ: 43]
       [Network #4, Technology = Wifi, Address = 02-06-00:00:00:00:00:06, { DataRate: 53, SignalStrength: 65, AntiFragility: 28}, IQ: 43]
       [Network #7, Technology = Wifi, Address = 02-06-00:00:00:00:00:09, { DataRate: 93, SignalStrength: 28, AntiFragility: 7}, IQ: 33]
       [Network #17, Technology = Wifi, Address = 02-06-00:00:00:00:00:13, { DataRate: 79, SignalStrength: 23, AntiFragility: 4}, IQ: 27]
       [Network #11, Technology = Wifi, Address = 02-06-00:00:00:00:00:0d, { DataRate: 28, SignalStrength: 34, AntiFragility: 18}, IQ: 24]
       [Network #0, Technology = Wifi, Address = 02-06-00:00:00:00:00:02, { DataRate: 51, SignalStrength: 29, AntiFragility: 4}, IQ: 22]
       [Network #5, Technology = Wifi, Address = 02-06-00:00:00:00:00:07, { DataRate: 57, SignalStrength: 1, AntiFragility: 2}, IQ: 15]
165s ExecutionModule:Run(): Decision time => Seconds: 0, Miliseconds: 265
165s ExecutionModule:Run(): Handover time => Seconds: 0, Miliseconds: 123
165s ExecutionModule:Run(): Event: Horizontal Handover.
165s DeviceModule:MoveRandom(): New position: (103, 100)
166s DeviceModule:MoveRandom(): New position: (103, 101)
167s DeviceModule:MoveRandom(): New position: (102, 101)
168s DeviceModule:MoveRandom(): New position: (102, 102)
169s DeviceModule:MoveRandom(): New position: (103, 102)
170s DeviceModule:MoveRandom(): New position: (102, 102)
171s DeviceModule:MoveRandom(): New position: (102, 103)
172s DeviceModule:MoveRandom(): New position: (101, 103)
173s DeviceModule:MoveRandom(): New position: (102, 103)
174s DeviceModule:MoveRandom(): New position: (102, 104)
175s DeviceModule:MoveRandom(): New position: (102, 105)
175s DecisionModule:AddNetworkToList(): Network detected
175s DecisionModule:RemoveNetworkFromList(): Network: 2 out of range!
176s DeviceModule:MoveRandom(): New position: (101, 105)
176s DecisionModule:RemoveNetworkFromList(): Network: 1 out of range!
176s DecisionModule:AddNetworkToList(): Network detected
177s DeviceModule:MoveRandom(): New position: (101, 104)
178s DeviceModule:MoveRandom(): New position: (101, 105)
179s DeviceModule:MoveRandom(): New position: (100, 105)
180s DecisionModule:Run(): Run decision
180s DecisionModule:AnalyzingNetworks(): Current Network: 
       [Network #2, Technology = Wifi, Address = 02-06-00:00:00:00:00:04, { DataRate: 64, SignalStrength: 95, AntiFragility: 96}, IQ: 87]
180s DecisionModule:ShowAllNetworks(): All detected networks:
       [Network #2, Technology = Wifi, Address = 02-06-00:00:00:00:00:04, { DataRate: 64, SignalStrength: 95, AntiFragility: 96}, IQ: 87]
       [Network #17, Technology = Wifi, Address = 02-06-00:00:00:00:00:13, { DataRate: 54, SignalStrength: 88, AntiFragility: 98}, IQ: 84]
       [Network #0, Technology = Wifi, Address = 02-06-00:00:00:00:00:02, { DataRate: 38, SignalStrength: 66, AntiFragility: 98}, IQ: 75]
       [Network #13, Technology = Wifi, Address = 02-06-00:00:00:00:00:0f, { DataRate: 82, SignalStrength: 18, AntiFragility: 89}, IQ: 69]
       [Network #11, Technology = Wifi, Address = 02-06-00:00:00:00:00:0d, { DataRate: 94, SignalStrength: 26, AntiFragility: 64}, IQ: 62]
       [Network #15, Technology = Wifi, Address = 02-06-00:00:00:00:00:11, { DataRate: 58, SignalStrength: 82, AntiFragility: 53}, IQ: 61]
       [Network #6, Technology = Wifi, Address = 02-06-00:00:00:00:00:08, { DataRate: 76, SignalStrength: 1, AntiFragility: 70}, IQ: 54]
       [Network #4, Technology = Wifi, Address = 02-06-00:00:00:00:00:06, { DataRate: 31, SignalStrength: 27, AntiFragility: 74}, IQ: 51]
       [Network #9, Technology = Wifi, Address = 02-06-00:00:00:00:00:0b, { DataRate: 46, SignalStrength: 3, AntiFragility: 77}, IQ: 50]
       [Network #8, Technology = Wifi, Address = 02-06-00:00:00:00:00:0a, { DataRate: 14, SignalStrength: 91, AntiFragility: 37}, IQ: 44]
       [Network #10, Technology = Wifi, Address = 02-06-00:00:00:00:00:0c, { DataRate: 89, SignalStrength: 40, AntiFragility: 20}, IQ: 42]
       [Network #14, Technology = Wifi, Address = 02-06-00:00:00:00:00:10, { DataRate: 42, SignalStrength: 7, AntiFragility: 49}, IQ: 36]
       [Network #5, Technology = Wifi, Address = 02-06-00:00:00:00:00:07, { DataRate: 34, SignalStrength: 26, AntiFragility: 40}, IQ: 35]
       [Network #12, Technology = Wifi, Address = 02-06-00:00:00:00:00:0e, { DataRate: 88, SignalStrength: 14, AntiFragility: 14}, IQ: 32]
       [Network #7, Technology = Wifi, Address = 02-06-00:00:00:00:00:09, { DataRate: 84, SignalStrength: 16, AntiFragility: 9}, IQ: 29]
180s ExecutionModule:Run(): Decision time => Seconds: 0, Miliseconds: 247
180s ExecutionModule:Run(): Handover time => Seconds: 0, Miliseconds: 124
180s ExecutionModule:Run(): Event: Horizontal Handover.
180s DeviceModule:MoveRandom(): New position: (100, 104)
181s DeviceModule:MoveRandom(): New position: (101, 104)
182s DeviceModule:MoveRandom(): New position: (101, 103)
183s DeviceModule:MoveRandom(): New position: (100, 103)
184s DeviceModule:MoveRandom(): New position: (101, 103)
185s DeviceModule:MoveRandom(): New position: (101, 102)
186s DeviceModule:MoveRandom(): New position: (102, 102)
187s DeviceModule:MoveRandom(): New position: (102, 101)
188s DeviceModule:MoveRandom(): New position: (103, 101)
189s DeviceModule:MoveRandom(): New position: (103, 102)
190s DeviceModule:MoveRandom(): New position: (102, 102)
191s DeviceModule:MoveRandom(): New position: (102, 101)
192s DeviceModule:MoveRandom(): New position: (102, 100)
193s DeviceModule:MoveRandom(): New position: (102, 99)
194s DeviceModule:MoveRandom(): New position: (101, 99)
195s DecisionModule:Run(): Run decision
195s DecisionModule:AnalyzingNetworks(): Current Network: 
       [Network #13, Technology = Wifi, Address = 02-06-00:00:00:00:00:0f, { DataRate: 53, SignalStrength: 59, AntiFragility: 96}, IQ: 76]
195s DecisionModule:ShowAllNetworks(): All detected networks:
       [Network #13, Technology = Wifi, Address = 02-06-00:00:00:00:00:0f, { DataRate: 53, SignalStrength: 59, AntiFragility: 96}, IQ: 76]
       [Network #9, Technology = Wifi, Address = 02-06-00:00:00:00:00:0b, { DataRate: 12, SignalStrength: 79, AntiFragility: 97}, IQ: 71]
       [Network #6, Technology = Wifi, Address = 02-06-00:00:00:00:00:08, { DataRate: 88, SignalStrength: 65, AntiFragility: 60}, IQ: 68]
       [Network #17, Technology = Wifi, Address = 02-06-00:00:00:00:00:13, { DataRate: 55, SignalStrength: 22, AntiFragility: 96}, IQ: 67]
       [Network #11, Technology = Wifi, Address = 02-06-00:00:00:00:00:0d, { DataRate: 25, SignalStrength: 38, AntiFragility: 97}, IQ: 64]
       [Network #8, Technology = Wifi, Address = 02-06-00:00:00:00:00:0a, { DataRate: 36, SignalStrength: 40, AntiFragility: 90}, IQ: 64]
       [Network #5, Technology = Wifi, Address = 02-06-00:00:00:00:00:07, { DataRate: 83, SignalStrength: 46, AntiFragility: 60}, IQ: 62]
       [Network #10, Technology = Wifi, Address = 02-06-00:00:00:00:00:0c, { DataRate: 44, SignalStrength: 17, AntiFragility: 92}, IQ: 61]
       [Network #0, Technology = Wifi, Address = 02-06-00:00:00:00:00:02, { DataRate: 12, SignalStrength: 48, AntiFragility: 80}, IQ: 55]
       [Network #12, Technology = Wifi, Address = 02-06-00:00:00:00:00:0e, { DataRate: 31, SignalStrength: 42, AntiFragility: 65}, IQ: 50]
       [Network #15, Technology = Wifi, Address = 02-06-00:00:00:00:00:11, { DataRate: 2, SignalStrength: 77, AntiFragility: 58}, IQ: 48]
       [Network #14, Technology = Wifi, Address = 02-06-00:00:00:00:00:10, { DataRate: 61, SignalStrength: 14, AntiFragility: 47}, IQ: 42]
       [Network #7, Technology = Wifi, Address = 02-06-00:00:00:00:00:09, { DataRate: 42, SignalStrength: 39, AntiFragility: 42}, IQ: 41]
       [Network #4, Technology = Wifi, Address = 02-06-00:00:00:00:00:06, { DataRate: 17, SignalStrength: 12, AntiFragility: 64}, IQ: 39]
       [Network #2, Technology = Wifi, Address = 02-06-00:00:00:00:00:04, { DataRate: 1, SignalStrength: 64, AntiFragility: 25}, IQ: 28]
195s ExecutionModule:Run(): Decision time => Seconds: 0, Miliseconds: 296
195s ExecutionModule:Run(): Handover time => Seconds: 0, Miliseconds: 132
195s ExecutionModule:Run(): Event: Horizontal Handover.
195s DeviceModule:MoveRandom(): New position: (102, 99)
196s DeviceModule:MoveRandom(): New position: (102, 98)
197s DeviceModule:MoveRandom(): New position: (103, 98)
198s DeviceModule:MoveRandom(): New position: (102, 98)
199s DeviceModule:MoveRandom(): New position: (101, 98)
