Waf: Entering directory `/home/renan/Documents/NR2/ns-allinone-3.20/ns-3.20/build'
Waf: Leaving directory `/home/renan/Documents/NR2/ns-allinone-3.20/ns-3.20/build'
'build' finished successfully (1.835s)
0s NetworkModule:SetPosition(): Network 0 set position => (60, 56)
0s NetworkModule:SetRange(): Network 0 set range => 100
0s NetworkModule:SetPosition(): Network 1 set position => (74, 76)
0s NetworkModule:SetRange(): Network 1 set range => 100
0s NetworkModule:SetPosition(): Network 2 set position => (141, 164)
0s NetworkModule:SetRange(): Network 2 set range => 100
0s NetworkModule:SetPosition(): Network 3 set position => (20, 14)
0s NetworkModule:SetRange(): Network 3 set range => 100
0s NetworkModule:SetPosition(): Network 4 set position => (112, 182)
0s NetworkModule:SetRange(): Network 4 set range => 100
0s NetworkModule:SetPosition(): Network 5 set position => (56, 87)
0s NetworkModule:SetRange(): Network 5 set range => 100
0s NetworkModule:SetPosition(): Network 6 set position => (155, 169)
0s NetworkModule:SetRange(): Network 6 set range => 100
0s NetworkModule:SetPosition(): Network 7 set position => (64, 35)
0s NetworkModule:SetRange(): Network 7 set range => 100
0s NetworkModule:SetPosition(): Network 8 set position => (148, 184)
0s NetworkModule:SetRange(): Network 8 set range => 100
0s NetworkModule:SetPosition(): Network 9 set position => (59, 42)
0s NetworkModule:SetRange(): Network 9 set range => 100
0s NetworkModule:SetPosition(): Network 10 set position => (171, 82)
0s NetworkModule:SetRange(): Network 10 set range => 100
0s NetworkModule:SetPosition(): Network 11 set position => (163, 46)
0s NetworkModule:SetRange(): Network 11 set range => 100
0s NetworkModule:SetPosition(): Network 12 set position => (135, 53)
0s NetworkModule:SetRange(): Network 12 set range => 100
0s NetworkModule:SetPosition(): Network 13 set position => (177, 26)
0s NetworkModule:SetRange(): Network 13 set range => 100
0s NetworkModule:SetPosition(): Network 14 set position => (177, 76)
0s NetworkModule:SetRange(): Network 14 set range => 100
0s NetworkModule:SetPosition(): Network 15 set position => (132, 9)
0s NetworkModule:SetRange(): Network 15 set range => 100
0s NetworkModule:SetPosition(): Network 16 set position => (37, 38)
0s NetworkModule:SetRange(): Network 16 set range => 100
0s NetworkModule:SetPosition(): Network 17 set position => (154, 158)
0s NetworkModule:SetRange(): Network 17 set range => 100
0s NetworkModule:SetPosition(): Network 18 set position => (173, 131)
0s NetworkModule:SetRange(): Network 18 set range => 100
0s NetworkModule:SetPosition(): Network 19 set position => (113, 174)
0s NetworkModule:SetRange(): Network 19 set range => 100
0s DeviceModule:ConfigureMobility(): Device [init x = 100, init y = 100, max = 200, velocity = 1]
1s DeviceModule:MoveRandom(): New position: (100, 101)
1s DecisionModule:AddNetworkToList(): Network detected
1s DecisionModule:AddNetworkToList(): Network detected
1s DecisionModule:AddNetworkToList(): Network detected
1s DecisionModule:AddNetworkToList(): Network detected
1s DecisionModule:AddNetworkToList(): Network detected
1s DecisionModule:AddNetworkToList(): Network detected
1s DecisionModule:AddNetworkToList(): Network detected
1s DecisionModule:AddNetworkToList(): Network detected
1s DecisionModule:AddNetworkToList(): Network detected
1s DecisionModule:AddNetworkToList(): Network detected
1s DecisionModule:AddNetworkToList(): Network detected
1s DecisionModule:AddNetworkToList(): Network detected
1s DecisionModule:AddNetworkToList(): Network detected
1s DecisionModule:AddNetworkToList(): Network detected
1s DecisionModule:AddNetworkToList(): Network detected
1s DecisionModule:AddNetworkToList(): Network detected
1s DecisionModule:AddNetworkToList(): Network detected
1s DecisionModule:AddNetworkToList(): Network detected
2s DeviceModule:MoveRandom(): New position: (100, 102)
3s DeviceModule:MoveRandom(): New position: (101, 102)
4s DeviceModule:MoveRandom(): New position: (100, 102)
5s DeviceModule:MoveRandom(): New position: (100, 101)
6s DeviceModule:MoveRandom(): New position: (99, 101)
7s DeviceModule:MoveRandom(): New position: (99, 102)
8s DeviceModule:MoveRandom(): New position: (99, 101)
9s DeviceModule:MoveRandom(): New position: (99, 100)
10s DeviceModule:MoveRandom(): New position: (99, 99)
11s DeviceModule:MoveRandom(): New position: (99, 100)
12s DeviceModule:MoveRandom(): New position: (99, 101)
13s DeviceModule:MoveRandom(): New position: (99, 102)
14s DeviceModule:MoveRandom(): New position: (99, 103)
15s DecisionModule:Run(): Run decision
15s DecisionModule:AnalyzingNetworks(): Current Network: 
       [Network #7, Technology = Wifi, Address = 02-06-00:00:00:00:00:09, { DataRate: 71, SignalStrength: 72, AntiFragility: 91}, IQ: 81]
15s DecisionModule:ShowAllNetworks(): All detected networks:
       [Network #7, Technology = Wifi, Address = 02-06-00:00:00:00:00:09, { DataRate: 71, SignalStrength: 72, AntiFragility: 91}, IQ: 81]
       [Network #6, Technology = Wifi, Address = 02-06-00:00:00:00:00:08, { DataRate: 51, SignalStrength: 58, AntiFragility: 93}, IQ: 73]
       [Network #10, Technology = Wifi, Address = 02-06-00:00:00:00:00:0c, { DataRate: 30, SignalStrength: 76, AntiFragility: 86}, IQ: 69]
       [Network #14, Technology = Wifi, Address = 02-06-00:00:00:00:00:10, { DataRate: 68, SignalStrength: 87, AntiFragility: 59}, IQ: 68]
       [Network #1, Technology = Wifi, Address = 02-06-00:00:00:00:00:03, { DataRate: 61, SignalStrength: 55, AntiFragility: 71}, IQ: 64]
       [Network #4, Technology = Wifi, Address = 02-06-00:00:00:00:00:06, { DataRate: 45, SignalStrength: 8, AntiFragility: 92}, IQ: 59]
       [Network #11, Technology = Wifi, Address = 02-06-00:00:00:00:00:0d, { DataRate: 5, SignalStrength: 32, AntiFragility: 97}, IQ: 57]
       [Network #2, Technology = Wifi, Address = 02-06-00:00:00:00:00:04, { DataRate: 1, SignalStrength: 49, AntiFragility: 84}, IQ: 54]
       [Network #9, Technology = Wifi, Address = 02-06-00:00:00:00:00:0b, { DataRate: 38, SignalStrength: 41, AntiFragility: 68}, IQ: 53]
       [Network #15, Technology = Wifi, Address = 02-06-00:00:00:00:00:11, { DataRate: 69, SignalStrength: 31, AntiFragility: 57}, IQ: 53]
       [Network #12, Technology = Wifi, Address = 02-06-00:00:00:00:00:0e, { DataRate: 61, SignalStrength: 3, AntiFragility: 58}, IQ: 45]
       [Network #16, Technology = Wifi, Address = 02-06-00:00:00:00:00:12, { DataRate: 78, SignalStrength: 59, AntiFragility: 22}, IQ: 45]
       [Network #0, Technology = Wifi, Address = 02-06-00:00:00:00:00:02, { DataRate: 59, SignalStrength: 4, AntiFragility: 55}, IQ: 43]
       [Network #18, Technology = Wimax, Address = 02-06-00:00:00:00:00:15, { DataRate: 20, SignalStrength: 48, AntiFragility: 49}, IQ: 41]
       [Network #19, Technology = Wimax, Address = 02-06-00:00:00:00:00:16, { DataRate: 93, SignalStrength: 4, AntiFragility: 35}, IQ: 41]
       [Network #5, Technology = Wifi, Address = 02-06-00:00:00:00:00:07, { DataRate: 65, SignalStrength: 32, AntiFragility: 28}, IQ: 38]
       [Network #17, Technology = Wifi, Address = 02-06-00:00:00:00:00:13, { DataRate: 62, SignalStrength: 4, AntiFragility: 25}, IQ: 29]
       [Network #8, Technology = Wifi, Address = 02-06-00:00:00:00:00:0a, { DataRate: 34, SignalStrength: 28, AntiFragility: 4}, IQ: 17]
15s DeviceModule:MoveRandom(): New position: (100, 103)
16s DeviceModule:MoveRandom(): New position: (101, 103)
17s DeviceModule:MoveRandom(): New position: (100, 103)
18s DeviceModule:MoveRandom(): New position: (99, 103)
19s DeviceModule:MoveRandom(): New position: (98, 103)
20s DeviceModule:MoveRandom(): New position: (99, 103)
21s DeviceModule:MoveRandom(): New position: (99, 102)
22s DeviceModule:MoveRandom(): New position: (99, 103)
23s DeviceModule:MoveRandom(): New position: (98, 103)
24s DeviceModule:MoveRandom(): New position: (99, 103)
25s DeviceModule:MoveRandom(): New position: (99, 104)
26s DeviceModule:MoveRandom(): New position: (99, 105)
26s DecisionModule:RemoveNetworkFromList(): Network: 15 out of range!
27s DeviceModule:MoveRandom(): New position: (99, 106)
28s DeviceModule:MoveRandom(): New position: (100, 106)
29s DeviceModule:MoveRandom(): New position: (101, 106)
30s DecisionModule:Run(): Run decision
30s DecisionModule:AnalyzingNetworks(): Current Network: 
       [Network #7, Technology = Wifi, Address = 02-06-00:00:00:00:00:09, { DataRate: 95, SignalStrength: 94, AntiFragility: 90}, IQ: 92]
30s DecisionModule:ShowAllNetworks(): All detected networks:
       [Network #7, Technology = Wifi, Address = 02-06-00:00:00:00:00:09, { DataRate: 95, SignalStrength: 94, AntiFragility: 90}, IQ: 92]
       [Network #17, Technology = Wifi, Address = 02-06-00:00:00:00:00:13, { DataRate: 64, SignalStrength: 87, AntiFragility: 91}, IQ: 83]
       [Network #12, Technology = Wifi, Address = 02-06-00:00:00:00:00:0e, { DataRate: 88, SignalStrength: 93, AntiFragility: 74}, IQ: 82]
       [Network #19, Technology = Wimax, Address = 02-06-00:00:00:00:00:16, { DataRate: 13, SignalStrength: 95, AntiFragility: 88}, IQ: 71]
       [Network #1, Technology = Wifi, Address = 02-06-00:00:00:00:00:03, { DataRate: 61, SignalStrength: 36, AntiFragility: 92}, IQ: 70]
       [Network #9, Technology = Wifi, Address = 02-06-00:00:00:00:00:0b, { DataRate: 27, SignalStrength: 96, AntiFragility: 71}, IQ: 66]
       [Network #5, Technology = Wifi, Address = 02-06-00:00:00:00:00:07, { DataRate: 40, SignalStrength: 31, AntiFragility: 91}, IQ: 63]
       [Network #2, Technology = Wifi, Address = 02-06-00:00:00:00:00:04, { DataRate: 39, SignalStrength: 72, AntiFragility: 62}, IQ: 58]
       [Network #4, Technology = Wifi, Address = 02-06-00:00:00:00:00:06, { DataRate: 27, SignalStrength: 84, AntiFragility: 51}, IQ: 53]
       [Network #16, Technology = Wifi, Address = 02-06-00:00:00:00:00:12, { DataRate: 49, SignalStrength: 84, AntiFragility: 31}, IQ: 48]
       [Network #10, Technology = Wifi, Address = 02-06-00:00:00:00:00:0c, { DataRate: 7, SignalStrength: 78, AntiFragility: 48}, IQ: 45]
       [Network #0, Technology = Wifi, Address = 02-06-00:00:00:00:00:02, { DataRate: 8, SignalStrength: 15, AntiFragility: 79}, IQ: 45]
       [Network #14, Technology = Wifi, Address = 02-06-00:00:00:00:00:10, { DataRate: 43, SignalStrength: 92, AntiFragility: 13}, IQ: 40]
       [Network #6, Technology = Wifi, Address = 02-06-00:00:00:00:00:08, { DataRate: 61, SignalStrength: 91, AntiFragility: 5}, IQ: 40]
       [Network #18, Technology = Wimax, Address = 02-06-00:00:00:00:00:15, { DataRate: 51, SignalStrength: 7, AntiFragility: 44}, IQ: 36]
       [Network #8, Technology = Wifi, Address = 02-06-00:00:00:00:00:0a, { DataRate: 82, SignalStrength: 36, AntiFragility: 1}, IQ: 30]
       [Network #11, Technology = Wifi, Address = 02-06-00:00:00:00:00:0d, { DataRate: 7, SignalStrength: 3, AntiFragility: 12}, IQ: 8]
30s DeviceModule:MoveRandom(): New position: (102, 106)
31s DeviceModule:MoveRandom(): New position: (102, 107)
32s DeviceModule:MoveRandom(): New position: (102, 108)
33s DeviceModule:MoveRandom(): New position: (103, 108)
34s DeviceModule:MoveRandom(): New position: (102, 108)
35s DeviceModule:MoveRandom(): New position: (102, 107)
36s DeviceModule:MoveRandom(): New position: (102, 108)
37s DeviceModule:MoveRandom(): New position: (102, 109)
38s DeviceModule:MoveRandom(): New position: (101, 109)
39s DeviceModule:MoveRandom(): New position: (101, 108)
40s DeviceModule:MoveRandom(): New position: (101, 107)
41s DeviceModule:MoveRandom(): New position: (100, 107)
42s DeviceModule:MoveRandom(): New position: (99, 107)
43s DeviceModule:MoveRandom(): New position: (99, 108)
44s DeviceModule:MoveRandom(): New position: (98, 108)
45s DecisionModule:Run(): Run decision
45s DecisionModule:AnalyzingNetworks(): Current Network: 
       [Network #6, Technology = Wifi, Address = 02-06-00:00:00:00:00:08, { DataRate: 98, SignalStrength: 67, AntiFragility: 82}, IQ: 82]
45s DecisionModule:ShowAllNetworks(): All detected networks:
       [Network #6, Technology = Wifi, Address = 02-06-00:00:00:00:00:08, { DataRate: 98, SignalStrength: 67, AntiFragility: 82}, IQ: 82]
       [Network #19, Technology = Wimax, Address = 02-06-00:00:00:00:00:16, { DataRate: 43, SignalStrength: 50, AntiFragility: 91}, IQ: 68]
       [Network #2, Technology = Wifi, Address = 02-06-00:00:00:00:00:04, { DataRate: 50, SignalStrength: 72, AntiFragility: 69}, IQ: 65]
       [Network #10, Technology = Wifi, Address = 02-06-00:00:00:00:00:0c, { DataRate: 63, SignalStrength: 99, AntiFragility: 46}, IQ: 63]
       [Network #14, Technology = Wifi, Address = 02-06-00:00:00:00:00:10, { DataRate: 55, SignalStrength: 16, AntiFragility: 91}, IQ: 63]
       [Network #12, Technology = Wifi, Address = 02-06-00:00:00:00:00:0e, { DataRate: 54, SignalStrength: 23, AntiFragility: 78}, IQ: 58]
       [Network #0, Technology = Wifi, Address = 02-06-00:00:00:00:00:02, { DataRate: 23, SignalStrength: 13, AntiFragility: 93}, IQ: 55]
       [Network #9, Technology = Wifi, Address = 02-06-00:00:00:00:00:0b, { DataRate: 15, SignalStrength: 43, AntiFragility: 74}, IQ: 51]
       [Network #16, Technology = Wifi, Address = 02-06-00:00:00:00:00:12, { DataRate: 4, SignalStrength: 22, AntiFragility: 86}, IQ: 49]
       [Network #5, Technology = Wifi, Address = 02-06-00:00:00:00:00:07, { DataRate: 19, SignalStrength: 78, AntiFragility: 41}, IQ: 44]
       [Network #7, Technology = Wifi, Address = 02-06-00:00:00:00:00:09, { DataRate: 60, SignalStrength: 60, AntiFragility: 25}, IQ: 42]
       [Network #18, Technology = Wimax, Address = 02-06-00:00:00:00:00:15, { DataRate: 58, SignalStrength: 28, AntiFragility: 35}, IQ: 39]
       [Network #8, Technology = Wifi, Address = 02-06-00:00:00:00:00:0a, { DataRate: 73, SignalStrength: 23, AntiFragility: 9}, IQ: 28]
       [Network #4, Technology = Wifi, Address = 02-06-00:00:00:00:00:06, { DataRate: 16, SignalStrength: 22, AntiFragility: 23}, IQ: 21]
       [Network #17, Technology = Wifi, Address = 02-06-00:00:00:00:00:13, { DataRate: 2, SignalStrength: 18, AntiFragility: 14}, IQ: 12]
       [Network #11, Technology = Wifi, Address = 02-06-00:00:00:00:00:0d, { DataRate: 44, SignalStrength: 1, AntiFragility: 2}, IQ: 12]
       [Network #1, Technology = Wifi, Address = 02-06-00:00:00:00:00:03, { DataRate: 8, SignalStrength: 9, AntiFragility: 1}, IQ: 4]
45s ExecutionModule:Run(): Decision time => Seconds: 0, Miliseconds: 309
45s ExecutionModule:Run(): Handover time => Seconds: 0, Miliseconds: 179
45s ExecutionModule:Run(): Event: Horizontal Handover.
45s DeviceModule:MoveRandom(): New position: (98, 107)
46s DeviceModule:MoveRandom(): New position: (97, 107)
47s DeviceModule:MoveRandom(): New position: (96, 107)
48s DeviceModule:MoveRandom(): New position: (96, 106)
49s DeviceModule:MoveRandom(): New position: (96, 107)
50s DeviceModule:MoveRandom(): New position: (97, 107)
51s DeviceModule:MoveRandom(): New position: (97, 106)
52s DeviceModule:MoveRandom(): New position: (98, 106)
53s DeviceModule:MoveRandom(): New position: (97, 106)
54s DeviceModule:MoveRandom(): New position: (98, 106)
55s DeviceModule:MoveRandom(): New position: (98, 105)
56s DeviceModule:MoveRandom(): New position: (97, 105)
57s DeviceModule:MoveRandom(): New position: (96, 105)
58s DeviceModule:MoveRandom(): New position: (97, 105)
59s DeviceModule:MoveRandom(): New position: (98, 105)
60s DecisionModule:Run(): Run decision
60s DecisionModule:AnalyzingNetworks(): Current Network: 
       [Network #14, Technology = Wifi, Address = 02-06-00:00:00:00:00:10, { DataRate: 71, SignalStrength: 78, AntiFragility: 92}, IQ: 83]
60s DecisionModule:ShowAllNetworks(): All detected networks:
       [Network #14, Technology = Wifi, Address = 02-06-00:00:00:00:00:10, { DataRate: 71, SignalStrength: 78, AntiFragility: 92}, IQ: 83]
       [Network #19, Technology = Wimax, Address = 02-06-00:00:00:00:00:16, { DataRate: 84, SignalStrength: 70, AntiFragility: 80}, IQ: 78]
       [Network #8, Technology = Wifi, Address = 02-06-00:00:00:00:00:0a, { DataRate: 31, SignalStrength: 96, AntiFragility: 89}, IQ: 76]
       [Network #12, Technology = Wifi, Address = 02-06-00:00:00:00:00:0e, { DataRate: 62, SignalStrength: 80, AntiFragility: 79}, IQ: 75]
       [Network #7, Technology = Wifi, Address = 02-06-00:00:00:00:00:09, { DataRate: 62, SignalStrength: 67, AntiFragility: 82}, IQ: 73]
       [Network #1, Technology = Wifi, Address = 02-06-00:00:00:00:00:03, { DataRate: 66, SignalStrength: 62, AntiFragility: 73}, IQ: 68]
       [Network #10, Technology = Wifi, Address = 02-06-00:00:00:00:00:0c, { DataRate: 72, SignalStrength: 95, AntiFragility: 45}, IQ: 64]
       [Network #5, Technology = Wifi, Address = 02-06-00:00:00:00:00:07, { DataRate: 90, SignalStrength: 57, AntiFragility: 39}, IQ: 56]
       [Network #4, Technology = Wifi, Address = 02-06-00:00:00:00:00:06, { DataRate: 8, SignalStrength: 93, AntiFragility: 61}, IQ: 55]
       [Network #0, Technology = Wifi, Address = 02-06-00:00:00:00:00:02, { DataRate: 74, SignalStrength: 50, AntiFragility: 45}, IQ: 53]
       [Network #17, Technology = Wifi, Address = 02-06-00:00:00:00:00:13, { DataRate: 56, SignalStrength: 86, AntiFragility: 32}, IQ: 51]
       [Network #18, Technology = Wimax, Address = 02-06-00:00:00:00:00:15, { DataRate: 61, SignalStrength: 47, AntiFragility: 18}, IQ: 36]
       [Network #11, Technology = Wifi, Address = 02-06-00:00:00:00:00:0d, { DataRate: 34, SignalStrength: 17, AntiFragility: 47}, IQ: 36]
       [Network #9, Technology = Wifi, Address = 02-06-00:00:00:00:00:0b, { DataRate: 39, SignalStrength: 31, AntiFragility: 37}, IQ: 36]
       [Network #2, Technology = Wifi, Address = 02-06-00:00:00:00:00:04, { DataRate: 18, SignalStrength: 25, AntiFragility: 49}, IQ: 35]
       [Network #16, Technology = Wifi, Address = 02-06-00:00:00:00:00:12, { DataRate: 59, SignalStrength: 5, AntiFragility: 33}, IQ: 32]
       [Network #6, Technology = Wifi, Address = 02-06-00:00:00:00:00:08, { DataRate: 43, SignalStrength: 47, AntiFragility: 10}, IQ: 27]
60s ExecutionModule:Run(): Decision time => Seconds: 0, Miliseconds: 283
60s ExecutionModule:Run(): Handover time => Seconds: 0, Miliseconds: 340
60s ExecutionModule:Run(): Event: Horizontal Handover.
60s DeviceModule:MoveRandom(): New position: (98, 106)
61s DeviceModule:MoveRandom(): New position: (99, 106)
62s DeviceModule:MoveRandom(): New position: (99, 107)
63s DeviceModule:MoveRandom(): New position: (99, 106)
64s DeviceModule:MoveRandom(): New position: (99, 107)
65s DeviceModule:MoveRandom(): New position: (98, 107)
66s DeviceModule:MoveRandom(): New position: (97, 107)
67s DeviceModule:MoveRandom(): New position: (98, 107)
68s DeviceModule:MoveRandom(): New position: (99, 107)
69s DeviceModule:MoveRandom(): New position: (99, 106)
70s DeviceModule:MoveRandom(): New position: (98, 106)
71s DeviceModule:MoveRandom(): New position: (98, 105)
72s DeviceModule:MoveRandom(): New position: (98, 106)
73s DeviceModule:MoveRandom(): New position: (99, 106)
74s DeviceModule:MoveRandom(): New position: (99, 107)
75s DecisionModule:Run(): Run decision
75s DecisionModule:AnalyzingNetworks(): Current Network: 
       [Network #18, Technology = Wimax, Address = 02-06-00:00:00:00:00:15, { DataRate: 51, SignalStrength: 99, AntiFragility: 66}, IQ: 70]
75s DecisionModule:ShowAllNetworks(): All detected networks:
       [Network #18, Technology = Wimax, Address = 02-06-00:00:00:00:00:15, { DataRate: 51, SignalStrength: 99, AntiFragility: 66}, IQ: 70]
       [Network #0, Technology = Wifi, Address = 02-06-00:00:00:00:00:02, { DataRate: 84, SignalStrength: 72, AntiFragility: 61}, IQ: 69]
       [Network #19, Technology = Wimax, Address = 02-06-00:00:00:00:00:16, { DataRate: 35, SignalStrength: 63, AntiFragility: 87}, IQ: 68]
       [Network #1, Technology = Wifi, Address = 02-06-00:00:00:00:00:03, { DataRate: 54, SignalStrength: 87, AntiFragility: 62}, IQ: 66]
       [Network #4, Technology = Wifi, Address = 02-06-00:00:00:00:00:06, { DataRate: 92, SignalStrength: 85, AntiFragility: 27}, IQ: 57]
       [Network #14, Technology = Wifi, Address = 02-06-00:00:00:00:00:10, { DataRate: 18, SignalStrength: 37, AntiFragility: 87}, IQ: 57]
       [Network #8, Technology = Wifi, Address = 02-06-00:00:00:00:00:0a, { DataRate: 43, SignalStrength: 89, AntiFragility: 44}, IQ: 55]
       [Network #16, Technology = Wifi, Address = 02-06-00:00:00:00:00:12, { DataRate: 66, SignalStrength: 68, AntiFragility: 38}, IQ: 52]
       [Network #10, Technology = Wifi, Address = 02-06-00:00:00:00:00:0c, { DataRate: 98, SignalStrength: 23, AntiFragility: 34}, IQ: 47]
       [Network #7, Technology = Wifi, Address = 02-06-00:00:00:00:00:09, { DataRate: 67, SignalStrength: 29, AntiFragility: 44}, IQ: 46]
       [Network #11, Technology = Wifi, Address = 02-06-00:00:00:00:00:0d, { DataRate: 66, SignalStrength: 95, AntiFragility: 9}, IQ: 44]
       [Network #12, Technology = Wifi, Address = 02-06-00:00:00:00:00:0e, { DataRate: 56, SignalStrength: 78, AntiFragility: 15}, IQ: 41]
       [Network #9, Technology = Wifi, Address = 02-06-00:00:00:00:00:0b, { DataRate: 7, SignalStrength: 10, AntiFragility: 65}, IQ: 36]
       [Network #5, Technology = Wifi, Address = 02-06-00:00:00:00:00:07, { DataRate: 73, SignalStrength: 16, AntiFragility: 24}, IQ: 34]
       [Network #6, Technology = Wifi, Address = 02-06-00:00:00:00:00:08, { DataRate: 6, SignalStrength: 54, AntiFragility: 36}, IQ: 33]
       [Network #2, Technology = Wifi, Address = 02-06-00:00:00:00:00:04, { DataRate: 37, SignalStrength: 6, AntiFragility: 32}, IQ: 26]
       [Network #17, Technology = Wifi, Address = 02-06-00:00:00:00:00:13, { DataRate: 13, SignalStrength: 11, AntiFragility: 31}, IQ: 21]
75s ExecutionModule:Run(): Decision time => Seconds: 0, Miliseconds: 283
75s ExecutionModule:Run(): Handover time => Seconds: 0, Miliseconds: 45
75s ExecutionModule:Run(): Event: Vertical Handover.
75s DeviceModule:MoveRandom(): New position: (99, 106)
76s DeviceModule:MoveRandom(): New position: (99, 107)
77s DeviceModule:MoveRandom(): New position: (98, 107)
78s DeviceModule:MoveRandom(): New position: (98, 106)
79s DeviceModule:MoveRandom(): New position: (98, 105)
80s DeviceModule:MoveRandom(): New position: (97, 105)
81s DeviceModule:MoveRandom(): New position: (98, 105)
82s DeviceModule:MoveRandom(): New position: (98, 106)
83s DeviceModule:MoveRandom(): New position: (97, 106)
84s DeviceModule:MoveRandom(): New position: (98, 106)
85s DeviceModule:MoveRandom(): New position: (98, 107)
86s DeviceModule:MoveRandom(): New position: (98, 106)
87s DeviceModule:MoveRandom(): New position: (98, 105)
88s DeviceModule:MoveRandom(): New position: (98, 106)
89s DeviceModule:MoveRandom(): New position: (97, 106)
90s DecisionModule:Run(): Run decision
90s DecisionModule:AnalyzingNetworks(): Current Network: 
       [Network #10, Technology = Wifi, Address = 02-06-00:00:00:00:00:0c, { DataRate: 48, SignalStrength: 79, AntiFragility: 97}, IQ: 80]
90s DecisionModule:ShowAllNetworks(): All detected networks:
       [Network #10, Technology = Wifi, Address = 02-06-00:00:00:00:00:0c, { DataRate: 48, SignalStrength: 79, AntiFragility: 97}, IQ: 80]
       [Network #14, Technology = Wifi, Address = 02-06-00:00:00:00:00:10, { DataRate: 82, SignalStrength: 40, AntiFragility: 91}, IQ: 76]
       [Network #4, Technology = Wifi, Address = 02-06-00:00:00:00:00:06, { DataRate: 2, SignalStrength: 82, AntiFragility: 84}, IQ: 63]
       [Network #19, Technology = Wimax, Address = 02-06-00:00:00:00:00:16, { DataRate: 86, SignalStrength: 29, AntiFragility: 67}, IQ: 62]
       [Network #8, Technology = Wifi, Address = 02-06-00:00:00:00:00:0a, { DataRate: 45, SignalStrength: 76, AntiFragility: 45}, IQ: 52]
       [Network #2, Technology = Wifi, Address = 02-06-00:00:00:00:00:04, { DataRate: 69, SignalStrength: 57, AntiFragility: 41}, IQ: 52]
       [Network #0, Technology = Wifi, Address = 02-06-00:00:00:00:00:02, { DataRate: 20, SignalStrength: 31, AntiFragility: 49}, IQ: 37]
       [Network #9, Technology = Wifi, Address = 02-06-00:00:00:00:00:0b, { DataRate: 87, SignalStrength: 12, AntiFragility: 24}, IQ: 36]
       [Network #18, Technology = Wimax, Address = 02-06-00:00:00:00:00:15, { DataRate: 30, SignalStrength: 6, AntiFragility: 53}, IQ: 35]
       [Network #17, Technology = Wifi, Address = 02-06-00:00:00:00:00:13, { DataRate: 61, SignalStrength: 2, AntiFragility: 38}, IQ: 34]
       [Network #11, Technology = Wifi, Address = 02-06-00:00:00:00:00:0d, { DataRate: 45, SignalStrength: 43, AntiFragility: 18}, IQ: 31]
       [Network #12, Technology = Wifi, Address = 02-06-00:00:00:00:00:0e, { DataRate: 4, SignalStrength: 45, AntiFragility: 38}, IQ: 31]
       [Network #7, Technology = Wifi, Address = 02-06-00:00:00:00:00:09, { DataRate: 15, SignalStrength: 38, AntiFragility: 36}, IQ: 31]
       [Network #6, Technology = Wifi, Address = 02-06-00:00:00:00:00:08, { DataRate: 34, SignalStrength: 66, AntiFragility: 6}, IQ: 28]
       [Network #1, Technology = Wifi, Address = 02-06-00:00:00:00:00:03, { DataRate: 28, SignalStrength: 18, AntiFragility: 17}, IQ: 20]
       [Network #5, Technology = Wifi, Address = 02-06-00:00:00:00:00:07, { DataRate: 16, SignalStrength: 29, AntiFragility: 4}, IQ: 13]
       [Network #16, Technology = Wifi, Address = 02-06-00:00:00:00:00:12, { DataRate: 9, SignalStrength: 41, AntiFragility: 2}, IQ: 13]
90s ExecutionModule:Run(): Decision time => Seconds: 0, Miliseconds: 656
90s ExecutionModule:Run(): Handover time => Seconds: 0, Miliseconds: 79
90s ExecutionModule:Run(): Event: Vertical Handover.
90s DeviceModule:MoveRandom(): New position: (98, 106)
91s DeviceModule:MoveRandom(): New position: (97, 106)
92s DeviceModule:MoveRandom(): New position: (97, 107)
93s DeviceModule:MoveRandom(): New position: (98, 107)
94s DeviceModule:MoveRandom(): New position: (99, 107)
95s DeviceModule:MoveRandom(): New position: (100, 107)
96s DeviceModule:MoveRandom(): New position: (100, 106)
97s DeviceModule:MoveRandom(): New position: (101, 106)
98s DeviceModule:MoveRandom(): New position: (102, 106)
99s DeviceModule:MoveRandom(): New position: (102, 107)
100s DeviceModule:MoveRandom(): New position: (103, 107)
101s DeviceModule:MoveRandom(): New position: (103, 106)
102s DeviceModule:MoveRandom(): New position: (103, 105)
102s DecisionModule:AddNetworkToList(): Network detected
103s DeviceModule:MoveRandom(): New position: (103, 104)
104s DeviceModule:MoveRandom(): New position: (103, 103)
105s DecisionModule:Run(): Run decision
105s DecisionModule:AnalyzingNetworks(): Current Network: 
       [Network #17, Technology = Wifi, Address = 02-06-00:00:00:00:00:13, { DataRate: 66, SignalStrength: 94, AntiFragility: 66}, IQ: 73]
105s DecisionModule:ShowAllNetworks(): All detected networks:
       [Network #17, Technology = Wifi, Address = 02-06-00:00:00:00:00:13, { DataRate: 66, SignalStrength: 94, AntiFragility: 66}, IQ: 73]
       [Network #6, Technology = Wifi, Address = 02-06-00:00:00:00:00:08, { DataRate: 69, SignalStrength: 44, AntiFragility: 91}, IQ: 73]
       [Network #9, Technology = Wifi, Address = 02-06-00:00:00:00:00:0b, { DataRate: 53, SignalStrength: 9, AntiFragility: 99}, IQ: 65]
       [Network #2, Technology = Wifi, Address = 02-06-00:00:00:00:00:04, { DataRate: 67, SignalStrength: 22, AntiFragility: 84}, IQ: 64]
       [Network #15, Technology = Wifi, Address = 02-06-00:00:00:00:00:11, { DataRate: 51, SignalStrength: 80, AntiFragility: 51}, IQ: 58]
       [Network #5, Technology = Wifi, Address = 02-06-00:00:00:00:00:07, { DataRate: 84, SignalStrength: 97, AntiFragility: 23}, IQ: 56]
       [Network #7, Technology = Wifi, Address = 02-06-00:00:00:00:00:09, { DataRate: 24, SignalStrength: 26, AntiFragility: 85}, IQ: 55]
       [Network #14, Technology = Wifi, Address = 02-06-00:00:00:00:00:10, { DataRate: 70, SignalStrength: 51, AntiFragility: 44}, IQ: 52]
       [Network #11, Technology = Wifi, Address = 02-06-00:00:00:00:00:0d, { DataRate: 65, SignalStrength: 74, AntiFragility: 28}, IQ: 48]
       [Network #4, Technology = Wifi, Address = 02-06-00:00:00:00:00:06, { DataRate: 35, SignalStrength: 45, AntiFragility: 56}, IQ: 48]
       [Network #12, Technology = Wifi, Address = 02-06-00:00:00:00:00:0e, { DataRate: 20, SignalStrength: 70, AntiFragility: 50}, IQ: 47]
       [Network #0, Technology = Wifi, Address = 02-06-00:00:00:00:00:02, { DataRate: 22, SignalStrength: 93, AntiFragility: 32}, IQ: 44]
       [Network #16, Technology = Wifi, Address = 02-06-00:00:00:00:00:12, { DataRate: 6, SignalStrength: 81, AntiFragility: 45}, IQ: 44]
       [Network #18, Technology = Wimax, Address = 02-06-00:00:00:00:00:15, { DataRate: 74, SignalStrength: 34, AntiFragility: 18}, IQ: 36]
       [Network #1, Technology = Wifi, Address = 02-06-00:00:00:00:00:03, { DataRate: 10, SignalStrength: 13, AntiFragility: 55}, IQ: 33]
       [Network #19, Technology = Wimax, Address = 02-06-00:00:00:00:00:16, { DataRate: 54, SignalStrength: 41, AntiFragility: 18}, IQ: 32]
       [Network #8, Technology = Wifi, Address = 02-06-00:00:00:00:00:0a, { DataRate: 64, SignalStrength: 22, AntiFragility: 17}, IQ: 30]
       [Network #10, Technology = Wifi, Address = 02-06-00:00:00:00:00:0c, { DataRate: 10, SignalStrength: 3, AntiFragility: 28}, IQ: 17]
105s ExecutionModule:Run(): Decision time => Seconds: 0, Miliseconds: 562
105s ExecutionModule:Run(): Handover time => Seconds: 0, Miliseconds: 181
105s ExecutionModule:Run(): Event: Horizontal Handover.
105s DeviceModule:MoveRandom(): New position: (103, 102)
106s DeviceModule:MoveRandom(): New position: (104, 102)
107s DeviceModule:MoveRandom(): New position: (104, 101)
108s DeviceModule:MoveRandom(): New position: (104, 100)
109s DeviceModule:MoveRandom(): New position: (103, 100)
110s DeviceModule:MoveRandom(): New position: (102, 100)
111s DeviceModule:MoveRandom(): New position: (102, 101)
112s DeviceModule:MoveRandom(): New position: (101, 101)
113s DeviceModule:MoveRandom(): New position: (100, 101)
114s DeviceModule:MoveRandom(): New position: (101, 101)
115s DeviceModule:MoveRandom(): New position: (101, 102)
116s DeviceModule:MoveRandom(): New position: (100, 102)
117s DeviceModule:MoveRandom(): New position: (100, 103)
118s DeviceModule:MoveRandom(): New position: (100, 102)
119s DeviceModule:MoveRandom(): New position: (101, 102)
120s DecisionModule:Run(): Run decision
120s DecisionModule:AnalyzingNetworks(): Current Network: 
       [Network #9, Technology = Wifi, Address = 02-06-00:00:00:00:00:0b, { DataRate: 81, SignalStrength: 83, AntiFragility: 71}, IQ: 76]
120s DecisionModule:ShowAllNetworks(): All detected networks:
       [Network #9, Technology = Wifi, Address = 02-06-00:00:00:00:00:0b, { DataRate: 81, SignalStrength: 83, AntiFragility: 71}, IQ: 76]
       [Network #15, Technology = Wifi, Address = 02-06-00:00:00:00:00:11, { DataRate: 70, SignalStrength: 43, AntiFragility: 88}, IQ: 72]
       [Network #11, Technology = Wifi, Address = 02-06-00:00:00:00:00:0d, { DataRate: 80, SignalStrength: 48, AntiFragility: 79}, IQ: 71]
       [Network #16, Technology = Wifi, Address = 02-06-00:00:00:00:00:12, { DataRate: 66, SignalStrength: 71, AntiFragility: 73}, IQ: 70]
       [Network #1, Technology = Wifi, Address = 02-06-00:00:00:00:00:03, { DataRate: 72, SignalStrength: 87, AntiFragility: 41}, IQ: 60]
       [Network #6, Technology = Wifi, Address = 02-06-00:00:00:00:00:08, { DataRate: 56, SignalStrength: 13, AntiFragility: 84}, IQ: 59]
       [Network #14, Technology = Wifi, Address = 02-06-00:00:00:00:00:10, { DataRate: 88, SignalStrength: 38, AntiFragility: 51}, IQ: 57]
       [Network #8, Technology = Wifi, Address = 02-06-00:00:00:00:00:0a, { DataRate: 39, SignalStrength: 49, AntiFragility: 65}, IQ: 54]
       [Network #7, Technology = Wifi, Address = 02-06-00:00:00:00:00:09, { DataRate: 27, SignalStrength: 60, AntiFragility: 60}, IQ: 51]
       [Network #10, Technology = Wifi, Address = 02-06-00:00:00:00:00:0c, { DataRate: 79, SignalStrength: 87, AntiFragility: 17}, IQ: 50]
       [Network #12, Technology = Wifi, Address = 02-06-00:00:00:00:00:0e, { DataRate: 71, SignalStrength: 66, AntiFragility: 28}, IQ: 48]
       [Network #2, Technology = Wifi, Address = 02-06-00:00:00:00:00:04, { DataRate: 84, SignalStrength: 20, AntiFragility: 28}, IQ: 40]
       [Network #5, Technology = Wifi, Address = 02-06-00:00:00:00:00:07, { DataRate: 87, SignalStrength: 50, AntiFragility: 12}, IQ: 40]
       [Network #18, Technology = Wimax, Address = 02-06-00:00:00:00:00:15, { DataRate: 50, SignalStrength: 92, AntiFragility: 1}, IQ: 36]
       [Network #4, Technology = Wifi, Address = 02-06-00:00:00:00:00:06, { DataRate: 10, SignalStrength: 55, AntiFragility: 39}, IQ: 35]
       [Network #17, Technology = Wifi, Address = 02-06-00:00:00:00:00:13, { DataRate: 37, SignalStrength: 70, AntiFragility: 11}, IQ: 32]
       [Network #0, Technology = Wifi, Address = 02-06-00:00:00:00:00:02, { DataRate: 84, SignalStrength: 36, AntiFragility: 2}, IQ: 31]
       [Network #19, Technology = Wimax, Address = 02-06-00:00:00:00:00:16, { DataRate: 59, SignalStrength: 37, AntiFragility: 5}, IQ: 26]
120s ExecutionModule:Run(): Decision time => Seconds: 0, Miliseconds: 298
120s ExecutionModule:Run(): Handover time => Seconds: 0, Miliseconds: 123
120s ExecutionModule:Run(): Event: Horizontal Handover.
120s DeviceModule:MoveRandom(): New position: (100, 102)
121s DeviceModule:MoveRandom(): New position: (100, 103)
122s DeviceModule:MoveRandom(): New position: (99, 103)
123s DeviceModule:MoveRandom(): New position: (98, 103)
124s DeviceModule:MoveRandom(): New position: (98, 102)
125s DeviceModule:MoveRandom(): New position: (98, 103)
126s DeviceModule:MoveRandom(): New position: (98, 104)
127s DeviceModule:MoveRandom(): New position: (98, 105)
127s DecisionModule:RemoveNetworkFromList(): Network: 15 out of range!
128s DeviceModule:MoveRandom(): New position: (98, 104)
128s DecisionModule:AddNetworkToList(): Network detected
129s DeviceModule:MoveRandom(): New position: (97, 104)
129s DecisionModule:RemoveNetworkFromList(): Network: 15 out of range!
130s DeviceModule:MoveRandom(): New position: (97, 105)
131s DeviceModule:MoveRandom(): New position: (97, 106)
132s DeviceModule:MoveRandom(): New position: (98, 106)
133s DeviceModule:MoveRandom(): New position: (97, 106)
134s DeviceModule:MoveRandom(): New position: (97, 107)
135s DecisionModule:Run(): Run decision
135s DecisionModule:AnalyzingNetworks(): Current Network: 
       [Network #14, Technology = Wifi, Address = 02-06-00:00:00:00:00:10, { DataRate: 68, SignalStrength: 70, AntiFragility: 99}, IQ: 84]
135s DecisionModule:ShowAllNetworks(): All detected networks:
       [Network #14, Technology = Wifi, Address = 02-06-00:00:00:00:00:10, { DataRate: 68, SignalStrength: 70, AntiFragility: 99}, IQ: 84]
       [Network #10, Technology = Wifi, Address = 02-06-00:00:00:00:00:0c, { DataRate: 92, SignalStrength: 48, AntiFragility: 90}, IQ: 80]
       [Network #5, Technology = Wifi, Address = 02-06-00:00:00:00:00:07, { DataRate: 99, SignalStrength: 34, AntiFragility: 94}, IQ: 80]
       [Network #12, Technology = Wifi, Address = 02-06-00:00:00:00:00:0e, { DataRate: 79, SignalStrength: 45, AntiFragility: 95}, IQ: 78]
       [Network #19, Technology = Wimax, Address = 02-06-00:00:00:00:00:16, { DataRate: 54, SignalStrength: 53, AntiFragility: 98}, IQ: 75]
       [Network #9, Technology = Wifi, Address = 02-06-00:00:00:00:00:0b, { DataRate: 5, SignalStrength: 67, AntiFragility: 97}, IQ: 66]
       [Network #0, Technology = Wifi, Address = 02-06-00:00:00:00:00:02, { DataRate: 55, SignalStrength: 47, AntiFragility: 80}, IQ: 65]
       [Network #11, Technology = Wifi, Address = 02-06-00:00:00:00:00:0d, { DataRate: 40, SignalStrength: 40, AntiFragility: 86}, IQ: 63]
       [Network #7, Technology = Wifi, Address = 02-06-00:00:00:00:00:09, { DataRate: 53, SignalStrength: 51, AntiFragility: 72}, IQ: 62]
       [Network #18, Technology = Wimax, Address = 02-06-00:00:00:00:00:15, { DataRate: 91, SignalStrength: 35, AntiFragility: 61}, IQ: 62]
       [Network #8, Technology = Wifi, Address = 02-06-00:00:00:00:00:0a, { DataRate: 11, SignalStrength: 20, AntiFragility: 93}, IQ: 54]
       [Network #6, Technology = Wifi, Address = 02-06-00:00:00:00:00:08, { DataRate: 40, SignalStrength: 9, AntiFragility: 71}, IQ: 47]
       [Network #16, Technology = Wifi, Address = 02-06-00:00:00:00:00:12, { DataRate: 67, SignalStrength: 16, AntiFragility: 49}, IQ: 45]
       [Network #1, Technology = Wifi, Address = 02-06-00:00:00:00:00:03, { DataRate: 6, SignalStrength: 86, AntiFragility: 37}, IQ: 41]
       [Network #17, Technology = Wifi, Address = 02-06-00:00:00:00:00:13, { DataRate: 46, SignalStrength: 96, AntiFragility: 11}, IQ: 41]
       [Network #2, Technology = Wifi, Address = 02-06-00:00:00:00:00:04, { DataRate: 46, SignalStrength: 95, AntiFragility: 2}, IQ: 36]
       [Network #4, Technology = Wifi, Address = 02-06-00:00:00:00:00:06, { DataRate: 7, SignalStrength: 73, AntiFragility: 19}, IQ: 29]
135s ExecutionModule:Run(): Decision time => Seconds: 0, Miliseconds: 283
135s ExecutionModule:Run(): Handover time => Seconds: 0, Miliseconds: 123
135s ExecutionModule:Run(): Event: Horizontal Handover.
135s DeviceModule:MoveRandom(): New position: (97, 106)
136s DeviceModule:MoveRandom(): New position: (97, 107)
137s DeviceModule:MoveRandom(): New position: (97, 106)
138s DeviceModule:MoveRandom(): New position: (97, 105)
139s DeviceModule:MoveRandom(): New position: (97, 104)
140s DeviceModule:MoveRandom(): New position: (97, 103)
140s DecisionModule:AddNetworkToList(): Network detected
141s DeviceModule:MoveRandom(): New position: (97, 102)
142s DeviceModule:MoveRandom(): New position: (96, 102)
143s DeviceModule:MoveRandom(): New position: (95, 102)
144s DeviceModule:MoveRandom(): New position: (96, 102)
145s DeviceModule:MoveRandom(): New position: (95, 102)
146s DeviceModule:MoveRandom(): New position: (96, 102)
147s DeviceModule:MoveRandom(): New position: (95, 102)
148s DeviceModule:MoveRandom(): New position: (95, 101)
149s DeviceModule:MoveRandom(): New position: (96, 101)
150s DecisionModule:Run(): Run decision
150s DecisionModule:AnalyzingNetworks(): Current Network: 
       [Network #18, Technology = Wimax, Address = 02-06-00:00:00:00:00:15, { DataRate: 98, SignalStrength: 83, AntiFragility: 76}, IQ: 83]
150s DecisionModule:ShowAllNetworks(): All detected networks:
       [Network #18, Technology = Wimax, Address = 02-06-00:00:00:00:00:15, { DataRate: 98, SignalStrength: 83, AntiFragility: 76}, IQ: 83]
       [Network #17, Technology = Wifi, Address = 02-06-00:00:00:00:00:13, { DataRate: 39, SignalStrength: 92, AntiFragility: 98}, IQ: 81]
       [Network #11, Technology = Wifi, Address = 02-06-00:00:00:00:00:0d, { DataRate: 84, SignalStrength: 93, AntiFragility: 73}, IQ: 80]
       [Network #5, Technology = Wifi, Address = 02-06-00:00:00:00:00:07, { DataRate: 97, SignalStrength: 81, AntiFragility: 57}, IQ: 73]
       [Network #2, Technology = Wifi, Address = 02-06-00:00:00:00:00:04, { DataRate: 63, SignalStrength: 31, AntiFragility: 83}, IQ: 65]
       [Network #16, Technology = Wifi, Address = 02-06-00:00:00:00:00:12, { DataRate: 74, SignalStrength: 47, AntiFragility: 67}, IQ: 63]
       [Network #10, Technology = Wifi, Address = 02-06-00:00:00:00:00:0c, { DataRate: 83, SignalStrength: 69, AntiFragility: 43}, IQ: 59]
       [Network #9, Technology = Wifi, Address = 02-06-00:00:00:00:00:0b, { DataRate: 85, SignalStrength: 49, AntiFragility: 39}, IQ: 53]
       [Network #12, Technology = Wifi, Address = 02-06-00:00:00:00:00:0e, { DataRate: 18, SignalStrength: 31, AntiFragility: 61}, IQ: 42]
       [Network #4, Technology = Wifi, Address = 02-06-00:00:00:00:00:06, { DataRate: 12, SignalStrength: 8, AntiFragility: 75}, IQ: 42]
       [Network #14, Technology = Wifi, Address = 02-06-00:00:00:00:00:10, { DataRate: 6, SignalStrength: 30, AntiFragility: 60}, IQ: 39]
       [Network #0, Technology = Wifi, Address = 02-06-00:00:00:00:00:02, { DataRate: 40, SignalStrength: 57, AntiFragility: 25}, IQ: 36]
       [Network #1, Technology = Wifi, Address = 02-06-00:00:00:00:00:03, { DataRate: 56, SignalStrength: 8, AntiFragility: 38}, IQ: 35]
       [Network #8, Technology = Wifi, Address = 02-06-00:00:00:00:00:0a, { DataRate: 23, SignalStrength: 43, AntiFragility: 35}, IQ: 34]
       [Network #7, Technology = Wifi, Address = 02-06-00:00:00:00:00:09, { DataRate: 18, SignalStrength: 30, AntiFragility: 35}, IQ: 29]
       [Network #19, Technology = Wimax, Address = 02-06-00:00:00:00:00:16, { DataRate: 8, SignalStrength: 24, AntiFragility: 31}, IQ: 23]
       [Network #6, Technology = Wifi, Address = 02-06-00:00:00:00:00:08, { DataRate: 5, SignalStrength: 38, AntiFragility: 18}, IQ: 19]
       [Network #15, Technology = Wifi, Address = 02-06-00:00:00:00:00:11, { DataRate: 21, SignalStrength: 34, AntiFragility: 12}, IQ: 19]
150s ExecutionModule:Run(): Decision time => Seconds: 0, Miliseconds: 272
150s ExecutionModule:Run(): Handover time => Seconds: 0, Miliseconds: 31
150s ExecutionModule:Run(): Event: Vertical Handover.
150s DeviceModule:MoveRandom(): New position: (96, 100)
151s DeviceModule:MoveRandom(): New position: (96, 101)
152s DeviceModule:MoveRandom(): New position: (97, 101)
153s DeviceModule:MoveRandom(): New position: (97, 100)
154s DeviceModule:MoveRandom(): New position: (98, 100)
155s DeviceModule:MoveRandom(): New position: (98, 99)
156s DeviceModule:MoveRandom(): New position: (99, 99)
157s DeviceModule:MoveRandom(): New position: (100, 99)
158s DeviceModule:MoveRandom(): New position: (100, 100)
159s DeviceModule:MoveRandom(): New position: (100, 99)
160s DeviceModule:MoveRandom(): New position: (100, 100)
161s DeviceModule:MoveRandom(): New position: (100, 99)
162s DeviceModule:MoveRandom(): New position: (99, 99)
163s DeviceModule:MoveRandom(): New position: (99, 100)
164s DeviceModule:MoveRandom(): New position: (98, 100)
165s DecisionModule:Run(): Run decision
165s DecisionModule:AnalyzingNetworks(): Current Network: 
       [Network #17, Technology = Wifi, Address = 02-06-00:00:00:00:00:13, { DataRate: 86, SignalStrength: 43, AntiFragility: 87}, IQ: 75]
165s DecisionModule:ShowAllNetworks(): All detected networks:
       [Network #17, Technology = Wifi, Address = 02-06-00:00:00:00:00:13, { DataRate: 86, SignalStrength: 43, AntiFragility: 87}, IQ: 75]
       [Network #10, Technology = Wifi, Address = 02-06-00:00:00:00:00:0c, { DataRate: 71, SignalStrength: 67, AntiFragility: 80}, IQ: 74]
       [Network #2, Technology = Wifi, Address = 02-06-00:00:00:00:00:04, { DataRate: 61, SignalStrength: 68, AntiFragility: 80}, IQ: 72]
       [Network #4, Technology = Wifi, Address = 02-06-00:00:00:00:00:06, { DataRate: 75, SignalStrength: 76, AntiFragility: 70}, IQ: 72]
       [Network #16, Technology = Wifi, Address = 02-06-00:00:00:00:00:12, { DataRate: 62, SignalStrength: 29, AntiFragility: 93}, IQ: 69]
       [Network #8, Technology = Wifi, Address = 02-06-00:00:00:00:00:0a, { DataRate: 52, SignalStrength: 45, AntiFragility: 81}, IQ: 64]
       [Network #6, Technology = Wifi, Address = 02-06-00:00:00:00:00:08, { DataRate: 9, SignalStrength: 51, AntiFragility: 79}, IQ: 54]
       [Network #14, Technology = Wifi, Address = 02-06-00:00:00:00:00:10, { DataRate: 46, SignalStrength: 66, AntiFragility: 49}, IQ: 52]
       [Network #19, Technology = Wimax, Address = 02-06-00:00:00:00:00:16, { DataRate: 28, SignalStrength: 71, AntiFragility: 56}, IQ: 52]
       [Network #18, Technology = Wimax, Address = 02-06-00:00:00:00:00:15, { DataRate: 27, SignalStrength: 4, AntiFragility: 90}, IQ: 52]
       [Network #11, Technology = Wifi, Address = 02-06-00:00:00:00:00:0d, { DataRate: 51, SignalStrength: 6, AntiFragility: 70}, IQ: 49]
       [Network #5, Technology = Wifi, Address = 02-06-00:00:00:00:00:07, { DataRate: 90, SignalStrength: 55, AntiFragility: 18}, IQ: 45]
       [Network #7, Technology = Wifi, Address = 02-06-00:00:00:00:00:09, { DataRate: 7, SignalStrength: 77, AntiFragility: 42}, IQ: 42]
       [Network #12, Technology = Wifi, Address = 02-06-00:00:00:00:00:0e, { DataRate: 77, SignalStrength: 58, AntiFragility: 18}, IQ: 42]
       [Network #1, Technology = Wifi, Address = 02-06-00:00:00:00:00:03, { DataRate: 45, SignalStrength: 27, AntiFragility: 39}, IQ: 37]
       [Network #0, Technology = Wifi, Address = 02-06-00:00:00:00:00:02, { DataRate: 50, SignalStrength: 5, AntiFragility: 35}, IQ: 31]
       [Network #9, Technology = Wifi, Address = 02-06-00:00:00:00:00:0b, { DataRate: 75, SignalStrength: 3, AntiFragility: 18}, IQ: 28]
       [Network #15, Technology = Wifi, Address = 02-06-00:00:00:00:00:11, { DataRate: 77, SignalStrength: 21, AntiFragility: 7}, IQ: 28]
165s ExecutionModule:Run(): Decision time => Seconds: 0, Miliseconds: 271
165s ExecutionModule:Run(): Handover time => Seconds: 0, Miliseconds: 32
165s ExecutionModule:Run(): Event: Vertical Handover.
165s DeviceModule:MoveRandom(): New position: (99, 100)
166s DeviceModule:MoveRandom(): New position: (99, 101)
167s DeviceModule:MoveRandom(): New position: (99, 102)
168s DeviceModule:MoveRandom(): New position: (99, 103)
169s DeviceModule:MoveRandom(): New position: (98, 103)
170s DeviceModule:MoveRandom(): New position: (98, 102)
171s DeviceModule:MoveRandom(): New position: (97, 102)
172s DeviceModule:MoveRandom(): New position: (97, 101)
173s DeviceModule:MoveRandom(): New position: (97, 102)
174s DeviceModule:MoveRandom(): New position: (96, 102)
175s DeviceModule:MoveRandom(): New position: (95, 102)
176s DeviceModule:MoveRandom(): New position: (96, 102)
177s DeviceModule:MoveRandom(): New position: (96, 103)
178s DeviceModule:MoveRandom(): New position: (95, 103)
178s DecisionModule:RemoveNetworkFromList(): Network: 15 out of range!
179s DeviceModule:MoveRandom(): New position: (95, 102)
179s DecisionModule:AddNetworkToList(): Network detected
180s DecisionModule:Run(): Run decision
180s DecisionModule:AnalyzingNetworks(): Current Network: 
       [Network #6, Technology = Wifi, Address = 02-06-00:00:00:00:00:08, { DataRate: 88, SignalStrength: 70, AntiFragility: 71}, IQ: 75]
180s DecisionModule:ShowAllNetworks(): All detected networks:
       [Network #6, Technology = Wifi, Address = 02-06-00:00:00:00:00:08, { DataRate: 88, SignalStrength: 70, AntiFragility: 71}, IQ: 75]
       [Network #10, Technology = Wifi, Address = 02-06-00:00:00:00:00:0c, { DataRate: 55, SignalStrength: 74, AntiFragility: 63}, IQ: 63]
       [Network #1, Technology = Wifi, Address = 02-06-00:00:00:00:00:03, { DataRate: 75, SignalStrength: 67, AntiFragility: 53}, IQ: 62]
       [Network #19, Technology = Wimax, Address = 02-06-00:00:00:00:00:16, { DataRate: 37, SignalStrength: 48, AntiFragility: 75}, IQ: 58]
       [Network #9, Technology = Wifi, Address = 02-06-00:00:00:00:00:0b, { DataRate: 39, SignalStrength: 81, AntiFragility: 53}, IQ: 56]
       [Network #15, Technology = Wifi, Address = 02-06-00:00:00:00:00:11, { DataRate: 62, SignalStrength: 82, AntiFragility: 36}, IQ: 54]
       [Network #8, Technology = Wifi, Address = 02-06-00:00:00:00:00:0a, { DataRate: 60, SignalStrength: 78, AntiFragility: 38}, IQ: 53]
       [Network #17, Technology = Wifi, Address = 02-06-00:00:00:00:00:13, { DataRate: 80, SignalStrength: 6, AntiFragility: 53}, IQ: 48]
       [Network #2, Technology = Wifi, Address = 02-06-00:00:00:00:00:04, { DataRate: 95, SignalStrength: 41, AntiFragility: 19}, IQ: 43]
       [Network #14, Technology = Wifi, Address = 02-06-00:00:00:00:00:10, { DataRate: 95, SignalStrength: 74, AntiFragility: 1}, IQ: 42]
       [Network #4, Technology = Wifi, Address = 02-06-00:00:00:00:00:06, { DataRate: 28, SignalStrength: 66, AntiFragility: 36}, IQ: 41]
       [Network #18, Technology = Wimax, Address = 02-06-00:00:00:00:00:15, { DataRate: 84, SignalStrength: 18, AntiFragility: 25}, IQ: 38]
       [Network #16, Technology = Wifi, Address = 02-06-00:00:00:00:00:12, { DataRate: 65, SignalStrength: 33, AntiFragility: 21}, IQ: 35]
       [Network #12, Technology = Wifi, Address = 02-06-00:00:00:00:00:0e, { DataRate: 9, SignalStrength: 46, AntiFragility: 36}, IQ: 31]
       [Network #11, Technology = Wifi, Address = 02-06-00:00:00:00:00:0d, { DataRate: 83, SignalStrength: 23, AntiFragility: 5}, IQ: 29]
       [Network #5, Technology = Wifi, Address = 02-06-00:00:00:00:00:07, { DataRate: 42, SignalStrength: 38, AntiFragility: 13}, IQ: 26]
       [Network #0, Technology = Wifi, Address = 02-06-00:00:00:00:00:02, { DataRate: 9, SignalStrength: 58, AntiFragility: 13}, IQ: 23]
       [Network #7, Technology = Wifi, Address = 02-06-00:00:00:00:00:09, { DataRate: 16, SignalStrength: 57, AntiFragility: 8}, IQ: 22]
180s ExecutionModule:Run(): Decision time => Seconds: 0, Miliseconds: 273
180s ExecutionModule:Run(): Handover time => Seconds: 0, Miliseconds: 122
180s ExecutionModule:Run(): Event: Horizontal Handover.
180s DeviceModule:MoveRandom(): New position: (94, 102)
181s DeviceModule:MoveRandom(): New position: (95, 102)
182s DeviceModule:MoveRandom(): New position: (96, 102)
183s DeviceModule:MoveRandom(): New position: (96, 101)
184s DeviceModule:MoveRandom(): New position: (97, 101)
185s DeviceModule:MoveRandom(): New position: (98, 101)
186s DeviceModule:MoveRandom(): New position: (98, 102)
187s DeviceModule:MoveRandom(): New position: (97, 102)
188s DeviceModule:MoveRandom(): New position: (96, 102)
189s DeviceModule:MoveRandom(): New position: (95, 102)
190s DeviceModule:MoveRandom(): New position: (95, 103)
190s DecisionModule:RemoveNetworkFromList(): Network: 15 out of range!
191s DeviceModule:MoveRandom(): New position: (94, 103)
192s DeviceModule:MoveRandom(): New position: (93, 103)
193s DeviceModule:MoveRandom(): New position: (93, 104)
194s DeviceModule:MoveRandom(): New position: (93, 105)
195s DecisionModule:Run(): Run decision
195s DecisionModule:AnalyzingNetworks(): Current Network: 
       [Network #11, Technology = Wifi, Address = 02-06-00:00:00:00:00:0d, { DataRate: 84, SignalStrength: 59, AntiFragility: 97}, IQ: 84]
195s DecisionModule:ShowAllNetworks(): All detected networks:
       [Network #11, Technology = Wifi, Address = 02-06-00:00:00:00:00:0d, { DataRate: 84, SignalStrength: 59, AntiFragility: 97}, IQ: 84]
       [Network #14, Technology = Wifi, Address = 02-06-00:00:00:00:00:10, { DataRate: 93, SignalStrength: 71, AntiFragility: 82}, IQ: 82]
       [Network #8, Technology = Wifi, Address = 02-06-00:00:00:00:00:0a, { DataRate: 87, SignalStrength: 37, AntiFragility: 83}, IQ: 72]
       [Network #9, Technology = Wifi, Address = 02-06-00:00:00:00:00:0b, { DataRate: 54, SignalStrength: 88, AntiFragility: 69}, IQ: 70]
       [Network #2, Technology = Wifi, Address = 02-06-00:00:00:00:00:04, { DataRate: 21, SignalStrength: 69, AntiFragility: 95}, IQ: 70]
       [Network #5, Technology = Wifi, Address = 02-06-00:00:00:00:00:07, { DataRate: 72, SignalStrength: 54, AntiFragility: 75}, IQ: 69]
       [Network #17, Technology = Wifi, Address = 02-06-00:00:00:00:00:13, { DataRate: 69, SignalStrength: 86, AntiFragility: 59}, IQ: 68]
       [Network #6, Technology = Wifi, Address = 02-06-00:00:00:00:00:08, { DataRate: 11, SignalStrength: 72, AntiFragility: 94}, IQ: 67]
       [Network #4, Technology = Wifi, Address = 02-06-00:00:00:00:00:06, { DataRate: 56, SignalStrength: 43, AntiFragility: 77}, IQ: 63]
       [Network #12, Technology = Wifi, Address = 02-06-00:00:00:00:00:0e, { DataRate: 68, SignalStrength: 89, AntiFragility: 43}, IQ: 60]
       [Network #19, Technology = Wimax, Address = 02-06-00:00:00:00:00:16, { DataRate: 24, SignalStrength: 64, AntiFragility: 66}, IQ: 55]
       [Network #18, Technology = Wimax, Address = 02-06-00:00:00:00:00:15, { DataRate: 17, SignalStrength: 6, AntiFragility: 86}, IQ: 48]
       [Network #1, Technology = Wifi, Address = 02-06-00:00:00:00:00:03, { DataRate: 26, SignalStrength: 83, AntiFragility: 38}, IQ: 46]
       [Network #7, Technology = Wifi, Address = 02-06-00:00:00:00:00:09, { DataRate: 66, SignalStrength: 48, AntiFragility: 35}, IQ: 46]
       [Network #16, Technology = Wifi, Address = 02-06-00:00:00:00:00:12, { DataRate: 43, SignalStrength: 89, AntiFragility: 25}, IQ: 45]
       [Network #10, Technology = Wifi, Address = 02-06-00:00:00:00:00:0c, { DataRate: 9, SignalStrength: 11, AntiFragility: 57}, IQ: 33]
       [Network #0, Technology = Wifi, Address = 02-06-00:00:00:00:00:02, { DataRate: 29, SignalStrength: 37, AntiFragility: 14}, IQ: 23]
195s ExecutionModule:Run(): Decision time => Seconds: 0, Miliseconds: 265
195s ExecutionModule:Run(): Handover time => Seconds: 0, Miliseconds: 124
195s ExecutionModule:Run(): Event: Horizontal Handover.
195s DeviceModule:MoveRandom(): New position: (93, 104)
196s DeviceModule:MoveRandom(): New position: (93, 105)
197s DeviceModule:MoveRandom(): New position: (93, 106)
198s DeviceModule:MoveRandom(): New position: (93, 107)
199s DeviceModule:MoveRandom(): New position: (92, 107)
