Waf: Entering directory `/home/renan/Documents/NR2/ns-allinone-3.20/ns-3.20/build'
Waf: Leaving directory `/home/renan/Documents/NR2/ns-allinone-3.20/ns-3.20/build'
'build' finished successfully (1.842s)
0s NetworkModule:SetPosition(): Network 0 set position => (35, 91)
0s NetworkModule:SetRange(): Network 0 set range => 100
0s NetworkModule:SetPosition(): Network 1 set position => (76, 46)
0s NetworkModule:SetRange(): Network 1 set range => 100
0s NetworkModule:SetPosition(): Network 2 set position => (125, 86)
0s NetworkModule:SetRange(): Network 2 set range => 100
0s NetworkModule:SetPosition(): Network 3 set position => (108, 110)
0s NetworkModule:SetRange(): Network 3 set range => 100
0s NetworkModule:SetPosition(): Network 4 set position => (46, 140)
0s NetworkModule:SetRange(): Network 4 set range => 100
0s NetworkModule:SetPosition(): Network 5 set position => (50, 149)
0s NetworkModule:SetRange(): Network 5 set range => 100
0s NetworkModule:SetPosition(): Network 6 set position => (64, 19)
0s NetworkModule:SetRange(): Network 6 set range => 100
0s NetworkModule:SetPosition(): Network 7 set position => (101, 106)
0s NetworkModule:SetRange(): Network 7 set range => 100
0s NetworkModule:SetPosition(): Network 8 set position => (135, 92)
0s NetworkModule:SetRange(): Network 8 set range => 100
0s NetworkModule:SetPosition(): Network 9 set position => (7, 108)
0s NetworkModule:SetRange(): Network 9 set range => 100
0s DeviceModule:ConfigureMobility(): Device [init x = 75, init y = 75, max = 150, velocity = 3]
1s DeviceModule:MoveRandom(): New position: (72, 75)
1s DecisionModule:AddNetworkToList(): Network detected
1s DecisionModule:AddNetworkToList(): Network detected
1s DecisionModule:AddNetworkToList(): Network detected
1s DecisionModule:AddNetworkToList(): Network detected
1s DecisionModule:AddNetworkToList(): Network detected
1s DecisionModule:AddNetworkToList(): Network detected
1s DecisionModule:AddNetworkToList(): Network detected
1s DecisionModule:AddNetworkToList(): Network detected
1s DecisionModule:AddNetworkToList(): Network detected
1s DecisionModule:AddNetworkToList(): Network detected
2s DeviceModule:MoveRandom(): New position: (69, 75)
3s DeviceModule:MoveRandom(): New position: (72, 75)
4s DeviceModule:MoveRandom(): New position: (69, 75)
5s DeviceModule:MoveRandom(): New position: (72, 75)
6s DeviceModule:MoveRandom(): New position: (75, 75)
7s DeviceModule:MoveRandom(): New position: (75, 78)
8s DeviceModule:MoveRandom(): New position: (72, 78)
9s DeviceModule:MoveRandom(): New position: (72, 75)
10s DeviceModule:MoveRandom(): New position: (72, 72)
11s DeviceModule:MoveRandom(): New position: (72, 69)
12s DeviceModule:MoveRandom(): New position: (72, 66)
13s DeviceModule:MoveRandom(): New position: (72, 63)
14s DeviceModule:MoveRandom(): New position: (69, 63)
15s DecisionModule:Run(): Run decision
15s DecisionModule:AnalyzingNetworks(): Current Network: 
       [Network #5, Technology = Wifi, Address = 02-06-00:00:00:00:00:07, { DataRate: 78, SignalStrength: 49, AntiFragility: 76}, IQ: 69]
15s DecisionModule:ShowAllNetworks(): All detected networks:
       [Network #5, Technology = Wifi, Address = 02-06-00:00:00:00:00:07, { DataRate: 78, SignalStrength: 49, AntiFragility: 76}, IQ: 69]
       [Network #1, Technology = Wifi, Address = 02-06-00:00:00:00:00:03, { DataRate: 89, SignalStrength: 95, AntiFragility: 42}, IQ: 67]
       [Network #2, Technology = Wifi, Address = 02-06-00:00:00:00:00:04, { DataRate: 42, SignalStrength: 66, AntiFragility: 74}, IQ: 64]
       [Network #0, Technology = Wifi, Address = 02-06-00:00:00:00:00:02, { DataRate: 57, SignalStrength: 58, AntiFragility: 64}, IQ: 60]
       [Network #4, Technology = Wifi, Address = 02-06-00:00:00:00:00:06, { DataRate: 11, SignalStrength: 81, AntiFragility: 72}, IQ: 59]
       [Network #8, Technology = Wimax, Address = 02-06-00:00:00:00:00:0b, { DataRate: 68, SignalStrength: 90, AntiFragility: 37}, IQ: 58]
       [Network #6, Technology = Wifi, Address = 02-06-00:00:00:00:00:08, { DataRate: 66, SignalStrength: 17, AntiFragility: 53}, IQ: 47]
       [Network #7, Technology = Wifi, Address = 02-06-00:00:00:00:00:09, { DataRate: 8, SignalStrength: 89, AntiFragility: 47}, IQ: 47]
       [Network #3, Technology = Wifi, Address = 02-06-00:00:00:00:00:05, { DataRate: 91, SignalStrength: 41, AntiFragility: 16}, IQ: 41]
       [Network #9, Technology = Wimax, Address = 02-06-00:00:00:00:00:0c, { DataRate: 22, SignalStrength: 3, AntiFragility: 30}, IQ: 21]
15s DeviceModule:MoveRandom(): New position: (66, 63)
16s DeviceModule:MoveRandom(): New position: (66, 66)
17s DeviceModule:MoveRandom(): New position: (63, 66)
18s DeviceModule:MoveRandom(): New position: (63, 63)
19s DeviceModule:MoveRandom(): New position: (60, 63)
20s DeviceModule:MoveRandom(): New position: (57, 63)
21s DeviceModule:MoveRandom(): New position: (60, 63)
22s DeviceModule:MoveRandom(): New position: (60, 60)
23s DeviceModule:MoveRandom(): New position: (60, 57)
24s DeviceModule:MoveRandom(): New position: (60, 60)
25s DeviceModule:MoveRandom(): New position: (57, 60)
26s DeviceModule:MoveRandom(): New position: (60, 60)
27s DeviceModule:MoveRandom(): New position: (63, 60)
28s DeviceModule:MoveRandom(): New position: (60, 60)
29s DeviceModule:MoveRandom(): New position: (60, 63)
30s DecisionModule:Run(): Run decision
30s DecisionModule:AnalyzingNetworks(): Current Network: 
       [Network #7, Technology = Wifi, Address = 02-06-00:00:00:00:00:09, { DataRate: 55, SignalStrength: 67, AntiFragility: 98}, IQ: 79]
30s DecisionModule:ShowAllNetworks(): All detected networks:
       [Network #7, Technology = Wifi, Address = 02-06-00:00:00:00:00:09, { DataRate: 55, SignalStrength: 67, AntiFragility: 98}, IQ: 79]
       [Network #9, Technology = Wimax, Address = 02-06-00:00:00:00:00:0c, { DataRate: 7, SignalStrength: 92, AntiFragility: 92}, IQ: 70]
       [Network #4, Technology = Wifi, Address = 02-06-00:00:00:00:00:06, { DataRate: 63, SignalStrength: 48, AntiFragility: 79}, IQ: 67]
       [Network #5, Technology = Wifi, Address = 02-06-00:00:00:00:00:07, { DataRate: 80, SignalStrength: 90, AntiFragility: 48}, IQ: 66]
       [Network #8, Technology = Wimax, Address = 02-06-00:00:00:00:00:0b, { DataRate: 47, SignalStrength: 53, AntiFragility: 68}, IQ: 59]
       [Network #3, Technology = Wifi, Address = 02-06-00:00:00:00:00:05, { DataRate: 85, SignalStrength: 14, AntiFragility: 59}, IQ: 54]
       [Network #6, Technology = Wifi, Address = 02-06-00:00:00:00:00:08, { DataRate: 94, SignalStrength: 16, AntiFragility: 52}, IQ: 53]
       [Network #0, Technology = Wifi, Address = 02-06-00:00:00:00:00:02, { DataRate: 87, SignalStrength: 40, AntiFragility: 43}, IQ: 53]
       [Network #2, Technology = Wifi, Address = 02-06-00:00:00:00:00:04, { DataRate: 11, SignalStrength: 79, AntiFragility: 30}, IQ: 37]
       [Network #1, Technology = Wifi, Address = 02-06-00:00:00:00:00:03, { DataRate: 24, SignalStrength: 55, AntiFragility: 19}, IQ: 29]
30s ExecutionModule:Run(): Decision time => Seconds: 0, Miliseconds: 202
30s ExecutionModule:Run(): Handover time => Seconds: 0, Miliseconds: 175
30s ExecutionModule:Run(): Event: Horizontal Handover.
30s DeviceModule:MoveRandom(): New position: (63, 63)
31s DeviceModule:MoveRandom(): New position: (60, 63)
32s DeviceModule:MoveRandom(): New position: (60, 60)
33s DeviceModule:MoveRandom(): New position: (57, 60)
34s DeviceModule:MoveRandom(): New position: (57, 57)
35s DeviceModule:MoveRandom(): New position: (57, 54)
36s DeviceModule:MoveRandom(): New position: (57, 57)
37s DeviceModule:MoveRandom(): New position: (57, 60)
38s DeviceModule:MoveRandom(): New position: (57, 57)
39s DeviceModule:MoveRandom(): New position: (54, 57)
40s DeviceModule:MoveRandom(): New position: (54, 54)
41s DeviceModule:MoveRandom(): New position: (51, 54)
42s DeviceModule:MoveRandom(): New position: (48, 54)
43s DeviceModule:MoveRandom(): New position: (45, 54)
44s DeviceModule:MoveRandom(): New position: (45, 57)
45s DecisionModule:Run(): Run decision
45s DecisionModule:AnalyzingNetworks(): Current Network: 
       [Network #7, Technology = Wifi, Address = 02-06-00:00:00:00:00:09, { DataRate: 46, SignalStrength: 54, AntiFragility: 86}, IQ: 68]
45s DecisionModule:ShowAllNetworks(): All detected networks:
       [Network #7, Technology = Wifi, Address = 02-06-00:00:00:00:00:09, { DataRate: 46, SignalStrength: 54, AntiFragility: 86}, IQ: 68]
       [Network #1, Technology = Wifi, Address = 02-06-00:00:00:00:00:03, { DataRate: 46, SignalStrength: 91, AntiFragility: 54}, IQ: 61]
       [Network #6, Technology = Wifi, Address = 02-06-00:00:00:00:00:08, { DataRate: 11, SignalStrength: 96, AntiFragility: 48}, IQ: 50]
       [Network #2, Technology = Wifi, Address = 02-06-00:00:00:00:00:04, { DataRate: 80, SignalStrength: 25, AntiFragility: 37}, IQ: 44]
       [Network #4, Technology = Wifi, Address = 02-06-00:00:00:00:00:06, { DataRate: 10, SignalStrength: 45, AntiFragility: 59}, IQ: 43]
       [Network #5, Technology = Wifi, Address = 02-06-00:00:00:00:00:07, { DataRate: 80, SignalStrength: 43, AntiFragility: 26}, IQ: 43]
       [Network #9, Technology = Wimax, Address = 02-06-00:00:00:00:00:0c, { DataRate: 40, SignalStrength: 74, AntiFragility: 3}, IQ: 30]
       [Network #0, Technology = Wifi, Address = 02-06-00:00:00:00:00:02, { DataRate: 38, SignalStrength: 14, AntiFragility: 23}, IQ: 24]
       [Network #3, Technology = Wifi, Address = 02-06-00:00:00:00:00:05, { DataRate: 6, SignalStrength: 8, AntiFragility: 38}, IQ: 22]
       [Network #8, Technology = Wimax, Address = 02-06-00:00:00:00:00:0b, { DataRate: 11, SignalStrength: 20, AntiFragility: 8}, IQ: 11]
45s DeviceModule:MoveRandom(): New position: (42, 57)
46s DeviceModule:MoveRandom(): New position: (45, 57)
47s DeviceModule:MoveRandom(): New position: (45, 60)
48s DeviceModule:MoveRandom(): New position: (42, 60)
49s DeviceModule:MoveRandom(): New position: (42, 57)
50s DeviceModule:MoveRandom(): New position: (42, 60)
51s DeviceModule:MoveRandom(): New position: (39, 60)
51s DecisionModule:RemoveNetworkFromList(): Network: 8 out of range!
52s DeviceModule:MoveRandom(): New position: (42, 60)
52s DecisionModule:AddNetworkToList(): Network detected
53s DeviceModule:MoveRandom(): New position: (39, 60)
53s DecisionModule:RemoveNetworkFromList(): Network: 8 out of range!
54s DeviceModule:MoveRandom(): New position: (39, 57)
55s DeviceModule:MoveRandom(): New position: (39, 60)
56s DeviceModule:MoveRandom(): New position: (36, 60)
57s DeviceModule:MoveRandom(): New position: (39, 60)
58s DeviceModule:MoveRandom(): New position: (39, 57)
59s DeviceModule:MoveRandom(): New position: (36, 57)
60s DecisionModule:Run(): Run decision
60s DecisionModule:AnalyzingNetworks(): Current Network: 
       [Network #7, Technology = Wifi, Address = 02-06-00:00:00:00:00:09, { DataRate: 74, SignalStrength: 37, AntiFragility: 65}, IQ: 60]
60s DecisionModule:ShowAllNetworks(): All detected networks:
       [Network #7, Technology = Wifi, Address = 02-06-00:00:00:00:00:09, { DataRate: 74, SignalStrength: 37, AntiFragility: 65}, IQ: 60]
       [Network #9, Technology = Wimax, Address = 02-06-00:00:00:00:00:0c, { DataRate: 83, SignalStrength: 29, AntiFragility: 63}, IQ: 59]
       [Network #2, Technology = Wifi, Address = 02-06-00:00:00:00:00:04, { DataRate: 43, SignalStrength: 38, AntiFragility: 76}, IQ: 58]
       [Network #6, Technology = Wifi, Address = 02-06-00:00:00:00:00:08, { DataRate: 46, SignalStrength: 86, AntiFragility: 44}, IQ: 55]
       [Network #4, Technology = Wifi, Address = 02-06-00:00:00:00:00:06, { DataRate: 67, SignalStrength: 26, AntiFragility: 55}, IQ: 50]
       [Network #3, Technology = Wifi, Address = 02-06-00:00:00:00:00:05, { DataRate: 10, SignalStrength: 33, AntiFragility: 61}, IQ: 41]
       [Network #1, Technology = Wifi, Address = 02-06-00:00:00:00:00:03, { DataRate: 38, SignalStrength: 70, AntiFragility: 14}, IQ: 34]
       [Network #5, Technology = Wifi, Address = 02-06-00:00:00:00:00:07, { DataRate: 27, SignalStrength: 47, AntiFragility: 11}, IQ: 24]
       [Network #0, Technology = Wifi, Address = 02-06-00:00:00:00:00:02, { DataRate: 39, SignalStrength: 24, AntiFragility: 1}, IQ: 16]
60s DeviceModule:MoveRandom(): New position: (36, 60)
61s DeviceModule:MoveRandom(): New position: (33, 60)
62s DeviceModule:MoveRandom(): New position: (30, 60)
63s DeviceModule:MoveRandom(): New position: (30, 63)
64s DeviceModule:MoveRandom(): New position: (33, 63)
65s DeviceModule:MoveRandom(): New position: (33, 66)
66s DeviceModule:MoveRandom(): New position: (36, 66)
67s DeviceModule:MoveRandom(): New position: (33, 66)
68s DeviceModule:MoveRandom(): New position: (30, 66)
69s DeviceModule:MoveRandom(): New position: (30, 69)
70s DeviceModule:MoveRandom(): New position: (27, 69)
71s DeviceModule:MoveRandom(): New position: (27, 66)
72s DeviceModule:MoveRandom(): New position: (27, 69)
73s DeviceModule:MoveRandom(): New position: (27, 72)
74s DeviceModule:MoveRandom(): New position: (27, 69)
75s DecisionModule:Run(): Run decision
75s DecisionModule:AnalyzingNetworks(): Current Network: 
       [Network #0, Technology = Wifi, Address = 02-06-00:00:00:00:00:02, { DataRate: 91, SignalStrength: 74, AntiFragility: 89}, IQ: 85]
75s DecisionModule:ShowAllNetworks(): All detected networks:
       [Network #0, Technology = Wifi, Address = 02-06-00:00:00:00:00:02, { DataRate: 91, SignalStrength: 74, AntiFragility: 89}, IQ: 85]
       [Network #2, Technology = Wifi, Address = 02-06-00:00:00:00:00:04, { DataRate: 73, SignalStrength: 28, AntiFragility: 99}, IQ: 74]
       [Network #5, Technology = Wifi, Address = 02-06-00:00:00:00:00:07, { DataRate: 83, SignalStrength: 27, AntiFragility: 93}, IQ: 74]
       [Network #3, Technology = Wifi, Address = 02-06-00:00:00:00:00:05, { DataRate: 22, SignalStrength: 79, AntiFragility: 85}, IQ: 67]
       [Network #7, Technology = Wifi, Address = 02-06-00:00:00:00:00:09, { DataRate: 28, SignalStrength: 35, AntiFragility: 79}, IQ: 55]
       [Network #6, Technology = Wifi, Address = 02-06-00:00:00:00:00:08, { DataRate: 30, SignalStrength: 41, AntiFragility: 50}, IQ: 42]
       [Network #9, Technology = Wimax, Address = 02-06-00:00:00:00:00:0c, { DataRate: 9, SignalStrength: 49, AntiFragility: 55}, IQ: 42]
       [Network #1, Technology = Wifi, Address = 02-06-00:00:00:00:00:03, { DataRate: 10, SignalStrength: 33, AntiFragility: 41}, IQ: 31]
       [Network #4, Technology = Wifi, Address = 02-06-00:00:00:00:00:06, { DataRate: 47, SignalStrength: 4, AntiFragility: 37}, IQ: 31]
75s ExecutionModule:Run(): Decision time => Seconds: 0, Miliseconds: 454
75s ExecutionModule:Run(): Handover time => Seconds: 0, Miliseconds: 587
75s ExecutionModule:Run(): Event: Horizontal Handover.
75s DeviceModule:MoveRandom(): New position: (27, 66)
76s DeviceModule:MoveRandom(): New position: (27, 63)
77s DeviceModule:MoveRandom(): New position: (27, 66)
78s DeviceModule:MoveRandom(): New position: (30, 66)
79s DeviceModule:MoveRandom(): New position: (27, 66)
80s DeviceModule:MoveRandom(): New position: (24, 66)
80s DecisionModule:RemoveNetworkFromList(): Network: 2 out of range!
81s DeviceModule:MoveRandom(): New position: (21, 66)
82s DeviceModule:MoveRandom(): New position: (21, 63)
83s DeviceModule:MoveRandom(): New position: (21, 66)
84s DeviceModule:MoveRandom(): New position: (18, 66)
85s DeviceModule:MoveRandom(): New position: (21, 66)
86s DeviceModule:MoveRandom(): New position: (18, 66)
87s DeviceModule:MoveRandom(): New position: (21, 66)
88s DeviceModule:MoveRandom(): New position: (18, 66)
89s DeviceModule:MoveRandom(): New position: (21, 66)
90s DecisionModule:Run(): Run decision
90s DecisionModule:AnalyzingNetworks(): Current Network: 
       [Network #3, Technology = Wifi, Address = 02-06-00:00:00:00:00:05, { DataRate: 88, SignalStrength: 27, AntiFragility: 74}, IQ: 65]
90s DecisionModule:ShowAllNetworks(): All detected networks:
       [Network #3, Technology = Wifi, Address = 02-06-00:00:00:00:00:05, { DataRate: 88, SignalStrength: 27, AntiFragility: 74}, IQ: 65]
       [Network #4, Technology = Wifi, Address = 02-06-00:00:00:00:00:06, { DataRate: 43, SignalStrength: 90, AntiFragility: 55}, IQ: 60]
       [Network #7, Technology = Wifi, Address = 02-06-00:00:00:00:00:09, { DataRate: 40, SignalStrength: 20, AntiFragility: 89}, IQ: 59]
       [Network #1, Technology = Wifi, Address = 02-06-00:00:00:00:00:03, { DataRate: 61, SignalStrength: 41, AntiFragility: 46}, IQ: 48]
       [Network #5, Technology = Wifi, Address = 02-06-00:00:00:00:00:07, { DataRate: 13, SignalStrength: 10, AntiFragility: 68}, IQ: 39]
       [Network #9, Technology = Wimax, Address = 02-06-00:00:00:00:00:0c, { DataRate: 99, SignalStrength: 14, AntiFragility: 20}, IQ: 38]
       [Network #0, Technology = Wifi, Address = 02-06-00:00:00:00:00:02, { DataRate: 7, SignalStrength: 16, AntiFragility: 29}, IQ: 20]
       [Network #6, Technology = Wifi, Address = 02-06-00:00:00:00:00:08, { DataRate: 14, SignalStrength: 13, AntiFragility: 21}, IQ: 17]
90s ExecutionModule:Run(): Decision time => Seconds: 0, Miliseconds: 205
90s ExecutionModule:Run(): Handover time => Seconds: 0, Miliseconds: 120
90s ExecutionModule:Run(): Event: Horizontal Handover.
90s DeviceModule:MoveRandom(): New position: (18, 66)
91s DeviceModule:MoveRandom(): New position: (18, 63)
91s ExecutionModule:OutOfRange(): OUT OF BETTER NETWORK! Choosing another network...
91s DecisionModule:RemoveNetworkFromList(): Network: 3 out of range!
91s DecisionModule:Run(): Run decision
91s DecisionModule:AnalyzingNetworks(): Current Network: 
       [Network #5, Technology = Wifi, Address = 02-06-00:00:00:00:00:07, { DataRate: 54, SignalStrength: 99, AntiFragility: 79}, IQ: 77]
91s DecisionModule:ShowAllNetworks(): All detected networks:
       [Network #5, Technology = Wifi, Address = 02-06-00:00:00:00:00:07, { DataRate: 54, SignalStrength: 99, AntiFragility: 79}, IQ: 77]
       [Network #7, Technology = Wifi, Address = 02-06-00:00:00:00:00:09, { DataRate: 51, SignalStrength: 8, AntiFragility: 72}, IQ: 50]
       [Network #4, Technology = Wifi, Address = 02-06-00:00:00:00:00:06, { DataRate: 27, SignalStrength: 34, AntiFragility: 45}, IQ: 37]
       [Network #6, Technology = Wifi, Address = 02-06-00:00:00:00:00:08, { DataRate: 21, SignalStrength: 94, AntiFragility: 13}, IQ: 35]
       [Network #9, Technology = Wimax, Address = 02-06-00:00:00:00:00:0c, { DataRate: 12, SignalStrength: 25, AntiFragility: 52}, IQ: 35]
       [Network #1, Technology = Wifi, Address = 02-06-00:00:00:00:00:03, { DataRate: 1, SignalStrength: 26, AntiFragility: 34}, IQ: 23]
       [Network #0, Technology = Wifi, Address = 02-06-00:00:00:00:00:02, { DataRate: 19, SignalStrength: 41, AntiFragility: 14}, IQ: 22]
91s ExecutionModule:Run(): Decision time => Seconds: 0, Miliseconds: 135
91s ExecutionModule:Run(): Handover time => Seconds: 0, Miliseconds: 108
91s ExecutionModule:Run(): Event: Horizontal Handover.
92s DeviceModule:MoveRandom(): New position: (21, 63)
92s DecisionModule:AddNetworkToList(): Network detected
93s DeviceModule:MoveRandom(): New position: (21, 60)
94s DeviceModule:MoveRandom(): New position: (21, 57)
94s DecisionModule:RemoveNetworkFromList(): Network: 3 out of range!
95s DeviceModule:MoveRandom(): New position: (18, 57)
96s DeviceModule:MoveRandom(): New position: (18, 60)
97s DeviceModule:MoveRandom(): New position: (18, 63)
98s DeviceModule:MoveRandom(): New position: (21, 63)
98s DecisionModule:AddNetworkToList(): Network detected
99s DeviceModule:MoveRandom(): New position: (24, 63)
100s DeviceModule:MoveRandom(): New position: (27, 63)
100s DecisionModule:AddNetworkToList(): Network detected
101s DeviceModule:MoveRandom(): New position: (24, 63)
101s DecisionModule:RemoveNetworkFromList(): Network: 2 out of range!
102s DeviceModule:MoveRandom(): New position: (24, 60)
103s DeviceModule:MoveRandom(): New position: (27, 60)
104s DeviceModule:MoveRandom(): New position: (24, 60)
105s DecisionModule:Run(): Run decision
105s DecisionModule:AnalyzingNetworks(): Current Network: 
       [Network #3, Technology = Wifi, Address = 02-06-00:00:00:00:00:05, { DataRate: 65, SignalStrength: 26, AntiFragility: 89}, IQ: 67]
105s DecisionModule:ShowAllNetworks(): All detected networks:
       [Network #3, Technology = Wifi, Address = 02-06-00:00:00:00:00:05, { DataRate: 65, SignalStrength: 26, AntiFragility: 89}, IQ: 67]
       [Network #4, Technology = Wifi, Address = 02-06-00:00:00:00:00:06, { DataRate: 53, SignalStrength: 75, AntiFragility: 64}, IQ: 64]
       [Network #0, Technology = Wifi, Address = 02-06-00:00:00:00:00:02, { DataRate: 19, SignalStrength: 63, AntiFragility: 74}, IQ: 57]
       [Network #9, Technology = Wimax, Address = 02-06-00:00:00:00:00:0c, { DataRate: 23, SignalStrength: 74, AntiFragility: 56}, IQ: 52]
       [Network #5, Technology = Wifi, Address = 02-06-00:00:00:00:00:07, { DataRate: 90, SignalStrength: 25, AntiFragility: 48}, IQ: 52]
       [Network #7, Technology = Wifi, Address = 02-06-00:00:00:00:00:09, { DataRate: 60, SignalStrength: 12, AntiFragility: 34}, IQ: 35]
       [Network #6, Technology = Wifi, Address = 02-06-00:00:00:00:00:08, { DataRate: 92, SignalStrength: 17, AntiFragility: 2}, IQ: 28]
       [Network #1, Technology = Wifi, Address = 02-06-00:00:00:00:00:03, { DataRate: 9, SignalStrength: 5, AntiFragility: 1}, IQ: 4]
105s ExecutionModule:Run(): Decision time => Seconds: 0, Miliseconds: 205
105s ExecutionModule:Run(): Handover time => Seconds: 0, Miliseconds: 121
105s ExecutionModule:Run(): Event: Horizontal Handover.
105s DeviceModule:MoveRandom(): New position: (27, 60)
106s DeviceModule:MoveRandom(): New position: (24, 60)
107s DeviceModule:MoveRandom(): New position: (24, 63)
108s DeviceModule:MoveRandom(): New position: (24, 60)
109s DeviceModule:MoveRandom(): New position: (27, 60)
110s DeviceModule:MoveRandom(): New position: (24, 60)
111s DeviceModule:MoveRandom(): New position: (27, 60)
112s DeviceModule:MoveRandom(): New position: (27, 63)
112s DecisionModule:AddNetworkToList(): Network detected
113s DeviceModule:MoveRandom(): New position: (27, 60)
113s DecisionModule:RemoveNetworkFromList(): Network: 2 out of range!
114s DeviceModule:MoveRandom(): New position: (24, 60)
115s DeviceModule:MoveRandom(): New position: (24, 57)
116s DeviceModule:MoveRandom(): New position: (21, 57)
116s ExecutionModule:OutOfRange(): OUT OF BETTER NETWORK! Choosing another network...
116s DecisionModule:RemoveNetworkFromList(): Network: 3 out of range!
116s DecisionModule:Run(): Run decision
116s DecisionModule:AnalyzingNetworks(): Current Network: 
       [Network #1, Technology = Wifi, Address = 02-06-00:00:00:00:00:03, { DataRate: 70, SignalStrength: 41, AntiFragility: 89}, IQ: 72]
116s DecisionModule:ShowAllNetworks(): All detected networks:
       [Network #1, Technology = Wifi, Address = 02-06-00:00:00:00:00:03, { DataRate: 70, SignalStrength: 41, AntiFragility: 89}, IQ: 72]
       [Network #6, Technology = Wifi, Address = 02-06-00:00:00:00:00:08, { DataRate: 91, SignalStrength: 54, AntiFragility: 73}, IQ: 72]
       [Network #9, Technology = Wimax, Address = 02-06-00:00:00:00:00:0c, { DataRate: 25, SignalStrength: 60, AntiFragility: 90}, IQ: 66]
       [Network #7, Technology = Wifi, Address = 02-06-00:00:00:00:00:09, { DataRate: 36, SignalStrength: 13, AntiFragility: 92}, IQ: 58]
       [Network #4, Technology = Wifi, Address = 02-06-00:00:00:00:00:06, { DataRate: 38, SignalStrength: 31, AntiFragility: 77}, IQ: 55]
       [Network #5, Technology = Wifi, Address = 02-06-00:00:00:00:00:07, { DataRate: 98, SignalStrength: 33, AntiFragility: 33}, IQ: 49]
       [Network #0, Technology = Wifi, Address = 02-06-00:00:00:00:00:02, { DataRate: 14, SignalStrength: 8, AntiFragility: 21}, IQ: 16]
116s ExecutionModule:Run(): Decision time => Seconds: 0, Miliseconds: 137
116s ExecutionModule:Run(): Handover time => Seconds: 0, Miliseconds: 119
116s ExecutionModule:Run(): Event: Horizontal Handover.
117s DeviceModule:MoveRandom(): New position: (18, 57)
118s DeviceModule:MoveRandom(): New position: (18, 60)
119s DeviceModule:MoveRandom(): New position: (18, 57)
120s DecisionModule:Run(): Run decision
120s DecisionModule:AnalyzingNetworks(): Current Network: 
       [Network #1, Technology = Wifi, Address = 02-06-00:00:00:00:00:03, { DataRate: 70, SignalStrength: 41, AntiFragility: 89}, IQ: 72]
120s DecisionModule:ShowAllNetworks(): All detected networks:
       [Network #1, Technology = Wifi, Address = 02-06-00:00:00:00:00:03, { DataRate: 70, SignalStrength: 41, AntiFragility: 89}, IQ: 72]
       [Network #6, Technology = Wifi, Address = 02-06-00:00:00:00:00:08, { DataRate: 91, SignalStrength: 54, AntiFragility: 73}, IQ: 72]
       [Network #9, Technology = Wimax, Address = 02-06-00:00:00:00:00:0c, { DataRate: 25, SignalStrength: 60, AntiFragility: 90}, IQ: 66]
       [Network #7, Technology = Wifi, Address = 02-06-00:00:00:00:00:09, { DataRate: 36, SignalStrength: 13, AntiFragility: 92}, IQ: 58]
       [Network #4, Technology = Wifi, Address = 02-06-00:00:00:00:00:06, { DataRate: 38, SignalStrength: 31, AntiFragility: 77}, IQ: 55]
       [Network #5, Technology = Wifi, Address = 02-06-00:00:00:00:00:07, { DataRate: 98, SignalStrength: 33, AntiFragility: 33}, IQ: 49]
       [Network #0, Technology = Wifi, Address = 02-06-00:00:00:00:00:02, { DataRate: 14, SignalStrength: 8, AntiFragility: 21}, IQ: 16]
120s DeviceModule:MoveRandom(): New position: (18, 60)
121s DeviceModule:MoveRandom(): New position: (15, 60)
122s DeviceModule:MoveRandom(): New position: (18, 60)
123s DeviceModule:MoveRandom(): New position: (21, 60)
123s DecisionModule:AddNetworkToList(): Network detected
124s DeviceModule:MoveRandom(): New position: (24, 60)
125s DeviceModule:MoveRandom(): New position: (21, 60)
126s DeviceModule:MoveRandom(): New position: (24, 60)
127s DeviceModule:MoveRandom(): New position: (21, 60)
128s DeviceModule:MoveRandom(): New position: (21, 63)
129s DeviceModule:MoveRandom(): New position: (21, 60)
130s DeviceModule:MoveRandom(): New position: (18, 60)
130s DecisionModule:RemoveNetworkFromList(): Network: 3 out of range!
131s DeviceModule:MoveRandom(): New position: (15, 60)
132s DeviceModule:MoveRandom(): New position: (15, 57)
133s DeviceModule:MoveRandom(): New position: (18, 57)
134s DeviceModule:MoveRandom(): New position: (18, 60)
135s DecisionModule:Run(): Run decision
135s DecisionModule:AnalyzingNetworks(): Current Network: 
       [Network #6, Technology = Wifi, Address = 02-06-00:00:00:00:00:08, { DataRate: 38, SignalStrength: 75, AntiFragility: 96}, IQ: 76]
135s DecisionModule:ShowAllNetworks(): All detected networks:
       [Network #6, Technology = Wifi, Address = 02-06-00:00:00:00:00:08, { DataRate: 38, SignalStrength: 75, AntiFragility: 96}, IQ: 76]
       [Network #4, Technology = Wifi, Address = 02-06-00:00:00:00:00:06, { DataRate: 97, SignalStrength: 14, AntiFragility: 93}, IQ: 74]
       [Network #7, Technology = Wifi, Address = 02-06-00:00:00:00:00:09, { DataRate: 87, SignalStrength: 53, AntiFragility: 66}, IQ: 68]
       [Network #5, Technology = Wifi, Address = 02-06-00:00:00:00:00:07, { DataRate: 63, SignalStrength: 63, AntiFragility: 56}, IQ: 59]
       [Network #0, Technology = Wifi, Address = 02-06-00:00:00:00:00:02, { DataRate: 35, SignalStrength: 10, AntiFragility: 68}, IQ: 45]
       [Network #1, Technology = Wifi, Address = 02-06-00:00:00:00:00:03, { DataRate: 4, SignalStrength: 21, AntiFragility: 76}, IQ: 44]
       [Network #9, Technology = Wimax, Address = 02-06-00:00:00:00:00:0c, { DataRate: 1, SignalStrength: 57, AntiFragility: 18}, IQ: 23]
135s ExecutionModule:Run(): Decision time => Seconds: 0, Miliseconds: 178
135s ExecutionModule:Run(): Handover time => Seconds: 0, Miliseconds: 121
135s ExecutionModule:Run(): Event: Horizontal Handover.
135s DeviceModule:MoveRandom(): New position: (18, 63)
136s DeviceModule:MoveRandom(): New position: (18, 66)
136s DecisionModule:AddNetworkToList(): Network detected
137s DeviceModule:MoveRandom(): New position: (18, 69)
138s DeviceModule:MoveRandom(): New position: (18, 72)
139s DeviceModule:MoveRandom(): New position: (15, 72)
140s DeviceModule:MoveRandom(): New position: (12, 72)
140s DecisionModule:RemoveNetworkFromList(): Network: 3 out of range!
141s DeviceModule:MoveRandom(): New position: (9, 72)
142s DeviceModule:MoveRandom(): New position: (12, 72)
143s DeviceModule:MoveRandom(): New position: (12, 75)
144s DeviceModule:MoveRandom(): New position: (9, 75)
145s DeviceModule:MoveRandom(): New position: (9, 78)
146s DeviceModule:MoveRandom(): New position: (12, 78)
147s DeviceModule:MoveRandom(): New position: (12, 75)
148s DeviceModule:MoveRandom(): New position: (15, 75)
148s DecisionModule:AddNetworkToList(): Network detected
149s DeviceModule:MoveRandom(): New position: (12, 75)
149s DecisionModule:RemoveNetworkFromList(): Network: 3 out of range!
150s DecisionModule:Run(): Run decision
150s DecisionModule:AnalyzingNetworks(): Current Network: 
       [Network #0, Technology = Wifi, Address = 02-06-00:00:00:00:00:02, { DataRate: 56, SignalStrength: 25, AntiFragility: 97}, IQ: 68]
150s DecisionModule:ShowAllNetworks(): All detected networks:
       [Network #0, Technology = Wifi, Address = 02-06-00:00:00:00:00:02, { DataRate: 56, SignalStrength: 25, AntiFragility: 97}, IQ: 68]
       [Network #5, Technology = Wifi, Address = 02-06-00:00:00:00:00:07, { DataRate: 80, SignalStrength: 43, AntiFragility: 62}, IQ: 61]
       [Network #1, Technology = Wifi, Address = 02-06-00:00:00:00:00:03, { DataRate: 42, SignalStrength: 11, AntiFragility: 86}, IQ: 56]
       [Network #7, Technology = Wifi, Address = 02-06-00:00:00:00:00:09, { DataRate: 4, SignalStrength: 42, AntiFragility: 87}, IQ: 55]
       [Network #4, Technology = Wifi, Address = 02-06-00:00:00:00:00:06, { DataRate: 40, SignalStrength: 18, AntiFragility: 64}, IQ: 46]
       [Network #9, Technology = Wimax, Address = 02-06-00:00:00:00:00:0c, { DataRate: 55, SignalStrength: 37, AntiFragility: 29}, IQ: 37]
       [Network #6, Technology = Wifi, Address = 02-06-00:00:00:00:00:08, { DataRate: 8, SignalStrength: 47, AntiFragility: 31}, IQ: 29]
150s ExecutionModule:Run(): Decision time => Seconds: 0, Miliseconds: 179
150s ExecutionModule:Run(): Handover time => Seconds: 0, Miliseconds: 120
150s ExecutionModule:Run(): Event: Horizontal Handover.
150s DeviceModule:MoveRandom(): New position: (12, 72)
151s DeviceModule:MoveRandom(): New position: (12, 69)
152s DeviceModule:MoveRandom(): New position: (12, 66)
153s DeviceModule:MoveRandom(): New position: (12, 69)
154s DeviceModule:MoveRandom(): New position: (12, 72)
155s DeviceModule:MoveRandom(): New position: (9, 72)
156s DeviceModule:MoveRandom(): New position: (9, 75)
157s DeviceModule:MoveRandom(): New position: (12, 75)
158s DeviceModule:MoveRandom(): New position: (15, 75)
158s DecisionModule:AddNetworkToList(): Network detected
159s DeviceModule:MoveRandom(): New position: (18, 75)
160s DeviceModule:MoveRandom(): New position: (15, 75)
161s DeviceModule:MoveRandom(): New position: (15, 72)
162s DeviceModule:MoveRandom(): New position: (18, 72)
163s DeviceModule:MoveRandom(): New position: (21, 72)
164s DeviceModule:MoveRandom(): New position: (18, 72)
165s DecisionModule:Run(): Run decision
165s DecisionModule:AnalyzingNetworks(): Current Network: 
       [Network #4, Technology = Wifi, Address = 02-06-00:00:00:00:00:06, { DataRate: 90, SignalStrength: 42, AntiFragility: 69}, IQ: 67]
165s DecisionModule:ShowAllNetworks(): All detected networks:
       [Network #4, Technology = Wifi, Address = 02-06-00:00:00:00:00:06, { DataRate: 90, SignalStrength: 42, AntiFragility: 69}, IQ: 67]
       [Network #3, Technology = Wifi, Address = 02-06-00:00:00:00:00:05, { DataRate: 62, SignalStrength: 73, AntiFragility: 66}, IQ: 66]
       [Network #6, Technology = Wifi, Address = 02-06-00:00:00:00:00:08, { DataRate: 58, SignalStrength: 13, AntiFragility: 80}, IQ: 57]
       [Network #5, Technology = Wifi, Address = 02-06-00:00:00:00:00:07, { DataRate: 89, SignalStrength: 98, AntiFragility: 19}, IQ: 56]
       [Network #0, Technology = Wifi, Address = 02-06-00:00:00:00:00:02, { DataRate: 5, SignalStrength: 20, AntiFragility: 97}, IQ: 54]
       [Network #1, Technology = Wifi, Address = 02-06-00:00:00:00:00:03, { DataRate: 39, SignalStrength: 28, AntiFragility: 52}, IQ: 42]
       [Network #7, Technology = Wifi, Address = 02-06-00:00:00:00:00:09, { DataRate: 23, SignalStrength: 69, AntiFragility: 30}, IQ: 38]
       [Network #9, Technology = Wimax, Address = 02-06-00:00:00:00:00:0c, { DataRate: 24, SignalStrength: 2, AntiFragility: 49}, IQ: 31]
165s ExecutionModule:Run(): Decision time => Seconds: 0, Miliseconds: 188
165s ExecutionModule:Run(): Handover time => Seconds: 0, Miliseconds: 122
165s ExecutionModule:Run(): Event: Horizontal Handover.
165s DeviceModule:MoveRandom(): New position: (21, 72)
166s DeviceModule:MoveRandom(): New position: (18, 72)
167s DeviceModule:MoveRandom(): New position: (18, 69)
168s DeviceModule:MoveRandom(): New position: (15, 69)
168s DecisionModule:RemoveNetworkFromList(): Network: 3 out of range!
169s DeviceModule:MoveRandom(): New position: (15, 66)
170s DeviceModule:MoveRandom(): New position: (15, 69)
171s DeviceModule:MoveRandom(): New position: (15, 72)
171s DecisionModule:AddNetworkToList(): Network detected
172s DeviceModule:MoveRandom(): New position: (15, 75)
173s DeviceModule:MoveRandom(): New position: (12, 75)
173s DecisionModule:RemoveNetworkFromList(): Network: 3 out of range!
174s DeviceModule:MoveRandom(): New position: (12, 78)
175s DeviceModule:MoveRandom(): New position: (12, 75)
176s DeviceModule:MoveRandom(): New position: (15, 75)
176s DecisionModule:AddNetworkToList(): Network detected
177s DeviceModule:MoveRandom(): New position: (15, 72)
178s DeviceModule:MoveRandom(): New position: (12, 72)
178s DecisionModule:RemoveNetworkFromList(): Network: 3 out of range!
179s DeviceModule:MoveRandom(): New position: (12, 75)
180s DecisionModule:Run(): Run decision
180s DecisionModule:AnalyzingNetworks(): Current Network: 
       [Network #7, Technology = Wifi, Address = 02-06-00:00:00:00:00:09, { DataRate: 71, SignalStrength: 93, AntiFragility: 86}, IQ: 84]
180s DecisionModule:ShowAllNetworks(): All detected networks:
       [Network #7, Technology = Wifi, Address = 02-06-00:00:00:00:00:09, { DataRate: 71, SignalStrength: 93, AntiFragility: 86}, IQ: 84]
       [Network #6, Technology = Wifi, Address = 02-06-00:00:00:00:00:08, { DataRate: 52, SignalStrength: 71, AntiFragility: 93}, IQ: 77]
       [Network #4, Technology = Wifi, Address = 02-06-00:00:00:00:00:06, { DataRate: 19, SignalStrength: 45, AntiFragility: 88}, IQ: 60]
       [Network #1, Technology = Wifi, Address = 02-06-00:00:00:00:00:03, { DataRate: 54, SignalStrength: 95, AntiFragility: 28}, IQ: 51]
       [Network #9, Technology = Wimax, Address = 02-06-00:00:00:00:00:0c, { DataRate: 53, SignalStrength: 97, AntiFragility: 27}, IQ: 51]
       [Network #5, Technology = Wifi, Address = 02-06-00:00:00:00:00:07, { DataRate: 30, SignalStrength: 1, AntiFragility: 83}, IQ: 49]
       [Network #0, Technology = Wifi, Address = 02-06-00:00:00:00:00:02, { DataRate: 28, SignalStrength: 14, AntiFragility: 3}, IQ: 12]
180s ExecutionModule:Run(): Decision time => Seconds: 0, Miliseconds: 187
180s ExecutionModule:Run(): Handover time => Seconds: 0, Miliseconds: 121
180s ExecutionModule:Run(): Event: Horizontal Handover.
180s DeviceModule:MoveRandom(): New position: (12, 72)
181s DeviceModule:MoveRandom(): New position: (12, 69)
182s DeviceModule:MoveRandom(): New position: (12, 66)
183s DeviceModule:MoveRandom(): New position: (15, 66)
184s DeviceModule:MoveRandom(): New position: (18, 66)
184s DecisionModule:AddNetworkToList(): Network detected
185s DeviceModule:MoveRandom(): New position: (21, 66)
186s DeviceModule:MoveRandom(): New position: (24, 66)
187s DeviceModule:MoveRandom(): New position: (21, 66)
188s DeviceModule:MoveRandom(): New position: (21, 63)
189s DeviceModule:MoveRandom(): New position: (21, 60)
190s DeviceModule:MoveRandom(): New position: (21, 63)
191s DeviceModule:MoveRandom(): New position: (24, 63)
192s DeviceModule:MoveRandom(): New position: (24, 60)
193s DeviceModule:MoveRandom(): New position: (24, 57)
194s DeviceModule:MoveRandom(): New position: (21, 57)
194s DecisionModule:RemoveNetworkFromList(): Network: 3 out of range!
195s DecisionModule:Run(): Run decision
195s DecisionModule:AnalyzingNetworks(): Current Network: 
       [Network #4, Technology = Wifi, Address = 02-06-00:00:00:00:00:06, { DataRate: 58, SignalStrength: 82, AntiFragility: 59}, IQ: 64]
195s DecisionModule:ShowAllNetworks(): All detected networks:
       [Network #4, Technology = Wifi, Address = 02-06-00:00:00:00:00:06, { DataRate: 58, SignalStrength: 82, AntiFragility: 59}, IQ: 64]
       [Network #9, Technology = Wimax, Address = 02-06-00:00:00:00:00:0c, { DataRate: 79, SignalStrength: 74, AntiFragility: 53}, IQ: 64]
       [Network #7, Technology = Wifi, Address = 02-06-00:00:00:00:00:09, { DataRate: 2, SignalStrength: 55, AntiFragility: 98}, IQ: 63]
       [Network #0, Technology = Wifi, Address = 02-06-00:00:00:00:00:02, { DataRate: 2, SignalStrength: 53, AntiFragility: 96}, IQ: 61]
       [Network #6, Technology = Wifi, Address = 02-06-00:00:00:00:00:08, { DataRate: 89, SignalStrength: 6, AntiFragility: 57}, IQ: 52]
       [Network #1, Technology = Wifi, Address = 02-06-00:00:00:00:00:03, { DataRate: 84, SignalStrength: 17, AntiFragility: 28}, IQ: 39]
       [Network #5, Technology = Wifi, Address = 02-06-00:00:00:00:00:07, { DataRate: 15, SignalStrength: 79, AntiFragility: 7}, IQ: 27]
195s ExecutionModule:Run(): Decision time => Seconds: 0, Miliseconds: 205
195s ExecutionModule:Run(): Handover time => Seconds: 0, Miliseconds: 121
195s ExecutionModule:Run(): Event: Horizontal Handover.
195s DeviceModule:MoveRandom(): New position: (21, 60)
195s DecisionModule:AddNetworkToList(): Network detected
196s DeviceModule:MoveRandom(): New position: (24, 60)
197s DeviceModule:MoveRandom(): New position: (21, 60)
198s DeviceModule:MoveRandom(): New position: (21, 57)
198s DecisionModule:RemoveNetworkFromList(): Network: 3 out of range!
199s DeviceModule:MoveRandom(): New position: (21, 54)
