Waf: Entering directory `/home/renan/Documents/NR2/ns-allinone-3.20/ns-3.20/build'
Waf: Leaving directory `/home/renan/Documents/NR2/ns-allinone-3.20/ns-3.20/build'
'build' finished successfully (1.823s)
0s NetworkModule:SetPosition(): Network 0 set position => (142, 141)
0s NetworkModule:SetRange(): Network 0 set range => 100
0s NetworkModule:SetPosition(): Network 1 set position => (43, 129)
0s NetworkModule:SetRange(): Network 1 set range => 100
0s NetworkModule:SetPosition(): Network 2 set position => (142, 40)
0s NetworkModule:SetRange(): Network 2 set range => 100
0s NetworkModule:SetPosition(): Network 3 set position => (78, 82)
0s NetworkModule:SetRange(): Network 3 set range => 100
0s NetworkModule:SetPosition(): Network 4 set position => (142, 148)
0s NetworkModule:SetRange(): Network 4 set range => 100
0s NetworkModule:SetPosition(): Network 5 set position => (105, 133)
0s NetworkModule:SetRange(): Network 5 set range => 100
0s NetworkModule:SetPosition(): Network 6 set position => (108, 16)
0s NetworkModule:SetRange(): Network 6 set range => 100
0s NetworkModule:SetPosition(): Network 7 set position => (108, 69)
0s NetworkModule:SetRange(): Network 7 set range => 100
0s NetworkModule:SetPosition(): Network 8 set position => (144, 24)
0s NetworkModule:SetRange(): Network 8 set range => 100
0s NetworkModule:SetPosition(): Network 9 set position => (146, 107)
0s NetworkModule:SetRange(): Network 9 set range => 100
0s DeviceModule:ConfigureMobility(): Device [init x = 75, init y = 75, max = 150, velocity = 3]
1s DeviceModule:MoveRandom(): New position: (72, 75)
1s DecisionModule:AddNetworkToList(): Network detected
1s DecisionModule:AddNetworkToList(): Network detected
1s DecisionModule:AddNetworkToList(): Network detected
1s DecisionModule:AddNetworkToList(): Network detected
1s DecisionModule:AddNetworkToList(): Network detected
1s DecisionModule:AddNetworkToList(): Network detected
1s DecisionModule:AddNetworkToList(): Network detected
1s DecisionModule:AddNetworkToList(): Network detected
1s DecisionModule:AddNetworkToList(): Network detected
2s DeviceModule:MoveRandom(): New position: (72, 72)
3s DeviceModule:MoveRandom(): New position: (72, 69)
4s DeviceModule:MoveRandom(): New position: (72, 66)
4s DecisionModule:RemoveNetworkFromList(): Network: 0 out of range!
5s DeviceModule:MoveRandom(): New position: (72, 63)
6s DeviceModule:MoveRandom(): New position: (72, 60)
7s DeviceModule:MoveRandom(): New position: (72, 63)
8s DeviceModule:MoveRandom(): New position: (69, 63)
9s DeviceModule:MoveRandom(): New position: (69, 60)
10s DeviceModule:MoveRandom(): New position: (66, 60)
11s DeviceModule:MoveRandom(): New position: (66, 63)
12s DeviceModule:MoveRandom(): New position: (69, 63)
13s DeviceModule:MoveRandom(): New position: (66, 63)
14s DeviceModule:MoveRandom(): New position: (69, 63)
15s DecisionModule:Run(): Run decision
15s DecisionModule:AnalyzingNetworks(): Current Network: 
       [Network #5, Technology = Wifi, Address = 02-06-00:00:00:00:00:07, { DataRate: 73, SignalStrength: 82, AntiFragility: 96}, IQ: 86]
15s DecisionModule:ShowAllNetworks(): All detected networks:
       [Network #5, Technology = Wifi, Address = 02-06-00:00:00:00:00:07, { DataRate: 73, SignalStrength: 82, AntiFragility: 96}, IQ: 86]
       [Network #1, Technology = Wifi, Address = 02-06-00:00:00:00:00:03, { DataRate: 57, SignalStrength: 31, AntiFragility: 96}, IQ: 70]
       [Network #6, Technology = Wifi, Address = 02-06-00:00:00:00:00:08, { DataRate: 96, SignalStrength: 41, AntiFragility: 53}, IQ: 60]
       [Network #7, Technology = Wifi, Address = 02-06-00:00:00:00:00:09, { DataRate: 1, SignalStrength: 52, AntiFragility: 93}, IQ: 59]
       [Network #8, Technology = Wimax, Address = 02-06-00:00:00:00:00:0b, { DataRate: 29, SignalStrength: 10, AntiFragility: 84}, IQ: 51]
       [Network #9, Technology = Wimax, Address = 02-06-00:00:00:00:00:0c, { DataRate: 43, SignalStrength: 55, AntiFragility: 27}, IQ: 38]
       [Network #2, Technology = Wifi, Address = 02-06-00:00:00:00:00:04, { DataRate: 63, SignalStrength: 27, AntiFragility: 8}, IQ: 26]
       [Network #3, Technology = Wifi, Address = 02-06-00:00:00:00:00:05, { DataRate: 45, SignalStrength: 19, AntiFragility: 2}, IQ: 17]
15s DeviceModule:MoveRandom(): New position: (69, 66)
16s DeviceModule:MoveRandom(): New position: (66, 66)
17s DeviceModule:MoveRandom(): New position: (66, 69)
18s DeviceModule:MoveRandom(): New position: (66, 72)
19s DeviceModule:MoveRandom(): New position: (69, 72)
19s DecisionModule:AddNetworkToList(): Network detected
20s DeviceModule:MoveRandom(): New position: (66, 72)
20s DecisionModule:RemoveNetworkFromList(): Network: 0 out of range!
21s DeviceModule:MoveRandom(): New position: (66, 69)
22s DeviceModule:MoveRandom(): New position: (66, 72)
23s DeviceModule:MoveRandom(): New position: (69, 72)
23s DecisionModule:AddNetworkToList(): Network detected
24s DeviceModule:MoveRandom(): New position: (69, 69)
24s DecisionModule:RemoveNetworkFromList(): Network: 0 out of range!
25s DeviceModule:MoveRandom(): New position: (69, 72)
25s DecisionModule:AddNetworkToList(): Network detected
26s DeviceModule:MoveRandom(): New position: (66, 72)
26s DecisionModule:RemoveNetworkFromList(): Network: 0 out of range!
27s DeviceModule:MoveRandom(): New position: (63, 72)
28s DeviceModule:MoveRandom(): New position: (63, 69)
29s DeviceModule:MoveRandom(): New position: (63, 66)
30s DecisionModule:Run(): Run decision
30s DecisionModule:AnalyzingNetworks(): Current Network: 
       [Network #9, Technology = Wimax, Address = 02-06-00:00:00:00:00:0c, { DataRate: 94, SignalStrength: 95, AntiFragility: 36}, IQ: 65]
30s DecisionModule:ShowAllNetworks(): All detected networks:
       [Network #9, Technology = Wimax, Address = 02-06-00:00:00:00:00:0c, { DataRate: 94, SignalStrength: 95, AntiFragility: 36}, IQ: 65]
       [Network #3, Technology = Wifi, Address = 02-06-00:00:00:00:00:05, { DataRate: 70, SignalStrength: 91, AntiFragility: 46}, IQ: 63]
       [Network #6, Technology = Wifi, Address = 02-06-00:00:00:00:00:08, { DataRate: 39, SignalStrength: 82, AntiFragility: 57}, IQ: 58]
       [Network #2, Technology = Wifi, Address = 02-06-00:00:00:00:00:04, { DataRate: 33, SignalStrength: 65, AntiFragility: 59}, IQ: 54]
       [Network #1, Technology = Wifi, Address = 02-06-00:00:00:00:00:03, { DataRate: 28, SignalStrength: 90, AntiFragility: 35}, IQ: 47]
       [Network #7, Technology = Wifi, Address = 02-06-00:00:00:00:00:09, { DataRate: 33, SignalStrength: 84, AntiFragility: 18}, IQ: 38]
       [Network #5, Technology = Wifi, Address = 02-06-00:00:00:00:00:07, { DataRate: 51, SignalStrength: 36, AntiFragility: 15}, IQ: 29]
       [Network #8, Technology = Wimax, Address = 02-06-00:00:00:00:00:0b, { DataRate: 29, SignalStrength: 68, AntiFragility: 6}, IQ: 27]
30s ExecutionModule:Run(): Decision time => Seconds: 0, Miliseconds: 188
30s ExecutionModule:Run(): Handover time => Seconds: 0, Miliseconds: 272
30s ExecutionModule:Run(): Event: Vertical Handover.
30s DeviceModule:MoveRandom(): New position: (63, 69)
31s DeviceModule:MoveRandom(): New position: (66, 69)
32s DeviceModule:MoveRandom(): New position: (69, 69)
33s DeviceModule:MoveRandom(): New position: (69, 72)
33s DecisionModule:AddNetworkToList(): Network detected
34s DeviceModule:MoveRandom(): New position: (69, 75)
35s DeviceModule:MoveRandom(): New position: (66, 75)
36s DeviceModule:MoveRandom(): New position: (66, 72)
36s DecisionModule:RemoveNetworkFromList(): Network: 0 out of range!
37s DeviceModule:MoveRandom(): New position: (66, 69)
38s DeviceModule:MoveRandom(): New position: (69, 69)
39s DeviceModule:MoveRandom(): New position: (66, 69)
40s DeviceModule:MoveRandom(): New position: (66, 72)
41s DeviceModule:MoveRandom(): New position: (66, 75)
41s DecisionModule:AddNetworkToList(): Network detected
42s DeviceModule:MoveRandom(): New position: (63, 75)
42s DecisionModule:RemoveNetworkFromList(): Network: 0 out of range!
43s DeviceModule:MoveRandom(): New position: (60, 75)
44s DeviceModule:MoveRandom(): New position: (63, 75)
45s DecisionModule:Run(): Run decision
45s DecisionModule:AnalyzingNetworks(): Current Network: 
       [Network #3, Technology = Wifi, Address = 02-06-00:00:00:00:00:05, { DataRate: 71, SignalStrength: 43, AntiFragility: 53}, IQ: 55]
45s DecisionModule:ShowAllNetworks(): All detected networks:
       [Network #3, Technology = Wifi, Address = 02-06-00:00:00:00:00:05, { DataRate: 71, SignalStrength: 43, AntiFragility: 53}, IQ: 55]
       [Network #8, Technology = Wimax, Address = 02-06-00:00:00:00:00:0b, { DataRate: 58, SignalStrength: 84, AntiFragility: 33}, IQ: 52]
       [Network #6, Technology = Wifi, Address = 02-06-00:00:00:00:00:08, { DataRate: 78, SignalStrength: 44, AntiFragility: 41}, IQ: 51]
       [Network #7, Technology = Wifi, Address = 02-06-00:00:00:00:00:09, { DataRate: 34, SignalStrength: 62, AntiFragility: 50}, IQ: 49]
       [Network #9, Technology = Wimax, Address = 02-06-00:00:00:00:00:0c, { DataRate: 70, SignalStrength: 78, AntiFragility: 25}, IQ: 49]
       [Network #1, Technology = Wifi, Address = 02-06-00:00:00:00:00:03, { DataRate: 45, SignalStrength: 84, AntiFragility: 27}, IQ: 45]
       [Network #5, Technology = Wifi, Address = 02-06-00:00:00:00:00:07, { DataRate: 75, SignalStrength: 12, AntiFragility: 36}, IQ: 39]
       [Network #2, Technology = Wifi, Address = 02-06-00:00:00:00:00:04, { DataRate: 16, SignalStrength: 12, AntiFragility: 1}, IQ: 7]
45s ExecutionModule:Run(): Decision time => Seconds: 0, Miliseconds: 323
45s ExecutionModule:Run(): Handover time => Seconds: 0, Miliseconds: 67
45s ExecutionModule:Run(): Event: Vertical Handover.
45s DeviceModule:MoveRandom(): New position: (66, 75)
45s DecisionModule:AddNetworkToList(): Network detected
46s DeviceModule:MoveRandom(): New position: (66, 72)
46s DecisionModule:RemoveNetworkFromList(): Network: 0 out of range!
47s DeviceModule:MoveRandom(): New position: (66, 69)
48s DeviceModule:MoveRandom(): New position: (69, 69)
49s DeviceModule:MoveRandom(): New position: (69, 72)
49s DecisionModule:AddNetworkToList(): Network detected
50s DeviceModule:MoveRandom(): New position: (72, 72)
51s DeviceModule:MoveRandom(): New position: (75, 72)
52s DeviceModule:MoveRandom(): New position: (75, 69)
53s DeviceModule:MoveRandom(): New position: (75, 66)
54s DeviceModule:MoveRandom(): New position: (75, 69)
55s DeviceModule:MoveRandom(): New position: (75, 72)
56s DeviceModule:MoveRandom(): New position: (78, 72)
56s DecisionModule:AddNetworkToList(): Network detected
57s DeviceModule:MoveRandom(): New position: (78, 69)
57s DecisionModule:RemoveNetworkFromList(): Network: 4 out of range!
58s DeviceModule:MoveRandom(): New position: (78, 72)
58s DecisionModule:AddNetworkToList(): Network detected
59s DeviceModule:MoveRandom(): New position: (78, 69)
59s DecisionModule:RemoveNetworkFromList(): Network: 4 out of range!
60s DecisionModule:Run(): Run decision
60s DecisionModule:AnalyzingNetworks(): Current Network: 
       [Network #9, Technology = Wimax, Address = 02-06-00:00:00:00:00:0c, { DataRate: 72, SignalStrength: 84, AntiFragility: 78}, IQ: 78]
60s DecisionModule:ShowAllNetworks(): All detected networks:
       [Network #9, Technology = Wimax, Address = 02-06-00:00:00:00:00:0c, { DataRate: 72, SignalStrength: 84, AntiFragility: 78}, IQ: 78]
       [Network #2, Technology = Wifi, Address = 02-06-00:00:00:00:00:04, { DataRate: 55, SignalStrength: 78, AntiFragility: 72}, IQ: 69]
       [Network #3, Technology = Wifi, Address = 02-06-00:00:00:00:00:05, { DataRate: 91, SignalStrength: 26, AntiFragility: 78}, IQ: 68]
       [Network #0, Technology = Wifi, Address = 02-06-00:00:00:00:00:02, { DataRate: 30, SignalStrength: 60, AntiFragility: 79}, IQ: 62]
       [Network #7, Technology = Wifi, Address = 02-06-00:00:00:00:00:09, { DataRate: 6, SignalStrength: 1, AntiFragility: 98}, IQ: 50]
       [Network #1, Technology = Wifi, Address = 02-06-00:00:00:00:00:03, { DataRate: 50, SignalStrength: 53, AntiFragility: 47}, IQ: 49]
       [Network #6, Technology = Wifi, Address = 02-06-00:00:00:00:00:08, { DataRate: 81, SignalStrength: 14, AntiFragility: 47}, IQ: 47]
       [Network #5, Technology = Wifi, Address = 02-06-00:00:00:00:00:07, { DataRate: 87, SignalStrength: 54, AntiFragility: 9}, IQ: 39]
       [Network #8, Technology = Wimax, Address = 02-06-00:00:00:00:00:0b, { DataRate: 82, SignalStrength: 11, AntiFragility: 31}, IQ: 38]
60s ExecutionModule:Run(): Decision time => Seconds: 0, Miliseconds: 217
60s ExecutionModule:Run(): Handover time => Seconds: 0, Miliseconds: 33
60s ExecutionModule:Run(): Event: Vertical Handover.
60s DeviceModule:MoveRandom(): New position: (81, 69)
60s DecisionModule:AddNetworkToList(): Network detected
61s DeviceModule:MoveRandom(): New position: (81, 72)
62s DeviceModule:MoveRandom(): New position: (78, 72)
63s DeviceModule:MoveRandom(): New position: (75, 72)
63s DecisionModule:RemoveNetworkFromList(): Network: 4 out of range!
64s DeviceModule:MoveRandom(): New position: (75, 69)
65s DeviceModule:MoveRandom(): New position: (78, 69)
66s DeviceModule:MoveRandom(): New position: (75, 69)
67s DeviceModule:MoveRandom(): New position: (72, 69)
68s DeviceModule:MoveRandom(): New position: (69, 69)
68s DecisionModule:RemoveNetworkFromList(): Network: 0 out of range!
69s DeviceModule:MoveRandom(): New position: (66, 69)
70s DeviceModule:MoveRandom(): New position: (69, 69)
71s DeviceModule:MoveRandom(): New position: (66, 69)
72s DeviceModule:MoveRandom(): New position: (66, 66)
73s DeviceModule:MoveRandom(): New position: (63, 66)
74s DeviceModule:MoveRandom(): New position: (60, 66)
75s DecisionModule:Run(): Run decision
75s DecisionModule:AnalyzingNetworks(): Current Network: 
       [Network #3, Technology = Wifi, Address = 02-06-00:00:00:00:00:05, { DataRate: 3, SignalStrength: 98, AntiFragility: 94}, IQ: 72]
75s DecisionModule:ShowAllNetworks(): All detected networks:
       [Network #3, Technology = Wifi, Address = 02-06-00:00:00:00:00:05, { DataRate: 3, SignalStrength: 98, AntiFragility: 94}, IQ: 72]
       [Network #5, Technology = Wifi, Address = 02-06-00:00:00:00:00:07, { DataRate: 81, SignalStrength: 39, AntiFragility: 55}, IQ: 57]
       [Network #2, Technology = Wifi, Address = 02-06-00:00:00:00:00:04, { DataRate: 83, SignalStrength: 33, AntiFragility: 34}, IQ: 46]
       [Network #7, Technology = Wifi, Address = 02-06-00:00:00:00:00:09, { DataRate: 6, SignalStrength: 85, AntiFragility: 45}, IQ: 45]
       [Network #9, Technology = Wimax, Address = 02-06-00:00:00:00:00:0c, { DataRate: 34, SignalStrength: 61, AntiFragility: 41}, IQ: 44]
       [Network #8, Technology = Wimax, Address = 02-06-00:00:00:00:00:0b, { DataRate: 55, SignalStrength: 74, AntiFragility: 11}, IQ: 37]
       [Network #6, Technology = Wifi, Address = 02-06-00:00:00:00:00:08, { DataRate: 83, SignalStrength: 28, AntiFragility: 13}, IQ: 34]
       [Network #1, Technology = Wifi, Address = 02-06-00:00:00:00:00:03, { DataRate: 13, SignalStrength: 15, AntiFragility: 31}, IQ: 22]
75s ExecutionModule:Run(): Decision time => Seconds: 0, Miliseconds: 195
75s ExecutionModule:Run(): Handover time => Seconds: 0, Miliseconds: 31
75s ExecutionModule:Run(): Event: Vertical Handover.
75s DeviceModule:MoveRandom(): New position: (57, 66)
76s DeviceModule:MoveRandom(): New position: (57, 69)
77s DeviceModule:MoveRandom(): New position: (54, 69)
78s DeviceModule:MoveRandom(): New position: (54, 72)
78s DecisionModule:RemoveNetworkFromList(): Network: 8 out of range!
79s DeviceModule:MoveRandom(): New position: (54, 75)
80s DeviceModule:MoveRandom(): New position: (51, 75)
81s DeviceModule:MoveRandom(): New position: (48, 75)
81s DecisionModule:RemoveNetworkFromList(): Network: 9 out of range!
82s DeviceModule:MoveRandom(): New position: (45, 75)
82s DecisionModule:RemoveNetworkFromList(): Network: 2 out of range!
83s DeviceModule:MoveRandom(): New position: (45, 72)
84s DeviceModule:MoveRandom(): New position: (45, 69)
85s DeviceModule:MoveRandom(): New position: (48, 69)
85s DecisionModule:AddNetworkToList(): Network detected
86s DeviceModule:MoveRandom(): New position: (48, 66)
87s DeviceModule:MoveRandom(): New position: (45, 66)
88s DeviceModule:MoveRandom(): New position: (45, 63)
89s DeviceModule:MoveRandom(): New position: (45, 66)
90s DecisionModule:Run(): Run decision
90s DecisionModule:AnalyzingNetworks(): Current Network: 
       [Network #5, Technology = Wifi, Address = 02-06-00:00:00:00:00:07, { DataRate: 57, SignalStrength: 90, AntiFragility: 61}, IQ: 67]
90s DecisionModule:ShowAllNetworks(): All detected networks:
       [Network #5, Technology = Wifi, Address = 02-06-00:00:00:00:00:07, { DataRate: 57, SignalStrength: 90, AntiFragility: 61}, IQ: 67]
       [Network #2, Technology = Wifi, Address = 02-06-00:00:00:00:00:04, { DataRate: 60, SignalStrength: 32, AntiFragility: 88}, IQ: 67]
       [Network #7, Technology = Wifi, Address = 02-06-00:00:00:00:00:09, { DataRate: 88, SignalStrength: 89, AntiFragility: 25}, IQ: 56]
       [Network #6, Technology = Wifi, Address = 02-06-00:00:00:00:00:08, { DataRate: 53, SignalStrength: 10, AntiFragility: 80}, IQ: 55]
       [Network #1, Technology = Wifi, Address = 02-06-00:00:00:00:00:03, { DataRate: 33, SignalStrength: 80, AntiFragility: 29}, IQ: 42]
       [Network #3, Technology = Wifi, Address = 02-06-00:00:00:00:00:05, { DataRate: 17, SignalStrength: 68, AntiFragility: 28}, IQ: 35]
90s ExecutionModule:Run(): Decision time => Seconds: 0, Miliseconds: 195
90s ExecutionModule:Run(): Handover time => Seconds: 0, Miliseconds: 122
90s ExecutionModule:Run(): Event: Horizontal Handover.
90s DeviceModule:MoveRandom(): New position: (48, 66)
91s DeviceModule:MoveRandom(): New position: (45, 66)
92s DeviceModule:MoveRandom(): New position: (48, 66)
93s DeviceModule:MoveRandom(): New position: (45, 66)
94s DeviceModule:MoveRandom(): New position: (42, 66)
94s DecisionModule:RemoveNetworkFromList(): Network: 2 out of range!
95s DeviceModule:MoveRandom(): New position: (39, 66)
96s DeviceModule:MoveRandom(): New position: (39, 69)
97s DeviceModule:MoveRandom(): New position: (42, 69)
98s DeviceModule:MoveRandom(): New position: (42, 72)
99s DeviceModule:MoveRandom(): New position: (42, 69)
100s DeviceModule:MoveRandom(): New position: (42, 72)
101s DeviceModule:MoveRandom(): New position: (45, 72)
102s DeviceModule:MoveRandom(): New position: (45, 75)
103s DeviceModule:MoveRandom(): New position: (45, 72)
104s DeviceModule:MoveRandom(): New position: (45, 69)
105s DecisionModule:Run(): Run decision
105s DecisionModule:AnalyzingNetworks(): Current Network: 
       [Network #7, Technology = Wifi, Address = 02-06-00:00:00:00:00:09, { DataRate: 77, SignalStrength: 65, AntiFragility: 53}, IQ: 62]
105s DecisionModule:ShowAllNetworks(): All detected networks:
       [Network #7, Technology = Wifi, Address = 02-06-00:00:00:00:00:09, { DataRate: 77, SignalStrength: 65, AntiFragility: 53}, IQ: 62]
       [Network #1, Technology = Wifi, Address = 02-06-00:00:00:00:00:03, { DataRate: 12, SignalStrength: 75, AntiFragility: 76}, IQ: 59]
       [Network #6, Technology = Wifi, Address = 02-06-00:00:00:00:00:08, { DataRate: 97, SignalStrength: 14, AntiFragility: 52}, IQ: 53]
       [Network #3, Technology = Wifi, Address = 02-06-00:00:00:00:00:05, { DataRate: 2, SignalStrength: 6, AntiFragility: 98}, IQ: 51]
       [Network #5, Technology = Wifi, Address = 02-06-00:00:00:00:00:07, { DataRate: 2, SignalStrength: 11, AntiFragility: 28}, IQ: 17]
105s ExecutionModule:Run(): Decision time => Seconds: 0, Miliseconds: 172
105s ExecutionModule:Run(): Handover time => Seconds: 0, Miliseconds: 121
105s ExecutionModule:Run(): Event: Horizontal Handover.
105s DeviceModule:MoveRandom(): New position: (45, 66)
105s DecisionModule:AddNetworkToList(): Network detected
106s DeviceModule:MoveRandom(): New position: (48, 66)
107s DeviceModule:MoveRandom(): New position: (48, 69)
108s DeviceModule:MoveRandom(): New position: (48, 66)
109s DeviceModule:MoveRandom(): New position: (48, 69)
110s DeviceModule:MoveRandom(): New position: (45, 69)
110s DecisionModule:RemoveNetworkFromList(): Network: 2 out of range!
111s DeviceModule:MoveRandom(): New position: (48, 69)
111s DecisionModule:AddNetworkToList(): Network detected
112s DeviceModule:MoveRandom(): New position: (45, 69)
112s DecisionModule:RemoveNetworkFromList(): Network: 2 out of range!
113s DeviceModule:MoveRandom(): New position: (45, 72)
114s DeviceModule:MoveRandom(): New position: (45, 75)
115s DeviceModule:MoveRandom(): New position: (48, 75)
115s DecisionModule:AddNetworkToList(): Network detected
116s DeviceModule:MoveRandom(): New position: (48, 72)
117s DeviceModule:MoveRandom(): New position: (48, 75)
118s DeviceModule:MoveRandom(): New position: (51, 75)
118s DecisionModule:AddNetworkToList(): Network detected
119s DeviceModule:MoveRandom(): New position: (51, 72)
119s DecisionModule:RemoveNetworkFromList(): Network: 9 out of range!
120s DecisionModule:Run(): Run decision
120s DecisionModule:AnalyzingNetworks(): Current Network: 
       [Network #6, Technology = Wifi, Address = 02-06-00:00:00:00:00:08, { DataRate: 93, SignalStrength: 49, AntiFragility: 81}, IQ: 76]
120s DecisionModule:ShowAllNetworks(): All detected networks:
       [Network #6, Technology = Wifi, Address = 02-06-00:00:00:00:00:08, { DataRate: 93, SignalStrength: 49, AntiFragility: 81}, IQ: 76]
       [Network #5, Technology = Wifi, Address = 02-06-00:00:00:00:00:07, { DataRate: 17, SignalStrength: 95, AntiFragility: 52}, IQ: 54]
       [Network #2, Technology = Wifi, Address = 02-06-00:00:00:00:00:04, { DataRate: 76, SignalStrength: 51, AntiFragility: 38}, IQ: 50]
       [Network #1, Technology = Wifi, Address = 02-06-00:00:00:00:00:03, { DataRate: 71, SignalStrength: 84, AntiFragility: 4}, IQ: 40]
       [Network #7, Technology = Wifi, Address = 02-06-00:00:00:00:00:09, { DataRate: 19, SignalStrength: 32, AntiFragility: 36}, IQ: 30]
       [Network #3, Technology = Wifi, Address = 02-06-00:00:00:00:00:05, { DataRate: 1, SignalStrength: 71, AntiFragility: 1}, IQ: 18]
120s ExecutionModule:Run(): Decision time => Seconds: 0, Miliseconds: 173
120s ExecutionModule:Run(): Handover time => Seconds: 0, Miliseconds: 120
120s ExecutionModule:Run(): Event: Horizontal Handover.
120s DeviceModule:MoveRandom(): New position: (54, 72)
120s DecisionModule:AddNetworkToList(): Network detected
121s DeviceModule:MoveRandom(): New position: (51, 72)
121s DecisionModule:RemoveNetworkFromList(): Network: 9 out of range!
122s DeviceModule:MoveRandom(): New position: (51, 69)
123s DeviceModule:MoveRandom(): New position: (48, 69)
124s DeviceModule:MoveRandom(): New position: (48, 72)
125s DeviceModule:MoveRandom(): New position: (45, 72)
125s DecisionModule:RemoveNetworkFromList(): Network: 2 out of range!
126s DeviceModule:MoveRandom(): New position: (48, 72)
126s DecisionModule:AddNetworkToList(): Network detected
127s DeviceModule:MoveRandom(): New position: (45, 72)
127s DecisionModule:RemoveNetworkFromList(): Network: 2 out of range!
128s DeviceModule:MoveRandom(): New position: (45, 75)
129s DeviceModule:MoveRandom(): New position: (48, 75)
129s DecisionModule:AddNetworkToList(): Network detected
130s DeviceModule:MoveRandom(): New position: (51, 75)
130s DecisionModule:AddNetworkToList(): Network detected
131s DeviceModule:MoveRandom(): New position: (48, 75)
131s DecisionModule:RemoveNetworkFromList(): Network: 9 out of range!
132s DeviceModule:MoveRandom(): New position: (45, 75)
132s DecisionModule:RemoveNetworkFromList(): Network: 2 out of range!
133s DeviceModule:MoveRandom(): New position: (45, 72)
134s DeviceModule:MoveRandom(): New position: (48, 72)
134s DecisionModule:AddNetworkToList(): Network detected
135s DecisionModule:Run(): Run decision
135s DecisionModule:AnalyzingNetworks(): Current Network: 
       [Network #3, Technology = Wifi, Address = 02-06-00:00:00:00:00:05, { DataRate: 87, SignalStrength: 88, AntiFragility: 68}, IQ: 77]
135s DecisionModule:ShowAllNetworks(): All detected networks:
       [Network #3, Technology = Wifi, Address = 02-06-00:00:00:00:00:05, { DataRate: 87, SignalStrength: 88, AntiFragility: 68}, IQ: 77]
       [Network #5, Technology = Wifi, Address = 02-06-00:00:00:00:00:07, { DataRate: 98, SignalStrength: 13, AntiFragility: 74}, IQ: 64]
       [Network #7, Technology = Wifi, Address = 02-06-00:00:00:00:00:09, { DataRate: 30, SignalStrength: 36, AntiFragility: 94}, IQ: 63]
       [Network #1, Technology = Wifi, Address = 02-06-00:00:00:00:00:03, { DataRate: 18, SignalStrength: 63, AntiFragility: 75}, IQ: 57]
       [Network #2, Technology = Wifi, Address = 02-06-00:00:00:00:00:04, { DataRate: 9, SignalStrength: 35, AntiFragility: 78}, IQ: 50]
       [Network #6, Technology = Wifi, Address = 02-06-00:00:00:00:00:08, { DataRate: 40, SignalStrength: 41, AntiFragility: 38}, IQ: 39]
135s ExecutionModule:Run(): Decision time => Seconds: 0, Miliseconds: 192
135s ExecutionModule:Run(): Handover time => Seconds: 0, Miliseconds: 121
135s ExecutionModule:Run(): Event: Horizontal Handover.
135s DeviceModule:MoveRandom(): New position: (45, 72)
135s DecisionModule:RemoveNetworkFromList(): Network: 2 out of range!
136s DeviceModule:MoveRandom(): New position: (48, 72)
136s DecisionModule:AddNetworkToList(): Network detected
137s DeviceModule:MoveRandom(): New position: (51, 72)
138s DeviceModule:MoveRandom(): New position: (48, 72)
139s DeviceModule:MoveRandom(): New position: (45, 72)
139s DecisionModule:RemoveNetworkFromList(): Network: 2 out of range!
140s DeviceModule:MoveRandom(): New position: (48, 72)
140s DecisionModule:AddNetworkToList(): Network detected
141s DeviceModule:MoveRandom(): New position: (45, 72)
141s DecisionModule:RemoveNetworkFromList(): Network: 2 out of range!
142s DeviceModule:MoveRandom(): New position: (48, 72)
142s DecisionModule:AddNetworkToList(): Network detected
143s DeviceModule:MoveRandom(): New position: (48, 69)
144s DeviceModule:MoveRandom(): New position: (45, 69)
144s DecisionModule:RemoveNetworkFromList(): Network: 2 out of range!
145s DeviceModule:MoveRandom(): New position: (48, 69)
145s DecisionModule:AddNetworkToList(): Network detected
146s DeviceModule:MoveRandom(): New position: (51, 69)
147s DeviceModule:MoveRandom(): New position: (51, 72)
148s DeviceModule:MoveRandom(): New position: (51, 69)
149s DeviceModule:MoveRandom(): New position: (51, 72)
150s DecisionModule:Run(): Run decision
150s DecisionModule:AnalyzingNetworks(): Current Network: 
       [Network #1, Technology = Wifi, Address = 02-06-00:00:00:00:00:03, { DataRate: 79, SignalStrength: 43, AntiFragility: 98}, IQ: 79]
150s DecisionModule:ShowAllNetworks(): All detected networks:
       [Network #1, Technology = Wifi, Address = 02-06-00:00:00:00:00:03, { DataRate: 79, SignalStrength: 43, AntiFragility: 98}, IQ: 79]
       [Network #5, Technology = Wifi, Address = 02-06-00:00:00:00:00:07, { DataRate: 99, SignalStrength: 52, AntiFragility: 82}, IQ: 78]
       [Network #7, Technology = Wifi, Address = 02-06-00:00:00:00:00:09, { DataRate: 81, SignalStrength: 28, AntiFragility: 85}, IQ: 69]
       [Network #2, Technology = Wifi, Address = 02-06-00:00:00:00:00:04, { DataRate: 45, SignalStrength: 40, AntiFragility: 76}, IQ: 59]
       [Network #3, Technology = Wifi, Address = 02-06-00:00:00:00:00:05, { DataRate: 16, SignalStrength: 5, AntiFragility: 57}, IQ: 33]
       [Network #6, Technology = Wifi, Address = 02-06-00:00:00:00:00:08, { DataRate: 3, SignalStrength: 5, AntiFragility: 18}, IQ: 11]
150s ExecutionModule:Run(): Decision time => Seconds: 0, Miliseconds: 276
150s ExecutionModule:Run(): Handover time => Seconds: 0, Miliseconds: 163
150s ExecutionModule:Run(): Event: Horizontal Handover.
150s DeviceModule:MoveRandom(): New position: (54, 72)
150s DecisionModule:AddNetworkToList(): Network detected
151s DeviceModule:MoveRandom(): New position: (57, 72)
151s DecisionModule:AddNetworkToList(): Network detected
152s DeviceModule:MoveRandom(): New position: (57, 69)
153s DeviceModule:MoveRandom(): New position: (54, 69)
154s DeviceModule:MoveRandom(): New position: (54, 72)
154s DecisionModule:RemoveNetworkFromList(): Network: 8 out of range!
155s DeviceModule:MoveRandom(): New position: (54, 69)
155s DecisionModule:AddNetworkToList(): Network detected
156s DeviceModule:MoveRandom(): New position: (54, 66)
157s DeviceModule:MoveRandom(): New position: (54, 63)
157s DecisionModule:RemoveNetworkFromList(): Network: 9 out of range!
158s DeviceModule:MoveRandom(): New position: (54, 60)
159s DeviceModule:MoveRandom(): New position: (51, 60)
160s DeviceModule:MoveRandom(): New position: (51, 63)
161s DeviceModule:MoveRandom(): New position: (51, 66)
161s DecisionModule:RemoveNetworkFromList(): Network: 8 out of range!
162s DeviceModule:MoveRandom(): New position: (48, 66)
163s DeviceModule:MoveRandom(): New position: (45, 66)
164s DeviceModule:MoveRandom(): New position: (45, 69)
164s DecisionModule:RemoveNetworkFromList(): Network: 2 out of range!
165s DecisionModule:Run(): Run decision
165s DecisionModule:AnalyzingNetworks(): Current Network: 
       [Network #5, Technology = Wifi, Address = 02-06-00:00:00:00:00:07, { DataRate: 79, SignalStrength: 74, AntiFragility: 68}, IQ: 72]
165s DecisionModule:ShowAllNetworks(): All detected networks:
       [Network #5, Technology = Wifi, Address = 02-06-00:00:00:00:00:07, { DataRate: 79, SignalStrength: 74, AntiFragility: 68}, IQ: 72]
       [Network #7, Technology = Wifi, Address = 02-06-00:00:00:00:00:09, { DataRate: 55, SignalStrength: 59, AntiFragility: 85}, IQ: 71]
       [Network #6, Technology = Wifi, Address = 02-06-00:00:00:00:00:08, { DataRate: 73, SignalStrength: 76, AntiFragility: 54}, IQ: 64]
       [Network #3, Technology = Wifi, Address = 02-06-00:00:00:00:00:05, { DataRate: 51, SignalStrength: 97, AntiFragility: 30}, IQ: 52]
       [Network #1, Technology = Wifi, Address = 02-06-00:00:00:00:00:03, { DataRate: 53, SignalStrength: 43, AntiFragility: 22}, IQ: 35]
165s ExecutionModule:Run(): Decision time => Seconds: 0, Miliseconds: 166
165s ExecutionModule:Run(): Handover time => Seconds: 0, Miliseconds: 122
165s ExecutionModule:Run(): Event: Horizontal Handover.
165s DeviceModule:MoveRandom(): New position: (45, 72)
166s DeviceModule:MoveRandom(): New position: (48, 72)
166s DecisionModule:AddNetworkToList(): Network detected
167s DeviceModule:MoveRandom(): New position: (45, 72)
167s DecisionModule:RemoveNetworkFromList(): Network: 2 out of range!
168s DeviceModule:MoveRandom(): New position: (42, 72)
169s DeviceModule:MoveRandom(): New position: (39, 72)
170s DeviceModule:MoveRandom(): New position: (36, 72)
171s DeviceModule:MoveRandom(): New position: (33, 72)
172s DeviceModule:MoveRandom(): New position: (36, 72)
173s DeviceModule:MoveRandom(): New position: (33, 72)
174s DeviceModule:MoveRandom(): New position: (36, 72)
175s DeviceModule:MoveRandom(): New position: (36, 75)
176s DeviceModule:MoveRandom(): New position: (39, 75)
177s DeviceModule:MoveRandom(): New position: (39, 78)
178s DeviceModule:MoveRandom(): New position: (39, 75)
179s DeviceModule:MoveRandom(): New position: (42, 75)
180s DecisionModule:Run(): Run decision
180s DecisionModule:AnalyzingNetworks(): Current Network: 
       [Network #5, Technology = Wifi, Address = 02-06-00:00:00:00:00:07, { DataRate: 70, SignalStrength: 30, AntiFragility: 67}, IQ: 58]
180s DecisionModule:ShowAllNetworks(): All detected networks:
       [Network #5, Technology = Wifi, Address = 02-06-00:00:00:00:00:07, { DataRate: 70, SignalStrength: 30, AntiFragility: 67}, IQ: 58]
       [Network #3, Technology = Wifi, Address = 02-06-00:00:00:00:00:05, { DataRate: 96, SignalStrength: 74, AntiFragility: 28}, IQ: 56]
       [Network #6, Technology = Wifi, Address = 02-06-00:00:00:00:00:08, { DataRate: 69, SignalStrength: 91, AntiFragility: 21}, IQ: 50]
       [Network #7, Technology = Wifi, Address = 02-06-00:00:00:00:00:09, { DataRate: 64, SignalStrength: 42, AntiFragility: 36}, IQ: 44]
       [Network #1, Technology = Wifi, Address = 02-06-00:00:00:00:00:03, { DataRate: 23, SignalStrength: 41, AntiFragility: 30}, IQ: 31]
180s DeviceModule:MoveRandom(): New position: (39, 75)
181s DeviceModule:MoveRandom(): New position: (39, 72)
182s DeviceModule:MoveRandom(): New position: (36, 72)
183s DeviceModule:MoveRandom(): New position: (33, 72)
184s DeviceModule:MoveRandom(): New position: (33, 75)
185s DeviceModule:MoveRandom(): New position: (33, 72)
186s DeviceModule:MoveRandom(): New position: (33, 69)
187s DeviceModule:MoveRandom(): New position: (33, 72)
188s DeviceModule:MoveRandom(): New position: (33, 69)
189s DeviceModule:MoveRandom(): New position: (30, 69)
190s DeviceModule:MoveRandom(): New position: (33, 69)
191s DeviceModule:MoveRandom(): New position: (36, 69)
192s DeviceModule:MoveRandom(): New position: (36, 66)
193s DeviceModule:MoveRandom(): New position: (36, 69)
194s DeviceModule:MoveRandom(): New position: (39, 69)
195s DecisionModule:Run(): Run decision
195s DecisionModule:AnalyzingNetworks(): Current Network: 
       [Network #3, Technology = Wifi, Address = 02-06-00:00:00:00:00:05, { DataRate: 43, SignalStrength: 66, AntiFragility: 94}, IQ: 74]
195s DecisionModule:ShowAllNetworks(): All detected networks:
       [Network #3, Technology = Wifi, Address = 02-06-00:00:00:00:00:05, { DataRate: 43, SignalStrength: 66, AntiFragility: 94}, IQ: 74]
       [Network #1, Technology = Wifi, Address = 02-06-00:00:00:00:00:03, { DataRate: 46, SignalStrength: 67, AntiFragility: 78}, IQ: 67]
       [Network #6, Technology = Wifi, Address = 02-06-00:00:00:00:00:08, { DataRate: 31, SignalStrength: 72, AntiFragility: 77}, IQ: 64]
       [Network #5, Technology = Wifi, Address = 02-06-00:00:00:00:00:07, { DataRate: 90, SignalStrength: 18, AntiFragility: 72}, IQ: 63]
       [Network #7, Technology = Wifi, Address = 02-06-00:00:00:00:00:09, { DataRate: 52, SignalStrength: 2, AntiFragility: 40}, IQ: 33]
195s ExecutionModule:Run(): Decision time => Seconds: 0, Miliseconds: 377
195s ExecutionModule:Run(): Handover time => Seconds: 0, Miliseconds: 206
195s ExecutionModule:Run(): Event: Horizontal Handover.
195s DeviceModule:MoveRandom(): New position: (39, 66)
196s DeviceModule:MoveRandom(): New position: (42, 66)
197s DeviceModule:MoveRandom(): New position: (45, 66)
197s DecisionModule:AddNetworkToList(): Network detected
198s DeviceModule:MoveRandom(): New position: (45, 69)
198s DecisionModule:RemoveNetworkFromList(): Network: 2 out of range!
199s DeviceModule:MoveRandom(): New position: (48, 69)
199s DecisionModule:AddNetworkToList(): Network detected
