Waf: Entering directory `/home/renan/Documents/NR2/ns-allinone-3.20/ns-3.20/build'
Waf: Leaving directory `/home/renan/Documents/NR2/ns-allinone-3.20/ns-3.20/build'
'build' finished successfully (1.849s)
0s NetworkModule:SetPosition(): Network 0 set position => (103, 138)
0s NetworkModule:SetRange(): Network 0 set range => 100
0s NetworkModule:SetPosition(): Network 1 set position => (147, 47)
0s NetworkModule:SetRange(): Network 1 set range => 100
0s NetworkModule:SetPosition(): Network 2 set position => (48, 1)
0s NetworkModule:SetRange(): Network 2 set range => 100
0s NetworkModule:SetPosition(): Network 3 set position => (81, 72)
0s NetworkModule:SetRange(): Network 3 set range => 100
0s NetworkModule:SetPosition(): Network 4 set position => (26, 77)
0s NetworkModule:SetRange(): Network 4 set range => 100
0s NetworkModule:SetPosition(): Network 5 set position => (20, 127)
0s NetworkModule:SetRange(): Network 5 set range => 100
0s NetworkModule:SetPosition(): Network 6 set position => (100, 101)
0s NetworkModule:SetRange(): Network 6 set range => 100
0s NetworkModule:SetPosition(): Network 7 set position => (34, 66)
0s NetworkModule:SetRange(): Network 7 set range => 100
0s NetworkModule:SetPosition(): Network 8 set position => (113, 115)
0s NetworkModule:SetRange(): Network 8 set range => 100
0s NetworkModule:SetPosition(): Network 9 set position => (15, 44)
0s NetworkModule:SetRange(): Network 9 set range => 100
0s DeviceModule:ConfigureMobility(): Device [init x = 75, init y = 75, max = 150, velocity = 3]
1s DeviceModule:MoveRandom(): New position: (72, 75)
1s DecisionModule:AddNetworkToList(): Network detected
1s DecisionModule:AddNetworkToList(): Network detected
1s DecisionModule:AddNetworkToList(): Network detected
1s DecisionModule:AddNetworkToList(): Network detected
1s DecisionModule:AddNetworkToList(): Network detected
1s DecisionModule:AddNetworkToList(): Network detected
1s DecisionModule:AddNetworkToList(): Network detected
1s DecisionModule:AddNetworkToList(): Network detected
1s DecisionModule:AddNetworkToList(): Network detected
1s DecisionModule:AddNetworkToList(): Network detected
2s DeviceModule:MoveRandom(): New position: (72, 72)
3s DeviceModule:MoveRandom(): New position: (72, 69)
4s DeviceModule:MoveRandom(): New position: (72, 72)
5s DeviceModule:MoveRandom(): New position: (72, 69)
6s DeviceModule:MoveRandom(): New position: (69, 69)
7s DeviceModule:MoveRandom(): New position: (66, 69)
8s DeviceModule:MoveRandom(): New position: (63, 69)
9s DeviceModule:MoveRandom(): New position: (63, 66)
10s DeviceModule:MoveRandom(): New position: (66, 66)
11s DeviceModule:MoveRandom(): New position: (69, 66)
12s DeviceModule:MoveRandom(): New position: (69, 69)
13s DeviceModule:MoveRandom(): New position: (72, 69)
14s DeviceModule:MoveRandom(): New position: (75, 69)
15s DecisionModule:Run(): Run decision
15s DecisionModule:AnalyzingNetworks(): Current Network: 
       [Network #4, Technology = Wifi, Address = 02-06-00:00:00:00:00:06, { DataRate: 84, SignalStrength: 65, AntiFragility: 78}, IQ: 76]
15s DecisionModule:ShowAllNetworks(): All detected networks:
       [Network #4, Technology = Wifi, Address = 02-06-00:00:00:00:00:06, { DataRate: 84, SignalStrength: 65, AntiFragility: 78}, IQ: 76]
       [Network #0, Technology = Wifi, Address = 02-06-00:00:00:00:00:02, { DataRate: 77, SignalStrength: 64, AntiFragility: 68}, IQ: 69]
       [Network #8, Technology = Wimax, Address = 02-06-00:00:00:00:00:0b, { DataRate: 7, SignalStrength: 94, AntiFragility: 82}, IQ: 66]
       [Network #5, Technology = Wifi, Address = 02-06-00:00:00:00:00:07, { DataRate: 37, SignalStrength: 32, AntiFragility: 63}, IQ: 48]
       [Network #1, Technology = Wifi, Address = 02-06-00:00:00:00:00:03, { DataRate: 37, SignalStrength: 76, AntiFragility: 36}, IQ: 46]
       [Network #9, Technology = Wimax, Address = 02-06-00:00:00:00:00:0c, { DataRate: 35, SignalStrength: 79, AntiFragility: 17}, IQ: 37]
       [Network #6, Technology = Wifi, Address = 02-06-00:00:00:00:00:08, { DataRate: 93, SignalStrength: 50, AntiFragility: 1}, IQ: 36]
       [Network #3, Technology = Wifi, Address = 02-06-00:00:00:00:00:05, { DataRate: 93, SignalStrength: 12, AntiFragility: 9}, IQ: 30]
       [Network #2, Technology = Wifi, Address = 02-06-00:00:00:00:00:04, { DataRate: 13, SignalStrength: 15, AntiFragility: 14}, IQ: 14]
       [Network #7, Technology = Wifi, Address = 02-06-00:00:00:00:00:09, { DataRate: 36, SignalStrength: 6, AntiFragility: 8}, IQ: 14]
15s DeviceModule:MoveRandom(): New position: (75, 72)
16s DeviceModule:MoveRandom(): New position: (75, 69)
17s DeviceModule:MoveRandom(): New position: (78, 69)
18s DeviceModule:MoveRandom(): New position: (75, 69)
19s DeviceModule:MoveRandom(): New position: (75, 72)
20s DeviceModule:MoveRandom(): New position: (72, 72)
21s DeviceModule:MoveRandom(): New position: (72, 75)
22s DeviceModule:MoveRandom(): New position: (72, 72)
23s DeviceModule:MoveRandom(): New position: (75, 72)
24s DeviceModule:MoveRandom(): New position: (75, 69)
25s DeviceModule:MoveRandom(): New position: (72, 69)
26s DeviceModule:MoveRandom(): New position: (75, 69)
27s DeviceModule:MoveRandom(): New position: (75, 72)
28s DeviceModule:MoveRandom(): New position: (75, 69)
29s DeviceModule:MoveRandom(): New position: (75, 66)
30s DecisionModule:Run(): Run decision
30s DecisionModule:AnalyzingNetworks(): Current Network: 
       [Network #4, Technology = Wifi, Address = 02-06-00:00:00:00:00:06, { DataRate: 76, SignalStrength: 43, AntiFragility: 66}, IQ: 62]
30s DecisionModule:ShowAllNetworks(): All detected networks:
       [Network #4, Technology = Wifi, Address = 02-06-00:00:00:00:00:06, { DataRate: 76, SignalStrength: 43, AntiFragility: 66}, IQ: 62]
       [Network #3, Technology = Wifi, Address = 02-06-00:00:00:00:00:05, { DataRate: 32, SignalStrength: 55, AntiFragility: 81}, IQ: 62]
       [Network #9, Technology = Wimax, Address = 02-06-00:00:00:00:00:0c, { DataRate: 94, SignalStrength: 8, AntiFragility: 56}, IQ: 53]
       [Network #0, Technology = Wifi, Address = 02-06-00:00:00:00:00:02, { DataRate: 93, SignalStrength: 38, AntiFragility: 32}, IQ: 48]
       [Network #7, Technology = Wifi, Address = 02-06-00:00:00:00:00:09, { DataRate: 9, SignalStrength: 29, AntiFragility: 74}, IQ: 46]
       [Network #1, Technology = Wifi, Address = 02-06-00:00:00:00:00:03, { DataRate: 57, SignalStrength: 10, AntiFragility: 49}, IQ: 41]
       [Network #8, Technology = Wimax, Address = 02-06-00:00:00:00:00:0b, { DataRate: 90, SignalStrength: 2, AntiFragility: 35}, IQ: 40]
       [Network #6, Technology = Wifi, Address = 02-06-00:00:00:00:00:08, { DataRate: 35, SignalStrength: 65, AntiFragility: 25}, IQ: 37]
       [Network #2, Technology = Wifi, Address = 02-06-00:00:00:00:00:04, { DataRate: 34, SignalStrength: 69, AntiFragility: 12}, IQ: 31]
       [Network #5, Technology = Wifi, Address = 02-06-00:00:00:00:00:07, { DataRate: 3, SignalStrength: 68, AntiFragility: 11}, IQ: 23]
30s DeviceModule:MoveRandom(): New position: (75, 63)
31s DeviceModule:MoveRandom(): New position: (78, 63)
32s DeviceModule:MoveRandom(): New position: (78, 66)
33s DeviceModule:MoveRandom(): New position: (81, 66)
34s DeviceModule:MoveRandom(): New position: (81, 63)
35s DeviceModule:MoveRandom(): New position: (81, 66)
36s DeviceModule:MoveRandom(): New position: (81, 69)
37s DeviceModule:MoveRandom(): New position: (78, 69)
38s DeviceModule:MoveRandom(): New position: (78, 72)
39s DeviceModule:MoveRandom(): New position: (75, 72)
40s DeviceModule:MoveRandom(): New position: (78, 72)
41s DeviceModule:MoveRandom(): New position: (81, 72)
42s DeviceModule:MoveRandom(): New position: (81, 69)
43s DeviceModule:MoveRandom(): New position: (81, 66)
44s DeviceModule:MoveRandom(): New position: (84, 66)
45s DecisionModule:Run(): Run decision
45s DecisionModule:AnalyzingNetworks(): Current Network: 
       [Network #1, Technology = Wifi, Address = 02-06-00:00:00:00:00:03, { DataRate: 84, SignalStrength: 76, AntiFragility: 86}, IQ: 83]
45s DecisionModule:ShowAllNetworks(): All detected networks:
       [Network #1, Technology = Wifi, Address = 02-06-00:00:00:00:00:03, { DataRate: 84, SignalStrength: 76, AntiFragility: 86}, IQ: 83]
       [Network #6, Technology = Wifi, Address = 02-06-00:00:00:00:00:08, { DataRate: 96, SignalStrength: 14, AntiFragility: 92}, IQ: 73]
       [Network #4, Technology = Wifi, Address = 02-06-00:00:00:00:00:06, { DataRate: 57, SignalStrength: 1, AntiFragility: 88}, IQ: 58]
       [Network #3, Technology = Wifi, Address = 02-06-00:00:00:00:00:05, { DataRate: 5, SignalStrength: 81, AntiFragility: 66}, IQ: 54]
       [Network #0, Technology = Wifi, Address = 02-06-00:00:00:00:00:02, { DataRate: 28, SignalStrength: 50, AntiFragility: 67}, IQ: 53]
       [Network #9, Technology = Wimax, Address = 02-06-00:00:00:00:00:0c, { DataRate: 16, SignalStrength: 6, AntiFragility: 90}, IQ: 50]
       [Network #7, Technology = Wifi, Address = 02-06-00:00:00:00:00:09, { DataRate: 37, SignalStrength: 31, AntiFragility: 40}, IQ: 37]
       [Network #8, Technology = Wimax, Address = 02-06-00:00:00:00:00:0b, { DataRate: 43, SignalStrength: 47, AntiFragility: 15}, IQ: 30]
       [Network #5, Technology = Wifi, Address = 02-06-00:00:00:00:00:07, { DataRate: 19, SignalStrength: 8, AntiFragility: 30}, IQ: 21]
       [Network #2, Technology = Wifi, Address = 02-06-00:00:00:00:00:04, { DataRate: 33, SignalStrength: 4, AntiFragility: 5}, IQ: 11]
45s ExecutionModule:Run(): Decision time => Seconds: 0, Miliseconds: 222
45s ExecutionModule:Run(): Handover time => Seconds: 0, Miliseconds: 180
45s ExecutionModule:Run(): Event: Horizontal Handover.
45s DeviceModule:MoveRandom(): New position: (84, 69)
46s DeviceModule:MoveRandom(): New position: (81, 69)
47s DeviceModule:MoveRandom(): New position: (81, 72)
48s DeviceModule:MoveRandom(): New position: (81, 75)
49s DeviceModule:MoveRandom(): New position: (84, 75)
50s DeviceModule:MoveRandom(): New position: (84, 72)
51s DeviceModule:MoveRandom(): New position: (81, 72)
52s DeviceModule:MoveRandom(): New position: (84, 72)
53s DeviceModule:MoveRandom(): New position: (81, 72)
54s DeviceModule:MoveRandom(): New position: (84, 72)
55s DeviceModule:MoveRandom(): New position: (87, 72)
56s DeviceModule:MoveRandom(): New position: (84, 72)
57s DeviceModule:MoveRandom(): New position: (84, 75)
58s DeviceModule:MoveRandom(): New position: (84, 78)
59s DeviceModule:MoveRandom(): New position: (84, 75)
60s DecisionModule:Run(): Run decision
60s DecisionModule:AnalyzingNetworks(): Current Network: 
       [Network #1, Technology = Wifi, Address = 02-06-00:00:00:00:00:03, { DataRate: 94, SignalStrength: 94, AntiFragility: 35}, IQ: 64]
60s DecisionModule:ShowAllNetworks(): All detected networks:
       [Network #1, Technology = Wifi, Address = 02-06-00:00:00:00:00:03, { DataRate: 94, SignalStrength: 94, AntiFragility: 35}, IQ: 64]
       [Network #5, Technology = Wifi, Address = 02-06-00:00:00:00:00:07, { DataRate: 22, SignalStrength: 52, AntiFragility: 69}, IQ: 53]
       [Network #7, Technology = Wifi, Address = 02-06-00:00:00:00:00:09, { DataRate: 72, SignalStrength: 83, AntiFragility: 22}, IQ: 49]
       [Network #0, Technology = Wifi, Address = 02-06-00:00:00:00:00:02, { DataRate: 57, SignalStrength: 26, AntiFragility: 55}, IQ: 48]
       [Network #3, Technology = Wifi, Address = 02-06-00:00:00:00:00:05, { DataRate: 57, SignalStrength: 84, AntiFragility: 23}, IQ: 46]
       [Network #9, Technology = Wimax, Address = 02-06-00:00:00:00:00:0c, { DataRate: 50, SignalStrength: 11, AntiFragility: 63}, IQ: 46]
       [Network #4, Technology = Wifi, Address = 02-06-00:00:00:00:00:06, { DataRate: 47, SignalStrength: 96, AntiFragility: 16}, IQ: 43]
       [Network #2, Technology = Wifi, Address = 02-06-00:00:00:00:00:04, { DataRate: 66, SignalStrength: 42, AntiFragility: 26}, IQ: 40]
       [Network #6, Technology = Wifi, Address = 02-06-00:00:00:00:00:08, { DataRate: 12, SignalStrength: 24, AntiFragility: 60}, IQ: 39]
       [Network #8, Technology = Wimax, Address = 02-06-00:00:00:00:00:0b, { DataRate: 21, SignalStrength: 22, AntiFragility: 50}, IQ: 35]
60s DeviceModule:MoveRandom(): New position: (81, 75)
61s DeviceModule:MoveRandom(): New position: (81, 72)
62s DeviceModule:MoveRandom(): New position: (81, 75)
63s DeviceModule:MoveRandom(): New position: (84, 75)
64s DeviceModule:MoveRandom(): New position: (87, 75)
65s DeviceModule:MoveRandom(): New position: (87, 72)
66s DeviceModule:MoveRandom(): New position: (87, 69)
67s DeviceModule:MoveRandom(): New position: (87, 66)
68s DeviceModule:MoveRandom(): New position: (90, 66)
69s DeviceModule:MoveRandom(): New position: (90, 63)
70s DeviceModule:MoveRandom(): New position: (87, 63)
71s DeviceModule:MoveRandom(): New position: (87, 60)
72s DeviceModule:MoveRandom(): New position: (87, 63)
73s DeviceModule:MoveRandom(): New position: (87, 60)
74s DeviceModule:MoveRandom(): New position: (84, 60)
75s DecisionModule:Run(): Run decision
75s DecisionModule:AnalyzingNetworks(): Current Network: 
       [Network #4, Technology = Wifi, Address = 02-06-00:00:00:00:00:06, { DataRate: 79, SignalStrength: 69, AntiFragility: 99}, IQ: 86]
75s DecisionModule:ShowAllNetworks(): All detected networks:
       [Network #4, Technology = Wifi, Address = 02-06-00:00:00:00:00:06, { DataRate: 79, SignalStrength: 69, AntiFragility: 99}, IQ: 86]
       [Network #9, Technology = Wimax, Address = 02-06-00:00:00:00:00:0c, { DataRate: 53, SignalStrength: 76, AntiFragility: 66}, IQ: 65]
       [Network #5, Technology = Wifi, Address = 02-06-00:00:00:00:00:07, { DataRate: 86, SignalStrength: 35, AntiFragility: 65}, IQ: 62]
       [Network #8, Technology = Wimax, Address = 02-06-00:00:00:00:00:0b, { DataRate: 32, SignalStrength: 32, AntiFragility: 87}, IQ: 59]
       [Network #0, Technology = Wifi, Address = 02-06-00:00:00:00:00:02, { DataRate: 35, SignalStrength: 41, AntiFragility: 79}, IQ: 58]
       [Network #7, Technology = Wifi, Address = 02-06-00:00:00:00:00:09, { DataRate: 14, SignalStrength: 25, AntiFragility: 77}, IQ: 48]
       [Network #3, Technology = Wifi, Address = 02-06-00:00:00:00:00:05, { DataRate: 69, SignalStrength: 97, AntiFragility: 6}, IQ: 44]
       [Network #6, Technology = Wifi, Address = 02-06-00:00:00:00:00:08, { DataRate: 7, SignalStrength: 80, AntiFragility: 42}, IQ: 42]
       [Network #2, Technology = Wifi, Address = 02-06-00:00:00:00:00:04, { DataRate: 89, SignalStrength: 5, AntiFragility: 34}, IQ: 40]
       [Network #1, Technology = Wifi, Address = 02-06-00:00:00:00:00:03, { DataRate: 24, SignalStrength: 32, AntiFragility: 16}, IQ: 22]
75s ExecutionModule:Run(): Decision time => Seconds: 0, Miliseconds: 212
75s ExecutionModule:Run(): Handover time => Seconds: 0, Miliseconds: 353
75s ExecutionModule:Run(): Event: Horizontal Handover.
75s DeviceModule:MoveRandom(): New position: (84, 63)
76s DeviceModule:MoveRandom(): New position: (81, 63)
77s DeviceModule:MoveRandom(): New position: (84, 63)
78s DeviceModule:MoveRandom(): New position: (81, 63)
79s DeviceModule:MoveRandom(): New position: (81, 66)
80s DeviceModule:MoveRandom(): New position: (81, 69)
81s DeviceModule:MoveRandom(): New position: (81, 66)
82s DeviceModule:MoveRandom(): New position: (84, 66)
83s DeviceModule:MoveRandom(): New position: (87, 66)
84s DeviceModule:MoveRandom(): New position: (84, 66)
85s DeviceModule:MoveRandom(): New position: (84, 69)
86s DeviceModule:MoveRandom(): New position: (84, 66)
87s DeviceModule:MoveRandom(): New position: (87, 66)
88s DeviceModule:MoveRandom(): New position: (84, 66)
89s DeviceModule:MoveRandom(): New position: (84, 69)
90s DecisionModule:Run(): Run decision
90s DecisionModule:AnalyzingNetworks(): Current Network: 
       [Network #4, Technology = Wifi, Address = 02-06-00:00:00:00:00:06, { DataRate: 77, SignalStrength: 44, AntiFragility: 93}, IQ: 76]
90s DecisionModule:ShowAllNetworks(): All detected networks:
       [Network #4, Technology = Wifi, Address = 02-06-00:00:00:00:00:06, { DataRate: 77, SignalStrength: 44, AntiFragility: 93}, IQ: 76]
       [Network #2, Technology = Wifi, Address = 02-06-00:00:00:00:00:04, { DataRate: 57, SignalStrength: 73, AntiFragility: 60}, IQ: 62]
       [Network #6, Technology = Wifi, Address = 02-06-00:00:00:00:00:08, { DataRate: 96, SignalStrength: 83, AntiFragility: 20}, IQ: 54]
       [Network #3, Technology = Wifi, Address = 02-06-00:00:00:00:00:05, { DataRate: 24, SignalStrength: 33, AntiFragility: 77}, IQ: 52]
       [Network #1, Technology = Wifi, Address = 02-06-00:00:00:00:00:03, { DataRate: 80, SignalStrength: 73, AntiFragility: 7}, IQ: 41]
       [Network #8, Technology = Wimax, Address = 02-06-00:00:00:00:00:0b, { DataRate: 52, SignalStrength: 33, AntiFragility: 39}, IQ: 40]
       [Network #0, Technology = Wifi, Address = 02-06-00:00:00:00:00:02, { DataRate: 22, SignalStrength: 72, AntiFragility: 26}, IQ: 36]
       [Network #9, Technology = Wimax, Address = 02-06-00:00:00:00:00:0c, { DataRate: 19, SignalStrength: 11, AntiFragility: 52}, IQ: 33]
       [Network #5, Technology = Wifi, Address = 02-06-00:00:00:00:00:07, { DataRate: 8, SignalStrength: 3, AntiFragility: 51}, IQ: 28]
       [Network #7, Technology = Wifi, Address = 02-06-00:00:00:00:00:09, { DataRate: 17, SignalStrength: 6, AntiFragility: 24}, IQ: 17]
90s DeviceModule:MoveRandom(): New position: (84, 72)
91s DeviceModule:MoveRandom(): New position: (81, 72)
92s DeviceModule:MoveRandom(): New position: (84, 72)
93s DeviceModule:MoveRandom(): New position: (84, 75)
94s DeviceModule:MoveRandom(): New position: (87, 75)
95s DeviceModule:MoveRandom(): New position: (84, 75)
96s DeviceModule:MoveRandom(): New position: (87, 75)
97s DeviceModule:MoveRandom(): New position: (90, 75)
98s DeviceModule:MoveRandom(): New position: (90, 72)
99s DeviceModule:MoveRandom(): New position: (90, 75)
100s DeviceModule:MoveRandom(): New position: (93, 75)
101s DeviceModule:MoveRandom(): New position: (96, 75)
102s DeviceModule:MoveRandom(): New position: (96, 72)
103s DeviceModule:MoveRandom(): New position: (96, 69)
104s DeviceModule:MoveRandom(): New position: (96, 66)
105s DecisionModule:Run(): Run decision
105s DecisionModule:AnalyzingNetworks(): Current Network: 
       [Network #6, Technology = Wifi, Address = 02-06-00:00:00:00:00:08, { DataRate: 73, SignalStrength: 50, AntiFragility: 76}, IQ: 68]
105s DecisionModule:ShowAllNetworks(): All detected networks:
       [Network #6, Technology = Wifi, Address = 02-06-00:00:00:00:00:08, { DataRate: 73, SignalStrength: 50, AntiFragility: 76}, IQ: 68]
       [Network #1, Technology = Wifi, Address = 02-06-00:00:00:00:00:03, { DataRate: 79, SignalStrength: 53, AntiFragility: 35}, IQ: 50]
       [Network #5, Technology = Wifi, Address = 02-06-00:00:00:00:00:07, { DataRate: 54, SignalStrength: 5, AntiFragility: 69}, IQ: 49]
       [Network #8, Technology = Wimax, Address = 02-06-00:00:00:00:00:0b, { DataRate: 16, SignalStrength: 93, AntiFragility: 29}, IQ: 41]
       [Network #0, Technology = Wifi, Address = 02-06-00:00:00:00:00:02, { DataRate: 99, SignalStrength: 31, AntiFragility: 17}, IQ: 41]
       [Network #7, Technology = Wifi, Address = 02-06-00:00:00:00:00:09, { DataRate: 42, SignalStrength: 5, AntiFragility: 46}, IQ: 34]
       [Network #2, Technology = Wifi, Address = 02-06-00:00:00:00:00:04, { DataRate: 19, SignalStrength: 51, AntiFragility: 24}, IQ: 29]
       [Network #9, Technology = Wimax, Address = 02-06-00:00:00:00:00:0c, { DataRate: 49, SignalStrength: 13, AntiFragility: 9}, IQ: 20]
       [Network #3, Technology = Wifi, Address = 02-06-00:00:00:00:00:05, { DataRate: 4, SignalStrength: 2, AntiFragility: 31}, IQ: 17]
       [Network #4, Technology = Wifi, Address = 02-06-00:00:00:00:00:06, { DataRate: 6, SignalStrength: 33, AntiFragility: 8}, IQ: 13]
105s ExecutionModule:Run(): Decision time => Seconds: 0, Miliseconds: 214
105s ExecutionModule:Run(): Handover time => Seconds: 0, Miliseconds: 121
105s ExecutionModule:Run(): Event: Horizontal Handover.
105s DeviceModule:MoveRandom(): New position: (96, 69)
106s DeviceModule:MoveRandom(): New position: (93, 69)
107s DeviceModule:MoveRandom(): New position: (93, 66)
108s DeviceModule:MoveRandom(): New position: (90, 66)
109s DeviceModule:MoveRandom(): New position: (90, 63)
110s DeviceModule:MoveRandom(): New position: (93, 63)
111s DeviceModule:MoveRandom(): New position: (90, 63)
112s DeviceModule:MoveRandom(): New position: (90, 66)
113s DeviceModule:MoveRandom(): New position: (90, 69)
114s DeviceModule:MoveRandom(): New position: (87, 69)
115s DeviceModule:MoveRandom(): New position: (87, 66)
116s DeviceModule:MoveRandom(): New position: (90, 66)
117s DeviceModule:MoveRandom(): New position: (90, 63)
118s DeviceModule:MoveRandom(): New position: (90, 66)
119s DeviceModule:MoveRandom(): New position: (90, 69)
120s DecisionModule:Run(): Run decision
120s DecisionModule:AnalyzingNetworks(): Current Network: 
       [Network #4, Technology = Wifi, Address = 02-06-00:00:00:00:00:06, { DataRate: 92, SignalStrength: 45, AntiFragility: 93}, IQ: 80]
120s DecisionModule:ShowAllNetworks(): All detected networks:
       [Network #4, Technology = Wifi, Address = 02-06-00:00:00:00:00:06, { DataRate: 92, SignalStrength: 45, AntiFragility: 93}, IQ: 80]
       [Network #8, Technology = Wimax, Address = 02-06-00:00:00:00:00:0b, { DataRate: 80, SignalStrength: 34, AntiFragility: 79}, IQ: 68]
       [Network #0, Technology = Wifi, Address = 02-06-00:00:00:00:00:02, { DataRate: 71, SignalStrength: 55, AntiFragility: 45}, IQ: 54]
       [Network #9, Technology = Wimax, Address = 02-06-00:00:00:00:00:0c, { DataRate: 62, SignalStrength: 54, AntiFragility: 45}, IQ: 51]
       [Network #1, Technology = Wifi, Address = 02-06-00:00:00:00:00:03, { DataRate: 41, SignalStrength: 44, AntiFragility: 59}, IQ: 50]
       [Network #6, Technology = Wifi, Address = 02-06-00:00:00:00:00:08, { DataRate: 48, SignalStrength: 89, AntiFragility: 23}, IQ: 45]
       [Network #2, Technology = Wifi, Address = 02-06-00:00:00:00:00:04, { DataRate: 51, SignalStrength: 94, AntiFragility: 9}, IQ: 40]
       [Network #5, Technology = Wifi, Address = 02-06-00:00:00:00:00:07, { DataRate: 92, SignalStrength: 58, AntiFragility: 5}, IQ: 40]
       [Network #7, Technology = Wifi, Address = 02-06-00:00:00:00:00:09, { DataRate: 23, SignalStrength: 39, AntiFragility: 43}, IQ: 37]
       [Network #3, Technology = Wifi, Address = 02-06-00:00:00:00:00:05, { DataRate: 10, SignalStrength: 93, AntiFragility: 16}, IQ: 33]
120s ExecutionModule:Run(): Decision time => Seconds: 0, Miliseconds: 209
120s ExecutionModule:Run(): Handover time => Seconds: 0, Miliseconds: 125
120s ExecutionModule:Run(): Event: Horizontal Handover.
120s DeviceModule:MoveRandom(): New position: (90, 72)
121s DeviceModule:MoveRandom(): New position: (90, 69)
122s DeviceModule:MoveRandom(): New position: (90, 72)
123s DeviceModule:MoveRandom(): New position: (87, 72)
124s DeviceModule:MoveRandom(): New position: (90, 72)
125s DeviceModule:MoveRandom(): New position: (90, 75)
126s DeviceModule:MoveRandom(): New position: (90, 72)
127s DeviceModule:MoveRandom(): New position: (90, 75)
128s DeviceModule:MoveRandom(): New position: (90, 78)
129s DeviceModule:MoveRandom(): New position: (90, 81)
130s DeviceModule:MoveRandom(): New position: (90, 78)
131s DeviceModule:MoveRandom(): New position: (90, 81)
132s DeviceModule:MoveRandom(): New position: (90, 84)
133s DeviceModule:MoveRandom(): New position: (90, 87)
134s DeviceModule:MoveRandom(): New position: (87, 87)
135s DecisionModule:Run(): Run decision
135s DecisionModule:AnalyzingNetworks(): Current Network: 
       [Network #4, Technology = Wifi, Address = 02-06-00:00:00:00:00:06, { DataRate: 64, SignalStrength: 77, AntiFragility: 75}, IQ: 72]
135s DecisionModule:ShowAllNetworks(): All detected networks:
       [Network #4, Technology = Wifi, Address = 02-06-00:00:00:00:00:06, { DataRate: 64, SignalStrength: 77, AntiFragility: 75}, IQ: 72]
       [Network #6, Technology = Wifi, Address = 02-06-00:00:00:00:00:08, { DataRate: 51, SignalStrength: 92, AntiFragility: 74}, IQ: 72]
       [Network #9, Technology = Wimax, Address = 02-06-00:00:00:00:00:0c, { DataRate: 18, SignalStrength: 80, AntiFragility: 93}, IQ: 71]
       [Network #5, Technology = Wifi, Address = 02-06-00:00:00:00:00:07, { DataRate: 74, SignalStrength: 85, AntiFragility: 34}, IQ: 56]
       [Network #1, Technology = Wifi, Address = 02-06-00:00:00:00:00:03, { DataRate: 51, SignalStrength: 73, AntiFragility: 48}, IQ: 55]
       [Network #3, Technology = Wifi, Address = 02-06-00:00:00:00:00:05, { DataRate: 83, SignalStrength: 76, AntiFragility: 28}, IQ: 53]
       [Network #2, Technology = Wifi, Address = 02-06-00:00:00:00:00:04, { DataRate: 82, SignalStrength: 15, AntiFragility: 19}, IQ: 33]
       [Network #8, Technology = Wimax, Address = 02-06-00:00:00:00:00:0b, { DataRate: 24, SignalStrength: 36, AntiFragility: 34}, IQ: 32]
       [Network #7, Technology = Wifi, Address = 02-06-00:00:00:00:00:09, { DataRate: 7, SignalStrength: 61, AntiFragility: 18}, IQ: 26]
       [Network #0, Technology = Wifi, Address = 02-06-00:00:00:00:00:02, { DataRate: 1, SignalStrength: 9, AntiFragility: 22}, IQ: 13]
135s DeviceModule:MoveRandom(): New position: (84, 87)
136s DeviceModule:MoveRandom(): New position: (87, 87)
137s DeviceModule:MoveRandom(): New position: (84, 87)
138s DeviceModule:MoveRandom(): New position: (81, 87)
139s DeviceModule:MoveRandom(): New position: (84, 87)
140s DeviceModule:MoveRandom(): New position: (87, 87)
141s DeviceModule:MoveRandom(): New position: (87, 90)
142s DeviceModule:MoveRandom(): New position: (87, 93)
143s DeviceModule:MoveRandom(): New position: (84, 93)
144s DeviceModule:MoveRandom(): New position: (84, 90)
145s DeviceModule:MoveRandom(): New position: (84, 87)
146s DeviceModule:MoveRandom(): New position: (81, 87)
147s DeviceModule:MoveRandom(): New position: (84, 87)
148s DeviceModule:MoveRandom(): New position: (87, 87)
149s DeviceModule:MoveRandom(): New position: (90, 87)
150s DecisionModule:Run(): Run decision
150s DecisionModule:AnalyzingNetworks(): Current Network: 
       [Network #3, Technology = Wifi, Address = 02-06-00:00:00:00:00:05, { DataRate: 59, SignalStrength: 82, AntiFragility: 88}, IQ: 79]
150s DecisionModule:ShowAllNetworks(): All detected networks:
       [Network #3, Technology = Wifi, Address = 02-06-00:00:00:00:00:05, { DataRate: 59, SignalStrength: 82, AntiFragility: 88}, IQ: 79]
       [Network #6, Technology = Wifi, Address = 02-06-00:00:00:00:00:08, { DataRate: 87, SignalStrength: 19, AntiFragility: 93}, IQ: 73]
       [Network #7, Technology = Wifi, Address = 02-06-00:00:00:00:00:09, { DataRate: 48, SignalStrength: 74, AntiFragility: 81}, IQ: 71]
       [Network #1, Technology = Wifi, Address = 02-06-00:00:00:00:00:03, { DataRate: 61, SignalStrength: 58, AntiFragility: 71}, IQ: 65]
       [Network #4, Technology = Wifi, Address = 02-06-00:00:00:00:00:06, { DataRate: 55, SignalStrength: 61, AntiFragility: 67}, IQ: 62]
       [Network #5, Technology = Wifi, Address = 02-06-00:00:00:00:00:07, { DataRate: 44, SignalStrength: 32, AntiFragility: 80}, IQ: 59]
       [Network #8, Technology = Wimax, Address = 02-06-00:00:00:00:00:0b, { DataRate: 91, SignalStrength: 33, AntiFragility: 43}, IQ: 52]
       [Network #9, Technology = Wimax, Address = 02-06-00:00:00:00:00:0c, { DataRate: 59, SignalStrength: 67, AntiFragility: 19}, IQ: 41]
       [Network #2, Technology = Wifi, Address = 02-06-00:00:00:00:00:04, { DataRate: 36, SignalStrength: 52, AntiFragility: 32}, IQ: 38]
       [Network #0, Technology = Wifi, Address = 02-06-00:00:00:00:00:02, { DataRate: 16, SignalStrength: 58, AntiFragility: 37}, IQ: 37]
150s ExecutionModule:Run(): Decision time => Seconds: 0, Miliseconds: 208
150s ExecutionModule:Run(): Handover time => Seconds: 0, Miliseconds: 121
150s ExecutionModule:Run(): Event: Horizontal Handover.
150s DeviceModule:MoveRandom(): New position: (93, 87)
151s DeviceModule:MoveRandom(): New position: (96, 87)
152s DeviceModule:MoveRandom(): New position: (99, 87)
153s DeviceModule:MoveRandom(): New position: (99, 84)
154s DeviceModule:MoveRandom(): New position: (102, 84)
155s DeviceModule:MoveRandom(): New position: (102, 81)
156s DeviceModule:MoveRandom(): New position: (102, 78)
157s DeviceModule:MoveRandom(): New position: (102, 75)
158s DeviceModule:MoveRandom(): New position: (99, 75)
159s DeviceModule:MoveRandom(): New position: (102, 75)
160s DeviceModule:MoveRandom(): New position: (102, 78)
161s DeviceModule:MoveRandom(): New position: (102, 75)
162s DeviceModule:MoveRandom(): New position: (99, 75)
163s DeviceModule:MoveRandom(): New position: (96, 75)
164s DeviceModule:MoveRandom(): New position: (96, 78)
165s DecisionModule:Run(): Run decision
165s DecisionModule:AnalyzingNetworks(): Current Network: 
       [Network #8, Technology = Wimax, Address = 02-06-00:00:00:00:00:0b, { DataRate: 91, SignalStrength: 72, AntiFragility: 48}, IQ: 64]
165s DecisionModule:ShowAllNetworks(): All detected networks:
       [Network #8, Technology = Wimax, Address = 02-06-00:00:00:00:00:0b, { DataRate: 91, SignalStrength: 72, AntiFragility: 48}, IQ: 64]
       [Network #2, Technology = Wifi, Address = 02-06-00:00:00:00:00:04, { DataRate: 68, SignalStrength: 16, AntiFragility: 81}, IQ: 61]
       [Network #6, Technology = Wifi, Address = 02-06-00:00:00:00:00:08, { DataRate: 7, SignalStrength: 60, AntiFragility: 81}, IQ: 57]
       [Network #3, Technology = Wifi, Address = 02-06-00:00:00:00:00:05, { DataRate: 33, SignalStrength: 3, AntiFragility: 87}, IQ: 52]
       [Network #5, Technology = Wifi, Address = 02-06-00:00:00:00:00:07, { DataRate: 80, SignalStrength: 36, AntiFragility: 41}, IQ: 49]
       [Network #1, Technology = Wifi, Address = 02-06-00:00:00:00:00:03, { DataRate: 52, SignalStrength: 58, AntiFragility: 35}, IQ: 45]
       [Network #7, Technology = Wifi, Address = 02-06-00:00:00:00:00:09, { DataRate: 18, SignalStrength: 4, AntiFragility: 75}, IQ: 43]
       [Network #4, Technology = Wifi, Address = 02-06-00:00:00:00:00:06, { DataRate: 86, SignalStrength: 28, AntiFragility: 2}, IQ: 29]
       [Network #9, Technology = Wimax, Address = 02-06-00:00:00:00:00:0c, { DataRate: 50, SignalStrength: 1, AntiFragility: 24}, IQ: 24]
       [Network #0, Technology = Wifi, Address = 02-06-00:00:00:00:00:02, { DataRate: 69, SignalStrength: 10, AntiFragility: 9}, IQ: 24]
165s ExecutionModule:Run(): Decision time => Seconds: 0, Miliseconds: 210
165s ExecutionModule:Run(): Handover time => Seconds: 0, Miliseconds: 44
165s ExecutionModule:Run(): Event: Vertical Handover.
165s DeviceModule:MoveRandom(): New position: (93, 78)
166s DeviceModule:MoveRandom(): New position: (96, 78)
167s DeviceModule:MoveRandom(): New position: (96, 81)
168s DeviceModule:MoveRandom(): New position: (96, 78)
169s DeviceModule:MoveRandom(): New position: (93, 78)
170s DeviceModule:MoveRandom(): New position: (93, 75)
171s DeviceModule:MoveRandom(): New position: (90, 75)
172s DeviceModule:MoveRandom(): New position: (90, 78)
173s DeviceModule:MoveRandom(): New position: (90, 75)
174s DeviceModule:MoveRandom(): New position: (93, 75)
175s DeviceModule:MoveRandom(): New position: (96, 75)
176s DeviceModule:MoveRandom(): New position: (93, 75)
177s DeviceModule:MoveRandom(): New position: (96, 75)
178s DeviceModule:MoveRandom(): New position: (99, 75)
179s DeviceModule:MoveRandom(): New position: (96, 75)
180s DecisionModule:Run(): Run decision
180s DecisionModule:AnalyzingNetworks(): Current Network: 
       [Network #8, Technology = Wimax, Address = 02-06-00:00:00:00:00:0b, { DataRate: 62, SignalStrength: 72, AntiFragility: 72}, IQ: 69]
180s DecisionModule:ShowAllNetworks(): All detected networks:
       [Network #8, Technology = Wimax, Address = 02-06-00:00:00:00:00:0b, { DataRate: 62, SignalStrength: 72, AntiFragility: 72}, IQ: 69]
       [Network #4, Technology = Wifi, Address = 02-06-00:00:00:00:00:06, { DataRate: 15, SignalStrength: 75, AntiFragility: 61}, IQ: 53]
       [Network #5, Technology = Wifi, Address = 02-06-00:00:00:00:00:07, { DataRate: 42, SignalStrength: 15, AntiFragility: 76}, IQ: 52]
       [Network #6, Technology = Wifi, Address = 02-06-00:00:00:00:00:08, { DataRate: 32, SignalStrength: 23, AntiFragility: 74}, IQ: 50]
       [Network #0, Technology = Wifi, Address = 02-06-00:00:00:00:00:02, { DataRate: 24, SignalStrength: 51, AntiFragility: 64}, IQ: 50]
       [Network #9, Technology = Wimax, Address = 02-06-00:00:00:00:00:0c, { DataRate: 82, SignalStrength: 91, AntiFragility: 13}, IQ: 49]
       [Network #3, Technology = Wifi, Address = 02-06-00:00:00:00:00:05, { DataRate: 76, SignalStrength: 14, AntiFragility: 31}, IQ: 38]
       [Network #7, Technology = Wifi, Address = 02-06-00:00:00:00:00:09, { DataRate: 60, SignalStrength: 74, AntiFragility: 2}, IQ: 34]
       [Network #1, Technology = Wifi, Address = 02-06-00:00:00:00:00:03, { DataRate: 30, SignalStrength: 20, AntiFragility: 41}, IQ: 33]
       [Network #2, Technology = Wifi, Address = 02-06-00:00:00:00:00:04, { DataRate: 2, SignalStrength: 11, AntiFragility: 58}, IQ: 32]
180s DeviceModule:MoveRandom(): New position: (96, 78)
181s DeviceModule:MoveRandom(): New position: (99, 78)
182s DeviceModule:MoveRandom(): New position: (99, 81)
183s DeviceModule:MoveRandom(): New position: (96, 81)
184s DeviceModule:MoveRandom(): New position: (93, 81)
185s DeviceModule:MoveRandom(): New position: (93, 78)
186s DeviceModule:MoveRandom(): New position: (96, 78)
187s DeviceModule:MoveRandom(): New position: (96, 81)
188s DeviceModule:MoveRandom(): New position: (96, 84)
189s DeviceModule:MoveRandom(): New position: (99, 84)
190s DeviceModule:MoveRandom(): New position: (102, 84)
191s DeviceModule:MoveRandom(): New position: (102, 81)
192s DeviceModule:MoveRandom(): New position: (102, 84)
193s DeviceModule:MoveRandom(): New position: (102, 81)
194s DeviceModule:MoveRandom(): New position: (105, 81)
195s DecisionModule:Run(): Run decision
195s DecisionModule:AnalyzingNetworks(): Current Network: 
       [Network #3, Technology = Wifi, Address = 02-06-00:00:00:00:00:05, { DataRate: 92, SignalStrength: 43, AntiFragility: 74}, IQ: 70]
195s DecisionModule:ShowAllNetworks(): All detected networks:
       [Network #3, Technology = Wifi, Address = 02-06-00:00:00:00:00:05, { DataRate: 92, SignalStrength: 43, AntiFragility: 74}, IQ: 70]
       [Network #9, Technology = Wimax, Address = 02-06-00:00:00:00:00:0c, { DataRate: 73, SignalStrength: 35, AntiFragility: 52}, IQ: 53]
       [Network #6, Technology = Wifi, Address = 02-06-00:00:00:00:00:08, { DataRate: 7, SignalStrength: 63, AntiFragility: 69}, IQ: 52]
       [Network #1, Technology = Wifi, Address = 02-06-00:00:00:00:00:03, { DataRate: 1, SignalStrength: 64, AntiFragility: 68}, IQ: 50]
       [Network #7, Technology = Wifi, Address = 02-06-00:00:00:00:00:09, { DataRate: 42, SignalStrength: 36, AntiFragility: 48}, IQ: 43]
       [Network #8, Technology = Wimax, Address = 02-06-00:00:00:00:00:0b, { DataRate: 64, SignalStrength: 17, AntiFragility: 39}, IQ: 39]
       [Network #0, Technology = Wifi, Address = 02-06-00:00:00:00:00:02, { DataRate: 29, SignalStrength: 13, AntiFragility: 57}, IQ: 39]
       [Network #2, Technology = Wifi, Address = 02-06-00:00:00:00:00:04, { DataRate: 42, SignalStrength: 14, AntiFragility: 46}, IQ: 37]
       [Network #4, Technology = Wifi, Address = 02-06-00:00:00:00:00:06, { DataRate: 39, SignalStrength: 14, AntiFragility: 20}, IQ: 23]
       [Network #5, Technology = Wifi, Address = 02-06-00:00:00:00:00:07, { DataRate: 76, SignalStrength: 6, AntiFragility: 1}, IQ: 21]
195s ExecutionModule:Run(): Decision time => Seconds: 0, Miliseconds: 204
195s ExecutionModule:Run(): Handover time => Seconds: 0, Miliseconds: 32
195s ExecutionModule:Run(): Event: Vertical Handover.
195s DeviceModule:MoveRandom(): New position: (108, 81)
196s DeviceModule:MoveRandom(): New position: (105, 81)
197s DeviceModule:MoveRandom(): New position: (108, 81)
198s DeviceModule:MoveRandom(): New position: (105, 81)
199s DeviceModule:MoveRandom(): New position: (105, 78)
