Waf: Entering directory `/home/renan/Documents/NR2/ns-allinone-3.20/ns-3.20/build'
Waf: Leaving directory `/home/renan/Documents/NR2/ns-allinone-3.20/ns-3.20/build'
'build' finished successfully (1.789s)
0s NetworkModule:SetPosition(): Network 0 set position => (124, 85)
0s NetworkModule:SetRange(): Network 0 set range => 100
0s NetworkModule:SetPosition(): Network 1 set position => (40, 184)
0s NetworkModule:SetRange(): Network 1 set range => 100
0s NetworkModule:SetPosition(): Network 2 set position => (40, 183)
0s NetworkModule:SetRange(): Network 2 set range => 100
0s NetworkModule:SetPosition(): Network 3 set position => (67, 98)
0s NetworkModule:SetRange(): Network 3 set range => 100
0s NetworkModule:SetPosition(): Network 4 set position => (118, 54)
0s NetworkModule:SetRange(): Network 4 set range => 100
0s NetworkModule:SetPosition(): Network 5 set position => (76, 70)
0s NetworkModule:SetRange(): Network 5 set range => 100
0s NetworkModule:SetPosition(): Network 6 set position => (43, 111)
0s NetworkModule:SetRange(): Network 6 set range => 100
0s NetworkModule:SetPosition(): Network 7 set position => (142, 15)
0s NetworkModule:SetRange(): Network 7 set range => 100
0s NetworkModule:SetPosition(): Network 8 set position => (128, 76)
0s NetworkModule:SetRange(): Network 8 set range => 100
0s NetworkModule:SetPosition(): Network 9 set position => (106, 186)
0s NetworkModule:SetRange(): Network 9 set range => 100
0s NetworkModule:SetPosition(): Network 10 set position => (183, 32)
0s NetworkModule:SetRange(): Network 10 set range => 100
0s NetworkModule:SetPosition(): Network 11 set position => (54, 191)
0s NetworkModule:SetRange(): Network 11 set range => 100
0s NetworkModule:SetPosition(): Network 12 set position => (122, 68)
0s NetworkModule:SetRange(): Network 12 set range => 100
0s NetworkModule:SetPosition(): Network 13 set position => (158, 110)
0s NetworkModule:SetRange(): Network 13 set range => 100
0s NetworkModule:SetPosition(): Network 14 set position => (92, 105)
0s NetworkModule:SetRange(): Network 14 set range => 100
0s NetworkModule:SetPosition(): Network 15 set position => (142, 102)
0s NetworkModule:SetRange(): Network 15 set range => 100
0s NetworkModule:SetPosition(): Network 16 set position => (86, 17)
0s NetworkModule:SetRange(): Network 16 set range => 100
0s NetworkModule:SetPosition(): Network 17 set position => (0, 182)
0s NetworkModule:SetRange(): Network 17 set range => 100
0s NetworkModule:SetPosition(): Network 18 set position => (32, 127)
0s NetworkModule:SetRange(): Network 18 set range => 100
0s NetworkModule:SetPosition(): Network 19 set position => (133, 19)
0s NetworkModule:SetRange(): Network 19 set range => 100
0s DeviceModule:ConfigureMobility(): Device [init x = 100, init y = 100, max = 200, velocity = 3]
1s DeviceModule:MoveRandom(): New position: (103, 100)
1s DecisionModule:AddNetworkToList(): Network detected
1s DecisionModule:AddNetworkToList(): Network detected
1s DecisionModule:AddNetworkToList(): Network detected
1s DecisionModule:AddNetworkToList(): Network detected
1s DecisionModule:AddNetworkToList(): Network detected
1s DecisionModule:AddNetworkToList(): Network detected
1s DecisionModule:AddNetworkToList(): Network detected
1s DecisionModule:AddNetworkToList(): Network detected
1s DecisionModule:AddNetworkToList(): Network detected
1s DecisionModule:AddNetworkToList(): Network detected
1s DecisionModule:AddNetworkToList(): Network detected
1s DecisionModule:AddNetworkToList(): Network detected
1s DecisionModule:AddNetworkToList(): Network detected
1s DecisionModule:AddNetworkToList(): Network detected
1s DecisionModule:AddNetworkToList(): Network detected
2s DeviceModule:MoveRandom(): New position: (100, 100)
3s DeviceModule:MoveRandom(): New position: (97, 100)
3s DecisionModule:AddNetworkToList(): Network detected
3s DecisionModule:AddNetworkToList(): Network detected
4s DeviceModule:MoveRandom(): New position: (97, 97)
4s DecisionModule:RemoveNetworkFromList(): Network: 2 out of range!
4s DecisionModule:RemoveNetworkFromList(): Network: 11 out of range!
5s DeviceModule:MoveRandom(): New position: (100, 97)
6s DeviceModule:MoveRandom(): New position: (100, 94)
7s DeviceModule:MoveRandom(): New position: (100, 91)
8s DeviceModule:MoveRandom(): New position: (103, 91)
8s DecisionModule:AddNetworkToList(): Network detected
9s DeviceModule:MoveRandom(): New position: (106, 91)
10s DeviceModule:MoveRandom(): New position: (109, 91)
11s DeviceModule:MoveRandom(): New position: (106, 91)
12s DeviceModule:MoveRandom(): New position: (109, 91)
13s DeviceModule:MoveRandom(): New position: (109, 94)
14s DeviceModule:MoveRandom(): New position: (109, 91)
15s DecisionModule:Run(): Run decision
15s DecisionModule:AnalyzingNetworks(): Current Network: 
       [Network #18, Technology = Wimax, Address = 02-06-00:00:00:00:00:15, { DataRate: 53, SignalStrength: 65, AntiFragility: 93}, IQ: 76]
15s DecisionModule:ShowAllNetworks(): All detected networks:
       [Network #18, Technology = Wimax, Address = 02-06-00:00:00:00:00:15, { DataRate: 53, SignalStrength: 65, AntiFragility: 93}, IQ: 76]
       [Network #19, Technology = Wimax, Address = 02-06-00:00:00:00:00:16, { DataRate: 16, SignalStrength: 90, AntiFragility: 79}, IQ: 66]
       [Network #10, Technology = Wifi, Address = 02-06-00:00:00:00:00:0c, { DataRate: 98, SignalStrength: 54, AntiFragility: 56}, IQ: 66]
       [Network #6, Technology = Wifi, Address = 02-06-00:00:00:00:00:08, { DataRate: 34, SignalStrength: 82, AntiFragility: 73}, IQ: 65]
       [Network #13, Technology = Wifi, Address = 02-06-00:00:00:00:00:0f, { DataRate: 42, SignalStrength: 84, AntiFragility: 59}, IQ: 61]
       [Network #16, Technology = Wifi, Address = 02-06-00:00:00:00:00:12, { DataRate: 4, SignalStrength: 77, AntiFragility: 75}, IQ: 57]
       [Network #4, Technology = Wifi, Address = 02-06-00:00:00:00:00:06, { DataRate: 4, SignalStrength: 48, AntiFragility: 85}, IQ: 55]
       [Network #5, Technology = Wifi, Address = 02-06-00:00:00:00:00:07, { DataRate: 18, SignalStrength: 11, AntiFragility: 88}, IQ: 51]
       [Network #0, Technology = Wifi, Address = 02-06-00:00:00:00:00:02, { DataRate: 2, SignalStrength: 25, AntiFragility: 78}, IQ: 45]
       [Network #8, Technology = Wifi, Address = 02-06-00:00:00:00:00:0a, { DataRate: 15, SignalStrength: 89, AntiFragility: 33}, IQ: 42]
       [Network #15, Technology = Wifi, Address = 02-06-00:00:00:00:00:11, { DataRate: 73, SignalStrength: 40, AntiFragility: 18}, IQ: 37]
       [Network #12, Technology = Wifi, Address = 02-06-00:00:00:00:00:0e, { DataRate: 56, SignalStrength: 12, AntiFragility: 34}, IQ: 34]
       [Network #7, Technology = Wifi, Address = 02-06-00:00:00:00:00:09, { DataRate: 76, SignalStrength: 34, AntiFragility: 12}, IQ: 33]
       [Network #9, Technology = Wifi, Address = 02-06-00:00:00:00:00:0b, { DataRate: 86, SignalStrength: 19, AntiFragility: 4}, IQ: 28]
       [Network #14, Technology = Wifi, Address = 02-06-00:00:00:00:00:10, { DataRate: 48, SignalStrength: 14, AntiFragility: 13}, IQ: 22]
       [Network #3, Technology = Wifi, Address = 02-06-00:00:00:00:00:05, { DataRate: 5, SignalStrength: 31, AntiFragility: 25}, IQ: 21]
15s DeviceModule:MoveRandom(): New position: (109, 94)
16s DeviceModule:MoveRandom(): New position: (109, 97)
17s DeviceModule:MoveRandom(): New position: (106, 97)
18s DeviceModule:MoveRandom(): New position: (109, 97)
19s DeviceModule:MoveRandom(): New position: (109, 94)
20s DeviceModule:MoveRandom(): New position: (109, 97)
21s DeviceModule:MoveRandom(): New position: (112, 97)
22s DeviceModule:MoveRandom(): New position: (115, 97)
23s DeviceModule:MoveRandom(): New position: (118, 97)
24s DeviceModule:MoveRandom(): New position: (115, 97)
25s DeviceModule:MoveRandom(): New position: (115, 94)
26s DeviceModule:MoveRandom(): New position: (115, 91)
27s DeviceModule:MoveRandom(): New position: (115, 88)
28s DeviceModule:MoveRandom(): New position: (118, 88)
29s DeviceModule:MoveRandom(): New position: (121, 88)
30s DecisionModule:Run(): Run decision
30s DecisionModule:AnalyzingNetworks(): Current Network: 
       [Network #8, Technology = Wifi, Address = 02-06-00:00:00:00:00:0a, { DataRate: 89, SignalStrength: 72, AntiFragility: 77}, IQ: 78]
30s DecisionModule:ShowAllNetworks(): All detected networks:
       [Network #8, Technology = Wifi, Address = 02-06-00:00:00:00:00:0a, { DataRate: 89, SignalStrength: 72, AntiFragility: 77}, IQ: 78]
       [Network #16, Technology = Wifi, Address = 02-06-00:00:00:00:00:12, { DataRate: 43, SignalStrength: 88, AntiFragility: 83}, IQ: 74]
       [Network #18, Technology = Wimax, Address = 02-06-00:00:00:00:00:15, { DataRate: 66, SignalStrength: 43, AntiFragility: 82}, IQ: 68]
       [Network #4, Technology = Wifi, Address = 02-06-00:00:00:00:00:06, { DataRate: 36, SignalStrength: 55, AntiFragility: 71}, IQ: 58]
       [Network #12, Technology = Wifi, Address = 02-06-00:00:00:00:00:0e, { DataRate: 28, SignalStrength: 75, AntiFragility: 61}, IQ: 56]
       [Network #7, Technology = Wifi, Address = 02-06-00:00:00:00:00:09, { DataRate: 82, SignalStrength: 70, AntiFragility: 33}, IQ: 54]
       [Network #3, Technology = Wifi, Address = 02-06-00:00:00:00:00:05, { DataRate: 43, SignalStrength: 79, AntiFragility: 48}, IQ: 54]
       [Network #19, Technology = Wimax, Address = 02-06-00:00:00:00:00:16, { DataRate: 66, SignalStrength: 2, AntiFragility: 68}, IQ: 51]
       [Network #14, Technology = Wifi, Address = 02-06-00:00:00:00:00:10, { DataRate: 59, SignalStrength: 44, AntiFragility: 52}, IQ: 51]
       [Network #6, Technology = Wifi, Address = 02-06-00:00:00:00:00:08, { DataRate: 72, SignalStrength: 77, AntiFragility: 24}, IQ: 49]
       [Network #0, Technology = Wifi, Address = 02-06-00:00:00:00:00:02, { DataRate: 4, SignalStrength: 2, AntiFragility: 94}, IQ: 48]
       [Network #5, Technology = Wifi, Address = 02-06-00:00:00:00:00:07, { DataRate: 35, SignalStrength: 32, AntiFragility: 57}, IQ: 45]
       [Network #13, Technology = Wifi, Address = 02-06-00:00:00:00:00:0f, { DataRate: 46, SignalStrength: 32, AntiFragility: 49}, IQ: 44]
       [Network #15, Technology = Wifi, Address = 02-06-00:00:00:00:00:11, { DataRate: 33, SignalStrength: 54, AntiFragility: 43}, IQ: 43]
       [Network #10, Technology = Wifi, Address = 02-06-00:00:00:00:00:0c, { DataRate: 20, SignalStrength: 47, AntiFragility: 43}, IQ: 38]
       [Network #9, Technology = Wifi, Address = 02-06-00:00:00:00:00:0b, { DataRate: 29, SignalStrength: 94, AntiFragility: 6}, IQ: 33]
30s ExecutionModule:Run(): Decision time => Seconds: 0, Miliseconds: 270
30s ExecutionModule:Run(): Handover time => Seconds: 0, Miliseconds: 275
30s ExecutionModule:Run(): Event: Vertical Handover.
30s DeviceModule:MoveRandom(): New position: (124, 88)
31s DeviceModule:MoveRandom(): New position: (124, 91)
32s DeviceModule:MoveRandom(): New position: (121, 91)
33s DeviceModule:MoveRandom(): New position: (121, 88)
34s DeviceModule:MoveRandom(): New position: (121, 91)
35s DeviceModule:MoveRandom(): New position: (121, 94)
36s DeviceModule:MoveRandom(): New position: (121, 91)
37s DeviceModule:MoveRandom(): New position: (118, 91)
38s DeviceModule:MoveRandom(): New position: (118, 88)
39s DeviceModule:MoveRandom(): New position: (115, 88)
40s DeviceModule:MoveRandom(): New position: (112, 88)
41s DeviceModule:MoveRandom(): New position: (115, 88)
42s DeviceModule:MoveRandom(): New position: (112, 88)
43s DeviceModule:MoveRandom(): New position: (112, 91)
44s DeviceModule:MoveRandom(): New position: (112, 94)
45s DecisionModule:Run(): Run decision
45s DecisionModule:AnalyzingNetworks(): Current Network: 
       [Network #7, Technology = Wifi, Address = 02-06-00:00:00:00:00:09, { DataRate: 64, SignalStrength: 70, AntiFragility: 96}, IQ: 81]
45s DecisionModule:ShowAllNetworks(): All detected networks:
       [Network #7, Technology = Wifi, Address = 02-06-00:00:00:00:00:09, { DataRate: 64, SignalStrength: 70, AntiFragility: 96}, IQ: 81]
       [Network #14, Technology = Wifi, Address = 02-06-00:00:00:00:00:10, { DataRate: 84, SignalStrength: 58, AntiFragility: 87}, IQ: 79]
       [Network #3, Technology = Wifi, Address = 02-06-00:00:00:00:00:05, { DataRate: 99, SignalStrength: 34, AntiFragility: 82}, IQ: 74]
       [Network #6, Technology = Wifi, Address = 02-06-00:00:00:00:00:08, { DataRate: 91, SignalStrength: 85, AntiFragility: 58}, IQ: 73]
       [Network #16, Technology = Wifi, Address = 02-06-00:00:00:00:00:12, { DataRate: 24, SignalStrength: 67, AntiFragility: 97}, IQ: 71]
       [Network #0, Technology = Wifi, Address = 02-06-00:00:00:00:00:02, { DataRate: 67, SignalStrength: 1, AntiFragility: 97}, IQ: 65]
       [Network #5, Technology = Wifi, Address = 02-06-00:00:00:00:00:07, { DataRate: 51, SignalStrength: 50, AntiFragility: 73}, IQ: 61]
       [Network #10, Technology = Wifi, Address = 02-06-00:00:00:00:00:0c, { DataRate: 13, SignalStrength: 59, AntiFragility: 83}, IQ: 59]
       [Network #12, Technology = Wifi, Address = 02-06-00:00:00:00:00:0e, { DataRate: 24, SignalStrength: 63, AntiFragility: 63}, IQ: 53]
       [Network #19, Technology = Wimax, Address = 02-06-00:00:00:00:00:16, { DataRate: 57, SignalStrength: 3, AntiFragility: 65}, IQ: 47]
       [Network #18, Technology = Wimax, Address = 02-06-00:00:00:00:00:15, { DataRate: 46, SignalStrength: 68, AntiFragility: 27}, IQ: 42]
       [Network #15, Technology = Wifi, Address = 02-06-00:00:00:00:00:11, { DataRate: 38, SignalStrength: 96, AntiFragility: 7}, IQ: 37]
       [Network #13, Technology = Wifi, Address = 02-06-00:00:00:00:00:0f, { DataRate: 18, SignalStrength: 78, AntiFragility: 20}, IQ: 34]
       [Network #9, Technology = Wifi, Address = 02-06-00:00:00:00:00:0b, { DataRate: 28, SignalStrength: 7, AntiFragility: 47}, IQ: 32]
       [Network #8, Technology = Wifi, Address = 02-06-00:00:00:00:00:0a, { DataRate: 39, SignalStrength: 32, AntiFragility: 16}, IQ: 25]
       [Network #4, Technology = Wifi, Address = 02-06-00:00:00:00:00:06, { DataRate: 35, SignalStrength: 23, AntiFragility: 18}, IQ: 23]
45s ExecutionModule:Run(): Decision time => Seconds: 0, Miliseconds: 271
45s ExecutionModule:Run(): Handover time => Seconds: 0, Miliseconds: 122
45s ExecutionModule:Run(): Event: Horizontal Handover.
45s DeviceModule:MoveRandom(): New position: (112, 91)
46s DeviceModule:MoveRandom(): New position: (112, 88)
47s DeviceModule:MoveRandom(): New position: (109, 88)
48s DeviceModule:MoveRandom(): New position: (106, 88)
49s DeviceModule:MoveRandom(): New position: (109, 88)
50s DeviceModule:MoveRandom(): New position: (106, 88)
51s DeviceModule:MoveRandom(): New position: (106, 85)
51s DecisionModule:RemoveNetworkFromList(): Network: 9 out of range!
52s DeviceModule:MoveRandom(): New position: (106, 82)
53s DeviceModule:MoveRandom(): New position: (109, 82)
54s DeviceModule:MoveRandom(): New position: (109, 85)
55s DeviceModule:MoveRandom(): New position: (112, 85)
56s DeviceModule:MoveRandom(): New position: (115, 85)
57s DeviceModule:MoveRandom(): New position: (115, 82)
58s DeviceModule:MoveRandom(): New position: (118, 82)
59s DeviceModule:MoveRandom(): New position: (121, 82)
60s DecisionModule:Run(): Run decision
60s DecisionModule:AnalyzingNetworks(): Current Network: 
       [Network #14, Technology = Wifi, Address = 02-06-00:00:00:00:00:10, { DataRate: 41, SignalStrength: 67, AntiFragility: 96}, IQ: 75]
60s DecisionModule:ShowAllNetworks(): All detected networks:
       [Network #14, Technology = Wifi, Address = 02-06-00:00:00:00:00:10, { DataRate: 41, SignalStrength: 67, AntiFragility: 96}, IQ: 75]
       [Network #0, Technology = Wifi, Address = 02-06-00:00:00:00:00:02, { DataRate: 93, SignalStrength: 5, AntiFragility: 92}, IQ: 70]
       [Network #4, Technology = Wifi, Address = 02-06-00:00:00:00:00:06, { DataRate: 23, SignalStrength: 87, AntiFragility: 84}, IQ: 69]
       [Network #13, Technology = Wifi, Address = 02-06-00:00:00:00:00:0f, { DataRate: 84, SignalStrength: 8, AntiFragility: 82}, IQ: 64]
       [Network #10, Technology = Wifi, Address = 02-06-00:00:00:00:00:0c, { DataRate: 91, SignalStrength: 51, AntiFragility: 55}, IQ: 63]
       [Network #6, Technology = Wifi, Address = 02-06-00:00:00:00:00:08, { DataRate: 2, SignalStrength: 81, AntiFragility: 78}, IQ: 59]
       [Network #7, Technology = Wifi, Address = 02-06-00:00:00:00:00:09, { DataRate: 89, SignalStrength: 63, AntiFragility: 30}, IQ: 53]
       [Network #12, Technology = Wifi, Address = 02-06-00:00:00:00:00:0e, { DataRate: 79, SignalStrength: 99, AntiFragility: 10}, IQ: 49]
       [Network #3, Technology = Wifi, Address = 02-06-00:00:00:00:00:05, { DataRate: 76, SignalStrength: 87, AntiFragility: 16}, IQ: 48]
       [Network #19, Technology = Wimax, Address = 02-06-00:00:00:00:00:16, { DataRate: 81, SignalStrength: 62, AntiFragility: 23}, IQ: 47]
       [Network #18, Technology = Wimax, Address = 02-06-00:00:00:00:00:15, { DataRate: 54, SignalStrength: 92, AntiFragility: 12}, IQ: 42]
       [Network #15, Technology = Wifi, Address = 02-06-00:00:00:00:00:11, { DataRate: 17, SignalStrength: 40, AntiFragility: 53}, IQ: 40]
       [Network #5, Technology = Wifi, Address = 02-06-00:00:00:00:00:07, { DataRate: 19, SignalStrength: 47, AntiFragility: 34}, IQ: 33]
       [Network #16, Technology = Wifi, Address = 02-06-00:00:00:00:00:12, { DataRate: 69, SignalStrength: 58, AntiFragility: 1}, IQ: 32]
       [Network #8, Technology = Wifi, Address = 02-06-00:00:00:00:00:0a, { DataRate: 56, SignalStrength: 40, AntiFragility: 6}, IQ: 27]
60s ExecutionModule:Run(): Decision time => Seconds: 0, Miliseconds: 261
60s ExecutionModule:Run(): Handover time => Seconds: 0, Miliseconds: 123
60s ExecutionModule:Run(): Event: Horizontal Handover.
60s DeviceModule:MoveRandom(): New position: (124, 82)
60s DecisionModule:RemoveNetworkFromList(): Network: 18 out of range!
61s DeviceModule:MoveRandom(): New position: (124, 85)
62s DeviceModule:MoveRandom(): New position: (124, 82)
63s DeviceModule:MoveRandom(): New position: (121, 82)
63s DecisionModule:AddNetworkToList(): Network detected
64s DeviceModule:MoveRandom(): New position: (124, 82)
64s DecisionModule:RemoveNetworkFromList(): Network: 18 out of range!
65s DeviceModule:MoveRandom(): New position: (127, 82)
66s DeviceModule:MoveRandom(): New position: (130, 82)
67s DeviceModule:MoveRandom(): New position: (130, 85)
68s DeviceModule:MoveRandom(): New position: (130, 88)
68s DecisionModule:AddNetworkToList(): Network detected
69s DeviceModule:MoveRandom(): New position: (130, 91)
70s DeviceModule:MoveRandom(): New position: (130, 94)
71s DeviceModule:MoveRandom(): New position: (133, 94)
72s DeviceModule:MoveRandom(): New position: (133, 91)
73s DeviceModule:MoveRandom(): New position: (133, 88)
73s DecisionModule:RemoveNetworkFromList(): Network: 9 out of range!
74s DeviceModule:MoveRandom(): New position: (136, 88)
75s DecisionModule:Run(): Run decision
75s DecisionModule:AnalyzingNetworks(): Current Network: 
       [Network #15, Technology = Wifi, Address = 02-06-00:00:00:00:00:11, { DataRate: 87, SignalStrength: 83, AntiFragility: 83}, IQ: 84]
75s DecisionModule:ShowAllNetworks(): All detected networks:
       [Network #15, Technology = Wifi, Address = 02-06-00:00:00:00:00:11, { DataRate: 87, SignalStrength: 83, AntiFragility: 83}, IQ: 84]
       [Network #3, Technology = Wifi, Address = 02-06-00:00:00:00:00:05, { DataRate: 85, SignalStrength: 91, AntiFragility: 76}, IQ: 82]
       [Network #4, Technology = Wifi, Address = 02-06-00:00:00:00:00:06, { DataRate: 31, SignalStrength: 78, AntiFragility: 93}, IQ: 73]
       [Network #8, Technology = Wifi, Address = 02-06-00:00:00:00:00:0a, { DataRate: 44, SignalStrength: 24, AntiFragility: 82}, IQ: 58]
       [Network #7, Technology = Wifi, Address = 02-06-00:00:00:00:00:09, { DataRate: 2, SignalStrength: 23, AntiFragility: 91}, IQ: 51]
       [Network #0, Technology = Wifi, Address = 02-06-00:00:00:00:00:02, { DataRate: 19, SignalStrength: 7, AntiFragility: 90}, IQ: 51]
       [Network #10, Technology = Wifi, Address = 02-06-00:00:00:00:00:0c, { DataRate: 85, SignalStrength: 16, AntiFragility: 50}, IQ: 50]
       [Network #19, Technology = Wimax, Address = 02-06-00:00:00:00:00:16, { DataRate: 70, SignalStrength: 5, AntiFragility: 64}, IQ: 50]
       [Network #12, Technology = Wifi, Address = 02-06-00:00:00:00:00:0e, { DataRate: 15, SignalStrength: 58, AntiFragility: 48}, IQ: 42]
       [Network #16, Technology = Wifi, Address = 02-06-00:00:00:00:00:12, { DataRate: 20, SignalStrength: 44, AntiFragility: 45}, IQ: 38]
       [Network #5, Technology = Wifi, Address = 02-06-00:00:00:00:00:07, { DataRate: 70, SignalStrength: 14, AntiFragility: 28}, IQ: 35]
       [Network #6, Technology = Wifi, Address = 02-06-00:00:00:00:00:08, { DataRate: 7, SignalStrength: 36, AntiFragility: 50}, IQ: 35]
       [Network #14, Technology = Wifi, Address = 02-06-00:00:00:00:00:10, { DataRate: 13, SignalStrength: 66, AntiFragility: 22}, IQ: 30]
       [Network #13, Technology = Wifi, Address = 02-06-00:00:00:00:00:0f, { DataRate: 50, SignalStrength: 30, AntiFragility: 17}, IQ: 28]
75s ExecutionModule:Run(): Decision time => Seconds: 0, Miliseconds: 258
75s ExecutionModule:Run(): Handover time => Seconds: 0, Miliseconds: 123
75s ExecutionModule:Run(): Event: Horizontal Handover.
75s DeviceModule:MoveRandom(): New position: (133, 88)
76s DeviceModule:MoveRandom(): New position: (136, 88)
77s DeviceModule:MoveRandom(): New position: (136, 85)
78s DeviceModule:MoveRandom(): New position: (133, 85)
79s DeviceModule:MoveRandom(): New position: (136, 85)
80s DeviceModule:MoveRandom(): New position: (133, 85)
81s DeviceModule:MoveRandom(): New position: (133, 82)
82s DeviceModule:MoveRandom(): New position: (133, 79)
83s DeviceModule:MoveRandom(): New position: (133, 82)
84s DeviceModule:MoveRandom(): New position: (136, 82)
85s DeviceModule:MoveRandom(): New position: (139, 82)
86s DeviceModule:MoveRandom(): New position: (136, 82)
87s DeviceModule:MoveRandom(): New position: (136, 79)
88s DeviceModule:MoveRandom(): New position: (133, 79)
89s DeviceModule:MoveRandom(): New position: (133, 76)
90s DecisionModule:Run(): Run decision
90s DecisionModule:AnalyzingNetworks(): Current Network: 
       [Network #10, Technology = Wifi, Address = 02-06-00:00:00:00:00:0c, { DataRate: 89, SignalStrength: 88, AntiFragility: 80}, IQ: 84]
90s DecisionModule:ShowAllNetworks(): All detected networks:
       [Network #10, Technology = Wifi, Address = 02-06-00:00:00:00:00:0c, { DataRate: 89, SignalStrength: 88, AntiFragility: 80}, IQ: 84]
       [Network #7, Technology = Wifi, Address = 02-06-00:00:00:00:00:09, { DataRate: 95, SignalStrength: 82, AntiFragility: 58}, IQ: 73]
       [Network #14, Technology = Wifi, Address = 02-06-00:00:00:00:00:10, { DataRate: 4, SignalStrength: 54, AntiFragility: 90}, IQ: 59]
       [Network #13, Technology = Wifi, Address = 02-06-00:00:00:00:00:0f, { DataRate: 41, SignalStrength: 29, AntiFragility: 79}, IQ: 57]
       [Network #4, Technology = Wifi, Address = 02-06-00:00:00:00:00:06, { DataRate: 22, SignalStrength: 36, AntiFragility: 84}, IQ: 56]
       [Network #8, Technology = Wifi, Address = 02-06-00:00:00:00:00:0a, { DataRate: 89, SignalStrength: 81, AntiFragility: 23}, IQ: 54]
       [Network #3, Technology = Wifi, Address = 02-06-00:00:00:00:00:05, { DataRate: 56, SignalStrength: 54, AntiFragility: 44}, IQ: 49]
       [Network #0, Technology = Wifi, Address = 02-06-00:00:00:00:00:02, { DataRate: 14, SignalStrength: 76, AntiFragility: 54}, IQ: 49]
       [Network #6, Technology = Wifi, Address = 02-06-00:00:00:00:00:08, { DataRate: 50, SignalStrength: 69, AntiFragility: 16}, IQ: 37]
       [Network #12, Technology = Wifi, Address = 02-06-00:00:00:00:00:0e, { DataRate: 72, SignalStrength: 25, AntiFragility: 19}, IQ: 33]
       [Network #15, Technology = Wifi, Address = 02-06-00:00:00:00:00:11, { DataRate: 99, SignalStrength: 7, AntiFragility: 8}, IQ: 30]
       [Network #16, Technology = Wifi, Address = 02-06-00:00:00:00:00:12, { DataRate: 77, SignalStrength: 17, AntiFragility: 8}, IQ: 27]
       [Network #5, Technology = Wifi, Address = 02-06-00:00:00:00:00:07, { DataRate: 42, SignalStrength: 25, AntiFragility: 8}, IQ: 20]
       [Network #19, Technology = Wimax, Address = 02-06-00:00:00:00:00:16, { DataRate: 5, SignalStrength: 7, AntiFragility: 17}, IQ: 11]
90s ExecutionModule:Run(): Decision time => Seconds: 0, Miliseconds: 238
90s ExecutionModule:Run(): Handover time => Seconds: 0, Miliseconds: 123
90s ExecutionModule:Run(): Event: Horizontal Handover.
90s DeviceModule:MoveRandom(): New position: (133, 79)
91s DeviceModule:MoveRandom(): New position: (130, 79)
92s DeviceModule:MoveRandom(): New position: (133, 79)
93s DeviceModule:MoveRandom(): New position: (136, 79)
94s DeviceModule:MoveRandom(): New position: (136, 82)
95s DeviceModule:MoveRandom(): New position: (136, 85)
96s DeviceModule:MoveRandom(): New position: (136, 88)
97s DeviceModule:MoveRandom(): New position: (136, 91)
97s DecisionModule:AddNetworkToList(): Network detected
98s DeviceModule:MoveRandom(): New position: (133, 91)
99s DeviceModule:MoveRandom(): New position: (136, 91)
100s DeviceModule:MoveRandom(): New position: (136, 88)
100s DecisionModule:RemoveNetworkFromList(): Network: 9 out of range!
101s DeviceModule:MoveRandom(): New position: (133, 88)
102s DeviceModule:MoveRandom(): New position: (133, 91)
102s DecisionModule:AddNetworkToList(): Network detected
103s DeviceModule:MoveRandom(): New position: (133, 88)
103s DecisionModule:RemoveNetworkFromList(): Network: 9 out of range!
104s DeviceModule:MoveRandom(): New position: (136, 88)
105s DecisionModule:Run(): Run decision
105s DecisionModule:AnalyzingNetworks(): Current Network: 
       [Network #16, Technology = Wifi, Address = 02-06-00:00:00:00:00:12, { DataRate: 62, SignalStrength: 91, AntiFragility: 91}, IQ: 83]
105s DecisionModule:ShowAllNetworks(): All detected networks:
       [Network #16, Technology = Wifi, Address = 02-06-00:00:00:00:00:12, { DataRate: 62, SignalStrength: 91, AntiFragility: 91}, IQ: 83]
       [Network #12, Technology = Wifi, Address = 02-06-00:00:00:00:00:0e, { DataRate: 85, SignalStrength: 28, AntiFragility: 83}, IQ: 69]
       [Network #15, Technology = Wifi, Address = 02-06-00:00:00:00:00:11, { DataRate: 99, SignalStrength: 33, AntiFragility: 53}, IQ: 59]
       [Network #8, Technology = Wifi, Address = 02-06-00:00:00:00:00:0a, { DataRate: 98, SignalStrength: 69, AntiFragility: 31}, IQ: 57]
       [Network #14, Technology = Wifi, Address = 02-06-00:00:00:00:00:10, { DataRate: 61, SignalStrength: 86, AntiFragility: 37}, IQ: 55]
       [Network #19, Technology = Wimax, Address = 02-06-00:00:00:00:00:16, { DataRate: 96, SignalStrength: 53, AntiFragility: 30}, IQ: 52]
       [Network #6, Technology = Wifi, Address = 02-06-00:00:00:00:00:08, { DataRate: 62, SignalStrength: 63, AntiFragility: 38}, IQ: 50]
       [Network #7, Technology = Wifi, Address = 02-06-00:00:00:00:00:09, { DataRate: 38, SignalStrength: 44, AntiFragility: 58}, IQ: 49]
       [Network #0, Technology = Wifi, Address = 02-06-00:00:00:00:00:02, { DataRate: 70, SignalStrength: 19, AntiFragility: 53}, IQ: 48]
       [Network #3, Technology = Wifi, Address = 02-06-00:00:00:00:00:05, { DataRate: 15, SignalStrength: 65, AntiFragility: 42}, IQ: 41]
       [Network #13, Technology = Wifi, Address = 02-06-00:00:00:00:00:0f, { DataRate: 26, SignalStrength: 97, AntiFragility: 20}, IQ: 40]
       [Network #5, Technology = Wifi, Address = 02-06-00:00:00:00:00:07, { DataRate: 58, SignalStrength: 80, AntiFragility: 4}, IQ: 36]
       [Network #10, Technology = Wifi, Address = 02-06-00:00:00:00:00:0c, { DataRate: 18, SignalStrength: 62, AntiFragility: 5}, IQ: 22]
       [Network #4, Technology = Wifi, Address = 02-06-00:00:00:00:00:06, { DataRate: 25, SignalStrength: 10, AntiFragility: 24}, IQ: 20]
105s ExecutionModule:Run(): Decision time => Seconds: 0, Miliseconds: 240
105s ExecutionModule:Run(): Handover time => Seconds: 0, Miliseconds: 124
105s ExecutionModule:Run(): Event: Horizontal Handover.
105s DeviceModule:MoveRandom(): New position: (136, 91)
105s DecisionModule:AddNetworkToList(): Network detected
106s DeviceModule:MoveRandom(): New position: (133, 91)
107s DeviceModule:MoveRandom(): New position: (133, 88)
107s DecisionModule:RemoveNetworkFromList(): Network: 9 out of range!
108s DeviceModule:MoveRandom(): New position: (133, 85)
109s DeviceModule:MoveRandom(): New position: (136, 85)
110s DeviceModule:MoveRandom(): New position: (139, 85)
111s DeviceModule:MoveRandom(): New position: (139, 82)
112s DeviceModule:MoveRandom(): New position: (139, 85)
113s DeviceModule:MoveRandom(): New position: (142, 85)
113s DecisionModule:RemoveNetworkFromList(): Network: 6 out of range!
114s DeviceModule:MoveRandom(): New position: (142, 88)
115s DeviceModule:MoveRandom(): New position: (142, 91)
116s DeviceModule:MoveRandom(): New position: (142, 94)
116s DecisionModule:AddNetworkToList(): Network detected
116s DecisionModule:AddNetworkToList(): Network detected
117s DeviceModule:MoveRandom(): New position: (142, 91)
117s DecisionModule:RemoveNetworkFromList(): Network: 6 out of range!
117s DecisionModule:RemoveNetworkFromList(): Network: 9 out of range!
118s DeviceModule:MoveRandom(): New position: (145, 91)
119s DeviceModule:MoveRandom(): New position: (148, 91)
120s DecisionModule:Run(): Run decision
120s DecisionModule:AnalyzingNetworks(): Current Network: 
       [Network #16, Technology = Wifi, Address = 02-06-00:00:00:00:00:12, { DataRate: 35, SignalStrength: 56, AntiFragility: 99}, IQ: 72]
120s DecisionModule:ShowAllNetworks(): All detected networks:
       [Network #16, Technology = Wifi, Address = 02-06-00:00:00:00:00:12, { DataRate: 35, SignalStrength: 56, AntiFragility: 99}, IQ: 72]
       [Network #10, Technology = Wifi, Address = 02-06-00:00:00:00:00:0c, { DataRate: 2, SignalStrength: 91, AntiFragility: 97}, IQ: 71]
       [Network #8, Technology = Wifi, Address = 02-06-00:00:00:00:00:0a, { DataRate: 97, SignalStrength: 71, AntiFragility: 48}, IQ: 66]
       [Network #12, Technology = Wifi, Address = 02-06-00:00:00:00:00:0e, { DataRate: 40, SignalStrength: 70, AntiFragility: 65}, IQ: 60]
       [Network #14, Technology = Wifi, Address = 02-06-00:00:00:00:00:10, { DataRate: 30, SignalStrength: 12, AntiFragility: 88}, IQ: 54]
       [Network #5, Technology = Wifi, Address = 02-06-00:00:00:00:00:07, { DataRate: 79, SignalStrength: 18, AntiFragility: 55}, IQ: 51]
       [Network #7, Technology = Wifi, Address = 02-06-00:00:00:00:00:09, { DataRate: 48, SignalStrength: 14, AntiFragility: 57}, IQ: 44]
       [Network #15, Technology = Wifi, Address = 02-06-00:00:00:00:00:11, { DataRate: 89, SignalStrength: 19, AntiFragility: 21}, IQ: 37]
       [Network #19, Technology = Wimax, Address = 02-06-00:00:00:00:00:16, { DataRate: 69, SignalStrength: 43, AntiFragility: 11}, IQ: 33]
       [Network #3, Technology = Wifi, Address = 02-06-00:00:00:00:00:05, { DataRate: 21, SignalStrength: 50, AntiFragility: 27}, IQ: 31]
       [Network #0, Technology = Wifi, Address = 02-06-00:00:00:00:00:02, { DataRate: 63, SignalStrength: 8, AntiFragility: 6}, IQ: 20]
       [Network #13, Technology = Wifi, Address = 02-06-00:00:00:00:00:0f, { DataRate: 23, SignalStrength: 1, AntiFragility: 15}, IQ: 13]
       [Network #4, Technology = Wifi, Address = 02-06-00:00:00:00:00:06, { DataRate: 8, SignalStrength: 13, AntiFragility: 2}, IQ: 6]
120s DeviceModule:MoveRandom(): New position: (148, 88)
121s DeviceModule:MoveRandom(): New position: (148, 91)
122s DeviceModule:MoveRandom(): New position: (151, 91)
123s DeviceModule:MoveRandom(): New position: (151, 88)
124s DeviceModule:MoveRandom(): New position: (154, 88)
125s DeviceModule:MoveRandom(): New position: (157, 88)
126s DeviceModule:MoveRandom(): New position: (160, 88)
126s ExecutionModule:OutOfRange(): OUT OF BETTER NETWORK! Choosing another network...
126s DecisionModule:RemoveNetworkFromList(): Network: 16 out of range!
126s DecisionModule:Run(): Run decision
126s DecisionModule:AnalyzingNetworks(): Current Network: 
       [Network #5, Technology = Wifi, Address = 02-06-00:00:00:00:00:07, { DataRate: 89, SignalStrength: 80, AntiFragility: 99}, IQ: 91]
126s DecisionModule:ShowAllNetworks(): All detected networks:
       [Network #5, Technology = Wifi, Address = 02-06-00:00:00:00:00:07, { DataRate: 89, SignalStrength: 80, AntiFragility: 99}, IQ: 91]
       [Network #15, Technology = Wifi, Address = 02-06-00:00:00:00:00:11, { DataRate: 32, SignalStrength: 95, AntiFragility: 60}, IQ: 61]
       [Network #12, Technology = Wifi, Address = 02-06-00:00:00:00:00:0e, { DataRate: 69, SignalStrength: 67, AntiFragility: 53}, IQ: 60]
       [Network #14, Technology = Wifi, Address = 02-06-00:00:00:00:00:10, { DataRate: 34, SignalStrength: 71, AntiFragility: 65}, IQ: 58]
       [Network #19, Technology = Wimax, Address = 02-06-00:00:00:00:00:16, { DataRate: 12, SignalStrength: 72, AntiFragility: 73}, IQ: 57]
       [Network #8, Technology = Wifi, Address = 02-06-00:00:00:00:00:0a, { DataRate: 55, SignalStrength: 9, AntiFragility: 76}, IQ: 54]
       [Network #10, Technology = Wifi, Address = 02-06-00:00:00:00:00:0c, { DataRate: 77, SignalStrength: 10, AntiFragility: 56}, IQ: 49]
       [Network #3, Technology = Wifi, Address = 02-06-00:00:00:00:00:05, { DataRate: 31, SignalStrength: 21, AntiFragility: 58}, IQ: 42]
       [Network #0, Technology = Wifi, Address = 02-06-00:00:00:00:00:02, { DataRate: 43, SignalStrength: 22, AntiFragility: 46}, IQ: 39]
       [Network #7, Technology = Wifi, Address = 02-06-00:00:00:00:00:09, { DataRate: 3, SignalStrength: 21, AntiFragility: 64}, IQ: 38]
       [Network #4, Technology = Wifi, Address = 02-06-00:00:00:00:00:06, { DataRate: 88, SignalStrength: 7, AntiFragility: 1}, IQ: 24]
       [Network #13, Technology = Wifi, Address = 02-06-00:00:00:00:00:0f, { DataRate: 3, SignalStrength: 30, AntiFragility: 23}, IQ: 19]
126s ExecutionModule:Run(): Decision time => Seconds: 0, Miliseconds: 201
126s ExecutionModule:Run(): Handover time => Seconds: 0, Miliseconds: 123
126s ExecutionModule:Run(): Event: Horizontal Handover.
127s DeviceModule:MoveRandom(): New position: (160, 91)
128s DeviceModule:MoveRandom(): New position: (160, 94)
129s DeviceModule:MoveRandom(): New position: (163, 94)
130s DeviceModule:MoveRandom(): New position: (166, 94)
131s DeviceModule:MoveRandom(): New position: (169, 94)
131s DecisionModule:RemoveNetworkFromList(): Network: 3 out of range!
132s DeviceModule:MoveRandom(): New position: (166, 94)
132s DecisionModule:AddNetworkToList(): Network detected
133s DeviceModule:MoveRandom(): New position: (169, 94)
133s DecisionModule:RemoveNetworkFromList(): Network: 3 out of range!
134s DeviceModule:MoveRandom(): New position: (169, 91)
135s DecisionModule:Run(): Run decision
135s DecisionModule:AnalyzingNetworks(): Current Network: 
       [Network #8, Technology = Wifi, Address = 02-06-00:00:00:00:00:0a, { DataRate: 63, SignalStrength: 87, AntiFragility: 96}, IQ: 85]
135s DecisionModule:ShowAllNetworks(): All detected networks:
       [Network #8, Technology = Wifi, Address = 02-06-00:00:00:00:00:0a, { DataRate: 63, SignalStrength: 87, AntiFragility: 96}, IQ: 85]
       [Network #14, Technology = Wifi, Address = 02-06-00:00:00:00:00:10, { DataRate: 91, SignalStrength: 93, AntiFragility: 55}, IQ: 73]
       [Network #10, Technology = Wifi, Address = 02-06-00:00:00:00:00:0c, { DataRate: 72, SignalStrength: 43, AntiFragility: 78}, IQ: 67]
       [Network #13, Technology = Wifi, Address = 02-06-00:00:00:00:00:0f, { DataRate: 99, SignalStrength: 44, AntiFragility: 64}, IQ: 67]
       [Network #4, Technology = Wifi, Address = 02-06-00:00:00:00:00:06, { DataRate: 84, SignalStrength: 99, AntiFragility: 28}, IQ: 59]
       [Network #5, Technology = Wifi, Address = 02-06-00:00:00:00:00:07, { DataRate: 29, SignalStrength: 15, AntiFragility: 79}, IQ: 50]
       [Network #7, Technology = Wifi, Address = 02-06-00:00:00:00:00:09, { DataRate: 70, SignalStrength: 20, AntiFragility: 46}, IQ: 45]
       [Network #19, Technology = Wimax, Address = 02-06-00:00:00:00:00:16, { DataRate: 41, SignalStrength: 53, AntiFragility: 41}, IQ: 44]
       [Network #15, Technology = Wifi, Address = 02-06-00:00:00:00:00:11, { DataRate: 53, SignalStrength: 95, AntiFragility: 4}, IQ: 39]
       [Network #0, Technology = Wifi, Address = 02-06-00:00:00:00:00:02, { DataRate: 82, SignalStrength: 13, AntiFragility: 27}, IQ: 37]
       [Network #12, Technology = Wifi, Address = 02-06-00:00:00:00:00:0e, { DataRate: 29, SignalStrength: 85, AntiFragility: 1}, IQ: 29]
135s ExecutionModule:Run(): Decision time => Seconds: 0, Miliseconds: 216
135s ExecutionModule:Run(): Handover time => Seconds: 0, Miliseconds: 122
135s ExecutionModule:Run(): Event: Horizontal Handover.
135s DeviceModule:MoveRandom(): New position: (166, 91)
135s DecisionModule:AddNetworkToList(): Network detected
136s DeviceModule:MoveRandom(): New position: (169, 91)
136s DecisionModule:RemoveNetworkFromList(): Network: 3 out of range!
137s DeviceModule:MoveRandom(): New position: (169, 94)
138s DeviceModule:MoveRandom(): New position: (166, 94)
138s DecisionModule:AddNetworkToList(): Network detected
139s DeviceModule:MoveRandom(): New position: (166, 91)
140s DeviceModule:MoveRandom(): New position: (166, 88)
141s DeviceModule:MoveRandom(): New position: (163, 88)
142s DeviceModule:MoveRandom(): New position: (166, 88)
143s DeviceModule:MoveRandom(): New position: (163, 88)
144s DeviceModule:MoveRandom(): New position: (160, 88)
145s DeviceModule:MoveRandom(): New position: (160, 85)
145s DecisionModule:AddNetworkToList(): Network detected
146s DeviceModule:MoveRandom(): New position: (160, 82)
147s DeviceModule:MoveRandom(): New position: (163, 82)
148s DeviceModule:MoveRandom(): New position: (160, 82)
149s DeviceModule:MoveRandom(): New position: (160, 79)
150s DecisionModule:Run(): Run decision
150s DecisionModule:AnalyzingNetworks(): Current Network: 
       [Network #10, Technology = Wifi, Address = 02-06-00:00:00:00:00:0c, { DataRate: 83, SignalStrength: 76, AntiFragility: 93}, IQ: 86]
150s DecisionModule:ShowAllNetworks(): All detected networks:
       [Network #10, Technology = Wifi, Address = 02-06-00:00:00:00:00:0c, { DataRate: 83, SignalStrength: 76, AntiFragility: 93}, IQ: 86]
       [Network #14, Technology = Wifi, Address = 02-06-00:00:00:00:00:10, { DataRate: 70, SignalStrength: 68, AntiFragility: 71}, IQ: 70]
       [Network #13, Technology = Wifi, Address = 02-06-00:00:00:00:00:0f, { DataRate: 65, SignalStrength: 69, AntiFragility: 73}, IQ: 70]
       [Network #16, Technology = Wifi, Address = 02-06-00:00:00:00:00:12, { DataRate: 97, SignalStrength: 78, AntiFragility: 42}, IQ: 64]
       [Network #0, Technology = Wifi, Address = 02-06-00:00:00:00:00:02, { DataRate: 39, SignalStrength: 66, AntiFragility: 63}, IQ: 57]
       [Network #3, Technology = Wifi, Address = 02-06-00:00:00:00:00:05, { DataRate: 76, SignalStrength: 32, AntiFragility: 59}, IQ: 56]
       [Network #7, Technology = Wifi, Address = 02-06-00:00:00:00:00:09, { DataRate: 83, SignalStrength: 8, AntiFragility: 44}, IQ: 44]
       [Network #4, Technology = Wifi, Address = 02-06-00:00:00:00:00:06, { DataRate: 58, SignalStrength: 27, AntiFragility: 31}, IQ: 36]
       [Network #8, Technology = Wifi, Address = 02-06-00:00:00:00:00:0a, { DataRate: 22, SignalStrength: 34, AntiFragility: 43}, IQ: 35]
       [Network #5, Technology = Wifi, Address = 02-06-00:00:00:00:00:07, { DataRate: 22, SignalStrength: 82, AntiFragility: 13}, IQ: 32]
       [Network #12, Technology = Wifi, Address = 02-06-00:00:00:00:00:0e, { DataRate: 42, SignalStrength: 9, AntiFragility: 37}, IQ: 31]
       [Network #15, Technology = Wifi, Address = 02-06-00:00:00:00:00:11, { DataRate: 37, SignalStrength: 11, AntiFragility: 29}, IQ: 26]
       [Network #19, Technology = Wimax, Address = 02-06-00:00:00:00:00:16, { DataRate: 18, SignalStrength: 28, AntiFragility: 1}, IQ: 12]
150s ExecutionModule:Run(): Decision time => Seconds: 0, Miliseconds: 234
150s ExecutionModule:Run(): Handover time => Seconds: 0, Miliseconds: 123
150s ExecutionModule:Run(): Event: Horizontal Handover.
150s DeviceModule:MoveRandom(): New position: (163, 79)
151s DeviceModule:MoveRandom(): New position: (166, 79)
151s DecisionModule:RemoveNetworkFromList(): Network: 16 out of range!
152s DeviceModule:MoveRandom(): New position: (166, 82)
153s DeviceModule:MoveRandom(): New position: (166, 79)
154s DeviceModule:MoveRandom(): New position: (166, 82)
155s DeviceModule:MoveRandom(): New position: (169, 82)
155s DecisionModule:RemoveNetworkFromList(): Network: 3 out of range!
156s DeviceModule:MoveRandom(): New position: (169, 85)
157s DeviceModule:MoveRandom(): New position: (172, 85)
158s DeviceModule:MoveRandom(): New position: (169, 85)
159s DeviceModule:MoveRandom(): New position: (172, 85)
160s DeviceModule:MoveRandom(): New position: (172, 82)
161s DeviceModule:MoveRandom(): New position: (169, 82)
162s DeviceModule:MoveRandom(): New position: (169, 85)
163s DeviceModule:MoveRandom(): New position: (172, 85)
164s DeviceModule:MoveRandom(): New position: (169, 85)
165s DecisionModule:Run(): Run decision
165s DecisionModule:AnalyzingNetworks(): Current Network: 
       [Network #8, Technology = Wifi, Address = 02-06-00:00:00:00:00:0a, { DataRate: 71, SignalStrength: 64, AntiFragility: 95}, IQ: 81]
165s DecisionModule:ShowAllNetworks(): All detected networks:
       [Network #8, Technology = Wifi, Address = 02-06-00:00:00:00:00:0a, { DataRate: 71, SignalStrength: 64, AntiFragility: 95}, IQ: 81]
       [Network #14, Technology = Wifi, Address = 02-06-00:00:00:00:00:10, { DataRate: 95, SignalStrength: 95, AntiFragility: 29}, IQ: 62]
       [Network #10, Technology = Wifi, Address = 02-06-00:00:00:00:00:0c, { DataRate: 93, SignalStrength: 36, AntiFragility: 61}, IQ: 62]
       [Network #7, Technology = Wifi, Address = 02-06-00:00:00:00:00:09, { DataRate: 50, SignalStrength: 89, AntiFragility: 54}, IQ: 61]
       [Network #13, Technology = Wifi, Address = 02-06-00:00:00:00:00:0f, { DataRate: 72, SignalStrength: 75, AntiFragility: 50}, IQ: 61]
       [Network #0, Technology = Wifi, Address = 02-06-00:00:00:00:00:02, { DataRate: 42, SignalStrength: 12, AntiFragility: 87}, IQ: 57]
       [Network #5, Technology = Wifi, Address = 02-06-00:00:00:00:00:07, { DataRate: 54, SignalStrength: 72, AntiFragility: 51}, IQ: 57]
       [Network #15, Technology = Wifi, Address = 02-06-00:00:00:00:00:11, { DataRate: 61, SignalStrength: 89, AntiFragility: 28}, IQ: 51]
       [Network #19, Technology = Wimax, Address = 02-06-00:00:00:00:00:16, { DataRate: 13, SignalStrength: 78, AntiFragility: 18}, IQ: 31]
       [Network #12, Technology = Wifi, Address = 02-06-00:00:00:00:00:0e, { DataRate: 47, SignalStrength: 8, AntiFragility: 12}, IQ: 19]
       [Network #4, Technology = Wifi, Address = 02-06-00:00:00:00:00:06, { DataRate: 35, SignalStrength: 18, AntiFragility: 11}, IQ: 18]
165s ExecutionModule:Run(): Decision time => Seconds: 0, Miliseconds: 216
165s ExecutionModule:Run(): Handover time => Seconds: 0, Miliseconds: 123
165s ExecutionModule:Run(): Event: Horizontal Handover.
165s DeviceModule:MoveRandom(): New position: (169, 88)
166s DeviceModule:MoveRandom(): New position: (166, 88)
166s DecisionModule:AddNetworkToList(): Network detected
167s DeviceModule:MoveRandom(): New position: (163, 88)
168s DeviceModule:MoveRandom(): New position: (166, 88)
169s DeviceModule:MoveRandom(): New position: (166, 85)
170s DeviceModule:MoveRandom(): New position: (166, 82)
171s DeviceModule:MoveRandom(): New position: (169, 82)
171s DecisionModule:RemoveNetworkFromList(): Network: 3 out of range!
172s DeviceModule:MoveRandom(): New position: (169, 79)
173s DeviceModule:MoveRandom(): New position: (172, 79)
174s DeviceModule:MoveRandom(): New position: (169, 79)
175s DeviceModule:MoveRandom(): New position: (169, 82)
176s DeviceModule:MoveRandom(): New position: (166, 82)
176s DecisionModule:AddNetworkToList(): Network detected
177s DeviceModule:MoveRandom(): New position: (166, 85)
178s DeviceModule:MoveRandom(): New position: (166, 88)
179s DeviceModule:MoveRandom(): New position: (166, 91)
180s DecisionModule:Run(): Run decision
180s DecisionModule:AnalyzingNetworks(): Current Network: 
       [Network #0, Technology = Wifi, Address = 02-06-00:00:00:00:00:02, { DataRate: 56, SignalStrength: 47, AntiFragility: 93}, IQ: 72]
180s DecisionModule:ShowAllNetworks(): All detected networks:
       [Network #0, Technology = Wifi, Address = 02-06-00:00:00:00:00:02, { DataRate: 56, SignalStrength: 47, AntiFragility: 93}, IQ: 72]
       [Network #14, Technology = Wifi, Address = 02-06-00:00:00:00:00:10, { DataRate: 33, SignalStrength: 49, AntiFragility: 83}, IQ: 62]
       [Network #19, Technology = Wimax, Address = 02-06-00:00:00:00:00:16, { DataRate: 20, SignalStrength: 17, AntiFragility: 96}, IQ: 57]
       [Network #15, Technology = Wifi, Address = 02-06-00:00:00:00:00:11, { DataRate: 50, SignalStrength: 74, AntiFragility: 50}, IQ: 56]
       [Network #8, Technology = Wifi, Address = 02-06-00:00:00:00:00:0a, { DataRate: 35, SignalStrength: 96, AntiFragility: 45}, IQ: 55]
       [Network #10, Technology = Wifi, Address = 02-06-00:00:00:00:00:0c, { DataRate: 82, SignalStrength: 46, AntiFragility: 37}, IQ: 50]
       [Network #13, Technology = Wifi, Address = 02-06-00:00:00:00:00:0f, { DataRate: 22, SignalStrength: 78, AntiFragility: 46}, IQ: 48]
       [Network #12, Technology = Wifi, Address = 02-06-00:00:00:00:00:0e, { DataRate: 50, SignalStrength: 96, AntiFragility: 16}, IQ: 44]
       [Network #7, Technology = Wifi, Address = 02-06-00:00:00:00:00:09, { DataRate: 77, SignalStrength: 63, AntiFragility: 13}, IQ: 41]
       [Network #3, Technology = Wifi, Address = 02-06-00:00:00:00:00:05, { DataRate: 4, SignalStrength: 76, AntiFragility: 37}, IQ: 38]
       [Network #5, Technology = Wifi, Address = 02-06-00:00:00:00:00:07, { DataRate: 36, SignalStrength: 3, AntiFragility: 26}, IQ: 22]
       [Network #4, Technology = Wifi, Address = 02-06-00:00:00:00:00:06, { DataRate: 7, SignalStrength: 41, AntiFragility: 4}, IQ: 14]
180s ExecutionModule:Run(): Decision time => Seconds: 0, Miliseconds: 248
180s ExecutionModule:Run(): Handover time => Seconds: 0, Miliseconds: 124
180s ExecutionModule:Run(): Event: Horizontal Handover.
180s DeviceModule:MoveRandom(): New position: (169, 91)
180s DecisionModule:RemoveNetworkFromList(): Network: 3 out of range!
181s DeviceModule:MoveRandom(): New position: (169, 94)
182s DeviceModule:MoveRandom(): New position: (166, 94)
182s DecisionModule:AddNetworkToList(): Network detected
183s DeviceModule:MoveRandom(): New position: (166, 91)
184s DeviceModule:MoveRandom(): New position: (163, 91)
185s DeviceModule:MoveRandom(): New position: (160, 91)
186s DeviceModule:MoveRandom(): New position: (160, 94)
187s DeviceModule:MoveRandom(): New position: (160, 97)
188s DeviceModule:MoveRandom(): New position: (160, 100)
189s DeviceModule:MoveRandom(): New position: (160, 103)
189s DecisionModule:AddNetworkToList(): Network detected
190s DeviceModule:MoveRandom(): New position: (160, 106)
191s DeviceModule:MoveRandom(): New position: (157, 106)
192s DeviceModule:MoveRandom(): New position: (160, 106)
193s DeviceModule:MoveRandom(): New position: (157, 106)
194s DeviceModule:MoveRandom(): New position: (154, 106)
195s DecisionModule:Run(): Run decision
195s DecisionModule:AnalyzingNetworks(): Current Network: 
       [Network #4, Technology = Wifi, Address = 02-06-00:00:00:00:00:06, { DataRate: 68, SignalStrength: 50, AntiFragility: 86}, IQ: 72]
195s DecisionModule:ShowAllNetworks(): All detected networks:
       [Network #4, Technology = Wifi, Address = 02-06-00:00:00:00:00:06, { DataRate: 68, SignalStrength: 50, AntiFragility: 86}, IQ: 72]
       [Network #5, Technology = Wifi, Address = 02-06-00:00:00:00:00:07, { DataRate: 81, SignalStrength: 83, AntiFragility: 54}, IQ: 68]
       [Network #9, Technology = Wifi, Address = 02-06-00:00:00:00:00:0b, { DataRate: 1, SignalStrength: 84, AntiFragility: 84}, IQ: 63]
       [Network #0, Technology = Wifi, Address = 02-06-00:00:00:00:00:02, { DataRate: 16, SignalStrength: 55, AntiFragility: 81}, IQ: 58]
       [Network #8, Technology = Wifi, Address = 02-06-00:00:00:00:00:0a, { DataRate: 1, SignalStrength: 76, AntiFragility: 76}, IQ: 57]
       [Network #15, Technology = Wifi, Address = 02-06-00:00:00:00:00:11, { DataRate: 11, SignalStrength: 27, AntiFragility: 83}, IQ: 51]
       [Network #19, Technology = Wimax, Address = 02-06-00:00:00:00:00:16, { DataRate: 49, SignalStrength: 51, AntiFragility: 48}, IQ: 49]
       [Network #12, Technology = Wifi, Address = 02-06-00:00:00:00:00:0e, { DataRate: 84, SignalStrength: 55, AntiFragility: 25}, IQ: 47]
       [Network #13, Technology = Wifi, Address = 02-06-00:00:00:00:00:0f, { DataRate: 16, SignalStrength: 91, AntiFragility: 41}, IQ: 47]
       [Network #3, Technology = Wifi, Address = 02-06-00:00:00:00:00:05, { DataRate: 36, SignalStrength: 84, AntiFragility: 32}, IQ: 46]
       [Network #7, Technology = Wifi, Address = 02-06-00:00:00:00:00:09, { DataRate: 28, SignalStrength: 50, AntiFragility: 38}, IQ: 38]
       [Network #14, Technology = Wifi, Address = 02-06-00:00:00:00:00:10, { DataRate: 94, SignalStrength: 44, AntiFragility: 1}, IQ: 35]
       [Network #10, Technology = Wifi, Address = 02-06-00:00:00:00:00:0c, { DataRate: 55, SignalStrength: 53, AntiFragility: 10}, IQ: 32]
195s ExecutionModule:Run(): Decision time => Seconds: 0, Miliseconds: 251
195s ExecutionModule:Run(): Handover time => Seconds: 0, Miliseconds: 124
195s ExecutionModule:Run(): Event: Horizontal Handover.
195s DeviceModule:MoveRandom(): New position: (151, 106)
196s DeviceModule:MoveRandom(): New position: (154, 106)
197s DeviceModule:MoveRandom(): New position: (154, 103)
198s DeviceModule:MoveRandom(): New position: (154, 100)
199s DeviceModule:MoveRandom(): New position: (154, 103)
