Waf: Entering directory `/home/renan/Documents/NR2/ns-allinone-3.20/ns-3.20/build'
Waf: Leaving directory `/home/renan/Documents/NR2/ns-allinone-3.20/ns-3.20/build'
'build' finished successfully (1.792s)
0s NetworkModule:SetPosition(): Network 0 set position => (96, 34)
0s NetworkModule:SetRange(): Network 0 set range => 100
0s NetworkModule:SetPosition(): Network 1 set position => (11, 104)
0s NetworkModule:SetRange(): Network 1 set range => 100
0s NetworkModule:SetPosition(): Network 2 set position => (79, 86)
0s NetworkModule:SetRange(): Network 2 set range => 100
0s NetworkModule:SetPosition(): Network 3 set position => (198, 159)
0s NetworkModule:SetRange(): Network 3 set range => 100
0s NetworkModule:SetPosition(): Network 4 set position => (81, 127)
0s NetworkModule:SetRange(): Network 4 set range => 100
0s NetworkModule:SetPosition(): Network 5 set position => (31, 10)
0s NetworkModule:SetRange(): Network 5 set range => 100
0s NetworkModule:SetPosition(): Network 6 set position => (46, 142)
0s NetworkModule:SetRange(): Network 6 set range => 100
0s NetworkModule:SetPosition(): Network 7 set position => (165, 33)
0s NetworkModule:SetRange(): Network 7 set range => 100
0s NetworkModule:SetPosition(): Network 8 set position => (160, 104)
0s NetworkModule:SetRange(): Network 8 set range => 100
0s NetworkModule:SetPosition(): Network 9 set position => (65, 53)
0s NetworkModule:SetRange(): Network 9 set range => 100
0s NetworkModule:SetPosition(): Network 10 set position => (10, 56)
0s NetworkModule:SetRange(): Network 10 set range => 100
0s NetworkModule:SetPosition(): Network 11 set position => (10, 26)
0s NetworkModule:SetRange(): Network 11 set range => 100
0s NetworkModule:SetPosition(): Network 12 set position => (47, 131)
0s NetworkModule:SetRange(): Network 12 set range => 100
0s NetworkModule:SetPosition(): Network 13 set position => (164, 33)
0s NetworkModule:SetRange(): Network 13 set range => 100
0s NetworkModule:SetPosition(): Network 14 set position => (24, 188)
0s NetworkModule:SetRange(): Network 14 set range => 100
0s NetworkModule:SetPosition(): Network 15 set position => (22, 35)
0s NetworkModule:SetRange(): Network 15 set range => 100
0s NetworkModule:SetPosition(): Network 16 set position => (92, 72)
0s NetworkModule:SetRange(): Network 16 set range => 100
0s NetworkModule:SetPosition(): Network 17 set position => (158, 185)
0s NetworkModule:SetRange(): Network 17 set range => 100
0s NetworkModule:SetPosition(): Network 18 set position => (144, 123)
0s NetworkModule:SetRange(): Network 18 set range => 100
0s NetworkModule:SetPosition(): Network 19 set position => (50, 156)
0s NetworkModule:SetRange(): Network 19 set range => 100
0s DeviceModule:ConfigureMobility(): Device [init x = 100, init y = 100, max = 200, velocity = 3]
1s DeviceModule:MoveRandom(): New position: (103, 100)
1s DecisionModule:AddNetworkToList(): Network detected
1s DecisionModule:AddNetworkToList(): Network detected
1s DecisionModule:AddNetworkToList(): Network detected
1s DecisionModule:AddNetworkToList(): Network detected
1s DecisionModule:AddNetworkToList(): Network detected
1s DecisionModule:AddNetworkToList(): Network detected
1s DecisionModule:AddNetworkToList(): Network detected
1s DecisionModule:AddNetworkToList(): Network detected
1s DecisionModule:AddNetworkToList(): Network detected
1s DecisionModule:AddNetworkToList(): Network detected
1s DecisionModule:AddNetworkToList(): Network detected
1s DecisionModule:AddNetworkToList(): Network detected
1s DecisionModule:AddNetworkToList(): Network detected
2s DeviceModule:MoveRandom(): New position: (103, 103)
2s DecisionModule:AddNetworkToList(): Network detected
3s DeviceModule:MoveRandom(): New position: (103, 106)
4s DeviceModule:MoveRandom(): New position: (103, 109)
5s DeviceModule:MoveRandom(): New position: (103, 112)
6s DeviceModule:MoveRandom(): New position: (106, 112)
7s DeviceModule:MoveRandom(): New position: (109, 112)
7s DecisionModule:AddNetworkToList(): Network detected
8s DeviceModule:MoveRandom(): New position: (109, 115)
9s DeviceModule:MoveRandom(): New position: (112, 115)
9s DecisionModule:RemoveNetworkFromList(): Network: 1 out of range!
10s DeviceModule:MoveRandom(): New position: (115, 115)
11s DeviceModule:MoveRandom(): New position: (118, 115)
12s DeviceModule:MoveRandom(): New position: (118, 118)
13s DeviceModule:MoveRandom(): New position: (118, 115)
14s DeviceModule:MoveRandom(): New position: (118, 112)
15s DecisionModule:Run(): Run decision
15s DecisionModule:AnalyzingNetworks(): Current Network: 
       [Network #18, Technology = Wimax, Address = 02-06-00:00:00:00:00:15, { DataRate: 84, SignalStrength: 90, AntiFragility: 76}, IQ: 81]
15s DecisionModule:ShowAllNetworks(): All detected networks:
       [Network #18, Technology = Wimax, Address = 02-06-00:00:00:00:00:15, { DataRate: 84, SignalStrength: 90, AntiFragility: 76}, IQ: 81]
       [Network #16, Technology = Wifi, Address = 02-06-00:00:00:00:00:12, { DataRate: 89, SignalStrength: 99, AntiFragility: 63}, IQ: 78]
       [Network #7, Technology = Wifi, Address = 02-06-00:00:00:00:00:09, { DataRate: 30, SignalStrength: 86, AntiFragility: 91}, IQ: 74]
       [Network #2, Technology = Wifi, Address = 02-06-00:00:00:00:00:04, { DataRate: 59, SignalStrength: 33, AntiFragility: 88}, IQ: 67]
       [Network #6, Technology = Wifi, Address = 02-06-00:00:00:00:00:08, { DataRate: 58, SignalStrength: 70, AntiFragility: 47}, IQ: 55]
       [Network #17, Technology = Wifi, Address = 02-06-00:00:00:00:00:13, { DataRate: 78, SignalStrength: 40, AntiFragility: 51}, IQ: 55]
       [Network #13, Technology = Wifi, Address = 02-06-00:00:00:00:00:0f, { DataRate: 51, SignalStrength: 43, AntiFragility: 51}, IQ: 49]
       [Network #19, Technology = Wimax, Address = 02-06-00:00:00:00:00:16, { DataRate: 93, SignalStrength: 31, AntiFragility: 35}, IQ: 48]
       [Network #8, Technology = Wifi, Address = 02-06-00:00:00:00:00:0a, { DataRate: 56, SignalStrength: 47, AntiFragility: 43}, IQ: 47]
       [Network #9, Technology = Wifi, Address = 02-06-00:00:00:00:00:0b, { DataRate: 80, SignalStrength: 44, AntiFragility: 29}, IQ: 45]
       [Network #4, Technology = Wifi, Address = 02-06-00:00:00:00:00:06, { DataRate: 64, SignalStrength: 87, AntiFragility: 9}, IQ: 42]
       [Network #0, Technology = Wifi, Address = 02-06-00:00:00:00:00:02, { DataRate: 60, SignalStrength: 43, AntiFragility: 4}, IQ: 27]
       [Network #3, Technology = Wifi, Address = 02-06-00:00:00:00:00:05, { DataRate: 12, SignalStrength: 9, AntiFragility: 39}, IQ: 24]
       [Network #12, Technology = Wifi, Address = 02-06-00:00:00:00:00:0e, { DataRate: 62, SignalStrength: 2, AntiFragility: 4}, IQ: 18]
15s DeviceModule:MoveRandom(): New position: (118, 109)
16s DeviceModule:MoveRandom(): New position: (115, 109)
17s DeviceModule:MoveRandom(): New position: (118, 109)
18s DeviceModule:MoveRandom(): New position: (115, 109)
19s DeviceModule:MoveRandom(): New position: (118, 109)
20s DeviceModule:MoveRandom(): New position: (118, 112)
21s DeviceModule:MoveRandom(): New position: (121, 112)
22s DeviceModule:MoveRandom(): New position: (118, 112)
23s DeviceModule:MoveRandom(): New position: (118, 109)
24s DeviceModule:MoveRandom(): New position: (118, 112)
25s DeviceModule:MoveRandom(): New position: (118, 115)
26s DeviceModule:MoveRandom(): New position: (118, 112)
27s DeviceModule:MoveRandom(): New position: (118, 115)
28s DeviceModule:MoveRandom(): New position: (115, 115)
29s DeviceModule:MoveRandom(): New position: (115, 118)
30s DecisionModule:Run(): Run decision
30s DecisionModule:AnalyzingNetworks(): Current Network: 
       [Network #7, Technology = Wifi, Address = 02-06-00:00:00:00:00:09, { DataRate: 65, SignalStrength: 96, AntiFragility: 97}, IQ: 88]
30s DecisionModule:ShowAllNetworks(): All detected networks:
       [Network #7, Technology = Wifi, Address = 02-06-00:00:00:00:00:09, { DataRate: 65, SignalStrength: 96, AntiFragility: 97}, IQ: 88]
       [Network #3, Technology = Wifi, Address = 02-06-00:00:00:00:00:05, { DataRate: 65, SignalStrength: 85, AntiFragility: 80}, IQ: 77]
       [Network #0, Technology = Wifi, Address = 02-06-00:00:00:00:00:02, { DataRate: 47, SignalStrength: 31, AntiFragility: 88}, IQ: 63]
       [Network #13, Technology = Wifi, Address = 02-06-00:00:00:00:00:0f, { DataRate: 38, SignalStrength: 7, AntiFragility: 93}, IQ: 57]
       [Network #18, Technology = Wimax, Address = 02-06-00:00:00:00:00:15, { DataRate: 38, SignalStrength: 96, AntiFragility: 45}, IQ: 56]
       [Network #19, Technology = Wimax, Address = 02-06-00:00:00:00:00:16, { DataRate: 65, SignalStrength: 52, AntiFragility: 53}, IQ: 55]
       [Network #17, Technology = Wifi, Address = 02-06-00:00:00:00:00:13, { DataRate: 86, SignalStrength: 44, AntiFragility: 36}, IQ: 50]
       [Network #4, Technology = Wifi, Address = 02-06-00:00:00:00:00:06, { DataRate: 51, SignalStrength: 79, AntiFragility: 23}, IQ: 44]
       [Network #16, Technology = Wifi, Address = 02-06-00:00:00:00:00:12, { DataRate: 25, SignalStrength: 41, AntiFragility: 52}, IQ: 42]
       [Network #9, Technology = Wifi, Address = 02-06-00:00:00:00:00:0b, { DataRate: 66, SignalStrength: 34, AntiFragility: 33}, IQ: 41]
       [Network #8, Technology = Wifi, Address = 02-06-00:00:00:00:00:0a, { DataRate: 42, SignalStrength: 5, AntiFragility: 59}, IQ: 41]
       [Network #12, Technology = Wifi, Address = 02-06-00:00:00:00:00:0e, { DataRate: 72, SignalStrength: 69, AntiFragility: 5}, IQ: 37]
       [Network #6, Technology = Wifi, Address = 02-06-00:00:00:00:00:08, { DataRate: 7, SignalStrength: 93, AntiFragility: 20}, IQ: 35]
       [Network #2, Technology = Wifi, Address = 02-06-00:00:00:00:00:04, { DataRate: 55, SignalStrength: 32, AntiFragility: 25}, IQ: 34]
30s ExecutionModule:Run(): Decision time => Seconds: 0, Miliseconds: 589
30s ExecutionModule:Run(): Handover time => Seconds: 0, Miliseconds: 537
30s ExecutionModule:Run(): Event: Vertical Handover.
30s DeviceModule:MoveRandom(): New position: (115, 115)
31s DeviceModule:MoveRandom(): New position: (115, 118)
32s DeviceModule:MoveRandom(): New position: (115, 115)
33s DeviceModule:MoveRandom(): New position: (115, 118)
34s DeviceModule:MoveRandom(): New position: (112, 118)
35s DeviceModule:MoveRandom(): New position: (109, 118)
35s DecisionModule:AddNetworkToList(): Network detected
35s ExecutionModule:OutOfRange(): OUT OF BETTER NETWORK! Choosing another network...
35s DecisionModule:RemoveNetworkFromList(): Network: 7 out of range!
35s DecisionModule:Run(): Run decision
35s DecisionModule:AnalyzingNetworks(): Current Network: 
       [Network #6, Technology = Wifi, Address = 02-06-00:00:00:00:00:08, { DataRate: 63, SignalStrength: 55, AntiFragility: 92}, IQ: 75]
35s DecisionModule:ShowAllNetworks(): All detected networks:
       [Network #6, Technology = Wifi, Address = 02-06-00:00:00:00:00:08, { DataRate: 63, SignalStrength: 55, AntiFragility: 92}, IQ: 75]
       [Network #9, Technology = Wifi, Address = 02-06-00:00:00:00:00:0b, { DataRate: 39, SignalStrength: 45, AntiFragility: 96}, IQ: 69]
       [Network #13, Technology = Wifi, Address = 02-06-00:00:00:00:00:0f, { DataRate: 36, SignalStrength: 79, AntiFragility: 78}, IQ: 67]
       [Network #1, Technology = Wifi, Address = 02-06-00:00:00:00:00:03, { DataRate: 31, SignalStrength: 76, AntiFragility: 77}, IQ: 65]
       [Network #17, Technology = Wifi, Address = 02-06-00:00:00:00:00:13, { DataRate: 34, SignalStrength: 14, AntiFragility: 99}, IQ: 61]
       [Network #12, Technology = Wifi, Address = 02-06-00:00:00:00:00:0e, { DataRate: 96, SignalStrength: 63, AntiFragility: 33}, IQ: 56]
       [Network #4, Technology = Wifi, Address = 02-06-00:00:00:00:00:06, { DataRate: 90, SignalStrength: 15, AntiFragility: 59}, IQ: 55]
       [Network #3, Technology = Wifi, Address = 02-06-00:00:00:00:00:05, { DataRate: 6, SignalStrength: 15, AntiFragility: 88}, IQ: 49]
       [Network #16, Technology = Wifi, Address = 02-06-00:00:00:00:00:12, { DataRate: 43, SignalStrength: 16, AntiFragility: 57}, IQ: 43]
       [Network #2, Technology = Wifi, Address = 02-06-00:00:00:00:00:04, { DataRate: 75, SignalStrength: 33, AntiFragility: 28}, IQ: 41]
       [Network #19, Technology = Wimax, Address = 02-06-00:00:00:00:00:16, { DataRate: 3, SignalStrength: 58, AntiFragility: 50}, IQ: 40]
       [Network #18, Technology = Wimax, Address = 02-06-00:00:00:00:00:15, { DataRate: 10, SignalStrength: 62, AntiFragility: 37}, IQ: 36]
       [Network #0, Technology = Wifi, Address = 02-06-00:00:00:00:00:02, { DataRate: 7, SignalStrength: 12, AntiFragility: 40}, IQ: 24]
       [Network #8, Technology = Wifi, Address = 02-06-00:00:00:00:00:0a, { DataRate: 20, SignalStrength: 22, AntiFragility: 27}, IQ: 24]
35s ExecutionModule:Run(): Decision time => Seconds: 0, Miliseconds: 208
35s ExecutionModule:Run(): Handover time => Seconds: 0, Miliseconds: 119
35s ExecutionModule:Run(): Event: Horizontal Handover.
35s DecisionModule:RemoveNetworkFromList(): Network: 13 out of range!
36s DeviceModule:MoveRandom(): New position: (106, 118)
37s DeviceModule:MoveRandom(): New position: (109, 118)
38s DeviceModule:MoveRandom(): New position: (106, 118)
39s DeviceModule:MoveRandom(): New position: (103, 118)
39s DecisionModule:RemoveNetworkFromList(): Network: 3 out of range!
40s DeviceModule:MoveRandom(): New position: (103, 115)
41s DeviceModule:MoveRandom(): New position: (100, 115)
42s DeviceModule:MoveRandom(): New position: (103, 115)
43s DeviceModule:MoveRandom(): New position: (103, 112)
43s DecisionModule:AddNetworkToList(): Network detected
43s DecisionModule:AddNetworkToList(): Network detected
44s DeviceModule:MoveRandom(): New position: (106, 112)
45s DecisionModule:Run(): Run decision
45s DecisionModule:AnalyzingNetworks(): Current Network: 
       [Network #2, Technology = Wifi, Address = 02-06-00:00:00:00:00:04, { DataRate: 77, SignalStrength: 56, AntiFragility: 96}, IQ: 81]
45s DecisionModule:ShowAllNetworks(): All detected networks:
       [Network #2, Technology = Wifi, Address = 02-06-00:00:00:00:00:04, { DataRate: 77, SignalStrength: 56, AntiFragility: 96}, IQ: 81]
       [Network #8, Technology = Wifi, Address = 02-06-00:00:00:00:00:0a, { DataRate: 78, SignalStrength: 87, AntiFragility: 70}, IQ: 76]
       [Network #6, Technology = Wifi, Address = 02-06-00:00:00:00:00:08, { DataRate: 51, SignalStrength: 5, AntiFragility: 95}, IQ: 61]
       [Network #1, Technology = Wifi, Address = 02-06-00:00:00:00:00:03, { DataRate: 49, SignalStrength: 61, AntiFragility: 66}, IQ: 60]
       [Network #9, Technology = Wifi, Address = 02-06-00:00:00:00:00:0b, { DataRate: 77, SignalStrength: 10, AntiFragility: 75}, IQ: 59]
       [Network #17, Technology = Wifi, Address = 02-06-00:00:00:00:00:13, { DataRate: 72, SignalStrength: 4, AntiFragility: 73}, IQ: 55]
       [Network #12, Technology = Wifi, Address = 02-06-00:00:00:00:00:0e, { DataRate: 20, SignalStrength: 46, AntiFragility: 72}, IQ: 52]
       [Network #4, Technology = Wifi, Address = 02-06-00:00:00:00:00:06, { DataRate: 7, SignalStrength: 70, AntiFragility: 44}, IQ: 41]
       [Network #18, Technology = Wimax, Address = 02-06-00:00:00:00:00:15, { DataRate: 32, SignalStrength: 79, AntiFragility: 25}, IQ: 40]
       [Network #13, Technology = Wifi, Address = 02-06-00:00:00:00:00:0f, { DataRate: 82, SignalStrength: 67, AntiFragility: 5}, IQ: 39]
       [Network #0, Technology = Wifi, Address = 02-06-00:00:00:00:00:02, { DataRate: 73, SignalStrength: 54, AntiFragility: 11}, IQ: 37]
       [Network #16, Technology = Wifi, Address = 02-06-00:00:00:00:00:12, { DataRate: 78, SignalStrength: 31, AntiFragility: 14}, IQ: 34]
       [Network #19, Technology = Wimax, Address = 02-06-00:00:00:00:00:16, { DataRate: 27, SignalStrength: 3, AntiFragility: 48}, IQ: 31]
       [Network #7, Technology = Wifi, Address = 02-06-00:00:00:00:00:09, { DataRate: 42, SignalStrength: 49, AntiFragility: 3}, IQ: 24]
45s ExecutionModule:Run(): Decision time => Seconds: 0, Miliseconds: 333
45s ExecutionModule:Run(): Handover time => Seconds: 0, Miliseconds: 146
45s ExecutionModule:Run(): Event: Horizontal Handover.
45s DeviceModule:MoveRandom(): New position: (106, 115)
45s DecisionModule:RemoveNetworkFromList(): Network: 7 out of range!
46s DeviceModule:MoveRandom(): New position: (106, 112)
46s DecisionModule:AddNetworkToList(): Network detected
47s DeviceModule:MoveRandom(): New position: (106, 115)
47s DecisionModule:RemoveNetworkFromList(): Network: 7 out of range!
48s DeviceModule:MoveRandom(): New position: (106, 118)
48s DecisionModule:AddNetworkToList(): Network detected
48s DecisionModule:RemoveNetworkFromList(): Network: 13 out of range!
49s DeviceModule:MoveRandom(): New position: (103, 118)
49s DecisionModule:RemoveNetworkFromList(): Network: 3 out of range!
50s DeviceModule:MoveRandom(): New position: (103, 121)
51s DeviceModule:MoveRandom(): New position: (103, 118)
52s DeviceModule:MoveRandom(): New position: (103, 121)
53s DeviceModule:MoveRandom(): New position: (106, 121)
53s DecisionModule:AddNetworkToList(): Network detected
54s DeviceModule:MoveRandom(): New position: (109, 121)
55s DeviceModule:MoveRandom(): New position: (106, 121)
56s DeviceModule:MoveRandom(): New position: (106, 118)
57s DeviceModule:MoveRandom(): New position: (106, 121)
58s DeviceModule:MoveRandom(): New position: (106, 118)
59s DeviceModule:MoveRandom(): New position: (106, 115)
59s DecisionModule:RemoveNetworkFromList(): Network: 3 out of range!
59s DecisionModule:AddNetworkToList(): Network detected
60s DecisionModule:Run(): Run decision
60s DecisionModule:AnalyzingNetworks(): Current Network: 
       [Network #9, Technology = Wifi, Address = 02-06-00:00:00:00:00:0b, { DataRate: 51, SignalStrength: 84, AntiFragility: 61}, IQ: 64]
60s DecisionModule:ShowAllNetworks(): All detected networks:
       [Network #9, Technology = Wifi, Address = 02-06-00:00:00:00:00:0b, { DataRate: 51, SignalStrength: 84, AntiFragility: 61}, IQ: 64]
       [Network #2, Technology = Wifi, Address = 02-06-00:00:00:00:00:04, { DataRate: 52, SignalStrength: 76, AntiFragility: 49}, IQ: 56]
       [Network #8, Technology = Wifi, Address = 02-06-00:00:00:00:00:0a, { DataRate: 9, SignalStrength: 2, AntiFragility: 94}, IQ: 49]
       [Network #12, Technology = Wifi, Address = 02-06-00:00:00:00:00:0e, { DataRate: 13, SignalStrength: 41, AntiFragility: 71}, IQ: 49]
       [Network #6, Technology = Wifi, Address = 02-06-00:00:00:00:00:08, { DataRate: 31, SignalStrength: 31, AntiFragility: 63}, IQ: 47]
       [Network #16, Technology = Wifi, Address = 02-06-00:00:00:00:00:12, { DataRate: 40, SignalStrength: 48, AntiFragility: 45}, IQ: 44]
       [Network #1, Technology = Wifi, Address = 02-06-00:00:00:00:00:03, { DataRate: 38, SignalStrength: 73, AntiFragility: 15}, IQ: 35]
       [Network #0, Technology = Wifi, Address = 02-06-00:00:00:00:00:02, { DataRate: 11, SignalStrength: 54, AntiFragility: 36}, IQ: 34]
       [Network #13, Technology = Wifi, Address = 02-06-00:00:00:00:00:0f, { DataRate: 42, SignalStrength: 12, AntiFragility: 28}, IQ: 27]
       [Network #17, Technology = Wifi, Address = 02-06-00:00:00:00:00:13, { DataRate: 50, SignalStrength: 9, AntiFragility: 22}, IQ: 25]
       [Network #18, Technology = Wimax, Address = 02-06-00:00:00:00:00:15, { DataRate: 3, SignalStrength: 27, AntiFragility: 36}, IQ: 25]
       [Network #19, Technology = Wimax, Address = 02-06-00:00:00:00:00:16, { DataRate: 24, SignalStrength: 5, AntiFragility: 32}, IQ: 23]
       [Network #4, Technology = Wifi, Address = 02-06-00:00:00:00:00:06, { DataRate: 41, SignalStrength: 8, AntiFragility: 20}, IQ: 22]
60s ExecutionModule:Run(): Decision time => Seconds: 0, Miliseconds: 231
60s ExecutionModule:Run(): Handover time => Seconds: 0, Miliseconds: 122
60s ExecutionModule:Run(): Event: Horizontal Handover.
60s DeviceModule:MoveRandom(): New position: (106, 118)
60s DecisionModule:AddNetworkToList(): Network detected
60s DecisionModule:RemoveNetworkFromList(): Network: 13 out of range!
61s DeviceModule:MoveRandom(): New position: (106, 115)
61s DecisionModule:RemoveNetworkFromList(): Network: 3 out of range!
61s DecisionModule:AddNetworkToList(): Network detected
62s DeviceModule:MoveRandom(): New position: (106, 118)
62s DecisionModule:AddNetworkToList(): Network detected
62s DecisionModule:RemoveNetworkFromList(): Network: 13 out of range!
63s DeviceModule:MoveRandom(): New position: (106, 121)
64s DeviceModule:MoveRandom(): New position: (103, 121)
64s DecisionModule:RemoveNetworkFromList(): Network: 3 out of range!
65s DeviceModule:MoveRandom(): New position: (106, 121)
65s DecisionModule:AddNetworkToList(): Network detected
66s DeviceModule:MoveRandom(): New position: (106, 118)
67s DeviceModule:MoveRandom(): New position: (106, 115)
67s DecisionModule:RemoveNetworkFromList(): Network: 3 out of range!
67s DecisionModule:AddNetworkToList(): Network detected
68s DeviceModule:MoveRandom(): New position: (103, 115)
68s DecisionModule:RemoveNetworkFromList(): Network: 13 out of range!
69s DeviceModule:MoveRandom(): New position: (103, 112)
69s DecisionModule:AddNetworkToList(): Network detected
69s DecisionModule:AddNetworkToList(): Network detected
70s DeviceModule:MoveRandom(): New position: (106, 112)
71s DeviceModule:MoveRandom(): New position: (109, 112)
71s DecisionModule:AddNetworkToList(): Network detected
72s DeviceModule:MoveRandom(): New position: (109, 109)
72s DecisionModule:RemoveNetworkFromList(): Network: 3 out of range!
73s DeviceModule:MoveRandom(): New position: (112, 109)
73s DecisionModule:RemoveNetworkFromList(): Network: 1 out of range!
73s DecisionModule:AddNetworkToList(): Network detected
74s DeviceModule:MoveRandom(): New position: (109, 109)
74s DecisionModule:AddNetworkToList(): Network detected
74s DecisionModule:RemoveNetworkFromList(): Network: 3 out of range!
75s DecisionModule:Run(): Run decision
75s DecisionModule:AnalyzingNetworks(): Current Network: 
       [Network #2, Technology = Wifi, Address = 02-06-00:00:00:00:00:04, { DataRate: 89, SignalStrength: 77, AntiFragility: 57}, IQ: 70]
75s DecisionModule:ShowAllNetworks(): All detected networks:
       [Network #2, Technology = Wifi, Address = 02-06-00:00:00:00:00:04, { DataRate: 89, SignalStrength: 77, AntiFragility: 57}, IQ: 70]
       [Network #18, Technology = Wimax, Address = 02-06-00:00:00:00:00:15, { DataRate: 82, SignalStrength: 26, AntiFragility: 87}, IQ: 70]
       [Network #17, Technology = Wifi, Address = 02-06-00:00:00:00:00:13, { DataRate: 65, SignalStrength: 82, AntiFragility: 56}, IQ: 64]
       [Network #0, Technology = Wifi, Address = 02-06-00:00:00:00:00:02, { DataRate: 83, SignalStrength: 83, AntiFragility: 22}, IQ: 52]
       [Network #4, Technology = Wifi, Address = 02-06-00:00:00:00:00:06, { DataRate: 36, SignalStrength: 53, AntiFragility: 61}, IQ: 52]
       [Network #16, Technology = Wifi, Address = 02-06-00:00:00:00:00:12, { DataRate: 73, SignalStrength: 51, AntiFragility: 37}, IQ: 49]
       [Network #9, Technology = Wifi, Address = 02-06-00:00:00:00:00:0b, { DataRate: 31, SignalStrength: 73, AntiFragility: 44}, IQ: 48]
       [Network #1, Technology = Wifi, Address = 02-06-00:00:00:00:00:03, { DataRate: 42, SignalStrength: 62, AntiFragility: 40}, IQ: 46]
       [Network #8, Technology = Wifi, Address = 02-06-00:00:00:00:00:0a, { DataRate: 73, SignalStrength: 2, AntiFragility: 47}, IQ: 42]
       [Network #12, Technology = Wifi, Address = 02-06-00:00:00:00:00:0e, { DataRate: 82, SignalStrength: 55, AntiFragility: 6}, IQ: 37]
       [Network #19, Technology = Wimax, Address = 02-06-00:00:00:00:00:16, { DataRate: 55, SignalStrength: 35, AntiFragility: 28}, IQ: 36]
       [Network #7, Technology = Wifi, Address = 02-06-00:00:00:00:00:09, { DataRate: 33, SignalStrength: 83, AntiFragility: 2}, IQ: 30]
       [Network #6, Technology = Wifi, Address = 02-06-00:00:00:00:00:08, { DataRate: 52, SignalStrength: 20, AntiFragility: 21}, IQ: 28]
       [Network #13, Technology = Wifi, Address = 02-06-00:00:00:00:00:0f, { DataRate: 10, SignalStrength: 51, AntiFragility: 6}, IQ: 18]
75s ExecutionModule:Run(): Decision time => Seconds: 0, Miliseconds: 247
75s ExecutionModule:Run(): Handover time => Seconds: 0, Miliseconds: 122
75s ExecutionModule:Run(): Event: Horizontal Handover.
75s DeviceModule:MoveRandom(): New position: (109, 106)
76s DeviceModule:MoveRandom(): New position: (112, 106)
76s DecisionModule:RemoveNetworkFromList(): Network: 1 out of range!
77s DeviceModule:MoveRandom(): New position: (112, 109)
77s DecisionModule:AddNetworkToList(): Network detected
78s DeviceModule:MoveRandom(): New position: (112, 106)
78s DecisionModule:RemoveNetworkFromList(): Network: 3 out of range!
79s DeviceModule:MoveRandom(): New position: (109, 106)
79s DecisionModule:AddNetworkToList(): Network detected
80s DeviceModule:MoveRandom(): New position: (109, 109)
81s DeviceModule:MoveRandom(): New position: (109, 112)
81s DecisionModule:AddNetworkToList(): Network detected
82s DeviceModule:MoveRandom(): New position: (112, 112)
82s DecisionModule:RemoveNetworkFromList(): Network: 1 out of range!
83s DeviceModule:MoveRandom(): New position: (112, 109)
84s DeviceModule:MoveRandom(): New position: (115, 109)
85s DeviceModule:MoveRandom(): New position: (115, 112)
86s DeviceModule:MoveRandom(): New position: (115, 109)
87s DeviceModule:MoveRandom(): New position: (112, 109)
88s DeviceModule:MoveRandom(): New position: (109, 109)
88s DecisionModule:AddNetworkToList(): Network detected
88s DecisionModule:RemoveNetworkFromList(): Network: 3 out of range!
89s DeviceModule:MoveRandom(): New position: (109, 112)
89s DecisionModule:AddNetworkToList(): Network detected
90s DecisionModule:Run(): Run decision
90s DecisionModule:AnalyzingNetworks(): Current Network: 
       [Network #12, Technology = Wifi, Address = 02-06-00:00:00:00:00:0e, { DataRate: 90, SignalStrength: 77, AntiFragility: 83}, IQ: 83]
90s DecisionModule:ShowAllNetworks(): All detected networks:
       [Network #12, Technology = Wifi, Address = 02-06-00:00:00:00:00:0e, { DataRate: 90, SignalStrength: 77, AntiFragility: 83}, IQ: 83]
       [Network #0, Technology = Wifi, Address = 02-06-00:00:00:00:00:02, { DataRate: 76, SignalStrength: 24, AntiFragility: 99}, IQ: 74]
       [Network #4, Technology = Wifi, Address = 02-06-00:00:00:00:00:06, { DataRate: 17, SignalStrength: 61, AntiFragility: 99}, IQ: 69]
       [Network #13, Technology = Wifi, Address = 02-06-00:00:00:00:00:0f, { DataRate: 54, SignalStrength: 30, AntiFragility: 89}, IQ: 65]
       [Network #9, Technology = Wifi, Address = 02-06-00:00:00:00:00:0b, { DataRate: 40, SignalStrength: 23, AntiFragility: 97}, IQ: 64]
       [Network #18, Technology = Wimax, Address = 02-06-00:00:00:00:00:15, { DataRate: 64, SignalStrength: 62, AntiFragility: 66}, IQ: 64]
       [Network #16, Technology = Wifi, Address = 02-06-00:00:00:00:00:12, { DataRate: 79, SignalStrength: 86, AntiFragility: 45}, IQ: 63]
       [Network #7, Technology = Wifi, Address = 02-06-00:00:00:00:00:09, { DataRate: 49, SignalStrength: 63, AntiFragility: 58}, IQ: 57]
       [Network #2, Technology = Wifi, Address = 02-06-00:00:00:00:00:04, { DataRate: 42, SignalStrength: 71, AntiFragility: 57}, IQ: 56]
       [Network #8, Technology = Wifi, Address = 02-06-00:00:00:00:00:0a, { DataRate: 50, SignalStrength: 47, AntiFragility: 61}, IQ: 54]
       [Network #6, Technology = Wifi, Address = 02-06-00:00:00:00:00:08, { DataRate: 1, SignalStrength: 81, AntiFragility: 67}, IQ: 54]
       [Network #19, Technology = Wimax, Address = 02-06-00:00:00:00:00:16, { DataRate: 85, SignalStrength: 49, AntiFragility: 40}, IQ: 53]
       [Network #1, Technology = Wifi, Address = 02-06-00:00:00:00:00:03, { DataRate: 33, SignalStrength: 33, AntiFragility: 43}, IQ: 38]
       [Network #17, Technology = Wifi, Address = 02-06-00:00:00:00:00:13, { DataRate: 31, SignalStrength: 18, AntiFragility: 8}, IQ: 16]
       [Network #3, Technology = Wifi, Address = 02-06-00:00:00:00:00:05, { DataRate: 9, SignalStrength: 32, AntiFragility: 12}, IQ: 16]
90s ExecutionModule:Run(): Decision time => Seconds: 0, Miliseconds: 250
90s ExecutionModule:Run(): Handover time => Seconds: 0, Miliseconds: 120
90s ExecutionModule:Run(): Event: Horizontal Handover.
90s DeviceModule:MoveRandom(): New position: (112, 112)
90s DecisionModule:RemoveNetworkFromList(): Network: 1 out of range!
91s DeviceModule:MoveRandom(): New position: (109, 112)
91s DecisionModule:AddNetworkToList(): Network detected
92s DeviceModule:MoveRandom(): New position: (109, 109)
92s DecisionModule:RemoveNetworkFromList(): Network: 3 out of range!
93s DeviceModule:MoveRandom(): New position: (106, 109)
94s DeviceModule:MoveRandom(): New position: (106, 106)
95s DeviceModule:MoveRandom(): New position: (106, 109)
96s DeviceModule:MoveRandom(): New position: (109, 109)
97s DeviceModule:MoveRandom(): New position: (106, 109)
98s DeviceModule:MoveRandom(): New position: (109, 109)
99s DeviceModule:MoveRandom(): New position: (106, 109)
100s DeviceModule:MoveRandom(): New position: (106, 106)
101s DeviceModule:MoveRandom(): New position: (103, 106)
102s DeviceModule:MoveRandom(): New position: (100, 106)
103s DeviceModule:MoveRandom(): New position: (100, 103)
104s DeviceModule:MoveRandom(): New position: (97, 103)
104s DecisionModule:AddNetworkToList(): Network detected
104s DecisionModule:RemoveNetworkFromList(): Network: 17 out of range!
105s DecisionModule:Run(): Run decision
105s DecisionModule:AnalyzingNetworks(): Current Network: 
       [Network #6, Technology = Wifi, Address = 02-06-00:00:00:00:00:08, { DataRate: 95, SignalStrength: 14, AntiFragility: 96}, IQ: 75]
105s DecisionModule:ShowAllNetworks(): All detected networks:
       [Network #6, Technology = Wifi, Address = 02-06-00:00:00:00:00:08, { DataRate: 95, SignalStrength: 14, AntiFragility: 96}, IQ: 75]
       [Network #9, Technology = Wifi, Address = 02-06-00:00:00:00:00:0b, { DataRate: 68, SignalStrength: 42, AntiFragility: 89}, IQ: 72]
       [Network #19, Technology = Wimax, Address = 02-06-00:00:00:00:00:16, { DataRate: 4, SignalStrength: 74, AntiFragility: 99}, IQ: 69]
       [Network #18, Technology = Wimax, Address = 02-06-00:00:00:00:00:15, { DataRate: 24, SignalStrength: 59, AntiFragility: 86}, IQ: 63]
       [Network #8, Technology = Wifi, Address = 02-06-00:00:00:00:00:0a, { DataRate: 54, SignalStrength: 10, AntiFragility: 89}, IQ: 60]
       [Network #7, Technology = Wifi, Address = 02-06-00:00:00:00:00:09, { DataRate: 15, SignalStrength: 97, AntiFragility: 63}, IQ: 59]
       [Network #16, Technology = Wifi, Address = 02-06-00:00:00:00:00:12, { DataRate: 14, SignalStrength: 11, AntiFragility: 82}, IQ: 47]
       [Network #10, Technology = Wifi, Address = 02-06-00:00:00:00:00:0c, { DataRate: 73, SignalStrength: 11, AntiFragility: 53}, IQ: 47]
       [Network #2, Technology = Wifi, Address = 02-06-00:00:00:00:00:04, { DataRate: 71, SignalStrength: 73, AntiFragility: 7}, IQ: 39]
       [Network #0, Technology = Wifi, Address = 02-06-00:00:00:00:00:02, { DataRate: 2, SignalStrength: 33, AntiFragility: 60}, IQ: 38]
       [Network #1, Technology = Wifi, Address = 02-06-00:00:00:00:00:03, { DataRate: 37, SignalStrength: 40, AntiFragility: 39}, IQ: 38]
       [Network #13, Technology = Wifi, Address = 02-06-00:00:00:00:00:0f, { DataRate: 42, SignalStrength: 28, AntiFragility: 29}, IQ: 32]
       [Network #4, Technology = Wifi, Address = 02-06-00:00:00:00:00:06, { DataRate: 40, SignalStrength: 55, AntiFragility: 14}, IQ: 30]
       [Network #12, Technology = Wifi, Address = 02-06-00:00:00:00:00:0e, { DataRate: 7, SignalStrength: 57, AntiFragility: 4}, IQ: 18]
105s ExecutionModule:Run(): Decision time => Seconds: 0, Miliseconds: 240
105s ExecutionModule:Run(): Handover time => Seconds: 0, Miliseconds: 121
105s ExecutionModule:Run(): Event: Horizontal Handover.
105s DeviceModule:MoveRandom(): New position: (97, 106)
105s DecisionModule:AddNetworkToList(): Network detected
106s DeviceModule:MoveRandom(): New position: (97, 103)
106s DecisionModule:RemoveNetworkFromList(): Network: 17 out of range!
107s DeviceModule:MoveRandom(): New position: (94, 103)
107s DecisionModule:AddNetworkToList(): Network detected
108s DeviceModule:MoveRandom(): New position: (94, 100)
109s DeviceModule:MoveRandom(): New position: (97, 100)
110s DeviceModule:MoveRandom(): New position: (94, 100)
111s DeviceModule:MoveRandom(): New position: (94, 97)
112s DeviceModule:MoveRandom(): New position: (97, 97)
113s DeviceModule:MoveRandom(): New position: (97, 94)
114s DeviceModule:MoveRandom(): New position: (97, 97)
115s DeviceModule:MoveRandom(): New position: (97, 94)
116s DeviceModule:MoveRandom(): New position: (94, 94)
117s DeviceModule:MoveRandom(): New position: (94, 91)
118s DeviceModule:MoveRandom(): New position: (94, 94)
119s DeviceModule:MoveRandom(): New position: (97, 94)
120s DecisionModule:Run(): Run decision
120s DecisionModule:AnalyzingNetworks(): Current Network: 
       [Network #2, Technology = Wifi, Address = 02-06-00:00:00:00:00:04, { DataRate: 91, SignalStrength: 58, AntiFragility: 98}, IQ: 86]
120s DecisionModule:ShowAllNetworks(): All detected networks:
       [Network #2, Technology = Wifi, Address = 02-06-00:00:00:00:00:04, { DataRate: 91, SignalStrength: 58, AntiFragility: 98}, IQ: 86]
       [Network #10, Technology = Wifi, Address = 02-06-00:00:00:00:00:0c, { DataRate: 63, SignalStrength: 99, AntiFragility: 81}, IQ: 81]
       [Network #9, Technology = Wifi, Address = 02-06-00:00:00:00:00:0b, { DataRate: 83, SignalStrength: 31, AntiFragility: 93}, IQ: 75]
       [Network #18, Technology = Wimax, Address = 02-06-00:00:00:00:00:15, { DataRate: 68, SignalStrength: 90, AntiFragility: 67}, IQ: 73]
       [Network #8, Technology = Wifi, Address = 02-06-00:00:00:00:00:0a, { DataRate: 32, SignalStrength: 88, AntiFragility: 64}, IQ: 62]
       [Network #1, Technology = Wifi, Address = 02-06-00:00:00:00:00:03, { DataRate: 56, SignalStrength: 64, AntiFragility: 63}, IQ: 61]
       [Network #6, Technology = Wifi, Address = 02-06-00:00:00:00:00:08, { DataRate: 54, SignalStrength: 44, AntiFragility: 53}, IQ: 51]
       [Network #13, Technology = Wifi, Address = 02-06-00:00:00:00:00:0f, { DataRate: 1, SignalStrength: 9, AntiFragility: 98}, IQ: 51]
       [Network #15, Technology = Wifi, Address = 02-06-00:00:00:00:00:11, { DataRate: 91, SignalStrength: 64, AntiFragility: 24}, IQ: 50]
       [Network #12, Technology = Wifi, Address = 02-06-00:00:00:00:00:0e, { DataRate: 49, SignalStrength: 48, AntiFragility: 40}, IQ: 44]
       [Network #16, Technology = Wifi, Address = 02-06-00:00:00:00:00:12, { DataRate: 8, SignalStrength: 75, AntiFragility: 48}, IQ: 44]
       [Network #7, Technology = Wifi, Address = 02-06-00:00:00:00:00:09, { DataRate: 27, SignalStrength: 51, AntiFragility: 27}, IQ: 33]
       [Network #0, Technology = Wifi, Address = 02-06-00:00:00:00:00:02, { DataRate: 98, SignalStrength: 11, AntiFragility: 8}, IQ: 31]
       [Network #19, Technology = Wimax, Address = 02-06-00:00:00:00:00:16, { DataRate: 21, SignalStrength: 65, AntiFragility: 19}, IQ: 31]
       [Network #4, Technology = Wifi, Address = 02-06-00:00:00:00:00:06, { DataRate: 32, SignalStrength: 29, AntiFragility: 19}, IQ: 24]
120s ExecutionModule:Run(): Decision time => Seconds: 0, Miliseconds: 248
120s ExecutionModule:Run(): Handover time => Seconds: 0, Miliseconds: 122
120s ExecutionModule:Run(): Event: Horizontal Handover.
120s DeviceModule:MoveRandom(): New position: (94, 94)
121s DeviceModule:MoveRandom(): New position: (91, 94)
122s DeviceModule:MoveRandom(): New position: (94, 94)
123s DeviceModule:MoveRandom(): New position: (91, 94)
124s DeviceModule:MoveRandom(): New position: (91, 97)
125s DeviceModule:MoveRandom(): New position: (91, 94)
126s DeviceModule:MoveRandom(): New position: (94, 94)
127s DeviceModule:MoveRandom(): New position: (94, 91)
128s DeviceModule:MoveRandom(): New position: (91, 91)
128s DecisionModule:AddNetworkToList(): Network detected
129s DeviceModule:MoveRandom(): New position: (91, 88)
130s DeviceModule:MoveRandom(): New position: (91, 91)
131s DeviceModule:MoveRandom(): New position: (88, 91)
132s DeviceModule:MoveRandom(): New position: (88, 94)
132s DecisionModule:RemoveNetworkFromList(): Network: 5 out of range!
133s DeviceModule:MoveRandom(): New position: (85, 94)
133s DecisionModule:AddNetworkToList(): Network detected
134s DeviceModule:MoveRandom(): New position: (85, 97)
134s DecisionModule:RemoveNetworkFromList(): Network: 5 out of range!
134s DecisionModule:RemoveNetworkFromList(): Network: 7 out of range!
134s DecisionModule:RemoveNetworkFromList(): Network: 13 out of range!
135s DecisionModule:Run(): Run decision
135s DecisionModule:AnalyzingNetworks(): Current Network: 
       [Network #18, Technology = Wimax, Address = 02-06-00:00:00:00:00:15, { DataRate: 90, SignalStrength: 92, AntiFragility: 94}, IQ: 92]
135s DecisionModule:ShowAllNetworks(): All detected networks:
       [Network #18, Technology = Wimax, Address = 02-06-00:00:00:00:00:15, { DataRate: 90, SignalStrength: 92, AntiFragility: 94}, IQ: 92]
       [Network #15, Technology = Wifi, Address = 02-06-00:00:00:00:00:11, { DataRate: 45, SignalStrength: 75, AntiFragility: 72}, IQ: 66]
       [Network #2, Technology = Wifi, Address = 02-06-00:00:00:00:00:04, { DataRate: 34, SignalStrength: 79, AntiFragility: 70}, IQ: 63]
       [Network #10, Technology = Wifi, Address = 02-06-00:00:00:00:00:0c, { DataRate: 39, SignalStrength: 37, AntiFragility: 74}, IQ: 56]
       [Network #16, Technology = Wifi, Address = 02-06-00:00:00:00:00:12, { DataRate: 78, SignalStrength: 60, AntiFragility: 41}, IQ: 55]
       [Network #8, Technology = Wifi, Address = 02-06-00:00:00:00:00:0a, { DataRate: 38, SignalStrength: 82, AntiFragility: 41}, IQ: 50]
       [Network #0, Technology = Wifi, Address = 02-06-00:00:00:00:00:02, { DataRate: 95, SignalStrength: 39, AntiFragility: 28}, IQ: 47]
       [Network #4, Technology = Wifi, Address = 02-06-00:00:00:00:00:06, { DataRate: 33, SignalStrength: 26, AntiFragility: 57}, IQ: 43]
       [Network #1, Technology = Wifi, Address = 02-06-00:00:00:00:00:03, { DataRate: 37, SignalStrength: 18, AntiFragility: 53}, IQ: 40]
       [Network #19, Technology = Wimax, Address = 02-06-00:00:00:00:00:16, { DataRate: 88, SignalStrength: 33, AntiFragility: 18}, IQ: 39]
       [Network #9, Technology = Wifi, Address = 02-06-00:00:00:00:00:0b, { DataRate: 43, SignalStrength: 93, AntiFragility: 4}, IQ: 36]
       [Network #6, Technology = Wifi, Address = 02-06-00:00:00:00:00:08, { DataRate: 67, SignalStrength: 47, AntiFragility: 16}, IQ: 36]
       [Network #12, Technology = Wifi, Address = 02-06-00:00:00:00:00:0e, { DataRate: 33, SignalStrength: 38, AntiFragility: 7}, IQ: 21]
135s ExecutionModule:Run(): Decision time => Seconds: 0, Miliseconds: 574
135s ExecutionModule:Run(): Handover time => Seconds: 0, Miliseconds: 94
135s ExecutionModule:Run(): Event: Vertical Handover.
135s DeviceModule:MoveRandom(): New position: (82, 97)
135s DecisionModule:AddNetworkToList(): Network detected
136s DeviceModule:MoveRandom(): New position: (79, 97)
136s DecisionModule:AddNetworkToList(): Network detected
137s DeviceModule:MoveRandom(): New position: (76, 97)
138s DeviceModule:MoveRandom(): New position: (76, 100)
139s DeviceModule:MoveRandom(): New position: (76, 97)
140s DeviceModule:MoveRandom(): New position: (76, 100)
141s DeviceModule:MoveRandom(): New position: (73, 100)
141s DecisionModule:AddNetworkToList(): Network detected
142s DeviceModule:MoveRandom(): New position: (73, 97)
142s DecisionModule:RemoveNetworkFromList(): Network: 14 out of range!
143s DeviceModule:MoveRandom(): New position: (76, 97)
144s DeviceModule:MoveRandom(): New position: (73, 97)
145s DeviceModule:MoveRandom(): New position: (73, 94)
146s DeviceModule:MoveRandom(): New position: (76, 94)
147s DeviceModule:MoveRandom(): New position: (79, 94)
148s DeviceModule:MoveRandom(): New position: (76, 94)
149s DeviceModule:MoveRandom(): New position: (76, 91)
150s DecisionModule:Run(): Run decision
150s DecisionModule:AnalyzingNetworks(): Current Network: 
       [Network #15, Technology = Wifi, Address = 02-06-00:00:00:00:00:11, { DataRate: 89, SignalStrength: 97, AntiFragility: 70}, IQ: 81]
150s DecisionModule:ShowAllNetworks(): All detected networks:
       [Network #15, Technology = Wifi, Address = 02-06-00:00:00:00:00:11, { DataRate: 89, SignalStrength: 97, AntiFragility: 70}, IQ: 81]
       [Network #18, Technology = Wimax, Address = 02-06-00:00:00:00:00:15, { DataRate: 52, SignalStrength: 76, AntiFragility: 86}, IQ: 75]
       [Network #11, Technology = Wifi, Address = 02-06-00:00:00:00:00:0d, { DataRate: 37, SignalStrength: 59, AntiFragility: 96}, IQ: 72]
       [Network #8, Technology = Wifi, Address = 02-06-00:00:00:00:00:0a, { DataRate: 83, SignalStrength: 13, AntiFragility: 86}, IQ: 67]
       [Network #16, Technology = Wifi, Address = 02-06-00:00:00:00:00:12, { DataRate: 21, SignalStrength: 48, AntiFragility: 93}, IQ: 63]
       [Network #2, Technology = Wifi, Address = 02-06-00:00:00:00:00:04, { DataRate: 28, SignalStrength: 66, AntiFragility: 77}, IQ: 62]
       [Network #0, Technology = Wifi, Address = 02-06-00:00:00:00:00:02, { DataRate: 39, SignalStrength: 19, AntiFragility: 88}, IQ: 58]
       [Network #12, Technology = Wifi, Address = 02-06-00:00:00:00:00:0e, { DataRate: 99, SignalStrength: 82, AntiFragility: 18}, IQ: 54]
       [Network #4, Technology = Wifi, Address = 02-06-00:00:00:00:00:06, { DataRate: 18, SignalStrength: 6, AntiFragility: 95}, IQ: 53]
       [Network #9, Technology = Wifi, Address = 02-06-00:00:00:00:00:0b, { DataRate: 25, SignalStrength: 82, AntiFragility: 49}, IQ: 51]
       [Network #19, Technology = Wimax, Address = 02-06-00:00:00:00:00:16, { DataRate: 55, SignalStrength: 44, AntiFragility: 44}, IQ: 46]
       [Network #1, Technology = Wifi, Address = 02-06-00:00:00:00:00:03, { DataRate: 7, SignalStrength: 97, AntiFragility: 33}, IQ: 42]
       [Network #5, Technology = Wifi, Address = 02-06-00:00:00:00:00:07, { DataRate: 17, SignalStrength: 66, AntiFragility: 23}, IQ: 32]
       [Network #10, Technology = Wifi, Address = 02-06-00:00:00:00:00:0c, { DataRate: 5, SignalStrength: 20, AntiFragility: 32}, IQ: 22]
       [Network #6, Technology = Wifi, Address = 02-06-00:00:00:00:00:08, { DataRate: 1, SignalStrength: 4, AntiFragility: 38}, IQ: 20]
150s ExecutionModule:Run(): Decision time => Seconds: 0, Miliseconds: 267
150s ExecutionModule:Run(): Handover time => Seconds: 0, Miliseconds: 30
150s ExecutionModule:Run(): Event: Vertical Handover.
150s DeviceModule:MoveRandom(): New position: (79, 91)
151s DeviceModule:MoveRandom(): New position: (82, 91)
151s DecisionModule:AddNetworkToList(): Network detected
152s DeviceModule:MoveRandom(): New position: (82, 94)
152s DecisionModule:RemoveNetworkFromList(): Network: 13 out of range!
153s DeviceModule:MoveRandom(): New position: (85, 94)
153s DecisionModule:AddNetworkToList(): Network detected
153s DecisionModule:RemoveNetworkFromList(): Network: 11 out of range!
153s DecisionModule:AddNetworkToList(): Network detected
154s DeviceModule:MoveRandom(): New position: (85, 97)
154s DecisionModule:RemoveNetworkFromList(): Network: 5 out of range!
154s DecisionModule:RemoveNetworkFromList(): Network: 7 out of range!
154s DecisionModule:RemoveNetworkFromList(): Network: 13 out of range!
155s DeviceModule:MoveRandom(): New position: (85, 94)
155s DecisionModule:AddNetworkToList(): Network detected
155s DecisionModule:AddNetworkToList(): Network detected
155s DecisionModule:AddNetworkToList(): Network detected
156s DeviceModule:MoveRandom(): New position: (85, 91)
156s DecisionModule:AddNetworkToList(): Network detected
157s DeviceModule:MoveRandom(): New position: (82, 91)
157s DecisionModule:RemoveNetworkFromList(): Network: 7 out of range!
158s DeviceModule:MoveRandom(): New position: (82, 94)
158s DecisionModule:RemoveNetworkFromList(): Network: 13 out of range!
159s DeviceModule:MoveRandom(): New position: (82, 97)
159s DecisionModule:RemoveNetworkFromList(): Network: 11 out of range!
160s DeviceModule:MoveRandom(): New position: (82, 100)
160s DecisionModule:RemoveNetworkFromList(): Network: 5 out of range!
161s DeviceModule:MoveRandom(): New position: (85, 100)
162s DeviceModule:MoveRandom(): New position: (82, 100)
163s DeviceModule:MoveRandom(): New position: (82, 97)
163s DecisionModule:AddNetworkToList(): Network detected
164s DeviceModule:MoveRandom(): New position: (79, 97)
164s DecisionModule:AddNetworkToList(): Network detected
165s DecisionModule:Run(): Run decision
165s DecisionModule:AnalyzingNetworks(): Current Network: 
       [Network #16, Technology = Wifi, Address = 02-06-00:00:00:00:00:12, { DataRate: 81, SignalStrength: 48, AntiFragility: 90}, IQ: 77]
165s DecisionModule:ShowAllNetworks(): All detected networks:
       [Network #16, Technology = Wifi, Address = 02-06-00:00:00:00:00:12, { DataRate: 81, SignalStrength: 48, AntiFragility: 90}, IQ: 77]
       [Network #9, Technology = Wifi, Address = 02-06-00:00:00:00:00:0b, { DataRate: 60, SignalStrength: 96, AntiFragility: 61}, IQ: 69]
       [Network #11, Technology = Wifi, Address = 02-06-00:00:00:00:00:0d, { DataRate: 89, SignalStrength: 61, AntiFragility: 51}, IQ: 63]
       [Network #10, Technology = Wifi, Address = 02-06-00:00:00:00:00:0c, { DataRate: 18, SignalStrength: 97, AntiFragility: 51}, IQ: 54]
       [Network #6, Technology = Wifi, Address = 02-06-00:00:00:00:00:08, { DataRate: 53, SignalStrength: 15, AntiFragility: 75}, IQ: 54]
       [Network #19, Technology = Wimax, Address = 02-06-00:00:00:00:00:16, { DataRate: 37, SignalStrength: 82, AntiFragility: 44}, IQ: 51]
       [Network #1, Technology = Wifi, Address = 02-06-00:00:00:00:00:03, { DataRate: 17, SignalStrength: 30, AntiFragility: 76}, IQ: 49]
       [Network #18, Technology = Wimax, Address = 02-06-00:00:00:00:00:15, { DataRate: 80, SignalStrength: 48, AntiFragility: 31}, IQ: 47]
       [Network #12, Technology = Wifi, Address = 02-06-00:00:00:00:00:0e, { DataRate: 73, SignalStrength: 38, AntiFragility: 37}, IQ: 46]
       [Network #4, Technology = Wifi, Address = 02-06-00:00:00:00:00:06, { DataRate: 52, SignalStrength: 91, AntiFragility: 13}, IQ: 42]
       [Network #2, Technology = Wifi, Address = 02-06-00:00:00:00:00:04, { DataRate: 20, SignalStrength: 6, AntiFragility: 67}, IQ: 40]
       [Network #0, Technology = Wifi, Address = 02-06-00:00:00:00:00:02, { DataRate: 69, SignalStrength: 78, AntiFragility: 8}, IQ: 40]
       [Network #5, Technology = Wifi, Address = 02-06-00:00:00:00:00:07, { DataRate: 71, SignalStrength: 19, AntiFragility: 18}, IQ: 31]
       [Network #15, Technology = Wifi, Address = 02-06-00:00:00:00:00:11, { DataRate: 25, SignalStrength: 34, AntiFragility: 31}, IQ: 30]
       [Network #8, Technology = Wifi, Address = 02-06-00:00:00:00:00:0a, { DataRate: 15, SignalStrength: 18, AntiFragility: 21}, IQ: 18]
165s ExecutionModule:Run(): Decision time => Seconds: 0, Miliseconds: 269
165s ExecutionModule:Run(): Handover time => Seconds: 0, Miliseconds: 123
165s ExecutionModule:Run(): Event: Horizontal Handover.
165s DeviceModule:MoveRandom(): New position: (82, 97)
165s DecisionModule:RemoveNetworkFromList(): Network: 11 out of range!
166s DeviceModule:MoveRandom(): New position: (79, 97)
166s DecisionModule:AddNetworkToList(): Network detected
167s DeviceModule:MoveRandom(): New position: (79, 100)
167s DecisionModule:RemoveNetworkFromList(): Network: 5 out of range!
167s DecisionModule:RemoveNetworkFromList(): Network: 11 out of range!
168s DeviceModule:MoveRandom(): New position: (82, 100)
169s DeviceModule:MoveRandom(): New position: (82, 103)
170s DeviceModule:MoveRandom(): New position: (85, 103)
171s DeviceModule:MoveRandom(): New position: (85, 100)
172s DeviceModule:MoveRandom(): New position: (85, 103)
173s DeviceModule:MoveRandom(): New position: (85, 100)
174s DeviceModule:MoveRandom(): New position: (85, 97)
175s DeviceModule:MoveRandom(): New position: (85, 94)
175s DecisionModule:AddNetworkToList(): Network detected
175s DecisionModule:AddNetworkToList(): Network detected
175s DecisionModule:AddNetworkToList(): Network detected
176s DeviceModule:MoveRandom(): New position: (82, 94)
176s DecisionModule:RemoveNetworkFromList(): Network: 7 out of range!
176s DecisionModule:AddNetworkToList(): Network detected
176s DecisionModule:RemoveNetworkFromList(): Network: 13 out of range!
177s DeviceModule:MoveRandom(): New position: (82, 91)
177s DecisionModule:AddNetworkToList(): Network detected
178s DeviceModule:MoveRandom(): New position: (82, 88)
178s DecisionModule:AddNetworkToList(): Network detected
179s DeviceModule:MoveRandom(): New position: (82, 91)
179s DecisionModule:RemoveNetworkFromList(): Network: 7 out of range!
180s DecisionModule:Run(): Run decision
180s DecisionModule:AnalyzingNetworks(): Current Network: 
       [Network #1, Technology = Wifi, Address = 02-06-00:00:00:00:00:03, { DataRate: 61, SignalStrength: 89, AntiFragility: 95}, IQ: 85]
180s DecisionModule:ShowAllNetworks(): All detected networks:
       [Network #1, Technology = Wifi, Address = 02-06-00:00:00:00:00:03, { DataRate: 61, SignalStrength: 89, AntiFragility: 95}, IQ: 85]
       [Network #19, Technology = Wimax, Address = 02-06-00:00:00:00:00:16, { DataRate: 94, SignalStrength: 65, AntiFragility: 88}, IQ: 83]
       [Network #16, Technology = Wifi, Address = 02-06-00:00:00:00:00:12, { DataRate: 10, SignalStrength: 92, AntiFragility: 97}, IQ: 74]
       [Network #4, Technology = Wifi, Address = 02-06-00:00:00:00:00:06, { DataRate: 35, SignalStrength: 37, AntiFragility: 91}, IQ: 63]
       [Network #13, Technology = Wifi, Address = 02-06-00:00:00:00:00:0f, { DataRate: 99, SignalStrength: 91, AntiFragility: 30}, IQ: 62]
       [Network #15, Technology = Wifi, Address = 02-06-00:00:00:00:00:11, { DataRate: 51, SignalStrength: 11, AntiFragility: 91}, IQ: 61]
       [Network #12, Technology = Wifi, Address = 02-06-00:00:00:00:00:0e, { DataRate: 78, SignalStrength: 21, AntiFragility: 59}, IQ: 54]
       [Network #8, Technology = Wifi, Address = 02-06-00:00:00:00:00:0a, { DataRate: 84, SignalStrength: 1, AntiFragility: 58}, IQ: 50]
       [Network #5, Technology = Wifi, Address = 02-06-00:00:00:00:00:07, { DataRate: 5, SignalStrength: 71, AntiFragility: 58}, IQ: 48]
       [Network #0, Technology = Wifi, Address = 02-06-00:00:00:00:00:02, { DataRate: 26, SignalStrength: 53, AntiFragility: 55}, IQ: 47]
       [Network #9, Technology = Wifi, Address = 02-06-00:00:00:00:00:0b, { DataRate: 53, SignalStrength: 73, AntiFragility: 14}, IQ: 38]
       [Network #6, Technology = Wifi, Address = 02-06-00:00:00:00:00:08, { DataRate: 26, SignalStrength: 64, AntiFragility: 31}, IQ: 38]
       [Network #2, Technology = Wifi, Address = 02-06-00:00:00:00:00:04, { DataRate: 34, SignalStrength: 86, AntiFragility: 2}, IQ: 31]
       [Network #11, Technology = Wifi, Address = 02-06-00:00:00:00:00:0d, { DataRate: 35, SignalStrength: 3, AntiFragility: 36}, IQ: 27]
       [Network #10, Technology = Wifi, Address = 02-06-00:00:00:00:00:0c, { DataRate: 14, SignalStrength: 30, AntiFragility: 8}, IQ: 15]
       [Network #18, Technology = Wimax, Address = 02-06-00:00:00:00:00:15, { DataRate: 18, SignalStrength: 22, AntiFragility: 8}, IQ: 14]
180s ExecutionModule:Run(): Decision time => Seconds: 0, Miliseconds: 274
180s ExecutionModule:Run(): Handover time => Seconds: 0, Miliseconds: 123
180s ExecutionModule:Run(): Event: Horizontal Handover.
180s DeviceModule:MoveRandom(): New position: (85, 91)
180s DecisionModule:AddNetworkToList(): Network detected
181s DeviceModule:MoveRandom(): New position: (88, 91)
181s DecisionModule:RemoveNetworkFromList(): Network: 11 out of range!
182s DeviceModule:MoveRandom(): New position: (91, 91)
183s DeviceModule:MoveRandom(): New position: (91, 94)
183s DecisionModule:RemoveNetworkFromList(): Network: 5 out of range!
184s DeviceModule:MoveRandom(): New position: (91, 91)
184s DecisionModule:AddNetworkToList(): Network detected
185s DeviceModule:MoveRandom(): New position: (94, 91)
185s DecisionModule:RemoveNetworkFromList(): Network: 5 out of range!
186s DeviceModule:MoveRandom(): New position: (94, 88)
186s DecisionModule:AddNetworkToList(): Network detected
187s DeviceModule:MoveRandom(): New position: (91, 88)
188s DeviceModule:MoveRandom(): New position: (88, 88)
188s DecisionModule:AddNetworkToList(): Network detected
189s DeviceModule:MoveRandom(): New position: (88, 85)
190s DeviceModule:MoveRandom(): New position: (88, 82)
191s DeviceModule:MoveRandom(): New position: (88, 79)
192s DeviceModule:MoveRandom(): New position: (91, 79)
193s DeviceModule:MoveRandom(): New position: (94, 79)
194s DeviceModule:MoveRandom(): New position: (94, 76)
195s DecisionModule:Run(): Run decision
195s DecisionModule:AnalyzingNetworks(): Current Network: 
       [Network #5, Technology = Wifi, Address = 02-06-00:00:00:00:00:07, { DataRate: 60, SignalStrength: 99, AntiFragility: 78}, IQ: 78]
195s DecisionModule:ShowAllNetworks(): All detected networks:
       [Network #5, Technology = Wifi, Address = 02-06-00:00:00:00:00:07, { DataRate: 60, SignalStrength: 99, AntiFragility: 78}, IQ: 78]
       [Network #2, Technology = Wifi, Address = 02-06-00:00:00:00:00:04, { DataRate: 92, SignalStrength: 63, AntiFragility: 68}, IQ: 72]
       [Network #12, Technology = Wifi, Address = 02-06-00:00:00:00:00:0e, { DataRate: 91, SignalStrength: 98, AntiFragility: 44}, IQ: 69]
       [Network #8, Technology = Wifi, Address = 02-06-00:00:00:00:00:0a, { DataRate: 96, SignalStrength: 81, AntiFragility: 33}, IQ: 60]
       [Network #19, Technology = Wimax, Address = 02-06-00:00:00:00:00:16, { DataRate: 24, SignalStrength: 51, AntiFragility: 84}, IQ: 60]
       [Network #10, Technology = Wifi, Address = 02-06-00:00:00:00:00:0c, { DataRate: 43, SignalStrength: 44, AntiFragility: 77}, IQ: 60]
       [Network #13, Technology = Wifi, Address = 02-06-00:00:00:00:00:0f, { DataRate: 97, SignalStrength: 81, AntiFragility: 26}, IQ: 57]
       [Network #16, Technology = Wifi, Address = 02-06-00:00:00:00:00:12, { DataRate: 56, SignalStrength: 33, AntiFragility: 67}, IQ: 55]
       [Network #15, Technology = Wifi, Address = 02-06-00:00:00:00:00:11, { DataRate: 64, SignalStrength: 55, AntiFragility: 48}, IQ: 53]
       [Network #6, Technology = Wifi, Address = 02-06-00:00:00:00:00:08, { DataRate: 36, SignalStrength: 77, AntiFragility: 49}, IQ: 52]
       [Network #18, Technology = Wimax, Address = 02-06-00:00:00:00:00:15, { DataRate: 16, SignalStrength: 56, AntiFragility: 64}, IQ: 50]
       [Network #0, Technology = Wifi, Address = 02-06-00:00:00:00:00:02, { DataRate: 43, SignalStrength: 95, AntiFragility: 25}, IQ: 47]
       [Network #9, Technology = Wifi, Address = 02-06-00:00:00:00:00:0b, { DataRate: 12, SignalStrength: 26, AntiFragility: 65}, IQ: 42]
       [Network #7, Technology = Wifi, Address = 02-06-00:00:00:00:00:09, { DataRate: 46, SignalStrength: 10, AntiFragility: 51}, IQ: 39]
       [Network #11, Technology = Wifi, Address = 02-06-00:00:00:00:00:0d, { DataRate: 3, SignalStrength: 97, AntiFragility: 22}, IQ: 36]
       [Network #4, Technology = Wifi, Address = 02-06-00:00:00:00:00:06, { DataRate: 1, SignalStrength: 47, AntiFragility: 30}, IQ: 27]
       [Network #1, Technology = Wifi, Address = 02-06-00:00:00:00:00:03, { DataRate: 34, SignalStrength: 31, AntiFragility: 12}, IQ: 22]
195s ExecutionModule:Run(): Decision time => Seconds: 0, Miliseconds: 284
195s ExecutionModule:Run(): Handover time => Seconds: 0, Miliseconds: 124
195s ExecutionModule:Run(): Event: Horizontal Handover.
195s DeviceModule:MoveRandom(): New position: (94, 79)
196s DeviceModule:MoveRandom(): New position: (97, 79)
196s DecisionModule:RemoveNetworkFromList(): Network: 11 out of range!
197s DeviceModule:MoveRandom(): New position: (97, 76)
197s DecisionModule:AddNetworkToList(): Network detected
198s DeviceModule:MoveRandom(): New position: (97, 79)
198s DecisionModule:RemoveNetworkFromList(): Network: 11 out of range!
199s DeviceModule:MoveRandom(): New position: (94, 79)
199s DecisionModule:AddNetworkToList(): Network detected
