Waf: Entering directory `/home/renan/Documents/NR2/ns-allinone-3.20/ns-3.20/build'
Waf: Leaving directory `/home/renan/Documents/NR2/ns-allinone-3.20/ns-3.20/build'
'build' finished successfully (1.787s)
0s NetworkModule:SetPosition(): Network 0 set position => (86, 49)
0s NetworkModule:SetRange(): Network 0 set range => 100
0s NetworkModule:SetPosition(): Network 1 set position => (20, 139)
0s NetworkModule:SetRange(): Network 1 set range => 100
0s NetworkModule:SetPosition(): Network 2 set position => (105, 196)
0s NetworkModule:SetRange(): Network 2 set range => 100
0s NetworkModule:SetPosition(): Network 3 set position => (8, 142)
0s NetworkModule:SetRange(): Network 3 set range => 100
0s NetworkModule:SetPosition(): Network 4 set position => (114, 108)
0s NetworkModule:SetRange(): Network 4 set range => 100
0s NetworkModule:SetPosition(): Network 5 set position => (108, 47)
0s NetworkModule:SetRange(): Network 5 set range => 100
0s NetworkModule:SetPosition(): Network 6 set position => (113, 41)
0s NetworkModule:SetRange(): Network 6 set range => 100
0s NetworkModule:SetPosition(): Network 7 set position => (74, 140)
0s NetworkModule:SetRange(): Network 7 set range => 100
0s NetworkModule:SetPosition(): Network 8 set position => (142, 186)
0s NetworkModule:SetRange(): Network 8 set range => 100
0s NetworkModule:SetPosition(): Network 9 set position => (97, 97)
0s NetworkModule:SetRange(): Network 9 set range => 100
0s NetworkModule:SetPosition(): Network 10 set position => (98, 107)
0s NetworkModule:SetRange(): Network 10 set range => 100
0s NetworkModule:SetPosition(): Network 11 set position => (198, 113)
0s NetworkModule:SetRange(): Network 11 set range => 100
0s NetworkModule:SetPosition(): Network 12 set position => (176, 163)
0s NetworkModule:SetRange(): Network 12 set range => 100
0s NetworkModule:SetPosition(): Network 13 set position => (7, 18)
0s NetworkModule:SetRange(): Network 13 set range => 100
0s NetworkModule:SetPosition(): Network 14 set position => (166, 139)
0s NetworkModule:SetRange(): Network 14 set range => 100
0s NetworkModule:SetPosition(): Network 15 set position => (140, 153)
0s NetworkModule:SetRange(): Network 15 set range => 100
0s NetworkModule:SetPosition(): Network 16 set position => (93, 53)
0s NetworkModule:SetRange(): Network 16 set range => 100
0s NetworkModule:SetPosition(): Network 17 set position => (1, 161)
0s NetworkModule:SetRange(): Network 17 set range => 100
0s NetworkModule:SetPosition(): Network 18 set position => (55, 198)
0s NetworkModule:SetRange(): Network 18 set range => 100
0s NetworkModule:SetPosition(): Network 19 set position => (58, 161)
0s NetworkModule:SetRange(): Network 19 set range => 100
0s DeviceModule:ConfigureMobility(): Device [init x = 100, init y = 100, max = 200, velocity = 3]
1s DeviceModule:MoveRandom(): New position: (100, 97)
1s DecisionModule:AddNetworkToList(): Network detected
1s DecisionModule:AddNetworkToList(): Network detected
1s DecisionModule:AddNetworkToList(): Network detected
1s DecisionModule:AddNetworkToList(): Network detected
1s DecisionModule:AddNetworkToList(): Network detected
1s DecisionModule:AddNetworkToList(): Network detected
1s DecisionModule:AddNetworkToList(): Network detected
1s DecisionModule:AddNetworkToList(): Network detected
1s DecisionModule:AddNetworkToList(): Network detected
1s DecisionModule:AddNetworkToList(): Network detected
1s DecisionModule:AddNetworkToList(): Network detected
1s DecisionModule:AddNetworkToList(): Network detected
1s DecisionModule:AddNetworkToList(): Network detected
1s DecisionModule:AddNetworkToList(): Network detected
1s DecisionModule:AddNetworkToList(): Network detected
1s DecisionModule:AddNetworkToList(): Network detected
2s DeviceModule:MoveRandom(): New position: (100, 100)
3s DeviceModule:MoveRandom(): New position: (100, 103)
3s DecisionModule:AddNetworkToList(): Network detected
4s DeviceModule:MoveRandom(): New position: (100, 100)
4s DecisionModule:RemoveNetworkFromList(): Network: 3 out of range!
5s DeviceModule:MoveRandom(): New position: (103, 100)
6s DeviceModule:MoveRandom(): New position: (103, 97)
7s DeviceModule:MoveRandom(): New position: (106, 97)
8s DeviceModule:MoveRandom(): New position: (106, 94)
8s DecisionModule:RemoveNetworkFromList(): Network: 2 out of range!
9s DeviceModule:MoveRandom(): New position: (106, 91)
9s DecisionModule:RemoveNetworkFromList(): Network: 8 out of range!
10s DeviceModule:MoveRandom(): New position: (103, 91)
10s DecisionModule:RemoveNetworkFromList(): Network: 12 out of range!
11s DeviceModule:MoveRandom(): New position: (106, 91)
11s DecisionModule:AddNetworkToList(): Network detected
12s DeviceModule:MoveRandom(): New position: (106, 94)
12s DecisionModule:AddNetworkToList(): Network detected
13s DeviceModule:MoveRandom(): New position: (103, 94)
14s DeviceModule:MoveRandom(): New position: (106, 94)
15s DecisionModule:Run(): Run decision
15s DecisionModule:AnalyzingNetworks(): Current Network: 
       [Network #1, Technology = Wifi, Address = 02-06-00:00:00:00:00:03, { DataRate: 99, SignalStrength: 89, AntiFragility: 84}, IQ: 89]
15s DecisionModule:ShowAllNetworks(): All detected networks:
       [Network #1, Technology = Wifi, Address = 02-06-00:00:00:00:00:03, { DataRate: 99, SignalStrength: 89, AntiFragility: 84}, IQ: 89]
       [Network #10, Technology = Wifi, Address = 02-06-00:00:00:00:00:0c, { DataRate: 93, SignalStrength: 87, AntiFragility: 80}, IQ: 85]
       [Network #15, Technology = Wifi, Address = 02-06-00:00:00:00:00:11, { DataRate: 62, SignalStrength: 74, AntiFragility: 96}, IQ: 82]
       [Network #6, Technology = Wifi, Address = 02-06-00:00:00:00:00:08, { DataRate: 40, SignalStrength: 98, AntiFragility: 79}, IQ: 74]
       [Network #16, Technology = Wifi, Address = 02-06-00:00:00:00:00:12, { DataRate: 26, SignalStrength: 34, AntiFragility: 79}, IQ: 54]
       [Network #8, Technology = Wifi, Address = 02-06-00:00:00:00:00:0a, { DataRate: 47, SignalStrength: 15, AntiFragility: 74}, IQ: 52]
       [Network #7, Technology = Wifi, Address = 02-06-00:00:00:00:00:09, { DataRate: 92, SignalStrength: 28, AntiFragility: 42}, IQ: 51]
       [Network #9, Technology = Wifi, Address = 02-06-00:00:00:00:00:0b, { DataRate: 47, SignalStrength: 81, AntiFragility: 36}, IQ: 50]
       [Network #14, Technology = Wifi, Address = 02-06-00:00:00:00:00:10, { DataRate: 51, SignalStrength: 29, AntiFragility: 61}, IQ: 50]
       [Network #4, Technology = Wifi, Address = 02-06-00:00:00:00:00:06, { DataRate: 48, SignalStrength: 73, AntiFragility: 40}, IQ: 50]
       [Network #19, Technology = Wimax, Address = 02-06-00:00:00:00:00:16, { DataRate: 65, SignalStrength: 19, AntiFragility: 54}, IQ: 48]
       [Network #0, Technology = Wifi, Address = 02-06-00:00:00:00:00:02, { DataRate: 64, SignalStrength: 28, AntiFragility: 51}, IQ: 48]
       [Network #11, Technology = Wifi, Address = 02-06-00:00:00:00:00:0d, { DataRate: 34, SignalStrength: 38, AntiFragility: 45}, IQ: 40]
       [Network #5, Technology = Wifi, Address = 02-06-00:00:00:00:00:07, { DataRate: 13, SignalStrength: 39, AntiFragility: 42}, IQ: 34]
       [Network #12, Technology = Wifi, Address = 02-06-00:00:00:00:00:0e, { DataRate: 22, SignalStrength: 21, AntiFragility: 9}, IQ: 15]
15s DeviceModule:MoveRandom(): New position: (106, 97)
15s DecisionModule:AddNetworkToList(): Network detected
16s DeviceModule:MoveRandom(): New position: (103, 97)
17s DeviceModule:MoveRandom(): New position: (100, 97)
18s DeviceModule:MoveRandom(): New position: (100, 100)
19s DeviceModule:MoveRandom(): New position: (97, 100)
19s DecisionModule:AddNetworkToList(): Network detected
19s DecisionModule:RemoveNetworkFromList(): Network: 11 out of range!
19s DecisionModule:RemoveNetworkFromList(): Network: 12 out of range!
20s DeviceModule:MoveRandom(): New position: (94, 100)
21s DeviceModule:MoveRandom(): New position: (94, 97)
21s DecisionModule:RemoveNetworkFromList(): Network: 8 out of range!
22s DeviceModule:MoveRandom(): New position: (97, 97)
22s DecisionModule:AddNetworkToList(): Network detected
23s DeviceModule:MoveRandom(): New position: (100, 97)
23s DecisionModule:RemoveNetworkFromList(): Network: 3 out of range!
23s DecisionModule:AddNetworkToList(): Network detected
23s DecisionModule:AddNetworkToList(): Network detected
24s DeviceModule:MoveRandom(): New position: (103, 97)
25s DeviceModule:MoveRandom(): New position: (100, 97)
26s DeviceModule:MoveRandom(): New position: (97, 97)
26s DecisionModule:AddNetworkToList(): Network detected
26s DecisionModule:RemoveNetworkFromList(): Network: 11 out of range!
26s DecisionModule:RemoveNetworkFromList(): Network: 12 out of range!
27s DeviceModule:MoveRandom(): New position: (94, 97)
27s DecisionModule:RemoveNetworkFromList(): Network: 8 out of range!
28s DeviceModule:MoveRandom(): New position: (94, 100)
28s DecisionModule:AddNetworkToList(): Network detected
29s DeviceModule:MoveRandom(): New position: (94, 103)
30s DecisionModule:Run(): Run decision
30s DecisionModule:AnalyzingNetworks(): Current Network: 
       [Network #0, Technology = Wifi, Address = 02-06-00:00:00:00:00:02, { DataRate: 66, SignalStrength: 63, AntiFragility: 81}, IQ: 72]
30s DecisionModule:ShowAllNetworks(): All detected networks:
       [Network #0, Technology = Wifi, Address = 02-06-00:00:00:00:00:02, { DataRate: 66, SignalStrength: 63, AntiFragility: 81}, IQ: 72]
       [Network #16, Technology = Wifi, Address = 02-06-00:00:00:00:00:12, { DataRate: 70, SignalStrength: 58, AntiFragility: 64}, IQ: 64]
       [Network #15, Technology = Wifi, Address = 02-06-00:00:00:00:00:11, { DataRate: 5, SignalStrength: 61, AntiFragility: 92}, IQ: 62]
       [Network #9, Technology = Wifi, Address = 02-06-00:00:00:00:00:0b, { DataRate: 56, SignalStrength: 80, AntiFragility: 57}, IQ: 62]
       [Network #8, Technology = Wifi, Address = 02-06-00:00:00:00:00:0a, { DataRate: 87, SignalStrength: 1, AntiFragility: 66}, IQ: 55]
       [Network #2, Technology = Wifi, Address = 02-06-00:00:00:00:00:04, { DataRate: 67, SignalStrength: 37, AntiFragility: 42}, IQ: 47]
       [Network #4, Technology = Wifi, Address = 02-06-00:00:00:00:00:06, { DataRate: 36, SignalStrength: 26, AntiFragility: 64}, IQ: 47]
       [Network #19, Technology = Wimax, Address = 02-06-00:00:00:00:00:16, { DataRate: 86, SignalStrength: 38, AntiFragility: 21}, IQ: 41]
       [Network #3, Technology = Wifi, Address = 02-06-00:00:00:00:00:05, { DataRate: 24, SignalStrength: 77, AntiFragility: 25}, IQ: 37]
       [Network #1, Technology = Wifi, Address = 02-06-00:00:00:00:00:03, { DataRate: 21, SignalStrength: 60, AntiFragility: 21}, IQ: 30]
       [Network #6, Technology = Wifi, Address = 02-06-00:00:00:00:00:08, { DataRate: 41, SignalStrength: 14, AntiFragility: 25}, IQ: 26]
       [Network #14, Technology = Wifi, Address = 02-06-00:00:00:00:00:10, { DataRate: 49, SignalStrength: 22, AntiFragility: 17}, IQ: 26]
       [Network #7, Technology = Wifi, Address = 02-06-00:00:00:00:00:09, { DataRate: 20, SignalStrength: 4, AntiFragility: 29}, IQ: 20]
       [Network #5, Technology = Wifi, Address = 02-06-00:00:00:00:00:07, { DataRate: 17, SignalStrength: 43, AntiFragility: 2}, IQ: 16]
       [Network #10, Technology = Wifi, Address = 02-06-00:00:00:00:00:0c, { DataRate: 28, SignalStrength: 25, AntiFragility: 7}, IQ: 16]
30s ExecutionModule:Run(): Decision time => Seconds: 0, Miliseconds: 248
30s ExecutionModule:Run(): Handover time => Seconds: 0, Miliseconds: 179
30s ExecutionModule:Run(): Event: Horizontal Handover.
30s DeviceModule:MoveRandom(): New position: (94, 100)
31s DeviceModule:MoveRandom(): New position: (97, 100)
32s DeviceModule:MoveRandom(): New position: (97, 97)
33s DeviceModule:MoveRandom(): New position: (97, 100)
34s DeviceModule:MoveRandom(): New position: (97, 103)
34s DecisionModule:AddNetworkToList(): Network detected
35s DeviceModule:MoveRandom(): New position: (97, 100)
35s DecisionModule:RemoveNetworkFromList(): Network: 12 out of range!
36s DeviceModule:MoveRandom(): New position: (94, 100)
37s DeviceModule:MoveRandom(): New position: (94, 97)
37s DecisionModule:RemoveNetworkFromList(): Network: 8 out of range!
38s DeviceModule:MoveRandom(): New position: (94, 100)
38s DecisionModule:AddNetworkToList(): Network detected
39s DeviceModule:MoveRandom(): New position: (94, 97)
39s DecisionModule:RemoveNetworkFromList(): Network: 8 out of range!
40s DeviceModule:MoveRandom(): New position: (94, 94)
40s DecisionModule:RemoveNetworkFromList(): Network: 2 out of range!
41s DeviceModule:MoveRandom(): New position: (94, 97)
41s DecisionModule:AddNetworkToList(): Network detected
42s DeviceModule:MoveRandom(): New position: (94, 94)
42s DecisionModule:RemoveNetworkFromList(): Network: 2 out of range!
43s DeviceModule:MoveRandom(): New position: (91, 94)
44s DeviceModule:MoveRandom(): New position: (94, 94)
45s DecisionModule:Run(): Run decision
45s DecisionModule:AnalyzingNetworks(): Current Network: 
       [Network #6, Technology = Wifi, Address = 02-06-00:00:00:00:00:08, { DataRate: 70, SignalStrength: 79, AntiFragility: 55}, IQ: 64]
45s DecisionModule:ShowAllNetworks(): All detected networks:
       [Network #6, Technology = Wifi, Address = 02-06-00:00:00:00:00:08, { DataRate: 70, SignalStrength: 79, AntiFragility: 55}, IQ: 64]
       [Network #9, Technology = Wifi, Address = 02-06-00:00:00:00:00:0b, { DataRate: 72, SignalStrength: 90, AntiFragility: 39}, IQ: 60]
       [Network #15, Technology = Wifi, Address = 02-06-00:00:00:00:00:11, { DataRate: 97, SignalStrength: 9, AntiFragility: 61}, IQ: 57]
       [Network #0, Technology = Wifi, Address = 02-06-00:00:00:00:00:02, { DataRate: 1, SignalStrength: 96, AntiFragility: 61}, IQ: 54]
       [Network #14, Technology = Wifi, Address = 02-06-00:00:00:00:00:10, { DataRate: 18, SignalStrength: 64, AntiFragility: 66}, IQ: 53]
       [Network #4, Technology = Wifi, Address = 02-06-00:00:00:00:00:06, { DataRate: 72, SignalStrength: 94, AntiFragility: 14}, IQ: 48]
       [Network #19, Technology = Wimax, Address = 02-06-00:00:00:00:00:16, { DataRate: 91, SignalStrength: 30, AntiFragility: 37}, IQ: 48]
       [Network #3, Technology = Wifi, Address = 02-06-00:00:00:00:00:05, { DataRate: 80, SignalStrength: 63, AntiFragility: 11}, IQ: 41]
       [Network #16, Technology = Wifi, Address = 02-06-00:00:00:00:00:12, { DataRate: 11, SignalStrength: 86, AntiFragility: 33}, IQ: 40]
       [Network #10, Technology = Wifi, Address = 02-06-00:00:00:00:00:0c, { DataRate: 52, SignalStrength: 12, AntiFragility: 47}, IQ: 39]
       [Network #5, Technology = Wifi, Address = 02-06-00:00:00:00:00:07, { DataRate: 19, SignalStrength: 26, AntiFragility: 16}, IQ: 19]
       [Network #7, Technology = Wifi, Address = 02-06-00:00:00:00:00:09, { DataRate: 5, SignalStrength: 26, AntiFragility: 16}, IQ: 15]
       [Network #1, Technology = Wifi, Address = 02-06-00:00:00:00:00:03, { DataRate: 7, SignalStrength: 18, AntiFragility: 2}, IQ: 7]
45s ExecutionModule:Run(): Decision time => Seconds: 0, Miliseconds: 236
45s ExecutionModule:Run(): Handover time => Seconds: 0, Miliseconds: 362
45s ExecutionModule:Run(): Event: Horizontal Handover.
45s DeviceModule:MoveRandom(): New position: (94, 91)
46s DeviceModule:MoveRandom(): New position: (94, 94)
47s DeviceModule:MoveRandom(): New position: (91, 94)
48s DeviceModule:MoveRandom(): New position: (94, 94)
49s DeviceModule:MoveRandom(): New position: (94, 91)
50s DeviceModule:MoveRandom(): New position: (91, 91)
51s DeviceModule:MoveRandom(): New position: (94, 91)
52s DeviceModule:MoveRandom(): New position: (94, 94)
53s DeviceModule:MoveRandom(): New position: (91, 94)
54s DeviceModule:MoveRandom(): New position: (91, 91)
55s DeviceModule:MoveRandom(): New position: (91, 94)
56s DeviceModule:MoveRandom(): New position: (91, 91)
57s DeviceModule:MoveRandom(): New position: (88, 91)
58s DeviceModule:MoveRandom(): New position: (85, 91)
59s DeviceModule:MoveRandom(): New position: (85, 88)
60s DecisionModule:Run(): Run decision
60s DecisionModule:AnalyzingNetworks(): Current Network: 
       [Network #9, Technology = Wifi, Address = 02-06-00:00:00:00:00:0b, { DataRate: 45, SignalStrength: 58, AntiFragility: 97}, IQ: 74]
60s DecisionModule:ShowAllNetworks(): All detected networks:
       [Network #9, Technology = Wifi, Address = 02-06-00:00:00:00:00:0b, { DataRate: 45, SignalStrength: 58, AntiFragility: 97}, IQ: 74]
       [Network #3, Technology = Wifi, Address = 02-06-00:00:00:00:00:05, { DataRate: 80, SignalStrength: 53, AntiFragility: 80}, IQ: 73]
       [Network #4, Technology = Wifi, Address = 02-06-00:00:00:00:00:06, { DataRate: 97, SignalStrength: 7, AntiFragility: 85}, IQ: 68]
       [Network #5, Technology = Wifi, Address = 02-06-00:00:00:00:00:07, { DataRate: 24, SignalStrength: 99, AntiFragility: 69}, IQ: 65]
       [Network #14, Technology = Wifi, Address = 02-06-00:00:00:00:00:10, { DataRate: 76, SignalStrength: 78, AntiFragility: 48}, IQ: 62]
       [Network #16, Technology = Wifi, Address = 02-06-00:00:00:00:00:12, { DataRate: 38, SignalStrength: 8, AntiFragility: 97}, IQ: 60]
       [Network #19, Technology = Wimax, Address = 02-06-00:00:00:00:00:16, { DataRate: 78, SignalStrength: 64, AntiFragility: 39}, IQ: 55]
       [Network #6, Technology = Wifi, Address = 02-06-00:00:00:00:00:08, { DataRate: 52, SignalStrength: 14, AntiFragility: 74}, IQ: 53]
       [Network #15, Technology = Wifi, Address = 02-06-00:00:00:00:00:11, { DataRate: 26, SignalStrength: 52, AntiFragility: 53}, IQ: 46]
       [Network #1, Technology = Wifi, Address = 02-06-00:00:00:00:00:03, { DataRate: 96, SignalStrength: 1, AntiFragility: 40}, IQ: 44]
       [Network #7, Technology = Wifi, Address = 02-06-00:00:00:00:00:09, { DataRate: 38, SignalStrength: 96, AntiFragility: 14}, IQ: 40]
       [Network #0, Technology = Wifi, Address = 02-06-00:00:00:00:00:02, { DataRate: 17, SignalStrength: 29, AntiFragility: 37}, IQ: 30]
       [Network #10, Technology = Wifi, Address = 02-06-00:00:00:00:00:0c, { DataRate: 13, SignalStrength: 25, AntiFragility: 16}, IQ: 17]
60s ExecutionModule:Run(): Decision time => Seconds: 0, Miliseconds: 252
60s ExecutionModule:Run(): Handover time => Seconds: 0, Miliseconds: 128
60s ExecutionModule:Run(): Event: Horizontal Handover.
60s DeviceModule:MoveRandom(): New position: (85, 85)
61s DeviceModule:MoveRandom(): New position: (85, 82)
61s DecisionModule:AddNetworkToList(): Network detected
62s DeviceModule:MoveRandom(): New position: (85, 79)
63s DeviceModule:MoveRandom(): New position: (85, 76)
63s DecisionModule:RemoveNetworkFromList(): Network: 3 out of range!
63s DecisionModule:RemoveNetworkFromList(): Network: 14 out of range!
64s DeviceModule:MoveRandom(): New position: (88, 76)
64s DecisionModule:AddNetworkToList(): Network detected
65s DeviceModule:MoveRandom(): New position: (88, 73)
65s DecisionModule:RemoveNetworkFromList(): Network: 14 out of range!
66s DeviceModule:MoveRandom(): New position: (88, 70)
67s DeviceModule:MoveRandom(): New position: (91, 70)
68s DeviceModule:MoveRandom(): New position: (88, 70)
69s DeviceModule:MoveRandom(): New position: (88, 73)
70s DeviceModule:MoveRandom(): New position: (85, 73)
71s DeviceModule:MoveRandom(): New position: (82, 73)
72s DeviceModule:MoveRandom(): New position: (79, 73)
72s DecisionModule:AddNetworkToList(): Network detected
73s DeviceModule:MoveRandom(): New position: (79, 76)
74s DeviceModule:MoveRandom(): New position: (79, 79)
75s DecisionModule:Run(): Run decision
75s DecisionModule:AnalyzingNetworks(): Current Network: 
       [Network #13, Technology = Wifi, Address = 02-06-00:00:00:00:00:0f, { DataRate: 57, SignalStrength: 83, AntiFragility: 70}, IQ: 70]
75s DecisionModule:ShowAllNetworks(): All detected networks:
       [Network #13, Technology = Wifi, Address = 02-06-00:00:00:00:00:0f, { DataRate: 57, SignalStrength: 83, AntiFragility: 70}, IQ: 70]
       [Network #6, Technology = Wifi, Address = 02-06-00:00:00:00:00:08, { DataRate: 80, SignalStrength: 9, AntiFragility: 91}, IQ: 67]
       [Network #5, Technology = Wifi, Address = 02-06-00:00:00:00:00:07, { DataRate: 89, SignalStrength: 63, AntiFragility: 54}, IQ: 65]
       [Network #4, Technology = Wifi, Address = 02-06-00:00:00:00:00:06, { DataRate: 30, SignalStrength: 90, AntiFragility: 64}, IQ: 62]
       [Network #10, Technology = Wifi, Address = 02-06-00:00:00:00:00:0c, { DataRate: 39, SignalStrength: 70, AntiFragility: 61}, IQ: 57]
       [Network #15, Technology = Wifi, Address = 02-06-00:00:00:00:00:11, { DataRate: 4, SignalStrength: 36, AntiFragility: 94}, IQ: 57]
       [Network #0, Technology = Wifi, Address = 02-06-00:00:00:00:00:02, { DataRate: 82, SignalStrength: 52, AntiFragility: 40}, IQ: 53]
       [Network #9, Technology = Wifi, Address = 02-06-00:00:00:00:00:0b, { DataRate: 87, SignalStrength: 95, AntiFragility: 11}, IQ: 51]
       [Network #19, Technology = Wimax, Address = 02-06-00:00:00:00:00:16, { DataRate: 15, SignalStrength: 26, AntiFragility: 82}, IQ: 51]
       [Network #1, Technology = Wifi, Address = 02-06-00:00:00:00:00:03, { DataRate: 89, SignalStrength: 19, AntiFragility: 43}, IQ: 48]
       [Network #7, Technology = Wifi, Address = 02-06-00:00:00:00:00:09, { DataRate: 34, SignalStrength: 82, AntiFragility: 30}, IQ: 44]
       [Network #16, Technology = Wifi, Address = 02-06-00:00:00:00:00:12, { DataRate: 58, SignalStrength: 88, AntiFragility: 16}, IQ: 44]
       [Network #3, Technology = Wifi, Address = 02-06-00:00:00:00:00:05, { DataRate: 65, SignalStrength: 16, AntiFragility: 22}, IQ: 31]
75s ExecutionModule:Run(): Decision time => Seconds: 0, Miliseconds: 253
75s ExecutionModule:Run(): Handover time => Seconds: 0, Miliseconds: 121
75s ExecutionModule:Run(): Event: Horizontal Handover.
75s DeviceModule:MoveRandom(): New position: (79, 76)
76s DeviceModule:MoveRandom(): New position: (79, 79)
77s DeviceModule:MoveRandom(): New position: (79, 82)
78s DeviceModule:MoveRandom(): New position: (79, 85)
79s DeviceModule:MoveRandom(): New position: (76, 85)
80s DeviceModule:MoveRandom(): New position: (76, 88)
81s DeviceModule:MoveRandom(): New position: (73, 88)
82s DeviceModule:MoveRandom(): New position: (70, 88)
82s DecisionModule:AddNetworkToList(): Network detected
83s DeviceModule:MoveRandom(): New position: (67, 88)
84s DeviceModule:MoveRandom(): New position: (67, 85)
85s DeviceModule:MoveRandom(): New position: (67, 88)
86s DeviceModule:MoveRandom(): New position: (70, 88)
87s DeviceModule:MoveRandom(): New position: (70, 85)
87s DecisionModule:RemoveNetworkFromList(): Network: 17 out of range!
88s DeviceModule:MoveRandom(): New position: (70, 88)
88s DecisionModule:AddNetworkToList(): Network detected
89s DeviceModule:MoveRandom(): New position: (73, 88)
89s DecisionModule:RemoveNetworkFromList(): Network: 17 out of range!
90s DecisionModule:Run(): Run decision
90s DecisionModule:AnalyzingNetworks(): Current Network: 
       [Network #9, Technology = Wifi, Address = 02-06-00:00:00:00:00:0b, { DataRate: 93, SignalStrength: 92, AntiFragility: 60}, IQ: 76]
90s DecisionModule:ShowAllNetworks(): All detected networks:
       [Network #9, Technology = Wifi, Address = 02-06-00:00:00:00:00:0b, { DataRate: 93, SignalStrength: 92, AntiFragility: 60}, IQ: 76]
       [Network #15, Technology = Wifi, Address = 02-06-00:00:00:00:00:11, { DataRate: 64, SignalStrength: 94, AntiFragility: 66}, IQ: 72]
       [Network #7, Technology = Wifi, Address = 02-06-00:00:00:00:00:09, { DataRate: 48, SignalStrength: 90, AntiFragility: 73}, IQ: 71]
       [Network #10, Technology = Wifi, Address = 02-06-00:00:00:00:00:0c, { DataRate: 69, SignalStrength: 9, AntiFragility: 77}, IQ: 58]
       [Network #16, Technology = Wifi, Address = 02-06-00:00:00:00:00:12, { DataRate: 16, SignalStrength: 32, AntiFragility: 82}, IQ: 53]
       [Network #0, Technology = Wifi, Address = 02-06-00:00:00:00:00:02, { DataRate: 16, SignalStrength: 22, AntiFragility: 66}, IQ: 42]
       [Network #13, Technology = Wifi, Address = 02-06-00:00:00:00:00:0f, { DataRate: 44, SignalStrength: 84, AntiFragility: 20}, IQ: 42]
       [Network #4, Technology = Wifi, Address = 02-06-00:00:00:00:00:06, { DataRate: 19, SignalStrength: 45, AntiFragility: 48}, IQ: 40]
       [Network #5, Technology = Wifi, Address = 02-06-00:00:00:00:00:07, { DataRate: 4, SignalStrength: 89, AntiFragility: 20}, IQ: 33]
       [Network #19, Technology = Wimax, Address = 02-06-00:00:00:00:00:16, { DataRate: 31, SignalStrength: 84, AntiFragility: 3}, IQ: 30]
       [Network #1, Technology = Wifi, Address = 02-06-00:00:00:00:00:03, { DataRate: 4, SignalStrength: 6, AntiFragility: 53}, IQ: 29]
       [Network #3, Technology = Wifi, Address = 02-06-00:00:00:00:00:05, { DataRate: 20, SignalStrength: 74, AntiFragility: 2}, IQ: 24]
       [Network #6, Technology = Wifi, Address = 02-06-00:00:00:00:00:08, { DataRate: 15, SignalStrength: 42, AntiFragility: 9}, IQ: 18]
90s ExecutionModule:Run(): Decision time => Seconds: 0, Miliseconds: 405
90s ExecutionModule:Run(): Handover time => Seconds: 0, Miliseconds: 166
90s ExecutionModule:Run(): Event: Horizontal Handover.
90s DeviceModule:MoveRandom(): New position: (73, 91)
90s DecisionModule:AddNetworkToList(): Network detected
91s DeviceModule:MoveRandom(): New position: (73, 94)
92s DeviceModule:MoveRandom(): New position: (70, 94)
93s DeviceModule:MoveRandom(): New position: (73, 94)
94s DeviceModule:MoveRandom(): New position: (76, 94)
94s DecisionModule:RemoveNetworkFromList(): Network: 13 out of range!
94s DecisionModule:AddNetworkToList(): Network detected
95s DeviceModule:MoveRandom(): New position: (79, 94)
95s DecisionModule:RemoveNetworkFromList(): Network: 17 out of range!
96s DeviceModule:MoveRandom(): New position: (79, 97)
96s DecisionModule:AddNetworkToList(): Network detected
97s DeviceModule:MoveRandom(): New position: (79, 100)
97s DecisionModule:AddNetworkToList(): Network detected
97s DecisionModule:AddNetworkToList(): Network detected
98s DeviceModule:MoveRandom(): New position: (76, 100)
99s DeviceModule:MoveRandom(): New position: (73, 100)
99s DecisionModule:RemoveNetworkFromList(): Network: 2 out of range!
100s DeviceModule:MoveRandom(): New position: (73, 97)
100s DecisionModule:RemoveNetworkFromList(): Network: 14 out of range!
100s DecisionModule:RemoveNetworkFromList(): Network: 18 out of range!
101s DeviceModule:MoveRandom(): New position: (73, 100)
101s DecisionModule:AddNetworkToList(): Network detected
101s DecisionModule:AddNetworkToList(): Network detected
102s DeviceModule:MoveRandom(): New position: (73, 97)
102s DecisionModule:RemoveNetworkFromList(): Network: 14 out of range!
102s DecisionModule:RemoveNetworkFromList(): Network: 18 out of range!
103s DeviceModule:MoveRandom(): New position: (73, 100)
103s DecisionModule:AddNetworkToList(): Network detected
103s DecisionModule:AddNetworkToList(): Network detected
104s DeviceModule:MoveRandom(): New position: (70, 100)
104s DecisionModule:RemoveNetworkFromList(): Network: 14 out of range!
105s DecisionModule:Run(): Run decision
105s DecisionModule:AnalyzingNetworks(): Current Network: 
       [Network #16, Technology = Wifi, Address = 02-06-00:00:00:00:00:12, { DataRate: 80, SignalStrength: 83, AntiFragility: 73}, IQ: 77]
105s DecisionModule:ShowAllNetworks(): All detected networks:
       [Network #16, Technology = Wifi, Address = 02-06-00:00:00:00:00:12, { DataRate: 80, SignalStrength: 83, AntiFragility: 73}, IQ: 77]
       [Network #0, Technology = Wifi, Address = 02-06-00:00:00:00:00:02, { DataRate: 85, SignalStrength: 49, AntiFragility: 84}, IQ: 75]
       [Network #18, Technology = Wimax, Address = 02-06-00:00:00:00:00:15, { DataRate: 59, SignalStrength: 68, AntiFragility: 71}, IQ: 67]
       [Network #3, Technology = Wifi, Address = 02-06-00:00:00:00:00:05, { DataRate: 22, SignalStrength: 79, AntiFragility: 80}, IQ: 65]
       [Network #15, Technology = Wifi, Address = 02-06-00:00:00:00:00:11, { DataRate: 27, SignalStrength: 52, AntiFragility: 75}, IQ: 57]
       [Network #9, Technology = Wifi, Address = 02-06-00:00:00:00:00:0b, { DataRate: 63, SignalStrength: 63, AntiFragility: 49}, IQ: 56]
       [Network #5, Technology = Wifi, Address = 02-06-00:00:00:00:00:07, { DataRate: 97, SignalStrength: 20, AntiFragility: 50}, IQ: 54]
       [Network #6, Technology = Wifi, Address = 02-06-00:00:00:00:00:08, { DataRate: 73, SignalStrength: 43, AntiFragility: 42}, IQ: 50]
       [Network #7, Technology = Wifi, Address = 02-06-00:00:00:00:00:09, { DataRate: 51, SignalStrength: 12, AntiFragility: 62}, IQ: 46]
       [Network #10, Technology = Wifi, Address = 02-06-00:00:00:00:00:0c, { DataRate: 54, SignalStrength: 90, AntiFragility: 4}, IQ: 38]
       [Network #4, Technology = Wifi, Address = 02-06-00:00:00:00:00:06, { DataRate: 54, SignalStrength: 96, AntiFragility: 1}, IQ: 38]
       [Network #1, Technology = Wifi, Address = 02-06-00:00:00:00:00:03, { DataRate: 43, SignalStrength: 74, AntiFragility: 4}, IQ: 31]
       [Network #17, Technology = Wifi, Address = 02-06-00:00:00:00:00:13, { DataRate: 70, SignalStrength: 34, AntiFragility: 6}, IQ: 29]
       [Network #19, Technology = Wimax, Address = 02-06-00:00:00:00:00:16, { DataRate: 80, SignalStrength: 11, AntiFragility: 3}, IQ: 24]
105s ExecutionModule:Run(): Decision time => Seconds: 0, Miliseconds: 262
105s ExecutionModule:Run(): Handover time => Seconds: 0, Miliseconds: 120
105s ExecutionModule:Run(): Event: Horizontal Handover.
105s DeviceModule:MoveRandom(): New position: (70, 103)
105s DecisionModule:AddNetworkToList(): Network detected
106s DeviceModule:MoveRandom(): New position: (70, 100)
106s DecisionModule:RemoveNetworkFromList(): Network: 2 out of range!
107s DeviceModule:MoveRandom(): New position: (70, 103)
107s DecisionModule:AddNetworkToList(): Network detected
108s DeviceModule:MoveRandom(): New position: (67, 103)
109s DeviceModule:MoveRandom(): New position: (70, 103)
110s DeviceModule:MoveRandom(): New position: (67, 103)
111s DeviceModule:MoveRandom(): New position: (67, 106)
112s DeviceModule:MoveRandom(): New position: (64, 106)
113s DeviceModule:MoveRandom(): New position: (61, 106)
114s DeviceModule:MoveRandom(): New position: (58, 106)
114s DecisionModule:RemoveNetworkFromList(): Network: 2 out of range!
115s DeviceModule:MoveRandom(): New position: (61, 106)
115s DecisionModule:AddNetworkToList(): Network detected
116s DeviceModule:MoveRandom(): New position: (61, 103)
116s DecisionModule:RemoveNetworkFromList(): Network: 2 out of range!
116s DecisionModule:AddNetworkToList(): Network detected
117s DeviceModule:MoveRandom(): New position: (61, 106)
117s DecisionModule:AddNetworkToList(): Network detected
117s DecisionModule:RemoveNetworkFromList(): Network: 13 out of range!
118s DeviceModule:MoveRandom(): New position: (61, 103)
118s DecisionModule:RemoveNetworkFromList(): Network: 2 out of range!
118s DecisionModule:AddNetworkToList(): Network detected
119s DeviceModule:MoveRandom(): New position: (61, 100)
120s DecisionModule:Run(): Run decision
120s DecisionModule:AnalyzingNetworks(): Current Network: 
       [Network #15, Technology = Wifi, Address = 02-06-00:00:00:00:00:11, { DataRate: 68, SignalStrength: 85, AntiFragility: 62}, IQ: 69]
120s DecisionModule:ShowAllNetworks(): All detected networks:
       [Network #15, Technology = Wifi, Address = 02-06-00:00:00:00:00:11, { DataRate: 68, SignalStrength: 85, AntiFragility: 62}, IQ: 69]
       [Network #4, Technology = Wifi, Address = 02-06-00:00:00:00:00:06, { DataRate: 54, SignalStrength: 53, AntiFragility: 80}, IQ: 66]
       [Network #1, Technology = Wifi, Address = 02-06-00:00:00:00:00:03, { DataRate: 39, SignalStrength: 47, AntiFragility: 84}, IQ: 63]
       [Network #0, Technology = Wifi, Address = 02-06-00:00:00:00:00:02, { DataRate: 52, SignalStrength: 6, AntiFragility: 94}, IQ: 61]
       [Network #10, Technology = Wifi, Address = 02-06-00:00:00:00:00:0c, { DataRate: 50, SignalStrength: 58, AntiFragility: 58}, IQ: 56]
       [Network #19, Technology = Wimax, Address = 02-06-00:00:00:00:00:16, { DataRate: 52, SignalStrength: 73, AntiFragility: 48}, IQ: 55]
       [Network #3, Technology = Wifi, Address = 02-06-00:00:00:00:00:05, { DataRate: 56, SignalStrength: 79, AntiFragility: 40}, IQ: 53]
       [Network #7, Technology = Wifi, Address = 02-06-00:00:00:00:00:09, { DataRate: 94, SignalStrength: 81, AntiFragility: 13}, IQ: 50]
       [Network #5, Technology = Wifi, Address = 02-06-00:00:00:00:00:07, { DataRate: 1, SignalStrength: 98, AntiFragility: 48}, IQ: 48]
       [Network #6, Technology = Wifi, Address = 02-06-00:00:00:00:00:08, { DataRate: 98, SignalStrength: 3, AntiFragility: 37}, IQ: 43]
       [Network #18, Technology = Wimax, Address = 02-06-00:00:00:00:00:15, { DataRate: 55, SignalStrength: 54, AntiFragility: 33}, IQ: 43]
       [Network #17, Technology = Wifi, Address = 02-06-00:00:00:00:00:13, { DataRate: 45, SignalStrength: 32, AntiFragility: 39}, IQ: 38]
       [Network #9, Technology = Wifi, Address = 02-06-00:00:00:00:00:0b, { DataRate: 31, SignalStrength: 99, AntiFragility: 10}, IQ: 37]
       [Network #13, Technology = Wifi, Address = 02-06-00:00:00:00:00:0f, { DataRate: 31, SignalStrength: 87, AntiFragility: 16}, IQ: 37]
       [Network #16, Technology = Wifi, Address = 02-06-00:00:00:00:00:12, { DataRate: 22, SignalStrength: 33, AntiFragility: 43}, IQ: 35]
120s ExecutionModule:Run(): Decision time => Seconds: 0, Miliseconds: 270
120s ExecutionModule:Run(): Handover time => Seconds: 0, Miliseconds: 122
120s ExecutionModule:Run(): Event: Horizontal Handover.
120s DeviceModule:MoveRandom(): New position: (61, 97)
120s DecisionModule:RemoveNetworkFromList(): Network: 18 out of range!
121s DeviceModule:MoveRandom(): New position: (61, 94)
122s DeviceModule:MoveRandom(): New position: (61, 91)
123s DeviceModule:MoveRandom(): New position: (58, 91)
123s ExecutionModule:OutOfRange(): OUT OF BETTER NETWORK! Choosing another network...
123s DecisionModule:RemoveNetworkFromList(): Network: 15 out of range!
123s DecisionModule:Run(): Run decision
123s DecisionModule:AnalyzingNetworks(): Current Network: 
       [Network #13, Technology = Wifi, Address = 02-06-00:00:00:00:00:0f, { DataRate: 29, SignalStrength: 90, AntiFragility: 85}, IQ: 72]
123s DecisionModule:ShowAllNetworks(): All detected networks:
       [Network #13, Technology = Wifi, Address = 02-06-00:00:00:00:00:0f, { DataRate: 29, SignalStrength: 90, AntiFragility: 85}, IQ: 72]
       [Network #1, Technology = Wifi, Address = 02-06-00:00:00:00:00:03, { DataRate: 79, SignalStrength: 51, AntiFragility: 80}, IQ: 72]
       [Network #16, Technology = Wifi, Address = 02-06-00:00:00:00:00:12, { DataRate: 93, SignalStrength: 94, AntiFragility: 27}, IQ: 60]
       [Network #3, Technology = Wifi, Address = 02-06-00:00:00:00:00:05, { DataRate: 77, SignalStrength: 9, AntiFragility: 75}, IQ: 59]
       [Network #6, Technology = Wifi, Address = 02-06-00:00:00:00:00:08, { DataRate: 32, SignalStrength: 9, AntiFragility: 98}, IQ: 59]
       [Network #0, Technology = Wifi, Address = 02-06-00:00:00:00:00:02, { DataRate: 71, SignalStrength: 22, AntiFragility: 51}, IQ: 48]
       [Network #10, Technology = Wifi, Address = 02-06-00:00:00:00:00:0c, { DataRate: 82, SignalStrength: 30, AntiFragility: 32}, IQ: 44]
       [Network #4, Technology = Wifi, Address = 02-06-00:00:00:00:00:06, { DataRate: 82, SignalStrength: 81, AntiFragility: 8}, IQ: 44]
       [Network #19, Technology = Wimax, Address = 02-06-00:00:00:00:00:16, { DataRate: 13, SignalStrength: 89, AntiFragility: 33}, IQ: 42]
       [Network #17, Technology = Wifi, Address = 02-06-00:00:00:00:00:13, { DataRate: 35, SignalStrength: 2, AntiFragility: 61}, IQ: 39]
       [Network #9, Technology = Wifi, Address = 02-06-00:00:00:00:00:0b, { DataRate: 16, SignalStrength: 35, AntiFragility: 40}, IQ: 32]
       [Network #7, Technology = Wifi, Address = 02-06-00:00:00:00:00:09, { DataRate: 54, SignalStrength: 49, AntiFragility: 1}, IQ: 26]
       [Network #5, Technology = Wifi, Address = 02-06-00:00:00:00:00:07, { DataRate: 3, SignalStrength: 47, AntiFragility: 11}, IQ: 18]
123s ExecutionModule:Run(): Decision time => Seconds: 0, Miliseconds: 185
123s ExecutionModule:Run(): Handover time => Seconds: 0, Miliseconds: 120
123s ExecutionModule:Run(): Event: Horizontal Handover.
124s DeviceModule:MoveRandom(): New position: (58, 88)
125s DeviceModule:MoveRandom(): New position: (58, 85)
126s DeviceModule:MoveRandom(): New position: (61, 85)
127s DeviceModule:MoveRandom(): New position: (61, 82)
128s DeviceModule:MoveRandom(): New position: (61, 79)
128s DecisionModule:RemoveNetworkFromList(): Network: 17 out of range!
129s DeviceModule:MoveRandom(): New position: (61, 76)
130s DeviceModule:MoveRandom(): New position: (61, 73)
131s DeviceModule:MoveRandom(): New position: (64, 73)
132s DeviceModule:MoveRandom(): New position: (64, 70)
133s DeviceModule:MoveRandom(): New position: (67, 70)
134s DeviceModule:MoveRandom(): New position: (67, 73)
135s DecisionModule:Run(): Run decision
135s DecisionModule:AnalyzingNetworks(): Current Network: 
       [Network #3, Technology = Wifi, Address = 02-06-00:00:00:00:00:05, { DataRate: 99, SignalStrength: 41, AntiFragility: 74}, IQ: 72]
135s DecisionModule:ShowAllNetworks(): All detected networks:
       [Network #3, Technology = Wifi, Address = 02-06-00:00:00:00:00:05, { DataRate: 99, SignalStrength: 41, AntiFragility: 74}, IQ: 72]
       [Network #6, Technology = Wifi, Address = 02-06-00:00:00:00:00:08, { DataRate: 91, SignalStrength: 36, AntiFragility: 80}, IQ: 71]
       [Network #5, Technology = Wifi, Address = 02-06-00:00:00:00:00:07, { DataRate: 51, SignalStrength: 66, AntiFragility: 85}, IQ: 71]
       [Network #7, Technology = Wifi, Address = 02-06-00:00:00:00:00:09, { DataRate: 45, SignalStrength: 63, AntiFragility: 68}, IQ: 61]
       [Network #19, Technology = Wimax, Address = 02-06-00:00:00:00:00:16, { DataRate: 18, SignalStrength: 39, AntiFragility: 81}, IQ: 54]
       [Network #4, Technology = Wifi, Address = 02-06-00:00:00:00:00:06, { DataRate: 16, SignalStrength: 52, AntiFragility: 65}, IQ: 49]
       [Network #13, Technology = Wifi, Address = 02-06-00:00:00:00:00:0f, { DataRate: 4, SignalStrength: 1, AntiFragility: 86}, IQ: 44]
       [Network #9, Technology = Wifi, Address = 02-06-00:00:00:00:00:0b, { DataRate: 43, SignalStrength: 4, AntiFragility: 42}, IQ: 32]
       [Network #10, Technology = Wifi, Address = 02-06-00:00:00:00:00:0c, { DataRate: 59, SignalStrength: 9, AntiFragility: 28}, IQ: 31]
       [Network #16, Technology = Wifi, Address = 02-06-00:00:00:00:00:12, { DataRate: 16, SignalStrength: 10, AntiFragility: 45}, IQ: 29]
       [Network #0, Technology = Wifi, Address = 02-06-00:00:00:00:00:02, { DataRate: 28, SignalStrength: 51, AntiFragility: 12}, IQ: 25]
       [Network #1, Technology = Wifi, Address = 02-06-00:00:00:00:00:03, { DataRate: 26, SignalStrength: 52, AntiFragility: 7}, IQ: 23]
135s ExecutionModule:Run(): Decision time => Seconds: 0, Miliseconds: 253
135s ExecutionModule:Run(): Handover time => Seconds: 0, Miliseconds: 120
135s ExecutionModule:Run(): Event: Horizontal Handover.
135s DeviceModule:MoveRandom(): New position: (70, 73)
136s DeviceModule:MoveRandom(): New position: (67, 73)
137s DeviceModule:MoveRandom(): New position: (70, 73)
138s DeviceModule:MoveRandom(): New position: (70, 76)
139s DeviceModule:MoveRandom(): New position: (73, 76)
140s DeviceModule:MoveRandom(): New position: (70, 76)
141s DeviceModule:MoveRandom(): New position: (73, 76)
142s DeviceModule:MoveRandom(): New position: (76, 76)
142s DecisionModule:AddNetworkToList(): Network detected
143s DeviceModule:MoveRandom(): New position: (79, 76)
144s DeviceModule:MoveRandom(): New position: (76, 76)
145s DeviceModule:MoveRandom(): New position: (76, 79)
146s DeviceModule:MoveRandom(): New position: (76, 76)
147s DeviceModule:MoveRandom(): New position: (76, 79)
148s DeviceModule:MoveRandom(): New position: (73, 79)
149s DeviceModule:MoveRandom(): New position: (73, 76)
149s DecisionModule:RemoveNetworkFromList(): Network: 15 out of range!
150s DecisionModule:Run(): Run decision
150s DecisionModule:AnalyzingNetworks(): Current Network: 
       [Network #0, Technology = Wifi, Address = 02-06-00:00:00:00:00:02, { DataRate: 40, SignalStrength: 42, AntiFragility: 70}, IQ: 55]
150s DecisionModule:ShowAllNetworks(): All detected networks:
       [Network #0, Technology = Wifi, Address = 02-06-00:00:00:00:00:02, { DataRate: 40, SignalStrength: 42, AntiFragility: 70}, IQ: 55]
       [Network #4, Technology = Wifi, Address = 02-06-00:00:00:00:00:06, { DataRate: 34, SignalStrength: 25, AntiFragility: 74}, IQ: 51]
       [Network #16, Technology = Wifi, Address = 02-06-00:00:00:00:00:12, { DataRate: 58, SignalStrength: 62, AntiFragility: 37}, IQ: 48]
       [Network #6, Technology = Wifi, Address = 02-06-00:00:00:00:00:08, { DataRate: 15, SignalStrength: 13, AntiFragility: 80}, IQ: 47]
       [Network #13, Technology = Wifi, Address = 02-06-00:00:00:00:00:0f, { DataRate: 25, SignalStrength: 62, AntiFragility: 52}, IQ: 47]
       [Network #9, Technology = Wifi, Address = 02-06-00:00:00:00:00:0b, { DataRate: 34, SignalStrength: 99, AntiFragility: 27}, IQ: 46]
       [Network #3, Technology = Wifi, Address = 02-06-00:00:00:00:00:05, { DataRate: 33, SignalStrength: 91, AntiFragility: 28}, IQ: 45]
       [Network #1, Technology = Wifi, Address = 02-06-00:00:00:00:00:03, { DataRate: 31, SignalStrength: 74, AntiFragility: 38}, IQ: 45]
       [Network #7, Technology = Wifi, Address = 02-06-00:00:00:00:00:09, { DataRate: 34, SignalStrength: 34, AntiFragility: 19}, IQ: 26]
       [Network #10, Technology = Wifi, Address = 02-06-00:00:00:00:00:0c, { DataRate: 14, SignalStrength: 7, AntiFragility: 32}, IQ: 21]
       [Network #5, Technology = Wifi, Address = 02-06-00:00:00:00:00:07, { DataRate: 1, SignalStrength: 24, AntiFragility: 29}, IQ: 20]
       [Network #19, Technology = Wimax, Address = 02-06-00:00:00:00:00:16, { DataRate: 20, SignalStrength: 7, AntiFragility: 12}, IQ: 12]
150s ExecutionModule:Run(): Decision time => Seconds: 0, Miliseconds: 246
150s ExecutionModule:Run(): Handover time => Seconds: 0, Miliseconds: 122
150s ExecutionModule:Run(): Event: Horizontal Handover.
150s DeviceModule:MoveRandom(): New position: (73, 73)
151s DeviceModule:MoveRandom(): New position: (76, 73)
152s DeviceModule:MoveRandom(): New position: (76, 70)
153s DeviceModule:MoveRandom(): New position: (79, 70)
153s DecisionModule:RemoveNetworkFromList(): Network: 3 out of range!
154s DeviceModule:MoveRandom(): New position: (82, 70)
155s DeviceModule:MoveRandom(): New position: (79, 70)
156s DeviceModule:MoveRandom(): New position: (82, 70)
157s DeviceModule:MoveRandom(): New position: (79, 70)
158s DeviceModule:MoveRandom(): New position: (82, 70)
159s DeviceModule:MoveRandom(): New position: (82, 73)
159s DecisionModule:AddNetworkToList(): Network detected
160s DeviceModule:MoveRandom(): New position: (85, 73)
161s DeviceModule:MoveRandom(): New position: (85, 70)
162s DeviceModule:MoveRandom(): New position: (85, 67)
162s DecisionModule:RemoveNetworkFromList(): Network: 15 out of range!
163s DeviceModule:MoveRandom(): New position: (85, 70)
163s DecisionModule:AddNetworkToList(): Network detected
164s DeviceModule:MoveRandom(): New position: (85, 67)
164s DecisionModule:RemoveNetworkFromList(): Network: 15 out of range!
165s DecisionModule:Run(): Run decision
165s DecisionModule:AnalyzingNetworks(): Current Network: 
       [Network #1, Technology = Wifi, Address = 02-06-00:00:00:00:00:03, { DataRate: 78, SignalStrength: 84, AntiFragility: 88}, IQ: 84]
165s DecisionModule:ShowAllNetworks(): All detected networks:
       [Network #1, Technology = Wifi, Address = 02-06-00:00:00:00:00:03, { DataRate: 78, SignalStrength: 84, AntiFragility: 88}, IQ: 84]
       [Network #0, Technology = Wifi, Address = 02-06-00:00:00:00:00:02, { DataRate: 85, SignalStrength: 13, AntiFragility: 96}, IQ: 72]
       [Network #4, Technology = Wifi, Address = 02-06-00:00:00:00:00:06, { DataRate: 65, SignalStrength: 63, AntiFragility: 72}, IQ: 68]
       [Network #19, Technology = Wimax, Address = 02-06-00:00:00:00:00:16, { DataRate: 73, SignalStrength: 3, AntiFragility: 76}, IQ: 57]
       [Network #16, Technology = Wifi, Address = 02-06-00:00:00:00:00:12, { DataRate: 46, SignalStrength: 39, AntiFragility: 72}, IQ: 57]
       [Network #10, Technology = Wifi, Address = 02-06-00:00:00:00:00:0c, { DataRate: 30, SignalStrength: 88, AntiFragility: 30}, IQ: 44]
       [Network #5, Technology = Wifi, Address = 02-06-00:00:00:00:00:07, { DataRate: 16, SignalStrength: 84, AntiFragility: 15}, IQ: 32]
       [Network #7, Technology = Wifi, Address = 02-06-00:00:00:00:00:09, { DataRate: 27, SignalStrength: 72, AntiFragility: 2}, IQ: 25]
       [Network #13, Technology = Wifi, Address = 02-06-00:00:00:00:00:0f, { DataRate: 1, SignalStrength: 37, AntiFragility: 27}, IQ: 23]
       [Network #6, Technology = Wifi, Address = 02-06-00:00:00:00:00:08, { DataRate: 39, SignalStrength: 25, AntiFragility: 12}, IQ: 22]
       [Network #9, Technology = Wifi, Address = 02-06-00:00:00:00:00:0b, { DataRate: 12, SignalStrength: 11, AntiFragility: 6}, IQ: 8]
165s ExecutionModule:Run(): Decision time => Seconds: 0, Miliseconds: 240
165s ExecutionModule:Run(): Handover time => Seconds: 0, Miliseconds: 122
165s ExecutionModule:Run(): Event: Horizontal Handover.
165s DeviceModule:MoveRandom(): New position: (88, 67)
165s DecisionModule:AddNetworkToList(): Network detected
166s DeviceModule:MoveRandom(): New position: (91, 67)
166s ExecutionModule:OutOfRange(): OUT OF BETTER NETWORK! Choosing another network...
166s DecisionModule:RemoveNetworkFromList(): Network: 1 out of range!
166s DecisionModule:Run(): Run decision
166s DecisionModule:AnalyzingNetworks(): Current Network: 
       [Network #5, Technology = Wifi, Address = 02-06-00:00:00:00:00:07, { DataRate: 75, SignalStrength: 90, AntiFragility: 76}, IQ: 79]
166s DecisionModule:ShowAllNetworks(): All detected networks:
       [Network #5, Technology = Wifi, Address = 02-06-00:00:00:00:00:07, { DataRate: 75, SignalStrength: 90, AntiFragility: 76}, IQ: 79]
       [Network #19, Technology = Wimax, Address = 02-06-00:00:00:00:00:16, { DataRate: 82, SignalStrength: 14, AntiFragility: 91}, IQ: 69]
       [Network #9, Technology = Wifi, Address = 02-06-00:00:00:00:00:0b, { DataRate: 33, SignalStrength: 73, AntiFragility: 74}, IQ: 63]
       [Network #0, Technology = Wifi, Address = 02-06-00:00:00:00:00:02, { DataRate: 33, SignalStrength: 80, AntiFragility: 68}, IQ: 62]
       [Network #4, Technology = Wifi, Address = 02-06-00:00:00:00:00:06, { DataRate: 73, SignalStrength: 62, AntiFragility: 37}, IQ: 52]
       [Network #16, Technology = Wifi, Address = 02-06-00:00:00:00:00:12, { DataRate: 68, SignalStrength: 98, AntiFragility: 18}, IQ: 50]
       [Network #13, Technology = Wifi, Address = 02-06-00:00:00:00:00:0f, { DataRate: 35, SignalStrength: 4, AntiFragility: 75}, IQ: 47]
       [Network #10, Technology = Wifi, Address = 02-06-00:00:00:00:00:0c, { DataRate: 33, SignalStrength: 46, AntiFragility: 54}, IQ: 46]
       [Network #15, Technology = Wifi, Address = 02-06-00:00:00:00:00:11, { DataRate: 68, SignalStrength: 82, AntiFragility: 13}, IQ: 44]
       [Network #7, Technology = Wifi, Address = 02-06-00:00:00:00:00:09, { DataRate: 94, SignalStrength: 34, AntiFragility: 15}, IQ: 39]
       [Network #6, Technology = Wifi, Address = 02-06-00:00:00:00:00:08, { DataRate: 21, SignalStrength: 60, AntiFragility: 6}, IQ: 23]
166s ExecutionModule:Run(): Decision time => Seconds: 0, Miliseconds: 166
166s ExecutionModule:Run(): Handover time => Seconds: 0, Miliseconds: 119
166s ExecutionModule:Run(): Event: Horizontal Handover.
167s DeviceModule:MoveRandom(): New position: (94, 67)
168s DeviceModule:MoveRandom(): New position: (97, 67)
168s DecisionModule:RemoveNetworkFromList(): Network: 13 out of range!
168s DecisionModule:AddNetworkToList(): Network detected
168s DecisionModule:RemoveNetworkFromList(): Network: 19 out of range!
169s DeviceModule:MoveRandom(): New position: (97, 70)
169s DecisionModule:AddNetworkToList(): Network detected
170s DeviceModule:MoveRandom(): New position: (100, 70)
171s DeviceModule:MoveRandom(): New position: (97, 70)
172s DeviceModule:MoveRandom(): New position: (97, 67)
172s DecisionModule:RemoveNetworkFromList(): Network: 19 out of range!
173s DeviceModule:MoveRandom(): New position: (97, 70)
173s DecisionModule:AddNetworkToList(): Network detected
174s DeviceModule:MoveRandom(): New position: (100, 70)
175s DeviceModule:MoveRandom(): New position: (100, 73)
176s DeviceModule:MoveRandom(): New position: (100, 76)
177s DeviceModule:MoveRandom(): New position: (97, 76)
177s DecisionModule:AddNetworkToList(): Network detected
178s DeviceModule:MoveRandom(): New position: (97, 73)
178s DecisionModule:RemoveNetworkFromList(): Network: 1 out of range!
179s DeviceModule:MoveRandom(): New position: (94, 73)
179s DecisionModule:AddNetworkToList(): Network detected
180s DecisionModule:Run(): Run decision
180s DecisionModule:AnalyzingNetworks(): Current Network: 
       [Network #1, Technology = Wifi, Address = 02-06-00:00:00:00:00:03, { DataRate: 55, SignalStrength: 94, AntiFragility: 65}, IQ: 69]
180s DecisionModule:ShowAllNetworks(): All detected networks:
       [Network #1, Technology = Wifi, Address = 02-06-00:00:00:00:00:03, { DataRate: 55, SignalStrength: 94, AntiFragility: 65}, IQ: 69]
       [Network #19, Technology = Wimax, Address = 02-06-00:00:00:00:00:16, { DataRate: 90, SignalStrength: 5, AntiFragility: 89}, IQ: 68]
       [Network #4, Technology = Wifi, Address = 02-06-00:00:00:00:00:06, { DataRate: 63, SignalStrength: 99, AntiFragility: 46}, IQ: 63]
       [Network #14, Technology = Wifi, Address = 02-06-00:00:00:00:00:10, { DataRate: 64, SignalStrength: 37, AntiFragility: 76}, IQ: 63]
       [Network #7, Technology = Wifi, Address = 02-06-00:00:00:00:00:09, { DataRate: 35, SignalStrength: 67, AntiFragility: 67}, IQ: 59]
       [Network #0, Technology = Wifi, Address = 02-06-00:00:00:00:00:02, { DataRate: 84, SignalStrength: 24, AntiFragility: 59}, IQ: 56]
       [Network #5, Technology = Wifi, Address = 02-06-00:00:00:00:00:07, { DataRate: 3, SignalStrength: 85, AntiFragility: 69}, IQ: 56]
       [Network #9, Technology = Wifi, Address = 02-06-00:00:00:00:00:0b, { DataRate: 27, SignalStrength: 12, AntiFragility: 88}, IQ: 53]
       [Network #10, Technology = Wifi, Address = 02-06-00:00:00:00:00:0c, { DataRate: 98, SignalStrength: 43, AntiFragility: 16}, IQ: 43]
       [Network #15, Technology = Wifi, Address = 02-06-00:00:00:00:00:11, { DataRate: 43, SignalStrength: 34, AntiFragility: 32}, IQ: 35]
       [Network #6, Technology = Wifi, Address = 02-06-00:00:00:00:00:08, { DataRate: 47, SignalStrength: 10, AntiFragility: 30}, IQ: 29]
       [Network #16, Technology = Wifi, Address = 02-06-00:00:00:00:00:12, { DataRate: 20, SignalStrength: 57, AntiFragility: 8}, IQ: 23]
180s ExecutionModule:Run(): Decision time => Seconds: 0, Miliseconds: 258
180s ExecutionModule:Run(): Handover time => Seconds: 0, Miliseconds: 119
180s ExecutionModule:Run(): Event: Horizontal Handover.
180s DeviceModule:MoveRandom(): New position: (91, 73)
180s DecisionModule:AddNetworkToList(): Network detected
181s DeviceModule:MoveRandom(): New position: (91, 76)
181s DecisionModule:RemoveNetworkFromList(): Network: 13 out of range!
182s DeviceModule:MoveRandom(): New position: (94, 76)
183s DeviceModule:MoveRandom(): New position: (97, 76)
184s DeviceModule:MoveRandom(): New position: (97, 79)
185s DeviceModule:MoveRandom(): New position: (100, 79)
186s DeviceModule:MoveRandom(): New position: (100, 76)
186s ExecutionModule:OutOfRange(): OUT OF BETTER NETWORK! Choosing another network...
186s DecisionModule:RemoveNetworkFromList(): Network: 1 out of range!
186s DecisionModule:Run(): Run decision
186s DecisionModule:AnalyzingNetworks(): Current Network: 
       [Network #10, Technology = Wifi, Address = 02-06-00:00:00:00:00:0c, { DataRate: 74, SignalStrength: 14, AntiFragility: 88}, IQ: 66]
186s DecisionModule:ShowAllNetworks(): All detected networks:
       [Network #10, Technology = Wifi, Address = 02-06-00:00:00:00:00:0c, { DataRate: 74, SignalStrength: 14, AntiFragility: 88}, IQ: 66]
       [Network #15, Technology = Wifi, Address = 02-06-00:00:00:00:00:11, { DataRate: 42, SignalStrength: 32, AntiFragility: 88}, IQ: 62]
       [Network #0, Technology = Wifi, Address = 02-06-00:00:00:00:00:02, { DataRate: 36, SignalStrength: 18, AntiFragility: 93}, IQ: 60]
       [Network #9, Technology = Wifi, Address = 02-06-00:00:00:00:00:0b, { DataRate: 3, SignalStrength: 68, AntiFragility: 79}, IQ: 57]
       [Network #14, Technology = Wifi, Address = 02-06-00:00:00:00:00:10, { DataRate: 77, SignalStrength: 22, AntiFragility: 62}, IQ: 55]
       [Network #5, Technology = Wifi, Address = 02-06-00:00:00:00:00:07, { DataRate: 90, SignalStrength: 42, AntiFragility: 40}, IQ: 53]
       [Network #6, Technology = Wifi, Address = 02-06-00:00:00:00:00:08, { DataRate: 65, SignalStrength: 36, AntiFragility: 54}, IQ: 52]
       [Network #4, Technology = Wifi, Address = 02-06-00:00:00:00:00:06, { DataRate: 23, SignalStrength: 21, AntiFragility: 80}, IQ: 51]
       [Network #19, Technology = Wimax, Address = 02-06-00:00:00:00:00:16, { DataRate: 35, SignalStrength: 23, AntiFragility: 49}, IQ: 39]
       [Network #7, Technology = Wifi, Address = 02-06-00:00:00:00:00:09, { DataRate: 64, SignalStrength: 9, AntiFragility: 14}, IQ: 25]
       [Network #16, Technology = Wifi, Address = 02-06-00:00:00:00:00:12, { DataRate: 14, SignalStrength: 10, AntiFragility: 4}, IQ: 8]
186s ExecutionModule:Run(): Decision time => Seconds: 0, Miliseconds: 186
186s ExecutionModule:Run(): Handover time => Seconds: 0, Miliseconds: 120
186s ExecutionModule:Run(): Event: Horizontal Handover.
187s DeviceModule:MoveRandom(): New position: (100, 79)
187s DecisionModule:AddNetworkToList(): Network detected
188s DeviceModule:MoveRandom(): New position: (100, 82)
189s DeviceModule:MoveRandom(): New position: (100, 85)
190s DeviceModule:MoveRandom(): New position: (97, 85)
191s DeviceModule:MoveRandom(): New position: (97, 88)
192s DeviceModule:MoveRandom(): New position: (94, 88)
193s DeviceModule:MoveRandom(): New position: (94, 85)
194s DeviceModule:MoveRandom(): New position: (97, 85)
195s DecisionModule:Run(): Run decision
195s DecisionModule:AnalyzingNetworks(): Current Network: 
       [Network #7, Technology = Wifi, Address = 02-06-00:00:00:00:00:09, { DataRate: 91, SignalStrength: 82, AntiFragility: 95}, IQ: 90]
195s DecisionModule:ShowAllNetworks(): All detected networks:
       [Network #7, Technology = Wifi, Address = 02-06-00:00:00:00:00:09, { DataRate: 91, SignalStrength: 82, AntiFragility: 95}, IQ: 90]
       [Network #10, Technology = Wifi, Address = 02-06-00:00:00:00:00:0c, { DataRate: 55, SignalStrength: 75, AntiFragility: 90}, IQ: 77]
       [Network #1, Technology = Wifi, Address = 02-06-00:00:00:00:00:03, { DataRate: 82, SignalStrength: 66, AntiFragility: 62}, IQ: 68]
       [Network #0, Technology = Wifi, Address = 02-06-00:00:00:00:00:02, { DataRate: 76, SignalStrength: 71, AntiFragility: 60}, IQ: 66]
       [Network #4, Technology = Wifi, Address = 02-06-00:00:00:00:00:06, { DataRate: 89, SignalStrength: 15, AntiFragility: 74}, IQ: 63]
       [Network #15, Technology = Wifi, Address = 02-06-00:00:00:00:00:11, { DataRate: 11, SignalStrength: 11, AntiFragility: 90}, IQ: 50]
       [Network #14, Technology = Wifi, Address = 02-06-00:00:00:00:00:10, { DataRate: 86, SignalStrength: 55, AntiFragility: 25}, IQ: 47]
       [Network #6, Technology = Wifi, Address = 02-06-00:00:00:00:00:08, { DataRate: 77, SignalStrength: 37, AntiFragility: 36}, IQ: 46]
       [Network #9, Technology = Wifi, Address = 02-06-00:00:00:00:00:0b, { DataRate: 79, SignalStrength: 4, AntiFragility: 49}, IQ: 45]
       [Network #16, Technology = Wifi, Address = 02-06-00:00:00:00:00:12, { DataRate: 7, SignalStrength: 24, AntiFragility: 50}, IQ: 32]
       [Network #19, Technology = Wimax, Address = 02-06-00:00:00:00:00:16, { DataRate: 2, SignalStrength: 57, AntiFragility: 31}, IQ: 30]
       [Network #5, Technology = Wifi, Address = 02-06-00:00:00:00:00:07, { DataRate: 65, SignalStrength: 23, AntiFragility: 15}, IQ: 29]
195s ExecutionModule:Run(): Decision time => Seconds: 0, Miliseconds: 229
195s ExecutionModule:Run(): Handover time => Seconds: 0, Miliseconds: 122
195s ExecutionModule:Run(): Event: Horizontal Handover.
195s DeviceModule:MoveRandom(): New position: (94, 85)
196s DeviceModule:MoveRandom(): New position: (97, 85)
197s DeviceModule:MoveRandom(): New position: (100, 85)
198s DeviceModule:MoveRandom(): New position: (97, 85)
199s DeviceModule:MoveRandom(): New position: (97, 82)
