Waf: Entering directory `/home/renan/Documents/NR2/ns-allinone-3.20/ns-3.20/build'
Waf: Leaving directory `/home/renan/Documents/NR2/ns-allinone-3.20/ns-3.20/build'
'build' finished successfully (1.757s)
0s NetworkModule:SetPosition(): Network 0 set position => (137, 27)
0s NetworkModule:SetRange(): Network 0 set range => 100
0s NetworkModule:SetPosition(): Network 1 set position => (119, 108)
0s NetworkModule:SetRange(): Network 1 set range => 100
0s NetworkModule:SetPosition(): Network 2 set position => (39, 82)
0s NetworkModule:SetRange(): Network 2 set range => 100
0s NetworkModule:SetPosition(): Network 3 set position => (51, 108)
0s NetworkModule:SetRange(): Network 3 set range => 100
0s NetworkModule:SetPosition(): Network 4 set position => (37, 59)
0s NetworkModule:SetRange(): Network 4 set range => 100
0s NetworkModule:SetPosition(): Network 5 set position => (116, 46)
0s NetworkModule:SetRange(): Network 5 set range => 100
0s NetworkModule:SetPosition(): Network 6 set position => (44, 120)
0s NetworkModule:SetRange(): Network 6 set range => 100
0s NetworkModule:SetPosition(): Network 7 set position => (115, 10)
0s NetworkModule:SetRange(): Network 7 set range => 100
0s NetworkModule:SetPosition(): Network 8 set position => (93, 22)
0s NetworkModule:SetRange(): Network 8 set range => 100
0s NetworkModule:SetPosition(): Network 9 set position => (8, 67)
0s NetworkModule:SetRange(): Network 9 set range => 100
0s DeviceModule:ConfigureMobility(): Device [init x = 0, init y = 0, max = 150, velocity = 12]
1s DeviceModule:MoveRandom(): New position: (12, 0)
1s DecisionModule:AddNetworkToList(): Network detected
1s DecisionModule:AddNetworkToList(): Network detected
1s DecisionModule:AddNetworkToList(): Network detected
1s DecisionModule:AddNetworkToList(): Network detected
2s DeviceModule:MoveRandom(): New position: (12, 0)
3s DeviceModule:MoveRandom(): New position: (12, 12)
4s DeviceModule:MoveRandom(): New position: (24, 12)
4s DecisionModule:AddNetworkToList(): Network detected
4s DecisionModule:AddNetworkToList(): Network detected
4s DecisionModule:AddNetworkToList(): Network detected
5s DeviceModule:MoveRandom(): New position: (24, 0)
5s DecisionModule:RemoveNetworkFromList(): Network: 3 out of range!
5s DecisionModule:RemoveNetworkFromList(): Network: 5 out of range!
6s DeviceModule:MoveRandom(): New position: (24, 12)
6s DecisionModule:AddNetworkToList(): Network detected
6s DecisionModule:AddNetworkToList(): Network detected
7s DeviceModule:MoveRandom(): New position: (24, 24)
7s DecisionModule:AddNetworkToList(): Network detected
8s DeviceModule:MoveRandom(): New position: (24, 36)
9s DeviceModule:MoveRandom(): New position: (24, 24)
10s DecisionModule:Run(): Run decision
10s DecisionModule:AnalyzingNetworks(): Current Network: 
       [Network #8, Technology = Wimax, Address = 02-06-00:00:00:00:00:0b, { DataRate: 65, SignalStrength: 71, AntiFragility: 88}, IQ: 78]
10s DecisionModule:ShowAllNetworks(): All detected networks:
       [Network #8, Technology = Wimax, Address = 02-06-00:00:00:00:00:0b, { DataRate: 65, SignalStrength: 71, AntiFragility: 88}, IQ: 78]
       [Network #3, Technology = Wifi, Address = 02-06-00:00:00:00:00:05, { DataRate: 17, SignalStrength: 93, AntiFragility: 98}, IQ: 76]
       [Network #2, Technology = Wifi, Address = 02-06-00:00:00:00:00:04, { DataRate: 64, SignalStrength: 78, AntiFragility: 75}, IQ: 73]
       [Network #5, Technology = Wifi, Address = 02-06-00:00:00:00:00:07, { DataRate: 72, SignalStrength: 62, AntiFragility: 75}, IQ: 71]
       [Network #7, Technology = Wifi, Address = 02-06-00:00:00:00:00:09, { DataRate: 20, SignalStrength: 41, AntiFragility: 82}, IQ: 56]
       [Network #9, Technology = Wimax, Address = 02-06-00:00:00:00:00:0c, { DataRate: 38, SignalStrength: 9, AntiFragility: 70}, IQ: 46]
       [Network #6, Technology = Wifi, Address = 02-06-00:00:00:00:00:08, { DataRate: 14, SignalStrength: 51, AntiFragility: 13}, IQ: 22]
       [Network #4, Technology = Wifi, Address = 02-06-00:00:00:00:00:06, { DataRate: 2, SignalStrength: 45, AntiFragility: 9}, IQ: 16]
10s DeviceModule:MoveRandom(): New position: (24, 12)
10s DecisionModule:RemoveNetworkFromList(): Network: 6 out of range!
11s DeviceModule:MoveRandom(): New position: (24, 24)
11s DecisionModule:AddNetworkToList(): Network detected
12s DeviceModule:MoveRandom(): New position: (24, 12)
12s DecisionModule:RemoveNetworkFromList(): Network: 6 out of range!
13s DeviceModule:MoveRandom(): New position: (24, 0)
13s DecisionModule:RemoveNetworkFromList(): Network: 3 out of range!
13s DecisionModule:RemoveNetworkFromList(): Network: 5 out of range!
14s DeviceModule:MoveRandom(): New position: (24, 12)
14s DecisionModule:AddNetworkToList(): Network detected
14s DecisionModule:AddNetworkToList(): Network detected
15s DeviceModule:MoveRandom(): New position: (24, 24)
15s DecisionModule:AddNetworkToList(): Network detected
16s DeviceModule:MoveRandom(): New position: (12, 24)
16s DecisionModule:RemoveNetworkFromList(): Network: 5 out of range!
16s DecisionModule:RemoveNetworkFromList(): Network: 6 out of range!
16s DecisionModule:RemoveNetworkFromList(): Network: 7 out of range!
17s DeviceModule:MoveRandom(): New position: (12, 12)
17s DecisionModule:RemoveNetworkFromList(): Network: 3 out of range!
18s DeviceModule:MoveRandom(): New position: (12, 0)
19s DeviceModule:MoveRandom(): New position: (0, 0)
20s DecisionModule:Run(): Run decision
20s DecisionModule:AnalyzingNetworks(): Current Network: 
       [Network #2, Technology = Wifi, Address = 02-06-00:00:00:00:00:04, { DataRate: 82, SignalStrength: 59, AntiFragility: 97}, IQ: 83]
20s DecisionModule:ShowAllNetworks(): All detected networks:
       [Network #2, Technology = Wifi, Address = 02-06-00:00:00:00:00:04, { DataRate: 82, SignalStrength: 59, AntiFragility: 97}, IQ: 83]
       [Network #4, Technology = Wifi, Address = 02-06-00:00:00:00:00:06, { DataRate: 9, SignalStrength: 73, AntiFragility: 89}, IQ: 65]
       [Network #9, Technology = Wimax, Address = 02-06-00:00:00:00:00:0c, { DataRate: 56, SignalStrength: 7, AntiFragility: 97}, IQ: 64]
       [Network #8, Technology = Wimax, Address = 02-06-00:00:00:00:00:0b, { DataRate: 98, SignalStrength: 71, AntiFragility: 38}, IQ: 61]
20s ExecutionModule:Run(): Decision time => Seconds: 0, Miliseconds: 348
20s ExecutionModule:Run(): Handover time => Seconds: 0, Miliseconds: 528
20s ExecutionModule:Run(): Event: Vertical Handover.
20s DeviceModule:MoveRandom(): New position: (0, 0)
21s DeviceModule:MoveRandom(): New position: (0, 0)
22s DeviceModule:MoveRandom(): New position: (12, 0)
23s DeviceModule:MoveRandom(): New position: (0, 0)
24s DeviceModule:MoveRandom(): New position: (0, 0)
25s DeviceModule:MoveRandom(): New position: (0, 12)
26s DeviceModule:MoveRandom(): New position: (12, 12)
27s DeviceModule:MoveRandom(): New position: (0, 12)
28s DeviceModule:MoveRandom(): New position: (0, 0)
29s DeviceModule:MoveRandom(): New position: (0, 0)
30s DecisionModule:Run(): Run decision
30s DecisionModule:AnalyzingNetworks(): Current Network: 
       [Network #8, Technology = Wimax, Address = 02-06-00:00:00:00:00:0b, { DataRate: 88, SignalStrength: 44, AntiFragility: 25}, IQ: 45]
30s DecisionModule:ShowAllNetworks(): All detected networks:
       [Network #8, Technology = Wimax, Address = 02-06-00:00:00:00:00:0b, { DataRate: 88, SignalStrength: 44, AntiFragility: 25}, IQ: 45]
       [Network #9, Technology = Wimax, Address = 02-06-00:00:00:00:00:0c, { DataRate: 65, SignalStrength: 63, AntiFragility: 15}, IQ: 39]
       [Network #2, Technology = Wifi, Address = 02-06-00:00:00:00:00:04, { DataRate: 17, SignalStrength: 85, AntiFragility: 27}, IQ: 39]
       [Network #4, Technology = Wifi, Address = 02-06-00:00:00:00:00:06, { DataRate: 23, SignalStrength: 84, AntiFragility: 7}, IQ: 30]
30s ExecutionModule:Run(): Decision time => Seconds: 0, Miliseconds: 159
30s ExecutionModule:Run(): Handover time => Seconds: 0, Miliseconds: 43
30s ExecutionModule:Run(): Event: Vertical Handover.
30s DeviceModule:MoveRandom(): New position: (0, 12)
31s DeviceModule:MoveRandom(): New position: (12, 12)
32s DeviceModule:MoveRandom(): New position: (12, 0)
33s DeviceModule:MoveRandom(): New position: (24, 0)
33s DecisionModule:AddNetworkToList(): Network detected
34s DeviceModule:MoveRandom(): New position: (24, 12)
34s DecisionModule:AddNetworkToList(): Network detected
34s DecisionModule:AddNetworkToList(): Network detected
35s DeviceModule:MoveRandom(): New position: (24, 0)
35s DecisionModule:RemoveNetworkFromList(): Network: 3 out of range!
35s DecisionModule:RemoveNetworkFromList(): Network: 5 out of range!
36s DeviceModule:MoveRandom(): New position: (12, 0)
36s DecisionModule:RemoveNetworkFromList(): Network: 7 out of range!
37s DeviceModule:MoveRandom(): New position: (0, 0)
38s DeviceModule:MoveRandom(): New position: (12, 0)
39s DeviceModule:MoveRandom(): New position: (12, 12)
40s DecisionModule:Run(): Run decision
40s DecisionModule:AnalyzingNetworks(): Current Network: 
       [Network #9, Technology = Wimax, Address = 02-06-00:00:00:00:00:0c, { DataRate: 88, SignalStrength: 63, AntiFragility: 55}, IQ: 65]
40s DecisionModule:ShowAllNetworks(): All detected networks:
       [Network #9, Technology = Wimax, Address = 02-06-00:00:00:00:00:0c, { DataRate: 88, SignalStrength: 63, AntiFragility: 55}, IQ: 65]
       [Network #4, Technology = Wifi, Address = 02-06-00:00:00:00:00:06, { DataRate: 46, SignalStrength: 50, AntiFragility: 62}, IQ: 55]
       [Network #8, Technology = Wimax, Address = 02-06-00:00:00:00:00:0b, { DataRate: 17, SignalStrength: 89, AntiFragility: 49}, IQ: 51]
       [Network #2, Technology = Wifi, Address = 02-06-00:00:00:00:00:04, { DataRate: 58, SignalStrength: 73, AntiFragility: 3}, IQ: 34]
40s ExecutionModule:Run(): Decision time => Seconds: 0, Miliseconds: 158
40s ExecutionModule:Run(): Handover time => Seconds: 0, Miliseconds: 121
40s ExecutionModule:Run(): Event: Horizontal Handover.
40s DeviceModule:MoveRandom(): New position: (12, 0)
41s DeviceModule:MoveRandom(): New position: (12, 12)
42s DeviceModule:MoveRandom(): New position: (24, 12)
42s DecisionModule:AddNetworkToList(): Network detected
42s DecisionModule:AddNetworkToList(): Network detected
42s DecisionModule:AddNetworkToList(): Network detected
43s DeviceModule:MoveRandom(): New position: (24, 0)
43s DecisionModule:RemoveNetworkFromList(): Network: 3 out of range!
43s DecisionModule:RemoveNetworkFromList(): Network: 5 out of range!
44s DeviceModule:MoveRandom(): New position: (36, 0)
44s DecisionModule:AddNetworkToList(): Network detected
45s DeviceModule:MoveRandom(): New position: (36, 12)
45s DecisionModule:AddNetworkToList(): Network detected
46s DeviceModule:MoveRandom(): New position: (36, 0)
46s DecisionModule:RemoveNetworkFromList(): Network: 3 out of range!
47s DeviceModule:MoveRandom(): New position: (36, 0)
48s DeviceModule:MoveRandom(): New position: (36, 12)
48s DecisionModule:AddNetworkToList(): Network detected
49s DeviceModule:MoveRandom(): New position: (36, 0)
49s DecisionModule:RemoveNetworkFromList(): Network: 3 out of range!
50s DecisionModule:Run(): Run decision
50s DecisionModule:AnalyzingNetworks(): Current Network: 
       [Network #9, Technology = Wimax, Address = 02-06-00:00:00:00:00:0c, { DataRate: 48, SignalStrength: 85, AntiFragility: 91}, IQ: 78]
50s DecisionModule:ShowAllNetworks(): All detected networks:
       [Network #9, Technology = Wimax, Address = 02-06-00:00:00:00:00:0c, { DataRate: 48, SignalStrength: 85, AntiFragility: 91}, IQ: 78]
       [Network #5, Technology = Wifi, Address = 02-06-00:00:00:00:00:07, { DataRate: 76, SignalStrength: 2, AntiFragility: 93}, IQ: 66]
       [Network #8, Technology = Wimax, Address = 02-06-00:00:00:00:00:0b, { DataRate: 95, SignalStrength: 10, AntiFragility: 60}, IQ: 56]
       [Network #7, Technology = Wifi, Address = 02-06-00:00:00:00:00:09, { DataRate: 66, SignalStrength: 23, AntiFragility: 42}, IQ: 43]
       [Network #2, Technology = Wifi, Address = 02-06-00:00:00:00:00:04, { DataRate: 82, SignalStrength: 32, AntiFragility: 17}, IQ: 37]
       [Network #4, Technology = Wifi, Address = 02-06-00:00:00:00:00:06, { DataRate: 19, SignalStrength: 84, AntiFragility: 6}, IQ: 28]
50s DeviceModule:MoveRandom(): New position: (36, 12)
50s DecisionModule:AddNetworkToList(): Network detected
51s DeviceModule:MoveRandom(): New position: (48, 12)
51s DecisionModule:AddNetworkToList(): Network detected
52s DeviceModule:MoveRandom(): New position: (48, 24)
52s DecisionModule:AddNetworkToList(): Network detected
53s DeviceModule:MoveRandom(): New position: (60, 24)
54s DeviceModule:MoveRandom(): New position: (60, 36)
54s DecisionModule:AddNetworkToList(): Network detected
55s DeviceModule:MoveRandom(): New position: (72, 36)
56s DeviceModule:MoveRandom(): New position: (72, 48)
57s DeviceModule:MoveRandom(): New position: (72, 60)
58s DeviceModule:MoveRandom(): New position: (72, 48)
59s DeviceModule:MoveRandom(): New position: (72, 60)
60s DecisionModule:Run(): Run decision
60s DecisionModule:AnalyzingNetworks(): Current Network: 
       [Network #8, Technology = Wimax, Address = 02-06-00:00:00:00:00:0b, { DataRate: 80, SignalStrength: 63, AntiFragility: 80}, IQ: 75]
60s DecisionModule:ShowAllNetworks(): All detected networks:
       [Network #8, Technology = Wimax, Address = 02-06-00:00:00:00:00:0b, { DataRate: 80, SignalStrength: 63, AntiFragility: 80}, IQ: 75]
       [Network #9, Technology = Wimax, Address = 02-06-00:00:00:00:00:0c, { DataRate: 80, SignalStrength: 51, AntiFragility: 79}, IQ: 72]
       [Network #7, Technology = Wifi, Address = 02-06-00:00:00:00:00:09, { DataRate: 13, SignalStrength: 72, AntiFragility: 90}, IQ: 66]
       [Network #5, Technology = Wifi, Address = 02-06-00:00:00:00:00:07, { DataRate: 79, SignalStrength: 10, AntiFragility: 75}, IQ: 59]
       [Network #4, Technology = Wifi, Address = 02-06-00:00:00:00:00:06, { DataRate: 42, SignalStrength: 54, AntiFragility: 71}, IQ: 59]
       [Network #6, Technology = Wifi, Address = 02-06-00:00:00:00:00:08, { DataRate: 18, SignalStrength: 64, AntiFragility: 77}, IQ: 59]
       [Network #2, Technology = Wifi, Address = 02-06-00:00:00:00:00:04, { DataRate: 43, SignalStrength: 28, AntiFragility: 63}, IQ: 49]
       [Network #0, Technology = Wifi, Address = 02-06-00:00:00:00:00:02, { DataRate: 88, SignalStrength: 79, AntiFragility: 11}, IQ: 47]
       [Network #1, Technology = Wifi, Address = 02-06-00:00:00:00:00:03, { DataRate: 91, SignalStrength: 17, AntiFragility: 32}, IQ: 43]
       [Network #3, Technology = Wifi, Address = 02-06-00:00:00:00:00:05, { DataRate: 83, SignalStrength: 57, AntiFragility: 9}, IQ: 39]
60s ExecutionModule:Run(): Decision time => Seconds: 0, Miliseconds: 199
60s ExecutionModule:Run(): Handover time => Seconds: 0, Miliseconds: 123
60s ExecutionModule:Run(): Event: Horizontal Handover.
60s DeviceModule:MoveRandom(): New position: (60, 60)
61s DeviceModule:MoveRandom(): New position: (48, 60)
62s DeviceModule:MoveRandom(): New position: (48, 72)
63s DeviceModule:MoveRandom(): New position: (60, 72)
64s DeviceModule:MoveRandom(): New position: (48, 72)
65s DeviceModule:MoveRandom(): New position: (60, 72)
66s DeviceModule:MoveRandom(): New position: (60, 60)
67s DeviceModule:MoveRandom(): New position: (48, 60)
68s DeviceModule:MoveRandom(): New position: (36, 60)
68s DecisionModule:RemoveNetworkFromList(): Network: 0 out of range!
69s DeviceModule:MoveRandom(): New position: (36, 48)
69s DecisionModule:RemoveNetworkFromList(): Network: 1 out of range!
70s DecisionModule:Run(): Run decision
70s DecisionModule:AnalyzingNetworks(): Current Network: 
       [Network #3, Technology = Wifi, Address = 02-06-00:00:00:00:00:05, { DataRate: 60, SignalStrength: 52, AntiFragility: 84}, IQ: 70]
70s DecisionModule:ShowAllNetworks(): All detected networks:
       [Network #3, Technology = Wifi, Address = 02-06-00:00:00:00:00:05, { DataRate: 60, SignalStrength: 52, AntiFragility: 84}, IQ: 70]
       [Network #6, Technology = Wifi, Address = 02-06-00:00:00:00:00:08, { DataRate: 70, SignalStrength: 17, AntiFragility: 77}, IQ: 60]
       [Network #4, Technology = Wifi, Address = 02-06-00:00:00:00:00:06, { DataRate: 61, SignalStrength: 74, AntiFragility: 43}, IQ: 55]
       [Network #9, Technology = Wimax, Address = 02-06-00:00:00:00:00:0c, { DataRate: 87, SignalStrength: 22, AntiFragility: 44}, IQ: 49]
       [Network #2, Technology = Wifi, Address = 02-06-00:00:00:00:00:04, { DataRate: 44, SignalStrength: 33, AntiFragility: 50}, IQ: 44]
       [Network #8, Technology = Wimax, Address = 02-06-00:00:00:00:00:0b, { DataRate: 24, SignalStrength: 72, AntiFragility: 36}, IQ: 42]
       [Network #5, Technology = Wifi, Address = 02-06-00:00:00:00:00:07, { DataRate: 38, SignalStrength: 58, AntiFragility: 20}, IQ: 34]
       [Network #7, Technology = Wifi, Address = 02-06-00:00:00:00:00:09, { DataRate: 10, SignalStrength: 16, AntiFragility: 51}, IQ: 32]
70s ExecutionModule:Run(): Decision time => Seconds: 0, Miliseconds: 208
70s ExecutionModule:Run(): Handover time => Seconds: 0, Miliseconds: 31
70s ExecutionModule:Run(): Event: Vertical Handover.
70s DeviceModule:MoveRandom(): New position: (48, 48)
70s DecisionModule:AddNetworkToList(): Network detected
70s DecisionModule:AddNetworkToList(): Network detected
71s DeviceModule:MoveRandom(): New position: (48, 60)
72s DeviceModule:MoveRandom(): New position: (48, 72)
73s DeviceModule:MoveRandom(): New position: (36, 72)
73s DecisionModule:RemoveNetworkFromList(): Network: 0 out of range!
74s DeviceModule:MoveRandom(): New position: (48, 72)
74s DecisionModule:AddNetworkToList(): Network detected
75s DeviceModule:MoveRandom(): New position: (36, 72)
75s DecisionModule:RemoveNetworkFromList(): Network: 0 out of range!
76s DeviceModule:MoveRandom(): New position: (24, 72)
76s DecisionModule:RemoveNetworkFromList(): Network: 1 out of range!
76s DecisionModule:RemoveNetworkFromList(): Network: 7 out of range!
77s DeviceModule:MoveRandom(): New position: (36, 72)
77s DecisionModule:AddNetworkToList(): Network detected
77s DecisionModule:AddNetworkToList(): Network detected
78s DeviceModule:MoveRandom(): New position: (48, 72)
78s DecisionModule:AddNetworkToList(): Network detected
79s DeviceModule:MoveRandom(): New position: (48, 84)
79s DecisionModule:RemoveNetworkFromList(): Network: 0 out of range!
80s DecisionModule:Run(): Run decision
80s DecisionModule:AnalyzingNetworks(): Current Network: 
       [Network #9, Technology = Wimax, Address = 02-06-00:00:00:00:00:0c, { DataRate: 61, SignalStrength: 92, AntiFragility: 82}, IQ: 79]
80s DecisionModule:ShowAllNetworks(): All detected networks:
       [Network #9, Technology = Wimax, Address = 02-06-00:00:00:00:00:0c, { DataRate: 61, SignalStrength: 92, AntiFragility: 82}, IQ: 79]
       [Network #4, Technology = Wifi, Address = 02-06-00:00:00:00:00:06, { DataRate: 67, SignalStrength: 56, AntiFragility: 80}, IQ: 70]
       [Network #3, Technology = Wifi, Address = 02-06-00:00:00:00:00:05, { DataRate: 23, SignalStrength: 58, AntiFragility: 87}, IQ: 63]
       [Network #5, Technology = Wifi, Address = 02-06-00:00:00:00:00:07, { DataRate: 77, SignalStrength: 25, AntiFragility: 75}, IQ: 63]
       [Network #8, Technology = Wimax, Address = 02-06-00:00:00:00:00:0b, { DataRate: 83, SignalStrength: 63, AntiFragility: 46}, IQ: 59]
       [Network #2, Technology = Wifi, Address = 02-06-00:00:00:00:00:04, { DataRate: 19, SignalStrength: 24, AntiFragility: 72}, IQ: 46]
       [Network #6, Technology = Wifi, Address = 02-06-00:00:00:00:00:08, { DataRate: 52, SignalStrength: 68, AntiFragility: 5}, IQ: 32]
       [Network #7, Technology = Wifi, Address = 02-06-00:00:00:00:00:09, { DataRate: 9, SignalStrength: 52, AntiFragility: 25}, IQ: 27]
       [Network #1, Technology = Wifi, Address = 02-06-00:00:00:00:00:03, { DataRate: 7, SignalStrength: 59, AntiFragility: 9}, IQ: 21]
80s ExecutionModule:Run(): Decision time => Seconds: 0, Miliseconds: 200
80s ExecutionModule:Run(): Handover time => Seconds: 0, Miliseconds: 31
80s ExecutionModule:Run(): Event: Vertical Handover.
80s DeviceModule:MoveRandom(): New position: (36, 84)
80s DecisionModule:RemoveNetworkFromList(): Network: 7 out of range!
81s DeviceModule:MoveRandom(): New position: (24, 84)
82s DeviceModule:MoveRandom(): New position: (12, 84)
82s DecisionModule:RemoveNetworkFromList(): Network: 1 out of range!
82s DecisionModule:RemoveNetworkFromList(): Network: 5 out of range!
82s DecisionModule:RemoveNetworkFromList(): Network: 8 out of range!
83s DeviceModule:MoveRandom(): New position: (12, 96)
84s DeviceModule:MoveRandom(): New position: (24, 96)
84s DecisionModule:AddNetworkToList(): Network detected
85s DeviceModule:MoveRandom(): New position: (24, 108)
86s DeviceModule:MoveRandom(): New position: (12, 108)
86s DecisionModule:RemoveNetworkFromList(): Network: 1 out of range!
87s DeviceModule:MoveRandom(): New position: (12, 120)
88s DeviceModule:MoveRandom(): New position: (12, 132)
89s DeviceModule:MoveRandom(): New position: (12, 120)
90s DecisionModule:Run(): Run decision
90s DecisionModule:AnalyzingNetworks(): Current Network: 
       [Network #9, Technology = Wimax, Address = 02-06-00:00:00:00:00:0c, { DataRate: 3, SignalStrength: 23, AntiFragility: 94}, IQ: 53]
90s DecisionModule:ShowAllNetworks(): All detected networks:
       [Network #9, Technology = Wimax, Address = 02-06-00:00:00:00:00:0c, { DataRate: 3, SignalStrength: 23, AntiFragility: 94}, IQ: 53]
       [Network #3, Technology = Wifi, Address = 02-06-00:00:00:00:00:05, { DataRate: 70, SignalStrength: 84, AntiFragility: 6}, IQ: 41]
       [Network #4, Technology = Wifi, Address = 02-06-00:00:00:00:00:06, { DataRate: 76, SignalStrength: 34, AntiFragility: 12}, IQ: 33]
       [Network #6, Technology = Wifi, Address = 02-06-00:00:00:00:00:08, { DataRate: 34, SignalStrength: 19, AntiFragility: 4}, IQ: 15]
       [Network #2, Technology = Wifi, Address = 02-06-00:00:00:00:00:04, { DataRate: 3, SignalStrength: 43, AntiFragility: 8}, IQ: 15]
90s DeviceModule:MoveRandom(): New position: (24, 120)
90s DecisionModule:AddNetworkToList(): Network detected
91s DeviceModule:MoveRandom(): New position: (24, 132)
92s DeviceModule:MoveRandom(): New position: (36, 132)
93s DeviceModule:MoveRandom(): New position: (24, 132)
94s DeviceModule:MoveRandom(): New position: (24, 144)
94s DecisionModule:RemoveNetworkFromList(): Network: 1 out of range!
95s DeviceModule:MoveRandom(): New position: (36, 144)
95s DecisionModule:AddNetworkToList(): Network detected
96s DeviceModule:MoveRandom(): New position: (36, 144)
97s DeviceModule:MoveRandom(): New position: (48, 144)
98s DeviceModule:MoveRandom(): New position: (48, 132)
99s DeviceModule:MoveRandom(): New position: (36, 132)
100s DecisionModule:Run(): Run decision
100s DecisionModule:AnalyzingNetworks(): Current Network: 
       [Network #4, Technology = Wifi, Address = 02-06-00:00:00:00:00:06, { DataRate: 60, SignalStrength: 83, AntiFragility: 68}, IQ: 69]
100s DecisionModule:ShowAllNetworks(): All detected networks:
       [Network #4, Technology = Wifi, Address = 02-06-00:00:00:00:00:06, { DataRate: 60, SignalStrength: 83, AntiFragility: 68}, IQ: 69]
       [Network #2, Technology = Wifi, Address = 02-06-00:00:00:00:00:04, { DataRate: 59, SignalStrength: 25, AntiFragility: 71}, IQ: 56]
       [Network #3, Technology = Wifi, Address = 02-06-00:00:00:00:00:05, { DataRate: 18, SignalStrength: 5, AntiFragility: 96}, IQ: 53]
       [Network #9, Technology = Wimax, Address = 02-06-00:00:00:00:00:0c, { DataRate: 60, SignalStrength: 53, AntiFragility: 13}, IQ: 34]
       [Network #1, Technology = Wifi, Address = 02-06-00:00:00:00:00:03, { DataRate: 17, SignalStrength: 97, AntiFragility: 7}, IQ: 32]
       [Network #6, Technology = Wifi, Address = 02-06-00:00:00:00:00:08, { DataRate: 43, SignalStrength: 22, AntiFragility: 11}, IQ: 21]
100s ExecutionModule:Run(): Decision time => Seconds: 0, Miliseconds: 169
100s ExecutionModule:Run(): Handover time => Seconds: 0, Miliseconds: 31
100s ExecutionModule:Run(): Event: Vertical Handover.
100s DeviceModule:MoveRandom(): New position: (48, 132)
101s DeviceModule:MoveRandom(): New position: (36, 132)
102s DeviceModule:MoveRandom(): New position: (48, 132)
103s DeviceModule:MoveRandom(): New position: (48, 144)
104s DeviceModule:MoveRandom(): New position: (36, 144)
105s DeviceModule:MoveRandom(): New position: (36, 144)
106s DeviceModule:MoveRandom(): New position: (36, 144)
107s DeviceModule:MoveRandom(): New position: (24, 144)
107s DecisionModule:RemoveNetworkFromList(): Network: 1 out of range!
108s DeviceModule:MoveRandom(): New position: (36, 144)
108s DecisionModule:AddNetworkToList(): Network detected
109s DeviceModule:MoveRandom(): New position: (48, 144)
110s DecisionModule:Run(): Run decision
110s DecisionModule:AnalyzingNetworks(): Current Network: 
       [Network #4, Technology = Wifi, Address = 02-06-00:00:00:00:00:06, { DataRate: 45, SignalStrength: 83, AntiFragility: 88}, IQ: 76]
110s DecisionModule:ShowAllNetworks(): All detected networks:
       [Network #4, Technology = Wifi, Address = 02-06-00:00:00:00:00:06, { DataRate: 45, SignalStrength: 83, AntiFragility: 88}, IQ: 76]
       [Network #3, Technology = Wifi, Address = 02-06-00:00:00:00:00:05, { DataRate: 46, SignalStrength: 98, AntiFragility: 76}, IQ: 74]
       [Network #1, Technology = Wifi, Address = 02-06-00:00:00:00:00:03, { DataRate: 16, SignalStrength: 91, AntiFragility: 94}, IQ: 73]
       [Network #6, Technology = Wifi, Address = 02-06-00:00:00:00:00:08, { DataRate: 45, SignalStrength: 25, AntiFragility: 86}, IQ: 60]
       [Network #9, Technology = Wimax, Address = 02-06-00:00:00:00:00:0c, { DataRate: 35, SignalStrength: 29, AntiFragility: 77}, IQ: 54]
       [Network #2, Technology = Wifi, Address = 02-06-00:00:00:00:00:04, { DataRate: 12, SignalStrength: 63, AntiFragility: 54}, IQ: 45]
110s DeviceModule:MoveRandom(): New position: (48, 132)
111s DeviceModule:MoveRandom(): New position: (48, 120)
111s DecisionModule:AddNetworkToList(): Network detected
112s DeviceModule:MoveRandom(): New position: (60, 120)
113s DeviceModule:MoveRandom(): New position: (60, 108)
113s DecisionModule:AddNetworkToList(): Network detected
114s DeviceModule:MoveRandom(): New position: (60, 120)
114s DecisionModule:RemoveNetworkFromList(): Network: 8 out of range!
115s DeviceModule:MoveRandom(): New position: (60, 108)
115s DecisionModule:AddNetworkToList(): Network detected
116s DeviceModule:MoveRandom(): New position: (72, 108)
117s DeviceModule:MoveRandom(): New position: (72, 96)
117s DecisionModule:AddNetworkToList(): Network detected
117s DecisionModule:AddNetworkToList(): Network detected
118s DeviceModule:MoveRandom(): New position: (84, 96)
119s DeviceModule:MoveRandom(): New position: (96, 96)
120s DecisionModule:Run(): Run decision
120s DecisionModule:AnalyzingNetworks(): Current Network: 
       [Network #1, Technology = Wifi, Address = 02-06-00:00:00:00:00:03, { DataRate: 64, SignalStrength: 94, AntiFragility: 82}, IQ: 80]
120s DecisionModule:ShowAllNetworks(): All detected networks:
       [Network #1, Technology = Wifi, Address = 02-06-00:00:00:00:00:03, { DataRate: 64, SignalStrength: 94, AntiFragility: 82}, IQ: 80]
       [Network #3, Technology = Wifi, Address = 02-06-00:00:00:00:00:05, { DataRate: 70, SignalStrength: 27, AntiFragility: 93}, IQ: 70]
       [Network #0, Technology = Wifi, Address = 02-06-00:00:00:00:00:02, { DataRate: 44, SignalStrength: 76, AntiFragility: 58}, IQ: 59]
       [Network #8, Technology = Wimax, Address = 02-06-00:00:00:00:00:0b, { DataRate: 73, SignalStrength: 52, AntiFragility: 47}, IQ: 54]
       [Network #7, Technology = Wifi, Address = 02-06-00:00:00:00:00:09, { DataRate: 30, SignalStrength: 74, AntiFragility: 55}, IQ: 53]
       [Network #2, Technology = Wifi, Address = 02-06-00:00:00:00:00:04, { DataRate: 52, SignalStrength: 52, AntiFragility: 47}, IQ: 49]
       [Network #5, Technology = Wifi, Address = 02-06-00:00:00:00:00:07, { DataRate: 79, SignalStrength: 22, AntiFragility: 34}, IQ: 42]
       [Network #6, Technology = Wifi, Address = 02-06-00:00:00:00:00:08, { DataRate: 65, SignalStrength: 81, AntiFragility: 9}, IQ: 41]
       [Network #9, Technology = Wimax, Address = 02-06-00:00:00:00:00:0c, { DataRate: 31, SignalStrength: 47, AntiFragility: 28}, IQ: 33]
       [Network #4, Technology = Wifi, Address = 02-06-00:00:00:00:00:06, { DataRate: 36, SignalStrength: 1, AntiFragility: 39}, IQ: 28]
120s ExecutionModule:Run(): Decision time => Seconds: 0, Miliseconds: 200
120s ExecutionModule:Run(): Handover time => Seconds: 0, Miliseconds: 122
120s ExecutionModule:Run(): Event: Horizontal Handover.
120s DeviceModule:MoveRandom(): New position: (96, 84)
121s DeviceModule:MoveRandom(): New position: (84, 84)
122s DeviceModule:MoveRandom(): New position: (72, 84)
123s DeviceModule:MoveRandom(): New position: (60, 84)
124s DeviceModule:MoveRandom(): New position: (48, 84)
124s DecisionModule:RemoveNetworkFromList(): Network: 0 out of range!
125s DeviceModule:MoveRandom(): New position: (48, 96)
125s DecisionModule:RemoveNetworkFromList(): Network: 7 out of range!
126s DeviceModule:MoveRandom(): New position: (36, 96)
127s DeviceModule:MoveRandom(): New position: (48, 96)
128s DeviceModule:MoveRandom(): New position: (36, 96)
129s DeviceModule:MoveRandom(): New position: (48, 96)
130s DecisionModule:Run(): Run decision
130s DecisionModule:AnalyzingNetworks(): Current Network: 
       [Network #9, Technology = Wimax, Address = 02-06-00:00:00:00:00:0c, { DataRate: 92, SignalStrength: 75, AntiFragility: 78}, IQ: 80]
130s DecisionModule:ShowAllNetworks(): All detected networks:
       [Network #9, Technology = Wimax, Address = 02-06-00:00:00:00:00:0c, { DataRate: 92, SignalStrength: 75, AntiFragility: 78}, IQ: 80]
       [Network #5, Technology = Wifi, Address = 02-06-00:00:00:00:00:07, { DataRate: 59, SignalStrength: 47, AntiFragility: 92}, IQ: 72]
       [Network #2, Technology = Wifi, Address = 02-06-00:00:00:00:00:04, { DataRate: 84, SignalStrength: 50, AntiFragility: 52}, IQ: 59]
       [Network #6, Technology = Wifi, Address = 02-06-00:00:00:00:00:08, { DataRate: 56, SignalStrength: 65, AntiFragility: 56}, IQ: 58]
       [Network #4, Technology = Wifi, Address = 02-06-00:00:00:00:00:06, { DataRate: 31, SignalStrength: 95, AntiFragility: 52}, IQ: 57]
       [Network #8, Technology = Wimax, Address = 02-06-00:00:00:00:00:0b, { DataRate: 25, SignalStrength: 64, AntiFragility: 36}, IQ: 40]
       [Network #1, Technology = Wifi, Address = 02-06-00:00:00:00:00:03, { DataRate: 8, SignalStrength: 38, AntiFragility: 44}, IQ: 33]
       [Network #3, Technology = Wifi, Address = 02-06-00:00:00:00:00:05, { DataRate: 9, SignalStrength: 75, AntiFragility: 19}, IQ: 30]
130s ExecutionModule:Run(): Decision time => Seconds: 0, Miliseconds: 216
130s ExecutionModule:Run(): Handover time => Seconds: 0, Miliseconds: 32
130s ExecutionModule:Run(): Event: Vertical Handover.
130s DeviceModule:MoveRandom(): New position: (48, 108)
131s DeviceModule:MoveRandom(): New position: (48, 96)
132s DeviceModule:MoveRandom(): New position: (48, 108)
133s DeviceModule:MoveRandom(): New position: (36, 108)
133s DecisionModule:RemoveNetworkFromList(): Network: 5 out of range!
133s DecisionModule:RemoveNetworkFromList(): Network: 8 out of range!
134s DeviceModule:MoveRandom(): New position: (24, 108)
135s DeviceModule:MoveRandom(): New position: (24, 120)
136s DeviceModule:MoveRandom(): New position: (24, 132)
137s DeviceModule:MoveRandom(): New position: (36, 132)
138s DeviceModule:MoveRandom(): New position: (24, 132)
139s DeviceModule:MoveRandom(): New position: (24, 144)
139s DecisionModule:RemoveNetworkFromList(): Network: 1 out of range!
140s DecisionModule:Run(): Run decision
140s DecisionModule:AnalyzingNetworks(): Current Network: 
       [Network #3, Technology = Wifi, Address = 02-06-00:00:00:00:00:05, { DataRate: 15, SignalStrength: 79, AntiFragility: 63}, IQ: 55]
140s DecisionModule:ShowAllNetworks(): All detected networks:
       [Network #3, Technology = Wifi, Address = 02-06-00:00:00:00:00:05, { DataRate: 15, SignalStrength: 79, AntiFragility: 63}, IQ: 55]
       [Network #9, Technology = Wimax, Address = 02-06-00:00:00:00:00:0c, { DataRate: 87, SignalStrength: 35, AntiFragility: 31}, IQ: 46]
       [Network #6, Technology = Wifi, Address = 02-06-00:00:00:00:00:08, { DataRate: 20, SignalStrength: 39, AntiFragility: 45}, IQ: 37]
       [Network #4, Technology = Wifi, Address = 02-06-00:00:00:00:00:06, { DataRate: 38, SignalStrength: 12, AntiFragility: 44}, IQ: 34]
       [Network #2, Technology = Wifi, Address = 02-06-00:00:00:00:00:04, { DataRate: 7, SignalStrength: 17, AntiFragility: 50}, IQ: 31]
140s ExecutionModule:Run(): Decision time => Seconds: 0, Miliseconds: 206
140s ExecutionModule:Run(): Handover time => Seconds: 0, Miliseconds: 31
140s ExecutionModule:Run(): Event: Vertical Handover.
140s DeviceModule:MoveRandom(): New position: (36, 144)
140s DecisionModule:AddNetworkToList(): Network detected
141s DeviceModule:MoveRandom(): New position: (36, 144)
142s DeviceModule:MoveRandom(): New position: (36, 144)
143s DeviceModule:MoveRandom(): New position: (24, 144)
143s DecisionModule:RemoveNetworkFromList(): Network: 1 out of range!
144s DeviceModule:MoveRandom(): New position: (12, 144)
145s DeviceModule:MoveRandom(): New position: (0, 144)
146s DeviceModule:MoveRandom(): New position: (0, 144)
147s DeviceModule:MoveRandom(): New position: (0, 144)
148s DeviceModule:MoveRandom(): New position: (0, 132)
149s DeviceModule:MoveRandom(): New position: (12, 132)
150s DecisionModule:Run(): Run decision
150s DecisionModule:AnalyzingNetworks(): Current Network: 
       [Network #2, Technology = Wifi, Address = 02-06-00:00:00:00:00:04, { DataRate: 72, SignalStrength: 29, AntiFragility: 46}, IQ: 48]
150s DecisionModule:ShowAllNetworks(): All detected networks:
       [Network #2, Technology = Wifi, Address = 02-06-00:00:00:00:00:04, { DataRate: 72, SignalStrength: 29, AntiFragility: 46}, IQ: 48]
       [Network #9, Technology = Wimax, Address = 02-06-00:00:00:00:00:0c, { DataRate: 33, SignalStrength: 16, AntiFragility: 71}, IQ: 47]
       [Network #6, Technology = Wifi, Address = 02-06-00:00:00:00:00:08, { DataRate: 36, SignalStrength: 32, AntiFragility: 53}, IQ: 43]
       [Network #3, Technology = Wifi, Address = 02-06-00:00:00:00:00:05, { DataRate: 95, SignalStrength: 11, AntiFragility: 32}, IQ: 42]
       [Network #4, Technology = Wifi, Address = 02-06-00:00:00:00:00:06, { DataRate: 95, SignalStrength: 12, AntiFragility: 5}, IQ: 29]
150s ExecutionModule:Run(): Decision time => Seconds: 0, Miliseconds: 166
150s ExecutionModule:Run(): Handover time => Seconds: 0, Miliseconds: 121
150s ExecutionModule:Run(): Event: Horizontal Handover.
150s DeviceModule:MoveRandom(): New position: (24, 132)
150s DecisionModule:AddNetworkToList(): Network detected
151s DeviceModule:MoveRandom(): New position: (12, 132)
151s DecisionModule:RemoveNetworkFromList(): Network: 1 out of range!
152s DeviceModule:MoveRandom(): New position: (12, 144)
153s DeviceModule:MoveRandom(): New position: (0, 144)
154s DeviceModule:MoveRandom(): New position: (0, 144)
155s DeviceModule:MoveRandom(): New position: (0, 132)
156s DeviceModule:MoveRandom(): New position: (0, 144)
157s DeviceModule:MoveRandom(): New position: (0, 144)
158s DeviceModule:MoveRandom(): New position: (12, 144)
159s DeviceModule:MoveRandom(): New position: (24, 144)
160s DecisionModule:Run(): Run decision
160s DecisionModule:AnalyzingNetworks(): Current Network: 
       [Network #9, Technology = Wimax, Address = 02-06-00:00:00:00:00:0c, { DataRate: 81, SignalStrength: 61, AntiFragility: 83}, IQ: 77]
160s DecisionModule:ShowAllNetworks(): All detected networks:
       [Network #9, Technology = Wimax, Address = 02-06-00:00:00:00:00:0c, { DataRate: 81, SignalStrength: 61, AntiFragility: 83}, IQ: 77]
       [Network #2, Technology = Wifi, Address = 02-06-00:00:00:00:00:04, { DataRate: 61, SignalStrength: 46, AntiFragility: 64}, IQ: 58]
       [Network #6, Technology = Wifi, Address = 02-06-00:00:00:00:00:08, { DataRate: 12, SignalStrength: 94, AntiFragility: 32}, IQ: 42]
       [Network #3, Technology = Wifi, Address = 02-06-00:00:00:00:00:05, { DataRate: 46, SignalStrength: 85, AntiFragility: 3}, IQ: 34]
       [Network #4, Technology = Wifi, Address = 02-06-00:00:00:00:00:06, { DataRate: 36, SignalStrength: 2, AntiFragility: 17}, IQ: 18]
160s ExecutionModule:Run(): Decision time => Seconds: 0, Miliseconds: 170
160s ExecutionModule:Run(): Handover time => Seconds: 0, Miliseconds: 31
160s ExecutionModule:Run(): Event: Vertical Handover.
160s DeviceModule:MoveRandom(): New position: (36, 144)
160s DecisionModule:AddNetworkToList(): Network detected
161s DeviceModule:MoveRandom(): New position: (24, 144)
161s DecisionModule:RemoveNetworkFromList(): Network: 1 out of range!
162s DeviceModule:MoveRandom(): New position: (36, 144)
162s DecisionModule:AddNetworkToList(): Network detected
163s DeviceModule:MoveRandom(): New position: (24, 144)
163s DecisionModule:RemoveNetworkFromList(): Network: 1 out of range!
164s DeviceModule:MoveRandom(): New position: (24, 132)
164s DecisionModule:AddNetworkToList(): Network detected
165s DeviceModule:MoveRandom(): New position: (24, 144)
165s DecisionModule:RemoveNetworkFromList(): Network: 1 out of range!
166s DeviceModule:MoveRandom(): New position: (24, 144)
167s DeviceModule:MoveRandom(): New position: (12, 144)
168s DeviceModule:MoveRandom(): New position: (12, 132)
169s DeviceModule:MoveRandom(): New position: (12, 120)
170s DecisionModule:Run(): Run decision
170s DecisionModule:AnalyzingNetworks(): Current Network: 
       [Network #9, Technology = Wimax, Address = 02-06-00:00:00:00:00:0c, { DataRate: 57, SignalStrength: 72, AntiFragility: 81}, IQ: 72]
170s DecisionModule:ShowAllNetworks(): All detected networks:
       [Network #9, Technology = Wimax, Address = 02-06-00:00:00:00:00:0c, { DataRate: 57, SignalStrength: 72, AntiFragility: 81}, IQ: 72]
       [Network #2, Technology = Wifi, Address = 02-06-00:00:00:00:00:04, { DataRate: 53, SignalStrength: 45, AntiFragility: 47}, IQ: 48]
       [Network #6, Technology = Wifi, Address = 02-06-00:00:00:00:00:08, { DataRate: 64, SignalStrength: 43, AntiFragility: 31}, IQ: 42]
       [Network #3, Technology = Wifi, Address = 02-06-00:00:00:00:00:05, { DataRate: 20, SignalStrength: 35, AntiFragility: 58}, IQ: 42]
       [Network #4, Technology = Wifi, Address = 02-06-00:00:00:00:00:06, { DataRate: 63, SignalStrength: 87, AntiFragility: 10}, IQ: 42]
170s DeviceModule:MoveRandom(): New position: (0, 120)
171s DeviceModule:MoveRandom(): New position: (12, 120)
172s DeviceModule:MoveRandom(): New position: (12, 132)
173s DeviceModule:MoveRandom(): New position: (12, 144)
174s DeviceModule:MoveRandom(): New position: (0, 144)
175s DeviceModule:MoveRandom(): New position: (0, 132)
176s DeviceModule:MoveRandom(): New position: (0, 132)
177s DeviceModule:MoveRandom(): New position: (0, 132)
178s DeviceModule:MoveRandom(): New position: (0, 132)
179s DeviceModule:MoveRandom(): New position: (12, 132)
180s DecisionModule:Run(): Run decision
180s DecisionModule:AnalyzingNetworks(): Current Network: 
       [Network #3, Technology = Wifi, Address = 02-06-00:00:00:00:00:05, { DataRate: 53, SignalStrength: 97, AntiFragility: 78}, IQ: 76]
180s DecisionModule:ShowAllNetworks(): All detected networks:
       [Network #3, Technology = Wifi, Address = 02-06-00:00:00:00:00:05, { DataRate: 53, SignalStrength: 97, AntiFragility: 78}, IQ: 76]
       [Network #2, Technology = Wifi, Address = 02-06-00:00:00:00:00:04, { DataRate: 58, SignalStrength: 9, AntiFragility: 69}, IQ: 51]
       [Network #4, Technology = Wifi, Address = 02-06-00:00:00:00:00:06, { DataRate: 61, SignalStrength: 29, AntiFragility: 48}, IQ: 46]
       [Network #6, Technology = Wifi, Address = 02-06-00:00:00:00:00:08, { DataRate: 46, SignalStrength: 64, AntiFragility: 18}, IQ: 36]
       [Network #9, Technology = Wimax, Address = 02-06-00:00:00:00:00:0c, { DataRate: 34, SignalStrength: 86, AntiFragility: 9}, IQ: 34]
180s ExecutionModule:Run(): Decision time => Seconds: 0, Miliseconds: 167
180s ExecutionModule:Run(): Handover time => Seconds: 0, Miliseconds: 31
180s ExecutionModule:Run(): Event: Vertical Handover.
180s DeviceModule:MoveRandom(): New position: (24, 132)
180s DecisionModule:AddNetworkToList(): Network detected
181s DeviceModule:MoveRandom(): New position: (24, 120)
182s DeviceModule:MoveRandom(): New position: (24, 132)
183s DeviceModule:MoveRandom(): New position: (24, 120)
184s DeviceModule:MoveRandom(): New position: (12, 120)
184s DecisionModule:RemoveNetworkFromList(): Network: 1 out of range!
185s DeviceModule:MoveRandom(): New position: (12, 108)
186s DeviceModule:MoveRandom(): New position: (12, 96)
187s DeviceModule:MoveRandom(): New position: (12, 84)
188s DeviceModule:MoveRandom(): New position: (24, 84)
188s DecisionModule:AddNetworkToList(): Network detected
188s DecisionModule:AddNetworkToList(): Network detected
188s DecisionModule:AddNetworkToList(): Network detected
189s DeviceModule:MoveRandom(): New position: (36, 84)
190s DecisionModule:Run(): Run decision
190s DecisionModule:AnalyzingNetworks(): Current Network: 
       [Network #1, Technology = Wifi, Address = 02-06-00:00:00:00:00:03, { DataRate: 99, SignalStrength: 93, AntiFragility: 88}, IQ: 92]
190s DecisionModule:ShowAllNetworks(): All detected networks:
       [Network #1, Technology = Wifi, Address = 02-06-00:00:00:00:00:03, { DataRate: 99, SignalStrength: 93, AntiFragility: 88}, IQ: 92]
       [Network #3, Technology = Wifi, Address = 02-06-00:00:00:00:00:05, { DataRate: 97, SignalStrength: 88, AntiFragility: 77}, IQ: 84]
       [Network #4, Technology = Wifi, Address = 02-06-00:00:00:00:00:06, { DataRate: 89, SignalStrength: 60, AntiFragility: 83}, IQ: 78]
       [Network #8, Technology = Wimax, Address = 02-06-00:00:00:00:00:0b, { DataRate: 86, SignalStrength: 8, AntiFragility: 72}, IQ: 59]
       [Network #6, Technology = Wifi, Address = 02-06-00:00:00:00:00:08, { DataRate: 32, SignalStrength: 8, AntiFragility: 85}, IQ: 52]
       [Network #2, Technology = Wifi, Address = 02-06-00:00:00:00:00:04, { DataRate: 56, SignalStrength: 67, AntiFragility: 36}, IQ: 48]
       [Network #9, Technology = Wimax, Address = 02-06-00:00:00:00:00:0c, { DataRate: 29, SignalStrength: 4, AntiFragility: 77}, IQ: 46]
       [Network #5, Technology = Wifi, Address = 02-06-00:00:00:00:00:07, { DataRate: 33, SignalStrength: 21, AntiFragility: 37}, IQ: 32]
190s ExecutionModule:Run(): Decision time => Seconds: 0, Miliseconds: 189
190s ExecutionModule:Run(): Handover time => Seconds: 0, Miliseconds: 122
190s ExecutionModule:Run(): Event: Horizontal Handover.
190s DeviceModule:MoveRandom(): New position: (36, 72)
190s DecisionModule:AddNetworkToList(): Network detected
191s DeviceModule:MoveRandom(): New position: (24, 72)
191s ExecutionModule:OutOfRange(): OUT OF BETTER NETWORK! Choosing another network...
191s DecisionModule:RemoveNetworkFromList(): Network: 1 out of range!
191s DecisionModule:Run(): Run decision
191s DecisionModule:AnalyzingNetworks(): Current Network: 
       [Network #4, Technology = Wifi, Address = 02-06-00:00:00:00:00:06, { DataRate: 94, SignalStrength: 47, AntiFragility: 86}, IQ: 78]
191s DecisionModule:ShowAllNetworks(): All detected networks:
       [Network #4, Technology = Wifi, Address = 02-06-00:00:00:00:00:06, { DataRate: 94, SignalStrength: 47, AntiFragility: 86}, IQ: 78]
       [Network #3, Technology = Wifi, Address = 02-06-00:00:00:00:00:05, { DataRate: 57, SignalStrength: 99, AntiFragility: 74}, IQ: 76]
       [Network #8, Technology = Wimax, Address = 02-06-00:00:00:00:00:0b, { DataRate: 3, SignalStrength: 61, AntiFragility: 89}, IQ: 60]
       [Network #9, Technology = Wimax, Address = 02-06-00:00:00:00:00:0c, { DataRate: 23, SignalStrength: 25, AntiFragility: 74}, IQ: 49]
       [Network #6, Technology = Wifi, Address = 02-06-00:00:00:00:00:08, { DataRate: 65, SignalStrength: 4, AntiFragility: 50}, IQ: 42]
       [Network #2, Technology = Wifi, Address = 02-06-00:00:00:00:00:04, { DataRate: 55, SignalStrength: 17, AntiFragility: 49}, IQ: 42]
       [Network #7, Technology = Wifi, Address = 02-06-00:00:00:00:00:09, { DataRate: 63, SignalStrength: 77, AntiFragility: 3}, IQ: 36]
       [Network #5, Technology = Wifi, Address = 02-06-00:00:00:00:00:07, { DataRate: 13, SignalStrength: 10, AntiFragility: 58}, IQ: 34]
191s ExecutionModule:Run(): Decision time => Seconds: 0, Miliseconds: 142
191s ExecutionModule:Run(): Handover time => Seconds: 0, Miliseconds: 119
191s ExecutionModule:Run(): Event: Horizontal Handover.
191s DecisionModule:RemoveNetworkFromList(): Network: 7 out of range!
192s DeviceModule:MoveRandom(): New position: (36, 72)
192s DecisionModule:AddNetworkToList(): Network detected
192s DecisionModule:AddNetworkToList(): Network detected
193s DeviceModule:MoveRandom(): New position: (36, 84)
193s DecisionModule:RemoveNetworkFromList(): Network: 7 out of range!
194s DeviceModule:MoveRandom(): New position: (36, 96)
195s DeviceModule:MoveRandom(): New position: (36, 108)
195s DecisionModule:RemoveNetworkFromList(): Network: 5 out of range!
195s DecisionModule:RemoveNetworkFromList(): Network: 8 out of range!
196s DeviceModule:MoveRandom(): New position: (48, 108)
196s DecisionModule:AddNetworkToList(): Network detected
196s DecisionModule:AddNetworkToList(): Network detected
197s DeviceModule:MoveRandom(): New position: (36, 108)
197s DecisionModule:RemoveNetworkFromList(): Network: 5 out of range!
197s DecisionModule:RemoveNetworkFromList(): Network: 8 out of range!
198s DeviceModule:MoveRandom(): New position: (24, 108)
199s DeviceModule:MoveRandom(): New position: (36, 108)
