Waf: Entering directory `/home/renan/Documents/NR2/ns-allinone-3.20/ns-3.20/build'
Waf: Leaving directory `/home/renan/Documents/NR2/ns-allinone-3.20/ns-3.20/build'
'build' finished successfully (1.757s)
0s NetworkModule:SetPosition(): Network 0 set position => (15, 126)
0s NetworkModule:SetRange(): Network 0 set range => 100
0s NetworkModule:SetPosition(): Network 1 set position => (27, 27)
0s NetworkModule:SetRange(): Network 1 set range => 100
0s NetworkModule:SetPosition(): Network 2 set position => (41, 70)
0s NetworkModule:SetRange(): Network 2 set range => 100
0s NetworkModule:SetPosition(): Network 3 set position => (46, 110)
0s NetworkModule:SetRange(): Network 3 set range => 100
0s NetworkModule:SetPosition(): Network 4 set position => (149, 124)
0s NetworkModule:SetRange(): Network 4 set range => 100
0s NetworkModule:SetPosition(): Network 5 set position => (10, 68)
0s NetworkModule:SetRange(): Network 5 set range => 100
0s NetworkModule:SetPosition(): Network 6 set position => (38, 25)
0s NetworkModule:SetRange(): Network 6 set range => 100
0s NetworkModule:SetPosition(): Network 7 set position => (65, 0)
0s NetworkModule:SetRange(): Network 7 set range => 100
0s NetworkModule:SetPosition(): Network 8 set position => (104, 89)
0s NetworkModule:SetRange(): Network 8 set range => 100
0s NetworkModule:SetPosition(): Network 9 set position => (74, 26)
0s NetworkModule:SetRange(): Network 9 set range => 100
0s DeviceModule:ConfigureMobility(): Device [init x = 0, init y = 0, max = 150, velocity = 12]
1s DeviceModule:MoveRandom(): New position: (0, 0)
1s DecisionModule:AddNetworkToList(): Network detected
1s DecisionModule:AddNetworkToList(): Network detected
1s DecisionModule:AddNetworkToList(): Network detected
1s DecisionModule:AddNetworkToList(): Network detected
1s DecisionModule:AddNetworkToList(): Network detected
1s DecisionModule:AddNetworkToList(): Network detected
2s DeviceModule:MoveRandom(): New position: (12, 0)
3s DeviceModule:MoveRandom(): New position: (12, 0)
4s DeviceModule:MoveRandom(): New position: (0, 0)
5s DeviceModule:MoveRandom(): New position: (0, 12)
6s DeviceModule:MoveRandom(): New position: (0, 0)
7s DeviceModule:MoveRandom(): New position: (0, 12)
8s DeviceModule:MoveRandom(): New position: (0, 0)
9s DeviceModule:MoveRandom(): New position: (12, 0)
10s DecisionModule:Run(): Run decision
10s DecisionModule:AnalyzingNetworks(): Current Network: 
       [Network #5, Technology = Wifi, Address = 02-06-00:00:00:00:00:07, { DataRate: 96, SignalStrength: 16, AntiFragility: 89}, IQ: 72]
10s DecisionModule:ShowAllNetworks(): All detected networks:
       [Network #5, Technology = Wifi, Address = 02-06-00:00:00:00:00:07, { DataRate: 96, SignalStrength: 16, AntiFragility: 89}, IQ: 72]
       [Network #2, Technology = Wifi, Address = 02-06-00:00:00:00:00:04, { DataRate: 84, SignalStrength: 6, AntiFragility: 88}, IQ: 66]
       [Network #1, Technology = Wifi, Address = 02-06-00:00:00:00:00:03, { DataRate: 27, SignalStrength: 14, AntiFragility: 97}, IQ: 58]
       [Network #9, Technology = Wimax, Address = 02-06-00:00:00:00:00:0c, { DataRate: 44, SignalStrength: 50, AntiFragility: 64}, IQ: 55]
       [Network #7, Technology = Wifi, Address = 02-06-00:00:00:00:00:09, { DataRate: 16, SignalStrength: 27, AntiFragility: 37}, IQ: 29]
       [Network #6, Technology = Wifi, Address = 02-06-00:00:00:00:00:08, { DataRate: 30, SignalStrength: 64, AntiFragility: 9}, IQ: 28]
10s DeviceModule:MoveRandom(): New position: (0, 0)
11s DeviceModule:MoveRandom(): New position: (12, 0)
12s DeviceModule:MoveRandom(): New position: (0, 0)
13s DeviceModule:MoveRandom(): New position: (0, 0)
14s DeviceModule:MoveRandom(): New position: (0, 0)
15s DeviceModule:MoveRandom(): New position: (0, 12)
16s DeviceModule:MoveRandom(): New position: (0, 0)
17s DeviceModule:MoveRandom(): New position: (0, 0)
18s DeviceModule:MoveRandom(): New position: (0, 0)
19s DeviceModule:MoveRandom(): New position: (12, 0)
20s DecisionModule:Run(): Run decision
20s DecisionModule:AnalyzingNetworks(): Current Network: 
       [Network #9, Technology = Wimax, Address = 02-06-00:00:00:00:00:0c, { DataRate: 44, SignalStrength: 61, AntiFragility: 70}, IQ: 61]
20s DecisionModule:ShowAllNetworks(): All detected networks:
       [Network #9, Technology = Wimax, Address = 02-06-00:00:00:00:00:0c, { DataRate: 44, SignalStrength: 61, AntiFragility: 70}, IQ: 61]
       [Network #7, Technology = Wifi, Address = 02-06-00:00:00:00:00:09, { DataRate: 70, SignalStrength: 80, AntiFragility: 35}, IQ: 55]
       [Network #1, Technology = Wifi, Address = 02-06-00:00:00:00:00:03, { DataRate: 23, SignalStrength: 13, AntiFragility: 77}, IQ: 47]
       [Network #5, Technology = Wifi, Address = 02-06-00:00:00:00:00:07, { DataRate: 48, SignalStrength: 79, AntiFragility: 18}, IQ: 40]
       [Network #6, Technology = Wifi, Address = 02-06-00:00:00:00:00:08, { DataRate: 54, SignalStrength: 87, AntiFragility: 6}, IQ: 38]
       [Network #2, Technology = Wifi, Address = 02-06-00:00:00:00:00:04, { DataRate: 17, SignalStrength: 47, AntiFragility: 33}, IQ: 32]
20s ExecutionModule:Run(): Decision time => Seconds: 0, Miliseconds: 187
20s ExecutionModule:Run(): Handover time => Seconds: 0, Miliseconds: 277
20s ExecutionModule:Run(): Event: Vertical Handover.
20s DeviceModule:MoveRandom(): New position: (12, 0)
21s DeviceModule:MoveRandom(): New position: (12, 0)
22s DeviceModule:MoveRandom(): New position: (0, 0)
23s DeviceModule:MoveRandom(): New position: (0, 0)
24s DeviceModule:MoveRandom(): New position: (0, 12)
25s DeviceModule:MoveRandom(): New position: (0, 0)
26s DeviceModule:MoveRandom(): New position: (0, 0)
27s DeviceModule:MoveRandom(): New position: (12, 0)
28s DeviceModule:MoveRandom(): New position: (12, 12)
29s DeviceModule:MoveRandom(): New position: (0, 12)
30s DecisionModule:Run(): Run decision
30s DecisionModule:AnalyzingNetworks(): Current Network: 
       [Network #5, Technology = Wifi, Address = 02-06-00:00:00:00:00:07, { DataRate: 84, SignalStrength: 66, AntiFragility: 73}, IQ: 74]
30s DecisionModule:ShowAllNetworks(): All detected networks:
       [Network #5, Technology = Wifi, Address = 02-06-00:00:00:00:00:07, { DataRate: 84, SignalStrength: 66, AntiFragility: 73}, IQ: 74]
       [Network #1, Technology = Wifi, Address = 02-06-00:00:00:00:00:03, { DataRate: 12, SignalStrength: 48, AntiFragility: 84}, IQ: 57]
       [Network #7, Technology = Wifi, Address = 02-06-00:00:00:00:00:09, { DataRate: 44, SignalStrength: 49, AntiFragility: 52}, IQ: 49]
       [Network #9, Technology = Wimax, Address = 02-06-00:00:00:00:00:0c, { DataRate: 46, SignalStrength: 51, AntiFragility: 28}, IQ: 38]
       [Network #2, Technology = Wifi, Address = 02-06-00:00:00:00:00:04, { DataRate: 22, SignalStrength: 1, AntiFragility: 62}, IQ: 36]
       [Network #6, Technology = Wifi, Address = 02-06-00:00:00:00:00:08, { DataRate: 78, SignalStrength: 40, AntiFragility: 7}, IQ: 33]
30s ExecutionModule:Run(): Decision time => Seconds: 0, Miliseconds: 332
30s ExecutionModule:Run(): Handover time => Seconds: 0, Miliseconds: 79
30s ExecutionModule:Run(): Event: Vertical Handover.
30s DeviceModule:MoveRandom(): New position: (0, 24)
30s DecisionModule:AddNetworkToList(): Network detected
31s DeviceModule:MoveRandom(): New position: (0, 12)
31s DecisionModule:RemoveNetworkFromList(): Network: 3 out of range!
32s DeviceModule:MoveRandom(): New position: (12, 12)
33s DeviceModule:MoveRandom(): New position: (24, 12)
33s DecisionModule:AddNetworkToList(): Network detected
34s DeviceModule:MoveRandom(): New position: (36, 12)
35s DeviceModule:MoveRandom(): New position: (36, 0)
35s DecisionModule:RemoveNetworkFromList(): Network: 3 out of range!
36s DeviceModule:MoveRandom(): New position: (48, 0)
37s DeviceModule:MoveRandom(): New position: (48, 0)
38s DeviceModule:MoveRandom(): New position: (36, 0)
39s DeviceModule:MoveRandom(): New position: (36, 0)
40s DecisionModule:Run(): Run decision
40s DecisionModule:AnalyzingNetworks(): Current Network: 
       [Network #5, Technology = Wifi, Address = 02-06-00:00:00:00:00:07, { DataRate: 68, SignalStrength: 99, AntiFragility: 58}, IQ: 70]
40s DecisionModule:ShowAllNetworks(): All detected networks:
       [Network #5, Technology = Wifi, Address = 02-06-00:00:00:00:00:07, { DataRate: 68, SignalStrength: 99, AntiFragility: 58}, IQ: 70]
       [Network #6, Technology = Wifi, Address = 02-06-00:00:00:00:00:08, { DataRate: 95, SignalStrength: 5, AntiFragility: 87}, IQ: 68]
       [Network #7, Technology = Wifi, Address = 02-06-00:00:00:00:00:09, { DataRate: 67, SignalStrength: 43, AntiFragility: 69}, IQ: 62]
       [Network #1, Technology = Wifi, Address = 02-06-00:00:00:00:00:03, { DataRate: 72, SignalStrength: 45, AntiFragility: 34}, IQ: 46]
       [Network #2, Technology = Wifi, Address = 02-06-00:00:00:00:00:04, { DataRate: 30, SignalStrength: 83, AntiFragility: 1}, IQ: 28]
       [Network #9, Technology = Wimax, Address = 02-06-00:00:00:00:00:0c, { DataRate: 46, SignalStrength: 8, AntiFragility: 2}, IQ: 14]
40s DeviceModule:MoveRandom(): New position: (48, 0)
41s DeviceModule:MoveRandom(): New position: (48, 0)
42s DeviceModule:MoveRandom(): New position: (48, 0)
43s DeviceModule:MoveRandom(): New position: (48, 0)
44s DeviceModule:MoveRandom(): New position: (60, 0)
44s DecisionModule:AddNetworkToList(): Network detected
45s DeviceModule:MoveRandom(): New position: (48, 0)
45s DecisionModule:RemoveNetworkFromList(): Network: 8 out of range!
46s DeviceModule:MoveRandom(): New position: (60, 0)
46s DecisionModule:AddNetworkToList(): Network detected
47s DeviceModule:MoveRandom(): New position: (72, 0)
48s DeviceModule:MoveRandom(): New position: (72, 12)
49s DeviceModule:MoveRandom(): New position: (60, 12)
49s DecisionModule:AddNetworkToList(): Network detected
50s DecisionModule:Run(): Run decision
50s DecisionModule:AnalyzingNetworks(): Current Network: 
       [Network #9, Technology = Wimax, Address = 02-06-00:00:00:00:00:0c, { DataRate: 36, SignalStrength: 40, AntiFragility: 95}, IQ: 66]
50s DecisionModule:ShowAllNetworks(): All detected networks:
       [Network #9, Technology = Wimax, Address = 02-06-00:00:00:00:00:0c, { DataRate: 36, SignalStrength: 40, AntiFragility: 95}, IQ: 66]
       [Network #6, Technology = Wifi, Address = 02-06-00:00:00:00:00:08, { DataRate: 33, SignalStrength: 68, AntiFragility: 71}, IQ: 60]
       [Network #5, Technology = Wifi, Address = 02-06-00:00:00:00:00:07, { DataRate: 7, SignalStrength: 18, AntiFragility: 90}, IQ: 51]
       [Network #3, Technology = Wifi, Address = 02-06-00:00:00:00:00:05, { DataRate: 2, SignalStrength: 53, AntiFragility: 49}, IQ: 38]
       [Network #7, Technology = Wifi, Address = 02-06-00:00:00:00:00:09, { DataRate: 77, SignalStrength: 62, AntiFragility: 2}, IQ: 35]
       [Network #2, Technology = Wifi, Address = 02-06-00:00:00:00:00:04, { DataRate: 58, SignalStrength: 24, AntiFragility: 22}, IQ: 31]
       [Network #1, Technology = Wifi, Address = 02-06-00:00:00:00:00:03, { DataRate: 15, SignalStrength: 97, AntiFragility: 4}, IQ: 30]
       [Network #8, Technology = Wimax, Address = 02-06-00:00:00:00:00:0b, { DataRate: 24, SignalStrength: 44, AntiFragility: 22}, IQ: 28]
50s ExecutionModule:Run(): Decision time => Seconds: 0, Miliseconds: 190
50s ExecutionModule:Run(): Handover time => Seconds: 0, Miliseconds: 31
50s ExecutionModule:Run(): Event: Vertical Handover.
50s DeviceModule:MoveRandom(): New position: (60, 24)
51s DeviceModule:MoveRandom(): New position: (48, 24)
52s DeviceModule:MoveRandom(): New position: (36, 24)
53s DeviceModule:MoveRandom(): New position: (36, 36)
53s DecisionModule:AddNetworkToList(): Network detected
54s DeviceModule:MoveRandom(): New position: (36, 24)
54s DecisionModule:RemoveNetworkFromList(): Network: 0 out of range!
55s DeviceModule:MoveRandom(): New position: (24, 24)
55s DecisionModule:RemoveNetworkFromList(): Network: 8 out of range!
56s DeviceModule:MoveRandom(): New position: (24, 36)
56s DecisionModule:AddNetworkToList(): Network detected
56s DecisionModule:AddNetworkToList(): Network detected
57s DeviceModule:MoveRandom(): New position: (36, 36)
58s DeviceModule:MoveRandom(): New position: (48, 36)
59s DeviceModule:MoveRandom(): New position: (48, 24)
59s DecisionModule:RemoveNetworkFromList(): Network: 0 out of range!
60s DecisionModule:Run(): Run decision
60s DecisionModule:AnalyzingNetworks(): Current Network: 
       [Network #6, Technology = Wifi, Address = 02-06-00:00:00:00:00:08, { DataRate: 36, SignalStrength: 98, AntiFragility: 37}, IQ: 52]
60s DecisionModule:ShowAllNetworks(): All detected networks:
       [Network #6, Technology = Wifi, Address = 02-06-00:00:00:00:00:08, { DataRate: 36, SignalStrength: 98, AntiFragility: 37}, IQ: 52]
       [Network #3, Technology = Wifi, Address = 02-06-00:00:00:00:00:05, { DataRate: 26, SignalStrength: 28, AntiFragility: 72}, IQ: 49]
       [Network #7, Technology = Wifi, Address = 02-06-00:00:00:00:00:09, { DataRate: 73, SignalStrength: 18, AntiFragility: 47}, IQ: 46]
       [Network #2, Technology = Wifi, Address = 02-06-00:00:00:00:00:04, { DataRate: 55, SignalStrength: 83, AntiFragility: 10}, IQ: 39]
       [Network #5, Technology = Wifi, Address = 02-06-00:00:00:00:00:07, { DataRate: 17, SignalStrength: 67, AntiFragility: 33}, IQ: 37]
       [Network #9, Technology = Wimax, Address = 02-06-00:00:00:00:00:0c, { DataRate: 38, SignalStrength: 99, AntiFragility: 1}, IQ: 34]
       [Network #1, Technology = Wifi, Address = 02-06-00:00:00:00:00:03, { DataRate: 93, SignalStrength: 3, AntiFragility: 20}, IQ: 34]
       [Network #8, Technology = Wimax, Address = 02-06-00:00:00:00:00:0b, { DataRate: 11, SignalStrength: 59, AntiFragility: 11}, IQ: 23]
60s ExecutionModule:Run(): Decision time => Seconds: 0, Miliseconds: 189
60s ExecutionModule:Run(): Handover time => Seconds: 0, Miliseconds: 31
60s ExecutionModule:Run(): Event: Vertical Handover.
60s DeviceModule:MoveRandom(): New position: (48, 36)
60s DecisionModule:AddNetworkToList(): Network detected
61s DeviceModule:MoveRandom(): New position: (36, 36)
62s DeviceModule:MoveRandom(): New position: (24, 36)
63s DeviceModule:MoveRandom(): New position: (24, 24)
63s DecisionModule:RemoveNetworkFromList(): Network: 0 out of range!
63s DecisionModule:RemoveNetworkFromList(): Network: 8 out of range!
64s DeviceModule:MoveRandom(): New position: (36, 24)
64s DecisionModule:AddNetworkToList(): Network detected
65s DeviceModule:MoveRandom(): New position: (36, 36)
65s DecisionModule:AddNetworkToList(): Network detected
66s DeviceModule:MoveRandom(): New position: (36, 24)
66s DecisionModule:RemoveNetworkFromList(): Network: 0 out of range!
67s DeviceModule:MoveRandom(): New position: (48, 24)
68s DeviceModule:MoveRandom(): New position: (60, 24)
69s DeviceModule:MoveRandom(): New position: (60, 36)
69s DecisionModule:AddNetworkToList(): Network detected
70s DecisionModule:Run(): Run decision
70s DecisionModule:AnalyzingNetworks(): Current Network: 
       [Network #0, Technology = Wifi, Address = 02-06-00:00:00:00:00:02, { DataRate: 41, SignalStrength: 39, AntiFragility: 84}, IQ: 62]
70s DecisionModule:ShowAllNetworks(): All detected networks:
       [Network #0, Technology = Wifi, Address = 02-06-00:00:00:00:00:02, { DataRate: 41, SignalStrength: 39, AntiFragility: 84}, IQ: 62]
       [Network #9, Technology = Wimax, Address = 02-06-00:00:00:00:00:0c, { DataRate: 98, SignalStrength: 44, AntiFragility: 52}, IQ: 61]
       [Network #6, Technology = Wifi, Address = 02-06-00:00:00:00:00:08, { DataRate: 4, SignalStrength: 86, AntiFragility: 70}, IQ: 57]
       [Network #3, Technology = Wifi, Address = 02-06-00:00:00:00:00:05, { DataRate: 80, SignalStrength: 80, AntiFragility: 26}, IQ: 53]
       [Network #7, Technology = Wifi, Address = 02-06-00:00:00:00:00:09, { DataRate: 9, SignalStrength: 1, AntiFragility: 92}, IQ: 48]
       [Network #8, Technology = Wimax, Address = 02-06-00:00:00:00:00:0b, { DataRate: 97, SignalStrength: 26, AntiFragility: 21}, IQ: 41]
       [Network #1, Technology = Wifi, Address = 02-06-00:00:00:00:00:03, { DataRate: 93, SignalStrength: 43, AntiFragility: 10}, IQ: 39]
       [Network #2, Technology = Wifi, Address = 02-06-00:00:00:00:00:04, { DataRate: 21, SignalStrength: 43, AntiFragility: 25}, IQ: 28]
       [Network #5, Technology = Wifi, Address = 02-06-00:00:00:00:00:07, { DataRate: 13, SignalStrength: 9, AntiFragility: 18}, IQ: 14]
70s ExecutionModule:Run(): Decision time => Seconds: 0, Miliseconds: 214
70s ExecutionModule:Run(): Handover time => Seconds: 0, Miliseconds: 123
70s ExecutionModule:Run(): Event: Horizontal Handover.
70s DeviceModule:MoveRandom(): New position: (60, 24)
70s ExecutionModule:OutOfRange(): OUT OF BETTER NETWORK! Choosing another network...
70s DecisionModule:RemoveNetworkFromList(): Network: 0 out of range!
70s DecisionModule:Run(): Run decision
70s DecisionModule:AnalyzingNetworks(): Current Network: 
       [Network #8, Technology = Wimax, Address = 02-06-00:00:00:00:00:0b, { DataRate: 98, SignalStrength: 43, AntiFragility: 91}, IQ: 80]
70s DecisionModule:ShowAllNetworks(): All detected networks:
       [Network #8, Technology = Wimax, Address = 02-06-00:00:00:00:00:0b, { DataRate: 98, SignalStrength: 43, AntiFragility: 91}, IQ: 80]
       [Network #9, Technology = Wimax, Address = 02-06-00:00:00:00:00:0c, { DataRate: 13, SignalStrength: 52, AntiFragility: 86}, IQ: 59]
       [Network #2, Technology = Wifi, Address = 02-06-00:00:00:00:00:04, { DataRate: 95, SignalStrength: 86, AntiFragility: 26}, IQ: 58]
       [Network #7, Technology = Wifi, Address = 02-06-00:00:00:00:00:09, { DataRate: 44, SignalStrength: 38, AntiFragility: 68}, IQ: 54]
       [Network #3, Technology = Wifi, Address = 02-06-00:00:00:00:00:05, { DataRate: 9, SignalStrength: 53, AntiFragility: 59}, IQ: 45]
       [Network #1, Technology = Wifi, Address = 02-06-00:00:00:00:00:03, { DataRate: 38, SignalStrength: 89, AntiFragility: 26}, IQ: 44]
       [Network #5, Technology = Wifi, Address = 02-06-00:00:00:00:00:07, { DataRate: 13, SignalStrength: 98, AntiFragility: 32}, IQ: 43]
       [Network #6, Technology = Wifi, Address = 02-06-00:00:00:00:00:08, { DataRate: 11, SignalStrength: 74, AntiFragility: 17}, IQ: 29]
70s ExecutionModule:Run(): Decision time => Seconds: 0, Miliseconds: 136
70s ExecutionModule:Run(): Handover time => Seconds: 0, Miliseconds: 28
70s ExecutionModule:Run(): Event: Vertical Handover.
71s DeviceModule:MoveRandom(): New position: (72, 24)
72s DeviceModule:MoveRandom(): New position: (84, 24)
73s DeviceModule:MoveRandom(): New position: (84, 36)
74s DeviceModule:MoveRandom(): New position: (72, 36)
75s DeviceModule:MoveRandom(): New position: (72, 48)
75s DecisionModule:AddNetworkToList(): Network detected
76s DeviceModule:MoveRandom(): New position: (60, 48)
77s DeviceModule:MoveRandom(): New position: (48, 48)
78s DeviceModule:MoveRandom(): New position: (60, 48)
79s DeviceModule:MoveRandom(): New position: (60, 60)
80s DecisionModule:Run(): Run decision
80s DecisionModule:AnalyzingNetworks(): Current Network: 
       [Network #6, Technology = Wifi, Address = 02-06-00:00:00:00:00:08, { DataRate: 88, SignalStrength: 98, AntiFragility: 75}, IQ: 84]
80s DecisionModule:ShowAllNetworks(): All detected networks:
       [Network #6, Technology = Wifi, Address = 02-06-00:00:00:00:00:08, { DataRate: 88, SignalStrength: 98, AntiFragility: 75}, IQ: 84]
       [Network #5, Technology = Wifi, Address = 02-06-00:00:00:00:00:07, { DataRate: 96, SignalStrength: 70, AntiFragility: 81}, IQ: 82]
       [Network #2, Technology = Wifi, Address = 02-06-00:00:00:00:00:04, { DataRate: 99, SignalStrength: 54, AntiFragility: 75}, IQ: 75]
       [Network #9, Technology = Wimax, Address = 02-06-00:00:00:00:00:0c, { DataRate: 70, SignalStrength: 52, AntiFragility: 78}, IQ: 69]
       [Network #3, Technology = Wifi, Address = 02-06-00:00:00:00:00:05, { DataRate: 34, SignalStrength: 36, AntiFragility: 88}, IQ: 61]
       [Network #7, Technology = Wifi, Address = 02-06-00:00:00:00:00:09, { DataRate: 83, SignalStrength: 13, AntiFragility: 68}, IQ: 58]
       [Network #0, Technology = Wifi, Address = 02-06-00:00:00:00:00:02, { DataRate: 27, SignalStrength: 77, AntiFragility: 43}, IQ: 47]
       [Network #1, Technology = Wifi, Address = 02-06-00:00:00:00:00:03, { DataRate: 14, SignalStrength: 3, AntiFragility: 68}, IQ: 38]
       [Network #8, Technology = Wimax, Address = 02-06-00:00:00:00:00:0b, { DataRate: 39, SignalStrength: 3, AntiFragility: 4}, IQ: 12]
80s ExecutionModule:Run(): Decision time => Seconds: 0, Miliseconds: 217
80s ExecutionModule:Run(): Handover time => Seconds: 0, Miliseconds: 31
80s ExecutionModule:Run(): Event: Vertical Handover.
80s DeviceModule:MoveRandom(): New position: (60, 72)
81s DeviceModule:MoveRandom(): New position: (48, 72)
82s DeviceModule:MoveRandom(): New position: (60, 72)
83s DeviceModule:MoveRandom(): New position: (60, 84)
83s DecisionModule:AddNetworkToList(): Network detected
84s DeviceModule:MoveRandom(): New position: (60, 72)
84s DecisionModule:RemoveNetworkFromList(): Network: 4 out of range!
85s DeviceModule:MoveRandom(): New position: (72, 72)
85s DecisionModule:AddNetworkToList(): Network detected
86s DeviceModule:MoveRandom(): New position: (60, 72)
86s DecisionModule:RemoveNetworkFromList(): Network: 4 out of range!
87s DeviceModule:MoveRandom(): New position: (60, 84)
87s DecisionModule:AddNetworkToList(): Network detected
88s DeviceModule:MoveRandom(): New position: (60, 72)
88s DecisionModule:RemoveNetworkFromList(): Network: 4 out of range!
89s DeviceModule:MoveRandom(): New position: (60, 60)
90s DecisionModule:Run(): Run decision
90s DecisionModule:AnalyzingNetworks(): Current Network: 
       [Network #2, Technology = Wifi, Address = 02-06-00:00:00:00:00:04, { DataRate: 98, SignalStrength: 92, AntiFragility: 25}, IQ: 60]
90s DecisionModule:ShowAllNetworks(): All detected networks:
       [Network #2, Technology = Wifi, Address = 02-06-00:00:00:00:00:04, { DataRate: 98, SignalStrength: 92, AntiFragility: 25}, IQ: 60]
       [Network #1, Technology = Wifi, Address = 02-06-00:00:00:00:00:03, { DataRate: 89, SignalStrength: 28, AntiFragility: 46}, IQ: 52]
       [Network #6, Technology = Wifi, Address = 02-06-00:00:00:00:00:08, { DataRate: 87, SignalStrength: 97, AntiFragility: 11}, IQ: 51]
       [Network #5, Technology = Wifi, Address = 02-06-00:00:00:00:00:07, { DataRate: 18, SignalStrength: 68, AntiFragility: 54}, IQ: 48]
       [Network #9, Technology = Wimax, Address = 02-06-00:00:00:00:00:0c, { DataRate: 66, SignalStrength: 45, AntiFragility: 28}, IQ: 41]
       [Network #8, Technology = Wimax, Address = 02-06-00:00:00:00:00:0b, { DataRate: 29, SignalStrength: 20, AntiFragility: 59}, IQ: 41]
       [Network #7, Technology = Wifi, Address = 02-06-00:00:00:00:00:09, { DataRate: 7, SignalStrength: 35, AntiFragility: 60}, IQ: 40]
       [Network #3, Technology = Wifi, Address = 02-06-00:00:00:00:00:05, { DataRate: 42, SignalStrength: 45, AntiFragility: 34}, IQ: 38]
       [Network #0, Technology = Wifi, Address = 02-06-00:00:00:00:00:02, { DataRate: 11, SignalStrength: 34, AntiFragility: 42}, IQ: 32]
90s ExecutionModule:Run(): Decision time => Seconds: 0, Miliseconds: 198
90s ExecutionModule:Run(): Handover time => Seconds: 0, Miliseconds: 121
90s ExecutionModule:Run(): Event: Horizontal Handover.
90s DeviceModule:MoveRandom(): New position: (60, 48)
91s DeviceModule:MoveRandom(): New position: (72, 48)
92s DeviceModule:MoveRandom(): New position: (72, 36)
92s DecisionModule:RemoveNetworkFromList(): Network: 0 out of range!
93s DeviceModule:MoveRandom(): New position: (60, 36)
93s DecisionModule:AddNetworkToList(): Network detected
94s DeviceModule:MoveRandom(): New position: (60, 24)
94s DecisionModule:RemoveNetworkFromList(): Network: 0 out of range!
95s DeviceModule:MoveRandom(): New position: (72, 24)
96s DeviceModule:MoveRandom(): New position: (60, 24)
97s DeviceModule:MoveRandom(): New position: (48, 24)
98s DeviceModule:MoveRandom(): New position: (60, 24)
99s DeviceModule:MoveRandom(): New position: (60, 12)
100s DecisionModule:Run(): Run decision
100s DecisionModule:AnalyzingNetworks(): Current Network: 
       [Network #2, Technology = Wifi, Address = 02-06-00:00:00:00:00:04, { DataRate: 97, SignalStrength: 36, AntiFragility: 83}, IQ: 74]
100s DecisionModule:ShowAllNetworks(): All detected networks:
       [Network #2, Technology = Wifi, Address = 02-06-00:00:00:00:00:04, { DataRate: 97, SignalStrength: 36, AntiFragility: 83}, IQ: 74]
       [Network #8, Technology = Wimax, Address = 02-06-00:00:00:00:00:0b, { DataRate: 6, SignalStrength: 88, AntiFragility: 97}, IQ: 72]
       [Network #6, Technology = Wifi, Address = 02-06-00:00:00:00:00:08, { DataRate: 62, SignalStrength: 85, AntiFragility: 69}, IQ: 71]
       [Network #1, Technology = Wifi, Address = 02-06-00:00:00:00:00:03, { DataRate: 41, SignalStrength: 65, AntiFragility: 63}, IQ: 58]
       [Network #5, Technology = Wifi, Address = 02-06-00:00:00:00:00:07, { DataRate: 56, SignalStrength: 20, AntiFragility: 62}, IQ: 50]
       [Network #3, Technology = Wifi, Address = 02-06-00:00:00:00:00:05, { DataRate: 32, SignalStrength: 91, AntiFragility: 31}, IQ: 46]
       [Network #7, Technology = Wifi, Address = 02-06-00:00:00:00:00:09, { DataRate: 69, SignalStrength: 76, AntiFragility: 17}, IQ: 44]
       [Network #9, Technology = Wimax, Address = 02-06-00:00:00:00:00:0c, { DataRate: 7, SignalStrength: 98, AntiFragility: 27}, IQ: 39]
100s DeviceModule:MoveRandom(): New position: (48, 12)
101s DeviceModule:MoveRandom(): New position: (48, 24)
102s DeviceModule:MoveRandom(): New position: (36, 24)
103s DeviceModule:MoveRandom(): New position: (48, 24)
104s DeviceModule:MoveRandom(): New position: (48, 36)
104s DecisionModule:AddNetworkToList(): Network detected
105s DeviceModule:MoveRandom(): New position: (48, 48)
106s DeviceModule:MoveRandom(): New position: (60, 48)
107s DeviceModule:MoveRandom(): New position: (72, 48)
108s DeviceModule:MoveRandom(): New position: (60, 48)
109s DeviceModule:MoveRandom(): New position: (48, 48)
110s DecisionModule:Run(): Run decision
110s DecisionModule:AnalyzingNetworks(): Current Network: 
       [Network #8, Technology = Wimax, Address = 02-06-00:00:00:00:00:0b, { DataRate: 82, SignalStrength: 81, AntiFragility: 91}, IQ: 86]
110s DecisionModule:ShowAllNetworks(): All detected networks:
       [Network #8, Technology = Wimax, Address = 02-06-00:00:00:00:00:0b, { DataRate: 82, SignalStrength: 81, AntiFragility: 91}, IQ: 86]
       [Network #5, Technology = Wifi, Address = 02-06-00:00:00:00:00:07, { DataRate: 77, SignalStrength: 80, AntiFragility: 77}, IQ: 77]
       [Network #1, Technology = Wifi, Address = 02-06-00:00:00:00:00:03, { DataRate: 85, SignalStrength: 99, AntiFragility: 52}, IQ: 72]
       [Network #0, Technology = Wifi, Address = 02-06-00:00:00:00:00:02, { DataRate: 44, SignalStrength: 35, AntiFragility: 97}, IQ: 68]
       [Network #7, Technology = Wifi, Address = 02-06-00:00:00:00:00:09, { DataRate: 86, SignalStrength: 2, AntiFragility: 81}, IQ: 62]
       [Network #9, Technology = Wimax, Address = 02-06-00:00:00:00:00:0c, { DataRate: 62, SignalStrength: 9, AntiFragility: 46}, IQ: 40]
       [Network #6, Technology = Wifi, Address = 02-06-00:00:00:00:00:08, { DataRate: 28, SignalStrength: 47, AntiFragility: 42}, IQ: 39]
       [Network #2, Technology = Wifi, Address = 02-06-00:00:00:00:00:04, { DataRate: 40, SignalStrength: 6, AntiFragility: 45}, IQ: 34]
       [Network #3, Technology = Wifi, Address = 02-06-00:00:00:00:00:05, { DataRate: 31, SignalStrength: 3, AntiFragility: 47}, IQ: 32]
110s ExecutionModule:Run(): Decision time => Seconds: 0, Miliseconds: 195
110s ExecutionModule:Run(): Handover time => Seconds: 0, Miliseconds: 30
110s ExecutionModule:Run(): Event: Vertical Handover.
110s DeviceModule:MoveRandom(): New position: (60, 48)
111s DeviceModule:MoveRandom(): New position: (48, 48)
112s DeviceModule:MoveRandom(): New position: (48, 60)
113s DeviceModule:MoveRandom(): New position: (48, 72)
114s DeviceModule:MoveRandom(): New position: (60, 72)
115s DeviceModule:MoveRandom(): New position: (72, 72)
115s DecisionModule:AddNetworkToList(): Network detected
116s DeviceModule:MoveRandom(): New position: (84, 72)
117s DeviceModule:MoveRandom(): New position: (72, 72)
118s DeviceModule:MoveRandom(): New position: (72, 60)
119s DeviceModule:MoveRandom(): New position: (72, 48)
119s DecisionModule:RemoveNetworkFromList(): Network: 4 out of range!
120s DecisionModule:Run(): Run decision
120s DecisionModule:AnalyzingNetworks(): Current Network: 
       [Network #0, Technology = Wifi, Address = 02-06-00:00:00:00:00:02, { DataRate: 96, SignalStrength: 86, AntiFragility: 52}, IQ: 71]
120s DecisionModule:ShowAllNetworks(): All detected networks:
       [Network #0, Technology = Wifi, Address = 02-06-00:00:00:00:00:02, { DataRate: 96, SignalStrength: 86, AntiFragility: 52}, IQ: 71]
       [Network #6, Technology = Wifi, Address = 02-06-00:00:00:00:00:08, { DataRate: 90, SignalStrength: 79, AntiFragility: 48}, IQ: 66]
       [Network #8, Technology = Wimax, Address = 02-06-00:00:00:00:00:0b, { DataRate: 84, SignalStrength: 41, AntiFragility: 64}, IQ: 63]
       [Network #2, Technology = Wifi, Address = 02-06-00:00:00:00:00:04, { DataRate: 38, SignalStrength: 11, AntiFragility: 94}, IQ: 59]
       [Network #5, Technology = Wifi, Address = 02-06-00:00:00:00:00:07, { DataRate: 78, SignalStrength: 42, AntiFragility: 57}, IQ: 58]
       [Network #3, Technology = Wifi, Address = 02-06-00:00:00:00:00:05, { DataRate: 92, SignalStrength: 45, AntiFragility: 27}, IQ: 47]
       [Network #1, Technology = Wifi, Address = 02-06-00:00:00:00:00:03, { DataRate: 42, SignalStrength: 89, AntiFragility: 14}, IQ: 39]
       [Network #9, Technology = Wimax, Address = 02-06-00:00:00:00:00:0c, { DataRate: 44, SignalStrength: 85, AntiFragility: 4}, IQ: 34]
       [Network #7, Technology = Wifi, Address = 02-06-00:00:00:00:00:09, { DataRate: 17, SignalStrength: 9, AntiFragility: 12}, IQ: 12]
120s ExecutionModule:Run(): Decision time => Seconds: 0, Miliseconds: 210
120s ExecutionModule:Run(): Handover time => Seconds: 0, Miliseconds: 32
120s ExecutionModule:Run(): Event: Vertical Handover.
120s DeviceModule:MoveRandom(): New position: (72, 36)
120s ExecutionModule:OutOfRange(): OUT OF BETTER NETWORK! Choosing another network...
120s DecisionModule:RemoveNetworkFromList(): Network: 0 out of range!
120s DecisionModule:Run(): Run decision
120s DecisionModule:AnalyzingNetworks(): Current Network: 
       [Network #1, Technology = Wifi, Address = 02-06-00:00:00:00:00:03, { DataRate: 75, SignalStrength: 66, AntiFragility: 66}, IQ: 68]
120s DecisionModule:ShowAllNetworks(): All detected networks:
       [Network #1, Technology = Wifi, Address = 02-06-00:00:00:00:00:03, { DataRate: 75, SignalStrength: 66, AntiFragility: 66}, IQ: 68]
       [Network #2, Technology = Wifi, Address = 02-06-00:00:00:00:00:04, { DataRate: 73, SignalStrength: 7, AntiFragility: 79}, IQ: 59]
       [Network #6, Technology = Wifi, Address = 02-06-00:00:00:00:00:08, { DataRate: 91, SignalStrength: 51, AntiFragility: 42}, IQ: 56]
       [Network #5, Technology = Wifi, Address = 02-06-00:00:00:00:00:07, { DataRate: 51, SignalStrength: 50, AntiFragility: 41}, IQ: 45]
       [Network #9, Technology = Wimax, Address = 02-06-00:00:00:00:00:0c, { DataRate: 52, SignalStrength: 77, AntiFragility: 22}, IQ: 43]
       [Network #3, Technology = Wifi, Address = 02-06-00:00:00:00:00:05, { DataRate: 68, SignalStrength: 21, AntiFragility: 21}, IQ: 32]
       [Network #7, Technology = Wifi, Address = 02-06-00:00:00:00:00:09, { DataRate: 93, SignalStrength: 4, AntiFragility: 6}, IQ: 27]
       [Network #8, Technology = Wimax, Address = 02-06-00:00:00:00:00:0b, { DataRate: 53, SignalStrength: 4, AntiFragility: 26}, IQ: 27]
120s ExecutionModule:Run(): Decision time => Seconds: 0, Miliseconds: 135
120s ExecutionModule:Run(): Handover time => Seconds: 0, Miliseconds: 32
120s ExecutionModule:Run(): Event: Horizontal Handover.
121s DeviceModule:MoveRandom(): New position: (84, 36)
122s DeviceModule:MoveRandom(): New position: (84, 48)
122s DecisionModule:AddNetworkToList(): Network detected
123s DeviceModule:MoveRandom(): New position: (84, 60)
123s DecisionModule:AddNetworkToList(): Network detected
124s DeviceModule:MoveRandom(): New position: (84, 48)
124s DecisionModule:RemoveNetworkFromList(): Network: 0 out of range!
125s DeviceModule:MoveRandom(): New position: (96, 48)
126s DeviceModule:MoveRandom(): New position: (96, 60)
127s DeviceModule:MoveRandom(): New position: (108, 60)
128s DeviceModule:MoveRandom(): New position: (108, 72)
129s DeviceModule:MoveRandom(): New position: (108, 60)
130s DecisionModule:Run(): Run decision
130s DecisionModule:AnalyzingNetworks(): Current Network: 
       [Network #7, Technology = Wifi, Address = 02-06-00:00:00:00:00:09, { DataRate: 99, SignalStrength: 96, AntiFragility: 87}, IQ: 92]
130s DecisionModule:ShowAllNetworks(): All detected networks:
       [Network #7, Technology = Wifi, Address = 02-06-00:00:00:00:00:09, { DataRate: 99, SignalStrength: 96, AntiFragility: 87}, IQ: 92]
       [Network #2, Technology = Wifi, Address = 02-06-00:00:00:00:00:04, { DataRate: 56, SignalStrength: 72, AntiFragility: 83}, IQ: 73]
       [Network #8, Technology = Wimax, Address = 02-06-00:00:00:00:00:0b, { DataRate: 75, SignalStrength: 41, AntiFragility: 86}, IQ: 72]
       [Network #5, Technology = Wifi, Address = 02-06-00:00:00:00:00:07, { DataRate: 63, SignalStrength: 15, AntiFragility: 76}, IQ: 57]
       [Network #1, Technology = Wifi, Address = 02-06-00:00:00:00:00:03, { DataRate: 35, SignalStrength: 15, AntiFragility: 82}, IQ: 53]
       [Network #6, Technology = Wifi, Address = 02-06-00:00:00:00:00:08, { DataRate: 16, SignalStrength: 74, AntiFragility: 58}, IQ: 51]
       [Network #4, Technology = Wifi, Address = 02-06-00:00:00:00:00:06, { DataRate: 49, SignalStrength: 71, AntiFragility: 40}, IQ: 50]
       [Network #9, Technology = Wimax, Address = 02-06-00:00:00:00:00:0c, { DataRate: 21, SignalStrength: 50, AntiFragility: 50}, IQ: 42]
       [Network #3, Technology = Wifi, Address = 02-06-00:00:00:00:00:05, { DataRate: 15, SignalStrength: 60, AntiFragility: 44}, IQ: 40]
130s ExecutionModule:Run(): Decision time => Seconds: 0, Miliseconds: 265
130s ExecutionModule:Run(): Handover time => Seconds: 0, Miliseconds: 121
130s ExecutionModule:Run(): Event: Horizontal Handover.
130s DeviceModule:MoveRandom(): New position: (96, 60)
131s DeviceModule:MoveRandom(): New position: (96, 72)
131s DecisionModule:AddNetworkToList(): Network detected
132s DeviceModule:MoveRandom(): New position: (108, 72)
132s DecisionModule:RemoveNetworkFromList(): Network: 0 out of range!
133s DeviceModule:MoveRandom(): New position: (96, 72)
133s DecisionModule:AddNetworkToList(): Network detected
134s DeviceModule:MoveRandom(): New position: (84, 72)
135s DeviceModule:MoveRandom(): New position: (84, 84)
136s DeviceModule:MoveRandom(): New position: (72, 84)
137s DeviceModule:MoveRandom(): New position: (72, 72)
138s DeviceModule:MoveRandom(): New position: (72, 60)
139s DeviceModule:MoveRandom(): New position: (72, 72)
140s DecisionModule:Run(): Run decision
140s DecisionModule:AnalyzingNetworks(): Current Network: 
       [Network #4, Technology = Wifi, Address = 02-06-00:00:00:00:00:06, { DataRate: 50, SignalStrength: 69, AntiFragility: 91}, IQ: 75]
140s DecisionModule:ShowAllNetworks(): All detected networks:
       [Network #4, Technology = Wifi, Address = 02-06-00:00:00:00:00:06, { DataRate: 50, SignalStrength: 69, AntiFragility: 91}, IQ: 75]
       [Network #9, Technology = Wimax, Address = 02-06-00:00:00:00:00:0c, { DataRate: 96, SignalStrength: 38, AntiFragility: 65}, IQ: 66]
       [Network #6, Technology = Wifi, Address = 02-06-00:00:00:00:00:08, { DataRate: 64, SignalStrength: 8, AntiFragility: 74}, IQ: 55]
       [Network #7, Technology = Wifi, Address = 02-06-00:00:00:00:00:09, { DataRate: 11, SignalStrength: 34, AntiFragility: 89}, IQ: 55]
       [Network #8, Technology = Wimax, Address = 02-06-00:00:00:00:00:0b, { DataRate: 92, SignalStrength: 99, AntiFragility: 2}, IQ: 48]
       [Network #0, Technology = Wifi, Address = 02-06-00:00:00:00:00:02, { DataRate: 13, SignalStrength: 98, AntiFragility: 25}, IQ: 40]
       [Network #1, Technology = Wifi, Address = 02-06-00:00:00:00:00:03, { DataRate: 58, SignalStrength: 8, AntiFragility: 38}, IQ: 35]
       [Network #3, Technology = Wifi, Address = 02-06-00:00:00:00:00:05, { DataRate: 79, SignalStrength: 9, AntiFragility: 19}, IQ: 31]
       [Network #5, Technology = Wifi, Address = 02-06-00:00:00:00:00:07, { DataRate: 48, SignalStrength: 14, AntiFragility: 30}, IQ: 30]
       [Network #2, Technology = Wifi, Address = 02-06-00:00:00:00:00:04, { DataRate: 54, SignalStrength: 8, AntiFragility: 22}, IQ: 26]
140s ExecutionModule:Run(): Decision time => Seconds: 0, Miliseconds: 220
140s ExecutionModule:Run(): Handover time => Seconds: 0, Miliseconds: 122
140s ExecutionModule:Run(): Event: Horizontal Handover.
140s DeviceModule:MoveRandom(): New position: (60, 72)
140s ExecutionModule:OutOfRange(): OUT OF BETTER NETWORK! Choosing another network...
140s DecisionModule:RemoveNetworkFromList(): Network: 4 out of range!
140s DecisionModule:Run(): Run decision
140s DecisionModule:AnalyzingNetworks(): Current Network: 
       [Network #9, Technology = Wimax, Address = 02-06-00:00:00:00:00:0c, { DataRate: 23, SignalStrength: 98, AntiFragility: 97}, IQ: 78]
140s DecisionModule:ShowAllNetworks(): All detected networks:
       [Network #9, Technology = Wimax, Address = 02-06-00:00:00:00:00:0c, { DataRate: 23, SignalStrength: 98, AntiFragility: 97}, IQ: 78]
       [Network #6, Technology = Wifi, Address = 02-06-00:00:00:00:00:08, { DataRate: 32, SignalStrength: 71, AntiFragility: 99}, IQ: 75]
       [Network #1, Technology = Wifi, Address = 02-06-00:00:00:00:00:03, { DataRate: 42, SignalStrength: 88, AntiFragility: 70}, IQ: 67]
       [Network #2, Technology = Wifi, Address = 02-06-00:00:00:00:00:04, { DataRate: 98, SignalStrength: 24, AntiFragility: 68}, IQ: 64]
       [Network #0, Technology = Wifi, Address = 02-06-00:00:00:00:00:02, { DataRate: 51, SignalStrength: 22, AntiFragility: 69}, IQ: 52]
       [Network #3, Technology = Wifi, Address = 02-06-00:00:00:00:00:05, { DataRate: 94, SignalStrength: 29, AntiFragility: 30}, IQ: 45]
       [Network #5, Technology = Wifi, Address = 02-06-00:00:00:00:00:07, { DataRate: 6, SignalStrength: 31, AntiFragility: 68}, IQ: 43]
       [Network #7, Technology = Wifi, Address = 02-06-00:00:00:00:00:09, { DataRate: 35, SignalStrength: 52, AntiFragility: 12}, IQ: 27]
       [Network #8, Technology = Wimax, Address = 02-06-00:00:00:00:00:0b, { DataRate: 30, SignalStrength: 35, AntiFragility: 12}, IQ: 22]
140s ExecutionModule:Run(): Decision time => Seconds: 0, Miliseconds: 142
140s ExecutionModule:Run(): Handover time => Seconds: 0, Miliseconds: 28
140s ExecutionModule:Run(): Event: Vertical Handover.
141s DeviceModule:MoveRandom(): New position: (60, 84)
141s DecisionModule:AddNetworkToList(): Network detected
142s DeviceModule:MoveRandom(): New position: (60, 72)
142s DecisionModule:RemoveNetworkFromList(): Network: 4 out of range!
143s DeviceModule:MoveRandom(): New position: (60, 84)
143s DecisionModule:AddNetworkToList(): Network detected
144s DeviceModule:MoveRandom(): New position: (48, 84)
144s DecisionModule:RemoveNetworkFromList(): Network: 4 out of range!
145s DeviceModule:MoveRandom(): New position: (36, 84)
146s DeviceModule:MoveRandom(): New position: (36, 96)
147s DeviceModule:MoveRandom(): New position: (48, 96)
148s DeviceModule:MoveRandom(): New position: (48, 84)
149s DeviceModule:MoveRandom(): New position: (48, 96)
150s DecisionModule:Run(): Run decision
150s DecisionModule:AnalyzingNetworks(): Current Network: 
       [Network #3, Technology = Wifi, Address = 02-06-00:00:00:00:00:05, { DataRate: 82, SignalStrength: 16, AntiFragility: 95}, IQ: 72]
150s DecisionModule:ShowAllNetworks(): All detected networks:
       [Network #3, Technology = Wifi, Address = 02-06-00:00:00:00:00:05, { DataRate: 82, SignalStrength: 16, AntiFragility: 95}, IQ: 72]
       [Network #2, Technology = Wifi, Address = 02-06-00:00:00:00:00:04, { DataRate: 72, SignalStrength: 17, AntiFragility: 72}, IQ: 58]
       [Network #7, Technology = Wifi, Address = 02-06-00:00:00:00:00:09, { DataRate: 99, SignalStrength: 51, AntiFragility: 23}, IQ: 49]
       [Network #8, Technology = Wimax, Address = 02-06-00:00:00:00:00:0b, { DataRate: 72, SignalStrength: 73, AntiFragility: 15}, IQ: 43]
       [Network #5, Technology = Wifi, Address = 02-06-00:00:00:00:00:07, { DataRate: 61, SignalStrength: 79, AntiFragility: 9}, IQ: 39]
       [Network #9, Technology = Wimax, Address = 02-06-00:00:00:00:00:0c, { DataRate: 26, SignalStrength: 55, AntiFragility: 32}, IQ: 36]
       [Network #6, Technology = Wifi, Address = 02-06-00:00:00:00:00:08, { DataRate: 81, SignalStrength: 45, AntiFragility: 8}, IQ: 35]
       [Network #1, Technology = Wifi, Address = 02-06-00:00:00:00:00:03, { DataRate: 31, SignalStrength: 85, AntiFragility: 8}, IQ: 33]
       [Network #0, Technology = Wifi, Address = 02-06-00:00:00:00:00:02, { DataRate: 7, SignalStrength: 26, AntiFragility: 37}, IQ: 26]
150s ExecutionModule:Run(): Decision time => Seconds: 0, Miliseconds: 215
150s ExecutionModule:Run(): Handover time => Seconds: 0, Miliseconds: 33
150s ExecutionModule:Run(): Event: Vertical Handover.
150s DeviceModule:MoveRandom(): New position: (36, 96)
151s DeviceModule:MoveRandom(): New position: (36, 84)
152s DeviceModule:MoveRandom(): New position: (36, 96)
153s DeviceModule:MoveRandom(): New position: (48, 96)
154s DeviceModule:MoveRandom(): New position: (48, 108)
154s DecisionModule:RemoveNetworkFromList(): Network: 7 out of range!
155s DeviceModule:MoveRandom(): New position: (48, 120)
156s DeviceModule:MoveRandom(): New position: (48, 108)
157s DeviceModule:MoveRandom(): New position: (60, 108)
157s DecisionModule:AddNetworkToList(): Network detected
158s DeviceModule:MoveRandom(): New position: (72, 108)
159s DeviceModule:MoveRandom(): New position: (72, 120)
159s DecisionModule:RemoveNetworkFromList(): Network: 1 out of range!
160s DecisionModule:Run(): Run decision
160s DecisionModule:AnalyzingNetworks(): Current Network: 
       [Network #6, Technology = Wifi, Address = 02-06-00:00:00:00:00:08, { DataRate: 70, SignalStrength: 42, AntiFragility: 84}, IQ: 70]
160s DecisionModule:ShowAllNetworks(): All detected networks:
       [Network #6, Technology = Wifi, Address = 02-06-00:00:00:00:00:08, { DataRate: 70, SignalStrength: 42, AntiFragility: 84}, IQ: 70]
       [Network #4, Technology = Wifi, Address = 02-06-00:00:00:00:00:06, { DataRate: 49, SignalStrength: 87, AntiFragility: 47}, IQ: 57]
       [Network #8, Technology = Wimax, Address = 02-06-00:00:00:00:00:0b, { DataRate: 5, SignalStrength: 44, AntiFragility: 79}, IQ: 51]
       [Network #5, Technology = Wifi, Address = 02-06-00:00:00:00:00:07, { DataRate: 76, SignalStrength: 16, AntiFragility: 47}, IQ: 46]
       [Network #2, Technology = Wifi, Address = 02-06-00:00:00:00:00:04, { DataRate: 8, SignalStrength: 11, AntiFragility: 65}, IQ: 37]
       [Network #0, Technology = Wifi, Address = 02-06-00:00:00:00:00:02, { DataRate: 88, SignalStrength: 12, AntiFragility: 15}, IQ: 32]
       [Network #3, Technology = Wifi, Address = 02-06-00:00:00:00:00:05, { DataRate: 16, SignalStrength: 47, AntiFragility: 23}, IQ: 27]
       [Network #9, Technology = Wimax, Address = 02-06-00:00:00:00:00:0c, { DataRate: 1, SignalStrength: 26, AntiFragility: 20}, IQ: 16]
160s ExecutionModule:Run(): Decision time => Seconds: 0, Miliseconds: 187
160s ExecutionModule:Run(): Handover time => Seconds: 0, Miliseconds: 121
160s ExecutionModule:Run(): Event: Horizontal Handover.
160s DeviceModule:MoveRandom(): New position: (72, 108)
160s DecisionModule:AddNetworkToList(): Network detected
161s DeviceModule:MoveRandom(): New position: (72, 96)
161s DecisionModule:AddNetworkToList(): Network detected
162s DeviceModule:MoveRandom(): New position: (72, 84)
163s DeviceModule:MoveRandom(): New position: (84, 84)
164s DeviceModule:MoveRandom(): New position: (84, 96)
165s DeviceModule:MoveRandom(): New position: (96, 96)
166s DeviceModule:MoveRandom(): New position: (96, 108)
166s DecisionModule:RemoveNetworkFromList(): Network: 1 out of range!
166s ExecutionModule:OutOfRange(): OUT OF BETTER NETWORK! Choosing another network...
166s DecisionModule:RemoveNetworkFromList(): Network: 6 out of range!
166s DecisionModule:Run(): Run decision
166s DecisionModule:AnalyzingNetworks(): Current Network: 
       [Network #9, Technology = Wimax, Address = 02-06-00:00:00:00:00:0c, { DataRate: 83, SignalStrength: 61, AntiFragility: 82}, IQ: 77]
166s DecisionModule:ShowAllNetworks(): All detected networks:
       [Network #9, Technology = Wimax, Address = 02-06-00:00:00:00:00:0c, { DataRate: 83, SignalStrength: 61, AntiFragility: 82}, IQ: 77]
       [Network #4, Technology = Wifi, Address = 02-06-00:00:00:00:00:06, { DataRate: 68, SignalStrength: 34, AntiFragility: 97}, IQ: 74]
       [Network #7, Technology = Wifi, Address = 02-06-00:00:00:00:00:09, { DataRate: 78, SignalStrength: 57, AntiFragility: 73}, IQ: 70]
       [Network #0, Technology = Wifi, Address = 02-06-00:00:00:00:00:02, { DataRate: 98, SignalStrength: 64, AntiFragility: 29}, IQ: 55]
       [Network #3, Technology = Wifi, Address = 02-06-00:00:00:00:00:05, { DataRate: 69, SignalStrength: 55, AntiFragility: 30}, IQ: 46]
       [Network #5, Technology = Wifi, Address = 02-06-00:00:00:00:00:07, { DataRate: 62, SignalStrength: 66, AntiFragility: 27}, IQ: 45]
       [Network #2, Technology = Wifi, Address = 02-06-00:00:00:00:00:04, { DataRate: 3, SignalStrength: 66, AntiFragility: 40}, IQ: 37]
       [Network #8, Technology = Wimax, Address = 02-06-00:00:00:00:00:0b, { DataRate: 10, SignalStrength: 4, AntiFragility: 46}, IQ: 26]
166s ExecutionModule:Run(): Decision time => Seconds: 0, Miliseconds: 161
166s ExecutionModule:Run(): Handover time => Seconds: 0, Miliseconds: 31
166s ExecutionModule:Run(): Event: Vertical Handover.
166s DecisionModule:RemoveNetworkFromList(): Network: 7 out of range!
167s DeviceModule:MoveRandom(): New position: (96, 96)
167s DecisionModule:AddNetworkToList(): Network detected
167s DecisionModule:AddNetworkToList(): Network detected
167s DecisionModule:AddNetworkToList(): Network detected
168s DeviceModule:MoveRandom(): New position: (84, 96)
169s DeviceModule:MoveRandom(): New position: (84, 84)
170s DecisionModule:Run(): Run decision
170s DecisionModule:AnalyzingNetworks(): Current Network: 
       [Network #0, Technology = Wifi, Address = 02-06-00:00:00:00:00:02, { DataRate: 2, SignalStrength: 84, AntiFragility: 92}, IQ: 67]
170s DecisionModule:ShowAllNetworks(): All detected networks:
       [Network #0, Technology = Wifi, Address = 02-06-00:00:00:00:00:02, { DataRate: 2, SignalStrength: 84, AntiFragility: 92}, IQ: 67]
       [Network #7, Technology = Wifi, Address = 02-06-00:00:00:00:00:09, { DataRate: 38, SignalStrength: 99, AntiFragility: 56}, IQ: 62]
       [Network #5, Technology = Wifi, Address = 02-06-00:00:00:00:00:07, { DataRate: 49, SignalStrength: 41, AntiFragility: 77}, IQ: 61]
       [Network #9, Technology = Wimax, Address = 02-06-00:00:00:00:00:0c, { DataRate: 29, SignalStrength: 15, AntiFragility: 69}, IQ: 45]
       [Network #4, Technology = Wifi, Address = 02-06-00:00:00:00:00:06, { DataRate: 69, SignalStrength: 41, AntiFragility: 27}, IQ: 41]
       [Network #1, Technology = Wifi, Address = 02-06-00:00:00:00:00:03, { DataRate: 8, SignalStrength: 42, AntiFragility: 45}, IQ: 35]
       [Network #3, Technology = Wifi, Address = 02-06-00:00:00:00:00:05, { DataRate: 24, SignalStrength: 91, AntiFragility: 12}, IQ: 34]
       [Network #2, Technology = Wifi, Address = 02-06-00:00:00:00:00:04, { DataRate: 35, SignalStrength: 80, AntiFragility: 7}, IQ: 32]
       [Network #8, Technology = Wimax, Address = 02-06-00:00:00:00:00:0b, { DataRate: 32, SignalStrength: 86, AntiFragility: 4}, IQ: 31]
       [Network #6, Technology = Wifi, Address = 02-06-00:00:00:00:00:08, { DataRate: 1, SignalStrength: 20, AntiFragility: 32}, IQ: 21]
170s ExecutionModule:Run(): Decision time => Seconds: 0, Miliseconds: 205
170s ExecutionModule:Run(): Handover time => Seconds: 0, Miliseconds: 31
170s ExecutionModule:Run(): Event: Vertical Handover.
170s DeviceModule:MoveRandom(): New position: (96, 84)
171s DeviceModule:MoveRandom(): New position: (96, 72)
172s DeviceModule:MoveRandom(): New position: (84, 72)
173s DeviceModule:MoveRandom(): New position: (84, 60)
174s DeviceModule:MoveRandom(): New position: (72, 60)
175s DeviceModule:MoveRandom(): New position: (84, 60)
176s DeviceModule:MoveRandom(): New position: (72, 60)
177s DeviceModule:MoveRandom(): New position: (72, 48)
177s DecisionModule:RemoveNetworkFromList(): Network: 4 out of range!
178s DeviceModule:MoveRandom(): New position: (72, 60)
178s DecisionModule:AddNetworkToList(): Network detected
179s DeviceModule:MoveRandom(): New position: (72, 48)
179s DecisionModule:RemoveNetworkFromList(): Network: 4 out of range!
180s DecisionModule:Run(): Run decision
180s DecisionModule:AnalyzingNetworks(): Current Network: 
       [Network #9, Technology = Wimax, Address = 02-06-00:00:00:00:00:0c, { DataRate: 83, SignalStrength: 38, AntiFragility: 77}, IQ: 68]
180s DecisionModule:ShowAllNetworks(): All detected networks:
       [Network #9, Technology = Wimax, Address = 02-06-00:00:00:00:00:0c, { DataRate: 83, SignalStrength: 38, AntiFragility: 77}, IQ: 68]
       [Network #7, Technology = Wifi, Address = 02-06-00:00:00:00:00:09, { DataRate: 49, SignalStrength: 57, AntiFragility: 68}, IQ: 60]
       [Network #2, Technology = Wifi, Address = 02-06-00:00:00:00:00:04, { DataRate: 6, SignalStrength: 99, AntiFragility: 66}, IQ: 59]
       [Network #8, Technology = Wimax, Address = 02-06-00:00:00:00:00:0b, { DataRate: 41, SignalStrength: 30, AntiFragility: 67}, IQ: 51]
       [Network #0, Technology = Wifi, Address = 02-06-00:00:00:00:00:02, { DataRate: 24, SignalStrength: 7, AntiFragility: 79}, IQ: 47]
       [Network #3, Technology = Wifi, Address = 02-06-00:00:00:00:00:05, { DataRate: 81, SignalStrength: 27, AntiFragility: 29}, IQ: 41]
       [Network #5, Technology = Wifi, Address = 02-06-00:00:00:00:00:07, { DataRate: 15, SignalStrength: 64, AntiFragility: 37}, IQ: 38]
       [Network #1, Technology = Wifi, Address = 02-06-00:00:00:00:00:03, { DataRate: 63, SignalStrength: 18, AntiFragility: 25}, IQ: 32]
       [Network #6, Technology = Wifi, Address = 02-06-00:00:00:00:00:08, { DataRate: 24, SignalStrength: 7, AntiFragility: 2}, IQ: 8]
180s ExecutionModule:Run(): Decision time => Seconds: 0, Miliseconds: 196
180s ExecutionModule:Run(): Handover time => Seconds: 0, Miliseconds: 31
180s ExecutionModule:Run(): Event: Vertical Handover.
180s DeviceModule:MoveRandom(): New position: (72, 60)
180s DecisionModule:AddNetworkToList(): Network detected
181s DeviceModule:MoveRandom(): New position: (60, 60)
181s DecisionModule:RemoveNetworkFromList(): Network: 4 out of range!
182s DeviceModule:MoveRandom(): New position: (60, 48)
183s DeviceModule:MoveRandom(): New position: (48, 48)
184s DeviceModule:MoveRandom(): New position: (36, 48)
185s DeviceModule:MoveRandom(): New position: (24, 48)
186s DeviceModule:MoveRandom(): New position: (12, 48)
187s DeviceModule:MoveRandom(): New position: (24, 48)
188s DeviceModule:MoveRandom(): New position: (24, 36)
189s DeviceModule:MoveRandom(): New position: (24, 48)
190s DecisionModule:Run(): Run decision
190s DecisionModule:AnalyzingNetworks(): Current Network: 
       [Network #7, Technology = Wifi, Address = 02-06-00:00:00:00:00:09, { DataRate: 78, SignalStrength: 46, AntiFragility: 83}, IQ: 72]
190s DecisionModule:ShowAllNetworks(): All detected networks:
       [Network #7, Technology = Wifi, Address = 02-06-00:00:00:00:00:09, { DataRate: 78, SignalStrength: 46, AntiFragility: 83}, IQ: 72]
       [Network #5, Technology = Wifi, Address = 02-06-00:00:00:00:00:07, { DataRate: 20, SignalStrength: 75, AntiFragility: 93}, IQ: 70]
       [Network #2, Technology = Wifi, Address = 02-06-00:00:00:00:00:04, { DataRate: 39, SignalStrength: 94, AntiFragility: 47}, IQ: 56]
       [Network #1, Technology = Wifi, Address = 02-06-00:00:00:00:00:03, { DataRate: 12, SignalStrength: 17, AntiFragility: 99}, IQ: 56]
       [Network #9, Technology = Wimax, Address = 02-06-00:00:00:00:00:0c, { DataRate: 16, SignalStrength: 18, AntiFragility: 94}, IQ: 55]
       [Network #6, Technology = Wifi, Address = 02-06-00:00:00:00:00:08, { DataRate: 89, SignalStrength: 45, AntiFragility: 29}, IQ: 48]
       [Network #3, Technology = Wifi, Address = 02-06-00:00:00:00:00:05, { DataRate: 78, SignalStrength: 54, AntiFragility: 21}, IQ: 43]
       [Network #8, Technology = Wimax, Address = 02-06-00:00:00:00:00:0b, { DataRate: 43, SignalStrength: 13, AntiFragility: 50}, IQ: 39]
       [Network #0, Technology = Wifi, Address = 02-06-00:00:00:00:00:02, { DataRate: 46, SignalStrength: 7, AntiFragility: 30}, IQ: 28]
190s ExecutionModule:Run(): Decision time => Seconds: 0, Miliseconds: 212
190s ExecutionModule:Run(): Handover time => Seconds: 0, Miliseconds: 33
190s ExecutionModule:Run(): Event: Vertical Handover.
190s DeviceModule:MoveRandom(): New position: (36, 48)
191s DeviceModule:MoveRandom(): New position: (36, 60)
192s DeviceModule:MoveRandom(): New position: (24, 60)
193s DeviceModule:MoveRandom(): New position: (36, 60)
194s DeviceModule:MoveRandom(): New position: (48, 60)
195s DeviceModule:MoveRandom(): New position: (60, 60)
196s DeviceModule:MoveRandom(): New position: (48, 60)
197s DeviceModule:MoveRandom(): New position: (48, 72)
198s DeviceModule:MoveRandom(): New position: (48, 60)
199s DeviceModule:MoveRandom(): New position: (48, 48)
