Waf: Entering directory `/home/renan/Documents/NR2/ns-allinone-3.20/ns-3.20/build'
Waf: Leaving directory `/home/renan/Documents/NR2/ns-allinone-3.20/ns-3.20/build'
'build' finished successfully (1.917s)
0s NetworkModule:SetPosition(): Network 0 set position => (115, 121)
0s NetworkModule:SetRange(): Network 0 set range => 100
0s NetworkModule:SetPosition(): Network 1 set position => (11, 40)
0s NetworkModule:SetRange(): Network 1 set range => 100
0s NetworkModule:SetPosition(): Network 2 set position => (12, 36)
0s NetworkModule:SetRange(): Network 2 set range => 100
0s NetworkModule:SetPosition(): Network 3 set position => (101, 154)
0s NetworkModule:SetRange(): Network 3 set range => 100
0s NetworkModule:SetPosition(): Network 4 set position => (101, 157)
0s NetworkModule:SetRange(): Network 4 set range => 100
0s NetworkModule:SetPosition(): Network 5 set position => (159, 130)
0s NetworkModule:SetRange(): Network 5 set range => 100
0s NetworkModule:SetPosition(): Network 6 set position => (107, 153)
0s NetworkModule:SetRange(): Network 6 set range => 100
0s NetworkModule:SetPosition(): Network 7 set position => (112, 101)
0s NetworkModule:SetRange(): Network 7 set range => 100
0s NetworkModule:SetPosition(): Network 8 set position => (7, 69)
0s NetworkModule:SetRange(): Network 8 set range => 100
0s NetworkModule:SetPosition(): Network 9 set position => (161, 59)
0s NetworkModule:SetRange(): Network 9 set range => 100
0s NetworkModule:SetPosition(): Network 10 set position => (124, 40)
0s NetworkModule:SetRange(): Network 10 set range => 100
0s NetworkModule:SetPosition(): Network 11 set position => (128, 176)
0s NetworkModule:SetRange(): Network 11 set range => 100
0s NetworkModule:SetPosition(): Network 12 set position => (42, 196)
0s NetworkModule:SetRange(): Network 12 set range => 100
0s NetworkModule:SetPosition(): Network 13 set position => (34, 179)
0s NetworkModule:SetRange(): Network 13 set range => 100
0s NetworkModule:SetPosition(): Network 14 set position => (126, 186)
0s NetworkModule:SetRange(): Network 14 set range => 100
0s NetworkModule:SetPosition(): Network 15 set position => (59, 192)
0s NetworkModule:SetRange(): Network 15 set range => 100
0s NetworkModule:SetPosition(): Network 16 set position => (32, 193)
0s NetworkModule:SetRange(): Network 16 set range => 100
0s NetworkModule:SetPosition(): Network 17 set position => (30, 71)
0s NetworkModule:SetRange(): Network 17 set range => 100
0s NetworkModule:SetPosition(): Network 18 set position => (25, 196)
0s NetworkModule:SetRange(): Network 18 set range => 100
0s NetworkModule:SetPosition(): Network 19 set position => (154, 83)
0s NetworkModule:SetRange(): Network 19 set range => 100
0s DeviceModule:ConfigureMobility(): Device [init x = 100, init y = 100, max = 200, velocity = 12]
1s DeviceModule:MoveRandom(): New position: (100, 112)
1s DecisionModule:AddNetworkToList(): Network detected
1s DecisionModule:AddNetworkToList(): Network detected
1s DecisionModule:AddNetworkToList(): Network detected
1s DecisionModule:AddNetworkToList(): Network detected
1s DecisionModule:AddNetworkToList(): Network detected
1s DecisionModule:AddNetworkToList(): Network detected
1s DecisionModule:AddNetworkToList(): Network detected
1s DecisionModule:AddNetworkToList(): Network detected
1s DecisionModule:AddNetworkToList(): Network detected
1s DecisionModule:AddNetworkToList(): Network detected
1s DecisionModule:AddNetworkToList(): Network detected
1s DecisionModule:AddNetworkToList(): Network detected
1s DecisionModule:AddNetworkToList(): Network detected
1s DecisionModule:AddNetworkToList(): Network detected
2s DeviceModule:MoveRandom(): New position: (112, 112)
2s DecisionModule:RemoveNetworkFromList(): Network: 13 out of range!
3s DeviceModule:MoveRandom(): New position: (112, 100)
3s DecisionModule:RemoveNetworkFromList(): Network: 15 out of range!
4s DeviceModule:MoveRandom(): New position: (112, 88)
5s DeviceModule:MoveRandom(): New position: (112, 100)
6s DeviceModule:MoveRandom(): New position: (124, 100)
7s DeviceModule:MoveRandom(): New position: (112, 100)
8s DeviceModule:MoveRandom(): New position: (112, 88)
9s DeviceModule:MoveRandom(): New position: (124, 88)
10s DecisionModule:Run(): Run decision
10s DecisionModule:AnalyzingNetworks(): Current Network: 
       [Network #4, Technology = Wifi, Address = 02-06-00:00:00:00:00:06, { DataRate: 64, SignalStrength: 79, AntiFragility: 98}, IQ: 84]
10s DecisionModule:ShowAllNetworks(): All detected networks:
       [Network #4, Technology = Wifi, Address = 02-06-00:00:00:00:00:06, { DataRate: 64, SignalStrength: 79, AntiFragility: 98}, IQ: 84]
       [Network #7, Technology = Wifi, Address = 02-06-00:00:00:00:00:09, { DataRate: 84, SignalStrength: 59, AntiFragility: 90}, IQ: 80]
       [Network #9, Technology = Wifi, Address = 02-06-00:00:00:00:00:0b, { DataRate: 72, SignalStrength: 26, AntiFragility: 79}, IQ: 64]
       [Network #10, Technology = Wifi, Address = 02-06-00:00:00:00:00:0c, { DataRate: 5, SignalStrength: 61, AntiFragility: 91}, IQ: 62]
       [Network #17, Technology = Wifi, Address = 02-06-00:00:00:00:00:13, { DataRate: 40, SignalStrength: 86, AntiFragility: 59}, IQ: 61]
       [Network #5, Technology = Wifi, Address = 02-06-00:00:00:00:00:07, { DataRate: 60, SignalStrength: 32, AntiFragility: 72}, IQ: 59]
       [Network #19, Technology = Wimax, Address = 02-06-00:00:00:00:00:16, { DataRate: 66, SignalStrength: 38, AntiFragility: 66}, IQ: 59]
       [Network #14, Technology = Wifi, Address = 02-06-00:00:00:00:00:10, { DataRate: 18, SignalStrength: 66, AntiFragility: 66}, IQ: 54]
       [Network #3, Technology = Wifi, Address = 02-06-00:00:00:00:00:05, { DataRate: 93, SignalStrength: 57, AntiFragility: 20}, IQ: 47]
       [Network #0, Technology = Wifi, Address = 02-06-00:00:00:00:00:02, { DataRate: 57, SignalStrength: 70, AntiFragility: 28}, IQ: 45]
       [Network #11, Technology = Wifi, Address = 02-06-00:00:00:00:00:0d, { DataRate: 61, SignalStrength: 28, AntiFragility: 43}, IQ: 43]
       [Network #6, Technology = Wifi, Address = 02-06-00:00:00:00:00:08, { DataRate: 12, SignalStrength: 60, AntiFragility: 21}, IQ: 28]
10s DeviceModule:MoveRandom(): New position: (124, 100)
11s DeviceModule:MoveRandom(): New position: (124, 112)
11s DecisionModule:RemoveNetworkFromList(): Network: 17 out of range!
12s DeviceModule:MoveRandom(): New position: (124, 100)
12s DecisionModule:AddNetworkToList(): Network detected
13s DeviceModule:MoveRandom(): New position: (124, 88)
14s DeviceModule:MoveRandom(): New position: (124, 76)
14s DecisionModule:RemoveNetworkFromList(): Network: 14 out of range!
15s DeviceModule:MoveRandom(): New position: (112, 76)
15s DecisionModule:RemoveNetworkFromList(): Network: 11 out of range!
16s DeviceModule:MoveRandom(): New position: (124, 76)
16s DecisionModule:AddNetworkToList(): Network detected
17s DeviceModule:MoveRandom(): New position: (124, 88)
17s DecisionModule:AddNetworkToList(): Network detected
18s DeviceModule:MoveRandom(): New position: (124, 100)
19s DeviceModule:MoveRandom(): New position: (136, 100)
19s DecisionModule:RemoveNetworkFromList(): Network: 17 out of range!
20s DecisionModule:Run(): Run decision
20s DecisionModule:AnalyzingNetworks(): Current Network: 
       [Network #14, Technology = Wifi, Address = 02-06-00:00:00:00:00:10, { DataRate: 47, SignalStrength: 83, AntiFragility: 81}, IQ: 73]
20s DecisionModule:ShowAllNetworks(): All detected networks:
       [Network #14, Technology = Wifi, Address = 02-06-00:00:00:00:00:10, { DataRate: 47, SignalStrength: 83, AntiFragility: 81}, IQ: 73]
       [Network #3, Technology = Wifi, Address = 02-06-00:00:00:00:00:05, { DataRate: 7, SignalStrength: 90, AntiFragility: 94}, IQ: 71]
       [Network #9, Technology = Wifi, Address = 02-06-00:00:00:00:00:0b, { DataRate: 89, SignalStrength: 88, AntiFragility: 48}, IQ: 68]
       [Network #10, Technology = Wifi, Address = 02-06-00:00:00:00:00:0c, { DataRate: 87, SignalStrength: 87, AntiFragility: 20}, IQ: 53]
       [Network #11, Technology = Wifi, Address = 02-06-00:00:00:00:00:0d, { DataRate: 60, SignalStrength: 93, AntiFragility: 18}, IQ: 47]
       [Network #5, Technology = Wifi, Address = 02-06-00:00:00:00:00:07, { DataRate: 27, SignalStrength: 54, AntiFragility: 43}, IQ: 41]
       [Network #19, Technology = Wimax, Address = 02-06-00:00:00:00:00:16, { DataRate: 40, SignalStrength: 29, AntiFragility: 40}, IQ: 37]
       [Network #7, Technology = Wifi, Address = 02-06-00:00:00:00:00:09, { DataRate: 10, SignalStrength: 61, AntiFragility: 38}, IQ: 36]
       [Network #6, Technology = Wifi, Address = 02-06-00:00:00:00:00:08, { DataRate: 90, SignalStrength: 37, AntiFragility: 4}, IQ: 33]
       [Network #0, Technology = Wifi, Address = 02-06-00:00:00:00:00:02, { DataRate: 46, SignalStrength: 40, AntiFragility: 5}, IQ: 24]
       [Network #4, Technology = Wifi, Address = 02-06-00:00:00:00:00:06, { DataRate: 61, SignalStrength: 35, AntiFragility: 1}, IQ: 24]
20s ExecutionModule:Run(): Decision time => Seconds: 0, Miliseconds: 427
20s ExecutionModule:Run(): Handover time => Seconds: 0, Miliseconds: 261
20s ExecutionModule:Run(): Event: Horizontal Handover.
20s DeviceModule:MoveRandom(): New position: (136, 112)
21s DeviceModule:MoveRandom(): New position: (136, 100)
22s DeviceModule:MoveRandom(): New position: (124, 100)
22s DecisionModule:AddNetworkToList(): Network detected
23s DeviceModule:MoveRandom(): New position: (112, 100)
24s DeviceModule:MoveRandom(): New position: (112, 112)
24s DecisionModule:AddNetworkToList(): Network detected
25s DeviceModule:MoveRandom(): New position: (112, 100)
25s DecisionModule:RemoveNetworkFromList(): Network: 15 out of range!
26s DeviceModule:MoveRandom(): New position: (112, 112)
26s DecisionModule:AddNetworkToList(): Network detected
27s DeviceModule:MoveRandom(): New position: (124, 112)
27s DecisionModule:RemoveNetworkFromList(): Network: 15 out of range!
27s DecisionModule:RemoveNetworkFromList(): Network: 17 out of range!
28s DeviceModule:MoveRandom(): New position: (112, 112)
28s DecisionModule:AddNetworkToList(): Network detected
28s DecisionModule:AddNetworkToList(): Network detected
29s DeviceModule:MoveRandom(): New position: (100, 112)
29s DecisionModule:AddNetworkToList(): Network detected
30s DecisionModule:Run(): Run decision
30s DecisionModule:AnalyzingNetworks(): Current Network: 
       [Network #7, Technology = Wifi, Address = 02-06-00:00:00:00:00:09, { DataRate: 85, SignalStrength: 96, AntiFragility: 64}, IQ: 77]
30s DecisionModule:ShowAllNetworks(): All detected networks:
       [Network #7, Technology = Wifi, Address = 02-06-00:00:00:00:00:09, { DataRate: 85, SignalStrength: 96, AntiFragility: 64}, IQ: 77]
       [Network #4, Technology = Wifi, Address = 02-06-00:00:00:00:00:06, { DataRate: 66, SignalStrength: 19, AntiFragility: 83}, IQ: 62]
       [Network #11, Technology = Wifi, Address = 02-06-00:00:00:00:00:0d, { DataRate: 57, SignalStrength: 79, AntiFragility: 50}, IQ: 59]
       [Network #17, Technology = Wifi, Address = 02-06-00:00:00:00:00:13, { DataRate: 56, SignalStrength: 69, AntiFragility: 56}, IQ: 59]
       [Network #3, Technology = Wifi, Address = 02-06-00:00:00:00:00:05, { DataRate: 81, SignalStrength: 96, AntiFragility: 28}, IQ: 58]
       [Network #5, Technology = Wifi, Address = 02-06-00:00:00:00:00:07, { DataRate: 9, SignalStrength: 35, AntiFragility: 88}, IQ: 55]
       [Network #0, Technology = Wifi, Address = 02-06-00:00:00:00:00:02, { DataRate: 93, SignalStrength: 70, AntiFragility: 30}, IQ: 55]
       [Network #9, Technology = Wifi, Address = 02-06-00:00:00:00:00:0b, { DataRate: 39, SignalStrength: 46, AntiFragility: 69}, IQ: 55]
       [Network #6, Technology = Wifi, Address = 02-06-00:00:00:00:00:08, { DataRate: 5, SignalStrength: 65, AntiFragility: 67}, IQ: 51]
       [Network #14, Technology = Wifi, Address = 02-06-00:00:00:00:00:10, { DataRate: 1, SignalStrength: 89, AntiFragility: 49}, IQ: 47]
       [Network #10, Technology = Wifi, Address = 02-06-00:00:00:00:00:0c, { DataRate: 61, SignalStrength: 35, AntiFragility: 18}, IQ: 33]
       [Network #19, Technology = Wimax, Address = 02-06-00:00:00:00:00:16, { DataRate: 41, SignalStrength: 45, AntiFragility: 22}, IQ: 32]
       [Network #15, Technology = Wifi, Address = 02-06-00:00:00:00:00:11, { DataRate: 8, SignalStrength: 47, AntiFragility: 16}, IQ: 21]
       [Network #13, Technology = Wifi, Address = 02-06-00:00:00:00:00:0f, { DataRate: 2, SignalStrength: 39, AntiFragility: 17}, IQ: 18]
30s ExecutionModule:Run(): Decision time => Seconds: 0, Miliseconds: 254
30s ExecutionModule:Run(): Handover time => Seconds: 0, Miliseconds: 331
30s ExecutionModule:Run(): Event: Horizontal Handover.
30s DeviceModule:MoveRandom(): New position: (88, 112)
30s DecisionModule:AddNetworkToList(): Network detected
30s DecisionModule:AddNetworkToList(): Network detected
30s DecisionModule:AddNetworkToList(): Network detected
31s DeviceModule:MoveRandom(): New position: (76, 112)
31s DecisionModule:AddNetworkToList(): Network detected
31s DecisionModule:AddNetworkToList(): Network detected
31s DecisionModule:AddNetworkToList(): Network detected
32s DeviceModule:MoveRandom(): New position: (88, 112)
32s DecisionModule:RemoveNetworkFromList(): Network: 1 out of range!
32s DecisionModule:RemoveNetworkFromList(): Network: 2 out of range!
32s DecisionModule:RemoveNetworkFromList(): Network: 18 out of range!
33s DeviceModule:MoveRandom(): New position: (88, 100)
33s DecisionModule:AddNetworkToList(): Network detected
33s DecisionModule:AddNetworkToList(): Network detected
33s DecisionModule:RemoveNetworkFromList(): Network: 12 out of range!
33s DecisionModule:RemoveNetworkFromList(): Network: 16 out of range!
34s DeviceModule:MoveRandom(): New position: (88, 112)
34s DecisionModule:RemoveNetworkFromList(): Network: 1 out of range!
34s DecisionModule:RemoveNetworkFromList(): Network: 2 out of range!
34s DecisionModule:AddNetworkToList(): Network detected
34s DecisionModule:AddNetworkToList(): Network detected
35s DeviceModule:MoveRandom(): New position: (100, 112)
35s DecisionModule:RemoveNetworkFromList(): Network: 8 out of range!
35s DecisionModule:RemoveNetworkFromList(): Network: 12 out of range!
35s DecisionModule:RemoveNetworkFromList(): Network: 16 out of range!
36s DeviceModule:MoveRandom(): New position: (112, 112)
36s DecisionModule:RemoveNetworkFromList(): Network: 13 out of range!
37s DeviceModule:MoveRandom(): New position: (124, 112)
37s DecisionModule:RemoveNetworkFromList(): Network: 15 out of range!
37s DecisionModule:RemoveNetworkFromList(): Network: 17 out of range!
38s DeviceModule:MoveRandom(): New position: (124, 100)
38s DecisionModule:AddNetworkToList(): Network detected
39s DeviceModule:MoveRandom(): New position: (124, 112)
39s DecisionModule:RemoveNetworkFromList(): Network: 17 out of range!
40s DecisionModule:Run(): Run decision
40s DecisionModule:AnalyzingNetworks(): Current Network: 
       [Network #9, Technology = Wifi, Address = 02-06-00:00:00:00:00:0b, { DataRate: 73, SignalStrength: 11, AntiFragility: 99}, IQ: 70]
40s DecisionModule:ShowAllNetworks(): All detected networks:
       [Network #9, Technology = Wifi, Address = 02-06-00:00:00:00:00:0b, { DataRate: 73, SignalStrength: 11, AntiFragility: 99}, IQ: 70]
       [Network #0, Technology = Wifi, Address = 02-06-00:00:00:00:00:02, { DataRate: 19, SignalStrength: 74, AntiFragility: 74}, IQ: 60]
       [Network #5, Technology = Wifi, Address = 02-06-00:00:00:00:00:07, { DataRate: 50, SignalStrength: 93, AntiFragility: 34}, IQ: 52]
       [Network #11, Technology = Wifi, Address = 02-06-00:00:00:00:00:0d, { DataRate: 21, SignalStrength: 81, AntiFragility: 51}, IQ: 51]
       [Network #4, Technology = Wifi, Address = 02-06-00:00:00:00:00:06, { DataRate: 51, SignalStrength: 69, AntiFragility: 39}, IQ: 49]
       [Network #3, Technology = Wifi, Address = 02-06-00:00:00:00:00:05, { DataRate: 96, SignalStrength: 13, AntiFragility: 34}, IQ: 44]
       [Network #7, Technology = Wifi, Address = 02-06-00:00:00:00:00:09, { DataRate: 89, SignalStrength: 69, AntiFragility: 8}, IQ: 43]
       [Network #10, Technology = Wifi, Address = 02-06-00:00:00:00:00:0c, { DataRate: 94, SignalStrength: 23, AntiFragility: 23}, IQ: 40]
       [Network #19, Technology = Wimax, Address = 02-06-00:00:00:00:00:16, { DataRate: 51, SignalStrength: 1, AntiFragility: 34}, IQ: 30]
       [Network #6, Technology = Wifi, Address = 02-06-00:00:00:00:00:08, { DataRate: 53, SignalStrength: 32, AntiFragility: 17}, IQ: 29]
       [Network #14, Technology = Wifi, Address = 02-06-00:00:00:00:00:10, { DataRate: 31, SignalStrength: 15, AntiFragility: 34}, IQ: 28]
40s ExecutionModule:Run(): Decision time => Seconds: 0, Miliseconds: 232
40s ExecutionModule:Run(): Handover time => Seconds: 0, Miliseconds: 121
40s ExecutionModule:Run(): Event: Horizontal Handover.
40s DeviceModule:MoveRandom(): New position: (112, 112)
40s DecisionModule:AddNetworkToList(): Network detected
40s DecisionModule:AddNetworkToList(): Network detected
41s DeviceModule:MoveRandom(): New position: (124, 112)
41s DecisionModule:RemoveNetworkFromList(): Network: 15 out of range!
41s DecisionModule:RemoveNetworkFromList(): Network: 17 out of range!
42s DeviceModule:MoveRandom(): New position: (124, 124)
42s DecisionModule:AddNetworkToList(): Network detected
43s DeviceModule:MoveRandom(): New position: (124, 136)
43s DecisionModule:AddNetworkToList(): Network detected
44s DeviceModule:MoveRandom(): New position: (112, 136)
44s DecisionModule:AddNetworkToList(): Network detected
44s DecisionModule:AddNetworkToList(): Network detected
45s DeviceModule:MoveRandom(): New position: (112, 124)
45s DecisionModule:RemoveNetworkFromList(): Network: 16 out of range!
45s DecisionModule:AddNetworkToList(): Network detected
46s DeviceModule:MoveRandom(): New position: (112, 112)
46s DecisionModule:RemoveNetworkFromList(): Network: 12 out of range!
46s DecisionModule:RemoveNetworkFromList(): Network: 13 out of range!
47s DeviceModule:MoveRandom(): New position: (124, 112)
47s DecisionModule:RemoveNetworkFromList(): Network: 15 out of range!
47s DecisionModule:RemoveNetworkFromList(): Network: 17 out of range!
48s DeviceModule:MoveRandom(): New position: (136, 112)
49s DeviceModule:MoveRandom(): New position: (136, 100)
50s DecisionModule:Run(): Run decision
50s DecisionModule:AnalyzingNetworks(): Current Network: 
       [Network #10, Technology = Wifi, Address = 02-06-00:00:00:00:00:0c, { DataRate: 64, SignalStrength: 91, AntiFragility: 89}, IQ: 83]
50s DecisionModule:ShowAllNetworks(): All detected networks:
       [Network #10, Technology = Wifi, Address = 02-06-00:00:00:00:00:0c, { DataRate: 64, SignalStrength: 91, AntiFragility: 89}, IQ: 83]
       [Network #19, Technology = Wimax, Address = 02-06-00:00:00:00:00:16, { DataRate: 98, SignalStrength: 82, AntiFragility: 57}, IQ: 73]
       [Network #4, Technology = Wifi, Address = 02-06-00:00:00:00:00:06, { DataRate: 76, SignalStrength: 74, AntiFragility: 52}, IQ: 63]
       [Network #5, Technology = Wifi, Address = 02-06-00:00:00:00:00:07, { DataRate: 42, SignalStrength: 42, AntiFragility: 76}, IQ: 59]
       [Network #11, Technology = Wifi, Address = 02-06-00:00:00:00:00:0d, { DataRate: 31, SignalStrength: 77, AntiFragility: 63}, IQ: 58]
       [Network #3, Technology = Wifi, Address = 02-06-00:00:00:00:00:05, { DataRate: 52, SignalStrength: 85, AntiFragility: 44}, IQ: 56]
       [Network #9, Technology = Wifi, Address = 02-06-00:00:00:00:00:0b, { DataRate: 63, SignalStrength: 45, AntiFragility: 54}, IQ: 54]
       [Network #14, Technology = Wifi, Address = 02-06-00:00:00:00:00:10, { DataRate: 55, SignalStrength: 81, AntiFragility: 33}, IQ: 50]
       [Network #0, Technology = Wifi, Address = 02-06-00:00:00:00:00:02, { DataRate: 86, SignalStrength: 61, AntiFragility: 11}, IQ: 42]
       [Network #7, Technology = Wifi, Address = 02-06-00:00:00:00:00:09, { DataRate: 59, SignalStrength: 73, AntiFragility: 15}, IQ: 40]
       [Network #6, Technology = Wifi, Address = 02-06-00:00:00:00:00:08, { DataRate: 16, SignalStrength: 75, AntiFragility: 18}, IQ: 31]
50s ExecutionModule:Run(): Decision time => Seconds: 0, Miliseconds: 214
50s ExecutionModule:Run(): Handover time => Seconds: 0, Miliseconds: 120
50s ExecutionModule:Run(): Event: Horizontal Handover.
50s DeviceModule:MoveRandom(): New position: (124, 100)
50s DecisionModule:AddNetworkToList(): Network detected
51s DeviceModule:MoveRandom(): New position: (136, 100)
51s DecisionModule:RemoveNetworkFromList(): Network: 17 out of range!
52s DeviceModule:MoveRandom(): New position: (124, 100)
52s DecisionModule:AddNetworkToList(): Network detected
53s DeviceModule:MoveRandom(): New position: (112, 100)
54s DeviceModule:MoveRandom(): New position: (100, 100)
54s DecisionModule:AddNetworkToList(): Network detected
54s DecisionModule:AddNetworkToList(): Network detected
55s DeviceModule:MoveRandom(): New position: (88, 100)
55s DecisionModule:AddNetworkToList(): Network detected
55s DecisionModule:AddNetworkToList(): Network detected
55s DecisionModule:AddNetworkToList(): Network detected
56s DeviceModule:MoveRandom(): New position: (100, 100)
56s DecisionModule:RemoveNetworkFromList(): Network: 1 out of range!
56s DecisionModule:RemoveNetworkFromList(): Network: 2 out of range!
56s DecisionModule:RemoveNetworkFromList(): Network: 13 out of range!
57s DeviceModule:MoveRandom(): New position: (100, 112)
57s DecisionModule:RemoveNetworkFromList(): Network: 8 out of range!
57s DecisionModule:AddNetworkToList(): Network detected
58s DeviceModule:MoveRandom(): New position: (88, 112)
58s DecisionModule:AddNetworkToList(): Network detected
58s DecisionModule:AddNetworkToList(): Network detected
58s DecisionModule:AddNetworkToList(): Network detected
59s DeviceModule:MoveRandom(): New position: (76, 112)
59s DecisionModule:AddNetworkToList(): Network detected
59s DecisionModule:AddNetworkToList(): Network detected
59s DecisionModule:AddNetworkToList(): Network detected
60s DecisionModule:Run(): Run decision
60s DecisionModule:AnalyzingNetworks(): Current Network: 
       [Network #11, Technology = Wifi, Address = 02-06-00:00:00:00:00:0d, { DataRate: 83, SignalStrength: 49, AntiFragility: 94}, IQ: 80]
60s DecisionModule:ShowAllNetworks(): All detected networks:
       [Network #11, Technology = Wifi, Address = 02-06-00:00:00:00:00:0d, { DataRate: 83, SignalStrength: 49, AntiFragility: 94}, IQ: 80]
       [Network #18, Technology = Wimax, Address = 02-06-00:00:00:00:00:15, { DataRate: 58, SignalStrength: 51, AntiFragility: 98}, IQ: 76]
       [Network #17, Technology = Wifi, Address = 02-06-00:00:00:00:00:13, { DataRate: 45, SignalStrength: 64, AntiFragility: 90}, IQ: 72]
       [Network #19, Technology = Wimax, Address = 02-06-00:00:00:00:00:16, { DataRate: 93, SignalStrength: 54, AntiFragility: 67}, IQ: 70]
       [Network #3, Technology = Wifi, Address = 02-06-00:00:00:00:00:05, { DataRate: 76, SignalStrength: 12, AntiFragility: 92}, IQ: 68]
       [Network #7, Technology = Wifi, Address = 02-06-00:00:00:00:00:09, { DataRate: 76, SignalStrength: 59, AntiFragility: 70}, IQ: 68]
       [Network #4, Technology = Wifi, Address = 02-06-00:00:00:00:00:06, { DataRate: 81, SignalStrength: 19, AntiFragility: 79}, IQ: 64]
       [Network #1, Technology = Wifi, Address = 02-06-00:00:00:00:00:03, { DataRate: 75, SignalStrength: 8, AntiFragility: 76}, IQ: 58]
       [Network #5, Technology = Wifi, Address = 02-06-00:00:00:00:00:07, { DataRate: 26, SignalStrength: 2, AntiFragility: 96}, IQ: 55]
       [Network #9, Technology = Wifi, Address = 02-06-00:00:00:00:00:0b, { DataRate: 92, SignalStrength: 69, AntiFragility: 17}, IQ: 48]
       [Network #12, Technology = Wifi, Address = 02-06-00:00:00:00:00:0e, { DataRate: 12, SignalStrength: 51, AntiFragility: 57}, IQ: 44]
       [Network #15, Technology = Wifi, Address = 02-06-00:00:00:00:00:11, { DataRate: 27, SignalStrength: 83, AntiFragility: 21}, IQ: 38]
       [Network #14, Technology = Wifi, Address = 02-06-00:00:00:00:00:10, { DataRate: 18, SignalStrength: 35, AntiFragility: 50}, IQ: 38]
       [Network #0, Technology = Wifi, Address = 02-06-00:00:00:00:00:02, { DataRate: 3, SignalStrength: 32, AntiFragility: 52}, IQ: 34]
       [Network #16, Technology = Wifi, Address = 02-06-00:00:00:00:00:12, { DataRate: 56, SignalStrength: 21, AntiFragility: 26}, IQ: 32]
       [Network #2, Technology = Wifi, Address = 02-06-00:00:00:00:00:04, { DataRate: 30, SignalStrength: 40, AntiFragility: 28}, IQ: 31]
       [Network #13, Technology = Wifi, Address = 02-06-00:00:00:00:00:0f, { DataRate: 53, SignalStrength: 38, AntiFragility: 18}, IQ: 31]
       [Network #8, Technology = Wifi, Address = 02-06-00:00:00:00:00:0a, { DataRate: 36, SignalStrength: 39, AntiFragility: 12}, IQ: 24]
       [Network #10, Technology = Wifi, Address = 02-06-00:00:00:00:00:0c, { DataRate: 30, SignalStrength: 28, AntiFragility: 12}, IQ: 20]
       [Network #6, Technology = Wifi, Address = 02-06-00:00:00:00:00:08, { DataRate: 30, SignalStrength: 23, AntiFragility: 10}, IQ: 18]
60s ExecutionModule:Run(): Decision time => Seconds: 0, Miliseconds: 297
60s ExecutionModule:Run(): Handover time => Seconds: 0, Miliseconds: 120
60s ExecutionModule:Run(): Event: Horizontal Handover.
60s DeviceModule:MoveRandom(): New position: (76, 100)
60s DecisionModule:RemoveNetworkFromList(): Network: 12 out of range!
60s DecisionModule:RemoveNetworkFromList(): Network: 16 out of range!
60s DecisionModule:RemoveNetworkFromList(): Network: 18 out of range!
61s DeviceModule:MoveRandom(): New position: (64, 100)
61s DecisionModule:RemoveNetworkFromList(): Network: 9 out of range!
61s DecisionModule:AddNetworkToList(): Network detected
61s DecisionModule:RemoveNetworkFromList(): Network: 14 out of range!
61s DecisionModule:AddNetworkToList(): Network detected
62s DeviceModule:MoveRandom(): New position: (76, 100)
62s DecisionModule:AddNetworkToList(): Network detected
62s DecisionModule:RemoveNetworkFromList(): Network: 12 out of range!
62s DecisionModule:AddNetworkToList(): Network detected
62s DecisionModule:RemoveNetworkFromList(): Network: 16 out of range!
63s DeviceModule:MoveRandom(): New position: (76, 112)
63s DecisionModule:AddNetworkToList(): Network detected
63s DecisionModule:AddNetworkToList(): Network detected
63s DecisionModule:AddNetworkToList(): Network detected
64s DeviceModule:MoveRandom(): New position: (76, 124)
64s DecisionModule:RemoveNetworkFromList(): Network: 1 out of range!
64s DecisionModule:RemoveNetworkFromList(): Network: 2 out of range!
64s DecisionModule:RemoveNetworkFromList(): Network: 9 out of range!
65s DeviceModule:MoveRandom(): New position: (76, 112)
65s DecisionModule:AddNetworkToList(): Network detected
65s DecisionModule:AddNetworkToList(): Network detected
65s DecisionModule:AddNetworkToList(): Network detected
66s DeviceModule:MoveRandom(): New position: (76, 100)
66s DecisionModule:RemoveNetworkFromList(): Network: 12 out of range!
66s DecisionModule:RemoveNetworkFromList(): Network: 16 out of range!
66s DecisionModule:RemoveNetworkFromList(): Network: 18 out of range!
67s DeviceModule:MoveRandom(): New position: (76, 112)
67s DecisionModule:AddNetworkToList(): Network detected
67s DecisionModule:AddNetworkToList(): Network detected
67s DecisionModule:AddNetworkToList(): Network detected
68s DeviceModule:MoveRandom(): New position: (64, 112)
68s DecisionModule:RemoveNetworkFromList(): Network: 9 out of range!
69s DeviceModule:MoveRandom(): New position: (64, 124)
69s DecisionModule:RemoveNetworkFromList(): Network: 2 out of range!
69s DecisionModule:RemoveNetworkFromList(): Network: 10 out of range!
70s DecisionModule:Run(): Run decision
70s DecisionModule:AnalyzingNetworks(): Current Network: 
       [Network #13, Technology = Wifi, Address = 02-06-00:00:00:00:00:0f, { DataRate: 71, SignalStrength: 44, AntiFragility: 99}, IQ: 78]
70s DecisionModule:ShowAllNetworks(): All detected networks:
       [Network #13, Technology = Wifi, Address = 02-06-00:00:00:00:00:0f, { DataRate: 71, SignalStrength: 44, AntiFragility: 99}, IQ: 78]
       [Network #4, Technology = Wifi, Address = 02-06-00:00:00:00:00:06, { DataRate: 40, SignalStrength: 81, AntiFragility: 83}, IQ: 71]
       [Network #1, Technology = Wifi, Address = 02-06-00:00:00:00:00:03, { DataRate: 39, SignalStrength: 51, AntiFragility: 88}, IQ: 66]
       [Network #11, Technology = Wifi, Address = 02-06-00:00:00:00:00:0d, { DataRate: 78, SignalStrength: 42, AntiFragility: 65}, IQ: 62]
       [Network #15, Technology = Wifi, Address = 02-06-00:00:00:00:00:11, { DataRate: 99, SignalStrength: 40, AntiFragility: 51}, IQ: 60]
       [Network #7, Technology = Wifi, Address = 02-06-00:00:00:00:00:09, { DataRate: 61, SignalStrength: 40, AntiFragility: 69}, IQ: 59]
       [Network #3, Technology = Wifi, Address = 02-06-00:00:00:00:00:05, { DataRate: 77, SignalStrength: 4, AntiFragility: 78}, IQ: 59]
       [Network #0, Technology = Wifi, Address = 02-06-00:00:00:00:00:02, { DataRate: 83, SignalStrength: 88, AntiFragility: 27}, IQ: 56]
       [Network #19, Technology = Wimax, Address = 02-06-00:00:00:00:00:16, { DataRate: 94, SignalStrength: 95, AntiFragility: 12}, IQ: 53]
       [Network #17, Technology = Wifi, Address = 02-06-00:00:00:00:00:13, { DataRate: 82, SignalStrength: 64, AntiFragility: 32}, IQ: 52]
       [Network #16, Technology = Wifi, Address = 02-06-00:00:00:00:00:12, { DataRate: 11, SignalStrength: 11, AntiFragility: 77}, IQ: 44]
       [Network #5, Technology = Wifi, Address = 02-06-00:00:00:00:00:07, { DataRate: 23, SignalStrength: 41, AntiFragility: 48}, IQ: 40]
       [Network #18, Technology = Wimax, Address = 02-06-00:00:00:00:00:15, { DataRate: 52, SignalStrength: 10, AntiFragility: 48}, IQ: 39]
       [Network #8, Technology = Wifi, Address = 02-06-00:00:00:00:00:0a, { DataRate: 70, SignalStrength: 19, AntiFragility: 30}, IQ: 37]
       [Network #14, Technology = Wifi, Address = 02-06-00:00:00:00:00:10, { DataRate: 27, SignalStrength: 70, AntiFragility: 10}, IQ: 29]
       [Network #6, Technology = Wifi, Address = 02-06-00:00:00:00:00:08, { DataRate: 5, SignalStrength: 9, AntiFragility: 29}, IQ: 18]
       [Network #12, Technology = Wifi, Address = 02-06-00:00:00:00:00:0e, { DataRate: 8, SignalStrength: 11, AntiFragility: 1}, IQ: 5]
70s ExecutionModule:Run(): Decision time => Seconds: 0, Miliseconds: 294
70s ExecutionModule:Run(): Handover time => Seconds: 0, Miliseconds: 119
70s ExecutionModule:Run(): Event: Horizontal Handover.
70s DeviceModule:MoveRandom(): New position: (64, 112)
70s DecisionModule:AddNetworkToList(): Network detected
70s DecisionModule:AddNetworkToList(): Network detected
71s DeviceModule:MoveRandom(): New position: (52, 112)
71s DecisionModule:RemoveNetworkFromList(): Network: 5 out of range!
71s DecisionModule:RemoveNetworkFromList(): Network: 10 out of range!
71s DecisionModule:RemoveNetworkFromList(): Network: 14 out of range!
71s DecisionModule:RemoveNetworkFromList(): Network: 19 out of range!
72s DeviceModule:MoveRandom(): New position: (52, 100)
72s DecisionModule:AddNetworkToList(): Network detected
72s DecisionModule:RemoveNetworkFromList(): Network: 11 out of range!
73s DeviceModule:MoveRandom(): New position: (52, 88)
73s DecisionModule:RemoveNetworkFromList(): Network: 12 out of range!
73s DecisionModule:RemoveNetworkFromList(): Network: 15 out of range!
73s DecisionModule:RemoveNetworkFromList(): Network: 16 out of range!
73s DecisionModule:RemoveNetworkFromList(): Network: 18 out of range!
74s DeviceModule:MoveRandom(): New position: (52, 100)
74s DecisionModule:AddNetworkToList(): Network detected
74s DecisionModule:AddNetworkToList(): Network detected
74s DecisionModule:AddNetworkToList(): Network detected
74s DecisionModule:AddNetworkToList(): Network detected
75s DeviceModule:MoveRandom(): New position: (40, 100)
75s DecisionModule:RemoveNetworkFromList(): Network: 10 out of range!
76s DeviceModule:MoveRandom(): New position: (52, 100)
76s DecisionModule:AddNetworkToList(): Network detected
77s DeviceModule:MoveRandom(): New position: (52, 88)
77s DecisionModule:RemoveNetworkFromList(): Network: 12 out of range!
77s DecisionModule:RemoveNetworkFromList(): Network: 15 out of range!
77s DecisionModule:RemoveNetworkFromList(): Network: 16 out of range!
77s DecisionModule:RemoveNetworkFromList(): Network: 18 out of range!
78s DeviceModule:MoveRandom(): New position: (40, 88)
79s DeviceModule:MoveRandom(): New position: (40, 100)
79s DecisionModule:RemoveNetworkFromList(): Network: 10 out of range!
79s DecisionModule:AddNetworkToList(): Network detected
79s DecisionModule:AddNetworkToList(): Network detected
79s DecisionModule:AddNetworkToList(): Network detected
79s DecisionModule:AddNetworkToList(): Network detected
80s DecisionModule:Run(): Run decision
80s DecisionModule:AnalyzingNetworks(): Current Network: 
       [Network #12, Technology = Wifi, Address = 02-06-00:00:00:00:00:0e, { DataRate: 82, SignalStrength: 81, AntiFragility: 67}, IQ: 74]
80s DecisionModule:ShowAllNetworks(): All detected networks:
       [Network #12, Technology = Wifi, Address = 02-06-00:00:00:00:00:0e, { DataRate: 82, SignalStrength: 81, AntiFragility: 67}, IQ: 74]
       [Network #13, Technology = Wifi, Address = 02-06-00:00:00:00:00:0f, { DataRate: 13, SignalStrength: 92, AntiFragility: 87}, IQ: 69]
       [Network #2, Technology = Wifi, Address = 02-06-00:00:00:00:00:04, { DataRate: 53, SignalStrength: 92, AntiFragility: 52}, IQ: 62]
       [Network #1, Technology = Wifi, Address = 02-06-00:00:00:00:00:03, { DataRate: 98, SignalStrength: 87, AntiFragility: 22}, IQ: 57]
       [Network #4, Technology = Wifi, Address = 02-06-00:00:00:00:00:06, { DataRate: 32, SignalStrength: 68, AntiFragility: 65}, IQ: 57]
       [Network #17, Technology = Wifi, Address = 02-06-00:00:00:00:00:13, { DataRate: 17, SignalStrength: 37, AntiFragility: 80}, IQ: 53]
       [Network #3, Technology = Wifi, Address = 02-06-00:00:00:00:00:05, { DataRate: 19, SignalStrength: 40, AntiFragility: 70}, IQ: 49]
       [Network #7, Technology = Wifi, Address = 02-06-00:00:00:00:00:09, { DataRate: 80, SignalStrength: 95, AntiFragility: 10}, IQ: 48]
       [Network #8, Technology = Wifi, Address = 02-06-00:00:00:00:00:0a, { DataRate: 98, SignalStrength: 30, AntiFragility: 26}, IQ: 45]
       [Network #0, Technology = Wifi, Address = 02-06-00:00:00:00:00:02, { DataRate: 95, SignalStrength: 26, AntiFragility: 29}, IQ: 44]
       [Network #15, Technology = Wifi, Address = 02-06-00:00:00:00:00:11, { DataRate: 66, SignalStrength: 49, AntiFragility: 32}, IQ: 44]
       [Network #6, Technology = Wifi, Address = 02-06-00:00:00:00:00:08, { DataRate: 8, SignalStrength: 3, AntiFragility: 65}, IQ: 35]
       [Network #18, Technology = Wimax, Address = 02-06-00:00:00:00:00:15, { DataRate: 70, SignalStrength: 29, AntiFragility: 10}, IQ: 29]
       [Network #16, Technology = Wifi, Address = 02-06-00:00:00:00:00:12, { DataRate: 65, SignalStrength: 36, AntiFragility: 6}, IQ: 28]
80s ExecutionModule:Run(): Decision time => Seconds: 0, Miliseconds: 236
80s ExecutionModule:Run(): Handover time => Seconds: 0, Miliseconds: 121
80s ExecutionModule:Run(): Event: Horizontal Handover.
80s DeviceModule:MoveRandom(): New position: (40, 112)
81s DeviceModule:MoveRandom(): New position: (40, 100)
82s DeviceModule:MoveRandom(): New position: (28, 100)
83s DeviceModule:MoveRandom(): New position: (40, 100)
84s DeviceModule:MoveRandom(): New position: (40, 112)
85s DeviceModule:MoveRandom(): New position: (28, 112)
86s DeviceModule:MoveRandom(): New position: (28, 100)
87s DeviceModule:MoveRandom(): New position: (28, 88)
87s DecisionModule:RemoveNetworkFromList(): Network: 6 out of range!
87s ExecutionModule:OutOfRange(): OUT OF BETTER NETWORK! Choosing another network...
87s DecisionModule:RemoveNetworkFromList(): Network: 12 out of range!
87s DecisionModule:Run(): Run decision
87s DecisionModule:AnalyzingNetworks(): Current Network: 
       [Network #3, Technology = Wifi, Address = 02-06-00:00:00:00:00:05, { DataRate: 96, SignalStrength: 25, AntiFragility: 86}, IQ: 73]
87s DecisionModule:ShowAllNetworks(): All detected networks:
       [Network #3, Technology = Wifi, Address = 02-06-00:00:00:00:00:05, { DataRate: 96, SignalStrength: 25, AntiFragility: 86}, IQ: 73]
       [Network #1, Technology = Wifi, Address = 02-06-00:00:00:00:00:03, { DataRate: 95, SignalStrength: 62, AntiFragility: 63}, IQ: 70]
       [Network #0, Technology = Wifi, Address = 02-06-00:00:00:00:00:02, { DataRate: 58, SignalStrength: 61, AntiFragility: 71}, IQ: 65]
       [Network #18, Technology = Wimax, Address = 02-06-00:00:00:00:00:15, { DataRate: 16, SignalStrength: 65, AntiFragility: 84}, IQ: 62]
       [Network #7, Technology = Wifi, Address = 02-06-00:00:00:00:00:09, { DataRate: 38, SignalStrength: 87, AntiFragility: 63}, IQ: 62]
       [Network #16, Technology = Wifi, Address = 02-06-00:00:00:00:00:12, { DataRate: 75, SignalStrength: 63, AntiFragility: 50}, IQ: 59]
       [Network #4, Technology = Wifi, Address = 02-06-00:00:00:00:00:06, { DataRate: 33, SignalStrength: 50, AntiFragility: 67}, IQ: 54]
       [Network #15, Technology = Wifi, Address = 02-06-00:00:00:00:00:11, { DataRate: 10, SignalStrength: 98, AntiFragility: 40}, IQ: 47]
       [Network #13, Technology = Wifi, Address = 02-06-00:00:00:00:00:0f, { DataRate: 58, SignalStrength: 42, AntiFragility: 13}, IQ: 31]
       [Network #17, Technology = Wifi, Address = 02-06-00:00:00:00:00:13, { DataRate: 16, SignalStrength: 17, AntiFragility: 38}, IQ: 27]
       [Network #2, Technology = Wifi, Address = 02-06-00:00:00:00:00:04, { DataRate: 76, SignalStrength: 8, AntiFragility: 1}, IQ: 21]
       [Network #8, Technology = Wifi, Address = 02-06-00:00:00:00:00:0a, { DataRate: 15, SignalStrength: 45, AntiFragility: 8}, IQ: 19]
87s ExecutionModule:Run(): Decision time => Seconds: 0, Miliseconds: 191
87s ExecutionModule:Run(): Handover time => Seconds: 0, Miliseconds: 120
87s ExecutionModule:Run(): Event: Horizontal Handover.
87s DecisionModule:RemoveNetworkFromList(): Network: 15 out of range!
87s DecisionModule:RemoveNetworkFromList(): Network: 16 out of range!
87s DecisionModule:RemoveNetworkFromList(): Network: 18 out of range!
88s DeviceModule:MoveRandom(): New position: (28, 100)
88s DecisionModule:AddNetworkToList(): Network detected
88s DecisionModule:AddNetworkToList(): Network detected
88s DecisionModule:AddNetworkToList(): Network detected
88s DecisionModule:AddNetworkToList(): Network detected
88s DecisionModule:AddNetworkToList(): Network detected
89s DeviceModule:MoveRandom(): New position: (28, 112)
90s DecisionModule:Run(): Run decision
90s DecisionModule:AnalyzingNetworks(): Current Network: 
       [Network #12, Technology = Wifi, Address = 02-06-00:00:00:00:00:0e, { DataRate: 72, SignalStrength: 54, AntiFragility: 99}, IQ: 81]
90s DecisionModule:ShowAllNetworks(): All detected networks:
       [Network #12, Technology = Wifi, Address = 02-06-00:00:00:00:00:0e, { DataRate: 72, SignalStrength: 54, AntiFragility: 99}, IQ: 81]
       [Network #4, Technology = Wifi, Address = 02-06-00:00:00:00:00:06, { DataRate: 90, SignalStrength: 97, AntiFragility: 55}, IQ: 74]
       [Network #0, Technology = Wifi, Address = 02-06-00:00:00:00:00:02, { DataRate: 37, SignalStrength: 92, AntiFragility: 81}, IQ: 72]
       [Network #8, Technology = Wifi, Address = 02-06-00:00:00:00:00:0a, { DataRate: 78, SignalStrength: 63, AntiFragility: 74}, IQ: 72]
       [Network #7, Technology = Wifi, Address = 02-06-00:00:00:00:00:09, { DataRate: 71, SignalStrength: 30, AntiFragility: 91}, IQ: 70]
       [Network #15, Technology = Wifi, Address = 02-06-00:00:00:00:00:11, { DataRate: 63, SignalStrength: 78, AntiFragility: 68}, IQ: 69]
       [Network #3, Technology = Wifi, Address = 02-06-00:00:00:00:00:05, { DataRate: 66, SignalStrength: 91, AntiFragility: 54}, IQ: 66]
       [Network #17, Technology = Wifi, Address = 02-06-00:00:00:00:00:13, { DataRate: 91, SignalStrength: 47, AntiFragility: 45}, IQ: 57]
       [Network #2, Technology = Wifi, Address = 02-06-00:00:00:00:00:04, { DataRate: 44, SignalStrength: 35, AntiFragility: 60}, IQ: 49]
       [Network #6, Technology = Wifi, Address = 02-06-00:00:00:00:00:08, { DataRate: 61, SignalStrength: 48, AntiFragility: 33}, IQ: 43]
       [Network #1, Technology = Wifi, Address = 02-06-00:00:00:00:00:03, { DataRate: 17, SignalStrength: 92, AntiFragility: 24}, IQ: 39]
       [Network #18, Technology = Wimax, Address = 02-06-00:00:00:00:00:15, { DataRate: 47, SignalStrength: 4, AntiFragility: 49}, IQ: 37]
       [Network #16, Technology = Wifi, Address = 02-06-00:00:00:00:00:12, { DataRate: 56, SignalStrength: 59, AntiFragility: 5}, IQ: 31]
       [Network #13, Technology = Wifi, Address = 02-06-00:00:00:00:00:0f, { DataRate: 22, SignalStrength: 7, AntiFragility: 21}, IQ: 17]
90s ExecutionModule:Run(): Decision time => Seconds: 0, Miliseconds: 235
90s ExecutionModule:Run(): Handover time => Seconds: 0, Miliseconds: 119
90s ExecutionModule:Run(): Event: Horizontal Handover.
90s DeviceModule:MoveRandom(): New position: (40, 112)
91s DeviceModule:MoveRandom(): New position: (40, 124)
92s DeviceModule:MoveRandom(): New position: (52, 124)
92s DecisionModule:AddNetworkToList(): Network detected
92s DecisionModule:AddNetworkToList(): Network detected
93s DeviceModule:MoveRandom(): New position: (52, 112)
93s DecisionModule:RemoveNetworkFromList(): Network: 14 out of range!
94s DeviceModule:MoveRandom(): New position: (52, 100)
94s DecisionModule:AddNetworkToList(): Network detected
94s DecisionModule:RemoveNetworkFromList(): Network: 11 out of range!
95s DeviceModule:MoveRandom(): New position: (64, 100)
95s DecisionModule:AddNetworkToList(): Network detected
95s DecisionModule:AddNetworkToList(): Network detected
95s DecisionModule:RemoveNetworkFromList(): Network: 18 out of range!
95s DecisionModule:AddNetworkToList(): Network detected
96s DeviceModule:MoveRandom(): New position: (76, 100)
96s DecisionModule:AddNetworkToList(): Network detected
96s ExecutionModule:OutOfRange(): OUT OF BETTER NETWORK! Choosing another network...
96s DecisionModule:RemoveNetworkFromList(): Network: 12 out of range!
96s DecisionModule:Run(): Run decision
96s DecisionModule:AnalyzingNetworks(): Current Network: 
       [Network #17, Technology = Wifi, Address = 02-06-00:00:00:00:00:13, { DataRate: 55, SignalStrength: 97, AntiFragility: 99}, IQ: 87]
96s DecisionModule:ShowAllNetworks(): All detected networks:
       [Network #17, Technology = Wifi, Address = 02-06-00:00:00:00:00:13, { DataRate: 55, SignalStrength: 97, AntiFragility: 99}, IQ: 87]
       [Network #0, Technology = Wifi, Address = 02-06-00:00:00:00:00:02, { DataRate: 94, SignalStrength: 72, AntiFragility: 75}, IQ: 79]
       [Network #10, Technology = Wifi, Address = 02-06-00:00:00:00:00:0c, { DataRate: 42, SignalStrength: 87, AntiFragility: 72}, IQ: 68]
       [Network #3, Technology = Wifi, Address = 02-06-00:00:00:00:00:05, { DataRate: 55, SignalStrength: 19, AntiFragility: 97}, IQ: 67]
       [Network #7, Technology = Wifi, Address = 02-06-00:00:00:00:00:09, { DataRate: 97, SignalStrength: 39, AntiFragility: 65}, IQ: 66]
       [Network #5, Technology = Wifi, Address = 02-06-00:00:00:00:00:07, { DataRate: 33, SignalStrength: 61, AntiFragility: 85}, IQ: 66]
       [Network #16, Technology = Wifi, Address = 02-06-00:00:00:00:00:12, { DataRate: 36, SignalStrength: 94, AntiFragility: 61}, IQ: 63]
       [Network #8, Technology = Wifi, Address = 02-06-00:00:00:00:00:0a, { DataRate: 62, SignalStrength: 29, AntiFragility: 75}, IQ: 60]
       [Network #6, Technology = Wifi, Address = 02-06-00:00:00:00:00:08, { DataRate: 79, SignalStrength: 17, AntiFragility: 65}, IQ: 56]
       [Network #15, Technology = Wifi, Address = 02-06-00:00:00:00:00:11, { DataRate: 13, SignalStrength: 61, AntiFragility: 74}, IQ: 55]
       [Network #1, Technology = Wifi, Address = 02-06-00:00:00:00:00:03, { DataRate: 79, SignalStrength: 20, AntiFragility: 51}, IQ: 50]
       [Network #2, Technology = Wifi, Address = 02-06-00:00:00:00:00:04, { DataRate: 11, SignalStrength: 26, AntiFragility: 78}, IQ: 48]
       [Network #19, Technology = Wimax, Address = 02-06-00:00:00:00:00:16, { DataRate: 94, SignalStrength: 10, AntiFragility: 40}, IQ: 46]
       [Network #13, Technology = Wifi, Address = 02-06-00:00:00:00:00:0f, { DataRate: 60, SignalStrength: 69, AntiFragility: 23}, IQ: 43]
       [Network #9, Technology = Wifi, Address = 02-06-00:00:00:00:00:0b, { DataRate: 86, SignalStrength: 72, AntiFragility: 3}, IQ: 41]
       [Network #11, Technology = Wifi, Address = 02-06-00:00:00:00:00:0d, { DataRate: 3, SignalStrength: 19, AntiFragility: 67}, IQ: 39]
       [Network #4, Technology = Wifi, Address = 02-06-00:00:00:00:00:06, { DataRate: 15, SignalStrength: 32, AntiFragility: 46}, IQ: 34]
96s ExecutionModule:Run(): Decision time => Seconds: 0, Miliseconds: 209
96s ExecutionModule:Run(): Handover time => Seconds: 0, Miliseconds: 119
96s ExecutionModule:Run(): Event: Horizontal Handover.
96s DecisionModule:AddNetworkToList(): Network detected
96s DecisionModule:RemoveNetworkFromList(): Network: 16 out of range!
97s DeviceModule:MoveRandom(): New position: (88, 100)
98s DeviceModule:MoveRandom(): New position: (100, 100)
98s DecisionModule:RemoveNetworkFromList(): Network: 1 out of range!
98s DecisionModule:RemoveNetworkFromList(): Network: 2 out of range!
98s DecisionModule:RemoveNetworkFromList(): Network: 13 out of range!
99s DeviceModule:MoveRandom(): New position: (112, 100)
99s DecisionModule:RemoveNetworkFromList(): Network: 8 out of range!
99s DecisionModule:RemoveNetworkFromList(): Network: 15 out of range!
100s DecisionModule:Run(): Run decision
100s DecisionModule:AnalyzingNetworks(): Current Network: 
       [Network #11, Technology = Wifi, Address = 02-06-00:00:00:00:00:0d, { DataRate: 68, SignalStrength: 83, AntiFragility: 90}, IQ: 82]
100s DecisionModule:ShowAllNetworks(): All detected networks:
       [Network #11, Technology = Wifi, Address = 02-06-00:00:00:00:00:0d, { DataRate: 68, SignalStrength: 83, AntiFragility: 90}, IQ: 82]
       [Network #19, Technology = Wimax, Address = 02-06-00:00:00:00:00:16, { DataRate: 83, SignalStrength: 51, AntiFragility: 81}, IQ: 74]
       [Network #0, Technology = Wifi, Address = 02-06-00:00:00:00:00:02, { DataRate: 93, SignalStrength: 5, AntiFragility: 89}, IQ: 69]
       [Network #5, Technology = Wifi, Address = 02-06-00:00:00:00:00:07, { DataRate: 48, SignalStrength: 63, AntiFragility: 72}, IQ: 63]
       [Network #14, Technology = Wifi, Address = 02-06-00:00:00:00:00:10, { DataRate: 47, SignalStrength: 95, AntiFragility: 56}, IQ: 63]
       [Network #4, Technology = Wifi, Address = 02-06-00:00:00:00:00:06, { DataRate: 38, SignalStrength: 70, AntiFragility: 56}, IQ: 55]
       [Network #7, Technology = Wifi, Address = 02-06-00:00:00:00:00:09, { DataRate: 2, SignalStrength: 88, AntiFragility: 60}, IQ: 52]
       [Network #9, Technology = Wifi, Address = 02-06-00:00:00:00:00:0b, { DataRate: 20, SignalStrength: 19, AntiFragility: 65}, IQ: 42]
       [Network #17, Technology = Wifi, Address = 02-06-00:00:00:00:00:13, { DataRate: 15, SignalStrength: 40, AntiFragility: 58}, IQ: 42]
       [Network #3, Technology = Wifi, Address = 02-06-00:00:00:00:00:05, { DataRate: 83, SignalStrength: 27, AntiFragility: 24}, IQ: 39]
       [Network #10, Technology = Wifi, Address = 02-06-00:00:00:00:00:0c, { DataRate: 10, SignalStrength: 8, AntiFragility: 68}, IQ: 38]
       [Network #6, Technology = Wifi, Address = 02-06-00:00:00:00:00:08, { DataRate: 46, SignalStrength: 80, AntiFragility: 13}, IQ: 38]
100s ExecutionModule:Run(): Decision time => Seconds: 0, Miliseconds: 224
100s ExecutionModule:Run(): Handover time => Seconds: 0, Miliseconds: 121
100s ExecutionModule:Run(): Event: Horizontal Handover.
100s DeviceModule:MoveRandom(): New position: (124, 100)
101s DeviceModule:MoveRandom(): New position: (112, 100)
102s DeviceModule:MoveRandom(): New position: (112, 112)
102s DecisionModule:AddNetworkToList(): Network detected
103s DeviceModule:MoveRandom(): New position: (100, 112)
103s DecisionModule:AddNetworkToList(): Network detected
104s DeviceModule:MoveRandom(): New position: (88, 112)
104s DecisionModule:AddNetworkToList(): Network detected
104s DecisionModule:AddNetworkToList(): Network detected
104s DecisionModule:AddNetworkToList(): Network detected
105s DeviceModule:MoveRandom(): New position: (76, 112)
105s DecisionModule:AddNetworkToList(): Network detected
105s DecisionModule:AddNetworkToList(): Network detected
105s DecisionModule:AddNetworkToList(): Network detected
106s DeviceModule:MoveRandom(): New position: (88, 112)
106s DecisionModule:RemoveNetworkFromList(): Network: 1 out of range!
106s DecisionModule:RemoveNetworkFromList(): Network: 2 out of range!
106s DecisionModule:RemoveNetworkFromList(): Network: 18 out of range!
107s DeviceModule:MoveRandom(): New position: (76, 112)
107s DecisionModule:AddNetworkToList(): Network detected
107s DecisionModule:AddNetworkToList(): Network detected
107s DecisionModule:AddNetworkToList(): Network detected
108s DeviceModule:MoveRandom(): New position: (76, 100)
108s DecisionModule:RemoveNetworkFromList(): Network: 12 out of range!
108s DecisionModule:RemoveNetworkFromList(): Network: 16 out of range!
108s DecisionModule:RemoveNetworkFromList(): Network: 18 out of range!
109s DeviceModule:MoveRandom(): New position: (88, 100)
110s DecisionModule:Run(): Run decision
110s DecisionModule:AnalyzingNetworks(): Current Network: 
       [Network #6, Technology = Wifi, Address = 02-06-00:00:00:00:00:08, { DataRate: 94, SignalStrength: 87, AntiFragility: 52}, IQ: 71]
110s DecisionModule:ShowAllNetworks(): All detected networks:
       [Network #6, Technology = Wifi, Address = 02-06-00:00:00:00:00:08, { DataRate: 94, SignalStrength: 87, AntiFragility: 52}, IQ: 71]
       [Network #3, Technology = Wifi, Address = 02-06-00:00:00:00:00:05, { DataRate: 13, SignalStrength: 81, AntiFragility: 93}, IQ: 70]
       [Network #13, Technology = Wifi, Address = 02-06-00:00:00:00:00:0f, { DataRate: 6, SignalStrength: 67, AntiFragility: 88}, IQ: 62]
       [Network #5, Technology = Wifi, Address = 02-06-00:00:00:00:00:07, { DataRate: 91, SignalStrength: 47, AntiFragility: 44}, IQ: 56]
       [Network #7, Technology = Wifi, Address = 02-06-00:00:00:00:00:09, { DataRate: 6, SignalStrength: 79, AntiFragility: 68}, IQ: 55]
       [Network #19, Technology = Wimax, Address = 02-06-00:00:00:00:00:16, { DataRate: 60, SignalStrength: 70, AntiFragility: 43}, IQ: 54]
       [Network #15, Technology = Wifi, Address = 02-06-00:00:00:00:00:11, { DataRate: 14, SignalStrength: 19, AntiFragility: 92}, IQ: 54]
       [Network #1, Technology = Wifi, Address = 02-06-00:00:00:00:00:03, { DataRate: 84, SignalStrength: 49, AntiFragility: 32}, IQ: 49]
       [Network #14, Technology = Wifi, Address = 02-06-00:00:00:00:00:10, { DataRate: 46, SignalStrength: 14, AntiFragility: 66}, IQ: 48]
       [Network #8, Technology = Wifi, Address = 02-06-00:00:00:00:00:0a, { DataRate: 52, SignalStrength: 33, AntiFragility: 55}, IQ: 48]
       [Network #0, Technology = Wifi, Address = 02-06-00:00:00:00:00:02, { DataRate: 68, SignalStrength: 32, AntiFragility: 39}, IQ: 44]
       [Network #2, Technology = Wifi, Address = 02-06-00:00:00:00:00:04, { DataRate: 40, SignalStrength: 8, AntiFragility: 51}, IQ: 37]
       [Network #11, Technology = Wifi, Address = 02-06-00:00:00:00:00:0d, { DataRate: 68, SignalStrength: 36, AntiFragility: 16}, IQ: 34]
       [Network #17, Technology = Wifi, Address = 02-06-00:00:00:00:00:13, { DataRate: 66, SignalStrength: 52, AntiFragility: 7}, IQ: 33]
       [Network #4, Technology = Wifi, Address = 02-06-00:00:00:00:00:06, { DataRate: 4, SignalStrength: 18, AntiFragility: 52}, IQ: 31]
       [Network #9, Technology = Wifi, Address = 02-06-00:00:00:00:00:0b, { DataRate: 73, SignalStrength: 4, AntiFragility: 19}, IQ: 28]
       [Network #10, Technology = Wifi, Address = 02-06-00:00:00:00:00:0c, { DataRate: 34, SignalStrength: 17, AntiFragility: 9}, IQ: 17]
110s ExecutionModule:Run(): Decision time => Seconds: 0, Miliseconds: 260
110s ExecutionModule:Run(): Handover time => Seconds: 0, Miliseconds: 120
110s ExecutionModule:Run(): Event: Horizontal Handover.
110s DeviceModule:MoveRandom(): New position: (88, 112)
110s DecisionModule:RemoveNetworkFromList(): Network: 1 out of range!
110s DecisionModule:RemoveNetworkFromList(): Network: 2 out of range!
110s DecisionModule:AddNetworkToList(): Network detected
110s DecisionModule:AddNetworkToList(): Network detected
111s DeviceModule:MoveRandom(): New position: (76, 112)
111s DecisionModule:AddNetworkToList(): Network detected
111s DecisionModule:AddNetworkToList(): Network detected
111s DecisionModule:AddNetworkToList(): Network detected
112s DeviceModule:MoveRandom(): New position: (88, 112)
112s DecisionModule:RemoveNetworkFromList(): Network: 1 out of range!
112s DecisionModule:RemoveNetworkFromList(): Network: 2 out of range!
112s DecisionModule:RemoveNetworkFromList(): Network: 18 out of range!
113s DeviceModule:MoveRandom(): New position: (76, 112)
113s DecisionModule:AddNetworkToList(): Network detected
113s DecisionModule:AddNetworkToList(): Network detected
113s DecisionModule:AddNetworkToList(): Network detected
114s DeviceModule:MoveRandom(): New position: (64, 112)
114s DecisionModule:RemoveNetworkFromList(): Network: 9 out of range!
115s DeviceModule:MoveRandom(): New position: (64, 124)
115s DecisionModule:RemoveNetworkFromList(): Network: 2 out of range!
115s DecisionModule:RemoveNetworkFromList(): Network: 10 out of range!
116s DeviceModule:MoveRandom(): New position: (64, 136)
116s DecisionModule:RemoveNetworkFromList(): Network: 1 out of range!
116s DecisionModule:RemoveNetworkFromList(): Network: 19 out of range!
117s DeviceModule:MoveRandom(): New position: (64, 148)
118s DeviceModule:MoveRandom(): New position: (64, 160)
118s DecisionModule:RemoveNetworkFromList(): Network: 8 out of range!
119s DeviceModule:MoveRandom(): New position: (52, 160)
119s DecisionModule:RemoveNetworkFromList(): Network: 5 out of range!
120s DecisionModule:Run(): Run decision
120s DecisionModule:AnalyzingNetworks(): Current Network: 
       [Network #16, Technology = Wifi, Address = 02-06-00:00:00:00:00:12, { DataRate: 69, SignalStrength: 60, AntiFragility: 99}, IQ: 81]
120s DecisionModule:ShowAllNetworks(): All detected networks:
       [Network #16, Technology = Wifi, Address = 02-06-00:00:00:00:00:12, { DataRate: 69, SignalStrength: 60, AntiFragility: 99}, IQ: 81]
       [Network #14, Technology = Wifi, Address = 02-06-00:00:00:00:00:10, { DataRate: 51, SignalStrength: 79, AntiFragility: 91}, IQ: 78]
       [Network #15, Technology = Wifi, Address = 02-06-00:00:00:00:00:11, { DataRate: 68, SignalStrength: 73, AntiFragility: 85}, IQ: 77]
       [Network #6, Technology = Wifi, Address = 02-06-00:00:00:00:00:08, { DataRate: 42, SignalStrength: 94, AntiFragility: 83}, IQ: 75]
       [Network #0, Technology = Wifi, Address = 02-06-00:00:00:00:00:02, { DataRate: 47, SignalStrength: 97, AntiFragility: 79}, IQ: 75]
       [Network #4, Technology = Wifi, Address = 02-06-00:00:00:00:00:06, { DataRate: 34, SignalStrength: 70, AntiFragility: 92}, IQ: 72]
       [Network #12, Technology = Wifi, Address = 02-06-00:00:00:00:00:0e, { DataRate: 45, SignalStrength: 75, AntiFragility: 79}, IQ: 69]
       [Network #11, Technology = Wifi, Address = 02-06-00:00:00:00:00:0d, { DataRate: 23, SignalStrength: 79, AntiFragility: 88}, IQ: 69]
       [Network #18, Technology = Wimax, Address = 02-06-00:00:00:00:00:15, { DataRate: 41, SignalStrength: 25, AntiFragility: 99}, IQ: 66]
       [Network #13, Technology = Wifi, Address = 02-06-00:00:00:00:00:0f, { DataRate: 88, SignalStrength: 58, AntiFragility: 54}, IQ: 63]
       [Network #3, Technology = Wifi, Address = 02-06-00:00:00:00:00:05, { DataRate: 20, SignalStrength: 82, AntiFragility: 28}, IQ: 39]
       [Network #7, Technology = Wifi, Address = 02-06-00:00:00:00:00:09, { DataRate: 86, SignalStrength: 11, AntiFragility: 12}, IQ: 30]
       [Network #17, Technology = Wifi, Address = 02-06-00:00:00:00:00:13, { DataRate: 34, SignalStrength: 58, AntiFragility: 6}, IQ: 26]
120s ExecutionModule:Run(): Decision time => Seconds: 0, Miliseconds: 325
120s ExecutionModule:Run(): Handover time => Seconds: 0, Miliseconds: 144
120s ExecutionModule:Run(): Event: Horizontal Handover.
120s DeviceModule:MoveRandom(): New position: (64, 160)
120s DecisionModule:AddNetworkToList(): Network detected
121s DeviceModule:MoveRandom(): New position: (64, 148)
121s DecisionModule:AddNetworkToList(): Network detected
122s DeviceModule:MoveRandom(): New position: (76, 148)
122s DecisionModule:RemoveNetworkFromList(): Network: 8 out of range!
123s DeviceModule:MoveRandom(): New position: (88, 148)
123s DecisionModule:AddNetworkToList(): Network detected
124s DeviceModule:MoveRandom(): New position: (100, 148)
124s DecisionModule:RemoveNetworkFromList(): Network: 17 out of range!
125s DeviceModule:MoveRandom(): New position: (100, 136)
125s DecisionModule:AddNetworkToList(): Network detected
125s DecisionModule:AddNetworkToList(): Network detected
125s DecisionModule:AddNetworkToList(): Network detected
126s DeviceModule:MoveRandom(): New position: (100, 124)
126s DecisionModule:RemoveNetworkFromList(): Network: 18 out of range!
127s DeviceModule:MoveRandom(): New position: (88, 124)
127s DecisionModule:AddNetworkToList(): Network detected
127s DecisionModule:AddNetworkToList(): Network detected
128s DeviceModule:MoveRandom(): New position: (88, 112)
128s DecisionModule:RemoveNetworkFromList(): Network: 18 out of range!
129s DeviceModule:MoveRandom(): New position: (100, 112)
129s DecisionModule:RemoveNetworkFromList(): Network: 8 out of range!
129s DecisionModule:RemoveNetworkFromList(): Network: 12 out of range!
129s ExecutionModule:OutOfRange(): OUT OF BETTER NETWORK! Choosing another network...
129s DecisionModule:RemoveNetworkFromList(): Network: 16 out of range!
129s DecisionModule:Run(): Run decision
129s DecisionModule:AnalyzingNetworks(): Current Network: 
       [Network #4, Technology = Wifi, Address = 02-06-00:00:00:00:00:06, { DataRate: 68, SignalStrength: 59, AntiFragility: 79}, IQ: 71]
129s DecisionModule:ShowAllNetworks(): All detected networks:
       [Network #4, Technology = Wifi, Address = 02-06-00:00:00:00:00:06, { DataRate: 68, SignalStrength: 59, AntiFragility: 79}, IQ: 71]
       [Network #7, Technology = Wifi, Address = 02-06-00:00:00:00:00:09, { DataRate: 84, SignalStrength: 76, AntiFragility: 55}, IQ: 67]
       [Network #0, Technology = Wifi, Address = 02-06-00:00:00:00:00:02, { DataRate: 32, SignalStrength: 96, AntiFragility: 61}, IQ: 62]
       [Network #11, Technology = Wifi, Address = 02-06-00:00:00:00:00:0d, { DataRate: 19, SignalStrength: 65, AntiFragility: 77}, IQ: 59]
       [Network #14, Technology = Wifi, Address = 02-06-00:00:00:00:00:10, { DataRate: 28, SignalStrength: 52, AntiFragility: 59}, IQ: 49]
       [Network #6, Technology = Wifi, Address = 02-06-00:00:00:00:00:08, { DataRate: 92, SignalStrength: 17, AntiFragility: 42}, IQ: 48]
       [Network #15, Technology = Wifi, Address = 02-06-00:00:00:00:00:11, { DataRate: 4, SignalStrength: 13, AntiFragility: 87}, IQ: 47]
       [Network #10, Technology = Wifi, Address = 02-06-00:00:00:00:00:0c, { DataRate: 88, SignalStrength: 60, AntiFragility: 17}, IQ: 45]
       [Network #9, Technology = Wifi, Address = 02-06-00:00:00:00:00:0b, { DataRate: 55, SignalStrength: 20, AntiFragility: 48}, IQ: 42]
       [Network #3, Technology = Wifi, Address = 02-06-00:00:00:00:00:05, { DataRate: 12, SignalStrength: 64, AntiFragility: 27}, IQ: 32]
       [Network #19, Technology = Wimax, Address = 02-06-00:00:00:00:00:16, { DataRate: 88, SignalStrength: 15, AntiFragility: 12}, IQ: 31]
       [Network #17, Technology = Wifi, Address = 02-06-00:00:00:00:00:13, { DataRate: 1, SignalStrength: 94, AntiFragility: 5}, IQ: 26]
       [Network #13, Technology = Wifi, Address = 02-06-00:00:00:00:00:0f, { DataRate: 35, SignalStrength: 16, AntiFragility: 20}, IQ: 22]
       [Network #5, Technology = Wifi, Address = 02-06-00:00:00:00:00:07, { DataRate: 1, SignalStrength: 57, AntiFragility: 4}, IQ: 16]
129s ExecutionModule:Run(): Decision time => Seconds: 0, Miliseconds: 188
129s ExecutionModule:Run(): Handover time => Seconds: 0, Miliseconds: 120
129s ExecutionModule:Run(): Event: Horizontal Handover.
130s DecisionModule:Run(): Run decision
130s DecisionModule:AnalyzingNetworks(): Current Network: 
       [Network #4, Technology = Wifi, Address = 02-06-00:00:00:00:00:06, { DataRate: 68, SignalStrength: 59, AntiFragility: 79}, IQ: 71]
130s DecisionModule:ShowAllNetworks(): All detected networks:
       [Network #4, Technology = Wifi, Address = 02-06-00:00:00:00:00:06, { DataRate: 68, SignalStrength: 59, AntiFragility: 79}, IQ: 71]
       [Network #7, Technology = Wifi, Address = 02-06-00:00:00:00:00:09, { DataRate: 84, SignalStrength: 76, AntiFragility: 55}, IQ: 67]
       [Network #0, Technology = Wifi, Address = 02-06-00:00:00:00:00:02, { DataRate: 32, SignalStrength: 96, AntiFragility: 61}, IQ: 62]
       [Network #11, Technology = Wifi, Address = 02-06-00:00:00:00:00:0d, { DataRate: 19, SignalStrength: 65, AntiFragility: 77}, IQ: 59]
       [Network #14, Technology = Wifi, Address = 02-06-00:00:00:00:00:10, { DataRate: 28, SignalStrength: 52, AntiFragility: 59}, IQ: 49]
       [Network #6, Technology = Wifi, Address = 02-06-00:00:00:00:00:08, { DataRate: 92, SignalStrength: 17, AntiFragility: 42}, IQ: 48]
       [Network #15, Technology = Wifi, Address = 02-06-00:00:00:00:00:11, { DataRate: 4, SignalStrength: 13, AntiFragility: 87}, IQ: 47]
       [Network #10, Technology = Wifi, Address = 02-06-00:00:00:00:00:0c, { DataRate: 88, SignalStrength: 60, AntiFragility: 17}, IQ: 45]
       [Network #9, Technology = Wifi, Address = 02-06-00:00:00:00:00:0b, { DataRate: 55, SignalStrength: 20, AntiFragility: 48}, IQ: 42]
       [Network #3, Technology = Wifi, Address = 02-06-00:00:00:00:00:05, { DataRate: 12, SignalStrength: 64, AntiFragility: 27}, IQ: 32]
       [Network #19, Technology = Wimax, Address = 02-06-00:00:00:00:00:16, { DataRate: 88, SignalStrength: 15, AntiFragility: 12}, IQ: 31]
       [Network #17, Technology = Wifi, Address = 02-06-00:00:00:00:00:13, { DataRate: 1, SignalStrength: 94, AntiFragility: 5}, IQ: 26]
       [Network #13, Technology = Wifi, Address = 02-06-00:00:00:00:00:0f, { DataRate: 35, SignalStrength: 16, AntiFragility: 20}, IQ: 22]
       [Network #5, Technology = Wifi, Address = 02-06-00:00:00:00:00:07, { DataRate: 1, SignalStrength: 57, AntiFragility: 4}, IQ: 16]
130s DeviceModule:MoveRandom(): New position: (100, 100)
130s DecisionModule:AddNetworkToList(): Network detected
130s DecisionModule:RemoveNetworkFromList(): Network: 13 out of range!
131s DeviceModule:MoveRandom(): New position: (112, 100)
131s DecisionModule:RemoveNetworkFromList(): Network: 8 out of range!
131s DecisionModule:RemoveNetworkFromList(): Network: 15 out of range!
132s DeviceModule:MoveRandom(): New position: (124, 100)
133s DeviceModule:MoveRandom(): New position: (136, 100)
133s DecisionModule:RemoveNetworkFromList(): Network: 17 out of range!
134s DeviceModule:MoveRandom(): New position: (148, 100)
135s DeviceModule:MoveRandom(): New position: (148, 88)
136s DeviceModule:MoveRandom(): New position: (160, 88)
136s DecisionModule:RemoveNetworkFromList(): Network: 14 out of range!
137s DeviceModule:MoveRandom(): New position: (172, 88)
138s DeviceModule:MoveRandom(): New position: (184, 88)
138s DecisionModule:RemoveNetworkFromList(): Network: 3 out of range!
138s ExecutionModule:OutOfRange(): OUT OF BETTER NETWORK! Choosing another network...
138s DecisionModule:RemoveNetworkFromList(): Network: 4 out of range!
138s DecisionModule:Run(): Run decision
138s DecisionModule:AnalyzingNetworks(): Current Network: 
       [Network #19, Technology = Wimax, Address = 02-06-00:00:00:00:00:16, { DataRate: 74, SignalStrength: 54, AntiFragility: 95}, IQ: 79]
138s DecisionModule:ShowAllNetworks(): All detected networks:
       [Network #19, Technology = Wimax, Address = 02-06-00:00:00:00:00:16, { DataRate: 74, SignalStrength: 54, AntiFragility: 95}, IQ: 79]
       [Network #7, Technology = Wifi, Address = 02-06-00:00:00:00:00:09, { DataRate: 50, SignalStrength: 79, AntiFragility: 89}, IQ: 76]
       [Network #11, Technology = Wifi, Address = 02-06-00:00:00:00:00:0d, { DataRate: 37, SignalStrength: 52, AntiFragility: 88}, IQ: 66]
       [Network #10, Technology = Wifi, Address = 02-06-00:00:00:00:00:0c, { DataRate: 27, SignalStrength: 82, AntiFragility: 67}, IQ: 60]
       [Network #9, Technology = Wifi, Address = 02-06-00:00:00:00:00:0b, { DataRate: 82, SignalStrength: 11, AntiFragility: 55}, IQ: 50]
       [Network #0, Technology = Wifi, Address = 02-06-00:00:00:00:00:02, { DataRate: 5, SignalStrength: 93, AntiFragility: 47}, IQ: 48]
       [Network #6, Technology = Wifi, Address = 02-06-00:00:00:00:00:08, { DataRate: 58, SignalStrength: 48, AntiFragility: 29}, IQ: 41]
       [Network #5, Technology = Wifi, Address = 02-06-00:00:00:00:00:07, { DataRate: 58, SignalStrength: 49, AntiFragility: 27}, IQ: 40]
138s ExecutionModule:Run(): Decision time => Seconds: 0, Miliseconds: 143
138s ExecutionModule:Run(): Handover time => Seconds: 0, Miliseconds: 70
138s ExecutionModule:Run(): Event: Vertical Handover.
138s DecisionModule:RemoveNetworkFromList(): Network: 11 out of range!
139s DeviceModule:MoveRandom(): New position: (196, 88)
139s DecisionModule:RemoveNetworkFromList(): Network: 6 out of range!
140s DecisionModule:Run(): Run decision
140s DecisionModule:AnalyzingNetworks(): Current Network: 
       [Network #19, Technology = Wimax, Address = 02-06-00:00:00:00:00:16, { DataRate: 74, SignalStrength: 54, AntiFragility: 95}, IQ: 79]
140s DecisionModule:ShowAllNetworks(): All detected networks:
       [Network #19, Technology = Wimax, Address = 02-06-00:00:00:00:00:16, { DataRate: 74, SignalStrength: 54, AntiFragility: 95}, IQ: 79]
       [Network #7, Technology = Wifi, Address = 02-06-00:00:00:00:00:09, { DataRate: 50, SignalStrength: 79, AntiFragility: 89}, IQ: 76]
       [Network #10, Technology = Wifi, Address = 02-06-00:00:00:00:00:0c, { DataRate: 27, SignalStrength: 82, AntiFragility: 67}, IQ: 60]
       [Network #9, Technology = Wifi, Address = 02-06-00:00:00:00:00:0b, { DataRate: 82, SignalStrength: 11, AntiFragility: 55}, IQ: 50]
       [Network #0, Technology = Wifi, Address = 02-06-00:00:00:00:00:02, { DataRate: 5, SignalStrength: 93, AntiFragility: 47}, IQ: 48]
       [Network #5, Technology = Wifi, Address = 02-06-00:00:00:00:00:07, { DataRate: 58, SignalStrength: 49, AntiFragility: 27}, IQ: 40]
140s DeviceModule:MoveRandom(): New position: (196, 88)
141s DeviceModule:MoveRandom(): New position: (196, 88)
142s DeviceModule:MoveRandom(): New position: (184, 88)
142s DecisionModule:AddNetworkToList(): Network detected
143s DeviceModule:MoveRandom(): New position: (184, 76)
143s DecisionModule:RemoveNetworkFromList(): Network: 6 out of range!
144s DeviceModule:MoveRandom(): New position: (172, 76)
144s DecisionModule:AddNetworkToList(): Network detected
145s DeviceModule:MoveRandom(): New position: (160, 76)
145s DecisionModule:AddNetworkToList(): Network detected
145s DecisionModule:AddNetworkToList(): Network detected
146s DeviceModule:MoveRandom(): New position: (160, 88)
146s DecisionModule:AddNetworkToList(): Network detected
147s DeviceModule:MoveRandom(): New position: (172, 88)
148s DeviceModule:MoveRandom(): New position: (172, 76)
148s DecisionModule:RemoveNetworkFromList(): Network: 3 out of range!
148s DecisionModule:RemoveNetworkFromList(): Network: 4 out of range!
148s DecisionModule:RemoveNetworkFromList(): Network: 11 out of range!
149s DeviceModule:MoveRandom(): New position: (172, 64)
149s DecisionModule:RemoveNetworkFromList(): Network: 6 out of range!
150s DecisionModule:Run(): Run decision
150s DecisionModule:AnalyzingNetworks(): Current Network: 
       [Network #5, Technology = Wifi, Address = 02-06-00:00:00:00:00:07, { DataRate: 81, SignalStrength: 31, AntiFragility: 78}, IQ: 67]
150s DecisionModule:ShowAllNetworks(): All detected networks:
       [Network #5, Technology = Wifi, Address = 02-06-00:00:00:00:00:07, { DataRate: 81, SignalStrength: 31, AntiFragility: 78}, IQ: 67]
       [Network #19, Technology = Wimax, Address = 02-06-00:00:00:00:00:16, { DataRate: 13, SignalStrength: 90, AntiFragility: 39}, IQ: 45]
       [Network #7, Technology = Wifi, Address = 02-06-00:00:00:00:00:09, { DataRate: 34, SignalStrength: 35, AntiFragility: 41}, IQ: 37]
       [Network #0, Technology = Wifi, Address = 02-06-00:00:00:00:00:02, { DataRate: 82, SignalStrength: 5, AntiFragility: 25}, IQ: 34]
       [Network #9, Technology = Wifi, Address = 02-06-00:00:00:00:00:0b, { DataRate: 75, SignalStrength: 28, AntiFragility: 11}, IQ: 31]
       [Network #10, Technology = Wifi, Address = 02-06-00:00:00:00:00:0c, { DataRate: 85, SignalStrength: 17, AntiFragility: 9}, IQ: 30]
150s ExecutionModule:Run(): Decision time => Seconds: 0, Miliseconds: 185
150s ExecutionModule:Run(): Handover time => Seconds: 0, Miliseconds: 31
150s ExecutionModule:Run(): Event: Vertical Handover.
150s DeviceModule:MoveRandom(): New position: (160, 64)
151s DeviceModule:MoveRandom(): New position: (148, 64)
151s DecisionModule:AddNetworkToList(): Network detected
152s DeviceModule:MoveRandom(): New position: (136, 64)
152s DecisionModule:AddNetworkToList(): Network detected
152s DecisionModule:AddNetworkToList(): Network detected
153s DeviceModule:MoveRandom(): New position: (124, 64)
153s DecisionModule:AddNetworkToList(): Network detected
154s DeviceModule:MoveRandom(): New position: (136, 64)
154s DecisionModule:RemoveNetworkFromList(): Network: 17 out of range!
155s DeviceModule:MoveRandom(): New position: (124, 64)
155s DecisionModule:AddNetworkToList(): Network detected
156s DeviceModule:MoveRandom(): New position: (124, 52)
156s DecisionModule:RemoveNetworkFromList(): Network: 3 out of range!
156s DecisionModule:RemoveNetworkFromList(): Network: 4 out of range!
156s DecisionModule:RemoveNetworkFromList(): Network: 6 out of range!
157s DeviceModule:MoveRandom(): New position: (124, 64)
157s DecisionModule:AddNetworkToList(): Network detected
157s DecisionModule:AddNetworkToList(): Network detected
157s DecisionModule:AddNetworkToList(): Network detected
158s DeviceModule:MoveRandom(): New position: (124, 52)
158s DecisionModule:RemoveNetworkFromList(): Network: 3 out of range!
158s DecisionModule:RemoveNetworkFromList(): Network: 4 out of range!
158s DecisionModule:RemoveNetworkFromList(): Network: 6 out of range!
159s DeviceModule:MoveRandom(): New position: (136, 52)
159s DecisionModule:RemoveNetworkFromList(): Network: 17 out of range!
160s DecisionModule:Run(): Run decision
160s DecisionModule:AnalyzingNetworks(): Current Network: 
       [Network #9, Technology = Wifi, Address = 02-06-00:00:00:00:00:0b, { DataRate: 93, SignalStrength: 2, AntiFragility: 98}, IQ: 72]
160s DecisionModule:ShowAllNetworks(): All detected networks:
       [Network #9, Technology = Wifi, Address = 02-06-00:00:00:00:00:0b, { DataRate: 93, SignalStrength: 2, AntiFragility: 98}, IQ: 72]
       [Network #10, Technology = Wifi, Address = 02-06-00:00:00:00:00:0c, { DataRate: 58, SignalStrength: 38, AntiFragility: 96}, IQ: 72]
       [Network #0, Technology = Wifi, Address = 02-06-00:00:00:00:00:02, { DataRate: 70, SignalStrength: 84, AntiFragility: 57}, IQ: 67]
       [Network #19, Technology = Wimax, Address = 02-06-00:00:00:00:00:16, { DataRate: 84, SignalStrength: 61, AntiFragility: 55}, IQ: 63]
       [Network #7, Technology = Wifi, Address = 02-06-00:00:00:00:00:09, { DataRate: 43, SignalStrength: 66, AntiFragility: 47}, IQ: 50]
       [Network #5, Technology = Wifi, Address = 02-06-00:00:00:00:00:07, { DataRate: 55, SignalStrength: 16, AntiFragility: 8}, IQ: 21]
160s ExecutionModule:Run(): Decision time => Seconds: 0, Miliseconds: 178
160s ExecutionModule:Run(): Handover time => Seconds: 0, Miliseconds: 122
160s ExecutionModule:Run(): Event: Horizontal Handover.
160s DeviceModule:MoveRandom(): New position: (124, 52)
160s DecisionModule:AddNetworkToList(): Network detected
161s DeviceModule:MoveRandom(): New position: (112, 52)
162s DeviceModule:MoveRandom(): New position: (124, 52)
163s DeviceModule:MoveRandom(): New position: (124, 40)
164s DeviceModule:MoveRandom(): New position: (124, 28)
164s DecisionModule:RemoveNetworkFromList(): Network: 5 out of range!
164s DecisionModule:RemoveNetworkFromList(): Network: 17 out of range!
165s DeviceModule:MoveRandom(): New position: (124, 16)
165s DecisionModule:RemoveNetworkFromList(): Network: 0 out of range!
166s DeviceModule:MoveRandom(): New position: (124, 4)
167s DeviceModule:MoveRandom(): New position: (124, 4)
168s DeviceModule:MoveRandom(): New position: (124, 16)
169s DeviceModule:MoveRandom(): New position: (124, 4)
170s DecisionModule:Run(): Run decision
170s DecisionModule:AnalyzingNetworks(): Current Network: 
       [Network #10, Technology = Wifi, Address = 02-06-00:00:00:00:00:0c, { DataRate: 89, SignalStrength: 18, AntiFragility: 94}, IQ: 73]
170s DecisionModule:ShowAllNetworks(): All detected networks:
       [Network #10, Technology = Wifi, Address = 02-06-00:00:00:00:00:0c, { DataRate: 89, SignalStrength: 18, AntiFragility: 94}, IQ: 73]
       [Network #19, Technology = Wimax, Address = 02-06-00:00:00:00:00:16, { DataRate: 60, SignalStrength: 41, AntiFragility: 67}, IQ: 58]
       [Network #7, Technology = Wifi, Address = 02-06-00:00:00:00:00:09, { DataRate: 65, SignalStrength: 30, AntiFragility: 35}, IQ: 41]
       [Network #9, Technology = Wifi, Address = 02-06-00:00:00:00:00:0b, { DataRate: 23, SignalStrength: 25, AntiFragility: 32}, IQ: 28]
170s ExecutionModule:Run(): Decision time => Seconds: 0, Miliseconds: 202
170s ExecutionModule:Run(): Handover time => Seconds: 0, Miliseconds: 122
170s ExecutionModule:Run(): Event: Horizontal Handover.
170s DeviceModule:MoveRandom(): New position: (136, 4)
171s DeviceModule:MoveRandom(): New position: (148, 4)
171s DecisionModule:RemoveNetworkFromList(): Network: 7 out of range!
172s DeviceModule:MoveRandom(): New position: (148, 16)
172s DecisionModule:AddNetworkToList(): Network detected
173s DeviceModule:MoveRandom(): New position: (148, 28)
173s DecisionModule:AddNetworkToList(): Network detected
174s DeviceModule:MoveRandom(): New position: (148, 40)
174s DecisionModule:AddNetworkToList(): Network detected
175s DeviceModule:MoveRandom(): New position: (160, 40)
176s DeviceModule:MoveRandom(): New position: (160, 52)
177s DeviceModule:MoveRandom(): New position: (172, 52)
178s DeviceModule:MoveRandom(): New position: (172, 40)
179s DeviceModule:MoveRandom(): New position: (160, 40)
180s DecisionModule:Run(): Run decision
180s DecisionModule:AnalyzingNetworks(): Current Network: 
       [Network #19, Technology = Wimax, Address = 02-06-00:00:00:00:00:16, { DataRate: 79, SignalStrength: 97, AntiFragility: 59}, IQ: 73]
180s DecisionModule:ShowAllNetworks(): All detected networks:
       [Network #19, Technology = Wimax, Address = 02-06-00:00:00:00:00:16, { DataRate: 79, SignalStrength: 97, AntiFragility: 59}, IQ: 73]
       [Network #7, Technology = Wifi, Address = 02-06-00:00:00:00:00:09, { DataRate: 71, SignalStrength: 57, AntiFragility: 80}, IQ: 72]
       [Network #9, Technology = Wifi, Address = 02-06-00:00:00:00:00:0b, { DataRate: 31, SignalStrength: 35, AntiFragility: 84}, IQ: 58]
       [Network #10, Technology = Wifi, Address = 02-06-00:00:00:00:00:0c, { DataRate: 34, SignalStrength: 57, AntiFragility: 71}, IQ: 58]
       [Network #0, Technology = Wifi, Address = 02-06-00:00:00:00:00:02, { DataRate: 46, SignalStrength: 12, AntiFragility: 74}, IQ: 51]
       [Network #5, Technology = Wifi, Address = 02-06-00:00:00:00:00:07, { DataRate: 4, SignalStrength: 13, AntiFragility: 43}, IQ: 25]
180s ExecutionModule:Run(): Decision time => Seconds: 0, Miliseconds: 178
180s ExecutionModule:Run(): Handover time => Seconds: 0, Miliseconds: 32
180s ExecutionModule:Run(): Event: Vertical Handover.
180s DeviceModule:MoveRandom(): New position: (148, 40)
181s DeviceModule:MoveRandom(): New position: (160, 40)
182s DeviceModule:MoveRandom(): New position: (148, 40)
183s DeviceModule:MoveRandom(): New position: (148, 52)
184s DeviceModule:MoveRandom(): New position: (136, 52)
185s DeviceModule:MoveRandom(): New position: (136, 64)
185s DecisionModule:AddNetworkToList(): Network detected
185s DecisionModule:AddNetworkToList(): Network detected
185s DecisionModule:AddNetworkToList(): Network detected
186s DeviceModule:MoveRandom(): New position: (124, 64)
186s DecisionModule:AddNetworkToList(): Network detected
187s DeviceModule:MoveRandom(): New position: (136, 64)
187s DecisionModule:RemoveNetworkFromList(): Network: 17 out of range!
188s DeviceModule:MoveRandom(): New position: (136, 76)
188s DecisionModule:AddNetworkToList(): Network detected
189s DeviceModule:MoveRandom(): New position: (136, 64)
189s DecisionModule:RemoveNetworkFromList(): Network: 11 out of range!
190s DecisionModule:Run(): Run decision
190s DecisionModule:AnalyzingNetworks(): Current Network: 
       [Network #19, Technology = Wimax, Address = 02-06-00:00:00:00:00:16, { DataRate: 98, SignalStrength: 56, AntiFragility: 90}, IQ: 83]
190s DecisionModule:ShowAllNetworks(): All detected networks:
       [Network #19, Technology = Wimax, Address = 02-06-00:00:00:00:00:16, { DataRate: 98, SignalStrength: 56, AntiFragility: 90}, IQ: 83]
       [Network #10, Technology = Wifi, Address = 02-06-00:00:00:00:00:0c, { DataRate: 41, SignalStrength: 31, AntiFragility: 84}, IQ: 60]
       [Network #0, Technology = Wifi, Address = 02-06-00:00:00:00:00:02, { DataRate: 75, SignalStrength: 45, AntiFragility: 59}, IQ: 59]
       [Network #6, Technology = Wifi, Address = 02-06-00:00:00:00:00:08, { DataRate: 51, SignalStrength: 83, AntiFragility: 50}, IQ: 58]
       [Network #3, Technology = Wifi, Address = 02-06-00:00:00:00:00:05, { DataRate: 15, SignalStrength: 40, AntiFragility: 70}, IQ: 48]
       [Network #9, Technology = Wifi, Address = 02-06-00:00:00:00:00:0b, { DataRate: 87, SignalStrength: 63, AntiFragility: 12}, IQ: 43]
       [Network #5, Technology = Wifi, Address = 02-06-00:00:00:00:00:07, { DataRate: 79, SignalStrength: 14, AntiFragility: 6}, IQ: 26]
       [Network #7, Technology = Wifi, Address = 02-06-00:00:00:00:00:09, { DataRate: 19, SignalStrength: 72, AntiFragility: 6}, IQ: 25]
       [Network #4, Technology = Wifi, Address = 02-06-00:00:00:00:00:06, { DataRate: 11, SignalStrength: 55, AntiFragility: 5}, IQ: 19]
190s DeviceModule:MoveRandom(): New position: (124, 64)
190s DecisionModule:AddNetworkToList(): Network detected
191s DeviceModule:MoveRandom(): New position: (112, 64)
192s DeviceModule:MoveRandom(): New position: (124, 64)
193s DeviceModule:MoveRandom(): New position: (124, 76)
193s DecisionModule:AddNetworkToList(): Network detected
194s DeviceModule:MoveRandom(): New position: (124, 88)
194s DecisionModule:AddNetworkToList(): Network detected
195s DeviceModule:MoveRandom(): New position: (136, 88)
195s DecisionModule:RemoveNetworkFromList(): Network: 17 out of range!
196s DeviceModule:MoveRandom(): New position: (136, 100)
197s DeviceModule:MoveRandom(): New position: (136, 88)
198s DeviceModule:MoveRandom(): New position: (136, 100)
199s DeviceModule:MoveRandom(): New position: (124, 100)
199s DecisionModule:AddNetworkToList(): Network detected
