Waf: Entering directory `/home/renan/Documents/NR2/ns-allinone-3.20/ns-3.20/build'
Waf: Leaving directory `/home/renan/Documents/NR2/ns-allinone-3.20/ns-3.20/build'
'build' finished successfully (1.796s)
0s NetworkModule:SetPosition(): Network 0 set position => (11, 19)
0s NetworkModule:SetRange(): Network 0 set range => 100
0s NetworkModule:SetPosition(): Network 1 set position => (122, 98)
0s NetworkModule:SetRange(): Network 1 set range => 100
0s NetworkModule:SetPosition(): Network 2 set position => (37, 191)
0s NetworkModule:SetRange(): Network 2 set range => 100
0s NetworkModule:SetPosition(): Network 3 set position => (17, 120)
0s NetworkModule:SetRange(): Network 3 set range => 100
0s NetworkModule:SetPosition(): Network 4 set position => (155, 138)
0s NetworkModule:SetRange(): Network 4 set range => 100
0s NetworkModule:SetPosition(): Network 5 set position => (96, 12)
0s NetworkModule:SetRange(): Network 5 set range => 100
0s NetworkModule:SetPosition(): Network 6 set position => (119, 104)
0s NetworkModule:SetRange(): Network 6 set range => 100
0s NetworkModule:SetPosition(): Network 7 set position => (128, 168)
0s NetworkModule:SetRange(): Network 7 set range => 100
0s NetworkModule:SetPosition(): Network 8 set position => (92, 100)
0s NetworkModule:SetRange(): Network 8 set range => 100
0s NetworkModule:SetPosition(): Network 9 set position => (92, 162)
0s NetworkModule:SetRange(): Network 9 set range => 100
0s NetworkModule:SetPosition(): Network 10 set position => (8, 85)
0s NetworkModule:SetRange(): Network 10 set range => 100
0s NetworkModule:SetPosition(): Network 11 set position => (135, 62)
0s NetworkModule:SetRange(): Network 11 set range => 100
0s NetworkModule:SetPosition(): Network 12 set position => (151, 27)
0s NetworkModule:SetRange(): Network 12 set range => 100
0s NetworkModule:SetPosition(): Network 13 set position => (42, 163)
0s NetworkModule:SetRange(): Network 13 set range => 100
0s NetworkModule:SetPosition(): Network 14 set position => (123, 23)
0s NetworkModule:SetRange(): Network 14 set range => 100
0s NetworkModule:SetPosition(): Network 15 set position => (42, 2)
0s NetworkModule:SetRange(): Network 15 set range => 100
0s NetworkModule:SetPosition(): Network 16 set position => (100, 134)
0s NetworkModule:SetRange(): Network 16 set range => 100
0s NetworkModule:SetPosition(): Network 17 set position => (78, 117)
0s NetworkModule:SetRange(): Network 17 set range => 100
0s NetworkModule:SetPosition(): Network 18 set position => (37, 90)
0s NetworkModule:SetRange(): Network 18 set range => 100
0s NetworkModule:SetPosition(): Network 19 set position => (180, 95)
0s NetworkModule:SetRange(): Network 19 set range => 100
0s DeviceModule:ConfigureMobility(): Device [init x = 100, init y = 100, max = 200, velocity = 12]
1s DeviceModule:MoveRandom(): New position: (100, 112)
1s DecisionModule:AddNetworkToList(): Network detected
1s DecisionModule:AddNetworkToList(): Network detected
1s DecisionModule:AddNetworkToList(): Network detected
1s DecisionModule:AddNetworkToList(): Network detected
1s DecisionModule:AddNetworkToList(): Network detected
1s DecisionModule:AddNetworkToList(): Network detected
1s DecisionModule:AddNetworkToList(): Network detected
1s DecisionModule:AddNetworkToList(): Network detected
1s DecisionModule:AddNetworkToList(): Network detected
1s DecisionModule:AddNetworkToList(): Network detected
1s DecisionModule:AddNetworkToList(): Network detected
1s DecisionModule:AddNetworkToList(): Network detected
1s DecisionModule:AddNetworkToList(): Network detected
1s DecisionModule:AddNetworkToList(): Network detected
1s DecisionModule:AddNetworkToList(): Network detected
1s DecisionModule:AddNetworkToList(): Network detected
1s DecisionModule:AddNetworkToList(): Network detected
2s DeviceModule:MoveRandom(): New position: (88, 112)
2s DecisionModule:AddNetworkToList(): Network detected
2s DecisionModule:RemoveNetworkFromList(): Network: 12 out of range!
3s DeviceModule:MoveRandom(): New position: (76, 112)
3s DecisionModule:RemoveNetworkFromList(): Network: 5 out of range!
3s DecisionModule:RemoveNetworkFromList(): Network: 19 out of range!
4s DeviceModule:MoveRandom(): New position: (76, 124)
4s DecisionModule:RemoveNetworkFromList(): Network: 14 out of range!
5s DeviceModule:MoveRandom(): New position: (76, 136)
6s DeviceModule:MoveRandom(): New position: (76, 124)
7s DeviceModule:MoveRandom(): New position: (88, 124)
7s DecisionModule:AddNetworkToList(): Network detected
8s DeviceModule:MoveRandom(): New position: (76, 124)
8s DecisionModule:RemoveNetworkFromList(): Network: 19 out of range!
9s DeviceModule:MoveRandom(): New position: (88, 124)
9s DecisionModule:AddNetworkToList(): Network detected
10s DeviceModule:MoveRandom(): New position: (76, 124)
10s DecisionModule:RemoveNetworkFromList(): Network: 19 out of range!
11s DeviceModule:MoveRandom(): New position: (88, 124)
11s DecisionModule:AddNetworkToList(): Network detected
12s DeviceModule:MoveRandom(): New position: (88, 112)
12s DecisionModule:AddNetworkToList(): Network detected
12s DecisionModule:AddNetworkToList(): Network detected
13s DeviceModule:MoveRandom(): New position: (76, 112)
13s DecisionModule:RemoveNetworkFromList(): Network: 5 out of range!
13s DecisionModule:RemoveNetworkFromList(): Network: 19 out of range!
14s DeviceModule:MoveRandom(): New position: (64, 112)
14s DecisionModule:RemoveNetworkFromList(): Network: 14 out of range!
15s DecisionModule:Run(): Run decision
15s DecisionModule:AnalyzingNetworks(): Current Network: 
       [Network #2, Technology = Wifi, Address = 02-06-00:00:00:00:00:04, { DataRate: 54, SignalStrength: 97, AntiFragility: 66}, IQ: 70]
15s DecisionModule:ShowAllNetworks(): All detected networks:
       [Network #2, Technology = Wifi, Address = 02-06-00:00:00:00:00:04, { DataRate: 54, SignalStrength: 97, AntiFragility: 66}, IQ: 70]
       [Network #7, Technology = Wifi, Address = 02-06-00:00:00:00:00:09, { DataRate: 82, SignalStrength: 60, AntiFragility: 48}, IQ: 59]
       [Network #4, Technology = Wifi, Address = 02-06-00:00:00:00:00:06, { DataRate: 73, SignalStrength: 46, AntiFragility: 51}, IQ: 55]
       [Network #13, Technology = Wifi, Address = 02-06-00:00:00:00:00:0f, { DataRate: 96, SignalStrength: 40, AntiFragility: 42}, IQ: 55]
       [Network #11, Technology = Wifi, Address = 02-06-00:00:00:00:00:0d, { DataRate: 54, SignalStrength: 72, AntiFragility: 46}, IQ: 54]
       [Network #3, Technology = Wifi, Address = 02-06-00:00:00:00:00:05, { DataRate: 23, SignalStrength: 97, AntiFragility: 42}, IQ: 51]
       [Network #18, Technology = Wimax, Address = 02-06-00:00:00:00:00:15, { DataRate: 44, SignalStrength: 88, AntiFragility: 25}, IQ: 45]
       [Network #17, Technology = Wifi, Address = 02-06-00:00:00:00:00:13, { DataRate: 94, SignalStrength: 43, AntiFragility: 15}, IQ: 41]
       [Network #1, Technology = Wifi, Address = 02-06-00:00:00:00:00:03, { DataRate: 20, SignalStrength: 90, AntiFragility: 25}, IQ: 40]
       [Network #8, Technology = Wifi, Address = 02-06-00:00:00:00:00:0a, { DataRate: 1, SignalStrength: 78, AntiFragility: 39}, IQ: 39]
       [Network #10, Technology = Wifi, Address = 02-06-00:00:00:00:00:0c, { DataRate: 26, SignalStrength: 65, AntiFragility: 25}, IQ: 35]
       [Network #16, Technology = Wifi, Address = 02-06-00:00:00:00:00:12, { DataRate: 40, SignalStrength: 68, AntiFragility: 11}, IQ: 32]
       [Network #9, Technology = Wifi, Address = 02-06-00:00:00:00:00:0b, { DataRate: 47, SignalStrength: 44, AntiFragility: 14}, IQ: 29]
       [Network #6, Technology = Wifi, Address = 02-06-00:00:00:00:00:08, { DataRate: 79, SignalStrength: 4, AntiFragility: 13}, IQ: 27]
15s DeviceModule:MoveRandom(): New position: (76, 112)
15s DecisionModule:AddNetworkToList(): Network detected
16s DeviceModule:MoveRandom(): New position: (76, 100)
16s DecisionModule:AddNetworkToList(): Network detected
17s DeviceModule:MoveRandom(): New position: (76, 112)
17s DecisionModule:RemoveNetworkFromList(): Network: 5 out of range!
18s DeviceModule:MoveRandom(): New position: (76, 124)
18s DecisionModule:RemoveNetworkFromList(): Network: 14 out of range!
19s DeviceModule:MoveRandom(): New position: (76, 112)
19s DecisionModule:AddNetworkToList(): Network detected
20s DeviceModule:MoveRandom(): New position: (64, 112)
20s DecisionModule:RemoveNetworkFromList(): Network: 14 out of range!
21s DeviceModule:MoveRandom(): New position: (64, 124)
22s DeviceModule:MoveRandom(): New position: (64, 136)
22s DecisionModule:RemoveNetworkFromList(): Network: 11 out of range!
23s DeviceModule:MoveRandom(): New position: (64, 124)
23s DecisionModule:AddNetworkToList(): Network detected
24s DeviceModule:MoveRandom(): New position: (64, 136)
24s DecisionModule:RemoveNetworkFromList(): Network: 11 out of range!
25s DeviceModule:MoveRandom(): New position: (52, 136)
25s DecisionModule:RemoveNetworkFromList(): Network: 4 out of range!
26s DeviceModule:MoveRandom(): New position: (52, 148)
27s DeviceModule:MoveRandom(): New position: (64, 148)
27s DecisionModule:AddNetworkToList(): Network detected
28s DeviceModule:MoveRandom(): New position: (76, 148)
29s DeviceModule:MoveRandom(): New position: (76, 160)
29s DecisionModule:RemoveNetworkFromList(): Network: 10 out of range!
30s DecisionModule:Run(): Run decision
30s DecisionModule:AnalyzingNetworks(): Current Network: 
       [Network #7, Technology = Wifi, Address = 02-06-00:00:00:00:00:09, { DataRate: 23, SignalStrength: 97, AntiFragility: 74}, IQ: 67]
30s DecisionModule:ShowAllNetworks(): All detected networks:
       [Network #7, Technology = Wifi, Address = 02-06-00:00:00:00:00:09, { DataRate: 23, SignalStrength: 97, AntiFragility: 74}, IQ: 67]
       [Network #3, Technology = Wifi, Address = 02-06-00:00:00:00:00:05, { DataRate: 61, SignalStrength: 11, AntiFragility: 83}, IQ: 59]
       [Network #9, Technology = Wifi, Address = 02-06-00:00:00:00:00:0b, { DataRate: 82, SignalStrength: 74, AntiFragility: 34}, IQ: 56]
       [Network #6, Technology = Wifi, Address = 02-06-00:00:00:00:00:08, { DataRate: 34, SignalStrength: 29, AntiFragility: 69}, IQ: 50]
       [Network #1, Technology = Wifi, Address = 02-06-00:00:00:00:00:03, { DataRate: 60, SignalStrength: 5, AntiFragility: 67}, IQ: 49]
       [Network #18, Technology = Wimax, Address = 02-06-00:00:00:00:00:15, { DataRate: 90, SignalStrength: 44, AntiFragility: 28}, IQ: 47]
       [Network #17, Technology = Wifi, Address = 02-06-00:00:00:00:00:13, { DataRate: 14, SignalStrength: 6, AntiFragility: 72}, IQ: 41]
       [Network #2, Technology = Wifi, Address = 02-06-00:00:00:00:00:04, { DataRate: 27, SignalStrength: 26, AntiFragility: 54}, IQ: 40]
       [Network #8, Technology = Wifi, Address = 02-06-00:00:00:00:00:0a, { DataRate: 63, SignalStrength: 20, AntiFragility: 38}, IQ: 39]
       [Network #16, Technology = Wifi, Address = 02-06-00:00:00:00:00:12, { DataRate: 10, SignalStrength: 59, AntiFragility: 41}, IQ: 37]
       [Network #13, Technology = Wifi, Address = 02-06-00:00:00:00:00:0f, { DataRate: 81, SignalStrength: 50, AntiFragility: 7}, IQ: 36]
       [Network #4, Technology = Wifi, Address = 02-06-00:00:00:00:00:06, { DataRate: 23, SignalStrength: 33, AntiFragility: 34}, IQ: 31]
30s ExecutionModule:Run(): Decision time => Seconds: 0, Miliseconds: 222
30s ExecutionModule:Run(): Handover time => Seconds: 0, Miliseconds: 178
30s ExecutionModule:Run(): Event: Horizontal Handover.
30s DeviceModule:MoveRandom(): New position: (64, 160)
30s DecisionModule:AddNetworkToList(): Network detected
31s DeviceModule:MoveRandom(): New position: (64, 148)
32s DeviceModule:MoveRandom(): New position: (64, 136)
33s DeviceModule:MoveRandom(): New position: (76, 136)
33s DecisionModule:AddNetworkToList(): Network detected
34s DeviceModule:MoveRandom(): New position: (64, 136)
34s DecisionModule:RemoveNetworkFromList(): Network: 11 out of range!
35s DeviceModule:MoveRandom(): New position: (64, 124)
35s DecisionModule:AddNetworkToList(): Network detected
36s DeviceModule:MoveRandom(): New position: (64, 112)
37s DeviceModule:MoveRandom(): New position: (52, 112)
37s DecisionModule:RemoveNetworkFromList(): Network: 4 out of range!
38s DeviceModule:MoveRandom(): New position: (52, 124)
38s DecisionModule:RemoveNetworkFromList(): Network: 11 out of range!
39s DeviceModule:MoveRandom(): New position: (52, 112)
39s DecisionModule:AddNetworkToList(): Network detected
40s DeviceModule:MoveRandom(): New position: (52, 124)
40s DecisionModule:RemoveNetworkFromList(): Network: 11 out of range!
41s DeviceModule:MoveRandom(): New position: (64, 124)
41s DecisionModule:AddNetworkToList(): Network detected
41s DecisionModule:AddNetworkToList(): Network detected
42s DeviceModule:MoveRandom(): New position: (64, 136)
42s DecisionModule:RemoveNetworkFromList(): Network: 11 out of range!
43s DeviceModule:MoveRandom(): New position: (76, 136)
43s DecisionModule:AddNetworkToList(): Network detected
44s DeviceModule:MoveRandom(): New position: (76, 148)
44s DecisionModule:RemoveNetworkFromList(): Network: 11 out of range!
45s DecisionModule:Run(): Run decision
45s DecisionModule:AnalyzingNetworks(): Current Network: 
       [Network #4, Technology = Wifi, Address = 02-06-00:00:00:00:00:06, { DataRate: 93, SignalStrength: 90, AntiFragility: 77}, IQ: 84]
45s DecisionModule:ShowAllNetworks(): All detected networks:
       [Network #4, Technology = Wifi, Address = 02-06-00:00:00:00:00:06, { DataRate: 93, SignalStrength: 90, AntiFragility: 77}, IQ: 84]
       [Network #16, Technology = Wifi, Address = 02-06-00:00:00:00:00:12, { DataRate: 48, SignalStrength: 68, AntiFragility: 85}, IQ: 71]
       [Network #10, Technology = Wifi, Address = 02-06-00:00:00:00:00:0c, { DataRate: 92, SignalStrength: 35, AntiFragility: 80}, IQ: 71]
       [Network #13, Technology = Wifi, Address = 02-06-00:00:00:00:00:0f, { DataRate: 49, SignalStrength: 86, AntiFragility: 56}, IQ: 61]
       [Network #7, Technology = Wifi, Address = 02-06-00:00:00:00:00:09, { DataRate: 19, SignalStrength: 91, AntiFragility: 66}, IQ: 60]
       [Network #9, Technology = Wifi, Address = 02-06-00:00:00:00:00:0b, { DataRate: 97, SignalStrength: 13, AntiFragility: 54}, IQ: 54]
       [Network #2, Technology = Wifi, Address = 02-06-00:00:00:00:00:04, { DataRate: 43, SignalStrength: 94, AntiFragility: 38}, IQ: 53]
       [Network #6, Technology = Wifi, Address = 02-06-00:00:00:00:00:08, { DataRate: 4, SignalStrength: 14, AntiFragility: 92}, IQ: 50]
       [Network #1, Technology = Wifi, Address = 02-06-00:00:00:00:00:03, { DataRate: 8, SignalStrength: 21, AntiFragility: 77}, IQ: 45]
       [Network #18, Technology = Wimax, Address = 02-06-00:00:00:00:00:15, { DataRate: 78, SignalStrength: 85, AntiFragility: 7}, IQ: 44]
       [Network #3, Technology = Wifi, Address = 02-06-00:00:00:00:00:05, { DataRate: 71, SignalStrength: 1, AntiFragility: 49}, IQ: 42]
       [Network #8, Technology = Wifi, Address = 02-06-00:00:00:00:00:0a, { DataRate: 84, SignalStrength: 48, AntiFragility: 15}, IQ: 40]
       [Network #17, Technology = Wifi, Address = 02-06-00:00:00:00:00:13, { DataRate: 9, SignalStrength: 34, AntiFragility: 56}, IQ: 38]
45s ExecutionModule:Run(): Decision time => Seconds: 0, Miliseconds: 231
45s ExecutionModule:Run(): Handover time => Seconds: 0, Miliseconds: 335
45s ExecutionModule:Run(): Event: Horizontal Handover.
45s DeviceModule:MoveRandom(): New position: (64, 148)
46s DeviceModule:MoveRandom(): New position: (76, 148)
47s DeviceModule:MoveRandom(): New position: (76, 136)
47s DecisionModule:AddNetworkToList(): Network detected
48s DeviceModule:MoveRandom(): New position: (88, 136)
48s DecisionModule:AddNetworkToList(): Network detected
49s DeviceModule:MoveRandom(): New position: (76, 136)
49s DecisionModule:RemoveNetworkFromList(): Network: 19 out of range!
50s DeviceModule:MoveRandom(): New position: (88, 136)
50s DecisionModule:AddNetworkToList(): Network detected
51s DeviceModule:MoveRandom(): New position: (88, 148)
51s DecisionModule:RemoveNetworkFromList(): Network: 10 out of range!
51s DecisionModule:RemoveNetworkFromList(): Network: 19 out of range!
52s DeviceModule:MoveRandom(): New position: (88, 136)
52s DecisionModule:AddNetworkToList(): Network detected
52s DecisionModule:AddNetworkToList(): Network detected
53s DeviceModule:MoveRandom(): New position: (100, 136)
53s DecisionModule:RemoveNetworkFromList(): Network: 10 out of range!
54s DeviceModule:MoveRandom(): New position: (100, 124)
54s DecisionModule:AddNetworkToList(): Network detected
55s DeviceModule:MoveRandom(): New position: (112, 124)
55s DecisionModule:RemoveNetworkFromList(): Network: 10 out of range!
56s DeviceModule:MoveRandom(): New position: (112, 136)
57s DeviceModule:MoveRandom(): New position: (100, 136)
58s DeviceModule:MoveRandom(): New position: (100, 148)
59s DeviceModule:MoveRandom(): New position: (88, 148)
59s DecisionModule:RemoveNetworkFromList(): Network: 19 out of range!
60s DecisionModule:Run(): Run decision
60s DecisionModule:AnalyzingNetworks(): Current Network: 
       [Network #1, Technology = Wifi, Address = 02-06-00:00:00:00:00:03, { DataRate: 93, SignalStrength: 87, AntiFragility: 95}, IQ: 92]
60s DecisionModule:ShowAllNetworks(): All detected networks:
       [Network #1, Technology = Wifi, Address = 02-06-00:00:00:00:00:03, { DataRate: 93, SignalStrength: 87, AntiFragility: 95}, IQ: 92]
       [Network #18, Technology = Wimax, Address = 02-06-00:00:00:00:00:15, { DataRate: 31, SignalStrength: 69, AntiFragility: 96}, IQ: 73]
       [Network #11, Technology = Wifi, Address = 02-06-00:00:00:00:00:0d, { DataRate: 74, SignalStrength: 60, AntiFragility: 59}, IQ: 63]
       [Network #17, Technology = Wifi, Address = 02-06-00:00:00:00:00:13, { DataRate: 54, SignalStrength: 43, AntiFragility: 76}, IQ: 62]
       [Network #9, Technology = Wifi, Address = 02-06-00:00:00:00:00:0b, { DataRate: 33, SignalStrength: 59, AntiFragility: 75}, IQ: 60]
       [Network #6, Technology = Wifi, Address = 02-06-00:00:00:00:00:08, { DataRate: 48, SignalStrength: 81, AntiFragility: 48}, IQ: 56]
       [Network #16, Technology = Wifi, Address = 02-06-00:00:00:00:00:12, { DataRate: 90, SignalStrength: 62, AntiFragility: 27}, IQ: 51]
       [Network #2, Technology = Wifi, Address = 02-06-00:00:00:00:00:04, { DataRate: 4, SignalStrength: 67, AntiFragility: 66}, IQ: 50]
       [Network #3, Technology = Wifi, Address = 02-06-00:00:00:00:00:05, { DataRate: 62, SignalStrength: 4, AntiFragility: 60}, IQ: 46]
       [Network #8, Technology = Wifi, Address = 02-06-00:00:00:00:00:0a, { DataRate: 40, SignalStrength: 31, AntiFragility: 50}, IQ: 42]
       [Network #13, Technology = Wifi, Address = 02-06-00:00:00:00:00:0f, { DataRate: 11, SignalStrength: 82, AntiFragility: 31}, IQ: 38]
       [Network #7, Technology = Wifi, Address = 02-06-00:00:00:00:00:09, { DataRate: 54, SignalStrength: 20, AntiFragility: 38}, IQ: 37]
       [Network #4, Technology = Wifi, Address = 02-06-00:00:00:00:00:06, { DataRate: 12, SignalStrength: 26, AntiFragility: 35}, IQ: 27]
60s ExecutionModule:Run(): Decision time => Seconds: 0, Miliseconds: 238
60s ExecutionModule:Run(): Handover time => Seconds: 0, Miliseconds: 120
60s ExecutionModule:Run(): Event: Horizontal Handover.
60s DeviceModule:MoveRandom(): New position: (100, 148)
60s DecisionModule:AddNetworkToList(): Network detected
61s DeviceModule:MoveRandom(): New position: (100, 136)
62s DeviceModule:MoveRandom(): New position: (112, 136)
63s DeviceModule:MoveRandom(): New position: (112, 148)
64s DeviceModule:MoveRandom(): New position: (112, 136)
65s DeviceModule:MoveRandom(): New position: (124, 136)
65s DecisionModule:RemoveNetworkFromList(): Network: 2 out of range!
65s DecisionModule:RemoveNetworkFromList(): Network: 3 out of range!
66s DeviceModule:MoveRandom(): New position: (124, 124)
66s DecisionModule:AddNetworkToList(): Network detected
67s DeviceModule:MoveRandom(): New position: (112, 124)
67s DecisionModule:AddNetworkToList(): Network detected
67s DecisionModule:AddNetworkToList(): Network detected
67s DecisionModule:RemoveNetworkFromList(): Network: 12 out of range!
68s DeviceModule:MoveRandom(): New position: (124, 124)
68s DecisionModule:RemoveNetworkFromList(): Network: 2 out of range!
68s DecisionModule:RemoveNetworkFromList(): Network: 3 out of range!
68s DecisionModule:AddNetworkToList(): Network detected
69s DeviceModule:MoveRandom(): New position: (136, 124)
69s DecisionModule:RemoveNetworkFromList(): Network: 13 out of range!
69s DecisionModule:RemoveNetworkFromList(): Network: 18 out of range!
70s DeviceModule:MoveRandom(): New position: (136, 112)
70s DecisionModule:AddNetworkToList(): Network detected
71s DeviceModule:MoveRandom(): New position: (136, 100)
71s DecisionModule:AddNetworkToList(): Network detected
71s DecisionModule:AddNetworkToList(): Network detected
72s DeviceModule:MoveRandom(): New position: (136, 112)
72s DecisionModule:RemoveNetworkFromList(): Network: 5 out of range!
72s DecisionModule:RemoveNetworkFromList(): Network: 18 out of range!
73s DeviceModule:MoveRandom(): New position: (148, 112)
74s DeviceModule:MoveRandom(): New position: (148, 100)
75s DecisionModule:Run(): Run decision
75s DecisionModule:AnalyzingNetworks(): Current Network: 
       [Network #1, Technology = Wifi, Address = 02-06-00:00:00:00:00:03, { DataRate: 64, SignalStrength: 92, AntiFragility: 91}, IQ: 84]
75s DecisionModule:ShowAllNetworks(): All detected networks:
       [Network #1, Technology = Wifi, Address = 02-06-00:00:00:00:00:03, { DataRate: 64, SignalStrength: 92, AntiFragility: 91}, IQ: 84]
       [Network #12, Technology = Wifi, Address = 02-06-00:00:00:00:00:0e, { DataRate: 70, SignalStrength: 52, AntiFragility: 69}, IQ: 65]
       [Network #7, Technology = Wifi, Address = 02-06-00:00:00:00:00:09, { DataRate: 81, SignalStrength: 77, AntiFragility: 50}, IQ: 64]
       [Network #17, Technology = Wifi, Address = 02-06-00:00:00:00:00:13, { DataRate: 43, SignalStrength: 80, AntiFragility: 26}, IQ: 43]
       [Network #8, Technology = Wifi, Address = 02-06-00:00:00:00:00:0a, { DataRate: 2, SignalStrength: 61, AntiFragility: 52}, IQ: 41]
       [Network #4, Technology = Wifi, Address = 02-06-00:00:00:00:00:06, { DataRate: 59, SignalStrength: 84, AntiFragility: 8}, IQ: 39]
       [Network #19, Technology = Wimax, Address = 02-06-00:00:00:00:00:16, { DataRate: 50, SignalStrength: 68, AntiFragility: 18}, IQ: 38]
       [Network #6, Technology = Wifi, Address = 02-06-00:00:00:00:00:08, { DataRate: 39, SignalStrength: 26, AntiFragility: 44}, IQ: 38]
       [Network #11, Technology = Wifi, Address = 02-06-00:00:00:00:00:0d, { DataRate: 72, SignalStrength: 2, AntiFragility: 39}, IQ: 38]
       [Network #16, Technology = Wifi, Address = 02-06-00:00:00:00:00:12, { DataRate: 38, SignalStrength: 56, AntiFragility: 22}, IQ: 34]
       [Network #9, Technology = Wifi, Address = 02-06-00:00:00:00:00:0b, { DataRate: 70, SignalStrength: 1, AntiFragility: 18}, IQ: 26]
       [Network #14, Technology = Wifi, Address = 02-06-00:00:00:00:00:10, { DataRate: 15, SignalStrength: 55, AntiFragility: 2}, IQ: 18]
75s DeviceModule:MoveRandom(): New position: (148, 112)
76s DeviceModule:MoveRandom(): New position: (136, 112)
77s DeviceModule:MoveRandom(): New position: (136, 100)
77s DecisionModule:AddNetworkToList(): Network detected
77s DecisionModule:AddNetworkToList(): Network detected
78s DeviceModule:MoveRandom(): New position: (148, 100)
78s DecisionModule:RemoveNetworkFromList(): Network: 5 out of range!
78s DecisionModule:RemoveNetworkFromList(): Network: 18 out of range!
79s DeviceModule:MoveRandom(): New position: (136, 100)
79s DecisionModule:AddNetworkToList(): Network detected
79s DecisionModule:AddNetworkToList(): Network detected
80s DeviceModule:MoveRandom(): New position: (136, 88)
81s DeviceModule:MoveRandom(): New position: (136, 100)
82s DeviceModule:MoveRandom(): New position: (124, 100)
83s DeviceModule:MoveRandom(): New position: (124, 88)
84s DeviceModule:MoveRandom(): New position: (124, 100)
85s DeviceModule:MoveRandom(): New position: (112, 100)
85s DecisionModule:AddNetworkToList(): Network detected
85s DecisionModule:AddNetworkToList(): Network detected
86s DeviceModule:MoveRandom(): New position: (124, 100)
86s DecisionModule:RemoveNetworkFromList(): Network: 3 out of range!
86s DecisionModule:RemoveNetworkFromList(): Network: 13 out of range!
87s DeviceModule:MoveRandom(): New position: (136, 100)
88s DeviceModule:MoveRandom(): New position: (148, 100)
88s DecisionModule:RemoveNetworkFromList(): Network: 5 out of range!
88s DecisionModule:RemoveNetworkFromList(): Network: 18 out of range!
89s DeviceModule:MoveRandom(): New position: (136, 100)
89s DecisionModule:AddNetworkToList(): Network detected
89s DecisionModule:AddNetworkToList(): Network detected
90s DecisionModule:Run(): Run decision
90s DecisionModule:AnalyzingNetworks(): Current Network: 
       [Network #4, Technology = Wifi, Address = 02-06-00:00:00:00:00:06, { DataRate: 81, SignalStrength: 20, AntiFragility: 70}, IQ: 60]
90s DecisionModule:ShowAllNetworks(): All detected networks:
       [Network #4, Technology = Wifi, Address = 02-06-00:00:00:00:00:06, { DataRate: 81, SignalStrength: 20, AntiFragility: 70}, IQ: 60]
       [Network #16, Technology = Wifi, Address = 02-06-00:00:00:00:00:12, { DataRate: 75, SignalStrength: 65, AntiFragility: 48}, IQ: 59]
       [Network #14, Technology = Wifi, Address = 02-06-00:00:00:00:00:10, { DataRate: 25, SignalStrength: 46, AntiFragility: 81}, IQ: 58]
       [Network #5, Technology = Wifi, Address = 02-06-00:00:00:00:00:07, { DataRate: 61, SignalStrength: 5, AntiFragility: 84}, IQ: 58]
       [Network #17, Technology = Wifi, Address = 02-06-00:00:00:00:00:13, { DataRate: 99, SignalStrength: 18, AntiFragility: 56}, IQ: 57]
       [Network #8, Technology = Wifi, Address = 02-06-00:00:00:00:00:0a, { DataRate: 85, SignalStrength: 59, AntiFragility: 40}, IQ: 56]
       [Network #12, Technology = Wifi, Address = 02-06-00:00:00:00:00:0e, { DataRate: 29, SignalStrength: 56, AntiFragility: 59}, IQ: 50]
       [Network #7, Technology = Wifi, Address = 02-06-00:00:00:00:00:09, { DataRate: 35, SignalStrength: 59, AntiFragility: 50}, IQ: 48]
       [Network #9, Technology = Wifi, Address = 02-06-00:00:00:00:00:0b, { DataRate: 44, SignalStrength: 90, AntiFragility: 22}, IQ: 44]
       [Network #18, Technology = Wimax, Address = 02-06-00:00:00:00:00:15, { DataRate: 60, SignalStrength: 23, AntiFragility: 40}, IQ: 40]
       [Network #1, Technology = Wifi, Address = 02-06-00:00:00:00:00:03, { DataRate: 17, SignalStrength: 73, AntiFragility: 22}, IQ: 33]
       [Network #6, Technology = Wifi, Address = 02-06-00:00:00:00:00:08, { DataRate: 69, SignalStrength: 34, AntiFragility: 8}, IQ: 29]
       [Network #19, Technology = Wimax, Address = 02-06-00:00:00:00:00:16, { DataRate: 30, SignalStrength: 21, AntiFragility: 31}, IQ: 28]
       [Network #11, Technology = Wifi, Address = 02-06-00:00:00:00:00:0d, { DataRate: 2, SignalStrength: 3, AntiFragility: 31}, IQ: 16]
90s ExecutionModule:Run(): Decision time => Seconds: 0, Miliseconds: 243
90s ExecutionModule:Run(): Handover time => Seconds: 0, Miliseconds: 120
90s ExecutionModule:Run(): Event: Horizontal Handover.
90s DeviceModule:MoveRandom(): New position: (148, 100)
90s DecisionModule:RemoveNetworkFromList(): Network: 5 out of range!
90s DecisionModule:RemoveNetworkFromList(): Network: 18 out of range!
91s DeviceModule:MoveRandom(): New position: (160, 100)
92s DeviceModule:MoveRandom(): New position: (160, 112)
93s DeviceModule:MoveRandom(): New position: (160, 124)
93s DecisionModule:RemoveNetworkFromList(): Network: 14 out of range!
94s DeviceModule:MoveRandom(): New position: (148, 124)
95s DeviceModule:MoveRandom(): New position: (160, 124)
96s DeviceModule:MoveRandom(): New position: (148, 124)
97s DeviceModule:MoveRandom(): New position: (136, 124)
98s DeviceModule:MoveRandom(): New position: (124, 124)
98s DecisionModule:AddNetworkToList(): Network detected
98s DecisionModule:AddNetworkToList(): Network detected
99s DeviceModule:MoveRandom(): New position: (112, 124)
99s DecisionModule:AddNetworkToList(): Network detected
99s DecisionModule:AddNetworkToList(): Network detected
99s DecisionModule:RemoveNetworkFromList(): Network: 12 out of range!
100s DeviceModule:MoveRandom(): New position: (100, 124)
100s DecisionModule:AddNetworkToList(): Network detected
101s DeviceModule:MoveRandom(): New position: (100, 112)
101s DecisionModule:RemoveNetworkFromList(): Network: 2 out of range!
101s DecisionModule:AddNetworkToList(): Network detected
101s DecisionModule:AddNetworkToList(): Network detected
101s DecisionModule:AddNetworkToList(): Network detected
102s DeviceModule:MoveRandom(): New position: (88, 112)
102s DecisionModule:AddNetworkToList(): Network detected
102s DecisionModule:RemoveNetworkFromList(): Network: 12 out of range!
103s DeviceModule:MoveRandom(): New position: (100, 112)
103s DecisionModule:RemoveNetworkFromList(): Network: 2 out of range!
103s DecisionModule:AddNetworkToList(): Network detected
104s DeviceModule:MoveRandom(): New position: (112, 112)
104s DecisionModule:RemoveNetworkFromList(): Network: 5 out of range!
104s DecisionModule:RemoveNetworkFromList(): Network: 10 out of range!
105s DecisionModule:Run(): Run decision
105s DecisionModule:AnalyzingNetworks(): Current Network: 
       [Network #16, Technology = Wifi, Address = 02-06-00:00:00:00:00:12, { DataRate: 49, SignalStrength: 81, AntiFragility: 83}, IQ: 74]
105s DecisionModule:ShowAllNetworks(): All detected networks:
       [Network #16, Technology = Wifi, Address = 02-06-00:00:00:00:00:12, { DataRate: 49, SignalStrength: 81, AntiFragility: 83}, IQ: 74]
       [Network #13, Technology = Wifi, Address = 02-06-00:00:00:00:00:0f, { DataRate: 83, SignalStrength: 49, AntiFragility: 72}, IQ: 69]
       [Network #8, Technology = Wifi, Address = 02-06-00:00:00:00:00:0a, { DataRate: 84, SignalStrength: 71, AntiFragility: 59}, IQ: 68]
       [Network #12, Technology = Wifi, Address = 02-06-00:00:00:00:00:0e, { DataRate: 95, SignalStrength: 11, AntiFragility: 72}, IQ: 62]
       [Network #9, Technology = Wifi, Address = 02-06-00:00:00:00:00:0b, { DataRate: 35, SignalStrength: 2, AntiFragility: 94}, IQ: 56]
       [Network #6, Technology = Wifi, Address = 02-06-00:00:00:00:00:08, { DataRate: 43, SignalStrength: 58, AntiFragility: 57}, IQ: 53]
       [Network #3, Technology = Wifi, Address = 02-06-00:00:00:00:00:05, { DataRate: 64, SignalStrength: 84, AntiFragility: 30}, IQ: 52]
       [Network #17, Technology = Wifi, Address = 02-06-00:00:00:00:00:13, { DataRate: 12, SignalStrength: 90, AntiFragility: 52}, IQ: 51]
       [Network #19, Technology = Wimax, Address = 02-06-00:00:00:00:00:16, { DataRate: 70, SignalStrength: 1, AntiFragility: 61}, IQ: 48]
       [Network #1, Technology = Wifi, Address = 02-06-00:00:00:00:00:03, { DataRate: 70, SignalStrength: 65, AntiFragility: 23}, IQ: 45]
       [Network #14, Technology = Wifi, Address = 02-06-00:00:00:00:00:10, { DataRate: 71, SignalStrength: 29, AntiFragility: 8}, IQ: 29]
       [Network #18, Technology = Wimax, Address = 02-06-00:00:00:00:00:15, { DataRate: 17, SignalStrength: 58, AntiFragility: 15}, IQ: 26]
       [Network #7, Technology = Wifi, Address = 02-06-00:00:00:00:00:09, { DataRate: 91, SignalStrength: 3, AntiFragility: 1}, IQ: 24]
       [Network #4, Technology = Wifi, Address = 02-06-00:00:00:00:00:06, { DataRate: 10, SignalStrength: 61, AntiFragility: 12}, IQ: 23]
       [Network #11, Technology = Wifi, Address = 02-06-00:00:00:00:00:0d, { DataRate: 44, SignalStrength: 2, AntiFragility: 7}, IQ: 15]
105s ExecutionModule:Run(): Decision time => Seconds: 0, Miliseconds: 251
105s ExecutionModule:Run(): Handover time => Seconds: 0, Miliseconds: 119
105s ExecutionModule:Run(): Event: Horizontal Handover.
105s DeviceModule:MoveRandom(): New position: (100, 112)
105s DecisionModule:AddNetworkToList(): Network detected
105s DecisionModule:AddNetworkToList(): Network detected
106s DeviceModule:MoveRandom(): New position: (100, 100)
107s DeviceModule:MoveRandom(): New position: (100, 88)
108s DeviceModule:MoveRandom(): New position: (112, 88)
108s DecisionModule:RemoveNetworkFromList(): Network: 10 out of range!
108s DecisionModule:RemoveNetworkFromList(): Network: 13 out of range!
109s DeviceModule:MoveRandom(): New position: (100, 88)
109s DecisionModule:AddNetworkToList(): Network detected
109s DecisionModule:AddNetworkToList(): Network detected
110s DeviceModule:MoveRandom(): New position: (112, 88)
110s DecisionModule:RemoveNetworkFromList(): Network: 10 out of range!
110s DecisionModule:RemoveNetworkFromList(): Network: 13 out of range!
111s DeviceModule:MoveRandom(): New position: (100, 88)
111s DecisionModule:AddNetworkToList(): Network detected
111s DecisionModule:AddNetworkToList(): Network detected
112s DeviceModule:MoveRandom(): New position: (100, 100)
113s DeviceModule:MoveRandom(): New position: (100, 88)
114s DeviceModule:MoveRandom(): New position: (88, 88)
114s DecisionModule:AddNetworkToList(): Network detected
115s DeviceModule:MoveRandom(): New position: (88, 100)
115s DecisionModule:RemoveNetworkFromList(): Network: 15 out of range!
116s DeviceModule:MoveRandom(): New position: (76, 100)
116s DecisionModule:AddNetworkToList(): Network detected
116s DecisionModule:RemoveNetworkFromList(): Network: 12 out of range!
116s DecisionModule:RemoveNetworkFromList(): Network: 19 out of range!
117s DeviceModule:MoveRandom(): New position: (76, 112)
117s DecisionModule:RemoveNetworkFromList(): Network: 5 out of range!
118s DeviceModule:MoveRandom(): New position: (88, 112)
118s DecisionModule:AddNetworkToList(): Network detected
118s DecisionModule:AddNetworkToList(): Network detected
119s DeviceModule:MoveRandom(): New position: (76, 112)
119s DecisionModule:RemoveNetworkFromList(): Network: 5 out of range!
119s DecisionModule:RemoveNetworkFromList(): Network: 19 out of range!
120s DecisionModule:Run(): Run decision
120s DecisionModule:AnalyzingNetworks(): Current Network: 
       [Network #17, Technology = Wifi, Address = 02-06-00:00:00:00:00:13, { DataRate: 50, SignalStrength: 77, AntiFragility: 99}, IQ: 81]
120s DecisionModule:ShowAllNetworks(): All detected networks:
       [Network #17, Technology = Wifi, Address = 02-06-00:00:00:00:00:13, { DataRate: 50, SignalStrength: 77, AntiFragility: 99}, IQ: 81]
       [Network #2, Technology = Wifi, Address = 02-06-00:00:00:00:00:04, { DataRate: 71, SignalStrength: 99, AntiFragility: 62}, IQ: 73]
       [Network #1, Technology = Wifi, Address = 02-06-00:00:00:00:00:03, { DataRate: 56, SignalStrength: 32, AntiFragility: 93}, IQ: 68]
       [Network #9, Technology = Wifi, Address = 02-06-00:00:00:00:00:0b, { DataRate: 13, SignalStrength: 73, AntiFragility: 75}, IQ: 59]
       [Network #6, Technology = Wifi, Address = 02-06-00:00:00:00:00:08, { DataRate: 89, SignalStrength: 16, AntiFragility: 62}, IQ: 57]
       [Network #18, Technology = Wimax, Address = 02-06-00:00:00:00:00:15, { DataRate: 90, SignalStrength: 80, AntiFragility: 21}, IQ: 53]
       [Network #11, Technology = Wifi, Address = 02-06-00:00:00:00:00:0d, { DataRate: 67, SignalStrength: 96, AntiFragility: 23}, IQ: 52]
       [Network #10, Technology = Wifi, Address = 02-06-00:00:00:00:00:0c, { DataRate: 49, SignalStrength: 33, AntiFragility: 60}, IQ: 50]
       [Network #4, Technology = Wifi, Address = 02-06-00:00:00:00:00:06, { DataRate: 53, SignalStrength: 23, AntiFragility: 48}, IQ: 43]
       [Network #7, Technology = Wifi, Address = 02-06-00:00:00:00:00:09, { DataRate: 30, SignalStrength: 71, AntiFragility: 33}, IQ: 41]
       [Network #3, Technology = Wifi, Address = 02-06-00:00:00:00:00:05, { DataRate: 65, SignalStrength: 53, AntiFragility: 21}, IQ: 40]
       [Network #8, Technology = Wifi, Address = 02-06-00:00:00:00:00:0a, { DataRate: 40, SignalStrength: 91, AntiFragility: 12}, IQ: 38]
       [Network #14, Technology = Wifi, Address = 02-06-00:00:00:00:00:10, { DataRate: 88, SignalStrength: 47, AntiFragility: 8}, IQ: 37]
       [Network #16, Technology = Wifi, Address = 02-06-00:00:00:00:00:12, { DataRate: 32, SignalStrength: 62, AntiFragility: 15}, IQ: 31]
       [Network #13, Technology = Wifi, Address = 02-06-00:00:00:00:00:0f, { DataRate: 29, SignalStrength: 45, AntiFragility: 16}, IQ: 26]
120s ExecutionModule:Run(): Decision time => Seconds: 0, Miliseconds: 246
120s ExecutionModule:Run(): Handover time => Seconds: 0, Miliseconds: 119
120s ExecutionModule:Run(): Event: Horizontal Handover.
120s DeviceModule:MoveRandom(): New position: (76, 124)
120s DecisionModule:RemoveNetworkFromList(): Network: 14 out of range!
121s DeviceModule:MoveRandom(): New position: (76, 136)
122s DeviceModule:MoveRandom(): New position: (76, 148)
122s DecisionModule:RemoveNetworkFromList(): Network: 11 out of range!
123s DeviceModule:MoveRandom(): New position: (76, 160)
123s DecisionModule:RemoveNetworkFromList(): Network: 10 out of range!
124s DeviceModule:MoveRandom(): New position: (76, 172)
125s DeviceModule:MoveRandom(): New position: (76, 160)
126s DeviceModule:MoveRandom(): New position: (88, 160)
127s DeviceModule:MoveRandom(): New position: (76, 160)
128s DeviceModule:MoveRandom(): New position: (88, 160)
129s DeviceModule:MoveRandom(): New position: (100, 160)
130s DeviceModule:MoveRandom(): New position: (88, 160)
131s DeviceModule:MoveRandom(): New position: (100, 160)
132s DeviceModule:MoveRandom(): New position: (100, 148)
132s DecisionModule:AddNetworkToList(): Network detected
132s DecisionModule:AddNetworkToList(): Network detected
133s DeviceModule:MoveRandom(): New position: (112, 148)
134s DeviceModule:MoveRandom(): New position: (100, 148)
135s DecisionModule:Run(): Run decision
135s DecisionModule:AnalyzingNetworks(): Current Network: 
       [Network #4, Technology = Wifi, Address = 02-06-00:00:00:00:00:06, { DataRate: 70, SignalStrength: 46, AntiFragility: 93}, IQ: 75]
135s DecisionModule:ShowAllNetworks(): All detected networks:
       [Network #4, Technology = Wifi, Address = 02-06-00:00:00:00:00:06, { DataRate: 70, SignalStrength: 46, AntiFragility: 93}, IQ: 75]
       [Network #19, Technology = Wimax, Address = 02-06-00:00:00:00:00:16, { DataRate: 51, SignalStrength: 54, AntiFragility: 99}, IQ: 75]
       [Network #9, Technology = Wifi, Address = 02-06-00:00:00:00:00:0b, { DataRate: 99, SignalStrength: 70, AntiFragility: 52}, IQ: 68]
       [Network #6, Technology = Wifi, Address = 02-06-00:00:00:00:00:08, { DataRate: 66, SignalStrength: 24, AntiFragility: 89}, IQ: 67]
       [Network #16, Technology = Wifi, Address = 02-06-00:00:00:00:00:12, { DataRate: 72, SignalStrength: 95, AntiFragility: 35}, IQ: 59]
       [Network #1, Technology = Wifi, Address = 02-06-00:00:00:00:00:03, { DataRate: 37, SignalStrength: 30, AntiFragility: 84}, IQ: 58]
       [Network #3, Technology = Wifi, Address = 02-06-00:00:00:00:00:05, { DataRate: 72, SignalStrength: 35, AntiFragility: 50}, IQ: 51]
       [Network #7, Technology = Wifi, Address = 02-06-00:00:00:00:00:09, { DataRate: 17, SignalStrength: 99, AntiFragility: 39}, IQ: 48]
       [Network #17, Technology = Wifi, Address = 02-06-00:00:00:00:00:13, { DataRate: 11, SignalStrength: 7, AntiFragility: 84}, IQ: 46]
       [Network #18, Technology = Wimax, Address = 02-06-00:00:00:00:00:15, { DataRate: 16, SignalStrength: 73, AntiFragility: 41}, IQ: 42]
       [Network #11, Technology = Wifi, Address = 02-06-00:00:00:00:00:0d, { DataRate: 69, SignalStrength: 2, AntiFragility: 47}, IQ: 41]
       [Network #2, Technology = Wifi, Address = 02-06-00:00:00:00:00:04, { DataRate: 7, SignalStrength: 89, AntiFragility: 31}, IQ: 39]
       [Network #13, Technology = Wifi, Address = 02-06-00:00:00:00:00:0f, { DataRate: 38, SignalStrength: 75, AntiFragility: 15}, IQ: 35]
       [Network #8, Technology = Wifi, Address = 02-06-00:00:00:00:00:0a, { DataRate: 79, SignalStrength: 18, AntiFragility: 10}, IQ: 29]
135s ExecutionModule:Run(): Decision time => Seconds: 0, Miliseconds: 301
135s ExecutionModule:Run(): Handover time => Seconds: 0, Miliseconds: 133
135s ExecutionModule:Run(): Event: Horizontal Handover.
135s DeviceModule:MoveRandom(): New position: (112, 148)
136s DeviceModule:MoveRandom(): New position: (100, 148)
137s DeviceModule:MoveRandom(): New position: (88, 148)
137s DecisionModule:RemoveNetworkFromList(): Network: 19 out of range!
138s DeviceModule:MoveRandom(): New position: (100, 148)
138s DecisionModule:AddNetworkToList(): Network detected
139s DeviceModule:MoveRandom(): New position: (100, 160)
139s DecisionModule:RemoveNetworkFromList(): Network: 11 out of range!
139s DecisionModule:RemoveNetworkFromList(): Network: 19 out of range!
140s DeviceModule:MoveRandom(): New position: (88, 160)
141s DeviceModule:MoveRandom(): New position: (88, 172)
142s DeviceModule:MoveRandom(): New position: (88, 160)
143s DeviceModule:MoveRandom(): New position: (76, 160)
144s DeviceModule:MoveRandom(): New position: (76, 172)
145s DeviceModule:MoveRandom(): New position: (64, 172)
146s DeviceModule:MoveRandom(): New position: (64, 160)
146s DecisionModule:AddNetworkToList(): Network detected
147s DeviceModule:MoveRandom(): New position: (64, 172)
147s DecisionModule:RemoveNetworkFromList(): Network: 10 out of range!
148s DeviceModule:MoveRandom(): New position: (64, 184)
148s DecisionModule:RemoveNetworkFromList(): Network: 1 out of range!
148s ExecutionModule:OutOfRange(): OUT OF BETTER NETWORK! Choosing another network...
148s DecisionModule:RemoveNetworkFromList(): Network: 4 out of range!
148s DecisionModule:Run(): Run decision
148s DecisionModule:AnalyzingNetworks(): Current Network: 
       [Network #13, Technology = Wifi, Address = 02-06-00:00:00:00:00:0f, { DataRate: 65, SignalStrength: 53, AntiFragility: 99}, IQ: 79]
148s DecisionModule:ShowAllNetworks(): All detected networks:
       [Network #13, Technology = Wifi, Address = 02-06-00:00:00:00:00:0f, { DataRate: 65, SignalStrength: 53, AntiFragility: 99}, IQ: 79]
       [Network #7, Technology = Wifi, Address = 02-06-00:00:00:00:00:09, { DataRate: 96, SignalStrength: 70, AntiFragility: 72}, IQ: 77]
       [Network #9, Technology = Wifi, Address = 02-06-00:00:00:00:00:0b, { DataRate: 76, SignalStrength: 5, AntiFragility: 77}, IQ: 58]
       [Network #6, Technology = Wifi, Address = 02-06-00:00:00:00:00:08, { DataRate: 47, SignalStrength: 83, AntiFragility: 41}, IQ: 53]
       [Network #18, Technology = Wimax, Address = 02-06-00:00:00:00:00:15, { DataRate: 10, SignalStrength: 72, AntiFragility: 51}, IQ: 46]
       [Network #17, Technology = Wifi, Address = 02-06-00:00:00:00:00:13, { DataRate: 41, SignalStrength: 32, AntiFragility: 54}, IQ: 45]
       [Network #2, Technology = Wifi, Address = 02-06-00:00:00:00:00:04, { DataRate: 36, SignalStrength: 38, AntiFragility: 50}, IQ: 43]
       [Network #16, Technology = Wifi, Address = 02-06-00:00:00:00:00:12, { DataRate: 72, SignalStrength: 13, AntiFragility: 45}, IQ: 43]
       [Network #3, Technology = Wifi, Address = 02-06-00:00:00:00:00:05, { DataRate: 85, SignalStrength: 33, AntiFragility: 2}, IQ: 30]
       [Network #8, Technology = Wifi, Address = 02-06-00:00:00:00:00:0a, { DataRate: 42, SignalStrength: 15, AntiFragility: 22}, IQ: 25]
148s ExecutionModule:Run(): Decision time => Seconds: 0, Miliseconds: 159
148s ExecutionModule:Run(): Handover time => Seconds: 0, Miliseconds: 120
148s ExecutionModule:Run(): Event: Horizontal Handover.
149s DeviceModule:MoveRandom(): New position: (76, 184)
149s DecisionModule:AddNetworkToList(): Network detected
149s DecisionModule:AddNetworkToList(): Network detected
149s DecisionModule:RemoveNetworkFromList(): Network: 18 out of range!
150s DecisionModule:Run(): Run decision
150s DecisionModule:AnalyzingNetworks(): Current Network: 
       [Network #1, Technology = Wifi, Address = 02-06-00:00:00:00:00:03, { DataRate: 98, SignalStrength: 83, AntiFragility: 80}, IQ: 85]
150s DecisionModule:ShowAllNetworks(): All detected networks:
       [Network #1, Technology = Wifi, Address = 02-06-00:00:00:00:00:03, { DataRate: 98, SignalStrength: 83, AntiFragility: 80}, IQ: 85]
       [Network #8, Technology = Wifi, Address = 02-06-00:00:00:00:00:0a, { DataRate: 36, SignalStrength: 98, AntiFragility: 89}, IQ: 78]
       [Network #9, Technology = Wifi, Address = 02-06-00:00:00:00:00:0b, { DataRate: 37, SignalStrength: 82, AntiFragility: 67}, IQ: 63]
       [Network #16, Technology = Wifi, Address = 02-06-00:00:00:00:00:12, { DataRate: 70, SignalStrength: 38, AntiFragility: 62}, IQ: 58]
       [Network #7, Technology = Wifi, Address = 02-06-00:00:00:00:00:09, { DataRate: 51, SignalStrength: 86, AntiFragility: 48}, IQ: 58]
       [Network #17, Technology = Wifi, Address = 02-06-00:00:00:00:00:13, { DataRate: 75, SignalStrength: 43, AntiFragility: 54}, IQ: 56]
       [Network #3, Technology = Wifi, Address = 02-06-00:00:00:00:00:05, { DataRate: 62, SignalStrength: 92, AntiFragility: 28}, IQ: 52]
       [Network #2, Technology = Wifi, Address = 02-06-00:00:00:00:00:04, { DataRate: 42, SignalStrength: 71, AntiFragility: 38}, IQ: 47]
       [Network #6, Technology = Wifi, Address = 02-06-00:00:00:00:00:08, { DataRate: 79, SignalStrength: 49, AntiFragility: 22}, IQ: 43]
       [Network #13, Technology = Wifi, Address = 02-06-00:00:00:00:00:0f, { DataRate: 39, SignalStrength: 57, AntiFragility: 33}, IQ: 40]
       [Network #4, Technology = Wifi, Address = 02-06-00:00:00:00:00:06, { DataRate: 7, SignalStrength: 31, AntiFragility: 31}, IQ: 25]
150s ExecutionModule:Run(): Decision time => Seconds: 0, Miliseconds: 236
150s ExecutionModule:Run(): Handover time => Seconds: 0, Miliseconds: 141
150s ExecutionModule:Run(): Event: Horizontal Handover.
150s DeviceModule:MoveRandom(): New position: (76, 196)
150s ExecutionModule:OutOfRange(): OUT OF BETTER NETWORK! Choosing another network...
150s DecisionModule:RemoveNetworkFromList(): Network: 1 out of range!
150s DecisionModule:Run(): Run decision
150s DecisionModule:AnalyzingNetworks(): Current Network: 
       [Network #13, Technology = Wifi, Address = 02-06-00:00:00:00:00:0f, { DataRate: 73, SignalStrength: 54, AntiFragility: 86}, IQ: 74]
150s DecisionModule:ShowAllNetworks(): All detected networks:
       [Network #13, Technology = Wifi, Address = 02-06-00:00:00:00:00:0f, { DataRate: 73, SignalStrength: 54, AntiFragility: 86}, IQ: 74]
       [Network #6, Technology = Wifi, Address = 02-06-00:00:00:00:00:08, { DataRate: 69, SignalStrength: 29, AntiFragility: 91}, IQ: 70]
       [Network #3, Technology = Wifi, Address = 02-06-00:00:00:00:00:05, { DataRate: 85, SignalStrength: 52, AntiFragility: 61}, IQ: 64]
       [Network #9, Technology = Wifi, Address = 02-06-00:00:00:00:00:0b, { DataRate: 79, SignalStrength: 80, AntiFragility: 40}, IQ: 59]
       [Network #2, Technology = Wifi, Address = 02-06-00:00:00:00:00:04, { DataRate: 51, SignalStrength: 87, AntiFragility: 49}, IQ: 59]
       [Network #17, Technology = Wifi, Address = 02-06-00:00:00:00:00:13, { DataRate: 81, SignalStrength: 77, AntiFragility: 28}, IQ: 53]
       [Network #7, Technology = Wifi, Address = 02-06-00:00:00:00:00:09, { DataRate: 84, SignalStrength: 83, AntiFragility: 19}, IQ: 51]
       [Network #4, Technology = Wifi, Address = 02-06-00:00:00:00:00:06, { DataRate: 76, SignalStrength: 42, AntiFragility: 44}, IQ: 51]
       [Network #16, Technology = Wifi, Address = 02-06-00:00:00:00:00:12, { DataRate: 46, SignalStrength: 87, AntiFragility: 18}, IQ: 42]
       [Network #8, Technology = Wifi, Address = 02-06-00:00:00:00:00:0a, { DataRate: 63, SignalStrength: 8, AntiFragility: 1}, IQ: 18]
150s ExecutionModule:Run(): Decision time => Seconds: 0, Miliseconds: 151
150s ExecutionModule:Run(): Handover time => Seconds: 0, Miliseconds: 33
150s ExecutionModule:Run(): Event: Horizontal Handover.
150s DecisionModule:RemoveNetworkFromList(): Network: 6 out of range!
151s DeviceModule:MoveRandom(): New position: (76, 184)
151s DecisionModule:AddNetworkToList(): Network detected
151s DecisionModule:AddNetworkToList(): Network detected
152s DeviceModule:MoveRandom(): New position: (64, 184)
152s DecisionModule:RemoveNetworkFromList(): Network: 1 out of range!
152s DecisionModule:RemoveNetworkFromList(): Network: 4 out of range!
152s DecisionModule:AddNetworkToList(): Network detected
153s DeviceModule:MoveRandom(): New position: (52, 184)
153s DecisionModule:RemoveNetworkFromList(): Network: 6 out of range!
154s DeviceModule:MoveRandom(): New position: (64, 184)
154s DecisionModule:AddNetworkToList(): Network detected
155s DeviceModule:MoveRandom(): New position: (76, 184)
155s DecisionModule:AddNetworkToList(): Network detected
155s DecisionModule:AddNetworkToList(): Network detected
155s DecisionModule:RemoveNetworkFromList(): Network: 18 out of range!
156s DeviceModule:MoveRandom(): New position: (76, 172)
156s DecisionModule:AddNetworkToList(): Network detected
157s DeviceModule:MoveRandom(): New position: (88, 172)
158s DeviceModule:MoveRandom(): New position: (88, 184)
158s DecisionModule:RemoveNetworkFromList(): Network: 18 out of range!
159s DeviceModule:MoveRandom(): New position: (88, 172)
159s DecisionModule:AddNetworkToList(): Network detected
160s DeviceModule:MoveRandom(): New position: (100, 172)
160s DecisionModule:RemoveNetworkFromList(): Network: 18 out of range!
161s DeviceModule:MoveRandom(): New position: (112, 172)
161s DecisionModule:RemoveNetworkFromList(): Network: 3 out of range!
162s DeviceModule:MoveRandom(): New position: (100, 172)
162s DecisionModule:AddNetworkToList(): Network detected
163s DeviceModule:MoveRandom(): New position: (100, 160)
163s DecisionModule:AddNetworkToList(): Network detected
164s DeviceModule:MoveRandom(): New position: (88, 160)
165s DecisionModule:Run(): Run decision
165s DecisionModule:AnalyzingNetworks(): Current Network: 
       [Network #16, Technology = Wifi, Address = 02-06-00:00:00:00:00:12, { DataRate: 80, SignalStrength: 58, AntiFragility: 77}, IQ: 73]
165s DecisionModule:ShowAllNetworks(): All detected networks:
       [Network #16, Technology = Wifi, Address = 02-06-00:00:00:00:00:12, { DataRate: 80, SignalStrength: 58, AntiFragility: 77}, IQ: 73]
       [Network #4, Technology = Wifi, Address = 02-06-00:00:00:00:00:06, { DataRate: 21, SignalStrength: 90, AntiFragility: 82}, IQ: 68]
       [Network #7, Technology = Wifi, Address = 02-06-00:00:00:00:00:09, { DataRate: 57, SignalStrength: 14, AntiFragility: 93}, IQ: 64]
       [Network #8, Technology = Wifi, Address = 02-06-00:00:00:00:00:0a, { DataRate: 97, SignalStrength: 96, AntiFragility: 15}, IQ: 55]
       [Network #3, Technology = Wifi, Address = 02-06-00:00:00:00:00:05, { DataRate: 57, SignalStrength: 59, AntiFragility: 44}, IQ: 51]
       [Network #2, Technology = Wifi, Address = 02-06-00:00:00:00:00:04, { DataRate: 47, SignalStrength: 69, AntiFragility: 37}, IQ: 47]
       [Network #13, Technology = Wifi, Address = 02-06-00:00:00:00:00:0f, { DataRate: 51, SignalStrength: 52, AntiFragility: 41}, IQ: 46]
       [Network #18, Technology = Wimax, Address = 02-06-00:00:00:00:00:15, { DataRate: 9, SignalStrength: 74, AntiFragility: 41}, IQ: 41]
       [Network #6, Technology = Wifi, Address = 02-06-00:00:00:00:00:08, { DataRate: 14, SignalStrength: 66, AntiFragility: 41}, IQ: 40]
       [Network #9, Technology = Wifi, Address = 02-06-00:00:00:00:00:0b, { DataRate: 92, SignalStrength: 8, AntiFragility: 29}, IQ: 39]
       [Network #17, Technology = Wifi, Address = 02-06-00:00:00:00:00:13, { DataRate: 42, SignalStrength: 74, AntiFragility: 4}, IQ: 31]
       [Network #1, Technology = Wifi, Address = 02-06-00:00:00:00:00:03, { DataRate: 7, SignalStrength: 28, AntiFragility: 1}, IQ: 9]
165s ExecutionModule:Run(): Decision time => Seconds: 0, Miliseconds: 227
165s ExecutionModule:Run(): Handover time => Seconds: 0, Miliseconds: 120
165s ExecutionModule:Run(): Event: Horizontal Handover.
165s DeviceModule:MoveRandom(): New position: (100, 160)
166s DeviceModule:MoveRandom(): New position: (112, 160)
166s DecisionModule:RemoveNetworkFromList(): Network: 3 out of range!
166s DecisionModule:AddNetworkToList(): Network detected
166s DecisionModule:RemoveNetworkFromList(): Network: 18 out of range!
166s DecisionModule:AddNetworkToList(): Network detected
167s DeviceModule:MoveRandom(): New position: (100, 160)
167s DecisionModule:AddNetworkToList(): Network detected
167s DecisionModule:RemoveNetworkFromList(): Network: 11 out of range!
167s DecisionModule:AddNetworkToList(): Network detected
167s DecisionModule:RemoveNetworkFromList(): Network: 19 out of range!
168s DeviceModule:MoveRandom(): New position: (100, 148)
168s DecisionModule:AddNetworkToList(): Network detected
168s DecisionModule:AddNetworkToList(): Network detected
169s DeviceModule:MoveRandom(): New position: (100, 136)
170s DeviceModule:MoveRandom(): New position: (88, 136)
170s DecisionModule:AddNetworkToList(): Network detected
171s DeviceModule:MoveRandom(): New position: (76, 136)
171s DecisionModule:RemoveNetworkFromList(): Network: 19 out of range!
172s DeviceModule:MoveRandom(): New position: (76, 148)
172s DecisionModule:RemoveNetworkFromList(): Network: 11 out of range!
173s DeviceModule:MoveRandom(): New position: (88, 148)
173s DecisionModule:RemoveNetworkFromList(): Network: 10 out of range!
173s DecisionModule:AddNetworkToList(): Network detected
174s DeviceModule:MoveRandom(): New position: (88, 160)
174s DecisionModule:RemoveNetworkFromList(): Network: 11 out of range!
175s DeviceModule:MoveRandom(): New position: (88, 172)
176s DeviceModule:MoveRandom(): New position: (100, 172)
176s DecisionModule:RemoveNetworkFromList(): Network: 18 out of range!
177s DeviceModule:MoveRandom(): New position: (88, 172)
177s DecisionModule:AddNetworkToList(): Network detected
178s DeviceModule:MoveRandom(): New position: (88, 160)
179s DeviceModule:MoveRandom(): New position: (88, 148)
179s DecisionModule:AddNetworkToList(): Network detected
180s DecisionModule:Run(): Run decision
180s DecisionModule:AnalyzingNetworks(): Current Network: 
       [Network #17, Technology = Wifi, Address = 02-06-00:00:00:00:00:13, { DataRate: 89, SignalStrength: 50, AntiFragility: 92}, IQ: 80]
180s DecisionModule:ShowAllNetworks(): All detected networks:
       [Network #17, Technology = Wifi, Address = 02-06-00:00:00:00:00:13, { DataRate: 89, SignalStrength: 50, AntiFragility: 92}, IQ: 80]
       [Network #11, Technology = Wifi, Address = 02-06-00:00:00:00:00:0d, { DataRate: 32, SignalStrength: 65, AntiFragility: 85}, IQ: 66]
       [Network #2, Technology = Wifi, Address = 02-06-00:00:00:00:00:04, { DataRate: 25, SignalStrength: 68, AntiFragility: 75}, IQ: 60]
       [Network #16, Technology = Wifi, Address = 02-06-00:00:00:00:00:12, { DataRate: 85, SignalStrength: 78, AntiFragility: 38}, IQ: 59]
       [Network #8, Technology = Wifi, Address = 02-06-00:00:00:00:00:0a, { DataRate: 23, SignalStrength: 67, AntiFragility: 70}, IQ: 57]
       [Network #9, Technology = Wifi, Address = 02-06-00:00:00:00:00:0b, { DataRate: 54, SignalStrength: 60, AntiFragility: 55}, IQ: 56]
       [Network #18, Technology = Wimax, Address = 02-06-00:00:00:00:00:15, { DataRate: 20, SignalStrength: 15, AntiFragility: 94}, IQ: 55]
       [Network #4, Technology = Wifi, Address = 02-06-00:00:00:00:00:06, { DataRate: 1, SignalStrength: 60, AntiFragility: 65}, IQ: 47]
       [Network #1, Technology = Wifi, Address = 02-06-00:00:00:00:00:03, { DataRate: 67, SignalStrength: 85, AntiFragility: 16}, IQ: 46]
       [Network #7, Technology = Wifi, Address = 02-06-00:00:00:00:00:09, { DataRate: 39, SignalStrength: 41, AntiFragility: 49}, IQ: 44]
       [Network #13, Technology = Wifi, Address = 02-06-00:00:00:00:00:0f, { DataRate: 33, SignalStrength: 7, AntiFragility: 61}, IQ: 40]
       [Network #6, Technology = Wifi, Address = 02-06-00:00:00:00:00:08, { DataRate: 34, SignalStrength: 21, AntiFragility: 43}, IQ: 35]
       [Network #3, Technology = Wifi, Address = 02-06-00:00:00:00:00:05, { DataRate: 11, SignalStrength: 44, AntiFragility: 6}, IQ: 16]
180s ExecutionModule:Run(): Decision time => Seconds: 0, Miliseconds: 275
180s ExecutionModule:Run(): Handover time => Seconds: 0, Miliseconds: 123
180s ExecutionModule:Run(): Event: Horizontal Handover.
180s DeviceModule:MoveRandom(): New position: (88, 136)
180s DecisionModule:AddNetworkToList(): Network detected
180s DecisionModule:AddNetworkToList(): Network detected
181s DeviceModule:MoveRandom(): New position: (88, 124)
182s DeviceModule:MoveRandom(): New position: (88, 136)
183s DeviceModule:MoveRandom(): New position: (88, 124)
184s DeviceModule:MoveRandom(): New position: (88, 112)
184s DecisionModule:AddNetworkToList(): Network detected
184s DecisionModule:AddNetworkToList(): Network detected
185s DeviceModule:MoveRandom(): New position: (88, 100)
185s DecisionModule:RemoveNetworkFromList(): Network: 2 out of range!
185s DecisionModule:AddNetworkToList(): Network detected
186s DeviceModule:MoveRandom(): New position: (88, 112)
186s DecisionModule:AddNetworkToList(): Network detected
186s DecisionModule:RemoveNetworkFromList(): Network: 12 out of range!
187s DeviceModule:MoveRandom(): New position: (88, 100)
187s DecisionModule:RemoveNetworkFromList(): Network: 2 out of range!
187s DecisionModule:AddNetworkToList(): Network detected
188s DeviceModule:MoveRandom(): New position: (76, 100)
188s DecisionModule:AddNetworkToList(): Network detected
188s DecisionModule:RemoveNetworkFromList(): Network: 12 out of range!
188s DecisionModule:RemoveNetworkFromList(): Network: 19 out of range!
189s DeviceModule:MoveRandom(): New position: (64, 100)
189s DecisionModule:AddNetworkToList(): Network detected
189s DecisionModule:AddNetworkToList(): Network detected
190s DeviceModule:MoveRandom(): New position: (52, 100)
190s DecisionModule:RemoveNetworkFromList(): Network: 4 out of range!
190s DecisionModule:RemoveNetworkFromList(): Network: 7 out of range!
190s DecisionModule:RemoveNetworkFromList(): Network: 14 out of range!
191s DeviceModule:MoveRandom(): New position: (52, 88)
191s DecisionModule:RemoveNetworkFromList(): Network: 2 out of range!
191s DecisionModule:AddNetworkToList(): Network detected
192s DeviceModule:MoveRandom(): New position: (64, 88)
193s DeviceModule:MoveRandom(): New position: (64, 100)
193s DecisionModule:AddNetworkToList(): Network detected
193s DecisionModule:AddNetworkToList(): Network detected
193s DecisionModule:AddNetworkToList(): Network detected
194s DeviceModule:MoveRandom(): New position: (64, 112)
194s DecisionModule:RemoveNetworkFromList(): Network: 0 out of range!
194s DecisionModule:RemoveNetworkFromList(): Network: 5 out of range!
194s DecisionModule:RemoveNetworkFromList(): Network: 14 out of range!
194s DecisionModule:RemoveNetworkFromList(): Network: 15 out of range!
195s DecisionModule:Run(): Run decision
195s DecisionModule:AnalyzingNetworks(): Current Network: 
       [Network #18, Technology = Wimax, Address = 02-06-00:00:00:00:00:15, { DataRate: 76, SignalStrength: 44, AntiFragility: 86}, IQ: 73]
195s DecisionModule:ShowAllNetworks(): All detected networks:
       [Network #18, Technology = Wimax, Address = 02-06-00:00:00:00:00:15, { DataRate: 76, SignalStrength: 44, AntiFragility: 86}, IQ: 73]
       [Network #4, Technology = Wifi, Address = 02-06-00:00:00:00:00:06, { DataRate: 31, SignalStrength: 44, AntiFragility: 92}, IQ: 64]
       [Network #10, Technology = Wifi, Address = 02-06-00:00:00:00:00:0c, { DataRate: 46, SignalStrength: 94, AntiFragility: 57}, IQ: 63]
       [Network #1, Technology = Wifi, Address = 02-06-00:00:00:00:00:03, { DataRate: 80, SignalStrength: 86, AntiFragility: 25}, IQ: 54]
       [Network #13, Technology = Wifi, Address = 02-06-00:00:00:00:00:0f, { DataRate: 32, SignalStrength: 50, AntiFragility: 57}, IQ: 49]
       [Network #9, Technology = Wifi, Address = 02-06-00:00:00:00:00:0b, { DataRate: 96, SignalStrength: 36, AntiFragility: 30}, IQ: 48]
       [Network #6, Technology = Wifi, Address = 02-06-00:00:00:00:00:08, { DataRate: 13, SignalStrength: 27, AntiFragility: 75}, IQ: 47]
       [Network #17, Technology = Wifi, Address = 02-06-00:00:00:00:00:13, { DataRate: 72, SignalStrength: 72, AntiFragility: 16}, IQ: 44]
       [Network #7, Technology = Wifi, Address = 02-06-00:00:00:00:00:09, { DataRate: 76, SignalStrength: 40, AntiFragility: 19}, IQ: 38]
       [Network #3, Technology = Wifi, Address = 02-06-00:00:00:00:00:05, { DataRate: 92, SignalStrength: 40, AntiFragility: 4}, IQ: 35]
       [Network #11, Technology = Wifi, Address = 02-06-00:00:00:00:00:0d, { DataRate: 81, SignalStrength: 25, AntiFragility: 18}, IQ: 35]
       [Network #16, Technology = Wifi, Address = 02-06-00:00:00:00:00:12, { DataRate: 53, SignalStrength: 54, AntiFragility: 14}, IQ: 33]
       [Network #8, Technology = Wifi, Address = 02-06-00:00:00:00:00:0a, { DataRate: 10, SignalStrength: 31, AntiFragility: 29}, IQ: 24]
       [Network #2, Technology = Wifi, Address = 02-06-00:00:00:00:00:04, { DataRate: 43, SignalStrength: 6, AntiFragility: 15}, IQ: 19]
195s ExecutionModule:Run(): Decision time => Seconds: 0, Miliseconds: 299
195s ExecutionModule:Run(): Handover time => Seconds: 0, Miliseconds: 55
195s ExecutionModule:Run(): Event: Vertical Handover.
195s DeviceModule:MoveRandom(): New position: (64, 100)
195s DecisionModule:AddNetworkToList(): Network detected
195s DecisionModule:AddNetworkToList(): Network detected
195s DecisionModule:AddNetworkToList(): Network detected
195s DecisionModule:AddNetworkToList(): Network detected
196s DeviceModule:MoveRandom(): New position: (64, 112)
196s DecisionModule:RemoveNetworkFromList(): Network: 0 out of range!
196s DecisionModule:RemoveNetworkFromList(): Network: 5 out of range!
196s DecisionModule:RemoveNetworkFromList(): Network: 14 out of range!
196s DecisionModule:RemoveNetworkFromList(): Network: 15 out of range!
197s DeviceModule:MoveRandom(): New position: (64, 100)
197s DecisionModule:AddNetworkToList(): Network detected
197s DecisionModule:AddNetworkToList(): Network detected
197s DecisionModule:AddNetworkToList(): Network detected
197s DecisionModule:AddNetworkToList(): Network detected
198s DeviceModule:MoveRandom(): New position: (76, 100)
198s DecisionModule:RemoveNetworkFromList(): Network: 0 out of range!
198s DecisionModule:RemoveNetworkFromList(): Network: 15 out of range!
199s DeviceModule:MoveRandom(): New position: (88, 100)
199s DecisionModule:RemoveNetworkFromList(): Network: 2 out of range!
199s DecisionModule:AddNetworkToList(): Network detected
199s DecisionModule:AddNetworkToList(): Network detected
