Waf: Entering directory `/home/renan/Documents/NR2/ns-allinone-3.20/ns-3.20/build'
Waf: Leaving directory `/home/renan/Documents/NR2/ns-allinone-3.20/ns-3.20/build'
'build' finished successfully (1.942s)
0s NetworkModule:SetPosition(): Network 0 set position => (44, 62)
0s NetworkModule:SetRange(): Network 0 set range => 100
0s NetworkModule:SetPosition(): Network 1 set position => (46, 20)
0s NetworkModule:SetRange(): Network 1 set range => 100
0s DeviceModule:ConfigureMobility(): Device [init x = 50, init y = 50, max = 100, velocity = 1]
1s DeviceModule:MoveRandom(): New position: (51, 50)
1s DecisionModule:AddNetworkToList(): Network detected
1s DecisionModule:AddNetworkToList(): Network detected
2s DeviceModule:MoveRandom(): New position: (52, 50)
3s DeviceModule:MoveRandom(): New position: (52, 49)
4s DeviceModule:MoveRandom(): New position: (52, 50)
5s DeviceModule:MoveRandom(): New position: (52, 51)
6s DeviceModule:MoveRandom(): New position: (52, 52)
7s DeviceModule:MoveRandom(): New position: (51, 52)
8s DeviceModule:MoveRandom(): New position: (50, 52)
9s DeviceModule:MoveRandom(): New position: (51, 52)
10s DecisionModule:Run(): Run decision
10s DecisionModule:AnalyzingNetworks(): Current Network: 
       [Network #1, Technology = Wimax, Address = 02-06-00:00:00:00:00:04, { DataRate: 46, SignalStrength: 83, AntiFragility: 16}, IQ: 40]
10s DecisionModule:ShowAllNetworks(): All detected networks:
       [Network #1, Technology = Wimax, Address = 02-06-00:00:00:00:00:04, { DataRate: 46, SignalStrength: 83, AntiFragility: 16}, IQ: 40]
       [Network #0, Technology = Wifi, Address = 02-06-00:00:00:00:00:02, { DataRate: 95, SignalStrength: 50, AntiFragility: 1}, IQ: 36]
10s DeviceModule:MoveRandom(): New position: (50, 52)
11s DeviceModule:MoveRandom(): New position: (49, 52)
12s DeviceModule:MoveRandom(): New position: (50, 52)
13s DeviceModule:MoveRandom(): New position: (50, 51)
14s DeviceModule:MoveRandom(): New position: (50, 50)
15s DeviceModule:MoveRandom(): New position: (50, 49)
16s DeviceModule:MoveRandom(): New position: (50, 50)
17s DeviceModule:MoveRandom(): New position: (51, 50)
18s DeviceModule:MoveRandom(): New position: (52, 50)
19s DeviceModule:MoveRandom(): New position: (52, 49)
20s DecisionModule:Run(): Run decision
20s DecisionModule:AnalyzingNetworks(): Current Network: 
       [Network #0, Technology = Wifi, Address = 02-06-00:00:00:00:00:02, { DataRate: 4, SignalStrength: 92, AntiFragility: 24}, IQ: 36]
20s DecisionModule:ShowAllNetworks(): All detected networks:
       [Network #0, Technology = Wifi, Address = 02-06-00:00:00:00:00:02, { DataRate: 4, SignalStrength: 92, AntiFragility: 24}, IQ: 36]
       [Network #1, Technology = Wimax, Address = 02-06-00:00:00:00:00:04, { DataRate: 39, SignalStrength: 5, AntiFragility: 28}, IQ: 25]
20s ExecutionModule:Run(): Decision time => Seconds: 0, Miliseconds: 135
20s ExecutionModule:Run(): Handover time => Seconds: 0, Miliseconds: 271
20s ExecutionModule:Run(): Event: Vertical Handover.
20s DeviceModule:MoveRandom(): New position: (52, 48)
21s DeviceModule:MoveRandom(): New position: (52, 49)
22s DeviceModule:MoveRandom(): New position: (52, 48)
23s DeviceModule:MoveRandom(): New position: (52, 49)
24s DeviceModule:MoveRandom(): New position: (51, 49)
25s DeviceModule:MoveRandom(): New position: (51, 50)
26s DeviceModule:MoveRandom(): New position: (50, 50)
27s DeviceModule:MoveRandom(): New position: (50, 51)
28s DeviceModule:MoveRandom(): New position: (51, 51)
29s DeviceModule:MoveRandom(): New position: (50, 51)
30s DecisionModule:Run(): Run decision
30s DecisionModule:AnalyzingNetworks(): Current Network: 
       [Network #1, Technology = Wimax, Address = 02-06-00:00:00:00:00:04, { DataRate: 20, SignalStrength: 34, AntiFragility: 71}, IQ: 49]
30s DecisionModule:ShowAllNetworks(): All detected networks:
       [Network #1, Technology = Wimax, Address = 02-06-00:00:00:00:00:04, { DataRate: 20, SignalStrength: 34, AntiFragility: 71}, IQ: 49]
       [Network #0, Technology = Wifi, Address = 02-06-00:00:00:00:00:02, { DataRate: 74, SignalStrength: 13, AntiFragility: 18}, IQ: 30]
30s ExecutionModule:Run(): Decision time => Seconds: 0, Miliseconds: 148
30s ExecutionModule:Run(): Handover time => Seconds: 0, Miliseconds: 44
30s ExecutionModule:Run(): Event: Vertical Handover.
30s DeviceModule:MoveRandom(): New position: (51, 51)
31s DeviceModule:MoveRandom(): New position: (51, 50)
32s DeviceModule:MoveRandom(): New position: (52, 50)
33s DeviceModule:MoveRandom(): New position: (51, 50)
34s DeviceModule:MoveRandom(): New position: (52, 50)
35s DeviceModule:MoveRandom(): New position: (53, 50)
36s DeviceModule:MoveRandom(): New position: (52, 50)
37s DeviceModule:MoveRandom(): New position: (53, 50)
38s DeviceModule:MoveRandom(): New position: (53, 49)
39s DeviceModule:MoveRandom(): New position: (52, 49)
40s DecisionModule:Run(): Run decision
40s DecisionModule:AnalyzingNetworks(): Current Network: 
       [Network #1, Technology = Wimax, Address = 02-06-00:00:00:00:00:04, { DataRate: 62, SignalStrength: 11, AntiFragility: 90}, IQ: 63]
40s DecisionModule:ShowAllNetworks(): All detected networks:
       [Network #1, Technology = Wimax, Address = 02-06-00:00:00:00:00:04, { DataRate: 62, SignalStrength: 11, AntiFragility: 90}, IQ: 63]
       [Network #0, Technology = Wifi, Address = 02-06-00:00:00:00:00:02, { DataRate: 56, SignalStrength: 76, AntiFragility: 26}, IQ: 46]
40s DeviceModule:MoveRandom(): New position: (51, 49)
41s DeviceModule:MoveRandom(): New position: (52, 49)
42s DeviceModule:MoveRandom(): New position: (52, 50)
43s DeviceModule:MoveRandom(): New position: (53, 50)
44s DeviceModule:MoveRandom(): New position: (53, 51)
45s DeviceModule:MoveRandom(): New position: (53, 52)
46s DeviceModule:MoveRandom(): New position: (52, 52)
47s DeviceModule:MoveRandom(): New position: (53, 52)
48s DeviceModule:MoveRandom(): New position: (53, 53)
49s DeviceModule:MoveRandom(): New position: (54, 53)
50s DecisionModule:Run(): Run decision
50s DecisionModule:AnalyzingNetworks(): Current Network: 
       [Network #1, Technology = Wimax, Address = 02-06-00:00:00:00:00:04, { DataRate: 48, SignalStrength: 39, AntiFragility: 55}, IQ: 49]
50s DecisionModule:ShowAllNetworks(): All detected networks:
       [Network #1, Technology = Wimax, Address = 02-06-00:00:00:00:00:04, { DataRate: 48, SignalStrength: 39, AntiFragility: 55}, IQ: 49]
       [Network #0, Technology = Wifi, Address = 02-06-00:00:00:00:00:02, { DataRate: 61, SignalStrength: 41, AntiFragility: 11}, IQ: 31]
50s DeviceModule:MoveRandom(): New position: (53, 53)
51s DeviceModule:MoveRandom(): New position: (52, 53)
52s DeviceModule:MoveRandom(): New position: (52, 52)
53s DeviceModule:MoveRandom(): New position: (52, 53)
54s DeviceModule:MoveRandom(): New position: (52, 52)
55s DeviceModule:MoveRandom(): New position: (53, 52)
56s DeviceModule:MoveRandom(): New position: (53, 51)
57s DeviceModule:MoveRandom(): New position: (53, 50)
58s DeviceModule:MoveRandom(): New position: (53, 51)
59s DeviceModule:MoveRandom(): New position: (54, 51)
60s DecisionModule:Run(): Run decision
60s DecisionModule:AnalyzingNetworks(): Current Network: 
       [Network #1, Technology = Wimax, Address = 02-06-00:00:00:00:00:04, { DataRate: 63, SignalStrength: 73, AntiFragility: 60}, IQ: 64]
60s DecisionModule:ShowAllNetworks(): All detected networks:
       [Network #1, Technology = Wimax, Address = 02-06-00:00:00:00:00:04, { DataRate: 63, SignalStrength: 73, AntiFragility: 60}, IQ: 64]
       [Network #0, Technology = Wifi, Address = 02-06-00:00:00:00:00:02, { DataRate: 69, SignalStrength: 30, AntiFragility: 42}, IQ: 45]
60s DeviceModule:MoveRandom(): New position: (54, 52)
61s DeviceModule:MoveRandom(): New position: (54, 51)
62s DeviceModule:MoveRandom(): New position: (55, 51)
63s DeviceModule:MoveRandom(): New position: (54, 51)
64s DeviceModule:MoveRandom(): New position: (55, 51)
65s DeviceModule:MoveRandom(): New position: (55, 52)
66s DeviceModule:MoveRandom(): New position: (56, 52)
67s DeviceModule:MoveRandom(): New position: (57, 52)
68s DeviceModule:MoveRandom(): New position: (56, 52)
69s DeviceModule:MoveRandom(): New position: (55, 52)
70s DecisionModule:Run(): Run decision
70s DecisionModule:AnalyzingNetworks(): Current Network: 
       [Network #0, Technology = Wifi, Address = 02-06-00:00:00:00:00:02, { DataRate: 95, SignalStrength: 36, AntiFragility: 53}, IQ: 59]
70s DecisionModule:ShowAllNetworks(): All detected networks:
       [Network #0, Technology = Wifi, Address = 02-06-00:00:00:00:00:02, { DataRate: 95, SignalStrength: 36, AntiFragility: 53}, IQ: 59]
       [Network #1, Technology = Wimax, Address = 02-06-00:00:00:00:00:04, { DataRate: 24, SignalStrength: 7, AntiFragility: 63}, IQ: 39]
70s ExecutionModule:Run(): Decision time => Seconds: 0, Miliseconds: 139
70s ExecutionModule:Run(): Handover time => Seconds: 0, Miliseconds: 41
70s ExecutionModule:Run(): Event: Vertical Handover.
70s DeviceModule:MoveRandom(): New position: (55, 53)
71s DeviceModule:MoveRandom(): New position: (55, 52)
72s DeviceModule:MoveRandom(): New position: (55, 51)
73s DeviceModule:MoveRandom(): New position: (56, 51)
74s DeviceModule:MoveRandom(): New position: (55, 51)
75s DeviceModule:MoveRandom(): New position: (55, 52)
76s DeviceModule:MoveRandom(): New position: (56, 52)
77s DeviceModule:MoveRandom(): New position: (57, 52)
78s DeviceModule:MoveRandom(): New position: (57, 51)
79s DeviceModule:MoveRandom(): New position: (58, 51)
80s DecisionModule:Run(): Run decision
80s DecisionModule:AnalyzingNetworks(): Current Network: 
       [Network #1, Technology = Wimax, Address = 02-06-00:00:00:00:00:04, { DataRate: 16, SignalStrength: 4, AntiFragility: 90}, IQ: 50]
80s DecisionModule:ShowAllNetworks(): All detected networks:
       [Network #1, Technology = Wimax, Address = 02-06-00:00:00:00:00:04, { DataRate: 16, SignalStrength: 4, AntiFragility: 90}, IQ: 50]
       [Network #0, Technology = Wifi, Address = 02-06-00:00:00:00:00:02, { DataRate: 69, SignalStrength: 39, AntiFragility: 3}, IQ: 28]
80s ExecutionModule:Run(): Decision time => Seconds: 0, Miliseconds: 135
80s ExecutionModule:Run(): Handover time => Seconds: 0, Miliseconds: 31
80s ExecutionModule:Run(): Event: Vertical Handover.
80s DeviceModule:MoveRandom(): New position: (58, 50)
81s DeviceModule:MoveRandom(): New position: (58, 49)
82s DeviceModule:MoveRandom(): New position: (58, 48)
83s DeviceModule:MoveRandom(): New position: (59, 48)
84s DeviceModule:MoveRandom(): New position: (59, 47)
85s DeviceModule:MoveRandom(): New position: (59, 48)
86s DeviceModule:MoveRandom(): New position: (60, 48)
87s DeviceModule:MoveRandom(): New position: (60, 49)
88s DeviceModule:MoveRandom(): New position: (60, 48)
89s DeviceModule:MoveRandom(): New position: (61, 48)
90s DecisionModule:Run(): Run decision
90s DecisionModule:AnalyzingNetworks(): Current Network: 
       [Network #1, Technology = Wimax, Address = 02-06-00:00:00:00:00:04, { DataRate: 88, SignalStrength: 91, AntiFragility: 75}, IQ: 82]
90s DecisionModule:ShowAllNetworks(): All detected networks:
       [Network #1, Technology = Wimax, Address = 02-06-00:00:00:00:00:04, { DataRate: 88, SignalStrength: 91, AntiFragility: 75}, IQ: 82]
       [Network #0, Technology = Wifi, Address = 02-06-00:00:00:00:00:02, { DataRate: 42, SignalStrength: 58, AntiFragility: 89}, IQ: 69]
90s DeviceModule:MoveRandom(): New position: (61, 47)
91s DeviceModule:MoveRandom(): New position: (62, 47)
92s DeviceModule:MoveRandom(): New position: (62, 48)
93s DeviceModule:MoveRandom(): New position: (63, 48)
94s DeviceModule:MoveRandom(): New position: (63, 49)
95s DeviceModule:MoveRandom(): New position: (63, 50)
96s DeviceModule:MoveRandom(): New position: (64, 50)
97s DeviceModule:MoveRandom(): New position: (65, 50)
98s DeviceModule:MoveRandom(): New position: (65, 49)
99s DeviceModule:MoveRandom(): New position: (64, 49)
100s DecisionModule:Run(): Run decision
100s DecisionModule:AnalyzingNetworks(): Current Network: 
       [Network #1, Technology = Wimax, Address = 02-06-00:00:00:00:00:04, { DataRate: 98, SignalStrength: 47, AntiFragility: 6}, IQ: 39]
100s DecisionModule:ShowAllNetworks(): All detected networks:
       [Network #1, Technology = Wimax, Address = 02-06-00:00:00:00:00:04, { DataRate: 98, SignalStrength: 47, AntiFragility: 6}, IQ: 39]
       [Network #0, Technology = Wifi, Address = 02-06-00:00:00:00:00:02, { DataRate: 19, SignalStrength: 91, AntiFragility: 13}, IQ: 34]
100s DeviceModule:MoveRandom(): New position: (64, 50)
101s DeviceModule:MoveRandom(): New position: (64, 49)
102s DeviceModule:MoveRandom(): New position: (65, 49)
103s DeviceModule:MoveRandom(): New position: (65, 48)
104s DeviceModule:MoveRandom(): New position: (66, 48)
105s DeviceModule:MoveRandom(): New position: (66, 49)
106s DeviceModule:MoveRandom(): New position: (67, 49)
107s DeviceModule:MoveRandom(): New position: (66, 49)
108s DeviceModule:MoveRandom(): New position: (66, 50)
109s DeviceModule:MoveRandom(): New position: (65, 50)
110s DecisionModule:Run(): Run decision
110s DecisionModule:AnalyzingNetworks(): Current Network: 
       [Network #1, Technology = Wimax, Address = 02-06-00:00:00:00:00:04, { DataRate: 69, SignalStrength: 13, AntiFragility: 80}, IQ: 60]
110s DecisionModule:ShowAllNetworks(): All detected networks:
       [Network #1, Technology = Wimax, Address = 02-06-00:00:00:00:00:04, { DataRate: 69, SignalStrength: 13, AntiFragility: 80}, IQ: 60]
       [Network #0, Technology = Wifi, Address = 02-06-00:00:00:00:00:02, { DataRate: 81, SignalStrength: 29, AntiFragility: 53}, IQ: 54]
110s DeviceModule:MoveRandom(): New position: (65, 51)
111s DeviceModule:MoveRandom(): New position: (65, 52)
112s DeviceModule:MoveRandom(): New position: (66, 52)
113s DeviceModule:MoveRandom(): New position: (66, 53)
114s DeviceModule:MoveRandom(): New position: (65, 53)
115s DeviceModule:MoveRandom(): New position: (66, 53)
116s DeviceModule:MoveRandom(): New position: (65, 53)
117s DeviceModule:MoveRandom(): New position: (65, 52)
118s DeviceModule:MoveRandom(): New position: (65, 51)
119s DeviceModule:MoveRandom(): New position: (65, 52)
120s DecisionModule:Run(): Run decision
120s DecisionModule:AnalyzingNetworks(): Current Network: 
       [Network #0, Technology = Wifi, Address = 02-06-00:00:00:00:00:02, { DataRate: 78, SignalStrength: 75, AntiFragility: 45}, IQ: 60]
120s DecisionModule:ShowAllNetworks(): All detected networks:
       [Network #0, Technology = Wifi, Address = 02-06-00:00:00:00:00:02, { DataRate: 78, SignalStrength: 75, AntiFragility: 45}, IQ: 60]
       [Network #1, Technology = Wimax, Address = 02-06-00:00:00:00:00:04, { DataRate: 4, SignalStrength: 43, AntiFragility: 88}, IQ: 55]
120s ExecutionModule:Run(): Decision time => Seconds: 0, Miliseconds: 140
120s ExecutionModule:Run(): Handover time => Seconds: 0, Miliseconds: 31
120s ExecutionModule:Run(): Event: Vertical Handover.
120s DeviceModule:MoveRandom(): New position: (65, 53)
121s DeviceModule:MoveRandom(): New position: (64, 53)
122s DeviceModule:MoveRandom(): New position: (63, 53)
123s DeviceModule:MoveRandom(): New position: (62, 53)
124s DeviceModule:MoveRandom(): New position: (61, 53)
125s DeviceModule:MoveRandom(): New position: (62, 53)
126s DeviceModule:MoveRandom(): New position: (62, 54)
127s DeviceModule:MoveRandom(): New position: (61, 54)
128s DeviceModule:MoveRandom(): New position: (61, 55)
129s DeviceModule:MoveRandom(): New position: (61, 54)
130s DecisionModule:Run(): Run decision
130s DecisionModule:AnalyzingNetworks(): Current Network: 
       [Network #0, Technology = Wifi, Address = 02-06-00:00:00:00:00:02, { DataRate: 95, SignalStrength: 42, AntiFragility: 73}, IQ: 70]
130s DecisionModule:ShowAllNetworks(): All detected networks:
       [Network #0, Technology = Wifi, Address = 02-06-00:00:00:00:00:02, { DataRate: 95, SignalStrength: 42, AntiFragility: 73}, IQ: 70]
       [Network #1, Technology = Wimax, Address = 02-06-00:00:00:00:00:04, { DataRate: 55, SignalStrength: 60, AntiFragility: 41}, IQ: 49]
130s DeviceModule:MoveRandom(): New position: (61, 53)
131s DeviceModule:MoveRandom(): New position: (60, 53)
132s DeviceModule:MoveRandom(): New position: (60, 52)
133s DeviceModule:MoveRandom(): New position: (60, 53)
134s DeviceModule:MoveRandom(): New position: (60, 54)
135s DeviceModule:MoveRandom(): New position: (60, 55)
136s DeviceModule:MoveRandom(): New position: (60, 56)
137s DeviceModule:MoveRandom(): New position: (61, 56)
138s DeviceModule:MoveRandom(): New position: (62, 56)
139s DeviceModule:MoveRandom(): New position: (62, 55)
140s DecisionModule:Run(): Run decision
140s DecisionModule:AnalyzingNetworks(): Current Network: 
       [Network #0, Technology = Wifi, Address = 02-06-00:00:00:00:00:02, { DataRate: 40, SignalStrength: 68, AntiFragility: 78}, IQ: 66]
140s DecisionModule:ShowAllNetworks(): All detected networks:
       [Network #0, Technology = Wifi, Address = 02-06-00:00:00:00:00:02, { DataRate: 40, SignalStrength: 68, AntiFragility: 78}, IQ: 66]
       [Network #1, Technology = Wimax, Address = 02-06-00:00:00:00:00:04, { DataRate: 53, SignalStrength: 7, AntiFragility: 88}, IQ: 59]
140s DeviceModule:MoveRandom(): New position: (63, 55)
141s DeviceModule:MoveRandom(): New position: (63, 56)
142s DeviceModule:MoveRandom(): New position: (64, 56)
143s DeviceModule:MoveRandom(): New position: (63, 56)
144s DeviceModule:MoveRandom(): New position: (62, 56)
145s DeviceModule:MoveRandom(): New position: (62, 55)
146s DeviceModule:MoveRandom(): New position: (62, 56)
147s DeviceModule:MoveRandom(): New position: (62, 55)
148s DeviceModule:MoveRandom(): New position: (61, 55)
149s DeviceModule:MoveRandom(): New position: (61, 56)
150s DecisionModule:Run(): Run decision
150s DecisionModule:AnalyzingNetworks(): Current Network: 
       [Network #0, Technology = Wifi, Address = 02-06-00:00:00:00:00:02, { DataRate: 45, SignalStrength: 73, AntiFragility: 80}, IQ: 69]
150s DecisionModule:ShowAllNetworks(): All detected networks:
       [Network #0, Technology = Wifi, Address = 02-06-00:00:00:00:00:02, { DataRate: 45, SignalStrength: 73, AntiFragility: 80}, IQ: 69]
       [Network #1, Technology = Wimax, Address = 02-06-00:00:00:00:00:04, { DataRate: 96, SignalStrength: 43, AntiFragility: 38}, IQ: 53]
150s DeviceModule:MoveRandom(): New position: (62, 56)
151s DeviceModule:MoveRandom(): New position: (62, 57)
152s DeviceModule:MoveRandom(): New position: (63, 57)
153s DeviceModule:MoveRandom(): New position: (63, 56)
154s DeviceModule:MoveRandom(): New position: (63, 57)
155s DeviceModule:MoveRandom(): New position: (63, 56)
156s DeviceModule:MoveRandom(): New position: (62, 56)
157s DeviceModule:MoveRandom(): New position: (63, 56)
158s DeviceModule:MoveRandom(): New position: (63, 55)
159s DeviceModule:MoveRandom(): New position: (63, 56)
160s DecisionModule:Run(): Run decision
160s DecisionModule:AnalyzingNetworks(): Current Network: 
       [Network #0, Technology = Wifi, Address = 02-06-00:00:00:00:00:02, { DataRate: 76, SignalStrength: 47, AntiFragility: 35}, IQ: 48]
160s DecisionModule:ShowAllNetworks(): All detected networks:
       [Network #0, Technology = Wifi, Address = 02-06-00:00:00:00:00:02, { DataRate: 76, SignalStrength: 47, AntiFragility: 35}, IQ: 48]
       [Network #1, Technology = Wimax, Address = 02-06-00:00:00:00:00:04, { DataRate: 31, SignalStrength: 97, AntiFragility: 15}, IQ: 39]
160s DeviceModule:MoveRandom(): New position: (63, 55)
161s DeviceModule:MoveRandom(): New position: (62, 55)
162s DeviceModule:MoveRandom(): New position: (61, 55)
163s DeviceModule:MoveRandom(): New position: (61, 56)
164s DeviceModule:MoveRandom(): New position: (60, 56)
165s DeviceModule:MoveRandom(): New position: (60, 57)
166s DeviceModule:MoveRandom(): New position: (59, 57)
167s DeviceModule:MoveRandom(): New position: (59, 58)
168s DeviceModule:MoveRandom(): New position: (59, 57)
169s DeviceModule:MoveRandom(): New position: (59, 56)
170s DecisionModule:Run(): Run decision
170s DecisionModule:AnalyzingNetworks(): Current Network: 
       [Network #1, Technology = Wimax, Address = 02-06-00:00:00:00:00:04, { DataRate: 1, SignalStrength: 84, AntiFragility: 63}, IQ: 52]
170s DecisionModule:ShowAllNetworks(): All detected networks:
       [Network #1, Technology = Wimax, Address = 02-06-00:00:00:00:00:04, { DataRate: 1, SignalStrength: 84, AntiFragility: 63}, IQ: 52]
       [Network #0, Technology = Wifi, Address = 02-06-00:00:00:00:00:02, { DataRate: 86, SignalStrength: 35, AntiFragility: 14}, IQ: 37]
170s ExecutionModule:Run(): Decision time => Seconds: 0, Miliseconds: 158
170s ExecutionModule:Run(): Handover time => Seconds: 0, Miliseconds: 33
170s ExecutionModule:Run(): Event: Vertical Handover.
170s DeviceModule:MoveRandom(): New position: (60, 56)
171s DeviceModule:MoveRandom(): New position: (60, 55)
172s DeviceModule:MoveRandom(): New position: (60, 56)
173s DeviceModule:MoveRandom(): New position: (60, 57)
174s DeviceModule:MoveRandom(): New position: (60, 56)
175s DeviceModule:MoveRandom(): New position: (60, 55)
176s DeviceModule:MoveRandom(): New position: (60, 54)
177s DeviceModule:MoveRandom(): New position: (60, 55)
178s DeviceModule:MoveRandom(): New position: (60, 54)
179s DeviceModule:MoveRandom(): New position: (59, 54)
180s DecisionModule:Run(): Run decision
180s DecisionModule:AnalyzingNetworks(): Current Network: 
       [Network #0, Technology = Wifi, Address = 02-06-00:00:00:00:00:02, { DataRate: 80, SignalStrength: 91, AntiFragility: 56}, IQ: 70]
180s DecisionModule:ShowAllNetworks(): All detected networks:
       [Network #0, Technology = Wifi, Address = 02-06-00:00:00:00:00:02, { DataRate: 80, SignalStrength: 91, AntiFragility: 56}, IQ: 70]
       [Network #1, Technology = Wimax, Address = 02-06-00:00:00:00:00:04, { DataRate: 95, SignalStrength: 27, AntiFragility: 17}, IQ: 39]
180s ExecutionModule:Run(): Decision time => Seconds: 0, Miliseconds: 141
180s ExecutionModule:Run(): Handover time => Seconds: 0, Miliseconds: 31
180s ExecutionModule:Run(): Event: Vertical Handover.
180s DeviceModule:MoveRandom(): New position: (60, 54)
181s DeviceModule:MoveRandom(): New position: (61, 54)
182s DeviceModule:MoveRandom(): New position: (61, 55)
183s DeviceModule:MoveRandom(): New position: (61, 54)
184s DeviceModule:MoveRandom(): New position: (61, 53)
185s DeviceModule:MoveRandom(): New position: (61, 54)
186s DeviceModule:MoveRandom(): New position: (61, 53)
187s DeviceModule:MoveRandom(): New position: (61, 54)
188s DeviceModule:MoveRandom(): New position: (61, 55)
189s DeviceModule:MoveRandom(): New position: (61, 56)
190s DecisionModule:Run(): Run decision
190s DecisionModule:AnalyzingNetworks(): Current Network: 
       [Network #1, Technology = Wimax, Address = 02-06-00:00:00:00:00:04, { DataRate: 8, SignalStrength: 41, AntiFragility: 94}, IQ: 59]
190s DecisionModule:ShowAllNetworks(): All detected networks:
       [Network #1, Technology = Wimax, Address = 02-06-00:00:00:00:00:04, { DataRate: 8, SignalStrength: 41, AntiFragility: 94}, IQ: 59]
       [Network #0, Technology = Wifi, Address = 02-06-00:00:00:00:00:02, { DataRate: 31, SignalStrength: 70, AntiFragility: 12}, IQ: 31]
190s ExecutionModule:Run(): Decision time => Seconds: 0, Miliseconds: 167
190s ExecutionModule:Run(): Handover time => Seconds: 0, Miliseconds: 31
190s ExecutionModule:Run(): Event: Vertical Handover.
190s DeviceModule:MoveRandom(): New position: (60, 56)
191s DeviceModule:MoveRandom(): New position: (61, 56)
192s DeviceModule:MoveRandom(): New position: (61, 57)
193s DeviceModule:MoveRandom(): New position: (61, 58)
194s DeviceModule:MoveRandom(): New position: (60, 58)
195s DeviceModule:MoveRandom(): New position: (61, 58)
196s DeviceModule:MoveRandom(): New position: (61, 57)
197s DeviceModule:MoveRandom(): New position: (61, 58)
198s DeviceModule:MoveRandom(): New position: (60, 58)
199s DeviceModule:MoveRandom(): New position: (60, 59)
