Waf: Entering directory `/home/renan/Documents/NR2/ns-allinone-3.20/ns-3.20/build'
Waf: Leaving directory `/home/renan/Documents/NR2/ns-allinone-3.20/ns-3.20/build'
'build' finished successfully (1.918s)
0s NetworkModule:SetPosition(): Network 0 set position => (1, 61)
0s NetworkModule:SetRange(): Network 0 set range => 100
0s NetworkModule:SetPosition(): Network 1 set position => (29, 91)
0s NetworkModule:SetRange(): Network 1 set range => 100
0s DeviceModule:ConfigureMobility(): Device [init x = 50, init y = 50, max = 100, velocity = 1]
1s DeviceModule:MoveRandom(): New position: (50, 51)
1s DecisionModule:AddNetworkToList(): Network detected
1s DecisionModule:AddNetworkToList(): Network detected
2s DeviceModule:MoveRandom(): New position: (50, 52)
3s DeviceModule:MoveRandom(): New position: (51, 52)
4s DeviceModule:MoveRandom(): New position: (52, 52)
5s DeviceModule:MoveRandom(): New position: (52, 53)
6s DeviceModule:MoveRandom(): New position: (51, 53)
7s DeviceModule:MoveRandom(): New position: (51, 54)
8s DeviceModule:MoveRandom(): New position: (51, 53)
9s DeviceModule:MoveRandom(): New position: (52, 53)
10s DecisionModule:Run(): Run decision
10s DecisionModule:AnalyzingNetworks(): Current Network: 
       [Network #0, Technology = Wifi, Address = 02-06-00:00:00:00:00:02, { DataRate: 8, SignalStrength: 90, AntiFragility: 55}, IQ: 52]
10s DecisionModule:ShowAllNetworks(): All detected networks:
       [Network #0, Technology = Wifi, Address = 02-06-00:00:00:00:00:02, { DataRate: 8, SignalStrength: 90, AntiFragility: 55}, IQ: 52]
       [Network #1, Technology = Wimax, Address = 02-06-00:00:00:00:00:04, { DataRate: 28, SignalStrength: 18, AntiFragility: 26}, IQ: 24]
10s DeviceModule:MoveRandom(): New position: (52, 54)
11s DeviceModule:MoveRandom(): New position: (52, 55)
12s DeviceModule:MoveRandom(): New position: (52, 56)
13s DeviceModule:MoveRandom(): New position: (52, 55)
14s DeviceModule:MoveRandom(): New position: (52, 56)
15s DeviceModule:MoveRandom(): New position: (52, 57)
16s DeviceModule:MoveRandom(): New position: (53, 57)
17s DeviceModule:MoveRandom(): New position: (53, 56)
18s DeviceModule:MoveRandom(): New position: (53, 55)
19s DeviceModule:MoveRandom(): New position: (52, 55)
20s DecisionModule:Run(): Run decision
20s DecisionModule:AnalyzingNetworks(): Current Network: 
       [Network #0, Technology = Wifi, Address = 02-06-00:00:00:00:00:02, { DataRate: 12, SignalStrength: 41, AntiFragility: 86}, IQ: 56]
20s DecisionModule:ShowAllNetworks(): All detected networks:
       [Network #0, Technology = Wifi, Address = 02-06-00:00:00:00:00:02, { DataRate: 12, SignalStrength: 41, AntiFragility: 86}, IQ: 56]
       [Network #1, Technology = Wimax, Address = 02-06-00:00:00:00:00:04, { DataRate: 73, SignalStrength: 70, AntiFragility: 34}, IQ: 52]
20s DeviceModule:MoveRandom(): New position: (53, 55)
21s DeviceModule:MoveRandom(): New position: (53, 56)
22s DeviceModule:MoveRandom(): New position: (54, 56)
23s DeviceModule:MoveRandom(): New position: (55, 56)
24s DeviceModule:MoveRandom(): New position: (55, 57)
25s DeviceModule:MoveRandom(): New position: (55, 56)
26s DeviceModule:MoveRandom(): New position: (55, 55)
27s DeviceModule:MoveRandom(): New position: (56, 55)
28s DeviceModule:MoveRandom(): New position: (56, 54)
29s DeviceModule:MoveRandom(): New position: (56, 55)
30s DecisionModule:Run(): Run decision
30s DecisionModule:AnalyzingNetworks(): Current Network: 
       [Network #1, Technology = Wimax, Address = 02-06-00:00:00:00:00:04, { DataRate: 98, SignalStrength: 18, AntiFragility: 41}, IQ: 49]
30s DecisionModule:ShowAllNetworks(): All detected networks:
       [Network #1, Technology = Wimax, Address = 02-06-00:00:00:00:00:04, { DataRate: 98, SignalStrength: 18, AntiFragility: 41}, IQ: 49]
       [Network #0, Technology = Wifi, Address = 02-06-00:00:00:00:00:02, { DataRate: 16, SignalStrength: 24, AntiFragility: 28}, IQ: 24]
30s ExecutionModule:Run(): Decision time => Seconds: 0, Miliseconds: 131
30s ExecutionModule:Run(): Handover time => Seconds: 0, Miliseconds: 271
30s ExecutionModule:Run(): Event: Vertical Handover.
30s DeviceModule:MoveRandom(): New position: (55, 55)
31s DeviceModule:MoveRandom(): New position: (54, 55)
32s DeviceModule:MoveRandom(): New position: (54, 54)
33s DeviceModule:MoveRandom(): New position: (54, 55)
34s DeviceModule:MoveRandom(): New position: (54, 56)
35s DeviceModule:MoveRandom(): New position: (55, 56)
36s DeviceModule:MoveRandom(): New position: (55, 57)
37s DeviceModule:MoveRandom(): New position: (54, 57)
38s DeviceModule:MoveRandom(): New position: (53, 57)
39s DeviceModule:MoveRandom(): New position: (54, 57)
40s DecisionModule:Run(): Run decision
40s DecisionModule:AnalyzingNetworks(): Current Network: 
       [Network #0, Technology = Wifi, Address = 02-06-00:00:00:00:00:02, { DataRate: 53, SignalStrength: 10, AntiFragility: 52}, IQ: 41]
40s DecisionModule:ShowAllNetworks(): All detected networks:
       [Network #0, Technology = Wifi, Address = 02-06-00:00:00:00:00:02, { DataRate: 53, SignalStrength: 10, AntiFragility: 52}, IQ: 41]
       [Network #1, Technology = Wimax, Address = 02-06-00:00:00:00:00:04, { DataRate: 5, SignalStrength: 29, AntiFragility: 31}, IQ: 24]
40s ExecutionModule:Run(): Decision time => Seconds: 0, Miliseconds: 133
40s ExecutionModule:Run(): Handover time => Seconds: 0, Miliseconds: 43
40s ExecutionModule:Run(): Event: Vertical Handover.
40s DeviceModule:MoveRandom(): New position: (53, 57)
41s DeviceModule:MoveRandom(): New position: (53, 56)
42s DeviceModule:MoveRandom(): New position: (52, 56)
43s DeviceModule:MoveRandom(): New position: (51, 56)
44s DeviceModule:MoveRandom(): New position: (51, 55)
45s DeviceModule:MoveRandom(): New position: (51, 56)
46s DeviceModule:MoveRandom(): New position: (52, 56)
47s DeviceModule:MoveRandom(): New position: (52, 57)
48s DeviceModule:MoveRandom(): New position: (52, 56)
49s DeviceModule:MoveRandom(): New position: (53, 56)
50s DecisionModule:Run(): Run decision
50s DecisionModule:AnalyzingNetworks(): Current Network: 
       [Network #0, Technology = Wifi, Address = 02-06-00:00:00:00:00:02, { DataRate: 78, SignalStrength: 49, AntiFragility: 49}, IQ: 56]
50s DecisionModule:ShowAllNetworks(): All detected networks:
       [Network #0, Technology = Wifi, Address = 02-06-00:00:00:00:00:02, { DataRate: 78, SignalStrength: 49, AntiFragility: 49}, IQ: 56]
       [Network #1, Technology = Wimax, Address = 02-06-00:00:00:00:00:04, { DataRate: 25, SignalStrength: 22, AntiFragility: 10}, IQ: 16]
50s DeviceModule:MoveRandom(): New position: (53, 55)
51s DeviceModule:MoveRandom(): New position: (53, 56)
52s DeviceModule:MoveRandom(): New position: (54, 56)
53s DeviceModule:MoveRandom(): New position: (54, 55)
54s DeviceModule:MoveRandom(): New position: (53, 55)
55s DeviceModule:MoveRandom(): New position: (54, 55)
56s DeviceModule:MoveRandom(): New position: (55, 55)
57s DeviceModule:MoveRandom(): New position: (55, 54)
58s DeviceModule:MoveRandom(): New position: (55, 53)
59s DeviceModule:MoveRandom(): New position: (56, 53)
60s DecisionModule:Run(): Run decision
60s DecisionModule:AnalyzingNetworks(): Current Network: 
       [Network #1, Technology = Wimax, Address = 02-06-00:00:00:00:00:04, { DataRate: 63, SignalStrength: 22, AntiFragility: 65}, IQ: 53]
60s DecisionModule:ShowAllNetworks(): All detected networks:
       [Network #1, Technology = Wimax, Address = 02-06-00:00:00:00:00:04, { DataRate: 63, SignalStrength: 22, AntiFragility: 65}, IQ: 53]
       [Network #0, Technology = Wifi, Address = 02-06-00:00:00:00:00:02, { DataRate: 51, SignalStrength: 87, AntiFragility: 29}, IQ: 49]
60s ExecutionModule:Run(): Decision time => Seconds: 0, Miliseconds: 136
60s ExecutionModule:Run(): Handover time => Seconds: 0, Miliseconds: 31
60s ExecutionModule:Run(): Event: Vertical Handover.
60s DeviceModule:MoveRandom(): New position: (55, 53)
61s DeviceModule:MoveRandom(): New position: (55, 54)
62s DeviceModule:MoveRandom(): New position: (55, 55)
63s DeviceModule:MoveRandom(): New position: (54, 55)
64s DeviceModule:MoveRandom(): New position: (53, 55)
65s DeviceModule:MoveRandom(): New position: (53, 54)
66s DeviceModule:MoveRandom(): New position: (54, 54)
67s DeviceModule:MoveRandom(): New position: (53, 54)
68s DeviceModule:MoveRandom(): New position: (53, 53)
69s DeviceModule:MoveRandom(): New position: (53, 52)
70s DecisionModule:Run(): Run decision
70s DecisionModule:AnalyzingNetworks(): Current Network: 
       [Network #1, Technology = Wimax, Address = 02-06-00:00:00:00:00:04, { DataRate: 79, SignalStrength: 70, AntiFragility: 43}, IQ: 58]
70s DecisionModule:ShowAllNetworks(): All detected networks:
       [Network #1, Technology = Wimax, Address = 02-06-00:00:00:00:00:04, { DataRate: 79, SignalStrength: 70, AntiFragility: 43}, IQ: 58]
       [Network #0, Technology = Wifi, Address = 02-06-00:00:00:00:00:02, { DataRate: 18, SignalStrength: 92, AntiFragility: 16}, IQ: 35]
70s DeviceModule:MoveRandom(): New position: (53, 53)
71s DeviceModule:MoveRandom(): New position: (53, 52)
72s DeviceModule:MoveRandom(): New position: (52, 52)
73s DeviceModule:MoveRandom(): New position: (51, 52)
74s DeviceModule:MoveRandom(): New position: (52, 52)
75s DeviceModule:MoveRandom(): New position: (52, 51)
76s DeviceModule:MoveRandom(): New position: (52, 50)
77s DeviceModule:MoveRandom(): New position: (52, 51)
78s DeviceModule:MoveRandom(): New position: (52, 50)
79s DeviceModule:MoveRandom(): New position: (52, 51)
80s DecisionModule:Run(): Run decision
80s DecisionModule:AnalyzingNetworks(): Current Network: 
       [Network #0, Technology = Wifi, Address = 02-06-00:00:00:00:00:02, { DataRate: 73, SignalStrength: 77, AntiFragility: 58}, IQ: 66]
80s DecisionModule:ShowAllNetworks(): All detected networks:
       [Network #0, Technology = Wifi, Address = 02-06-00:00:00:00:00:02, { DataRate: 73, SignalStrength: 77, AntiFragility: 58}, IQ: 66]
       [Network #1, Technology = Wimax, Address = 02-06-00:00:00:00:00:04, { DataRate: 18, SignalStrength: 58, AntiFragility: 26}, IQ: 32]
80s ExecutionModule:Run(): Decision time => Seconds: 0, Miliseconds: 137
80s ExecutionModule:Run(): Handover time => Seconds: 0, Miliseconds: 31
80s ExecutionModule:Run(): Event: Vertical Handover.
80s DeviceModule:MoveRandom(): New position: (51, 51)
81s DeviceModule:MoveRandom(): New position: (51, 52)
82s DeviceModule:MoveRandom(): New position: (51, 51)
83s DeviceModule:MoveRandom(): New position: (50, 51)
84s DeviceModule:MoveRandom(): New position: (49, 51)
85s DeviceModule:MoveRandom(): New position: (50, 51)
86s DeviceModule:MoveRandom(): New position: (50, 50)
87s DeviceModule:MoveRandom(): New position: (49, 50)
88s DeviceModule:MoveRandom(): New position: (49, 51)
89s DeviceModule:MoveRandom(): New position: (49, 52)
90s DecisionModule:Run(): Run decision
90s DecisionModule:AnalyzingNetworks(): Current Network: 
       [Network #1, Technology = Wimax, Address = 02-06-00:00:00:00:00:04, { DataRate: 29, SignalStrength: 83, AntiFragility: 84}, IQ: 70]
90s DecisionModule:ShowAllNetworks(): All detected networks:
       [Network #1, Technology = Wimax, Address = 02-06-00:00:00:00:00:04, { DataRate: 29, SignalStrength: 83, AntiFragility: 84}, IQ: 70]
       [Network #0, Technology = Wifi, Address = 02-06-00:00:00:00:00:02, { DataRate: 54, SignalStrength: 3, AntiFragility: 7}, IQ: 17]
90s ExecutionModule:Run(): Decision time => Seconds: 0, Miliseconds: 141
90s ExecutionModule:Run(): Handover time => Seconds: 0, Miliseconds: 31
90s ExecutionModule:Run(): Event: Vertical Handover.
90s DeviceModule:MoveRandom(): New position: (50, 52)
91s DeviceModule:MoveRandom(): New position: (49, 52)
92s DeviceModule:MoveRandom(): New position: (49, 53)
93s DeviceModule:MoveRandom(): New position: (48, 53)
94s DeviceModule:MoveRandom(): New position: (47, 53)
95s DeviceModule:MoveRandom(): New position: (46, 53)
96s DeviceModule:MoveRandom(): New position: (45, 53)
97s DeviceModule:MoveRandom(): New position: (45, 52)
98s DeviceModule:MoveRandom(): New position: (46, 52)
99s DeviceModule:MoveRandom(): New position: (46, 51)
100s DecisionModule:Run(): Run decision
100s DecisionModule:AnalyzingNetworks(): Current Network: 
       [Network #0, Technology = Wifi, Address = 02-06-00:00:00:00:00:02, { DataRate: 36, SignalStrength: 82, AntiFragility: 84}, IQ: 71]
100s DecisionModule:ShowAllNetworks(): All detected networks:
       [Network #0, Technology = Wifi, Address = 02-06-00:00:00:00:00:02, { DataRate: 36, SignalStrength: 82, AntiFragility: 84}, IQ: 71]
       [Network #1, Technology = Wimax, Address = 02-06-00:00:00:00:00:04, { DataRate: 71, SignalStrength: 87, AntiFragility: 19}, IQ: 49]
100s ExecutionModule:Run(): Decision time => Seconds: 0, Miliseconds: 157
100s ExecutionModule:Run(): Handover time => Seconds: 0, Miliseconds: 31
100s ExecutionModule:Run(): Event: Vertical Handover.
100s DeviceModule:MoveRandom(): New position: (46, 50)
101s DeviceModule:MoveRandom(): New position: (46, 51)
102s DeviceModule:MoveRandom(): New position: (46, 52)
103s DeviceModule:MoveRandom(): New position: (47, 52)
104s DeviceModule:MoveRandom(): New position: (47, 51)
105s DeviceModule:MoveRandom(): New position: (47, 50)
106s DeviceModule:MoveRandom(): New position: (47, 51)
107s DeviceModule:MoveRandom(): New position: (47, 52)
108s DeviceModule:MoveRandom(): New position: (47, 51)
109s DeviceModule:MoveRandom(): New position: (47, 50)
110s DecisionModule:Run(): Run decision
110s DecisionModule:AnalyzingNetworks(): Current Network: 
       [Network #1, Technology = Wimax, Address = 02-06-00:00:00:00:00:04, { DataRate: 88, SignalStrength: 86, AntiFragility: 4}, IQ: 45]
110s DecisionModule:ShowAllNetworks(): All detected networks:
       [Network #1, Technology = Wimax, Address = 02-06-00:00:00:00:00:04, { DataRate: 88, SignalStrength: 86, AntiFragility: 4}, IQ: 45]
       [Network #0, Technology = Wifi, Address = 02-06-00:00:00:00:00:02, { DataRate: 16, SignalStrength: 97, AntiFragility: 14}, IQ: 35]
110s ExecutionModule:Run(): Decision time => Seconds: 0, Miliseconds: 139
110s ExecutionModule:Run(): Handover time => Seconds: 0, Miliseconds: 31
110s ExecutionModule:Run(): Event: Vertical Handover.
110s DeviceModule:MoveRandom(): New position: (47, 49)
111s DeviceModule:MoveRandom(): New position: (46, 49)
112s DeviceModule:MoveRandom(): New position: (45, 49)
113s DeviceModule:MoveRandom(): New position: (45, 48)
114s DeviceModule:MoveRandom(): New position: (46, 48)
115s DeviceModule:MoveRandom(): New position: (47, 48)
116s DeviceModule:MoveRandom(): New position: (46, 48)
117s DeviceModule:MoveRandom(): New position: (46, 49)
118s DeviceModule:MoveRandom(): New position: (46, 48)
119s DeviceModule:MoveRandom(): New position: (45, 48)
120s DecisionModule:Run(): Run decision
120s DecisionModule:AnalyzingNetworks(): Current Network: 
       [Network #0, Technology = Wifi, Address = 02-06-00:00:00:00:00:02, { DataRate: 11, SignalStrength: 79, AntiFragility: 92}, IQ: 68]
120s DecisionModule:ShowAllNetworks(): All detected networks:
       [Network #0, Technology = Wifi, Address = 02-06-00:00:00:00:00:02, { DataRate: 11, SignalStrength: 79, AntiFragility: 92}, IQ: 68]
       [Network #1, Technology = Wimax, Address = 02-06-00:00:00:00:00:04, { DataRate: 14, SignalStrength: 51, AntiFragility: 80}, IQ: 56]
120s ExecutionModule:Run(): Decision time => Seconds: 0, Miliseconds: 138
120s ExecutionModule:Run(): Handover time => Seconds: 0, Miliseconds: 32
120s ExecutionModule:Run(): Event: Vertical Handover.
120s DeviceModule:MoveRandom(): New position: (46, 48)
121s DeviceModule:MoveRandom(): New position: (47, 48)
122s DeviceModule:MoveRandom(): New position: (46, 48)
123s DeviceModule:MoveRandom(): New position: (47, 48)
124s DeviceModule:MoveRandom(): New position: (48, 48)
125s DeviceModule:MoveRandom(): New position: (49, 48)
126s DeviceModule:MoveRandom(): New position: (50, 48)
127s DeviceModule:MoveRandom(): New position: (50, 47)
128s DeviceModule:MoveRandom(): New position: (49, 47)
129s DeviceModule:MoveRandom(): New position: (49, 46)
130s DecisionModule:Run(): Run decision
130s DecisionModule:AnalyzingNetworks(): Current Network: 
       [Network #0, Technology = Wifi, Address = 02-06-00:00:00:00:00:02, { DataRate: 68, SignalStrength: 82, AntiFragility: 56}, IQ: 65]
130s DecisionModule:ShowAllNetworks(): All detected networks:
       [Network #0, Technology = Wifi, Address = 02-06-00:00:00:00:00:02, { DataRate: 68, SignalStrength: 82, AntiFragility: 56}, IQ: 65]
       [Network #1, Technology = Wimax, Address = 02-06-00:00:00:00:00:04, { DataRate: 94, SignalStrength: 5, AntiFragility: 32}, IQ: 40]
130s DeviceModule:MoveRandom(): New position: (49, 45)
131s DeviceModule:MoveRandom(): New position: (49, 44)
132s DeviceModule:MoveRandom(): New position: (49, 45)
133s DeviceModule:MoveRandom(): New position: (50, 45)
134s DeviceModule:MoveRandom(): New position: (50, 44)
135s DeviceModule:MoveRandom(): New position: (51, 44)
136s DeviceModule:MoveRandom(): New position: (50, 44)
137s DeviceModule:MoveRandom(): New position: (50, 45)
138s DeviceModule:MoveRandom(): New position: (49, 45)
139s DeviceModule:MoveRandom(): New position: (49, 46)
140s DecisionModule:Run(): Run decision
140s DecisionModule:AnalyzingNetworks(): Current Network: 
       [Network #0, Technology = Wifi, Address = 02-06-00:00:00:00:00:02, { DataRate: 31, SignalStrength: 43, AntiFragility: 68}, IQ: 52]
140s DecisionModule:ShowAllNetworks(): All detected networks:
       [Network #0, Technology = Wifi, Address = 02-06-00:00:00:00:00:02, { DataRate: 31, SignalStrength: 43, AntiFragility: 68}, IQ: 52]
       [Network #1, Technology = Wimax, Address = 02-06-00:00:00:00:00:04, { DataRate: 20, SignalStrength: 13, AntiFragility: 80}, IQ: 48]
140s DeviceModule:MoveRandom(): New position: (50, 46)
141s DeviceModule:MoveRandom(): New position: (50, 47)
142s DeviceModule:MoveRandom(): New position: (49, 47)
143s DeviceModule:MoveRandom(): New position: (49, 48)
144s DeviceModule:MoveRandom(): New position: (49, 49)
145s DeviceModule:MoveRandom(): New position: (49, 48)
146s DeviceModule:MoveRandom(): New position: (50, 48)
147s DeviceModule:MoveRandom(): New position: (49, 48)
148s DeviceModule:MoveRandom(): New position: (48, 48)
149s DeviceModule:MoveRandom(): New position: (47, 48)
150s DecisionModule:Run(): Run decision
150s DecisionModule:AnalyzingNetworks(): Current Network: 
       [Network #0, Technology = Wifi, Address = 02-06-00:00:00:00:00:02, { DataRate: 49, SignalStrength: 54, AntiFragility: 83}, IQ: 67]
150s DecisionModule:ShowAllNetworks(): All detected networks:
       [Network #0, Technology = Wifi, Address = 02-06-00:00:00:00:00:02, { DataRate: 49, SignalStrength: 54, AntiFragility: 83}, IQ: 67]
       [Network #1, Technology = Wimax, Address = 02-06-00:00:00:00:00:04, { DataRate: 34, SignalStrength: 82, AntiFragility: 41}, IQ: 49]
150s DeviceModule:MoveRandom(): New position: (48, 48)
151s DeviceModule:MoveRandom(): New position: (49, 48)
152s DeviceModule:MoveRandom(): New position: (50, 48)
153s DeviceModule:MoveRandom(): New position: (51, 48)
154s DeviceModule:MoveRandom(): New position: (51, 49)
155s DeviceModule:MoveRandom(): New position: (52, 49)
156s DeviceModule:MoveRandom(): New position: (51, 49)
157s DeviceModule:MoveRandom(): New position: (51, 50)
158s DeviceModule:MoveRandom(): New position: (52, 50)
159s DeviceModule:MoveRandom(): New position: (52, 49)
160s DecisionModule:Run(): Run decision
160s DecisionModule:AnalyzingNetworks(): Current Network: 
       [Network #0, Technology = Wifi, Address = 02-06-00:00:00:00:00:02, { DataRate: 38, SignalStrength: 18, AntiFragility: 72}, IQ: 50]
160s DecisionModule:ShowAllNetworks(): All detected networks:
       [Network #0, Technology = Wifi, Address = 02-06-00:00:00:00:00:02, { DataRate: 38, SignalStrength: 18, AntiFragility: 72}, IQ: 50]
       [Network #1, Technology = Wimax, Address = 02-06-00:00:00:00:00:04, { DataRate: 74, SignalStrength: 66, AntiFragility: 16}, IQ: 43]
160s DeviceModule:MoveRandom(): New position: (53, 49)
161s DeviceModule:MoveRandom(): New position: (54, 49)
162s DeviceModule:MoveRandom(): New position: (55, 49)
163s DeviceModule:MoveRandom(): New position: (54, 49)
164s DeviceModule:MoveRandom(): New position: (54, 48)
165s DeviceModule:MoveRandom(): New position: (55, 48)
166s DeviceModule:MoveRandom(): New position: (55, 49)
167s DeviceModule:MoveRandom(): New position: (56, 49)
168s DeviceModule:MoveRandom(): New position: (56, 48)
169s DeviceModule:MoveRandom(): New position: (56, 47)
170s DecisionModule:Run(): Run decision
170s DecisionModule:AnalyzingNetworks(): Current Network: 
       [Network #1, Technology = Wimax, Address = 02-06-00:00:00:00:00:04, { DataRate: 93, SignalStrength: 61, AntiFragility: 3}, IQ: 40]
170s DecisionModule:ShowAllNetworks(): All detected networks:
       [Network #1, Technology = Wimax, Address = 02-06-00:00:00:00:00:04, { DataRate: 93, SignalStrength: 61, AntiFragility: 3}, IQ: 40]
       [Network #0, Technology = Wifi, Address = 02-06-00:00:00:00:00:02, { DataRate: 98, SignalStrength: 36, AntiFragility: 11}, IQ: 39]
170s ExecutionModule:Run(): Decision time => Seconds: 0, Miliseconds: 130
170s ExecutionModule:Run(): Handover time => Seconds: 0, Miliseconds: 31
170s ExecutionModule:Run(): Event: Vertical Handover.
170s DeviceModule:MoveRandom(): New position: (56, 46)
171s DeviceModule:MoveRandom(): New position: (56, 45)
172s DeviceModule:MoveRandom(): New position: (55, 45)
173s DeviceModule:MoveRandom(): New position: (54, 45)
174s DeviceModule:MoveRandom(): New position: (54, 46)
175s DeviceModule:MoveRandom(): New position: (54, 47)
176s DeviceModule:MoveRandom(): New position: (54, 48)
177s DeviceModule:MoveRandom(): New position: (55, 48)
178s DeviceModule:MoveRandom(): New position: (55, 49)
179s DeviceModule:MoveRandom(): New position: (55, 50)
180s DecisionModule:Run(): Run decision
180s DecisionModule:AnalyzingNetworks(): Current Network: 
       [Network #1, Technology = Wimax, Address = 02-06-00:00:00:00:00:04, { DataRate: 48, SignalStrength: 83, AntiFragility: 37}, IQ: 51]
180s DecisionModule:ShowAllNetworks(): All detected networks:
       [Network #1, Technology = Wimax, Address = 02-06-00:00:00:00:00:04, { DataRate: 48, SignalStrength: 83, AntiFragility: 37}, IQ: 51]
       [Network #0, Technology = Wifi, Address = 02-06-00:00:00:00:00:02, { DataRate: 16, SignalStrength: 10, AntiFragility: 74}, IQ: 43]
180s DeviceModule:MoveRandom(): New position: (55, 51)
181s DeviceModule:MoveRandom(): New position: (55, 50)
182s DeviceModule:MoveRandom(): New position: (55, 49)
183s DeviceModule:MoveRandom(): New position: (55, 48)
184s DeviceModule:MoveRandom(): New position: (54, 48)
185s DeviceModule:MoveRandom(): New position: (55, 48)
186s DeviceModule:MoveRandom(): New position: (55, 47)
187s DeviceModule:MoveRandom(): New position: (55, 46)
188s DeviceModule:MoveRandom(): New position: (56, 46)
189s DeviceModule:MoveRandom(): New position: (57, 46)
190s DecisionModule:Run(): Run decision
190s DecisionModule:AnalyzingNetworks(): Current Network: 
       [Network #1, Technology = Wimax, Address = 02-06-00:00:00:00:00:04, { DataRate: 67, SignalStrength: 19, AntiFragility: 67}, IQ: 55]
190s DecisionModule:ShowAllNetworks(): All detected networks:
       [Network #1, Technology = Wimax, Address = 02-06-00:00:00:00:00:04, { DataRate: 67, SignalStrength: 19, AntiFragility: 67}, IQ: 55]
       [Network #0, Technology = Wifi, Address = 02-06-00:00:00:00:00:02, { DataRate: 7, SignalStrength: 37, AntiFragility: 79}, IQ: 50]
190s DeviceModule:MoveRandom(): New position: (57, 45)
191s DeviceModule:MoveRandom(): New position: (56, 45)
192s DeviceModule:MoveRandom(): New position: (56, 46)
193s DeviceModule:MoveRandom(): New position: (56, 45)
194s DeviceModule:MoveRandom(): New position: (55, 45)
195s DeviceModule:MoveRandom(): New position: (55, 44)
196s DeviceModule:MoveRandom(): New position: (56, 44)
197s DeviceModule:MoveRandom(): New position: (56, 45)
198s DeviceModule:MoveRandom(): New position: (56, 46)
199s DeviceModule:MoveRandom(): New position: (55, 46)
