Waf: Entering directory `/home/renan/Documents/NR2/ns-allinone-3.20/ns-3.20/build'
Waf: Leaving directory `/home/renan/Documents/NR2/ns-allinone-3.20/ns-3.20/build'
'build' finished successfully (1.919s)
0s NetworkModule:SetPosition(): Network 0 set position => (96, 26)
0s NetworkModule:SetRange(): Network 0 set range => 100
0s NetworkModule:SetPosition(): Network 1 set position => (82, 71)
0s NetworkModule:SetRange(): Network 1 set range => 100
0s DeviceModule:ConfigureMobility(): Device [init x = 50, init y = 50, max = 100, velocity = 1]
1s DeviceModule:MoveRandom(): New position: (50, 51)
1s DecisionModule:AddNetworkToList(): Network detected
1s DecisionModule:AddNetworkToList(): Network detected
2s DeviceModule:MoveRandom(): New position: (50, 52)
3s DeviceModule:MoveRandom(): New position: (49, 52)
4s DeviceModule:MoveRandom(): New position: (50, 52)
5s DeviceModule:MoveRandom(): New position: (51, 52)
6s DeviceModule:MoveRandom(): New position: (51, 53)
7s DeviceModule:MoveRandom(): New position: (51, 54)
8s DeviceModule:MoveRandom(): New position: (52, 54)
9s DeviceModule:MoveRandom(): New position: (53, 54)
10s DecisionModule:Run(): Run decision
10s DecisionModule:AnalyzingNetworks(): Current Network: 
       [Network #1, Technology = Wimax, Address = 02-06-00:00:00:00:00:04, { DataRate: 7, SignalStrength: 75, AntiFragility: 80}, IQ: 60]
10s DecisionModule:ShowAllNetworks(): All detected networks:
       [Network #1, Technology = Wimax, Address = 02-06-00:00:00:00:00:04, { DataRate: 7, SignalStrength: 75, AntiFragility: 80}, IQ: 60]
       [Network #0, Technology = Wifi, Address = 02-06-00:00:00:00:00:02, { DataRate: 48, SignalStrength: 47, AntiFragility: 11}, IQ: 29]
10s DeviceModule:MoveRandom(): New position: (53, 55)
11s DeviceModule:MoveRandom(): New position: (53, 54)
12s DeviceModule:MoveRandom(): New position: (52, 54)
13s DeviceModule:MoveRandom(): New position: (52, 55)
14s DeviceModule:MoveRandom(): New position: (53, 55)
15s DeviceModule:MoveRandom(): New position: (53, 56)
16s DeviceModule:MoveRandom(): New position: (54, 56)
17s DeviceModule:MoveRandom(): New position: (53, 56)
18s DeviceModule:MoveRandom(): New position: (54, 56)
19s DeviceModule:MoveRandom(): New position: (54, 57)
20s DecisionModule:Run(): Run decision
20s DecisionModule:AnalyzingNetworks(): Current Network: 
       [Network #1, Technology = Wimax, Address = 02-06-00:00:00:00:00:04, { DataRate: 65, SignalStrength: 25, AntiFragility: 93}, IQ: 69]
20s DecisionModule:ShowAllNetworks(): All detected networks:
       [Network #1, Technology = Wimax, Address = 02-06-00:00:00:00:00:04, { DataRate: 65, SignalStrength: 25, AntiFragility: 93}, IQ: 69]
       [Network #0, Technology = Wifi, Address = 02-06-00:00:00:00:00:02, { DataRate: 27, SignalStrength: 20, AntiFragility: 62}, IQ: 42]
20s DeviceModule:MoveRandom(): New position: (54, 56)
21s DeviceModule:MoveRandom(): New position: (53, 56)
22s DeviceModule:MoveRandom(): New position: (53, 55)
23s DeviceModule:MoveRandom(): New position: (53, 56)
24s DeviceModule:MoveRandom(): New position: (52, 56)
25s DeviceModule:MoveRandom(): New position: (53, 56)
26s DeviceModule:MoveRandom(): New position: (54, 56)
27s DeviceModule:MoveRandom(): New position: (54, 55)
28s DeviceModule:MoveRandom(): New position: (54, 56)
29s DeviceModule:MoveRandom(): New position: (54, 57)
30s DecisionModule:Run(): Run decision
30s DecisionModule:AnalyzingNetworks(): Current Network: 
       [Network #0, Technology = Wifi, Address = 02-06-00:00:00:00:00:02, { DataRate: 63, SignalStrength: 52, AntiFragility: 90}, IQ: 73]
30s DecisionModule:ShowAllNetworks(): All detected networks:
       [Network #0, Technology = Wifi, Address = 02-06-00:00:00:00:00:02, { DataRate: 63, SignalStrength: 52, AntiFragility: 90}, IQ: 73]
       [Network #1, Technology = Wimax, Address = 02-06-00:00:00:00:00:04, { DataRate: 40, SignalStrength: 3, AntiFragility: 59}, IQ: 40]
30s ExecutionModule:Run(): Decision time => Seconds: 0, Miliseconds: 149
30s ExecutionModule:Run(): Handover time => Seconds: 0, Miliseconds: 271
30s ExecutionModule:Run(): Event: Vertical Handover.
30s DeviceModule:MoveRandom(): New position: (55, 57)
31s DeviceModule:MoveRandom(): New position: (55, 58)
32s DeviceModule:MoveRandom(): New position: (54, 58)
33s DeviceModule:MoveRandom(): New position: (54, 59)
34s DeviceModule:MoveRandom(): New position: (55, 59)
35s DeviceModule:MoveRandom(): New position: (55, 58)
36s DeviceModule:MoveRandom(): New position: (55, 59)
37s DeviceModule:MoveRandom(): New position: (54, 59)
38s DeviceModule:MoveRandom(): New position: (55, 59)
39s DeviceModule:MoveRandom(): New position: (55, 60)
40s DecisionModule:Run(): Run decision
40s DecisionModule:AnalyzingNetworks(): Current Network: 
       [Network #0, Technology = Wifi, Address = 02-06-00:00:00:00:00:02, { DataRate: 50, SignalStrength: 40, AntiFragility: 61}, IQ: 53]
40s DecisionModule:ShowAllNetworks(): All detected networks:
       [Network #0, Technology = Wifi, Address = 02-06-00:00:00:00:00:02, { DataRate: 50, SignalStrength: 40, AntiFragility: 61}, IQ: 53]
       [Network #1, Technology = Wimax, Address = 02-06-00:00:00:00:00:04, { DataRate: 34, SignalStrength: 30, AntiFragility: 39}, IQ: 35]
40s DeviceModule:MoveRandom(): New position: (55, 59)
41s DeviceModule:MoveRandom(): New position: (55, 60)
42s DeviceModule:MoveRandom(): New position: (54, 60)
43s DeviceModule:MoveRandom(): New position: (54, 61)
44s DeviceModule:MoveRandom(): New position: (54, 62)
45s DeviceModule:MoveRandom(): New position: (54, 63)
46s DeviceModule:MoveRandom(): New position: (55, 63)
47s DeviceModule:MoveRandom(): New position: (55, 64)
48s DeviceModule:MoveRandom(): New position: (54, 64)
49s DeviceModule:MoveRandom(): New position: (53, 64)
50s DecisionModule:Run(): Run decision
50s DecisionModule:AnalyzingNetworks(): Current Network: 
       [Network #1, Technology = Wimax, Address = 02-06-00:00:00:00:00:04, { DataRate: 89, SignalStrength: 37, AntiFragility: 75}, IQ: 69]
50s DecisionModule:ShowAllNetworks(): All detected networks:
       [Network #1, Technology = Wimax, Address = 02-06-00:00:00:00:00:04, { DataRate: 89, SignalStrength: 37, AntiFragility: 75}, IQ: 69]
       [Network #0, Technology = Wifi, Address = 02-06-00:00:00:00:00:02, { DataRate: 92, SignalStrength: 87, AntiFragility: 5}, IQ: 47]
50s ExecutionModule:Run(): Decision time => Seconds: 0, Miliseconds: 140
50s ExecutionModule:Run(): Handover time => Seconds: 0, Miliseconds: 44
50s ExecutionModule:Run(): Event: Vertical Handover.
50s DeviceModule:MoveRandom(): New position: (54, 64)
51s DeviceModule:MoveRandom(): New position: (54, 65)
52s DeviceModule:MoveRandom(): New position: (54, 64)
53s DeviceModule:MoveRandom(): New position: (54, 65)
54s DeviceModule:MoveRandom(): New position: (55, 65)
55s DeviceModule:MoveRandom(): New position: (55, 66)
56s DeviceModule:MoveRandom(): New position: (54, 66)
57s DeviceModule:MoveRandom(): New position: (55, 66)
58s DeviceModule:MoveRandom(): New position: (56, 66)
59s DeviceModule:MoveRandom(): New position: (57, 66)
60s DecisionModule:Run(): Run decision
60s DecisionModule:AnalyzingNetworks(): Current Network: 
       [Network #0, Technology = Wifi, Address = 02-06-00:00:00:00:00:02, { DataRate: 90, SignalStrength: 47, AntiFragility: 34}, IQ: 51]
60s DecisionModule:ShowAllNetworks(): All detected networks:
       [Network #0, Technology = Wifi, Address = 02-06-00:00:00:00:00:02, { DataRate: 90, SignalStrength: 47, AntiFragility: 34}, IQ: 51]
       [Network #1, Technology = Wimax, Address = 02-06-00:00:00:00:00:04, { DataRate: 41, SignalStrength: 52, AntiFragility: 8}, IQ: 27]
60s ExecutionModule:Run(): Decision time => Seconds: 0, Miliseconds: 140
60s ExecutionModule:Run(): Handover time => Seconds: 0, Miliseconds: 31
60s ExecutionModule:Run(): Event: Vertical Handover.
60s DeviceModule:MoveRandom(): New position: (57, 65)
61s DeviceModule:MoveRandom(): New position: (56, 65)
62s DeviceModule:MoveRandom(): New position: (57, 65)
63s DeviceModule:MoveRandom(): New position: (57, 66)
64s DeviceModule:MoveRandom(): New position: (57, 65)
65s DeviceModule:MoveRandom(): New position: (57, 66)
66s DeviceModule:MoveRandom(): New position: (57, 65)
67s DeviceModule:MoveRandom(): New position: (56, 65)
68s DeviceModule:MoveRandom(): New position: (57, 65)
69s DeviceModule:MoveRandom(): New position: (58, 65)
70s DecisionModule:Run(): Run decision
70s DecisionModule:AnalyzingNetworks(): Current Network: 
       [Network #1, Technology = Wimax, Address = 02-06-00:00:00:00:00:04, { DataRate: 28, SignalStrength: 39, AntiFragility: 76}, IQ: 54]
70s DecisionModule:ShowAllNetworks(): All detected networks:
       [Network #1, Technology = Wimax, Address = 02-06-00:00:00:00:00:04, { DataRate: 28, SignalStrength: 39, AntiFragility: 76}, IQ: 54]
       [Network #0, Technology = Wifi, Address = 02-06-00:00:00:00:00:02, { DataRate: 14, SignalStrength: 38, AntiFragility: 79}, IQ: 52]
70s ExecutionModule:Run(): Decision time => Seconds: 0, Miliseconds: 142
70s ExecutionModule:Run(): Handover time => Seconds: 0, Miliseconds: 31
70s ExecutionModule:Run(): Event: Vertical Handover.
70s DeviceModule:MoveRandom(): New position: (57, 65)
71s DeviceModule:MoveRandom(): New position: (57, 66)
72s DeviceModule:MoveRandom(): New position: (58, 66)
73s DeviceModule:MoveRandom(): New position: (59, 66)
74s DeviceModule:MoveRandom(): New position: (59, 67)
75s DeviceModule:MoveRandom(): New position: (60, 67)
76s DeviceModule:MoveRandom(): New position: (61, 67)
77s DeviceModule:MoveRandom(): New position: (61, 68)
78s DeviceModule:MoveRandom(): New position: (62, 68)
79s DeviceModule:MoveRandom(): New position: (62, 69)
80s DecisionModule:Run(): Run decision
80s DecisionModule:AnalyzingNetworks(): Current Network: 
       [Network #0, Technology = Wifi, Address = 02-06-00:00:00:00:00:02, { DataRate: 52, SignalStrength: 12, AntiFragility: 93}, IQ: 62]
80s DecisionModule:ShowAllNetworks(): All detected networks:
       [Network #0, Technology = Wifi, Address = 02-06-00:00:00:00:00:02, { DataRate: 52, SignalStrength: 12, AntiFragility: 93}, IQ: 62]
       [Network #1, Technology = Wimax, Address = 02-06-00:00:00:00:00:04, { DataRate: 3, SignalStrength: 12, AntiFragility: 16}, IQ: 11]
80s ExecutionModule:Run(): Decision time => Seconds: 0, Miliseconds: 143
80s ExecutionModule:Run(): Handover time => Seconds: 0, Miliseconds: 30
80s ExecutionModule:Run(): Event: Vertical Handover.
80s DeviceModule:MoveRandom(): New position: (62, 68)
81s DeviceModule:MoveRandom(): New position: (61, 68)
82s DeviceModule:MoveRandom(): New position: (61, 67)
83s DeviceModule:MoveRandom(): New position: (61, 66)
84s DeviceModule:MoveRandom(): New position: (61, 65)
85s DeviceModule:MoveRandom(): New position: (61, 64)
86s DeviceModule:MoveRandom(): New position: (61, 63)
87s DeviceModule:MoveRandom(): New position: (61, 64)
88s DeviceModule:MoveRandom(): New position: (61, 63)
89s DeviceModule:MoveRandom(): New position: (61, 64)
90s DecisionModule:Run(): Run decision
90s DecisionModule:AnalyzingNetworks(): Current Network: 
       [Network #1, Technology = Wimax, Address = 02-06-00:00:00:00:00:04, { DataRate: 50, SignalStrength: 97, AntiFragility: 21}, IQ: 47]
90s DecisionModule:ShowAllNetworks(): All detected networks:
       [Network #1, Technology = Wimax, Address = 02-06-00:00:00:00:00:04, { DataRate: 50, SignalStrength: 97, AntiFragility: 21}, IQ: 47]
       [Network #0, Technology = Wifi, Address = 02-06-00:00:00:00:00:02, { DataRate: 29, SignalStrength: 3, AntiFragility: 41}, IQ: 28]
90s ExecutionModule:Run(): Decision time => Seconds: 0, Miliseconds: 142
90s ExecutionModule:Run(): Handover time => Seconds: 0, Miliseconds: 31
90s ExecutionModule:Run(): Event: Vertical Handover.
90s DeviceModule:MoveRandom(): New position: (62, 64)
91s DeviceModule:MoveRandom(): New position: (61, 64)
92s DeviceModule:MoveRandom(): New position: (62, 64)
93s DeviceModule:MoveRandom(): New position: (61, 64)
94s DeviceModule:MoveRandom(): New position: (60, 64)
95s DeviceModule:MoveRandom(): New position: (61, 64)
96s DeviceModule:MoveRandom(): New position: (62, 64)
97s DeviceModule:MoveRandom(): New position: (62, 65)
98s DeviceModule:MoveRandom(): New position: (61, 65)
99s DeviceModule:MoveRandom(): New position: (60, 65)
100s DecisionModule:Run(): Run decision
100s DecisionModule:AnalyzingNetworks(): Current Network: 
       [Network #0, Technology = Wifi, Address = 02-06-00:00:00:00:00:02, { DataRate: 75, SignalStrength: 75, AntiFragility: 32}, IQ: 53]
100s DecisionModule:ShowAllNetworks(): All detected networks:
       [Network #0, Technology = Wifi, Address = 02-06-00:00:00:00:00:02, { DataRate: 75, SignalStrength: 75, AntiFragility: 32}, IQ: 53]
       [Network #1, Technology = Wimax, Address = 02-06-00:00:00:00:00:04, { DataRate: 6, SignalStrength: 63, AntiFragility: 12}, IQ: 23]
100s ExecutionModule:Run(): Decision time => Seconds: 0, Miliseconds: 140
100s ExecutionModule:Run(): Handover time => Seconds: 0, Miliseconds: 30
100s ExecutionModule:Run(): Event: Vertical Handover.
100s DeviceModule:MoveRandom(): New position: (59, 65)
101s DeviceModule:MoveRandom(): New position: (60, 65)
102s DeviceModule:MoveRandom(): New position: (60, 66)
103s DeviceModule:MoveRandom(): New position: (60, 65)
104s DeviceModule:MoveRandom(): New position: (61, 65)
105s DeviceModule:MoveRandom(): New position: (61, 66)
106s DeviceModule:MoveRandom(): New position: (62, 66)
107s DeviceModule:MoveRandom(): New position: (62, 65)
108s DeviceModule:MoveRandom(): New position: (61, 65)
109s DeviceModule:MoveRandom(): New position: (61, 64)
110s DecisionModule:Run(): Run decision
110s DecisionModule:AnalyzingNetworks(): Current Network: 
       [Network #0, Technology = Wifi, Address = 02-06-00:00:00:00:00:02, { DataRate: 11, SignalStrength: 7, AntiFragility: 82}, IQ: 45]
110s DecisionModule:ShowAllNetworks(): All detected networks:
       [Network #0, Technology = Wifi, Address = 02-06-00:00:00:00:00:02, { DataRate: 11, SignalStrength: 7, AntiFragility: 82}, IQ: 45]
       [Network #1, Technology = Wimax, Address = 02-06-00:00:00:00:00:04, { DataRate: 32, SignalStrength: 82, AntiFragility: 30}, IQ: 43]
110s DeviceModule:MoveRandom(): New position: (61, 65)
111s DeviceModule:MoveRandom(): New position: (61, 66)
112s DeviceModule:MoveRandom(): New position: (61, 65)
113s DeviceModule:MoveRandom(): New position: (61, 64)
114s DeviceModule:MoveRandom(): New position: (61, 65)
115s DeviceModule:MoveRandom(): New position: (61, 66)
116s DeviceModule:MoveRandom(): New position: (62, 66)
117s DeviceModule:MoveRandom(): New position: (62, 67)
118s DeviceModule:MoveRandom(): New position: (62, 66)
119s DeviceModule:MoveRandom(): New position: (62, 67)
120s DecisionModule:Run(): Run decision
120s DecisionModule:AnalyzingNetworks(): Current Network: 
       [Network #0, Technology = Wifi, Address = 02-06-00:00:00:00:00:02, { DataRate: 51, SignalStrength: 76, AntiFragility: 86}, IQ: 74]
120s DecisionModule:ShowAllNetworks(): All detected networks:
       [Network #0, Technology = Wifi, Address = 02-06-00:00:00:00:00:02, { DataRate: 51, SignalStrength: 76, AntiFragility: 86}, IQ: 74]
       [Network #1, Technology = Wimax, Address = 02-06-00:00:00:00:00:04, { DataRate: 23, SignalStrength: 95, AntiFragility: 72}, IQ: 65]
120s DeviceModule:MoveRandom(): New position: (63, 67)
121s DeviceModule:MoveRandom(): New position: (64, 67)
122s DeviceModule:MoveRandom(): New position: (64, 68)
123s DeviceModule:MoveRandom(): New position: (64, 67)
124s DeviceModule:MoveRandom(): New position: (64, 68)
125s DeviceModule:MoveRandom(): New position: (65, 68)
126s DeviceModule:MoveRandom(): New position: (64, 68)
127s DeviceModule:MoveRandom(): New position: (65, 68)
128s DeviceModule:MoveRandom(): New position: (64, 68)
129s DeviceModule:MoveRandom(): New position: (65, 68)
130s DecisionModule:Run(): Run decision
130s DecisionModule:AnalyzingNetworks(): Current Network: 
       [Network #0, Technology = Wifi, Address = 02-06-00:00:00:00:00:02, { DataRate: 82, SignalStrength: 35, AntiFragility: 35}, IQ: 46]
130s DecisionModule:ShowAllNetworks(): All detected networks:
       [Network #0, Technology = Wifi, Address = 02-06-00:00:00:00:00:02, { DataRate: 82, SignalStrength: 35, AntiFragility: 35}, IQ: 46]
       [Network #1, Technology = Wimax, Address = 02-06-00:00:00:00:00:04, { DataRate: 60, SignalStrength: 17, AntiFragility: 48}, IQ: 43]
130s DeviceModule:MoveRandom(): New position: (66, 68)
131s DeviceModule:MoveRandom(): New position: (65, 68)
132s DeviceModule:MoveRandom(): New position: (65, 69)
133s DeviceModule:MoveRandom(): New position: (64, 69)
134s DeviceModule:MoveRandom(): New position: (64, 68)
135s DeviceModule:MoveRandom(): New position: (63, 68)
136s DeviceModule:MoveRandom(): New position: (62, 68)
137s DeviceModule:MoveRandom(): New position: (62, 69)
138s DeviceModule:MoveRandom(): New position: (63, 69)
139s DeviceModule:MoveRandom(): New position: (64, 69)
140s DecisionModule:Run(): Run decision
140s DecisionModule:AnalyzingNetworks(): Current Network: 
       [Network #0, Technology = Wifi, Address = 02-06-00:00:00:00:00:02, { DataRate: 18, SignalStrength: 26, AntiFragility: 68}, IQ: 45]
140s DecisionModule:ShowAllNetworks(): All detected networks:
       [Network #0, Technology = Wifi, Address = 02-06-00:00:00:00:00:02, { DataRate: 18, SignalStrength: 26, AntiFragility: 68}, IQ: 45]
       [Network #1, Technology = Wimax, Address = 02-06-00:00:00:00:00:04, { DataRate: 16, SignalStrength: 92, AntiFragility: 33}, IQ: 43]
140s DeviceModule:MoveRandom(): New position: (63, 69)
141s DeviceModule:MoveRandom(): New position: (63, 70)
142s DeviceModule:MoveRandom(): New position: (64, 70)
143s DeviceModule:MoveRandom(): New position: (64, 71)
144s DeviceModule:MoveRandom(): New position: (64, 70)
145s DeviceModule:MoveRandom(): New position: (63, 70)
146s DeviceModule:MoveRandom(): New position: (63, 69)
147s DeviceModule:MoveRandom(): New position: (64, 69)
148s DeviceModule:MoveRandom(): New position: (64, 68)
149s DeviceModule:MoveRandom(): New position: (64, 67)
150s DecisionModule:Run(): Run decision
150s DecisionModule:AnalyzingNetworks(): Current Network: 
       [Network #0, Technology = Wifi, Address = 02-06-00:00:00:00:00:02, { DataRate: 60, SignalStrength: 88, AntiFragility: 87}, IQ: 80]
150s DecisionModule:ShowAllNetworks(): All detected networks:
       [Network #0, Technology = Wifi, Address = 02-06-00:00:00:00:00:02, { DataRate: 60, SignalStrength: 88, AntiFragility: 87}, IQ: 80]
       [Network #1, Technology = Wimax, Address = 02-06-00:00:00:00:00:04, { DataRate: 25, SignalStrength: 51, AntiFragility: 70}, IQ: 54]
150s DeviceModule:MoveRandom(): New position: (64, 66)
151s DeviceModule:MoveRandom(): New position: (64, 67)
152s DeviceModule:MoveRandom(): New position: (65, 67)
153s DeviceModule:MoveRandom(): New position: (65, 68)
154s DeviceModule:MoveRandom(): New position: (65, 69)
155s DeviceModule:MoveRandom(): New position: (66, 69)
156s DeviceModule:MoveRandom(): New position: (65, 69)
157s DeviceModule:MoveRandom(): New position: (65, 70)
158s DeviceModule:MoveRandom(): New position: (66, 70)
159s DeviceModule:MoveRandom(): New position: (66, 69)
160s DecisionModule:Run(): Run decision
160s DecisionModule:AnalyzingNetworks(): Current Network: 
       [Network #1, Technology = Wimax, Address = 02-06-00:00:00:00:00:04, { DataRate: 56, SignalStrength: 28, AntiFragility: 54}, IQ: 48]
160s DecisionModule:ShowAllNetworks(): All detected networks:
       [Network #1, Technology = Wimax, Address = 02-06-00:00:00:00:00:04, { DataRate: 56, SignalStrength: 28, AntiFragility: 54}, IQ: 48]
       [Network #0, Technology = Wifi, Address = 02-06-00:00:00:00:00:02, { DataRate: 63, SignalStrength: 96, AntiFragility: 16}, IQ: 47]
160s ExecutionModule:Run(): Decision time => Seconds: 0, Miliseconds: 142
160s ExecutionModule:Run(): Handover time => Seconds: 0, Miliseconds: 31
160s ExecutionModule:Run(): Event: Vertical Handover.
160s DeviceModule:MoveRandom(): New position: (66, 68)
161s DeviceModule:MoveRandom(): New position: (65, 68)
162s DeviceModule:MoveRandom(): New position: (64, 68)
163s DeviceModule:MoveRandom(): New position: (63, 68)
164s DeviceModule:MoveRandom(): New position: (62, 68)
165s DeviceModule:MoveRandom(): New position: (63, 68)
166s DeviceModule:MoveRandom(): New position: (64, 68)
167s DeviceModule:MoveRandom(): New position: (65, 68)
168s DeviceModule:MoveRandom(): New position: (65, 69)
169s DeviceModule:MoveRandom(): New position: (65, 68)
170s DecisionModule:Run(): Run decision
170s DecisionModule:AnalyzingNetworks(): Current Network: 
       [Network #1, Technology = Wimax, Address = 02-06-00:00:00:00:00:04, { DataRate: 63, SignalStrength: 42, AntiFragility: 75}, IQ: 63]
170s DecisionModule:ShowAllNetworks(): All detected networks:
       [Network #1, Technology = Wimax, Address = 02-06-00:00:00:00:00:04, { DataRate: 63, SignalStrength: 42, AntiFragility: 75}, IQ: 63]
       [Network #0, Technology = Wifi, Address = 02-06-00:00:00:00:00:02, { DataRate: 54, SignalStrength: 45, AntiFragility: 44}, IQ: 46]
170s DeviceModule:MoveRandom(): New position: (65, 69)
171s DeviceModule:MoveRandom(): New position: (66, 69)
172s DeviceModule:MoveRandom(): New position: (65, 69)
173s DeviceModule:MoveRandom(): New position: (64, 69)
174s DeviceModule:MoveRandom(): New position: (65, 69)
175s DeviceModule:MoveRandom(): New position: (66, 69)
176s DeviceModule:MoveRandom(): New position: (66, 68)
177s DeviceModule:MoveRandom(): New position: (66, 69)
178s DeviceModule:MoveRandom(): New position: (66, 70)
179s DeviceModule:MoveRandom(): New position: (66, 71)
180s DecisionModule:Run(): Run decision
180s DecisionModule:AnalyzingNetworks(): Current Network: 
       [Network #1, Technology = Wimax, Address = 02-06-00:00:00:00:00:04, { DataRate: 65, SignalStrength: 27, AntiFragility: 95}, IQ: 70]
180s DecisionModule:ShowAllNetworks(): All detected networks:
       [Network #1, Technology = Wimax, Address = 02-06-00:00:00:00:00:04, { DataRate: 65, SignalStrength: 27, AntiFragility: 95}, IQ: 70]
       [Network #0, Technology = Wifi, Address = 02-06-00:00:00:00:00:02, { DataRate: 34, SignalStrength: 22, AntiFragility: 58}, IQ: 43]
180s DeviceModule:MoveRandom(): New position: (65, 71)
181s DeviceModule:MoveRandom(): New position: (65, 70)
182s DeviceModule:MoveRandom(): New position: (66, 70)
183s DeviceModule:MoveRandom(): New position: (66, 69)
184s DeviceModule:MoveRandom(): New position: (67, 69)
185s DeviceModule:MoveRandom(): New position: (67, 68)
186s DeviceModule:MoveRandom(): New position: (66, 68)
187s DeviceModule:MoveRandom(): New position: (65, 68)
188s DeviceModule:MoveRandom(): New position: (64, 68)
189s DeviceModule:MoveRandom(): New position: (63, 68)
190s DecisionModule:Run(): Run decision
190s DecisionModule:AnalyzingNetworks(): Current Network: 
       [Network #0, Technology = Wifi, Address = 02-06-00:00:00:00:00:02, { DataRate: 35, SignalStrength: 5, AntiFragility: 91}, IQ: 55]
190s DecisionModule:ShowAllNetworks(): All detected networks:
       [Network #0, Technology = Wifi, Address = 02-06-00:00:00:00:00:02, { DataRate: 35, SignalStrength: 5, AntiFragility: 91}, IQ: 55]
       [Network #1, Technology = Wimax, Address = 02-06-00:00:00:00:00:04, { DataRate: 16, SignalStrength: 68, AntiFragility: 66}, IQ: 54]
190s ExecutionModule:Run(): Decision time => Seconds: 0, Miliseconds: 137
190s ExecutionModule:Run(): Handover time => Seconds: 0, Miliseconds: 31
190s ExecutionModule:Run(): Event: Vertical Handover.
190s DeviceModule:MoveRandom(): New position: (63, 67)
191s DeviceModule:MoveRandom(): New position: (64, 67)
192s DeviceModule:MoveRandom(): New position: (65, 67)
193s DeviceModule:MoveRandom(): New position: (65, 66)
194s DeviceModule:MoveRandom(): New position: (66, 66)
195s DeviceModule:MoveRandom(): New position: (66, 67)
196s DeviceModule:MoveRandom(): New position: (66, 66)
197s DeviceModule:MoveRandom(): New position: (65, 66)
198s DeviceModule:MoveRandom(): New position: (66, 66)
199s DeviceModule:MoveRandom(): New position: (67, 66)
