Waf: Entering directory `/home/renan/Documents/NR2/ns-allinone-3.20/ns-3.20/build'
Waf: Leaving directory `/home/renan/Documents/NR2/ns-allinone-3.20/ns-3.20/build'
'build' finished successfully (1.929s)
0s NetworkModule:SetPosition(): Network 0 set position => (73, 86)
0s NetworkModule:SetRange(): Network 0 set range => 100
0s NetworkModule:SetPosition(): Network 1 set position => (124, 112)
0s NetworkModule:SetRange(): Network 1 set range => 100
0s NetworkModule:SetPosition(): Network 2 set position => (19, 147)
0s NetworkModule:SetRange(): Network 2 set range => 100
0s NetworkModule:SetPosition(): Network 3 set position => (76, 112)
0s NetworkModule:SetRange(): Network 3 set range => 100
0s NetworkModule:SetPosition(): Network 4 set position => (44, 78)
0s NetworkModule:SetRange(): Network 4 set range => 100
0s NetworkModule:SetPosition(): Network 5 set position => (114, 79)
0s NetworkModule:SetRange(): Network 5 set range => 100
0s NetworkModule:SetPosition(): Network 6 set position => (66, 21)
0s NetworkModule:SetRange(): Network 6 set range => 100
0s NetworkModule:SetPosition(): Network 7 set position => (128, 38)
0s NetworkModule:SetRange(): Network 7 set range => 100
0s NetworkModule:SetPosition(): Network 8 set position => (30, 91)
0s NetworkModule:SetRange(): Network 8 set range => 100
0s NetworkModule:SetPosition(): Network 9 set position => (28, 15)
0s NetworkModule:SetRange(): Network 9 set range => 100
0s DeviceModule:ConfigureMobility(): Device [init x = 75, init y = 75, max = 150, velocity = 1]
1s DeviceModule:MoveRandom(): New position: (75, 76)
1s DecisionModule:AddNetworkToList(): Network detected
1s DecisionModule:AddNetworkToList(): Network detected
1s DecisionModule:AddNetworkToList(): Network detected
1s DecisionModule:AddNetworkToList(): Network detected
1s DecisionModule:AddNetworkToList(): Network detected
1s DecisionModule:AddNetworkToList(): Network detected
1s DecisionModule:AddNetworkToList(): Network detected
1s DecisionModule:AddNetworkToList(): Network detected
1s DecisionModule:AddNetworkToList(): Network detected
1s DecisionModule:AddNetworkToList(): Network detected
2s DeviceModule:MoveRandom(): New position: (75, 75)
3s DeviceModule:MoveRandom(): New position: (75, 76)
4s DeviceModule:MoveRandom(): New position: (74, 76)
5s DeviceModule:MoveRandom(): New position: (74, 77)
6s DeviceModule:MoveRandom(): New position: (74, 76)
7s DeviceModule:MoveRandom(): New position: (75, 76)
8s DeviceModule:MoveRandom(): New position: (75, 75)
9s DeviceModule:MoveRandom(): New position: (75, 74)
10s DecisionModule:Run(): Run decision
10s DecisionModule:AnalyzingNetworks(): Current Network: 
       [Network #6, Technology = Wifi, Address = 02-06-00:00:00:00:00:08, { DataRate: 90, SignalStrength: 67, AntiFragility: 87}, IQ: 82]
10s DecisionModule:ShowAllNetworks(): All detected networks:
       [Network #6, Technology = Wifi, Address = 02-06-00:00:00:00:00:08, { DataRate: 90, SignalStrength: 67, AntiFragility: 87}, IQ: 82]
       [Network #0, Technology = Wifi, Address = 02-06-00:00:00:00:00:02, { DataRate: 93, SignalStrength: 46, AntiFragility: 93}, IQ: 81]
       [Network #3, Technology = Wifi, Address = 02-06-00:00:00:00:00:05, { DataRate: 89, SignalStrength: 37, AntiFragility: 89}, IQ: 76]
       [Network #2, Technology = Wifi, Address = 02-06-00:00:00:00:00:04, { DataRate: 60, SignalStrength: 3, AntiFragility: 83}, IQ: 57]
       [Network #9, Technology = Wimax, Address = 02-06-00:00:00:00:00:0c, { DataRate: 37, SignalStrength: 68, AntiFragility: 62}, IQ: 57]
       [Network #4, Technology = Wifi, Address = 02-06-00:00:00:00:00:06, { DataRate: 27, SignalStrength: 43, AntiFragility: 55}, IQ: 45]
       [Network #5, Technology = Wifi, Address = 02-06-00:00:00:00:00:07, { DataRate: 1, SignalStrength: 61, AntiFragility: 57}, IQ: 44]
       [Network #1, Technology = Wifi, Address = 02-06-00:00:00:00:00:03, { DataRate: 45, SignalStrength: 27, AntiFragility: 40}, IQ: 38]
       [Network #7, Technology = Wifi, Address = 02-06-00:00:00:00:00:09, { DataRate: 8, SignalStrength: 78, AntiFragility: 9}, IQ: 26]
       [Network #8, Technology = Wimax, Address = 02-06-00:00:00:00:00:0b, { DataRate: 68, SignalStrength: 2, AntiFragility: 7}, IQ: 21]
10s DeviceModule:MoveRandom(): New position: (75, 75)
11s DeviceModule:MoveRandom(): New position: (74, 75)
12s DeviceModule:MoveRandom(): New position: (75, 75)
13s DeviceModule:MoveRandom(): New position: (75, 74)
14s DeviceModule:MoveRandom(): New position: (74, 74)
15s DeviceModule:MoveRandom(): New position: (75, 74)
16s DeviceModule:MoveRandom(): New position: (75, 73)
17s DeviceModule:MoveRandom(): New position: (75, 74)
18s DeviceModule:MoveRandom(): New position: (76, 74)
19s DeviceModule:MoveRandom(): New position: (76, 75)
20s DecisionModule:Run(): Run decision
20s DecisionModule:AnalyzingNetworks(): Current Network: 
       [Network #7, Technology = Wifi, Address = 02-06-00:00:00:00:00:09, { DataRate: 70, SignalStrength: 74, AntiFragility: 82}, IQ: 77]
20s DecisionModule:ShowAllNetworks(): All detected networks:
       [Network #7, Technology = Wifi, Address = 02-06-00:00:00:00:00:09, { DataRate: 70, SignalStrength: 74, AntiFragility: 82}, IQ: 77]
       [Network #6, Technology = Wifi, Address = 02-06-00:00:00:00:00:08, { DataRate: 51, SignalStrength: 68, AntiFragility: 90}, IQ: 74]
       [Network #0, Technology = Wifi, Address = 02-06-00:00:00:00:00:02, { DataRate: 36, SignalStrength: 63, AntiFragility: 88}, IQ: 68]
       [Network #2, Technology = Wifi, Address = 02-06-00:00:00:00:00:04, { DataRate: 35, SignalStrength: 68, AntiFragility: 81}, IQ: 66]
       [Network #4, Technology = Wifi, Address = 02-06-00:00:00:00:00:06, { DataRate: 30, SignalStrength: 38, AntiFragility: 82}, IQ: 58]
       [Network #9, Technology = Wimax, Address = 02-06-00:00:00:00:00:0c, { DataRate: 19, SignalStrength: 83, AntiFragility: 50}, IQ: 50]
       [Network #8, Technology = Wimax, Address = 02-06-00:00:00:00:00:0b, { DataRate: 10, SignalStrength: 77, AntiFragility: 55}, IQ: 49]
       [Network #1, Technology = Wifi, Address = 02-06-00:00:00:00:00:03, { DataRate: 65, SignalStrength: 31, AntiFragility: 45}, IQ: 46]
       [Network #5, Technology = Wifi, Address = 02-06-00:00:00:00:00:07, { DataRate: 80, SignalStrength: 21, AntiFragility: 34}, IQ: 42]
       [Network #3, Technology = Wifi, Address = 02-06-00:00:00:00:00:05, { DataRate: 71, SignalStrength: 60, AntiFragility: 15}, IQ: 40]
20s ExecutionModule:Run(): Decision time => Seconds: 0, Miliseconds: 295
20s ExecutionModule:Run(): Handover time => Seconds: 0, Miliseconds: 177
20s ExecutionModule:Run(): Event: Horizontal Handover.
20s DeviceModule:MoveRandom(): New position: (76, 74)
21s DeviceModule:MoveRandom(): New position: (76, 75)
22s DeviceModule:MoveRandom(): New position: (76, 76)
23s DeviceModule:MoveRandom(): New position: (76, 77)
24s DeviceModule:MoveRandom(): New position: (77, 77)
25s DeviceModule:MoveRandom(): New position: (76, 77)
26s DeviceModule:MoveRandom(): New position: (76, 76)
27s DeviceModule:MoveRandom(): New position: (76, 77)
28s DeviceModule:MoveRandom(): New position: (77, 77)
29s DeviceModule:MoveRandom(): New position: (77, 78)
30s DecisionModule:Run(): Run decision
30s DecisionModule:AnalyzingNetworks(): Current Network: 
       [Network #0, Technology = Wifi, Address = 02-06-00:00:00:00:00:02, { DataRate: 46, SignalStrength: 74, AntiFragility: 73}, IQ: 66]
30s DecisionModule:ShowAllNetworks(): All detected networks:
       [Network #0, Technology = Wifi, Address = 02-06-00:00:00:00:00:02, { DataRate: 46, SignalStrength: 74, AntiFragility: 73}, IQ: 66]
       [Network #1, Technology = Wifi, Address = 02-06-00:00:00:00:00:03, { DataRate: 43, SignalStrength: 13, AntiFragility: 93}, IQ: 60]
       [Network #2, Technology = Wifi, Address = 02-06-00:00:00:00:00:04, { DataRate: 46, SignalStrength: 55, AntiFragility: 64}, IQ: 57]
       [Network #9, Technology = Wimax, Address = 02-06-00:00:00:00:00:0c, { DataRate: 49, SignalStrength: 27, AntiFragility: 70}, IQ: 54]
       [Network #7, Technology = Wifi, Address = 02-06-00:00:00:00:00:09, { DataRate: 77, SignalStrength: 12, AntiFragility: 45}, IQ: 44]
       [Network #3, Technology = Wifi, Address = 02-06-00:00:00:00:00:05, { DataRate: 27, SignalStrength: 16, AntiFragility: 68}, IQ: 44]
       [Network #6, Technology = Wifi, Address = 02-06-00:00:00:00:00:08, { DataRate: 56, SignalStrength: 42, AntiFragility: 38}, IQ: 43]
       [Network #8, Technology = Wimax, Address = 02-06-00:00:00:00:00:0b, { DataRate: 12, SignalStrength: 55, AntiFragility: 23}, IQ: 28]
       [Network #4, Technology = Wifi, Address = 02-06-00:00:00:00:00:06, { DataRate: 21, SignalStrength: 7, AntiFragility: 43}, IQ: 28]
       [Network #5, Technology = Wifi, Address = 02-06-00:00:00:00:00:07, { DataRate: 26, SignalStrength: 6, AntiFragility: 35}, IQ: 25]
30s ExecutionModule:Run(): Decision time => Seconds: 0, Miliseconds: 220
30s ExecutionModule:Run(): Handover time => Seconds: 0, Miliseconds: 329
30s ExecutionModule:Run(): Event: Horizontal Handover.
30s DeviceModule:MoveRandom(): New position: (77, 77)
31s DeviceModule:MoveRandom(): New position: (77, 76)
32s DeviceModule:MoveRandom(): New position: (76, 76)
33s DeviceModule:MoveRandom(): New position: (77, 76)
34s DeviceModule:MoveRandom(): New position: (77, 75)
35s DeviceModule:MoveRandom(): New position: (77, 74)
36s DeviceModule:MoveRandom(): New position: (77, 75)
37s DeviceModule:MoveRandom(): New position: (77, 76)
38s DeviceModule:MoveRandom(): New position: (77, 75)
39s DeviceModule:MoveRandom(): New position: (78, 75)
40s DecisionModule:Run(): Run decision
40s DecisionModule:AnalyzingNetworks(): Current Network: 
       [Network #9, Technology = Wimax, Address = 02-06-00:00:00:00:00:0c, { DataRate: 54, SignalStrength: 85, AntiFragility: 78}, IQ: 73]
40s DecisionModule:ShowAllNetworks(): All detected networks:
       [Network #9, Technology = Wimax, Address = 02-06-00:00:00:00:00:0c, { DataRate: 54, SignalStrength: 85, AntiFragility: 78}, IQ: 73]
       [Network #0, Technology = Wifi, Address = 02-06-00:00:00:00:00:02, { DataRate: 41, SignalStrength: 71, AntiFragility: 82}, IQ: 69]
       [Network #7, Technology = Wifi, Address = 02-06-00:00:00:00:00:09, { DataRate: 75, SignalStrength: 24, AntiFragility: 84}, IQ: 66]
       [Network #3, Technology = Wifi, Address = 02-06-00:00:00:00:00:05, { DataRate: 20, SignalStrength: 46, AntiFragility: 70}, IQ: 51]
       [Network #4, Technology = Wifi, Address = 02-06-00:00:00:00:00:06, { DataRate: 16, SignalStrength: 67, AntiFragility: 53}, IQ: 47]
       [Network #1, Technology = Wifi, Address = 02-06-00:00:00:00:00:03, { DataRate: 24, SignalStrength: 53, AntiFragility: 48}, IQ: 43]
       [Network #6, Technology = Wifi, Address = 02-06-00:00:00:00:00:08, { DataRate: 56, SignalStrength: 89, AntiFragility: 6}, IQ: 39]
       [Network #8, Technology = Wimax, Address = 02-06-00:00:00:00:00:0b, { DataRate: 49, SignalStrength: 7, AntiFragility: 32}, IQ: 30]
       [Network #2, Technology = Wifi, Address = 02-06-00:00:00:00:00:04, { DataRate: 14, SignalStrength: 20, AntiFragility: 23}, IQ: 20]
       [Network #5, Technology = Wifi, Address = 02-06-00:00:00:00:00:07, { DataRate: 17, SignalStrength: 16, AntiFragility: 22}, IQ: 19]
40s ExecutionModule:Run(): Decision time => Seconds: 0, Miliseconds: 208
40s ExecutionModule:Run(): Handover time => Seconds: 0, Miliseconds: 44
40s ExecutionModule:Run(): Event: Vertical Handover.
40s DeviceModule:MoveRandom(): New position: (78, 76)
41s DeviceModule:MoveRandom(): New position: (79, 76)
42s DeviceModule:MoveRandom(): New position: (78, 76)
43s DeviceModule:MoveRandom(): New position: (77, 76)
44s DeviceModule:MoveRandom(): New position: (78, 76)
45s DeviceModule:MoveRandom(): New position: (77, 76)
46s DeviceModule:MoveRandom(): New position: (77, 75)
47s DeviceModule:MoveRandom(): New position: (76, 75)
48s DeviceModule:MoveRandom(): New position: (76, 74)
49s DeviceModule:MoveRandom(): New position: (77, 74)
50s DecisionModule:Run(): Run decision
50s DecisionModule:AnalyzingNetworks(): Current Network: 
       [Network #5, Technology = Wifi, Address = 02-06-00:00:00:00:00:07, { DataRate: 43, SignalStrength: 99, AntiFragility: 85}, IQ: 78]
50s DecisionModule:ShowAllNetworks(): All detected networks:
       [Network #5, Technology = Wifi, Address = 02-06-00:00:00:00:00:07, { DataRate: 43, SignalStrength: 99, AntiFragility: 85}, IQ: 78]
       [Network #8, Technology = Wimax, Address = 02-06-00:00:00:00:00:0b, { DataRate: 73, SignalStrength: 82, AntiFragility: 78}, IQ: 77]
       [Network #3, Technology = Wifi, Address = 02-06-00:00:00:00:00:05, { DataRate: 64, SignalStrength: 53, AntiFragility: 73}, IQ: 65]
       [Network #1, Technology = Wifi, Address = 02-06-00:00:00:00:00:03, { DataRate: 77, SignalStrength: 25, AntiFragility: 48}, IQ: 49]
       [Network #7, Technology = Wifi, Address = 02-06-00:00:00:00:00:09, { DataRate: 68, SignalStrength: 67, AntiFragility: 26}, IQ: 46]
       [Network #9, Technology = Wimax, Address = 02-06-00:00:00:00:00:0c, { DataRate: 37, SignalStrength: 11, AntiFragility: 68}, IQ: 46]
       [Network #6, Technology = Wifi, Address = 02-06-00:00:00:00:00:08, { DataRate: 29, SignalStrength: 54, AntiFragility: 42}, IQ: 41]
       [Network #0, Technology = Wifi, Address = 02-06-00:00:00:00:00:02, { DataRate: 29, SignalStrength: 23, AntiFragility: 38}, IQ: 32]
       [Network #4, Technology = Wifi, Address = 02-06-00:00:00:00:00:06, { DataRate: 77, SignalStrength: 2, AntiFragility: 4}, IQ: 21]
       [Network #2, Technology = Wifi, Address = 02-06-00:00:00:00:00:04, { DataRate: 31, SignalStrength: 8, AntiFragility: 5}, IQ: 12]
50s ExecutionModule:Run(): Decision time => Seconds: 0, Miliseconds: 227
50s ExecutionModule:Run(): Handover time => Seconds: 0, Miliseconds: 32
50s ExecutionModule:Run(): Event: Vertical Handover.
50s DeviceModule:MoveRandom(): New position: (77, 75)
51s DeviceModule:MoveRandom(): New position: (77, 76)
52s DeviceModule:MoveRandom(): New position: (77, 75)
53s DeviceModule:MoveRandom(): New position: (78, 75)
54s DeviceModule:MoveRandom(): New position: (78, 74)
55s DeviceModule:MoveRandom(): New position: (78, 73)
56s DeviceModule:MoveRandom(): New position: (79, 73)
57s DeviceModule:MoveRandom(): New position: (79, 74)
58s DeviceModule:MoveRandom(): New position: (78, 74)
59s DeviceModule:MoveRandom(): New position: (79, 74)
60s DecisionModule:Run(): Run decision
60s DecisionModule:AnalyzingNetworks(): Current Network: 
       [Network #5, Technology = Wifi, Address = 02-06-00:00:00:00:00:07, { DataRate: 80, SignalStrength: 45, AntiFragility: 96}, IQ: 79]
60s DecisionModule:ShowAllNetworks(): All detected networks:
       [Network #5, Technology = Wifi, Address = 02-06-00:00:00:00:00:07, { DataRate: 80, SignalStrength: 45, AntiFragility: 96}, IQ: 79]
       [Network #8, Technology = Wimax, Address = 02-06-00:00:00:00:00:0b, { DataRate: 89, SignalStrength: 21, AntiFragility: 73}, IQ: 64]
       [Network #6, Technology = Wifi, Address = 02-06-00:00:00:00:00:08, { DataRate: 46, SignalStrength: 64, AntiFragility: 50}, IQ: 52]
       [Network #1, Technology = Wifi, Address = 02-06-00:00:00:00:00:03, { DataRate: 61, SignalStrength: 26, AntiFragility: 50}, IQ: 46]
       [Network #2, Technology = Wifi, Address = 02-06-00:00:00:00:00:04, { DataRate: 39, SignalStrength: 98, AntiFragility: 21}, IQ: 44]
       [Network #0, Technology = Wifi, Address = 02-06-00:00:00:00:00:02, { DataRate: 22, SignalStrength: 8, AntiFragility: 70}, IQ: 42]
       [Network #7, Technology = Wifi, Address = 02-06-00:00:00:00:00:09, { DataRate: 68, SignalStrength: 23, AntiFragility: 35}, IQ: 40]
       [Network #9, Technology = Wimax, Address = 02-06-00:00:00:00:00:0c, { DataRate: 2, SignalStrength: 77, AntiFragility: 13}, IQ: 26]
       [Network #4, Technology = Wifi, Address = 02-06-00:00:00:00:00:06, { DataRate: 28, SignalStrength: 51, AntiFragility: 3}, IQ: 21]
       [Network #3, Technology = Wifi, Address = 02-06-00:00:00:00:00:05, { DataRate: 33, SignalStrength: 7, AntiFragility: 9}, IQ: 14]
60s DeviceModule:MoveRandom(): New position: (80, 74)
61s DeviceModule:MoveRandom(): New position: (80, 75)
62s DeviceModule:MoveRandom(): New position: (80, 76)
63s DeviceModule:MoveRandom(): New position: (80, 75)
64s DeviceModule:MoveRandom(): New position: (80, 74)
65s DeviceModule:MoveRandom(): New position: (79, 74)
66s DeviceModule:MoveRandom(): New position: (79, 75)
67s DeviceModule:MoveRandom(): New position: (80, 75)
68s DeviceModule:MoveRandom(): New position: (79, 75)
69s DeviceModule:MoveRandom(): New position: (79, 74)
70s DecisionModule:Run(): Run decision
70s DecisionModule:AnalyzingNetworks(): Current Network: 
       [Network #6, Technology = Wifi, Address = 02-06-00:00:00:00:00:08, { DataRate: 76, SignalStrength: 65, AntiFragility: 89}, IQ: 79]
70s DecisionModule:ShowAllNetworks(): All detected networks:
       [Network #6, Technology = Wifi, Address = 02-06-00:00:00:00:00:08, { DataRate: 76, SignalStrength: 65, AntiFragility: 89}, IQ: 79]
       [Network #9, Technology = Wimax, Address = 02-06-00:00:00:00:00:0c, { DataRate: 4, SignalStrength: 95, AntiFragility: 97}, IQ: 73]
       [Network #5, Technology = Wifi, Address = 02-06-00:00:00:00:00:07, { DataRate: 62, SignalStrength: 33, AntiFragility: 98}, IQ: 72]
       [Network #8, Technology = Wimax, Address = 02-06-00:00:00:00:00:0b, { DataRate: 81, SignalStrength: 58, AntiFragility: 53}, IQ: 61]
       [Network #3, Technology = Wifi, Address = 02-06-00:00:00:00:00:05, { DataRate: 45, SignalStrength: 81, AntiFragility: 31}, IQ: 47]
       [Network #7, Technology = Wifi, Address = 02-06-00:00:00:00:00:09, { DataRate: 14, SignalStrength: 49, AntiFragility: 57}, IQ: 44]
       [Network #4, Technology = Wifi, Address = 02-06-00:00:00:00:00:06, { DataRate: 38, SignalStrength: 35, AntiFragility: 48}, IQ: 42]
       [Network #2, Technology = Wifi, Address = 02-06-00:00:00:00:00:04, { DataRate: 95, SignalStrength: 13, AntiFragility: 9}, IQ: 31]
       [Network #1, Technology = Wifi, Address = 02-06-00:00:00:00:00:03, { DataRate: 38, SignalStrength: 31, AntiFragility: 5}, IQ: 19]
       [Network #0, Technology = Wifi, Address = 02-06-00:00:00:00:00:02, { DataRate: 21, SignalStrength: 25, AntiFragility: 3}, IQ: 13]
70s ExecutionModule:Run(): Decision time => Seconds: 0, Miliseconds: 214
70s ExecutionModule:Run(): Handover time => Seconds: 0, Miliseconds: 122
70s ExecutionModule:Run(): Event: Horizontal Handover.
70s DeviceModule:MoveRandom(): New position: (79, 75)
71s DeviceModule:MoveRandom(): New position: (79, 74)
72s DeviceModule:MoveRandom(): New position: (80, 74)
73s DeviceModule:MoveRandom(): New position: (80, 75)
74s DeviceModule:MoveRandom(): New position: (80, 76)
75s DeviceModule:MoveRandom(): New position: (79, 76)
76s DeviceModule:MoveRandom(): New position: (79, 75)
77s DeviceModule:MoveRandom(): New position: (80, 75)
78s DeviceModule:MoveRandom(): New position: (80, 76)
79s DeviceModule:MoveRandom(): New position: (80, 77)
80s DecisionModule:Run(): Run decision
80s DecisionModule:AnalyzingNetworks(): Current Network: 
       [Network #1, Technology = Wifi, Address = 02-06-00:00:00:00:00:03, { DataRate: 41, SignalStrength: 83, AntiFragility: 80}, IQ: 71]
80s DecisionModule:ShowAllNetworks(): All detected networks:
       [Network #1, Technology = Wifi, Address = 02-06-00:00:00:00:00:03, { DataRate: 41, SignalStrength: 83, AntiFragility: 80}, IQ: 71]
       [Network #7, Technology = Wifi, Address = 02-06-00:00:00:00:00:09, { DataRate: 59, SignalStrength: 83, AntiFragility: 65}, IQ: 68]
       [Network #9, Technology = Wimax, Address = 02-06-00:00:00:00:00:0c, { DataRate: 84, SignalStrength: 61, AntiFragility: 58}, IQ: 65]
       [Network #0, Technology = Wifi, Address = 02-06-00:00:00:00:00:02, { DataRate: 10, SignalStrength: 28, AntiFragility: 93}, IQ: 56]
       [Network #2, Technology = Wifi, Address = 02-06-00:00:00:00:00:04, { DataRate: 18, SignalStrength: 5, AntiFragility: 92}, IQ: 51]
       [Network #5, Technology = Wifi, Address = 02-06-00:00:00:00:00:07, { DataRate: 40, SignalStrength: 90, AntiFragility: 25}, IQ: 45]
       [Network #8, Technology = Wimax, Address = 02-06-00:00:00:00:00:0b, { DataRate: 18, SignalStrength: 38, AntiFragility: 51}, IQ: 39]
       [Network #4, Technology = Wifi, Address = 02-06-00:00:00:00:00:06, { DataRate: 67, SignalStrength: 40, AntiFragility: 17}, IQ: 35]
       [Network #6, Technology = Wifi, Address = 02-06-00:00:00:00:00:08, { DataRate: 14, SignalStrength: 15, AntiFragility: 49}, IQ: 31]
       [Network #3, Technology = Wifi, Address = 02-06-00:00:00:00:00:05, { DataRate: 8, SignalStrength: 82, AntiFragility: 3}, IQ: 24]
80s ExecutionModule:Run(): Decision time => Seconds: 0, Miliseconds: 229
80s ExecutionModule:Run(): Handover time => Seconds: 0, Miliseconds: 120
80s ExecutionModule:Run(): Event: Horizontal Handover.
80s DeviceModule:MoveRandom(): New position: (80, 78)
81s DeviceModule:MoveRandom(): New position: (79, 78)
82s DeviceModule:MoveRandom(): New position: (80, 78)
83s DeviceModule:MoveRandom(): New position: (80, 77)
84s DeviceModule:MoveRandom(): New position: (79, 77)
85s DeviceModule:MoveRandom(): New position: (78, 77)
86s DeviceModule:MoveRandom(): New position: (78, 76)
87s DeviceModule:MoveRandom(): New position: (77, 76)
88s DeviceModule:MoveRandom(): New position: (77, 75)
89s DeviceModule:MoveRandom(): New position: (76, 75)
90s DecisionModule:Run(): Run decision
90s DecisionModule:AnalyzingNetworks(): Current Network: 
       [Network #4, Technology = Wifi, Address = 02-06-00:00:00:00:00:06, { DataRate: 17, SignalStrength: 80, AntiFragility: 96}, IQ: 72]
90s DecisionModule:ShowAllNetworks(): All detected networks:
       [Network #4, Technology = Wifi, Address = 02-06-00:00:00:00:00:06, { DataRate: 17, SignalStrength: 80, AntiFragility: 96}, IQ: 72]
       [Network #8, Technology = Wimax, Address = 02-06-00:00:00:00:00:0b, { DataRate: 47, SignalStrength: 91, AntiFragility: 40}, IQ: 54]
       [Network #1, Technology = Wifi, Address = 02-06-00:00:00:00:00:03, { DataRate: 29, SignalStrength: 84, AntiFragility: 50}, IQ: 53]
       [Network #3, Technology = Wifi, Address = 02-06-00:00:00:00:00:05, { DataRate: 84, SignalStrength: 86, AntiFragility: 19}, IQ: 52]
       [Network #5, Technology = Wifi, Address = 02-06-00:00:00:00:00:07, { DataRate: 32, SignalStrength: 3, AntiFragility: 82}, IQ: 49]
       [Network #0, Technology = Wifi, Address = 02-06-00:00:00:00:00:02, { DataRate: 87, SignalStrength: 46, AntiFragility: 14}, IQ: 40]
       [Network #6, Technology = Wifi, Address = 02-06-00:00:00:00:00:08, { DataRate: 8, SignalStrength: 64, AntiFragility: 41}, IQ: 38]
       [Network #2, Technology = Wifi, Address = 02-06-00:00:00:00:00:04, { DataRate: 15, SignalStrength: 33, AntiFragility: 40}, IQ: 32]
       [Network #7, Technology = Wifi, Address = 02-06-00:00:00:00:00:09, { DataRate: 19, SignalStrength: 52, AntiFragility: 21}, IQ: 28]
       [Network #9, Technology = Wimax, Address = 02-06-00:00:00:00:00:0c, { DataRate: 17, SignalStrength: 61, AntiFragility: 5}, IQ: 22]
90s ExecutionModule:Run(): Decision time => Seconds: 0, Miliseconds: 210
90s ExecutionModule:Run(): Handover time => Seconds: 0, Miliseconds: 120
90s ExecutionModule:Run(): Event: Horizontal Handover.
90s DeviceModule:MoveRandom(): New position: (76, 74)
91s DeviceModule:MoveRandom(): New position: (76, 73)
92s DeviceModule:MoveRandom(): New position: (77, 73)
93s DeviceModule:MoveRandom(): New position: (76, 73)
94s DeviceModule:MoveRandom(): New position: (76, 72)
95s DeviceModule:MoveRandom(): New position: (76, 73)
96s DeviceModule:MoveRandom(): New position: (76, 72)
97s DeviceModule:MoveRandom(): New position: (76, 73)
98s DeviceModule:MoveRandom(): New position: (76, 74)
99s DeviceModule:MoveRandom(): New position: (75, 74)
100s DecisionModule:Run(): Run decision
100s DecisionModule:AnalyzingNetworks(): Current Network: 
       [Network #4, Technology = Wifi, Address = 02-06-00:00:00:00:00:06, { DataRate: 60, SignalStrength: 61, AntiFragility: 97}, IQ: 78]
100s DecisionModule:ShowAllNetworks(): All detected networks:
       [Network #4, Technology = Wifi, Address = 02-06-00:00:00:00:00:06, { DataRate: 60, SignalStrength: 61, AntiFragility: 97}, IQ: 78]
       [Network #1, Technology = Wifi, Address = 02-06-00:00:00:00:00:03, { DataRate: 93, SignalStrength: 50, AntiFragility: 70}, IQ: 70]
       [Network #3, Technology = Wifi, Address = 02-06-00:00:00:00:00:05, { DataRate: 29, SignalStrength: 28, AntiFragility: 99}, IQ: 63]
       [Network #6, Technology = Wifi, Address = 02-06-00:00:00:00:00:08, { DataRate: 81, SignalStrength: 9, AntiFragility: 77}, IQ: 61]
       [Network #0, Technology = Wifi, Address = 02-06-00:00:00:00:00:02, { DataRate: 37, SignalStrength: 84, AntiFragility: 34}, IQ: 47]
       [Network #8, Technology = Wimax, Address = 02-06-00:00:00:00:00:0b, { DataRate: 95, SignalStrength: 3, AntiFragility: 36}, IQ: 42]
       [Network #9, Technology = Wimax, Address = 02-06-00:00:00:00:00:0c, { DataRate: 59, SignalStrength: 69, AntiFragility: 9}, IQ: 36]
       [Network #7, Technology = Wifi, Address = 02-06-00:00:00:00:00:09, { DataRate: 18, SignalStrength: 74, AntiFragility: 15}, IQ: 30]
       [Network #2, Technology = Wifi, Address = 02-06-00:00:00:00:00:04, { DataRate: 84, SignalStrength: 6, AntiFragility: 8}, IQ: 26]
       [Network #5, Technology = Wifi, Address = 02-06-00:00:00:00:00:07, { DataRate: 97, SignalStrength: 3, AntiFragility: 2}, IQ: 26]
100s DeviceModule:MoveRandom(): New position: (76, 74)
101s DeviceModule:MoveRandom(): New position: (77, 74)
102s DeviceModule:MoveRandom(): New position: (77, 75)
103s DeviceModule:MoveRandom(): New position: (76, 75)
104s DeviceModule:MoveRandom(): New position: (77, 75)
105s DeviceModule:MoveRandom(): New position: (77, 76)
106s DeviceModule:MoveRandom(): New position: (76, 76)
107s DeviceModule:MoveRandom(): New position: (77, 76)
108s DeviceModule:MoveRandom(): New position: (77, 77)
109s DeviceModule:MoveRandom(): New position: (78, 77)
110s DecisionModule:Run(): Run decision
110s DecisionModule:AnalyzingNetworks(): Current Network: 
       [Network #6, Technology = Wifi, Address = 02-06-00:00:00:00:00:08, { DataRate: 80, SignalStrength: 82, AntiFragility: 53}, IQ: 67]
110s DecisionModule:ShowAllNetworks(): All detected networks:
       [Network #6, Technology = Wifi, Address = 02-06-00:00:00:00:00:08, { DataRate: 80, SignalStrength: 82, AntiFragility: 53}, IQ: 67]
       [Network #4, Technology = Wifi, Address = 02-06-00:00:00:00:00:06, { DataRate: 21, SignalStrength: 68, AntiFragility: 89}, IQ: 66]
       [Network #8, Technology = Wimax, Address = 02-06-00:00:00:00:00:0b, { DataRate: 30, SignalStrength: 51, AntiFragility: 76}, IQ: 58]
       [Network #9, Technology = Wimax, Address = 02-06-00:00:00:00:00:0c, { DataRate: 62, SignalStrength: 78, AntiFragility: 45}, IQ: 57]
       [Network #7, Technology = Wifi, Address = 02-06-00:00:00:00:00:09, { DataRate: 50, SignalStrength: 54, AntiFragility: 43}, IQ: 47]
       [Network #1, Technology = Wifi, Address = 02-06-00:00:00:00:00:03, { DataRate: 46, SignalStrength: 20, AntiFragility: 52}, IQ: 42]
       [Network #0, Technology = Wifi, Address = 02-06-00:00:00:00:00:02, { DataRate: 43, SignalStrength: 2, AntiFragility: 53}, IQ: 37]
       [Network #5, Technology = Wifi, Address = 02-06-00:00:00:00:00:07, { DataRate: 45, SignalStrength: 60, AntiFragility: 16}, IQ: 34]
       [Network #2, Technology = Wifi, Address = 02-06-00:00:00:00:00:04, { DataRate: 28, SignalStrength: 33, AntiFragility: 36}, IQ: 33]
       [Network #3, Technology = Wifi, Address = 02-06-00:00:00:00:00:05, { DataRate: 52, SignalStrength: 46, AntiFragility: 11}, IQ: 30]
110s ExecutionModule:Run(): Decision time => Seconds: 0, Miliseconds: 225
110s ExecutionModule:Run(): Handover time => Seconds: 0, Miliseconds: 122
110s ExecutionModule:Run(): Event: Horizontal Handover.
110s DeviceModule:MoveRandom(): New position: (78, 78)
111s DeviceModule:MoveRandom(): New position: (78, 77)
112s DeviceModule:MoveRandom(): New position: (79, 77)
113s DeviceModule:MoveRandom(): New position: (79, 78)
114s DeviceModule:MoveRandom(): New position: (80, 78)
115s DeviceModule:MoveRandom(): New position: (81, 78)
116s DeviceModule:MoveRandom(): New position: (82, 78)
117s DeviceModule:MoveRandom(): New position: (81, 78)
118s DeviceModule:MoveRandom(): New position: (81, 79)
119s DeviceModule:MoveRandom(): New position: (80, 79)
120s DecisionModule:Run(): Run decision
120s DecisionModule:AnalyzingNetworks(): Current Network: 
       [Network #6, Technology = Wifi, Address = 02-06-00:00:00:00:00:08, { DataRate: 81, SignalStrength: 84, AntiFragility: 92}, IQ: 87]
120s DecisionModule:ShowAllNetworks(): All detected networks:
       [Network #6, Technology = Wifi, Address = 02-06-00:00:00:00:00:08, { DataRate: 81, SignalStrength: 84, AntiFragility: 92}, IQ: 87]
       [Network #4, Technology = Wifi, Address = 02-06-00:00:00:00:00:06, { DataRate: 46, SignalStrength: 91, AntiFragility: 80}, IQ: 74]
       [Network #8, Technology = Wimax, Address = 02-06-00:00:00:00:00:0b, { DataRate: 49, SignalStrength: 78, AntiFragility: 68}, IQ: 65]
       [Network #3, Technology = Wifi, Address = 02-06-00:00:00:00:00:05, { DataRate: 84, SignalStrength: 51, AntiFragility: 60}, IQ: 63]
       [Network #0, Technology = Wifi, Address = 02-06-00:00:00:00:00:02, { DataRate: 88, SignalStrength: 39, AntiFragility: 62}, IQ: 62]
       [Network #1, Technology = Wifi, Address = 02-06-00:00:00:00:00:03, { DataRate: 59, SignalStrength: 24, AntiFragility: 79}, IQ: 60]
       [Network #7, Technology = Wifi, Address = 02-06-00:00:00:00:00:09, { DataRate: 1, SignalStrength: 49, AntiFragility: 82}, IQ: 53]
       [Network #9, Technology = Wimax, Address = 02-06-00:00:00:00:00:0c, { DataRate: 31, SignalStrength: 60, AntiFragility: 60}, IQ: 52]
       [Network #2, Technology = Wifi, Address = 02-06-00:00:00:00:00:04, { DataRate: 99, SignalStrength: 24, AntiFragility: 19}, IQ: 40]
       [Network #5, Technology = Wifi, Address = 02-06-00:00:00:00:00:07, { DataRate: 1, SignalStrength: 13, AntiFragility: 41}, IQ: 24]
120s DeviceModule:MoveRandom(): New position: (79, 79)
121s DeviceModule:MoveRandom(): New position: (79, 78)
122s DeviceModule:MoveRandom(): New position: (78, 78)
123s DeviceModule:MoveRandom(): New position: (78, 79)
124s DeviceModule:MoveRandom(): New position: (77, 79)
125s DeviceModule:MoveRandom(): New position: (78, 79)
126s DeviceModule:MoveRandom(): New position: (78, 78)
127s DeviceModule:MoveRandom(): New position: (79, 78)
128s DeviceModule:MoveRandom(): New position: (78, 78)
129s DeviceModule:MoveRandom(): New position: (79, 78)
130s DecisionModule:Run(): Run decision
130s DecisionModule:AnalyzingNetworks(): Current Network: 
       [Network #8, Technology = Wimax, Address = 02-06-00:00:00:00:00:0b, { DataRate: 94, SignalStrength: 45, AntiFragility: 80}, IQ: 74]
130s DecisionModule:ShowAllNetworks(): All detected networks:
       [Network #8, Technology = Wimax, Address = 02-06-00:00:00:00:00:0b, { DataRate: 94, SignalStrength: 45, AntiFragility: 80}, IQ: 74]
       [Network #0, Technology = Wifi, Address = 02-06-00:00:00:00:00:02, { DataRate: 69, SignalStrength: 61, AntiFragility: 74}, IQ: 69]
       [Network #9, Technology = Wimax, Address = 02-06-00:00:00:00:00:0c, { DataRate: 35, SignalStrength: 89, AntiFragility: 64}, IQ: 63]
       [Network #4, Technology = Wifi, Address = 02-06-00:00:00:00:00:06, { DataRate: 18, SignalStrength: 36, AntiFragility: 93}, IQ: 60]
       [Network #1, Technology = Wifi, Address = 02-06-00:00:00:00:00:03, { DataRate: 6, SignalStrength: 81, AntiFragility: 78}, IQ: 60]
       [Network #7, Technology = Wifi, Address = 02-06-00:00:00:00:00:09, { DataRate: 79, SignalStrength: 83, AntiFragility: 34}, IQ: 57]
       [Network #5, Technology = Wifi, Address = 02-06-00:00:00:00:00:07, { DataRate: 45, SignalStrength: 53, AntiFragility: 43}, IQ: 46]
       [Network #2, Technology = Wifi, Address = 02-06-00:00:00:00:00:04, { DataRate: 24, SignalStrength: 24, AntiFragility: 61}, IQ: 42]
       [Network #3, Technology = Wifi, Address = 02-06-00:00:00:00:00:05, { DataRate: 36, SignalStrength: 14, AntiFragility: 59}, IQ: 42]
       [Network #6, Technology = Wifi, Address = 02-06-00:00:00:00:00:08, { DataRate: 26, SignalStrength: 35, AntiFragility: 36}, IQ: 33]
130s ExecutionModule:Run(): Decision time => Seconds: 0, Miliseconds: 204
130s ExecutionModule:Run(): Handover time => Seconds: 0, Miliseconds: 32
130s ExecutionModule:Run(): Event: Vertical Handover.
130s DeviceModule:MoveRandom(): New position: (79, 77)
131s DeviceModule:MoveRandom(): New position: (78, 77)
132s DeviceModule:MoveRandom(): New position: (79, 77)
133s DeviceModule:MoveRandom(): New position: (79, 78)
134s DeviceModule:MoveRandom(): New position: (79, 79)
135s DeviceModule:MoveRandom(): New position: (80, 79)
136s DeviceModule:MoveRandom(): New position: (80, 80)
137s DeviceModule:MoveRandom(): New position: (81, 80)
138s DeviceModule:MoveRandom(): New position: (81, 81)
139s DeviceModule:MoveRandom(): New position: (80, 81)
140s DecisionModule:Run(): Run decision
140s DecisionModule:AnalyzingNetworks(): Current Network: 
       [Network #9, Technology = Wimax, Address = 02-06-00:00:00:00:00:0c, { DataRate: 93, SignalStrength: 79, AntiFragility: 35}, IQ: 60]
140s DecisionModule:ShowAllNetworks(): All detected networks:
       [Network #9, Technology = Wimax, Address = 02-06-00:00:00:00:00:0c, { DataRate: 93, SignalStrength: 79, AntiFragility: 35}, IQ: 60]
       [Network #7, Technology = Wifi, Address = 02-06-00:00:00:00:00:09, { DataRate: 69, SignalStrength: 19, AntiFragility: 65}, IQ: 54]
       [Network #3, Technology = Wifi, Address = 02-06-00:00:00:00:00:05, { DataRate: 12, SignalStrength: 54, AntiFragility: 55}, IQ: 44]
       [Network #0, Technology = Wifi, Address = 02-06-00:00:00:00:00:02, { DataRate: 31, SignalStrength: 77, AntiFragility: 31}, IQ: 42]
       [Network #2, Technology = Wifi, Address = 02-06-00:00:00:00:00:04, { DataRate: 52, SignalStrength: 35, AntiFragility: 38}, IQ: 40]
       [Network #4, Technology = Wifi, Address = 02-06-00:00:00:00:00:06, { DataRate: 88, SignalStrength: 10, AntiFragility: 19}, IQ: 34]
       [Network #8, Technology = Wimax, Address = 02-06-00:00:00:00:00:0b, { DataRate: 2, SignalStrength: 86, AntiFragility: 5}, IQ: 24]
       [Network #1, Technology = Wifi, Address = 02-06-00:00:00:00:00:03, { DataRate: 54, SignalStrength: 13, AntiFragility: 12}, IQ: 22]
       [Network #5, Technology = Wifi, Address = 02-06-00:00:00:00:00:07, { DataRate: 33, SignalStrength: 39, AntiFragility: 8}, IQ: 22]
       [Network #6, Technology = Wifi, Address = 02-06-00:00:00:00:00:08, { DataRate: 47, SignalStrength: 6, AntiFragility: 17}, IQ: 21]
140s ExecutionModule:Run(): Decision time => Seconds: 0, Miliseconds: 204
140s ExecutionModule:Run(): Handover time => Seconds: 0, Miliseconds: 123
140s ExecutionModule:Run(): Event: Horizontal Handover.
140s DeviceModule:MoveRandom(): New position: (79, 81)
141s DeviceModule:MoveRandom(): New position: (79, 82)
142s DeviceModule:MoveRandom(): New position: (80, 82)
143s DeviceModule:MoveRandom(): New position: (80, 83)
144s DeviceModule:MoveRandom(): New position: (80, 84)
145s DeviceModule:MoveRandom(): New position: (80, 85)
146s DeviceModule:MoveRandom(): New position: (81, 85)
147s DeviceModule:MoveRandom(): New position: (81, 86)
148s DeviceModule:MoveRandom(): New position: (82, 86)
149s DeviceModule:MoveRandom(): New position: (82, 87)
150s DecisionModule:Run(): Run decision
150s DecisionModule:AnalyzingNetworks(): Current Network: 
       [Network #1, Technology = Wifi, Address = 02-06-00:00:00:00:00:03, { DataRate: 96, SignalStrength: 26, AntiFragility: 94}, IQ: 77]
150s DecisionModule:ShowAllNetworks(): All detected networks:
       [Network #1, Technology = Wifi, Address = 02-06-00:00:00:00:00:03, { DataRate: 96, SignalStrength: 26, AntiFragility: 94}, IQ: 77]
       [Network #7, Technology = Wifi, Address = 02-06-00:00:00:00:00:09, { DataRate: 43, SignalStrength: 45, AntiFragility: 86}, IQ: 65]
       [Network #0, Technology = Wifi, Address = 02-06-00:00:00:00:00:02, { DataRate: 47, SignalStrength: 85, AntiFragility: 62}, IQ: 64]
       [Network #5, Technology = Wifi, Address = 02-06-00:00:00:00:00:07, { DataRate: 29, SignalStrength: 57, AntiFragility: 80}, IQ: 61]
       [Network #2, Technology = Wifi, Address = 02-06-00:00:00:00:00:04, { DataRate: 67, SignalStrength: 75, AntiFragility: 21}, IQ: 46]
       [Network #3, Technology = Wifi, Address = 02-06-00:00:00:00:00:05, { DataRate: 75, SignalStrength: 36, AntiFragility: 24}, IQ: 39]
       [Network #9, Technology = Wimax, Address = 02-06-00:00:00:00:00:0c, { DataRate: 90, SignalStrength: 15, AntiFragility: 16}, IQ: 34]
       [Network #4, Technology = Wifi, Address = 02-06-00:00:00:00:00:06, { DataRate: 2, SignalStrength: 98, AntiFragility: 16}, IQ: 33]
       [Network #8, Technology = Wimax, Address = 02-06-00:00:00:00:00:0b, { DataRate: 29, SignalStrength: 38, AntiFragility: 26}, IQ: 29]
       [Network #6, Technology = Wifi, Address = 02-06-00:00:00:00:00:08, { DataRate: 33, SignalStrength: 13, AntiFragility: 10}, IQ: 16]
150s ExecutionModule:Run(): Decision time => Seconds: 0, Miliseconds: 356
150s ExecutionModule:Run(): Handover time => Seconds: 0, Miliseconds: 54
150s ExecutionModule:Run(): Event: Vertical Handover.
150s DeviceModule:MoveRandom(): New position: (82, 88)
151s DeviceModule:MoveRandom(): New position: (82, 89)
152s DeviceModule:MoveRandom(): New position: (82, 88)
153s DeviceModule:MoveRandom(): New position: (81, 88)
154s DeviceModule:MoveRandom(): New position: (81, 89)
155s DeviceModule:MoveRandom(): New position: (80, 89)
156s DeviceModule:MoveRandom(): New position: (81, 89)
157s DeviceModule:MoveRandom(): New position: (81, 88)
158s DeviceModule:MoveRandom(): New position: (82, 88)
159s DeviceModule:MoveRandom(): New position: (82, 87)
160s DecisionModule:Run(): Run decision
160s DecisionModule:AnalyzingNetworks(): Current Network: 
       [Network #7, Technology = Wifi, Address = 02-06-00:00:00:00:00:09, { DataRate: 98, SignalStrength: 88, AntiFragility: 81}, IQ: 87]
160s DecisionModule:ShowAllNetworks(): All detected networks:
       [Network #7, Technology = Wifi, Address = 02-06-00:00:00:00:00:09, { DataRate: 98, SignalStrength: 88, AntiFragility: 81}, IQ: 87]
       [Network #0, Technology = Wifi, Address = 02-06-00:00:00:00:00:02, { DataRate: 7, SignalStrength: 77, AntiFragility: 95}, IQ: 68]
       [Network #4, Technology = Wifi, Address = 02-06-00:00:00:00:00:06, { DataRate: 49, SignalStrength: 14, AntiFragility: 98}, IQ: 64]
       [Network #5, Technology = Wifi, Address = 02-06-00:00:00:00:00:07, { DataRate: 2, SignalStrength: 81, AntiFragility: 81}, IQ: 61]
       [Network #6, Technology = Wifi, Address = 02-06-00:00:00:00:00:08, { DataRate: 60, SignalStrength: 9, AntiFragility: 88}, IQ: 61]
       [Network #2, Technology = Wifi, Address = 02-06-00:00:00:00:00:04, { DataRate: 9, SignalStrength: 61, AntiFragility: 76}, IQ: 55]
       [Network #9, Technology = Wimax, Address = 02-06-00:00:00:00:00:0c, { DataRate: 31, SignalStrength: 58, AntiFragility: 52}, IQ: 48]
       [Network #8, Technology = Wimax, Address = 02-06-00:00:00:00:00:0b, { DataRate: 82, SignalStrength: 5, AntiFragility: 30}, IQ: 36]
       [Network #1, Technology = Wifi, Address = 02-06-00:00:00:00:00:03, { DataRate: 18, SignalStrength: 83, AntiFragility: 17}, IQ: 33]
       [Network #3, Technology = Wifi, Address = 02-06-00:00:00:00:00:05, { DataRate: 17, SignalStrength: 37, AntiFragility: 7}, IQ: 17]
160s ExecutionModule:Run(): Decision time => Seconds: 0, Miliseconds: 204
160s ExecutionModule:Run(): Handover time => Seconds: 0, Miliseconds: 122
160s ExecutionModule:Run(): Event: Horizontal Handover.
160s DeviceModule:MoveRandom(): New position: (83, 87)
161s DeviceModule:MoveRandom(): New position: (84, 87)
162s DeviceModule:MoveRandom(): New position: (83, 87)
163s DeviceModule:MoveRandom(): New position: (82, 87)
164s DeviceModule:MoveRandom(): New position: (82, 86)
165s DeviceModule:MoveRandom(): New position: (82, 85)
166s DeviceModule:MoveRandom(): New position: (82, 86)
167s DeviceModule:MoveRandom(): New position: (82, 85)
168s DeviceModule:MoveRandom(): New position: (82, 84)
169s DeviceModule:MoveRandom(): New position: (83, 84)
170s DecisionModule:Run(): Run decision
170s DecisionModule:AnalyzingNetworks(): Current Network: 
       [Network #9, Technology = Wimax, Address = 02-06-00:00:00:00:00:0c, { DataRate: 93, SignalStrength: 75, AntiFragility: 95}, IQ: 89]
170s DecisionModule:ShowAllNetworks(): All detected networks:
       [Network #9, Technology = Wimax, Address = 02-06-00:00:00:00:00:0c, { DataRate: 93, SignalStrength: 75, AntiFragility: 95}, IQ: 89]
       [Network #3, Technology = Wifi, Address = 02-06-00:00:00:00:00:05, { DataRate: 81, SignalStrength: 82, AntiFragility: 93}, IQ: 87]
       [Network #7, Technology = Wifi, Address = 02-06-00:00:00:00:00:09, { DataRate: 71, SignalStrength: 86, AntiFragility: 70}, IQ: 74]
       [Network #8, Technology = Wimax, Address = 02-06-00:00:00:00:00:0b, { DataRate: 10, SignalStrength: 86, AntiFragility: 93}, IQ: 70]
       [Network #2, Technology = Wifi, Address = 02-06-00:00:00:00:00:04, { DataRate: 94, SignalStrength: 22, AntiFragility: 81}, IQ: 69]
       [Network #0, Technology = Wifi, Address = 02-06-00:00:00:00:00:02, { DataRate: 1, SignalStrength: 81, AntiFragility: 95}, IQ: 68]
       [Network #5, Technology = Wifi, Address = 02-06-00:00:00:00:00:07, { DataRate: 34, SignalStrength: 92, AntiFragility: 49}, IQ: 56]
       [Network #4, Technology = Wifi, Address = 02-06-00:00:00:00:00:06, { DataRate: 66, SignalStrength: 99, AntiFragility: 28}, IQ: 55]
       [Network #6, Technology = Wifi, Address = 02-06-00:00:00:00:00:08, { DataRate: 89, SignalStrength: 31, AntiFragility: 29}, IQ: 44]
       [Network #1, Technology = Wifi, Address = 02-06-00:00:00:00:00:03, { DataRate: 90, SignalStrength: 13, AntiFragility: 7}, IQ: 29]
170s ExecutionModule:Run(): Decision time => Seconds: 0, Miliseconds: 221
170s ExecutionModule:Run(): Handover time => Seconds: 0, Miliseconds: 32
170s ExecutionModule:Run(): Event: Vertical Handover.
170s DeviceModule:MoveRandom(): New position: (82, 84)
171s DeviceModule:MoveRandom(): New position: (81, 84)
172s DeviceModule:MoveRandom(): New position: (81, 85)
173s DeviceModule:MoveRandom(): New position: (81, 84)
174s DeviceModule:MoveRandom(): New position: (82, 84)
175s DeviceModule:MoveRandom(): New position: (83, 84)
176s DeviceModule:MoveRandom(): New position: (83, 83)
177s DeviceModule:MoveRandom(): New position: (84, 83)
178s DeviceModule:MoveRandom(): New position: (83, 83)
179s DeviceModule:MoveRandom(): New position: (84, 83)
180s DecisionModule:Run(): Run decision
180s DecisionModule:AnalyzingNetworks(): Current Network: 
       [Network #5, Technology = Wifi, Address = 02-06-00:00:00:00:00:07, { DataRate: 72, SignalStrength: 99, AntiFragility: 81}, IQ: 83]
180s DecisionModule:ShowAllNetworks(): All detected networks:
       [Network #5, Technology = Wifi, Address = 02-06-00:00:00:00:00:07, { DataRate: 72, SignalStrength: 99, AntiFragility: 81}, IQ: 83]
       [Network #6, Technology = Wifi, Address = 02-06-00:00:00:00:00:08, { DataRate: 64, SignalStrength: 44, AntiFragility: 83}, IQ: 68]
       [Network #2, Technology = Wifi, Address = 02-06-00:00:00:00:00:04, { DataRate: 91, SignalStrength: 47, AntiFragility: 46}, IQ: 57]
       [Network #9, Technology = Wimax, Address = 02-06-00:00:00:00:00:0c, { DataRate: 56, SignalStrength: 36, AntiFragility: 62}, IQ: 54]
       [Network #7, Technology = Wifi, Address = 02-06-00:00:00:00:00:09, { DataRate: 16, SignalStrength: 36, AntiFragility: 62}, IQ: 44]
       [Network #0, Technology = Wifi, Address = 02-06-00:00:00:00:00:02, { DataRate: 34, SignalStrength: 55, AntiFragility: 43}, IQ: 43]
       [Network #3, Technology = Wifi, Address = 02-06-00:00:00:00:00:05, { DataRate: 94, SignalStrength: 68, AntiFragility: 3}, IQ: 42]
       [Network #8, Technology = Wimax, Address = 02-06-00:00:00:00:00:0b, { DataRate: 57, SignalStrength: 20, AntiFragility: 45}, IQ: 41]
       [Network #4, Technology = Wifi, Address = 02-06-00:00:00:00:00:06, { DataRate: 89, SignalStrength: 34, AntiFragility: 13}, IQ: 37]
       [Network #1, Technology = Wifi, Address = 02-06-00:00:00:00:00:03, { DataRate: 39, SignalStrength: 28, AntiFragility: 26}, IQ: 29]
180s ExecutionModule:Run(): Decision time => Seconds: 0, Miliseconds: 477
180s ExecutionModule:Run(): Handover time => Seconds: 0, Miliseconds: 32
180s ExecutionModule:Run(): Event: Vertical Handover.
180s DeviceModule:MoveRandom(): New position: (84, 82)
181s DeviceModule:MoveRandom(): New position: (83, 82)
182s DeviceModule:MoveRandom(): New position: (83, 83)
183s DeviceModule:MoveRandom(): New position: (83, 82)
184s DeviceModule:MoveRandom(): New position: (83, 81)
185s DeviceModule:MoveRandom(): New position: (83, 80)
186s DeviceModule:MoveRandom(): New position: (83, 81)
187s DeviceModule:MoveRandom(): New position: (84, 81)
188s DeviceModule:MoveRandom(): New position: (85, 81)
189s DeviceModule:MoveRandom(): New position: (85, 82)
190s DecisionModule:Run(): Run decision
190s DecisionModule:AnalyzingNetworks(): Current Network: 
       [Network #6, Technology = Wifi, Address = 02-06-00:00:00:00:00:08, { DataRate: 85, SignalStrength: 86, AntiFragility: 73}, IQ: 79]
190s DecisionModule:ShowAllNetworks(): All detected networks:
       [Network #6, Technology = Wifi, Address = 02-06-00:00:00:00:00:08, { DataRate: 85, SignalStrength: 86, AntiFragility: 73}, IQ: 79]
       [Network #5, Technology = Wifi, Address = 02-06-00:00:00:00:00:07, { DataRate: 30, SignalStrength: 76, AntiFragility: 91}, IQ: 72]
       [Network #4, Technology = Wifi, Address = 02-06-00:00:00:00:00:06, { DataRate: 71, SignalStrength: 79, AntiFragility: 46}, IQ: 60]
       [Network #7, Technology = Wifi, Address = 02-06-00:00:00:00:00:09, { DataRate: 14, SignalStrength: 62, AntiFragility: 69}, IQ: 53]
       [Network #3, Technology = Wifi, Address = 02-06-00:00:00:00:00:05, { DataRate: 10, SignalStrength: 94, AntiFragility: 25}, IQ: 38]
       [Network #8, Technology = Wimax, Address = 02-06-00:00:00:00:00:0b, { DataRate: 11, SignalStrength: 5, AntiFragility: 67}, IQ: 37]
       [Network #1, Technology = Wifi, Address = 02-06-00:00:00:00:00:03, { DataRate: 74, SignalStrength: 30, AntiFragility: 23}, IQ: 37]
       [Network #2, Technology = Wifi, Address = 02-06-00:00:00:00:00:04, { DataRate: 88, SignalStrength: 8, AntiFragility: 23}, IQ: 35]
       [Network #0, Technology = Wifi, Address = 02-06-00:00:00:00:00:02, { DataRate: 68, SignalStrength: 41, AntiFragility: 15}, IQ: 34]
       [Network #9, Technology = Wimax, Address = 02-06-00:00:00:00:00:0c, { DataRate: 19, SignalStrength: 28, AntiFragility: 19}, IQ: 21]
190s ExecutionModule:Run(): Decision time => Seconds: 0, Miliseconds: 207
190s ExecutionModule:Run(): Handover time => Seconds: 0, Miliseconds: 121
190s ExecutionModule:Run(): Event: Horizontal Handover.
190s DeviceModule:MoveRandom(): New position: (86, 82)
191s DeviceModule:MoveRandom(): New position: (86, 83)
192s DeviceModule:MoveRandom(): New position: (86, 82)
193s DeviceModule:MoveRandom(): New position: (87, 82)
194s DeviceModule:MoveRandom(): New position: (86, 82)
195s DeviceModule:MoveRandom(): New position: (86, 83)
196s DeviceModule:MoveRandom(): New position: (86, 82)
197s DeviceModule:MoveRandom(): New position: (85, 82)
198s DeviceModule:MoveRandom(): New position: (85, 81)
199s DeviceModule:MoveRandom(): New position: (85, 82)
