Waf: Entering directory `/home/renan/Documents/NR2/ns-allinone-3.20/ns-3.20/build'
Waf: Leaving directory `/home/renan/Documents/NR2/ns-allinone-3.20/ns-3.20/build'
'build' finished successfully (1.818s)
0s NetworkModule:SetPosition(): Network 0 set position => (7, 74)
0s NetworkModule:SetRange(): Network 0 set range => 100
0s NetworkModule:SetPosition(): Network 1 set position => (197, 115)
0s NetworkModule:SetRange(): Network 1 set range => 100
0s NetworkModule:SetPosition(): Network 2 set position => (87, 110)
0s NetworkModule:SetRange(): Network 2 set range => 100
0s NetworkModule:SetPosition(): Network 3 set position => (50, 83)
0s NetworkModule:SetRange(): Network 3 set range => 100
0s NetworkModule:SetPosition(): Network 4 set position => (196, 79)
0s NetworkModule:SetRange(): Network 4 set range => 100
0s NetworkModule:SetPosition(): Network 5 set position => (145, 68)
0s NetworkModule:SetRange(): Network 5 set range => 100
0s NetworkModule:SetPosition(): Network 6 set position => (33, 33)
0s NetworkModule:SetRange(): Network 6 set range => 100
0s NetworkModule:SetPosition(): Network 7 set position => (184, 67)
0s NetworkModule:SetRange(): Network 7 set range => 100
0s NetworkModule:SetPosition(): Network 8 set position => (4, 135)
0s NetworkModule:SetRange(): Network 8 set range => 100
0s NetworkModule:SetPosition(): Network 9 set position => (148, 137)
0s NetworkModule:SetRange(): Network 9 set range => 100
0s NetworkModule:SetPosition(): Network 10 set position => (103, 72)
0s NetworkModule:SetRange(): Network 10 set range => 100
0s NetworkModule:SetPosition(): Network 11 set position => (143, 172)
0s NetworkModule:SetRange(): Network 11 set range => 100
0s NetworkModule:SetPosition(): Network 12 set position => (167, 115)
0s NetworkModule:SetRange(): Network 12 set range => 100
0s NetworkModule:SetPosition(): Network 13 set position => (193, 196)
0s NetworkModule:SetRange(): Network 13 set range => 100
0s NetworkModule:SetPosition(): Network 14 set position => (66, 132)
0s NetworkModule:SetRange(): Network 14 set range => 100
0s NetworkModule:SetPosition(): Network 15 set position => (6, 99)
0s NetworkModule:SetRange(): Network 15 set range => 100
0s NetworkModule:SetPosition(): Network 16 set position => (167, 26)
0s NetworkModule:SetRange(): Network 16 set range => 100
0s NetworkModule:SetPosition(): Network 17 set position => (136, 156)
0s NetworkModule:SetRange(): Network 17 set range => 100
0s NetworkModule:SetPosition(): Network 18 set position => (39, 6)
0s NetworkModule:SetRange(): Network 18 set range => 100
0s NetworkModule:SetPosition(): Network 19 set position => (85, 138)
0s NetworkModule:SetRange(): Network 19 set range => 100
0s DeviceModule:ConfigureMobility(): Device [init x = 100, init y = 100, max = 200, velocity = 1]
1s DeviceModule:MoveRandom(): New position: (100, 101)
1s DecisionModule:AddNetworkToList(): Network detected
1s DecisionModule:AddNetworkToList(): Network detected
1s DecisionModule:AddNetworkToList(): Network detected
1s DecisionModule:AddNetworkToList(): Network detected
1s DecisionModule:AddNetworkToList(): Network detected
1s DecisionModule:AddNetworkToList(): Network detected
1s DecisionModule:AddNetworkToList(): Network detected
1s DecisionModule:AddNetworkToList(): Network detected
1s DecisionModule:AddNetworkToList(): Network detected
1s DecisionModule:AddNetworkToList(): Network detected
1s DecisionModule:AddNetworkToList(): Network detected
1s DecisionModule:AddNetworkToList(): Network detected
1s DecisionModule:AddNetworkToList(): Network detected
1s DecisionModule:AddNetworkToList(): Network detected
1s DecisionModule:AddNetworkToList(): Network detected
1s DecisionModule:AddNetworkToList(): Network detected
1s DecisionModule:AddNetworkToList(): Network detected
2s DeviceModule:MoveRandom(): New position: (100, 102)
2s DecisionModule:RemoveNetworkFromList(): Network: 16 out of range!
3s DeviceModule:MoveRandom(): New position: (101, 102)
3s DecisionModule:AddNetworkToList(): Network detected
4s DeviceModule:MoveRandom(): New position: (101, 101)
5s DeviceModule:MoveRandom(): New position: (102, 101)
6s DeviceModule:MoveRandom(): New position: (101, 101)
7s DeviceModule:MoveRandom(): New position: (102, 101)
8s DeviceModule:MoveRandom(): New position: (101, 101)
9s DeviceModule:MoveRandom(): New position: (100, 101)
10s DeviceModule:MoveRandom(): New position: (99, 101)
10s DecisionModule:AddNetworkToList(): Network detected
10s DecisionModule:RemoveNetworkFromList(): Network: 16 out of range!
11s DeviceModule:MoveRandom(): New position: (99, 100)
11s DecisionModule:RemoveNetworkFromList(): Network: 8 out of range!
11s DecisionModule:AddNetworkToList(): Network detected
12s DeviceModule:MoveRandom(): New position: (99, 99)
13s DeviceModule:MoveRandom(): New position: (98, 99)
13s DecisionModule:AddNetworkToList(): Network detected
14s DeviceModule:MoveRandom(): New position: (98, 98)
14s DecisionModule:RemoveNetworkFromList(): Network: 8 out of range!
15s DeviceModule:MoveRandom(): New position: (98, 97)
16s DeviceModule:MoveRandom(): New position: (97, 97)
16s DecisionModule:RemoveNetworkFromList(): Network: 1 out of range!
16s DecisionModule:AddNetworkToList(): Network detected
17s DeviceModule:MoveRandom(): New position: (97, 98)
18s DeviceModule:MoveRandom(): New position: (96, 98)
18s DecisionModule:RemoveNetworkFromList(): Network: 4 out of range!
18s DecisionModule:RemoveNetworkFromList(): Network: 16 out of range!
19s DeviceModule:MoveRandom(): New position: (96, 99)
20s DecisionModule:Run(): Run decision
20s DecisionModule:AnalyzingNetworks(): Current Network: 
       [Network #0, Technology = Wifi, Address = 02-06-00:00:00:00:00:02, { DataRate: 62, SignalStrength: 71, AntiFragility: 85}, IQ: 75]
20s DecisionModule:ShowAllNetworks(): All detected networks:
       [Network #0, Technology = Wifi, Address = 02-06-00:00:00:00:00:02, { DataRate: 62, SignalStrength: 71, AntiFragility: 85}, IQ: 75]
       [Network #14, Technology = Wifi, Address = 02-06-00:00:00:00:00:10, { DataRate: 80, SignalStrength: 97, AntiFragility: 62}, IQ: 75]
       [Network #9, Technology = Wifi, Address = 02-06-00:00:00:00:00:0b, { DataRate: 91, SignalStrength: 23, AntiFragility: 91}, IQ: 74]
       [Network #15, Technology = Wifi, Address = 02-06-00:00:00:00:00:11, { DataRate: 68, SignalStrength: 83, AntiFragility: 72}, IQ: 73]
       [Network #7, Technology = Wifi, Address = 02-06-00:00:00:00:00:09, { DataRate: 16, SignalStrength: 93, AntiFragility: 77}, IQ: 65]
       [Network #12, Technology = Wifi, Address = 02-06-00:00:00:00:00:0e, { DataRate: 35, SignalStrength: 38, AntiFragility: 92}, IQ: 64]
       [Network #2, Technology = Wifi, Address = 02-06-00:00:00:00:00:04, { DataRate: 44, SignalStrength: 59, AntiFragility: 70}, IQ: 60]
       [Network #3, Technology = Wifi, Address = 02-06-00:00:00:00:00:05, { DataRate: 88, SignalStrength: 34, AntiFragility: 57}, IQ: 59]
       [Network #19, Technology = Wimax, Address = 02-06-00:00:00:00:00:16, { DataRate: 27, SignalStrength: 3, AntiFragility: 85}, IQ: 50]
       [Network #5, Technology = Wifi, Address = 02-06-00:00:00:00:00:07, { DataRate: 20, SignalStrength: 46, AntiFragility: 65}, IQ: 49]
       [Network #6, Technology = Wifi, Address = 02-06-00:00:00:00:00:08, { DataRate: 27, SignalStrength: 1, AntiFragility: 85}, IQ: 49]
       [Network #10, Technology = Wifi, Address = 02-06-00:00:00:00:00:0c, { DataRate: 12, SignalStrength: 88, AntiFragility: 34}, IQ: 42]
       [Network #11, Technology = Wifi, Address = 02-06-00:00:00:00:00:0d, { DataRate: 74, SignalStrength: 59, AntiFragility: 19}, IQ: 42]
       [Network #8, Technology = Wifi, Address = 02-06-00:00:00:00:00:0a, { DataRate: 7, SignalStrength: 19, AntiFragility: 61}, IQ: 37]
       [Network #17, Technology = Wifi, Address = 02-06-00:00:00:00:00:13, { DataRate: 9, SignalStrength: 26, AntiFragility: 21}, IQ: 19]
20s DeviceModule:MoveRandom(): New position: (97, 99)
21s DeviceModule:MoveRandom(): New position: (97, 98)
21s DecisionModule:AddNetworkToList(): Network detected
21s DecisionModule:AddNetworkToList(): Network detected
22s DeviceModule:MoveRandom(): New position: (97, 99)
22s DecisionModule:RemoveNetworkFromList(): Network: 4 out of range!
22s DecisionModule:RemoveNetworkFromList(): Network: 16 out of range!
23s DeviceModule:MoveRandom(): New position: (97, 100)
24s DeviceModule:MoveRandom(): New position: (97, 99)
25s DeviceModule:MoveRandom(): New position: (97, 98)
25s DecisionModule:AddNetworkToList(): Network detected
25s DecisionModule:AddNetworkToList(): Network detected
26s DeviceModule:MoveRandom(): New position: (98, 98)
26s DecisionModule:AddNetworkToList(): Network detected
26s DecisionModule:RemoveNetworkFromList(): Network: 8 out of range!
27s DeviceModule:MoveRandom(): New position: (98, 99)
27s DecisionModule:AddNetworkToList(): Network detected
28s DeviceModule:MoveRandom(): New position: (98, 100)
28s DecisionModule:RemoveNetworkFromList(): Network: 16 out of range!
29s DeviceModule:MoveRandom(): New position: (98, 101)
30s DeviceModule:MoveRandom(): New position: (98, 102)
31s DeviceModule:MoveRandom(): New position: (98, 103)
32s DeviceModule:MoveRandom(): New position: (97, 103)
32s DecisionModule:RemoveNetworkFromList(): Network: 4 out of range!
33s DeviceModule:MoveRandom(): New position: (97, 104)
34s DeviceModule:MoveRandom(): New position: (96, 104)
34s DecisionModule:RemoveNetworkFromList(): Network: 1 out of range!
35s DeviceModule:MoveRandom(): New position: (96, 105)
36s DeviceModule:MoveRandom(): New position: (96, 106)
37s DeviceModule:MoveRandom(): New position: (96, 107)
38s DeviceModule:MoveRandom(): New position: (96, 106)
39s DeviceModule:MoveRandom(): New position: (97, 106)
39s DecisionModule:AddNetworkToList(): Network detected
40s DecisionModule:Run(): Run decision
40s DecisionModule:AnalyzingNetworks(): Current Network: 
       [Network #7, Technology = Wifi, Address = 02-06-00:00:00:00:00:09, { DataRate: 78, SignalStrength: 69, AntiFragility: 93}, IQ: 83]
40s DecisionModule:ShowAllNetworks(): All detected networks:
       [Network #7, Technology = Wifi, Address = 02-06-00:00:00:00:00:09, { DataRate: 78, SignalStrength: 69, AntiFragility: 93}, IQ: 83]
       [Network #6, Technology = Wifi, Address = 02-06-00:00:00:00:00:08, { DataRate: 79, SignalStrength: 98, AntiFragility: 67}, IQ: 77]
       [Network #3, Technology = Wifi, Address = 02-06-00:00:00:00:00:05, { DataRate: 79, SignalStrength: 50, AntiFragility: 88}, IQ: 76]
       [Network #1, Technology = Wifi, Address = 02-06-00:00:00:00:00:03, { DataRate: 12, SignalStrength: 54, AntiFragility: 89}, IQ: 61]
       [Network #17, Technology = Wifi, Address = 02-06-00:00:00:00:00:13, { DataRate: 91, SignalStrength: 18, AntiFragility: 63}, IQ: 58]
       [Network #5, Technology = Wifi, Address = 02-06-00:00:00:00:00:07, { DataRate: 87, SignalStrength: 51, AntiFragility: 42}, IQ: 55]
       [Network #11, Technology = Wifi, Address = 02-06-00:00:00:00:00:0d, { DataRate: 54, SignalStrength: 43, AntiFragility: 59}, IQ: 53]
       [Network #10, Technology = Wifi, Address = 02-06-00:00:00:00:00:0c, { DataRate: 14, SignalStrength: 44, AntiFragility: 76}, IQ: 52]
       [Network #19, Technology = Wimax, Address = 02-06-00:00:00:00:00:16, { DataRate: 52, SignalStrength: 63, AntiFragility: 43}, IQ: 50]
       [Network #9, Technology = Wifi, Address = 02-06-00:00:00:00:00:0b, { DataRate: 83, SignalStrength: 23, AntiFragility: 47}, IQ: 50]
       [Network #0, Technology = Wifi, Address = 02-06-00:00:00:00:00:02, { DataRate: 73, SignalStrength: 34, AntiFragility: 46}, IQ: 49]
       [Network #15, Technology = Wifi, Address = 02-06-00:00:00:00:00:11, { DataRate: 74, SignalStrength: 61, AntiFragility: 29}, IQ: 48]
       [Network #8, Technology = Wifi, Address = 02-06-00:00:00:00:00:0a, { DataRate: 30, SignalStrength: 73, AntiFragility: 33}, IQ: 42]
       [Network #2, Technology = Wifi, Address = 02-06-00:00:00:00:00:04, { DataRate: 64, SignalStrength: 43, AntiFragility: 23}, IQ: 38]
       [Network #12, Technology = Wifi, Address = 02-06-00:00:00:00:00:0e, { DataRate: 26, SignalStrength: 54, AntiFragility: 36}, IQ: 38]
       [Network #14, Technology = Wifi, Address = 02-06-00:00:00:00:00:10, { DataRate: 8, SignalStrength: 40, AntiFragility: 46}, IQ: 35]
40s ExecutionModule:Run(): Decision time => Seconds: 0, Miliseconds: 270
40s ExecutionModule:Run(): Handover time => Seconds: 0, Miliseconds: 180
40s ExecutionModule:Run(): Event: Horizontal Handover.
40s DeviceModule:MoveRandom(): New position: (96, 106)
40s DecisionModule:RemoveNetworkFromList(): Network: 1 out of range!
41s DeviceModule:MoveRandom(): New position: (95, 106)
42s DeviceModule:MoveRandom(): New position: (94, 106)
43s DeviceModule:MoveRandom(): New position: (94, 105)
44s DeviceModule:MoveRandom(): New position: (94, 106)
45s DeviceModule:MoveRandom(): New position: (95, 106)
46s DeviceModule:MoveRandom(): New position: (96, 106)
47s DeviceModule:MoveRandom(): New position: (95, 106)
48s DeviceModule:MoveRandom(): New position: (95, 105)
49s DeviceModule:MoveRandom(): New position: (95, 104)
50s DeviceModule:MoveRandom(): New position: (94, 104)
51s DeviceModule:MoveRandom(): New position: (93, 104)
52s DeviceModule:MoveRandom(): New position: (93, 105)
53s DeviceModule:MoveRandom(): New position: (93, 106)
54s DeviceModule:MoveRandom(): New position: (93, 107)
55s DeviceModule:MoveRandom(): New position: (93, 106)
56s DeviceModule:MoveRandom(): New position: (92, 106)
57s DeviceModule:MoveRandom(): New position: (91, 106)
58s DeviceModule:MoveRandom(): New position: (91, 107)
58s ExecutionModule:OutOfRange(): OUT OF BETTER NETWORK! Choosing another network...
58s DecisionModule:RemoveNetworkFromList(): Network: 7 out of range!
58s DecisionModule:Run(): Run decision
58s DecisionModule:AnalyzingNetworks(): Current Network: 
       [Network #8, Technology = Wifi, Address = 02-06-00:00:00:00:00:0a, { DataRate: 56, SignalStrength: 60, AntiFragility: 82}, IQ: 70]
58s DecisionModule:ShowAllNetworks(): All detected networks:
       [Network #8, Technology = Wifi, Address = 02-06-00:00:00:00:00:0a, { DataRate: 56, SignalStrength: 60, AntiFragility: 82}, IQ: 70]
       [Network #3, Technology = Wifi, Address = 02-06-00:00:00:00:00:05, { DataRate: 61, SignalStrength: 39, AntiFragility: 75}, IQ: 62]
       [Network #17, Technology = Wifi, Address = 02-06-00:00:00:00:00:13, { DataRate: 78, SignalStrength: 60, AntiFragility: 37}, IQ: 53]
       [Network #0, Technology = Wifi, Address = 02-06-00:00:00:00:00:02, { DataRate: 90, SignalStrength: 1, AntiFragility: 59}, IQ: 52]
       [Network #12, Technology = Wifi, Address = 02-06-00:00:00:00:00:0e, { DataRate: 90, SignalStrength: 34, AntiFragility: 40}, IQ: 51]
       [Network #19, Technology = Wimax, Address = 02-06-00:00:00:00:00:16, { DataRate: 90, SignalStrength: 32, AntiFragility: 33}, IQ: 47]
       [Network #10, Technology = Wifi, Address = 02-06-00:00:00:00:00:0c, { DataRate: 5, SignalStrength: 93, AntiFragility: 42}, IQ: 45]
       [Network #2, Technology = Wifi, Address = 02-06-00:00:00:00:00:04, { DataRate: 48, SignalStrength: 77, AntiFragility: 29}, IQ: 45]
       [Network #14, Technology = Wifi, Address = 02-06-00:00:00:00:00:10, { DataRate: 47, SignalStrength: 94, AntiFragility: 16}, IQ: 43]
       [Network #5, Technology = Wifi, Address = 02-06-00:00:00:00:00:07, { DataRate: 42, SignalStrength: 49, AntiFragility: 38}, IQ: 41]
       [Network #6, Technology = Wifi, Address = 02-06-00:00:00:00:00:08, { DataRate: 10, SignalStrength: 79, AntiFragility: 32}, IQ: 38]
       [Network #9, Technology = Wifi, Address = 02-06-00:00:00:00:00:0b, { DataRate: 56, SignalStrength: 61, AntiFragility: 16}, IQ: 37]
       [Network #15, Technology = Wifi, Address = 02-06-00:00:00:00:00:11, { DataRate: 25, SignalStrength: 33, AntiFragility: 21}, IQ: 25]
       [Network #11, Technology = Wifi, Address = 02-06-00:00:00:00:00:0d, { DataRate: 37, SignalStrength: 40, AntiFragility: 2}, IQ: 20]
58s ExecutionModule:Run(): Decision time => Seconds: 0, Miliseconds: 211
58s ExecutionModule:Run(): Handover time => Seconds: 0, Miliseconds: 323
58s ExecutionModule:Run(): Event: Horizontal Handover.
59s DeviceModule:MoveRandom(): New position: (91, 106)
59s DecisionModule:AddNetworkToList(): Network detected
60s DecisionModule:Run(): Run decision
60s DecisionModule:AnalyzingNetworks(): Current Network: 
       [Network #6, Technology = Wifi, Address = 02-06-00:00:00:00:00:08, { DataRate: 74, SignalStrength: 59, AntiFragility: 93}, IQ: 79]
60s DecisionModule:ShowAllNetworks(): All detected networks:
       [Network #6, Technology = Wifi, Address = 02-06-00:00:00:00:00:08, { DataRate: 74, SignalStrength: 59, AntiFragility: 93}, IQ: 79]
       [Network #10, Technology = Wifi, Address = 02-06-00:00:00:00:00:0c, { DataRate: 35, SignalStrength: 77, AntiFragility: 99}, IQ: 77]
       [Network #9, Technology = Wifi, Address = 02-06-00:00:00:00:00:0b, { DataRate: 55, SignalStrength: 16, AntiFragility: 90}, IQ: 62]
       [Network #0, Technology = Wifi, Address = 02-06-00:00:00:00:00:02, { DataRate: 19, SignalStrength: 43, AntiFragility: 92}, IQ: 61]
       [Network #5, Technology = Wifi, Address = 02-06-00:00:00:00:00:07, { DataRate: 47, SignalStrength: 22, AntiFragility: 80}, IQ: 57]
       [Network #14, Technology = Wifi, Address = 02-06-00:00:00:00:00:10, { DataRate: 11, SignalStrength: 42, AntiFragility: 83}, IQ: 54]
       [Network #11, Technology = Wifi, Address = 02-06-00:00:00:00:00:0d, { DataRate: 88, SignalStrength: 64, AntiFragility: 22}, IQ: 49]
       [Network #19, Technology = Wimax, Address = 02-06-00:00:00:00:00:16, { DataRate: 30, SignalStrength: 58, AntiFragility: 47}, IQ: 45]
       [Network #8, Technology = Wifi, Address = 02-06-00:00:00:00:00:0a, { DataRate: 13, SignalStrength: 81, AntiFragility: 36}, IQ: 41]
       [Network #12, Technology = Wifi, Address = 02-06-00:00:00:00:00:0e, { DataRate: 38, SignalStrength: 13, AntiFragility: 53}, IQ: 39]
       [Network #7, Technology = Wifi, Address = 02-06-00:00:00:00:00:09, { DataRate: 83, SignalStrength: 17, AntiFragility: 12}, IQ: 31]
       [Network #3, Technology = Wifi, Address = 02-06-00:00:00:00:00:05, { DataRate: 45, SignalStrength: 50, AntiFragility: 5}, IQ: 26]
       [Network #17, Technology = Wifi, Address = 02-06-00:00:00:00:00:13, { DataRate: 12, SignalStrength: 82, AntiFragility: 4}, IQ: 25]
       [Network #2, Technology = Wifi, Address = 02-06-00:00:00:00:00:04, { DataRate: 40, SignalStrength: 16, AntiFragility: 3}, IQ: 15]
       [Network #15, Technology = Wifi, Address = 02-06-00:00:00:00:00:11, { DataRate: 6, SignalStrength: 20, AntiFragility: 3}, IQ: 8]
60s ExecutionModule:Run(): Decision time => Seconds: 0, Miliseconds: 289
60s ExecutionModule:Run(): Handover time => Seconds: 0, Miliseconds: 120
60s ExecutionModule:Run(): Event: Horizontal Handover.
60s DeviceModule:MoveRandom(): New position: (91, 107)
60s DecisionModule:RemoveNetworkFromList(): Network: 7 out of range!
61s DeviceModule:MoveRandom(): New position: (90, 107)
62s DeviceModule:MoveRandom(): New position: (91, 107)
63s DeviceModule:MoveRandom(): New position: (90, 107)
64s DeviceModule:MoveRandom(): New position: (89, 107)
65s DeviceModule:MoveRandom(): New position: (88, 107)
66s DeviceModule:MoveRandom(): New position: (88, 106)
67s DeviceModule:MoveRandom(): New position: (89, 106)
68s DeviceModule:MoveRandom(): New position: (90, 106)
69s DeviceModule:MoveRandom(): New position: (89, 106)
70s DeviceModule:MoveRandom(): New position: (89, 107)
71s DeviceModule:MoveRandom(): New position: (90, 107)
72s DeviceModule:MoveRandom(): New position: (89, 107)
73s DeviceModule:MoveRandom(): New position: (90, 107)
74s DeviceModule:MoveRandom(): New position: (90, 108)
75s DeviceModule:MoveRandom(): New position: (90, 107)
76s DeviceModule:MoveRandom(): New position: (89, 107)
77s DeviceModule:MoveRandom(): New position: (89, 108)
78s DeviceModule:MoveRandom(): New position: (89, 109)
79s DeviceModule:MoveRandom(): New position: (89, 108)
80s DecisionModule:Run(): Run decision
80s DecisionModule:AnalyzingNetworks(): Current Network: 
       [Network #17, Technology = Wifi, Address = 02-06-00:00:00:00:00:13, { DataRate: 93, SignalStrength: 79, AntiFragility: 63}, IQ: 74]
80s DecisionModule:ShowAllNetworks(): All detected networks:
       [Network #17, Technology = Wifi, Address = 02-06-00:00:00:00:00:13, { DataRate: 93, SignalStrength: 79, AntiFragility: 63}, IQ: 74]
       [Network #12, Technology = Wifi, Address = 02-06-00:00:00:00:00:0e, { DataRate: 44, SignalStrength: 23, AntiFragility: 88}, IQ: 60]
       [Network #0, Technology = Wifi, Address = 02-06-00:00:00:00:00:02, { DataRate: 50, SignalStrength: 86, AntiFragility: 50}, IQ: 59]
       [Network #5, Technology = Wifi, Address = 02-06-00:00:00:00:00:07, { DataRate: 29, SignalStrength: 48, AntiFragility: 75}, IQ: 56]
       [Network #6, Technology = Wifi, Address = 02-06-00:00:00:00:00:08, { DataRate: 16, SignalStrength: 80, AntiFragility: 63}, IQ: 55]
       [Network #2, Technology = Wifi, Address = 02-06-00:00:00:00:00:04, { DataRate: 53, SignalStrength: 30, AntiFragility: 66}, IQ: 53]
       [Network #10, Technology = Wifi, Address = 02-06-00:00:00:00:00:0c, { DataRate: 12, SignalStrength: 38, AntiFragility: 74}, IQ: 49]
       [Network #11, Technology = Wifi, Address = 02-06-00:00:00:00:00:0d, { DataRate: 17, SignalStrength: 73, AntiFragility: 51}, IQ: 48]
       [Network #9, Technology = Wifi, Address = 02-06-00:00:00:00:00:0b, { DataRate: 94, SignalStrength: 60, AntiFragility: 14}, IQ: 45]
       [Network #14, Technology = Wifi, Address = 02-06-00:00:00:00:00:10, { DataRate: 59, SignalStrength: 34, AntiFragility: 36}, IQ: 41]
       [Network #19, Technology = Wimax, Address = 02-06-00:00:00:00:00:16, { DataRate: 75, SignalStrength: 76, AntiFragility: 5}, IQ: 40]
       [Network #3, Technology = Wifi, Address = 02-06-00:00:00:00:00:05, { DataRate: 2, SignalStrength: 13, AntiFragility: 69}, IQ: 38]
       [Network #8, Technology = Wifi, Address = 02-06-00:00:00:00:00:0a, { DataRate: 63, SignalStrength: 58, AntiFragility: 5}, IQ: 32]
       [Network #15, Technology = Wifi, Address = 02-06-00:00:00:00:00:11, { DataRate: 22, SignalStrength: 39, AntiFragility: 4}, IQ: 17]
80s ExecutionModule:Run(): Decision time => Seconds: 0, Miliseconds: 259
80s ExecutionModule:Run(): Handover time => Seconds: 0, Miliseconds: 120
80s ExecutionModule:Run(): Event: Horizontal Handover.
80s DeviceModule:MoveRandom(): New position: (89, 109)
81s DeviceModule:MoveRandom(): New position: (89, 110)
82s DeviceModule:MoveRandom(): New position: (90, 110)
83s DeviceModule:MoveRandom(): New position: (89, 110)
84s DeviceModule:MoveRandom(): New position: (89, 111)
85s DeviceModule:MoveRandom(): New position: (89, 112)
86s DeviceModule:MoveRandom(): New position: (89, 111)
87s DeviceModule:MoveRandom(): New position: (89, 110)
88s DeviceModule:MoveRandom(): New position: (88, 110)
89s DeviceModule:MoveRandom(): New position: (89, 110)
90s DeviceModule:MoveRandom(): New position: (89, 111)
91s DeviceModule:MoveRandom(): New position: (89, 112)
92s DeviceModule:MoveRandom(): New position: (90, 112)
93s DeviceModule:MoveRandom(): New position: (89, 112)
94s DeviceModule:MoveRandom(): New position: (90, 112)
95s DeviceModule:MoveRandom(): New position: (90, 113)
96s DeviceModule:MoveRandom(): New position: (89, 113)
97s DeviceModule:MoveRandom(): New position: (88, 113)
98s DeviceModule:MoveRandom(): New position: (89, 113)
99s DeviceModule:MoveRandom(): New position: (89, 114)
100s DecisionModule:Run(): Run decision
100s DecisionModule:AnalyzingNetworks(): Current Network: 
       [Network #17, Technology = Wifi, Address = 02-06-00:00:00:00:00:13, { DataRate: 60, SignalStrength: 62, AntiFragility: 81}, IQ: 71]
100s DecisionModule:ShowAllNetworks(): All detected networks:
       [Network #17, Technology = Wifi, Address = 02-06-00:00:00:00:00:13, { DataRate: 60, SignalStrength: 62, AntiFragility: 81}, IQ: 71]
       [Network #19, Technology = Wimax, Address = 02-06-00:00:00:00:00:16, { DataRate: 45, SignalStrength: 96, AntiFragility: 70}, IQ: 70]
       [Network #10, Technology = Wifi, Address = 02-06-00:00:00:00:00:0c, { DataRate: 87, SignalStrength: 90, AntiFragility: 47}, IQ: 67]
       [Network #11, Technology = Wifi, Address = 02-06-00:00:00:00:00:0d, { DataRate: 73, SignalStrength: 45, AntiFragility: 75}, IQ: 67]
       [Network #12, Technology = Wifi, Address = 02-06-00:00:00:00:00:0e, { DataRate: 30, SignalStrength: 67, AntiFragility: 70}, IQ: 59]
       [Network #5, Technology = Wifi, Address = 02-06-00:00:00:00:00:07, { DataRate: 48, SignalStrength: 27, AntiFragility: 67}, IQ: 52]
       [Network #8, Technology = Wifi, Address = 02-06-00:00:00:00:00:0a, { DataRate: 26, SignalStrength: 28, AntiFragility: 78}, IQ: 52]
       [Network #9, Technology = Wifi, Address = 02-06-00:00:00:00:00:0b, { DataRate: 61, SignalStrength: 40, AntiFragility: 40}, IQ: 45]
       [Network #3, Technology = Wifi, Address = 02-06-00:00:00:00:00:05, { DataRate: 59, SignalStrength: 18, AntiFragility: 52}, IQ: 45]
       [Network #2, Technology = Wifi, Address = 02-06-00:00:00:00:00:04, { DataRate: 58, SignalStrength: 64, AntiFragility: 18}, IQ: 39]
       [Network #15, Technology = Wifi, Address = 02-06-00:00:00:00:00:11, { DataRate: 36, SignalStrength: 47, AntiFragility: 26}, IQ: 33]
       [Network #14, Technology = Wifi, Address = 02-06-00:00:00:00:00:10, { DataRate: 89, SignalStrength: 15, AntiFragility: 9}, IQ: 30]
       [Network #0, Technology = Wifi, Address = 02-06-00:00:00:00:00:02, { DataRate: 26, SignalStrength: 58, AntiFragility: 10}, IQ: 26]
       [Network #6, Technology = Wifi, Address = 02-06-00:00:00:00:00:08, { DataRate: 4, SignalStrength: 23, AntiFragility: 24}, IQ: 18]
100s DeviceModule:MoveRandom(): New position: (88, 114)
101s DeviceModule:MoveRandom(): New position: (88, 113)
102s DeviceModule:MoveRandom(): New position: (88, 112)
103s DeviceModule:MoveRandom(): New position: (89, 112)
104s DeviceModule:MoveRandom(): New position: (90, 112)
105s DeviceModule:MoveRandom(): New position: (89, 112)
106s DeviceModule:MoveRandom(): New position: (89, 113)
107s DeviceModule:MoveRandom(): New position: (88, 113)
108s DeviceModule:MoveRandom(): New position: (88, 112)
109s DeviceModule:MoveRandom(): New position: (87, 112)
110s DeviceModule:MoveRandom(): New position: (87, 113)
111s DeviceModule:MoveRandom(): New position: (87, 114)
112s DeviceModule:MoveRandom(): New position: (86, 114)
113s DeviceModule:MoveRandom(): New position: (85, 114)
114s DeviceModule:MoveRandom(): New position: (84, 114)
115s DeviceModule:MoveRandom(): New position: (84, 115)
116s DeviceModule:MoveRandom(): New position: (83, 115)
117s DeviceModule:MoveRandom(): New position: (83, 114)
118s DeviceModule:MoveRandom(): New position: (82, 114)
119s DeviceModule:MoveRandom(): New position: (83, 114)
120s DecisionModule:Run(): Run decision
120s DecisionModule:AnalyzingNetworks(): Current Network: 
       [Network #15, Technology = Wifi, Address = 02-06-00:00:00:00:00:11, { DataRate: 57, SignalStrength: 63, AntiFragility: 91}, IQ: 75]
120s DecisionModule:ShowAllNetworks(): All detected networks:
       [Network #15, Technology = Wifi, Address = 02-06-00:00:00:00:00:11, { DataRate: 57, SignalStrength: 63, AntiFragility: 91}, IQ: 75]
       [Network #3, Technology = Wifi, Address = 02-06-00:00:00:00:00:05, { DataRate: 66, SignalStrength: 58, AntiFragility: 87}, IQ: 74]
       [Network #17, Technology = Wifi, Address = 02-06-00:00:00:00:00:13, { DataRate: 72, SignalStrength: 96, AntiFragility: 57}, IQ: 70]
       [Network #6, Technology = Wifi, Address = 02-06-00:00:00:00:00:08, { DataRate: 51, SignalStrength: 97, AntiFragility: 59}, IQ: 66]
       [Network #14, Technology = Wifi, Address = 02-06-00:00:00:00:00:10, { DataRate: 53, SignalStrength: 50, AntiFragility: 79}, IQ: 65]
       [Network #11, Technology = Wifi, Address = 02-06-00:00:00:00:00:0d, { DataRate: 48, SignalStrength: 16, AntiFragility: 89}, IQ: 60]
       [Network #5, Technology = Wifi, Address = 02-06-00:00:00:00:00:07, { DataRate: 59, SignalStrength: 32, AntiFragility: 71}, IQ: 58]
       [Network #12, Technology = Wifi, Address = 02-06-00:00:00:00:00:0e, { DataRate: 4, SignalStrength: 95, AntiFragility: 34}, IQ: 41]
       [Network #10, Technology = Wifi, Address = 02-06-00:00:00:00:00:0c, { DataRate: 80, SignalStrength: 68, AntiFragility: 5}, IQ: 39]
       [Network #0, Technology = Wifi, Address = 02-06-00:00:00:00:00:02, { DataRate: 30, SignalStrength: 7, AntiFragility: 59}, IQ: 38]
       [Network #19, Technology = Wimax, Address = 02-06-00:00:00:00:00:16, { DataRate: 36, SignalStrength: 25, AntiFragility: 35}, IQ: 32]
       [Network #9, Technology = Wifi, Address = 02-06-00:00:00:00:00:0b, { DataRate: 31, SignalStrength: 17, AntiFragility: 41}, IQ: 32]
       [Network #8, Technology = Wifi, Address = 02-06-00:00:00:00:00:0a, { DataRate: 14, SignalStrength: 26, AntiFragility: 10}, IQ: 15]
       [Network #2, Technology = Wifi, Address = 02-06-00:00:00:00:00:04, { DataRate: 13, SignalStrength: 6, AntiFragility: 18}, IQ: 13]
120s ExecutionModule:Run(): Decision time => Seconds: 0, Miliseconds: 259
120s ExecutionModule:Run(): Handover time => Seconds: 0, Miliseconds: 122
120s ExecutionModule:Run(): Event: Horizontal Handover.
120s DeviceModule:MoveRandom(): New position: (84, 114)
121s DeviceModule:MoveRandom(): New position: (84, 115)
122s DeviceModule:MoveRandom(): New position: (83, 115)
123s DeviceModule:MoveRandom(): New position: (83, 116)
124s DeviceModule:MoveRandom(): New position: (84, 116)
125s DeviceModule:MoveRandom(): New position: (84, 117)
126s DeviceModule:MoveRandom(): New position: (84, 116)
127s DeviceModule:MoveRandom(): New position: (83, 116)
128s DeviceModule:MoveRandom(): New position: (83, 117)
129s DeviceModule:MoveRandom(): New position: (84, 117)
130s DeviceModule:MoveRandom(): New position: (84, 118)
131s DeviceModule:MoveRandom(): New position: (85, 118)
132s DeviceModule:MoveRandom(): New position: (86, 118)
133s DeviceModule:MoveRandom(): New position: (86, 119)
133s DecisionModule:RemoveNetworkFromList(): Network: 6 out of range!
134s DeviceModule:MoveRandom(): New position: (86, 120)
135s DeviceModule:MoveRandom(): New position: (85, 120)
136s DeviceModule:MoveRandom(): New position: (85, 121)
137s DeviceModule:MoveRandom(): New position: (85, 122)
138s DeviceModule:MoveRandom(): New position: (84, 122)
139s DeviceModule:MoveRandom(): New position: (85, 122)
140s DecisionModule:Run(): Run decision
140s DecisionModule:AnalyzingNetworks(): Current Network: 
       [Network #12, Technology = Wifi, Address = 02-06-00:00:00:00:00:0e, { DataRate: 89, SignalStrength: 31, AntiFragility: 96}, IQ: 78]
140s DecisionModule:ShowAllNetworks(): All detected networks:
       [Network #12, Technology = Wifi, Address = 02-06-00:00:00:00:00:0e, { DataRate: 89, SignalStrength: 31, AntiFragility: 96}, IQ: 78]
       [Network #17, Technology = Wifi, Address = 02-06-00:00:00:00:00:13, { DataRate: 94, SignalStrength: 17, AntiFragility: 94}, IQ: 74]
       [Network #0, Technology = Wifi, Address = 02-06-00:00:00:00:00:02, { DataRate: 97, SignalStrength: 43, AntiFragility: 55}, IQ: 62]
       [Network #3, Technology = Wifi, Address = 02-06-00:00:00:00:00:05, { DataRate: 49, SignalStrength: 32, AntiFragility: 79}, IQ: 59]
       [Network #14, Technology = Wifi, Address = 02-06-00:00:00:00:00:10, { DataRate: 72, SignalStrength: 64, AntiFragility: 45}, IQ: 56]
       [Network #8, Technology = Wifi, Address = 02-06-00:00:00:00:00:0a, { DataRate: 38, SignalStrength: 63, AntiFragility: 58}, IQ: 54]
       [Network #9, Technology = Wifi, Address = 02-06-00:00:00:00:00:0b, { DataRate: 91, SignalStrength: 94, AntiFragility: 11}, IQ: 51]
       [Network #11, Technology = Wifi, Address = 02-06-00:00:00:00:00:0d, { DataRate: 15, SignalStrength: 92, AntiFragility: 39}, IQ: 46]
       [Network #19, Technology = Wimax, Address = 02-06-00:00:00:00:00:16, { DataRate: 42, SignalStrength: 62, AntiFragility: 32}, IQ: 42]
       [Network #10, Technology = Wifi, Address = 02-06-00:00:00:00:00:0c, { DataRate: 74, SignalStrength: 82, AntiFragility: 5}, IQ: 41]
       [Network #15, Technology = Wifi, Address = 02-06-00:00:00:00:00:11, { DataRate: 93, SignalStrength: 19, AntiFragility: 25}, IQ: 40]
       [Network #2, Technology = Wifi, Address = 02-06-00:00:00:00:00:04, { DataRate: 39, SignalStrength: 55, AntiFragility: 12}, IQ: 29]
       [Network #5, Technology = Wifi, Address = 02-06-00:00:00:00:00:07, { DataRate: 2, SignalStrength: 4, AntiFragility: 23}, IQ: 13]
140s ExecutionModule:Run(): Decision time => Seconds: 0, Miliseconds: 587
140s ExecutionModule:Run(): Handover time => Seconds: 0, Miliseconds: 134
140s ExecutionModule:Run(): Event: Horizontal Handover.
140s DeviceModule:MoveRandom(): New position: (86, 122)
141s DeviceModule:MoveRandom(): New position: (87, 122)
142s DeviceModule:MoveRandom(): New position: (87, 123)
143s DeviceModule:MoveRandom(): New position: (87, 122)
144s DeviceModule:MoveRandom(): New position: (88, 122)
145s DeviceModule:MoveRandom(): New position: (87, 122)
146s DeviceModule:MoveRandom(): New position: (88, 122)
147s DeviceModule:MoveRandom(): New position: (88, 121)
148s DeviceModule:MoveRandom(): New position: (89, 121)
149s DeviceModule:MoveRandom(): New position: (89, 122)
150s DeviceModule:MoveRandom(): New position: (89, 121)
151s DeviceModule:MoveRandom(): New position: (88, 121)
152s DeviceModule:MoveRandom(): New position: (87, 121)
153s DeviceModule:MoveRandom(): New position: (88, 121)
154s DeviceModule:MoveRandom(): New position: (88, 122)
155s DeviceModule:MoveRandom(): New position: (88, 121)
156s DeviceModule:MoveRandom(): New position: (87, 121)
157s DeviceModule:MoveRandom(): New position: (87, 122)
158s DeviceModule:MoveRandom(): New position: (87, 123)
159s DeviceModule:MoveRandom(): New position: (87, 124)
160s DecisionModule:Run(): Run decision
160s DecisionModule:AnalyzingNetworks(): Current Network: 
       [Network #9, Technology = Wifi, Address = 02-06-00:00:00:00:00:0b, { DataRate: 76, SignalStrength: 79, AntiFragility: 98}, IQ: 87]
160s DecisionModule:ShowAllNetworks(): All detected networks:
       [Network #9, Technology = Wifi, Address = 02-06-00:00:00:00:00:0b, { DataRate: 76, SignalStrength: 79, AntiFragility: 98}, IQ: 87]
       [Network #3, Technology = Wifi, Address = 02-06-00:00:00:00:00:05, { DataRate: 77, SignalStrength: 54, AntiFragility: 95}, IQ: 80]
       [Network #0, Technology = Wifi, Address = 02-06-00:00:00:00:00:02, { DataRate: 76, SignalStrength: 72, AntiFragility: 64}, IQ: 69]
       [Network #10, Technology = Wifi, Address = 02-06-00:00:00:00:00:0c, { DataRate: 16, SignalStrength: 98, AntiFragility: 79}, IQ: 68]
       [Network #14, Technology = Wifi, Address = 02-06-00:00:00:00:00:10, { DataRate: 18, SignalStrength: 98, AntiFragility: 69}, IQ: 63]
       [Network #11, Technology = Wifi, Address = 02-06-00:00:00:00:00:0d, { DataRate: 96, SignalStrength: 26, AntiFragility: 60}, IQ: 60]
       [Network #8, Technology = Wifi, Address = 02-06-00:00:00:00:00:0a, { DataRate: 88, SignalStrength: 63, AntiFragility: 28}, IQ: 51]
       [Network #19, Technology = Wimax, Address = 02-06-00:00:00:00:00:16, { DataRate: 30, SignalStrength: 61, AntiFragility: 51}, IQ: 48]
       [Network #5, Technology = Wifi, Address = 02-06-00:00:00:00:00:07, { DataRate: 77, SignalStrength: 75, AntiFragility: 12}, IQ: 44]
       [Network #15, Technology = Wifi, Address = 02-06-00:00:00:00:00:11, { DataRate: 52, SignalStrength: 56, AntiFragility: 32}, IQ: 43]
       [Network #2, Technology = Wifi, Address = 02-06-00:00:00:00:00:04, { DataRate: 56, SignalStrength: 10, AntiFragility: 35}, IQ: 34]
       [Network #17, Technology = Wifi, Address = 02-06-00:00:00:00:00:13, { DataRate: 51, SignalStrength: 69, AntiFragility: 2}, IQ: 31]
       [Network #12, Technology = Wifi, Address = 02-06-00:00:00:00:00:0e, { DataRate: 1, SignalStrength: 4, AntiFragility: 58}, IQ: 30]
160s ExecutionModule:Run(): Decision time => Seconds: 0, Miliseconds: 233
160s ExecutionModule:Run(): Handover time => Seconds: 0, Miliseconds: 122
160s ExecutionModule:Run(): Event: Horizontal Handover.
160s DeviceModule:MoveRandom(): New position: (87, 123)
161s DeviceModule:MoveRandom(): New position: (87, 124)
162s DeviceModule:MoveRandom(): New position: (88, 124)
163s DeviceModule:MoveRandom(): New position: (88, 123)
164s DeviceModule:MoveRandom(): New position: (87, 123)
165s DeviceModule:MoveRandom(): New position: (86, 123)
166s DeviceModule:MoveRandom(): New position: (87, 123)
167s DeviceModule:MoveRandom(): New position: (86, 123)
168s DeviceModule:MoveRandom(): New position: (86, 124)
169s DeviceModule:MoveRandom(): New position: (85, 124)
170s DeviceModule:MoveRandom(): New position: (85, 123)
171s DeviceModule:MoveRandom(): New position: (85, 124)
172s DeviceModule:MoveRandom(): New position: (84, 124)
173s DeviceModule:MoveRandom(): New position: (83, 124)
174s DeviceModule:MoveRandom(): New position: (83, 123)
175s DeviceModule:MoveRandom(): New position: (82, 123)
176s DeviceModule:MoveRandom(): New position: (83, 123)
177s DeviceModule:MoveRandom(): New position: (82, 123)
178s DeviceModule:MoveRandom(): New position: (82, 122)
179s DeviceModule:MoveRandom(): New position: (81, 122)
180s DecisionModule:Run(): Run decision
180s DecisionModule:AnalyzingNetworks(): Current Network: 
       [Network #2, Technology = Wifi, Address = 02-06-00:00:00:00:00:04, { DataRate: 82, SignalStrength: 92, AntiFragility: 94}, IQ: 90]
180s DecisionModule:ShowAllNetworks(): All detected networks:
       [Network #2, Technology = Wifi, Address = 02-06-00:00:00:00:00:04, { DataRate: 82, SignalStrength: 92, AntiFragility: 94}, IQ: 90]
       [Network #14, Technology = Wifi, Address = 02-06-00:00:00:00:00:10, { DataRate: 91, SignalStrength: 76, AntiFragility: 93}, IQ: 88]
       [Network #19, Technology = Wimax, Address = 02-06-00:00:00:00:00:16, { DataRate: 11, SignalStrength: 72, AntiFragility: 95}, IQ: 68]
       [Network #0, Technology = Wifi, Address = 02-06-00:00:00:00:00:02, { DataRate: 82, SignalStrength: 20, AntiFragility: 80}, IQ: 65]
       [Network #15, Technology = Wifi, Address = 02-06-00:00:00:00:00:11, { DataRate: 97, SignalStrength: 95, AntiFragility: 31}, IQ: 63]
       [Network #17, Technology = Wifi, Address = 02-06-00:00:00:00:00:13, { DataRate: 34, SignalStrength: 51, AntiFragility: 84}, IQ: 63]
       [Network #10, Technology = Wifi, Address = 02-06-00:00:00:00:00:0c, { DataRate: 8, SignalStrength: 55, AntiFragility: 94}, IQ: 62]
       [Network #12, Technology = Wifi, Address = 02-06-00:00:00:00:00:0e, { DataRate: 98, SignalStrength: 83, AntiFragility: 19}, IQ: 54]
       [Network #3, Technology = Wifi, Address = 02-06-00:00:00:00:00:05, { DataRate: 63, SignalStrength: 59, AntiFragility: 38}, IQ: 49]
       [Network #5, Technology = Wifi, Address = 02-06-00:00:00:00:00:07, { DataRate: 65, SignalStrength: 50, AntiFragility: 33}, IQ: 45]
       [Network #11, Technology = Wifi, Address = 02-06-00:00:00:00:00:0d, { DataRate: 35, SignalStrength: 67, AntiFragility: 23}, IQ: 37]
       [Network #8, Technology = Wifi, Address = 02-06-00:00:00:00:00:0a, { DataRate: 29, SignalStrength: 55, AntiFragility: 31}, IQ: 36]
       [Network #9, Technology = Wifi, Address = 02-06-00:00:00:00:00:0b, { DataRate: 32, SignalStrength: 45, AntiFragility: 11}, IQ: 24]
180s ExecutionModule:Run(): Decision time => Seconds: 0, Miliseconds: 232
180s ExecutionModule:Run(): Handover time => Seconds: 0, Miliseconds: 120
180s ExecutionModule:Run(): Event: Horizontal Handover.
180s DeviceModule:MoveRandom(): New position: (81, 123)
181s DeviceModule:MoveRandom(): New position: (80, 123)
182s DeviceModule:MoveRandom(): New position: (80, 124)
183s DeviceModule:MoveRandom(): New position: (81, 124)
184s DeviceModule:MoveRandom(): New position: (81, 123)
185s DeviceModule:MoveRandom(): New position: (80, 123)
186s DeviceModule:MoveRandom(): New position: (81, 123)
187s DeviceModule:MoveRandom(): New position: (81, 122)
188s DeviceModule:MoveRandom(): New position: (82, 122)
189s DeviceModule:MoveRandom(): New position: (83, 122)
190s DeviceModule:MoveRandom(): New position: (84, 122)
191s DeviceModule:MoveRandom(): New position: (84, 121)
192s DeviceModule:MoveRandom(): New position: (84, 120)
192s DecisionModule:AddNetworkToList(): Network detected
193s DeviceModule:MoveRandom(): New position: (85, 120)
193s DecisionModule:RemoveNetworkFromList(): Network: 6 out of range!
194s DeviceModule:MoveRandom(): New position: (84, 120)
194s DecisionModule:AddNetworkToList(): Network detected
195s DeviceModule:MoveRandom(): New position: (83, 120)
196s DeviceModule:MoveRandom(): New position: (83, 121)
196s DecisionModule:RemoveNetworkFromList(): Network: 6 out of range!
197s DeviceModule:MoveRandom(): New position: (83, 122)
198s DeviceModule:MoveRandom(): New position: (84, 122)
199s DeviceModule:MoveRandom(): New position: (85, 122)
