Waf: Entering directory `/home/renan/Documents/NR2/ns-allinone-3.20/ns-3.20/build'
Waf: Leaving directory `/home/renan/Documents/NR2/ns-allinone-3.20/ns-3.20/build'
'build' finished successfully (1.801s)
0s NetworkModule:SetPosition(): Network 0 set position => (135, 118)
0s NetworkModule:SetRange(): Network 0 set range => 100
0s NetworkModule:SetPosition(): Network 1 set position => (130, 128)
0s NetworkModule:SetRange(): Network 1 set range => 100
0s NetworkModule:SetPosition(): Network 2 set position => (17, 199)
0s NetworkModule:SetRange(): Network 2 set range => 100
0s NetworkModule:SetPosition(): Network 3 set position => (170, 108)
0s NetworkModule:SetRange(): Network 3 set range => 100
0s NetworkModule:SetPosition(): Network 4 set position => (142, 184)
0s NetworkModule:SetRange(): Network 4 set range => 100
0s NetworkModule:SetPosition(): Network 5 set position => (154, 97)
0s NetworkModule:SetRange(): Network 5 set range => 100
0s NetworkModule:SetPosition(): Network 6 set position => (77, 125)
0s NetworkModule:SetRange(): Network 6 set range => 100
0s NetworkModule:SetPosition(): Network 7 set position => (12, 173)
0s NetworkModule:SetRange(): Network 7 set range => 100
0s NetworkModule:SetPosition(): Network 8 set position => (144, 47)
0s NetworkModule:SetRange(): Network 8 set range => 100
0s NetworkModule:SetPosition(): Network 9 set position => (164, 0)
0s NetworkModule:SetRange(): Network 9 set range => 100
0s NetworkModule:SetPosition(): Network 10 set position => (164, 60)
0s NetworkModule:SetRange(): Network 10 set range => 100
0s NetworkModule:SetPosition(): Network 11 set position => (3, 195)
0s NetworkModule:SetRange(): Network 11 set range => 100
0s NetworkModule:SetPosition(): Network 12 set position => (182, 26)
0s NetworkModule:SetRange(): Network 12 set range => 100
0s NetworkModule:SetPosition(): Network 13 set position => (99, 25)
0s NetworkModule:SetRange(): Network 13 set range => 100
0s NetworkModule:SetPosition(): Network 14 set position => (81, 189)
0s NetworkModule:SetRange(): Network 14 set range => 100
0s NetworkModule:SetPosition(): Network 15 set position => (107, 36)
0s NetworkModule:SetRange(): Network 15 set range => 100
0s NetworkModule:SetPosition(): Network 16 set position => (116, 17)
0s NetworkModule:SetRange(): Network 16 set range => 100
0s NetworkModule:SetPosition(): Network 17 set position => (16, 189)
0s NetworkModule:SetRange(): Network 17 set range => 100
0s NetworkModule:SetPosition(): Network 18 set position => (97, 86)
0s NetworkModule:SetRange(): Network 18 set range => 100
0s NetworkModule:SetPosition(): Network 19 set position => (70, 138)
0s NetworkModule:SetRange(): Network 19 set range => 100
0s DeviceModule:ConfigureMobility(): Device [init x = 100, init y = 100, max = 200, velocity = 1]
1s DeviceModule:MoveRandom(): New position: (100, 101)
1s DecisionModule:AddNetworkToList(): Network detected
1s DecisionModule:AddNetworkToList(): Network detected
1s DecisionModule:AddNetworkToList(): Network detected
1s DecisionModule:AddNetworkToList(): Network detected
1s DecisionModule:AddNetworkToList(): Network detected
1s DecisionModule:AddNetworkToList(): Network detected
1s DecisionModule:AddNetworkToList(): Network detected
1s DecisionModule:AddNetworkToList(): Network detected
1s DecisionModule:AddNetworkToList(): Network detected
1s DecisionModule:AddNetworkToList(): Network detected
1s DecisionModule:AddNetworkToList(): Network detected
1s DecisionModule:AddNetworkToList(): Network detected
1s DecisionModule:AddNetworkToList(): Network detected
1s DecisionModule:AddNetworkToList(): Network detected
2s DeviceModule:MoveRandom(): New position: (99, 101)
3s DeviceModule:MoveRandom(): New position: (99, 102)
4s DeviceModule:MoveRandom(): New position: (99, 101)
5s DeviceModule:MoveRandom(): New position: (100, 101)
6s DeviceModule:MoveRandom(): New position: (100, 100)
7s DeviceModule:MoveRandom(): New position: (100, 99)
8s DeviceModule:MoveRandom(): New position: (101, 99)
9s DeviceModule:MoveRandom(): New position: (101, 98)
10s DeviceModule:MoveRandom(): New position: (101, 99)
11s DeviceModule:MoveRandom(): New position: (102, 99)
12s DeviceModule:MoveRandom(): New position: (102, 100)
13s DeviceModule:MoveRandom(): New position: (103, 100)
14s DeviceModule:MoveRandom(): New position: (103, 99)
15s DeviceModule:MoveRandom(): New position: (102, 99)
16s DeviceModule:MoveRandom(): New position: (102, 100)
17s DeviceModule:MoveRandom(): New position: (102, 99)
18s DeviceModule:MoveRandom(): New position: (102, 100)
19s DeviceModule:MoveRandom(): New position: (101, 100)
20s DecisionModule:Run(): Run decision
20s DecisionModule:AnalyzingNetworks(): Current Network: 
       [Network #5, Technology = Wifi, Address = 02-06-00:00:00:00:00:07, { DataRate: 83, SignalStrength: 93, AntiFragility: 94}, IQ: 91]
20s DecisionModule:ShowAllNetworks(): All detected networks:
       [Network #5, Technology = Wifi, Address = 02-06-00:00:00:00:00:07, { DataRate: 83, SignalStrength: 93, AntiFragility: 94}, IQ: 91]
       [Network #13, Technology = Wifi, Address = 02-06-00:00:00:00:00:0f, { DataRate: 96, SignalStrength: 41, AntiFragility: 95}, IQ: 81]
       [Network #18, Technology = Wimax, Address = 02-06-00:00:00:00:00:15, { DataRate: 84, SignalStrength: 91, AntiFragility: 63}, IQ: 75]
       [Network #10, Technology = Wifi, Address = 02-06-00:00:00:00:00:0c, { DataRate: 83, SignalStrength: 81, AntiFragility: 50}, IQ: 66]
       [Network #3, Technology = Wifi, Address = 02-06-00:00:00:00:00:05, { DataRate: 44, SignalStrength: 54, AntiFragility: 84}, IQ: 66]
       [Network #4, Technology = Wifi, Address = 02-06-00:00:00:00:00:06, { DataRate: 95, SignalStrength: 83, AntiFragility: 33}, IQ: 61]
       [Network #6, Technology = Wifi, Address = 02-06-00:00:00:00:00:08, { DataRate: 48, SignalStrength: 60, AntiFragility: 64}, IQ: 59]
       [Network #19, Technology = Wimax, Address = 02-06-00:00:00:00:00:16, { DataRate: 69, SignalStrength: 75, AntiFragility: 46}, IQ: 59]
       [Network #16, Technology = Wifi, Address = 02-06-00:00:00:00:00:12, { DataRate: 49, SignalStrength: 44, AntiFragility: 56}, IQ: 51]
       [Network #15, Technology = Wifi, Address = 02-06-00:00:00:00:00:11, { DataRate: 79, SignalStrength: 84, AntiFragility: 20}, IQ: 50]
       [Network #14, Technology = Wifi, Address = 02-06-00:00:00:00:00:10, { DataRate: 94, SignalStrength: 12, AntiFragility: 38}, IQ: 45]
       [Network #1, Technology = Wifi, Address = 02-06-00:00:00:00:00:03, { DataRate: 27, SignalStrength: 7, AntiFragility: 63}, IQ: 40]
       [Network #0, Technology = Wifi, Address = 02-06-00:00:00:00:00:02, { DataRate: 82, SignalStrength: 17, AntiFragility: 20}, IQ: 34]
       [Network #8, Technology = Wifi, Address = 02-06-00:00:00:00:00:0a, { DataRate: 46, SignalStrength: 10, AntiFragility: 33}, IQ: 30]
20s DeviceModule:MoveRandom(): New position: (101, 99)
21s DeviceModule:MoveRandom(): New position: (101, 98)
22s DeviceModule:MoveRandom(): New position: (101, 97)
23s DeviceModule:MoveRandom(): New position: (102, 97)
24s DeviceModule:MoveRandom(): New position: (102, 98)
25s DeviceModule:MoveRandom(): New position: (103, 98)
26s DeviceModule:MoveRandom(): New position: (102, 98)
27s DeviceModule:MoveRandom(): New position: (103, 98)
28s DeviceModule:MoveRandom(): New position: (103, 99)
29s DeviceModule:MoveRandom(): New position: (103, 100)
30s DeviceModule:MoveRandom(): New position: (102, 100)
31s DeviceModule:MoveRandom(): New position: (102, 99)
32s DeviceModule:MoveRandom(): New position: (101, 99)
33s DeviceModule:MoveRandom(): New position: (102, 99)
34s DeviceModule:MoveRandom(): New position: (102, 100)
35s DeviceModule:MoveRandom(): New position: (102, 99)
36s DeviceModule:MoveRandom(): New position: (102, 100)
37s DeviceModule:MoveRandom(): New position: (101, 100)
38s DeviceModule:MoveRandom(): New position: (100, 100)
39s DeviceModule:MoveRandom(): New position: (101, 100)
40s DecisionModule:Run(): Run decision
40s DecisionModule:AnalyzingNetworks(): Current Network: 
       [Network #18, Technology = Wimax, Address = 02-06-00:00:00:00:00:15, { DataRate: 71, SignalStrength: 77, AntiFragility: 73}, IQ: 73]
40s DecisionModule:ShowAllNetworks(): All detected networks:
       [Network #18, Technology = Wimax, Address = 02-06-00:00:00:00:00:15, { DataRate: 71, SignalStrength: 77, AntiFragility: 73}, IQ: 73]
       [Network #15, Technology = Wifi, Address = 02-06-00:00:00:00:00:11, { DataRate: 90, SignalStrength: 75, AntiFragility: 54}, IQ: 68]
       [Network #0, Technology = Wifi, Address = 02-06-00:00:00:00:00:02, { DataRate: 32, SignalStrength: 29, AntiFragility: 97}, IQ: 63]
       [Network #1, Technology = Wifi, Address = 02-06-00:00:00:00:00:03, { DataRate: 46, SignalStrength: 56, AntiFragility: 73}, IQ: 62]
       [Network #5, Technology = Wifi, Address = 02-06-00:00:00:00:00:07, { DataRate: 4, SignalStrength: 78, AntiFragility: 70}, IQ: 55]
       [Network #16, Technology = Wifi, Address = 02-06-00:00:00:00:00:12, { DataRate: 92, SignalStrength: 14, AntiFragility: 56}, IQ: 54]
       [Network #13, Technology = Wifi, Address = 02-06-00:00:00:00:00:0f, { DataRate: 62, SignalStrength: 34, AntiFragility: 59}, IQ: 53]
       [Network #3, Technology = Wifi, Address = 02-06-00:00:00:00:00:05, { DataRate: 63, SignalStrength: 38, AntiFragility: 52}, IQ: 51]
       [Network #19, Technology = Wimax, Address = 02-06-00:00:00:00:00:16, { DataRate: 57, SignalStrength: 16, AntiFragility: 54}, IQ: 45]
       [Network #10, Technology = Wifi, Address = 02-06-00:00:00:00:00:0c, { DataRate: 99, SignalStrength: 19, AntiFragility: 21}, IQ: 40]
       [Network #8, Technology = Wifi, Address = 02-06-00:00:00:00:00:0a, { DataRate: 61, SignalStrength: 2, AntiFragility: 48}, IQ: 39]
       [Network #14, Technology = Wifi, Address = 02-06-00:00:00:00:00:10, { DataRate: 68, SignalStrength: 45, AntiFragility: 11}, IQ: 33]
       [Network #6, Technology = Wifi, Address = 02-06-00:00:00:00:00:08, { DataRate: 15, SignalStrength: 25, AntiFragility: 39}, IQ: 29]
       [Network #4, Technology = Wifi, Address = 02-06-00:00:00:00:00:06, { DataRate: 49, SignalStrength: 27, AntiFragility: 11}, IQ: 24]
40s ExecutionModule:Run(): Decision time => Seconds: 0, Miliseconds: 258
40s ExecutionModule:Run(): Handover time => Seconds: 0, Miliseconds: 275
40s ExecutionModule:Run(): Event: Vertical Handover.
40s DeviceModule:MoveRandom(): New position: (101, 99)
41s DeviceModule:MoveRandom(): New position: (101, 98)
42s DeviceModule:MoveRandom(): New position: (100, 98)
43s DeviceModule:MoveRandom(): New position: (100, 97)
44s DeviceModule:MoveRandom(): New position: (99, 97)
45s DeviceModule:MoveRandom(): New position: (99, 98)
46s DeviceModule:MoveRandom(): New position: (99, 99)
47s DeviceModule:MoveRandom(): New position: (99, 100)
48s DeviceModule:MoveRandom(): New position: (98, 100)
49s DeviceModule:MoveRandom(): New position: (97, 100)
50s DeviceModule:MoveRandom(): New position: (98, 100)
51s DeviceModule:MoveRandom(): New position: (97, 100)
52s DeviceModule:MoveRandom(): New position: (97, 101)
53s DeviceModule:MoveRandom(): New position: (96, 101)
54s DeviceModule:MoveRandom(): New position: (97, 101)
55s DeviceModule:MoveRandom(): New position: (98, 101)
56s DeviceModule:MoveRandom(): New position: (97, 101)
57s DeviceModule:MoveRandom(): New position: (97, 100)
58s DeviceModule:MoveRandom(): New position: (97, 101)
59s DeviceModule:MoveRandom(): New position: (97, 100)
60s DecisionModule:Run(): Run decision
60s DecisionModule:AnalyzingNetworks(): Current Network: 
       [Network #5, Technology = Wifi, Address = 02-06-00:00:00:00:00:07, { DataRate: 91, SignalStrength: 84, AntiFragility: 93}, IQ: 90]
60s DecisionModule:ShowAllNetworks(): All detected networks:
       [Network #5, Technology = Wifi, Address = 02-06-00:00:00:00:00:07, { DataRate: 91, SignalStrength: 84, AntiFragility: 93}, IQ: 90]
       [Network #14, Technology = Wifi, Address = 02-06-00:00:00:00:00:10, { DataRate: 87, SignalStrength: 91, AntiFragility: 90}, IQ: 89]
       [Network #8, Technology = Wifi, Address = 02-06-00:00:00:00:00:0a, { DataRate: 60, SignalStrength: 77, AntiFragility: 69}, IQ: 68]
       [Network #0, Technology = Wifi, Address = 02-06-00:00:00:00:00:02, { DataRate: 78, SignalStrength: 88, AntiFragility: 51}, IQ: 67]
       [Network #13, Technology = Wifi, Address = 02-06-00:00:00:00:00:0f, { DataRate: 60, SignalStrength: 76, AntiFragility: 61}, IQ: 64]
       [Network #1, Technology = Wifi, Address = 02-06-00:00:00:00:00:03, { DataRate: 10, SignalStrength: 50, AntiFragility: 95}, IQ: 62]
       [Network #4, Technology = Wifi, Address = 02-06-00:00:00:00:00:06, { DataRate: 30, SignalStrength: 43, AntiFragility: 89}, IQ: 62]
       [Network #3, Technology = Wifi, Address = 02-06-00:00:00:00:00:05, { DataRate: 30, SignalStrength: 50, AntiFragility: 79}, IQ: 59]
       [Network #19, Technology = Wimax, Address = 02-06-00:00:00:00:00:16, { DataRate: 10, SignalStrength: 23, AntiFragility: 94}, IQ: 55]
       [Network #10, Technology = Wifi, Address = 02-06-00:00:00:00:00:0c, { DataRate: 88, SignalStrength: 4, AntiFragility: 63}, IQ: 54]
       [Network #16, Technology = Wifi, Address = 02-06-00:00:00:00:00:12, { DataRate: 62, SignalStrength: 75, AntiFragility: 38}, IQ: 53]
       [Network #18, Technology = Wimax, Address = 02-06-00:00:00:00:00:15, { DataRate: 5, SignalStrength: 26, AntiFragility: 73}, IQ: 44]
       [Network #15, Technology = Wifi, Address = 02-06-00:00:00:00:00:11, { DataRate: 21, SignalStrength: 13, AntiFragility: 61}, IQ: 39]
       [Network #6, Technology = Wifi, Address = 02-06-00:00:00:00:00:08, { DataRate: 41, SignalStrength: 42, AntiFragility: 20}, IQ: 30]
60s ExecutionModule:Run(): Decision time => Seconds: 0, Miliseconds: 257
60s ExecutionModule:Run(): Handover time => Seconds: 0, Miliseconds: 44
60s ExecutionModule:Run(): Event: Vertical Handover.
60s DeviceModule:MoveRandom(): New position: (98, 100)
61s DeviceModule:MoveRandom(): New position: (98, 101)
62s DeviceModule:MoveRandom(): New position: (98, 102)
63s DeviceModule:MoveRandom(): New position: (99, 102)
64s DeviceModule:MoveRandom(): New position: (98, 102)
65s DeviceModule:MoveRandom(): New position: (97, 102)
66s DeviceModule:MoveRandom(): New position: (97, 101)
67s DeviceModule:MoveRandom(): New position: (97, 102)
68s DeviceModule:MoveRandom(): New position: (96, 102)
69s DeviceModule:MoveRandom(): New position: (96, 101)
70s DeviceModule:MoveRandom(): New position: (97, 101)
71s DeviceModule:MoveRandom(): New position: (97, 100)
72s DeviceModule:MoveRandom(): New position: (97, 101)
73s DeviceModule:MoveRandom(): New position: (97, 102)
74s DeviceModule:MoveRandom(): New position: (97, 101)
75s DeviceModule:MoveRandom(): New position: (97, 100)
76s DeviceModule:MoveRandom(): New position: (97, 99)
77s DeviceModule:MoveRandom(): New position: (97, 98)
78s DeviceModule:MoveRandom(): New position: (97, 97)
79s DeviceModule:MoveRandom(): New position: (98, 97)
80s DecisionModule:Run(): Run decision
80s DecisionModule:AnalyzingNetworks(): Current Network: 
       [Network #14, Technology = Wifi, Address = 02-06-00:00:00:00:00:10, { DataRate: 83, SignalStrength: 92, AntiFragility: 87}, IQ: 87]
80s DecisionModule:ShowAllNetworks(): All detected networks:
       [Network #14, Technology = Wifi, Address = 02-06-00:00:00:00:00:10, { DataRate: 83, SignalStrength: 92, AntiFragility: 87}, IQ: 87]
       [Network #15, Technology = Wifi, Address = 02-06-00:00:00:00:00:11, { DataRate: 5, SignalStrength: 92, AntiFragility: 67}, IQ: 57]
       [Network #3, Technology = Wifi, Address = 02-06-00:00:00:00:00:05, { DataRate: 14, SignalStrength: 48, AntiFragility: 78}, IQ: 54]
       [Network #0, Technology = Wifi, Address = 02-06-00:00:00:00:00:02, { DataRate: 55, SignalStrength: 95, AntiFragility: 27}, IQ: 51]
       [Network #1, Technology = Wifi, Address = 02-06-00:00:00:00:00:03, { DataRate: 91, SignalStrength: 28, AntiFragility: 41}, IQ: 50]
       [Network #18, Technology = Wimax, Address = 02-06-00:00:00:00:00:15, { DataRate: 12, SignalStrength: 66, AntiFragility: 56}, IQ: 47]
       [Network #10, Technology = Wifi, Address = 02-06-00:00:00:00:00:0c, { DataRate: 85, SignalStrength: 75, AntiFragility: 9}, IQ: 44]
       [Network #5, Technology = Wifi, Address = 02-06-00:00:00:00:00:07, { DataRate: 11, SignalStrength: 66, AntiFragility: 51}, IQ: 44]
       [Network #13, Technology = Wifi, Address = 02-06-00:00:00:00:00:0f, { DataRate: 91, SignalStrength: 6, AntiFragility: 36}, IQ: 42]
       [Network #19, Technology = Wimax, Address = 02-06-00:00:00:00:00:16, { DataRate: 50, SignalStrength: 88, AntiFragility: 5}, IQ: 37]
       [Network #16, Technology = Wifi, Address = 02-06-00:00:00:00:00:12, { DataRate: 46, SignalStrength: 27, AntiFragility: 21}, IQ: 28]
       [Network #6, Technology = Wifi, Address = 02-06-00:00:00:00:00:08, { DataRate: 50, SignalStrength: 19, AntiFragility: 22}, IQ: 28]
       [Network #8, Technology = Wifi, Address = 02-06-00:00:00:00:00:0a, { DataRate: 10, SignalStrength: 45, AntiFragility: 25}, IQ: 26]
       [Network #4, Technology = Wifi, Address = 02-06-00:00:00:00:00:06, { DataRate: 35, SignalStrength: 4, AntiFragility: 13}, IQ: 16]
80s ExecutionModule:Run(): Decision time => Seconds: 0, Miliseconds: 256
80s ExecutionModule:Run(): Handover time => Seconds: 0, Miliseconds: 122
80s ExecutionModule:Run(): Event: Horizontal Handover.
80s DeviceModule:MoveRandom(): New position: (98, 96)
81s DeviceModule:MoveRandom(): New position: (99, 96)
82s DeviceModule:MoveRandom(): New position: (100, 96)
83s DeviceModule:MoveRandom(): New position: (100, 97)
84s DeviceModule:MoveRandom(): New position: (101, 97)
85s DeviceModule:MoveRandom(): New position: (100, 97)
86s DeviceModule:MoveRandom(): New position: (99, 97)
87s DeviceModule:MoveRandom(): New position: (98, 97)
88s DeviceModule:MoveRandom(): New position: (97, 97)
89s DeviceModule:MoveRandom(): New position: (96, 97)
90s DeviceModule:MoveRandom(): New position: (95, 97)
91s DeviceModule:MoveRandom(): New position: (95, 98)
92s DeviceModule:MoveRandom(): New position: (95, 97)
93s DeviceModule:MoveRandom(): New position: (95, 96)
94s DeviceModule:MoveRandom(): New position: (94, 96)
95s DeviceModule:MoveRandom(): New position: (95, 96)
96s DeviceModule:MoveRandom(): New position: (94, 96)
97s DeviceModule:MoveRandom(): New position: (94, 97)
98s DeviceModule:MoveRandom(): New position: (94, 98)
99s DeviceModule:MoveRandom(): New position: (93, 98)
100s DecisionModule:Run(): Run decision
100s DecisionModule:AnalyzingNetworks(): Current Network: 
       [Network #4, Technology = Wifi, Address = 02-06-00:00:00:00:00:06, { DataRate: 69, SignalStrength: 82, AntiFragility: 77}, IQ: 76]
100s DecisionModule:ShowAllNetworks(): All detected networks:
       [Network #4, Technology = Wifi, Address = 02-06-00:00:00:00:00:06, { DataRate: 69, SignalStrength: 82, AntiFragility: 77}, IQ: 76]
       [Network #19, Technology = Wimax, Address = 02-06-00:00:00:00:00:16, { DataRate: 92, SignalStrength: 68, AntiFragility: 66}, IQ: 73]
       [Network #18, Technology = Wimax, Address = 02-06-00:00:00:00:00:15, { DataRate: 59, SignalStrength: 88, AntiFragility: 71}, IQ: 72]
       [Network #6, Technology = Wifi, Address = 02-06-00:00:00:00:00:08, { DataRate: 50, SignalStrength: 91, AntiFragility: 74}, IQ: 72]
       [Network #5, Technology = Wifi, Address = 02-06-00:00:00:00:00:07, { DataRate: 87, SignalStrength: 99, AntiFragility: 26}, IQ: 59]
       [Network #3, Technology = Wifi, Address = 02-06-00:00:00:00:00:05, { DataRate: 70, SignalStrength: 62, AntiFragility: 32}, IQ: 49]
       [Network #15, Technology = Wifi, Address = 02-06-00:00:00:00:00:11, { DataRate: 91, SignalStrength: 52, AntiFragility: 22}, IQ: 46]
       [Network #16, Technology = Wifi, Address = 02-06-00:00:00:00:00:12, { DataRate: 36, SignalStrength: 69, AntiFragility: 31}, IQ: 41]
       [Network #8, Technology = Wifi, Address = 02-06-00:00:00:00:00:0a, { DataRate: 55, SignalStrength: 24, AntiFragility: 44}, IQ: 41]
       [Network #10, Technology = Wifi, Address = 02-06-00:00:00:00:00:0c, { DataRate: 39, SignalStrength: 29, AntiFragility: 43}, IQ: 38]
       [Network #0, Technology = Wifi, Address = 02-06-00:00:00:00:00:02, { DataRate: 81, SignalStrength: 42, AntiFragility: 6}, IQ: 33]
       [Network #13, Technology = Wifi, Address = 02-06-00:00:00:00:00:0f, { DataRate: 9, SignalStrength: 4, AntiFragility: 59}, IQ: 32]
       [Network #14, Technology = Wifi, Address = 02-06-00:00:00:00:00:10, { DataRate: 13, SignalStrength: 14, AntiFragility: 49}, IQ: 31]
       [Network #1, Technology = Wifi, Address = 02-06-00:00:00:00:00:03, { DataRate: 37, SignalStrength: 56, AntiFragility: 3}, IQ: 24]
100s ExecutionModule:Run(): Decision time => Seconds: 0, Miliseconds: 264
100s ExecutionModule:Run(): Handover time => Seconds: 0, Miliseconds: 123
100s ExecutionModule:Run(): Event: Horizontal Handover.
100s DeviceModule:MoveRandom(): New position: (92, 98)
101s DeviceModule:MoveRandom(): New position: (93, 98)
102s DeviceModule:MoveRandom(): New position: (93, 97)
103s DeviceModule:MoveRandom(): New position: (94, 97)
104s DeviceModule:MoveRandom(): New position: (94, 96)
105s DeviceModule:MoveRandom(): New position: (93, 96)
106s DeviceModule:MoveRandom(): New position: (92, 96)
106s ExecutionModule:OutOfRange(): OUT OF BETTER NETWORK! Choosing another network...
106s DecisionModule:RemoveNetworkFromList(): Network: 4 out of range!
106s DecisionModule:Run(): Run decision
106s DecisionModule:AnalyzingNetworks(): Current Network: 
       [Network #8, Technology = Wifi, Address = 02-06-00:00:00:00:00:0a, { DataRate: 50, SignalStrength: 77, AntiFragility: 81}, IQ: 72]
106s DecisionModule:ShowAllNetworks(): All detected networks:
       [Network #8, Technology = Wifi, Address = 02-06-00:00:00:00:00:0a, { DataRate: 50, SignalStrength: 77, AntiFragility: 81}, IQ: 72]
       [Network #6, Technology = Wifi, Address = 02-06-00:00:00:00:00:08, { DataRate: 66, SignalStrength: 72, AntiFragility: 66}, IQ: 67]
       [Network #14, Technology = Wifi, Address = 02-06-00:00:00:00:00:10, { DataRate: 16, SignalStrength: 90, AntiFragility: 80}, IQ: 66]
       [Network #10, Technology = Wifi, Address = 02-06-00:00:00:00:00:0c, { DataRate: 6, SignalStrength: 69, AntiFragility: 93}, IQ: 65]
       [Network #3, Technology = Wifi, Address = 02-06-00:00:00:00:00:05, { DataRate: 60, SignalStrength: 81, AntiFragility: 44}, IQ: 57]
       [Network #5, Technology = Wifi, Address = 02-06-00:00:00:00:00:07, { DataRate: 50, SignalStrength: 85, AntiFragility: 38}, IQ: 52]
       [Network #16, Technology = Wifi, Address = 02-06-00:00:00:00:00:12, { DataRate: 33, SignalStrength: 74, AntiFragility: 45}, IQ: 49]
       [Network #18, Technology = Wimax, Address = 02-06-00:00:00:00:00:15, { DataRate: 86, SignalStrength: 14, AntiFragility: 36}, IQ: 43]
       [Network #19, Technology = Wimax, Address = 02-06-00:00:00:00:00:16, { DataRate: 88, SignalStrength: 4, AntiFragility: 36}, IQ: 41]
       [Network #15, Technology = Wifi, Address = 02-06-00:00:00:00:00:11, { DataRate: 1, SignalStrength: 45, AntiFragility: 53}, IQ: 38]
       [Network #13, Technology = Wifi, Address = 02-06-00:00:00:00:00:0f, { DataRate: 59, SignalStrength: 2, AntiFragility: 42}, IQ: 36]
       [Network #1, Technology = Wifi, Address = 02-06-00:00:00:00:00:03, { DataRate: 9, SignalStrength: 24, AntiFragility: 45}, IQ: 30]
       [Network #0, Technology = Wifi, Address = 02-06-00:00:00:00:00:02, { DataRate: 35, SignalStrength: 66, AntiFragility: 2}, IQ: 26]
106s ExecutionModule:Run(): Decision time => Seconds: 0, Miliseconds: 184
106s ExecutionModule:Run(): Handover time => Seconds: 0, Miliseconds: 121
106s ExecutionModule:Run(): Event: Horizontal Handover.
107s DeviceModule:MoveRandom(): New position: (92, 97)
107s DecisionModule:AddNetworkToList(): Network detected
108s DeviceModule:MoveRandom(): New position: (92, 96)
108s DecisionModule:RemoveNetworkFromList(): Network: 4 out of range!
109s DeviceModule:MoveRandom(): New position: (93, 96)
109s DecisionModule:AddNetworkToList(): Network detected
110s DeviceModule:MoveRandom(): New position: (92, 96)
110s DecisionModule:RemoveNetworkFromList(): Network: 4 out of range!
111s DeviceModule:MoveRandom(): New position: (91, 96)
112s DeviceModule:MoveRandom(): New position: (92, 96)
113s DeviceModule:MoveRandom(): New position: (91, 96)
114s DeviceModule:MoveRandom(): New position: (92, 96)
115s DeviceModule:MoveRandom(): New position: (93, 96)
115s DecisionModule:AddNetworkToList(): Network detected
116s DeviceModule:MoveRandom(): New position: (94, 96)
117s DeviceModule:MoveRandom(): New position: (93, 96)
118s DeviceModule:MoveRandom(): New position: (93, 95)
118s DecisionModule:RemoveNetworkFromList(): Network: 4 out of range!
119s DeviceModule:MoveRandom(): New position: (92, 95)
120s DecisionModule:Run(): Run decision
120s DecisionModule:AnalyzingNetworks(): Current Network: 
       [Network #14, Technology = Wifi, Address = 02-06-00:00:00:00:00:10, { DataRate: 63, SignalStrength: 50, AntiFragility: 90}, IQ: 73]
120s DecisionModule:ShowAllNetworks(): All detected networks:
       [Network #14, Technology = Wifi, Address = 02-06-00:00:00:00:00:10, { DataRate: 63, SignalStrength: 50, AntiFragility: 90}, IQ: 73]
       [Network #8, Technology = Wifi, Address = 02-06-00:00:00:00:00:0a, { DataRate: 43, SignalStrength: 28, AntiFragility: 98}, IQ: 66]
       [Network #5, Technology = Wifi, Address = 02-06-00:00:00:00:00:07, { DataRate: 4, SignalStrength: 87, AntiFragility: 79}, IQ: 62]
       [Network #10, Technology = Wifi, Address = 02-06-00:00:00:00:00:0c, { DataRate: 63, SignalStrength: 58, AntiFragility: 61}, IQ: 60]
       [Network #19, Technology = Wimax, Address = 02-06-00:00:00:00:00:16, { DataRate: 33, SignalStrength: 1, AntiFragility: 95}, IQ: 56]
       [Network #16, Technology = Wifi, Address = 02-06-00:00:00:00:00:12, { DataRate: 83, SignalStrength: 70, AntiFragility: 30}, IQ: 53]
       [Network #15, Technology = Wifi, Address = 02-06-00:00:00:00:00:11, { DataRate: 87, SignalStrength: 99, AntiFragility: 9}, IQ: 51]
       [Network #0, Technology = Wifi, Address = 02-06-00:00:00:00:00:02, { DataRate: 69, SignalStrength: 53, AntiFragility: 31}, IQ: 46]
       [Network #1, Technology = Wifi, Address = 02-06-00:00:00:00:00:03, { DataRate: 67, SignalStrength: 62, AntiFragility: 15}, IQ: 39]
       [Network #18, Technology = Wimax, Address = 02-06-00:00:00:00:00:15, { DataRate: 83, SignalStrength: 10, AntiFragility: 31}, IQ: 38]
       [Network #13, Technology = Wifi, Address = 02-06-00:00:00:00:00:0f, { DataRate: 87, SignalStrength: 49, AntiFragility: 4}, IQ: 36]
       [Network #3, Technology = Wifi, Address = 02-06-00:00:00:00:00:05, { DataRate: 4, SignalStrength: 25, AntiFragility: 29}, IQ: 21]
       [Network #6, Technology = Wifi, Address = 02-06-00:00:00:00:00:08, { DataRate: 59, SignalStrength: 1, AntiFragility: 13}, IQ: 21]
120s ExecutionModule:Run(): Decision time => Seconds: 0, Miliseconds: 239
120s ExecutionModule:Run(): Handover time => Seconds: 0, Miliseconds: 122
120s ExecutionModule:Run(): Event: Horizontal Handover.
120s DeviceModule:MoveRandom(): New position: (93, 95)
121s DeviceModule:MoveRandom(): New position: (93, 94)
122s DeviceModule:MoveRandom(): New position: (93, 93)
123s DeviceModule:MoveRandom(): New position: (93, 92)
124s DeviceModule:MoveRandom(): New position: (92, 92)
125s DeviceModule:MoveRandom(): New position: (92, 93)
126s DeviceModule:MoveRandom(): New position: (92, 94)
127s DeviceModule:MoveRandom(): New position: (92, 95)
128s DeviceModule:MoveRandom(): New position: (93, 95)
129s DeviceModule:MoveRandom(): New position: (93, 94)
130s DeviceModule:MoveRandom(): New position: (92, 94)
131s DeviceModule:MoveRandom(): New position: (93, 94)
132s DeviceModule:MoveRandom(): New position: (94, 94)
133s DeviceModule:MoveRandom(): New position: (95, 94)
134s DeviceModule:MoveRandom(): New position: (95, 93)
135s DeviceModule:MoveRandom(): New position: (94, 93)
136s DeviceModule:MoveRandom(): New position: (95, 93)
137s DeviceModule:MoveRandom(): New position: (94, 93)
138s DeviceModule:MoveRandom(): New position: (94, 94)
139s DeviceModule:MoveRandom(): New position: (95, 94)
140s DecisionModule:Run(): Run decision
140s DecisionModule:AnalyzingNetworks(): Current Network: 
       [Network #8, Technology = Wifi, Address = 02-06-00:00:00:00:00:0a, { DataRate: 47, SignalStrength: 98, AntiFragility: 54}, IQ: 63]
140s DecisionModule:ShowAllNetworks(): All detected networks:
       [Network #8, Technology = Wifi, Address = 02-06-00:00:00:00:00:0a, { DataRate: 47, SignalStrength: 98, AntiFragility: 54}, IQ: 63]
       [Network #16, Technology = Wifi, Address = 02-06-00:00:00:00:00:12, { DataRate: 89, SignalStrength: 89, AntiFragility: 25}, IQ: 57]
       [Network #1, Technology = Wifi, Address = 02-06-00:00:00:00:00:03, { DataRate: 44, SignalStrength: 83, AntiFragility: 48}, IQ: 55]
       [Network #13, Technology = Wifi, Address = 02-06-00:00:00:00:00:0f, { DataRate: 43, SignalStrength: 59, AntiFragility: 60}, IQ: 55]
       [Network #0, Technology = Wifi, Address = 02-06-00:00:00:00:00:02, { DataRate: 33, SignalStrength: 65, AntiFragility: 51}, IQ: 50]
       [Network #10, Technology = Wifi, Address = 02-06-00:00:00:00:00:0c, { DataRate: 44, SignalStrength: 31, AntiFragility: 53}, IQ: 45]
       [Network #18, Technology = Wimax, Address = 02-06-00:00:00:00:00:15, { DataRate: 42, SignalStrength: 89, AntiFragility: 9}, IQ: 37]
       [Network #3, Technology = Wifi, Address = 02-06-00:00:00:00:00:05, { DataRate: 70, SignalStrength: 66, AntiFragility: 7}, IQ: 37]
       [Network #14, Technology = Wifi, Address = 02-06-00:00:00:00:00:10, { DataRate: 50, SignalStrength: 26, AntiFragility: 18}, IQ: 28]
       [Network #6, Technology = Wifi, Address = 02-06-00:00:00:00:00:08, { DataRate: 20, SignalStrength: 74, AntiFragility: 6}, IQ: 26]
       [Network #19, Technology = Wimax, Address = 02-06-00:00:00:00:00:16, { DataRate: 47, SignalStrength: 33, AntiFragility: 2}, IQ: 21]
       [Network #5, Technology = Wifi, Address = 02-06-00:00:00:00:00:07, { DataRate: 46, SignalStrength: 10, AntiFragility: 8}, IQ: 18]
       [Network #15, Technology = Wifi, Address = 02-06-00:00:00:00:00:11, { DataRate: 1, SignalStrength: 26, AntiFragility: 14}, IQ: 13]
140s ExecutionModule:Run(): Decision time => Seconds: 0, Miliseconds: 254
140s ExecutionModule:Run(): Handover time => Seconds: 0, Miliseconds: 124
140s ExecutionModule:Run(): Event: Horizontal Handover.
140s DeviceModule:MoveRandom(): New position: (94, 94)
141s DeviceModule:MoveRandom(): New position: (95, 94)
142s DeviceModule:MoveRandom(): New position: (96, 94)
143s DeviceModule:MoveRandom(): New position: (96, 93)
144s DeviceModule:MoveRandom(): New position: (96, 92)
145s DeviceModule:MoveRandom(): New position: (97, 92)
146s DeviceModule:MoveRandom(): New position: (97, 91)
147s DeviceModule:MoveRandom(): New position: (97, 90)
148s DeviceModule:MoveRandom(): New position: (97, 91)
149s DeviceModule:MoveRandom(): New position: (96, 91)
150s DeviceModule:MoveRandom(): New position: (96, 92)
151s DeviceModule:MoveRandom(): New position: (96, 93)
152s DeviceModule:MoveRandom(): New position: (96, 92)
153s DeviceModule:MoveRandom(): New position: (95, 92)
154s DeviceModule:MoveRandom(): New position: (95, 93)
155s DeviceModule:MoveRandom(): New position: (95, 94)
156s DeviceModule:MoveRandom(): New position: (95, 95)
156s DecisionModule:AddNetworkToList(): Network detected
157s DeviceModule:MoveRandom(): New position: (95, 96)
158s DeviceModule:MoveRandom(): New position: (94, 96)
159s DeviceModule:MoveRandom(): New position: (95, 96)
160s DecisionModule:Run(): Run decision
160s DecisionModule:AnalyzingNetworks(): Current Network: 
       [Network #19, Technology = Wimax, Address = 02-06-00:00:00:00:00:16, { DataRate: 45, SignalStrength: 75, AntiFragility: 91}, IQ: 75]
160s DecisionModule:ShowAllNetworks(): All detected networks:
       [Network #19, Technology = Wimax, Address = 02-06-00:00:00:00:00:16, { DataRate: 45, SignalStrength: 75, AntiFragility: 91}, IQ: 75]
       [Network #18, Technology = Wimax, Address = 02-06-00:00:00:00:00:15, { DataRate: 73, SignalStrength: 64, AntiFragility: 80}, IQ: 74]
       [Network #8, Technology = Wifi, Address = 02-06-00:00:00:00:00:0a, { DataRate: 34, SignalStrength: 39, AntiFragility: 94}, IQ: 65]
       [Network #1, Technology = Wifi, Address = 02-06-00:00:00:00:00:03, { DataRate: 96, SignalStrength: 22, AntiFragility: 68}, IQ: 63]
       [Network #4, Technology = Wifi, Address = 02-06-00:00:00:00:00:06, { DataRate: 99, SignalStrength: 28, AntiFragility: 64}, IQ: 63]
       [Network #14, Technology = Wifi, Address = 02-06-00:00:00:00:00:10, { DataRate: 30, SignalStrength: 32, AntiFragility: 92}, IQ: 61]
       [Network #6, Technology = Wifi, Address = 02-06-00:00:00:00:00:08, { DataRate: 43, SignalStrength: 81, AntiFragility: 56}, IQ: 59]
       [Network #3, Technology = Wifi, Address = 02-06-00:00:00:00:00:05, { DataRate: 79, SignalStrength: 45, AntiFragility: 53}, IQ: 57]
       [Network #16, Technology = Wifi, Address = 02-06-00:00:00:00:00:12, { DataRate: 70, SignalStrength: 89, AntiFragility: 32}, IQ: 55]
       [Network #10, Technology = Wifi, Address = 02-06-00:00:00:00:00:0c, { DataRate: 78, SignalStrength: 75, AntiFragility: 19}, IQ: 47]
       [Network #13, Technology = Wifi, Address = 02-06-00:00:00:00:00:0f, { DataRate: 3, SignalStrength: 75, AntiFragility: 48}, IQ: 43]
       [Network #5, Technology = Wifi, Address = 02-06-00:00:00:00:00:07, { DataRate: 36, SignalStrength: 60, AntiFragility: 13}, IQ: 30]
       [Network #15, Technology = Wifi, Address = 02-06-00:00:00:00:00:11, { DataRate: 77, SignalStrength: 28, AntiFragility: 9}, IQ: 30]
       [Network #0, Technology = Wifi, Address = 02-06-00:00:00:00:00:02, { DataRate: 3, SignalStrength: 79, AntiFragility: 10}, IQ: 25]
160s ExecutionModule:Run(): Decision time => Seconds: 0, Miliseconds: 261
160s ExecutionModule:Run(): Handover time => Seconds: 0, Miliseconds: 32
160s ExecutionModule:Run(): Event: Vertical Handover.
160s DeviceModule:MoveRandom(): New position: (95, 97)
161s DeviceModule:MoveRandom(): New position: (94, 97)
162s DeviceModule:MoveRandom(): New position: (94, 96)
163s DeviceModule:MoveRandom(): New position: (94, 95)
163s DecisionModule:RemoveNetworkFromList(): Network: 4 out of range!
164s DeviceModule:MoveRandom(): New position: (95, 95)
164s DecisionModule:AddNetworkToList(): Network detected
165s DeviceModule:MoveRandom(): New position: (96, 95)
166s DeviceModule:MoveRandom(): New position: (96, 96)
167s DeviceModule:MoveRandom(): New position: (95, 96)
168s DeviceModule:MoveRandom(): New position: (95, 95)
169s DeviceModule:MoveRandom(): New position: (94, 95)
169s DecisionModule:RemoveNetworkFromList(): Network: 4 out of range!
170s DeviceModule:MoveRandom(): New position: (95, 95)
170s DecisionModule:AddNetworkToList(): Network detected
171s DeviceModule:MoveRandom(): New position: (95, 96)
172s DeviceModule:MoveRandom(): New position: (95, 95)
173s DeviceModule:MoveRandom(): New position: (95, 96)
174s DeviceModule:MoveRandom(): New position: (96, 96)
175s DeviceModule:MoveRandom(): New position: (95, 96)
176s DeviceModule:MoveRandom(): New position: (96, 96)
177s DeviceModule:MoveRandom(): New position: (96, 95)
178s DeviceModule:MoveRandom(): New position: (97, 95)
179s DeviceModule:MoveRandom(): New position: (96, 95)
180s DecisionModule:Run(): Run decision
180s DecisionModule:AnalyzingNetworks(): Current Network: 
       [Network #8, Technology = Wifi, Address = 02-06-00:00:00:00:00:0a, { DataRate: 47, SignalStrength: 62, AntiFragility: 94}, IQ: 74]
180s DecisionModule:ShowAllNetworks(): All detected networks:
       [Network #8, Technology = Wifi, Address = 02-06-00:00:00:00:00:0a, { DataRate: 47, SignalStrength: 62, AntiFragility: 94}, IQ: 74]
       [Network #14, Technology = Wifi, Address = 02-06-00:00:00:00:00:10, { DataRate: 9, SignalStrength: 83, AntiFragility: 98}, IQ: 72]
       [Network #19, Technology = Wimax, Address = 02-06-00:00:00:00:00:16, { DataRate: 47, SignalStrength: 33, AntiFragility: 94}, IQ: 67]
       [Network #10, Technology = Wifi, Address = 02-06-00:00:00:00:00:0c, { DataRate: 60, SignalStrength: 86, AntiFragility: 47}, IQ: 60]
       [Network #3, Technology = Wifi, Address = 02-06-00:00:00:00:00:05, { DataRate: 3, SignalStrength: 75, AntiFragility: 80}, IQ: 59]
       [Network #6, Technology = Wifi, Address = 02-06-00:00:00:00:00:08, { DataRate: 51, SignalStrength: 10, AntiFragility: 87}, IQ: 58]
       [Network #4, Technology = Wifi, Address = 02-06-00:00:00:00:00:06, { DataRate: 19, SignalStrength: 74, AntiFragility: 71}, IQ: 58]
       [Network #0, Technology = Wifi, Address = 02-06-00:00:00:00:00:02, { DataRate: 6, SignalStrength: 69, AntiFragility: 73}, IQ: 55]
       [Network #15, Technology = Wifi, Address = 02-06-00:00:00:00:00:11, { DataRate: 57, SignalStrength: 11, AntiFragility: 76}, IQ: 55]
       [Network #5, Technology = Wifi, Address = 02-06-00:00:00:00:00:07, { DataRate: 46, SignalStrength: 17, AntiFragility: 77}, IQ: 54]
       [Network #1, Technology = Wifi, Address = 02-06-00:00:00:00:00:03, { DataRate: 94, SignalStrength: 72, AntiFragility: 11}, IQ: 47]
       [Network #18, Technology = Wimax, Address = 02-06-00:00:00:00:00:15, { DataRate: 31, SignalStrength: 59, AntiFragility: 32}, IQ: 38]
       [Network #13, Technology = Wifi, Address = 02-06-00:00:00:00:00:0f, { DataRate: 13, SignalStrength: 33, AntiFragility: 46}, IQ: 34]
       [Network #16, Technology = Wifi, Address = 02-06-00:00:00:00:00:12, { DataRate: 7, SignalStrength: 77, AntiFragility: 18}, IQ: 30]
180s ExecutionModule:Run(): Decision time => Seconds: 0, Miliseconds: 282
180s ExecutionModule:Run(): Handover time => Seconds: 0, Miliseconds: 33
180s ExecutionModule:Run(): Event: Vertical Handover.
180s DeviceModule:MoveRandom(): New position: (95, 95)
181s DeviceModule:MoveRandom(): New position: (94, 95)
181s DecisionModule:RemoveNetworkFromList(): Network: 4 out of range!
182s DeviceModule:MoveRandom(): New position: (93, 95)
183s DeviceModule:MoveRandom(): New position: (93, 94)
184s DeviceModule:MoveRandom(): New position: (93, 95)
185s DeviceModule:MoveRandom(): New position: (93, 96)
185s DecisionModule:AddNetworkToList(): Network detected
186s DeviceModule:MoveRandom(): New position: (93, 95)
186s DecisionModule:RemoveNetworkFromList(): Network: 4 out of range!
187s DeviceModule:MoveRandom(): New position: (93, 94)
188s DeviceModule:MoveRandom(): New position: (94, 94)
189s DeviceModule:MoveRandom(): New position: (94, 95)
190s DeviceModule:MoveRandom(): New position: (94, 94)
191s DeviceModule:MoveRandom(): New position: (95, 94)
192s DeviceModule:MoveRandom(): New position: (95, 95)
192s DecisionModule:AddNetworkToList(): Network detected
193s DeviceModule:MoveRandom(): New position: (96, 95)
194s DeviceModule:MoveRandom(): New position: (96, 96)
195s DeviceModule:MoveRandom(): New position: (96, 97)
196s DeviceModule:MoveRandom(): New position: (96, 98)
197s DeviceModule:MoveRandom(): New position: (96, 97)
198s DeviceModule:MoveRandom(): New position: (95, 97)
199s DeviceModule:MoveRandom(): New position: (96, 97)
