Waf: Entering directory `/home/renan/Documents/NR2/ns-allinone-3.20/ns-3.20/build'
Waf: Leaving directory `/home/renan/Documents/NR2/ns-allinone-3.20/ns-3.20/build'
'build' finished successfully (1.757s)
0s NetworkModule:SetPosition(): Network 0 set position => (149, 68)
0s NetworkModule:SetRange(): Network 0 set range => 100
0s NetworkModule:SetPosition(): Network 1 set position => (35, 138)
0s NetworkModule:SetRange(): Network 1 set range => 100
0s NetworkModule:SetPosition(): Network 2 set position => (85, 115)
0s NetworkModule:SetRange(): Network 2 set range => 100
0s NetworkModule:SetPosition(): Network 3 set position => (16, 130)
0s NetworkModule:SetRange(): Network 3 set range => 100
0s NetworkModule:SetPosition(): Network 4 set position => (98, 10)
0s NetworkModule:SetRange(): Network 4 set range => 100
0s NetworkModule:SetPosition(): Network 5 set position => (85, 27)
0s NetworkModule:SetRange(): Network 5 set range => 100
0s NetworkModule:SetPosition(): Network 6 set position => (133, 98)
0s NetworkModule:SetRange(): Network 6 set range => 100
0s NetworkModule:SetPosition(): Network 7 set position => (4, 35)
0s NetworkModule:SetRange(): Network 7 set range => 100
0s NetworkModule:SetPosition(): Network 8 set position => (132, 125)
0s NetworkModule:SetRange(): Network 8 set range => 100
0s NetworkModule:SetPosition(): Network 9 set position => (74, 121)
0s NetworkModule:SetRange(): Network 9 set range => 100
0s DeviceModule:ConfigureMobility(): Device [init x = 0, init y = 0, max = 150, velocity = 12]
1s DeviceModule:MoveRandom(): New position: (0, 0)
1s DecisionModule:AddNetworkToList(): Network detected
1s DecisionModule:AddNetworkToList(): Network detected
1s DecisionModule:AddNetworkToList(): Network detected
2s DeviceModule:MoveRandom(): New position: (0, 12)
3s DeviceModule:MoveRandom(): New position: (12, 12)
4s DeviceModule:MoveRandom(): New position: (12, 0)
5s DeviceModule:MoveRandom(): New position: (12, 0)
6s DeviceModule:MoveRandom(): New position: (12, 12)
7s DeviceModule:MoveRandom(): New position: (12, 0)
8s DeviceModule:MoveRandom(): New position: (12, 0)
9s DeviceModule:MoveRandom(): New position: (12, 12)
10s DecisionModule:Run(): Run decision
10s DecisionModule:AnalyzingNetworks(): Current Network: 
       [Network #7, Technology = Wifi, Address = 02-06-00:00:00:00:00:09, { DataRate: 37, SignalStrength: 72, AntiFragility: 92}, IQ: 73]
10s DecisionModule:ShowAllNetworks(): All detected networks:
       [Network #7, Technology = Wifi, Address = 02-06-00:00:00:00:00:09, { DataRate: 37, SignalStrength: 72, AntiFragility: 92}, IQ: 73]
       [Network #4, Technology = Wifi, Address = 02-06-00:00:00:00:00:06, { DataRate: 41, SignalStrength: 25, AntiFragility: 48}, IQ: 40]
       [Network #5, Technology = Wifi, Address = 02-06-00:00:00:00:00:07, { DataRate: 38, SignalStrength: 55, AntiFragility: 4}, IQ: 25]
10s DeviceModule:MoveRandom(): New position: (12, 24)
11s DeviceModule:MoveRandom(): New position: (12, 36)
11s DecisionModule:AddNetworkToList(): Network detected
12s DeviceModule:MoveRandom(): New position: (12, 24)
12s DecisionModule:RemoveNetworkFromList(): Network: 3 out of range!
13s DeviceModule:MoveRandom(): New position: (0, 24)
14s DeviceModule:MoveRandom(): New position: (12, 24)
15s DeviceModule:MoveRandom(): New position: (0, 24)
16s DeviceModule:MoveRandom(): New position: (12, 24)
17s DeviceModule:MoveRandom(): New position: (24, 24)
18s DeviceModule:MoveRandom(): New position: (24, 12)
19s DeviceModule:MoveRandom(): New position: (24, 24)
20s DecisionModule:Run(): Run decision
20s DecisionModule:AnalyzingNetworks(): Current Network: 
       [Network #5, Technology = Wifi, Address = 02-06-00:00:00:00:00:07, { DataRate: 77, SignalStrength: 42, AntiFragility: 74}, IQ: 66]
20s DecisionModule:ShowAllNetworks(): All detected networks:
       [Network #5, Technology = Wifi, Address = 02-06-00:00:00:00:00:07, { DataRate: 77, SignalStrength: 42, AntiFragility: 74}, IQ: 66]
       [Network #4, Technology = Wifi, Address = 02-06-00:00:00:00:00:06, { DataRate: 26, SignalStrength: 92, AntiFragility: 61}, IQ: 60]
       [Network #7, Technology = Wifi, Address = 02-06-00:00:00:00:00:09, { DataRate: 49, SignalStrength: 48, AntiFragility: 29}, IQ: 38]
20s ExecutionModule:Run(): Decision time => Seconds: 0, Miliseconds: 300
20s ExecutionModule:Run(): Handover time => Seconds: 0, Miliseconds: 260
20s ExecutionModule:Run(): Event: Horizontal Handover.
20s DeviceModule:MoveRandom(): New position: (24, 36)
20s DecisionModule:AddNetworkToList(): Network detected
20s DecisionModule:AddNetworkToList(): Network detected
20s DecisionModule:AddNetworkToList(): Network detected
21s DeviceModule:MoveRandom(): New position: (24, 48)
21s DecisionModule:AddNetworkToList(): Network detected
22s DeviceModule:MoveRandom(): New position: (24, 60)
23s DeviceModule:MoveRandom(): New position: (24, 72)
24s DeviceModule:MoveRandom(): New position: (24, 84)
24s DecisionModule:RemoveNetworkFromList(): Network: 4 out of range!
25s DeviceModule:MoveRandom(): New position: (36, 84)
25s DecisionModule:AddNetworkToList(): Network detected
25s DecisionModule:AddNetworkToList(): Network detected
26s DeviceModule:MoveRandom(): New position: (36, 96)
26s DecisionModule:RemoveNetworkFromList(): Network: 4 out of range!
26s DecisionModule:AddNetworkToList(): Network detected
27s DeviceModule:MoveRandom(): New position: (48, 96)
27s DecisionModule:AddNetworkToList(): Network detected
28s DeviceModule:MoveRandom(): New position: (36, 96)
28s DecisionModule:RemoveNetworkFromList(): Network: 4 out of range!
29s DeviceModule:MoveRandom(): New position: (36, 108)
30s DecisionModule:Run(): Run decision
30s DecisionModule:AnalyzingNetworks(): Current Network: 
       [Network #8, Technology = Wimax, Address = 02-06-00:00:00:00:00:0b, { DataRate: 93, SignalStrength: 98, AntiFragility: 74}, IQ: 84]
30s DecisionModule:ShowAllNetworks(): All detected networks:
       [Network #8, Technology = Wimax, Address = 02-06-00:00:00:00:00:0b, { DataRate: 93, SignalStrength: 98, AntiFragility: 74}, IQ: 84]
       [Network #3, Technology = Wifi, Address = 02-06-00:00:00:00:00:05, { DataRate: 95, SignalStrength: 88, AntiFragility: 50}, IQ: 70]
       [Network #7, Technology = Wifi, Address = 02-06-00:00:00:00:00:09, { DataRate: 71, SignalStrength: 50, AntiFragility: 79}, IQ: 69]
       [Network #1, Technology = Wifi, Address = 02-06-00:00:00:00:00:03, { DataRate: 56, SignalStrength: 66, AntiFragility: 65}, IQ: 63]
       [Network #2, Technology = Wifi, Address = 02-06-00:00:00:00:00:04, { DataRate: 44, SignalStrength: 8, AntiFragility: 99}, IQ: 62]
       [Network #5, Technology = Wifi, Address = 02-06-00:00:00:00:00:07, { DataRate: 85, SignalStrength: 62, AntiFragility: 52}, IQ: 62]
       [Network #9, Technology = Wimax, Address = 02-06-00:00:00:00:00:0c, { DataRate: 77, SignalStrength: 82, AntiFragility: 35}, IQ: 57]
       [Network #6, Technology = Wifi, Address = 02-06-00:00:00:00:00:08, { DataRate: 93, SignalStrength: 75, AntiFragility: 5}, IQ: 44]
30s ExecutionModule:Run(): Decision time => Seconds: 0, Miliseconds: 191
30s ExecutionModule:Run(): Handover time => Seconds: 0, Miliseconds: 255
30s ExecutionModule:Run(): Event: Vertical Handover.
30s DeviceModule:MoveRandom(): New position: (48, 108)
31s DeviceModule:MoveRandom(): New position: (48, 120)
32s DeviceModule:MoveRandom(): New position: (60, 120)
32s DecisionModule:RemoveNetworkFromList(): Network: 7 out of range!
33s DeviceModule:MoveRandom(): New position: (60, 132)
33s DecisionModule:RemoveNetworkFromList(): Network: 5 out of range!
34s DeviceModule:MoveRandom(): New position: (72, 132)
34s DecisionModule:AddNetworkToList(): Network detected
35s DeviceModule:MoveRandom(): New position: (84, 132)
36s DeviceModule:MoveRandom(): New position: (84, 144)
37s DeviceModule:MoveRandom(): New position: (96, 144)
38s DeviceModule:MoveRandom(): New position: (108, 144)
39s DeviceModule:MoveRandom(): New position: (120, 144)
39s DecisionModule:RemoveNetworkFromList(): Network: 3 out of range!
40s DecisionModule:Run(): Run decision
40s DecisionModule:AnalyzingNetworks(): Current Network: 
       [Network #8, Technology = Wimax, Address = 02-06-00:00:00:00:00:0b, { DataRate: 88, SignalStrength: 58, AntiFragility: 84}, IQ: 78]
40s DecisionModule:ShowAllNetworks(): All detected networks:
       [Network #8, Technology = Wimax, Address = 02-06-00:00:00:00:00:0b, { DataRate: 88, SignalStrength: 58, AntiFragility: 84}, IQ: 78]
       [Network #2, Technology = Wifi, Address = 02-06-00:00:00:00:00:04, { DataRate: 58, SignalStrength: 85, AntiFragility: 85}, IQ: 78]
       [Network #6, Technology = Wifi, Address = 02-06-00:00:00:00:00:08, { DataRate: 29, SignalStrength: 53, AntiFragility: 91}, IQ: 66]
       [Network #1, Technology = Wifi, Address = 02-06-00:00:00:00:00:03, { DataRate: 48, SignalStrength: 69, AntiFragility: 38}, IQ: 48]
       [Network #9, Technology = Wimax, Address = 02-06-00:00:00:00:00:0c, { DataRate: 42, SignalStrength: 19, AntiFragility: 58}, IQ: 44]
       [Network #0, Technology = Wifi, Address = 02-06-00:00:00:00:00:02, { DataRate: 26, SignalStrength: 65, AntiFragility: 4}, IQ: 24]
40s DeviceModule:MoveRandom(): New position: (132, 144)
41s DeviceModule:MoveRandom(): New position: (132, 132)
42s DeviceModule:MoveRandom(): New position: (144, 132)
42s DecisionModule:RemoveNetworkFromList(): Network: 1 out of range!
43s DeviceModule:MoveRandom(): New position: (144, 132)
44s DeviceModule:MoveRandom(): New position: (144, 144)
45s DeviceModule:MoveRandom(): New position: (144, 132)
46s DeviceModule:MoveRandom(): New position: (144, 132)
47s DeviceModule:MoveRandom(): New position: (144, 120)
48s DeviceModule:MoveRandom(): New position: (144, 108)
48s DecisionModule:AddNetworkToList(): Network detected
49s DeviceModule:MoveRandom(): New position: (132, 108)
50s DecisionModule:Run(): Run decision
50s DecisionModule:AnalyzingNetworks(): Current Network: 
       [Network #6, Technology = Wifi, Address = 02-06-00:00:00:00:00:08, { DataRate: 32, SignalStrength: 37, AntiFragility: 66}, IQ: 50]
50s DecisionModule:ShowAllNetworks(): All detected networks:
       [Network #6, Technology = Wifi, Address = 02-06-00:00:00:00:00:08, { DataRate: 32, SignalStrength: 37, AntiFragility: 66}, IQ: 50]
       [Network #9, Technology = Wimax, Address = 02-06-00:00:00:00:00:0c, { DataRate: 65, SignalStrength: 44, AntiFragility: 33}, IQ: 43]
       [Network #5, Technology = Wifi, Address = 02-06-00:00:00:00:00:07, { DataRate: 60, SignalStrength: 2, AntiFragility: 42}, IQ: 36]
       [Network #0, Technology = Wifi, Address = 02-06-00:00:00:00:00:02, { DataRate: 4, SignalStrength: 93, AntiFragility: 14}, IQ: 31]
       [Network #8, Technology = Wimax, Address = 02-06-00:00:00:00:00:0b, { DataRate: 12, SignalStrength: 76, AntiFragility: 2}, IQ: 23]
       [Network #2, Technology = Wifi, Address = 02-06-00:00:00:00:00:04, { DataRate: 9, SignalStrength: 1, AntiFragility: 22}, IQ: 13]
50s ExecutionModule:Run(): Decision time => Seconds: 0, Miliseconds: 173
50s ExecutionModule:Run(): Handover time => Seconds: 0, Miliseconds: 31
50s ExecutionModule:Run(): Event: Vertical Handover.
50s DeviceModule:MoveRandom(): New position: (144, 108)
51s DeviceModule:MoveRandom(): New position: (144, 120)
51s DecisionModule:RemoveNetworkFromList(): Network: 5 out of range!
52s DeviceModule:MoveRandom(): New position: (144, 108)
52s DecisionModule:AddNetworkToList(): Network detected
53s DeviceModule:MoveRandom(): New position: (144, 108)
54s DeviceModule:MoveRandom(): New position: (132, 108)
55s DeviceModule:MoveRandom(): New position: (120, 108)
55s DecisionModule:AddNetworkToList(): Network detected
55s DecisionModule:AddNetworkToList(): Network detected
56s DeviceModule:MoveRandom(): New position: (108, 108)
56s DecisionModule:AddNetworkToList(): Network detected
57s DeviceModule:MoveRandom(): New position: (108, 96)
58s DeviceModule:MoveRandom(): New position: (96, 96)
59s DeviceModule:MoveRandom(): New position: (96, 84)
60s DecisionModule:Run(): Run decision
60s DecisionModule:AnalyzingNetworks(): Current Network: 
       [Network #1, Technology = Wifi, Address = 02-06-00:00:00:00:00:03, { DataRate: 76, SignalStrength: 76, AntiFragility: 97}, IQ: 86]
60s DecisionModule:ShowAllNetworks(): All detected networks:
       [Network #1, Technology = Wifi, Address = 02-06-00:00:00:00:00:03, { DataRate: 76, SignalStrength: 76, AntiFragility: 97}, IQ: 86]
       [Network #8, Technology = Wimax, Address = 02-06-00:00:00:00:00:0b, { DataRate: 77, SignalStrength: 2, AntiFragility: 80}, IQ: 59]
       [Network #6, Technology = Wifi, Address = 02-06-00:00:00:00:00:08, { DataRate: 67, SignalStrength: 83, AntiFragility: 37}, IQ: 56]
       [Network #0, Technology = Wifi, Address = 02-06-00:00:00:00:00:02, { DataRate: 30, SignalStrength: 25, AntiFragility: 69}, IQ: 48]
       [Network #9, Technology = Wimax, Address = 02-06-00:00:00:00:00:0c, { DataRate: 68, SignalStrength: 22, AntiFragility: 30}, IQ: 37]
       [Network #2, Technology = Wifi, Address = 02-06-00:00:00:00:00:04, { DataRate: 72, SignalStrength: 19, AntiFragility: 15}, IQ: 30]
       [Network #4, Technology = Wifi, Address = 02-06-00:00:00:00:00:06, { DataRate: 10, SignalStrength: 73, AntiFragility: 6}, IQ: 23]
       [Network #3, Technology = Wifi, Address = 02-06-00:00:00:00:00:05, { DataRate: 12, SignalStrength: 61, AntiFragility: 3}, IQ: 19]
       [Network #5, Technology = Wifi, Address = 02-06-00:00:00:00:00:07, { DataRate: 19, SignalStrength: 9, AntiFragility: 21}, IQ: 17]
60s ExecutionModule:Run(): Decision time => Seconds: 0, Miliseconds: 222
60s ExecutionModule:Run(): Handover time => Seconds: 0, Miliseconds: 121
60s ExecutionModule:Run(): Event: Horizontal Handover.
60s DeviceModule:MoveRandom(): New position: (84, 84)
60s DecisionModule:AddNetworkToList(): Network detected
61s DeviceModule:MoveRandom(): New position: (84, 72)
62s DeviceModule:MoveRandom(): New position: (84, 84)
63s DeviceModule:MoveRandom(): New position: (84, 96)
64s DeviceModule:MoveRandom(): New position: (96, 96)
64s DecisionModule:RemoveNetworkFromList(): Network: 7 out of range!
65s DeviceModule:MoveRandom(): New position: (108, 96)
66s DeviceModule:MoveRandom(): New position: (120, 96)
66s DecisionModule:RemoveNetworkFromList(): Network: 3 out of range!
67s DeviceModule:MoveRandom(): New position: (108, 96)
67s DecisionModule:AddNetworkToList(): Network detected
68s DeviceModule:MoveRandom(): New position: (96, 96)
69s DeviceModule:MoveRandom(): New position: (108, 96)
70s DecisionModule:Run(): Run decision
70s DecisionModule:AnalyzingNetworks(): Current Network: 
       [Network #0, Technology = Wifi, Address = 02-06-00:00:00:00:00:02, { DataRate: 85, SignalStrength: 57, AntiFragility: 50}, IQ: 60]
70s DecisionModule:ShowAllNetworks(): All detected networks:
       [Network #0, Technology = Wifi, Address = 02-06-00:00:00:00:00:02, { DataRate: 85, SignalStrength: 57, AntiFragility: 50}, IQ: 60]
       [Network #5, Technology = Wifi, Address = 02-06-00:00:00:00:00:07, { DataRate: 45, SignalStrength: 86, AntiFragility: 52}, IQ: 58]
       [Network #6, Technology = Wifi, Address = 02-06-00:00:00:00:00:08, { DataRate: 97, SignalStrength: 6, AntiFragility: 39}, IQ: 45]
       [Network #3, Technology = Wifi, Address = 02-06-00:00:00:00:00:05, { DataRate: 95, SignalStrength: 23, AntiFragility: 30}, IQ: 44]
       [Network #2, Technology = Wifi, Address = 02-06-00:00:00:00:00:04, { DataRate: 43, SignalStrength: 78, AntiFragility: 27}, IQ: 43]
       [Network #4, Technology = Wifi, Address = 02-06-00:00:00:00:00:06, { DataRate: 61, SignalStrength: 53, AntiFragility: 28}, IQ: 42]
       [Network #1, Technology = Wifi, Address = 02-06-00:00:00:00:00:03, { DataRate: 6, SignalStrength: 3, AntiFragility: 79}, IQ: 41]
       [Network #8, Technology = Wimax, Address = 02-06-00:00:00:00:00:0b, { DataRate: 20, SignalStrength: 5, AntiFragility: 37}, IQ: 24]
       [Network #9, Technology = Wimax, Address = 02-06-00:00:00:00:00:0c, { DataRate: 18, SignalStrength: 50, AntiFragility: 2}, IQ: 18]
70s ExecutionModule:Run(): Decision time => Seconds: 0, Miliseconds: 198
70s ExecutionModule:Run(): Handover time => Seconds: 0, Miliseconds: 125
70s ExecutionModule:Run(): Event: Horizontal Handover.
70s DeviceModule:MoveRandom(): New position: (108, 84)
70s DecisionModule:RemoveNetworkFromList(): Network: 3 out of range!
71s DeviceModule:MoveRandom(): New position: (108, 72)
72s DeviceModule:MoveRandom(): New position: (120, 72)
72s DecisionModule:RemoveNetworkFromList(): Network: 1 out of range!
73s DeviceModule:MoveRandom(): New position: (108, 72)
73s DecisionModule:AddNetworkToList(): Network detected
74s DeviceModule:MoveRandom(): New position: (120, 72)
74s DecisionModule:RemoveNetworkFromList(): Network: 1 out of range!
75s DeviceModule:MoveRandom(): New position: (132, 72)
76s DeviceModule:MoveRandom(): New position: (132, 60)
77s DeviceModule:MoveRandom(): New position: (132, 72)
78s DeviceModule:MoveRandom(): New position: (132, 84)
79s DeviceModule:MoveRandom(): New position: (132, 96)
80s DecisionModule:Run(): Run decision
80s DecisionModule:AnalyzingNetworks(): Current Network: 
       [Network #4, Technology = Wifi, Address = 02-06-00:00:00:00:00:06, { DataRate: 39, SignalStrength: 95, AntiFragility: 99}, IQ: 83]
80s DecisionModule:ShowAllNetworks(): All detected networks:
       [Network #4, Technology = Wifi, Address = 02-06-00:00:00:00:00:06, { DataRate: 39, SignalStrength: 95, AntiFragility: 99}, IQ: 83]
       [Network #2, Technology = Wifi, Address = 02-06-00:00:00:00:00:04, { DataRate: 84, SignalStrength: 95, AntiFragility: 71}, IQ: 80]
       [Network #6, Technology = Wifi, Address = 02-06-00:00:00:00:00:08, { DataRate: 54, SignalStrength: 75, AntiFragility: 87}, IQ: 75]
       [Network #5, Technology = Wifi, Address = 02-06-00:00:00:00:00:07, { DataRate: 57, SignalStrength: 86, AntiFragility: 71}, IQ: 71]
       [Network #0, Technology = Wifi, Address = 02-06-00:00:00:00:00:02, { DataRate: 82, SignalStrength: 69, AntiFragility: 65}, IQ: 70]
       [Network #8, Technology = Wimax, Address = 02-06-00:00:00:00:00:0b, { DataRate: 97, SignalStrength: 21, AntiFragility: 51}, IQ: 55]
       [Network #9, Technology = Wimax, Address = 02-06-00:00:00:00:00:0c, { DataRate: 96, SignalStrength: 5, AntiFragility: 13}, IQ: 31]
80s ExecutionModule:Run(): Decision time => Seconds: 0, Miliseconds: 182
80s ExecutionModule:Run(): Handover time => Seconds: 0, Miliseconds: 122
80s ExecutionModule:Run(): Event: Horizontal Handover.
80s DeviceModule:MoveRandom(): New position: (132, 84)
81s DeviceModule:MoveRandom(): New position: (144, 84)
82s DeviceModule:MoveRandom(): New position: (144, 96)
83s DeviceModule:MoveRandom(): New position: (144, 84)
84s DeviceModule:MoveRandom(): New position: (132, 84)
85s DeviceModule:MoveRandom(): New position: (132, 96)
86s DeviceModule:MoveRandom(): New position: (132, 108)
86s ExecutionModule:OutOfRange(): OUT OF BETTER NETWORK! Choosing another network...
86s DecisionModule:RemoveNetworkFromList(): Network: 4 out of range!
86s DecisionModule:Run(): Run decision
86s DecisionModule:AnalyzingNetworks(): Current Network: 
       [Network #0, Technology = Wifi, Address = 02-06-00:00:00:00:00:02, { DataRate: 57, SignalStrength: 68, AntiFragility: 94}, IQ: 78]
86s DecisionModule:ShowAllNetworks(): All detected networks:
       [Network #0, Technology = Wifi, Address = 02-06-00:00:00:00:00:02, { DataRate: 57, SignalStrength: 68, AntiFragility: 94}, IQ: 78]
       [Network #8, Technology = Wimax, Address = 02-06-00:00:00:00:00:0b, { DataRate: 86, SignalStrength: 5, AntiFragility: 99}, IQ: 72]
       [Network #5, Technology = Wifi, Address = 02-06-00:00:00:00:00:07, { DataRate: 92, SignalStrength: 83, AntiFragility: 33}, IQ: 60]
       [Network #2, Technology = Wifi, Address = 02-06-00:00:00:00:00:04, { DataRate: 44, SignalStrength: 81, AntiFragility: 9}, IQ: 35]
       [Network #9, Technology = Wimax, Address = 02-06-00:00:00:00:00:0c, { DataRate: 38, SignalStrength: 41, AntiFragility: 28}, IQ: 33]
       [Network #6, Technology = Wifi, Address = 02-06-00:00:00:00:00:08, { DataRate: 12, SignalStrength: 53, AntiFragility: 4}, IQ: 18]
86s ExecutionModule:Run(): Decision time => Seconds: 0, Miliseconds: 225
86s ExecutionModule:Run(): Handover time => Seconds: 0, Miliseconds: 163
86s ExecutionModule:Run(): Event: Horizontal Handover.
87s DeviceModule:MoveRandom(): New position: (132, 120)
87s DecisionModule:AddNetworkToList(): Network detected
87s DecisionModule:RemoveNetworkFromList(): Network: 5 out of range!
88s DeviceModule:MoveRandom(): New position: (132, 132)
89s DeviceModule:MoveRandom(): New position: (132, 120)
90s DecisionModule:Run(): Run decision
90s DecisionModule:AnalyzingNetworks(): Current Network: 
       [Network #1, Technology = Wifi, Address = 02-06-00:00:00:00:00:03, { DataRate: 87, SignalStrength: 13, AntiFragility: 99}, IQ: 74]
90s DecisionModule:ShowAllNetworks(): All detected networks:
       [Network #1, Technology = Wifi, Address = 02-06-00:00:00:00:00:03, { DataRate: 87, SignalStrength: 13, AntiFragility: 99}, IQ: 74]
       [Network #2, Technology = Wifi, Address = 02-06-00:00:00:00:00:04, { DataRate: 76, SignalStrength: 36, AntiFragility: 88}, IQ: 72]
       [Network #6, Technology = Wifi, Address = 02-06-00:00:00:00:00:08, { DataRate: 83, SignalStrength: 52, AntiFragility: 44}, IQ: 55]
       [Network #8, Technology = Wimax, Address = 02-06-00:00:00:00:00:0b, { DataRate: 45, SignalStrength: 65, AntiFragility: 32}, IQ: 43]
       [Network #0, Technology = Wifi, Address = 02-06-00:00:00:00:00:02, { DataRate: 11, SignalStrength: 18, AntiFragility: 70}, IQ: 42]
       [Network #9, Technology = Wimax, Address = 02-06-00:00:00:00:00:0c, { DataRate: 19, SignalStrength: 72, AntiFragility: 5}, IQ: 25]
90s ExecutionModule:Run(): Decision time => Seconds: 0, Miliseconds: 171
90s ExecutionModule:Run(): Handover time => Seconds: 0, Miliseconds: 118
90s ExecutionModule:Run(): Event: Horizontal Handover.
90s DeviceModule:MoveRandom(): New position: (132, 108)
90s ExecutionModule:OutOfRange(): OUT OF BETTER NETWORK! Choosing another network...
90s DecisionModule:RemoveNetworkFromList(): Network: 1 out of range!
90s DecisionModule:Run(): Run decision
90s DecisionModule:AnalyzingNetworks(): Current Network: 
       [Network #0, Technology = Wifi, Address = 02-06-00:00:00:00:00:02, { DataRate: 78, SignalStrength: 95, AntiFragility: 82}, IQ: 84]
90s DecisionModule:ShowAllNetworks(): All detected networks:
       [Network #0, Technology = Wifi, Address = 02-06-00:00:00:00:00:02, { DataRate: 78, SignalStrength: 95, AntiFragility: 82}, IQ: 84]
       [Network #2, Technology = Wifi, Address = 02-06-00:00:00:00:00:04, { DataRate: 78, SignalStrength: 47, AntiFragility: 88}, IQ: 75]
       [Network #8, Technology = Wimax, Address = 02-06-00:00:00:00:00:0b, { DataRate: 71, SignalStrength: 27, AntiFragility: 81}, IQ: 65]
       [Network #6, Technology = Wifi, Address = 02-06-00:00:00:00:00:08, { DataRate: 14, SignalStrength: 61, AntiFragility: 70}, IQ: 53]
       [Network #9, Technology = Wimax, Address = 02-06-00:00:00:00:00:0c, { DataRate: 24, SignalStrength: 21, AntiFragility: 3}, IQ: 12]
90s ExecutionModule:Run(): Decision time => Seconds: 0, Miliseconds: 113
90s ExecutionModule:Run(): Handover time => Seconds: 0, Miliseconds: 34
90s ExecutionModule:Run(): Event: Horizontal Handover.
90s DecisionModule:AddNetworkToList(): Network detected
91s DeviceModule:MoveRandom(): New position: (132, 96)
91s DecisionModule:AddNetworkToList(): Network detected
92s DeviceModule:MoveRandom(): New position: (132, 108)
92s DecisionModule:RemoveNetworkFromList(): Network: 4 out of range!
93s DeviceModule:MoveRandom(): New position: (144, 108)
94s DeviceModule:MoveRandom(): New position: (132, 108)
95s DeviceModule:MoveRandom(): New position: (132, 96)
95s DecisionModule:AddNetworkToList(): Network detected
96s DeviceModule:MoveRandom(): New position: (144, 96)
97s DeviceModule:MoveRandom(): New position: (144, 96)
98s DeviceModule:MoveRandom(): New position: (144, 96)
99s DeviceModule:MoveRandom(): New position: (144, 96)
100s DecisionModule:Run(): Run decision
100s DecisionModule:AnalyzingNetworks(): Current Network: 
       [Network #5, Technology = Wifi, Address = 02-06-00:00:00:00:00:07, { DataRate: 14, SignalStrength: 89, AntiFragility: 94}, IQ: 72]
100s DecisionModule:ShowAllNetworks(): All detected networks:
       [Network #5, Technology = Wifi, Address = 02-06-00:00:00:00:00:07, { DataRate: 14, SignalStrength: 89, AntiFragility: 94}, IQ: 72]
       [Network #6, Technology = Wifi, Address = 02-06-00:00:00:00:00:08, { DataRate: 97, SignalStrength: 73, AntiFragility: 45}, IQ: 65]
       [Network #0, Technology = Wifi, Address = 02-06-00:00:00:00:00:02, { DataRate: 98, SignalStrength: 87, AntiFragility: 34}, IQ: 63]
       [Network #8, Technology = Wimax, Address = 02-06-00:00:00:00:00:0b, { DataRate: 73, SignalStrength: 26, AntiFragility: 59}, IQ: 54]
       [Network #9, Technology = Wimax, Address = 02-06-00:00:00:00:00:0c, { DataRate: 76, SignalStrength: 36, AntiFragility: 25}, IQ: 40]
       [Network #2, Technology = Wifi, Address = 02-06-00:00:00:00:00:04, { DataRate: 18, SignalStrength: 14, AntiFragility: 46}, IQ: 31]
       [Network #4, Technology = Wifi, Address = 02-06-00:00:00:00:00:06, { DataRate: 52, SignalStrength: 41, AntiFragility: 7}, IQ: 26]
100s ExecutionModule:Run(): Decision time => Seconds: 0, Miliseconds: 200
100s ExecutionModule:Run(): Handover time => Seconds: 0, Miliseconds: 124
100s ExecutionModule:Run(): Event: Horizontal Handover.
100s DeviceModule:MoveRandom(): New position: (132, 96)
101s DeviceModule:MoveRandom(): New position: (132, 108)
101s DecisionModule:RemoveNetworkFromList(): Network: 4 out of range!
102s DeviceModule:MoveRandom(): New position: (120, 108)
102s DecisionModule:AddNetworkToList(): Network detected
102s DecisionModule:AddNetworkToList(): Network detected
103s DeviceModule:MoveRandom(): New position: (120, 96)
104s DeviceModule:MoveRandom(): New position: (132, 96)
104s DecisionModule:RemoveNetworkFromList(): Network: 1 out of range!
105s DeviceModule:MoveRandom(): New position: (132, 84)
106s DeviceModule:MoveRandom(): New position: (132, 96)
107s DeviceModule:MoveRandom(): New position: (144, 96)
108s DeviceModule:MoveRandom(): New position: (144, 96)
109s DeviceModule:MoveRandom(): New position: (144, 108)
109s DecisionModule:RemoveNetworkFromList(): Network: 4 out of range!
110s DecisionModule:Run(): Run decision
110s DecisionModule:AnalyzingNetworks(): Current Network: 
       [Network #5, Technology = Wifi, Address = 02-06-00:00:00:00:00:07, { DataRate: 48, SignalStrength: 66, AntiFragility: 83}, IQ: 70]
110s DecisionModule:ShowAllNetworks(): All detected networks:
       [Network #5, Technology = Wifi, Address = 02-06-00:00:00:00:00:07, { DataRate: 48, SignalStrength: 66, AntiFragility: 83}, IQ: 70]
       [Network #8, Technology = Wimax, Address = 02-06-00:00:00:00:00:0b, { DataRate: 54, SignalStrength: 80, AntiFragility: 32}, IQ: 49]
       [Network #2, Technology = Wifi, Address = 02-06-00:00:00:00:00:04, { DataRate: 20, SignalStrength: 80, AntiFragility: 46}, IQ: 48]
       [Network #0, Technology = Wifi, Address = 02-06-00:00:00:00:00:02, { DataRate: 69, SignalStrength: 5, AntiFragility: 39}, IQ: 38]
       [Network #6, Technology = Wifi, Address = 02-06-00:00:00:00:00:08, { DataRate: 26, SignalStrength: 21, AntiFragility: 31}, IQ: 27]
       [Network #9, Technology = Wimax, Address = 02-06-00:00:00:00:00:0c, { DataRate: 35, SignalStrength: 28, AntiFragility: 15}, IQ: 23]
110s DeviceModule:MoveRandom(): New position: (144, 120)
110s ExecutionModule:OutOfRange(): OUT OF BETTER NETWORK! Choosing another network...
110s DecisionModule:RemoveNetworkFromList(): Network: 5 out of range!
110s DecisionModule:Run(): Run decision
110s DecisionModule:AnalyzingNetworks(): Current Network: 
       [Network #6, Technology = Wifi, Address = 02-06-00:00:00:00:00:08, { DataRate: 89, SignalStrength: 96, AntiFragility: 66}, IQ: 79]
110s DecisionModule:ShowAllNetworks(): All detected networks:
       [Network #6, Technology = Wifi, Address = 02-06-00:00:00:00:00:08, { DataRate: 89, SignalStrength: 96, AntiFragility: 66}, IQ: 79]
       [Network #2, Technology = Wifi, Address = 02-06-00:00:00:00:00:04, { DataRate: 64, SignalStrength: 99, AntiFragility: 26}, IQ: 53]
       [Network #0, Technology = Wifi, Address = 02-06-00:00:00:00:00:02, { DataRate: 86, SignalStrength: 23, AntiFragility: 52}, IQ: 53]
       [Network #8, Technology = Wimax, Address = 02-06-00:00:00:00:00:0b, { DataRate: 64, SignalStrength: 26, AntiFragility: 7}, IQ: 26]
       [Network #9, Technology = Wimax, Address = 02-06-00:00:00:00:00:0c, { DataRate: 34, SignalStrength: 31, AntiFragility: 8}, IQ: 20]
110s ExecutionModule:Run(): Decision time => Seconds: 0, Miliseconds: 129
110s ExecutionModule:Run(): Handover time => Seconds: 0, Miliseconds: 123
110s ExecutionModule:Run(): Event: Horizontal Handover.
111s DeviceModule:MoveRandom(): New position: (144, 132)
112s DeviceModule:MoveRandom(): New position: (144, 132)
113s DeviceModule:MoveRandom(): New position: (144, 144)
114s DeviceModule:MoveRandom(): New position: (144, 144)
115s DeviceModule:MoveRandom(): New position: (132, 144)
115s DecisionModule:AddNetworkToList(): Network detected
116s DeviceModule:MoveRandom(): New position: (120, 144)
117s DeviceModule:MoveRandom(): New position: (108, 144)
117s DecisionModule:AddNetworkToList(): Network detected
118s DeviceModule:MoveRandom(): New position: (108, 144)
119s DeviceModule:MoveRandom(): New position: (108, 132)
120s DecisionModule:Run(): Run decision
120s DecisionModule:AnalyzingNetworks(): Current Network: 
       [Network #6, Technology = Wifi, Address = 02-06-00:00:00:00:00:08, { DataRate: 51, SignalStrength: 41, AntiFragility: 79}, IQ: 62]
120s DecisionModule:ShowAllNetworks(): All detected networks:
       [Network #6, Technology = Wifi, Address = 02-06-00:00:00:00:00:08, { DataRate: 51, SignalStrength: 41, AntiFragility: 79}, IQ: 62]
       [Network #1, Technology = Wifi, Address = 02-06-00:00:00:00:00:03, { DataRate: 79, SignalStrength: 51, AntiFragility: 46}, IQ: 55]
       [Network #9, Technology = Wimax, Address = 02-06-00:00:00:00:00:0c, { DataRate: 32, SignalStrength: 65, AntiFragility: 61}, IQ: 54]
       [Network #2, Technology = Wifi, Address = 02-06-00:00:00:00:00:04, { DataRate: 43, SignalStrength: 86, AntiFragility: 26}, IQ: 45]
       [Network #8, Technology = Wimax, Address = 02-06-00:00:00:00:00:0b, { DataRate: 50, SignalStrength: 15, AntiFragility: 54}, IQ: 43]
       [Network #0, Technology = Wifi, Address = 02-06-00:00:00:00:00:02, { DataRate: 21, SignalStrength: 58, AntiFragility: 33}, IQ: 36]
       [Network #3, Technology = Wifi, Address = 02-06-00:00:00:00:00:05, { DataRate: 28, SignalStrength: 75, AntiFragility: 22}, IQ: 36]
120s DeviceModule:MoveRandom(): New position: (120, 132)
120s DecisionModule:RemoveNetworkFromList(): Network: 3 out of range!
121s DeviceModule:MoveRandom(): New position: (120, 120)
121s DecisionModule:AddNetworkToList(): Network detected
122s DeviceModule:MoveRandom(): New position: (132, 120)
122s DecisionModule:RemoveNetworkFromList(): Network: 5 out of range!
123s DeviceModule:MoveRandom(): New position: (132, 108)
123s DecisionModule:RemoveNetworkFromList(): Network: 1 out of range!
123s DecisionModule:AddNetworkToList(): Network detected
124s DeviceModule:MoveRandom(): New position: (120, 108)
124s DecisionModule:AddNetworkToList(): Network detected
124s DecisionModule:AddNetworkToList(): Network detected
125s DeviceModule:MoveRandom(): New position: (120, 120)
125s DecisionModule:RemoveNetworkFromList(): Network: 4 out of range!
126s DeviceModule:MoveRandom(): New position: (132, 120)
126s DecisionModule:RemoveNetworkFromList(): Network: 5 out of range!
127s DeviceModule:MoveRandom(): New position: (120, 120)
127s DecisionModule:AddNetworkToList(): Network detected
128s DeviceModule:MoveRandom(): New position: (120, 132)
128s DecisionModule:RemoveNetworkFromList(): Network: 5 out of range!
129s DeviceModule:MoveRandom(): New position: (120, 120)
129s DecisionModule:AddNetworkToList(): Network detected
130s DecisionModule:Run(): Run decision
130s DecisionModule:AnalyzingNetworks(): Current Network: 
       [Network #0, Technology = Wifi, Address = 02-06-00:00:00:00:00:02, { DataRate: 60, SignalStrength: 71, AntiFragility: 83}, IQ: 74]
130s DecisionModule:ShowAllNetworks(): All detected networks:
       [Network #0, Technology = Wifi, Address = 02-06-00:00:00:00:00:02, { DataRate: 60, SignalStrength: 71, AntiFragility: 83}, IQ: 74]
       [Network #2, Technology = Wifi, Address = 02-06-00:00:00:00:00:04, { DataRate: 23, SignalStrength: 67, AntiFragility: 47}, IQ: 46]
       [Network #5, Technology = Wifi, Address = 02-06-00:00:00:00:00:07, { DataRate: 67, SignalStrength: 99, AntiFragility: 9}, IQ: 46]
       [Network #8, Technology = Wimax, Address = 02-06-00:00:00:00:00:0b, { DataRate: 82, SignalStrength: 84, AntiFragility: 8}, IQ: 45]
       [Network #9, Technology = Wimax, Address = 02-06-00:00:00:00:00:0c, { DataRate: 9, SignalStrength: 88, AntiFragility: 43}, IQ: 45]
       [Network #6, Technology = Wifi, Address = 02-06-00:00:00:00:00:08, { DataRate: 74, SignalStrength: 36, AntiFragility: 18}, IQ: 36]
       [Network #1, Technology = Wifi, Address = 02-06-00:00:00:00:00:03, { DataRate: 75, SignalStrength: 7, AntiFragility: 19}, IQ: 30]
130s ExecutionModule:Run(): Decision time => Seconds: 0, Miliseconds: 201
130s ExecutionModule:Run(): Handover time => Seconds: 0, Miliseconds: 122
130s ExecutionModule:Run(): Event: Horizontal Handover.
130s DeviceModule:MoveRandom(): New position: (120, 132)
130s DecisionModule:RemoveNetworkFromList(): Network: 5 out of range!
131s DeviceModule:MoveRandom(): New position: (120, 144)
132s DeviceModule:MoveRandom(): New position: (120, 144)
133s DeviceModule:MoveRandom(): New position: (120, 132)
134s DeviceModule:MoveRandom(): New position: (132, 132)
135s DeviceModule:MoveRandom(): New position: (132, 144)
136s DeviceModule:MoveRandom(): New position: (144, 144)
136s DecisionModule:RemoveNetworkFromList(): Network: 1 out of range!
137s DeviceModule:MoveRandom(): New position: (144, 132)
138s DeviceModule:MoveRandom(): New position: (132, 132)
138s DecisionModule:AddNetworkToList(): Network detected
139s DeviceModule:MoveRandom(): New position: (132, 120)
140s DecisionModule:Run(): Run decision
140s DecisionModule:AnalyzingNetworks(): Current Network: 
       [Network #9, Technology = Wimax, Address = 02-06-00:00:00:00:00:0c, { DataRate: 72, SignalStrength: 65, AntiFragility: 26}, IQ: 47]
140s DecisionModule:ShowAllNetworks(): All detected networks:
       [Network #9, Technology = Wimax, Address = 02-06-00:00:00:00:00:0c, { DataRate: 72, SignalStrength: 65, AntiFragility: 26}, IQ: 47]
       [Network #6, Technology = Wifi, Address = 02-06-00:00:00:00:00:08, { DataRate: 6, SignalStrength: 29, AntiFragility: 75}, IQ: 46]
       [Network #8, Technology = Wimax, Address = 02-06-00:00:00:00:00:0b, { DataRate: 58, SignalStrength: 18, AntiFragility: 43}, IQ: 40]
       [Network #1, Technology = Wifi, Address = 02-06-00:00:00:00:00:03, { DataRate: 69, SignalStrength: 9, AntiFragility: 32}, IQ: 35]
       [Network #0, Technology = Wifi, Address = 02-06-00:00:00:00:00:02, { DataRate: 66, SignalStrength: 13, AntiFragility: 22}, IQ: 30]
       [Network #2, Technology = Wifi, Address = 02-06-00:00:00:00:00:04, { DataRate: 23, SignalStrength: 36, AntiFragility: 3}, IQ: 16]
140s ExecutionModule:Run(): Decision time => Seconds: 0, Miliseconds: 173
140s ExecutionModule:Run(): Handover time => Seconds: 0, Miliseconds: 31
140s ExecutionModule:Run(): Event: Vertical Handover.
140s DeviceModule:MoveRandom(): New position: (132, 108)
140s DecisionModule:RemoveNetworkFromList(): Network: 1 out of range!
140s DecisionModule:AddNetworkToList(): Network detected
141s DeviceModule:MoveRandom(): New position: (120, 108)
141s DecisionModule:AddNetworkToList(): Network detected
141s DecisionModule:AddNetworkToList(): Network detected
142s DeviceModule:MoveRandom(): New position: (120, 96)
143s DeviceModule:MoveRandom(): New position: (120, 84)
144s DeviceModule:MoveRandom(): New position: (120, 72)
144s DecisionModule:RemoveNetworkFromList(): Network: 1 out of range!
145s DeviceModule:MoveRandom(): New position: (120, 60)
146s DeviceModule:MoveRandom(): New position: (120, 48)
147s DeviceModule:MoveRandom(): New position: (132, 48)
148s DeviceModule:MoveRandom(): New position: (132, 60)
149s DeviceModule:MoveRandom(): New position: (120, 60)
150s DecisionModule:Run(): Run decision
150s DecisionModule:AnalyzingNetworks(): Current Network: 
       [Network #9, Technology = Wimax, Address = 02-06-00:00:00:00:00:0c, { DataRate: 58, SignalStrength: 39, AntiFragility: 98}, IQ: 73]
150s DecisionModule:ShowAllNetworks(): All detected networks:
       [Network #9, Technology = Wimax, Address = 02-06-00:00:00:00:00:0c, { DataRate: 58, SignalStrength: 39, AntiFragility: 98}, IQ: 73]
       [Network #0, Technology = Wifi, Address = 02-06-00:00:00:00:00:02, { DataRate: 40, SignalStrength: 91, AntiFragility: 79}, IQ: 72]
       [Network #6, Technology = Wifi, Address = 02-06-00:00:00:00:00:08, { DataRate: 63, SignalStrength: 87, AntiFragility: 40}, IQ: 57]
       [Network #4, Technology = Wifi, Address = 02-06-00:00:00:00:00:06, { DataRate: 73, SignalStrength: 18, AntiFragility: 70}, IQ: 57]
       [Network #5, Technology = Wifi, Address = 02-06-00:00:00:00:00:07, { DataRate: 57, SignalStrength: 86, AntiFragility: 27}, IQ: 49]
       [Network #2, Technology = Wifi, Address = 02-06-00:00:00:00:00:04, { DataRate: 72, SignalStrength: 45, AntiFragility: 8}, IQ: 33]
       [Network #8, Technology = Wimax, Address = 02-06-00:00:00:00:00:0b, { DataRate: 13, SignalStrength: 23, AntiFragility: 34}, IQ: 26]
150s DeviceModule:MoveRandom(): New position: (108, 60)
151s DeviceModule:MoveRandom(): New position: (108, 72)
151s DecisionModule:AddNetworkToList(): Network detected
152s DeviceModule:MoveRandom(): New position: (120, 72)
152s DecisionModule:RemoveNetworkFromList(): Network: 1 out of range!
153s DeviceModule:MoveRandom(): New position: (120, 60)
154s DeviceModule:MoveRandom(): New position: (108, 60)
155s DeviceModule:MoveRandom(): New position: (96, 60)
155s DecisionModule:AddNetworkToList(): Network detected
155s DecisionModule:AddNetworkToList(): Network detected
156s DeviceModule:MoveRandom(): New position: (108, 60)
156s DecisionModule:RemoveNetworkFromList(): Network: 1 out of range!
156s DecisionModule:RemoveNetworkFromList(): Network: 7 out of range!
157s DeviceModule:MoveRandom(): New position: (120, 60)
158s DeviceModule:MoveRandom(): New position: (120, 48)
159s DeviceModule:MoveRandom(): New position: (132, 48)
160s DecisionModule:Run(): Run decision
160s DecisionModule:AnalyzingNetworks(): Current Network: 
       [Network #4, Technology = Wifi, Address = 02-06-00:00:00:00:00:06, { DataRate: 87, SignalStrength: 15, AntiFragility: 96}, IQ: 73]
160s DecisionModule:ShowAllNetworks(): All detected networks:
       [Network #4, Technology = Wifi, Address = 02-06-00:00:00:00:00:06, { DataRate: 87, SignalStrength: 15, AntiFragility: 96}, IQ: 73]
       [Network #6, Technology = Wifi, Address = 02-06-00:00:00:00:00:08, { DataRate: 17, SignalStrength: 57, AntiFragility: 97}, IQ: 67]
       [Network #5, Technology = Wifi, Address = 02-06-00:00:00:00:00:07, { DataRate: 17, SignalStrength: 48, AntiFragility: 95}, IQ: 63]
       [Network #8, Technology = Wimax, Address = 02-06-00:00:00:00:00:0b, { DataRate: 74, SignalStrength: 4, AntiFragility: 75}, IQ: 57]
       [Network #0, Technology = Wifi, Address = 02-06-00:00:00:00:00:02, { DataRate: 88, SignalStrength: 52, AntiFragility: 13}, IQ: 41]
       [Network #2, Technology = Wifi, Address = 02-06-00:00:00:00:00:04, { DataRate: 48, SignalStrength: 25, AntiFragility: 29}, IQ: 32]
       [Network #9, Technology = Wimax, Address = 02-06-00:00:00:00:00:0c, { DataRate: 79, SignalStrength: 32, AntiFragility: 7}, IQ: 31]
160s ExecutionModule:Run(): Decision time => Seconds: 0, Miliseconds: 181
160s ExecutionModule:Run(): Handover time => Seconds: 0, Miliseconds: 32
160s ExecutionModule:Run(): Event: Vertical Handover.
160s DeviceModule:MoveRandom(): New position: (132, 36)
160s DecisionModule:RemoveNetworkFromList(): Network: 9 out of range!
161s DeviceModule:MoveRandom(): New position: (132, 48)
161s DecisionModule:AddNetworkToList(): Network detected
162s DeviceModule:MoveRandom(): New position: (120, 48)
163s DeviceModule:MoveRandom(): New position: (108, 48)
164s DeviceModule:MoveRandom(): New position: (108, 60)
165s DeviceModule:MoveRandom(): New position: (96, 60)
165s DecisionModule:AddNetworkToList(): Network detected
165s DecisionModule:AddNetworkToList(): Network detected
166s DeviceModule:MoveRandom(): New position: (96, 48)
166s DecisionModule:RemoveNetworkFromList(): Network: 1 out of range!
167s DeviceModule:MoveRandom(): New position: (108, 48)
167s DecisionModule:RemoveNetworkFromList(): Network: 7 out of range!
168s DeviceModule:MoveRandom(): New position: (96, 48)
168s DecisionModule:AddNetworkToList(): Network detected
169s DeviceModule:MoveRandom(): New position: (108, 48)
169s DecisionModule:RemoveNetworkFromList(): Network: 7 out of range!
170s DecisionModule:Run(): Run decision
170s DecisionModule:AnalyzingNetworks(): Current Network: 
       [Network #6, Technology = Wifi, Address = 02-06-00:00:00:00:00:08, { DataRate: 66, SignalStrength: 84, AntiFragility: 91}, IQ: 83]
170s DecisionModule:ShowAllNetworks(): All detected networks:
       [Network #6, Technology = Wifi, Address = 02-06-00:00:00:00:00:08, { DataRate: 66, SignalStrength: 84, AntiFragility: 91}, IQ: 83]
       [Network #4, Technology = Wifi, Address = 02-06-00:00:00:00:00:06, { DataRate: 79, SignalStrength: 72, AntiFragility: 46}, IQ: 60]
       [Network #9, Technology = Wimax, Address = 02-06-00:00:00:00:00:0c, { DataRate: 14, SignalStrength: 9, AntiFragility: 67}, IQ: 39]
       [Network #2, Technology = Wifi, Address = 02-06-00:00:00:00:00:04, { DataRate: 38, SignalStrength: 25, AntiFragility: 34}, IQ: 32]
       [Network #0, Technology = Wifi, Address = 02-06-00:00:00:00:00:02, { DataRate: 7, SignalStrength: 62, AntiFragility: 24}, IQ: 29]
       [Network #5, Technology = Wifi, Address = 02-06-00:00:00:00:00:07, { DataRate: 16, SignalStrength: 42, AntiFragility: 22}, IQ: 25]
       [Network #8, Technology = Wimax, Address = 02-06-00:00:00:00:00:0b, { DataRate: 13, SignalStrength: 30, AntiFragility: 11}, IQ: 16]
170s ExecutionModule:Run(): Decision time => Seconds: 0, Miliseconds: 181
170s ExecutionModule:Run(): Handover time => Seconds: 0, Miliseconds: 121
170s ExecutionModule:Run(): Event: Horizontal Handover.
170s DeviceModule:MoveRandom(): New position: (96, 48)
170s DecisionModule:AddNetworkToList(): Network detected
171s DeviceModule:MoveRandom(): New position: (108, 48)
171s DecisionModule:RemoveNetworkFromList(): Network: 7 out of range!
172s DeviceModule:MoveRandom(): New position: (108, 36)
173s DeviceModule:MoveRandom(): New position: (120, 36)
174s DeviceModule:MoveRandom(): New position: (120, 24)
174s DecisionModule:RemoveNetworkFromList(): Network: 8 out of range!
174s DecisionModule:RemoveNetworkFromList(): Network: 9 out of range!
175s DeviceModule:MoveRandom(): New position: (108, 24)
176s DeviceModule:MoveRandom(): New position: (96, 24)
176s DecisionModule:AddNetworkToList(): Network detected
176s DecisionModule:AddNetworkToList(): Network detected
177s DeviceModule:MoveRandom(): New position: (96, 12)
177s DecisionModule:RemoveNetworkFromList(): Network: 2 out of range!
177s DecisionModule:RemoveNetworkFromList(): Network: 9 out of range!
178s DeviceModule:MoveRandom(): New position: (96, 24)
178s DecisionModule:AddNetworkToList(): Network detected
178s DecisionModule:AddNetworkToList(): Network detected
179s DeviceModule:MoveRandom(): New position: (96, 12)
179s DecisionModule:RemoveNetworkFromList(): Network: 2 out of range!
179s DecisionModule:RemoveNetworkFromList(): Network: 9 out of range!
180s DecisionModule:Run(): Run decision
180s DecisionModule:AnalyzingNetworks(): Current Network: 
       [Network #4, Technology = Wifi, Address = 02-06-00:00:00:00:00:06, { DataRate: 88, SignalStrength: 61, AntiFragility: 64}, IQ: 69]
180s DecisionModule:ShowAllNetworks(): All detected networks:
       [Network #4, Technology = Wifi, Address = 02-06-00:00:00:00:00:06, { DataRate: 88, SignalStrength: 61, AntiFragility: 64}, IQ: 69]
       [Network #6, Technology = Wifi, Address = 02-06-00:00:00:00:00:08, { DataRate: 29, SignalStrength: 11, AntiFragility: 78}, IQ: 49]
       [Network #5, Technology = Wifi, Address = 02-06-00:00:00:00:00:07, { DataRate: 25, SignalStrength: 17, AntiFragility: 32}, IQ: 26]
       [Network #0, Technology = Wifi, Address = 02-06-00:00:00:00:00:02, { DataRate: 13, SignalStrength: 42, AntiFragility: 22}, IQ: 24]
       [Network #7, Technology = Wifi, Address = 02-06-00:00:00:00:00:09, { DataRate: 27, SignalStrength: 13, AntiFragility: 2}, IQ: 11]
180s ExecutionModule:Run(): Decision time => Seconds: 0, Miliseconds: 183
180s ExecutionModule:Run(): Handover time => Seconds: 0, Miliseconds: 123
180s ExecutionModule:Run(): Event: Horizontal Handover.
180s DeviceModule:MoveRandom(): New position: (96, 0)
180s DecisionModule:RemoveNetworkFromList(): Network: 6 out of range!
181s DeviceModule:MoveRandom(): New position: (84, 0)
182s DeviceModule:MoveRandom(): New position: (96, 0)
183s DeviceModule:MoveRandom(): New position: (84, 0)
184s DeviceModule:MoveRandom(): New position: (96, 0)
185s DeviceModule:MoveRandom(): New position: (108, 0)
185s DecisionModule:RemoveNetworkFromList(): Network: 7 out of range!
186s DeviceModule:MoveRandom(): New position: (108, 0)
187s DeviceModule:MoveRandom(): New position: (108, 12)
187s DecisionModule:AddNetworkToList(): Network detected
188s DeviceModule:MoveRandom(): New position: (108, 24)
188s DecisionModule:AddNetworkToList(): Network detected
189s DeviceModule:MoveRandom(): New position: (96, 24)
189s DecisionModule:AddNetworkToList(): Network detected
189s DecisionModule:AddNetworkToList(): Network detected
190s DecisionModule:Run(): Run decision
190s DecisionModule:AnalyzingNetworks(): Current Network: 
       [Network #5, Technology = Wifi, Address = 02-06-00:00:00:00:00:07, { DataRate: 69, SignalStrength: 19, AntiFragility: 95}, IQ: 69]
190s DecisionModule:ShowAllNetworks(): All detected networks:
       [Network #5, Technology = Wifi, Address = 02-06-00:00:00:00:00:07, { DataRate: 69, SignalStrength: 19, AntiFragility: 95}, IQ: 69]
       [Network #2, Technology = Wifi, Address = 02-06-00:00:00:00:00:04, { DataRate: 56, SignalStrength: 55, AntiFragility: 67}, IQ: 61]
       [Network #9, Technology = Wimax, Address = 02-06-00:00:00:00:00:0c, { DataRate: 98, SignalStrength: 87, AntiFragility: 22}, IQ: 57]
       [Network #6, Technology = Wifi, Address = 02-06-00:00:00:00:00:08, { DataRate: 14, SignalStrength: 40, AntiFragility: 86}, IQ: 56]
       [Network #4, Technology = Wifi, Address = 02-06-00:00:00:00:00:06, { DataRate: 7, SignalStrength: 69, AntiFragility: 63}, IQ: 50]
       [Network #0, Technology = Wifi, Address = 02-06-00:00:00:00:00:02, { DataRate: 80, SignalStrength: 64, AntiFragility: 18}, IQ: 45]
       [Network #7, Technology = Wifi, Address = 02-06-00:00:00:00:00:09, { DataRate: 88, SignalStrength: 71, AntiFragility: 2}, IQ: 40]
190s ExecutionModule:Run(): Decision time => Seconds: 0, Miliseconds: 182
190s ExecutionModule:Run(): Handover time => Seconds: 0, Miliseconds: 121
190s ExecutionModule:Run(): Event: Horizontal Handover.
190s DeviceModule:MoveRandom(): New position: (84, 24)
191s DeviceModule:MoveRandom(): New position: (84, 36)
192s DeviceModule:MoveRandom(): New position: (84, 48)
192s DecisionModule:AddNetworkToList(): Network detected
193s DeviceModule:MoveRandom(): New position: (84, 60)
193s DecisionModule:AddNetworkToList(): Network detected
193s DecisionModule:AddNetworkToList(): Network detected
194s DeviceModule:MoveRandom(): New position: (84, 72)
195s DeviceModule:MoveRandom(): New position: (96, 72)
196s DeviceModule:MoveRandom(): New position: (96, 60)
196s DecisionModule:RemoveNetworkFromList(): Network: 3 out of range!
197s DeviceModule:MoveRandom(): New position: (96, 48)
197s DecisionModule:RemoveNetworkFromList(): Network: 1 out of range!
198s DeviceModule:MoveRandom(): New position: (84, 48)
199s DeviceModule:MoveRandom(): New position: (84, 60)
199s DecisionModule:AddNetworkToList(): Network detected
199s DecisionModule:AddNetworkToList(): Network detected
