Waf: Entering directory `/home/renan/Documents/NR2/ns-allinone-3.20/ns-3.20/build'
Waf: Leaving directory `/home/renan/Documents/NR2/ns-allinone-3.20/ns-3.20/build'
'build' finished successfully (1.818s)
0s NetworkModule:SetPosition(): Network 0 set position => (186, 47)
0s NetworkModule:SetRange(): Network 0 set range => 100
0s NetworkModule:SetPosition(): Network 1 set position => (110, 160)
0s NetworkModule:SetRange(): Network 1 set range => 100
0s NetworkModule:SetPosition(): Network 2 set position => (35, 154)
0s NetworkModule:SetRange(): Network 2 set range => 100
0s NetworkModule:SetPosition(): Network 3 set position => (172, 85)
0s NetworkModule:SetRange(): Network 3 set range => 100
0s NetworkModule:SetPosition(): Network 4 set position => (6, 83)
0s NetworkModule:SetRange(): Network 4 set range => 100
0s NetworkModule:SetPosition(): Network 5 set position => (144, 194)
0s NetworkModule:SetRange(): Network 5 set range => 100
0s NetworkModule:SetPosition(): Network 6 set position => (29, 143)
0s NetworkModule:SetRange(): Network 6 set range => 100
0s NetworkModule:SetPosition(): Network 7 set position => (190, 67)
0s NetworkModule:SetRange(): Network 7 set range => 100
0s NetworkModule:SetPosition(): Network 8 set position => (188, 149)
0s NetworkModule:SetRange(): Network 8 set range => 100
0s NetworkModule:SetPosition(): Network 9 set position => (91, 170)
0s NetworkModule:SetRange(): Network 9 set range => 100
0s NetworkModule:SetPosition(): Network 10 set position => (29, 109)
0s NetworkModule:SetRange(): Network 10 set range => 100
0s NetworkModule:SetPosition(): Network 11 set position => (157, 10)
0s NetworkModule:SetRange(): Network 11 set range => 100
0s NetworkModule:SetPosition(): Network 12 set position => (170, 138)
0s NetworkModule:SetRange(): Network 12 set range => 100
0s NetworkModule:SetPosition(): Network 13 set position => (50, 82)
0s NetworkModule:SetRange(): Network 13 set range => 100
0s NetworkModule:SetPosition(): Network 14 set position => (13, 126)
0s NetworkModule:SetRange(): Network 14 set range => 100
0s NetworkModule:SetPosition(): Network 15 set position => (126, 193)
0s NetworkModule:SetRange(): Network 15 set range => 100
0s NetworkModule:SetPosition(): Network 16 set position => (154, 151)
0s NetworkModule:SetRange(): Network 16 set range => 100
0s NetworkModule:SetPosition(): Network 17 set position => (105, 36)
0s NetworkModule:SetRange(): Network 17 set range => 100
0s NetworkModule:SetPosition(): Network 18 set position => (73, 141)
0s NetworkModule:SetRange(): Network 18 set range => 100
0s NetworkModule:SetPosition(): Network 19 set position => (177, 77)
0s NetworkModule:SetRange(): Network 19 set range => 100
0s DeviceModule:ConfigureMobility(): Device [init x = 100, init y = 100, max = 200, velocity = 3]
1s DeviceModule:MoveRandom(): New position: (103, 100)
1s DecisionModule:AddNetworkToList(): Network detected
1s DecisionModule:AddNetworkToList(): Network detected
1s DecisionModule:AddNetworkToList(): Network detected
1s DecisionModule:AddNetworkToList(): Network detected
1s DecisionModule:AddNetworkToList(): Network detected
1s DecisionModule:AddNetworkToList(): Network detected
1s DecisionModule:AddNetworkToList(): Network detected
1s DecisionModule:AddNetworkToList(): Network detected
1s DecisionModule:AddNetworkToList(): Network detected
1s DecisionModule:AddNetworkToList(): Network detected
1s DecisionModule:AddNetworkToList(): Network detected
1s DecisionModule:AddNetworkToList(): Network detected
1s DecisionModule:AddNetworkToList(): Network detected
1s DecisionModule:AddNetworkToList(): Network detected
1s DecisionModule:AddNetworkToList(): Network detected
1s DecisionModule:AddNetworkToList(): Network detected
1s DecisionModule:AddNetworkToList(): Network detected
1s DecisionModule:AddNetworkToList(): Network detected
2s DeviceModule:MoveRandom(): New position: (103, 103)
2s DecisionModule:AddNetworkToList(): Network detected
3s DeviceModule:MoveRandom(): New position: (100, 103)
3s DecisionModule:RemoveNetworkFromList(): Network: 0 out of range!
3s DecisionModule:RemoveNetworkFromList(): Network: 5 out of range!
4s DeviceModule:MoveRandom(): New position: (103, 103)
4s DecisionModule:AddNetworkToList(): Network detected
4s DecisionModule:AddNetworkToList(): Network detected
5s DeviceModule:MoveRandom(): New position: (103, 106)
5s DecisionModule:RemoveNetworkFromList(): Network: 0 out of range!
6s DeviceModule:MoveRandom(): New position: (103, 109)
7s DeviceModule:MoveRandom(): New position: (103, 106)
8s DeviceModule:MoveRandom(): New position: (106, 106)
8s DecisionModule:AddNetworkToList(): Network detected
8s DecisionModule:RemoveNetworkFromList(): Network: 4 out of range!
9s DeviceModule:MoveRandom(): New position: (106, 103)
10s DeviceModule:MoveRandom(): New position: (109, 103)
11s DeviceModule:MoveRandom(): New position: (109, 100)
12s DeviceModule:MoveRandom(): New position: (112, 100)
12s DecisionModule:AddNetworkToList(): Network detected
12s DecisionModule:RemoveNetworkFromList(): Network: 14 out of range!
13s DeviceModule:MoveRandom(): New position: (112, 103)
13s DecisionModule:RemoveNetworkFromList(): Network: 11 out of range!
14s DeviceModule:MoveRandom(): New position: (112, 106)
15s DeviceModule:MoveRandom(): New position: (115, 106)
16s DeviceModule:MoveRandom(): New position: (118, 106)
17s DeviceModule:MoveRandom(): New position: (118, 103)
17s DecisionModule:AddNetworkToList(): Network detected
18s DeviceModule:MoveRandom(): New position: (118, 100)
19s DeviceModule:MoveRandom(): New position: (118, 97)
20s DecisionModule:Run(): Run decision
20s DecisionModule:AnalyzingNetworks(): Current Network: 
       [Network #2, Technology = Wifi, Address = 02-06-00:00:00:00:00:04, { DataRate: 91, SignalStrength: 83, AntiFragility: 95}, IQ: 91]
20s DecisionModule:ShowAllNetworks(): All detected networks:
       [Network #2, Technology = Wifi, Address = 02-06-00:00:00:00:00:04, { DataRate: 91, SignalStrength: 83, AntiFragility: 95}, IQ: 91]
       [Network #12, Technology = Wifi, Address = 02-06-00:00:00:00:00:0e, { DataRate: 28, SignalStrength: 71, AntiFragility: 96}, IQ: 72]
       [Network #5, Technology = Wifi, Address = 02-06-00:00:00:00:00:07, { DataRate: 44, SignalStrength: 52, AntiFragility: 95}, IQ: 71]
       [Network #18, Technology = Wimax, Address = 02-06-00:00:00:00:00:15, { DataRate: 90, SignalStrength: 6, AntiFragility: 86}, IQ: 67]
       [Network #17, Technology = Wifi, Address = 02-06-00:00:00:00:00:13, { DataRate: 73, SignalStrength: 17, AntiFragility: 77}, IQ: 61]
       [Network #9, Technology = Wifi, Address = 02-06-00:00:00:00:00:0b, { DataRate: 74, SignalStrength: 33, AntiFragility: 68}, IQ: 60]
       [Network #16, Technology = Wifi, Address = 02-06-00:00:00:00:00:12, { DataRate: 84, SignalStrength: 85, AntiFragility: 33}, IQ: 58]
       [Network #7, Technology = Wifi, Address = 02-06-00:00:00:00:00:09, { DataRate: 9, SignalStrength: 43, AntiFragility: 89}, IQ: 57]
       [Network #10, Technology = Wifi, Address = 02-06-00:00:00:00:00:0c, { DataRate: 97, SignalStrength: 35, AntiFragility: 46}, IQ: 56]
       [Network #19, Technology = Wimax, Address = 02-06-00:00:00:00:00:16, { DataRate: 50, SignalStrength: 93, AntiFragility: 36}, IQ: 53]
       [Network #1, Technology = Wifi, Address = 02-06-00:00:00:00:00:03, { DataRate: 55, SignalStrength: 70, AntiFragility: 33}, IQ: 47]
       [Network #13, Technology = Wifi, Address = 02-06-00:00:00:00:00:0f, { DataRate: 73, SignalStrength: 4, AntiFragility: 52}, IQ: 45]
       [Network #15, Technology = Wifi, Address = 02-06-00:00:00:00:00:11, { DataRate: 79, SignalStrength: 27, AntiFragility: 38}, IQ: 45]
       [Network #6, Technology = Wifi, Address = 02-06-00:00:00:00:00:08, { DataRate: 43, SignalStrength: 65, AntiFragility: 32}, IQ: 43]
       [Network #0, Technology = Wifi, Address = 02-06-00:00:00:00:00:02, { DataRate: 43, SignalStrength: 89, AntiFragility: 6}, IQ: 36]
       [Network #3, Technology = Wifi, Address = 02-06-00:00:00:00:00:05, { DataRate: 91, SignalStrength: 4, AntiFragility: 23}, IQ: 35]
       [Network #11, Technology = Wifi, Address = 02-06-00:00:00:00:00:0d, { DataRate: 34, SignalStrength: 64, AntiFragility: 13}, IQ: 31]
       [Network #8, Technology = Wifi, Address = 02-06-00:00:00:00:00:0a, { DataRate: 26, SignalStrength: 79, AntiFragility: 6}, IQ: 29]
20s DeviceModule:MoveRandom(): New position: (115, 97)
20s DecisionModule:RemoveNetworkFromList(): Network: 5 out of range!
21s DeviceModule:MoveRandom(): New position: (115, 100)
21s DecisionModule:AddNetworkToList(): Network detected
22s DeviceModule:MoveRandom(): New position: (112, 100)
23s DeviceModule:MoveRandom(): New position: (112, 103)
23s DecisionModule:RemoveNetworkFromList(): Network: 11 out of range!
24s DeviceModule:MoveRandom(): New position: (112, 100)
24s DecisionModule:AddNetworkToList(): Network detected
25s DeviceModule:MoveRandom(): New position: (112, 97)
25s DecisionModule:RemoveNetworkFromList(): Network: 5 out of range!
26s DeviceModule:MoveRandom(): New position: (112, 100)
26s DecisionModule:AddNetworkToList(): Network detected
27s DeviceModule:MoveRandom(): New position: (112, 97)
27s DecisionModule:RemoveNetworkFromList(): Network: 5 out of range!
28s DeviceModule:MoveRandom(): New position: (112, 94)
29s DeviceModule:MoveRandom(): New position: (112, 91)
29s DecisionModule:RemoveNetworkFromList(): Network: 15 out of range!
30s DeviceModule:MoveRandom(): New position: (112, 94)
30s DecisionModule:AddNetworkToList(): Network detected
31s DeviceModule:MoveRandom(): New position: (112, 91)
31s DecisionModule:RemoveNetworkFromList(): Network: 15 out of range!
32s DeviceModule:MoveRandom(): New position: (115, 91)
32s ExecutionModule:OutOfRange(): OUT OF BETTER NETWORK! Choosing another network...
32s DecisionModule:RemoveNetworkFromList(): Network: 2 out of range!
32s DecisionModule:Run(): Run decision
32s DecisionModule:AnalyzingNetworks(): Current Network: 
       [Network #10, Technology = Wifi, Address = 02-06-00:00:00:00:00:0c, { DataRate: 75, SignalStrength: 55, AntiFragility: 79}, IQ: 72]
32s DecisionModule:ShowAllNetworks(): All detected networks:
       [Network #10, Technology = Wifi, Address = 02-06-00:00:00:00:00:0c, { DataRate: 75, SignalStrength: 55, AntiFragility: 79}, IQ: 72]
       [Network #8, Technology = Wifi, Address = 02-06-00:00:00:00:00:0a, { DataRate: 28, SignalStrength: 98, AntiFragility: 75}, IQ: 69]
       [Network #1, Technology = Wifi, Address = 02-06-00:00:00:00:00:03, { DataRate: 95, SignalStrength: 38, AntiFragility: 66}, IQ: 66]
       [Network #13, Technology = Wifi, Address = 02-06-00:00:00:00:00:0f, { DataRate: 20, SignalStrength: 65, AntiFragility: 85}, IQ: 63]
       [Network #18, Technology = Wimax, Address = 02-06-00:00:00:00:00:15, { DataRate: 95, SignalStrength: 30, AntiFragility: 51}, IQ: 56]
       [Network #3, Technology = Wifi, Address = 02-06-00:00:00:00:00:05, { DataRate: 1, SignalStrength: 30, AntiFragility: 96}, IQ: 55]
       [Network #16, Technology = Wifi, Address = 02-06-00:00:00:00:00:12, { DataRate: 10, SignalStrength: 60, AntiFragility: 70}, IQ: 52]
       [Network #0, Technology = Wifi, Address = 02-06-00:00:00:00:00:02, { DataRate: 50, SignalStrength: 14, AntiFragility: 73}, IQ: 52]
       [Network #9, Technology = Wifi, Address = 02-06-00:00:00:00:00:0b, { DataRate: 24, SignalStrength: 3, AntiFragility: 84}, IQ: 48]
       [Network #17, Technology = Wifi, Address = 02-06-00:00:00:00:00:13, { DataRate: 53, SignalStrength: 16, AntiFragility: 57}, IQ: 45]
       [Network #6, Technology = Wifi, Address = 02-06-00:00:00:00:00:08, { DataRate: 96, SignalStrength: 46, AntiFragility: 16}, IQ: 43]
       [Network #7, Technology = Wifi, Address = 02-06-00:00:00:00:00:09, { DataRate: 78, SignalStrength: 67, AntiFragility: 9}, IQ: 40]
       [Network #12, Technology = Wifi, Address = 02-06-00:00:00:00:00:0e, { DataRate: 25, SignalStrength: 75, AntiFragility: 19}, IQ: 34]
       [Network #11, Technology = Wifi, Address = 02-06-00:00:00:00:00:0d, { DataRate: 49, SignalStrength: 15, AntiFragility: 13}, IQ: 22]
       [Network #19, Technology = Wimax, Address = 02-06-00:00:00:00:00:16, { DataRate: 42, SignalStrength: 7, AntiFragility: 18}, IQ: 21]
32s ExecutionModule:Run(): Decision time => Seconds: 0, Miliseconds: 503
32s ExecutionModule:Run(): Handover time => Seconds: 0, Miliseconds: 288
32s ExecutionModule:Run(): Event: Horizontal Handover.
33s DeviceModule:MoveRandom(): New position: (115, 88)
33s DecisionModule:RemoveNetworkFromList(): Network: 6 out of range!
34s DeviceModule:MoveRandom(): New position: (118, 88)
35s DeviceModule:MoveRandom(): New position: (118, 91)
36s DeviceModule:MoveRandom(): New position: (118, 88)
37s DeviceModule:MoveRandom(): New position: (118, 85)
38s DeviceModule:MoveRandom(): New position: (118, 88)
39s DeviceModule:MoveRandom(): New position: (121, 88)
40s DecisionModule:Run(): Run decision
40s DecisionModule:AnalyzingNetworks(): Current Network: 
       [Network #17, Technology = Wifi, Address = 02-06-00:00:00:00:00:13, { DataRate: 15, SignalStrength: 93, AntiFragility: 94}, IQ: 74]
40s DecisionModule:ShowAllNetworks(): All detected networks:
       [Network #17, Technology = Wifi, Address = 02-06-00:00:00:00:00:13, { DataRate: 15, SignalStrength: 93, AntiFragility: 94}, IQ: 74]
       [Network #8, Technology = Wifi, Address = 02-06-00:00:00:00:00:0a, { DataRate: 76, SignalStrength: 57, AntiFragility: 69}, IQ: 67]
       [Network #3, Technology = Wifi, Address = 02-06-00:00:00:00:00:05, { DataRate: 25, SignalStrength: 45, AntiFragility: 99}, IQ: 67]
       [Network #9, Technology = Wifi, Address = 02-06-00:00:00:00:00:0b, { DataRate: 1, SignalStrength: 64, AntiFragility: 96}, IQ: 64]
       [Network #18, Technology = Wimax, Address = 02-06-00:00:00:00:00:15, { DataRate: 72, SignalStrength: 81, AntiFragility: 48}, IQ: 62]
       [Network #12, Technology = Wifi, Address = 02-06-00:00:00:00:00:0e, { DataRate: 43, SignalStrength: 9, AntiFragility: 87}, IQ: 56]
       [Network #7, Technology = Wifi, Address = 02-06-00:00:00:00:00:09, { DataRate: 34, SignalStrength: 30, AntiFragility: 74}, IQ: 53]
       [Network #16, Technology = Wifi, Address = 02-06-00:00:00:00:00:12, { DataRate: 4, SignalStrength: 97, AntiFragility: 41}, IQ: 45]
       [Network #0, Technology = Wifi, Address = 02-06-00:00:00:00:00:02, { DataRate: 8, SignalStrength: 47, AntiFragility: 60}, IQ: 43]
       [Network #11, Technology = Wifi, Address = 02-06-00:00:00:00:00:0d, { DataRate: 49, SignalStrength: 20, AntiFragility: 45}, IQ: 39]
       [Network #19, Technology = Wimax, Address = 02-06-00:00:00:00:00:16, { DataRate: 3, SignalStrength: 60, AntiFragility: 46}, IQ: 38]
       [Network #10, Technology = Wifi, Address = 02-06-00:00:00:00:00:0c, { DataRate: 51, SignalStrength: 31, AntiFragility: 15}, IQ: 28]
       [Network #13, Technology = Wifi, Address = 02-06-00:00:00:00:00:0f, { DataRate: 6, SignalStrength: 63, AntiFragility: 11}, IQ: 22]
       [Network #1, Technology = Wifi, Address = 02-06-00:00:00:00:00:03, { DataRate: 13, SignalStrength: 6, AntiFragility: 27}, IQ: 18]
40s ExecutionModule:Run(): Decision time => Seconds: 0, Miliseconds: 246
40s ExecutionModule:Run(): Handover time => Seconds: 0, Miliseconds: 333
40s ExecutionModule:Run(): Event: Horizontal Handover.
40s DeviceModule:MoveRandom(): New position: (121, 91)
41s DeviceModule:MoveRandom(): New position: (121, 88)
42s DeviceModule:MoveRandom(): New position: (121, 85)
43s DeviceModule:MoveRandom(): New position: (118, 85)
44s DeviceModule:MoveRandom(): New position: (121, 85)
45s DeviceModule:MoveRandom(): New position: (121, 82)
46s DeviceModule:MoveRandom(): New position: (118, 82)
47s DeviceModule:MoveRandom(): New position: (121, 82)
48s DeviceModule:MoveRandom(): New position: (121, 85)
49s DeviceModule:MoveRandom(): New position: (118, 85)
50s DeviceModule:MoveRandom(): New position: (118, 88)
51s DeviceModule:MoveRandom(): New position: (115, 88)
52s DeviceModule:MoveRandom(): New position: (118, 88)
53s DeviceModule:MoveRandom(): New position: (115, 88)
54s DeviceModule:MoveRandom(): New position: (118, 88)
55s DeviceModule:MoveRandom(): New position: (118, 91)
56s DeviceModule:MoveRandom(): New position: (118, 88)
57s DeviceModule:MoveRandom(): New position: (121, 88)
58s DeviceModule:MoveRandom(): New position: (118, 88)
59s DeviceModule:MoveRandom(): New position: (115, 88)
60s DecisionModule:Run(): Run decision
60s DecisionModule:AnalyzingNetworks(): Current Network: 
       [Network #17, Technology = Wifi, Address = 02-06-00:00:00:00:00:13, { DataRate: 63, SignalStrength: 98, AntiFragility: 96}, IQ: 88]
60s DecisionModule:ShowAllNetworks(): All detected networks:
       [Network #17, Technology = Wifi, Address = 02-06-00:00:00:00:00:13, { DataRate: 63, SignalStrength: 98, AntiFragility: 96}, IQ: 88]
       [Network #9, Technology = Wifi, Address = 02-06-00:00:00:00:00:0b, { DataRate: 51, SignalStrength: 86, AntiFragility: 77}, IQ: 72]
       [Network #12, Technology = Wifi, Address = 02-06-00:00:00:00:00:0e, { DataRate: 85, SignalStrength: 82, AntiFragility: 56}, IQ: 69]
       [Network #1, Technology = Wifi, Address = 02-06-00:00:00:00:00:03, { DataRate: 34, SignalStrength: 97, AntiFragility: 74}, IQ: 69]
       [Network #16, Technology = Wifi, Address = 02-06-00:00:00:00:00:12, { DataRate: 93, SignalStrength: 53, AntiFragility: 62}, IQ: 67]
       [Network #7, Technology = Wifi, Address = 02-06-00:00:00:00:00:09, { DataRate: 40, SignalStrength: 84, AntiFragility: 64}, IQ: 63]
       [Network #13, Technology = Wifi, Address = 02-06-00:00:00:00:00:0f, { DataRate: 32, SignalStrength: 68, AntiFragility: 71}, IQ: 60]
       [Network #18, Technology = Wimax, Address = 02-06-00:00:00:00:00:15, { DataRate: 77, SignalStrength: 97, AntiFragility: 32}, IQ: 59]
       [Network #8, Technology = Wifi, Address = 02-06-00:00:00:00:00:0a, { DataRate: 54, SignalStrength: 63, AntiFragility: 47}, IQ: 52]
       [Network #0, Technology = Wifi, Address = 02-06-00:00:00:00:00:02, { DataRate: 90, SignalStrength: 82, AntiFragility: 13}, IQ: 49]
       [Network #11, Technology = Wifi, Address = 02-06-00:00:00:00:00:0d, { DataRate: 14, SignalStrength: 30, AntiFragility: 73}, IQ: 47]
       [Network #10, Technology = Wifi, Address = 02-06-00:00:00:00:00:0c, { DataRate: 16, SignalStrength: 26, AntiFragility: 42}, IQ: 31]
       [Network #19, Technology = Wimax, Address = 02-06-00:00:00:00:00:16, { DataRate: 18, SignalStrength: 26, AntiFragility: 36}, IQ: 29]
       [Network #3, Technology = Wifi, Address = 02-06-00:00:00:00:00:05, { DataRate: 28, SignalStrength: 2, AntiFragility: 42}, IQ: 28]
60s DeviceModule:MoveRandom(): New position: (115, 91)
60s DecisionModule:AddNetworkToList(): Network detected
61s DeviceModule:MoveRandom(): New position: (118, 91)
61s DecisionModule:RemoveNetworkFromList(): Network: 6 out of range!
62s DeviceModule:MoveRandom(): New position: (118, 94)
62s DecisionModule:AddNetworkToList(): Network detected
63s DeviceModule:MoveRandom(): New position: (115, 94)
63s DecisionModule:AddNetworkToList(): Network detected
63s DecisionModule:AddNetworkToList(): Network detected
64s DeviceModule:MoveRandom(): New position: (118, 94)
64s DecisionModule:RemoveNetworkFromList(): Network: 2 out of range!
64s DecisionModule:RemoveNetworkFromList(): Network: 6 out of range!
65s DeviceModule:MoveRandom(): New position: (121, 94)
66s DeviceModule:MoveRandom(): New position: (118, 94)
67s DeviceModule:MoveRandom(): New position: (115, 94)
67s DecisionModule:AddNetworkToList(): Network detected
67s DecisionModule:AddNetworkToList(): Network detected
68s DeviceModule:MoveRandom(): New position: (118, 94)
68s DecisionModule:RemoveNetworkFromList(): Network: 2 out of range!
68s DecisionModule:RemoveNetworkFromList(): Network: 6 out of range!
69s DeviceModule:MoveRandom(): New position: (118, 97)
69s DecisionModule:AddNetworkToList(): Network detected
69s DecisionModule:AddNetworkToList(): Network detected
69s DecisionModule:AddNetworkToList(): Network detected
70s DeviceModule:MoveRandom(): New position: (121, 97)
70s DecisionModule:RemoveNetworkFromList(): Network: 2 out of range!
70s DecisionModule:RemoveNetworkFromList(): Network: 6 out of range!
71s DeviceModule:MoveRandom(): New position: (121, 100)
72s DeviceModule:MoveRandom(): New position: (121, 103)
72s DecisionModule:AddNetworkToList(): Network detected
72s DecisionModule:AddNetworkToList(): Network detected
73s DeviceModule:MoveRandom(): New position: (121, 106)
73s DecisionModule:RemoveNetworkFromList(): Network: 11 out of range!
74s DeviceModule:MoveRandom(): New position: (124, 106)
74s DecisionModule:RemoveNetworkFromList(): Network: 2 out of range!
74s DecisionModule:RemoveNetworkFromList(): Network: 6 out of range!
75s DeviceModule:MoveRandom(): New position: (121, 106)
75s DecisionModule:AddNetworkToList(): Network detected
75s DecisionModule:AddNetworkToList(): Network detected
76s DeviceModule:MoveRandom(): New position: (124, 106)
76s DecisionModule:RemoveNetworkFromList(): Network: 2 out of range!
76s DecisionModule:RemoveNetworkFromList(): Network: 6 out of range!
77s DeviceModule:MoveRandom(): New position: (124, 103)
77s DecisionModule:AddNetworkToList(): Network detected
78s DeviceModule:MoveRandom(): New position: (121, 103)
78s DecisionModule:AddNetworkToList(): Network detected
78s DecisionModule:AddNetworkToList(): Network detected
79s DeviceModule:MoveRandom(): New position: (118, 103)
80s DecisionModule:Run(): Run decision
80s DecisionModule:AnalyzingNetworks(): Current Network: 
       [Network #7, Technology = Wifi, Address = 02-06-00:00:00:00:00:09, { DataRate: 60, SignalStrength: 72, AntiFragility: 80}, IQ: 73]
80s DecisionModule:ShowAllNetworks(): All detected networks:
       [Network #7, Technology = Wifi, Address = 02-06-00:00:00:00:00:09, { DataRate: 60, SignalStrength: 72, AntiFragility: 80}, IQ: 73]
       [Network #6, Technology = Wifi, Address = 02-06-00:00:00:00:00:08, { DataRate: 36, SignalStrength: 94, AntiFragility: 82}, IQ: 73]
       [Network #16, Technology = Wifi, Address = 02-06-00:00:00:00:00:12, { DataRate: 75, SignalStrength: 35, AntiFragility: 68}, IQ: 61]
       [Network #12, Technology = Wifi, Address = 02-06-00:00:00:00:00:0e, { DataRate: 70, SignalStrength: 32, AntiFragility: 69}, IQ: 60]
       [Network #15, Technology = Wifi, Address = 02-06-00:00:00:00:00:11, { DataRate: 25, SignalStrength: 85, AntiFragility: 64}, IQ: 59]
       [Network #1, Technology = Wifi, Address = 02-06-00:00:00:00:00:03, { DataRate: 48, SignalStrength: 24, AntiFragility: 80}, IQ: 58]
       [Network #8, Technology = Wifi, Address = 02-06-00:00:00:00:00:0a, { DataRate: 14, SignalStrength: 45, AntiFragility: 79}, IQ: 54]
       [Network #9, Technology = Wifi, Address = 02-06-00:00:00:00:00:0b, { DataRate: 88, SignalStrength: 21, AntiFragility: 51}, IQ: 52]
       [Network #13, Technology = Wifi, Address = 02-06-00:00:00:00:00:0f, { DataRate: 87, SignalStrength: 52, AntiFragility: 19}, IQ: 44]
       [Network #19, Technology = Wimax, Address = 02-06-00:00:00:00:00:16, { DataRate: 17, SignalStrength: 85, AntiFragility: 36}, IQ: 43]
       [Network #0, Technology = Wifi, Address = 02-06-00:00:00:00:00:02, { DataRate: 56, SignalStrength: 44, AntiFragility: 26}, IQ: 38]
       [Network #2, Technology = Wifi, Address = 02-06-00:00:00:00:00:04, { DataRate: 84, SignalStrength: 37, AntiFragility: 12}, IQ: 36]
       [Network #3, Technology = Wifi, Address = 02-06-00:00:00:00:00:05, { DataRate: 49, SignalStrength: 17, AntiFragility: 36}, IQ: 34]
       [Network #10, Technology = Wifi, Address = 02-06-00:00:00:00:00:0c, { DataRate: 95, SignalStrength: 15, AntiFragility: 13}, IQ: 34]
       [Network #11, Technology = Wifi, Address = 02-06-00:00:00:00:00:0d, { DataRate: 60, SignalStrength: 17, AntiFragility: 24}, IQ: 31]
       [Network #18, Technology = Wimax, Address = 02-06-00:00:00:00:00:15, { DataRate: 18, SignalStrength: 88, AntiFragility: 5}, IQ: 29]
       [Network #17, Technology = Wifi, Address = 02-06-00:00:00:00:00:13, { DataRate: 47, SignalStrength: 19, AntiFragility: 16}, IQ: 24]
       [Network #5, Technology = Wifi, Address = 02-06-00:00:00:00:00:07, { DataRate: 24, SignalStrength: 12, AntiFragility: 25}, IQ: 21]
80s ExecutionModule:Run(): Decision time => Seconds: 0, Miliseconds: 268
80s ExecutionModule:Run(): Handover time => Seconds: 0, Miliseconds: 122
80s ExecutionModule:Run(): Event: Horizontal Handover.
80s DeviceModule:MoveRandom(): New position: (121, 103)
81s DeviceModule:MoveRandom(): New position: (124, 103)
81s DecisionModule:RemoveNetworkFromList(): Network: 2 out of range!
81s DecisionModule:RemoveNetworkFromList(): Network: 6 out of range!
82s DeviceModule:MoveRandom(): New position: (124, 100)
83s DeviceModule:MoveRandom(): New position: (127, 100)
84s DeviceModule:MoveRandom(): New position: (124, 100)
85s DeviceModule:MoveRandom(): New position: (124, 97)
86s DeviceModule:MoveRandom(): New position: (124, 100)
87s DeviceModule:MoveRandom(): New position: (124, 103)
88s DeviceModule:MoveRandom(): New position: (127, 103)
89s DeviceModule:MoveRandom(): New position: (127, 100)
90s DeviceModule:MoveRandom(): New position: (130, 100)
90s DecisionModule:RemoveNetworkFromList(): Network: 10 out of range!
91s DeviceModule:MoveRandom(): New position: (130, 103)
92s DeviceModule:MoveRandom(): New position: (127, 103)
92s DecisionModule:AddNetworkToList(): Network detected
93s DeviceModule:MoveRandom(): New position: (124, 103)
94s DeviceModule:MoveRandom(): New position: (124, 100)
95s DeviceModule:MoveRandom(): New position: (127, 100)
96s DeviceModule:MoveRandom(): New position: (127, 97)
97s DeviceModule:MoveRandom(): New position: (130, 97)
97s DecisionModule:RemoveNetworkFromList(): Network: 10 out of range!
98s DeviceModule:MoveRandom(): New position: (130, 100)
99s DeviceModule:MoveRandom(): New position: (127, 100)
99s DecisionModule:AddNetworkToList(): Network detected
100s DecisionModule:Run(): Run decision
100s DecisionModule:AnalyzingNetworks(): Current Network: 
       [Network #7, Technology = Wifi, Address = 02-06-00:00:00:00:00:09, { DataRate: 50, SignalStrength: 90, AntiFragility: 94}, IQ: 82]
100s DecisionModule:ShowAllNetworks(): All detected networks:
       [Network #7, Technology = Wifi, Address = 02-06-00:00:00:00:00:09, { DataRate: 50, SignalStrength: 90, AntiFragility: 94}, IQ: 82]
       [Network #8, Technology = Wifi, Address = 02-06-00:00:00:00:00:0a, { DataRate: 93, SignalStrength: 79, AntiFragility: 64}, IQ: 75]
       [Network #16, Technology = Wifi, Address = 02-06-00:00:00:00:00:12, { DataRate: 31, SignalStrength: 35, AntiFragility: 93}, IQ: 63]
       [Network #11, Technology = Wifi, Address = 02-06-00:00:00:00:00:0d, { DataRate: 67, SignalStrength: 55, AntiFragility: 57}, IQ: 59]
       [Network #19, Technology = Wimax, Address = 02-06-00:00:00:00:00:16, { DataRate: 16, SignalStrength: 55, AntiFragility: 77}, IQ: 56]
       [Network #0, Technology = Wifi, Address = 02-06-00:00:00:00:00:02, { DataRate: 17, SignalStrength: 50, AntiFragility: 79}, IQ: 56]
       [Network #9, Technology = Wifi, Address = 02-06-00:00:00:00:00:0b, { DataRate: 30, SignalStrength: 17, AntiFragility: 87}, IQ: 55]
       [Network #18, Technology = Wimax, Address = 02-06-00:00:00:00:00:15, { DataRate: 9, SignalStrength: 36, AntiFragility: 85}, IQ: 53]
       [Network #10, Technology = Wifi, Address = 02-06-00:00:00:00:00:0c, { DataRate: 72, SignalStrength: 56, AntiFragility: 36}, IQ: 50]
       [Network #17, Technology = Wifi, Address = 02-06-00:00:00:00:00:13, { DataRate: 69, SignalStrength: 63, AntiFragility: 26}, IQ: 46]
       [Network #12, Technology = Wifi, Address = 02-06-00:00:00:00:00:0e, { DataRate: 1, SignalStrength: 57, AntiFragility: 62}, IQ: 45]
       [Network #1, Technology = Wifi, Address = 02-06-00:00:00:00:00:03, { DataRate: 27, SignalStrength: 51, AntiFragility: 49}, IQ: 44]
       [Network #13, Technology = Wifi, Address = 02-06-00:00:00:00:00:0f, { DataRate: 93, SignalStrength: 23, AntiFragility: 11}, IQ: 34]
       [Network #15, Technology = Wifi, Address = 02-06-00:00:00:00:00:11, { DataRate: 71, SignalStrength: 5, AntiFragility: 18}, IQ: 28]
       [Network #3, Technology = Wifi, Address = 02-06-00:00:00:00:00:05, { DataRate: 22, SignalStrength: 22, AntiFragility: 32}, IQ: 27]
       [Network #5, Technology = Wifi, Address = 02-06-00:00:00:00:00:07, { DataRate: 7, SignalStrength: 76, AntiFragility: 1}, IQ: 21]
100s DeviceModule:MoveRandom(): New position: (130, 100)
100s DecisionModule:RemoveNetworkFromList(): Network: 10 out of range!
101s DeviceModule:MoveRandom(): New position: (127, 100)
101s DecisionModule:AddNetworkToList(): Network detected
102s DeviceModule:MoveRandom(): New position: (124, 100)
103s DeviceModule:MoveRandom(): New position: (127, 100)
104s DeviceModule:MoveRandom(): New position: (124, 100)
105s DeviceModule:MoveRandom(): New position: (121, 100)
106s DeviceModule:MoveRandom(): New position: (121, 103)
106s DecisionModule:AddNetworkToList(): Network detected
106s DecisionModule:AddNetworkToList(): Network detected
107s DeviceModule:MoveRandom(): New position: (121, 100)
107s DecisionModule:RemoveNetworkFromList(): Network: 2 out of range!
107s DecisionModule:RemoveNetworkFromList(): Network: 6 out of range!
108s DeviceModule:MoveRandom(): New position: (124, 100)
109s DeviceModule:MoveRandom(): New position: (124, 103)
110s DeviceModule:MoveRandom(): New position: (124, 100)
111s DeviceModule:MoveRandom(): New position: (127, 100)
112s DeviceModule:MoveRandom(): New position: (130, 100)
112s DecisionModule:RemoveNetworkFromList(): Network: 10 out of range!
113s DeviceModule:MoveRandom(): New position: (130, 103)
114s DeviceModule:MoveRandom(): New position: (127, 103)
114s DecisionModule:AddNetworkToList(): Network detected
115s DeviceModule:MoveRandom(): New position: (127, 100)
116s DeviceModule:MoveRandom(): New position: (127, 103)
117s DeviceModule:MoveRandom(): New position: (127, 100)
118s DeviceModule:MoveRandom(): New position: (127, 103)
119s DeviceModule:MoveRandom(): New position: (127, 106)
120s DecisionModule:Run(): Run decision
120s DecisionModule:AnalyzingNetworks(): Current Network: 
       [Network #15, Technology = Wifi, Address = 02-06-00:00:00:00:00:11, { DataRate: 96, SignalStrength: 21, AntiFragility: 97}, IQ: 77]
120s DecisionModule:ShowAllNetworks(): All detected networks:
       [Network #15, Technology = Wifi, Address = 02-06-00:00:00:00:00:11, { DataRate: 96, SignalStrength: 21, AntiFragility: 97}, IQ: 77]
       [Network #13, Technology = Wifi, Address = 02-06-00:00:00:00:00:0f, { DataRate: 89, SignalStrength: 69, AntiFragility: 73}, IQ: 76]
       [Network #3, Technology = Wifi, Address = 02-06-00:00:00:00:00:05, { DataRate: 57, SignalStrength: 83, AntiFragility: 74}, IQ: 72]
       [Network #16, Technology = Wifi, Address = 02-06-00:00:00:00:00:12, { DataRate: 91, SignalStrength: 65, AntiFragility: 64}, IQ: 71]
       [Network #8, Technology = Wifi, Address = 02-06-00:00:00:00:00:0a, { DataRate: 71, SignalStrength: 27, AntiFragility: 82}, IQ: 65]
       [Network #12, Technology = Wifi, Address = 02-06-00:00:00:00:00:0e, { DataRate: 74, SignalStrength: 25, AntiFragility: 75}, IQ: 62]
       [Network #18, Technology = Wimax, Address = 02-06-00:00:00:00:00:15, { DataRate: 2, SignalStrength: 41, AntiFragility: 99}, IQ: 60]
       [Network #7, Technology = Wifi, Address = 02-06-00:00:00:00:00:09, { DataRate: 16, SignalStrength: 48, AntiFragility: 87}, IQ: 59]
       [Network #17, Technology = Wifi, Address = 02-06-00:00:00:00:00:13, { DataRate: 58, SignalStrength: 77, AntiFragility: 35}, IQ: 51]
       [Network #19, Technology = Wimax, Address = 02-06-00:00:00:00:00:16, { DataRate: 25, SignalStrength: 56, AntiFragility: 62}, IQ: 51]
       [Network #0, Technology = Wifi, Address = 02-06-00:00:00:00:00:02, { DataRate: 38, SignalStrength: 55, AntiFragility: 45}, IQ: 45]
       [Network #5, Technology = Wifi, Address = 02-06-00:00:00:00:00:07, { DataRate: 34, SignalStrength: 34, AntiFragility: 51}, IQ: 42]
       [Network #1, Technology = Wifi, Address = 02-06-00:00:00:00:00:03, { DataRate: 97, SignalStrength: 52, AntiFragility: 9}, IQ: 41]
       [Network #11, Technology = Wifi, Address = 02-06-00:00:00:00:00:0d, { DataRate: 7, SignalStrength: 8, AntiFragility: 71}, IQ: 39]
       [Network #9, Technology = Wifi, Address = 02-06-00:00:00:00:00:0b, { DataRate: 81, SignalStrength: 31, AntiFragility: 10}, IQ: 33]
       [Network #10, Technology = Wifi, Address = 02-06-00:00:00:00:00:0c, { DataRate: 13, SignalStrength: 80, AntiFragility: 13}, IQ: 29]
120s ExecutionModule:Run(): Decision time => Seconds: 0, Miliseconds: 254
120s ExecutionModule:Run(): Handover time => Seconds: 0, Miliseconds: 125
120s ExecutionModule:Run(): Event: Horizontal Handover.
120s DeviceModule:MoveRandom(): New position: (127, 103)
121s DeviceModule:MoveRandom(): New position: (127, 106)
122s DeviceModule:MoveRandom(): New position: (124, 106)
122s DecisionModule:RemoveNetworkFromList(): Network: 11 out of range!
123s DeviceModule:MoveRandom(): New position: (121, 106)
123s DecisionModule:AddNetworkToList(): Network detected
123s DecisionModule:AddNetworkToList(): Network detected
124s DeviceModule:MoveRandom(): New position: (118, 106)
125s DeviceModule:MoveRandom(): New position: (118, 103)
125s DecisionModule:AddNetworkToList(): Network detected
126s DeviceModule:MoveRandom(): New position: (118, 106)
126s DecisionModule:RemoveNetworkFromList(): Network: 11 out of range!
127s DeviceModule:MoveRandom(): New position: (118, 103)
127s DecisionModule:AddNetworkToList(): Network detected
128s DeviceModule:MoveRandom(): New position: (118, 106)
128s DecisionModule:RemoveNetworkFromList(): Network: 11 out of range!
129s DeviceModule:MoveRandom(): New position: (118, 103)
129s DecisionModule:AddNetworkToList(): Network detected
130s DeviceModule:MoveRandom(): New position: (118, 106)
130s DecisionModule:RemoveNetworkFromList(): Network: 11 out of range!
131s DeviceModule:MoveRandom(): New position: (118, 103)
131s DecisionModule:AddNetworkToList(): Network detected
132s DeviceModule:MoveRandom(): New position: (115, 103)
132s DecisionModule:RemoveNetworkFromList(): Network: 11 out of range!
133s DeviceModule:MoveRandom(): New position: (115, 100)
133s DecisionModule:AddNetworkToList(): Network detected
134s DeviceModule:MoveRandom(): New position: (115, 97)
134s DecisionModule:RemoveNetworkFromList(): Network: 5 out of range!
135s DeviceModule:MoveRandom(): New position: (118, 97)
135s DecisionModule:AddNetworkToList(): Network detected
136s DeviceModule:MoveRandom(): New position: (121, 97)
136s DecisionModule:RemoveNetworkFromList(): Network: 2 out of range!
136s DecisionModule:RemoveNetworkFromList(): Network: 6 out of range!
137s DeviceModule:MoveRandom(): New position: (118, 97)
137s DecisionModule:AddNetworkToList(): Network detected
137s DecisionModule:AddNetworkToList(): Network detected
138s DeviceModule:MoveRandom(): New position: (121, 97)
138s DecisionModule:RemoveNetworkFromList(): Network: 2 out of range!
138s DecisionModule:RemoveNetworkFromList(): Network: 6 out of range!
139s DeviceModule:MoveRandom(): New position: (118, 97)
139s DecisionModule:AddNetworkToList(): Network detected
139s DecisionModule:AddNetworkToList(): Network detected
140s DecisionModule:Run(): Run decision
140s DecisionModule:AnalyzingNetworks(): Current Network: 
       [Network #6, Technology = Wifi, Address = 02-06-00:00:00:00:00:08, { DataRate: 89, SignalStrength: 51, AntiFragility: 80}, IQ: 75]
140s DecisionModule:ShowAllNetworks(): All detected networks:
       [Network #6, Technology = Wifi, Address = 02-06-00:00:00:00:00:08, { DataRate: 89, SignalStrength: 51, AntiFragility: 80}, IQ: 75]
       [Network #15, Technology = Wifi, Address = 02-06-00:00:00:00:00:11, { DataRate: 62, SignalStrength: 62, AntiFragility: 86}, IQ: 74]
       [Network #12, Technology = Wifi, Address = 02-06-00:00:00:00:00:0e, { DataRate: 63, SignalStrength: 86, AntiFragility: 73}, IQ: 73]
       [Network #3, Technology = Wifi, Address = 02-06-00:00:00:00:00:05, { DataRate: 22, SignalStrength: 57, AntiFragility: 86}, IQ: 62]
       [Network #10, Technology = Wifi, Address = 02-06-00:00:00:00:00:0c, { DataRate: 65, SignalStrength: 92, AntiFragility: 42}, IQ: 60]
       [Network #2, Technology = Wifi, Address = 02-06-00:00:00:00:00:04, { DataRate: 62, SignalStrength: 12, AntiFragility: 84}, IQ: 60]
       [Network #13, Technology = Wifi, Address = 02-06-00:00:00:00:00:0f, { DataRate: 69, SignalStrength: 82, AntiFragility: 40}, IQ: 57]
       [Network #8, Technology = Wifi, Address = 02-06-00:00:00:00:00:0a, { DataRate: 20, SignalStrength: 82, AntiFragility: 62}, IQ: 56]
       [Network #9, Technology = Wifi, Address = 02-06-00:00:00:00:00:0b, { DataRate: 42, SignalStrength: 54, AntiFragility: 63}, IQ: 55]
       [Network #11, Technology = Wifi, Address = 02-06-00:00:00:00:00:0d, { DataRate: 74, SignalStrength: 84, AntiFragility: 25}, IQ: 52]
       [Network #17, Technology = Wifi, Address = 02-06-00:00:00:00:00:13, { DataRate: 87, SignalStrength: 62, AntiFragility: 30}, IQ: 52]
       [Network #16, Technology = Wifi, Address = 02-06-00:00:00:00:00:12, { DataRate: 43, SignalStrength: 24, AntiFragility: 70}, IQ: 51]
       [Network #1, Technology = Wifi, Address = 02-06-00:00:00:00:00:03, { DataRate: 8, SignalStrength: 70, AntiFragility: 47}, IQ: 43]
       [Network #19, Technology = Wimax, Address = 02-06-00:00:00:00:00:16, { DataRate: 72, SignalStrength: 5, AntiFragility: 42}, IQ: 40]
       [Network #5, Technology = Wifi, Address = 02-06-00:00:00:00:00:07, { DataRate: 24, SignalStrength: 80, AntiFragility: 26}, IQ: 39]
       [Network #7, Technology = Wifi, Address = 02-06-00:00:00:00:00:09, { DataRate: 44, SignalStrength: 27, AntiFragility: 39}, IQ: 37]
       [Network #18, Technology = Wimax, Address = 02-06-00:00:00:00:00:15, { DataRate: 6, SignalStrength: 75, AntiFragility: 32}, IQ: 36]
       [Network #0, Technology = Wifi, Address = 02-06-00:00:00:00:00:02, { DataRate: 60, SignalStrength: 44, AntiFragility: 4}, IQ: 28]
140s ExecutionModule:Run(): Decision time => Seconds: 0, Miliseconds: 288
140s ExecutionModule:Run(): Handover time => Seconds: 0, Miliseconds: 121
140s ExecutionModule:Run(): Event: Horizontal Handover.
140s DeviceModule:MoveRandom(): New position: (118, 100)
141s DeviceModule:MoveRandom(): New position: (115, 100)
142s DeviceModule:MoveRandom(): New position: (115, 103)
142s DecisionModule:RemoveNetworkFromList(): Network: 11 out of range!
143s DeviceModule:MoveRandom(): New position: (118, 103)
143s DecisionModule:AddNetworkToList(): Network detected
144s DeviceModule:MoveRandom(): New position: (121, 103)
145s DeviceModule:MoveRandom(): New position: (121, 100)
145s DecisionModule:RemoveNetworkFromList(): Network: 2 out of range!
145s ExecutionModule:OutOfRange(): OUT OF BETTER NETWORK! Choosing another network...
145s DecisionModule:RemoveNetworkFromList(): Network: 6 out of range!
145s DecisionModule:Run(): Run decision
145s DecisionModule:AnalyzingNetworks(): Current Network: 
       [Network #9, Technology = Wifi, Address = 02-06-00:00:00:00:00:0b, { DataRate: 97, SignalStrength: 56, AntiFragility: 81}, IQ: 78]
145s DecisionModule:ShowAllNetworks(): All detected networks:
       [Network #9, Technology = Wifi, Address = 02-06-00:00:00:00:00:0b, { DataRate: 97, SignalStrength: 56, AntiFragility: 81}, IQ: 78]
       [Network #13, Technology = Wifi, Address = 02-06-00:00:00:00:00:0f, { DataRate: 29, SignalStrength: 87, AntiFragility: 95}, IQ: 76]
       [Network #17, Technology = Wifi, Address = 02-06-00:00:00:00:00:13, { DataRate: 92, SignalStrength: 13, AntiFragility: 90}, IQ: 71]
       [Network #3, Technology = Wifi, Address = 02-06-00:00:00:00:00:05, { DataRate: 83, SignalStrength: 91, AntiFragility: 47}, IQ: 67]
       [Network #18, Technology = Wimax, Address = 02-06-00:00:00:00:00:15, { DataRate: 80, SignalStrength: 86, AntiFragility: 42}, IQ: 62]
       [Network #8, Technology = Wifi, Address = 02-06-00:00:00:00:00:0a, { DataRate: 88, SignalStrength: 63, AntiFragility: 41}, IQ: 58]
       [Network #7, Technology = Wifi, Address = 02-06-00:00:00:00:00:09, { DataRate: 32, SignalStrength: 34, AntiFragility: 82}, IQ: 57]
       [Network #15, Technology = Wifi, Address = 02-06-00:00:00:00:00:11, { DataRate: 10, SignalStrength: 82, AntiFragility: 66}, IQ: 56]
       [Network #12, Technology = Wifi, Address = 02-06-00:00:00:00:00:0e, { DataRate: 2, SignalStrength: 39, AntiFragility: 87}, IQ: 53]
       [Network #5, Technology = Wifi, Address = 02-06-00:00:00:00:00:07, { DataRate: 47, SignalStrength: 95, AntiFragility: 36}, IQ: 53]
       [Network #0, Technology = Wifi, Address = 02-06-00:00:00:00:00:02, { DataRate: 72, SignalStrength: 18, AntiFragility: 58}, IQ: 51]
       [Network #11, Technology = Wifi, Address = 02-06-00:00:00:00:00:0d, { DataRate: 46, SignalStrength: 53, AntiFragility: 39}, IQ: 44]
       [Network #19, Technology = Wimax, Address = 02-06-00:00:00:00:00:16, { DataRate: 3, SignalStrength: 65, AntiFragility: 38}, IQ: 36]
       [Network #1, Technology = Wifi, Address = 02-06-00:00:00:00:00:03, { DataRate: 12, SignalStrength: 18, AntiFragility: 55}, IQ: 35]
       [Network #10, Technology = Wifi, Address = 02-06-00:00:00:00:00:0c, { DataRate: 46, SignalStrength: 33, AntiFragility: 29}, IQ: 34]
       [Network #16, Technology = Wifi, Address = 02-06-00:00:00:00:00:12, { DataRate: 30, SignalStrength: 79, AntiFragility: 1}, IQ: 27]
145s ExecutionModule:Run(): Decision time => Seconds: 0, Miliseconds: 223
145s ExecutionModule:Run(): Handover time => Seconds: 0, Miliseconds: 119
145s ExecutionModule:Run(): Event: Horizontal Handover.
146s DeviceModule:MoveRandom(): New position: (121, 103)
146s DecisionModule:AddNetworkToList(): Network detected
146s DecisionModule:AddNetworkToList(): Network detected
147s DeviceModule:MoveRandom(): New position: (121, 100)
147s DecisionModule:RemoveNetworkFromList(): Network: 2 out of range!
147s DecisionModule:RemoveNetworkFromList(): Network: 6 out of range!
148s DeviceModule:MoveRandom(): New position: (118, 100)
148s DecisionModule:AddNetworkToList(): Network detected
148s DecisionModule:AddNetworkToList(): Network detected
149s DeviceModule:MoveRandom(): New position: (115, 100)
150s DeviceModule:MoveRandom(): New position: (112, 100)
151s DeviceModule:MoveRandom(): New position: (109, 100)
151s DecisionModule:RemoveNetworkFromList(): Network: 11 out of range!
151s DecisionModule:AddNetworkToList(): Network detected
152s DeviceModule:MoveRandom(): New position: (109, 97)
152s DecisionModule:RemoveNetworkFromList(): Network: 5 out of range!
152s DecisionModule:AddNetworkToList(): Network detected
153s DeviceModule:MoveRandom(): New position: (112, 97)
153s DecisionModule:RemoveNetworkFromList(): Network: 14 out of range!
154s DeviceModule:MoveRandom(): New position: (109, 97)
154s DecisionModule:AddNetworkToList(): Network detected
155s DeviceModule:MoveRandom(): New position: (109, 94)
155s DecisionModule:RemoveNetworkFromList(): Network: 14 out of range!
156s DeviceModule:MoveRandom(): New position: (106, 94)
156s DecisionModule:AddNetworkToList(): Network detected
156s DecisionModule:AddNetworkToList(): Network detected
156s DecisionModule:RemoveNetworkFromList(): Network: 15 out of range!
157s DeviceModule:MoveRandom(): New position: (103, 94)
157s DecisionModule:RemoveNetworkFromList(): Network: 8 out of range!
158s DeviceModule:MoveRandom(): New position: (100, 94)
158s DecisionModule:RemoveNetworkFromList(): Network: 11 out of range!
159s DeviceModule:MoveRandom(): New position: (100, 91)
159s DecisionModule:AddNetworkToList(): Network detected
160s DecisionModule:Run(): Run decision
160s DecisionModule:AnalyzingNetworks(): Current Network: 
       [Network #4, Technology = Wifi, Address = 02-06-00:00:00:00:00:06, { DataRate: 91, SignalStrength: 96, AntiFragility: 89}, IQ: 91]
160s DecisionModule:ShowAllNetworks(): All detected networks:
       [Network #4, Technology = Wifi, Address = 02-06-00:00:00:00:00:06, { DataRate: 91, SignalStrength: 96, AntiFragility: 89}, IQ: 91]
       [Network #2, Technology = Wifi, Address = 02-06-00:00:00:00:00:04, { DataRate: 21, SignalStrength: 94, AntiFragility: 99}, IQ: 78]
       [Network #19, Technology = Wimax, Address = 02-06-00:00:00:00:00:16, { DataRate: 44, SignalStrength: 60, AntiFragility: 93}, IQ: 72]
       [Network #12, Technology = Wifi, Address = 02-06-00:00:00:00:00:0e, { DataRate: 50, SignalStrength: 63, AntiFragility: 77}, IQ: 66]
       [Network #17, Technology = Wifi, Address = 02-06-00:00:00:00:00:13, { DataRate: 26, SignalStrength: 60, AntiFragility: 85}, IQ: 64]
       [Network #9, Technology = Wifi, Address = 02-06-00:00:00:00:00:0b, { DataRate: 13, SignalStrength: 97, AntiFragility: 71}, IQ: 63]
       [Network #3, Technology = Wifi, Address = 02-06-00:00:00:00:00:05, { DataRate: 84, SignalStrength: 24, AntiFragility: 68}, IQ: 61]
       [Network #11, Technology = Wifi, Address = 02-06-00:00:00:00:00:0d, { DataRate: 57, SignalStrength: 87, AntiFragility: 50}, IQ: 61]
       [Network #14, Technology = Wifi, Address = 02-06-00:00:00:00:00:10, { DataRate: 71, SignalStrength: 65, AntiFragility: 53}, IQ: 60]
       [Network #6, Technology = Wifi, Address = 02-06-00:00:00:00:00:08, { DataRate: 71, SignalStrength: 22, AntiFragility: 67}, IQ: 56]
       [Network #10, Technology = Wifi, Address = 02-06-00:00:00:00:00:0c, { DataRate: 81, SignalStrength: 14, AntiFragility: 55}, IQ: 51]
       [Network #1, Technology = Wifi, Address = 02-06-00:00:00:00:00:03, { DataRate: 56, SignalStrength: 80, AntiFragility: 30}, IQ: 49]
       [Network #7, Technology = Wifi, Address = 02-06-00:00:00:00:00:09, { DataRate: 52, SignalStrength: 76, AntiFragility: 32}, IQ: 48]
       [Network #18, Technology = Wimax, Address = 02-06-00:00:00:00:00:15, { DataRate: 73, SignalStrength: 27, AntiFragility: 34}, IQ: 42]
       [Network #0, Technology = Wifi, Address = 02-06-00:00:00:00:00:02, { DataRate: 21, SignalStrength: 17, AntiFragility: 64}, IQ: 41]
       [Network #16, Technology = Wifi, Address = 02-06-00:00:00:00:00:12, { DataRate: 8, SignalStrength: 3, AntiFragility: 46}, IQ: 25]
       [Network #13, Technology = Wifi, Address = 02-06-00:00:00:00:00:0f, { DataRate: 3, SignalStrength: 21, AntiFragility: 5}, IQ: 8]
160s ExecutionModule:Run(): Decision time => Seconds: 0, Miliseconds: 461
160s ExecutionModule:Run(): Handover time => Seconds: 0, Miliseconds: 160
160s ExecutionModule:Run(): Event: Horizontal Handover.
160s DeviceModule:MoveRandom(): New position: (100, 88)
161s DeviceModule:MoveRandom(): New position: (100, 85)
162s DeviceModule:MoveRandom(): New position: (103, 85)
163s DeviceModule:MoveRandom(): New position: (106, 85)
163s DecisionModule:RemoveNetworkFromList(): Network: 14 out of range!
164s DeviceModule:MoveRandom(): New position: (106, 88)
164s DecisionModule:AddNetworkToList(): Network detected
165s DeviceModule:MoveRandom(): New position: (106, 91)
165s DecisionModule:AddNetworkToList(): Network detected
166s DeviceModule:MoveRandom(): New position: (106, 94)
167s DeviceModule:MoveRandom(): New position: (106, 91)
168s DeviceModule:MoveRandom(): New position: (109, 91)
168s ExecutionModule:OutOfRange(): OUT OF BETTER NETWORK! Choosing another network...
168s DecisionModule:RemoveNetworkFromList(): Network: 4 out of range!
168s DecisionModule:Run(): Run decision
168s DecisionModule:AnalyzingNetworks(): Current Network: 
       [Network #17, Technology = Wifi, Address = 02-06-00:00:00:00:00:13, { DataRate: 94, SignalStrength: 96, AntiFragility: 92}, IQ: 93]
168s DecisionModule:ShowAllNetworks(): All detected networks:
       [Network #17, Technology = Wifi, Address = 02-06-00:00:00:00:00:13, { DataRate: 94, SignalStrength: 96, AntiFragility: 92}, IQ: 93]
       [Network #18, Technology = Wimax, Address = 02-06-00:00:00:00:00:15, { DataRate: 79, SignalStrength: 53, AntiFragility: 92}, IQ: 79]
       [Network #6, Technology = Wifi, Address = 02-06-00:00:00:00:00:08, { DataRate: 55, SignalStrength: 51, AntiFragility: 91}, IQ: 72]
       [Network #11, Technology = Wifi, Address = 02-06-00:00:00:00:00:0d, { DataRate: 17, SignalStrength: 83, AntiFragility: 77}, IQ: 63]
       [Network #14, Technology = Wifi, Address = 02-06-00:00:00:00:00:10, { DataRate: 63, SignalStrength: 39, AntiFragility: 70}, IQ: 60]
       [Network #10, Technology = Wifi, Address = 02-06-00:00:00:00:00:0c, { DataRate: 92, SignalStrength: 20, AntiFragility: 62}, IQ: 59]
       [Network #1, Technology = Wifi, Address = 02-06-00:00:00:00:00:03, { DataRate: 14, SignalStrength: 69, AntiFragility: 68}, IQ: 54]
       [Network #3, Technology = Wifi, Address = 02-06-00:00:00:00:00:05, { DataRate: 36, SignalStrength: 57, AntiFragility: 60}, IQ: 53]
       [Network #13, Technology = Wifi, Address = 02-06-00:00:00:00:00:0f, { DataRate: 25, SignalStrength: 43, AntiFragility: 69}, IQ: 51]
       [Network #7, Technology = Wifi, Address = 02-06-00:00:00:00:00:09, { DataRate: 67, SignalStrength: 28, AntiFragility: 54}, IQ: 50]
       [Network #8, Technology = Wifi, Address = 02-06-00:00:00:00:00:0a, { DataRate: 45, SignalStrength: 17, AntiFragility: 70}, IQ: 50]
       [Network #2, Technology = Wifi, Address = 02-06-00:00:00:00:00:04, { DataRate: 92, SignalStrength: 47, AntiFragility: 24}, IQ: 46]
       [Network #19, Technology = Wimax, Address = 02-06-00:00:00:00:00:16, { DataRate: 53, SignalStrength: 59, AntiFragility: 34}, IQ: 45]
       [Network #16, Technology = Wifi, Address = 02-06-00:00:00:00:00:12, { DataRate: 27, SignalStrength: 30, AntiFragility: 57}, IQ: 42]
       [Network #12, Technology = Wifi, Address = 02-06-00:00:00:00:00:0e, { DataRate: 12, SignalStrength: 73, AntiFragility: 38}, IQ: 40]
       [Network #9, Technology = Wifi, Address = 02-06-00:00:00:00:00:0b, { DataRate: 49, SignalStrength: 28, AntiFragility: 21}, IQ: 29]
       [Network #0, Technology = Wifi, Address = 02-06-00:00:00:00:00:02, { DataRate: 25, SignalStrength: 2, AntiFragility: 36}, IQ: 24]
168s ExecutionModule:Run(): Decision time => Seconds: 0, Miliseconds: 232
168s ExecutionModule:Run(): Handover time => Seconds: 0, Miliseconds: 120
168s ExecutionModule:Run(): Event: Horizontal Handover.
168s DecisionModule:RemoveNetworkFromList(): Network: 14 out of range!
169s DeviceModule:MoveRandom(): New position: (109, 94)
169s DecisionModule:AddNetworkToList(): Network detected
170s DeviceModule:MoveRandom(): New position: (112, 94)
171s DeviceModule:MoveRandom(): New position: (112, 91)
171s DecisionModule:RemoveNetworkFromList(): Network: 15 out of range!
172s DeviceModule:MoveRandom(): New position: (112, 94)
172s DecisionModule:AddNetworkToList(): Network detected
173s DeviceModule:MoveRandom(): New position: (109, 94)
174s DeviceModule:MoveRandom(): New position: (112, 94)
175s DeviceModule:MoveRandom(): New position: (109, 94)
176s DeviceModule:MoveRandom(): New position: (109, 97)
176s DecisionModule:AddNetworkToList(): Network detected
177s DeviceModule:MoveRandom(): New position: (109, 100)
177s DecisionModule:AddNetworkToList(): Network detected
177s DecisionModule:RemoveNetworkFromList(): Network: 11 out of range!
178s DeviceModule:MoveRandom(): New position: (112, 100)
178s DecisionModule:AddNetworkToList(): Network detected
178s DecisionModule:RemoveNetworkFromList(): Network: 14 out of range!
179s DeviceModule:MoveRandom(): New position: (112, 97)
179s DecisionModule:RemoveNetworkFromList(): Network: 5 out of range!
180s DecisionModule:Run(): Run decision
180s DecisionModule:AnalyzingNetworks(): Current Network: 
       [Network #1, Technology = Wifi, Address = 02-06-00:00:00:00:00:03, { DataRate: 98, SignalStrength: 59, AntiFragility: 96}, IQ: 87]
180s DecisionModule:ShowAllNetworks(): All detected networks:
       [Network #1, Technology = Wifi, Address = 02-06-00:00:00:00:00:03, { DataRate: 98, SignalStrength: 59, AntiFragility: 96}, IQ: 87]
       [Network #6, Technology = Wifi, Address = 02-06-00:00:00:00:00:08, { DataRate: 97, SignalStrength: 49, AntiFragility: 72}, IQ: 72]
       [Network #15, Technology = Wifi, Address = 02-06-00:00:00:00:00:11, { DataRate: 75, SignalStrength: 65, AntiFragility: 73}, IQ: 71]
       [Network #0, Technology = Wifi, Address = 02-06-00:00:00:00:00:02, { DataRate: 70, SignalStrength: 95, AntiFragility: 57}, IQ: 69]
       [Network #2, Technology = Wifi, Address = 02-06-00:00:00:00:00:04, { DataRate: 79, SignalStrength: 2, AntiFragility: 89}, IQ: 64]
       [Network #7, Technology = Wifi, Address = 02-06-00:00:00:00:00:09, { DataRate: 38, SignalStrength: 32, AntiFragility: 90}, IQ: 62]
       [Network #8, Technology = Wifi, Address = 02-06-00:00:00:00:00:0a, { DataRate: 70, SignalStrength: 64, AntiFragility: 57}, IQ: 62]
       [Network #13, Technology = Wifi, Address = 02-06-00:00:00:00:00:0f, { DataRate: 31, SignalStrength: 4, AntiFragility: 94}, IQ: 55]
       [Network #11, Technology = Wifi, Address = 02-06-00:00:00:00:00:0d, { DataRate: 37, SignalStrength: 40, AntiFragility: 71}, IQ: 54]
       [Network #10, Technology = Wifi, Address = 02-06-00:00:00:00:00:0c, { DataRate: 5, SignalStrength: 52, AntiFragility: 75}, IQ: 51]
       [Network #17, Technology = Wifi, Address = 02-06-00:00:00:00:00:13, { DataRate: 80, SignalStrength: 79, AntiFragility: 15}, IQ: 47]
       [Network #9, Technology = Wifi, Address = 02-06-00:00:00:00:00:0b, { DataRate: 71, SignalStrength: 68, AntiFragility: 23}, IQ: 46]
       [Network #3, Technology = Wifi, Address = 02-06-00:00:00:00:00:05, { DataRate: 66, SignalStrength: 51, AntiFragility: 29}, IQ: 43]
       [Network #16, Technology = Wifi, Address = 02-06-00:00:00:00:00:12, { DataRate: 54, SignalStrength: 89, AntiFragility: 8}, IQ: 39]
       [Network #18, Technology = Wimax, Address = 02-06-00:00:00:00:00:15, { DataRate: 8, SignalStrength: 38, AntiFragility: 31}, IQ: 27]
       [Network #19, Technology = Wimax, Address = 02-06-00:00:00:00:00:16, { DataRate: 76, SignalStrength: 3, AntiFragility: 13}, IQ: 26]
       [Network #12, Technology = Wifi, Address = 02-06-00:00:00:00:00:0e, { DataRate: 24, SignalStrength: 41, AntiFragility: 17}, IQ: 24]
180s ExecutionModule:Run(): Decision time => Seconds: 0, Miliseconds: 449
180s ExecutionModule:Run(): Handover time => Seconds: 0, Miliseconds: 160
180s ExecutionModule:Run(): Event: Horizontal Handover.
180s DeviceModule:MoveRandom(): New position: (112, 100)
180s DecisionModule:AddNetworkToList(): Network detected
181s DeviceModule:MoveRandom(): New position: (112, 97)
181s DecisionModule:RemoveNetworkFromList(): Network: 5 out of range!
182s DeviceModule:MoveRandom(): New position: (112, 100)
182s DecisionModule:AddNetworkToList(): Network detected
183s DeviceModule:MoveRandom(): New position: (112, 103)
183s DecisionModule:RemoveNetworkFromList(): Network: 11 out of range!
184s DeviceModule:MoveRandom(): New position: (112, 100)
184s DecisionModule:AddNetworkToList(): Network detected
185s DeviceModule:MoveRandom(): New position: (109, 100)
185s DecisionModule:RemoveNetworkFromList(): Network: 11 out of range!
185s DecisionModule:AddNetworkToList(): Network detected
186s DeviceModule:MoveRandom(): New position: (109, 97)
186s DecisionModule:RemoveNetworkFromList(): Network: 5 out of range!
186s DecisionModule:AddNetworkToList(): Network detected
187s DeviceModule:MoveRandom(): New position: (106, 97)
187s DecisionModule:AddNetworkToList(): Network detected
188s DeviceModule:MoveRandom(): New position: (106, 100)
188s DecisionModule:RemoveNetworkFromList(): Network: 4 out of range!
188s DecisionModule:RemoveNetworkFromList(): Network: 11 out of range!
189s DeviceModule:MoveRandom(): New position: (106, 103)
189s DecisionModule:AddNetworkToList(): Network detected
190s DeviceModule:MoveRandom(): New position: (109, 103)
191s DeviceModule:MoveRandom(): New position: (106, 103)
192s DeviceModule:MoveRandom(): New position: (103, 103)
192s DecisionModule:AddNetworkToList(): Network detected
193s DeviceModule:MoveRandom(): New position: (100, 103)
193s DecisionModule:RemoveNetworkFromList(): Network: 0 out of range!
193s DecisionModule:RemoveNetworkFromList(): Network: 5 out of range!
194s DeviceModule:MoveRandom(): New position: (97, 103)
194s DecisionModule:RemoveNetworkFromList(): Network: 8 out of range!
195s DeviceModule:MoveRandom(): New position: (100, 103)
195s DecisionModule:AddNetworkToList(): Network detected
196s DeviceModule:MoveRandom(): New position: (100, 100)
197s DeviceModule:MoveRandom(): New position: (97, 100)
197s DecisionModule:RemoveNetworkFromList(): Network: 8 out of range!
198s DeviceModule:MoveRandom(): New position: (97, 103)
199s DeviceModule:MoveRandom(): New position: (94, 103)
199s DecisionModule:RemoveNetworkFromList(): Network: 7 out of range!
