Waf: Entering directory `/home/renan/Documents/NR2/ns-allinone-3.20/ns-3.20/build'
Waf: Leaving directory `/home/renan/Documents/NR2/ns-allinone-3.20/ns-3.20/build'
'build' finished successfully (1.936s)
0s NetworkModule:SetPosition(): Network 0 set position => (163, 72)
0s NetworkModule:SetRange(): Network 0 set range => 100
0s NetworkModule:SetPosition(): Network 1 set position => (10, 191)
0s NetworkModule:SetRange(): Network 1 set range => 100
0s NetworkModule:SetPosition(): Network 2 set position => (179, 17)
0s NetworkModule:SetRange(): Network 2 set range => 100
0s NetworkModule:SetPosition(): Network 3 set position => (41, 103)
0s NetworkModule:SetRange(): Network 3 set range => 100
0s NetworkModule:SetPosition(): Network 4 set position => (126, 63)
0s NetworkModule:SetRange(): Network 4 set range => 100
0s NetworkModule:SetPosition(): Network 5 set position => (30, 26)
0s NetworkModule:SetRange(): Network 5 set range => 100
0s NetworkModule:SetPosition(): Network 6 set position => (98, 2)
0s NetworkModule:SetRange(): Network 6 set range => 100
0s NetworkModule:SetPosition(): Network 7 set position => (154, 67)
0s NetworkModule:SetRange(): Network 7 set range => 100
0s NetworkModule:SetPosition(): Network 8 set position => (0, 45)
0s NetworkModule:SetRange(): Network 8 set range => 100
0s NetworkModule:SetPosition(): Network 9 set position => (109, 88)
0s NetworkModule:SetRange(): Network 9 set range => 100
0s NetworkModule:SetPosition(): Network 10 set position => (47, 127)
0s NetworkModule:SetRange(): Network 10 set range => 100
0s NetworkModule:SetPosition(): Network 11 set position => (160, 76)
0s NetworkModule:SetRange(): Network 11 set range => 100
0s NetworkModule:SetPosition(): Network 12 set position => (55, 178)
0s NetworkModule:SetRange(): Network 12 set range => 100
0s NetworkModule:SetPosition(): Network 13 set position => (149, 98)
0s NetworkModule:SetRange(): Network 13 set range => 100
0s NetworkModule:SetPosition(): Network 14 set position => (136, 107)
0s NetworkModule:SetRange(): Network 14 set range => 100
0s NetworkModule:SetPosition(): Network 15 set position => (132, 62)
0s NetworkModule:SetRange(): Network 15 set range => 100
0s NetworkModule:SetPosition(): Network 16 set position => (5, 100)
0s NetworkModule:SetRange(): Network 16 set range => 100
0s NetworkModule:SetPosition(): Network 17 set position => (117, 94)
0s NetworkModule:SetRange(): Network 17 set range => 100
0s NetworkModule:SetPosition(): Network 18 set position => (197, 137)
0s NetworkModule:SetRange(): Network 18 set range => 100
0s NetworkModule:SetPosition(): Network 19 set position => (152, 110)
0s NetworkModule:SetRange(): Network 19 set range => 100
0s DeviceModule:ConfigureMobility(): Device [init x = 100, init y = 100, max = 200, velocity = 3]
1s DeviceModule:MoveRandom(): New position: (103, 100)
1s DecisionModule:AddNetworkToList(): Network detected
1s DecisionModule:AddNetworkToList(): Network detected
1s DecisionModule:AddNetworkToList(): Network detected
1s DecisionModule:AddNetworkToList(): Network detected
1s DecisionModule:AddNetworkToList(): Network detected
1s DecisionModule:AddNetworkToList(): Network detected
1s DecisionModule:AddNetworkToList(): Network detected
1s DecisionModule:AddNetworkToList(): Network detected
1s DecisionModule:AddNetworkToList(): Network detected
1s DecisionModule:AddNetworkToList(): Network detected
1s DecisionModule:AddNetworkToList(): Network detected
1s DecisionModule:AddNetworkToList(): Network detected
1s DecisionModule:AddNetworkToList(): Network detected
1s DecisionModule:AddNetworkToList(): Network detected
1s DecisionModule:AddNetworkToList(): Network detected
2s DeviceModule:MoveRandom(): New position: (100, 100)
3s DeviceModule:MoveRandom(): New position: (100, 103)
3s DecisionModule:RemoveNetworkFromList(): Network: 6 out of range!
4s DeviceModule:MoveRandom(): New position: (100, 106)
5s DeviceModule:MoveRandom(): New position: (97, 106)
6s DeviceModule:MoveRandom(): New position: (94, 106)
7s DeviceModule:MoveRandom(): New position: (94, 103)
7s DecisionModule:AddNetworkToList(): Network detected
8s DeviceModule:MoveRandom(): New position: (94, 106)
8s DecisionModule:RemoveNetworkFromList(): Network: 5 out of range!
9s DeviceModule:MoveRandom(): New position: (94, 103)
9s DecisionModule:AddNetworkToList(): Network detected
10s DeviceModule:MoveRandom(): New position: (94, 100)
10s DecisionModule:AddNetworkToList(): Network detected
11s DeviceModule:MoveRandom(): New position: (91, 100)
12s DeviceModule:MoveRandom(): New position: (94, 100)
13s DeviceModule:MoveRandom(): New position: (94, 103)
13s DecisionModule:RemoveNetworkFromList(): Network: 6 out of range!
14s DeviceModule:MoveRandom(): New position: (97, 103)
14s DecisionModule:RemoveNetworkFromList(): Network: 5 out of range!
15s DeviceModule:MoveRandom(): New position: (97, 106)
16s DeviceModule:MoveRandom(): New position: (97, 109)
17s DeviceModule:MoveRandom(): New position: (94, 109)
18s DeviceModule:MoveRandom(): New position: (97, 109)
19s DeviceModule:MoveRandom(): New position: (97, 112)
20s DecisionModule:Run(): Run decision
20s DecisionModule:AnalyzingNetworks(): Current Network: 
       [Network #12, Technology = Wifi, Address = 02-06-00:00:00:00:00:0e, { DataRate: 78, SignalStrength: 41, AntiFragility: 84}, IQ: 71]
20s DecisionModule:ShowAllNetworks(): All detected networks:
       [Network #12, Technology = Wifi, Address = 02-06-00:00:00:00:00:0e, { DataRate: 78, SignalStrength: 41, AntiFragility: 84}, IQ: 71]
       [Network #16, Technology = Wifi, Address = 02-06-00:00:00:00:00:12, { DataRate: 78, SignalStrength: 58, AntiFragility: 62}, IQ: 65]
       [Network #9, Technology = Wifi, Address = 02-06-00:00:00:00:00:0b, { DataRate: 45, SignalStrength: 27, AntiFragility: 93}, IQ: 64]
       [Network #13, Technology = Wifi, Address = 02-06-00:00:00:00:00:0f, { DataRate: 31, SignalStrength: 49, AntiFragility: 86}, IQ: 63]
       [Network #14, Technology = Wifi, Address = 02-06-00:00:00:00:00:10, { DataRate: 47, SignalStrength: 93, AntiFragility: 45}, IQ: 57]
       [Network #7, Technology = Wifi, Address = 02-06-00:00:00:00:00:09, { DataRate: 23, SignalStrength: 29, AntiFragility: 83}, IQ: 54]
       [Network #0, Technology = Wifi, Address = 02-06-00:00:00:00:00:02, { DataRate: 7, SignalStrength: 24, AntiFragility: 92}, IQ: 53]
       [Network #15, Technology = Wifi, Address = 02-06-00:00:00:00:00:11, { DataRate: 71, SignalStrength: 25, AntiFragility: 53}, IQ: 50]
       [Network #17, Technology = Wifi, Address = 02-06-00:00:00:00:00:13, { DataRate: 88, SignalStrength: 45, AntiFragility: 30}, IQ: 48]
       [Network #3, Technology = Wifi, Address = 02-06-00:00:00:00:00:05, { DataRate: 56, SignalStrength: 55, AntiFragility: 31}, IQ: 43]
       [Network #4, Technology = Wifi, Address = 02-06-00:00:00:00:00:06, { DataRate: 9, SignalStrength: 58, AntiFragility: 33}, IQ: 33]
       [Network #11, Technology = Wifi, Address = 02-06-00:00:00:00:00:0d, { DataRate: 64, SignalStrength: 57, AntiFragility: 3}, IQ: 31]
       [Network #10, Technology = Wifi, Address = 02-06-00:00:00:00:00:0c, { DataRate: 14, SignalStrength: 72, AntiFragility: 8}, IQ: 25]
       [Network #19, Technology = Wimax, Address = 02-06-00:00:00:00:00:16, { DataRate: 16, SignalStrength: 12, AntiFragility: 34}, IQ: 24]
20s DeviceModule:MoveRandom(): New position: (97, 115)
21s DeviceModule:MoveRandom(): New position: (97, 112)
22s DeviceModule:MoveRandom(): New position: (97, 109)
23s DeviceModule:MoveRandom(): New position: (97, 112)
24s DeviceModule:MoveRandom(): New position: (97, 109)
25s DeviceModule:MoveRandom(): New position: (97, 112)
26s DeviceModule:MoveRandom(): New position: (97, 109)
27s DeviceModule:MoveRandom(): New position: (97, 112)
28s DeviceModule:MoveRandom(): New position: (94, 112)
29s DeviceModule:MoveRandom(): New position: (97, 112)
30s DeviceModule:MoveRandom(): New position: (97, 109)
31s DeviceModule:MoveRandom(): New position: (97, 106)
32s DeviceModule:MoveRandom(): New position: (97, 109)
33s DeviceModule:MoveRandom(): New position: (100, 109)
33s DecisionModule:AddNetworkToList(): Network detected
34s DeviceModule:MoveRandom(): New position: (100, 106)
34s DecisionModule:RemoveNetworkFromList(): Network: 18 out of range!
35s DeviceModule:MoveRandom(): New position: (97, 106)
36s DeviceModule:MoveRandom(): New position: (100, 106)
37s DeviceModule:MoveRandom(): New position: (103, 106)
37s DecisionModule:AddNetworkToList(): Network detected
38s DeviceModule:MoveRandom(): New position: (103, 109)
39s DeviceModule:MoveRandom(): New position: (100, 109)
40s DecisionModule:Run(): Run decision
40s DecisionModule:AnalyzingNetworks(): Current Network: 
       [Network #15, Technology = Wifi, Address = 02-06-00:00:00:00:00:11, { DataRate: 11, SignalStrength: 84, AntiFragility: 95}, IQ: 71]
40s DecisionModule:ShowAllNetworks(): All detected networks:
       [Network #15, Technology = Wifi, Address = 02-06-00:00:00:00:00:11, { DataRate: 11, SignalStrength: 84, AntiFragility: 95}, IQ: 71]
       [Network #10, Technology = Wifi, Address = 02-06-00:00:00:00:00:0c, { DataRate: 6, SignalStrength: 81, AntiFragility: 95}, IQ: 69]
       [Network #0, Technology = Wifi, Address = 02-06-00:00:00:00:00:02, { DataRate: 61, SignalStrength: 9, AntiFragility: 97}, IQ: 66]
       [Network #13, Technology = Wifi, Address = 02-06-00:00:00:00:00:0f, { DataRate: 57, SignalStrength: 69, AntiFragility: 67}, IQ: 65]
       [Network #14, Technology = Wifi, Address = 02-06-00:00:00:00:00:10, { DataRate: 37, SignalStrength: 33, AntiFragility: 96}, IQ: 65]
       [Network #16, Technology = Wifi, Address = 02-06-00:00:00:00:00:12, { DataRate: 47, SignalStrength: 20, AntiFragility: 83}, IQ: 58]
       [Network #7, Technology = Wifi, Address = 02-06-00:00:00:00:00:09, { DataRate: 56, SignalStrength: 35, AntiFragility: 70}, IQ: 57]
       [Network #11, Technology = Wifi, Address = 02-06-00:00:00:00:00:0d, { DataRate: 86, SignalStrength: 97, AntiFragility: 19}, IQ: 55]
       [Network #9, Technology = Wifi, Address = 02-06-00:00:00:00:00:0b, { DataRate: 23, SignalStrength: 23, AntiFragility: 84}, IQ: 53]
       [Network #19, Technology = Wimax, Address = 02-06-00:00:00:00:00:16, { DataRate: 81, SignalStrength: 1, AntiFragility: 52}, IQ: 46]
       [Network #18, Technology = Wimax, Address = 02-06-00:00:00:00:00:15, { DataRate: 50, SignalStrength: 49, AntiFragility: 42}, IQ: 45]
       [Network #4, Technology = Wifi, Address = 02-06-00:00:00:00:00:06, { DataRate: 28, SignalStrength: 61, AntiFragility: 20}, IQ: 32]
       [Network #17, Technology = Wifi, Address = 02-06-00:00:00:00:00:13, { DataRate: 3, SignalStrength: 66, AntiFragility: 18}, IQ: 26]
       [Network #3, Technology = Wifi, Address = 02-06-00:00:00:00:00:05, { DataRate: 60, SignalStrength: 27, AntiFragility: 6}, IQ: 24]
       [Network #12, Technology = Wifi, Address = 02-06-00:00:00:00:00:0e, { DataRate: 14, SignalStrength: 5, AntiFragility: 34}, IQ: 21]
40s ExecutionModule:Run(): Decision time => Seconds: 0, Miliseconds: 579
40s ExecutionModule:Run(): Handover time => Seconds: 0, Miliseconds: 331
40s ExecutionModule:Run(): Event: Horizontal Handover.
40s DeviceModule:MoveRandom(): New position: (103, 109)
41s DeviceModule:MoveRandom(): New position: (103, 106)
42s DeviceModule:MoveRandom(): New position: (103, 103)
43s DeviceModule:MoveRandom(): New position: (100, 103)
43s DecisionModule:RemoveNetworkFromList(): Network: 18 out of range!
44s DeviceModule:MoveRandom(): New position: (103, 103)
44s DecisionModule:AddNetworkToList(): Network detected
45s DeviceModule:MoveRandom(): New position: (103, 106)
46s DeviceModule:MoveRandom(): New position: (103, 109)
47s DeviceModule:MoveRandom(): New position: (106, 109)
47s DecisionModule:RemoveNetworkFromList(): Network: 16 out of range!
48s DeviceModule:MoveRandom(): New position: (106, 106)
49s DeviceModule:MoveRandom(): New position: (106, 103)
50s DeviceModule:MoveRandom(): New position: (103, 103)
50s DecisionModule:AddNetworkToList(): Network detected
51s DeviceModule:MoveRandom(): New position: (103, 106)
52s DeviceModule:MoveRandom(): New position: (103, 103)
53s DeviceModule:MoveRandom(): New position: (103, 106)
54s DeviceModule:MoveRandom(): New position: (106, 106)
54s DecisionModule:RemoveNetworkFromList(): Network: 16 out of range!
55s DeviceModule:MoveRandom(): New position: (106, 109)
56s DeviceModule:MoveRandom(): New position: (109, 109)
57s DeviceModule:MoveRandom(): New position: (109, 106)
58s DeviceModule:MoveRandom(): New position: (106, 106)
59s DeviceModule:MoveRandom(): New position: (106, 109)
60s DecisionModule:Run(): Run decision
60s DecisionModule:AnalyzingNetworks(): Current Network: 
       [Network #17, Technology = Wifi, Address = 02-06-00:00:00:00:00:13, { DataRate: 51, SignalStrength: 99, AntiFragility: 71}, IQ: 73]
60s DecisionModule:ShowAllNetworks(): All detected networks:
       [Network #17, Technology = Wifi, Address = 02-06-00:00:00:00:00:13, { DataRate: 51, SignalStrength: 99, AntiFragility: 71}, IQ: 73]
       [Network #12, Technology = Wifi, Address = 02-06-00:00:00:00:00:0e, { DataRate: 66, SignalStrength: 24, AntiFragility: 84}, IQ: 64]
       [Network #15, Technology = Wifi, Address = 02-06-00:00:00:00:00:11, { DataRate: 20, SignalStrength: 37, AntiFragility: 96}, IQ: 62]
       [Network #3, Technology = Wifi, Address = 02-06-00:00:00:00:00:05, { DataRate: 65, SignalStrength: 70, AntiFragility: 57}, IQ: 62]
       [Network #19, Technology = Wimax, Address = 02-06-00:00:00:00:00:16, { DataRate: 22, SignalStrength: 76, AntiFragility: 64}, IQ: 56]
       [Network #10, Technology = Wifi, Address = 02-06-00:00:00:00:00:0c, { DataRate: 50, SignalStrength: 96, AntiFragility: 36}, IQ: 54]
       [Network #13, Technology = Wifi, Address = 02-06-00:00:00:00:00:0f, { DataRate: 34, SignalStrength: 38, AntiFragility: 71}, IQ: 53]
       [Network #9, Technology = Wifi, Address = 02-06-00:00:00:00:00:0b, { DataRate: 31, SignalStrength: 80, AntiFragility: 49}, IQ: 52]
       [Network #11, Technology = Wifi, Address = 02-06-00:00:00:00:00:0d, { DataRate: 6, SignalStrength: 72, AntiFragility: 60}, IQ: 49]
       [Network #14, Technology = Wifi, Address = 02-06-00:00:00:00:00:10, { DataRate: 16, SignalStrength: 94, AntiFragility: 35}, IQ: 45]
       [Network #0, Technology = Wifi, Address = 02-06-00:00:00:00:00:02, { DataRate: 36, SignalStrength: 62, AntiFragility: 39}, IQ: 44]
       [Network #7, Technology = Wifi, Address = 02-06-00:00:00:00:00:09, { DataRate: 4, SignalStrength: 90, AntiFragility: 35}, IQ: 41]
       [Network #18, Technology = Wimax, Address = 02-06-00:00:00:00:00:15, { DataRate: 80, SignalStrength: 67, AntiFragility: 6}, IQ: 39]
       [Network #4, Technology = Wifi, Address = 02-06-00:00:00:00:00:06, { DataRate: 3, SignalStrength: 60, AntiFragility: 35}, IQ: 33]
60s ExecutionModule:Run(): Decision time => Seconds: 0, Miliseconds: 243
60s ExecutionModule:Run(): Handover time => Seconds: 0, Miliseconds: 338
60s ExecutionModule:Run(): Event: Horizontal Handover.
60s DeviceModule:MoveRandom(): New position: (103, 109)
60s DecisionModule:AddNetworkToList(): Network detected
61s DeviceModule:MoveRandom(): New position: (103, 106)
62s DeviceModule:MoveRandom(): New position: (106, 106)
62s DecisionModule:RemoveNetworkFromList(): Network: 16 out of range!
63s DeviceModule:MoveRandom(): New position: (109, 106)
64s DeviceModule:MoveRandom(): New position: (109, 109)
65s DeviceModule:MoveRandom(): New position: (109, 106)
66s DeviceModule:MoveRandom(): New position: (109, 103)
67s DeviceModule:MoveRandom(): New position: (112, 103)
68s DeviceModule:MoveRandom(): New position: (115, 103)
69s DeviceModule:MoveRandom(): New position: (115, 106)
70s DeviceModule:MoveRandom(): New position: (115, 109)
71s DeviceModule:MoveRandom(): New position: (118, 109)
72s DeviceModule:MoveRandom(): New position: (115, 109)
73s DeviceModule:MoveRandom(): New position: (115, 106)
74s DeviceModule:MoveRandom(): New position: (112, 106)
75s DeviceModule:MoveRandom(): New position: (109, 106)
76s DeviceModule:MoveRandom(): New position: (112, 106)
77s DeviceModule:MoveRandom(): New position: (112, 109)
78s DeviceModule:MoveRandom(): New position: (109, 109)
79s DeviceModule:MoveRandom(): New position: (109, 106)
80s DecisionModule:Run(): Run decision
80s DecisionModule:AnalyzingNetworks(): Current Network: 
       [Network #0, Technology = Wifi, Address = 02-06-00:00:00:00:00:02, { DataRate: 77, SignalStrength: 65, AntiFragility: 87}, IQ: 79]
80s DecisionModule:ShowAllNetworks(): All detected networks:
       [Network #0, Technology = Wifi, Address = 02-06-00:00:00:00:00:02, { DataRate: 77, SignalStrength: 65, AntiFragility: 87}, IQ: 79]
       [Network #17, Technology = Wifi, Address = 02-06-00:00:00:00:00:13, { DataRate: 47, SignalStrength: 77, AntiFragility: 71}, IQ: 66]
       [Network #11, Technology = Wifi, Address = 02-06-00:00:00:00:00:0d, { DataRate: 62, SignalStrength: 32, AntiFragility: 77}, IQ: 62]
       [Network #12, Technology = Wifi, Address = 02-06-00:00:00:00:00:0e, { DataRate: 42, SignalStrength: 98, AntiFragility: 41}, IQ: 55]
       [Network #14, Technology = Wifi, Address = 02-06-00:00:00:00:00:10, { DataRate: 88, SignalStrength: 42, AntiFragility: 40}, IQ: 52]
       [Network #7, Technology = Wifi, Address = 02-06-00:00:00:00:00:09, { DataRate: 6, SignalStrength: 6, AntiFragility: 82}, IQ: 44]
       [Network #19, Technology = Wimax, Address = 02-06-00:00:00:00:00:16, { DataRate: 31, SignalStrength: 5, AntiFragility: 69}, IQ: 43]
       [Network #10, Technology = Wifi, Address = 02-06-00:00:00:00:00:0c, { DataRate: 44, SignalStrength: 72, AntiFragility: 20}, IQ: 39]
       [Network #3, Technology = Wifi, Address = 02-06-00:00:00:00:00:05, { DataRate: 50, SignalStrength: 56, AntiFragility: 22}, IQ: 37]
       [Network #18, Technology = Wimax, Address = 02-06-00:00:00:00:00:15, { DataRate: 57, SignalStrength: 81, AntiFragility: 6}, IQ: 37]
       [Network #9, Technology = Wifi, Address = 02-06-00:00:00:00:00:0b, { DataRate: 64, SignalStrength: 67, AntiFragility: 5}, IQ: 35]
       [Network #13, Technology = Wifi, Address = 02-06-00:00:00:00:00:0f, { DataRate: 40, SignalStrength: 29, AntiFragility: 37}, IQ: 35]
       [Network #4, Technology = Wifi, Address = 02-06-00:00:00:00:00:06, { DataRate: 67, SignalStrength: 4, AntiFragility: 8}, IQ: 21]
       [Network #15, Technology = Wifi, Address = 02-06-00:00:00:00:00:11, { DataRate: 24, SignalStrength: 10, AntiFragility: 23}, IQ: 20]
80s ExecutionModule:Run(): Decision time => Seconds: 0, Miliseconds: 260
80s ExecutionModule:Run(): Handover time => Seconds: 0, Miliseconds: 121
80s ExecutionModule:Run(): Event: Horizontal Handover.
80s DeviceModule:MoveRandom(): New position: (109, 109)
81s DeviceModule:MoveRandom(): New position: (109, 112)
82s DeviceModule:MoveRandom(): New position: (112, 112)
83s DeviceModule:MoveRandom(): New position: (109, 112)
84s DeviceModule:MoveRandom(): New position: (109, 109)
85s DeviceModule:MoveRandom(): New position: (109, 112)
86s DeviceModule:MoveRandom(): New position: (112, 112)
87s DeviceModule:MoveRandom(): New position: (109, 112)
88s DeviceModule:MoveRandom(): New position: (112, 112)
89s DeviceModule:MoveRandom(): New position: (112, 115)
90s DeviceModule:MoveRandom(): New position: (115, 115)
91s DeviceModule:MoveRandom(): New position: (118, 115)
92s DeviceModule:MoveRandom(): New position: (121, 115)
93s DeviceModule:MoveRandom(): New position: (121, 118)
94s DeviceModule:MoveRandom(): New position: (121, 121)
95s DeviceModule:MoveRandom(): New position: (118, 121)
96s DeviceModule:MoveRandom(): New position: (118, 118)
97s DeviceModule:MoveRandom(): New position: (121, 118)
98s DeviceModule:MoveRandom(): New position: (118, 118)
99s DeviceModule:MoveRandom(): New position: (118, 115)
100s DecisionModule:Run(): Run decision
100s DecisionModule:AnalyzingNetworks(): Current Network: 
       [Network #19, Technology = Wimax, Address = 02-06-00:00:00:00:00:16, { DataRate: 94, SignalStrength: 57, AntiFragility: 97}, IQ: 86]
100s DecisionModule:ShowAllNetworks(): All detected networks:
       [Network #19, Technology = Wimax, Address = 02-06-00:00:00:00:00:16, { DataRate: 94, SignalStrength: 57, AntiFragility: 97}, IQ: 86]
       [Network #17, Technology = Wifi, Address = 02-06-00:00:00:00:00:13, { DataRate: 40, SignalStrength: 68, AntiFragility: 77}, IQ: 65]
       [Network #11, Technology = Wifi, Address = 02-06-00:00:00:00:00:0d, { DataRate: 54, SignalStrength: 21, AntiFragility: 88}, IQ: 62]
       [Network #7, Technology = Wifi, Address = 02-06-00:00:00:00:00:09, { DataRate: 82, SignalStrength: 87, AntiFragility: 40}, IQ: 62]
       [Network #12, Technology = Wifi, Address = 02-06-00:00:00:00:00:0e, { DataRate: 99, SignalStrength: 9, AntiFragility: 68}, IQ: 61]
       [Network #3, Technology = Wifi, Address = 02-06-00:00:00:00:00:05, { DataRate: 54, SignalStrength: 90, AntiFragility: 50}, IQ: 61]
       [Network #18, Technology = Wimax, Address = 02-06-00:00:00:00:00:15, { DataRate: 78, SignalStrength: 79, AntiFragility: 27}, IQ: 52]
       [Network #4, Technology = Wifi, Address = 02-06-00:00:00:00:00:06, { DataRate: 1, SignalStrength: 74, AntiFragility: 66}, IQ: 51]
       [Network #9, Technology = Wifi, Address = 02-06-00:00:00:00:00:0b, { DataRate: 60, SignalStrength: 66, AntiFragility: 35}, IQ: 49]
       [Network #14, Technology = Wifi, Address = 02-06-00:00:00:00:00:10, { DataRate: 91, SignalStrength: 14, AntiFragility: 32}, IQ: 42]
       [Network #13, Technology = Wifi, Address = 02-06-00:00:00:00:00:0f, { DataRate: 60, SignalStrength: 86, AntiFragility: 12}, IQ: 42]
       [Network #0, Technology = Wifi, Address = 02-06-00:00:00:00:00:02, { DataRate: 30, SignalStrength: 87, AntiFragility: 8}, IQ: 33]
       [Network #10, Technology = Wifi, Address = 02-06-00:00:00:00:00:0c, { DataRate: 7, SignalStrength: 59, AntiFragility: 33}, IQ: 33]
       [Network #15, Technology = Wifi, Address = 02-06-00:00:00:00:00:11, { DataRate: 22, SignalStrength: 43, AntiFragility: 17}, IQ: 24]
100s ExecutionModule:Run(): Decision time => Seconds: 0, Miliseconds: 260
100s ExecutionModule:Run(): Handover time => Seconds: 0, Miliseconds: 46
100s ExecutionModule:Run(): Event: Vertical Handover.
100s DeviceModule:MoveRandom(): New position: (118, 112)
101s DeviceModule:MoveRandom(): New position: (121, 112)
102s DeviceModule:MoveRandom(): New position: (124, 112)
103s DeviceModule:MoveRandom(): New position: (124, 115)
104s DeviceModule:MoveRandom(): New position: (124, 112)
105s DeviceModule:MoveRandom(): New position: (121, 112)
106s DeviceModule:MoveRandom(): New position: (121, 115)
107s DeviceModule:MoveRandom(): New position: (121, 118)
108s DeviceModule:MoveRandom(): New position: (121, 115)
109s DeviceModule:MoveRandom(): New position: (121, 112)
110s DeviceModule:MoveRandom(): New position: (124, 112)
111s DeviceModule:MoveRandom(): New position: (127, 112)
112s DeviceModule:MoveRandom(): New position: (130, 112)
113s DeviceModule:MoveRandom(): New position: (127, 112)
114s DeviceModule:MoveRandom(): New position: (124, 112)
115s DeviceModule:MoveRandom(): New position: (124, 115)
116s DeviceModule:MoveRandom(): New position: (124, 112)
117s DeviceModule:MoveRandom(): New position: (124, 109)
118s DeviceModule:MoveRandom(): New position: (124, 112)
119s DeviceModule:MoveRandom(): New position: (127, 112)
120s DecisionModule:Run(): Run decision
120s DecisionModule:AnalyzingNetworks(): Current Network: 
       [Network #19, Technology = Wimax, Address = 02-06-00:00:00:00:00:16, { DataRate: 32, SignalStrength: 99, AntiFragility: 92}, IQ: 78]
120s DecisionModule:ShowAllNetworks(): All detected networks:
       [Network #19, Technology = Wimax, Address = 02-06-00:00:00:00:00:16, { DataRate: 32, SignalStrength: 99, AntiFragility: 92}, IQ: 78]
       [Network #14, Technology = Wifi, Address = 02-06-00:00:00:00:00:10, { DataRate: 24, SignalStrength: 43, AntiFragility: 95}, IQ: 64]
       [Network #15, Technology = Wifi, Address = 02-06-00:00:00:00:00:11, { DataRate: 51, SignalStrength: 49, AntiFragility: 68}, IQ: 59]
       [Network #12, Technology = Wifi, Address = 02-06-00:00:00:00:00:0e, { DataRate: 90, SignalStrength: 79, AntiFragility: 33}, IQ: 58]
       [Network #18, Technology = Wimax, Address = 02-06-00:00:00:00:00:15, { DataRate: 99, SignalStrength: 93, AntiFragility: 4}, IQ: 50]
       [Network #17, Technology = Wifi, Address = 02-06-00:00:00:00:00:13, { DataRate: 32, SignalStrength: 56, AntiFragility: 49}, IQ: 46]
       [Network #4, Technology = Wifi, Address = 02-06-00:00:00:00:00:06, { DataRate: 46, SignalStrength: 59, AntiFragility: 34}, IQ: 43]
       [Network #0, Technology = Wifi, Address = 02-06-00:00:00:00:00:02, { DataRate: 19, SignalStrength: 37, AntiFragility: 59}, IQ: 43]
       [Network #13, Technology = Wifi, Address = 02-06-00:00:00:00:00:0f, { DataRate: 20, SignalStrength: 87, AntiFragility: 27}, IQ: 40]
       [Network #3, Technology = Wifi, Address = 02-06-00:00:00:00:00:05, { DataRate: 84, SignalStrength: 56, AntiFragility: 7}, IQ: 38]
       [Network #9, Technology = Wifi, Address = 02-06-00:00:00:00:00:0b, { DataRate: 27, SignalStrength: 47, AntiFragility: 37}, IQ: 37]
       [Network #7, Technology = Wifi, Address = 02-06-00:00:00:00:00:09, { DataRate: 4, SignalStrength: 80, AntiFragility: 33}, IQ: 37]
       [Network #11, Technology = Wifi, Address = 02-06-00:00:00:00:00:0d, { DataRate: 52, SignalStrength: 24, AntiFragility: 27}, IQ: 32]
       [Network #10, Technology = Wifi, Address = 02-06-00:00:00:00:00:0c, { DataRate: 27, SignalStrength: 16, AntiFragility: 12}, IQ: 16]
120s DeviceModule:MoveRandom(): New position: (130, 112)
121s DeviceModule:MoveRandom(): New position: (127, 112)
122s DeviceModule:MoveRandom(): New position: (127, 109)
123s DeviceModule:MoveRandom(): New position: (130, 109)
123s DecisionModule:RemoveNetworkFromList(): Network: 12 out of range!
124s DeviceModule:MoveRandom(): New position: (130, 106)
125s DeviceModule:MoveRandom(): New position: (127, 106)
126s DeviceModule:MoveRandom(): New position: (127, 103)
126s DecisionModule:AddNetworkToList(): Network detected
127s DeviceModule:MoveRandom(): New position: (127, 106)
127s DecisionModule:RemoveNetworkFromList(): Network: 2 out of range!
128s DeviceModule:MoveRandom(): New position: (124, 106)
128s DecisionModule:AddNetworkToList(): Network detected
129s DeviceModule:MoveRandom(): New position: (121, 106)
130s DeviceModule:MoveRandom(): New position: (121, 109)
131s DeviceModule:MoveRandom(): New position: (124, 109)
132s DeviceModule:MoveRandom(): New position: (124, 112)
133s DeviceModule:MoveRandom(): New position: (124, 115)
134s DeviceModule:MoveRandom(): New position: (124, 118)
135s DeviceModule:MoveRandom(): New position: (124, 121)
136s DeviceModule:MoveRandom(): New position: (121, 121)
137s DeviceModule:MoveRandom(): New position: (118, 121)
138s DeviceModule:MoveRandom(): New position: (115, 121)
139s DeviceModule:MoveRandom(): New position: (118, 121)
140s DecisionModule:Run(): Run decision
140s DecisionModule:AnalyzingNetworks(): Current Network: 
       [Network #17, Technology = Wifi, Address = 02-06-00:00:00:00:00:13, { DataRate: 82, SignalStrength: 71, AntiFragility: 73}, IQ: 74]
140s DecisionModule:ShowAllNetworks(): All detected networks:
       [Network #17, Technology = Wifi, Address = 02-06-00:00:00:00:00:13, { DataRate: 82, SignalStrength: 71, AntiFragility: 73}, IQ: 74]
       [Network #12, Technology = Wifi, Address = 02-06-00:00:00:00:00:0e, { DataRate: 57, SignalStrength: 73, AntiFragility: 69}, IQ: 67]
       [Network #0, Technology = Wifi, Address = 02-06-00:00:00:00:00:02, { DataRate: 72, SignalStrength: 6, AntiFragility: 91}, IQ: 65]
       [Network #10, Technology = Wifi, Address = 02-06-00:00:00:00:00:0c, { DataRate: 36, SignalStrength: 49, AntiFragility: 85}, IQ: 63]
       [Network #7, Technology = Wifi, Address = 02-06-00:00:00:00:00:09, { DataRate: 86, SignalStrength: 58, AntiFragility: 50}, IQ: 61]
       [Network #4, Technology = Wifi, Address = 02-06-00:00:00:00:00:06, { DataRate: 25, SignalStrength: 89, AntiFragility: 63}, IQ: 60]
       [Network #9, Technology = Wifi, Address = 02-06-00:00:00:00:00:0b, { DataRate: 88, SignalStrength: 54, AntiFragility: 40}, IQ: 55]
       [Network #15, Technology = Wifi, Address = 02-06-00:00:00:00:00:11, { DataRate: 18, SignalStrength: 14, AntiFragility: 82}, IQ: 49]
       [Network #19, Technology = Wimax, Address = 02-06-00:00:00:00:00:16, { DataRate: 35, SignalStrength: 88, AntiFragility: 28}, IQ: 44]
       [Network #13, Technology = Wifi, Address = 02-06-00:00:00:00:00:0f, { DataRate: 81, SignalStrength: 42, AntiFragility: 17}, IQ: 39]
       [Network #3, Technology = Wifi, Address = 02-06-00:00:00:00:00:05, { DataRate: 53, SignalStrength: 66, AntiFragility: 12}, IQ: 35]
       [Network #11, Technology = Wifi, Address = 02-06-00:00:00:00:00:0d, { DataRate: 5, SignalStrength: 72, AntiFragility: 32}, IQ: 35]
       [Network #18, Technology = Wimax, Address = 02-06-00:00:00:00:00:15, { DataRate: 69, SignalStrength: 9, AntiFragility: 23}, IQ: 31]
       [Network #14, Technology = Wifi, Address = 02-06-00:00:00:00:00:10, { DataRate: 46, SignalStrength: 52, AntiFragility: 9}, IQ: 29]
140s ExecutionModule:Run(): Decision time => Seconds: 0, Miliseconds: 261
140s ExecutionModule:Run(): Handover time => Seconds: 0, Miliseconds: 32
140s ExecutionModule:Run(): Event: Vertical Handover.
140s DeviceModule:MoveRandom(): New position: (118, 118)
141s DeviceModule:MoveRandom(): New position: (121, 118)
142s DeviceModule:MoveRandom(): New position: (118, 118)
143s DeviceModule:MoveRandom(): New position: (118, 115)
144s DeviceModule:MoveRandom(): New position: (118, 112)
145s DeviceModule:MoveRandom(): New position: (118, 115)
146s DeviceModule:MoveRandom(): New position: (118, 118)
147s DeviceModule:MoveRandom(): New position: (118, 121)
148s DeviceModule:MoveRandom(): New position: (115, 121)
149s DeviceModule:MoveRandom(): New position: (112, 121)
150s DeviceModule:MoveRandom(): New position: (115, 121)
151s DeviceModule:MoveRandom(): New position: (115, 124)
152s DeviceModule:MoveRandom(): New position: (112, 124)
153s DeviceModule:MoveRandom(): New position: (115, 124)
154s DeviceModule:MoveRandom(): New position: (118, 124)
155s DeviceModule:MoveRandom(): New position: (115, 124)
156s DeviceModule:MoveRandom(): New position: (112, 124)
157s DeviceModule:MoveRandom(): New position: (112, 127)
158s DeviceModule:MoveRandom(): New position: (109, 127)
159s DeviceModule:MoveRandom(): New position: (106, 127)
160s DecisionModule:Run(): Run decision
160s DecisionModule:AnalyzingNetworks(): Current Network: 
       [Network #19, Technology = Wimax, Address = 02-06-00:00:00:00:00:16, { DataRate: 59, SignalStrength: 74, AntiFragility: 84}, IQ: 75]
160s DecisionModule:ShowAllNetworks(): All detected networks:
       [Network #19, Technology = Wimax, Address = 02-06-00:00:00:00:00:16, { DataRate: 59, SignalStrength: 74, AntiFragility: 84}, IQ: 75]
       [Network #0, Technology = Wifi, Address = 02-06-00:00:00:00:00:02, { DataRate: 88, SignalStrength: 92, AntiFragility: 43}, IQ: 66]
       [Network #13, Technology = Wifi, Address = 02-06-00:00:00:00:00:0f, { DataRate: 19, SignalStrength: 60, AntiFragility: 92}, IQ: 65]
       [Network #4, Technology = Wifi, Address = 02-06-00:00:00:00:00:06, { DataRate: 71, SignalStrength: 52, AntiFragility: 65}, IQ: 63]
       [Network #15, Technology = Wifi, Address = 02-06-00:00:00:00:00:11, { DataRate: 13, SignalStrength: 71, AntiFragility: 78}, IQ: 60]
       [Network #18, Technology = Wimax, Address = 02-06-00:00:00:00:00:15, { DataRate: 11, SignalStrength: 64, AntiFragility: 82}, IQ: 59]
       [Network #3, Technology = Wifi, Address = 02-06-00:00:00:00:00:05, { DataRate: 82, SignalStrength: 26, AntiFragility: 57}, IQ: 55]
       [Network #9, Technology = Wifi, Address = 02-06-00:00:00:00:00:0b, { DataRate: 64, SignalStrength: 82, AntiFragility: 32}, IQ: 52]
       [Network #12, Technology = Wifi, Address = 02-06-00:00:00:00:00:0e, { DataRate: 85, SignalStrength: 29, AntiFragility: 43}, IQ: 50]
       [Network #17, Technology = Wifi, Address = 02-06-00:00:00:00:00:13, { DataRate: 13, SignalStrength: 48, AntiFragility: 66}, IQ: 48]
       [Network #7, Technology = Wifi, Address = 02-06-00:00:00:00:00:09, { DataRate: 36, SignalStrength: 67, AntiFragility: 19}, IQ: 35]
       [Network #10, Technology = Wifi, Address = 02-06-00:00:00:00:00:0c, { DataRate: 66, SignalStrength: 34, AntiFragility: 19}, IQ: 34]
       [Network #11, Technology = Wifi, Address = 02-06-00:00:00:00:00:0d, { DataRate: 30, SignalStrength: 21, AntiFragility: 42}, IQ: 33]
       [Network #14, Technology = Wifi, Address = 02-06-00:00:00:00:00:10, { DataRate: 3, SignalStrength: 35, AntiFragility: 1}, IQ: 10]
160s ExecutionModule:Run(): Decision time => Seconds: 0, Miliseconds: 262
160s ExecutionModule:Run(): Handover time => Seconds: 0, Miliseconds: 31
160s ExecutionModule:Run(): Event: Vertical Handover.
160s DeviceModule:MoveRandom(): New position: (106, 124)
161s DeviceModule:MoveRandom(): New position: (109, 124)
162s DeviceModule:MoveRandom(): New position: (106, 124)
163s DeviceModule:MoveRandom(): New position: (109, 124)
164s DeviceModule:MoveRandom(): New position: (106, 124)
165s DeviceModule:MoveRandom(): New position: (106, 121)
166s DeviceModule:MoveRandom(): New position: (103, 121)
166s DecisionModule:AddNetworkToList(): Network detected
167s DeviceModule:MoveRandom(): New position: (103, 118)
168s DeviceModule:MoveRandom(): New position: (100, 118)
169s DeviceModule:MoveRandom(): New position: (103, 118)
170s DeviceModule:MoveRandom(): New position: (100, 118)
171s DeviceModule:MoveRandom(): New position: (103, 118)
172s DeviceModule:MoveRandom(): New position: (100, 118)
173s DeviceModule:MoveRandom(): New position: (97, 118)
173s DecisionModule:RemoveNetworkFromList(): Network: 18 out of range!
174s DeviceModule:MoveRandom(): New position: (94, 118)
175s DeviceModule:MoveRandom(): New position: (91, 118)
176s DeviceModule:MoveRandom(): New position: (91, 121)
177s DeviceModule:MoveRandom(): New position: (88, 121)
178s DeviceModule:MoveRandom(): New position: (88, 124)
179s DeviceModule:MoveRandom(): New position: (88, 121)
180s DecisionModule:Run(): Run decision
180s DecisionModule:AnalyzingNetworks(): Current Network: 
       [Network #7, Technology = Wifi, Address = 02-06-00:00:00:00:00:09, { DataRate: 67, SignalStrength: 90, AntiFragility: 93}, IQ: 85]
180s DecisionModule:ShowAllNetworks(): All detected networks:
       [Network #7, Technology = Wifi, Address = 02-06-00:00:00:00:00:09, { DataRate: 67, SignalStrength: 90, AntiFragility: 93}, IQ: 85]
       [Network #3, Technology = Wifi, Address = 02-06-00:00:00:00:00:05, { DataRate: 92, SignalStrength: 99, AntiFragility: 63}, IQ: 79]
       [Network #10, Technology = Wifi, Address = 02-06-00:00:00:00:00:0c, { DataRate: 50, SignalStrength: 99, AntiFragility: 76}, IQ: 75]
       [Network #15, Technology = Wifi, Address = 02-06-00:00:00:00:00:11, { DataRate: 27, SignalStrength: 63, AntiFragility: 94}, IQ: 69]
       [Network #11, Technology = Wifi, Address = 02-06-00:00:00:00:00:0d, { DataRate: 86, SignalStrength: 9, AntiFragility: 76}, IQ: 61]
       [Network #9, Technology = Wifi, Address = 02-06-00:00:00:00:00:0b, { DataRate: 59, SignalStrength: 77, AntiFragility: 40}, IQ: 54]
       [Network #0, Technology = Wifi, Address = 02-06-00:00:00:00:00:02, { DataRate: 31, SignalStrength: 9, AntiFragility: 83}, IQ: 51]
       [Network #14, Technology = Wifi, Address = 02-06-00:00:00:00:00:10, { DataRate: 23, SignalStrength: 23, AntiFragility: 72}, IQ: 47]
       [Network #4, Technology = Wifi, Address = 02-06-00:00:00:00:00:06, { DataRate: 43, SignalStrength: 14, AntiFragility: 62}, IQ: 45]
       [Network #17, Technology = Wifi, Address = 02-06-00:00:00:00:00:13, { DataRate: 40, SignalStrength: 27, AntiFragility: 54}, IQ: 43]
       [Network #13, Technology = Wifi, Address = 02-06-00:00:00:00:00:0f, { DataRate: 84, SignalStrength: 10, AntiFragility: 37}, IQ: 42]
       [Network #19, Technology = Wimax, Address = 02-06-00:00:00:00:00:16, { DataRate: 74, SignalStrength: 10, AntiFragility: 38}, IQ: 40]
       [Network #16, Technology = Wifi, Address = 02-06-00:00:00:00:00:12, { DataRate: 80, SignalStrength: 32, AntiFragility: 7}, IQ: 31]
       [Network #12, Technology = Wifi, Address = 02-06-00:00:00:00:00:0e, { DataRate: 2, SignalStrength: 8, AntiFragility: 38}, IQ: 21]
180s ExecutionModule:Run(): Decision time => Seconds: 0, Miliseconds: 461
180s ExecutionModule:Run(): Handover time => Seconds: 0, Miliseconds: 64
180s ExecutionModule:Run(): Event: Vertical Handover.
180s DeviceModule:MoveRandom(): New position: (88, 124)
181s DeviceModule:MoveRandom(): New position: (91, 124)
182s DeviceModule:MoveRandom(): New position: (91, 121)
183s DeviceModule:MoveRandom(): New position: (91, 118)
184s DeviceModule:MoveRandom(): New position: (88, 118)
185s DeviceModule:MoveRandom(): New position: (88, 121)
186s DeviceModule:MoveRandom(): New position: (85, 121)
187s DeviceModule:MoveRandom(): New position: (88, 121)
188s DeviceModule:MoveRandom(): New position: (88, 118)
189s DeviceModule:MoveRandom(): New position: (91, 118)
190s DeviceModule:MoveRandom(): New position: (88, 118)
191s DeviceModule:MoveRandom(): New position: (91, 118)
192s DeviceModule:MoveRandom(): New position: (91, 115)
193s DeviceModule:MoveRandom(): New position: (94, 115)
194s DeviceModule:MoveRandom(): New position: (94, 112)
195s DeviceModule:MoveRandom(): New position: (91, 112)
196s DeviceModule:MoveRandom(): New position: (94, 112)
197s DeviceModule:MoveRandom(): New position: (97, 112)
198s DeviceModule:MoveRandom(): New position: (100, 112)
198s DecisionModule:AddNetworkToList(): Network detected
199s DeviceModule:MoveRandom(): New position: (100, 115)
