Waf: Entering directory `/home/renan/Documents/NR2/ns-allinone-3.20/ns-3.20/build'
Waf: Leaving directory `/home/renan/Documents/NR2/ns-allinone-3.20/ns-3.20/build'
'build' finished successfully (1.836s)
0s NetworkModule:SetPosition(): Network 0 set position => (130, 148)
0s NetworkModule:SetRange(): Network 0 set range => 100
0s NetworkModule:SetPosition(): Network 1 set position => (132, 198)
0s NetworkModule:SetRange(): Network 1 set range => 100
0s NetworkModule:SetPosition(): Network 2 set position => (57, 162)
0s NetworkModule:SetRange(): Network 2 set range => 100
0s NetworkModule:SetPosition(): Network 3 set position => (140, 131)
0s NetworkModule:SetRange(): Network 3 set range => 100
0s NetworkModule:SetPosition(): Network 4 set position => (92, 129)
0s NetworkModule:SetRange(): Network 4 set range => 100
0s NetworkModule:SetPosition(): Network 5 set position => (166, 143)
0s NetworkModule:SetRange(): Network 5 set range => 100
0s NetworkModule:SetPosition(): Network 6 set position => (119, 171)
0s NetworkModule:SetRange(): Network 6 set range => 100
0s NetworkModule:SetPosition(): Network 7 set position => (168, 167)
0s NetworkModule:SetRange(): Network 7 set range => 100
0s NetworkModule:SetPosition(): Network 8 set position => (30, 49)
0s NetworkModule:SetRange(): Network 8 set range => 100
0s NetworkModule:SetPosition(): Network 9 set position => (199, 4)
0s NetworkModule:SetRange(): Network 9 set range => 100
0s NetworkModule:SetPosition(): Network 10 set position => (194, 99)
0s NetworkModule:SetRange(): Network 10 set range => 100
0s NetworkModule:SetPosition(): Network 11 set position => (37, 95)
0s NetworkModule:SetRange(): Network 11 set range => 100
0s NetworkModule:SetPosition(): Network 12 set position => (14, 55)
0s NetworkModule:SetRange(): Network 12 set range => 100
0s NetworkModule:SetPosition(): Network 13 set position => (2, 98)
0s NetworkModule:SetRange(): Network 13 set range => 100
0s NetworkModule:SetPosition(): Network 14 set position => (65, 79)
0s NetworkModule:SetRange(): Network 14 set range => 100
0s NetworkModule:SetPosition(): Network 15 set position => (179, 119)
0s NetworkModule:SetRange(): Network 15 set range => 100
0s NetworkModule:SetPosition(): Network 16 set position => (69, 147)
0s NetworkModule:SetRange(): Network 16 set range => 100
0s NetworkModule:SetPosition(): Network 17 set position => (109, 111)
0s NetworkModule:SetRange(): Network 17 set range => 100
0s NetworkModule:SetPosition(): Network 18 set position => (43, 126)
0s NetworkModule:SetRange(): Network 18 set range => 100
0s NetworkModule:SetPosition(): Network 19 set position => (55, 1)
0s NetworkModule:SetRange(): Network 19 set range => 100
0s DeviceModule:ConfigureMobility(): Device [init x = 100, init y = 100, max = 200, velocity = 3]
1s DeviceModule:MoveRandom(): New position: (97, 100)
1s DecisionModule:AddNetworkToList(): Network detected
1s DecisionModule:AddNetworkToList(): Network detected
1s DecisionModule:AddNetworkToList(): Network detected
1s DecisionModule:AddNetworkToList(): Network detected
1s DecisionModule:AddNetworkToList(): Network detected
1s DecisionModule:AddNetworkToList(): Network detected
1s DecisionModule:AddNetworkToList(): Network detected
1s DecisionModule:AddNetworkToList(): Network detected
1s DecisionModule:AddNetworkToList(): Network detected
1s DecisionModule:AddNetworkToList(): Network detected
1s DecisionModule:AddNetworkToList(): Network detected
1s DecisionModule:AddNetworkToList(): Network detected
1s DecisionModule:AddNetworkToList(): Network detected
1s DecisionModule:AddNetworkToList(): Network detected
1s DecisionModule:AddNetworkToList(): Network detected
1s DecisionModule:AddNetworkToList(): Network detected
1s DecisionModule:AddNetworkToList(): Network detected
2s DeviceModule:MoveRandom(): New position: (100, 100)
3s DeviceModule:MoveRandom(): New position: (100, 103)
3s DecisionModule:AddNetworkToList(): Network detected
4s DeviceModule:MoveRandom(): New position: (100, 106)
5s DeviceModule:MoveRandom(): New position: (97, 106)
6s DeviceModule:MoveRandom(): New position: (100, 106)
7s DeviceModule:MoveRandom(): New position: (97, 106)
8s DeviceModule:MoveRandom(): New position: (100, 106)
9s DeviceModule:MoveRandom(): New position: (100, 103)
10s DeviceModule:MoveRandom(): New position: (100, 106)
11s DeviceModule:MoveRandom(): New position: (97, 106)
12s DeviceModule:MoveRandom(): New position: (94, 106)
13s DeviceModule:MoveRandom(): New position: (97, 106)
14s DeviceModule:MoveRandom(): New position: (100, 106)
15s DeviceModule:MoveRandom(): New position: (100, 103)
16s DeviceModule:MoveRandom(): New position: (103, 103)
16s DecisionModule:RemoveNetworkFromList(): Network: 12 out of range!
16s DecisionModule:RemoveNetworkFromList(): Network: 13 out of range!
17s DeviceModule:MoveRandom(): New position: (106, 103)
18s DeviceModule:MoveRandom(): New position: (109, 103)
19s DeviceModule:MoveRandom(): New position: (109, 106)
20s DecisionModule:Run(): Run decision
20s DecisionModule:AnalyzingNetworks(): Current Network: 
       [Network #6, Technology = Wifi, Address = 02-06-00:00:00:00:00:08, { DataRate: 63, SignalStrength: 71, AntiFragility: 97}, IQ: 82]
20s DecisionModule:ShowAllNetworks(): All detected networks:
       [Network #6, Technology = Wifi, Address = 02-06-00:00:00:00:00:08, { DataRate: 63, SignalStrength: 71, AntiFragility: 97}, IQ: 82]
       [Network #4, Technology = Wifi, Address = 02-06-00:00:00:00:00:06, { DataRate: 88, SignalStrength: 21, AntiFragility: 84}, IQ: 69]
       [Network #8, Technology = Wifi, Address = 02-06-00:00:00:00:00:0a, { DataRate: 33, SignalStrength: 72, AntiFragility: 85}, IQ: 68]
       [Network #0, Technology = Wifi, Address = 02-06-00:00:00:00:00:02, { DataRate: 34, SignalStrength: 46, AntiFragility: 84}, IQ: 62]
       [Network #10, Technology = Wifi, Address = 02-06-00:00:00:00:00:0c, { DataRate: 31, SignalStrength: 69, AntiFragility: 65}, IQ: 57]
       [Network #18, Technology = Wimax, Address = 02-06-00:00:00:00:00:15, { DataRate: 75, SignalStrength: 59, AntiFragility: 48}, IQ: 57]
       [Network #7, Technology = Wifi, Address = 02-06-00:00:00:00:00:09, { DataRate: 47, SignalStrength: 89, AntiFragility: 44}, IQ: 56]
       [Network #5, Technology = Wifi, Address = 02-06-00:00:00:00:00:07, { DataRate: 89, SignalStrength: 79, AntiFragility: 16}, IQ: 50]
       [Network #1, Technology = Wifi, Address = 02-06-00:00:00:00:00:03, { DataRate: 29, SignalStrength: 70, AntiFragility: 43}, IQ: 46]
       [Network #14, Technology = Wifi, Address = 02-06-00:00:00:00:00:10, { DataRate: 63, SignalStrength: 96, AntiFragility: 13}, IQ: 46]
       [Network #16, Technology = Wifi, Address = 02-06-00:00:00:00:00:12, { DataRate: 50, SignalStrength: 48, AntiFragility: 43}, IQ: 46]
       [Network #2, Technology = Wifi, Address = 02-06-00:00:00:00:00:04, { DataRate: 53, SignalStrength: 36, AntiFragility: 37}, IQ: 40]
       [Network #11, Technology = Wifi, Address = 02-06-00:00:00:00:00:0d, { DataRate: 98, SignalStrength: 34, AntiFragility: 8}, IQ: 37]
       [Network #17, Technology = Wifi, Address = 02-06-00:00:00:00:00:13, { DataRate: 29, SignalStrength: 97, AntiFragility: 7}, IQ: 35]
       [Network #15, Technology = Wifi, Address = 02-06-00:00:00:00:00:11, { DataRate: 77, SignalStrength: 32, AntiFragility: 2}, IQ: 28]
       [Network #3, Technology = Wifi, Address = 02-06-00:00:00:00:00:05, { DataRate: 13, SignalStrength: 14, AntiFragility: 36}, IQ: 24]
20s DeviceModule:MoveRandom(): New position: (109, 109)
21s DeviceModule:MoveRandom(): New position: (106, 109)
22s DeviceModule:MoveRandom(): New position: (106, 112)
23s DeviceModule:MoveRandom(): New position: (106, 109)
24s DeviceModule:MoveRandom(): New position: (106, 112)
25s DeviceModule:MoveRandom(): New position: (106, 115)
26s DeviceModule:MoveRandom(): New position: (106, 118)
26s DecisionModule:RemoveNetworkFromList(): Network: 8 out of range!
27s DeviceModule:MoveRandom(): New position: (103, 118)
27s DecisionModule:AddNetworkToList(): Network detected
28s DeviceModule:MoveRandom(): New position: (103, 115)
29s DeviceModule:MoveRandom(): New position: (106, 115)
30s DeviceModule:MoveRandom(): New position: (106, 112)
31s DeviceModule:MoveRandom(): New position: (109, 112)
31s DecisionModule:RemoveNetworkFromList(): Network: 8 out of range!
32s DeviceModule:MoveRandom(): New position: (109, 115)
33s DeviceModule:MoveRandom(): New position: (109, 118)
34s DeviceModule:MoveRandom(): New position: (109, 115)
35s DeviceModule:MoveRandom(): New position: (106, 115)
35s DecisionModule:AddNetworkToList(): Network detected
36s DeviceModule:MoveRandom(): New position: (106, 112)
37s DeviceModule:MoveRandom(): New position: (109, 112)
37s DecisionModule:RemoveNetworkFromList(): Network: 8 out of range!
38s DeviceModule:MoveRandom(): New position: (106, 112)
38s DecisionModule:AddNetworkToList(): Network detected
39s DeviceModule:MoveRandom(): New position: (103, 112)
40s DecisionModule:Run(): Run decision
40s DecisionModule:AnalyzingNetworks(): Current Network: 
       [Network #2, Technology = Wifi, Address = 02-06-00:00:00:00:00:04, { DataRate: 74, SignalStrength: 74, AntiFragility: 86}, IQ: 80]
40s DecisionModule:ShowAllNetworks(): All detected networks:
       [Network #2, Technology = Wifi, Address = 02-06-00:00:00:00:00:04, { DataRate: 74, SignalStrength: 74, AntiFragility: 86}, IQ: 80]
       [Network #6, Technology = Wifi, Address = 02-06-00:00:00:00:00:08, { DataRate: 79, SignalStrength: 33, AntiFragility: 95}, IQ: 75]
       [Network #15, Technology = Wifi, Address = 02-06-00:00:00:00:00:11, { DataRate: 85, SignalStrength: 80, AntiFragility: 67}, IQ: 74]
       [Network #10, Technology = Wifi, Address = 02-06-00:00:00:00:00:0c, { DataRate: 10, SignalStrength: 69, AntiFragility: 99}, IQ: 69]
       [Network #0, Technology = Wifi, Address = 02-06-00:00:00:00:00:02, { DataRate: 97, SignalStrength: 37, AntiFragility: 66}, IQ: 66]
       [Network #7, Technology = Wifi, Address = 02-06-00:00:00:00:00:09, { DataRate: 56, SignalStrength: 96, AntiFragility: 55}, IQ: 65]
       [Network #5, Technology = Wifi, Address = 02-06-00:00:00:00:00:07, { DataRate: 38, SignalStrength: 27, AntiFragility: 98}, IQ: 65]
       [Network #17, Technology = Wifi, Address = 02-06-00:00:00:00:00:13, { DataRate: 96, SignalStrength: 29, AntiFragility: 57}, IQ: 59]
       [Network #14, Technology = Wifi, Address = 02-06-00:00:00:00:00:10, { DataRate: 36, SignalStrength: 73, AntiFragility: 63}, IQ: 58]
       [Network #4, Technology = Wifi, Address = 02-06-00:00:00:00:00:06, { DataRate: 92, SignalStrength: 13, AntiFragility: 54}, IQ: 53]
       [Network #18, Technology = Wimax, Address = 02-06-00:00:00:00:00:15, { DataRate: 92, SignalStrength: 50, AntiFragility: 27}, IQ: 49]
       [Network #16, Technology = Wifi, Address = 02-06-00:00:00:00:00:12, { DataRate: 41, SignalStrength: 68, AntiFragility: 42}, IQ: 48]
       [Network #8, Technology = Wifi, Address = 02-06-00:00:00:00:00:0a, { DataRate: 55, SignalStrength: 7, AntiFragility: 59}, IQ: 45]
       [Network #3, Technology = Wifi, Address = 02-06-00:00:00:00:00:05, { DataRate: 21, SignalStrength: 56, AntiFragility: 36}, IQ: 37]
       [Network #1, Technology = Wifi, Address = 02-06-00:00:00:00:00:03, { DataRate: 34, SignalStrength: 5, AntiFragility: 54}, IQ: 36]
       [Network #11, Technology = Wifi, Address = 02-06-00:00:00:00:00:0d, { DataRate: 39, SignalStrength: 63, AntiFragility: 8}, IQ: 29]
40s ExecutionModule:Run(): Decision time => Seconds: 0, Miliseconds: 251
40s ExecutionModule:Run(): Handover time => Seconds: 0, Miliseconds: 179
40s ExecutionModule:Run(): Event: Horizontal Handover.
40s DeviceModule:MoveRandom(): New position: (100, 112)
40s DecisionModule:AddNetworkToList(): Network detected
41s DeviceModule:MoveRandom(): New position: (103, 112)
41s DecisionModule:RemoveNetworkFromList(): Network: 13 out of range!
42s DeviceModule:MoveRandom(): New position: (100, 112)
42s DecisionModule:AddNetworkToList(): Network detected
43s DeviceModule:MoveRandom(): New position: (100, 109)
44s DeviceModule:MoveRandom(): New position: (100, 106)
44s DecisionModule:AddNetworkToList(): Network detected
45s DeviceModule:MoveRandom(): New position: (103, 106)
45s DecisionModule:RemoveNetworkFromList(): Network: 12 out of range!
45s DecisionModule:RemoveNetworkFromList(): Network: 13 out of range!
46s DeviceModule:MoveRandom(): New position: (103, 109)
47s DeviceModule:MoveRandom(): New position: (103, 106)
48s DeviceModule:MoveRandom(): New position: (103, 103)
49s DeviceModule:MoveRandom(): New position: (100, 103)
49s DecisionModule:AddNetworkToList(): Network detected
49s DecisionModule:AddNetworkToList(): Network detected
50s DeviceModule:MoveRandom(): New position: (100, 100)
50s DecisionModule:RemoveNetworkFromList(): Network: 1 out of range!
51s DeviceModule:MoveRandom(): New position: (100, 103)
51s DecisionModule:AddNetworkToList(): Network detected
52s DeviceModule:MoveRandom(): New position: (100, 100)
52s DecisionModule:RemoveNetworkFromList(): Network: 1 out of range!
53s DeviceModule:MoveRandom(): New position: (100, 97)
54s DeviceModule:MoveRandom(): New position: (100, 100)
55s DeviceModule:MoveRandom(): New position: (97, 100)
56s DeviceModule:MoveRandom(): New position: (94, 100)
57s DeviceModule:MoveRandom(): New position: (94, 97)
57s DecisionModule:RemoveNetworkFromList(): Network: 7 out of range!
58s DeviceModule:MoveRandom(): New position: (97, 97)
58s DecisionModule:AddNetworkToList(): Network detected
59s DeviceModule:MoveRandom(): New position: (97, 100)
60s DecisionModule:Run(): Run decision
60s DecisionModule:AnalyzingNetworks(): Current Network: 
       [Network #13, Technology = Wifi, Address = 02-06-00:00:00:00:00:0f, { DataRate: 61, SignalStrength: 58, AntiFragility: 95}, IQ: 77]
60s DecisionModule:ShowAllNetworks(): All detected networks:
       [Network #13, Technology = Wifi, Address = 02-06-00:00:00:00:00:0f, { DataRate: 61, SignalStrength: 58, AntiFragility: 95}, IQ: 77]
       [Network #2, Technology = Wifi, Address = 02-06-00:00:00:00:00:04, { DataRate: 68, SignalStrength: 53, AntiFragility: 78}, IQ: 69]
       [Network #5, Technology = Wifi, Address = 02-06-00:00:00:00:00:07, { DataRate: 92, SignalStrength: 21, AntiFragility: 75}, IQ: 65]
       [Network #15, Technology = Wifi, Address = 02-06-00:00:00:00:00:11, { DataRate: 68, SignalStrength: 94, AntiFragility: 46}, IQ: 63]
       [Network #18, Technology = Wimax, Address = 02-06-00:00:00:00:00:15, { DataRate: 58, SignalStrength: 39, AntiFragility: 64}, IQ: 56]
       [Network #12, Technology = Wifi, Address = 02-06-00:00:00:00:00:0e, { DataRate: 74, SignalStrength: 17, AntiFragility: 64}, IQ: 54]
       [Network #17, Technology = Wifi, Address = 02-06-00:00:00:00:00:13, { DataRate: 38, SignalStrength: 48, AntiFragility: 65}, IQ: 54]
       [Network #16, Technology = Wifi, Address = 02-06-00:00:00:00:00:12, { DataRate: 63, SignalStrength: 19, AntiFragility: 68}, IQ: 54]
       [Network #4, Technology = Wifi, Address = 02-06-00:00:00:00:00:06, { DataRate: 57, SignalStrength: 60, AntiFragility: 44}, IQ: 51]
       [Network #14, Technology = Wifi, Address = 02-06-00:00:00:00:00:10, { DataRate: 24, SignalStrength: 7, AntiFragility: 83}, IQ: 49]
       [Network #3, Technology = Wifi, Address = 02-06-00:00:00:00:00:05, { DataRate: 91, SignalStrength: 74, AntiFragility: 14}, IQ: 48]
       [Network #7, Technology = Wifi, Address = 02-06-00:00:00:00:00:09, { DataRate: 21, SignalStrength: 50, AntiFragility: 61}, IQ: 48]
       [Network #6, Technology = Wifi, Address = 02-06-00:00:00:00:00:08, { DataRate: 52, SignalStrength: 81, AntiFragility: 28}, IQ: 47]
       [Network #11, Technology = Wifi, Address = 02-06-00:00:00:00:00:0d, { DataRate: 31, SignalStrength: 22, AntiFragility: 69}, IQ: 47]
       [Network #0, Technology = Wifi, Address = 02-06-00:00:00:00:00:02, { DataRate: 28, SignalStrength: 70, AntiFragility: 32}, IQ: 40]
       [Network #10, Technology = Wifi, Address = 02-06-00:00:00:00:00:0c, { DataRate: 26, SignalStrength: 18, AntiFragility: 57}, IQ: 39]
       [Network #8, Technology = Wifi, Address = 02-06-00:00:00:00:00:0a, { DataRate: 44, SignalStrength: 17, AntiFragility: 36}, IQ: 33]
60s ExecutionModule:Run(): Decision time => Seconds: 0, Miliseconds: 256
60s ExecutionModule:Run(): Handover time => Seconds: 0, Miliseconds: 338
60s ExecutionModule:Run(): Event: Horizontal Handover.
60s DeviceModule:MoveRandom(): New position: (97, 103)
61s DeviceModule:MoveRandom(): New position: (97, 100)
62s DeviceModule:MoveRandom(): New position: (94, 100)
63s DeviceModule:MoveRandom(): New position: (94, 103)
64s DeviceModule:MoveRandom(): New position: (91, 103)
64s DecisionModule:RemoveNetworkFromList(): Network: 10 out of range!
65s DeviceModule:MoveRandom(): New position: (91, 106)
65s DecisionModule:AddNetworkToList(): Network detected
66s DeviceModule:MoveRandom(): New position: (94, 106)
66s DecisionModule:AddNetworkToList(): Network detected
67s DeviceModule:MoveRandom(): New position: (94, 103)
67s DecisionModule:RemoveNetworkFromList(): Network: 1 out of range!
68s DeviceModule:MoveRandom(): New position: (97, 103)
69s DeviceModule:MoveRandom(): New position: (97, 100)
70s DeviceModule:MoveRandom(): New position: (97, 103)
71s DeviceModule:MoveRandom(): New position: (97, 106)
71s DecisionModule:AddNetworkToList(): Network detected
72s DeviceModule:MoveRandom(): New position: (97, 109)
73s DeviceModule:MoveRandom(): New position: (97, 112)
74s DeviceModule:MoveRandom(): New position: (97, 115)
74s DecisionModule:RemoveNetworkFromList(): Network: 12 out of range!
75s DeviceModule:MoveRandom(): New position: (94, 115)
75s DecisionModule:RemoveNetworkFromList(): Network: 10 out of range!
75s DecisionModule:AddNetworkToList(): Network detected
76s DeviceModule:MoveRandom(): New position: (97, 115)
76s DecisionModule:AddNetworkToList(): Network detected
76s DecisionModule:RemoveNetworkFromList(): Network: 12 out of range!
77s DeviceModule:MoveRandom(): New position: (97, 112)
77s DecisionModule:AddNetworkToList(): Network detected
78s DeviceModule:MoveRandom(): New position: (97, 115)
78s DecisionModule:RemoveNetworkFromList(): Network: 12 out of range!
79s DeviceModule:MoveRandom(): New position: (97, 112)
79s DecisionModule:AddNetworkToList(): Network detected
80s DecisionModule:Run(): Run decision
80s DecisionModule:AnalyzingNetworks(): Current Network: 
       [Network #3, Technology = Wifi, Address = 02-06-00:00:00:00:00:05, { DataRate: 44, SignalStrength: 45, AntiFragility: 95}, IQ: 69]
80s DecisionModule:ShowAllNetworks(): All detected networks:
       [Network #3, Technology = Wifi, Address = 02-06-00:00:00:00:00:05, { DataRate: 44, SignalStrength: 45, AntiFragility: 95}, IQ: 69]
       [Network #18, Technology = Wimax, Address = 02-06-00:00:00:00:00:15, { DataRate: 46, SignalStrength: 95, AntiFragility: 64}, IQ: 67]
       [Network #17, Technology = Wifi, Address = 02-06-00:00:00:00:00:13, { DataRate: 16, SignalStrength: 69, AntiFragility: 93}, IQ: 67]
       [Network #13, Technology = Wifi, Address = 02-06-00:00:00:00:00:0f, { DataRate: 18, SignalStrength: 64, AntiFragility: 90}, IQ: 65]
       [Network #1, Technology = Wifi, Address = 02-06-00:00:00:00:00:03, { DataRate: 18, SignalStrength: 85, AntiFragility: 71}, IQ: 61]
       [Network #5, Technology = Wifi, Address = 02-06-00:00:00:00:00:07, { DataRate: 82, SignalStrength: 66, AntiFragility: 47}, IQ: 60]
       [Network #4, Technology = Wifi, Address = 02-06-00:00:00:00:00:06, { DataRate: 21, SignalStrength: 93, AntiFragility: 60}, IQ: 58]
       [Network #8, Technology = Wifi, Address = 02-06-00:00:00:00:00:0a, { DataRate: 67, SignalStrength: 97, AntiFragility: 20}, IQ: 51]
       [Network #0, Technology = Wifi, Address = 02-06-00:00:00:00:00:02, { DataRate: 71, SignalStrength: 26, AntiFragility: 50}, IQ: 49]
       [Network #6, Technology = Wifi, Address = 02-06-00:00:00:00:00:08, { DataRate: 26, SignalStrength: 54, AntiFragility: 52}, IQ: 46]
       [Network #14, Technology = Wifi, Address = 02-06-00:00:00:00:00:10, { DataRate: 26, SignalStrength: 28, AntiFragility: 52}, IQ: 39]
       [Network #2, Technology = Wifi, Address = 02-06-00:00:00:00:00:04, { DataRate: 48, SignalStrength: 91, AntiFragility: 10}, IQ: 39]
       [Network #7, Technology = Wifi, Address = 02-06-00:00:00:00:00:09, { DataRate: 44, SignalStrength: 88, AntiFragility: 5}, IQ: 35]
       [Network #12, Technology = Wifi, Address = 02-06-00:00:00:00:00:0e, { DataRate: 73, SignalStrength: 56, AntiFragility: 1}, IQ: 32]
       [Network #10, Technology = Wifi, Address = 02-06-00:00:00:00:00:0c, { DataRate: 4, SignalStrength: 43, AntiFragility: 37}, IQ: 30]
       [Network #16, Technology = Wifi, Address = 02-06-00:00:00:00:00:12, { DataRate: 12, SignalStrength: 81, AntiFragility: 13}, IQ: 29]
       [Network #15, Technology = Wifi, Address = 02-06-00:00:00:00:00:11, { DataRate: 36, SignalStrength: 3, AntiFragility: 5}, IQ: 12]
       [Network #11, Technology = Wifi, Address = 02-06-00:00:00:00:00:0d, { DataRate: 14, SignalStrength: 10, AntiFragility: 4}, IQ: 8]
80s ExecutionModule:Run(): Decision time => Seconds: 0, Miliseconds: 284
80s ExecutionModule:Run(): Handover time => Seconds: 0, Miliseconds: 120
80s ExecutionModule:Run(): Event: Horizontal Handover.
80s DeviceModule:MoveRandom(): New position: (97, 109)
81s DeviceModule:MoveRandom(): New position: (100, 109)
81s DecisionModule:RemoveNetworkFromList(): Network: 12 out of range!
82s DeviceModule:MoveRandom(): New position: (100, 112)
83s DeviceModule:MoveRandom(): New position: (100, 109)
84s DeviceModule:MoveRandom(): New position: (100, 106)
84s DecisionModule:AddNetworkToList(): Network detected
85s DeviceModule:MoveRandom(): New position: (97, 106)
86s DeviceModule:MoveRandom(): New position: (100, 106)
87s DeviceModule:MoveRandom(): New position: (103, 106)
87s DecisionModule:RemoveNetworkFromList(): Network: 12 out of range!
87s DecisionModule:RemoveNetworkFromList(): Network: 13 out of range!
88s DeviceModule:MoveRandom(): New position: (103, 109)
89s DeviceModule:MoveRandom(): New position: (103, 112)
90s DeviceModule:MoveRandom(): New position: (103, 109)
91s DeviceModule:MoveRandom(): New position: (106, 109)
92s DeviceModule:MoveRandom(): New position: (109, 109)
93s DeviceModule:MoveRandom(): New position: (112, 109)
93s DecisionModule:RemoveNetworkFromList(): Network: 8 out of range!
94s DeviceModule:MoveRandom(): New position: (112, 112)
95s DeviceModule:MoveRandom(): New position: (115, 112)
96s DeviceModule:MoveRandom(): New position: (115, 109)
97s DeviceModule:MoveRandom(): New position: (115, 112)
98s DeviceModule:MoveRandom(): New position: (112, 112)
99s DeviceModule:MoveRandom(): New position: (112, 115)
100s DecisionModule:Run(): Run decision
100s DecisionModule:AnalyzingNetworks(): Current Network: 
       [Network #18, Technology = Wimax, Address = 02-06-00:00:00:00:00:15, { DataRate: 70, SignalStrength: 64, AntiFragility: 99}, IQ: 83]
100s DecisionModule:ShowAllNetworks(): All detected networks:
       [Network #18, Technology = Wimax, Address = 02-06-00:00:00:00:00:15, { DataRate: 70, SignalStrength: 64, AntiFragility: 99}, IQ: 83]
       [Network #3, Technology = Wifi, Address = 02-06-00:00:00:00:00:05, { DataRate: 62, SignalStrength: 76, AntiFragility: 81}, IQ: 75]
       [Network #5, Technology = Wifi, Address = 02-06-00:00:00:00:00:07, { DataRate: 71, SignalStrength: 80, AntiFragility: 62}, IQ: 68]
       [Network #2, Technology = Wifi, Address = 02-06-00:00:00:00:00:04, { DataRate: 42, SignalStrength: 86, AntiFragility: 73}, IQ: 68]
       [Network #7, Technology = Wifi, Address = 02-06-00:00:00:00:00:09, { DataRate: 59, SignalStrength: 25, AntiFragility: 92}, IQ: 67]
       [Network #10, Technology = Wifi, Address = 02-06-00:00:00:00:00:0c, { DataRate: 74, SignalStrength: 83, AntiFragility: 56}, IQ: 67]
       [Network #4, Technology = Wifi, Address = 02-06-00:00:00:00:00:06, { DataRate: 67, SignalStrength: 43, AntiFragility: 75}, IQ: 65]
       [Network #17, Technology = Wifi, Address = 02-06-00:00:00:00:00:13, { DataRate: 18, SignalStrength: 64, AntiFragility: 86}, IQ: 63]
       [Network #16, Technology = Wifi, Address = 02-06-00:00:00:00:00:12, { DataRate: 47, SignalStrength: 86, AntiFragility: 50}, IQ: 58]
       [Network #1, Technology = Wifi, Address = 02-06-00:00:00:00:00:03, { DataRate: 88, SignalStrength: 41, AntiFragility: 48}, IQ: 56]
       [Network #15, Technology = Wifi, Address = 02-06-00:00:00:00:00:11, { DataRate: 23, SignalStrength: 47, AntiFragility: 57}, IQ: 46]
       [Network #14, Technology = Wifi, Address = 02-06-00:00:00:00:00:10, { DataRate: 14, SignalStrength: 35, AntiFragility: 51}, IQ: 37]
       [Network #6, Technology = Wifi, Address = 02-06-00:00:00:00:00:08, { DataRate: 71, SignalStrength: 2, AntiFragility: 36}, IQ: 36]
       [Network #11, Technology = Wifi, Address = 02-06-00:00:00:00:00:0d, { DataRate: 75, SignalStrength: 34, AntiFragility: 15}, IQ: 34]
       [Network #0, Technology = Wifi, Address = 02-06-00:00:00:00:00:02, { DataRate: 24, SignalStrength: 48, AntiFragility: 25}, IQ: 30]
100s ExecutionModule:Run(): Decision time => Seconds: 0, Miliseconds: 259
100s ExecutionModule:Run(): Handover time => Seconds: 0, Miliseconds: 44
100s ExecutionModule:Run(): Event: Vertical Handover.
100s DeviceModule:MoveRandom(): New position: (112, 118)
101s DeviceModule:MoveRandom(): New position: (112, 115)
102s DeviceModule:MoveRandom(): New position: (112, 112)
103s DeviceModule:MoveRandom(): New position: (109, 112)
104s DeviceModule:MoveRandom(): New position: (112, 112)
105s DeviceModule:MoveRandom(): New position: (115, 112)
106s DeviceModule:MoveRandom(): New position: (115, 109)
107s DeviceModule:MoveRandom(): New position: (115, 106)
108s DeviceModule:MoveRandom(): New position: (118, 106)
109s DeviceModule:MoveRandom(): New position: (118, 109)
110s DeviceModule:MoveRandom(): New position: (118, 106)
111s DeviceModule:MoveRandom(): New position: (118, 103)
112s DeviceModule:MoveRandom(): New position: (121, 103)
113s DeviceModule:MoveRandom(): New position: (124, 103)
114s DeviceModule:MoveRandom(): New position: (127, 103)
115s DeviceModule:MoveRandom(): New position: (127, 106)
116s DeviceModule:MoveRandom(): New position: (124, 106)
117s DeviceModule:MoveRandom(): New position: (124, 103)
118s DeviceModule:MoveRandom(): New position: (124, 106)
119s DeviceModule:MoveRandom(): New position: (127, 106)
120s DecisionModule:Run(): Run decision
120s DecisionModule:AnalyzingNetworks(): Current Network: 
       [Network #18, Technology = Wimax, Address = 02-06-00:00:00:00:00:15, { DataRate: 93, SignalStrength: 88, AntiFragility: 89}, IQ: 89]
120s DecisionModule:ShowAllNetworks(): All detected networks:
       [Network #18, Technology = Wimax, Address = 02-06-00:00:00:00:00:15, { DataRate: 93, SignalStrength: 88, AntiFragility: 89}, IQ: 89]
       [Network #4, Technology = Wifi, Address = 02-06-00:00:00:00:00:06, { DataRate: 42, SignalStrength: 75, AntiFragility: 86}, IQ: 72]
       [Network #11, Technology = Wifi, Address = 02-06-00:00:00:00:00:0d, { DataRate: 34, SignalStrength: 43, AntiFragility: 96}, IQ: 67]
       [Network #2, Technology = Wifi, Address = 02-06-00:00:00:00:00:04, { DataRate: 12, SignalStrength: 52, AntiFragility: 99}, IQ: 65]
       [Network #3, Technology = Wifi, Address = 02-06-00:00:00:00:00:05, { DataRate: 73, SignalStrength: 90, AntiFragility: 47}, IQ: 64]
       [Network #15, Technology = Wifi, Address = 02-06-00:00:00:00:00:11, { DataRate: 14, SignalStrength: 63, AntiFragility: 87}, IQ: 62]
       [Network #6, Technology = Wifi, Address = 02-06-00:00:00:00:00:08, { DataRate: 96, SignalStrength: 91, AntiFragility: 32}, IQ: 62]
       [Network #1, Technology = Wifi, Address = 02-06-00:00:00:00:00:03, { DataRate: 36, SignalStrength: 22, AntiFragility: 94}, IQ: 61]
       [Network #17, Technology = Wifi, Address = 02-06-00:00:00:00:00:13, { DataRate: 54, SignalStrength: 21, AntiFragility: 67}, IQ: 52]
       [Network #16, Technology = Wifi, Address = 02-06-00:00:00:00:00:12, { DataRate: 30, SignalStrength: 54, AntiFragility: 28}, IQ: 35]
       [Network #5, Technology = Wifi, Address = 02-06-00:00:00:00:00:07, { DataRate: 20, SignalStrength: 37, AntiFragility: 29}, IQ: 28]
       [Network #7, Technology = Wifi, Address = 02-06-00:00:00:00:00:09, { DataRate: 25, SignalStrength: 42, AntiFragility: 13}, IQ: 23]
       [Network #14, Technology = Wifi, Address = 02-06-00:00:00:00:00:10, { DataRate: 54, SignalStrength: 10, AntiFragility: 12}, IQ: 22]
       [Network #0, Technology = Wifi, Address = 02-06-00:00:00:00:00:02, { DataRate: 38, SignalStrength: 8, AntiFragility: 21}, IQ: 22]
       [Network #10, Technology = Wifi, Address = 02-06-00:00:00:00:00:0c, { DataRate: 3, SignalStrength: 57, AntiFragility: 4}, IQ: 17]
120s DeviceModule:MoveRandom(): New position: (130, 106)
121s DeviceModule:MoveRandom(): New position: (130, 109)
122s DeviceModule:MoveRandom(): New position: (133, 109)
123s DeviceModule:MoveRandom(): New position: (133, 112)
124s DeviceModule:MoveRandom(): New position: (136, 112)
125s DeviceModule:MoveRandom(): New position: (139, 112)
125s DecisionModule:RemoveNetworkFromList(): Network: 11 out of range!
126s DeviceModule:MoveRandom(): New position: (139, 115)
127s DeviceModule:MoveRandom(): New position: (142, 115)
128s DeviceModule:MoveRandom(): New position: (145, 115)
128s ExecutionModule:OutOfRange(): OUT OF BETTER NETWORK! Choosing another network...
128s DecisionModule:RemoveNetworkFromList(): Network: 18 out of range!
128s DecisionModule:Run(): Run decision
128s DecisionModule:AnalyzingNetworks(): Current Network: 
       [Network #2, Technology = Wifi, Address = 02-06-00:00:00:00:00:04, { DataRate: 65, SignalStrength: 58, AntiFragility: 99}, IQ: 80]
128s DecisionModule:ShowAllNetworks(): All detected networks:
       [Network #2, Technology = Wifi, Address = 02-06-00:00:00:00:00:04, { DataRate: 65, SignalStrength: 58, AntiFragility: 99}, IQ: 80]
       [Network #6, Technology = Wifi, Address = 02-06-00:00:00:00:00:08, { DataRate: 92, SignalStrength: 48, AntiFragility: 83}, IQ: 76]
       [Network #15, Technology = Wifi, Address = 02-06-00:00:00:00:00:11, { DataRate: 72, SignalStrength: 96, AntiFragility: 55}, IQ: 69]
       [Network #16, Technology = Wifi, Address = 02-06-00:00:00:00:00:12, { DataRate: 1, SignalStrength: 77, AntiFragility: 89}, IQ: 64]
       [Network #17, Technology = Wifi, Address = 02-06-00:00:00:00:00:13, { DataRate: 17, SignalStrength: 6, AntiFragility: 98}, IQ: 54]
       [Network #7, Technology = Wifi, Address = 02-06-00:00:00:00:00:09, { DataRate: 9, SignalStrength: 83, AntiFragility: 59}, IQ: 52]
       [Network #10, Technology = Wifi, Address = 02-06-00:00:00:00:00:0c, { DataRate: 49, SignalStrength: 18, AntiFragility: 69}, IQ: 51]
       [Network #5, Technology = Wifi, Address = 02-06-00:00:00:00:00:07, { DataRate: 9, SignalStrength: 38, AntiFragility: 64}, IQ: 43]
       [Network #4, Technology = Wifi, Address = 02-06-00:00:00:00:00:06, { DataRate: 9, SignalStrength: 19, AntiFragility: 69}, IQ: 41]
       [Network #1, Technology = Wifi, Address = 02-06-00:00:00:00:00:03, { DataRate: 58, SignalStrength: 5, AntiFragility: 43}, IQ: 37]
       [Network #3, Technology = Wifi, Address = 02-06-00:00:00:00:00:05, { DataRate: 10, SignalStrength: 54, AntiFragility: 33}, IQ: 32]
       [Network #0, Technology = Wifi, Address = 02-06-00:00:00:00:00:02, { DataRate: 58, SignalStrength: 2, AntiFragility: 9}, IQ: 19]
       [Network #14, Technology = Wifi, Address = 02-06-00:00:00:00:00:10, { DataRate: 10, SignalStrength: 1, AntiFragility: 28}, IQ: 16]
128s ExecutionModule:Run(): Decision time => Seconds: 0, Miliseconds: 183
128s ExecutionModule:Run(): Handover time => Seconds: 0, Miliseconds: 31
128s ExecutionModule:Run(): Event: Vertical Handover.
129s DeviceModule:MoveRandom(): New position: (148, 115)
129s ExecutionModule:OutOfRange(): OUT OF BETTER NETWORK! Choosing another network...
129s DecisionModule:RemoveNetworkFromList(): Network: 2 out of range!
129s DecisionModule:Run(): Run decision
129s DecisionModule:AnalyzingNetworks(): Current Network: 
       [Network #5, Technology = Wifi, Address = 02-06-00:00:00:00:00:07, { DataRate: 96, SignalStrength: 52, AntiFragility: 94}, IQ: 84]
129s DecisionModule:ShowAllNetworks(): All detected networks:
       [Network #5, Technology = Wifi, Address = 02-06-00:00:00:00:00:07, { DataRate: 96, SignalStrength: 52, AntiFragility: 94}, IQ: 84]
       [Network #6, Technology = Wifi, Address = 02-06-00:00:00:00:00:08, { DataRate: 93, SignalStrength: 98, AntiFragility: 24}, IQ: 59]
       [Network #10, Technology = Wifi, Address = 02-06-00:00:00:00:00:0c, { DataRate: 49, SignalStrength: 28, AntiFragility: 62}, IQ: 50]
       [Network #3, Technology = Wifi, Address = 02-06-00:00:00:00:00:05, { DataRate: 70, SignalStrength: 59, AntiFragility: 8}, IQ: 36]
       [Network #16, Technology = Wifi, Address = 02-06-00:00:00:00:00:12, { DataRate: 5, SignalStrength: 74, AntiFragility: 26}, IQ: 32]
       [Network #1, Technology = Wifi, Address = 02-06-00:00:00:00:00:03, { DataRate: 62, SignalStrength: 28, AntiFragility: 18}, IQ: 31]
       [Network #4, Technology = Wifi, Address = 02-06-00:00:00:00:00:06, { DataRate: 79, SignalStrength: 29, AntiFragility: 7}, IQ: 30]
       [Network #14, Technology = Wifi, Address = 02-06-00:00:00:00:00:10, { DataRate: 38, SignalStrength: 19, AntiFragility: 30}, IQ: 29]
       [Network #7, Technology = Wifi, Address = 02-06-00:00:00:00:00:09, { DataRate: 35, SignalStrength: 29, AntiFragility: 13}, IQ: 22]
       [Network #0, Technology = Wifi, Address = 02-06-00:00:00:00:00:02, { DataRate: 41, SignalStrength: 35, AntiFragility: 1}, IQ: 19]
       [Network #15, Technology = Wifi, Address = 02-06-00:00:00:00:00:11, { DataRate: 25, SignalStrength: 3, AntiFragility: 18}, IQ: 16]
       [Network #17, Technology = Wifi, Address = 02-06-00:00:00:00:00:13, { DataRate: 4, SignalStrength: 7, AntiFragility: 19}, IQ: 12]
129s ExecutionModule:Run(): Decision time => Seconds: 0, Miliseconds: 190
129s ExecutionModule:Run(): Handover time => Seconds: 0, Miliseconds: 120
129s ExecutionModule:Run(): Event: Horizontal Handover.
130s DeviceModule:MoveRandom(): New position: (145, 115)
130s DecisionModule:AddNetworkToList(): Network detected
131s DeviceModule:MoveRandom(): New position: (142, 115)
131s DecisionModule:AddNetworkToList(): Network detected
132s DeviceModule:MoveRandom(): New position: (139, 115)
133s DeviceModule:MoveRandom(): New position: (142, 115)
134s DeviceModule:MoveRandom(): New position: (142, 112)
135s DeviceModule:MoveRandom(): New position: (142, 109)
136s DeviceModule:MoveRandom(): New position: (139, 109)
137s DeviceModule:MoveRandom(): New position: (139, 112)
138s DeviceModule:MoveRandom(): New position: (142, 112)
139s DeviceModule:MoveRandom(): New position: (139, 112)
140s DecisionModule:Run(): Run decision
140s DecisionModule:AnalyzingNetworks(): Current Network: 
       [Network #16, Technology = Wifi, Address = 02-06-00:00:00:00:00:12, { DataRate: 91, SignalStrength: 53, AntiFragility: 89}, IQ: 80]
140s DecisionModule:ShowAllNetworks(): All detected networks:
       [Network #16, Technology = Wifi, Address = 02-06-00:00:00:00:00:12, { DataRate: 91, SignalStrength: 53, AntiFragility: 89}, IQ: 80]
       [Network #4, Technology = Wifi, Address = 02-06-00:00:00:00:00:06, { DataRate: 92, SignalStrength: 18, AntiFragility: 99}, IQ: 77]
       [Network #18, Technology = Wimax, Address = 02-06-00:00:00:00:00:15, { DataRate: 42, SignalStrength: 57, AntiFragility: 98}, IQ: 73]
       [Network #2, Technology = Wifi, Address = 02-06-00:00:00:00:00:04, { DataRate: 62, SignalStrength: 97, AntiFragility: 47}, IQ: 63]
       [Network #17, Technology = Wifi, Address = 02-06-00:00:00:00:00:13, { DataRate: 99, SignalStrength: 27, AntiFragility: 46}, IQ: 54]
       [Network #5, Technology = Wifi, Address = 02-06-00:00:00:00:00:07, { DataRate: 78, SignalStrength: 59, AntiFragility: 37}, IQ: 52]
       [Network #7, Technology = Wifi, Address = 02-06-00:00:00:00:00:09, { DataRate: 30, SignalStrength: 68, AntiFragility: 49}, IQ: 49]
       [Network #3, Technology = Wifi, Address = 02-06-00:00:00:00:00:05, { DataRate: 51, SignalStrength: 11, AntiFragility: 60}, IQ: 45]
       [Network #10, Technology = Wifi, Address = 02-06-00:00:00:00:00:0c, { DataRate: 49, SignalStrength: 80, AntiFragility: 18}, IQ: 41]
       [Network #0, Technology = Wifi, Address = 02-06-00:00:00:00:00:02, { DataRate: 60, SignalStrength: 37, AntiFragility: 32}, IQ: 40]
       [Network #6, Technology = Wifi, Address = 02-06-00:00:00:00:00:08, { DataRate: 35, SignalStrength: 11, AntiFragility: 49}, IQ: 36]
       [Network #1, Technology = Wifi, Address = 02-06-00:00:00:00:00:03, { DataRate: 39, SignalStrength: 2, AntiFragility: 35}, IQ: 27]
       [Network #14, Technology = Wifi, Address = 02-06-00:00:00:00:00:10, { DataRate: 3, SignalStrength: 10, AntiFragility: 40}, IQ: 23]
       [Network #15, Technology = Wifi, Address = 02-06-00:00:00:00:00:11, { DataRate: 40, SignalStrength: 26, AntiFragility: 11}, IQ: 22]
140s ExecutionModule:Run(): Decision time => Seconds: 0, Miliseconds: 268
140s ExecutionModule:Run(): Handover time => Seconds: 0, Miliseconds: 123
140s ExecutionModule:Run(): Event: Horizontal Handover.
140s DeviceModule:MoveRandom(): New position: (142, 112)
141s DeviceModule:MoveRandom(): New position: (145, 112)
141s DecisionModule:RemoveNetworkFromList(): Network: 2 out of range!
141s DecisionModule:RemoveNetworkFromList(): Network: 18 out of range!
142s DeviceModule:MoveRandom(): New position: (148, 112)
143s DeviceModule:MoveRandom(): New position: (148, 109)
144s DeviceModule:MoveRandom(): New position: (151, 109)
145s DeviceModule:MoveRandom(): New position: (154, 109)
146s DeviceModule:MoveRandom(): New position: (157, 109)
147s DeviceModule:MoveRandom(): New position: (160, 109)
148s DeviceModule:MoveRandom(): New position: (160, 112)
149s DeviceModule:MoveRandom(): New position: (160, 109)
150s DeviceModule:MoveRandom(): New position: (163, 109)
150s DecisionModule:RemoveNetworkFromList(): Network: 14 out of range!
150s ExecutionModule:OutOfRange(): OUT OF BETTER NETWORK! Choosing another network...
150s DecisionModule:RemoveNetworkFromList(): Network: 16 out of range!
150s DecisionModule:Run(): Run decision
150s DecisionModule:AnalyzingNetworks(): Current Network: 
       [Network #7, Technology = Wifi, Address = 02-06-00:00:00:00:00:09, { DataRate: 97, SignalStrength: 36, AntiFragility: 88}, IQ: 77]
150s DecisionModule:ShowAllNetworks(): All detected networks:
       [Network #7, Technology = Wifi, Address = 02-06-00:00:00:00:00:09, { DataRate: 97, SignalStrength: 36, AntiFragility: 88}, IQ: 77]
       [Network #1, Technology = Wifi, Address = 02-06-00:00:00:00:00:03, { DataRate: 28, SignalStrength: 44, AntiFragility: 91}, IQ: 63]
       [Network #17, Technology = Wifi, Address = 02-06-00:00:00:00:00:13, { DataRate: 12, SignalStrength: 39, AntiFragility: 75}, IQ: 50]
       [Network #10, Technology = Wifi, Address = 02-06-00:00:00:00:00:0c, { DataRate: 25, SignalStrength: 75, AntiFragility: 50}, IQ: 50]
       [Network #0, Technology = Wifi, Address = 02-06-00:00:00:00:00:02, { DataRate: 93, SignalStrength: 8, AntiFragility: 41}, IQ: 45]
       [Network #6, Technology = Wifi, Address = 02-06-00:00:00:00:00:08, { DataRate: 39, SignalStrength: 26, AntiFragility: 56}, IQ: 44]
       [Network #5, Technology = Wifi, Address = 02-06-00:00:00:00:00:07, { DataRate: 2, SignalStrength: 14, AntiFragility: 58}, IQ: 33]
       [Network #4, Technology = Wifi, Address = 02-06-00:00:00:00:00:06, { DataRate: 6, SignalStrength: 91, AntiFragility: 8}, IQ: 28]
       [Network #3, Technology = Wifi, Address = 02-06-00:00:00:00:00:05, { DataRate: 2, SignalStrength: 34, AntiFragility: 33}, IQ: 25]
       [Network #15, Technology = Wifi, Address = 02-06-00:00:00:00:00:11, { DataRate: 68, SignalStrength: 10, AntiFragility: 2}, IQ: 20]
150s ExecutionModule:Run(): Decision time => Seconds: 0, Miliseconds: 158
150s ExecutionModule:Run(): Handover time => Seconds: 0, Miliseconds: 122
150s ExecutionModule:Run(): Event: Horizontal Handover.
151s DeviceModule:MoveRandom(): New position: (166, 109)
152s DeviceModule:MoveRandom(): New position: (166, 112)
153s DeviceModule:MoveRandom(): New position: (163, 112)
153s DecisionModule:AddNetworkToList(): Network detected
154s DeviceModule:MoveRandom(): New position: (163, 109)
154s DecisionModule:RemoveNetworkFromList(): Network: 16 out of range!
155s DeviceModule:MoveRandom(): New position: (163, 112)
155s DecisionModule:AddNetworkToList(): Network detected
156s DeviceModule:MoveRandom(): New position: (166, 112)
156s DecisionModule:RemoveNetworkFromList(): Network: 16 out of range!
157s DeviceModule:MoveRandom(): New position: (166, 115)
158s DeviceModule:MoveRandom(): New position: (163, 115)
158s DecisionModule:AddNetworkToList(): Network detected
159s DeviceModule:MoveRandom(): New position: (163, 118)
160s DecisionModule:Run(): Run decision
160s DecisionModule:AnalyzingNetworks(): Current Network: 
       [Network #3, Technology = Wifi, Address = 02-06-00:00:00:00:00:05, { DataRate: 87, SignalStrength: 34, AntiFragility: 84}, IQ: 72]
160s DecisionModule:ShowAllNetworks(): All detected networks:
       [Network #3, Technology = Wifi, Address = 02-06-00:00:00:00:00:05, { DataRate: 87, SignalStrength: 34, AntiFragility: 84}, IQ: 72]
       [Network #1, Technology = Wifi, Address = 02-06-00:00:00:00:00:03, { DataRate: 91, SignalStrength: 5, AntiFragility: 73}, IQ: 60]
       [Network #6, Technology = Wifi, Address = 02-06-00:00:00:00:00:08, { DataRate: 88, SignalStrength: 83, AntiFragility: 22}, IQ: 53]
       [Network #16, Technology = Wifi, Address = 02-06-00:00:00:00:00:12, { DataRate: 94, SignalStrength: 35, AntiFragility: 42}, IQ: 53]
       [Network #17, Technology = Wifi, Address = 02-06-00:00:00:00:00:13, { DataRate: 70, SignalStrength: 12, AntiFragility: 60}, IQ: 50]
       [Network #7, Technology = Wifi, Address = 02-06-00:00:00:00:00:09, { DataRate: 53, SignalStrength: 59, AntiFragility: 38}, IQ: 47]
       [Network #15, Technology = Wifi, Address = 02-06-00:00:00:00:00:11, { DataRate: 89, SignalStrength: 76, AntiFragility: 4}, IQ: 43]
       [Network #4, Technology = Wifi, Address = 02-06-00:00:00:00:00:06, { DataRate: 38, SignalStrength: 40, AntiFragility: 27}, IQ: 33]
       [Network #0, Technology = Wifi, Address = 02-06-00:00:00:00:00:02, { DataRate: 21, SignalStrength: 84, AntiFragility: 15}, IQ: 33]
       [Network #5, Technology = Wifi, Address = 02-06-00:00:00:00:00:07, { DataRate: 5, SignalStrength: 13, AntiFragility: 21}, IQ: 15]
       [Network #10, Technology = Wifi, Address = 02-06-00:00:00:00:00:0c, { DataRate: 43, SignalStrength: 4, AntiFragility: 4}, IQ: 13]
160s ExecutionModule:Run(): Decision time => Seconds: 0, Miliseconds: 492
160s ExecutionModule:Run(): Handover time => Seconds: 0, Miliseconds: 215
160s ExecutionModule:Run(): Event: Horizontal Handover.
160s DeviceModule:MoveRandom(): New position: (166, 118)
160s DecisionModule:RemoveNetworkFromList(): Network: 16 out of range!
161s DeviceModule:MoveRandom(): New position: (163, 118)
161s DecisionModule:AddNetworkToList(): Network detected
162s DeviceModule:MoveRandom(): New position: (163, 121)
163s DeviceModule:MoveRandom(): New position: (166, 121)
164s DeviceModule:MoveRandom(): New position: (169, 121)
164s DecisionModule:RemoveNetworkFromList(): Network: 16 out of range!
165s DeviceModule:MoveRandom(): New position: (169, 118)
166s DeviceModule:MoveRandom(): New position: (169, 115)
167s DeviceModule:MoveRandom(): New position: (169, 118)
168s DeviceModule:MoveRandom(): New position: (172, 118)
169s DeviceModule:MoveRandom(): New position: (172, 121)
170s DeviceModule:MoveRandom(): New position: (172, 124)
171s DeviceModule:MoveRandom(): New position: (169, 124)
172s DeviceModule:MoveRandom(): New position: (166, 124)
172s DecisionModule:AddNetworkToList(): Network detected
173s DeviceModule:MoveRandom(): New position: (166, 127)
174s DeviceModule:MoveRandom(): New position: (166, 130)
175s DeviceModule:MoveRandom(): New position: (169, 130)
175s DecisionModule:RemoveNetworkFromList(): Network: 16 out of range!
176s DeviceModule:MoveRandom(): New position: (169, 127)
177s DeviceModule:MoveRandom(): New position: (172, 127)
178s DeviceModule:MoveRandom(): New position: (169, 127)
179s DeviceModule:MoveRandom(): New position: (166, 127)
179s DecisionModule:AddNetworkToList(): Network detected
180s DecisionModule:Run(): Run decision
180s DecisionModule:AnalyzingNetworks(): Current Network: 
       [Network #17, Technology = Wifi, Address = 02-06-00:00:00:00:00:13, { DataRate: 91, SignalStrength: 37, AntiFragility: 95}, IQ: 79]
180s DecisionModule:ShowAllNetworks(): All detected networks:
       [Network #17, Technology = Wifi, Address = 02-06-00:00:00:00:00:13, { DataRate: 91, SignalStrength: 37, AntiFragility: 95}, IQ: 79]
       [Network #5, Technology = Wifi, Address = 02-06-00:00:00:00:00:07, { DataRate: 58, SignalStrength: 75, AntiFragility: 70}, IQ: 68]
       [Network #4, Technology = Wifi, Address = 02-06-00:00:00:00:00:06, { DataRate: 70, SignalStrength: 72, AntiFragility: 61}, IQ: 66]
       [Network #10, Technology = Wifi, Address = 02-06-00:00:00:00:00:0c, { DataRate: 53, SignalStrength: 98, AntiFragility: 40}, IQ: 57]
       [Network #16, Technology = Wifi, Address = 02-06-00:00:00:00:00:12, { DataRate: 50, SignalStrength: 40, AntiFragility: 70}, IQ: 57]
       [Network #1, Technology = Wifi, Address = 02-06-00:00:00:00:00:03, { DataRate: 54, SignalStrength: 42, AntiFragility: 65}, IQ: 56]
       [Network #0, Technology = Wifi, Address = 02-06-00:00:00:00:00:02, { DataRate: 25, SignalStrength: 50, AntiFragility: 58}, IQ: 47]
       [Network #6, Technology = Wifi, Address = 02-06-00:00:00:00:00:08, { DataRate: 31, SignalStrength: 56, AntiFragility: 47}, IQ: 45]
       [Network #15, Technology = Wifi, Address = 02-06-00:00:00:00:00:11, { DataRate: 21, SignalStrength: 39, AntiFragility: 25}, IQ: 27]
       [Network #3, Technology = Wifi, Address = 02-06-00:00:00:00:00:05, { DataRate: 12, SignalStrength: 40, AntiFragility: 25}, IQ: 25]
       [Network #7, Technology = Wifi, Address = 02-06-00:00:00:00:00:09, { DataRate: 2, SignalStrength: 29, AntiFragility: 5}, IQ: 10]
180s ExecutionModule:Run(): Decision time => Seconds: 0, Miliseconds: 525
180s ExecutionModule:Run(): Handover time => Seconds: 0, Miliseconds: 204
180s ExecutionModule:Run(): Event: Horizontal Handover.
180s DeviceModule:MoveRandom(): New position: (166, 130)
181s DeviceModule:MoveRandom(): New position: (169, 130)
181s DecisionModule:RemoveNetworkFromList(): Network: 16 out of range!
182s DeviceModule:MoveRandom(): New position: (169, 127)
183s DeviceModule:MoveRandom(): New position: (169, 124)
184s DeviceModule:MoveRandom(): New position: (166, 124)
184s DecisionModule:AddNetworkToList(): Network detected
185s DeviceModule:MoveRandom(): New position: (163, 124)
186s DeviceModule:MoveRandom(): New position: (166, 124)
187s DeviceModule:MoveRandom(): New position: (166, 121)
188s DeviceModule:MoveRandom(): New position: (166, 118)
188s DecisionModule:RemoveNetworkFromList(): Network: 16 out of range!
189s DeviceModule:MoveRandom(): New position: (166, 121)
189s DecisionModule:AddNetworkToList(): Network detected
190s DeviceModule:MoveRandom(): New position: (169, 121)
190s DecisionModule:RemoveNetworkFromList(): Network: 16 out of range!
191s DeviceModule:MoveRandom(): New position: (169, 124)
192s DeviceModule:MoveRandom(): New position: (169, 121)
193s DeviceModule:MoveRandom(): New position: (169, 118)
194s DeviceModule:MoveRandom(): New position: (172, 118)
195s DeviceModule:MoveRandom(): New position: (172, 115)
196s DeviceModule:MoveRandom(): New position: (175, 115)
197s DeviceModule:MoveRandom(): New position: (178, 115)
198s DeviceModule:MoveRandom(): New position: (181, 115)
199s DeviceModule:MoveRandom(): New position: (184, 115)
