Waf: Entering directory `/home/renan/Documents/NR2/ns-allinone-3.20/ns-3.20/build'
Waf: Leaving directory `/home/renan/Documents/NR2/ns-allinone-3.20/ns-3.20/build'
'build' finished successfully (1.780s)
0s NetworkModule:SetPosition(): Network 0 set position => (181, 173)
0s NetworkModule:SetRange(): Network 0 set range => 100
0s NetworkModule:SetPosition(): Network 1 set position => (126, 43)
0s NetworkModule:SetRange(): Network 1 set range => 100
0s NetworkModule:SetPosition(): Network 2 set position => (32, 121)
0s NetworkModule:SetRange(): Network 2 set range => 100
0s NetworkModule:SetPosition(): Network 3 set position => (175, 102)
0s NetworkModule:SetRange(): Network 3 set range => 100
0s NetworkModule:SetPosition(): Network 4 set position => (15, 95)
0s NetworkModule:SetRange(): Network 4 set range => 100
0s NetworkModule:SetPosition(): Network 5 set position => (72, 6)
0s NetworkModule:SetRange(): Network 5 set range => 100
0s NetworkModule:SetPosition(): Network 6 set position => (100, 2)
0s NetworkModule:SetRange(): Network 6 set range => 100
0s NetworkModule:SetPosition(): Network 7 set position => (3, 140)
0s NetworkModule:SetRange(): Network 7 set range => 100
0s NetworkModule:SetPosition(): Network 8 set position => (110, 121)
0s NetworkModule:SetRange(): Network 8 set range => 100
0s NetworkModule:SetPosition(): Network 9 set position => (25, 156)
0s NetworkModule:SetRange(): Network 9 set range => 100
0s NetworkModule:SetPosition(): Network 10 set position => (18, 199)
0s NetworkModule:SetRange(): Network 10 set range => 100
0s NetworkModule:SetPosition(): Network 11 set position => (59, 107)
0s NetworkModule:SetRange(): Network 11 set range => 100
0s NetworkModule:SetPosition(): Network 12 set position => (81, 28)
0s NetworkModule:SetRange(): Network 12 set range => 100
0s NetworkModule:SetPosition(): Network 13 set position => (41, 158)
0s NetworkModule:SetRange(): Network 13 set range => 100
0s NetworkModule:SetPosition(): Network 14 set position => (180, 20)
0s NetworkModule:SetRange(): Network 14 set range => 100
0s NetworkModule:SetPosition(): Network 15 set position => (145, 82)
0s NetworkModule:SetRange(): Network 15 set range => 100
0s NetworkModule:SetPosition(): Network 16 set position => (77, 162)
0s NetworkModule:SetRange(): Network 16 set range => 100
0s NetworkModule:SetPosition(): Network 17 set position => (35, 71)
0s NetworkModule:SetRange(): Network 17 set range => 100
0s NetworkModule:SetPosition(): Network 18 set position => (125, 110)
0s NetworkModule:SetRange(): Network 18 set range => 100
0s NetworkModule:SetPosition(): Network 19 set position => (157, 10)
0s NetworkModule:SetRange(): Network 19 set range => 100
0s DeviceModule:ConfigureMobility(): Device [init x = 100, init y = 100, max = 200, velocity = 3]
1s DeviceModule:MoveRandom(): New position: (97, 100)
1s DecisionModule:AddNetworkToList(): Network detected
1s DecisionModule:AddNetworkToList(): Network detected
1s DecisionModule:AddNetworkToList(): Network detected
1s DecisionModule:AddNetworkToList(): Network detected
1s DecisionModule:AddNetworkToList(): Network detected
1s DecisionModule:AddNetworkToList(): Network detected
1s DecisionModule:AddNetworkToList(): Network detected
1s DecisionModule:AddNetworkToList(): Network detected
1s DecisionModule:AddNetworkToList(): Network detected
1s DecisionModule:AddNetworkToList(): Network detected
1s DecisionModule:AddNetworkToList(): Network detected
1s DecisionModule:AddNetworkToList(): Network detected
1s DecisionModule:AddNetworkToList(): Network detected
1s DecisionModule:AddNetworkToList(): Network detected
1s DecisionModule:AddNetworkToList(): Network detected
2s DeviceModule:MoveRandom(): New position: (97, 97)
3s DeviceModule:MoveRandom(): New position: (94, 97)
3s DecisionModule:AddNetworkToList(): Network detected
4s DeviceModule:MoveRandom(): New position: (94, 94)
4s DecisionModule:RemoveNetworkFromList(): Network: 7 out of range!
5s DeviceModule:MoveRandom(): New position: (91, 94)
5s DecisionModule:AddNetworkToList(): Network detected
6s DeviceModule:MoveRandom(): New position: (91, 97)
7s DeviceModule:MoveRandom(): New position: (94, 97)
8s DeviceModule:MoveRandom(): New position: (94, 100)
9s DeviceModule:MoveRandom(): New position: (94, 103)
9s DecisionModule:RemoveNetworkFromList(): Network: 6 out of range!
10s DeviceModule:MoveRandom(): New position: (94, 100)
10s DecisionModule:AddNetworkToList(): Network detected
11s DeviceModule:MoveRandom(): New position: (94, 97)
12s DeviceModule:MoveRandom(): New position: (97, 97)
12s DecisionModule:RemoveNetworkFromList(): Network: 7 out of range!
13s DeviceModule:MoveRandom(): New position: (97, 94)
14s DeviceModule:MoveRandom(): New position: (97, 91)
14s DecisionModule:AddNetworkToList(): Network detected
15s DecisionModule:Run(): Run decision
15s DecisionModule:AnalyzingNetworks(): Current Network: 
       [Network #5, Technology = Wifi, Address = 02-06-00:00:00:00:00:07, { DataRate: 88, SignalStrength: 79, AntiFragility: 98}, IQ: 90]
15s DecisionModule:ShowAllNetworks(): All detected networks:
       [Network #5, Technology = Wifi, Address = 02-06-00:00:00:00:00:07, { DataRate: 88, SignalStrength: 79, AntiFragility: 98}, IQ: 90]
       [Network #9, Technology = Wifi, Address = 02-06-00:00:00:00:00:0b, { DataRate: 83, SignalStrength: 83, AntiFragility: 98}, IQ: 90]
       [Network #1, Technology = Wifi, Address = 02-06-00:00:00:00:00:03, { DataRate: 97, SignalStrength: 83, AntiFragility: 28}, IQ: 59]
       [Network #2, Technology = Wifi, Address = 02-06-00:00:00:00:00:04, { DataRate: 83, SignalStrength: 60, AntiFragility: 44}, IQ: 57]
       [Network #13, Technology = Wifi, Address = 02-06-00:00:00:00:00:0f, { DataRate: 47, SignalStrength: 19, AntiFragility: 81}, IQ: 57]
       [Network #6, Technology = Wifi, Address = 02-06-00:00:00:00:00:08, { DataRate: 83, SignalStrength: 48, AntiFragility: 45}, IQ: 55]
       [Network #19, Technology = Wimax, Address = 02-06-00:00:00:00:00:16, { DataRate: 29, SignalStrength: 38, AntiFragility: 65}, IQ: 49]
       [Network #4, Technology = Wifi, Address = 02-06-00:00:00:00:00:06, { DataRate: 42, SignalStrength: 75, AntiFragility: 26}, IQ: 42]
       [Network #17, Technology = Wifi, Address = 02-06-00:00:00:00:00:13, { DataRate: 41, SignalStrength: 61, AntiFragility: 31}, IQ: 41]
       [Network #16, Technology = Wifi, Address = 02-06-00:00:00:00:00:12, { DataRate: 99, SignalStrength: 34, AntiFragility: 5}, IQ: 35]
       [Network #18, Technology = Wimax, Address = 02-06-00:00:00:00:00:15, { DataRate: 41, SignalStrength: 40, AntiFragility: 30}, IQ: 35]
       [Network #12, Technology = Wifi, Address = 02-06-00:00:00:00:00:0e, { DataRate: 98, SignalStrength: 36, AntiFragility: 1}, IQ: 34]
       [Network #11, Technology = Wifi, Address = 02-06-00:00:00:00:00:0d, { DataRate: 78, SignalStrength: 42, AntiFragility: 8}, IQ: 34]
       [Network #15, Technology = Wifi, Address = 02-06-00:00:00:00:00:11, { DataRate: 30, SignalStrength: 32, AntiFragility: 25}, IQ: 28]
       [Network #3, Technology = Wifi, Address = 02-06-00:00:00:00:00:05, { DataRate: 16, SignalStrength: 2, AntiFragility: 28}, IQ: 18]
       [Network #8, Technology = Wifi, Address = 02-06-00:00:00:00:00:0a, { DataRate: 20, SignalStrength: 13, AntiFragility: 2}, IQ: 9]
15s DeviceModule:MoveRandom(): New position: (97, 94)
15s DecisionModule:RemoveNetworkFromList(): Network: 19 out of range!
16s DeviceModule:MoveRandom(): New position: (94, 94)
17s DeviceModule:MoveRandom(): New position: (91, 94)
17s DecisionModule:AddNetworkToList(): Network detected
18s DeviceModule:MoveRandom(): New position: (88, 94)
19s DeviceModule:MoveRandom(): New position: (88, 91)
20s DeviceModule:MoveRandom(): New position: (91, 91)
21s DeviceModule:MoveRandom(): New position: (88, 91)
22s DeviceModule:MoveRandom(): New position: (88, 94)
23s DeviceModule:MoveRandom(): New position: (88, 91)
24s DeviceModule:MoveRandom(): New position: (85, 91)
25s DeviceModule:MoveRandom(): New position: (85, 88)
26s DeviceModule:MoveRandom(): New position: (82, 88)
27s DeviceModule:MoveRandom(): New position: (79, 88)
28s DeviceModule:MoveRandom(): New position: (82, 88)
29s DeviceModule:MoveRandom(): New position: (85, 88)
30s DecisionModule:Run(): Run decision
30s DecisionModule:AnalyzingNetworks(): Current Network: 
       [Network #18, Technology = Wimax, Address = 02-06-00:00:00:00:00:15, { DataRate: 88, SignalStrength: 74, AntiFragility: 82}, IQ: 81]
30s DecisionModule:ShowAllNetworks(): All detected networks:
       [Network #18, Technology = Wimax, Address = 02-06-00:00:00:00:00:15, { DataRate: 88, SignalStrength: 74, AntiFragility: 82}, IQ: 81]
       [Network #2, Technology = Wifi, Address = 02-06-00:00:00:00:00:04, { DataRate: 76, SignalStrength: 95, AntiFragility: 73}, IQ: 79]
       [Network #4, Technology = Wifi, Address = 02-06-00:00:00:00:00:06, { DataRate: 76, SignalStrength: 36, AntiFragility: 91}, IQ: 73]
       [Network #15, Technology = Wifi, Address = 02-06-00:00:00:00:00:11, { DataRate: 14, SignalStrength: 78, AntiFragility: 87}, IQ: 66]
       [Network #7, Technology = Wifi, Address = 02-06-00:00:00:00:00:09, { DataRate: 57, SignalStrength: 57, AntiFragility: 76}, IQ: 66]
       [Network #8, Technology = Wifi, Address = 02-06-00:00:00:00:00:0a, { DataRate: 59, SignalStrength: 61, AntiFragility: 68}, IQ: 64]
       [Network #13, Technology = Wifi, Address = 02-06-00:00:00:00:00:0f, { DataRate: 65, SignalStrength: 96, AntiFragility: 48}, IQ: 64]
       [Network #3, Technology = Wifi, Address = 02-06-00:00:00:00:00:05, { DataRate: 61, SignalStrength: 78, AntiFragility: 52}, IQ: 60]
       [Network #6, Technology = Wifi, Address = 02-06-00:00:00:00:00:08, { DataRate: 72, SignalStrength: 5, AntiFragility: 78}, IQ: 58]
       [Network #11, Technology = Wifi, Address = 02-06-00:00:00:00:00:0d, { DataRate: 81, SignalStrength: 5, AntiFragility: 59}, IQ: 51]
       [Network #12, Technology = Wifi, Address = 02-06-00:00:00:00:00:0e, { DataRate: 24, SignalStrength: 10, AntiFragility: 84}, IQ: 50]
       [Network #5, Technology = Wifi, Address = 02-06-00:00:00:00:00:07, { DataRate: 20, SignalStrength: 36, AntiFragility: 52}, IQ: 40]
       [Network #1, Technology = Wifi, Address = 02-06-00:00:00:00:00:03, { DataRate: 23, SignalStrength: 33, AntiFragility: 43}, IQ: 35]
       [Network #17, Technology = Wifi, Address = 02-06-00:00:00:00:00:13, { DataRate: 32, SignalStrength: 25, AntiFragility: 26}, IQ: 27]
       [Network #16, Technology = Wifi, Address = 02-06-00:00:00:00:00:12, { DataRate: 10, SignalStrength: 69, AntiFragility: 10}, IQ: 24]
       [Network #9, Technology = Wifi, Address = 02-06-00:00:00:00:00:0b, { DataRate: 1, SignalStrength: 4, AntiFragility: 36}, IQ: 19]
30s ExecutionModule:Run(): Decision time => Seconds: 0, Miliseconds: 642
30s ExecutionModule:Run(): Handover time => Seconds: 0, Miliseconds: 271
30s ExecutionModule:Run(): Event: Vertical Handover.
30s DeviceModule:MoveRandom(): New position: (82, 88)
31s DeviceModule:MoveRandom(): New position: (85, 88)
32s DeviceModule:MoveRandom(): New position: (88, 88)
33s DeviceModule:MoveRandom(): New position: (91, 88)
33s DecisionModule:RemoveNetworkFromList(): Network: 7 out of range!
34s DeviceModule:MoveRandom(): New position: (88, 88)
34s DecisionModule:AddNetworkToList(): Network detected
35s DeviceModule:MoveRandom(): New position: (91, 88)
35s DecisionModule:RemoveNetworkFromList(): Network: 7 out of range!
36s DeviceModule:MoveRandom(): New position: (94, 88)
36s DecisionModule:AddNetworkToList(): Network detected
37s DeviceModule:MoveRandom(): New position: (91, 88)
37s DecisionModule:RemoveNetworkFromList(): Network: 19 out of range!
38s DeviceModule:MoveRandom(): New position: (91, 91)
38s DecisionModule:AddNetworkToList(): Network detected
39s DeviceModule:MoveRandom(): New position: (91, 88)
39s DecisionModule:RemoveNetworkFromList(): Network: 7 out of range!
40s DeviceModule:MoveRandom(): New position: (94, 88)
40s DecisionModule:AddNetworkToList(): Network detected
41s DeviceModule:MoveRandom(): New position: (94, 91)
41s DecisionModule:RemoveNetworkFromList(): Network: 19 out of range!
42s DeviceModule:MoveRandom(): New position: (94, 94)
43s DeviceModule:MoveRandom(): New position: (91, 94)
43s DecisionModule:AddNetworkToList(): Network detected
44s DeviceModule:MoveRandom(): New position: (91, 91)
45s DecisionModule:Run(): Run decision
45s DecisionModule:AnalyzingNetworks(): Current Network: 
       [Network #9, Technology = Wifi, Address = 02-06-00:00:00:00:00:0b, { DataRate: 98, SignalStrength: 87, AntiFragility: 71}, IQ: 81]
45s DecisionModule:ShowAllNetworks(): All detected networks:
       [Network #9, Technology = Wifi, Address = 02-06-00:00:00:00:00:0b, { DataRate: 98, SignalStrength: 87, AntiFragility: 71}, IQ: 81]
       [Network #6, Technology = Wifi, Address = 02-06-00:00:00:00:00:08, { DataRate: 99, SignalStrength: 28, AntiFragility: 94}, IQ: 78]
       [Network #11, Technology = Wifi, Address = 02-06-00:00:00:00:00:0d, { DataRate: 74, SignalStrength: 34, AntiFragility: 99}, IQ: 76]
       [Network #18, Technology = Wimax, Address = 02-06-00:00:00:00:00:15, { DataRate: 96, SignalStrength: 46, AntiFragility: 67}, IQ: 69]
       [Network #4, Technology = Wifi, Address = 02-06-00:00:00:00:00:06, { DataRate: 71, SignalStrength: 75, AntiFragility: 54}, IQ: 63]
       [Network #2, Technology = Wifi, Address = 02-06-00:00:00:00:00:04, { DataRate: 29, SignalStrength: 69, AntiFragility: 74}, IQ: 61]
       [Network #12, Technology = Wifi, Address = 02-06-00:00:00:00:00:0e, { DataRate: 56, SignalStrength: 1, AntiFragility: 95}, IQ: 61]
       [Network #16, Technology = Wifi, Address = 02-06-00:00:00:00:00:12, { DataRate: 92, SignalStrength: 29, AntiFragility: 63}, IQ: 61]
       [Network #17, Technology = Wifi, Address = 02-06-00:00:00:00:00:13, { DataRate: 50, SignalStrength: 58, AntiFragility: 65}, IQ: 59]
       [Network #5, Technology = Wifi, Address = 02-06-00:00:00:00:00:07, { DataRate: 54, SignalStrength: 27, AntiFragility: 76}, IQ: 58]
       [Network #13, Technology = Wifi, Address = 02-06-00:00:00:00:00:0f, { DataRate: 57, SignalStrength: 58, AntiFragility: 49}, IQ: 53]
       [Network #8, Technology = Wifi, Address = 02-06-00:00:00:00:00:0a, { DataRate: 6, SignalStrength: 39, AntiFragility: 82}, IQ: 52]
       [Network #7, Technology = Wifi, Address = 02-06-00:00:00:00:00:09, { DataRate: 79, SignalStrength: 63, AntiFragility: 22}, IQ: 46]
       [Network #15, Technology = Wifi, Address = 02-06-00:00:00:00:00:11, { DataRate: 17, SignalStrength: 90, AntiFragility: 24}, IQ: 38]
       [Network #1, Technology = Wifi, Address = 02-06-00:00:00:00:00:03, { DataRate: 23, SignalStrength: 34, AntiFragility: 48}, IQ: 38]
       [Network #3, Technology = Wifi, Address = 02-06-00:00:00:00:00:05, { DataRate: 7, SignalStrength: 14, AntiFragility: 18}, IQ: 14]
45s ExecutionModule:Run(): Decision time => Seconds: 0, Miliseconds: 250
45s ExecutionModule:Run(): Handover time => Seconds: 0, Miliseconds: 44
45s ExecutionModule:Run(): Event: Vertical Handover.
45s DeviceModule:MoveRandom(): New position: (91, 88)
45s DecisionModule:RemoveNetworkFromList(): Network: 7 out of range!
46s DeviceModule:MoveRandom(): New position: (88, 88)
46s DecisionModule:AddNetworkToList(): Network detected
47s DeviceModule:MoveRandom(): New position: (91, 88)
47s DecisionModule:RemoveNetworkFromList(): Network: 7 out of range!
48s DeviceModule:MoveRandom(): New position: (88, 88)
48s DecisionModule:AddNetworkToList(): Network detected
49s DeviceModule:MoveRandom(): New position: (85, 88)
50s DeviceModule:MoveRandom(): New position: (85, 91)
51s DeviceModule:MoveRandom(): New position: (88, 91)
52s DeviceModule:MoveRandom(): New position: (91, 91)
53s DeviceModule:MoveRandom(): New position: (94, 91)
53s DecisionModule:RemoveNetworkFromList(): Network: 7 out of range!
54s DeviceModule:MoveRandom(): New position: (94, 88)
54s DecisionModule:AddNetworkToList(): Network detected
55s DeviceModule:MoveRandom(): New position: (94, 85)
56s DeviceModule:MoveRandom(): New position: (97, 85)
56s ExecutionModule:OutOfRange(): OUT OF BETTER NETWORK! Choosing another network...
56s DecisionModule:RemoveNetworkFromList(): Network: 9 out of range!
56s DecisionModule:Run(): Run decision
56s DecisionModule:AnalyzingNetworks(): Current Network: 
       [Network #6, Technology = Wifi, Address = 02-06-00:00:00:00:00:08, { DataRate: 79, SignalStrength: 71, AntiFragility: 81}, IQ: 78]
56s DecisionModule:ShowAllNetworks(): All detected networks:
       [Network #6, Technology = Wifi, Address = 02-06-00:00:00:00:00:08, { DataRate: 79, SignalStrength: 71, AntiFragility: 81}, IQ: 78]
       [Network #5, Technology = Wifi, Address = 02-06-00:00:00:00:00:07, { DataRate: 86, SignalStrength: 33, AntiFragility: 91}, IQ: 75]
       [Network #11, Technology = Wifi, Address = 02-06-00:00:00:00:00:0d, { DataRate: 34, SignalStrength: 86, AntiFragility: 79}, IQ: 69]
       [Network #1, Technology = Wifi, Address = 02-06-00:00:00:00:00:03, { DataRate: 43, SignalStrength: 48, AntiFragility: 93}, IQ: 69]
       [Network #15, Technology = Wifi, Address = 02-06-00:00:00:00:00:11, { DataRate: 44, SignalStrength: 65, AntiFragility: 74}, IQ: 64]
       [Network #4, Technology = Wifi, Address = 02-06-00:00:00:00:00:06, { DataRate: 67, SignalStrength: 20, AntiFragility: 82}, IQ: 62]
       [Network #3, Technology = Wifi, Address = 02-06-00:00:00:00:00:05, { DataRate: 58, SignalStrength: 90, AntiFragility: 48}, IQ: 61]
       [Network #17, Technology = Wifi, Address = 02-06-00:00:00:00:00:13, { DataRate: 91, SignalStrength: 55, AntiFragility: 39}, IQ: 56]
       [Network #8, Technology = Wifi, Address = 02-06-00:00:00:00:00:0a, { DataRate: 86, SignalStrength: 10, AntiFragility: 62}, IQ: 55]
       [Network #19, Technology = Wimax, Address = 02-06-00:00:00:00:00:16, { DataRate: 39, SignalStrength: 59, AntiFragility: 43}, IQ: 46]
       [Network #12, Technology = Wifi, Address = 02-06-00:00:00:00:00:0e, { DataRate: 79, SignalStrength: 90, AntiFragility: 7}, IQ: 45]
       [Network #2, Technology = Wifi, Address = 02-06-00:00:00:00:00:04, { DataRate: 8, SignalStrength: 56, AntiFragility: 52}, IQ: 42]
       [Network #13, Technology = Wifi, Address = 02-06-00:00:00:00:00:0f, { DataRate: 75, SignalStrength: 29, AntiFragility: 31}, IQ: 41]
       [Network #18, Technology = Wimax, Address = 02-06-00:00:00:00:00:15, { DataRate: 26, SignalStrength: 47, AntiFragility: 23}, IQ: 29]
       [Network #16, Technology = Wifi, Address = 02-06-00:00:00:00:00:12, { DataRate: 14, SignalStrength: 34, AntiFragility: 21}, IQ: 22]
56s ExecutionModule:Run(): Decision time => Seconds: 0, Miliseconds: 218
56s ExecutionModule:Run(): Handover time => Seconds: 0, Miliseconds: 121
56s ExecutionModule:Run(): Event: Horizontal Handover.
57s DeviceModule:MoveRandom(): New position: (97, 88)
57s DecisionModule:AddNetworkToList(): Network detected
58s DeviceModule:MoveRandom(): New position: (100, 88)
58s DecisionModule:RemoveNetworkFromList(): Network: 9 out of range!
59s DeviceModule:MoveRandom(): New position: (97, 88)
59s DecisionModule:AddNetworkToList(): Network detected
60s DecisionModule:Run(): Run decision
60s DecisionModule:AnalyzingNetworks(): Current Network: 
       [Network #15, Technology = Wifi, Address = 02-06-00:00:00:00:00:11, { DataRate: 93, SignalStrength: 76, AntiFragility: 95}, IQ: 89]
60s DecisionModule:ShowAllNetworks(): All detected networks:
       [Network #15, Technology = Wifi, Address = 02-06-00:00:00:00:00:11, { DataRate: 93, SignalStrength: 76, AntiFragility: 95}, IQ: 89]
       [Network #17, Technology = Wifi, Address = 02-06-00:00:00:00:00:13, { DataRate: 92, SignalStrength: 86, AntiFragility: 72}, IQ: 80]
       [Network #1, Technology = Wifi, Address = 02-06-00:00:00:00:00:03, { DataRate: 62, SignalStrength: 94, AntiFragility: 81}, IQ: 79]
       [Network #12, Technology = Wifi, Address = 02-06-00:00:00:00:00:0e, { DataRate: 70, SignalStrength: 70, AntiFragility: 84}, IQ: 77]
       [Network #13, Technology = Wifi, Address = 02-06-00:00:00:00:00:0f, { DataRate: 80, SignalStrength: 40, AntiFragility: 91}, IQ: 75]
       [Network #6, Technology = Wifi, Address = 02-06-00:00:00:00:00:08, { DataRate: 37, SignalStrength: 76, AntiFragility: 82}, IQ: 69]
       [Network #19, Technology = Wimax, Address = 02-06-00:00:00:00:00:16, { DataRate: 33, SignalStrength: 35, AntiFragility: 95}, IQ: 64]
       [Network #8, Technology = Wifi, Address = 02-06-00:00:00:00:00:0a, { DataRate: 72, SignalStrength: 31, AntiFragility: 72}, IQ: 61]
       [Network #2, Technology = Wifi, Address = 02-06-00:00:00:00:00:04, { DataRate: 46, SignalStrength: 81, AntiFragility: 47}, IQ: 55]
       [Network #4, Technology = Wifi, Address = 02-06-00:00:00:00:00:06, { DataRate: 89, SignalStrength: 95, AntiFragility: 4}, IQ: 48]
       [Network #11, Technology = Wifi, Address = 02-06-00:00:00:00:00:0d, { DataRate: 44, SignalStrength: 12, AntiFragility: 59}, IQ: 43]
       [Network #9, Technology = Wifi, Address = 02-06-00:00:00:00:00:0b, { DataRate: 15, SignalStrength: 73, AntiFragility: 41}, IQ: 42]
       [Network #5, Technology = Wifi, Address = 02-06-00:00:00:00:00:07, { DataRate: 63, SignalStrength: 82, AntiFragility: 11}, IQ: 41]
       [Network #16, Technology = Wifi, Address = 02-06-00:00:00:00:00:12, { DataRate: 39, SignalStrength: 16, AntiFragility: 51}, IQ: 39]
       [Network #3, Technology = Wifi, Address = 02-06-00:00:00:00:00:05, { DataRate: 39, SignalStrength: 40, AntiFragility: 30}, IQ: 34]
       [Network #18, Technology = Wimax, Address = 02-06-00:00:00:00:00:15, { DataRate: 93, SignalStrength: 21, AntiFragility: 6}, IQ: 31]
60s ExecutionModule:Run(): Decision time => Seconds: 0, Miliseconds: 272
60s ExecutionModule:Run(): Handover time => Seconds: 0, Miliseconds: 121
60s ExecutionModule:Run(): Event: Horizontal Handover.
60s DeviceModule:MoveRandom(): New position: (97, 91)
61s DeviceModule:MoveRandom(): New position: (97, 88)
62s DeviceModule:MoveRandom(): New position: (97, 85)
62s DecisionModule:RemoveNetworkFromList(): Network: 9 out of range!
63s DeviceModule:MoveRandom(): New position: (100, 85)
64s DeviceModule:MoveRandom(): New position: (100, 82)
65s DeviceModule:MoveRandom(): New position: (100, 85)
66s DeviceModule:MoveRandom(): New position: (100, 88)
67s DeviceModule:MoveRandom(): New position: (100, 91)
67s DecisionModule:AddNetworkToList(): Network detected
68s DeviceModule:MoveRandom(): New position: (100, 94)
68s DecisionModule:RemoveNetworkFromList(): Network: 19 out of range!
69s DeviceModule:MoveRandom(): New position: (97, 94)
70s DeviceModule:MoveRandom(): New position: (94, 94)
71s DeviceModule:MoveRandom(): New position: (97, 94)
72s DeviceModule:MoveRandom(): New position: (97, 91)
72s DecisionModule:AddNetworkToList(): Network detected
73s DeviceModule:MoveRandom(): New position: (94, 91)
73s DecisionModule:RemoveNetworkFromList(): Network: 19 out of range!
74s DeviceModule:MoveRandom(): New position: (94, 88)
74s DecisionModule:AddNetworkToList(): Network detected
75s DecisionModule:Run(): Run decision
75s DecisionModule:AnalyzingNetworks(): Current Network: 
       [Network #19, Technology = Wimax, Address = 02-06-00:00:00:00:00:16, { DataRate: 88, SignalStrength: 98, AntiFragility: 75}, IQ: 84]
75s DecisionModule:ShowAllNetworks(): All detected networks:
       [Network #19, Technology = Wimax, Address = 02-06-00:00:00:00:00:16, { DataRate: 88, SignalStrength: 98, AntiFragility: 75}, IQ: 84]
       [Network #17, Technology = Wifi, Address = 02-06-00:00:00:00:00:13, { DataRate: 30, SignalStrength: 71, AntiFragility: 96}, IQ: 73]
       [Network #8, Technology = Wifi, Address = 02-06-00:00:00:00:00:0a, { DataRate: 85, SignalStrength: 62, AntiFragility: 53}, IQ: 63]
       [Network #2, Technology = Wifi, Address = 02-06-00:00:00:00:00:04, { DataRate: 63, SignalStrength: 14, AntiFragility: 88}, IQ: 63]
       [Network #1, Technology = Wifi, Address = 02-06-00:00:00:00:00:03, { DataRate: 84, SignalStrength: 67, AntiFragility: 50}, IQ: 62]
       [Network #9, Technology = Wifi, Address = 02-06-00:00:00:00:00:0b, { DataRate: 40, SignalStrength: 70, AntiFragility: 59}, IQ: 57]
       [Network #11, Technology = Wifi, Address = 02-06-00:00:00:00:00:0d, { DataRate: 18, SignalStrength: 64, AntiFragility: 62}, IQ: 51]
       [Network #4, Technology = Wifi, Address = 02-06-00:00:00:00:00:06, { DataRate: 98, SignalStrength: 8, AntiFragility: 45}, IQ: 49]
       [Network #12, Technology = Wifi, Address = 02-06-00:00:00:00:00:0e, { DataRate: 57, SignalStrength: 39, AntiFragility: 49}, IQ: 48]
       [Network #16, Technology = Wifi, Address = 02-06-00:00:00:00:00:12, { DataRate: 45, SignalStrength: 64, AntiFragility: 38}, IQ: 46]
       [Network #6, Technology = Wifi, Address = 02-06-00:00:00:00:00:08, { DataRate: 45, SignalStrength: 76, AntiFragility: 28}, IQ: 44]
       [Network #15, Technology = Wifi, Address = 02-06-00:00:00:00:00:11, { DataRate: 65, SignalStrength: 84, AntiFragility: 4}, IQ: 39]
       [Network #18, Technology = Wimax, Address = 02-06-00:00:00:00:00:15, { DataRate: 54, SignalStrength: 13, AntiFragility: 44}, IQ: 38]
       [Network #13, Technology = Wifi, Address = 02-06-00:00:00:00:00:0f, { DataRate: 92, SignalStrength: 52, AntiFragility: 2}, IQ: 37]
       [Network #5, Technology = Wifi, Address = 02-06-00:00:00:00:00:07, { DataRate: 25, SignalStrength: 63, AntiFragility: 29}, IQ: 36]
       [Network #3, Technology = Wifi, Address = 02-06-00:00:00:00:00:05, { DataRate: 36, SignalStrength: 18, AntiFragility: 30}, IQ: 28]
75s ExecutionModule:Run(): Decision time => Seconds: 0, Miliseconds: 272
75s ExecutionModule:Run(): Handover time => Seconds: 0, Miliseconds: 31
75s ExecutionModule:Run(): Event: Vertical Handover.
75s DeviceModule:MoveRandom(): New position: (91, 88)
75s ExecutionModule:OutOfRange(): OUT OF BETTER NETWORK! Choosing another network...
75s DecisionModule:RemoveNetworkFromList(): Network: 19 out of range!
75s DecisionModule:Run(): Run decision
75s DecisionModule:AnalyzingNetworks(): Current Network: 
       [Network #13, Technology = Wifi, Address = 02-06-00:00:00:00:00:0f, { DataRate: 92, SignalStrength: 81, AntiFragility: 80}, IQ: 83]
75s DecisionModule:ShowAllNetworks(): All detected networks:
       [Network #13, Technology = Wifi, Address = 02-06-00:00:00:00:00:0f, { DataRate: 92, SignalStrength: 81, AntiFragility: 80}, IQ: 83]
       [Network #8, Technology = Wifi, Address = 02-06-00:00:00:00:00:0a, { DataRate: 18, SignalStrength: 91, AntiFragility: 90}, IQ: 72]
       [Network #9, Technology = Wifi, Address = 02-06-00:00:00:00:00:0b, { DataRate: 66, SignalStrength: 64, AntiFragility: 78}, IQ: 71]
       [Network #5, Technology = Wifi, Address = 02-06-00:00:00:00:00:07, { DataRate: 60, SignalStrength: 87, AntiFragility: 69}, IQ: 71]
       [Network #2, Technology = Wifi, Address = 02-06-00:00:00:00:00:04, { DataRate: 62, SignalStrength: 68, AntiFragility: 72}, IQ: 68]
       [Network #1, Technology = Wifi, Address = 02-06-00:00:00:00:00:03, { DataRate: 89, SignalStrength: 41, AntiFragility: 54}, IQ: 59]
       [Network #12, Technology = Wifi, Address = 02-06-00:00:00:00:00:0e, { DataRate: 43, SignalStrength: 31, AntiFragility: 71}, IQ: 54]
       [Network #15, Technology = Wifi, Address = 02-06-00:00:00:00:00:11, { DataRate: 40, SignalStrength: 67, AntiFragility: 47}, IQ: 50]
       [Network #11, Technology = Wifi, Address = 02-06-00:00:00:00:00:0d, { DataRate: 13, SignalStrength: 16, AntiFragility: 77}, IQ: 45]
       [Network #6, Technology = Wifi, Address = 02-06-00:00:00:00:00:08, { DataRate: 7, SignalStrength: 90, AntiFragility: 36}, IQ: 42]
       [Network #17, Technology = Wifi, Address = 02-06-00:00:00:00:00:13, { DataRate: 58, SignalStrength: 60, AntiFragility: 25}, IQ: 42]
       [Network #3, Technology = Wifi, Address = 02-06-00:00:00:00:00:05, { DataRate: 35, SignalStrength: 81, AntiFragility: 15}, IQ: 36]
       [Network #4, Technology = Wifi, Address = 02-06-00:00:00:00:00:06, { DataRate: 27, SignalStrength: 55, AntiFragility: 14}, IQ: 27]
       [Network #18, Technology = Wimax, Address = 02-06-00:00:00:00:00:15, { DataRate: 1, SignalStrength: 57, AntiFragility: 17}, IQ: 23]
       [Network #16, Technology = Wifi, Address = 02-06-00:00:00:00:00:12, { DataRate: 18, SignalStrength: 23, AntiFragility: 1}, IQ: 10]
75s ExecutionModule:Run(): Decision time => Seconds: 0, Miliseconds: 189
75s ExecutionModule:Run(): Handover time => Seconds: 0, Miliseconds: 28
75s ExecutionModule:Run(): Event: Vertical Handover.
76s DeviceModule:MoveRandom(): New position: (91, 85)
76s DecisionModule:AddNetworkToList(): Network detected
77s DeviceModule:MoveRandom(): New position: (91, 88)
77s DecisionModule:RemoveNetworkFromList(): Network: 19 out of range!
78s DeviceModule:MoveRandom(): New position: (91, 85)
78s DecisionModule:AddNetworkToList(): Network detected
79s DeviceModule:MoveRandom(): New position: (88, 85)
79s DecisionModule:RemoveNetworkFromList(): Network: 19 out of range!
80s DeviceModule:MoveRandom(): New position: (88, 88)
80s DecisionModule:AddNetworkToList(): Network detected
81s DeviceModule:MoveRandom(): New position: (85, 88)
82s DeviceModule:MoveRandom(): New position: (88, 88)
83s DeviceModule:MoveRandom(): New position: (88, 85)
83s DecisionModule:RemoveNetworkFromList(): Network: 7 out of range!
84s DeviceModule:MoveRandom(): New position: (88, 82)
84s DecisionModule:AddNetworkToList(): Network detected
85s DeviceModule:MoveRandom(): New position: (88, 85)
85s DecisionModule:RemoveNetworkFromList(): Network: 19 out of range!
86s DeviceModule:MoveRandom(): New position: (88, 82)
86s DecisionModule:AddNetworkToList(): Network detected
87s DeviceModule:MoveRandom(): New position: (85, 82)
87s DecisionModule:AddNetworkToList(): Network detected
87s DecisionModule:RemoveNetworkFromList(): Network: 19 out of range!
88s DeviceModule:MoveRandom(): New position: (85, 85)
89s DeviceModule:MoveRandom(): New position: (82, 85)
90s DecisionModule:Run(): Run decision
90s DecisionModule:AnalyzingNetworks(): Current Network: 
       [Network #18, Technology = Wimax, Address = 02-06-00:00:00:00:00:15, { DataRate: 96, SignalStrength: 81, AntiFragility: 88}, IQ: 88]
90s DecisionModule:ShowAllNetworks(): All detected networks:
       [Network #18, Technology = Wimax, Address = 02-06-00:00:00:00:00:15, { DataRate: 96, SignalStrength: 81, AntiFragility: 88}, IQ: 88]
       [Network #1, Technology = Wifi, Address = 02-06-00:00:00:00:00:03, { DataRate: 28, SignalStrength: 90, AntiFragility: 91}, IQ: 75]
       [Network #2, Technology = Wifi, Address = 02-06-00:00:00:00:00:04, { DataRate: 86, SignalStrength: 56, AntiFragility: 71}, IQ: 71]
       [Network #11, Technology = Wifi, Address = 02-06-00:00:00:00:00:0d, { DataRate: 55, SignalStrength: 77, AntiFragility: 62}, IQ: 64]
       [Network #12, Technology = Wifi, Address = 02-06-00:00:00:00:00:0e, { DataRate: 79, SignalStrength: 79, AntiFragility: 47}, IQ: 63]
       [Network #5, Technology = Wifi, Address = 02-06-00:00:00:00:00:07, { DataRate: 17, SignalStrength: 34, AntiFragility: 97}, IQ: 61]
       [Network #7, Technology = Wifi, Address = 02-06-00:00:00:00:00:09, { DataRate: 28, SignalStrength: 43, AntiFragility: 86}, IQ: 60]
       [Network #8, Technology = Wifi, Address = 02-06-00:00:00:00:00:0a, { DataRate: 17, SignalStrength: 23, AntiFragility: 90}, IQ: 55]
       [Network #17, Technology = Wifi, Address = 02-06-00:00:00:00:00:13, { DataRate: 77, SignalStrength: 11, AntiFragility: 65}, IQ: 54]
       [Network #3, Technology = Wifi, Address = 02-06-00:00:00:00:00:05, { DataRate: 40, SignalStrength: 1, AntiFragility: 82}, IQ: 51]
       [Network #4, Technology = Wifi, Address = 02-06-00:00:00:00:00:06, { DataRate: 15, SignalStrength: 32, AntiFragility: 71}, IQ: 47]
       [Network #9, Technology = Wifi, Address = 02-06-00:00:00:00:00:0b, { DataRate: 88, SignalStrength: 28, AntiFragility: 30}, IQ: 44]
       [Network #13, Technology = Wifi, Address = 02-06-00:00:00:00:00:0f, { DataRate: 64, SignalStrength: 62, AntiFragility: 23}, IQ: 43]
       [Network #6, Technology = Wifi, Address = 02-06-00:00:00:00:00:08, { DataRate: 20, SignalStrength: 36, AntiFragility: 48}, IQ: 38]
       [Network #15, Technology = Wifi, Address = 02-06-00:00:00:00:00:11, { DataRate: 49, SignalStrength: 42, AntiFragility: 2}, IQ: 23]
       [Network #16, Technology = Wifi, Address = 02-06-00:00:00:00:00:12, { DataRate: 30, SignalStrength: 4, AntiFragility: 26}, IQ: 21]
90s ExecutionModule:Run(): Decision time => Seconds: 0, Miliseconds: 253
90s ExecutionModule:Run(): Handover time => Seconds: 0, Miliseconds: 31
90s ExecutionModule:Run(): Event: Vertical Handover.
90s DeviceModule:MoveRandom(): New position: (79, 85)
91s DeviceModule:MoveRandom(): New position: (79, 88)
92s DeviceModule:MoveRandom(): New position: (76, 88)
93s DeviceModule:MoveRandom(): New position: (76, 85)
94s DeviceModule:MoveRandom(): New position: (79, 85)
95s DeviceModule:MoveRandom(): New position: (76, 85)
96s DeviceModule:MoveRandom(): New position: (76, 88)
97s DeviceModule:MoveRandom(): New position: (76, 91)
98s DeviceModule:MoveRandom(): New position: (79, 91)
99s DeviceModule:MoveRandom(): New position: (79, 94)
100s DeviceModule:MoveRandom(): New position: (76, 94)
101s DeviceModule:MoveRandom(): New position: (76, 91)
102s DeviceModule:MoveRandom(): New position: (79, 91)
103s DeviceModule:MoveRandom(): New position: (79, 88)
104s DeviceModule:MoveRandom(): New position: (79, 85)
105s DecisionModule:Run(): Run decision
105s DecisionModule:AnalyzingNetworks(): Current Network: 
       [Network #11, Technology = Wifi, Address = 02-06-00:00:00:00:00:0d, { DataRate: 94, SignalStrength: 72, AntiFragility: 69}, IQ: 76]
105s DecisionModule:ShowAllNetworks(): All detected networks:
       [Network #11, Technology = Wifi, Address = 02-06-00:00:00:00:00:0d, { DataRate: 94, SignalStrength: 72, AntiFragility: 69}, IQ: 76]
       [Network #7, Technology = Wifi, Address = 02-06-00:00:00:00:00:09, { DataRate: 12, SignalStrength: 65, AntiFragility: 89}, IQ: 63]
       [Network #2, Technology = Wifi, Address = 02-06-00:00:00:00:00:04, { DataRate: 29, SignalStrength: 34, AntiFragility: 93}, IQ: 62]
       [Network #12, Technology = Wifi, Address = 02-06-00:00:00:00:00:0e, { DataRate: 2, SignalStrength: 68, AntiFragility: 86}, IQ: 60]
       [Network #6, Technology = Wifi, Address = 02-06-00:00:00:00:00:08, { DataRate: 72, SignalStrength: 89, AntiFragility: 37}, IQ: 58]
       [Network #13, Technology = Wifi, Address = 02-06-00:00:00:00:00:0f, { DataRate: 66, SignalStrength: 68, AntiFragility: 43}, IQ: 55]
       [Network #18, Technology = Wimax, Address = 02-06-00:00:00:00:00:15, { DataRate: 40, SignalStrength: 15, AntiFragility: 82}, IQ: 54]
       [Network #3, Technology = Wifi, Address = 02-06-00:00:00:00:00:05, { DataRate: 34, SignalStrength: 33, AntiFragility: 73}, IQ: 53]
       [Network #17, Technology = Wifi, Address = 02-06-00:00:00:00:00:13, { DataRate: 65, SignalStrength: 1, AntiFragility: 65}, IQ: 49]
       [Network #8, Technology = Wifi, Address = 02-06-00:00:00:00:00:0a, { DataRate: 68, SignalStrength: 47, AntiFragility: 42}, IQ: 49]
       [Network #9, Technology = Wifi, Address = 02-06-00:00:00:00:00:0b, { DataRate: 87, SignalStrength: 75, AntiFragility: 14}, IQ: 47]
       [Network #1, Technology = Wifi, Address = 02-06-00:00:00:00:00:03, { DataRate: 48, SignalStrength: 27, AntiFragility: 56}, IQ: 46]
       [Network #4, Technology = Wifi, Address = 02-06-00:00:00:00:00:06, { DataRate: 71, SignalStrength: 67, AntiFragility: 13}, IQ: 41]
       [Network #5, Technology = Wifi, Address = 02-06-00:00:00:00:00:07, { DataRate: 49, SignalStrength: 36, AntiFragility: 27}, IQ: 34]
       [Network #15, Technology = Wifi, Address = 02-06-00:00:00:00:00:11, { DataRate: 40, SignalStrength: 40, AntiFragility: 28}, IQ: 34]
       [Network #16, Technology = Wifi, Address = 02-06-00:00:00:00:00:12, { DataRate: 89, SignalStrength: 28, AntiFragility: 7}, IQ: 32]
105s ExecutionModule:Run(): Decision time => Seconds: 0, Miliseconds: 273
105s ExecutionModule:Run(): Handover time => Seconds: 0, Miliseconds: 31
105s ExecutionModule:Run(): Event: Vertical Handover.
105s DeviceModule:MoveRandom(): New position: (79, 88)
106s DeviceModule:MoveRandom(): New position: (82, 88)
107s DeviceModule:MoveRandom(): New position: (82, 85)
108s DeviceModule:MoveRandom(): New position: (85, 85)
109s DeviceModule:MoveRandom(): New position: (85, 88)
110s DeviceModule:MoveRandom(): New position: (85, 91)
111s DeviceModule:MoveRandom(): New position: (85, 88)
112s DeviceModule:MoveRandom(): New position: (88, 88)
113s DeviceModule:MoveRandom(): New position: (85, 88)
114s DeviceModule:MoveRandom(): New position: (85, 91)
115s DeviceModule:MoveRandom(): New position: (88, 91)
116s DeviceModule:MoveRandom(): New position: (88, 94)
117s DeviceModule:MoveRandom(): New position: (88, 91)
118s DeviceModule:MoveRandom(): New position: (91, 91)
119s DeviceModule:MoveRandom(): New position: (91, 94)
120s DecisionModule:Run(): Run decision
120s DecisionModule:AnalyzingNetworks(): Current Network: 
       [Network #12, Technology = Wifi, Address = 02-06-00:00:00:00:00:0e, { DataRate: 51, SignalStrength: 80, AntiFragility: 89}, IQ: 77]
120s DecisionModule:ShowAllNetworks(): All detected networks:
       [Network #12, Technology = Wifi, Address = 02-06-00:00:00:00:00:0e, { DataRate: 51, SignalStrength: 80, AntiFragility: 89}, IQ: 77]
       [Network #9, Technology = Wifi, Address = 02-06-00:00:00:00:00:0b, { DataRate: 72, SignalStrength: 86, AntiFragility: 60}, IQ: 69]
       [Network #8, Technology = Wifi, Address = 02-06-00:00:00:00:00:0a, { DataRate: 97, SignalStrength: 27, AntiFragility: 70}, IQ: 66]
       [Network #17, Technology = Wifi, Address = 02-06-00:00:00:00:00:13, { DataRate: 47, SignalStrength: 13, AntiFragility: 94}, IQ: 62]
       [Network #6, Technology = Wifi, Address = 02-06-00:00:00:00:00:08, { DataRate: 24, SignalStrength: 24, AntiFragility: 95}, IQ: 59]
       [Network #18, Technology = Wimax, Address = 02-06-00:00:00:00:00:15, { DataRate: 67, SignalStrength: 95, AntiFragility: 31}, IQ: 56]
       [Network #1, Technology = Wifi, Address = 02-06-00:00:00:00:00:03, { DataRate: 29, SignalStrength: 49, AntiFragility: 63}, IQ: 51]
       [Network #2, Technology = Wifi, Address = 02-06-00:00:00:00:00:04, { DataRate: 85, SignalStrength: 23, AntiFragility: 36}, IQ: 45]
       [Network #3, Technology = Wifi, Address = 02-06-00:00:00:00:00:05, { DataRate: 96, SignalStrength: 13, AntiFragility: 34}, IQ: 44]
       [Network #11, Technology = Wifi, Address = 02-06-00:00:00:00:00:0d, { DataRate: 90, SignalStrength: 56, AntiFragility: 7}, IQ: 40]
       [Network #16, Technology = Wifi, Address = 02-06-00:00:00:00:00:12, { DataRate: 80, SignalStrength: 31, AntiFragility: 21}, IQ: 38]
       [Network #4, Technology = Wifi, Address = 02-06-00:00:00:00:00:06, { DataRate: 49, SignalStrength: 85, AntiFragility: 1}, IQ: 34]
       [Network #7, Technology = Wifi, Address = 02-06-00:00:00:00:00:09, { DataRate: 51, SignalStrength: 20, AntiFragility: 11}, IQ: 23]
       [Network #15, Technology = Wifi, Address = 02-06-00:00:00:00:00:11, { DataRate: 4, SignalStrength: 21, AntiFragility: 28}, IQ: 20]
       [Network #13, Technology = Wifi, Address = 02-06-00:00:00:00:00:0f, { DataRate: 41, SignalStrength: 5, AntiFragility: 9}, IQ: 16]
       [Network #5, Technology = Wifi, Address = 02-06-00:00:00:00:00:07, { DataRate: 24, SignalStrength: 26, AntiFragility: 4}, IQ: 14]
120s ExecutionModule:Run(): Decision time => Seconds: 0, Miliseconds: 253
120s ExecutionModule:Run(): Handover time => Seconds: 0, Miliseconds: 124
120s ExecutionModule:Run(): Event: Horizontal Handover.
120s DeviceModule:MoveRandom(): New position: (91, 91)
121s DeviceModule:MoveRandom(): New position: (91, 94)
122s DeviceModule:MoveRandom(): New position: (91, 97)
123s DeviceModule:MoveRandom(): New position: (94, 97)
124s DeviceModule:MoveRandom(): New position: (94, 100)
125s DeviceModule:MoveRandom(): New position: (94, 97)
126s DeviceModule:MoveRandom(): New position: (97, 97)
126s DecisionModule:RemoveNetworkFromList(): Network: 7 out of range!
127s DeviceModule:MoveRandom(): New position: (97, 94)
128s DeviceModule:MoveRandom(): New position: (94, 94)
129s DeviceModule:MoveRandom(): New position: (94, 97)
129s DecisionModule:AddNetworkToList(): Network detected
130s DeviceModule:MoveRandom(): New position: (94, 100)
131s DeviceModule:MoveRandom(): New position: (97, 100)
131s DecisionModule:RemoveNetworkFromList(): Network: 7 out of range!
132s DeviceModule:MoveRandom(): New position: (94, 100)
132s DecisionModule:AddNetworkToList(): Network detected
133s DeviceModule:MoveRandom(): New position: (94, 97)
134s DeviceModule:MoveRandom(): New position: (91, 97)
135s DecisionModule:Run(): Run decision
135s DecisionModule:AnalyzingNetworks(): Current Network: 
       [Network #16, Technology = Wifi, Address = 02-06-00:00:00:00:00:12, { DataRate: 79, SignalStrength: 84, AntiFragility: 93}, IQ: 87]
135s DecisionModule:ShowAllNetworks(): All detected networks:
       [Network #16, Technology = Wifi, Address = 02-06-00:00:00:00:00:12, { DataRate: 79, SignalStrength: 84, AntiFragility: 93}, IQ: 87]
       [Network #17, Technology = Wifi, Address = 02-06-00:00:00:00:00:13, { DataRate: 64, SignalStrength: 84, AntiFragility: 94}, IQ: 84]
       [Network #18, Technology = Wimax, Address = 02-06-00:00:00:00:00:15, { DataRate: 84, SignalStrength: 35, AntiFragility: 88}, IQ: 73]
       [Network #11, Technology = Wifi, Address = 02-06-00:00:00:00:00:0d, { DataRate: 62, SignalStrength: 47, AntiFragility: 90}, IQ: 72]
       [Network #1, Technology = Wifi, Address = 02-06-00:00:00:00:00:03, { DataRate: 77, SignalStrength: 25, AntiFragility: 59}, IQ: 55]
       [Network #9, Technology = Wifi, Address = 02-06-00:00:00:00:00:0b, { DataRate: 29, SignalStrength: 34, AntiFragility: 76}, IQ: 53]
       [Network #2, Technology = Wifi, Address = 02-06-00:00:00:00:00:04, { DataRate: 45, SignalStrength: 89, AntiFragility: 37}, IQ: 52]
       [Network #7, Technology = Wifi, Address = 02-06-00:00:00:00:00:09, { DataRate: 84, SignalStrength: 15, AntiFragility: 54}, IQ: 51]
       [Network #4, Technology = Wifi, Address = 02-06-00:00:00:00:00:06, { DataRate: 38, SignalStrength: 13, AntiFragility: 74}, IQ: 49]
       [Network #8, Technology = Wifi, Address = 02-06-00:00:00:00:00:0a, { DataRate: 29, SignalStrength: 99, AntiFragility: 30}, IQ: 47]
       [Network #5, Technology = Wifi, Address = 02-06-00:00:00:00:00:07, { DataRate: 72, SignalStrength: 95, AntiFragility: 3}, IQ: 43]
       [Network #13, Technology = Wifi, Address = 02-06-00:00:00:00:00:0f, { DataRate: 8, SignalStrength: 27, AntiFragility: 69}, IQ: 43]
       [Network #15, Technology = Wifi, Address = 02-06-00:00:00:00:00:11, { DataRate: 23, SignalStrength: 89, AntiFragility: 19}, IQ: 37]
       [Network #6, Technology = Wifi, Address = 02-06-00:00:00:00:00:08, { DataRate: 50, SignalStrength: 24, AntiFragility: 38}, IQ: 37]
       [Network #12, Technology = Wifi, Address = 02-06-00:00:00:00:00:0e, { DataRate: 3, SignalStrength: 58, AntiFragility: 37}, IQ: 33]
       [Network #3, Technology = Wifi, Address = 02-06-00:00:00:00:00:05, { DataRate: 65, SignalStrength: 26, AntiFragility: 14}, IQ: 29]
135s ExecutionModule:Run(): Decision time => Seconds: 0, Miliseconds: 277
135s ExecutionModule:Run(): Handover time => Seconds: 0, Miliseconds: 122
135s ExecutionModule:Run(): Event: Horizontal Handover.
135s DeviceModule:MoveRandom(): New position: (91, 94)
136s DeviceModule:MoveRandom(): New position: (91, 97)
137s DeviceModule:MoveRandom(): New position: (91, 94)
138s DeviceModule:MoveRandom(): New position: (88, 94)
139s DeviceModule:MoveRandom(): New position: (88, 97)
140s DeviceModule:MoveRandom(): New position: (88, 94)
141s DeviceModule:MoveRandom(): New position: (91, 94)
142s DeviceModule:MoveRandom(): New position: (91, 91)
143s DeviceModule:MoveRandom(): New position: (94, 91)
143s DecisionModule:RemoveNetworkFromList(): Network: 7 out of range!
144s DeviceModule:MoveRandom(): New position: (97, 91)
144s DecisionModule:AddNetworkToList(): Network detected
145s DeviceModule:MoveRandom(): New position: (97, 94)
145s DecisionModule:RemoveNetworkFromList(): Network: 19 out of range!
146s DeviceModule:MoveRandom(): New position: (100, 94)
147s DeviceModule:MoveRandom(): New position: (100, 91)
147s DecisionModule:AddNetworkToList(): Network detected
148s DeviceModule:MoveRandom(): New position: (103, 91)
148s DecisionModule:RemoveNetworkFromList(): Network: 9 out of range!
149s DeviceModule:MoveRandom(): New position: (100, 91)
149s DecisionModule:AddNetworkToList(): Network detected
150s DecisionModule:Run(): Run decision
150s DecisionModule:AnalyzingNetworks(): Current Network: 
       [Network #6, Technology = Wifi, Address = 02-06-00:00:00:00:00:08, { DataRate: 91, SignalStrength: 48, AntiFragility: 71}, IQ: 70]
150s DecisionModule:ShowAllNetworks(): All detected networks:
       [Network #6, Technology = Wifi, Address = 02-06-00:00:00:00:00:08, { DataRate: 91, SignalStrength: 48, AntiFragility: 71}, IQ: 70]
       [Network #18, Technology = Wimax, Address = 02-06-00:00:00:00:00:15, { DataRate: 61, SignalStrength: 82, AntiFragility: 59}, IQ: 65]
       [Network #5, Technology = Wifi, Address = 02-06-00:00:00:00:00:07, { DataRate: 44, SignalStrength: 61, AntiFragility: 77}, IQ: 64]
       [Network #1, Technology = Wifi, Address = 02-06-00:00:00:00:00:03, { DataRate: 56, SignalStrength: 66, AntiFragility: 51}, IQ: 56]
       [Network #3, Technology = Wifi, Address = 02-06-00:00:00:00:00:05, { DataRate: 48, SignalStrength: 24, AntiFragility: 76}, IQ: 56]
       [Network #17, Technology = Wifi, Address = 02-06-00:00:00:00:00:13, { DataRate: 51, SignalStrength: 21, AntiFragility: 74}, IQ: 55]
       [Network #2, Technology = Wifi, Address = 02-06-00:00:00:00:00:04, { DataRate: 55, SignalStrength: 23, AntiFragility: 70}, IQ: 54]
       [Network #19, Technology = Wimax, Address = 02-06-00:00:00:00:00:16, { DataRate: 1, SignalStrength: 97, AntiFragility: 52}, IQ: 50]
       [Network #8, Technology = Wifi, Address = 02-06-00:00:00:00:00:0a, { DataRate: 62, SignalStrength: 26, AntiFragility: 50}, IQ: 47]
       [Network #15, Technology = Wifi, Address = 02-06-00:00:00:00:00:11, { DataRate: 57, SignalStrength: 47, AntiFragility: 42}, IQ: 47]
       [Network #16, Technology = Wifi, Address = 02-06-00:00:00:00:00:12, { DataRate: 74, SignalStrength: 40, AntiFragility: 35}, IQ: 46]
       [Network #13, Technology = Wifi, Address = 02-06-00:00:00:00:00:0f, { DataRate: 36, SignalStrength: 87, AntiFragility: 28}, IQ: 44]
       [Network #4, Technology = Wifi, Address = 02-06-00:00:00:00:00:06, { DataRate: 20, SignalStrength: 22, AntiFragility: 53}, IQ: 37]
       [Network #12, Technology = Wifi, Address = 02-06-00:00:00:00:00:0e, { DataRate: 8, SignalStrength: 51, AntiFragility: 27}, IQ: 28]
       [Network #11, Technology = Wifi, Address = 02-06-00:00:00:00:00:0d, { DataRate: 77, SignalStrength: 17, AntiFragility: 1}, IQ: 24]
       [Network #9, Technology = Wifi, Address = 02-06-00:00:00:00:00:0b, { DataRate: 27, SignalStrength: 3, AntiFragility: 28}, IQ: 21]
150s ExecutionModule:Run(): Decision time => Seconds: 0, Miliseconds: 297
150s ExecutionModule:Run(): Handover time => Seconds: 0, Miliseconds: 123
150s ExecutionModule:Run(): Event: Horizontal Handover.
150s DeviceModule:MoveRandom(): New position: (100, 94)
150s DecisionModule:RemoveNetworkFromList(): Network: 19 out of range!
151s DeviceModule:MoveRandom(): New position: (103, 94)
151s DecisionModule:AddNetworkToList(): Network detected
152s DeviceModule:MoveRandom(): New position: (103, 91)
152s DecisionModule:RemoveNetworkFromList(): Network: 9 out of range!
153s DeviceModule:MoveRandom(): New position: (106, 91)
154s DeviceModule:MoveRandom(): New position: (109, 91)
154s DecisionModule:AddNetworkToList(): Network detected
155s DeviceModule:MoveRandom(): New position: (109, 94)
155s DecisionModule:RemoveNetworkFromList(): Network: 14 out of range!
156s DeviceModule:MoveRandom(): New position: (109, 97)
157s DeviceModule:MoveRandom(): New position: (109, 94)
158s DeviceModule:MoveRandom(): New position: (109, 91)
158s DecisionModule:AddNetworkToList(): Network detected
159s DeviceModule:MoveRandom(): New position: (109, 94)
159s DecisionModule:RemoveNetworkFromList(): Network: 14 out of range!
160s DeviceModule:MoveRandom(): New position: (112, 94)
160s DecisionModule:AddNetworkToList(): Network detected
161s DeviceModule:MoveRandom(): New position: (112, 91)
162s DeviceModule:MoveRandom(): New position: (112, 94)
163s DeviceModule:MoveRandom(): New position: (109, 94)
163s DecisionModule:RemoveNetworkFromList(): Network: 14 out of range!
164s DeviceModule:MoveRandom(): New position: (109, 97)
165s DecisionModule:Run(): Run decision
165s DecisionModule:AnalyzingNetworks(): Current Network: 
       [Network #17, Technology = Wifi, Address = 02-06-00:00:00:00:00:13, { DataRate: 77, SignalStrength: 99, AntiFragility: 61}, IQ: 74]
165s DecisionModule:ShowAllNetworks(): All detected networks:
       [Network #17, Technology = Wifi, Address = 02-06-00:00:00:00:00:13, { DataRate: 77, SignalStrength: 99, AntiFragility: 61}, IQ: 74]
       [Network #4, Technology = Wifi, Address = 02-06-00:00:00:00:00:06, { DataRate: 66, SignalStrength: 78, AntiFragility: 60}, IQ: 66]
       [Network #12, Technology = Wifi, Address = 02-06-00:00:00:00:00:0e, { DataRate: 76, SignalStrength: 45, AntiFragility: 71}, IQ: 65]
       [Network #18, Technology = Wimax, Address = 02-06-00:00:00:00:00:15, { DataRate: 64, SignalStrength: 65, AntiFragility: 60}, IQ: 62]
       [Network #5, Technology = Wifi, Address = 02-06-00:00:00:00:00:07, { DataRate: 33, SignalStrength: 57, AntiFragility: 64}, IQ: 54]
       [Network #19, Technology = Wimax, Address = 02-06-00:00:00:00:00:16, { DataRate: 15, SignalStrength: 1, AntiFragility: 88}, IQ: 48]
       [Network #11, Technology = Wifi, Address = 02-06-00:00:00:00:00:0d, { DataRate: 97, SignalStrength: 15, AntiFragility: 38}, IQ: 47]
       [Network #8, Technology = Wifi, Address = 02-06-00:00:00:00:00:0a, { DataRate: 62, SignalStrength: 3, AntiFragility: 41}, IQ: 36]
       [Network #16, Technology = Wifi, Address = 02-06-00:00:00:00:00:12, { DataRate: 71, SignalStrength: 53, AntiFragility: 11}, IQ: 36]
       [Network #15, Technology = Wifi, Address = 02-06-00:00:00:00:00:11, { DataRate: 46, SignalStrength: 28, AntiFragility: 26}, IQ: 31]
       [Network #2, Technology = Wifi, Address = 02-06-00:00:00:00:00:04, { DataRate: 79, SignalStrength: 37, AntiFragility: 4}, IQ: 31]
       [Network #13, Technology = Wifi, Address = 02-06-00:00:00:00:00:0f, { DataRate: 49, SignalStrength: 13, AntiFragility: 27}, IQ: 29]
       [Network #1, Technology = Wifi, Address = 02-06-00:00:00:00:00:03, { DataRate: 59, SignalStrength: 21, AntiFragility: 15}, IQ: 27]
       [Network #6, Technology = Wifi, Address = 02-06-00:00:00:00:00:08, { DataRate: 32, SignalStrength: 26, AntiFragility: 25}, IQ: 27]
       [Network #3, Technology = Wifi, Address = 02-06-00:00:00:00:00:05, { DataRate: 15, SignalStrength: 14, AntiFragility: 18}, IQ: 16]
165s ExecutionModule:Run(): Decision time => Seconds: 0, Miliseconds: 267
165s ExecutionModule:Run(): Handover time => Seconds: 0, Miliseconds: 123
165s ExecutionModule:Run(): Event: Horizontal Handover.
165s DeviceModule:MoveRandom(): New position: (109, 94)
166s DeviceModule:MoveRandom(): New position: (109, 91)
166s DecisionModule:AddNetworkToList(): Network detected
167s DeviceModule:MoveRandom(): New position: (112, 91)
168s DeviceModule:MoveRandom(): New position: (112, 94)
169s DeviceModule:MoveRandom(): New position: (115, 94)
170s DeviceModule:MoveRandom(): New position: (115, 97)
170s DecisionModule:AddNetworkToList(): Network detected
171s DeviceModule:MoveRandom(): New position: (112, 97)
171s DecisionModule:RemoveNetworkFromList(): Network: 0 out of range!
171s DecisionModule:RemoveNetworkFromList(): Network: 14 out of range!
172s DeviceModule:MoveRandom(): New position: (112, 100)
172s DecisionModule:AddNetworkToList(): Network detected
172s DecisionModule:RemoveNetworkFromList(): Network: 5 out of range!
173s DeviceModule:MoveRandom(): New position: (112, 97)
173s DecisionModule:RemoveNetworkFromList(): Network: 0 out of range!
173s DecisionModule:AddNetworkToList(): Network detected
174s DeviceModule:MoveRandom(): New position: (112, 100)
174s DecisionModule:AddNetworkToList(): Network detected
174s DecisionModule:RemoveNetworkFromList(): Network: 5 out of range!
175s DeviceModule:MoveRandom(): New position: (112, 97)
175s DecisionModule:RemoveNetworkFromList(): Network: 0 out of range!
175s DecisionModule:AddNetworkToList(): Network detected
176s DeviceModule:MoveRandom(): New position: (109, 97)
177s DeviceModule:MoveRandom(): New position: (112, 97)
178s DeviceModule:MoveRandom(): New position: (109, 97)
179s DeviceModule:MoveRandom(): New position: (109, 100)
179s DecisionModule:RemoveNetworkFromList(): Network: 5 out of range!
179s DecisionModule:AddNetworkToList(): Network detected
179s DecisionModule:RemoveNetworkFromList(): Network: 19 out of range!
180s DecisionModule:Run(): Run decision
180s DecisionModule:AnalyzingNetworks(): Current Network: 
       [Network #3, Technology = Wifi, Address = 02-06-00:00:00:00:00:05, { DataRate: 89, SignalStrength: 66, AntiFragility: 88}, IQ: 82]
180s DecisionModule:ShowAllNetworks(): All detected networks:
       [Network #3, Technology = Wifi, Address = 02-06-00:00:00:00:00:05, { DataRate: 89, SignalStrength: 66, AntiFragility: 88}, IQ: 82]
       [Network #9, Technology = Wifi, Address = 02-06-00:00:00:00:00:0b, { DataRate: 24, SignalStrength: 94, AntiFragility: 95}, IQ: 77]
       [Network #15, Technology = Wifi, Address = 02-06-00:00:00:00:00:11, { DataRate: 68, SignalStrength: 88, AntiFragility: 75}, IQ: 76]
       [Network #17, Technology = Wifi, Address = 02-06-00:00:00:00:00:13, { DataRate: 61, SignalStrength: 30, AntiFragility: 85}, IQ: 65]
       [Network #13, Technology = Wifi, Address = 02-06-00:00:00:00:00:0f, { DataRate: 34, SignalStrength: 98, AntiFragility: 64}, IQ: 65]
       [Network #18, Technology = Wimax, Address = 02-06-00:00:00:00:00:15, { DataRate: 34, SignalStrength: 49, AntiFragility: 88}, IQ: 64]
       [Network #1, Technology = Wifi, Address = 02-06-00:00:00:00:00:03, { DataRate: 48, SignalStrength: 79, AntiFragility: 66}, IQ: 64]
       [Network #16, Technology = Wifi, Address = 02-06-00:00:00:00:00:12, { DataRate: 43, SignalStrength: 13, AntiFragility: 99}, IQ: 63]
       [Network #2, Technology = Wifi, Address = 02-06-00:00:00:00:00:04, { DataRate: 30, SignalStrength: 70, AntiFragility: 61}, IQ: 55]
       [Network #8, Technology = Wifi, Address = 02-06-00:00:00:00:00:0a, { DataRate: 98, SignalStrength: 45, AntiFragility: 28}, IQ: 49]
       [Network #12, Technology = Wifi, Address = 02-06-00:00:00:00:00:0e, { DataRate: 62, SignalStrength: 29, AntiFragility: 50}, IQ: 47]
       [Network #4, Technology = Wifi, Address = 02-06-00:00:00:00:00:06, { DataRate: 52, SignalStrength: 27, AntiFragility: 51}, IQ: 45]
       [Network #11, Technology = Wifi, Address = 02-06-00:00:00:00:00:0d, { DataRate: 22, SignalStrength: 94, AntiFragility: 32}, IQ: 45]
       [Network #6, Technology = Wifi, Address = 02-06-00:00:00:00:00:08, { DataRate: 35, SignalStrength: 28, AntiFragility: 6}, IQ: 18]
180s ExecutionModule:Run(): Decision time => Seconds: 0, Miliseconds: 353
180s ExecutionModule:Run(): Handover time => Seconds: 0, Miliseconds: 122
180s ExecutionModule:Run(): Event: Horizontal Handover.
180s DeviceModule:MoveRandom(): New position: (106, 100)
180s DecisionModule:AddNetworkToList(): Network detected
181s DeviceModule:MoveRandom(): New position: (106, 103)
181s DecisionModule:RemoveNetworkFromList(): Network: 5 out of range!
181s DecisionModule:RemoveNetworkFromList(): Network: 6 out of range!
182s DeviceModule:MoveRandom(): New position: (106, 106)
182s DecisionModule:AddNetworkToList(): Network detected
183s DeviceModule:MoveRandom(): New position: (109, 106)
184s DeviceModule:MoveRandom(): New position: (106, 106)
185s DeviceModule:MoveRandom(): New position: (109, 106)
186s DeviceModule:MoveRandom(): New position: (112, 106)
187s DeviceModule:MoveRandom(): New position: (109, 106)
188s DeviceModule:MoveRandom(): New position: (109, 109)
189s DeviceModule:MoveRandom(): New position: (109, 106)
190s DeviceModule:MoveRandom(): New position: (112, 106)
191s DeviceModule:MoveRandom(): New position: (112, 103)
191s DecisionModule:RemoveNetworkFromList(): Network: 9 out of range!
192s DeviceModule:MoveRandom(): New position: (109, 103)
192s DecisionModule:AddNetworkToList(): Network detected
193s DeviceModule:MoveRandom(): New position: (106, 103)
193s DecisionModule:RemoveNetworkFromList(): Network: 0 out of range!
194s DeviceModule:MoveRandom(): New position: (103, 103)
195s DecisionModule:Run(): Run decision
195s DecisionModule:AnalyzingNetworks(): Current Network: 
       [Network #4, Technology = Wifi, Address = 02-06-00:00:00:00:00:06, { DataRate: 58, SignalStrength: 93, AntiFragility: 75}, IQ: 75]
195s DecisionModule:ShowAllNetworks(): All detected networks:
       [Network #4, Technology = Wifi, Address = 02-06-00:00:00:00:00:06, { DataRate: 58, SignalStrength: 93, AntiFragility: 75}, IQ: 75]
       [Network #8, Technology = Wifi, Address = 02-06-00:00:00:00:00:0a, { DataRate: 20, SignalStrength: 87, AntiFragility: 72}, IQ: 62]
       [Network #2, Technology = Wifi, Address = 02-06-00:00:00:00:00:04, { DataRate: 81, SignalStrength: 32, AntiFragility: 47}, IQ: 51]
       [Network #11, Technology = Wifi, Address = 02-06-00:00:00:00:00:0d, { DataRate: 65, SignalStrength: 4, AntiFragility: 63}, IQ: 48]
       [Network #16, Technology = Wifi, Address = 02-06-00:00:00:00:00:12, { DataRate: 80, SignalStrength: 26, AntiFragility: 33}, IQ: 43]
       [Network #9, Technology = Wifi, Address = 02-06-00:00:00:00:00:0b, { DataRate: 92, SignalStrength: 26, AntiFragility: 26}, IQ: 42]
       [Network #17, Technology = Wifi, Address = 02-06-00:00:00:00:00:13, { DataRate: 63, SignalStrength: 56, AntiFragility: 22}, IQ: 40]
       [Network #3, Technology = Wifi, Address = 02-06-00:00:00:00:00:05, { DataRate: 41, SignalStrength: 76, AntiFragility: 16}, IQ: 37]
       [Network #1, Technology = Wifi, Address = 02-06-00:00:00:00:00:03, { DataRate: 9, SignalStrength: 71, AntiFragility: 30}, IQ: 35]
       [Network #18, Technology = Wimax, Address = 02-06-00:00:00:00:00:15, { DataRate: 14, SignalStrength: 95, AntiFragility: 4}, IQ: 29]
       [Network #12, Technology = Wifi, Address = 02-06-00:00:00:00:00:0e, { DataRate: 81, SignalStrength: 3, AntiFragility: 14}, IQ: 28]
       [Network #15, Technology = Wifi, Address = 02-06-00:00:00:00:00:11, { DataRate: 36, SignalStrength: 27, AntiFragility: 11}, IQ: 21]
       [Network #13, Technology = Wifi, Address = 02-06-00:00:00:00:00:0f, { DataRate: 7, SignalStrength: 20, AntiFragility: 21}, IQ: 17]
195s ExecutionModule:Run(): Decision time => Seconds: 0, Miliseconds: 253
195s ExecutionModule:Run(): Handover time => Seconds: 0, Miliseconds: 123
195s ExecutionModule:Run(): Event: Horizontal Handover.
195s DeviceModule:MoveRandom(): New position: (106, 103)
196s DeviceModule:MoveRandom(): New position: (109, 103)
196s DecisionModule:AddNetworkToList(): Network detected
197s DeviceModule:MoveRandom(): New position: (112, 103)
197s DecisionModule:RemoveNetworkFromList(): Network: 9 out of range!
198s DeviceModule:MoveRandom(): New position: (112, 100)
198s DecisionModule:AddNetworkToList(): Network detected
198s DecisionModule:AddNetworkToList(): Network detected
199s DeviceModule:MoveRandom(): New position: (112, 103)
199s DecisionModule:RemoveNetworkFromList(): Network: 6 out of range!
199s DecisionModule:RemoveNetworkFromList(): Network: 19 out of range!
