Waf: Entering directory `/home/renan/Documents/NR2/ns-allinone-3.20/ns-3.20/build'
Waf: Leaving directory `/home/renan/Documents/NR2/ns-allinone-3.20/ns-3.20/build'
'build' finished successfully (1.827s)
0s NetworkModule:SetPosition(): Network 0 set position => (190, 92)
0s NetworkModule:SetRange(): Network 0 set range => 100
0s NetworkModule:SetPosition(): Network 1 set position => (138, 84)
0s NetworkModule:SetRange(): Network 1 set range => 100
0s NetworkModule:SetPosition(): Network 2 set position => (175, 34)
0s NetworkModule:SetRange(): Network 2 set range => 100
0s NetworkModule:SetPosition(): Network 3 set position => (1, 97)
0s NetworkModule:SetRange(): Network 3 set range => 100
0s NetworkModule:SetPosition(): Network 4 set position => (61, 9)
0s NetworkModule:SetRange(): Network 4 set range => 100
0s NetworkModule:SetPosition(): Network 5 set position => (179, 155)
0s NetworkModule:SetRange(): Network 5 set range => 100
0s NetworkModule:SetPosition(): Network 6 set position => (183, 14)
0s NetworkModule:SetRange(): Network 6 set range => 100
0s NetworkModule:SetPosition(): Network 7 set position => (108, 151)
0s NetworkModule:SetRange(): Network 7 set range => 100
0s NetworkModule:SetPosition(): Network 8 set position => (164, 26)
0s NetworkModule:SetRange(): Network 8 set range => 100
0s NetworkModule:SetPosition(): Network 9 set position => (192, 159)
0s NetworkModule:SetRange(): Network 9 set range => 100
0s NetworkModule:SetPosition(): Network 10 set position => (48, 175)
0s NetworkModule:SetRange(): Network 10 set range => 100
0s NetworkModule:SetPosition(): Network 11 set position => (156, 20)
0s NetworkModule:SetRange(): Network 11 set range => 100
0s NetworkModule:SetPosition(): Network 12 set position => (85, 101)
0s NetworkModule:SetRange(): Network 12 set range => 100
0s NetworkModule:SetPosition(): Network 13 set position => (56, 168)
0s NetworkModule:SetRange(): Network 13 set range => 100
0s NetworkModule:SetPosition(): Network 14 set position => (162, 79)
0s NetworkModule:SetRange(): Network 14 set range => 100
0s NetworkModule:SetPosition(): Network 15 set position => (124, 101)
0s NetworkModule:SetRange(): Network 15 set range => 100
0s NetworkModule:SetPosition(): Network 16 set position => (137, 105)
0s NetworkModule:SetRange(): Network 16 set range => 100
0s NetworkModule:SetPosition(): Network 17 set position => (139, 62)
0s NetworkModule:SetRange(): Network 17 set range => 100
0s NetworkModule:SetPosition(): Network 18 set position => (111, 64)
0s NetworkModule:SetRange(): Network 18 set range => 100
0s NetworkModule:SetPosition(): Network 19 set position => (73, 92)
0s NetworkModule:SetRange(): Network 19 set range => 100
0s DeviceModule:ConfigureMobility(): Device [init x = 100, init y = 100, max = 200, velocity = 3]
1s DeviceModule:MoveRandom(): New position: (100, 103)
1s DecisionModule:AddNetworkToList(): Network detected
1s DecisionModule:AddNetworkToList(): Network detected
1s DecisionModule:AddNetworkToList(): Network detected
1s DecisionModule:AddNetworkToList(): Network detected
1s DecisionModule:AddNetworkToList(): Network detected
1s DecisionModule:AddNetworkToList(): Network detected
1s DecisionModule:AddNetworkToList(): Network detected
1s DecisionModule:AddNetworkToList(): Network detected
1s DecisionModule:AddNetworkToList(): Network detected
1s DecisionModule:AddNetworkToList(): Network detected
1s DecisionModule:AddNetworkToList(): Network detected
1s DecisionModule:AddNetworkToList(): Network detected
1s DecisionModule:AddNetworkToList(): Network detected
1s DecisionModule:AddNetworkToList(): Network detected
1s DecisionModule:AddNetworkToList(): Network detected
1s DecisionModule:AddNetworkToList(): Network detected
2s DeviceModule:MoveRandom(): New position: (100, 106)
2s DecisionModule:RemoveNetworkFromList(): Network: 8 out of range!
2s DecisionModule:RemoveNetworkFromList(): Network: 11 out of range!
3s DeviceModule:MoveRandom(): New position: (100, 109)
4s DeviceModule:MoveRandom(): New position: (100, 112)
5s DeviceModule:MoveRandom(): New position: (100, 109)
6s DeviceModule:MoveRandom(): New position: (100, 112)
7s DeviceModule:MoveRandom(): New position: (97, 112)
8s DeviceModule:MoveRandom(): New position: (97, 109)
9s DeviceModule:MoveRandom(): New position: (100, 109)
10s DeviceModule:MoveRandom(): New position: (103, 109)
10s DecisionModule:RemoveNetworkFromList(): Network: 3 out of range!
11s DeviceModule:MoveRandom(): New position: (103, 112)
11s DecisionModule:AddNetworkToList(): Network detected
12s DeviceModule:MoveRandom(): New position: (103, 115)
13s DeviceModule:MoveRandom(): New position: (100, 115)
13s DecisionModule:AddNetworkToList(): Network detected
13s DecisionModule:RemoveNetworkFromList(): Network: 9 out of range!
14s DeviceModule:MoveRandom(): New position: (100, 118)
14s DecisionModule:RemoveNetworkFromList(): Network: 3 out of range!
14s DecisionModule:AddNetworkToList(): Network detected
15s DecisionModule:Run(): Run decision
15s DecisionModule:AnalyzingNetworks(): Current Network: 
       [Network #15, Technology = Wifi, Address = 02-06-00:00:00:00:00:11, { DataRate: 26, SignalStrength: 98, AntiFragility: 89}, IQ: 75]
15s DecisionModule:ShowAllNetworks(): All detected networks:
       [Network #15, Technology = Wifi, Address = 02-06-00:00:00:00:00:11, { DataRate: 26, SignalStrength: 98, AntiFragility: 89}, IQ: 75]
       [Network #13, Technology = Wifi, Address = 02-06-00:00:00:00:00:0f, { DataRate: 54, SignalStrength: 65, AntiFragility: 77}, IQ: 68]
       [Network #17, Technology = Wifi, Address = 02-06-00:00:00:00:00:13, { DataRate: 62, SignalStrength: 66, AntiFragility: 69}, IQ: 66]
       [Network #5, Technology = Wifi, Address = 02-06-00:00:00:00:00:07, { DataRate: 82, SignalStrength: 7, AntiFragility: 86}, IQ: 65]
       [Network #7, Technology = Wifi, Address = 02-06-00:00:00:00:00:09, { DataRate: 12, SignalStrength: 46, AntiFragility: 89}, IQ: 59]
       [Network #9, Technology = Wifi, Address = 02-06-00:00:00:00:00:0b, { DataRate: 71, SignalStrength: 75, AntiFragility: 44}, IQ: 58]
       [Network #1, Technology = Wifi, Address = 02-06-00:00:00:00:00:03, { DataRate: 68, SignalStrength: 56, AntiFragility: 52}, IQ: 57]
       [Network #19, Technology = Wimax, Address = 02-06-00:00:00:00:00:16, { DataRate: 71, SignalStrength: 11, AntiFragility: 74}, IQ: 57]
       [Network #16, Technology = Wifi, Address = 02-06-00:00:00:00:00:12, { DataRate: 89, SignalStrength: 16, AntiFragility: 58}, IQ: 55]
       [Network #14, Technology = Wifi, Address = 02-06-00:00:00:00:00:10, { DataRate: 6, SignalStrength: 41, AntiFragility: 85}, IQ: 54]
       [Network #10, Technology = Wifi, Address = 02-06-00:00:00:00:00:0c, { DataRate: 5, SignalStrength: 78, AntiFragility: 60}, IQ: 50]
       [Network #12, Technology = Wifi, Address = 02-06-00:00:00:00:00:0e, { DataRate: 58, SignalStrength: 12, AntiFragility: 61}, IQ: 48]
       [Network #0, Technology = Wifi, Address = 02-06-00:00:00:00:00:02, { DataRate: 52, SignalStrength: 76, AntiFragility: 7}, IQ: 35]
       [Network #18, Technology = Wimax, Address = 02-06-00:00:00:00:00:15, { DataRate: 72, SignalStrength: 6, AntiFragility: 22}, IQ: 30]
15s DeviceModule:MoveRandom(): New position: (103, 118)
16s DeviceModule:MoveRandom(): New position: (100, 118)
17s DeviceModule:MoveRandom(): New position: (103, 118)
18s DeviceModule:MoveRandom(): New position: (106, 118)
19s DeviceModule:MoveRandom(): New position: (109, 118)
20s DeviceModule:MoveRandom(): New position: (109, 115)
21s DeviceModule:MoveRandom(): New position: (109, 118)
22s DeviceModule:MoveRandom(): New position: (109, 121)
23s DeviceModule:MoveRandom(): New position: (106, 121)
24s DeviceModule:MoveRandom(): New position: (106, 124)
25s DeviceModule:MoveRandom(): New position: (106, 121)
26s DeviceModule:MoveRandom(): New position: (103, 121)
27s DeviceModule:MoveRandom(): New position: (103, 124)
28s DeviceModule:MoveRandom(): New position: (106, 124)
29s DeviceModule:MoveRandom(): New position: (103, 124)
30s DecisionModule:Run(): Run decision
30s DecisionModule:AnalyzingNetworks(): Current Network: 
       [Network #1, Technology = Wifi, Address = 02-06-00:00:00:00:00:03, { DataRate: 71, SignalStrength: 85, AntiFragility: 66}, IQ: 72]
30s DecisionModule:ShowAllNetworks(): All detected networks:
       [Network #1, Technology = Wifi, Address = 02-06-00:00:00:00:00:03, { DataRate: 71, SignalStrength: 85, AntiFragility: 66}, IQ: 72]
       [Network #16, Technology = Wifi, Address = 02-06-00:00:00:00:00:12, { DataRate: 68, SignalStrength: 49, AntiFragility: 76}, IQ: 67]
       [Network #9, Technology = Wifi, Address = 02-06-00:00:00:00:00:0b, { DataRate: 82, SignalStrength: 4, AntiFragility: 89}, IQ: 66]
       [Network #10, Technology = Wifi, Address = 02-06-00:00:00:00:00:0c, { DataRate: 81, SignalStrength: 8, AntiFragility: 86}, IQ: 65]
       [Network #7, Technology = Wifi, Address = 02-06-00:00:00:00:00:09, { DataRate: 16, SignalStrength: 53, AntiFragility: 92}, IQ: 63]
       [Network #0, Technology = Wifi, Address = 02-06-00:00:00:00:00:02, { DataRate: 48, SignalStrength: 63, AntiFragility: 72}, IQ: 63]
       [Network #18, Technology = Wimax, Address = 02-06-00:00:00:00:00:15, { DataRate: 16, SignalStrength: 73, AntiFragility: 80}, IQ: 62]
       [Network #5, Technology = Wifi, Address = 02-06-00:00:00:00:00:07, { DataRate: 56, SignalStrength: 69, AntiFragility: 58}, IQ: 60]
       [Network #15, Technology = Wifi, Address = 02-06-00:00:00:00:00:11, { DataRate: 83, SignalStrength: 19, AntiFragility: 60}, IQ: 55]
       [Network #12, Technology = Wifi, Address = 02-06-00:00:00:00:00:0e, { DataRate: 52, SignalStrength: 81, AntiFragility: 41}, IQ: 53]
       [Network #19, Technology = Wimax, Address = 02-06-00:00:00:00:00:16, { DataRate: 4, SignalStrength: 20, AntiFragility: 79}, IQ: 45]
       [Network #13, Technology = Wifi, Address = 02-06-00:00:00:00:00:0f, { DataRate: 3, SignalStrength: 96, AntiFragility: 21}, IQ: 35]
       [Network #14, Technology = Wifi, Address = 02-06-00:00:00:00:00:10, { DataRate: 28, SignalStrength: 96, AntiFragility: 2}, IQ: 32]
       [Network #17, Technology = Wifi, Address = 02-06-00:00:00:00:00:13, { DataRate: 30, SignalStrength: 16, AntiFragility: 30}, IQ: 26]
30s ExecutionModule:Run(): Decision time => Seconds: 0, Miliseconds: 252
30s ExecutionModule:Run(): Handover time => Seconds: 0, Miliseconds: 177
30s ExecutionModule:Run(): Event: Horizontal Handover.
30s DeviceModule:MoveRandom(): New position: (103, 121)
31s DeviceModule:MoveRandom(): New position: (103, 124)
32s DeviceModule:MoveRandom(): New position: (100, 124)
33s DeviceModule:MoveRandom(): New position: (97, 124)
33s DecisionModule:AddNetworkToList(): Network detected
33s DecisionModule:RemoveNetworkFromList(): Network: 9 out of range!
34s DeviceModule:MoveRandom(): New position: (97, 127)
34s DecisionModule:AddNetworkToList(): Network detected
35s DeviceModule:MoveRandom(): New position: (100, 127)
35s DecisionModule:RemoveNetworkFromList(): Network: 3 out of range!
36s DeviceModule:MoveRandom(): New position: (100, 124)
37s DeviceModule:MoveRandom(): New position: (103, 124)
38s DeviceModule:MoveRandom(): New position: (103, 121)
39s DeviceModule:MoveRandom(): New position: (103, 118)
40s DeviceModule:MoveRandom(): New position: (100, 118)
41s DeviceModule:MoveRandom(): New position: (100, 121)
42s DeviceModule:MoveRandom(): New position: (103, 121)
43s DeviceModule:MoveRandom(): New position: (103, 124)
44s DeviceModule:MoveRandom(): New position: (103, 127)
45s DecisionModule:Run(): Run decision
45s DecisionModule:AnalyzingNetworks(): Current Network: 
       [Network #7, Technology = Wifi, Address = 02-06-00:00:00:00:00:09, { DataRate: 39, SignalStrength: 43, AntiFragility: 96}, IQ: 68]
45s DecisionModule:ShowAllNetworks(): All detected networks:
       [Network #7, Technology = Wifi, Address = 02-06-00:00:00:00:00:09, { DataRate: 39, SignalStrength: 43, AntiFragility: 96}, IQ: 68]
       [Network #0, Technology = Wifi, Address = 02-06-00:00:00:00:00:02, { DataRate: 70, SignalStrength: 18, AntiFragility: 77}, IQ: 60]
       [Network #16, Technology = Wifi, Address = 02-06-00:00:00:00:00:12, { DataRate: 50, SignalStrength: 67, AntiFragility: 47}, IQ: 52]
       [Network #10, Technology = Wifi, Address = 02-06-00:00:00:00:00:0c, { DataRate: 40, SignalStrength: 24, AntiFragility: 71}, IQ: 51]
       [Network #5, Technology = Wifi, Address = 02-06-00:00:00:00:00:07, { DataRate: 55, SignalStrength: 5, AntiFragility: 72}, IQ: 51]
       [Network #18, Technology = Wimax, Address = 02-06-00:00:00:00:00:15, { DataRate: 74, SignalStrength: 78, AntiFragility: 22}, IQ: 49]
       [Network #15, Technology = Wifi, Address = 02-06-00:00:00:00:00:11, { DataRate: 23, SignalStrength: 55, AntiFragility: 49}, IQ: 44]
       [Network #1, Technology = Wifi, Address = 02-06-00:00:00:00:00:03, { DataRate: 54, SignalStrength: 69, AntiFragility: 20}, IQ: 40]
       [Network #9, Technology = Wifi, Address = 02-06-00:00:00:00:00:0b, { DataRate: 26, SignalStrength: 52, AntiFragility: 37}, IQ: 38]
       [Network #12, Technology = Wifi, Address = 02-06-00:00:00:00:00:0e, { DataRate: 25, SignalStrength: 33, AntiFragility: 48}, IQ: 38]
       [Network #14, Technology = Wifi, Address = 02-06-00:00:00:00:00:10, { DataRate: 34, SignalStrength: 42, AntiFragility: 31}, IQ: 34]
       [Network #19, Technology = Wimax, Address = 02-06-00:00:00:00:00:16, { DataRate: 97, SignalStrength: 6, AntiFragility: 2}, IQ: 26]
       [Network #17, Technology = Wifi, Address = 02-06-00:00:00:00:00:13, { DataRate: 38, SignalStrength: 13, AntiFragility: 23}, IQ: 24]
       [Network #13, Technology = Wifi, Address = 02-06-00:00:00:00:00:0f, { DataRate: 67, SignalStrength: 5, AntiFragility: 5}, IQ: 20]
45s ExecutionModule:Run(): Decision time => Seconds: 0, Miliseconds: 255
45s ExecutionModule:Run(): Handover time => Seconds: 0, Miliseconds: 336
45s ExecutionModule:Run(): Event: Horizontal Handover.
45s DeviceModule:MoveRandom(): New position: (103, 130)
46s DeviceModule:MoveRandom(): New position: (106, 130)
47s DeviceModule:MoveRandom(): New position: (109, 130)
48s DeviceModule:MoveRandom(): New position: (109, 127)
49s DeviceModule:MoveRandom(): New position: (109, 130)
50s DeviceModule:MoveRandom(): New position: (109, 133)
51s DeviceModule:MoveRandom(): New position: (112, 133)
52s DeviceModule:MoveRandom(): New position: (115, 133)
53s DeviceModule:MoveRandom(): New position: (118, 133)
54s DeviceModule:MoveRandom(): New position: (115, 133)
55s DeviceModule:MoveRandom(): New position: (115, 136)
56s DeviceModule:MoveRandom(): New position: (112, 136)
57s DeviceModule:MoveRandom(): New position: (109, 136)
58s DeviceModule:MoveRandom(): New position: (109, 133)
59s DeviceModule:MoveRandom(): New position: (106, 133)
60s DecisionModule:Run(): Run decision
60s DecisionModule:AnalyzingNetworks(): Current Network: 
       [Network #14, Technology = Wifi, Address = 02-06-00:00:00:00:00:10, { DataRate: 58, SignalStrength: 71, AntiFragility: 92}, IQ: 78]
60s DecisionModule:ShowAllNetworks(): All detected networks:
       [Network #14, Technology = Wifi, Address = 02-06-00:00:00:00:00:10, { DataRate: 58, SignalStrength: 71, AntiFragility: 92}, IQ: 78]
       [Network #5, Technology = Wifi, Address = 02-06-00:00:00:00:00:07, { DataRate: 10, SignalStrength: 80, AntiFragility: 87}, IQ: 66]
       [Network #15, Technology = Wifi, Address = 02-06-00:00:00:00:00:11, { DataRate: 77, SignalStrength: 67, AntiFragility: 59}, IQ: 65]
       [Network #17, Technology = Wifi, Address = 02-06-00:00:00:00:00:13, { DataRate: 40, SignalStrength: 23, AntiFragility: 99}, IQ: 65]
       [Network #9, Technology = Wifi, Address = 02-06-00:00:00:00:00:0b, { DataRate: 80, SignalStrength: 4, AntiFragility: 76}, IQ: 59]
       [Network #10, Technology = Wifi, Address = 02-06-00:00:00:00:00:0c, { DataRate: 39, SignalStrength: 78, AntiFragility: 59}, IQ: 58]
       [Network #7, Technology = Wifi, Address = 02-06-00:00:00:00:00:09, { DataRate: 29, SignalStrength: 65, AntiFragility: 54}, IQ: 50]
       [Network #12, Technology = Wifi, Address = 02-06-00:00:00:00:00:0e, { DataRate: 76, SignalStrength: 6, AntiFragility: 38}, IQ: 39]
       [Network #18, Technology = Wimax, Address = 02-06-00:00:00:00:00:15, { DataRate: 21, SignalStrength: 54, AntiFragility: 39}, IQ: 38]
       [Network #13, Technology = Wifi, Address = 02-06-00:00:00:00:00:0f, { DataRate: 31, SignalStrength: 1, AntiFragility: 58}, IQ: 37]
       [Network #16, Technology = Wifi, Address = 02-06-00:00:00:00:00:12, { DataRate: 26, SignalStrength: 62, AntiFragility: 27}, IQ: 35]
       [Network #1, Technology = Wifi, Address = 02-06-00:00:00:00:00:03, { DataRate: 72, SignalStrength: 52, AntiFragility: 3}, IQ: 32]
       [Network #19, Technology = Wimax, Address = 02-06-00:00:00:00:00:16, { DataRate: 62, SignalStrength: 9, AntiFragility: 19}, IQ: 27]
       [Network #0, Technology = Wifi, Address = 02-06-00:00:00:00:00:02, { DataRate: 4, SignalStrength: 38, AntiFragility: 27}, IQ: 24]
60s ExecutionModule:Run(): Decision time => Seconds: 0, Miliseconds: 257
60s ExecutionModule:Run(): Handover time => Seconds: 0, Miliseconds: 122
60s ExecutionModule:Run(): Event: Horizontal Handover.
60s DeviceModule:MoveRandom(): New position: (103, 133)
61s DeviceModule:MoveRandom(): New position: (103, 130)
62s DeviceModule:MoveRandom(): New position: (100, 130)
63s DeviceModule:MoveRandom(): New position: (103, 130)
64s DeviceModule:MoveRandom(): New position: (106, 130)
65s DeviceModule:MoveRandom(): New position: (109, 130)
66s DeviceModule:MoveRandom(): New position: (106, 130)
67s DeviceModule:MoveRandom(): New position: (106, 127)
68s DeviceModule:MoveRandom(): New position: (106, 124)
69s DeviceModule:MoveRandom(): New position: (106, 127)
70s DeviceModule:MoveRandom(): New position: (106, 130)
71s DeviceModule:MoveRandom(): New position: (103, 130)
72s DeviceModule:MoveRandom(): New position: (106, 130)
73s DeviceModule:MoveRandom(): New position: (103, 130)
74s DeviceModule:MoveRandom(): New position: (106, 130)
75s DecisionModule:Run(): Run decision
75s DecisionModule:AnalyzingNetworks(): Current Network: 
       [Network #14, Technology = Wifi, Address = 02-06-00:00:00:00:00:10, { DataRate: 79, SignalStrength: 83, AntiFragility: 60}, IQ: 70]
75s DecisionModule:ShowAllNetworks(): All detected networks:
       [Network #14, Technology = Wifi, Address = 02-06-00:00:00:00:00:10, { DataRate: 79, SignalStrength: 83, AntiFragility: 60}, IQ: 70]
       [Network #9, Technology = Wifi, Address = 02-06-00:00:00:00:00:0b, { DataRate: 51, SignalStrength: 66, AntiFragility: 83}, IQ: 70]
       [Network #18, Technology = Wimax, Address = 02-06-00:00:00:00:00:15, { DataRate: 60, SignalStrength: 35, AntiFragility: 93}, IQ: 70]
       [Network #13, Technology = Wifi, Address = 02-06-00:00:00:00:00:0f, { DataRate: 69, SignalStrength: 57, AntiFragility: 72}, IQ: 67]
       [Network #15, Technology = Wifi, Address = 02-06-00:00:00:00:00:11, { DataRate: 24, SignalStrength: 84, AntiFragility: 57}, IQ: 55]
       [Network #12, Technology = Wifi, Address = 02-06-00:00:00:00:00:0e, { DataRate: 56, SignalStrength: 32, AntiFragility: 56}, IQ: 50]
       [Network #1, Technology = Wifi, Address = 02-06-00:00:00:00:00:03, { DataRate: 48, SignalStrength: 94, AntiFragility: 28}, IQ: 49]
       [Network #0, Technology = Wifi, Address = 02-06-00:00:00:00:00:02, { DataRate: 93, SignalStrength: 99, AntiFragility: 1}, IQ: 48]
       [Network #17, Technology = Wifi, Address = 02-06-00:00:00:00:00:13, { DataRate: 97, SignalStrength: 3, AntiFragility: 43}, IQ: 46]
       [Network #19, Technology = Wimax, Address = 02-06-00:00:00:00:00:16, { DataRate: 57, SignalStrength: 3, AntiFragility: 52}, IQ: 41]
       [Network #7, Technology = Wifi, Address = 02-06-00:00:00:00:00:09, { DataRate: 60, SignalStrength: 64, AntiFragility: 14}, IQ: 38]
       [Network #10, Technology = Wifi, Address = 02-06-00:00:00:00:00:0c, { DataRate: 65, SignalStrength: 21, AntiFragility: 19}, IQ: 31]
       [Network #16, Technology = Wifi, Address = 02-06-00:00:00:00:00:12, { DataRate: 13, SignalStrength: 69, AntiFragility: 4}, IQ: 22]
       [Network #5, Technology = Wifi, Address = 02-06-00:00:00:00:00:07, { DataRate: 24, SignalStrength: 9, AntiFragility: 25}, IQ: 20]
75s DeviceModule:MoveRandom(): New position: (106, 133)
76s DeviceModule:MoveRandom(): New position: (106, 136)
77s DeviceModule:MoveRandom(): New position: (109, 136)
78s DeviceModule:MoveRandom(): New position: (112, 136)
79s DeviceModule:MoveRandom(): New position: (112, 139)
80s DeviceModule:MoveRandom(): New position: (112, 136)
81s DeviceModule:MoveRandom(): New position: (109, 136)
82s DeviceModule:MoveRandom(): New position: (109, 139)
83s DeviceModule:MoveRandom(): New position: (106, 139)
84s DeviceModule:MoveRandom(): New position: (109, 139)
85s DeviceModule:MoveRandom(): New position: (112, 139)
86s DeviceModule:MoveRandom(): New position: (112, 136)
87s DeviceModule:MoveRandom(): New position: (112, 133)
88s DeviceModule:MoveRandom(): New position: (112, 130)
89s DeviceModule:MoveRandom(): New position: (109, 130)
90s DecisionModule:Run(): Run decision
90s DecisionModule:AnalyzingNetworks(): Current Network: 
       [Network #14, Technology = Wifi, Address = 02-06-00:00:00:00:00:10, { DataRate: 69, SignalStrength: 98, AntiFragility: 71}, IQ: 77]
90s DecisionModule:ShowAllNetworks(): All detected networks:
       [Network #14, Technology = Wifi, Address = 02-06-00:00:00:00:00:10, { DataRate: 69, SignalStrength: 98, AntiFragility: 71}, IQ: 77]
       [Network #18, Technology = Wimax, Address = 02-06-00:00:00:00:00:15, { DataRate: 77, SignalStrength: 30, AntiFragility: 96}, IQ: 74]
       [Network #13, Technology = Wifi, Address = 02-06-00:00:00:00:00:0f, { DataRate: 12, SignalStrength: 55, AntiFragility: 99}, IQ: 66]
       [Network #7, Technology = Wifi, Address = 02-06-00:00:00:00:00:09, { DataRate: 58, SignalStrength: 44, AntiFragility: 81}, IQ: 66]
       [Network #0, Technology = Wifi, Address = 02-06-00:00:00:00:00:02, { DataRate: 5, SignalStrength: 78, AntiFragility: 80}, IQ: 60]
       [Network #9, Technology = Wifi, Address = 02-06-00:00:00:00:00:0b, { DataRate: 27, SignalStrength: 80, AntiFragility: 63}, IQ: 58]
       [Network #10, Technology = Wifi, Address = 02-06-00:00:00:00:00:0c, { DataRate: 56, SignalStrength: 59, AntiFragility: 60}, IQ: 58]
       [Network #16, Technology = Wifi, Address = 02-06-00:00:00:00:00:12, { DataRate: 88, SignalStrength: 55, AntiFragility: 38}, IQ: 54]
       [Network #15, Technology = Wifi, Address = 02-06-00:00:00:00:00:11, { DataRate: 39, SignalStrength: 53, AntiFragility: 45}, IQ: 45]
       [Network #17, Technology = Wifi, Address = 02-06-00:00:00:00:00:13, { DataRate: 62, SignalStrength: 51, AntiFragility: 15}, IQ: 35]
       [Network #1, Technology = Wifi, Address = 02-06-00:00:00:00:00:03, { DataRate: 12, SignalStrength: 45, AntiFragility: 33}, IQ: 30]
       [Network #19, Technology = Wimax, Address = 02-06-00:00:00:00:00:16, { DataRate: 80, SignalStrength: 21, AntiFragility: 11}, IQ: 30]
       [Network #12, Technology = Wifi, Address = 02-06-00:00:00:00:00:0e, { DataRate: 65, SignalStrength: 8, AntiFragility: 7}, IQ: 21]
       [Network #5, Technology = Wifi, Address = 02-06-00:00:00:00:00:07, { DataRate: 19, SignalStrength: 54, AntiFragility: 2}, IQ: 19]
90s DeviceModule:MoveRandom(): New position: (106, 130)
91s DeviceModule:MoveRandom(): New position: (103, 130)
92s DeviceModule:MoveRandom(): New position: (100, 130)
93s DeviceModule:MoveRandom(): New position: (100, 133)
94s DeviceModule:MoveRandom(): New position: (100, 136)
95s DeviceModule:MoveRandom(): New position: (100, 139)
95s DecisionModule:RemoveNetworkFromList(): Network: 0 out of range!
96s DeviceModule:MoveRandom(): New position: (97, 139)
97s DeviceModule:MoveRandom(): New position: (97, 142)
98s DeviceModule:MoveRandom(): New position: (94, 142)
99s DeviceModule:MoveRandom(): New position: (94, 139)
100s DeviceModule:MoveRandom(): New position: (94, 136)
100s DecisionModule:AddNetworkToList(): Network detected
101s DeviceModule:MoveRandom(): New position: (94, 139)
101s DecisionModule:RemoveNetworkFromList(): Network: 3 out of range!
102s DeviceModule:MoveRandom(): New position: (91, 139)
102s DecisionModule:AddNetworkToList(): Network detected
102s DecisionModule:RemoveNetworkFromList(): Network: 9 out of range!
103s DeviceModule:MoveRandom(): New position: (88, 139)
104s DeviceModule:MoveRandom(): New position: (91, 139)
105s DecisionModule:Run(): Run decision
105s DecisionModule:AnalyzingNetworks(): Current Network: 
       [Network #15, Technology = Wifi, Address = 02-06-00:00:00:00:00:11, { DataRate: 99, SignalStrength: 78, AntiFragility: 78}, IQ: 83]
105s DecisionModule:ShowAllNetworks(): All detected networks:
       [Network #15, Technology = Wifi, Address = 02-06-00:00:00:00:00:11, { DataRate: 99, SignalStrength: 78, AntiFragility: 78}, IQ: 83]
       [Network #17, Technology = Wifi, Address = 02-06-00:00:00:00:00:13, { DataRate: 47, SignalStrength: 95, AntiFragility: 92}, IQ: 81]
       [Network #13, Technology = Wifi, Address = 02-06-00:00:00:00:00:0f, { DataRate: 31, SignalStrength: 62, AntiFragility: 99}, IQ: 72]
       [Network #12, Technology = Wifi, Address = 02-06-00:00:00:00:00:0e, { DataRate: 46, SignalStrength: 88, AntiFragility: 68}, IQ: 67]
       [Network #16, Technology = Wifi, Address = 02-06-00:00:00:00:00:12, { DataRate: 31, SignalStrength: 59, AntiFragility: 80}, IQ: 62]
       [Network #7, Technology = Wifi, Address = 02-06-00:00:00:00:00:09, { DataRate: 88, SignalStrength: 41, AntiFragility: 59}, IQ: 61]
       [Network #10, Technology = Wifi, Address = 02-06-00:00:00:00:00:0c, { DataRate: 68, SignalStrength: 41, AntiFragility: 66}, IQ: 60]
       [Network #5, Technology = Wifi, Address = 02-06-00:00:00:00:00:07, { DataRate: 77, SignalStrength: 23, AntiFragility: 66}, IQ: 58]
       [Network #3, Technology = Wifi, Address = 02-06-00:00:00:00:00:05, { DataRate: 86, SignalStrength: 81, AntiFragility: 27}, IQ: 55]
       [Network #19, Technology = Wimax, Address = 02-06-00:00:00:00:00:16, { DataRate: 15, SignalStrength: 25, AntiFragility: 69}, IQ: 44]
       [Network #1, Technology = Wifi, Address = 02-06-00:00:00:00:00:03, { DataRate: 15, SignalStrength: 64, AntiFragility: 12}, IQ: 25]
       [Network #18, Technology = Wimax, Address = 02-06-00:00:00:00:00:15, { DataRate: 68, SignalStrength: 5, AntiFragility: 9}, IQ: 22]
       [Network #14, Technology = Wifi, Address = 02-06-00:00:00:00:00:10, { DataRate: 17, SignalStrength: 20, AntiFragility: 15}, IQ: 16]
105s ExecutionModule:Run(): Decision time => Seconds: 0, Miliseconds: 234
105s ExecutionModule:Run(): Handover time => Seconds: 0, Miliseconds: 122
105s ExecutionModule:Run(): Event: Horizontal Handover.
105s DeviceModule:MoveRandom(): New position: (94, 139)
105s DecisionModule:RemoveNetworkFromList(): Network: 3 out of range!
105s DecisionModule:AddNetworkToList(): Network detected
106s DeviceModule:MoveRandom(): New position: (94, 142)
107s DeviceModule:MoveRandom(): New position: (91, 142)
107s DecisionModule:AddNetworkToList(): Network detected
107s DecisionModule:RemoveNetworkFromList(): Network: 9 out of range!
108s DeviceModule:MoveRandom(): New position: (91, 139)
109s DeviceModule:MoveRandom(): New position: (91, 136)
110s DeviceModule:MoveRandom(): New position: (91, 133)
111s DeviceModule:MoveRandom(): New position: (88, 133)
112s DeviceModule:MoveRandom(): New position: (88, 130)
113s DeviceModule:MoveRandom(): New position: (88, 133)
114s DeviceModule:MoveRandom(): New position: (88, 130)
115s DeviceModule:MoveRandom(): New position: (85, 130)
116s DeviceModule:MoveRandom(): New position: (85, 133)
117s DeviceModule:MoveRandom(): New position: (85, 136)
118s DeviceModule:MoveRandom(): New position: (82, 136)
119s DeviceModule:MoveRandom(): New position: (79, 136)
119s DecisionModule:RemoveNetworkFromList(): Network: 5 out of range!
120s DecisionModule:Run(): Run decision
120s DecisionModule:AnalyzingNetworks(): Current Network: 
       [Network #3, Technology = Wifi, Address = 02-06-00:00:00:00:00:05, { DataRate: 77, SignalStrength: 64, AntiFragility: 83}, IQ: 76]
120s DecisionModule:ShowAllNetworks(): All detected networks:
       [Network #3, Technology = Wifi, Address = 02-06-00:00:00:00:00:05, { DataRate: 77, SignalStrength: 64, AntiFragility: 83}, IQ: 76]
       [Network #13, Technology = Wifi, Address = 02-06-00:00:00:00:00:0f, { DataRate: 1, SignalStrength: 97, AntiFragility: 83}, IQ: 66]
       [Network #18, Technology = Wimax, Address = 02-06-00:00:00:00:00:15, { DataRate: 79, SignalStrength: 15, AntiFragility: 75}, IQ: 61]
       [Network #19, Technology = Wimax, Address = 02-06-00:00:00:00:00:16, { DataRate: 3, SignalStrength: 50, AntiFragility: 88}, IQ: 57]
       [Network #15, Technology = Wifi, Address = 02-06-00:00:00:00:00:11, { DataRate: 26, SignalStrength: 13, AntiFragility: 79}, IQ: 49]
       [Network #7, Technology = Wifi, Address = 02-06-00:00:00:00:00:09, { DataRate: 66, SignalStrength: 41, AntiFragility: 37}, IQ: 45]
       [Network #17, Technology = Wifi, Address = 02-06-00:00:00:00:00:13, { DataRate: 9, SignalStrength: 36, AntiFragility: 67}, IQ: 44]
       [Network #1, Technology = Wifi, Address = 02-06-00:00:00:00:00:03, { DataRate: 65, SignalStrength: 81, AntiFragility: 14}, IQ: 43]
       [Network #16, Technology = Wifi, Address = 02-06-00:00:00:00:00:12, { DataRate: 29, SignalStrength: 69, AntiFragility: 8}, IQ: 28]
       [Network #12, Technology = Wifi, Address = 02-06-00:00:00:00:00:0e, { DataRate: 67, SignalStrength: 28, AntiFragility: 7}, IQ: 27]
       [Network #10, Technology = Wifi, Address = 02-06-00:00:00:00:00:0c, { DataRate: 1, SignalStrength: 9, AntiFragility: 44}, IQ: 24]
       [Network #14, Technology = Wifi, Address = 02-06-00:00:00:00:00:10, { DataRate: 35, SignalStrength: 24, AntiFragility: 16}, IQ: 22]
120s ExecutionModule:Run(): Decision time => Seconds: 0, Miliseconds: 244
120s ExecutionModule:Run(): Handover time => Seconds: 0, Miliseconds: 122
120s ExecutionModule:Run(): Event: Horizontal Handover.
120s DeviceModule:MoveRandom(): New position: (82, 136)
120s DecisionModule:AddNetworkToList(): Network detected
121s DeviceModule:MoveRandom(): New position: (85, 136)
122s DeviceModule:MoveRandom(): New position: (85, 133)
123s DeviceModule:MoveRandom(): New position: (85, 130)
124s DeviceModule:MoveRandom(): New position: (85, 127)
125s DeviceModule:MoveRandom(): New position: (85, 130)
126s DeviceModule:MoveRandom(): New position: (88, 130)
127s DeviceModule:MoveRandom(): New position: (88, 133)
128s DeviceModule:MoveRandom(): New position: (91, 133)
129s DeviceModule:MoveRandom(): New position: (91, 130)
130s DeviceModule:MoveRandom(): New position: (91, 127)
131s DeviceModule:MoveRandom(): New position: (91, 124)
132s DeviceModule:MoveRandom(): New position: (91, 127)
133s DeviceModule:MoveRandom(): New position: (88, 127)
134s DeviceModule:MoveRandom(): New position: (88, 124)
135s DecisionModule:Run(): Run decision
135s DecisionModule:AnalyzingNetworks(): Current Network: 
       [Network #7, Technology = Wifi, Address = 02-06-00:00:00:00:00:09, { DataRate: 43, SignalStrength: 82, AntiFragility: 98}, IQ: 80]
135s DecisionModule:ShowAllNetworks(): All detected networks:
       [Network #7, Technology = Wifi, Address = 02-06-00:00:00:00:00:09, { DataRate: 43, SignalStrength: 82, AntiFragility: 98}, IQ: 80]
       [Network #14, Technology = Wifi, Address = 02-06-00:00:00:00:00:10, { DataRate: 75, SignalStrength: 84, AntiFragility: 69}, IQ: 74]
       [Network #16, Technology = Wifi, Address = 02-06-00:00:00:00:00:12, { DataRate: 72, SignalStrength: 31, AntiFragility: 86}, IQ: 68]
       [Network #1, Technology = Wifi, Address = 02-06-00:00:00:00:00:03, { DataRate: 85, SignalStrength: 84, AntiFragility: 51}, IQ: 67]
       [Network #18, Technology = Wimax, Address = 02-06-00:00:00:00:00:15, { DataRate: 31, SignalStrength: 54, AntiFragility: 83}, IQ: 62]
       [Network #3, Technology = Wifi, Address = 02-06-00:00:00:00:00:05, { DataRate: 96, SignalStrength: 11, AntiFragility: 69}, IQ: 61]
       [Network #15, Technology = Wifi, Address = 02-06-00:00:00:00:00:11, { DataRate: 69, SignalStrength: 7, AntiFragility: 80}, IQ: 59]
       [Network #19, Technology = Wimax, Address = 02-06-00:00:00:00:00:16, { DataRate: 15, SignalStrength: 16, AntiFragility: 64}, IQ: 39]
       [Network #5, Technology = Wifi, Address = 02-06-00:00:00:00:00:07, { DataRate: 15, SignalStrength: 39, AntiFragility: 35}, IQ: 31]
       [Network #13, Technology = Wifi, Address = 02-06-00:00:00:00:00:0f, { DataRate: 9, SignalStrength: 57, AntiFragility: 23}, IQ: 28]
       [Network #12, Technology = Wifi, Address = 02-06-00:00:00:00:00:0e, { DataRate: 80, SignalStrength: 8, AntiFragility: 11}, IQ: 27]
       [Network #17, Technology = Wifi, Address = 02-06-00:00:00:00:00:13, { DataRate: 41, SignalStrength: 52, AntiFragility: 6}, IQ: 26]
       [Network #10, Technology = Wifi, Address = 02-06-00:00:00:00:00:0c, { DataRate: 12, SignalStrength: 77, AntiFragility: 7}, IQ: 25]
135s ExecutionModule:Run(): Decision time => Seconds: 0, Miliseconds: 253
135s ExecutionModule:Run(): Handover time => Seconds: 0, Miliseconds: 191
135s ExecutionModule:Run(): Event: Horizontal Handover.
135s DeviceModule:MoveRandom(): New position: (88, 121)
136s DeviceModule:MoveRandom(): New position: (88, 124)
137s DeviceModule:MoveRandom(): New position: (88, 121)
138s DeviceModule:MoveRandom(): New position: (88, 124)
139s DeviceModule:MoveRandom(): New position: (88, 121)
140s DeviceModule:MoveRandom(): New position: (88, 124)
141s DeviceModule:MoveRandom(): New position: (91, 124)
142s DeviceModule:MoveRandom(): New position: (88, 124)
143s DeviceModule:MoveRandom(): New position: (91, 124)
144s DeviceModule:MoveRandom(): New position: (91, 121)
145s DeviceModule:MoveRandom(): New position: (91, 118)
146s DeviceModule:MoveRandom(): New position: (94, 118)
146s DecisionModule:AddNetworkToList(): Network detected
147s DeviceModule:MoveRandom(): New position: (97, 118)
148s DeviceModule:MoveRandom(): New position: (97, 115)
149s DeviceModule:MoveRandom(): New position: (97, 112)
150s DecisionModule:Run(): Run decision
150s DecisionModule:AnalyzingNetworks(): Current Network: 
       [Network #0, Technology = Wifi, Address = 02-06-00:00:00:00:00:02, { DataRate: 93, SignalStrength: 68, AntiFragility: 69}, IQ: 74]
150s DecisionModule:ShowAllNetworks(): All detected networks:
       [Network #0, Technology = Wifi, Address = 02-06-00:00:00:00:00:02, { DataRate: 93, SignalStrength: 68, AntiFragility: 69}, IQ: 74]
       [Network #18, Technology = Wimax, Address = 02-06-00:00:00:00:00:15, { DataRate: 45, SignalStrength: 89, AntiFragility: 58}, IQ: 62]
       [Network #10, Technology = Wifi, Address = 02-06-00:00:00:00:00:0c, { DataRate: 36, SignalStrength: 79, AntiFragility: 67}, IQ: 62]
       [Network #12, Technology = Wifi, Address = 02-06-00:00:00:00:00:0e, { DataRate: 75, SignalStrength: 21, AntiFragility: 72}, IQ: 60]
       [Network #3, Technology = Wifi, Address = 02-06-00:00:00:00:00:05, { DataRate: 35, SignalStrength: 68, AntiFragility: 61}, IQ: 56]
       [Network #19, Technology = Wimax, Address = 02-06-00:00:00:00:00:16, { DataRate: 64, SignalStrength: 34, AntiFragility: 62}, IQ: 55]
       [Network #5, Technology = Wifi, Address = 02-06-00:00:00:00:00:07, { DataRate: 50, SignalStrength: 70, AntiFragility: 46}, IQ: 53]
       [Network #14, Technology = Wifi, Address = 02-06-00:00:00:00:00:10, { DataRate: 13, SignalStrength: 19, AntiFragility: 89}, IQ: 52]
       [Network #17, Technology = Wifi, Address = 02-06-00:00:00:00:00:13, { DataRate: 65, SignalStrength: 62, AntiFragility: 37}, IQ: 50]
       [Network #7, Technology = Wifi, Address = 02-06-00:00:00:00:00:09, { DataRate: 88, SignalStrength: 90, AntiFragility: 6}, IQ: 47]
       [Network #15, Technology = Wifi, Address = 02-06-00:00:00:00:00:11, { DataRate: 74, SignalStrength: 49, AntiFragility: 9}, IQ: 35]
       [Network #1, Technology = Wifi, Address = 02-06-00:00:00:00:00:03, { DataRate: 1, SignalStrength: 64, AntiFragility: 37}, IQ: 34]
       [Network #13, Technology = Wifi, Address = 02-06-00:00:00:00:00:0f, { DataRate: 10, SignalStrength: 62, AntiFragility: 32}, IQ: 34]
       [Network #16, Technology = Wifi, Address = 02-06-00:00:00:00:00:12, { DataRate: 30, SignalStrength: 57, AntiFragility: 17}, IQ: 30]
150s ExecutionModule:Run(): Decision time => Seconds: 0, Miliseconds: 433
150s ExecutionModule:Run(): Handover time => Seconds: 0, Miliseconds: 161
150s ExecutionModule:Run(): Event: Horizontal Handover.
150s DeviceModule:MoveRandom(): New position: (97, 109)
151s DeviceModule:MoveRandom(): New position: (94, 109)
152s DeviceModule:MoveRandom(): New position: (97, 109)
153s DeviceModule:MoveRandom(): New position: (100, 109)
154s DeviceModule:MoveRandom(): New position: (100, 106)
155s DeviceModule:MoveRandom(): New position: (100, 109)
156s DeviceModule:MoveRandom(): New position: (97, 109)
157s DeviceModule:MoveRandom(): New position: (97, 112)
158s DeviceModule:MoveRandom(): New position: (97, 115)
159s DeviceModule:MoveRandom(): New position: (97, 118)
160s DeviceModule:MoveRandom(): New position: (100, 118)
160s DecisionModule:RemoveNetworkFromList(): Network: 3 out of range!
160s DecisionModule:AddNetworkToList(): Network detected
161s DeviceModule:MoveRandom(): New position: (100, 121)
162s DeviceModule:MoveRandom(): New position: (97, 121)
162s DecisionModule:AddNetworkToList(): Network detected
162s DecisionModule:RemoveNetworkFromList(): Network: 9 out of range!
163s DeviceModule:MoveRandom(): New position: (97, 118)
164s DeviceModule:MoveRandom(): New position: (100, 118)
164s DecisionModule:RemoveNetworkFromList(): Network: 3 out of range!
164s DecisionModule:AddNetworkToList(): Network detected
165s DecisionModule:Run(): Run decision
165s DecisionModule:AnalyzingNetworks(): Current Network: 
       [Network #0, Technology = Wifi, Address = 02-06-00:00:00:00:00:02, { DataRate: 97, SignalStrength: 38, AntiFragility: 98}, IQ: 82]
165s DecisionModule:ShowAllNetworks(): All detected networks:
       [Network #0, Technology = Wifi, Address = 02-06-00:00:00:00:00:02, { DataRate: 97, SignalStrength: 38, AntiFragility: 98}, IQ: 82]
       [Network #9, Technology = Wifi, Address = 02-06-00:00:00:00:00:0b, { DataRate: 87, SignalStrength: 97, AntiFragility: 71}, IQ: 81]
       [Network #19, Technology = Wimax, Address = 02-06-00:00:00:00:00:16, { DataRate: 98, SignalStrength: 42, AntiFragility: 76}, IQ: 73]
       [Network #16, Technology = Wifi, Address = 02-06-00:00:00:00:00:12, { DataRate: 22, SignalStrength: 58, AntiFragility: 99}, IQ: 69]
       [Network #12, Technology = Wifi, Address = 02-06-00:00:00:00:00:0e, { DataRate: 89, SignalStrength: 18, AntiFragility: 76}, IQ: 64]
       [Network #7, Technology = Wifi, Address = 02-06-00:00:00:00:00:09, { DataRate: 23, SignalStrength: 14, AntiFragility: 99}, IQ: 58]
       [Network #13, Technology = Wifi, Address = 02-06-00:00:00:00:00:0f, { DataRate: 49, SignalStrength: 21, AntiFragility: 81}, IQ: 58]
       [Network #10, Technology = Wifi, Address = 02-06-00:00:00:00:00:0c, { DataRate: 43, SignalStrength: 85, AntiFragility: 46}, IQ: 55]
       [Network #15, Technology = Wifi, Address = 02-06-00:00:00:00:00:11, { DataRate: 12, SignalStrength: 12, AntiFragility: 96}, IQ: 54]
       [Network #17, Technology = Wifi, Address = 02-06-00:00:00:00:00:13, { DataRate: 46, SignalStrength: 2, AntiFragility: 81}, IQ: 52]
       [Network #18, Technology = Wimax, Address = 02-06-00:00:00:00:00:15, { DataRate: 37, SignalStrength: 47, AntiFragility: 58}, IQ: 50]
       [Network #1, Technology = Wifi, Address = 02-06-00:00:00:00:00:03, { DataRate: 2, SignalStrength: 23, AntiFragility: 86}, IQ: 49]
       [Network #5, Technology = Wifi, Address = 02-06-00:00:00:00:00:07, { DataRate: 43, SignalStrength: 20, AntiFragility: 66}, IQ: 48]
       [Network #14, Technology = Wifi, Address = 02-06-00:00:00:00:00:10, { DataRate: 13, SignalStrength: 77, AntiFragility: 14}, IQ: 29]
165s DeviceModule:MoveRandom(): New position: (103, 118)
166s DeviceModule:MoveRandom(): New position: (100, 118)
167s DeviceModule:MoveRandom(): New position: (103, 118)
168s DeviceModule:MoveRandom(): New position: (100, 118)
169s DeviceModule:MoveRandom(): New position: (97, 118)
169s DecisionModule:AddNetworkToList(): Network detected
169s DecisionModule:RemoveNetworkFromList(): Network: 9 out of range!
170s DeviceModule:MoveRandom(): New position: (97, 115)
171s DeviceModule:MoveRandom(): New position: (100, 115)
172s DeviceModule:MoveRandom(): New position: (97, 115)
173s DeviceModule:MoveRandom(): New position: (97, 118)
174s DeviceModule:MoveRandom(): New position: (97, 115)
175s DeviceModule:MoveRandom(): New position: (97, 112)
176s DeviceModule:MoveRandom(): New position: (94, 112)
177s DeviceModule:MoveRandom(): New position: (97, 112)
178s DeviceModule:MoveRandom(): New position: (97, 109)
179s DeviceModule:MoveRandom(): New position: (94, 109)
180s DecisionModule:Run(): Run decision
180s DecisionModule:AnalyzingNetworks(): Current Network: 
       [Network #1, Technology = Wifi, Address = 02-06-00:00:00:00:00:03, { DataRate: 89, SignalStrength: 66, AntiFragility: 97}, IQ: 87]
180s DecisionModule:ShowAllNetworks(): All detected networks:
       [Network #1, Technology = Wifi, Address = 02-06-00:00:00:00:00:03, { DataRate: 89, SignalStrength: 66, AntiFragility: 97}, IQ: 87]
       [Network #3, Technology = Wifi, Address = 02-06-00:00:00:00:00:05, { DataRate: 87, SignalStrength: 81, AntiFragility: 87}, IQ: 85]
       [Network #19, Technology = Wimax, Address = 02-06-00:00:00:00:00:16, { DataRate: 56, SignalStrength: 99, AntiFragility: 87}, IQ: 82]
       [Network #12, Technology = Wifi, Address = 02-06-00:00:00:00:00:0e, { DataRate: 62, SignalStrength: 63, AntiFragility: 75}, IQ: 68]
       [Network #15, Technology = Wifi, Address = 02-06-00:00:00:00:00:11, { DataRate: 30, SignalStrength: 84, AntiFragility: 79}, IQ: 68]
       [Network #7, Technology = Wifi, Address = 02-06-00:00:00:00:00:09, { DataRate: 74, SignalStrength: 69, AntiFragility: 58}, IQ: 64]
       [Network #13, Technology = Wifi, Address = 02-06-00:00:00:00:00:0f, { DataRate: 96, SignalStrength: 22, AntiFragility: 45}, IQ: 52]
       [Network #0, Technology = Wifi, Address = 02-06-00:00:00:00:00:02, { DataRate: 14, SignalStrength: 60, AntiFragility: 56}, IQ: 46]
       [Network #10, Technology = Wifi, Address = 02-06-00:00:00:00:00:0c, { DataRate: 8, SignalStrength: 37, AntiFragility: 61}, IQ: 41]
       [Network #16, Technology = Wifi, Address = 02-06-00:00:00:00:00:12, { DataRate: 37, SignalStrength: 66, AntiFragility: 30}, IQ: 40]
       [Network #17, Technology = Wifi, Address = 02-06-00:00:00:00:00:13, { DataRate: 53, SignalStrength: 18, AntiFragility: 43}, IQ: 39]
       [Network #14, Technology = Wifi, Address = 02-06-00:00:00:00:00:10, { DataRate: 21, SignalStrength: 36, AntiFragility: 43}, IQ: 35]
       [Network #18, Technology = Wimax, Address = 02-06-00:00:00:00:00:15, { DataRate: 29, SignalStrength: 27, AntiFragility: 9}, IQ: 18]
       [Network #5, Technology = Wifi, Address = 02-06-00:00:00:00:00:07, { DataRate: 22, SignalStrength: 6, AntiFragility: 5}, IQ: 9]
180s ExecutionModule:Run(): Decision time => Seconds: 0, Miliseconds: 241
180s ExecutionModule:Run(): Handover time => Seconds: 0, Miliseconds: 121
180s ExecutionModule:Run(): Event: Horizontal Handover.
180s DeviceModule:MoveRandom(): New position: (91, 109)
181s DeviceModule:MoveRandom(): New position: (94, 109)
182s DeviceModule:MoveRandom(): New position: (91, 109)
183s DeviceModule:MoveRandom(): New position: (88, 109)
183s DecisionModule:RemoveNetworkFromList(): Network: 0 out of range!
183s DecisionModule:RemoveNetworkFromList(): Network: 5 out of range!
184s DeviceModule:MoveRandom(): New position: (88, 112)
184s DecisionModule:AddNetworkToList(): Network detected
185s DeviceModule:MoveRandom(): New position: (85, 112)
185s DecisionModule:RemoveNetworkFromList(): Network: 5 out of range!
186s DeviceModule:MoveRandom(): New position: (88, 112)
186s DecisionModule:AddNetworkToList(): Network detected
187s DeviceModule:MoveRandom(): New position: (88, 109)
187s DecisionModule:RemoveNetworkFromList(): Network: 5 out of range!
188s DeviceModule:MoveRandom(): New position: (88, 112)
188s DecisionModule:AddNetworkToList(): Network detected
189s DeviceModule:MoveRandom(): New position: (85, 112)
189s DecisionModule:RemoveNetworkFromList(): Network: 5 out of range!
190s DeviceModule:MoveRandom(): New position: (88, 112)
190s DecisionModule:AddNetworkToList(): Network detected
191s DeviceModule:MoveRandom(): New position: (91, 112)
192s DeviceModule:MoveRandom(): New position: (91, 109)
192s DecisionModule:AddNetworkToList(): Network detected
193s DeviceModule:MoveRandom(): New position: (91, 106)
194s DeviceModule:MoveRandom(): New position: (91, 109)
195s DecisionModule:Run(): Run decision
195s DecisionModule:AnalyzingNetworks(): Current Network: 
       [Network #15, Technology = Wifi, Address = 02-06-00:00:00:00:00:11, { DataRate: 93, SignalStrength: 44, AntiFragility: 88}, IQ: 78]
195s DecisionModule:ShowAllNetworks(): All detected networks:
       [Network #15, Technology = Wifi, Address = 02-06-00:00:00:00:00:11, { DataRate: 93, SignalStrength: 44, AntiFragility: 88}, IQ: 78]
       [Network #7, Technology = Wifi, Address = 02-06-00:00:00:00:00:09, { DataRate: 3, SignalStrength: 93, AntiFragility: 90}, IQ: 69]
       [Network #14, Technology = Wifi, Address = 02-06-00:00:00:00:00:10, { DataRate: 8, SignalStrength: 85, AntiFragility: 82}, IQ: 64]
       [Network #0, Technology = Wifi, Address = 02-06-00:00:00:00:00:02, { DataRate: 26, SignalStrength: 71, AntiFragility: 79}, IQ: 63]
       [Network #19, Technology = Wimax, Address = 02-06-00:00:00:00:00:16, { DataRate: 30, SignalStrength: 4, AntiFragility: 69}, IQ: 43]
       [Network #12, Technology = Wifi, Address = 02-06-00:00:00:00:00:0e, { DataRate: 15, SignalStrength: 30, AntiFragility: 64}, IQ: 43]
       [Network #10, Technology = Wifi, Address = 02-06-00:00:00:00:00:0c, { DataRate: 54, SignalStrength: 25, AntiFragility: 41}, IQ: 40]
       [Network #1, Technology = Wifi, Address = 02-06-00:00:00:00:00:03, { DataRate: 68, SignalStrength: 4, AntiFragility: 42}, IQ: 39]
       [Network #3, Technology = Wifi, Address = 02-06-00:00:00:00:00:05, { DataRate: 6, SignalStrength: 13, AntiFragility: 61}, IQ: 35]
       [Network #16, Technology = Wifi, Address = 02-06-00:00:00:00:00:12, { DataRate: 44, SignalStrength: 77, AntiFragility: 4}, IQ: 32]
       [Network #13, Technology = Wifi, Address = 02-06-00:00:00:00:00:0f, { DataRate: 64, SignalStrength: 61, AntiFragility: 1}, IQ: 31]
       [Network #17, Technology = Wifi, Address = 02-06-00:00:00:00:00:13, { DataRate: 4, SignalStrength: 71, AntiFragility: 24}, IQ: 30]
       [Network #18, Technology = Wimax, Address = 02-06-00:00:00:00:00:15, { DataRate: 16, SignalStrength: 10, AntiFragility: 40}, IQ: 26]
       [Network #5, Technology = Wifi, Address = 02-06-00:00:00:00:00:07, { DataRate: 21, SignalStrength: 54, AntiFragility: 12}, IQ: 24]
195s ExecutionModule:Run(): Decision time => Seconds: 0, Miliseconds: 242
195s ExecutionModule:Run(): Handover time => Seconds: 0, Miliseconds: 122
195s ExecutionModule:Run(): Event: Horizontal Handover.
195s DeviceModule:MoveRandom(): New position: (94, 109)
196s DeviceModule:MoveRandom(): New position: (97, 109)
197s DeviceModule:MoveRandom(): New position: (94, 109)
198s DeviceModule:MoveRandom(): New position: (97, 109)
199s DeviceModule:MoveRandom(): New position: (94, 109)
