Waf: Entering directory `/home/renan/Documents/NR2/ns-allinone-3.20/ns-3.20/build'
Waf: Leaving directory `/home/renan/Documents/NR2/ns-allinone-3.20/ns-3.20/build'
'build' finished successfully (1.796s)
0s NetworkModule:SetPosition(): Network 0 set position => (142, 57)
0s NetworkModule:SetRange(): Network 0 set range => 100
0s NetworkModule:SetPosition(): Network 1 set position => (92, 20)
0s NetworkModule:SetRange(): Network 1 set range => 100
0s NetworkModule:SetPosition(): Network 2 set position => (41, 29)
0s NetworkModule:SetRange(): Network 2 set range => 100
0s NetworkModule:SetPosition(): Network 3 set position => (2, 99)
0s NetworkModule:SetRange(): Network 3 set range => 100
0s NetworkModule:SetPosition(): Network 4 set position => (17, 161)
0s NetworkModule:SetRange(): Network 4 set range => 100
0s NetworkModule:SetPosition(): Network 5 set position => (88, 27)
0s NetworkModule:SetRange(): Network 5 set range => 100
0s NetworkModule:SetPosition(): Network 6 set position => (115, 157)
0s NetworkModule:SetRange(): Network 6 set range => 100
0s NetworkModule:SetPosition(): Network 7 set position => (6, 124)
0s NetworkModule:SetRange(): Network 7 set range => 100
0s NetworkModule:SetPosition(): Network 8 set position => (154, 94)
0s NetworkModule:SetRange(): Network 8 set range => 100
0s NetworkModule:SetPosition(): Network 9 set position => (178, 139)
0s NetworkModule:SetRange(): Network 9 set range => 100
0s NetworkModule:SetPosition(): Network 10 set position => (36, 60)
0s NetworkModule:SetRange(): Network 10 set range => 100
0s NetworkModule:SetPosition(): Network 11 set position => (95, 0)
0s NetworkModule:SetRange(): Network 11 set range => 100
0s NetworkModule:SetPosition(): Network 12 set position => (169, 98)
0s NetworkModule:SetRange(): Network 12 set range => 100
0s NetworkModule:SetPosition(): Network 13 set position => (34, 183)
0s NetworkModule:SetRange(): Network 13 set range => 100
0s NetworkModule:SetPosition(): Network 14 set position => (53, 108)
0s NetworkModule:SetRange(): Network 14 set range => 100
0s NetworkModule:SetPosition(): Network 15 set position => (165, 51)
0s NetworkModule:SetRange(): Network 15 set range => 100
0s NetworkModule:SetPosition(): Network 16 set position => (71, 147)
0s NetworkModule:SetRange(): Network 16 set range => 100
0s NetworkModule:SetPosition(): Network 17 set position => (176, 57)
0s NetworkModule:SetRange(): Network 17 set range => 100
0s NetworkModule:SetPosition(): Network 18 set position => (108, 64)
0s NetworkModule:SetRange(): Network 18 set range => 100
0s NetworkModule:SetPosition(): Network 19 set position => (25, 130)
0s NetworkModule:SetRange(): Network 19 set range => 100
0s DeviceModule:ConfigureMobility(): Device [init x = 100, init y = 100, max = 200, velocity = 1]
1s DeviceModule:MoveRandom(): New position: (99, 100)
1s DecisionModule:AddNetworkToList(): Network detected
1s DecisionModule:AddNetworkToList(): Network detected
1s DecisionModule:AddNetworkToList(): Network detected
1s DecisionModule:AddNetworkToList(): Network detected
1s DecisionModule:AddNetworkToList(): Network detected
1s DecisionModule:AddNetworkToList(): Network detected
1s DecisionModule:AddNetworkToList(): Network detected
1s DecisionModule:AddNetworkToList(): Network detected
1s DecisionModule:AddNetworkToList(): Network detected
1s DecisionModule:AddNetworkToList(): Network detected
1s DecisionModule:AddNetworkToList(): Network detected
1s DecisionModule:AddNetworkToList(): Network detected
1s DecisionModule:AddNetworkToList(): Network detected
1s DecisionModule:AddNetworkToList(): Network detected
1s DecisionModule:AddNetworkToList(): Network detected
1s DecisionModule:AddNetworkToList(): Network detected
1s DecisionModule:AddNetworkToList(): Network detected
1s DecisionModule:AddNetworkToList(): Network detected
2s DeviceModule:MoveRandom(): New position: (99, 99)
3s DeviceModule:MoveRandom(): New position: (100, 99)
4s DeviceModule:MoveRandom(): New position: (99, 99)
5s DeviceModule:MoveRandom(): New position: (99, 98)
6s DeviceModule:MoveRandom(): New position: (99, 97)
7s DeviceModule:MoveRandom(): New position: (99, 98)
8s DeviceModule:MoveRandom(): New position: (98, 98)
9s DeviceModule:MoveRandom(): New position: (99, 98)
10s DeviceModule:MoveRandom(): New position: (98, 98)
11s DeviceModule:MoveRandom(): New position: (97, 98)
12s DeviceModule:MoveRandom(): New position: (97, 97)
13s DeviceModule:MoveRandom(): New position: (97, 98)
14s DeviceModule:MoveRandom(): New position: (98, 98)
15s DecisionModule:Run(): Run decision
15s DecisionModule:AnalyzingNetworks(): Current Network: 
       [Network #19, Technology = Wimax, Address = 02-06-00:00:00:00:00:16, { DataRate: 46, SignalStrength: 86, AntiFragility: 97}, IQ: 81]
15s DecisionModule:ShowAllNetworks(): All detected networks:
       [Network #19, Technology = Wimax, Address = 02-06-00:00:00:00:00:16, { DataRate: 46, SignalStrength: 86, AntiFragility: 97}, IQ: 81]
       [Network #17, Technology = Wifi, Address = 02-06-00:00:00:00:00:13, { DataRate: 96, SignalStrength: 88, AntiFragility: 60}, IQ: 76]
       [Network #8, Technology = Wifi, Address = 02-06-00:00:00:00:00:0a, { DataRate: 36, SignalStrength: 91, AntiFragility: 82}, IQ: 72]
       [Network #3, Technology = Wifi, Address = 02-06-00:00:00:00:00:05, { DataRate: 68, SignalStrength: 37, AntiFragility: 91}, IQ: 71]
       [Network #15, Technology = Wifi, Address = 02-06-00:00:00:00:00:11, { DataRate: 77, SignalStrength: 35, AntiFragility: 64}, IQ: 60]
       [Network #11, Technology = Wifi, Address = 02-06-00:00:00:00:00:0d, { DataRate: 91, SignalStrength: 95, AntiFragility: 18}, IQ: 55]
       [Network #7, Technology = Wifi, Address = 02-06-00:00:00:00:00:09, { DataRate: 49, SignalStrength: 36, AntiFragility: 64}, IQ: 53]
       [Network #14, Technology = Wifi, Address = 02-06-00:00:00:00:00:10, { DataRate: 35, SignalStrength: 92, AntiFragility: 44}, IQ: 53]
       [Network #9, Technology = Wifi, Address = 02-06-00:00:00:00:00:0b, { DataRate: 87, SignalStrength: 59, AntiFragility: 17}, IQ: 45]
       [Network #10, Technology = Wifi, Address = 02-06-00:00:00:00:00:0c, { DataRate: 84, SignalStrength: 25, AntiFragility: 35}, IQ: 44]
       [Network #2, Technology = Wifi, Address = 02-06-00:00:00:00:00:04, { DataRate: 38, SignalStrength: 90, AntiFragility: 25}, IQ: 44]
       [Network #6, Technology = Wifi, Address = 02-06-00:00:00:00:00:08, { DataRate: 23, SignalStrength: 61, AntiFragility: 42}, IQ: 42]
       [Network #16, Technology = Wifi, Address = 02-06-00:00:00:00:00:12, { DataRate: 14, SignalStrength: 46, AntiFragility: 37}, IQ: 33]
       [Network #18, Technology = Wimax, Address = 02-06-00:00:00:00:00:15, { DataRate: 9, SignalStrength: 4, AntiFragility: 61}, IQ: 33]
       [Network #0, Technology = Wifi, Address = 02-06-00:00:00:00:00:02, { DataRate: 31, SignalStrength: 62, AntiFragility: 18}, IQ: 32]
       [Network #5, Technology = Wifi, Address = 02-06-00:00:00:00:00:07, { DataRate: 73, SignalStrength: 29, AntiFragility: 11}, IQ: 31]
       [Network #1, Technology = Wifi, Address = 02-06-00:00:00:00:00:03, { DataRate: 36, SignalStrength: 29, AntiFragility: 19}, IQ: 25]
       [Network #12, Technology = Wifi, Address = 02-06-00:00:00:00:00:0e, { DataRate: 54, SignalStrength: 14, AntiFragility: 6}, IQ: 20]
15s DeviceModule:MoveRandom(): New position: (98, 99)
16s DeviceModule:MoveRandom(): New position: (98, 98)
17s DeviceModule:MoveRandom(): New position: (97, 98)
18s DeviceModule:MoveRandom(): New position: (98, 98)
19s DeviceModule:MoveRandom(): New position: (99, 98)
20s DeviceModule:MoveRandom(): New position: (99, 99)
21s DeviceModule:MoveRandom(): New position: (99, 98)
22s DeviceModule:MoveRandom(): New position: (99, 99)
23s DeviceModule:MoveRandom(): New position: (99, 98)
24s DeviceModule:MoveRandom(): New position: (99, 99)
25s DeviceModule:MoveRandom(): New position: (99, 98)
26s DeviceModule:MoveRandom(): New position: (99, 99)
27s DeviceModule:MoveRandom(): New position: (99, 98)
28s DeviceModule:MoveRandom(): New position: (99, 99)
29s DeviceModule:MoveRandom(): New position: (98, 99)
30s DecisionModule:Run(): Run decision
30s DecisionModule:AnalyzingNetworks(): Current Network: 
       [Network #8, Technology = Wifi, Address = 02-06-00:00:00:00:00:0a, { DataRate: 62, SignalStrength: 70, AntiFragility: 92}, IQ: 79]
30s DecisionModule:ShowAllNetworks(): All detected networks:
       [Network #8, Technology = Wifi, Address = 02-06-00:00:00:00:00:0a, { DataRate: 62, SignalStrength: 70, AntiFragility: 92}, IQ: 79]
       [Network #1, Technology = Wifi, Address = 02-06-00:00:00:00:00:03, { DataRate: 73, SignalStrength: 48, AntiFragility: 83}, IQ: 71]
       [Network #15, Technology = Wifi, Address = 02-06-00:00:00:00:00:11, { DataRate: 65, SignalStrength: 23, AntiFragility: 97}, IQ: 70]
       [Network #6, Technology = Wifi, Address = 02-06-00:00:00:00:00:08, { DataRate: 37, SignalStrength: 59, AntiFragility: 91}, IQ: 69]
       [Network #14, Technology = Wifi, Address = 02-06-00:00:00:00:00:10, { DataRate: 53, SignalStrength: 80, AntiFragility: 61}, IQ: 63]
       [Network #2, Technology = Wifi, Address = 02-06-00:00:00:00:00:04, { DataRate: 50, SignalStrength: 86, AntiFragility: 54}, IQ: 61]
       [Network #3, Technology = Wifi, Address = 02-06-00:00:00:00:00:05, { DataRate: 44, SignalStrength: 64, AntiFragility: 67}, IQ: 60]
       [Network #9, Technology = Wifi, Address = 02-06-00:00:00:00:00:0b, { DataRate: 83, SignalStrength: 7, AntiFragility: 73}, IQ: 59]
       [Network #5, Technology = Wifi, Address = 02-06-00:00:00:00:00:07, { DataRate: 87, SignalStrength: 77, AntiFragility: 32}, IQ: 57]
       [Network #7, Technology = Wifi, Address = 02-06-00:00:00:00:00:09, { DataRate: 68, SignalStrength: 9, AntiFragility: 71}, IQ: 54]
       [Network #18, Technology = Wimax, Address = 02-06-00:00:00:00:00:15, { DataRate: 48, SignalStrength: 70, AntiFragility: 49}, IQ: 54]
       [Network #10, Technology = Wifi, Address = 02-06-00:00:00:00:00:0c, { DataRate: 55, SignalStrength: 80, AntiFragility: 37}, IQ: 52]
       [Network #16, Technology = Wifi, Address = 02-06-00:00:00:00:00:12, { DataRate: 78, SignalStrength: 3, AntiFragility: 53}, IQ: 46]
       [Network #17, Technology = Wifi, Address = 02-06-00:00:00:00:00:13, { DataRate: 85, SignalStrength: 41, AntiFragility: 21}, IQ: 42]
       [Network #12, Technology = Wifi, Address = 02-06-00:00:00:00:00:0e, { DataRate: 5, SignalStrength: 15, AntiFragility: 61}, IQ: 35]
       [Network #0, Technology = Wifi, Address = 02-06-00:00:00:00:00:02, { DataRate: 64, SignalStrength: 19, AntiFragility: 15}, IQ: 28]
       [Network #11, Technology = Wifi, Address = 02-06-00:00:00:00:00:0d, { DataRate: 65, SignalStrength: 34, AntiFragility: 5}, IQ: 27]
       [Network #19, Technology = Wimax, Address = 02-06-00:00:00:00:00:16, { DataRate: 16, SignalStrength: 34, AntiFragility: 6}, IQ: 15]
30s ExecutionModule:Run(): Decision time => Seconds: 0, Miliseconds: 284
30s ExecutionModule:Run(): Handover time => Seconds: 0, Miliseconds: 281
30s ExecutionModule:Run(): Event: Vertical Handover.
30s DeviceModule:MoveRandom(): New position: (97, 99)
31s DeviceModule:MoveRandom(): New position: (97, 100)
31s DecisionModule:AddNetworkToList(): Network detected
32s DeviceModule:MoveRandom(): New position: (97, 99)
32s DecisionModule:RemoveNetworkFromList(): Network: 4 out of range!
33s DeviceModule:MoveRandom(): New position: (98, 99)
34s DeviceModule:MoveRandom(): New position: (97, 99)
35s DeviceModule:MoveRandom(): New position: (98, 99)
36s DeviceModule:MoveRandom(): New position: (98, 100)
37s DeviceModule:MoveRandom(): New position: (97, 100)
37s DecisionModule:AddNetworkToList(): Network detected
38s DeviceModule:MoveRandom(): New position: (96, 100)
39s DeviceModule:MoveRandom(): New position: (96, 101)
39s DecisionModule:RemoveNetworkFromList(): Network: 11 out of range!
40s DeviceModule:MoveRandom(): New position: (97, 101)
41s DeviceModule:MoveRandom(): New position: (96, 101)
42s DeviceModule:MoveRandom(): New position: (95, 101)
43s DeviceModule:MoveRandom(): New position: (95, 102)
44s DeviceModule:MoveRandom(): New position: (95, 103)
44s DecisionModule:AddNetworkToList(): Network detected
45s DecisionModule:Run(): Run decision
45s DecisionModule:AnalyzingNetworks(): Current Network: 
       [Network #0, Technology = Wifi, Address = 02-06-00:00:00:00:00:02, { DataRate: 76, SignalStrength: 85, AntiFragility: 92}, IQ: 86]
45s DecisionModule:ShowAllNetworks(): All detected networks:
       [Network #0, Technology = Wifi, Address = 02-06-00:00:00:00:00:02, { DataRate: 76, SignalStrength: 85, AntiFragility: 92}, IQ: 86]
       [Network #10, Technology = Wifi, Address = 02-06-00:00:00:00:00:0c, { DataRate: 96, SignalStrength: 58, AntiFragility: 94}, IQ: 85]
       [Network #1, Technology = Wifi, Address = 02-06-00:00:00:00:00:03, { DataRate: 85, SignalStrength: 77, AntiFragility: 67}, IQ: 74]
       [Network #9, Technology = Wifi, Address = 02-06-00:00:00:00:00:0b, { DataRate: 96, SignalStrength: 30, AntiFragility: 77}, IQ: 70]
       [Network #19, Technology = Wimax, Address = 02-06-00:00:00:00:00:16, { DataRate: 53, SignalStrength: 35, AntiFragility: 73}, IQ: 58]
       [Network #16, Technology = Wifi, Address = 02-06-00:00:00:00:00:12, { DataRate: 73, SignalStrength: 17, AntiFragility: 69}, IQ: 57]
       [Network #13, Technology = Wifi, Address = 02-06-00:00:00:00:00:0f, { DataRate: 61, SignalStrength: 93, AntiFragility: 36}, IQ: 56]
       [Network #8, Technology = Wifi, Address = 02-06-00:00:00:00:00:0a, { DataRate: 6, SignalStrength: 89, AntiFragility: 61}, IQ: 54]
       [Network #17, Technology = Wifi, Address = 02-06-00:00:00:00:00:13, { DataRate: 26, SignalStrength: 97, AntiFragility: 35}, IQ: 48]
       [Network #12, Technology = Wifi, Address = 02-06-00:00:00:00:00:0e, { DataRate: 37, SignalStrength: 44, AntiFragility: 49}, IQ: 44]
       [Network #3, Technology = Wifi, Address = 02-06-00:00:00:00:00:05, { DataRate: 80, SignalStrength: 23, AntiFragility: 38}, IQ: 44]
       [Network #2, Technology = Wifi, Address = 02-06-00:00:00:00:00:04, { DataRate: 43, SignalStrength: 50, AntiFragility: 41}, IQ: 43]
       [Network #5, Technology = Wifi, Address = 02-06-00:00:00:00:00:07, { DataRate: 36, SignalStrength: 58, AntiFragility: 35}, IQ: 41]
       [Network #4, Technology = Wifi, Address = 02-06-00:00:00:00:00:06, { DataRate: 78, SignalStrength: 23, AntiFragility: 25}, IQ: 37]
       [Network #14, Technology = Wifi, Address = 02-06-00:00:00:00:00:10, { DataRate: 14, SignalStrength: 39, AntiFragility: 47}, IQ: 36]
       [Network #15, Technology = Wifi, Address = 02-06-00:00:00:00:00:11, { DataRate: 23, SignalStrength: 1, AntiFragility: 58}, IQ: 35]
       [Network #7, Technology = Wifi, Address = 02-06-00:00:00:00:00:09, { DataRate: 56, SignalStrength: 78, AntiFragility: 3}, IQ: 35]
       [Network #18, Technology = Wimax, Address = 02-06-00:00:00:00:00:15, { DataRate: 54, SignalStrength: 39, AntiFragility: 9}, IQ: 27]
       [Network #6, Technology = Wifi, Address = 02-06-00:00:00:00:00:08, { DataRate: 14, SignalStrength: 11, AntiFragility: 28}, IQ: 20]
45s ExecutionModule:Run(): Decision time => Seconds: 0, Miliseconds: 292
45s ExecutionModule:Run(): Handover time => Seconds: 0, Miliseconds: 122
45s ExecutionModule:Run(): Event: Horizontal Handover.
45s DeviceModule:MoveRandom(): New position: (95, 102)
45s DecisionModule:RemoveNetworkFromList(): Network: 13 out of range!
46s DeviceModule:MoveRandom(): New position: (95, 103)
46s DecisionModule:AddNetworkToList(): Network detected
47s DeviceModule:MoveRandom(): New position: (95, 102)
47s DecisionModule:RemoveNetworkFromList(): Network: 13 out of range!
48s DeviceModule:MoveRandom(): New position: (94, 102)
48s DecisionModule:AddNetworkToList(): Network detected
49s DeviceModule:MoveRandom(): New position: (93, 102)
50s DeviceModule:MoveRandom(): New position: (94, 102)
51s DeviceModule:MoveRandom(): New position: (94, 101)
51s DecisionModule:RemoveNetworkFromList(): Network: 13 out of range!
52s DeviceModule:MoveRandom(): New position: (94, 102)
52s DecisionModule:AddNetworkToList(): Network detected
53s DeviceModule:MoveRandom(): New position: (94, 101)
53s DecisionModule:RemoveNetworkFromList(): Network: 13 out of range!
54s DeviceModule:MoveRandom(): New position: (94, 100)
54s DecisionModule:AddNetworkToList(): Network detected
55s DeviceModule:MoveRandom(): New position: (94, 99)
56s DeviceModule:MoveRandom(): New position: (94, 98)
57s DeviceModule:MoveRandom(): New position: (94, 99)
58s DeviceModule:MoveRandom(): New position: (93, 99)
59s DeviceModule:MoveRandom(): New position: (93, 98)
60s DecisionModule:Run(): Run decision
60s DecisionModule:AnalyzingNetworks(): Current Network: 
       [Network #19, Technology = Wimax, Address = 02-06-00:00:00:00:00:16, { DataRate: 66, SignalStrength: 22, AntiFragility: 97}, IQ: 70]
60s DecisionModule:ShowAllNetworks(): All detected networks:
       [Network #19, Technology = Wimax, Address = 02-06-00:00:00:00:00:16, { DataRate: 66, SignalStrength: 22, AntiFragility: 97}, IQ: 70]
       [Network #10, Technology = Wifi, Address = 02-06-00:00:00:00:00:0c, { DataRate: 85, SignalStrength: 43, AntiFragility: 70}, IQ: 67]
       [Network #3, Technology = Wifi, Address = 02-06-00:00:00:00:00:05, { DataRate: 74, SignalStrength: 73, AntiFragility: 58}, IQ: 65]
       [Network #2, Technology = Wifi, Address = 02-06-00:00:00:00:00:04, { DataRate: 4, SignalStrength: 43, AntiFragility: 95}, IQ: 59]
       [Network #0, Technology = Wifi, Address = 02-06-00:00:00:00:00:02, { DataRate: 48, SignalStrength: 30, AntiFragility: 67}, IQ: 53]
       [Network #9, Technology = Wifi, Address = 02-06-00:00:00:00:00:0b, { DataRate: 5, SignalStrength: 47, AntiFragility: 78}, IQ: 52]
       [Network #16, Technology = Wifi, Address = 02-06-00:00:00:00:00:12, { DataRate: 58, SignalStrength: 74, AntiFragility: 37}, IQ: 51]
       [Network #4, Technology = Wifi, Address = 02-06-00:00:00:00:00:06, { DataRate: 8, SignalStrength: 52, AntiFragility: 62}, IQ: 46]
       [Network #1, Technology = Wifi, Address = 02-06-00:00:00:00:00:03, { DataRate: 9, SignalStrength: 9, AntiFragility: 79}, IQ: 44]
       [Network #17, Technology = Wifi, Address = 02-06-00:00:00:00:00:13, { DataRate: 88, SignalStrength: 49, AntiFragility: 19}, IQ: 43]
       [Network #18, Technology = Wimax, Address = 02-06-00:00:00:00:00:15, { DataRate: 72, SignalStrength: 28, AntiFragility: 36}, IQ: 43]
       [Network #14, Technology = Wifi, Address = 02-06-00:00:00:00:00:10, { DataRate: 8, SignalStrength: 1, AntiFragility: 80}, IQ: 42]
       [Network #12, Technology = Wifi, Address = 02-06-00:00:00:00:00:0e, { DataRate: 94, SignalStrength: 54, AntiFragility: 9}, IQ: 41]
       [Network #8, Technology = Wifi, Address = 02-06-00:00:00:00:00:0a, { DataRate: 80, SignalStrength: 36, AntiFragility: 23}, IQ: 40]
       [Network #6, Technology = Wifi, Address = 02-06-00:00:00:00:00:08, { DataRate: 13, SignalStrength: 16, AntiFragility: 62}, IQ: 38]
       [Network #15, Technology = Wifi, Address = 02-06-00:00:00:00:00:11, { DataRate: 30, SignalStrength: 38, AntiFragility: 38}, IQ: 36]
       [Network #5, Technology = Wifi, Address = 02-06-00:00:00:00:00:07, { DataRate: 99, SignalStrength: 22, AntiFragility: 4}, IQ: 32]
       [Network #11, Technology = Wifi, Address = 02-06-00:00:00:00:00:0d, { DataRate: 8, SignalStrength: 47, AntiFragility: 24}, IQ: 25]
       [Network #7, Technology = Wifi, Address = 02-06-00:00:00:00:00:09, { DataRate: 4, SignalStrength: 52, AntiFragility: 4}, IQ: 16]
60s ExecutionModule:Run(): Decision time => Seconds: 0, Miliseconds: 495
60s ExecutionModule:Run(): Handover time => Seconds: 0, Miliseconds: 48
60s ExecutionModule:Run(): Event: Vertical Handover.
60s DeviceModule:MoveRandom(): New position: (93, 97)
61s DeviceModule:MoveRandom(): New position: (93, 98)
62s DeviceModule:MoveRandom(): New position: (93, 97)
63s DeviceModule:MoveRandom(): New position: (93, 96)
64s DeviceModule:MoveRandom(): New position: (93, 95)
65s DeviceModule:MoveRandom(): New position: (93, 94)
65s DecisionModule:RemoveNetworkFromList(): Network: 4 out of range!
66s DeviceModule:MoveRandom(): New position: (94, 94)
67s DeviceModule:MoveRandom(): New position: (93, 94)
68s DeviceModule:MoveRandom(): New position: (93, 93)
69s DeviceModule:MoveRandom(): New position: (93, 92)
70s DeviceModule:MoveRandom(): New position: (93, 93)
71s DeviceModule:MoveRandom(): New position: (94, 93)
72s DeviceModule:MoveRandom(): New position: (94, 94)
73s DeviceModule:MoveRandom(): New position: (95, 94)
74s DeviceModule:MoveRandom(): New position: (95, 93)
75s DecisionModule:Run(): Run decision
75s DecisionModule:AnalyzingNetworks(): Current Network: 
       [Network #7, Technology = Wifi, Address = 02-06-00:00:00:00:00:09, { DataRate: 13, SignalStrength: 98, AntiFragility: 95}, IQ: 75]
75s DecisionModule:ShowAllNetworks(): All detected networks:
       [Network #7, Technology = Wifi, Address = 02-06-00:00:00:00:00:09, { DataRate: 13, SignalStrength: 98, AntiFragility: 95}, IQ: 75]
       [Network #11, Technology = Wifi, Address = 02-06-00:00:00:00:00:0d, { DataRate: 50, SignalStrength: 58, AntiFragility: 90}, IQ: 72]
       [Network #10, Technology = Wifi, Address = 02-06-00:00:00:00:00:0c, { DataRate: 44, SignalStrength: 47, AntiFragility: 91}, IQ: 68]
       [Network #17, Technology = Wifi, Address = 02-06-00:00:00:00:00:13, { DataRate: 57, SignalStrength: 59, AntiFragility: 73}, IQ: 65]
       [Network #12, Technology = Wifi, Address = 02-06-00:00:00:00:00:0e, { DataRate: 91, SignalStrength: 43, AntiFragility: 51}, IQ: 59]
       [Network #9, Technology = Wifi, Address = 02-06-00:00:00:00:00:0b, { DataRate: 49, SignalStrength: 14, AntiFragility: 85}, IQ: 58]
       [Network #18, Technology = Wimax, Address = 02-06-00:00:00:00:00:15, { DataRate: 98, SignalStrength: 13, AntiFragility: 62}, IQ: 58]
       [Network #1, Technology = Wifi, Address = 02-06-00:00:00:00:00:03, { DataRate: 46, SignalStrength: 81, AntiFragility: 43}, IQ: 53]
       [Network #14, Technology = Wifi, Address = 02-06-00:00:00:00:00:10, { DataRate: 92, SignalStrength: 4, AntiFragility: 58}, IQ: 53]
       [Network #2, Technology = Wifi, Address = 02-06-00:00:00:00:00:04, { DataRate: 78, SignalStrength: 32, AntiFragility: 47}, IQ: 51]
       [Network #19, Technology = Wimax, Address = 02-06-00:00:00:00:00:16, { DataRate: 89, SignalStrength: 93, AntiFragility: 2}, IQ: 46]
       [Network #16, Technology = Wifi, Address = 02-06-00:00:00:00:00:12, { DataRate: 88, SignalStrength: 46, AntiFragility: 18}, IQ: 42]
       [Network #5, Technology = Wifi, Address = 02-06-00:00:00:00:00:07, { DataRate: 4, SignalStrength: 11, AntiFragility: 76}, IQ: 41]
       [Network #3, Technology = Wifi, Address = 02-06-00:00:00:00:00:05, { DataRate: 41, SignalStrength: 36, AntiFragility: 39}, IQ: 38]
       [Network #15, Technology = Wifi, Address = 02-06-00:00:00:00:00:11, { DataRate: 38, SignalStrength: 40, AntiFragility: 36}, IQ: 37]
       [Network #6, Technology = Wifi, Address = 02-06-00:00:00:00:00:08, { DataRate: 11, SignalStrength: 55, AntiFragility: 35}, IQ: 34]
       [Network #8, Technology = Wifi, Address = 02-06-00:00:00:00:00:0a, { DataRate: 27, SignalStrength: 43, AntiFragility: 30}, IQ: 32]
       [Network #0, Technology = Wifi, Address = 02-06-00:00:00:00:00:02, { DataRate: 5, SignalStrength: 27, AntiFragility: 12}, IQ: 14]
75s ExecutionModule:Run(): Decision time => Seconds: 0, Miliseconds: 672
75s ExecutionModule:Run(): Handover time => Seconds: 0, Miliseconds: 79
75s ExecutionModule:Run(): Event: Vertical Handover.
75s DeviceModule:MoveRandom(): New position: (96, 93)
76s DeviceModule:MoveRandom(): New position: (96, 94)
77s DeviceModule:MoveRandom(): New position: (95, 94)
78s DeviceModule:MoveRandom(): New position: (95, 93)
79s DeviceModule:MoveRandom(): New position: (95, 92)
80s DeviceModule:MoveRandom(): New position: (96, 92)
81s DeviceModule:MoveRandom(): New position: (96, 91)
82s DeviceModule:MoveRandom(): New position: (96, 92)
83s DeviceModule:MoveRandom(): New position: (96, 93)
84s DeviceModule:MoveRandom(): New position: (97, 93)
85s DeviceModule:MoveRandom(): New position: (97, 92)
86s DeviceModule:MoveRandom(): New position: (98, 92)
87s DeviceModule:MoveRandom(): New position: (98, 93)
88s DeviceModule:MoveRandom(): New position: (97, 93)
89s DeviceModule:MoveRandom(): New position: (97, 94)
90s DecisionModule:Run(): Run decision
90s DecisionModule:AnalyzingNetworks(): Current Network: 
       [Network #3, Technology = Wifi, Address = 02-06-00:00:00:00:00:05, { DataRate: 72, SignalStrength: 53, AntiFragility: 98}, IQ: 80]
90s DecisionModule:ShowAllNetworks(): All detected networks:
       [Network #3, Technology = Wifi, Address = 02-06-00:00:00:00:00:05, { DataRate: 72, SignalStrength: 53, AntiFragility: 98}, IQ: 80]
       [Network #16, Technology = Wifi, Address = 02-06-00:00:00:00:00:12, { DataRate: 73, SignalStrength: 61, AntiFragility: 88}, IQ: 77]
       [Network #17, Technology = Wifi, Address = 02-06-00:00:00:00:00:13, { DataRate: 42, SignalStrength: 91, AntiFragility: 83}, IQ: 74]
       [Network #11, Technology = Wifi, Address = 02-06-00:00:00:00:00:0d, { DataRate: 76, SignalStrength: 80, AntiFragility: 62}, IQ: 70]
       [Network #1, Technology = Wifi, Address = 02-06-00:00:00:00:00:03, { DataRate: 61, SignalStrength: 98, AntiFragility: 49}, IQ: 64]
       [Network #7, Technology = Wifi, Address = 02-06-00:00:00:00:00:09, { DataRate: 4, SignalStrength: 37, AntiFragility: 89}, IQ: 54]
       [Network #12, Technology = Wifi, Address = 02-06-00:00:00:00:00:0e, { DataRate: 98, SignalStrength: 59, AntiFragility: 28}, IQ: 53]
       [Network #0, Technology = Wifi, Address = 02-06-00:00:00:00:00:02, { DataRate: 27, SignalStrength: 42, AntiFragility: 57}, IQ: 45]
       [Network #14, Technology = Wifi, Address = 02-06-00:00:00:00:00:10, { DataRate: 15, SignalStrength: 81, AntiFragility: 39}, IQ: 43]
       [Network #6, Technology = Wifi, Address = 02-06-00:00:00:00:00:08, { DataRate: 58, SignalStrength: 17, AntiFragility: 43}, IQ: 40]
       [Network #18, Technology = Wimax, Address = 02-06-00:00:00:00:00:15, { DataRate: 73, SignalStrength: 65, AntiFragility: 3}, IQ: 36]
       [Network #2, Technology = Wifi, Address = 02-06-00:00:00:00:00:04, { DataRate: 18, SignalStrength: 86, AntiFragility: 19}, IQ: 35]
       [Network #15, Technology = Wifi, Address = 02-06-00:00:00:00:00:11, { DataRate: 52, SignalStrength: 65, AntiFragility: 10}, IQ: 34]
       [Network #19, Technology = Wimax, Address = 02-06-00:00:00:00:00:16, { DataRate: 59, SignalStrength: 62, AntiFragility: 8}, IQ: 34]
       [Network #5, Technology = Wifi, Address = 02-06-00:00:00:00:00:07, { DataRate: 89, SignalStrength: 3, AntiFragility: 7}, IQ: 26]
       [Network #9, Technology = Wifi, Address = 02-06-00:00:00:00:00:0b, { DataRate: 11, SignalStrength: 81, AntiFragility: 6}, IQ: 26]
       [Network #10, Technology = Wifi, Address = 02-06-00:00:00:00:00:0c, { DataRate: 47, SignalStrength: 18, AntiFragility: 16}, IQ: 24]
       [Network #8, Technology = Wifi, Address = 02-06-00:00:00:00:00:0a, { DataRate: 13, SignalStrength: 42, AntiFragility: 8}, IQ: 17]
90s ExecutionModule:Run(): Decision time => Seconds: 0, Miliseconds: 283
90s ExecutionModule:Run(): Handover time => Seconds: 0, Miliseconds: 124
90s ExecutionModule:Run(): Event: Horizontal Handover.
90s DeviceModule:MoveRandom(): New position: (98, 94)
91s DeviceModule:MoveRandom(): New position: (97, 94)
92s DeviceModule:MoveRandom(): New position: (97, 95)
93s DeviceModule:MoveRandom(): New position: (98, 95)
94s DeviceModule:MoveRandom(): New position: (97, 95)
95s DeviceModule:MoveRandom(): New position: (96, 95)
96s DeviceModule:MoveRandom(): New position: (97, 95)
97s DeviceModule:MoveRandom(): New position: (97, 94)
98s DeviceModule:MoveRandom(): New position: (97, 95)
99s DeviceModule:MoveRandom(): New position: (97, 96)
100s DeviceModule:MoveRandom(): New position: (97, 97)
101s DeviceModule:MoveRandom(): New position: (96, 97)
102s DeviceModule:MoveRandom(): New position: (97, 97)
103s DeviceModule:MoveRandom(): New position: (97, 96)
104s DeviceModule:MoveRandom(): New position: (97, 97)
105s DecisionModule:Run(): Run decision
105s DecisionModule:AnalyzingNetworks(): Current Network: 
       [Network #1, Technology = Wifi, Address = 02-06-00:00:00:00:00:03, { DataRate: 98, SignalStrength: 59, AntiFragility: 85}, IQ: 81]
105s DecisionModule:ShowAllNetworks(): All detected networks:
       [Network #1, Technology = Wifi, Address = 02-06-00:00:00:00:00:03, { DataRate: 98, SignalStrength: 59, AntiFragility: 85}, IQ: 81]
       [Network #17, Technology = Wifi, Address = 02-06-00:00:00:00:00:13, { DataRate: 42, SignalStrength: 47, AntiFragility: 93}, IQ: 68]
       [Network #12, Technology = Wifi, Address = 02-06-00:00:00:00:00:0e, { DataRate: 84, SignalStrength: 96, AntiFragility: 42}, IQ: 66]
       [Network #7, Technology = Wifi, Address = 02-06-00:00:00:00:00:09, { DataRate: 69, SignalStrength: 35, AntiFragility: 78}, IQ: 65]
       [Network #16, Technology = Wifi, Address = 02-06-00:00:00:00:00:12, { DataRate: 8, SignalStrength: 45, AntiFragility: 94}, IQ: 60]
       [Network #9, Technology = Wifi, Address = 02-06-00:00:00:00:00:0b, { DataRate: 52, SignalStrength: 89, AntiFragility: 46}, IQ: 58]
       [Network #10, Technology = Wifi, Address = 02-06-00:00:00:00:00:0c, { DataRate: 88, SignalStrength: 84, AntiFragility: 30}, IQ: 58]
       [Network #5, Technology = Wifi, Address = 02-06-00:00:00:00:00:07, { DataRate: 41, SignalStrength: 11, AntiFragility: 77}, IQ: 51]
       [Network #0, Technology = Wifi, Address = 02-06-00:00:00:00:00:02, { DataRate: 40, SignalStrength: 61, AntiFragility: 51}, IQ: 50]
       [Network #15, Technology = Wifi, Address = 02-06-00:00:00:00:00:11, { DataRate: 52, SignalStrength: 8, AntiFragility: 67}, IQ: 48]
       [Network #11, Technology = Wifi, Address = 02-06-00:00:00:00:00:0d, { DataRate: 36, SignalStrength: 18, AntiFragility: 60}, IQ: 43]
       [Network #2, Technology = Wifi, Address = 02-06-00:00:00:00:00:04, { DataRate: 10, SignalStrength: 9, AntiFragility: 73}, IQ: 41]
       [Network #8, Technology = Wifi, Address = 02-06-00:00:00:00:00:0a, { DataRate: 36, SignalStrength: 87, AntiFragility: 22}, IQ: 41]
       [Network #14, Technology = Wifi, Address = 02-06-00:00:00:00:00:10, { DataRate: 94, SignalStrength: 44, AntiFragility: 1}, IQ: 35]
       [Network #6, Technology = Wifi, Address = 02-06-00:00:00:00:00:08, { DataRate: 34, SignalStrength: 69, AntiFragility: 20}, IQ: 35]
       [Network #19, Technology = Wimax, Address = 02-06-00:00:00:00:00:16, { DataRate: 53, SignalStrength: 26, AntiFragility: 27}, IQ: 33]
       [Network #3, Technology = Wifi, Address = 02-06-00:00:00:00:00:05, { DataRate: 15, SignalStrength: 90, AntiFragility: 7}, IQ: 29]
       [Network #18, Technology = Wimax, Address = 02-06-00:00:00:00:00:15, { DataRate: 50, SignalStrength: 11, AntiFragility: 27}, IQ: 28]
105s ExecutionModule:Run(): Decision time => Seconds: 0, Miliseconds: 287
105s ExecutionModule:Run(): Handover time => Seconds: 0, Miliseconds: 124
105s ExecutionModule:Run(): Event: Horizontal Handover.
105s DeviceModule:MoveRandom(): New position: (98, 97)
106s DeviceModule:MoveRandom(): New position: (99, 97)
107s DeviceModule:MoveRandom(): New position: (99, 96)
108s DeviceModule:MoveRandom(): New position: (99, 95)
109s DeviceModule:MoveRandom(): New position: (98, 95)
110s DeviceModule:MoveRandom(): New position: (98, 94)
111s DeviceModule:MoveRandom(): New position: (97, 94)
112s DeviceModule:MoveRandom(): New position: (97, 93)
113s DeviceModule:MoveRandom(): New position: (98, 93)
114s DeviceModule:MoveRandom(): New position: (97, 93)
115s DeviceModule:MoveRandom(): New position: (97, 92)
116s DeviceModule:MoveRandom(): New position: (97, 93)
117s DeviceModule:MoveRandom(): New position: (97, 92)
118s DeviceModule:MoveRandom(): New position: (97, 93)
119s DeviceModule:MoveRandom(): New position: (98, 93)
120s DecisionModule:Run(): Run decision
120s DecisionModule:AnalyzingNetworks(): Current Network: 
       [Network #12, Technology = Wifi, Address = 02-06-00:00:00:00:00:0e, { DataRate: 54, SignalStrength: 54, AntiFragility: 90}, IQ: 72]
120s DecisionModule:ShowAllNetworks(): All detected networks:
       [Network #12, Technology = Wifi, Address = 02-06-00:00:00:00:00:0e, { DataRate: 54, SignalStrength: 54, AntiFragility: 90}, IQ: 72]
       [Network #16, Technology = Wifi, Address = 02-06-00:00:00:00:00:12, { DataRate: 30, SignalStrength: 98, AntiFragility: 68}, IQ: 66]
       [Network #9, Technology = Wifi, Address = 02-06-00:00:00:00:00:0b, { DataRate: 25, SignalStrength: 48, AntiFragility: 93}, IQ: 64]
       [Network #11, Technology = Wifi, Address = 02-06-00:00:00:00:00:0d, { DataRate: 55, SignalStrength: 58, AntiFragility: 70}, IQ: 63]
       [Network #7, Technology = Wifi, Address = 02-06-00:00:00:00:00:09, { DataRate: 71, SignalStrength: 42, AntiFragility: 66}, IQ: 61]
       [Network #10, Technology = Wifi, Address = 02-06-00:00:00:00:00:0c, { DataRate: 57, SignalStrength: 31, AntiFragility: 77}, IQ: 60]
       [Network #19, Technology = Wimax, Address = 02-06-00:00:00:00:00:16, { DataRate: 78, SignalStrength: 11, AntiFragility: 68}, IQ: 56]
       [Network #3, Technology = Wifi, Address = 02-06-00:00:00:00:00:05, { DataRate: 26, SignalStrength: 40, AntiFragility: 78}, IQ: 55]
       [Network #17, Technology = Wifi, Address = 02-06-00:00:00:00:00:13, { DataRate: 61, SignalStrength: 59, AntiFragility: 44}, IQ: 52]
       [Network #0, Technology = Wifi, Address = 02-06-00:00:00:00:00:02, { DataRate: 17, SignalStrength: 90, AntiFragility: 41}, IQ: 47]
       [Network #15, Technology = Wifi, Address = 02-06-00:00:00:00:00:11, { DataRate: 61, SignalStrength: 90, AntiFragility: 13}, IQ: 44]
       [Network #2, Technology = Wifi, Address = 02-06-00:00:00:00:00:04, { DataRate: 68, SignalStrength: 69, AntiFragility: 14}, IQ: 41]
       [Network #8, Technology = Wifi, Address = 02-06-00:00:00:00:00:0a, { DataRate: 74, SignalStrength: 76, AntiFragility: 4}, IQ: 39]
       [Network #14, Technology = Wifi, Address = 02-06-00:00:00:00:00:10, { DataRate: 97, SignalStrength: 18, AntiFragility: 22}, IQ: 39]
       [Network #18, Technology = Wimax, Address = 02-06-00:00:00:00:00:15, { DataRate: 9, SignalStrength: 8, AntiFragility: 62}, IQ: 35]
       [Network #6, Technology = Wifi, Address = 02-06-00:00:00:00:00:08, { DataRate: 28, SignalStrength: 18, AntiFragility: 43}, IQ: 33]
       [Network #5, Technology = Wifi, Address = 02-06-00:00:00:00:00:07, { DataRate: 84, SignalStrength: 12, AntiFragility: 16}, IQ: 32]
       [Network #1, Technology = Wifi, Address = 02-06-00:00:00:00:00:03, { DataRate: 93, SignalStrength: 15, AntiFragility: 5}, IQ: 29]
120s ExecutionModule:Run(): Decision time => Seconds: 0, Miliseconds: 291
120s ExecutionModule:Run(): Handover time => Seconds: 0, Miliseconds: 123
120s ExecutionModule:Run(): Event: Horizontal Handover.
120s DeviceModule:MoveRandom(): New position: (98, 92)
121s DeviceModule:MoveRandom(): New position: (98, 91)
122s DeviceModule:MoveRandom(): New position: (98, 92)
123s DeviceModule:MoveRandom(): New position: (98, 91)
124s DeviceModule:MoveRandom(): New position: (98, 92)
125s DeviceModule:MoveRandom(): New position: (99, 92)
126s DeviceModule:MoveRandom(): New position: (99, 91)
127s DeviceModule:MoveRandom(): New position: (99, 90)
128s DeviceModule:MoveRandom(): New position: (100, 90)
129s DeviceModule:MoveRandom(): New position: (101, 90)
130s DeviceModule:MoveRandom(): New position: (101, 89)
130s DecisionModule:RemoveNetworkFromList(): Network: 7 out of range!
131s DeviceModule:MoveRandom(): New position: (101, 88)
132s DeviceModule:MoveRandom(): New position: (102, 88)
133s DeviceModule:MoveRandom(): New position: (102, 89)
134s DeviceModule:MoveRandom(): New position: (102, 88)
135s DecisionModule:Run(): Run decision
135s DecisionModule:AnalyzingNetworks(): Current Network: 
       [Network #14, Technology = Wifi, Address = 02-06-00:00:00:00:00:10, { DataRate: 79, SignalStrength: 64, AntiFragility: 97}, IQ: 84]
135s DecisionModule:ShowAllNetworks(): All detected networks:
       [Network #14, Technology = Wifi, Address = 02-06-00:00:00:00:00:10, { DataRate: 79, SignalStrength: 64, AntiFragility: 97}, IQ: 84]
       [Network #9, Technology = Wifi, Address = 02-06-00:00:00:00:00:0b, { DataRate: 78, SignalStrength: 44, AntiFragility: 65}, IQ: 63]
       [Network #1, Technology = Wifi, Address = 02-06-00:00:00:00:00:03, { DataRate: 57, SignalStrength: 31, AntiFragility: 82}, IQ: 63]
       [Network #16, Technology = Wifi, Address = 02-06-00:00:00:00:00:12, { DataRate: 89, SignalStrength: 9, AntiFragility: 76}, IQ: 62]
       [Network #19, Technology = Wimax, Address = 02-06-00:00:00:00:00:16, { DataRate: 24, SignalStrength: 95, AntiFragility: 62}, IQ: 60]
       [Network #10, Technology = Wifi, Address = 02-06-00:00:00:00:00:0c, { DataRate: 24, SignalStrength: 54, AntiFragility: 80}, IQ: 59]
       [Network #15, Technology = Wifi, Address = 02-06-00:00:00:00:00:11, { DataRate: 43, SignalStrength: 10, AntiFragility: 91}, IQ: 58]
       [Network #11, Technology = Wifi, Address = 02-06-00:00:00:00:00:0d, { DataRate: 26, SignalStrength: 7, AntiFragility: 96}, IQ: 56]
       [Network #17, Technology = Wifi, Address = 02-06-00:00:00:00:00:13, { DataRate: 94, SignalStrength: 74, AntiFragility: 26}, IQ: 55]
       [Network #8, Technology = Wifi, Address = 02-06-00:00:00:00:00:0a, { DataRate: 62, SignalStrength: 16, AntiFragility: 71}, IQ: 55]
       [Network #18, Technology = Wimax, Address = 02-06-00:00:00:00:00:15, { DataRate: 87, SignalStrength: 76, AntiFragility: 3}, IQ: 42]
       [Network #3, Technology = Wifi, Address = 02-06-00:00:00:00:00:05, { DataRate: 26, SignalStrength: 4, AntiFragility: 60}, IQ: 37]
       [Network #12, Technology = Wifi, Address = 02-06-00:00:00:00:00:0e, { DataRate: 85, SignalStrength: 5, AntiFragility: 26}, IQ: 35]
       [Network #6, Technology = Wifi, Address = 02-06-00:00:00:00:00:08, { DataRate: 55, SignalStrength: 8, AntiFragility: 28}, IQ: 29]
       [Network #2, Technology = Wifi, Address = 02-06-00:00:00:00:00:04, { DataRate: 32, SignalStrength: 20, AntiFragility: 19}, IQ: 22]
       [Network #5, Technology = Wifi, Address = 02-06-00:00:00:00:00:07, { DataRate: 9, SignalStrength: 71, AntiFragility: 4}, IQ: 22]
       [Network #0, Technology = Wifi, Address = 02-06-00:00:00:00:00:02, { DataRate: 6, SignalStrength: 53, AntiFragility: 13}, IQ: 21]
135s ExecutionModule:Run(): Decision time => Seconds: 0, Miliseconds: 279
135s ExecutionModule:Run(): Handover time => Seconds: 0, Miliseconds: 124
135s ExecutionModule:Run(): Event: Horizontal Handover.
135s DeviceModule:MoveRandom(): New position: (101, 88)
136s DeviceModule:MoveRandom(): New position: (101, 87)
137s DeviceModule:MoveRandom(): New position: (102, 87)
138s DeviceModule:MoveRandom(): New position: (102, 88)
139s DeviceModule:MoveRandom(): New position: (101, 88)
140s DeviceModule:MoveRandom(): New position: (101, 89)
141s DeviceModule:MoveRandom(): New position: (102, 89)
142s DeviceModule:MoveRandom(): New position: (101, 89)
143s DeviceModule:MoveRandom(): New position: (100, 89)
143s DecisionModule:AddNetworkToList(): Network detected
144s DeviceModule:MoveRandom(): New position: (99, 89)
145s DeviceModule:MoveRandom(): New position: (100, 89)
146s DeviceModule:MoveRandom(): New position: (100, 90)
147s DeviceModule:MoveRandom(): New position: (99, 90)
148s DeviceModule:MoveRandom(): New position: (99, 89)
149s DeviceModule:MoveRandom(): New position: (98, 89)
150s DecisionModule:Run(): Run decision
150s DecisionModule:AnalyzingNetworks(): Current Network: 
       [Network #6, Technology = Wifi, Address = 02-06-00:00:00:00:00:08, { DataRate: 71, SignalStrength: 96, AntiFragility: 76}, IQ: 79]
150s DecisionModule:ShowAllNetworks(): All detected networks:
       [Network #6, Technology = Wifi, Address = 02-06-00:00:00:00:00:08, { DataRate: 71, SignalStrength: 96, AntiFragility: 76}, IQ: 79]
       [Network #17, Technology = Wifi, Address = 02-06-00:00:00:00:00:13, { DataRate: 48, SignalStrength: 50, AntiFragility: 99}, IQ: 74]
       [Network #19, Technology = Wimax, Address = 02-06-00:00:00:00:00:16, { DataRate: 53, SignalStrength: 53, AntiFragility: 78}, IQ: 65]
       [Network #0, Technology = Wifi, Address = 02-06-00:00:00:00:00:02, { DataRate: 82, SignalStrength: 3, AntiFragility: 87}, IQ: 64]
       [Network #16, Technology = Wifi, Address = 02-06-00:00:00:00:00:12, { DataRate: 8, SignalStrength: 41, AntiFragility: 86}, IQ: 55]
       [Network #9, Technology = Wifi, Address = 02-06-00:00:00:00:00:0b, { DataRate: 20, SignalStrength: 45, AntiFragility: 74}, IQ: 53]
       [Network #7, Technology = Wifi, Address = 02-06-00:00:00:00:00:09, { DataRate: 17, SignalStrength: 1, AntiFragility: 98}, IQ: 53]
       [Network #1, Technology = Wifi, Address = 02-06-00:00:00:00:00:03, { DataRate: 50, SignalStrength: 56, AntiFragility: 47}, IQ: 50]
       [Network #5, Technology = Wifi, Address = 02-06-00:00:00:00:00:07, { DataRate: 17, SignalStrength: 80, AntiFragility: 41}, IQ: 44]
       [Network #11, Technology = Wifi, Address = 02-06-00:00:00:00:00:0d, { DataRate: 58, SignalStrength: 29, AntiFragility: 46}, IQ: 44]
       [Network #8, Technology = Wifi, Address = 02-06-00:00:00:00:00:0a, { DataRate: 34, SignalStrength: 50, AntiFragility: 45}, IQ: 43]
       [Network #15, Technology = Wifi, Address = 02-06-00:00:00:00:00:11, { DataRate: 46, SignalStrength: 83, AntiFragility: 22}, IQ: 43]
       [Network #3, Technology = Wifi, Address = 02-06-00:00:00:00:00:05, { DataRate: 17, SignalStrength: 10, AntiFragility: 65}, IQ: 39]
       [Network #2, Technology = Wifi, Address = 02-06-00:00:00:00:00:04, { DataRate: 12, SignalStrength: 74, AntiFragility: 29}, IQ: 36]
       [Network #18, Technology = Wimax, Address = 02-06-00:00:00:00:00:15, { DataRate: 7, SignalStrength: 36, AntiFragility: 45}, IQ: 33]
       [Network #14, Technology = Wifi, Address = 02-06-00:00:00:00:00:10, { DataRate: 48, SignalStrength: 10, AntiFragility: 34}, IQ: 31]
       [Network #12, Technology = Wifi, Address = 02-06-00:00:00:00:00:0e, { DataRate: 15, SignalStrength: 58, AntiFragility: 15}, IQ: 25]
       [Network #10, Technology = Wifi, Address = 02-06-00:00:00:00:00:0c, { DataRate: 12, SignalStrength: 64, AntiFragility: 6}, IQ: 22]
150s ExecutionModule:Run(): Decision time => Seconds: 0, Miliseconds: 315
150s ExecutionModule:Run(): Handover time => Seconds: 0, Miliseconds: 124
150s ExecutionModule:Run(): Event: Horizontal Handover.
150s DeviceModule:MoveRandom(): New position: (99, 89)
151s DeviceModule:MoveRandom(): New position: (99, 90)
152s DeviceModule:MoveRandom(): New position: (99, 89)
153s DeviceModule:MoveRandom(): New position: (99, 88)
154s DeviceModule:MoveRandom(): New position: (99, 87)
155s DeviceModule:MoveRandom(): New position: (100, 87)
155s DecisionModule:RemoveNetworkFromList(): Network: 7 out of range!
156s DeviceModule:MoveRandom(): New position: (99, 87)
156s DecisionModule:AddNetworkToList(): Network detected
157s DeviceModule:MoveRandom(): New position: (100, 87)
157s DecisionModule:RemoveNetworkFromList(): Network: 7 out of range!
158s DeviceModule:MoveRandom(): New position: (100, 86)
159s DeviceModule:MoveRandom(): New position: (101, 86)
160s DeviceModule:MoveRandom(): New position: (100, 86)
161s DeviceModule:MoveRandom(): New position: (100, 87)
162s DeviceModule:MoveRandom(): New position: (100, 88)
162s DecisionModule:AddNetworkToList(): Network detected
163s DeviceModule:MoveRandom(): New position: (99, 88)
164s DeviceModule:MoveRandom(): New position: (100, 88)
165s DecisionModule:Run(): Run decision
165s DecisionModule:AnalyzingNetworks(): Current Network: 
       [Network #17, Technology = Wifi, Address = 02-06-00:00:00:00:00:13, { DataRate: 97, SignalStrength: 73, AntiFragility: 89}, IQ: 87]
165s DecisionModule:ShowAllNetworks(): All detected networks:
       [Network #17, Technology = Wifi, Address = 02-06-00:00:00:00:00:13, { DataRate: 97, SignalStrength: 73, AntiFragility: 89}, IQ: 87]
       [Network #19, Technology = Wimax, Address = 02-06-00:00:00:00:00:16, { DataRate: 66, SignalStrength: 97, AntiFragility: 83}, IQ: 82]
       [Network #18, Technology = Wimax, Address = 02-06-00:00:00:00:00:15, { DataRate: 92, SignalStrength: 37, AntiFragility: 99}, IQ: 81]
       [Network #16, Technology = Wifi, Address = 02-06-00:00:00:00:00:12, { DataRate: 80, SignalStrength: 5, AntiFragility: 97}, IQ: 69]
       [Network #6, Technology = Wifi, Address = 02-06-00:00:00:00:00:08, { DataRate: 58, SignalStrength: 31, AntiFragility: 86}, IQ: 65]
       [Network #7, Technology = Wifi, Address = 02-06-00:00:00:00:00:09, { DataRate: 47, SignalStrength: 99, AntiFragility: 49}, IQ: 61]
       [Network #1, Technology = Wifi, Address = 02-06-00:00:00:00:00:03, { DataRate: 27, SignalStrength: 49, AntiFragility: 80}, IQ: 59]
       [Network #10, Technology = Wifi, Address = 02-06-00:00:00:00:00:0c, { DataRate: 71, SignalStrength: 81, AntiFragility: 19}, IQ: 47]
       [Network #8, Technology = Wifi, Address = 02-06-00:00:00:00:00:0a, { DataRate: 54, SignalStrength: 35, AntiFragility: 47}, IQ: 45]
       [Network #12, Technology = Wifi, Address = 02-06-00:00:00:00:00:0e, { DataRate: 66, SignalStrength: 67, AntiFragility: 22}, IQ: 44]
       [Network #14, Technology = Wifi, Address = 02-06-00:00:00:00:00:10, { DataRate: 25, SignalStrength: 48, AntiFragility: 51}, IQ: 43]
       [Network #9, Technology = Wifi, Address = 02-06-00:00:00:00:00:0b, { DataRate: 80, SignalStrength: 11, AntiFragility: 41}, IQ: 43]
       [Network #2, Technology = Wifi, Address = 02-06-00:00:00:00:00:04, { DataRate: 60, SignalStrength: 79, AntiFragility: 2}, IQ: 35]
       [Network #5, Technology = Wifi, Address = 02-06-00:00:00:00:00:07, { DataRate: 23, SignalStrength: 22, AntiFragility: 49}, IQ: 35]
       [Network #0, Technology = Wifi, Address = 02-06-00:00:00:00:00:02, { DataRate: 38, SignalStrength: 21, AntiFragility: 30}, IQ: 29]
       [Network #3, Technology = Wifi, Address = 02-06-00:00:00:00:00:05, { DataRate: 70, SignalStrength: 6, AntiFragility: 20}, IQ: 29]
       [Network #11, Technology = Wifi, Address = 02-06-00:00:00:00:00:0d, { DataRate: 44, SignalStrength: 52, AntiFragility: 9}, IQ: 28]
       [Network #15, Technology = Wifi, Address = 02-06-00:00:00:00:00:11, { DataRate: 4, SignalStrength: 9, AntiFragility: 36}, IQ: 21]
165s ExecutionModule:Run(): Decision time => Seconds: 0, Miliseconds: 301
165s ExecutionModule:Run(): Handover time => Seconds: 0, Miliseconds: 123
165s ExecutionModule:Run(): Event: Horizontal Handover.
165s DeviceModule:MoveRandom(): New position: (100, 87)
165s DecisionModule:RemoveNetworkFromList(): Network: 7 out of range!
166s DeviceModule:MoveRandom(): New position: (99, 87)
166s DecisionModule:AddNetworkToList(): Network detected
167s DeviceModule:MoveRandom(): New position: (99, 86)
168s DeviceModule:MoveRandom(): New position: (98, 86)
169s DeviceModule:MoveRandom(): New position: (98, 87)
170s DeviceModule:MoveRandom(): New position: (98, 86)
171s DeviceModule:MoveRandom(): New position: (98, 85)
172s DeviceModule:MoveRandom(): New position: (98, 84)
173s DeviceModule:MoveRandom(): New position: (98, 83)
174s DeviceModule:MoveRandom(): New position: (98, 84)
175s DeviceModule:MoveRandom(): New position: (98, 83)
176s DeviceModule:MoveRandom(): New position: (97, 83)
177s DeviceModule:MoveRandom(): New position: (97, 82)
178s DeviceModule:MoveRandom(): New position: (98, 82)
178s DecisionModule:RemoveNetworkFromList(): Network: 7 out of range!
179s DeviceModule:MoveRandom(): New position: (98, 83)
179s DecisionModule:AddNetworkToList(): Network detected
180s DecisionModule:Run(): Run decision
180s DecisionModule:AnalyzingNetworks(): Current Network: 
       [Network #11, Technology = Wifi, Address = 02-06-00:00:00:00:00:0d, { DataRate: 90, SignalStrength: 91, AntiFragility: 76}, IQ: 83]
180s DecisionModule:ShowAllNetworks(): All detected networks:
       [Network #11, Technology = Wifi, Address = 02-06-00:00:00:00:00:0d, { DataRate: 90, SignalStrength: 91, AntiFragility: 76}, IQ: 83]
       [Network #15, Technology = Wifi, Address = 02-06-00:00:00:00:00:11, { DataRate: 47, SignalStrength: 84, AntiFragility: 98}, IQ: 81]
       [Network #16, Technology = Wifi, Address = 02-06-00:00:00:00:00:12, { DataRate: 64, SignalStrength: 97, AntiFragility: 72}, IQ: 76]
       [Network #7, Technology = Wifi, Address = 02-06-00:00:00:00:00:09, { DataRate: 43, SignalStrength: 51, AntiFragility: 98}, IQ: 72]
       [Network #17, Technology = Wifi, Address = 02-06-00:00:00:00:00:13, { DataRate: 12, SignalStrength: 97, AntiFragility: 58}, IQ: 56]
       [Network #3, Technology = Wifi, Address = 02-06-00:00:00:00:00:05, { DataRate: 6, SignalStrength: 63, AntiFragility: 73}, IQ: 53]
       [Network #9, Technology = Wifi, Address = 02-06-00:00:00:00:00:0b, { DataRate: 37, SignalStrength: 7, AntiFragility: 82}, IQ: 52]
       [Network #2, Technology = Wifi, Address = 02-06-00:00:00:00:00:04, { DataRate: 21, SignalStrength: 9, AntiFragility: 86}, IQ: 50]
       [Network #19, Technology = Wimax, Address = 02-06-00:00:00:00:00:16, { DataRate: 57, SignalStrength: 31, AntiFragility: 41}, IQ: 42]
       [Network #6, Technology = Wifi, Address = 02-06-00:00:00:00:00:08, { DataRate: 24, SignalStrength: 75, AntiFragility: 32}, IQ: 40]
       [Network #1, Technology = Wifi, Address = 02-06-00:00:00:00:00:03, { DataRate: 50, SignalStrength: 53, AntiFragility: 27}, IQ: 39]
       [Network #0, Technology = Wifi, Address = 02-06-00:00:00:00:00:02, { DataRate: 31, SignalStrength: 65, AntiFragility: 26}, IQ: 37]
       [Network #14, Technology = Wifi, Address = 02-06-00:00:00:00:00:10, { DataRate: 40, SignalStrength: 14, AntiFragility: 25}, IQ: 26]
       [Network #10, Technology = Wifi, Address = 02-06-00:00:00:00:00:0c, { DataRate: 22, SignalStrength: 58, AntiFragility: 8}, IQ: 24]
       [Network #8, Technology = Wifi, Address = 02-06-00:00:00:00:00:0a, { DataRate: 42, SignalStrength: 42, AntiFragility: 7}, IQ: 24]
       [Network #12, Technology = Wifi, Address = 02-06-00:00:00:00:00:0e, { DataRate: 6, SignalStrength: 55, AntiFragility: 13}, IQ: 21]
       [Network #5, Technology = Wifi, Address = 02-06-00:00:00:00:00:07, { DataRate: 33, SignalStrength: 33, AntiFragility: 2}, IQ: 17]
       [Network #18, Technology = Wimax, Address = 02-06-00:00:00:00:00:15, { DataRate: 51, SignalStrength: 12, AntiFragility: 1}, IQ: 16]
180s ExecutionModule:Run(): Decision time => Seconds: 0, Miliseconds: 664
180s ExecutionModule:Run(): Handover time => Seconds: 0, Miliseconds: 207
180s ExecutionModule:Run(): Event: Horizontal Handover.
180s DeviceModule:MoveRandom(): New position: (98, 82)
180s DecisionModule:RemoveNetworkFromList(): Network: 7 out of range!
181s DeviceModule:MoveRandom(): New position: (97, 82)
181s DecisionModule:AddNetworkToList(): Network detected
182s DeviceModule:MoveRandom(): New position: (97, 83)
183s DeviceModule:MoveRandom(): New position: (98, 83)
184s DeviceModule:MoveRandom(): New position: (99, 83)
184s DecisionModule:RemoveNetworkFromList(): Network: 7 out of range!
185s DeviceModule:MoveRandom(): New position: (98, 83)
185s DecisionModule:AddNetworkToList(): Network detected
186s DeviceModule:MoveRandom(): New position: (99, 83)
186s DecisionModule:RemoveNetworkFromList(): Network: 7 out of range!
187s DeviceModule:MoveRandom(): New position: (100, 83)
188s DeviceModule:MoveRandom(): New position: (101, 83)
189s DeviceModule:MoveRandom(): New position: (102, 83)
189s DecisionModule:RemoveNetworkFromList(): Network: 3 out of range!
190s DeviceModule:MoveRandom(): New position: (102, 82)
191s DeviceModule:MoveRandom(): New position: (101, 82)
191s DecisionModule:AddNetworkToList(): Network detected
192s DeviceModule:MoveRandom(): New position: (102, 82)
192s DecisionModule:RemoveNetworkFromList(): Network: 3 out of range!
193s DeviceModule:MoveRandom(): New position: (102, 81)
194s DeviceModule:MoveRandom(): New position: (102, 80)
195s DecisionModule:Run(): Run decision
195s DecisionModule:AnalyzingNetworks(): Current Network: 
       [Network #2, Technology = Wifi, Address = 02-06-00:00:00:00:00:04, { DataRate: 82, SignalStrength: 37, AntiFragility: 91}, IQ: 75]
195s DecisionModule:ShowAllNetworks(): All detected networks:
       [Network #2, Technology = Wifi, Address = 02-06-00:00:00:00:00:04, { DataRate: 82, SignalStrength: 37, AntiFragility: 91}, IQ: 75]
       [Network #5, Technology = Wifi, Address = 02-06-00:00:00:00:00:07, { DataRate: 73, SignalStrength: 86, AntiFragility: 63}, IQ: 71]
       [Network #19, Technology = Wimax, Address = 02-06-00:00:00:00:00:16, { DataRate: 26, SignalStrength: 78, AntiFragility: 85}, IQ: 68]
       [Network #6, Technology = Wifi, Address = 02-06-00:00:00:00:00:08, { DataRate: 78, SignalStrength: 84, AntiFragility: 54}, IQ: 67]
       [Network #10, Technology = Wifi, Address = 02-06-00:00:00:00:00:0c, { DataRate: 47, SignalStrength: 16, AntiFragility: 88}, IQ: 59]
       [Network #15, Technology = Wifi, Address = 02-06-00:00:00:00:00:11, { DataRate: 35, SignalStrength: 75, AntiFragility: 41}, IQ: 48]
       [Network #16, Technology = Wifi, Address = 02-06-00:00:00:00:00:12, { DataRate: 25, SignalStrength: 76, AntiFragility: 42}, IQ: 46]
       [Network #17, Technology = Wifi, Address = 02-06-00:00:00:00:00:13, { DataRate: 43, SignalStrength: 64, AntiFragility: 40}, IQ: 46]
       [Network #8, Technology = Wifi, Address = 02-06-00:00:00:00:00:0a, { DataRate: 42, SignalStrength: 56, AntiFragility: 31}, IQ: 40]
       [Network #11, Technology = Wifi, Address = 02-06-00:00:00:00:00:0d, { DataRate: 8, SignalStrength: 63, AntiFragility: 36}, IQ: 35]
       [Network #12, Technology = Wifi, Address = 02-06-00:00:00:00:00:0e, { DataRate: 7, SignalStrength: 19, AntiFragility: 57}, IQ: 35]
       [Network #9, Technology = Wifi, Address = 02-06-00:00:00:00:00:0b, { DataRate: 41, SignalStrength: 60, AntiFragility: 19}, IQ: 34]
       [Network #14, Technology = Wifi, Address = 02-06-00:00:00:00:00:10, { DataRate: 18, SignalStrength: 7, AntiFragility: 27}, IQ: 19]
       [Network #1, Technology = Wifi, Address = 02-06-00:00:00:00:00:03, { DataRate: 28, SignalStrength: 20, AntiFragility: 14}, IQ: 19]
       [Network #18, Technology = Wimax, Address = 02-06-00:00:00:00:00:15, { DataRate: 8, SignalStrength: 43, AntiFragility: 8}, IQ: 16]
       [Network #0, Technology = Wifi, Address = 02-06-00:00:00:00:00:02, { DataRate: 43, SignalStrength: 13, AntiFragility: 2}, IQ: 15]
195s ExecutionModule:Run(): Decision time => Seconds: 0, Miliseconds: 273
195s ExecutionModule:Run(): Handover time => Seconds: 0, Miliseconds: 124
195s ExecutionModule:Run(): Event: Horizontal Handover.
195s DeviceModule:MoveRandom(): New position: (103, 80)
196s DeviceModule:MoveRandom(): New position: (102, 80)
197s DeviceModule:MoveRandom(): New position: (102, 81)
198s DeviceModule:MoveRandom(): New position: (103, 81)
199s DeviceModule:MoveRandom(): New position: (104, 81)
