Waf: Entering directory `/home/renan/Documents/NR2/ns-allinone-3.20/ns-3.20/build'
Waf: Leaving directory `/home/renan/Documents/NR2/ns-allinone-3.20/ns-3.20/build'
'build' finished successfully (1.940s)
0s NetworkModule:SetPosition(): Network 0 set position => (82, 52)
0s NetworkModule:SetRange(): Network 0 set range => 100
0s NetworkModule:SetPosition(): Network 1 set position => (171, 65)
0s NetworkModule:SetRange(): Network 1 set range => 100
0s NetworkModule:SetPosition(): Network 2 set position => (145, 167)
0s NetworkModule:SetRange(): Network 2 set range => 100
0s NetworkModule:SetPosition(): Network 3 set position => (192, 14)
0s NetworkModule:SetRange(): Network 3 set range => 100
0s NetworkModule:SetPosition(): Network 4 set position => (164, 24)
0s NetworkModule:SetRange(): Network 4 set range => 100
0s NetworkModule:SetPosition(): Network 5 set position => (2, 160)
0s NetworkModule:SetRange(): Network 5 set range => 100
0s NetworkModule:SetPosition(): Network 6 set position => (109, 107)
0s NetworkModule:SetRange(): Network 6 set range => 100
0s NetworkModule:SetPosition(): Network 7 set position => (100, 123)
0s NetworkModule:SetRange(): Network 7 set range => 100
0s NetworkModule:SetPosition(): Network 8 set position => (19, 177)
0s NetworkModule:SetRange(): Network 8 set range => 100
0s NetworkModule:SetPosition(): Network 9 set position => (27, 182)
0s NetworkModule:SetRange(): Network 9 set range => 100
0s NetworkModule:SetPosition(): Network 10 set position => (45, 161)
0s NetworkModule:SetRange(): Network 10 set range => 100
0s NetworkModule:SetPosition(): Network 11 set position => (18, 199)
0s NetworkModule:SetRange(): Network 11 set range => 100
0s NetworkModule:SetPosition(): Network 12 set position => (158, 182)
0s NetworkModule:SetRange(): Network 12 set range => 100
0s NetworkModule:SetPosition(): Network 13 set position => (32, 130)
0s NetworkModule:SetRange(): Network 13 set range => 100
0s NetworkModule:SetPosition(): Network 14 set position => (162, 194)
0s NetworkModule:SetRange(): Network 14 set range => 100
0s NetworkModule:SetPosition(): Network 15 set position => (46, 191)
0s NetworkModule:SetRange(): Network 15 set range => 100
0s NetworkModule:SetPosition(): Network 16 set position => (8, 44)
0s NetworkModule:SetRange(): Network 16 set range => 100
0s NetworkModule:SetPosition(): Network 17 set position => (163, 17)
0s NetworkModule:SetRange(): Network 17 set range => 100
0s NetworkModule:SetPosition(): Network 18 set position => (183, 153)
0s NetworkModule:SetRange(): Network 18 set range => 100
0s NetworkModule:SetPosition(): Network 19 set position => (129, 156)
0s NetworkModule:SetRange(): Network 19 set range => 100
0s DeviceModule:ConfigureMobility(): Device [init x = 100, init y = 100, max = 200, velocity = 12]
1s DeviceModule:MoveRandom(): New position: (88, 100)
1s DecisionModule:AddNetworkToList(): Network detected
1s DecisionModule:AddNetworkToList(): Network detected
1s DecisionModule:AddNetworkToList(): Network detected
1s DecisionModule:AddNetworkToList(): Network detected
1s DecisionModule:AddNetworkToList(): Network detected
1s DecisionModule:AddNetworkToList(): Network detected
1s DecisionModule:AddNetworkToList(): Network detected
1s DecisionModule:AddNetworkToList(): Network detected
1s DecisionModule:AddNetworkToList(): Network detected
1s DecisionModule:AddNetworkToList(): Network detected
2s DeviceModule:MoveRandom(): New position: (88, 88)
2s DecisionModule:AddNetworkToList(): Network detected
2s DecisionModule:RemoveNetworkFromList(): Network: 15 out of range!
3s DeviceModule:MoveRandom(): New position: (88, 100)
3s DecisionModule:RemoveNetworkFromList(): Network: 4 out of range!
3s DecisionModule:AddNetworkToList(): Network detected
4s DeviceModule:MoveRandom(): New position: (88, 88)
4s DecisionModule:AddNetworkToList(): Network detected
4s DecisionModule:RemoveNetworkFromList(): Network: 15 out of range!
5s DeviceModule:MoveRandom(): New position: (76, 88)
5s DecisionModule:RemoveNetworkFromList(): Network: 2 out of range!
5s DecisionModule:RemoveNetworkFromList(): Network: 4 out of range!
6s DeviceModule:MoveRandom(): New position: (64, 88)
6s DecisionModule:RemoveNetworkFromList(): Network: 1 out of range!
6s DecisionModule:AddNetworkToList(): Network detected
6s DecisionModule:AddNetworkToList(): Network detected
7s DeviceModule:MoveRandom(): New position: (64, 76)
7s DecisionModule:RemoveNetworkFromList(): Network: 5 out of range!
7s DecisionModule:RemoveNetworkFromList(): Network: 8 out of range!
7s DecisionModule:RemoveNetworkFromList(): Network: 19 out of range!
8s DeviceModule:MoveRandom(): New position: (64, 64)
9s DeviceModule:MoveRandom(): New position: (64, 52)
9s DecisionModule:RemoveNetworkFromList(): Network: 10 out of range!
10s DeviceModule:MoveRandom(): New position: (64, 64)
10s DecisionModule:AddNetworkToList(): Network detected
11s DeviceModule:MoveRandom(): New position: (76, 64)
11s DecisionModule:AddNetworkToList(): Network detected
11s DecisionModule:AddNetworkToList(): Network detected
11s DecisionModule:RemoveNetworkFromList(): Network: 10 out of range!
11s DecisionModule:AddNetworkToList(): Network detected
12s DeviceModule:MoveRandom(): New position: (64, 64)
12s DecisionModule:RemoveNetworkFromList(): Network: 1 out of range!
12s DecisionModule:RemoveNetworkFromList(): Network: 4 out of range!
12s DecisionModule:AddNetworkToList(): Network detected
12s DecisionModule:RemoveNetworkFromList(): Network: 17 out of range!
13s DeviceModule:MoveRandom(): New position: (52, 64)
14s DeviceModule:MoveRandom(): New position: (64, 64)
15s DecisionModule:Run(): Run decision
15s DecisionModule:AnalyzingNetworks(): Current Network: 
       [Network #16, Technology = Wifi, Address = 02-06-00:00:00:00:00:12, { DataRate: 66, SignalStrength: 46, AntiFragility: 87}, IQ: 71]
15s DecisionModule:ShowAllNetworks(): All detected networks:
       [Network #16, Technology = Wifi, Address = 02-06-00:00:00:00:00:12, { DataRate: 66, SignalStrength: 46, AntiFragility: 87}, IQ: 71]
       [Network #13, Technology = Wifi, Address = 02-06-00:00:00:00:00:0f, { DataRate: 38, SignalStrength: 71, AntiFragility: 74}, IQ: 64]
       [Network #10, Technology = Wifi, Address = 02-06-00:00:00:00:00:0c, { DataRate: 18, SignalStrength: 57, AntiFragility: 89}, IQ: 63]
       [Network #6, Technology = Wifi, Address = 02-06-00:00:00:00:00:08, { DataRate: 92, SignalStrength: 96, AntiFragility: 26}, IQ: 60]
       [Network #0, Technology = Wifi, Address = 02-06-00:00:00:00:00:02, { DataRate: 47, SignalStrength: 37, AntiFragility: 21}, IQ: 31]
       [Network #7, Technology = Wifi, Address = 02-06-00:00:00:00:00:09, { DataRate: 30, SignalStrength: 15, AntiFragility: 29}, IQ: 25]
15s DeviceModule:MoveRandom(): New position: (52, 64)
16s DeviceModule:MoveRandom(): New position: (52, 52)
16s DecisionModule:RemoveNetworkFromList(): Network: 10 out of range!
17s DeviceModule:MoveRandom(): New position: (40, 52)
18s DeviceModule:MoveRandom(): New position: (28, 52)
18s DecisionModule:RemoveNetworkFromList(): Network: 7 out of range!
19s DeviceModule:MoveRandom(): New position: (28, 64)
19s DecisionModule:AddNetworkToList(): Network detected
19s DecisionModule:AddNetworkToList(): Network detected
19s DecisionModule:AddNetworkToList(): Network detected
20s DeviceModule:MoveRandom(): New position: (16, 64)
20s DecisionModule:RemoveNetworkFromList(): Network: 6 out of range!
20s DecisionModule:RemoveNetworkFromList(): Network: 7 out of range!
20s DecisionModule:RemoveNetworkFromList(): Network: 10 out of range!
21s DeviceModule:MoveRandom(): New position: (4, 64)
22s DeviceModule:MoveRandom(): New position: (16, 64)
23s DeviceModule:MoveRandom(): New position: (16, 52)
23s DecisionModule:RemoveNetworkFromList(): Network: 5 out of range!
24s DeviceModule:MoveRandom(): New position: (28, 52)
24s DecisionModule:AddNetworkToList(): Network detected
25s DeviceModule:MoveRandom(): New position: (16, 52)
25s DecisionModule:RemoveNetworkFromList(): Network: 6 out of range!
26s DeviceModule:MoveRandom(): New position: (28, 52)
26s DecisionModule:AddNetworkToList(): Network detected
27s DeviceModule:MoveRandom(): New position: (28, 64)
27s DecisionModule:AddNetworkToList(): Network detected
27s DecisionModule:AddNetworkToList(): Network detected
27s DecisionModule:AddNetworkToList(): Network detected
28s DeviceModule:MoveRandom(): New position: (28, 76)
29s DeviceModule:MoveRandom(): New position: (28, 64)
30s DecisionModule:Run(): Run decision
30s DecisionModule:AnalyzingNetworks(): Current Network: 
       [Network #5, Technology = Wifi, Address = 02-06-00:00:00:00:00:07, { DataRate: 23, SignalStrength: 52, AntiFragility: 97}, IQ: 67]
30s DecisionModule:ShowAllNetworks(): All detected networks:
       [Network #5, Technology = Wifi, Address = 02-06-00:00:00:00:00:07, { DataRate: 23, SignalStrength: 52, AntiFragility: 97}, IQ: 67]
       [Network #13, Technology = Wifi, Address = 02-06-00:00:00:00:00:0f, { DataRate: 67, SignalStrength: 8, AntiFragility: 70}, IQ: 53]
       [Network #0, Technology = Wifi, Address = 02-06-00:00:00:00:00:02, { DataRate: 17, SignalStrength: 69, AntiFragility: 58}, IQ: 50]
       [Network #6, Technology = Wifi, Address = 02-06-00:00:00:00:00:08, { DataRate: 34, SignalStrength: 56, AntiFragility: 56}, IQ: 50]
       [Network #7, Technology = Wifi, Address = 02-06-00:00:00:00:00:09, { DataRate: 86, SignalStrength: 19, AntiFragility: 23}, IQ: 37]
       [Network #10, Technology = Wifi, Address = 02-06-00:00:00:00:00:0c, { DataRate: 62, SignalStrength: 73, AntiFragility: 2}, IQ: 34]
       [Network #16, Technology = Wifi, Address = 02-06-00:00:00:00:00:12, { DataRate: 4, SignalStrength: 74, AntiFragility: 18}, IQ: 28]
30s ExecutionModule:Run(): Decision time => Seconds: 0, Miliseconds: 186
30s ExecutionModule:Run(): Handover time => Seconds: 0, Miliseconds: 178
30s ExecutionModule:Run(): Event: Horizontal Handover.
30s DeviceModule:MoveRandom(): New position: (40, 64)
30s ExecutionModule:OutOfRange(): OUT OF BETTER NETWORK! Choosing another network...
30s DecisionModule:RemoveNetworkFromList(): Network: 5 out of range!
30s DecisionModule:Run(): Run decision
30s DecisionModule:AnalyzingNetworks(): Current Network: 
       [Network #16, Technology = Wifi, Address = 02-06-00:00:00:00:00:12, { DataRate: 16, SignalStrength: 91, AntiFragility: 54}, IQ: 53]
30s DecisionModule:ShowAllNetworks(): All detected networks:
       [Network #16, Technology = Wifi, Address = 02-06-00:00:00:00:00:12, { DataRate: 16, SignalStrength: 91, AntiFragility: 54}, IQ: 53]
       [Network #6, Technology = Wifi, Address = 02-06-00:00:00:00:00:08, { DataRate: 30, SignalStrength: 67, AntiFragility: 44}, IQ: 46]
       [Network #13, Technology = Wifi, Address = 02-06-00:00:00:00:00:0f, { DataRate: 79, SignalStrength: 10, AntiFragility: 46}, IQ: 45]
       [Network #0, Technology = Wifi, Address = 02-06-00:00:00:00:00:02, { DataRate: 90, SignalStrength: 56, AntiFragility: 7}, IQ: 40]
       [Network #7, Technology = Wifi, Address = 02-06-00:00:00:00:00:09, { DataRate: 15, SignalStrength: 52, AntiFragility: 34}, IQ: 33]
       [Network #10, Technology = Wifi, Address = 02-06-00:00:00:00:00:0c, { DataRate: 41, SignalStrength: 47, AntiFragility: 12}, IQ: 28]
30s ExecutionModule:Run(): Decision time => Seconds: 0, Miliseconds: 124
30s ExecutionModule:Run(): Handover time => Seconds: 0, Miliseconds: 228
30s ExecutionModule:Run(): Event: Horizontal Handover.
31s DeviceModule:MoveRandom(): New position: (40, 76)
31s DecisionModule:AddNetworkToList(): Network detected
32s DeviceModule:MoveRandom(): New position: (28, 76)
33s DeviceModule:MoveRandom(): New position: (28, 64)
34s DeviceModule:MoveRandom(): New position: (40, 64)
34s DecisionModule:RemoveNetworkFromList(): Network: 5 out of range!
35s DeviceModule:MoveRandom(): New position: (40, 76)
35s DecisionModule:AddNetworkToList(): Network detected
36s DeviceModule:MoveRandom(): New position: (40, 64)
36s DecisionModule:RemoveNetworkFromList(): Network: 5 out of range!
37s DeviceModule:MoveRandom(): New position: (40, 76)
37s DecisionModule:AddNetworkToList(): Network detected
38s DeviceModule:MoveRandom(): New position: (40, 64)
38s DecisionModule:RemoveNetworkFromList(): Network: 5 out of range!
39s DeviceModule:MoveRandom(): New position: (28, 64)
39s DecisionModule:AddNetworkToList(): Network detected
40s DeviceModule:MoveRandom(): New position: (16, 64)
40s DecisionModule:RemoveNetworkFromList(): Network: 6 out of range!
40s DecisionModule:RemoveNetworkFromList(): Network: 7 out of range!
40s DecisionModule:RemoveNetworkFromList(): Network: 10 out of range!
41s DeviceModule:MoveRandom(): New position: (16, 52)
41s DecisionModule:RemoveNetworkFromList(): Network: 5 out of range!
42s DeviceModule:MoveRandom(): New position: (4, 52)
43s DeviceModule:MoveRandom(): New position: (4, 52)
44s DeviceModule:MoveRandom(): New position: (4, 52)
45s DecisionModule:Run(): Run decision
45s DecisionModule:AnalyzingNetworks(): Current Network: 
       [Network #16, Technology = Wifi, Address = 02-06-00:00:00:00:00:12, { DataRate: 48, SignalStrength: 80, AntiFragility: 87}, IQ: 75]
45s DecisionModule:ShowAllNetworks(): All detected networks:
       [Network #16, Technology = Wifi, Address = 02-06-00:00:00:00:00:12, { DataRate: 48, SignalStrength: 80, AntiFragility: 87}, IQ: 75]
       [Network #13, Technology = Wifi, Address = 02-06-00:00:00:00:00:0f, { DataRate: 51, SignalStrength: 89, AntiFragility: 34}, IQ: 52]
       [Network #0, Technology = Wifi, Address = 02-06-00:00:00:00:00:02, { DataRate: 30, SignalStrength: 1, AntiFragility: 75}, IQ: 45]
45s DeviceModule:MoveRandom(): New position: (4, 52)
46s DeviceModule:MoveRandom(): New position: (16, 52)
47s DeviceModule:MoveRandom(): New position: (4, 52)
48s DeviceModule:MoveRandom(): New position: (4, 40)
49s DeviceModule:MoveRandom(): New position: (16, 40)
50s DeviceModule:MoveRandom(): New position: (16, 28)
50s DecisionModule:RemoveNetworkFromList(): Network: 13 out of range!
51s DeviceModule:MoveRandom(): New position: (28, 28)
52s DeviceModule:MoveRandom(): New position: (28, 16)
53s DeviceModule:MoveRandom(): New position: (16, 16)
54s DeviceModule:MoveRandom(): New position: (16, 28)
55s DeviceModule:MoveRandom(): New position: (4, 28)
56s DeviceModule:MoveRandom(): New position: (16, 28)
57s DeviceModule:MoveRandom(): New position: (28, 28)
58s DeviceModule:MoveRandom(): New position: (16, 28)
59s DeviceModule:MoveRandom(): New position: (16, 40)
59s DecisionModule:AddNetworkToList(): Network detected
60s DecisionModule:Run(): Run decision
60s DecisionModule:AnalyzingNetworks(): Current Network: 
       [Network #13, Technology = Wifi, Address = 02-06-00:00:00:00:00:0f, { DataRate: 62, SignalStrength: 85, AntiFragility: 54}, IQ: 63]
60s DecisionModule:ShowAllNetworks(): All detected networks:
       [Network #13, Technology = Wifi, Address = 02-06-00:00:00:00:00:0f, { DataRate: 62, SignalStrength: 85, AntiFragility: 54}, IQ: 63]
       [Network #16, Technology = Wifi, Address = 02-06-00:00:00:00:00:12, { DataRate: 89, SignalStrength: 45, AntiFragility: 53}, IQ: 60]
       [Network #0, Technology = Wifi, Address = 02-06-00:00:00:00:00:02, { DataRate: 69, SignalStrength: 86, AntiFragility: 19}, IQ: 48]
60s ExecutionModule:Run(): Decision time => Seconds: 0, Miliseconds: 159
60s ExecutionModule:Run(): Handover time => Seconds: 0, Miliseconds: 120
60s ExecutionModule:Run(): Event: Horizontal Handover.
60s DeviceModule:MoveRandom(): New position: (16, 52)
61s DeviceModule:MoveRandom(): New position: (16, 40)
62s DeviceModule:MoveRandom(): New position: (16, 28)
62s ExecutionModule:OutOfRange(): OUT OF BETTER NETWORK! Choosing another network...
62s DecisionModule:RemoveNetworkFromList(): Network: 13 out of range!
62s DecisionModule:Run(): Run decision
62s DecisionModule:AnalyzingNetworks(): Current Network: 
       [Network #16, Technology = Wifi, Address = 02-06-00:00:00:00:00:12, { DataRate: 19, SignalStrength: 87, AntiFragility: 91}, IQ: 72]
62s DecisionModule:ShowAllNetworks(): All detected networks:
       [Network #16, Technology = Wifi, Address = 02-06-00:00:00:00:00:12, { DataRate: 19, SignalStrength: 87, AntiFragility: 91}, IQ: 72]
       [Network #0, Technology = Wifi, Address = 02-06-00:00:00:00:00:02, { DataRate: 73, SignalStrength: 10, AntiFragility: 50}, IQ: 45]
62s ExecutionModule:Run(): Decision time => Seconds: 0, Miliseconds: 118
62s ExecutionModule:Run(): Handover time => Seconds: 0, Miliseconds: 120
62s ExecutionModule:Run(): Event: Horizontal Handover.
63s DeviceModule:MoveRandom(): New position: (4, 28)
64s DeviceModule:MoveRandom(): New position: (4, 28)
65s DeviceModule:MoveRandom(): New position: (4, 40)
65s DecisionModule:AddNetworkToList(): Network detected
66s DeviceModule:MoveRandom(): New position: (4, 28)
66s DecisionModule:RemoveNetworkFromList(): Network: 13 out of range!
67s DeviceModule:MoveRandom(): New position: (16, 28)
68s DeviceModule:MoveRandom(): New position: (16, 40)
68s DecisionModule:AddNetworkToList(): Network detected
69s DeviceModule:MoveRandom(): New position: (16, 28)
69s DecisionModule:RemoveNetworkFromList(): Network: 13 out of range!
70s DeviceModule:MoveRandom(): New position: (28, 28)
71s DeviceModule:MoveRandom(): New position: (40, 28)
72s DeviceModule:MoveRandom(): New position: (40, 40)
72s DecisionModule:AddNetworkToList(): Network detected
72s DecisionModule:AddNetworkToList(): Network detected
73s DeviceModule:MoveRandom(): New position: (40, 52)
73s DecisionModule:AddNetworkToList(): Network detected
74s DeviceModule:MoveRandom(): New position: (28, 52)
74s DecisionModule:RemoveNetworkFromList(): Network: 7 out of range!
75s DecisionModule:Run(): Run decision
75s DecisionModule:AnalyzingNetworks(): Current Network: 
       [Network #0, Technology = Wifi, Address = 02-06-00:00:00:00:00:02, { DataRate: 14, SignalStrength: 86, AntiFragility: 74}, IQ: 62]
75s DecisionModule:ShowAllNetworks(): All detected networks:
       [Network #0, Technology = Wifi, Address = 02-06-00:00:00:00:00:02, { DataRate: 14, SignalStrength: 86, AntiFragility: 74}, IQ: 62]
       [Network #16, Technology = Wifi, Address = 02-06-00:00:00:00:00:12, { DataRate: 66, SignalStrength: 98, AntiFragility: 22}, IQ: 52]
       [Network #13, Technology = Wifi, Address = 02-06-00:00:00:00:00:0f, { DataRate: 40, SignalStrength: 26, AntiFragility: 35}, IQ: 34]
       [Network #6, Technology = Wifi, Address = 02-06-00:00:00:00:00:08, { DataRate: 43, SignalStrength: 22, AntiFragility: 31}, IQ: 31]
75s ExecutionModule:Run(): Decision time => Seconds: 0, Miliseconds: 226
75s ExecutionModule:Run(): Handover time => Seconds: 0, Miliseconds: 145
75s ExecutionModule:Run(): Event: Horizontal Handover.
75s DeviceModule:MoveRandom(): New position: (16, 52)
75s DecisionModule:RemoveNetworkFromList(): Network: 6 out of range!
76s DeviceModule:MoveRandom(): New position: (28, 52)
76s DecisionModule:AddNetworkToList(): Network detected
77s DeviceModule:MoveRandom(): New position: (28, 40)
77s DecisionModule:RemoveNetworkFromList(): Network: 6 out of range!
78s DeviceModule:MoveRandom(): New position: (28, 28)
78s DecisionModule:RemoveNetworkFromList(): Network: 13 out of range!
79s DeviceModule:MoveRandom(): New position: (16, 28)
80s DeviceModule:MoveRandom(): New position: (4, 28)
81s DeviceModule:MoveRandom(): New position: (4, 16)
82s DeviceModule:MoveRandom(): New position: (16, 16)
83s DeviceModule:MoveRandom(): New position: (28, 16)
84s DeviceModule:MoveRandom(): New position: (28, 28)
85s DeviceModule:MoveRandom(): New position: (28, 40)
85s DecisionModule:AddNetworkToList(): Network detected
86s DeviceModule:MoveRandom(): New position: (16, 40)
87s DeviceModule:MoveRandom(): New position: (16, 28)
87s DecisionModule:RemoveNetworkFromList(): Network: 13 out of range!
88s DeviceModule:MoveRandom(): New position: (16, 16)
89s DeviceModule:MoveRandom(): New position: (16, 4)
90s DecisionModule:Run(): Run decision
90s DecisionModule:AnalyzingNetworks(): Current Network: 
       [Network #16, Technology = Wifi, Address = 02-06-00:00:00:00:00:12, { DataRate: 2, SignalStrength: 83, AntiFragility: 7}, IQ: 24]
90s DecisionModule:ShowAllNetworks(): All detected networks:
       [Network #16, Technology = Wifi, Address = 02-06-00:00:00:00:00:12, { DataRate: 2, SignalStrength: 83, AntiFragility: 7}, IQ: 24]
       [Network #0, Technology = Wifi, Address = 02-06-00:00:00:00:00:02, { DataRate: 55, SignalStrength: 18, AntiFragility: 2}, IQ: 19]
90s ExecutionModule:Run(): Decision time => Seconds: 0, Miliseconds: 171
90s ExecutionModule:Run(): Handover time => Seconds: 0, Miliseconds: 121
90s ExecutionModule:Run(): Event: Horizontal Handover.
90s DeviceModule:MoveRandom(): New position: (4, 4)
91s DeviceModule:MoveRandom(): New position: (4, 4)
92s DeviceModule:MoveRandom(): New position: (4, 16)
93s DeviceModule:MoveRandom(): New position: (4, 16)
94s DeviceModule:MoveRandom(): New position: (4, 16)
95s DeviceModule:MoveRandom(): New position: (4, 16)
96s DeviceModule:MoveRandom(): New position: (4, 4)
97s DeviceModule:MoveRandom(): New position: (4, 4)
98s DeviceModule:MoveRandom(): New position: (4, 4)
99s DeviceModule:MoveRandom(): New position: (4, 4)
100s DeviceModule:MoveRandom(): New position: (4, 4)
101s DeviceModule:MoveRandom(): New position: (4, 4)
102s DeviceModule:MoveRandom(): New position: (4, 16)
103s DeviceModule:MoveRandom(): New position: (4, 4)
104s DeviceModule:MoveRandom(): New position: (16, 4)
105s DecisionModule:Run(): Run decision
105s DecisionModule:AnalyzingNetworks(): Current Network: 
       [Network #16, Technology = Wifi, Address = 02-06-00:00:00:00:00:12, { DataRate: 70, SignalStrength: 59, AntiFragility: 65}, IQ: 64]
105s DecisionModule:ShowAllNetworks(): All detected networks:
       [Network #16, Technology = Wifi, Address = 02-06-00:00:00:00:00:12, { DataRate: 70, SignalStrength: 59, AntiFragility: 65}, IQ: 64]
       [Network #0, Technology = Wifi, Address = 02-06-00:00:00:00:00:02, { DataRate: 26, SignalStrength: 60, AntiFragility: 8}, IQ: 25]
105s DeviceModule:MoveRandom(): New position: (16, 4)
106s DeviceModule:MoveRandom(): New position: (16, 4)
107s DeviceModule:MoveRandom(): New position: (16, 4)
108s DeviceModule:MoveRandom(): New position: (16, 16)
109s DeviceModule:MoveRandom(): New position: (16, 4)
110s DeviceModule:MoveRandom(): New position: (28, 4)
111s DeviceModule:MoveRandom(): New position: (28, 16)
112s DeviceModule:MoveRandom(): New position: (16, 16)
113s DeviceModule:MoveRandom(): New position: (28, 16)
114s DeviceModule:MoveRandom(): New position: (28, 4)
115s DeviceModule:MoveRandom(): New position: (28, 16)
116s DeviceModule:MoveRandom(): New position: (28, 4)
117s DeviceModule:MoveRandom(): New position: (28, 4)
118s DeviceModule:MoveRandom(): New position: (16, 4)
119s DeviceModule:MoveRandom(): New position: (28, 4)
120s DecisionModule:Run(): Run decision
120s DecisionModule:AnalyzingNetworks(): Current Network: 
       [Network #0, Technology = Wifi, Address = 02-06-00:00:00:00:00:02, { DataRate: 98, SignalStrength: 69, AntiFragility: 37}, IQ: 60]
120s DecisionModule:ShowAllNetworks(): All detected networks:
       [Network #0, Technology = Wifi, Address = 02-06-00:00:00:00:00:02, { DataRate: 98, SignalStrength: 69, AntiFragility: 37}, IQ: 60]
       [Network #16, Technology = Wifi, Address = 02-06-00:00:00:00:00:12, { DataRate: 47, SignalStrength: 16, AntiFragility: 60}, IQ: 45]
120s ExecutionModule:Run(): Decision time => Seconds: 0, Miliseconds: 153
120s ExecutionModule:Run(): Handover time => Seconds: 0, Miliseconds: 122
120s ExecutionModule:Run(): Event: Horizontal Handover.
120s DeviceModule:MoveRandom(): New position: (28, 16)
121s DeviceModule:MoveRandom(): New position: (28, 4)
122s DeviceModule:MoveRandom(): New position: (16, 4)
123s DeviceModule:MoveRandom(): New position: (16, 4)
124s DeviceModule:MoveRandom(): New position: (4, 4)
125s DeviceModule:MoveRandom(): New position: (4, 4)
126s DeviceModule:MoveRandom(): New position: (4, 4)
127s DeviceModule:MoveRandom(): New position: (4, 16)
128s DeviceModule:MoveRandom(): New position: (16, 16)
129s DeviceModule:MoveRandom(): New position: (4, 16)
130s DeviceModule:MoveRandom(): New position: (4, 4)
131s DeviceModule:MoveRandom(): New position: (4, 16)
132s DeviceModule:MoveRandom(): New position: (16, 16)
133s DeviceModule:MoveRandom(): New position: (28, 16)
134s DeviceModule:MoveRandom(): New position: (40, 16)
135s DecisionModule:Run(): Run decision
135s DecisionModule:AnalyzingNetworks(): Current Network: 
       [Network #0, Technology = Wifi, Address = 02-06-00:00:00:00:00:02, { DataRate: 6, SignalStrength: 58, AntiFragility: 64}, IQ: 48]
135s DecisionModule:ShowAllNetworks(): All detected networks:
       [Network #0, Technology = Wifi, Address = 02-06-00:00:00:00:00:02, { DataRate: 6, SignalStrength: 58, AntiFragility: 64}, IQ: 48]
       [Network #16, Technology = Wifi, Address = 02-06-00:00:00:00:00:12, { DataRate: 31, SignalStrength: 75, AntiFragility: 26}, IQ: 39]
135s DeviceModule:MoveRandom(): New position: (52, 16)
136s DeviceModule:MoveRandom(): New position: (40, 16)
137s DeviceModule:MoveRandom(): New position: (52, 16)
138s DeviceModule:MoveRandom(): New position: (64, 16)
138s DecisionModule:AddNetworkToList(): Network detected
138s DecisionModule:AddNetworkToList(): Network detected
139s DeviceModule:MoveRandom(): New position: (76, 16)
139s DecisionModule:AddNetworkToList(): Network detected
140s DeviceModule:MoveRandom(): New position: (88, 16)
140s DecisionModule:AddNetworkToList(): Network detected
141s DeviceModule:MoveRandom(): New position: (100, 16)
141s DecisionModule:AddNetworkToList(): Network detected
142s DeviceModule:MoveRandom(): New position: (112, 16)
142s DecisionModule:RemoveNetworkFromList(): Network: 16 out of range!
143s DeviceModule:MoveRandom(): New position: (112, 4)
143s DecisionModule:RemoveNetworkFromList(): Network: 6 out of range!
144s DeviceModule:MoveRandom(): New position: (124, 4)
145s DeviceModule:MoveRandom(): New position: (136, 4)
146s DeviceModule:MoveRandom(): New position: (148, 4)
147s DeviceModule:MoveRandom(): New position: (148, 4)
148s DeviceModule:MoveRandom(): New position: (136, 4)
149s DeviceModule:MoveRandom(): New position: (136, 4)
150s DecisionModule:Run(): Run decision
150s DecisionModule:AnalyzingNetworks(): Current Network: 
       [Network #1, Technology = Wifi, Address = 02-06-00:00:00:00:00:03, { DataRate: 98, SignalStrength: 88, AntiFragility: 25}, IQ: 59]
150s DecisionModule:ShowAllNetworks(): All detected networks:
       [Network #1, Technology = Wifi, Address = 02-06-00:00:00:00:00:03, { DataRate: 98, SignalStrength: 88, AntiFragility: 25}, IQ: 59]
       [Network #17, Technology = Wifi, Address = 02-06-00:00:00:00:00:13, { DataRate: 20, SignalStrength: 13, AntiFragility: 72}, IQ: 44]
       [Network #0, Technology = Wifi, Address = 02-06-00:00:00:00:00:02, { DataRate: 7, SignalStrength: 56, AntiFragility: 25}, IQ: 28]
       [Network #3, Technology = Wifi, Address = 02-06-00:00:00:00:00:05, { DataRate: 28, SignalStrength: 49, AntiFragility: 6}, IQ: 22]
       [Network #4, Technology = Wifi, Address = 02-06-00:00:00:00:00:06, { DataRate: 12, SignalStrength: 63, AntiFragility: 7}, IQ: 22]
150s ExecutionModule:Run(): Decision time => Seconds: 0, Miliseconds: 176
150s ExecutionModule:Run(): Handover time => Seconds: 0, Miliseconds: 121
150s ExecutionModule:Run(): Event: Horizontal Handover.
150s DeviceModule:MoveRandom(): New position: (136, 16)
150s DecisionModule:AddNetworkToList(): Network detected
151s DeviceModule:MoveRandom(): New position: (148, 16)
152s DeviceModule:MoveRandom(): New position: (148, 28)
153s DeviceModule:MoveRandom(): New position: (148, 16)
154s DeviceModule:MoveRandom(): New position: (148, 28)
155s DeviceModule:MoveRandom(): New position: (148, 40)
155s DecisionModule:AddNetworkToList(): Network detected
156s DeviceModule:MoveRandom(): New position: (148, 28)
156s DecisionModule:RemoveNetworkFromList(): Network: 7 out of range!
157s DeviceModule:MoveRandom(): New position: (148, 40)
157s DecisionModule:AddNetworkToList(): Network detected
158s DeviceModule:MoveRandom(): New position: (160, 40)
158s DecisionModule:RemoveNetworkFromList(): Network: 7 out of range!
159s DeviceModule:MoveRandom(): New position: (148, 40)
159s DecisionModule:AddNetworkToList(): Network detected
160s DeviceModule:MoveRandom(): New position: (160, 40)
160s DecisionModule:RemoveNetworkFromList(): Network: 7 out of range!
161s DeviceModule:MoveRandom(): New position: (160, 52)
161s DecisionModule:AddNetworkToList(): Network detected
162s DeviceModule:MoveRandom(): New position: (172, 52)
162s DecisionModule:RemoveNetworkFromList(): Network: 7 out of range!
163s DeviceModule:MoveRandom(): New position: (172, 40)
164s DeviceModule:MoveRandom(): New position: (172, 52)
165s DecisionModule:Run(): Run decision
165s DecisionModule:AnalyzingNetworks(): Current Network: 
       [Network #0, Technology = Wifi, Address = 02-06-00:00:00:00:00:02, { DataRate: 98, SignalStrength: 32, AntiFragility: 93}, IQ: 79]
165s DecisionModule:ShowAllNetworks(): All detected networks:
       [Network #0, Technology = Wifi, Address = 02-06-00:00:00:00:00:02, { DataRate: 98, SignalStrength: 32, AntiFragility: 93}, IQ: 79]
       [Network #17, Technology = Wifi, Address = 02-06-00:00:00:00:00:13, { DataRate: 73, SignalStrength: 8, AntiFragility: 81}, IQ: 60]
       [Network #1, Technology = Wifi, Address = 02-06-00:00:00:00:00:03, { DataRate: 75, SignalStrength: 78, AntiFragility: 32}, IQ: 54]
       [Network #4, Technology = Wifi, Address = 02-06-00:00:00:00:00:06, { DataRate: 60, SignalStrength: 29, AntiFragility: 45}, IQ: 44]
       [Network #3, Technology = Wifi, Address = 02-06-00:00:00:00:00:05, { DataRate: 80, SignalStrength: 47, AntiFragility: 13}, IQ: 38]
       [Network #6, Technology = Wifi, Address = 02-06-00:00:00:00:00:08, { DataRate: 54, SignalStrength: 25, AntiFragility: 28}, IQ: 33]
165s ExecutionModule:Run(): Decision time => Seconds: 0, Miliseconds: 182
165s ExecutionModule:Run(): Handover time => Seconds: 0, Miliseconds: 121
165s ExecutionModule:Run(): Event: Horizontal Handover.
165s DeviceModule:MoveRandom(): New position: (172, 64)
165s DecisionModule:AddNetworkToList(): Network detected
165s DecisionModule:AddNetworkToList(): Network detected
166s DeviceModule:MoveRandom(): New position: (172, 76)
166s DecisionModule:AddNetworkToList(): Network detected
166s DecisionModule:AddNetworkToList(): Network detected
167s DeviceModule:MoveRandom(): New position: (172, 88)
167s DecisionModule:AddNetworkToList(): Network detected
168s DeviceModule:MoveRandom(): New position: (160, 88)
169s DeviceModule:MoveRandom(): New position: (172, 88)
170s DeviceModule:MoveRandom(): New position: (184, 88)
170s ExecutionModule:OutOfRange(): OUT OF BETTER NETWORK! Choosing another network...
170s DecisionModule:RemoveNetworkFromList(): Network: 0 out of range!
170s DecisionModule:Run(): Run decision
170s DecisionModule:AnalyzingNetworks(): Current Network: 
       [Network #19, Technology = Wimax, Address = 02-06-00:00:00:00:00:16, { DataRate: 61, SignalStrength: 59, AntiFragility: 77}, IQ: 68]
170s DecisionModule:ShowAllNetworks(): All detected networks:
       [Network #19, Technology = Wimax, Address = 02-06-00:00:00:00:00:16, { DataRate: 61, SignalStrength: 59, AntiFragility: 77}, IQ: 68]
       [Network #12, Technology = Wifi, Address = 02-06-00:00:00:00:00:0e, { DataRate: 32, SignalStrength: 50, AntiFragility: 90}, IQ: 65]
       [Network #7, Technology = Wifi, Address = 02-06-00:00:00:00:00:09, { DataRate: 92, SignalStrength: 43, AntiFragility: 40}, IQ: 53]
       [Network #3, Technology = Wifi, Address = 02-06-00:00:00:00:00:05, { DataRate: 60, SignalStrength: 35, AntiFragility: 55}, IQ: 51]
       [Network #17, Technology = Wifi, Address = 02-06-00:00:00:00:00:13, { DataRate: 84, SignalStrength: 89, AntiFragility: 17}, IQ: 51]
       [Network #1, Technology = Wifi, Address = 02-06-00:00:00:00:00:03, { DataRate: 89, SignalStrength: 33, AntiFragility: 39}, IQ: 50]
       [Network #6, Technology = Wifi, Address = 02-06-00:00:00:00:00:08, { DataRate: 28, SignalStrength: 12, AntiFragility: 64}, IQ: 42]
       [Network #18, Technology = Wimax, Address = 02-06-00:00:00:00:00:15, { DataRate: 39, SignalStrength: 95, AntiFragility: 12}, IQ: 39]
       [Network #2, Technology = Wifi, Address = 02-06-00:00:00:00:00:04, { DataRate: 19, SignalStrength: 78, AntiFragility: 17}, IQ: 32]
       [Network #4, Technology = Wifi, Address = 02-06-00:00:00:00:00:06, { DataRate: 24, SignalStrength: 4, AntiFragility: 13}, IQ: 13]
170s ExecutionModule:Run(): Decision time => Seconds: 0, Miliseconds: 161
170s ExecutionModule:Run(): Handover time => Seconds: 0, Miliseconds: 43
170s ExecutionModule:Run(): Event: Vertical Handover.
171s DeviceModule:MoveRandom(): New position: (172, 88)
171s DecisionModule:AddNetworkToList(): Network detected
172s DeviceModule:MoveRandom(): New position: (172, 100)
172s DecisionModule:RemoveNetworkFromList(): Network: 0 out of range!
172s DecisionModule:AddNetworkToList(): Network detected
173s DeviceModule:MoveRandom(): New position: (160, 100)
173s DecisionModule:AddNetworkToList(): Network detected
174s DeviceModule:MoveRandom(): New position: (160, 112)
174s DecisionModule:RemoveNetworkFromList(): Network: 3 out of range!
175s DeviceModule:MoveRandom(): New position: (160, 124)
175s DecisionModule:RemoveNetworkFromList(): Network: 0 out of range!
175s DecisionModule:RemoveNetworkFromList(): Network: 17 out of range!
176s DeviceModule:MoveRandom(): New position: (148, 124)
176s DecisionModule:AddNetworkToList(): Network detected
176s DecisionModule:RemoveNetworkFromList(): Network: 4 out of range!
177s DeviceModule:MoveRandom(): New position: (136, 124)
177s DecisionModule:AddNetworkToList(): Network detected
178s DeviceModule:MoveRandom(): New position: (124, 124)
178s DecisionModule:AddNetworkToList(): Network detected
179s DeviceModule:MoveRandom(): New position: (112, 124)
179s DecisionModule:AddNetworkToList(): Network detected
180s DecisionModule:Run(): Run decision
180s DecisionModule:AnalyzingNetworks(): Current Network: 
       [Network #1, Technology = Wifi, Address = 02-06-00:00:00:00:00:03, { DataRate: 82, SignalStrength: 78, AntiFragility: 85}, IQ: 82]
180s DecisionModule:ShowAllNetworks(): All detected networks:
       [Network #1, Technology = Wifi, Address = 02-06-00:00:00:00:00:03, { DataRate: 82, SignalStrength: 78, AntiFragility: 85}, IQ: 82]
       [Network #15, Technology = Wifi, Address = 02-06-00:00:00:00:00:11, { DataRate: 60, SignalStrength: 74, AntiFragility: 66}, IQ: 66]
       [Network #6, Technology = Wifi, Address = 02-06-00:00:00:00:00:08, { DataRate: 41, SignalStrength: 57, AntiFragility: 78}, IQ: 63]
       [Network #13, Technology = Wifi, Address = 02-06-00:00:00:00:00:0f, { DataRate: 59, SignalStrength: 59, AntiFragility: 50}, IQ: 54]
       [Network #14, Technology = Wifi, Address = 02-06-00:00:00:00:00:10, { DataRate: 66, SignalStrength: 26, AntiFragility: 54}, IQ: 50]
       [Network #2, Technology = Wifi, Address = 02-06-00:00:00:00:00:04, { DataRate: 31, SignalStrength: 75, AntiFragility: 42}, IQ: 47]
       [Network #7, Technology = Wifi, Address = 02-06-00:00:00:00:00:09, { DataRate: 3, SignalStrength: 81, AntiFragility: 45}, IQ: 43]
       [Network #10, Technology = Wifi, Address = 02-06-00:00:00:00:00:0c, { DataRate: 5, SignalStrength: 49, AntiFragility: 57}, IQ: 42]
       [Network #12, Technology = Wifi, Address = 02-06-00:00:00:00:00:0e, { DataRate: 63, SignalStrength: 77, AntiFragility: 15}, IQ: 42]
       [Network #19, Technology = Wimax, Address = 02-06-00:00:00:00:00:16, { DataRate: 41, SignalStrength: 1, AntiFragility: 58}, IQ: 39]
       [Network #0, Technology = Wifi, Address = 02-06-00:00:00:00:00:02, { DataRate: 25, SignalStrength: 16, AntiFragility: 52}, IQ: 36]
       [Network #18, Technology = Wimax, Address = 02-06-00:00:00:00:00:15, { DataRate: 10, SignalStrength: 32, AntiFragility: 7}, IQ: 14]
180s ExecutionModule:Run(): Decision time => Seconds: 0, Miliseconds: 224
180s ExecutionModule:Run(): Handover time => Seconds: 0, Miliseconds: 31
180s ExecutionModule:Run(): Event: Vertical Handover.
180s DeviceModule:MoveRandom(): New position: (112, 112)
180s DecisionModule:RemoveNetworkFromList(): Network: 15 out of range!
181s DeviceModule:MoveRandom(): New position: (100, 112)
181s DecisionModule:RemoveNetworkFromList(): Network: 14 out of range!
181s DecisionModule:AddNetworkToList(): Network detected
182s DeviceModule:MoveRandom(): New position: (100, 124)
182s DecisionModule:AddNetworkToList(): Network detected
182s DecisionModule:AddNetworkToList(): Network detected
182s DecisionModule:AddNetworkToList(): Network detected
183s DeviceModule:MoveRandom(): New position: (112, 124)
183s DecisionModule:RemoveNetworkFromList(): Network: 8 out of range!
183s DecisionModule:RemoveNetworkFromList(): Network: 9 out of range!
184s DeviceModule:MoveRandom(): New position: (112, 136)
184s DecisionModule:AddNetworkToList(): Network detected
185s DeviceModule:MoveRandom(): New position: (112, 124)
185s DecisionModule:RemoveNetworkFromList(): Network: 9 out of range!
186s DeviceModule:MoveRandom(): New position: (124, 124)
186s DecisionModule:RemoveNetworkFromList(): Network: 15 out of range!
187s DeviceModule:MoveRandom(): New position: (124, 136)
187s DecisionModule:AddNetworkToList(): Network detected
188s DeviceModule:MoveRandom(): New position: (124, 148)
188s DecisionModule:RemoveNetworkFromList(): Network: 0 out of range!
189s DeviceModule:MoveRandom(): New position: (112, 148)
189s DecisionModule:AddNetworkToList(): Network detected
189s ExecutionModule:OutOfRange(): OUT OF BETTER NETWORK! Choosing another network...
189s DecisionModule:RemoveNetworkFromList(): Network: 1 out of range!
189s DecisionModule:Run(): Run decision
189s DecisionModule:AnalyzingNetworks(): Current Network: 
       [Network #7, Technology = Wifi, Address = 02-06-00:00:00:00:00:09, { DataRate: 49, SignalStrength: 89, AntiFragility: 90}, IQ: 79]
189s DecisionModule:ShowAllNetworks(): All detected networks:
       [Network #7, Technology = Wifi, Address = 02-06-00:00:00:00:00:09, { DataRate: 49, SignalStrength: 89, AntiFragility: 90}, IQ: 79]
       [Network #2, Technology = Wifi, Address = 02-06-00:00:00:00:00:04, { DataRate: 11, SignalStrength: 59, AntiFragility: 92}, IQ: 63]
       [Network #6, Technology = Wifi, Address = 02-06-00:00:00:00:00:08, { DataRate: 12, SignalStrength: 47, AntiFragility: 90}, IQ: 59]
       [Network #10, Technology = Wifi, Address = 02-06-00:00:00:00:00:0c, { DataRate: 21, SignalStrength: 70, AntiFragility: 61}, IQ: 53]
       [Network #14, Technology = Wifi, Address = 02-06-00:00:00:00:00:10, { DataRate: 61, SignalStrength: 34, AntiFragility: 49}, IQ: 48]
       [Network #13, Technology = Wifi, Address = 02-06-00:00:00:00:00:0f, { DataRate: 8, SignalStrength: 81, AntiFragility: 37}, IQ: 40]
       [Network #15, Technology = Wifi, Address = 02-06-00:00:00:00:00:11, { DataRate: 74, SignalStrength: 61, AntiFragility: 13}, IQ: 40]
       [Network #19, Technology = Wimax, Address = 02-06-00:00:00:00:00:16, { DataRate: 48, SignalStrength: 51, AntiFragility: 29}, IQ: 39]
       [Network #18, Technology = Wimax, Address = 02-06-00:00:00:00:00:15, { DataRate: 13, SignalStrength: 83, AntiFragility: 15}, IQ: 31]
       [Network #0, Technology = Wifi, Address = 02-06-00:00:00:00:00:02, { DataRate: 19, SignalStrength: 40, AntiFragility: 31}, IQ: 30]
       [Network #12, Technology = Wifi, Address = 02-06-00:00:00:00:00:0e, { DataRate: 74, SignalStrength: 4, AntiFragility: 7}, IQ: 23]
189s ExecutionModule:Run(): Decision time => Seconds: 0, Miliseconds: 169
189s ExecutionModule:Run(): Handover time => Seconds: 0, Miliseconds: 121
189s ExecutionModule:Run(): Event: Horizontal Handover.
189s DecisionModule:AddNetworkToList(): Network detected
189s DecisionModule:AddNetworkToList(): Network detected
190s DeviceModule:MoveRandom(): New position: (112, 160)
190s DecisionModule:RemoveNetworkFromList(): Network: 0 out of range!
191s DeviceModule:MoveRandom(): New position: (112, 148)
191s DecisionModule:AddNetworkToList(): Network detected
192s DeviceModule:MoveRandom(): New position: (112, 136)
192s DecisionModule:AddNetworkToList(): Network detected
192s DecisionModule:RemoveNetworkFromList(): Network: 8 out of range!
193s DeviceModule:MoveRandom(): New position: (100, 136)
193s DecisionModule:AddNetworkToList(): Network detected
193s DecisionModule:AddNetworkToList(): Network detected
194s DeviceModule:MoveRandom(): New position: (100, 124)
194s DecisionModule:RemoveNetworkFromList(): Network: 5 out of range!
195s DecisionModule:Run(): Run decision
195s DecisionModule:AnalyzingNetworks(): Current Network: 
       [Network #8, Technology = Wifi, Address = 02-06-00:00:00:00:00:0a, { DataRate: 84, SignalStrength: 99, AntiFragility: 64}, IQ: 77]
195s DecisionModule:ShowAllNetworks(): All detected networks:
       [Network #8, Technology = Wifi, Address = 02-06-00:00:00:00:00:0a, { DataRate: 84, SignalStrength: 99, AntiFragility: 64}, IQ: 77]
       [Network #2, Technology = Wifi, Address = 02-06-00:00:00:00:00:04, { DataRate: 93, SignalStrength: 91, AntiFragility: 56}, IQ: 74]
       [Network #10, Technology = Wifi, Address = 02-06-00:00:00:00:00:0c, { DataRate: 11, SignalStrength: 65, AntiFragility: 99}, IQ: 68]
       [Network #18, Technology = Wimax, Address = 02-06-00:00:00:00:00:15, { DataRate: 68, SignalStrength: 54, AntiFragility: 76}, IQ: 68]
       [Network #14, Technology = Wifi, Address = 02-06-00:00:00:00:00:10, { DataRate: 71, SignalStrength: 10, AntiFragility: 93}, IQ: 66]
       [Network #19, Technology = Wimax, Address = 02-06-00:00:00:00:00:16, { DataRate: 30, SignalStrength: 74, AntiFragility: 75}, IQ: 63]
       [Network #13, Technology = Wifi, Address = 02-06-00:00:00:00:00:0f, { DataRate: 20, SignalStrength: 64, AntiFragility: 76}, IQ: 59]
       [Network #7, Technology = Wifi, Address = 02-06-00:00:00:00:00:09, { DataRate: 35, SignalStrength: 68, AntiFragility: 62}, IQ: 56]
       [Network #15, Technology = Wifi, Address = 02-06-00:00:00:00:00:11, { DataRate: 37, SignalStrength: 19, AntiFragility: 82}, IQ: 55]
       [Network #9, Technology = Wifi, Address = 02-06-00:00:00:00:00:0b, { DataRate: 16, SignalStrength: 68, AntiFragility: 67}, IQ: 54]
       [Network #1, Technology = Wifi, Address = 02-06-00:00:00:00:00:03, { DataRate: 66, SignalStrength: 38, AntiFragility: 47}, IQ: 49]
       [Network #12, Technology = Wifi, Address = 02-06-00:00:00:00:00:0e, { DataRate: 98, SignalStrength: 82, AntiFragility: 2}, IQ: 46]
       [Network #6, Technology = Wifi, Address = 02-06-00:00:00:00:00:08, { DataRate: 30, SignalStrength: 10, AntiFragility: 64}, IQ: 42]
       [Network #0, Technology = Wifi, Address = 02-06-00:00:00:00:00:02, { DataRate: 57, SignalStrength: 3, AntiFragility: 29}, IQ: 29]
195s ExecutionModule:Run(): Decision time => Seconds: 0, Miliseconds: 268
195s ExecutionModule:Run(): Handover time => Seconds: 0, Miliseconds: 122
195s ExecutionModule:Run(): Event: Horizontal Handover.
195s DeviceModule:MoveRandom(): New position: (100, 136)
195s DecisionModule:AddNetworkToList(): Network detected
196s DeviceModule:MoveRandom(): New position: (88, 136)
196s DecisionModule:RemoveNetworkFromList(): Network: 1 out of range!
196s DecisionModule:AddNetworkToList(): Network detected
197s DeviceModule:MoveRandom(): New position: (88, 148)
198s DeviceModule:MoveRandom(): New position: (88, 160)
198s DecisionModule:RemoveNetworkFromList(): Network: 0 out of range!
199s DeviceModule:MoveRandom(): New position: (88, 172)
