Waf: Entering directory `/home/renan/Documents/NR2/ns-allinone-3.20/ns-3.20/build'
Waf: Leaving directory `/home/renan/Documents/NR2/ns-allinone-3.20/ns-3.20/build'
'build' finished successfully (1.809s)
0s NetworkModule:SetPosition(): Network 0 set position => (134, 22)
0s NetworkModule:SetRange(): Network 0 set range => 100
0s NetworkModule:SetPosition(): Network 1 set position => (51, 68)
0s NetworkModule:SetRange(): Network 1 set range => 100
0s NetworkModule:SetPosition(): Network 2 set position => (131, 34)
0s NetworkModule:SetRange(): Network 2 set range => 100
0s NetworkModule:SetPosition(): Network 3 set position => (3, 55)
0s NetworkModule:SetRange(): Network 3 set range => 100
0s NetworkModule:SetPosition(): Network 4 set position => (99, 122)
0s NetworkModule:SetRange(): Network 4 set range => 100
0s NetworkModule:SetPosition(): Network 5 set position => (96, 49)
0s NetworkModule:SetRange(): Network 5 set range => 100
0s NetworkModule:SetPosition(): Network 6 set position => (136, 93)
0s NetworkModule:SetRange(): Network 6 set range => 100
0s NetworkModule:SetPosition(): Network 7 set position => (96, 87)
0s NetworkModule:SetRange(): Network 7 set range => 100
0s NetworkModule:SetPosition(): Network 8 set position => (87, 93)
0s NetworkModule:SetRange(): Network 8 set range => 100
0s NetworkModule:SetPosition(): Network 9 set position => (16, 127)
0s NetworkModule:SetRange(): Network 9 set range => 100
0s DeviceModule:ConfigureMobility(): Device [init x = 75, init y = 75, max = 150, velocity = 3]
1s DeviceModule:MoveRandom(): New position: (75, 78)
1s DecisionModule:AddNetworkToList(): Network detected
1s DecisionModule:AddNetworkToList(): Network detected
1s DecisionModule:AddNetworkToList(): Network detected
1s DecisionModule:AddNetworkToList(): Network detected
1s DecisionModule:AddNetworkToList(): Network detected
1s DecisionModule:AddNetworkToList(): Network detected
1s DecisionModule:AddNetworkToList(): Network detected
1s DecisionModule:AddNetworkToList(): Network detected
1s DecisionModule:AddNetworkToList(): Network detected
1s DecisionModule:AddNetworkToList(): Network detected
2s DeviceModule:MoveRandom(): New position: (72, 78)
3s DeviceModule:MoveRandom(): New position: (72, 81)
4s DeviceModule:MoveRandom(): New position: (72, 78)
5s DeviceModule:MoveRandom(): New position: (72, 81)
6s DeviceModule:MoveRandom(): New position: (72, 84)
7s DeviceModule:MoveRandom(): New position: (72, 81)
8s DeviceModule:MoveRandom(): New position: (72, 84)
9s DeviceModule:MoveRandom(): New position: (69, 84)
10s DeviceModule:MoveRandom(): New position: (69, 81)
11s DeviceModule:MoveRandom(): New position: (72, 81)
12s DeviceModule:MoveRandom(): New position: (72, 78)
13s DeviceModule:MoveRandom(): New position: (72, 75)
14s DeviceModule:MoveRandom(): New position: (72, 78)
15s DeviceModule:MoveRandom(): New position: (69, 78)
16s DeviceModule:MoveRandom(): New position: (66, 78)
17s DeviceModule:MoveRandom(): New position: (66, 75)
18s DeviceModule:MoveRandom(): New position: (66, 72)
19s DeviceModule:MoveRandom(): New position: (66, 75)
20s DecisionModule:Run(): Run decision
20s DecisionModule:AnalyzingNetworks(): Current Network: 
       [Network #2, Technology = Wifi, Address = 02-06-00:00:00:00:00:04, { DataRate: 87, SignalStrength: 98, AntiFragility: 73}, IQ: 82]
20s DecisionModule:ShowAllNetworks(): All detected networks:
       [Network #2, Technology = Wifi, Address = 02-06-00:00:00:00:00:04, { DataRate: 87, SignalStrength: 98, AntiFragility: 73}, IQ: 82]
       [Network #9, Technology = Wimax, Address = 02-06-00:00:00:00:00:0c, { DataRate: 63, SignalStrength: 92, AntiFragility: 86}, IQ: 81]
       [Network #5, Technology = Wifi, Address = 02-06-00:00:00:00:00:07, { DataRate: 90, SignalStrength: 50, AntiFragility: 90}, IQ: 80]
       [Network #1, Technology = Wifi, Address = 02-06-00:00:00:00:00:03, { DataRate: 88, SignalStrength: 94, AntiFragility: 50}, IQ: 70]
       [Network #7, Technology = Wifi, Address = 02-06-00:00:00:00:00:09, { DataRate: 85, SignalStrength: 52, AntiFragility: 66}, IQ: 67]
       [Network #4, Technology = Wifi, Address = 02-06-00:00:00:00:00:06, { DataRate: 10, SignalStrength: 87, AntiFragility: 29}, IQ: 38]
       [Network #3, Technology = Wifi, Address = 02-06-00:00:00:00:00:05, { DataRate: 48, SignalStrength: 3, AntiFragility: 52}, IQ: 38]
       [Network #0, Technology = Wifi, Address = 02-06-00:00:00:00:00:02, { DataRate: 14, SignalStrength: 89, AntiFragility: 17}, IQ: 34]
       [Network #8, Technology = Wimax, Address = 02-06-00:00:00:00:00:0b, { DataRate: 49, SignalStrength: 82, AntiFragility: 2}, IQ: 33]
       [Network #6, Technology = Wifi, Address = 02-06-00:00:00:00:00:08, { DataRate: 12, SignalStrength: 81, AntiFragility: 13}, IQ: 29]
20s DeviceModule:MoveRandom(): New position: (63, 75)
21s DeviceModule:MoveRandom(): New position: (63, 72)
22s DeviceModule:MoveRandom(): New position: (63, 69)
23s DeviceModule:MoveRandom(): New position: (63, 66)
24s DeviceModule:MoveRandom(): New position: (60, 66)
25s DeviceModule:MoveRandom(): New position: (60, 63)
26s DeviceModule:MoveRandom(): New position: (63, 63)
27s DeviceModule:MoveRandom(): New position: (63, 66)
28s DeviceModule:MoveRandom(): New position: (63, 69)
29s DeviceModule:MoveRandom(): New position: (66, 69)
30s DeviceModule:MoveRandom(): New position: (69, 69)
31s DeviceModule:MoveRandom(): New position: (69, 66)
32s DeviceModule:MoveRandom(): New position: (69, 63)
33s DeviceModule:MoveRandom(): New position: (66, 63)
34s DeviceModule:MoveRandom(): New position: (69, 63)
35s DeviceModule:MoveRandom(): New position: (66, 63)
36s DeviceModule:MoveRandom(): New position: (69, 63)
37s DeviceModule:MoveRandom(): New position: (72, 63)
38s DeviceModule:MoveRandom(): New position: (72, 66)
39s DeviceModule:MoveRandom(): New position: (72, 69)
40s DecisionModule:Run(): Run decision
40s DecisionModule:AnalyzingNetworks(): Current Network: 
       [Network #4, Technology = Wifi, Address = 02-06-00:00:00:00:00:06, { DataRate: 91, SignalStrength: 96, AntiFragility: 84}, IQ: 88]
40s DecisionModule:ShowAllNetworks(): All detected networks:
       [Network #4, Technology = Wifi, Address = 02-06-00:00:00:00:00:06, { DataRate: 91, SignalStrength: 96, AntiFragility: 84}, IQ: 88]
       [Network #8, Technology = Wimax, Address = 02-06-00:00:00:00:00:0b, { DataRate: 55, SignalStrength: 80, AntiFragility: 79}, IQ: 73]
       [Network #1, Technology = Wifi, Address = 02-06-00:00:00:00:00:03, { DataRate: 16, SignalStrength: 86, AntiFragility: 90}, IQ: 70]
       [Network #3, Technology = Wifi, Address = 02-06-00:00:00:00:00:05, { DataRate: 47, SignalStrength: 74, AntiFragility: 66}, IQ: 63]
       [Network #9, Technology = Wimax, Address = 02-06-00:00:00:00:00:0c, { DataRate: 32, SignalStrength: 8, AntiFragility: 93}, IQ: 56]
       [Network #2, Technology = Wifi, Address = 02-06-00:00:00:00:00:04, { DataRate: 20, SignalStrength: 16, AntiFragility: 90}, IQ: 54]
       [Network #0, Technology = Wifi, Address = 02-06-00:00:00:00:00:02, { DataRate: 66, SignalStrength: 34, AntiFragility: 22}, IQ: 36]
       [Network #5, Technology = Wifi, Address = 02-06-00:00:00:00:00:07, { DataRate: 39, SignalStrength: 32, AntiFragility: 15}, IQ: 25]
       [Network #7, Technology = Wifi, Address = 02-06-00:00:00:00:00:09, { DataRate: 24, SignalStrength: 27, AntiFragility: 25}, IQ: 25]
       [Network #6, Technology = Wifi, Address = 02-06-00:00:00:00:00:08, { DataRate: 34, SignalStrength: 25, AntiFragility: 9}, IQ: 19]
40s ExecutionModule:Run(): Decision time => Seconds: 0, Miliseconds: 205
40s ExecutionModule:Run(): Handover time => Seconds: 0, Miliseconds: 177
40s ExecutionModule:Run(): Event: Horizontal Handover.
40s DeviceModule:MoveRandom(): New position: (69, 69)
41s DeviceModule:MoveRandom(): New position: (69, 72)
42s DeviceModule:MoveRandom(): New position: (69, 75)
43s DeviceModule:MoveRandom(): New position: (69, 78)
44s DeviceModule:MoveRandom(): New position: (72, 78)
45s DeviceModule:MoveRandom(): New position: (72, 81)
46s DeviceModule:MoveRandom(): New position: (72, 78)
47s DeviceModule:MoveRandom(): New position: (69, 78)
48s DeviceModule:MoveRandom(): New position: (66, 78)
49s DeviceModule:MoveRandom(): New position: (69, 78)
50s DeviceModule:MoveRandom(): New position: (69, 81)
51s DeviceModule:MoveRandom(): New position: (72, 81)
52s DeviceModule:MoveRandom(): New position: (72, 84)
53s DeviceModule:MoveRandom(): New position: (72, 81)
54s DeviceModule:MoveRandom(): New position: (75, 81)
55s DeviceModule:MoveRandom(): New position: (72, 81)
56s DeviceModule:MoveRandom(): New position: (72, 78)
57s DeviceModule:MoveRandom(): New position: (69, 78)
58s DeviceModule:MoveRandom(): New position: (72, 78)
59s DeviceModule:MoveRandom(): New position: (72, 81)
60s DecisionModule:Run(): Run decision
60s DecisionModule:AnalyzingNetworks(): Current Network: 
       [Network #0, Technology = Wifi, Address = 02-06-00:00:00:00:00:02, { DataRate: 27, SignalStrength: 79, AntiFragility: 96}, IQ: 74]
60s DecisionModule:ShowAllNetworks(): All detected networks:
       [Network #0, Technology = Wifi, Address = 02-06-00:00:00:00:00:02, { DataRate: 27, SignalStrength: 79, AntiFragility: 96}, IQ: 74]
       [Network #4, Technology = Wifi, Address = 02-06-00:00:00:00:00:06, { DataRate: 72, SignalStrength: 89, AntiFragility: 54}, IQ: 67]
       [Network #8, Technology = Wimax, Address = 02-06-00:00:00:00:00:0b, { DataRate: 83, SignalStrength: 47, AntiFragility: 61}, IQ: 63]
       [Network #1, Technology = Wifi, Address = 02-06-00:00:00:00:00:03, { DataRate: 27, SignalStrength: 3, AntiFragility: 98}, IQ: 56]
       [Network #5, Technology = Wifi, Address = 02-06-00:00:00:00:00:07, { DataRate: 25, SignalStrength: 74, AntiFragility: 50}, IQ: 49]
       [Network #2, Technology = Wifi, Address = 02-06-00:00:00:00:00:04, { DataRate: 75, SignalStrength: 5, AntiFragility: 33}, IQ: 36]
       [Network #7, Technology = Wifi, Address = 02-06-00:00:00:00:00:09, { DataRate: 55, SignalStrength: 50, AntiFragility: 19}, IQ: 35]
       [Network #6, Technology = Wifi, Address = 02-06-00:00:00:00:00:08, { DataRate: 46, SignalStrength: 18, AntiFragility: 12}, IQ: 22]
       [Network #3, Technology = Wifi, Address = 02-06-00:00:00:00:00:05, { DataRate: 18, SignalStrength: 49, AntiFragility: 2}, IQ: 17]
       [Network #9, Technology = Wimax, Address = 02-06-00:00:00:00:00:0c, { DataRate: 58, SignalStrength: 7, AntiFragility: 1}, IQ: 16]
60s ExecutionModule:Run(): Decision time => Seconds: 0, Miliseconds: 207
60s ExecutionModule:Run(): Handover time => Seconds: 0, Miliseconds: 334
60s ExecutionModule:Run(): Event: Horizontal Handover.
60s DeviceModule:MoveRandom(): New position: (75, 81)
61s DeviceModule:MoveRandom(): New position: (75, 78)
62s DeviceModule:MoveRandom(): New position: (75, 75)
63s DeviceModule:MoveRandom(): New position: (75, 78)
64s DeviceModule:MoveRandom(): New position: (72, 78)
65s DeviceModule:MoveRandom(): New position: (72, 75)
66s DeviceModule:MoveRandom(): New position: (75, 75)
67s DeviceModule:MoveRandom(): New position: (78, 75)
68s DeviceModule:MoveRandom(): New position: (78, 78)
69s DeviceModule:MoveRandom(): New position: (78, 75)
70s DeviceModule:MoveRandom(): New position: (78, 78)
71s DeviceModule:MoveRandom(): New position: (78, 75)
72s DeviceModule:MoveRandom(): New position: (81, 75)
73s DeviceModule:MoveRandom(): New position: (81, 78)
74s DeviceModule:MoveRandom(): New position: (81, 75)
75s DeviceModule:MoveRandom(): New position: (84, 75)
76s DeviceModule:MoveRandom(): New position: (84, 78)
77s DeviceModule:MoveRandom(): New position: (81, 78)
78s DeviceModule:MoveRandom(): New position: (78, 78)
79s DeviceModule:MoveRandom(): New position: (78, 81)
80s DecisionModule:Run(): Run decision
80s DecisionModule:AnalyzingNetworks(): Current Network: 
       [Network #5, Technology = Wifi, Address = 02-06-00:00:00:00:00:07, { DataRate: 66, SignalStrength: 43, AntiFragility: 97}, IQ: 75]
80s DecisionModule:ShowAllNetworks(): All detected networks:
       [Network #5, Technology = Wifi, Address = 02-06-00:00:00:00:00:07, { DataRate: 66, SignalStrength: 43, AntiFragility: 97}, IQ: 75]
       [Network #2, Technology = Wifi, Address = 02-06-00:00:00:00:00:04, { DataRate: 25, SignalStrength: 78, AntiFragility: 69}, IQ: 60]
       [Network #4, Technology = Wifi, Address = 02-06-00:00:00:00:00:06, { DataRate: 36, SignalStrength: 37, AntiFragility: 60}, IQ: 48]
       [Network #1, Technology = Wifi, Address = 02-06-00:00:00:00:00:03, { DataRate: 46, SignalStrength: 41, AntiFragility: 52}, IQ: 47]
       [Network #6, Technology = Wifi, Address = 02-06-00:00:00:00:00:08, { DataRate: 26, SignalStrength: 17, AntiFragility: 70}, IQ: 45]
       [Network #8, Technology = Wimax, Address = 02-06-00:00:00:00:00:0b, { DataRate: 19, SignalStrength: 93, AntiFragility: 32}, IQ: 44]
       [Network #9, Technology = Wimax, Address = 02-06-00:00:00:00:00:0c, { DataRate: 98, SignalStrength: 6, AntiFragility: 30}, IQ: 41]
       [Network #3, Technology = Wifi, Address = 02-06-00:00:00:00:00:05, { DataRate: 20, SignalStrength: 36, AntiFragility: 53}, IQ: 40]
       [Network #0, Technology = Wifi, Address = 02-06-00:00:00:00:00:02, { DataRate: 26, SignalStrength: 4, AntiFragility: 37}, IQ: 26]
       [Network #7, Technology = Wifi, Address = 02-06-00:00:00:00:00:09, { DataRate: 9, SignalStrength: 41, AntiFragility: 17}, IQ: 21]
80s ExecutionModule:Run(): Decision time => Seconds: 0, Miliseconds: 222
80s ExecutionModule:Run(): Handover time => Seconds: 0, Miliseconds: 119
80s ExecutionModule:Run(): Event: Horizontal Handover.
80s DeviceModule:MoveRandom(): New position: (78, 84)
81s DeviceModule:MoveRandom(): New position: (78, 81)
82s DeviceModule:MoveRandom(): New position: (81, 81)
83s DeviceModule:MoveRandom(): New position: (81, 84)
84s DeviceModule:MoveRandom(): New position: (81, 81)
85s DeviceModule:MoveRandom(): New position: (81, 84)
86s DeviceModule:MoveRandom(): New position: (81, 87)
87s DeviceModule:MoveRandom(): New position: (81, 90)
88s DeviceModule:MoveRandom(): New position: (81, 87)
89s DeviceModule:MoveRandom(): New position: (78, 87)
90s DeviceModule:MoveRandom(): New position: (81, 87)
91s DeviceModule:MoveRandom(): New position: (81, 84)
92s DeviceModule:MoveRandom(): New position: (81, 81)
93s DeviceModule:MoveRandom(): New position: (84, 81)
94s DeviceModule:MoveRandom(): New position: (81, 81)
95s DeviceModule:MoveRandom(): New position: (78, 81)
96s DeviceModule:MoveRandom(): New position: (78, 84)
97s DeviceModule:MoveRandom(): New position: (78, 87)
98s DeviceModule:MoveRandom(): New position: (81, 87)
99s DeviceModule:MoveRandom(): New position: (78, 87)
100s DecisionModule:Run(): Run decision
100s DecisionModule:AnalyzingNetworks(): Current Network: 
       [Network #6, Technology = Wifi, Address = 02-06-00:00:00:00:00:08, { DataRate: 89, SignalStrength: 28, AntiFragility: 79}, IQ: 68]
100s DecisionModule:ShowAllNetworks(): All detected networks:
       [Network #6, Technology = Wifi, Address = 02-06-00:00:00:00:00:08, { DataRate: 89, SignalStrength: 28, AntiFragility: 79}, IQ: 68]
       [Network #0, Technology = Wifi, Address = 02-06-00:00:00:00:00:02, { DataRate: 30, SignalStrength: 55, AntiFragility: 84}, IQ: 63]
       [Network #5, Technology = Wifi, Address = 02-06-00:00:00:00:00:07, { DataRate: 9, SignalStrength: 65, AntiFragility: 87}, IQ: 62]
       [Network #1, Technology = Wifi, Address = 02-06-00:00:00:00:00:03, { DataRate: 90, SignalStrength: 85, AntiFragility: 13}, IQ: 50]
       [Network #4, Technology = Wifi, Address = 02-06-00:00:00:00:00:06, { DataRate: 69, SignalStrength: 88, AntiFragility: 7}, IQ: 42]
       [Network #9, Technology = Wimax, Address = 02-06-00:00:00:00:00:0c, { DataRate: 40, SignalStrength: 83, AntiFragility: 17}, IQ: 39]
       [Network #2, Technology = Wifi, Address = 02-06-00:00:00:00:00:04, { DataRate: 57, SignalStrength: 50, AntiFragility: 25}, IQ: 39]
       [Network #7, Technology = Wifi, Address = 02-06-00:00:00:00:00:09, { DataRate: 79, SignalStrength: 8, AntiFragility: 28}, IQ: 35]
       [Network #3, Technology = Wifi, Address = 02-06-00:00:00:00:00:05, { DataRate: 31, SignalStrength: 81, AntiFragility: 6}, IQ: 31]
       [Network #8, Technology = Wimax, Address = 02-06-00:00:00:00:00:0b, { DataRate: 41, SignalStrength: 21, AntiFragility: 4}, IQ: 17]
100s ExecutionModule:Run(): Decision time => Seconds: 0, Miliseconds: 226
100s ExecutionModule:Run(): Handover time => Seconds: 0, Miliseconds: 120
100s ExecutionModule:Run(): Event: Horizontal Handover.
100s DeviceModule:MoveRandom(): New position: (78, 90)
101s DeviceModule:MoveRandom(): New position: (78, 93)
102s DeviceModule:MoveRandom(): New position: (78, 96)
103s DeviceModule:MoveRandom(): New position: (78, 99)
104s DeviceModule:MoveRandom(): New position: (81, 99)
105s DeviceModule:MoveRandom(): New position: (81, 96)
106s DeviceModule:MoveRandom(): New position: (84, 96)
107s DeviceModule:MoveRandom(): New position: (81, 96)
108s DeviceModule:MoveRandom(): New position: (84, 96)
109s DeviceModule:MoveRandom(): New position: (87, 96)
110s DeviceModule:MoveRandom(): New position: (84, 96)
111s DeviceModule:MoveRandom(): New position: (87, 96)
112s DeviceModule:MoveRandom(): New position: (84, 96)
113s DeviceModule:MoveRandom(): New position: (84, 93)
114s DeviceModule:MoveRandom(): New position: (84, 90)
115s DeviceModule:MoveRandom(): New position: (87, 90)
116s DeviceModule:MoveRandom(): New position: (90, 90)
117s DeviceModule:MoveRandom(): New position: (90, 93)
118s DeviceModule:MoveRandom(): New position: (87, 93)
119s DeviceModule:MoveRandom(): New position: (90, 93)
120s DecisionModule:Run(): Run decision
120s DecisionModule:AnalyzingNetworks(): Current Network: 
       [Network #6, Technology = Wifi, Address = 02-06-00:00:00:00:00:08, { DataRate: 71, SignalStrength: 70, AntiFragility: 90}, IQ: 80]
120s DecisionModule:ShowAllNetworks(): All detected networks:
       [Network #6, Technology = Wifi, Address = 02-06-00:00:00:00:00:08, { DataRate: 71, SignalStrength: 70, AntiFragility: 90}, IQ: 80]
       [Network #1, Technology = Wifi, Address = 02-06-00:00:00:00:00:03, { DataRate: 99, SignalStrength: 23, AntiFragility: 95}, IQ: 78]
       [Network #4, Technology = Wifi, Address = 02-06-00:00:00:00:00:06, { DataRate: 47, SignalStrength: 98, AntiFragility: 80}, IQ: 76]
       [Network #2, Technology = Wifi, Address = 02-06-00:00:00:00:00:04, { DataRate: 97, SignalStrength: 30, AntiFragility: 76}, IQ: 69]
       [Network #7, Technology = Wifi, Address = 02-06-00:00:00:00:00:09, { DataRate: 9, SignalStrength: 42, AntiFragility: 81}, IQ: 53]
       [Network #9, Technology = Wimax, Address = 02-06-00:00:00:00:00:0c, { DataRate: 39, SignalStrength: 23, AntiFragility: 72}, IQ: 51]
       [Network #5, Technology = Wifi, Address = 02-06-00:00:00:00:00:07, { DataRate: 77, SignalStrength: 61, AntiFragility: 32}, IQ: 50]
       [Network #3, Technology = Wifi, Address = 02-06-00:00:00:00:00:05, { DataRate: 1, SignalStrength: 48, AntiFragility: 56}, IQ: 40]
       [Network #8, Technology = Wimax, Address = 02-06-00:00:00:00:00:0b, { DataRate: 30, SignalStrength: 10, AntiFragility: 18}, IQ: 19]
       [Network #0, Technology = Wifi, Address = 02-06-00:00:00:00:00:02, { DataRate: 41, SignalStrength: 1, AntiFragility: 6}, IQ: 13]
120s DeviceModule:MoveRandom(): New position: (93, 93)
121s DeviceModule:MoveRandom(): New position: (90, 93)
122s DeviceModule:MoveRandom(): New position: (90, 90)
123s DeviceModule:MoveRandom(): New position: (93, 90)
124s DeviceModule:MoveRandom(): New position: (96, 90)
125s DeviceModule:MoveRandom(): New position: (96, 93)
126s DeviceModule:MoveRandom(): New position: (96, 96)
126s DecisionModule:RemoveNetworkFromList(): Network: 3 out of range!
127s DeviceModule:MoveRandom(): New position: (99, 96)
128s DeviceModule:MoveRandom(): New position: (99, 99)
129s DeviceModule:MoveRandom(): New position: (102, 99)
130s DeviceModule:MoveRandom(): New position: (102, 102)
131s DeviceModule:MoveRandom(): New position: (102, 99)
132s DeviceModule:MoveRandom(): New position: (99, 99)
133s DeviceModule:MoveRandom(): New position: (99, 96)
134s DeviceModule:MoveRandom(): New position: (99, 99)
135s DeviceModule:MoveRandom(): New position: (99, 102)
136s DeviceModule:MoveRandom(): New position: (99, 105)
137s DeviceModule:MoveRandom(): New position: (102, 105)
138s DeviceModule:MoveRandom(): New position: (102, 108)
139s DeviceModule:MoveRandom(): New position: (102, 105)
140s DecisionModule:Run(): Run decision
140s DecisionModule:AnalyzingNetworks(): Current Network: 
       [Network #9, Technology = Wimax, Address = 02-06-00:00:00:00:00:0c, { DataRate: 53, SignalStrength: 88, AntiFragility: 78}, IQ: 74]
140s DecisionModule:ShowAllNetworks(): All detected networks:
       [Network #9, Technology = Wimax, Address = 02-06-00:00:00:00:00:0c, { DataRate: 53, SignalStrength: 88, AntiFragility: 78}, IQ: 74]
       [Network #8, Technology = Wimax, Address = 02-06-00:00:00:00:00:0b, { DataRate: 87, SignalStrength: 19, AntiFragility: 94}, IQ: 73]
       [Network #7, Technology = Wifi, Address = 02-06-00:00:00:00:00:09, { DataRate: 75, SignalStrength: 12, AntiFragility: 79}, IQ: 61]
       [Network #6, Technology = Wifi, Address = 02-06-00:00:00:00:00:08, { DataRate: 31, SignalStrength: 37, AntiFragility: 89}, IQ: 61]
       [Network #0, Technology = Wifi, Address = 02-06-00:00:00:00:00:02, { DataRate: 45, SignalStrength: 48, AntiFragility: 68}, IQ: 57]
       [Network #2, Technology = Wifi, Address = 02-06-00:00:00:00:00:04, { DataRate: 69, SignalStrength: 93, AntiFragility: 32}, IQ: 56]
       [Network #4, Technology = Wifi, Address = 02-06-00:00:00:00:00:06, { DataRate: 20, SignalStrength: 61, AntiFragility: 71}, IQ: 55]
       [Network #5, Technology = Wifi, Address = 02-06-00:00:00:00:00:07, { DataRate: 18, SignalStrength: 77, AntiFragility: 53}, IQ: 50]
       [Network #1, Technology = Wifi, Address = 02-06-00:00:00:00:00:03, { DataRate: 27, SignalStrength: 4, AntiFragility: 60}, IQ: 37]
140s ExecutionModule:Run(): Decision time => Seconds: 0, Miliseconds: 204
140s ExecutionModule:Run(): Handover time => Seconds: 0, Miliseconds: 44
140s ExecutionModule:Run(): Event: Vertical Handover.
140s DeviceModule:MoveRandom(): New position: (102, 108)
141s DeviceModule:MoveRandom(): New position: (105, 108)
142s DeviceModule:MoveRandom(): New position: (105, 105)
143s DeviceModule:MoveRandom(): New position: (105, 102)
144s DeviceModule:MoveRandom(): New position: (102, 102)
145s DeviceModule:MoveRandom(): New position: (102, 105)
146s DeviceModule:MoveRandom(): New position: (105, 105)
147s DeviceModule:MoveRandom(): New position: (102, 105)
148s DeviceModule:MoveRandom(): New position: (99, 105)
149s DeviceModule:MoveRandom(): New position: (102, 105)
150s DeviceModule:MoveRandom(): New position: (99, 105)
151s DeviceModule:MoveRandom(): New position: (96, 105)
152s DeviceModule:MoveRandom(): New position: (99, 105)
153s DeviceModule:MoveRandom(): New position: (102, 105)
154s DeviceModule:MoveRandom(): New position: (102, 108)
155s DeviceModule:MoveRandom(): New position: (102, 111)
156s DeviceModule:MoveRandom(): New position: (102, 108)
157s DeviceModule:MoveRandom(): New position: (102, 111)
158s DeviceModule:MoveRandom(): New position: (102, 108)
159s DeviceModule:MoveRandom(): New position: (102, 111)
160s DecisionModule:Run(): Run decision
160s DecisionModule:AnalyzingNetworks(): Current Network: 
       [Network #2, Technology = Wifi, Address = 02-06-00:00:00:00:00:04, { DataRate: 31, SignalStrength: 99, AntiFragility: 87}, IQ: 76]
160s DecisionModule:ShowAllNetworks(): All detected networks:
       [Network #2, Technology = Wifi, Address = 02-06-00:00:00:00:00:04, { DataRate: 31, SignalStrength: 99, AntiFragility: 87}, IQ: 76]
       [Network #0, Technology = Wifi, Address = 02-06-00:00:00:00:00:02, { DataRate: 57, SignalStrength: 82, AntiFragility: 61}, IQ: 65]
       [Network #1, Technology = Wifi, Address = 02-06-00:00:00:00:00:03, { DataRate: 52, SignalStrength: 97, AntiFragility: 56}, IQ: 65]
       [Network #7, Technology = Wifi, Address = 02-06-00:00:00:00:00:09, { DataRate: 72, SignalStrength: 71, AntiFragility: 44}, IQ: 57]
       [Network #4, Technology = Wifi, Address = 02-06-00:00:00:00:00:06, { DataRate: 73, SignalStrength: 26, AntiFragility: 51}, IQ: 50]
       [Network #8, Technology = Wimax, Address = 02-06-00:00:00:00:00:0b, { DataRate: 35, SignalStrength: 40, AntiFragility: 60}, IQ: 48]
       [Network #9, Technology = Wimax, Address = 02-06-00:00:00:00:00:0c, { DataRate: 11, SignalStrength: 8, AntiFragility: 73}, IQ: 41]
       [Network #5, Technology = Wifi, Address = 02-06-00:00:00:00:00:07, { DataRate: 5, SignalStrength: 29, AntiFragility: 64}, IQ: 40]
       [Network #6, Technology = Wifi, Address = 02-06-00:00:00:00:00:08, { DataRate: 7, SignalStrength: 97, AntiFragility: 1}, IQ: 26]
160s ExecutionModule:Run(): Decision time => Seconds: 0, Miliseconds: 225
160s ExecutionModule:Run(): Handover time => Seconds: 0, Miliseconds: 32
160s ExecutionModule:Run(): Event: Vertical Handover.
160s DeviceModule:MoveRandom(): New position: (105, 111)
161s DeviceModule:MoveRandom(): New position: (108, 111)
162s DeviceModule:MoveRandom(): New position: (108, 114)
163s DeviceModule:MoveRandom(): New position: (105, 114)
164s DeviceModule:MoveRandom(): New position: (105, 111)
165s DeviceModule:MoveRandom(): New position: (105, 114)
166s DeviceModule:MoveRandom(): New position: (108, 114)
167s DeviceModule:MoveRandom(): New position: (105, 114)
168s DeviceModule:MoveRandom(): New position: (102, 114)
169s DeviceModule:MoveRandom(): New position: (102, 111)
170s DeviceModule:MoveRandom(): New position: (102, 108)
171s DeviceModule:MoveRandom(): New position: (99, 108)
172s DeviceModule:MoveRandom(): New position: (96, 108)
173s DeviceModule:MoveRandom(): New position: (93, 108)
174s DeviceModule:MoveRandom(): New position: (96, 108)
175s DeviceModule:MoveRandom(): New position: (99, 108)
176s DeviceModule:MoveRandom(): New position: (96, 108)
177s DeviceModule:MoveRandom(): New position: (99, 108)
178s DeviceModule:MoveRandom(): New position: (102, 108)
179s DeviceModule:MoveRandom(): New position: (102, 105)
180s DecisionModule:Run(): Run decision
180s DecisionModule:AnalyzingNetworks(): Current Network: 
       [Network #8, Technology = Wimax, Address = 02-06-00:00:00:00:00:0b, { DataRate: 74, SignalStrength: 94, AntiFragility: 98}, IQ: 91]
180s DecisionModule:ShowAllNetworks(): All detected networks:
       [Network #8, Technology = Wimax, Address = 02-06-00:00:00:00:00:0b, { DataRate: 74, SignalStrength: 94, AntiFragility: 98}, IQ: 91]
       [Network #5, Technology = Wifi, Address = 02-06-00:00:00:00:00:07, { DataRate: 70, SignalStrength: 79, AntiFragility: 99}, IQ: 86]
       [Network #4, Technology = Wifi, Address = 02-06-00:00:00:00:00:06, { DataRate: 38, SignalStrength: 9, AntiFragility: 98}, IQ: 60]
       [Network #0, Technology = Wifi, Address = 02-06-00:00:00:00:00:02, { DataRate: 57, SignalStrength: 39, AntiFragility: 59}, IQ: 53]
       [Network #1, Technology = Wifi, Address = 02-06-00:00:00:00:00:03, { DataRate: 37, SignalStrength: 24, AntiFragility: 74}, IQ: 52]
       [Network #9, Technology = Wimax, Address = 02-06-00:00:00:00:00:0c, { DataRate: 13, SignalStrength: 24, AntiFragility: 87}, IQ: 52]
       [Network #7, Technology = Wifi, Address = 02-06-00:00:00:00:00:09, { DataRate: 7, SignalStrength: 52, AntiFragility: 62}, IQ: 45]
       [Network #6, Technology = Wifi, Address = 02-06-00:00:00:00:00:08, { DataRate: 26, SignalStrength: 41, AntiFragility: 35}, IQ: 34]
       [Network #2, Technology = Wifi, Address = 02-06-00:00:00:00:00:04, { DataRate: 17, SignalStrength: 23, AntiFragility: 7}, IQ: 13]
180s ExecutionModule:Run(): Decision time => Seconds: 0, Miliseconds: 203
180s ExecutionModule:Run(): Handover time => Seconds: 0, Miliseconds: 31
180s ExecutionModule:Run(): Event: Vertical Handover.
180s DeviceModule:MoveRandom(): New position: (102, 108)
181s DeviceModule:MoveRandom(): New position: (102, 105)
182s DeviceModule:MoveRandom(): New position: (102, 108)
183s DeviceModule:MoveRandom(): New position: (102, 111)
184s DeviceModule:MoveRandom(): New position: (105, 111)
185s DeviceModule:MoveRandom(): New position: (108, 111)
186s DeviceModule:MoveRandom(): New position: (105, 111)
187s DeviceModule:MoveRandom(): New position: (105, 108)
188s DeviceModule:MoveRandom(): New position: (102, 108)
189s DeviceModule:MoveRandom(): New position: (102, 105)
190s DeviceModule:MoveRandom(): New position: (105, 105)
191s DeviceModule:MoveRandom(): New position: (105, 108)
192s DeviceModule:MoveRandom(): New position: (105, 111)
193s DeviceModule:MoveRandom(): New position: (102, 111)
194s DeviceModule:MoveRandom(): New position: (105, 111)
195s DeviceModule:MoveRandom(): New position: (105, 114)
196s DeviceModule:MoveRandom(): New position: (105, 117)
197s DeviceModule:MoveRandom(): New position: (105, 114)
198s DeviceModule:MoveRandom(): New position: (105, 117)
199s DeviceModule:MoveRandom(): New position: (105, 114)
