Waf: Entering directory `/home/renan/Documents/NR2/ns-allinone-3.20/ns-3.20/build'
Waf: Leaving directory `/home/renan/Documents/NR2/ns-allinone-3.20/ns-3.20/build'
'build' finished successfully (1.805s)
0s NetworkModule:SetPosition(): Network 0 set position => (82, 66)
0s NetworkModule:SetRange(): Network 0 set range => 100
0s NetworkModule:SetPosition(): Network 1 set position => (196, 194)
0s NetworkModule:SetRange(): Network 1 set range => 100
0s NetworkModule:SetPosition(): Network 2 set position => (122, 21)
0s NetworkModule:SetRange(): Network 2 set range => 100
0s NetworkModule:SetPosition(): Network 3 set position => (156, 68)
0s NetworkModule:SetRange(): Network 3 set range => 100
0s NetworkModule:SetPosition(): Network 4 set position => (73, 114)
0s NetworkModule:SetRange(): Network 4 set range => 100
0s NetworkModule:SetPosition(): Network 5 set position => (129, 38)
0s NetworkModule:SetRange(): Network 5 set range => 100
0s NetworkModule:SetPosition(): Network 6 set position => (32, 73)
0s NetworkModule:SetRange(): Network 6 set range => 100
0s NetworkModule:SetPosition(): Network 7 set position => (195, 42)
0s NetworkModule:SetRange(): Network 7 set range => 100
0s NetworkModule:SetPosition(): Network 8 set position => (68, 64)
0s NetworkModule:SetRange(): Network 8 set range => 100
0s NetworkModule:SetPosition(): Network 9 set position => (141, 190)
0s NetworkModule:SetRange(): Network 9 set range => 100
0s NetworkModule:SetPosition(): Network 10 set position => (147, 177)
0s NetworkModule:SetRange(): Network 10 set range => 100
0s NetworkModule:SetPosition(): Network 11 set position => (130, 100)
0s NetworkModule:SetRange(): Network 11 set range => 100
0s NetworkModule:SetPosition(): Network 12 set position => (47, 68)
0s NetworkModule:SetRange(): Network 12 set range => 100
0s NetworkModule:SetPosition(): Network 13 set position => (198, 30)
0s NetworkModule:SetRange(): Network 13 set range => 100
0s NetworkModule:SetPosition(): Network 14 set position => (198, 97)
0s NetworkModule:SetRange(): Network 14 set range => 100
0s NetworkModule:SetPosition(): Network 15 set position => (164, 19)
0s NetworkModule:SetRange(): Network 15 set range => 100
0s NetworkModule:SetPosition(): Network 16 set position => (165, 81)
0s NetworkModule:SetRange(): Network 16 set range => 100
0s NetworkModule:SetPosition(): Network 17 set position => (102, 112)
0s NetworkModule:SetRange(): Network 17 set range => 100
0s NetworkModule:SetPosition(): Network 18 set position => (180, 39)
0s NetworkModule:SetRange(): Network 18 set range => 100
0s NetworkModule:SetPosition(): Network 19 set position => (153, 58)
0s NetworkModule:SetRange(): Network 19 set range => 100
0s DeviceModule:ConfigureMobility(): Device [init x = 100, init y = 100, max = 200, velocity = 3]
1s DeviceModule:MoveRandom(): New position: (100, 103)
1s DecisionModule:AddNetworkToList(): Network detected
1s DecisionModule:AddNetworkToList(): Network detected
1s DecisionModule:AddNetworkToList(): Network detected
1s DecisionModule:AddNetworkToList(): Network detected
1s DecisionModule:AddNetworkToList(): Network detected
1s DecisionModule:AddNetworkToList(): Network detected
1s DecisionModule:AddNetworkToList(): Network detected
1s DecisionModule:AddNetworkToList(): Network detected
1s DecisionModule:AddNetworkToList(): Network detected
1s DecisionModule:AddNetworkToList(): Network detected
1s DecisionModule:AddNetworkToList(): Network detected
1s DecisionModule:AddNetworkToList(): Network detected
1s DecisionModule:AddNetworkToList(): Network detected
1s DecisionModule:AddNetworkToList(): Network detected
1s DecisionModule:AddNetworkToList(): Network detected
2s DeviceModule:MoveRandom(): New position: (97, 103)
2s DecisionModule:RemoveNetworkFromList(): Network: 14 out of range!
3s DeviceModule:MoveRandom(): New position: (97, 100)
4s DeviceModule:MoveRandom(): New position: (97, 103)
5s DeviceModule:MoveRandom(): New position: (97, 100)
6s DeviceModule:MoveRandom(): New position: (97, 103)
7s DeviceModule:MoveRandom(): New position: (97, 106)
8s DeviceModule:MoveRandom(): New position: (94, 106)
9s DeviceModule:MoveRandom(): New position: (94, 103)
10s DeviceModule:MoveRandom(): New position: (94, 100)
10s DecisionModule:RemoveNetworkFromList(): Network: 9 out of range!
11s DeviceModule:MoveRandom(): New position: (97, 100)
11s DecisionModule:AddNetworkToList(): Network detected
12s DeviceModule:MoveRandom(): New position: (97, 97)
12s DecisionModule:RemoveNetworkFromList(): Network: 9 out of range!
13s DeviceModule:MoveRandom(): New position: (97, 100)
13s DecisionModule:AddNetworkToList(): Network detected
14s DeviceModule:MoveRandom(): New position: (97, 97)
14s DecisionModule:RemoveNetworkFromList(): Network: 9 out of range!
15s DeviceModule:MoveRandom(): New position: (100, 97)
15s DecisionModule:AddNetworkToList(): Network detected
15s DecisionModule:AddNetworkToList(): Network detected
15s DecisionModule:AddNetworkToList(): Network detected
16s DeviceModule:MoveRandom(): New position: (100, 94)
17s DeviceModule:MoveRandom(): New position: (100, 91)
18s DeviceModule:MoveRandom(): New position: (97, 91)
18s DecisionModule:RemoveNetworkFromList(): Network: 14 out of range!
19s DeviceModule:MoveRandom(): New position: (100, 91)
19s DecisionModule:AddNetworkToList(): Network detected
20s DecisionModule:Run(): Run decision
20s DecisionModule:AnalyzingNetworks(): Current Network: 
       [Network #0, Technology = Wifi, Address = 02-06-00:00:00:00:00:02, { DataRate: 59, SignalStrength: 69, AntiFragility: 96}, IQ: 80]
20s DecisionModule:ShowAllNetworks(): All detected networks:
       [Network #0, Technology = Wifi, Address = 02-06-00:00:00:00:00:02, { DataRate: 59, SignalStrength: 69, AntiFragility: 96}, IQ: 80]
       [Network #8, Technology = Wifi, Address = 02-06-00:00:00:00:00:0a, { DataRate: 63, SignalStrength: 58, AntiFragility: 98}, IQ: 79]
       [Network #5, Technology = Wifi, Address = 02-06-00:00:00:00:00:07, { DataRate: 88, SignalStrength: 26, AntiFragility: 98}, IQ: 77]
       [Network #17, Technology = Wifi, Address = 02-06-00:00:00:00:00:13, { DataRate: 79, SignalStrength: 32, AntiFragility: 87}, IQ: 71]
       [Network #10, Technology = Wifi, Address = 02-06-00:00:00:00:00:0c, { DataRate: 81, SignalStrength: 15, AntiFragility: 90}, IQ: 69]
       [Network #12, Technology = Wifi, Address = 02-06-00:00:00:00:00:0e, { DataRate: 33, SignalStrength: 79, AntiFragility: 82}, IQ: 69]
       [Network #2, Technology = Wifi, Address = 02-06-00:00:00:00:00:04, { DataRate: 80, SignalStrength: 80, AntiFragility: 56}, IQ: 68]
       [Network #15, Technology = Wifi, Address = 02-06-00:00:00:00:00:11, { DataRate: 70, SignalStrength: 59, AntiFragility: 54}, IQ: 59]
       [Network #18, Technology = Wimax, Address = 02-06-00:00:00:00:00:15, { DataRate: 82, SignalStrength: 33, AntiFragility: 55}, IQ: 56]
       [Network #16, Technology = Wifi, Address = 02-06-00:00:00:00:00:12, { DataRate: 81, SignalStrength: 76, AntiFragility: 24}, IQ: 51]
       [Network #4, Technology = Wifi, Address = 02-06-00:00:00:00:00:06, { DataRate: 49, SignalStrength: 57, AntiFragility: 31}, IQ: 42]
       [Network #14, Technology = Wifi, Address = 02-06-00:00:00:00:00:10, { DataRate: 83, SignalStrength: 39, AntiFragility: 21}, IQ: 41]
       [Network #19, Technology = Wimax, Address = 02-06-00:00:00:00:00:16, { DataRate: 65, SignalStrength: 11, AntiFragility: 39}, IQ: 38]
       [Network #11, Technology = Wifi, Address = 02-06-00:00:00:00:00:0d, { DataRate: 73, SignalStrength: 10, AntiFragility: 34}, IQ: 37]
       [Network #3, Technology = Wifi, Address = 02-06-00:00:00:00:00:05, { DataRate: 64, SignalStrength: 12, AntiFragility: 33}, IQ: 35]
       [Network #6, Technology = Wifi, Address = 02-06-00:00:00:00:00:08, { DataRate: 61, SignalStrength: 27, AntiFragility: 15}, IQ: 29]
20s DeviceModule:MoveRandom(): New position: (97, 91)
20s DecisionModule:RemoveNetworkFromList(): Network: 14 out of range!
21s DeviceModule:MoveRandom(): New position: (100, 91)
21s DecisionModule:AddNetworkToList(): Network detected
22s DeviceModule:MoveRandom(): New position: (97, 91)
22s DecisionModule:RemoveNetworkFromList(): Network: 14 out of range!
23s DeviceModule:MoveRandom(): New position: (97, 88)
23s DecisionModule:RemoveNetworkFromList(): Network: 10 out of range!
24s DeviceModule:MoveRandom(): New position: (100, 88)
24s DecisionModule:AddNetworkToList(): Network detected
24s DecisionModule:AddNetworkToList(): Network detected
25s DeviceModule:MoveRandom(): New position: (97, 88)
25s DecisionModule:RemoveNetworkFromList(): Network: 10 out of range!
25s DecisionModule:RemoveNetworkFromList(): Network: 14 out of range!
26s DeviceModule:MoveRandom(): New position: (97, 91)
26s DecisionModule:AddNetworkToList(): Network detected
27s DeviceModule:MoveRandom(): New position: (100, 91)
27s DecisionModule:AddNetworkToList(): Network detected
28s DeviceModule:MoveRandom(): New position: (100, 94)
29s DeviceModule:MoveRandom(): New position: (100, 91)
30s DeviceModule:MoveRandom(): New position: (97, 91)
30s DecisionModule:RemoveNetworkFromList(): Network: 14 out of range!
31s DeviceModule:MoveRandom(): New position: (97, 94)
32s DeviceModule:MoveRandom(): New position: (100, 94)
32s DecisionModule:AddNetworkToList(): Network detected
33s DeviceModule:MoveRandom(): New position: (97, 94)
33s DecisionModule:RemoveNetworkFromList(): Network: 14 out of range!
34s DeviceModule:MoveRandom(): New position: (97, 97)
34s DecisionModule:RemoveNetworkFromList(): Network: 15 out of range!
34s DecisionModule:RemoveNetworkFromList(): Network: 18 out of range!
35s DeviceModule:MoveRandom(): New position: (100, 97)
35s DecisionModule:AddNetworkToList(): Network detected
35s DecisionModule:AddNetworkToList(): Network detected
35s DecisionModule:AddNetworkToList(): Network detected
36s DeviceModule:MoveRandom(): New position: (97, 97)
36s DecisionModule:RemoveNetworkFromList(): Network: 14 out of range!
36s DecisionModule:RemoveNetworkFromList(): Network: 15 out of range!
36s DecisionModule:RemoveNetworkFromList(): Network: 18 out of range!
37s DeviceModule:MoveRandom(): New position: (94, 97)
38s DeviceModule:MoveRandom(): New position: (94, 94)
39s DeviceModule:MoveRandom(): New position: (91, 94)
40s DecisionModule:Run(): Run decision
40s DecisionModule:AnalyzingNetworks(): Current Network: 
       [Network #3, Technology = Wifi, Address = 02-06-00:00:00:00:00:05, { DataRate: 4, SignalStrength: 83, AntiFragility: 94}, IQ: 68]
40s DecisionModule:ShowAllNetworks(): All detected networks:
       [Network #3, Technology = Wifi, Address = 02-06-00:00:00:00:00:05, { DataRate: 4, SignalStrength: 83, AntiFragility: 94}, IQ: 68]
       [Network #12, Technology = Wifi, Address = 02-06-00:00:00:00:00:0e, { DataRate: 34, SignalStrength: 65, AntiFragility: 88}, IQ: 68]
       [Network #16, Technology = Wifi, Address = 02-06-00:00:00:00:00:12, { DataRate: 24, SignalStrength: 90, AntiFragility: 80}, IQ: 68]
       [Network #6, Technology = Wifi, Address = 02-06-00:00:00:00:00:08, { DataRate: 87, SignalStrength: 83, AntiFragility: 47}, IQ: 66]
       [Network #2, Technology = Wifi, Address = 02-06-00:00:00:00:00:04, { DataRate: 71, SignalStrength: 14, AntiFragility: 89}, IQ: 65]
       [Network #5, Technology = Wifi, Address = 02-06-00:00:00:00:00:07, { DataRate: 77, SignalStrength: 26, AntiFragility: 71}, IQ: 61]
       [Network #10, Technology = Wifi, Address = 02-06-00:00:00:00:00:0c, { DataRate: 92, SignalStrength: 26, AntiFragility: 56}, IQ: 57]
       [Network #19, Technology = Wimax, Address = 02-06-00:00:00:00:00:16, { DataRate: 11, SignalStrength: 55, AntiFragility: 74}, IQ: 53]
       [Network #8, Technology = Wifi, Address = 02-06-00:00:00:00:00:0a, { DataRate: 63, SignalStrength: 79, AntiFragility: 25}, IQ: 48]
       [Network #0, Technology = Wifi, Address = 02-06-00:00:00:00:00:02, { DataRate: 20, SignalStrength: 35, AntiFragility: 38}, IQ: 32]
       [Network #17, Technology = Wifi, Address = 02-06-00:00:00:00:00:13, { DataRate: 20, SignalStrength: 20, AntiFragility: 32}, IQ: 26]
       [Network #4, Technology = Wifi, Address = 02-06-00:00:00:00:00:06, { DataRate: 62, SignalStrength: 5, AntiFragility: 16}, IQ: 24]
       [Network #11, Technology = Wifi, Address = 02-06-00:00:00:00:00:0d, { DataRate: 69, SignalStrength: 15, AntiFragility: 4}, IQ: 23]
40s ExecutionModule:Run(): Decision time => Seconds: 0, Miliseconds: 247
40s ExecutionModule:Run(): Handover time => Seconds: 0, Miliseconds: 180
40s ExecutionModule:Run(): Event: Horizontal Handover.
40s DeviceModule:MoveRandom(): New position: (91, 97)
41s DeviceModule:MoveRandom(): New position: (94, 97)
42s DeviceModule:MoveRandom(): New position: (91, 97)
43s DeviceModule:MoveRandom(): New position: (94, 97)
44s DeviceModule:MoveRandom(): New position: (91, 97)
45s DeviceModule:MoveRandom(): New position: (88, 97)
46s DeviceModule:MoveRandom(): New position: (85, 97)
46s DecisionModule:RemoveNetworkFromList(): Network: 10 out of range!
47s DeviceModule:MoveRandom(): New position: (82, 97)
48s DeviceModule:MoveRandom(): New position: (82, 100)
48s DecisionModule:AddNetworkToList(): Network detected
49s DeviceModule:MoveRandom(): New position: (85, 100)
50s DeviceModule:MoveRandom(): New position: (85, 103)
51s DeviceModule:MoveRandom(): New position: (88, 103)
52s DeviceModule:MoveRandom(): New position: (88, 106)
52s DecisionModule:AddNetworkToList(): Network detected
53s DeviceModule:MoveRandom(): New position: (91, 106)
54s DeviceModule:MoveRandom(): New position: (91, 109)
55s DeviceModule:MoveRandom(): New position: (94, 109)
56s DeviceModule:MoveRandom(): New position: (94, 106)
57s DeviceModule:MoveRandom(): New position: (91, 106)
58s DeviceModule:MoveRandom(): New position: (88, 106)
59s DeviceModule:MoveRandom(): New position: (85, 106)
60s DecisionModule:Run(): Run decision
60s DecisionModule:AnalyzingNetworks(): Current Network: 
       [Network #6, Technology = Wifi, Address = 02-06-00:00:00:00:00:08, { DataRate: 98, SignalStrength: 98, AntiFragility: 62}, IQ: 80]
60s DecisionModule:ShowAllNetworks(): All detected networks:
       [Network #6, Technology = Wifi, Address = 02-06-00:00:00:00:00:08, { DataRate: 98, SignalStrength: 98, AntiFragility: 62}, IQ: 80]
       [Network #0, Technology = Wifi, Address = 02-06-00:00:00:00:00:02, { DataRate: 23, SignalStrength: 88, AntiFragility: 50}, IQ: 52]
       [Network #8, Technology = Wifi, Address = 02-06-00:00:00:00:00:0a, { DataRate: 35, SignalStrength: 31, AntiFragility: 63}, IQ: 48]
       [Network #9, Technology = Wifi, Address = 02-06-00:00:00:00:00:0b, { DataRate: 49, SignalStrength: 48, AntiFragility: 49}, IQ: 48]
       [Network #11, Technology = Wifi, Address = 02-06-00:00:00:00:00:0d, { DataRate: 64, SignalStrength: 5, AntiFragility: 58}, IQ: 46]
       [Network #12, Technology = Wifi, Address = 02-06-00:00:00:00:00:0e, { DataRate: 61, SignalStrength: 54, AntiFragility: 36}, IQ: 46]
       [Network #4, Technology = Wifi, Address = 02-06-00:00:00:00:00:06, { DataRate: 89, SignalStrength: 14, AntiFragility: 42}, IQ: 46]
       [Network #2, Technology = Wifi, Address = 02-06-00:00:00:00:00:04, { DataRate: 27, SignalStrength: 32, AntiFragility: 60}, IQ: 44]
       [Network #10, Technology = Wifi, Address = 02-06-00:00:00:00:00:0c, { DataRate: 43, SignalStrength: 34, AntiFragility: 51}, IQ: 44]
       [Network #19, Technology = Wimax, Address = 02-06-00:00:00:00:00:16, { DataRate: 83, SignalStrength: 59, AntiFragility: 12}, IQ: 41]
       [Network #3, Technology = Wifi, Address = 02-06-00:00:00:00:00:05, { DataRate: 78, SignalStrength: 4, AntiFragility: 37}, IQ: 39]
       [Network #17, Technology = Wifi, Address = 02-06-00:00:00:00:00:13, { DataRate: 33, SignalStrength: 25, AntiFragility: 29}, IQ: 29]
       [Network #16, Technology = Wifi, Address = 02-06-00:00:00:00:00:12, { DataRate: 9, SignalStrength: 54, AntiFragility: 20}, IQ: 25]
       [Network #5, Technology = Wifi, Address = 02-06-00:00:00:00:00:07, { DataRate: 47, SignalStrength: 26, AntiFragility: 10}, IQ: 23]
60s ExecutionModule:Run(): Decision time => Seconds: 0, Miliseconds: 237
60s ExecutionModule:Run(): Handover time => Seconds: 0, Miliseconds: 337
60s ExecutionModule:Run(): Event: Horizontal Handover.
60s DeviceModule:MoveRandom(): New position: (85, 103)
60s DecisionModule:RemoveNetworkFromList(): Network: 9 out of range!
61s DeviceModule:MoveRandom(): New position: (82, 103)
62s DeviceModule:MoveRandom(): New position: (85, 103)
63s DeviceModule:MoveRandom(): New position: (85, 100)
64s DeviceModule:MoveRandom(): New position: (85, 103)
65s DeviceModule:MoveRandom(): New position: (82, 103)
66s DeviceModule:MoveRandom(): New position: (85, 103)
67s DeviceModule:MoveRandom(): New position: (85, 106)
67s DecisionModule:AddNetworkToList(): Network detected
68s DeviceModule:MoveRandom(): New position: (85, 103)
68s DecisionModule:RemoveNetworkFromList(): Network: 9 out of range!
69s DeviceModule:MoveRandom(): New position: (88, 103)
70s DeviceModule:MoveRandom(): New position: (91, 103)
70s DecisionModule:AddNetworkToList(): Network detected
71s DeviceModule:MoveRandom(): New position: (94, 103)
72s DeviceModule:MoveRandom(): New position: (94, 106)
73s DeviceModule:MoveRandom(): New position: (97, 106)
74s DeviceModule:MoveRandom(): New position: (94, 106)
75s DeviceModule:MoveRandom(): New position: (94, 109)
76s DeviceModule:MoveRandom(): New position: (94, 106)
77s DeviceModule:MoveRandom(): New position: (94, 103)
78s DeviceModule:MoveRandom(): New position: (97, 103)
79s DeviceModule:MoveRandom(): New position: (94, 103)
80s DecisionModule:Run(): Run decision
80s DecisionModule:AnalyzingNetworks(): Current Network: 
       [Network #4, Technology = Wifi, Address = 02-06-00:00:00:00:00:06, { DataRate: 34, SignalStrength: 23, AntiFragility: 97}, IQ: 62]
80s DecisionModule:ShowAllNetworks(): All detected networks:
       [Network #4, Technology = Wifi, Address = 02-06-00:00:00:00:00:06, { DataRate: 34, SignalStrength: 23, AntiFragility: 97}, IQ: 62]
       [Network #5, Technology = Wifi, Address = 02-06-00:00:00:00:00:07, { DataRate: 76, SignalStrength: 45, AntiFragility: 63}, IQ: 61]
       [Network #11, Technology = Wifi, Address = 02-06-00:00:00:00:00:0d, { DataRate: 50, SignalStrength: 9, AntiFragility: 86}, IQ: 57]
       [Network #3, Technology = Wifi, Address = 02-06-00:00:00:00:00:05, { DataRate: 26, SignalStrength: 93, AntiFragility: 52}, IQ: 55]
       [Network #12, Technology = Wifi, Address = 02-06-00:00:00:00:00:0e, { DataRate: 47, SignalStrength: 82, AntiFragility: 45}, IQ: 54]
       [Network #19, Technology = Wimax, Address = 02-06-00:00:00:00:00:16, { DataRate: 78, SignalStrength: 87, AntiFragility: 15}, IQ: 48]
       [Network #8, Technology = Wifi, Address = 02-06-00:00:00:00:00:0a, { DataRate: 48, SignalStrength: 16, AntiFragility: 56}, IQ: 44]
       [Network #16, Technology = Wifi, Address = 02-06-00:00:00:00:00:12, { DataRate: 4, SignalStrength: 15, AntiFragility: 79}, IQ: 44]
       [Network #10, Technology = Wifi, Address = 02-06-00:00:00:00:00:0c, { DataRate: 26, SignalStrength: 75, AntiFragility: 29}, IQ: 39]
       [Network #17, Technology = Wifi, Address = 02-06-00:00:00:00:00:13, { DataRate: 37, SignalStrength: 59, AntiFragility: 30}, IQ: 39]
       [Network #2, Technology = Wifi, Address = 02-06-00:00:00:00:00:04, { DataRate: 54, SignalStrength: 54, AntiFragility: 7}, IQ: 30]
       [Network #0, Technology = Wifi, Address = 02-06-00:00:00:00:00:02, { DataRate: 26, SignalStrength: 14, AntiFragility: 13}, IQ: 16]
       [Network #9, Technology = Wifi, Address = 02-06-00:00:00:00:00:0b, { DataRate: 20, SignalStrength: 30, AntiFragility: 7}, IQ: 16]
       [Network #6, Technology = Wifi, Address = 02-06-00:00:00:00:00:08, { DataRate: 37, SignalStrength: 11, AntiFragility: 6}, IQ: 15]
80s ExecutionModule:Run(): Decision time => Seconds: 0, Miliseconds: 260
80s ExecutionModule:Run(): Handover time => Seconds: 0, Miliseconds: 193
80s ExecutionModule:Run(): Event: Horizontal Handover.
80s DeviceModule:MoveRandom(): New position: (97, 103)
81s DeviceModule:MoveRandom(): New position: (97, 106)
82s DeviceModule:MoveRandom(): New position: (100, 106)
82s DecisionModule:AddNetworkToList(): Network detected
83s DeviceModule:MoveRandom(): New position: (100, 109)
84s DeviceModule:MoveRandom(): New position: (103, 109)
85s DeviceModule:MoveRandom(): New position: (103, 112)
86s DeviceModule:MoveRandom(): New position: (106, 112)
87s DeviceModule:MoveRandom(): New position: (106, 115)
88s DeviceModule:MoveRandom(): New position: (103, 115)
89s DeviceModule:MoveRandom(): New position: (106, 115)
90s DeviceModule:MoveRandom(): New position: (103, 115)
91s DeviceModule:MoveRandom(): New position: (103, 118)
92s DeviceModule:MoveRandom(): New position: (103, 121)
92s DecisionModule:RemoveNetworkFromList(): Network: 2 out of range!
93s DeviceModule:MoveRandom(): New position: (100, 121)
94s DeviceModule:MoveRandom(): New position: (100, 124)
94s DecisionModule:RemoveNetworkFromList(): Network: 14 out of range!
95s DeviceModule:MoveRandom(): New position: (100, 127)
96s DeviceModule:MoveRandom(): New position: (100, 130)
97s DeviceModule:MoveRandom(): New position: (97, 130)
98s DeviceModule:MoveRandom(): New position: (94, 130)
99s DeviceModule:MoveRandom(): New position: (91, 130)
100s DecisionModule:Run(): Run decision
100s DecisionModule:AnalyzingNetworks(): Current Network: 
       [Network #4, Technology = Wifi, Address = 02-06-00:00:00:00:00:06, { DataRate: 97, SignalStrength: 81, AntiFragility: 94}, IQ: 91]
100s DecisionModule:ShowAllNetworks(): All detected networks:
       [Network #4, Technology = Wifi, Address = 02-06-00:00:00:00:00:06, { DataRate: 97, SignalStrength: 81, AntiFragility: 94}, IQ: 91]
       [Network #16, Technology = Wifi, Address = 02-06-00:00:00:00:00:12, { DataRate: 80, SignalStrength: 51, AntiFragility: 82}, IQ: 73]
       [Network #8, Technology = Wifi, Address = 02-06-00:00:00:00:00:0a, { DataRate: 74, SignalStrength: 83, AntiFragility: 52}, IQ: 65]
       [Network #9, Technology = Wifi, Address = 02-06-00:00:00:00:00:0b, { DataRate: 5, SignalStrength: 68, AntiFragility: 80}, IQ: 58]
       [Network #17, Technology = Wifi, Address = 02-06-00:00:00:00:00:13, { DataRate: 41, SignalStrength: 35, AntiFragility: 67}, IQ: 52]
       [Network #3, Technology = Wifi, Address = 02-06-00:00:00:00:00:05, { DataRate: 42, SignalStrength: 11, AntiFragility: 77}, IQ: 51]
       [Network #11, Technology = Wifi, Address = 02-06-00:00:00:00:00:0d, { DataRate: 39, SignalStrength: 41, AntiFragility: 54}, IQ: 47]
       [Network #5, Technology = Wifi, Address = 02-06-00:00:00:00:00:07, { DataRate: 24, SignalStrength: 97, AntiFragility: 32}, IQ: 46]
       [Network #10, Technology = Wifi, Address = 02-06-00:00:00:00:00:0c, { DataRate: 87, SignalStrength: 32, AntiFragility: 26}, IQ: 42]
       [Network #19, Technology = Wimax, Address = 02-06-00:00:00:00:00:16, { DataRate: 35, SignalStrength: 3, AntiFragility: 40}, IQ: 29]
       [Network #0, Technology = Wifi, Address = 02-06-00:00:00:00:00:02, { DataRate: 8, SignalStrength: 14, AntiFragility: 40}, IQ: 25]
       [Network #12, Technology = Wifi, Address = 02-06-00:00:00:00:00:0e, { DataRate: 24, SignalStrength: 36, AntiFragility: 19}, IQ: 24]
       [Network #6, Technology = Wifi, Address = 02-06-00:00:00:00:00:08, { DataRate: 27, SignalStrength: 30, AntiFragility: 16}, IQ: 22]
100s DeviceModule:MoveRandom(): New position: (91, 133)
100s DecisionModule:RemoveNetworkFromList(): Network: 5 out of range!
101s DeviceModule:MoveRandom(): New position: (88, 133)
102s DeviceModule:MoveRandom(): New position: (88, 130)
102s DecisionModule:AddNetworkToList(): Network detected
103s DeviceModule:MoveRandom(): New position: (91, 130)
104s DeviceModule:MoveRandom(): New position: (91, 133)
104s DecisionModule:RemoveNetworkFromList(): Network: 5 out of range!
105s DeviceModule:MoveRandom(): New position: (88, 133)
106s DeviceModule:MoveRandom(): New position: (85, 133)
106s DecisionModule:RemoveNetworkFromList(): Network: 19 out of range!
107s DeviceModule:MoveRandom(): New position: (88, 133)
107s DecisionModule:AddNetworkToList(): Network detected
108s DeviceModule:MoveRandom(): New position: (85, 133)
108s DecisionModule:RemoveNetworkFromList(): Network: 19 out of range!
109s DeviceModule:MoveRandom(): New position: (85, 136)
110s DeviceModule:MoveRandom(): New position: (88, 136)
111s DeviceModule:MoveRandom(): New position: (88, 139)
112s DeviceModule:MoveRandom(): New position: (88, 142)
113s DeviceModule:MoveRandom(): New position: (91, 142)
114s DeviceModule:MoveRandom(): New position: (88, 142)
115s DeviceModule:MoveRandom(): New position: (85, 142)
115s DecisionModule:RemoveNetworkFromList(): Network: 3 out of range!
116s DeviceModule:MoveRandom(): New position: (82, 142)
116s DecisionModule:RemoveNetworkFromList(): Network: 16 out of range!
117s DeviceModule:MoveRandom(): New position: (79, 142)
118s DeviceModule:MoveRandom(): New position: (79, 145)
119s DeviceModule:MoveRandom(): New position: (79, 142)
120s DecisionModule:Run(): Run decision
120s DecisionModule:AnalyzingNetworks(): Current Network: 
       [Network #9, Technology = Wifi, Address = 02-06-00:00:00:00:00:0b, { DataRate: 65, SignalStrength: 43, AntiFragility: 99}, IQ: 76]
120s DecisionModule:ShowAllNetworks(): All detected networks:
       [Network #9, Technology = Wifi, Address = 02-06-00:00:00:00:00:0b, { DataRate: 65, SignalStrength: 43, AntiFragility: 99}, IQ: 76]
       [Network #6, Technology = Wifi, Address = 02-06-00:00:00:00:00:08, { DataRate: 66, SignalStrength: 62, AntiFragility: 72}, IQ: 68]
       [Network #12, Technology = Wifi, Address = 02-06-00:00:00:00:00:0e, { DataRate: 97, SignalStrength: 12, AntiFragility: 59}, IQ: 56]
       [Network #4, Technology = Wifi, Address = 02-06-00:00:00:00:00:06, { DataRate: 47, SignalStrength: 71, AntiFragility: 45}, IQ: 52]
       [Network #17, Technology = Wifi, Address = 02-06-00:00:00:00:00:13, { DataRate: 45, SignalStrength: 98, AntiFragility: 12}, IQ: 41]
       [Network #8, Technology = Wifi, Address = 02-06-00:00:00:00:00:0a, { DataRate: 19, SignalStrength: 73, AntiFragility: 37}, IQ: 41]
       [Network #10, Technology = Wifi, Address = 02-06-00:00:00:00:00:0c, { DataRate: 12, SignalStrength: 90, AntiFragility: 21}, IQ: 36]
       [Network #11, Technology = Wifi, Address = 02-06-00:00:00:00:00:0d, { DataRate: 65, SignalStrength: 31, AntiFragility: 22}, IQ: 35]
       [Network #0, Technology = Wifi, Address = 02-06-00:00:00:00:00:02, { DataRate: 31, SignalStrength: 57, AntiFragility: 6}, IQ: 25]
120s ExecutionModule:Run(): Decision time => Seconds: 0, Miliseconds: 199
120s ExecutionModule:Run(): Handover time => Seconds: 0, Miliseconds: 120
120s ExecutionModule:Run(): Event: Horizontal Handover.
120s DeviceModule:MoveRandom(): New position: (82, 142)
121s DeviceModule:MoveRandom(): New position: (85, 142)
121s DecisionModule:AddNetworkToList(): Network detected
122s DeviceModule:MoveRandom(): New position: (85, 145)
122s DecisionModule:RemoveNetworkFromList(): Network: 16 out of range!
123s DeviceModule:MoveRandom(): New position: (88, 145)
123s DecisionModule:AddNetworkToList(): Network detected
124s DeviceModule:MoveRandom(): New position: (85, 145)
124s DecisionModule:RemoveNetworkFromList(): Network: 16 out of range!
125s DeviceModule:MoveRandom(): New position: (85, 142)
125s DecisionModule:AddNetworkToList(): Network detected
126s DeviceModule:MoveRandom(): New position: (88, 142)
126s DecisionModule:AddNetworkToList(): Network detected
127s DeviceModule:MoveRandom(): New position: (88, 145)
127s DecisionModule:RemoveNetworkFromList(): Network: 3 out of range!
128s DeviceModule:MoveRandom(): New position: (85, 145)
128s DecisionModule:RemoveNetworkFromList(): Network: 16 out of range!
129s DeviceModule:MoveRandom(): New position: (82, 145)
130s DeviceModule:MoveRandom(): New position: (85, 145)
131s DeviceModule:MoveRandom(): New position: (85, 148)
132s DeviceModule:MoveRandom(): New position: (82, 148)
133s DeviceModule:MoveRandom(): New position: (82, 145)
134s DeviceModule:MoveRandom(): New position: (85, 145)
135s DeviceModule:MoveRandom(): New position: (82, 145)
136s DeviceModule:MoveRandom(): New position: (85, 145)
137s DeviceModule:MoveRandom(): New position: (88, 145)
137s DecisionModule:AddNetworkToList(): Network detected
138s DeviceModule:MoveRandom(): New position: (88, 142)
138s DecisionModule:AddNetworkToList(): Network detected
139s DeviceModule:MoveRandom(): New position: (85, 142)
139s DecisionModule:RemoveNetworkFromList(): Network: 3 out of range!
140s DecisionModule:Run(): Run decision
140s DecisionModule:AnalyzingNetworks(): Current Network: 
       [Network #11, Technology = Wifi, Address = 02-06-00:00:00:00:00:0d, { DataRate: 89, SignalStrength: 86, AntiFragility: 98}, IQ: 92]
140s DecisionModule:ShowAllNetworks(): All detected networks:
       [Network #11, Technology = Wifi, Address = 02-06-00:00:00:00:00:0d, { DataRate: 89, SignalStrength: 86, AntiFragility: 98}, IQ: 92]
       [Network #8, Technology = Wifi, Address = 02-06-00:00:00:00:00:0a, { DataRate: 96, SignalStrength: 57, AntiFragility: 68}, IQ: 72]
       [Network #0, Technology = Wifi, Address = 02-06-00:00:00:00:00:02, { DataRate: 37, SignalStrength: 31, AntiFragility: 88}, IQ: 61]
       [Network #16, Technology = Wifi, Address = 02-06-00:00:00:00:00:12, { DataRate: 13, SignalStrength: 50, AntiFragility: 90}, IQ: 60]
       [Network #17, Technology = Wifi, Address = 02-06-00:00:00:00:00:13, { DataRate: 25, SignalStrength: 81, AntiFragility: 26}, IQ: 39]
       [Network #6, Technology = Wifi, Address = 02-06-00:00:00:00:00:08, { DataRate: 21, SignalStrength: 74, AntiFragility: 26}, IQ: 36]
       [Network #9, Technology = Wifi, Address = 02-06-00:00:00:00:00:0b, { DataRate: 53, SignalStrength: 14, AntiFragility: 38}, IQ: 35]
       [Network #4, Technology = Wifi, Address = 02-06-00:00:00:00:00:06, { DataRate: 39, SignalStrength: 66, AntiFragility: 16}, IQ: 34]
       [Network #10, Technology = Wifi, Address = 02-06-00:00:00:00:00:0c, { DataRate: 37, SignalStrength: 8, AntiFragility: 7}, IQ: 14]
       [Network #12, Technology = Wifi, Address = 02-06-00:00:00:00:00:0e, { DataRate: 22, SignalStrength: 18, AntiFragility: 1}, IQ: 10]
140s ExecutionModule:Run(): Decision time => Seconds: 0, Miliseconds: 208
140s ExecutionModule:Run(): Handover time => Seconds: 0, Miliseconds: 122
140s ExecutionModule:Run(): Event: Horizontal Handover.
140s DeviceModule:MoveRandom(): New position: (88, 142)
140s DecisionModule:AddNetworkToList(): Network detected
141s DeviceModule:MoveRandom(): New position: (88, 139)
142s DeviceModule:MoveRandom(): New position: (88, 142)
143s DeviceModule:MoveRandom(): New position: (91, 142)
144s DeviceModule:MoveRandom(): New position: (94, 142)
145s DeviceModule:MoveRandom(): New position: (94, 139)
145s DecisionModule:AddNetworkToList(): Network detected
146s DeviceModule:MoveRandom(): New position: (97, 139)
147s DeviceModule:MoveRandom(): New position: (97, 136)
148s DeviceModule:MoveRandom(): New position: (97, 133)
148s DecisionModule:AddNetworkToList(): Network detected
149s DeviceModule:MoveRandom(): New position: (97, 130)
150s DeviceModule:MoveRandom(): New position: (97, 133)
151s DeviceModule:MoveRandom(): New position: (94, 133)
151s DecisionModule:RemoveNetworkFromList(): Network: 5 out of range!
152s DeviceModule:MoveRandom(): New position: (97, 133)
152s DecisionModule:AddNetworkToList(): Network detected
153s DeviceModule:MoveRandom(): New position: (97, 130)
154s DeviceModule:MoveRandom(): New position: (97, 133)
155s DeviceModule:MoveRandom(): New position: (97, 130)
156s DeviceModule:MoveRandom(): New position: (97, 133)
157s DeviceModule:MoveRandom(): New position: (100, 133)
158s DeviceModule:MoveRandom(): New position: (100, 130)
159s DeviceModule:MoveRandom(): New position: (100, 127)
160s DecisionModule:Run(): Run decision
160s DecisionModule:AnalyzingNetworks(): Current Network: 
       [Network #11, Technology = Wifi, Address = 02-06-00:00:00:00:00:0d, { DataRate: 79, SignalStrength: 77, AntiFragility: 83}, IQ: 80]
160s DecisionModule:ShowAllNetworks(): All detected networks:
       [Network #11, Technology = Wifi, Address = 02-06-00:00:00:00:00:0d, { DataRate: 79, SignalStrength: 77, AntiFragility: 83}, IQ: 80]
       [Network #16, Technology = Wifi, Address = 02-06-00:00:00:00:00:12, { DataRate: 83, SignalStrength: 37, AntiFragility: 80}, IQ: 70]
       [Network #4, Technology = Wifi, Address = 02-06-00:00:00:00:00:06, { DataRate: 98, SignalStrength: 49, AntiFragility: 62}, IQ: 67]
       [Network #10, Technology = Wifi, Address = 02-06-00:00:00:00:00:0c, { DataRate: 80, SignalStrength: 76, AntiFragility: 42}, IQ: 60]
       [Network #8, Technology = Wifi, Address = 02-06-00:00:00:00:00:0a, { DataRate: 43, SignalStrength: 69, AntiFragility: 61}, IQ: 58]
       [Network #5, Technology = Wifi, Address = 02-06-00:00:00:00:00:07, { DataRate: 10, SignalStrength: 78, AntiFragility: 72}, IQ: 58]
       [Network #9, Technology = Wifi, Address = 02-06-00:00:00:00:00:0b, { DataRate: 22, SignalStrength: 89, AntiFragility: 49}, IQ: 52]
       [Network #6, Technology = Wifi, Address = 02-06-00:00:00:00:00:08, { DataRate: 34, SignalStrength: 29, AntiFragility: 70}, IQ: 50]
       [Network #12, Technology = Wifi, Address = 02-06-00:00:00:00:00:0e, { DataRate: 36, SignalStrength: 27, AntiFragility: 42}, IQ: 36]
       [Network #17, Technology = Wifi, Address = 02-06-00:00:00:00:00:13, { DataRate: 44, SignalStrength: 8, AntiFragility: 31}, IQ: 28]
       [Network #3, Technology = Wifi, Address = 02-06-00:00:00:00:00:05, { DataRate: 11, SignalStrength: 62, AntiFragility: 21}, IQ: 28]
       [Network #19, Technology = Wimax, Address = 02-06-00:00:00:00:00:16, { DataRate: 40, SignalStrength: 23, AntiFragility: 16}, IQ: 23]
       [Network #0, Technology = Wifi, Address = 02-06-00:00:00:00:00:02, { DataRate: 55, SignalStrength: 4, AntiFragility: 2}, IQ: 15]
160s DeviceModule:MoveRandom(): New position: (100, 130)
161s DeviceModule:MoveRandom(): New position: (97, 130)
162s DeviceModule:MoveRandom(): New position: (97, 133)
163s DeviceModule:MoveRandom(): New position: (97, 130)
164s DeviceModule:MoveRandom(): New position: (97, 133)
165s DeviceModule:MoveRandom(): New position: (94, 133)
165s DecisionModule:RemoveNetworkFromList(): Network: 5 out of range!
166s DeviceModule:MoveRandom(): New position: (91, 133)
167s DeviceModule:MoveRandom(): New position: (88, 133)
168s DeviceModule:MoveRandom(): New position: (85, 133)
168s DecisionModule:RemoveNetworkFromList(): Network: 19 out of range!
169s DeviceModule:MoveRandom(): New position: (88, 133)
169s DecisionModule:AddNetworkToList(): Network detected
170s DeviceModule:MoveRandom(): New position: (91, 133)
171s DeviceModule:MoveRandom(): New position: (91, 136)
172s DeviceModule:MoveRandom(): New position: (88, 136)
172s DecisionModule:RemoveNetworkFromList(): Network: 19 out of range!
173s DeviceModule:MoveRandom(): New position: (88, 139)
174s DeviceModule:MoveRandom(): New position: (85, 139)
175s DeviceModule:MoveRandom(): New position: (88, 139)
176s DeviceModule:MoveRandom(): New position: (91, 139)
177s DeviceModule:MoveRandom(): New position: (91, 136)
177s DecisionModule:AddNetworkToList(): Network detected
178s DeviceModule:MoveRandom(): New position: (94, 136)
179s DeviceModule:MoveRandom(): New position: (91, 136)
180s DecisionModule:Run(): Run decision
180s DecisionModule:AnalyzingNetworks(): Current Network: 
       [Network #3, Technology = Wifi, Address = 02-06-00:00:00:00:00:05, { DataRate: 50, SignalStrength: 50, AntiFragility: 96}, IQ: 73]
180s DecisionModule:ShowAllNetworks(): All detected networks:
       [Network #3, Technology = Wifi, Address = 02-06-00:00:00:00:00:05, { DataRate: 50, SignalStrength: 50, AntiFragility: 96}, IQ: 73]
       [Network #17, Technology = Wifi, Address = 02-06-00:00:00:00:00:13, { DataRate: 78, SignalStrength: 94, AntiFragility: 45}, IQ: 65]
       [Network #4, Technology = Wifi, Address = 02-06-00:00:00:00:00:06, { DataRate: 68, SignalStrength: 78, AntiFragility: 47}, IQ: 60]
       [Network #8, Technology = Wifi, Address = 02-06-00:00:00:00:00:0a, { DataRate: 99, SignalStrength: 96, AntiFragility: 18}, IQ: 57]
       [Network #6, Technology = Wifi, Address = 02-06-00:00:00:00:00:08, { DataRate: 40, SignalStrength: 75, AntiFragility: 48}, IQ: 52]
       [Network #10, Technology = Wifi, Address = 02-06-00:00:00:00:00:0c, { DataRate: 30, SignalStrength: 34, AntiFragility: 69}, IQ: 50]
       [Network #9, Technology = Wifi, Address = 02-06-00:00:00:00:00:0b, { DataRate: 13, SignalStrength: 31, AntiFragility: 66}, IQ: 44]
       [Network #0, Technology = Wifi, Address = 02-06-00:00:00:00:00:02, { DataRate: 17, SignalStrength: 84, AntiFragility: 34}, IQ: 42]
       [Network #12, Technology = Wifi, Address = 02-06-00:00:00:00:00:0e, { DataRate: 29, SignalStrength: 7, AntiFragility: 58}, IQ: 38]
       [Network #16, Technology = Wifi, Address = 02-06-00:00:00:00:00:12, { DataRate: 48, SignalStrength: 56, AntiFragility: 9}, IQ: 30]
       [Network #11, Technology = Wifi, Address = 02-06-00:00:00:00:00:0d, { DataRate: 99, SignalStrength: 10, AntiFragility: 4}, IQ: 29]
       [Network #19, Technology = Wimax, Address = 02-06-00:00:00:00:00:16, { DataRate: 12, SignalStrength: 11, AntiFragility: 44}, IQ: 27]
180s ExecutionModule:Run(): Decision time => Seconds: 0, Miliseconds: 237
180s ExecutionModule:Run(): Handover time => Seconds: 0, Miliseconds: 123
180s ExecutionModule:Run(): Event: Horizontal Handover.
180s DeviceModule:MoveRandom(): New position: (88, 136)
180s DecisionModule:RemoveNetworkFromList(): Network: 19 out of range!
181s DeviceModule:MoveRandom(): New position: (88, 133)
181s DecisionModule:AddNetworkToList(): Network detected
182s DeviceModule:MoveRandom(): New position: (85, 133)
182s DecisionModule:RemoveNetworkFromList(): Network: 19 out of range!
183s DeviceModule:MoveRandom(): New position: (85, 136)
184s DeviceModule:MoveRandom(): New position: (88, 136)
185s DeviceModule:MoveRandom(): New position: (85, 136)
186s DeviceModule:MoveRandom(): New position: (85, 133)
187s DeviceModule:MoveRandom(): New position: (85, 130)
187s DecisionModule:AddNetworkToList(): Network detected
188s DeviceModule:MoveRandom(): New position: (82, 130)
188s DecisionModule:RemoveNetworkFromList(): Network: 19 out of range!
189s DeviceModule:MoveRandom(): New position: (79, 130)
190s DeviceModule:MoveRandom(): New position: (79, 133)
191s DeviceModule:MoveRandom(): New position: (79, 136)
191s ExecutionModule:OutOfRange(): OUT OF BETTER NETWORK! Choosing another network...
191s DecisionModule:RemoveNetworkFromList(): Network: 3 out of range!
191s DecisionModule:Run(): Run decision
191s DecisionModule:AnalyzingNetworks(): Current Network: 
       [Network #4, Technology = Wifi, Address = 02-06-00:00:00:00:00:06, { DataRate: 80, SignalStrength: 67, AntiFragility: 92}, IQ: 82]
191s DecisionModule:ShowAllNetworks(): All detected networks:
       [Network #4, Technology = Wifi, Address = 02-06-00:00:00:00:00:06, { DataRate: 80, SignalStrength: 67, AntiFragility: 92}, IQ: 82]
       [Network #11, Technology = Wifi, Address = 02-06-00:00:00:00:00:0d, { DataRate: 86, SignalStrength: 53, AntiFragility: 85}, IQ: 77]
       [Network #0, Technology = Wifi, Address = 02-06-00:00:00:00:00:02, { DataRate: 47, SignalStrength: 5, AntiFragility: 82}, IQ: 54]
       [Network #8, Technology = Wifi, Address = 02-06-00:00:00:00:00:0a, { DataRate: 79, SignalStrength: 65, AntiFragility: 27}, IQ: 49]
       [Network #16, Technology = Wifi, Address = 02-06-00:00:00:00:00:12, { DataRate: 76, SignalStrength: 43, AntiFragility: 32}, IQ: 45]
       [Network #12, Technology = Wifi, Address = 02-06-00:00:00:00:00:0e, { DataRate: 47, SignalStrength: 41, AntiFragility: 36}, IQ: 40]
       [Network #6, Technology = Wifi, Address = 02-06-00:00:00:00:00:08, { DataRate: 80, SignalStrength: 29, AntiFragility: 27}, IQ: 40]
       [Network #10, Technology = Wifi, Address = 02-06-00:00:00:00:00:0c, { DataRate: 57, SignalStrength: 52, AntiFragility: 23}, IQ: 38]
       [Network #17, Technology = Wifi, Address = 02-06-00:00:00:00:00:13, { DataRate: 75, SignalStrength: 5, AntiFragility: 27}, IQ: 33]
       [Network #9, Technology = Wifi, Address = 02-06-00:00:00:00:00:0b, { DataRate: 66, SignalStrength: 36, AntiFragility: 13}, IQ: 32]
191s ExecutionModule:Run(): Decision time => Seconds: 0, Miliseconds: 235
191s ExecutionModule:Run(): Handover time => Seconds: 0, Miliseconds: 147
191s ExecutionModule:Run(): Event: Horizontal Handover.
191s DecisionModule:RemoveNetworkFromList(): Network: 16 out of range!
192s DeviceModule:MoveRandom(): New position: (79, 139)
193s DeviceModule:MoveRandom(): New position: (76, 139)
194s DeviceModule:MoveRandom(): New position: (76, 136)
195s DeviceModule:MoveRandom(): New position: (76, 139)
196s DeviceModule:MoveRandom(): New position: (76, 142)
197s DeviceModule:MoveRandom(): New position: (76, 145)
198s DeviceModule:MoveRandom(): New position: (73, 145)
199s DeviceModule:MoveRandom(): New position: (70, 145)
