Waf: Entering directory `/home/renan/Documents/NR2/ns-allinone-3.20/ns-3.20/build'
Waf: Leaving directory `/home/renan/Documents/NR2/ns-allinone-3.20/ns-3.20/build'
'build' finished successfully (1.819s)
0s NetworkModule:SetPosition(): Network 0 set position => (72, 5)
0s NetworkModule:SetRange(): Network 0 set range => 100
0s NetworkModule:SetPosition(): Network 1 set position => (116, 119)
0s NetworkModule:SetRange(): Network 1 set range => 100
0s NetworkModule:SetPosition(): Network 2 set position => (33, 165)
0s NetworkModule:SetRange(): Network 2 set range => 100
0s NetworkModule:SetPosition(): Network 3 set position => (170, 105)
0s NetworkModule:SetRange(): Network 3 set range => 100
0s NetworkModule:SetPosition(): Network 4 set position => (173, 96)
0s NetworkModule:SetRange(): Network 4 set range => 100
0s NetworkModule:SetPosition(): Network 5 set position => (178, 140)
0s NetworkModule:SetRange(): Network 5 set range => 100
0s NetworkModule:SetPosition(): Network 6 set position => (144, 125)
0s NetworkModule:SetRange(): Network 6 set range => 100
0s NetworkModule:SetPosition(): Network 7 set position => (121, 14)
0s NetworkModule:SetRange(): Network 7 set range => 100
0s NetworkModule:SetPosition(): Network 8 set position => (8, 181)
0s NetworkModule:SetRange(): Network 8 set range => 100
0s NetworkModule:SetPosition(): Network 9 set position => (38, 70)
0s NetworkModule:SetRange(): Network 9 set range => 100
0s NetworkModule:SetPosition(): Network 10 set position => (1, 138)
0s NetworkModule:SetRange(): Network 10 set range => 100
0s NetworkModule:SetPosition(): Network 11 set position => (77, 13)
0s NetworkModule:SetRange(): Network 11 set range => 100
0s NetworkModule:SetPosition(): Network 12 set position => (49, 10)
0s NetworkModule:SetRange(): Network 12 set range => 100
0s NetworkModule:SetPosition(): Network 13 set position => (65, 157)
0s NetworkModule:SetRange(): Network 13 set range => 100
0s NetworkModule:SetPosition(): Network 14 set position => (8, 158)
0s NetworkModule:SetRange(): Network 14 set range => 100
0s NetworkModule:SetPosition(): Network 15 set position => (115, 124)
0s NetworkModule:SetRange(): Network 15 set range => 100
0s NetworkModule:SetPosition(): Network 16 set position => (44, 32)
0s NetworkModule:SetRange(): Network 16 set range => 100
0s NetworkModule:SetPosition(): Network 17 set position => (197, 32)
0s NetworkModule:SetRange(): Network 17 set range => 100
0s NetworkModule:SetPosition(): Network 18 set position => (89, 29)
0s NetworkModule:SetRange(): Network 18 set range => 100
0s NetworkModule:SetPosition(): Network 19 set position => (125, 119)
0s NetworkModule:SetRange(): Network 19 set range => 100
0s DeviceModule:ConfigureMobility(): Device [init x = 100, init y = 100, max = 200, velocity = 3]
1s DeviceModule:MoveRandom(): New position: (97, 100)
1s DecisionModule:AddNetworkToList(): Network detected
1s DecisionModule:AddNetworkToList(): Network detected
1s DecisionModule:AddNetworkToList(): Network detected
1s DecisionModule:AddNetworkToList(): Network detected
1s DecisionModule:AddNetworkToList(): Network detected
1s DecisionModule:AddNetworkToList(): Network detected
1s DecisionModule:AddNetworkToList(): Network detected
1s DecisionModule:AddNetworkToList(): Network detected
1s DecisionModule:AddNetworkToList(): Network detected
1s DecisionModule:AddNetworkToList(): Network detected
1s DecisionModule:AddNetworkToList(): Network detected
1s DecisionModule:AddNetworkToList(): Network detected
1s DecisionModule:AddNetworkToList(): Network detected
1s DecisionModule:AddNetworkToList(): Network detected
1s DecisionModule:AddNetworkToList(): Network detected
2s DeviceModule:MoveRandom(): New position: (94, 100)
2s DecisionModule:AddNetworkToList(): Network detected
2s DecisionModule:AddNetworkToList(): Network detected
3s DeviceModule:MoveRandom(): New position: (94, 103)
3s DecisionModule:RemoveNetworkFromList(): Network: 12 out of range!
4s DeviceModule:MoveRandom(): New position: (94, 106)
4s DecisionModule:RemoveNetworkFromList(): Network: 0 out of range!
4s DecisionModule:AddNetworkToList(): Network detected
5s DeviceModule:MoveRandom(): New position: (94, 103)
5s DecisionModule:AddNetworkToList(): Network detected
5s DecisionModule:RemoveNetworkFromList(): Network: 14 out of range!
6s DeviceModule:MoveRandom(): New position: (91, 103)
6s DecisionModule:AddNetworkToList(): Network detected
7s DeviceModule:MoveRandom(): New position: (94, 103)
7s DecisionModule:RemoveNetworkFromList(): Network: 14 out of range!
8s DeviceModule:MoveRandom(): New position: (97, 103)
8s DecisionModule:RemoveNetworkFromList(): Network: 0 out of range!
8s DecisionModule:RemoveNetworkFromList(): Network: 10 out of range!
9s DeviceModule:MoveRandom(): New position: (94, 103)
9s DecisionModule:AddNetworkToList(): Network detected
9s DecisionModule:AddNetworkToList(): Network detected
10s DeviceModule:MoveRandom(): New position: (94, 100)
10s DecisionModule:AddNetworkToList(): Network detected
11s DeviceModule:MoveRandom(): New position: (94, 97)
11s DecisionModule:RemoveNetworkFromList(): Network: 10 out of range!
12s DeviceModule:MoveRandom(): New position: (91, 97)
12s DecisionModule:AddNetworkToList(): Network detected
13s DeviceModule:MoveRandom(): New position: (94, 97)
13s DecisionModule:RemoveNetworkFromList(): Network: 10 out of range!
14s DeviceModule:MoveRandom(): New position: (94, 94)
15s DeviceModule:MoveRandom(): New position: (91, 94)
15s DecisionModule:AddNetworkToList(): Network detected
16s DeviceModule:MoveRandom(): New position: (91, 91)
16s DecisionModule:RemoveNetworkFromList(): Network: 10 out of range!
17s DeviceModule:MoveRandom(): New position: (94, 91)
18s DeviceModule:MoveRandom(): New position: (94, 94)
19s DeviceModule:MoveRandom(): New position: (94, 97)
20s DecisionModule:Run(): Run decision
20s DecisionModule:AnalyzingNetworks(): Current Network: 
       [Network #9, Technology = Wifi, Address = 02-06-00:00:00:00:00:0b, { DataRate: 86, SignalStrength: 99, AntiFragility: 67}, IQ: 79]
20s DecisionModule:ShowAllNetworks(): All detected networks:
       [Network #9, Technology = Wifi, Address = 02-06-00:00:00:00:00:0b, { DataRate: 86, SignalStrength: 99, AntiFragility: 67}, IQ: 79]
       [Network #18, Technology = Wimax, Address = 02-06-00:00:00:00:00:15, { DataRate: 98, SignalStrength: 83, AntiFragility: 63}, IQ: 76]
       [Network #1, Technology = Wifi, Address = 02-06-00:00:00:00:00:03, { DataRate: 21, SignalStrength: 83, AntiFragility: 90}, IQ: 71]
       [Network #12, Technology = Wifi, Address = 02-06-00:00:00:00:00:0e, { DataRate: 36, SignalStrength: 42, AntiFragility: 86}, IQ: 62]
       [Network #4, Technology = Wifi, Address = 02-06-00:00:00:00:00:06, { DataRate: 68, SignalStrength: 44, AntiFragility: 57}, IQ: 56]
       [Network #6, Technology = Wifi, Address = 02-06-00:00:00:00:00:08, { DataRate: 40, SignalStrength: 79, AntiFragility: 44}, IQ: 51]
       [Network #13, Technology = Wifi, Address = 02-06-00:00:00:00:00:0f, { DataRate: 14, SignalStrength: 17, AntiFragility: 88}, IQ: 51]
       [Network #7, Technology = Wifi, Address = 02-06-00:00:00:00:00:09, { DataRate: 82, SignalStrength: 57, AntiFragility: 32}, IQ: 50]
       [Network #0, Technology = Wifi, Address = 02-06-00:00:00:00:00:02, { DataRate: 92, SignalStrength: 40, AntiFragility: 32}, IQ: 49]
       [Network #11, Technology = Wifi, Address = 02-06-00:00:00:00:00:0d, { DataRate: 70, SignalStrength: 51, AntiFragility: 32}, IQ: 46]
       [Network #2, Technology = Wifi, Address = 02-06-00:00:00:00:00:04, { DataRate: 92, SignalStrength: 62, AntiFragility: 13}, IQ: 45]
       [Network #5, Technology = Wifi, Address = 02-06-00:00:00:00:00:07, { DataRate: 2, SignalStrength: 22, AntiFragility: 50}, IQ: 31]
       [Network #3, Technology = Wifi, Address = 02-06-00:00:00:00:00:05, { DataRate: 9, SignalStrength: 42, AntiFragility: 11}, IQ: 18]
       [Network #19, Technology = Wimax, Address = 02-06-00:00:00:00:00:16, { DataRate: 4, SignalStrength: 35, AntiFragility: 14}, IQ: 16]
       [Network #16, Technology = Wifi, Address = 02-06-00:00:00:00:00:12, { DataRate: 36, SignalStrength: 20, AntiFragility: 2}, IQ: 15]
       [Network #15, Technology = Wifi, Address = 02-06-00:00:00:00:00:11, { DataRate: 1, SignalStrength: 7, AntiFragility: 9}, IQ: 6]
20s DeviceModule:MoveRandom(): New position: (97, 97)
21s DeviceModule:MoveRandom(): New position: (97, 100)
21s DecisionModule:RemoveNetworkFromList(): Network: 12 out of range!
22s DeviceModule:MoveRandom(): New position: (94, 100)
22s DecisionModule:AddNetworkToList(): Network detected
22s DecisionModule:AddNetworkToList(): Network detected
23s DeviceModule:MoveRandom(): New position: (94, 103)
23s DecisionModule:RemoveNetworkFromList(): Network: 12 out of range!
24s DeviceModule:MoveRandom(): New position: (97, 103)
24s DecisionModule:RemoveNetworkFromList(): Network: 0 out of range!
24s DecisionModule:RemoveNetworkFromList(): Network: 10 out of range!
25s DeviceModule:MoveRandom(): New position: (94, 103)
25s DecisionModule:AddNetworkToList(): Network detected
25s DecisionModule:AddNetworkToList(): Network detected
26s DeviceModule:MoveRandom(): New position: (94, 100)
26s DecisionModule:AddNetworkToList(): Network detected
27s DeviceModule:MoveRandom(): New position: (94, 97)
27s DecisionModule:RemoveNetworkFromList(): Network: 10 out of range!
28s DeviceModule:MoveRandom(): New position: (91, 97)
28s DecisionModule:AddNetworkToList(): Network detected
29s DeviceModule:MoveRandom(): New position: (91, 94)
30s DeviceModule:MoveRandom(): New position: (94, 94)
30s DecisionModule:RemoveNetworkFromList(): Network: 10 out of range!
31s DeviceModule:MoveRandom(): New position: (94, 97)
32s DeviceModule:MoveRandom(): New position: (94, 94)
33s DeviceModule:MoveRandom(): New position: (94, 97)
34s DeviceModule:MoveRandom(): New position: (94, 100)
34s DecisionModule:AddNetworkToList(): Network detected
35s DeviceModule:MoveRandom(): New position: (91, 100)
36s DeviceModule:MoveRandom(): New position: (91, 97)
37s DeviceModule:MoveRandom(): New position: (91, 94)
38s DeviceModule:MoveRandom(): New position: (88, 94)
38s DecisionModule:RemoveNetworkFromList(): Network: 5 out of range!
39s DeviceModule:MoveRandom(): New position: (88, 91)
40s DecisionModule:Run(): Run decision
40s DecisionModule:AnalyzingNetworks(): Current Network: 
       [Network #2, Technology = Wifi, Address = 02-06-00:00:00:00:00:04, { DataRate: 99, SignalStrength: 40, AntiFragility: 85}, IQ: 77]
40s DecisionModule:ShowAllNetworks(): All detected networks:
       [Network #2, Technology = Wifi, Address = 02-06-00:00:00:00:00:04, { DataRate: 99, SignalStrength: 40, AntiFragility: 85}, IQ: 77]
       [Network #4, Technology = Wifi, Address = 02-06-00:00:00:00:00:06, { DataRate: 91, SignalStrength: 37, AntiFragility: 81}, IQ: 72]
       [Network #1, Technology = Wifi, Address = 02-06-00:00:00:00:00:03, { DataRate: 86, SignalStrength: 88, AntiFragility: 31}, IQ: 59]
       [Network #11, Technology = Wifi, Address = 02-06-00:00:00:00:00:0d, { DataRate: 51, SignalStrength: 99, AntiFragility: 42}, IQ: 58]
       [Network #3, Technology = Wifi, Address = 02-06-00:00:00:00:00:05, { DataRate: 6, SignalStrength: 85, AntiFragility: 67}, IQ: 56]
       [Network #10, Technology = Wifi, Address = 02-06-00:00:00:00:00:0c, { DataRate: 32, SignalStrength: 46, AntiFragility: 64}, IQ: 51]
       [Network #18, Technology = Wimax, Address = 02-06-00:00:00:00:00:15, { DataRate: 43, SignalStrength: 39, AntiFragility: 61}, IQ: 51]
       [Network #13, Technology = Wifi, Address = 02-06-00:00:00:00:00:0f, { DataRate: 75, SignalStrength: 68, AntiFragility: 30}, IQ: 50]
       [Network #12, Technology = Wifi, Address = 02-06-00:00:00:00:00:0e, { DataRate: 4, SignalStrength: 16, AntiFragility: 89}, IQ: 49]
       [Network #19, Technology = Wimax, Address = 02-06-00:00:00:00:00:16, { DataRate: 95, SignalStrength: 52, AntiFragility: 13}, IQ: 43]
       [Network #15, Technology = Wifi, Address = 02-06-00:00:00:00:00:11, { DataRate: 94, SignalStrength: 20, AntiFragility: 15}, IQ: 36]
       [Network #9, Technology = Wifi, Address = 02-06-00:00:00:00:00:0b, { DataRate: 43, SignalStrength: 16, AntiFragility: 41}, IQ: 35]
       [Network #7, Technology = Wifi, Address = 02-06-00:00:00:00:00:09, { DataRate: 31, SignalStrength: 9, AntiFragility: 43}, IQ: 31]
       [Network #6, Technology = Wifi, Address = 02-06-00:00:00:00:00:08, { DataRate: 33, SignalStrength: 27, AntiFragility: 31}, IQ: 30]
       [Network #16, Technology = Wifi, Address = 02-06-00:00:00:00:00:12, { DataRate: 26, SignalStrength: 46, AntiFragility: 23}, IQ: 29]
       [Network #0, Technology = Wifi, Address = 02-06-00:00:00:00:00:02, { DataRate: 67, SignalStrength: 33, AntiFragility: 4}, IQ: 27]
40s ExecutionModule:Run(): Decision time => Seconds: 0, Miliseconds: 270
40s ExecutionModule:Run(): Handover time => Seconds: 0, Miliseconds: 176
40s ExecutionModule:Run(): Event: Horizontal Handover.
40s DeviceModule:MoveRandom(): New position: (88, 88)
41s DeviceModule:MoveRandom(): New position: (88, 85)
41s DecisionModule:RemoveNetworkFromList(): Network: 10 out of range!
42s DeviceModule:MoveRandom(): New position: (88, 82)
43s DeviceModule:MoveRandom(): New position: (88, 79)
43s ExecutionModule:OutOfRange(): OUT OF BETTER NETWORK! Choosing another network...
43s DecisionModule:RemoveNetworkFromList(): Network: 2 out of range!
43s DecisionModule:Run(): Run decision
43s DecisionModule:AnalyzingNetworks(): Current Network: 
       [Network #6, Technology = Wifi, Address = 02-06-00:00:00:00:00:08, { DataRate: 92, SignalStrength: 92, AntiFragility: 95}, IQ: 93]
43s DecisionModule:ShowAllNetworks(): All detected networks:
       [Network #6, Technology = Wifi, Address = 02-06-00:00:00:00:00:08, { DataRate: 92, SignalStrength: 92, AntiFragility: 95}, IQ: 93]
       [Network #4, Technology = Wifi, Address = 02-06-00:00:00:00:00:06, { DataRate: 92, SignalStrength: 95, AntiFragility: 75}, IQ: 84]
       [Network #9, Technology = Wifi, Address = 02-06-00:00:00:00:00:0b, { DataRate: 64, SignalStrength: 35, AntiFragility: 98}, IQ: 73]
       [Network #3, Technology = Wifi, Address = 02-06-00:00:00:00:00:05, { DataRate: 84, SignalStrength: 86, AntiFragility: 45}, IQ: 65]
       [Network #18, Technology = Wimax, Address = 02-06-00:00:00:00:00:15, { DataRate: 64, SignalStrength: 84, AntiFragility: 53}, IQ: 63]
       [Network #0, Technology = Wifi, Address = 02-06-00:00:00:00:00:02, { DataRate: 97, SignalStrength: 14, AntiFragility: 61}, IQ: 58]
       [Network #13, Technology = Wifi, Address = 02-06-00:00:00:00:00:0f, { DataRate: 99, SignalStrength: 31, AntiFragility: 49}, IQ: 57]
       [Network #12, Technology = Wifi, Address = 02-06-00:00:00:00:00:0e, { DataRate: 27, SignalStrength: 72, AntiFragility: 62}, IQ: 55]
       [Network #15, Technology = Wifi, Address = 02-06-00:00:00:00:00:11, { DataRate: 71, SignalStrength: 87, AntiFragility: 23}, IQ: 51]
       [Network #1, Technology = Wifi, Address = 02-06-00:00:00:00:00:03, { DataRate: 21, SignalStrength: 36, AntiFragility: 63}, IQ: 45]
       [Network #19, Technology = Wimax, Address = 02-06-00:00:00:00:00:16, { DataRate: 45, SignalStrength: 79, AntiFragility: 18}, IQ: 40]
       [Network #16, Technology = Wifi, Address = 02-06-00:00:00:00:00:12, { DataRate: 26, SignalStrength: 8, AntiFragility: 53}, IQ: 35]
       [Network #7, Technology = Wifi, Address = 02-06-00:00:00:00:00:09, { DataRate: 37, SignalStrength: 71, AntiFragility: 13}, IQ: 33]
       [Network #11, Technology = Wifi, Address = 02-06-00:00:00:00:00:0d, { DataRate: 3, SignalStrength: 21, AntiFragility: 30}, IQ: 21]
43s ExecutionModule:Run(): Decision time => Seconds: 0, Miliseconds: 188
43s ExecutionModule:Run(): Handover time => Seconds: 0, Miliseconds: 318
43s ExecutionModule:Run(): Event: Horizontal Handover.
44s DeviceModule:MoveRandom(): New position: (88, 76)
45s DeviceModule:MoveRandom(): New position: (88, 79)
46s DeviceModule:MoveRandom(): New position: (91, 79)
47s DeviceModule:MoveRandom(): New position: (94, 79)
48s DeviceModule:MoveRandom(): New position: (91, 79)
49s DeviceModule:MoveRandom(): New position: (94, 79)
50s DeviceModule:MoveRandom(): New position: (94, 82)
51s DeviceModule:MoveRandom(): New position: (91, 82)
52s DeviceModule:MoveRandom(): New position: (91, 79)
53s DeviceModule:MoveRandom(): New position: (88, 79)
54s DeviceModule:MoveRandom(): New position: (91, 79)
55s DeviceModule:MoveRandom(): New position: (91, 82)
56s DeviceModule:MoveRandom(): New position: (91, 85)
56s DecisionModule:AddNetworkToList(): Network detected
57s DeviceModule:MoveRandom(): New position: (91, 88)
58s DeviceModule:MoveRandom(): New position: (94, 88)
58s DecisionModule:AddNetworkToList(): Network detected
59s DeviceModule:MoveRandom(): New position: (94, 91)
60s DecisionModule:Run(): Run decision
60s DecisionModule:AnalyzingNetworks(): Current Network: 
       [Network #16, Technology = Wifi, Address = 02-06-00:00:00:00:00:12, { DataRate: 44, SignalStrength: 97, AntiFragility: 99}, IQ: 84]
60s DecisionModule:ShowAllNetworks(): All detected networks:
       [Network #16, Technology = Wifi, Address = 02-06-00:00:00:00:00:12, { DataRate: 44, SignalStrength: 97, AntiFragility: 99}, IQ: 84]
       [Network #12, Technology = Wifi, Address = 02-06-00:00:00:00:00:0e, { DataRate: 91, SignalStrength: 45, AntiFragility: 87}, IQ: 77]
       [Network #13, Technology = Wifi, Address = 02-06-00:00:00:00:00:0f, { DataRate: 94, SignalStrength: 25, AntiFragility: 92}, IQ: 75]
       [Network #5, Technology = Wifi, Address = 02-06-00:00:00:00:00:07, { DataRate: 46, SignalStrength: 94, AntiFragility: 69}, IQ: 69]
       [Network #3, Technology = Wifi, Address = 02-06-00:00:00:00:00:05, { DataRate: 25, SignalStrength: 33, AntiFragility: 95}, IQ: 62]
       [Network #4, Technology = Wifi, Address = 02-06-00:00:00:00:00:06, { DataRate: 41, SignalStrength: 52, AntiFragility: 76}, IQ: 61]
       [Network #6, Technology = Wifi, Address = 02-06-00:00:00:00:00:08, { DataRate: 18, SignalStrength: 46, AntiFragility: 91}, IQ: 61]
       [Network #18, Technology = Wimax, Address = 02-06-00:00:00:00:00:15, { DataRate: 8, SignalStrength: 78, AntiFragility: 69}, IQ: 56]
       [Network #11, Technology = Wifi, Address = 02-06-00:00:00:00:00:0d, { DataRate: 95, SignalStrength: 46, AntiFragility: 40}, IQ: 55]
       [Network #9, Technology = Wifi, Address = 02-06-00:00:00:00:00:0b, { DataRate: 63, SignalStrength: 46, AntiFragility: 54}, IQ: 54]
       [Network #15, Technology = Wifi, Address = 02-06-00:00:00:00:00:11, { DataRate: 52, SignalStrength: 78, AntiFragility: 42}, IQ: 53]
       [Network #2, Technology = Wifi, Address = 02-06-00:00:00:00:00:04, { DataRate: 28, SignalStrength: 67, AntiFragility: 58}, IQ: 52]
       [Network #7, Technology = Wifi, Address = 02-06-00:00:00:00:00:09, { DataRate: 96, SignalStrength: 51, AntiFragility: 15}, IQ: 44]
       [Network #19, Technology = Wimax, Address = 02-06-00:00:00:00:00:16, { DataRate: 98, SignalStrength: 69, AntiFragility: 6}, IQ: 44]
       [Network #1, Technology = Wifi, Address = 02-06-00:00:00:00:00:03, { DataRate: 30, SignalStrength: 26, AntiFragility: 35}, IQ: 31]
       [Network #0, Technology = Wifi, Address = 02-06-00:00:00:00:00:02, { DataRate: 46, SignalStrength: 36, AntiFragility: 1}, IQ: 21]
60s ExecutionModule:Run(): Decision time => Seconds: 0, Miliseconds: 357
60s ExecutionModule:Run(): Handover time => Seconds: 0, Miliseconds: 145
60s ExecutionModule:Run(): Event: Horizontal Handover.
60s DeviceModule:MoveRandom(): New position: (94, 88)
61s DeviceModule:MoveRandom(): New position: (94, 85)
62s DeviceModule:MoveRandom(): New position: (91, 85)
62s DecisionModule:RemoveNetworkFromList(): Network: 5 out of range!
63s DeviceModule:MoveRandom(): New position: (88, 85)
64s DeviceModule:MoveRandom(): New position: (91, 85)
65s DeviceModule:MoveRandom(): New position: (91, 82)
65s DecisionModule:RemoveNetworkFromList(): Network: 2 out of range!
66s DeviceModule:MoveRandom(): New position: (94, 82)
67s DeviceModule:MoveRandom(): New position: (94, 79)
68s DeviceModule:MoveRandom(): New position: (91, 79)
69s DeviceModule:MoveRandom(): New position: (91, 82)
70s DeviceModule:MoveRandom(): New position: (91, 79)
71s DeviceModule:MoveRandom(): New position: (91, 76)
72s DeviceModule:MoveRandom(): New position: (91, 73)
73s DeviceModule:MoveRandom(): New position: (91, 76)
74s DeviceModule:MoveRandom(): New position: (88, 76)
75s DeviceModule:MoveRandom(): New position: (85, 76)
76s DeviceModule:MoveRandom(): New position: (85, 79)
76s DecisionModule:AddNetworkToList(): Network detected
77s DeviceModule:MoveRandom(): New position: (88, 79)
77s DecisionModule:RemoveNetworkFromList(): Network: 2 out of range!
78s DeviceModule:MoveRandom(): New position: (85, 79)
78s DecisionModule:AddNetworkToList(): Network detected
79s DeviceModule:MoveRandom(): New position: (88, 79)
79s DecisionModule:RemoveNetworkFromList(): Network: 2 out of range!
80s DecisionModule:Run(): Run decision
80s DecisionModule:AnalyzingNetworks(): Current Network: 
       [Network #18, Technology = Wimax, Address = 02-06-00:00:00:00:00:15, { DataRate: 92, SignalStrength: 85, AntiFragility: 64}, IQ: 76]
80s DecisionModule:ShowAllNetworks(): All detected networks:
       [Network #18, Technology = Wimax, Address = 02-06-00:00:00:00:00:15, { DataRate: 92, SignalStrength: 85, AntiFragility: 64}, IQ: 76]
       [Network #13, Technology = Wifi, Address = 02-06-00:00:00:00:00:0f, { DataRate: 44, SignalStrength: 47, AntiFragility: 89}, IQ: 67]
       [Network #15, Technology = Wifi, Address = 02-06-00:00:00:00:00:11, { DataRate: 43, SignalStrength: 43, AntiFragility: 92}, IQ: 67]
       [Network #19, Technology = Wimax, Address = 02-06-00:00:00:00:00:16, { DataRate: 73, SignalStrength: 8, AntiFragility: 95}, IQ: 67]
       [Network #6, Technology = Wifi, Address = 02-06-00:00:00:00:00:08, { DataRate: 53, SignalStrength: 29, AntiFragility: 81}, IQ: 61]
       [Network #9, Technology = Wifi, Address = 02-06-00:00:00:00:00:0b, { DataRate: 70, SignalStrength: 89, AntiFragility: 38}, IQ: 58]
       [Network #1, Technology = Wifi, Address = 02-06-00:00:00:00:00:03, { DataRate: 1, SignalStrength: 25, AntiFragility: 87}, IQ: 50]
       [Network #4, Technology = Wifi, Address = 02-06-00:00:00:00:00:06, { DataRate: 48, SignalStrength: 15, AntiFragility: 56}, IQ: 43]
       [Network #12, Technology = Wifi, Address = 02-06-00:00:00:00:00:0e, { DataRate: 42, SignalStrength: 73, AntiFragility: 30}, IQ: 43]
       [Network #16, Technology = Wifi, Address = 02-06-00:00:00:00:00:12, { DataRate: 54, SignalStrength: 5, AntiFragility: 53}, IQ: 41]
       [Network #11, Technology = Wifi, Address = 02-06-00:00:00:00:00:0d, { DataRate: 33, SignalStrength: 81, AntiFragility: 18}, IQ: 37]
       [Network #7, Technology = Wifi, Address = 02-06-00:00:00:00:00:09, { DataRate: 74, SignalStrength: 15, AntiFragility: 31}, IQ: 37]
       [Network #3, Technology = Wifi, Address = 02-06-00:00:00:00:00:05, { DataRate: 41, SignalStrength: 32, AntiFragility: 25}, IQ: 30]
       [Network #0, Technology = Wifi, Address = 02-06-00:00:00:00:00:02, { DataRate: 12, SignalStrength: 23, AntiFragility: 41}, IQ: 29]
80s ExecutionModule:Run(): Decision time => Seconds: 0, Miliseconds: 241
80s ExecutionModule:Run(): Handover time => Seconds: 0, Miliseconds: 45
80s ExecutionModule:Run(): Event: Vertical Handover.
80s DeviceModule:MoveRandom(): New position: (91, 79)
81s DeviceModule:MoveRandom(): New position: (91, 82)
82s DeviceModule:MoveRandom(): New position: (88, 82)
82s DecisionModule:AddNetworkToList(): Network detected
83s DeviceModule:MoveRandom(): New position: (85, 82)
83s DecisionModule:AddNetworkToList(): Network detected
84s DeviceModule:MoveRandom(): New position: (82, 82)
85s DeviceModule:MoveRandom(): New position: (85, 82)
86s DeviceModule:MoveRandom(): New position: (85, 85)
87s DeviceModule:MoveRandom(): New position: (85, 88)
88s DeviceModule:MoveRandom(): New position: (85, 85)
89s DeviceModule:MoveRandom(): New position: (85, 88)
90s DeviceModule:MoveRandom(): New position: (85, 91)
91s DeviceModule:MoveRandom(): New position: (82, 91)
91s DecisionModule:AddNetworkToList(): Network detected
92s DeviceModule:MoveRandom(): New position: (82, 88)
92s DecisionModule:RemoveNetworkFromList(): Network: 14 out of range!
93s DeviceModule:MoveRandom(): New position: (82, 85)
94s DeviceModule:MoveRandom(): New position: (82, 88)
95s DeviceModule:MoveRandom(): New position: (82, 91)
95s DecisionModule:AddNetworkToList(): Network detected
96s DeviceModule:MoveRandom(): New position: (79, 91)
97s DeviceModule:MoveRandom(): New position: (79, 94)
98s DeviceModule:MoveRandom(): New position: (82, 94)
99s DeviceModule:MoveRandom(): New position: (82, 97)
100s DecisionModule:Run(): Run decision
100s DecisionModule:AnalyzingNetworks(): Current Network: 
       [Network #16, Technology = Wifi, Address = 02-06-00:00:00:00:00:12, { DataRate: 32, SignalStrength: 67, AntiFragility: 85}, IQ: 67]
100s DecisionModule:ShowAllNetworks(): All detected networks:
       [Network #16, Technology = Wifi, Address = 02-06-00:00:00:00:00:12, { DataRate: 32, SignalStrength: 67, AntiFragility: 85}, IQ: 67]
       [Network #0, Technology = Wifi, Address = 02-06-00:00:00:00:00:02, { DataRate: 37, SignalStrength: 55, AntiFragility: 83}, IQ: 64]
       [Network #7, Technology = Wifi, Address = 02-06-00:00:00:00:00:09, { DataRate: 48, SignalStrength: 80, AntiFragility: 58}, IQ: 61]
       [Network #3, Technology = Wifi, Address = 02-06-00:00:00:00:00:05, { DataRate: 28, SignalStrength: 99, AntiFragility: 59}, IQ: 61]
       [Network #18, Technology = Wimax, Address = 02-06-00:00:00:00:00:15, { DataRate: 90, SignalStrength: 74, AntiFragility: 39}, IQ: 60]
       [Network #11, Technology = Wifi, Address = 02-06-00:00:00:00:00:0d, { DataRate: 22, SignalStrength: 58, AntiFragility: 75}, IQ: 57]
       [Network #15, Technology = Wifi, Address = 02-06-00:00:00:00:00:11, { DataRate: 48, SignalStrength: 9, AntiFragility: 67}, IQ: 47]
       [Network #2, Technology = Wifi, Address = 02-06-00:00:00:00:00:04, { DataRate: 64, SignalStrength: 89, AntiFragility: 19}, IQ: 47]
       [Network #10, Technology = Wifi, Address = 02-06-00:00:00:00:00:0c, { DataRate: 20, SignalStrength: 87, AntiFragility: 39}, IQ: 46]
       [Network #4, Technology = Wifi, Address = 02-06-00:00:00:00:00:06, { DataRate: 4, SignalStrength: 84, AntiFragility: 45}, IQ: 44]
       [Network #14, Technology = Wifi, Address = 02-06-00:00:00:00:00:10, { DataRate: 34, SignalStrength: 98, AntiFragility: 13}, IQ: 39]
       [Network #13, Technology = Wifi, Address = 02-06-00:00:00:00:00:0f, { DataRate: 83, SignalStrength: 28, AntiFragility: 22}, IQ: 38]
       [Network #19, Technology = Wimax, Address = 02-06-00:00:00:00:00:16, { DataRate: 89, SignalStrength: 45, AntiFragility: 3}, IQ: 35]
       [Network #6, Technology = Wifi, Address = 02-06-00:00:00:00:00:08, { DataRate: 64, SignalStrength: 54, AntiFragility: 12}, IQ: 35]
       [Network #12, Technology = Wifi, Address = 02-06-00:00:00:00:00:0e, { DataRate: 63, SignalStrength: 5, AntiFragility: 26}, IQ: 30]
       [Network #9, Technology = Wifi, Address = 02-06-00:00:00:00:00:0b, { DataRate: 4, SignalStrength: 46, AntiFragility: 19}, IQ: 22]
       [Network #1, Technology = Wifi, Address = 02-06-00:00:00:00:00:03, { DataRate: 14, SignalStrength: 11, AntiFragility: 22}, IQ: 17]
100s ExecutionModule:Run(): Decision time => Seconds: 0, Miliseconds: 264
100s ExecutionModule:Run(): Handover time => Seconds: 0, Miliseconds: 32
100s ExecutionModule:Run(): Event: Vertical Handover.
100s DeviceModule:MoveRandom(): New position: (82, 94)
101s DeviceModule:MoveRandom(): New position: (82, 97)
102s DeviceModule:MoveRandom(): New position: (82, 100)
103s DeviceModule:MoveRandom(): New position: (82, 97)
104s DeviceModule:MoveRandom(): New position: (79, 97)
105s DeviceModule:MoveRandom(): New position: (79, 100)
106s DeviceModule:MoveRandom(): New position: (82, 100)
107s DeviceModule:MoveRandom(): New position: (82, 103)
108s DeviceModule:MoveRandom(): New position: (79, 103)
109s DeviceModule:MoveRandom(): New position: (82, 103)
110s DeviceModule:MoveRandom(): New position: (85, 103)
110s DecisionModule:AddNetworkToList(): Network detected
111s DeviceModule:MoveRandom(): New position: (85, 106)
111s DecisionModule:RemoveNetworkFromList(): Network: 0 out of range!
111s DecisionModule:RemoveNetworkFromList(): Network: 12 out of range!
112s DeviceModule:MoveRandom(): New position: (85, 109)
112s DecisionModule:RemoveNetworkFromList(): Network: 7 out of range!
113s DeviceModule:MoveRandom(): New position: (85, 112)
114s DeviceModule:MoveRandom(): New position: (88, 112)
115s DeviceModule:MoveRandom(): New position: (91, 112)
116s DeviceModule:MoveRandom(): New position: (88, 112)
117s DeviceModule:MoveRandom(): New position: (91, 112)
118s DeviceModule:MoveRandom(): New position: (91, 115)
118s DecisionModule:RemoveNetworkFromList(): Network: 11 out of range!
119s DeviceModule:MoveRandom(): New position: (94, 115)
120s DecisionModule:Run(): Run decision
120s DecisionModule:AnalyzingNetworks(): Current Network: 
       [Network #6, Technology = Wifi, Address = 02-06-00:00:00:00:00:08, { DataRate: 90, SignalStrength: 95, AntiFragility: 89}, IQ: 90]
120s DecisionModule:ShowAllNetworks(): All detected networks:
       [Network #6, Technology = Wifi, Address = 02-06-00:00:00:00:00:08, { DataRate: 90, SignalStrength: 95, AntiFragility: 89}, IQ: 90]
       [Network #14, Technology = Wifi, Address = 02-06-00:00:00:00:00:10, { DataRate: 87, SignalStrength: 88, AntiFragility: 89}, IQ: 88]
       [Network #3, Technology = Wifi, Address = 02-06-00:00:00:00:00:05, { DataRate: 40, SignalStrength: 99, AntiFragility: 75}, IQ: 72]
       [Network #13, Technology = Wifi, Address = 02-06-00:00:00:00:00:0f, { DataRate: 48, SignalStrength: 97, AntiFragility: 67}, IQ: 69]
       [Network #15, Technology = Wifi, Address = 02-06-00:00:00:00:00:11, { DataRate: 66, SignalStrength: 12, AntiFragility: 84}, IQ: 61]
       [Network #1, Technology = Wifi, Address = 02-06-00:00:00:00:00:03, { DataRate: 24, SignalStrength: 91, AntiFragility: 49}, IQ: 53]
       [Network #2, Technology = Wifi, Address = 02-06-00:00:00:00:00:04, { DataRate: 93, SignalStrength: 19, AntiFragility: 50}, IQ: 53]
       [Network #4, Technology = Wifi, Address = 02-06-00:00:00:00:00:06, { DataRate: 5, SignalStrength: 74, AntiFragility: 64}, IQ: 51]
       [Network #10, Technology = Wifi, Address = 02-06-00:00:00:00:00:0c, { DataRate: 81, SignalStrength: 45, AntiFragility: 25}, IQ: 44]
       [Network #9, Technology = Wifi, Address = 02-06-00:00:00:00:00:0b, { DataRate: 88, SignalStrength: 39, AntiFragility: 22}, IQ: 42]
       [Network #16, Technology = Wifi, Address = 02-06-00:00:00:00:00:12, { DataRate: 25, SignalStrength: 8, AntiFragility: 61}, IQ: 38]
       [Network #5, Technology = Wifi, Address = 02-06-00:00:00:00:00:07, { DataRate: 77, SignalStrength: 51, AntiFragility: 9}, IQ: 36]
       [Network #18, Technology = Wimax, Address = 02-06-00:00:00:00:00:15, { DataRate: 72, SignalStrength: 49, AntiFragility: 1}, IQ: 30]
       [Network #19, Technology = Wimax, Address = 02-06-00:00:00:00:00:16, { DataRate: 51, SignalStrength: 20, AntiFragility: 7}, IQ: 21]
120s ExecutionModule:Run(): Decision time => Seconds: 0, Miliseconds: 240
120s ExecutionModule:Run(): Handover time => Seconds: 0, Miliseconds: 121
120s ExecutionModule:Run(): Event: Horizontal Handover.
120s DeviceModule:MoveRandom(): New position: (91, 115)
121s DeviceModule:MoveRandom(): New position: (94, 115)
122s DeviceModule:MoveRandom(): New position: (94, 112)
122s DecisionModule:AddNetworkToList(): Network detected
123s DeviceModule:MoveRandom(): New position: (94, 109)
123s DecisionModule:AddNetworkToList(): Network detected
124s DeviceModule:MoveRandom(): New position: (94, 112)
124s DecisionModule:RemoveNetworkFromList(): Network: 7 out of range!
125s DeviceModule:MoveRandom(): New position: (91, 112)
126s DeviceModule:MoveRandom(): New position: (91, 115)
126s DecisionModule:RemoveNetworkFromList(): Network: 11 out of range!
127s DeviceModule:MoveRandom(): New position: (94, 115)
128s DeviceModule:MoveRandom(): New position: (97, 115)
129s DeviceModule:MoveRandom(): New position: (100, 115)
129s DecisionModule:RemoveNetworkFromList(): Network: 10 out of range!
129s DecisionModule:RemoveNetworkFromList(): Network: 14 out of range!
130s DeviceModule:MoveRandom(): New position: (97, 115)
130s DecisionModule:AddNetworkToList(): Network detected
130s DecisionModule:AddNetworkToList(): Network detected
131s DeviceModule:MoveRandom(): New position: (94, 115)
132s DeviceModule:MoveRandom(): New position: (97, 115)
133s DeviceModule:MoveRandom(): New position: (94, 115)
134s DeviceModule:MoveRandom(): New position: (94, 112)
134s DecisionModule:AddNetworkToList(): Network detected
135s DeviceModule:MoveRandom(): New position: (94, 109)
135s DecisionModule:AddNetworkToList(): Network detected
136s DeviceModule:MoveRandom(): New position: (97, 109)
136s DecisionModule:RemoveNetworkFromList(): Network: 14 out of range!
137s DeviceModule:MoveRandom(): New position: (97, 106)
137s DecisionModule:RemoveNetworkFromList(): Network: 10 out of range!
138s DeviceModule:MoveRandom(): New position: (100, 106)
139s DeviceModule:MoveRandom(): New position: (103, 106)
140s DecisionModule:Run(): Run decision
140s DecisionModule:AnalyzingNetworks(): Current Network: 
       [Network #6, Technology = Wifi, Address = 02-06-00:00:00:00:00:08, { DataRate: 96, SignalStrength: 93, AntiFragility: 88}, IQ: 91]
140s DecisionModule:ShowAllNetworks(): All detected networks:
       [Network #6, Technology = Wifi, Address = 02-06-00:00:00:00:00:08, { DataRate: 96, SignalStrength: 93, AntiFragility: 88}, IQ: 91]
       [Network #4, Technology = Wifi, Address = 02-06-00:00:00:00:00:06, { DataRate: 78, SignalStrength: 56, AntiFragility: 82}, IQ: 74]
       [Network #5, Technology = Wifi, Address = 02-06-00:00:00:00:00:07, { DataRate: 18, SignalStrength: 94, AntiFragility: 90}, IQ: 73]
       [Network #16, Technology = Wifi, Address = 02-06-00:00:00:00:00:12, { DataRate: 72, SignalStrength: 71, AntiFragility: 72}, IQ: 71]
       [Network #9, Technology = Wifi, Address = 02-06-00:00:00:00:00:0b, { DataRate: 93, SignalStrength: 30, AntiFragility: 76}, IQ: 68]
       [Network #1, Technology = Wifi, Address = 02-06-00:00:00:00:00:03, { DataRate: 90, SignalStrength: 39, AntiFragility: 59}, IQ: 61]
       [Network #19, Technology = Wimax, Address = 02-06-00:00:00:00:00:16, { DataRate: 24, SignalStrength: 22, AntiFragility: 87}, IQ: 55]
       [Network #15, Technology = Wifi, Address = 02-06-00:00:00:00:00:11, { DataRate: 63, SignalStrength: 45, AntiFragility: 55}, IQ: 54]
       [Network #11, Technology = Wifi, Address = 02-06-00:00:00:00:00:0d, { DataRate: 37, SignalStrength: 1, AntiFragility: 76}, IQ: 47]
       [Network #18, Technology = Wimax, Address = 02-06-00:00:00:00:00:15, { DataRate: 66, SignalStrength: 42, AntiFragility: 23}, IQ: 38]
       [Network #13, Technology = Wifi, Address = 02-06-00:00:00:00:00:0f, { DataRate: 59, SignalStrength: 52, AntiFragility: 10}, IQ: 32]
       [Network #7, Technology = Wifi, Address = 02-06-00:00:00:00:00:09, { DataRate: 34, SignalStrength: 60, AntiFragility: 18}, IQ: 32]
       [Network #3, Technology = Wifi, Address = 02-06-00:00:00:00:00:05, { DataRate: 11, SignalStrength: 24, AntiFragility: 37}, IQ: 27]
       [Network #2, Technology = Wifi, Address = 02-06-00:00:00:00:00:04, { DataRate: 4, SignalStrength: 13, AntiFragility: 45}, IQ: 26]
140s DeviceModule:MoveRandom(): New position: (106, 106)
141s DeviceModule:MoveRandom(): New position: (106, 109)
142s DeviceModule:MoveRandom(): New position: (106, 106)
143s DeviceModule:MoveRandom(): New position: (103, 106)
144s DeviceModule:MoveRandom(): New position: (103, 103)
145s DeviceModule:MoveRandom(): New position: (103, 106)
146s DeviceModule:MoveRandom(): New position: (106, 106)
147s DeviceModule:MoveRandom(): New position: (106, 103)
148s DeviceModule:MoveRandom(): New position: (109, 103)
149s DeviceModule:MoveRandom(): New position: (109, 100)
150s DeviceModule:MoveRandom(): New position: (106, 100)
150s DecisionModule:AddNetworkToList(): Network detected
151s DeviceModule:MoveRandom(): New position: (106, 97)
152s DeviceModule:MoveRandom(): New position: (109, 97)
152s DecisionModule:RemoveNetworkFromList(): Network: 2 out of range!
153s DeviceModule:MoveRandom(): New position: (109, 100)
153s DecisionModule:RemoveNetworkFromList(): Network: 0 out of range!
153s DecisionModule:AddNetworkToList(): Network detected
154s DeviceModule:MoveRandom(): New position: (109, 103)
155s DeviceModule:MoveRandom(): New position: (106, 103)
156s DeviceModule:MoveRandom(): New position: (109, 103)
157s DeviceModule:MoveRandom(): New position: (109, 106)
158s DeviceModule:MoveRandom(): New position: (109, 109)
158s DecisionModule:RemoveNetworkFromList(): Network: 11 out of range!
159s DeviceModule:MoveRandom(): New position: (106, 109)
159s DecisionModule:AddNetworkToList(): Network detected
160s DecisionModule:Run(): Run decision
160s DecisionModule:AnalyzingNetworks(): Current Network: 
       [Network #9, Technology = Wifi, Address = 02-06-00:00:00:00:00:0b, { DataRate: 65, SignalStrength: 43, AntiFragility: 99}, IQ: 76]
160s DecisionModule:ShowAllNetworks(): All detected networks:
       [Network #9, Technology = Wifi, Address = 02-06-00:00:00:00:00:0b, { DataRate: 65, SignalStrength: 43, AntiFragility: 99}, IQ: 76]
       [Network #11, Technology = Wifi, Address = 02-06-00:00:00:00:00:0d, { DataRate: 42, SignalStrength: 53, AntiFragility: 99}, IQ: 73]
       [Network #4, Technology = Wifi, Address = 02-06-00:00:00:00:00:06, { DataRate: 97, SignalStrength: 61, AntiFragility: 64}, IQ: 71]
       [Network #1, Technology = Wifi, Address = 02-06-00:00:00:00:00:03, { DataRate: 64, SignalStrength: 87, AntiFragility: 59}, IQ: 67]
       [Network #6, Technology = Wifi, Address = 02-06-00:00:00:00:00:08, { DataRate: 44, SignalStrength: 73, AntiFragility: 74}, IQ: 66]
       [Network #15, Technology = Wifi, Address = 02-06-00:00:00:00:00:11, { DataRate: 7, SignalStrength: 79, AntiFragility: 64}, IQ: 53]
       [Network #13, Technology = Wifi, Address = 02-06-00:00:00:00:00:0f, { DataRate: 80, SignalStrength: 13, AntiFragility: 61}, IQ: 53]
       [Network #7, Technology = Wifi, Address = 02-06-00:00:00:00:00:09, { DataRate: 53, SignalStrength: 29, AntiFragility: 58}, IQ: 49]
       [Network #3, Technology = Wifi, Address = 02-06-00:00:00:00:00:05, { DataRate: 66, SignalStrength: 61, AntiFragility: 25}, IQ: 44]
       [Network #18, Technology = Wimax, Address = 02-06-00:00:00:00:00:15, { DataRate: 94, SignalStrength: 39, AntiFragility: 17}, IQ: 41]
       [Network #5, Technology = Wifi, Address = 02-06-00:00:00:00:00:07, { DataRate: 67, SignalStrength: 24, AntiFragility: 32}, IQ: 38]
       [Network #16, Technology = Wifi, Address = 02-06-00:00:00:00:00:12, { DataRate: 22, SignalStrength: 27, AntiFragility: 39}, IQ: 31]
       [Network #2, Technology = Wifi, Address = 02-06-00:00:00:00:00:04, { DataRate: 3, SignalStrength: 55, AntiFragility: 28}, IQ: 28]
       [Network #19, Technology = Wimax, Address = 02-06-00:00:00:00:00:16, { DataRate: 12, SignalStrength: 18, AntiFragility: 22}, IQ: 18]
160s ExecutionModule:Run(): Decision time => Seconds: 0, Miliseconds: 240
160s ExecutionModule:Run(): Handover time => Seconds: 0, Miliseconds: 122
160s ExecutionModule:Run(): Event: Horizontal Handover.
160s DeviceModule:MoveRandom(): New position: (106, 106)
161s DeviceModule:MoveRandom(): New position: (103, 106)
162s DeviceModule:MoveRandom(): New position: (103, 103)
163s DeviceModule:MoveRandom(): New position: (103, 106)
164s DeviceModule:MoveRandom(): New position: (103, 103)
165s DeviceModule:MoveRandom(): New position: (100, 103)
166s DeviceModule:MoveRandom(): New position: (100, 106)
167s DeviceModule:MoveRandom(): New position: (103, 106)
168s DeviceModule:MoveRandom(): New position: (106, 106)
169s DeviceModule:MoveRandom(): New position: (106, 103)
170s DeviceModule:MoveRandom(): New position: (106, 100)
170s DecisionModule:AddNetworkToList(): Network detected
171s DeviceModule:MoveRandom(): New position: (103, 100)
172s DeviceModule:MoveRandom(): New position: (100, 100)
173s DeviceModule:MoveRandom(): New position: (97, 100)
174s DeviceModule:MoveRandom(): New position: (94, 100)
174s DecisionModule:AddNetworkToList(): Network detected
174s DecisionModule:AddNetworkToList(): Network detected
175s DeviceModule:MoveRandom(): New position: (94, 103)
175s DecisionModule:RemoveNetworkFromList(): Network: 12 out of range!
176s DeviceModule:MoveRandom(): New position: (94, 100)
176s DecisionModule:AddNetworkToList(): Network detected
177s DeviceModule:MoveRandom(): New position: (94, 103)
177s DecisionModule:RemoveNetworkFromList(): Network: 12 out of range!
178s DeviceModule:MoveRandom(): New position: (94, 106)
178s DecisionModule:RemoveNetworkFromList(): Network: 0 out of range!
178s DecisionModule:AddNetworkToList(): Network detected
179s DeviceModule:MoveRandom(): New position: (94, 109)
180s DecisionModule:Run(): Run decision
180s DecisionModule:AnalyzingNetworks(): Current Network: 
       [Network #2, Technology = Wifi, Address = 02-06-00:00:00:00:00:04, { DataRate: 96, SignalStrength: 69, AntiFragility: 87}, IQ: 84]
180s DecisionModule:ShowAllNetworks(): All detected networks:
       [Network #2, Technology = Wifi, Address = 02-06-00:00:00:00:00:04, { DataRate: 96, SignalStrength: 69, AntiFragility: 87}, IQ: 84]
       [Network #10, Technology = Wifi, Address = 02-06-00:00:00:00:00:0c, { DataRate: 97, SignalStrength: 83, AntiFragility: 77}, IQ: 83]
       [Network #7, Technology = Wifi, Address = 02-06-00:00:00:00:00:09, { DataRate: 51, SignalStrength: 45, AntiFragility: 97}, IQ: 72]
       [Network #3, Technology = Wifi, Address = 02-06-00:00:00:00:00:05, { DataRate: 58, SignalStrength: 38, AntiFragility: 78}, IQ: 63]
       [Network #18, Technology = Wimax, Address = 02-06-00:00:00:00:00:15, { DataRate: 84, SignalStrength: 97, AntiFragility: 33}, IQ: 61]
       [Network #15, Technology = Wifi, Address = 02-06-00:00:00:00:00:11, { DataRate: 35, SignalStrength: 69, AntiFragility: 69}, IQ: 60]
       [Network #11, Technology = Wifi, Address = 02-06-00:00:00:00:00:0d, { DataRate: 21, SignalStrength: 66, AntiFragility: 72}, IQ: 57]
       [Network #4, Technology = Wifi, Address = 02-06-00:00:00:00:00:06, { DataRate: 70, SignalStrength: 74, AntiFragility: 40}, IQ: 56]
       [Network #1, Technology = Wifi, Address = 02-06-00:00:00:00:00:03, { DataRate: 64, SignalStrength: 27, AntiFragility: 50}, IQ: 47]
       [Network #19, Technology = Wimax, Address = 02-06-00:00:00:00:00:16, { DataRate: 70, SignalStrength: 19, AntiFragility: 51}, IQ: 47]
       [Network #14, Technology = Wifi, Address = 02-06-00:00:00:00:00:10, { DataRate: 4, SignalStrength: 52, AntiFragility: 64}, IQ: 46]
       [Network #5, Technology = Wifi, Address = 02-06-00:00:00:00:00:07, { DataRate: 70, SignalStrength: 5, AntiFragility: 44}, IQ: 40]
       [Network #6, Technology = Wifi, Address = 02-06-00:00:00:00:00:08, { DataRate: 74, SignalStrength: 54, AntiFragility: 12}, IQ: 38]
       [Network #16, Technology = Wifi, Address = 02-06-00:00:00:00:00:12, { DataRate: 30, SignalStrength: 29, AntiFragility: 17}, IQ: 23]
       [Network #13, Technology = Wifi, Address = 02-06-00:00:00:00:00:0f, { DataRate: 17, SignalStrength: 35, AntiFragility: 15}, IQ: 20]
       [Network #9, Technology = Wifi, Address = 02-06-00:00:00:00:00:0b, { DataRate: 59, SignalStrength: 8, AntiFragility: 8}, IQ: 20]
180s ExecutionModule:Run(): Decision time => Seconds: 0, Miliseconds: 255
180s ExecutionModule:Run(): Handover time => Seconds: 0, Miliseconds: 122
180s ExecutionModule:Run(): Event: Horizontal Handover.
180s DeviceModule:MoveRandom(): New position: (97, 109)
180s DecisionModule:RemoveNetworkFromList(): Network: 14 out of range!
181s DeviceModule:MoveRandom(): New position: (100, 109)
181s DecisionModule:RemoveNetworkFromList(): Network: 10 out of range!
182s DeviceModule:MoveRandom(): New position: (100, 106)
183s DeviceModule:MoveRandom(): New position: (97, 106)
184s DeviceModule:MoveRandom(): New position: (100, 106)
185s DeviceModule:MoveRandom(): New position: (100, 109)
186s DeviceModule:MoveRandom(): New position: (100, 106)
187s DeviceModule:MoveRandom(): New position: (100, 103)
188s DeviceModule:MoveRandom(): New position: (100, 100)
188s DecisionModule:AddNetworkToList(): Network detected
189s DeviceModule:MoveRandom(): New position: (97, 100)
190s DeviceModule:MoveRandom(): New position: (97, 103)
190s DecisionModule:RemoveNetworkFromList(): Network: 0 out of range!
191s DeviceModule:MoveRandom(): New position: (100, 103)
192s DeviceModule:MoveRandom(): New position: (100, 106)
193s DeviceModule:MoveRandom(): New position: (97, 106)
194s DeviceModule:MoveRandom(): New position: (94, 106)
194s DecisionModule:AddNetworkToList(): Network detected
194s DecisionModule:AddNetworkToList(): Network detected
195s DeviceModule:MoveRandom(): New position: (97, 106)
195s DecisionModule:RemoveNetworkFromList(): Network: 10 out of range!
195s DecisionModule:RemoveNetworkFromList(): Network: 14 out of range!
196s DeviceModule:MoveRandom(): New position: (97, 103)
197s DeviceModule:MoveRandom(): New position: (100, 103)
198s DeviceModule:MoveRandom(): New position: (103, 103)
199s DeviceModule:MoveRandom(): New position: (100, 103)
