Waf: Entering directory `/home/renan/Documents/NR2/ns-allinone-3.20/ns-3.20/build'
Waf: Leaving directory `/home/renan/Documents/NR2/ns-allinone-3.20/ns-3.20/build'
'build' finished successfully (1.817s)
0s NetworkModule:SetPosition(): Network 0 set position => (55, 15)
0s NetworkModule:SetRange(): Network 0 set range => 100
0s NetworkModule:SetPosition(): Network 1 set position => (12, 66)
0s NetworkModule:SetRange(): Network 1 set range => 100
0s DeviceModule:ConfigureMobility(): Device [init x = 50, init y = 50, max = 100, velocity = 3]
1s DeviceModule:MoveRandom(): New position: (50, 47)
1s DecisionModule:AddNetworkToList(): Network detected
1s DecisionModule:AddNetworkToList(): Network detected
2s DeviceModule:MoveRandom(): New position: (50, 44)
3s DeviceModule:MoveRandom(): New position: (53, 44)
4s DeviceModule:MoveRandom(): New position: (56, 44)
5s DeviceModule:MoveRandom(): New position: (53, 44)
6s DeviceModule:MoveRandom(): New position: (50, 44)
7s DeviceModule:MoveRandom(): New position: (50, 47)
8s DeviceModule:MoveRandom(): New position: (53, 47)
9s DeviceModule:MoveRandom(): New position: (50, 47)
10s DeviceModule:MoveRandom(): New position: (53, 47)
11s DeviceModule:MoveRandom(): New position: (50, 47)
12s DeviceModule:MoveRandom(): New position: (53, 47)
13s DeviceModule:MoveRandom(): New position: (50, 47)
14s DeviceModule:MoveRandom(): New position: (47, 47)
15s DeviceModule:MoveRandom(): New position: (47, 50)
16s DeviceModule:MoveRandom(): New position: (44, 50)
17s DeviceModule:MoveRandom(): New position: (47, 50)
18s DeviceModule:MoveRandom(): New position: (47, 53)
19s DeviceModule:MoveRandom(): New position: (47, 56)
20s DecisionModule:Run(): Run decision
20s DecisionModule:AnalyzingNetworks(): Current Network: 
       [Network #1, Technology = Wimax, Address = 02-06-00:00:00:00:00:04, { DataRate: 35, SignalStrength: 75, AntiFragility: 68}, IQ: 61]
20s DecisionModule:ShowAllNetworks(): All detected networks:
       [Network #1, Technology = Wimax, Address = 02-06-00:00:00:00:00:04, { DataRate: 35, SignalStrength: 75, AntiFragility: 68}, IQ: 61]
       [Network #0, Technology = Wifi, Address = 02-06-00:00:00:00:00:02, { DataRate: 19, SignalStrength: 59, AntiFragility: 42}, IQ: 40]
20s DeviceModule:MoveRandom(): New position: (50, 56)
21s DeviceModule:MoveRandom(): New position: (50, 59)
22s DeviceModule:MoveRandom(): New position: (47, 59)
23s DeviceModule:MoveRandom(): New position: (47, 62)
24s DeviceModule:MoveRandom(): New position: (50, 62)
25s DeviceModule:MoveRandom(): New position: (50, 59)
26s DeviceModule:MoveRandom(): New position: (53, 59)
27s DeviceModule:MoveRandom(): New position: (50, 59)
28s DeviceModule:MoveRandom(): New position: (53, 59)
29s DeviceModule:MoveRandom(): New position: (53, 62)
30s DeviceModule:MoveRandom(): New position: (53, 59)
31s DeviceModule:MoveRandom(): New position: (56, 59)
32s DeviceModule:MoveRandom(): New position: (56, 56)
33s DeviceModule:MoveRandom(): New position: (56, 53)
34s DeviceModule:MoveRandom(): New position: (53, 53)
35s DeviceModule:MoveRandom(): New position: (53, 50)
36s DeviceModule:MoveRandom(): New position: (53, 53)
37s DeviceModule:MoveRandom(): New position: (56, 53)
38s DeviceModule:MoveRandom(): New position: (56, 50)
39s DeviceModule:MoveRandom(): New position: (56, 47)
40s DecisionModule:Run(): Run decision
40s DecisionModule:AnalyzingNetworks(): Current Network: 
       [Network #0, Technology = Wifi, Address = 02-06-00:00:00:00:00:02, { DataRate: 10, SignalStrength: 93, AntiFragility: 65}, IQ: 58]
40s DecisionModule:ShowAllNetworks(): All detected networks:
       [Network #0, Technology = Wifi, Address = 02-06-00:00:00:00:00:02, { DataRate: 10, SignalStrength: 93, AntiFragility: 65}, IQ: 58]
       [Network #1, Technology = Wimax, Address = 02-06-00:00:00:00:00:04, { DataRate: 6, SignalStrength: 72, AntiFragility: 53}, IQ: 46]
40s ExecutionModule:Run(): Decision time => Seconds: 0, Miliseconds: 150
40s ExecutionModule:Run(): Handover time => Seconds: 0, Miliseconds: 272
40s ExecutionModule:Run(): Event: Vertical Handover.
40s DeviceModule:MoveRandom(): New position: (56, 44)
41s DeviceModule:MoveRandom(): New position: (53, 44)
42s DeviceModule:MoveRandom(): New position: (50, 44)
43s DeviceModule:MoveRandom(): New position: (50, 47)
44s DeviceModule:MoveRandom(): New position: (50, 50)
45s DeviceModule:MoveRandom(): New position: (47, 50)
46s DeviceModule:MoveRandom(): New position: (47, 53)
47s DeviceModule:MoveRandom(): New position: (47, 56)
48s DeviceModule:MoveRandom(): New position: (47, 53)
49s DeviceModule:MoveRandom(): New position: (44, 53)
50s DeviceModule:MoveRandom(): New position: (47, 53)
51s DeviceModule:MoveRandom(): New position: (47, 50)
52s DeviceModule:MoveRandom(): New position: (44, 50)
53s DeviceModule:MoveRandom(): New position: (44, 47)
54s DeviceModule:MoveRandom(): New position: (44, 50)
55s DeviceModule:MoveRandom(): New position: (44, 53)
56s DeviceModule:MoveRandom(): New position: (44, 50)
57s DeviceModule:MoveRandom(): New position: (47, 50)
58s DeviceModule:MoveRandom(): New position: (47, 47)
59s DeviceModule:MoveRandom(): New position: (47, 44)
60s DecisionModule:Run(): Run decision
60s DecisionModule:AnalyzingNetworks(): Current Network: 
       [Network #0, Technology = Wifi, Address = 02-06-00:00:00:00:00:02, { DataRate: 68, SignalStrength: 29, AntiFragility: 86}, IQ: 67]
60s DecisionModule:ShowAllNetworks(): All detected networks:
       [Network #0, Technology = Wifi, Address = 02-06-00:00:00:00:00:02, { DataRate: 68, SignalStrength: 29, AntiFragility: 86}, IQ: 67]
       [Network #1, Technology = Wimax, Address = 02-06-00:00:00:00:00:04, { DataRate: 93, SignalStrength: 45, AntiFragility: 60}, IQ: 64]
60s DeviceModule:MoveRandom(): New position: (47, 47)
61s DeviceModule:MoveRandom(): New position: (47, 50)
62s DeviceModule:MoveRandom(): New position: (47, 47)
63s DeviceModule:MoveRandom(): New position: (50, 47)
64s DeviceModule:MoveRandom(): New position: (50, 50)
65s DeviceModule:MoveRandom(): New position: (50, 53)
66s DeviceModule:MoveRandom(): New position: (53, 53)
67s DeviceModule:MoveRandom(): New position: (56, 53)
68s DeviceModule:MoveRandom(): New position: (56, 50)
69s DeviceModule:MoveRandom(): New position: (56, 47)
70s DeviceModule:MoveRandom(): New position: (53, 47)
71s DeviceModule:MoveRandom(): New position: (53, 50)
72s DeviceModule:MoveRandom(): New position: (50, 50)
73s DeviceModule:MoveRandom(): New position: (50, 47)
74s DeviceModule:MoveRandom(): New position: (50, 50)
75s DeviceModule:MoveRandom(): New position: (50, 53)
76s DeviceModule:MoveRandom(): New position: (50, 56)
77s DeviceModule:MoveRandom(): New position: (50, 53)
78s DeviceModule:MoveRandom(): New position: (47, 53)
79s DeviceModule:MoveRandom(): New position: (50, 53)
80s DecisionModule:Run(): Run decision
80s DecisionModule:AnalyzingNetworks(): Current Network: 
       [Network #1, Technology = Wimax, Address = 02-06-00:00:00:00:00:04, { DataRate: 70, SignalStrength: 83, AntiFragility: 47}, IQ: 61]
80s DecisionModule:ShowAllNetworks(): All detected networks:
       [Network #1, Technology = Wimax, Address = 02-06-00:00:00:00:00:04, { DataRate: 70, SignalStrength: 83, AntiFragility: 47}, IQ: 61]
       [Network #0, Technology = Wifi, Address = 02-06-00:00:00:00:00:02, { DataRate: 81, SignalStrength: 55, AntiFragility: 8}, IQ: 38]
80s ExecutionModule:Run(): Decision time => Seconds: 0, Miliseconds: 196
80s ExecutionModule:Run(): Handover time => Seconds: 0, Miliseconds: 61
80s ExecutionModule:Run(): Event: Vertical Handover.
80s DeviceModule:MoveRandom(): New position: (53, 53)
81s DeviceModule:MoveRandom(): New position: (53, 56)
82s DeviceModule:MoveRandom(): New position: (53, 53)
83s DeviceModule:MoveRandom(): New position: (53, 50)
84s DeviceModule:MoveRandom(): New position: (53, 53)
85s DeviceModule:MoveRandom(): New position: (53, 50)
86s DeviceModule:MoveRandom(): New position: (56, 50)
87s DeviceModule:MoveRandom(): New position: (53, 50)
88s DeviceModule:MoveRandom(): New position: (53, 53)
89s DeviceModule:MoveRandom(): New position: (53, 56)
90s DeviceModule:MoveRandom(): New position: (56, 56)
91s DeviceModule:MoveRandom(): New position: (56, 53)
92s DeviceModule:MoveRandom(): New position: (59, 53)
93s DeviceModule:MoveRandom(): New position: (62, 53)
94s DeviceModule:MoveRandom(): New position: (65, 53)
95s DeviceModule:MoveRandom(): New position: (65, 56)
96s DeviceModule:MoveRandom(): New position: (62, 56)
97s DeviceModule:MoveRandom(): New position: (62, 53)
98s DeviceModule:MoveRandom(): New position: (65, 53)
99s DeviceModule:MoveRandom(): New position: (65, 56)
100s DecisionModule:Run(): Run decision
100s DecisionModule:AnalyzingNetworks(): Current Network: 
       [Network #0, Technology = Wifi, Address = 02-06-00:00:00:00:00:02, { DataRate: 92, SignalStrength: 3, AntiFragility: 45}, IQ: 46]
100s DecisionModule:ShowAllNetworks(): All detected networks:
       [Network #0, Technology = Wifi, Address = 02-06-00:00:00:00:00:02, { DataRate: 92, SignalStrength: 3, AntiFragility: 45}, IQ: 46]
       [Network #1, Technology = Wimax, Address = 02-06-00:00:00:00:00:04, { DataRate: 81, SignalStrength: 91, AntiFragility: 1}, IQ: 43]
100s ExecutionModule:Run(): Decision time => Seconds: 0, Miliseconds: 145
100s ExecutionModule:Run(): Handover time => Seconds: 0, Miliseconds: 31
100s ExecutionModule:Run(): Event: Vertical Handover.
100s DeviceModule:MoveRandom(): New position: (65, 59)
101s DeviceModule:MoveRandom(): New position: (65, 56)
102s DeviceModule:MoveRandom(): New position: (68, 56)
103s DeviceModule:MoveRandom(): New position: (68, 53)
104s DeviceModule:MoveRandom(): New position: (68, 50)
105s DeviceModule:MoveRandom(): New position: (68, 47)
106s DeviceModule:MoveRandom(): New position: (71, 47)
107s DeviceModule:MoveRandom(): New position: (71, 44)
108s DeviceModule:MoveRandom(): New position: (74, 44)
109s DeviceModule:MoveRandom(): New position: (74, 47)
110s DeviceModule:MoveRandom(): New position: (74, 50)
111s DeviceModule:MoveRandom(): New position: (74, 47)
112s DeviceModule:MoveRandom(): New position: (77, 47)
113s DeviceModule:MoveRandom(): New position: (77, 50)
114s DeviceModule:MoveRandom(): New position: (77, 47)
115s DeviceModule:MoveRandom(): New position: (77, 50)
116s DeviceModule:MoveRandom(): New position: (77, 47)
117s DeviceModule:MoveRandom(): New position: (74, 47)
118s DeviceModule:MoveRandom(): New position: (71, 47)
119s DeviceModule:MoveRandom(): New position: (68, 47)
120s DecisionModule:Run(): Run decision
120s DecisionModule:AnalyzingNetworks(): Current Network: 
       [Network #0, Technology = Wifi, Address = 02-06-00:00:00:00:00:02, { DataRate: 81, SignalStrength: 7, AntiFragility: 94}, IQ: 69]
120s DecisionModule:ShowAllNetworks(): All detected networks:
       [Network #0, Technology = Wifi, Address = 02-06-00:00:00:00:00:02, { DataRate: 81, SignalStrength: 7, AntiFragility: 94}, IQ: 69]
       [Network #1, Technology = Wimax, Address = 02-06-00:00:00:00:00:04, { DataRate: 3, SignalStrength: 61, AntiFragility: 44}, IQ: 38]
120s DeviceModule:MoveRandom(): New position: (68, 50)
121s DeviceModule:MoveRandom(): New position: (71, 50)
122s DeviceModule:MoveRandom(): New position: (74, 50)
123s DeviceModule:MoveRandom(): New position: (74, 53)
124s DeviceModule:MoveRandom(): New position: (74, 50)
125s DeviceModule:MoveRandom(): New position: (77, 50)
126s DeviceModule:MoveRandom(): New position: (77, 53)
127s DeviceModule:MoveRandom(): New position: (77, 56)
128s DeviceModule:MoveRandom(): New position: (77, 53)
129s DeviceModule:MoveRandom(): New position: (74, 53)
130s DeviceModule:MoveRandom(): New position: (74, 50)
131s DeviceModule:MoveRandom(): New position: (74, 53)
132s DeviceModule:MoveRandom(): New position: (74, 50)
133s DeviceModule:MoveRandom(): New position: (74, 47)
134s DeviceModule:MoveRandom(): New position: (74, 44)
135s DeviceModule:MoveRandom(): New position: (77, 44)
136s DeviceModule:MoveRandom(): New position: (77, 47)
137s DeviceModule:MoveRandom(): New position: (80, 47)
138s DeviceModule:MoveRandom(): New position: (77, 47)
139s DeviceModule:MoveRandom(): New position: (77, 50)
140s DecisionModule:Run(): Run decision
140s DecisionModule:AnalyzingNetworks(): Current Network: 
       [Network #0, Technology = Wifi, Address = 02-06-00:00:00:00:00:02, { DataRate: 33, SignalStrength: 93, AntiFragility: 78}, IQ: 70]
140s DecisionModule:ShowAllNetworks(): All detected networks:
       [Network #0, Technology = Wifi, Address = 02-06-00:00:00:00:00:02, { DataRate: 33, SignalStrength: 93, AntiFragility: 78}, IQ: 70]
       [Network #1, Technology = Wimax, Address = 02-06-00:00:00:00:00:04, { DataRate: 38, SignalStrength: 62, AntiFragility: 29}, IQ: 39]
140s DeviceModule:MoveRandom(): New position: (80, 50)
141s DeviceModule:MoveRandom(): New position: (83, 50)
142s DeviceModule:MoveRandom(): New position: (83, 47)
143s DeviceModule:MoveRandom(): New position: (83, 44)
144s DeviceModule:MoveRandom(): New position: (86, 44)
145s DeviceModule:MoveRandom(): New position: (89, 44)
146s DeviceModule:MoveRandom(): New position: (89, 47)
147s DeviceModule:MoveRandom(): New position: (86, 47)
148s DeviceModule:MoveRandom(): New position: (86, 50)
149s DeviceModule:MoveRandom(): New position: (83, 50)
150s DeviceModule:MoveRandom(): New position: (86, 50)
151s DeviceModule:MoveRandom(): New position: (83, 50)
152s DeviceModule:MoveRandom(): New position: (80, 50)
153s DeviceModule:MoveRandom(): New position: (83, 50)
154s DeviceModule:MoveRandom(): New position: (86, 50)
155s DeviceModule:MoveRandom(): New position: (86, 47)
156s DeviceModule:MoveRandom(): New position: (86, 50)
157s DeviceModule:MoveRandom(): New position: (89, 50)
158s DeviceModule:MoveRandom(): New position: (92, 50)
159s DeviceModule:MoveRandom(): New position: (92, 47)
160s DecisionModule:Run(): Run decision
160s DecisionModule:AnalyzingNetworks(): Current Network: 
       [Network #0, Technology = Wifi, Address = 02-06-00:00:00:00:00:02, { DataRate: 49, SignalStrength: 64, AntiFragility: 89}, IQ: 72]
160s DecisionModule:ShowAllNetworks(): All detected networks:
       [Network #0, Technology = Wifi, Address = 02-06-00:00:00:00:00:02, { DataRate: 49, SignalStrength: 64, AntiFragility: 89}, IQ: 72]
       [Network #1, Technology = Wimax, Address = 02-06-00:00:00:00:00:04, { DataRate: 19, SignalStrength: 96, AntiFragility: 53}, IQ: 55]
160s DeviceModule:MoveRandom(): New position: (92, 44)
161s DeviceModule:MoveRandom(): New position: (89, 44)
162s DeviceModule:MoveRandom(): New position: (92, 44)
163s DeviceModule:MoveRandom(): New position: (92, 41)
164s DeviceModule:MoveRandom(): New position: (92, 44)
165s DeviceModule:MoveRandom(): New position: (89, 44)
166s DeviceModule:MoveRandom(): New position: (89, 47)
167s DeviceModule:MoveRandom(): New position: (89, 44)
168s DeviceModule:MoveRandom(): New position: (86, 44)
169s DeviceModule:MoveRandom(): New position: (83, 44)
170s DeviceModule:MoveRandom(): New position: (83, 47)
171s DeviceModule:MoveRandom(): New position: (83, 50)
172s DeviceModule:MoveRandom(): New position: (83, 47)
173s DeviceModule:MoveRandom(): New position: (86, 47)
174s DeviceModule:MoveRandom(): New position: (83, 47)
175s DeviceModule:MoveRandom(): New position: (80, 47)
176s DeviceModule:MoveRandom(): New position: (80, 44)
177s DeviceModule:MoveRandom(): New position: (80, 47)
178s DeviceModule:MoveRandom(): New position: (80, 50)
179s DeviceModule:MoveRandom(): New position: (80, 53)
180s DecisionModule:Run(): Run decision
180s DecisionModule:AnalyzingNetworks(): Current Network: 
       [Network #0, Technology = Wifi, Address = 02-06-00:00:00:00:00:02, { DataRate: 17, SignalStrength: 84, AntiFragility: 98}, IQ: 74]
180s DecisionModule:ShowAllNetworks(): All detected networks:
       [Network #0, Technology = Wifi, Address = 02-06-00:00:00:00:00:02, { DataRate: 17, SignalStrength: 84, AntiFragility: 98}, IQ: 74]
       [Network #1, Technology = Wimax, Address = 02-06-00:00:00:00:00:04, { DataRate: 86, SignalStrength: 26, AntiFragility: 61}, IQ: 58]
180s DeviceModule:MoveRandom(): New position: (80, 50)
181s DeviceModule:MoveRandom(): New position: (80, 53)
182s DeviceModule:MoveRandom(): New position: (83, 53)
183s DeviceModule:MoveRandom(): New position: (83, 56)
184s DeviceModule:MoveRandom(): New position: (80, 56)
185s DeviceModule:MoveRandom(): New position: (80, 53)
186s DeviceModule:MoveRandom(): New position: (83, 53)
187s DeviceModule:MoveRandom(): New position: (83, 56)
188s DeviceModule:MoveRandom(): New position: (83, 59)
189s DeviceModule:MoveRandom(): New position: (83, 56)
190s DeviceModule:MoveRandom(): New position: (83, 53)
191s DeviceModule:MoveRandom(): New position: (83, 56)
192s DeviceModule:MoveRandom(): New position: (83, 53)
193s DeviceModule:MoveRandom(): New position: (86, 53)
194s DeviceModule:MoveRandom(): New position: (89, 53)
195s DeviceModule:MoveRandom(): New position: (92, 53)
196s DeviceModule:MoveRandom(): New position: (92, 50)
197s DeviceModule:MoveRandom(): New position: (92, 53)
198s DeviceModule:MoveRandom(): New position: (89, 53)
199s DeviceModule:MoveRandom(): New position: (89, 50)
