Waf: Entering directory `/home/renan/Documents/NR2/ns-allinone-3.20/ns-3.20/build'
Waf: Leaving directory `/home/renan/Documents/NR2/ns-allinone-3.20/ns-3.20/build'
'build' finished successfully (1.792s)
0s NetworkModule:SetPosition(): Network 0 set position => (145, 166)
0s NetworkModule:SetRange(): Network 0 set range => 100
0s NetworkModule:SetPosition(): Network 1 set position => (161, 51)
0s NetworkModule:SetRange(): Network 1 set range => 100
0s NetworkModule:SetPosition(): Network 2 set position => (115, 2)
0s NetworkModule:SetRange(): Network 2 set range => 100
0s NetworkModule:SetPosition(): Network 3 set position => (191, 180)
0s NetworkModule:SetRange(): Network 3 set range => 100
0s NetworkModule:SetPosition(): Network 4 set position => (2, 23)
0s NetworkModule:SetRange(): Network 4 set range => 100
0s NetworkModule:SetPosition(): Network 5 set position => (55, 183)
0s NetworkModule:SetRange(): Network 5 set range => 100
0s NetworkModule:SetPosition(): Network 6 set position => (8, 178)
0s NetworkModule:SetRange(): Network 6 set range => 100
0s NetworkModule:SetPosition(): Network 7 set position => (92, 51)
0s NetworkModule:SetRange(): Network 7 set range => 100
0s NetworkModule:SetPosition(): Network 8 set position => (187, 102)
0s NetworkModule:SetRange(): Network 8 set range => 100
0s NetworkModule:SetPosition(): Network 9 set position => (73, 105)
0s NetworkModule:SetRange(): Network 9 set range => 100
0s NetworkModule:SetPosition(): Network 10 set position => (164, 183)
0s NetworkModule:SetRange(): Network 10 set range => 100
0s NetworkModule:SetPosition(): Network 11 set position => (15, 124)
0s NetworkModule:SetRange(): Network 11 set range => 100
0s NetworkModule:SetPosition(): Network 12 set position => (150, 133)
0s NetworkModule:SetRange(): Network 12 set range => 100
0s NetworkModule:SetPosition(): Network 13 set position => (179, 194)
0s NetworkModule:SetRange(): Network 13 set range => 100
0s NetworkModule:SetPosition(): Network 14 set position => (175, 173)
0s NetworkModule:SetRange(): Network 14 set range => 100
0s NetworkModule:SetPosition(): Network 15 set position => (140, 45)
0s NetworkModule:SetRange(): Network 15 set range => 100
0s NetworkModule:SetPosition(): Network 16 set position => (96, 120)
0s NetworkModule:SetRange(): Network 16 set range => 100
0s NetworkModule:SetPosition(): Network 17 set position => (74, 53)
0s NetworkModule:SetRange(): Network 17 set range => 100
0s NetworkModule:SetPosition(): Network 18 set position => (33, 163)
0s NetworkModule:SetRange(): Network 18 set range => 100
0s NetworkModule:SetPosition(): Network 19 set position => (138, 65)
0s NetworkModule:SetRange(): Network 19 set range => 100
0s DeviceModule:ConfigureMobility(): Device [init x = 100, init y = 100, max = 200, velocity = 1]
1s DeviceModule:MoveRandom(): New position: (101, 100)
1s DecisionModule:AddNetworkToList(): Network detected
1s DecisionModule:AddNetworkToList(): Network detected
1s DecisionModule:AddNetworkToList(): Network detected
1s DecisionModule:AddNetworkToList(): Network detected
1s DecisionModule:AddNetworkToList(): Network detected
1s DecisionModule:AddNetworkToList(): Network detected
1s DecisionModule:AddNetworkToList(): Network detected
1s DecisionModule:AddNetworkToList(): Network detected
1s DecisionModule:AddNetworkToList(): Network detected
1s DecisionModule:AddNetworkToList(): Network detected
1s DecisionModule:AddNetworkToList(): Network detected
1s DecisionModule:AddNetworkToList(): Network detected
1s DecisionModule:AddNetworkToList(): Network detected
1s DecisionModule:AddNetworkToList(): Network detected
2s DeviceModule:MoveRandom(): New position: (101, 99)
3s DeviceModule:MoveRandom(): New position: (101, 98)
4s DeviceModule:MoveRandom(): New position: (101, 97)
5s DeviceModule:MoveRandom(): New position: (101, 98)
6s DeviceModule:MoveRandom(): New position: (101, 99)
7s DeviceModule:MoveRandom(): New position: (100, 99)
8s DeviceModule:MoveRandom(): New position: (99, 99)
9s DeviceModule:MoveRandom(): New position: (99, 98)
10s DeviceModule:MoveRandom(): New position: (100, 98)
11s DeviceModule:MoveRandom(): New position: (100, 99)
12s DeviceModule:MoveRandom(): New position: (99, 99)
13s DeviceModule:MoveRandom(): New position: (100, 99)
14s DeviceModule:MoveRandom(): New position: (99, 99)
15s DeviceModule:MoveRandom(): New position: (98, 99)
16s DeviceModule:MoveRandom(): New position: (98, 98)
17s DeviceModule:MoveRandom(): New position: (98, 97)
18s DeviceModule:MoveRandom(): New position: (98, 96)
19s DeviceModule:MoveRandom(): New position: (99, 96)
20s DecisionModule:Run(): Run decision
20s DecisionModule:AnalyzingNetworks(): Current Network: 
       [Network #19, Technology = Wimax, Address = 02-06-00:00:00:00:00:16, { DataRate: 30, SignalStrength: 94, AntiFragility: 84}, IQ: 73]
20s DecisionModule:ShowAllNetworks(): All detected networks:
       [Network #19, Technology = Wimax, Address = 02-06-00:00:00:00:00:16, { DataRate: 30, SignalStrength: 94, AntiFragility: 84}, IQ: 73]
       [Network #11, Technology = Wifi, Address = 02-06-00:00:00:00:00:0d, { DataRate: 97, SignalStrength: 96, AntiFragility: 49}, IQ: 72]
       [Network #2, Technology = Wifi, Address = 02-06-00:00:00:00:00:04, { DataRate: 77, SignalStrength: 13, AntiFragility: 82}, IQ: 63]
       [Network #18, Technology = Wimax, Address = 02-06-00:00:00:00:00:15, { DataRate: 96, SignalStrength: 14, AntiFragility: 68}, IQ: 61]
       [Network #8, Technology = Wifi, Address = 02-06-00:00:00:00:00:0a, { DataRate: 26, SignalStrength: 93, AntiFragility: 61}, IQ: 60]
       [Network #0, Technology = Wifi, Address = 02-06-00:00:00:00:00:02, { DataRate: 78, SignalStrength: 19, AntiFragility: 63}, IQ: 55]
       [Network #16, Technology = Wifi, Address = 02-06-00:00:00:00:00:12, { DataRate: 8, SignalStrength: 45, AntiFragility: 75}, IQ: 50]
       [Network #17, Technology = Wifi, Address = 02-06-00:00:00:00:00:13, { DataRate: 14, SignalStrength: 74, AntiFragility: 55}, IQ: 49]
       [Network #9, Technology = Wifi, Address = 02-06-00:00:00:00:00:0b, { DataRate: 54, SignalStrength: 23, AntiFragility: 57}, IQ: 47]
       [Network #1, Technology = Wifi, Address = 02-06-00:00:00:00:00:03, { DataRate: 41, SignalStrength: 28, AntiFragility: 53}, IQ: 43]
       [Network #7, Technology = Wifi, Address = 02-06-00:00:00:00:00:09, { DataRate: 28, SignalStrength: 54, AntiFragility: 46}, IQ: 43]
       [Network #5, Technology = Wifi, Address = 02-06-00:00:00:00:00:07, { DataRate: 39, SignalStrength: 64, AntiFragility: 34}, IQ: 42]
       [Network #12, Technology = Wifi, Address = 02-06-00:00:00:00:00:0e, { DataRate: 76, SignalStrength: 26, AntiFragility: 25}, IQ: 38]
       [Network #15, Technology = Wifi, Address = 02-06-00:00:00:00:00:11, { DataRate: 45, SignalStrength: 3, AntiFragility: 3}, IQ: 13]
20s DeviceModule:MoveRandom(): New position: (100, 96)
21s DeviceModule:MoveRandom(): New position: (100, 95)
22s DeviceModule:MoveRandom(): New position: (99, 95)
23s DeviceModule:MoveRandom(): New position: (99, 96)
24s DeviceModule:MoveRandom(): New position: (99, 97)
25s DeviceModule:MoveRandom(): New position: (99, 96)
26s DeviceModule:MoveRandom(): New position: (98, 96)
27s DeviceModule:MoveRandom(): New position: (98, 97)
28s DeviceModule:MoveRandom(): New position: (98, 96)
29s DeviceModule:MoveRandom(): New position: (98, 95)
30s DeviceModule:MoveRandom(): New position: (97, 95)
31s DeviceModule:MoveRandom(): New position: (96, 95)
32s DeviceModule:MoveRandom(): New position: (96, 96)
33s DeviceModule:MoveRandom(): New position: (97, 96)
34s DeviceModule:MoveRandom(): New position: (97, 95)
35s DeviceModule:MoveRandom(): New position: (98, 95)
36s DeviceModule:MoveRandom(): New position: (99, 95)
37s DeviceModule:MoveRandom(): New position: (99, 94)
38s DeviceModule:MoveRandom(): New position: (99, 93)
39s DeviceModule:MoveRandom(): New position: (98, 93)
40s DecisionModule:Run(): Run decision
40s DecisionModule:AnalyzingNetworks(): Current Network: 
       [Network #16, Technology = Wifi, Address = 02-06-00:00:00:00:00:12, { DataRate: 67, SignalStrength: 78, AntiFragility: 72}, IQ: 72]
40s DecisionModule:ShowAllNetworks(): All detected networks:
       [Network #16, Technology = Wifi, Address = 02-06-00:00:00:00:00:12, { DataRate: 67, SignalStrength: 78, AntiFragility: 72}, IQ: 72]
       [Network #11, Technology = Wifi, Address = 02-06-00:00:00:00:00:0d, { DataRate: 45, SignalStrength: 1, AntiFragility: 99}, IQ: 61]
       [Network #17, Technology = Wifi, Address = 02-06-00:00:00:00:00:13, { DataRate: 85, SignalStrength: 34, AntiFragility: 61}, IQ: 60]
       [Network #18, Technology = Wimax, Address = 02-06-00:00:00:00:00:15, { DataRate: 66, SignalStrength: 72, AntiFragility: 48}, IQ: 58]
       [Network #15, Technology = Wifi, Address = 02-06-00:00:00:00:00:11, { DataRate: 70, SignalStrength: 97, AntiFragility: 34}, IQ: 58]
       [Network #5, Technology = Wifi, Address = 02-06-00:00:00:00:00:07, { DataRate: 13, SignalStrength: 60, AntiFragility: 74}, IQ: 55]
       [Network #7, Technology = Wifi, Address = 02-06-00:00:00:00:00:09, { DataRate: 70, SignalStrength: 60, AntiFragility: 29}, IQ: 47]
       [Network #19, Technology = Wimax, Address = 02-06-00:00:00:00:00:16, { DataRate: 78, SignalStrength: 91, AntiFragility: 8}, IQ: 46]
       [Network #1, Technology = Wifi, Address = 02-06-00:00:00:00:00:03, { DataRate: 28, SignalStrength: 52, AntiFragility: 51}, IQ: 45]
       [Network #9, Technology = Wifi, Address = 02-06-00:00:00:00:00:0b, { DataRate: 38, SignalStrength: 46, AntiFragility: 47}, IQ: 44]
       [Network #2, Technology = Wifi, Address = 02-06-00:00:00:00:00:04, { DataRate: 42, SignalStrength: 3, AntiFragility: 37}, IQ: 29]
       [Network #12, Technology = Wifi, Address = 02-06-00:00:00:00:00:0e, { DataRate: 15, SignalStrength: 49, AntiFragility: 16}, IQ: 24]
       [Network #0, Technology = Wifi, Address = 02-06-00:00:00:00:00:02, { DataRate: 28, SignalStrength: 28, AntiFragility: 9}, IQ: 18]
       [Network #8, Technology = Wifi, Address = 02-06-00:00:00:00:00:0a, { DataRate: 36, SignalStrength: 2, AntiFragility: 9}, IQ: 14]
40s ExecutionModule:Run(): Decision time => Seconds: 0, Miliseconds: 257
40s ExecutionModule:Run(): Handover time => Seconds: 0, Miliseconds: 274
40s ExecutionModule:Run(): Event: Vertical Handover.
40s DeviceModule:MoveRandom(): New position: (99, 93)
41s DeviceModule:MoveRandom(): New position: (99, 92)
41s DecisionModule:RemoveNetworkFromList(): Network: 5 out of range!
42s DeviceModule:MoveRandom(): New position: (98, 92)
42s DecisionModule:AddNetworkToList(): Network detected
43s DeviceModule:MoveRandom(): New position: (99, 92)
43s DecisionModule:RemoveNetworkFromList(): Network: 5 out of range!
44s DeviceModule:MoveRandom(): New position: (99, 93)
44s DecisionModule:AddNetworkToList(): Network detected
45s DeviceModule:MoveRandom(): New position: (99, 92)
45s DecisionModule:RemoveNetworkFromList(): Network: 5 out of range!
46s DeviceModule:MoveRandom(): New position: (99, 93)
46s DecisionModule:AddNetworkToList(): Network detected
47s DeviceModule:MoveRandom(): New position: (99, 94)
48s DeviceModule:MoveRandom(): New position: (99, 93)
49s DeviceModule:MoveRandom(): New position: (100, 93)
50s DeviceModule:MoveRandom(): New position: (101, 93)
50s DecisionModule:RemoveNetworkFromList(): Network: 5 out of range!
51s DeviceModule:MoveRandom(): New position: (101, 94)
51s DecisionModule:AddNetworkToList(): Network detected
52s DeviceModule:MoveRandom(): New position: (102, 94)
53s DeviceModule:MoveRandom(): New position: (102, 95)
54s DeviceModule:MoveRandom(): New position: (102, 96)
55s DeviceModule:MoveRandom(): New position: (102, 97)
56s DeviceModule:MoveRandom(): New position: (103, 97)
57s DeviceModule:MoveRandom(): New position: (104, 97)
58s DeviceModule:MoveRandom(): New position: (104, 98)
59s DeviceModule:MoveRandom(): New position: (103, 98)
60s DecisionModule:Run(): Run decision
60s DecisionModule:AnalyzingNetworks(): Current Network: 
       [Network #2, Technology = Wifi, Address = 02-06-00:00:00:00:00:04, { DataRate: 67, SignalStrength: 25, AntiFragility: 98}, IQ: 72]
60s DecisionModule:ShowAllNetworks(): All detected networks:
       [Network #2, Technology = Wifi, Address = 02-06-00:00:00:00:00:04, { DataRate: 67, SignalStrength: 25, AntiFragility: 98}, IQ: 72]
       [Network #7, Technology = Wifi, Address = 02-06-00:00:00:00:00:09, { DataRate: 33, SignalStrength: 30, AntiFragility: 79}, IQ: 55]
       [Network #1, Technology = Wifi, Address = 02-06-00:00:00:00:00:03, { DataRate: 56, SignalStrength: 70, AntiFragility: 44}, IQ: 53]
       [Network #17, Technology = Wifi, Address = 02-06-00:00:00:00:00:13, { DataRate: 86, SignalStrength: 88, AntiFragility: 18}, IQ: 52]
       [Network #8, Technology = Wifi, Address = 02-06-00:00:00:00:00:0a, { DataRate: 87, SignalStrength: 21, AntiFragility: 49}, IQ: 51]
       [Network #15, Technology = Wifi, Address = 02-06-00:00:00:00:00:11, { DataRate: 99, SignalStrength: 17, AntiFragility: 39}, IQ: 48]
       [Network #11, Technology = Wifi, Address = 02-06-00:00:00:00:00:0d, { DataRate: 99, SignalStrength: 89, AntiFragility: 3}, IQ: 48]
       [Network #19, Technology = Wimax, Address = 02-06-00:00:00:00:00:16, { DataRate: 1, SignalStrength: 72, AntiFragility: 53}, IQ: 44]
       [Network #5, Technology = Wifi, Address = 02-06-00:00:00:00:00:07, { DataRate: 74, SignalStrength: 58, AntiFragility: 21}, IQ: 43]
       [Network #0, Technology = Wifi, Address = 02-06-00:00:00:00:00:02, { DataRate: 4, SignalStrength: 2, AntiFragility: 54}, IQ: 28]
       [Network #9, Technology = Wifi, Address = 02-06-00:00:00:00:00:0b, { DataRate: 7, SignalStrength: 61, AntiFragility: 16}, IQ: 25]
       [Network #16, Technology = Wifi, Address = 02-06-00:00:00:00:00:12, { DataRate: 8, SignalStrength: 12, AntiFragility: 30}, IQ: 20]
       [Network #18, Technology = Wimax, Address = 02-06-00:00:00:00:00:15, { DataRate: 14, SignalStrength: 58, AntiFragility: 3}, IQ: 19]
       [Network #12, Technology = Wifi, Address = 02-06-00:00:00:00:00:0e, { DataRate: 18, SignalStrength: 14, AntiFragility: 2}, IQ: 9]
60s ExecutionModule:Run(): Decision time => Seconds: 0, Miliseconds: 257
60s ExecutionModule:Run(): Handover time => Seconds: 0, Miliseconds: 123
60s ExecutionModule:Run(): Event: Horizontal Handover.
60s DeviceModule:MoveRandom(): New position: (103, 99)
61s DeviceModule:MoveRandom(): New position: (103, 98)
62s DeviceModule:MoveRandom(): New position: (103, 97)
63s DeviceModule:MoveRandom(): New position: (103, 98)
64s DeviceModule:MoveRandom(): New position: (102, 98)
65s DeviceModule:MoveRandom(): New position: (103, 98)
66s DeviceModule:MoveRandom(): New position: (104, 98)
67s DeviceModule:MoveRandom(): New position: (105, 98)
68s DeviceModule:MoveRandom(): New position: (105, 97)
69s DeviceModule:MoveRandom(): New position: (105, 96)
70s DeviceModule:MoveRandom(): New position: (105, 95)
70s DecisionModule:RemoveNetworkFromList(): Network: 5 out of range!
71s DeviceModule:MoveRandom(): New position: (106, 95)
72s DeviceModule:MoveRandom(): New position: (106, 94)
73s DeviceModule:MoveRandom(): New position: (106, 95)
74s DeviceModule:MoveRandom(): New position: (106, 94)
75s DeviceModule:MoveRandom(): New position: (106, 95)
76s DeviceModule:MoveRandom(): New position: (107, 95)
77s DeviceModule:MoveRandom(): New position: (108, 95)
77s DecisionModule:RemoveNetworkFromList(): Network: 18 out of range!
78s DeviceModule:MoveRandom(): New position: (108, 96)
78s DecisionModule:AddNetworkToList(): Network detected
79s DeviceModule:MoveRandom(): New position: (108, 95)
79s DecisionModule:RemoveNetworkFromList(): Network: 18 out of range!
80s DecisionModule:Run(): Run decision
80s DecisionModule:AnalyzingNetworks(): Current Network: 
       [Network #7, Technology = Wifi, Address = 02-06-00:00:00:00:00:09, { DataRate: 99, SignalStrength: 70, AntiFragility: 58}, IQ: 71]
80s DecisionModule:ShowAllNetworks(): All detected networks:
       [Network #7, Technology = Wifi, Address = 02-06-00:00:00:00:00:09, { DataRate: 99, SignalStrength: 70, AntiFragility: 58}, IQ: 71]
       [Network #19, Technology = Wimax, Address = 02-06-00:00:00:00:00:16, { DataRate: 96, SignalStrength: 54, AntiFragility: 67}, IQ: 71]
       [Network #15, Technology = Wifi, Address = 02-06-00:00:00:00:00:11, { DataRate: 66, SignalStrength: 34, AntiFragility: 72}, IQ: 61]
       [Network #16, Technology = Wifi, Address = 02-06-00:00:00:00:00:12, { DataRate: 44, SignalStrength: 33, AntiFragility: 81}, IQ: 59]
       [Network #1, Technology = Wifi, Address = 02-06-00:00:00:00:00:03, { DataRate: 3, SignalStrength: 44, AntiFragility: 92}, IQ: 57]
       [Network #9, Technology = Wifi, Address = 02-06-00:00:00:00:00:0b, { DataRate: 41, SignalStrength: 74, AntiFragility: 30}, IQ: 43]
       [Network #12, Technology = Wifi, Address = 02-06-00:00:00:00:00:0e, { DataRate: 53, SignalStrength: 66, AntiFragility: 7}, IQ: 33]
       [Network #8, Technology = Wifi, Address = 02-06-00:00:00:00:00:0a, { DataRate: 51, SignalStrength: 50, AntiFragility: 16}, IQ: 33]
       [Network #17, Technology = Wifi, Address = 02-06-00:00:00:00:00:13, { DataRate: 33, SignalStrength: 8, AntiFragility: 45}, IQ: 32]
       [Network #0, Technology = Wifi, Address = 02-06-00:00:00:00:00:02, { DataRate: 22, SignalStrength: 34, AntiFragility: 35}, IQ: 31]
       [Network #2, Technology = Wifi, Address = 02-06-00:00:00:00:00:04, { DataRate: 43, SignalStrength: 3, AntiFragility: 40}, IQ: 31]
       [Network #11, Technology = Wifi, Address = 02-06-00:00:00:00:00:0d, { DataRate: 21, SignalStrength: 55, AntiFragility: 1}, IQ: 19]
80s ExecutionModule:Run(): Decision time => Seconds: 0, Miliseconds: 254
80s ExecutionModule:Run(): Handover time => Seconds: 0, Miliseconds: 122
80s ExecutionModule:Run(): Event: Horizontal Handover.
80s DeviceModule:MoveRandom(): New position: (107, 95)
80s DecisionModule:AddNetworkToList(): Network detected
81s DeviceModule:MoveRandom(): New position: (108, 95)
81s DecisionModule:RemoveNetworkFromList(): Network: 18 out of range!
82s DeviceModule:MoveRandom(): New position: (107, 95)
82s DecisionModule:AddNetworkToList(): Network detected
83s DeviceModule:MoveRandom(): New position: (107, 94)
83s DecisionModule:RemoveNetworkFromList(): Network: 18 out of range!
84s DeviceModule:MoveRandom(): New position: (107, 95)
84s DecisionModule:AddNetworkToList(): Network detected
85s DeviceModule:MoveRandom(): New position: (107, 94)
85s DecisionModule:RemoveNetworkFromList(): Network: 18 out of range!
86s DeviceModule:MoveRandom(): New position: (106, 94)
86s DecisionModule:AddNetworkToList(): Network detected
87s DeviceModule:MoveRandom(): New position: (106, 93)
87s DecisionModule:RemoveNetworkFromList(): Network: 18 out of range!
88s DeviceModule:MoveRandom(): New position: (105, 93)
88s DecisionModule:AddNetworkToList(): Network detected
89s DeviceModule:MoveRandom(): New position: (105, 92)
89s DecisionModule:RemoveNetworkFromList(): Network: 18 out of range!
90s DeviceModule:MoveRandom(): New position: (105, 91)
91s DeviceModule:MoveRandom(): New position: (104, 91)
92s DeviceModule:MoveRandom(): New position: (103, 91)
92s DecisionModule:AddNetworkToList(): Network detected
93s DeviceModule:MoveRandom(): New position: (104, 91)
93s DecisionModule:RemoveNetworkFromList(): Network: 18 out of range!
94s DeviceModule:MoveRandom(): New position: (105, 91)
95s DeviceModule:MoveRandom(): New position: (104, 91)
96s DeviceModule:MoveRandom(): New position: (103, 91)
96s DecisionModule:AddNetworkToList(): Network detected
97s DeviceModule:MoveRandom(): New position: (104, 91)
97s DecisionModule:RemoveNetworkFromList(): Network: 18 out of range!
98s DeviceModule:MoveRandom(): New position: (103, 91)
98s DecisionModule:AddNetworkToList(): Network detected
99s DeviceModule:MoveRandom(): New position: (103, 92)
100s DecisionModule:Run(): Run decision
100s DecisionModule:AnalyzingNetworks(): Current Network: 
       [Network #17, Technology = Wifi, Address = 02-06-00:00:00:00:00:13, { DataRate: 93, SignalStrength: 62, AntiFragility: 93}, IQ: 85]
100s DecisionModule:ShowAllNetworks(): All detected networks:
       [Network #17, Technology = Wifi, Address = 02-06-00:00:00:00:00:13, { DataRate: 93, SignalStrength: 62, AntiFragility: 93}, IQ: 85]
       [Network #2, Technology = Wifi, Address = 02-06-00:00:00:00:00:04, { DataRate: 70, SignalStrength: 31, AntiFragility: 75}, IQ: 62]
       [Network #19, Technology = Wimax, Address = 02-06-00:00:00:00:00:16, { DataRate: 36, SignalStrength: 9, AntiFragility: 95}, IQ: 58]
       [Network #0, Technology = Wifi, Address = 02-06-00:00:00:00:00:02, { DataRate: 5, SignalStrength: 65, AntiFragility: 78}, IQ: 56]
       [Network #16, Technology = Wifi, Address = 02-06-00:00:00:00:00:12, { DataRate: 96, SignalStrength: 98, AntiFragility: 13}, IQ: 55]
       [Network #1, Technology = Wifi, Address = 02-06-00:00:00:00:00:03, { DataRate: 56, SignalStrength: 73, AntiFragility: 44}, IQ: 54]
       [Network #9, Technology = Wifi, Address = 02-06-00:00:00:00:00:0b, { DataRate: 38, SignalStrength: 71, AntiFragility: 52}, IQ: 53]
       [Network #8, Technology = Wifi, Address = 02-06-00:00:00:00:00:0a, { DataRate: 16, SignalStrength: 33, AntiFragility: 80}, IQ: 52]
       [Network #12, Technology = Wifi, Address = 02-06-00:00:00:00:00:0e, { DataRate: 83, SignalStrength: 35, AntiFragility: 21}, IQ: 40]
       [Network #15, Technology = Wifi, Address = 02-06-00:00:00:00:00:11, { DataRate: 51, SignalStrength: 60, AntiFragility: 26}, IQ: 40]
       [Network #7, Technology = Wifi, Address = 02-06-00:00:00:00:00:09, { DataRate: 45, SignalStrength: 36, AntiFragility: 14}, IQ: 27]
       [Network #18, Technology = Wimax, Address = 02-06-00:00:00:00:00:15, { DataRate: 67, SignalStrength: 4, AntiFragility: 14}, IQ: 24]
       [Network #11, Technology = Wifi, Address = 02-06-00:00:00:00:00:0d, { DataRate: 6, SignalStrength: 26, AntiFragility: 11}, IQ: 13]
100s ExecutionModule:Run(): Decision time => Seconds: 0, Miliseconds: 250
100s ExecutionModule:Run(): Handover time => Seconds: 0, Miliseconds: 122
100s ExecutionModule:Run(): Event: Horizontal Handover.
100s DeviceModule:MoveRandom(): New position: (102, 92)
101s DeviceModule:MoveRandom(): New position: (102, 93)
102s DeviceModule:MoveRandom(): New position: (101, 93)
103s DeviceModule:MoveRandom(): New position: (101, 92)
104s DeviceModule:MoveRandom(): New position: (102, 92)
105s DeviceModule:MoveRandom(): New position: (102, 91)
106s DeviceModule:MoveRandom(): New position: (102, 92)
107s DeviceModule:MoveRandom(): New position: (103, 92)
108s DeviceModule:MoveRandom(): New position: (104, 92)
109s DeviceModule:MoveRandom(): New position: (105, 92)
109s DecisionModule:RemoveNetworkFromList(): Network: 18 out of range!
110s DeviceModule:MoveRandom(): New position: (104, 92)
110s DecisionModule:AddNetworkToList(): Network detected
111s DeviceModule:MoveRandom(): New position: (104, 91)
111s DecisionModule:RemoveNetworkFromList(): Network: 18 out of range!
112s DeviceModule:MoveRandom(): New position: (105, 91)
113s DeviceModule:MoveRandom(): New position: (105, 90)
114s DeviceModule:MoveRandom(): New position: (104, 90)
115s DeviceModule:MoveRandom(): New position: (104, 89)
116s DeviceModule:MoveRandom(): New position: (104, 90)
117s DeviceModule:MoveRandom(): New position: (103, 90)
118s DeviceModule:MoveRandom(): New position: (103, 89)
119s DeviceModule:MoveRandom(): New position: (103, 90)
120s DecisionModule:Run(): Run decision
120s DecisionModule:AnalyzingNetworks(): Current Network: 
       [Network #12, Technology = Wifi, Address = 02-06-00:00:00:00:00:0e, { DataRate: 83, SignalStrength: 72, AntiFragility: 88}, IQ: 82]
120s DecisionModule:ShowAllNetworks(): All detected networks:
       [Network #12, Technology = Wifi, Address = 02-06-00:00:00:00:00:0e, { DataRate: 83, SignalStrength: 72, AntiFragility: 88}, IQ: 82]
       [Network #15, Technology = Wifi, Address = 02-06-00:00:00:00:00:11, { DataRate: 51, SignalStrength: 31, AntiFragility: 96}, IQ: 68]
       [Network #9, Technology = Wifi, Address = 02-06-00:00:00:00:00:0b, { DataRate: 92, SignalStrength: 68, AntiFragility: 52}, IQ: 66]
       [Network #16, Technology = Wifi, Address = 02-06-00:00:00:00:00:12, { DataRate: 97, SignalStrength: 29, AntiFragility: 67}, IQ: 65]
       [Network #8, Technology = Wifi, Address = 02-06-00:00:00:00:00:0a, { DataRate: 24, SignalStrength: 93, AntiFragility: 72}, IQ: 65]
       [Network #2, Technology = Wifi, Address = 02-06-00:00:00:00:00:04, { DataRate: 2, SignalStrength: 80, AntiFragility: 70}, IQ: 55]
       [Network #11, Technology = Wifi, Address = 02-06-00:00:00:00:00:0d, { DataRate: 55, SignalStrength: 18, AntiFragility: 60}, IQ: 48]
       [Network #7, Technology = Wifi, Address = 02-06-00:00:00:00:00:09, { DataRate: 79, SignalStrength: 38, AntiFragility: 37}, IQ: 47]
       [Network #19, Technology = Wimax, Address = 02-06-00:00:00:00:00:16, { DataRate: 94, SignalStrength: 43, AntiFragility: 22}, IQ: 45]
       [Network #1, Technology = Wifi, Address = 02-06-00:00:00:00:00:03, { DataRate: 71, SignalStrength: 36, AntiFragility: 18}, IQ: 35]
       [Network #17, Technology = Wifi, Address = 02-06-00:00:00:00:00:13, { DataRate: 4, SignalStrength: 58, AntiFragility: 6}, IQ: 18]
       [Network #0, Technology = Wifi, Address = 02-06-00:00:00:00:00:02, { DataRate: 1, SignalStrength: 3, AntiFragility: 24}, IQ: 13]
120s ExecutionModule:Run(): Decision time => Seconds: 0, Miliseconds: 245
120s ExecutionModule:Run(): Handover time => Seconds: 0, Miliseconds: 124
120s ExecutionModule:Run(): Event: Horizontal Handover.
120s DeviceModule:MoveRandom(): New position: (103, 89)
121s DeviceModule:MoveRandom(): New position: (103, 90)
122s DeviceModule:MoveRandom(): New position: (103, 89)
123s DeviceModule:MoveRandom(): New position: (104, 89)
124s DeviceModule:MoveRandom(): New position: (104, 90)
125s DeviceModule:MoveRandom(): New position: (104, 91)
126s DeviceModule:MoveRandom(): New position: (104, 90)
127s DeviceModule:MoveRandom(): New position: (105, 90)
128s DeviceModule:MoveRandom(): New position: (105, 89)
129s DeviceModule:MoveRandom(): New position: (105, 90)
130s DeviceModule:MoveRandom(): New position: (105, 91)
131s DeviceModule:MoveRandom(): New position: (105, 90)
132s DeviceModule:MoveRandom(): New position: (106, 90)
133s DeviceModule:MoveRandom(): New position: (105, 90)
134s DeviceModule:MoveRandom(): New position: (106, 90)
135s DeviceModule:MoveRandom(): New position: (107, 90)
136s DeviceModule:MoveRandom(): New position: (107, 91)
137s DeviceModule:MoveRandom(): New position: (108, 91)
138s DeviceModule:MoveRandom(): New position: (109, 91)
139s DeviceModule:MoveRandom(): New position: (109, 92)
140s DecisionModule:Run(): Run decision
140s DecisionModule:AnalyzingNetworks(): Current Network: 
       [Network #15, Technology = Wifi, Address = 02-06-00:00:00:00:00:11, { DataRate: 97, SignalStrength: 82, AntiFragility: 96}, IQ: 92]
140s DecisionModule:ShowAllNetworks(): All detected networks:
       [Network #15, Technology = Wifi, Address = 02-06-00:00:00:00:00:11, { DataRate: 97, SignalStrength: 82, AntiFragility: 96}, IQ: 92]
       [Network #1, Technology = Wifi, Address = 02-06-00:00:00:00:00:03, { DataRate: 94, SignalStrength: 11, AntiFragility: 91}, IQ: 71]
       [Network #8, Technology = Wifi, Address = 02-06-00:00:00:00:00:0a, { DataRate: 78, SignalStrength: 29, AntiFragility: 83}, IQ: 68]
       [Network #12, Technology = Wifi, Address = 02-06-00:00:00:00:00:0e, { DataRate: 73, SignalStrength: 83, AntiFragility: 45}, IQ: 61]
       [Network #9, Technology = Wifi, Address = 02-06-00:00:00:00:00:0b, { DataRate: 84, SignalStrength: 28, AntiFragility: 56}, IQ: 56]
       [Network #17, Technology = Wifi, Address = 02-06-00:00:00:00:00:13, { DataRate: 30, SignalStrength: 8, AntiFragility: 88}, IQ: 53]
       [Network #11, Technology = Wifi, Address = 02-06-00:00:00:00:00:0d, { DataRate: 51, SignalStrength: 43, AntiFragility: 58}, IQ: 52]
       [Network #16, Technology = Wifi, Address = 02-06-00:00:00:00:00:12, { DataRate: 58, SignalStrength: 39, AntiFragility: 37}, IQ: 42]
       [Network #2, Technology = Wifi, Address = 02-06-00:00:00:00:00:04, { DataRate: 1, SignalStrength: 79, AntiFragility: 34}, IQ: 37]
       [Network #7, Technology = Wifi, Address = 02-06-00:00:00:00:00:09, { DataRate: 42, SignalStrength: 25, AntiFragility: 38}, IQ: 35]
       [Network #19, Technology = Wimax, Address = 02-06-00:00:00:00:00:16, { DataRate: 86, SignalStrength: 14, AntiFragility: 18}, IQ: 34]
       [Network #0, Technology = Wifi, Address = 02-06-00:00:00:00:00:02, { DataRate: 12, SignalStrength: 16, AntiFragility: 25}, IQ: 19]
140s ExecutionModule:Run(): Decision time => Seconds: 0, Miliseconds: 243
140s ExecutionModule:Run(): Handover time => Seconds: 0, Miliseconds: 123
140s ExecutionModule:Run(): Event: Horizontal Handover.
140s DeviceModule:MoveRandom(): New position: (110, 92)
141s DeviceModule:MoveRandom(): New position: (111, 92)
141s DecisionModule:RemoveNetworkFromList(): Network: 11 out of range!
142s DeviceModule:MoveRandom(): New position: (111, 91)
143s DeviceModule:MoveRandom(): New position: (111, 90)
144s DeviceModule:MoveRandom(): New position: (111, 89)
145s DeviceModule:MoveRandom(): New position: (111, 90)
146s DeviceModule:MoveRandom(): New position: (111, 89)
147s DeviceModule:MoveRandom(): New position: (111, 88)
148s DeviceModule:MoveRandom(): New position: (110, 88)
149s DeviceModule:MoveRandom(): New position: (110, 89)
150s DeviceModule:MoveRandom(): New position: (110, 88)
151s DeviceModule:MoveRandom(): New position: (110, 87)
152s DeviceModule:MoveRandom(): New position: (109, 87)
153s DeviceModule:MoveRandom(): New position: (108, 87)
153s DecisionModule:AddNetworkToList(): Network detected
154s DeviceModule:MoveRandom(): New position: (107, 87)
155s DeviceModule:MoveRandom(): New position: (106, 87)
156s DeviceModule:MoveRandom(): New position: (105, 87)
157s DeviceModule:MoveRandom(): New position: (105, 88)
158s DeviceModule:MoveRandom(): New position: (105, 89)
159s DeviceModule:MoveRandom(): New position: (105, 90)
160s DecisionModule:Run(): Run decision
160s DecisionModule:AnalyzingNetworks(): Current Network: 
       [Network #8, Technology = Wifi, Address = 02-06-00:00:00:00:00:0a, { DataRate: 48, SignalStrength: 81, AntiFragility: 86}, IQ: 75]
160s DecisionModule:ShowAllNetworks(): All detected networks:
       [Network #8, Technology = Wifi, Address = 02-06-00:00:00:00:00:0a, { DataRate: 48, SignalStrength: 81, AntiFragility: 86}, IQ: 75]
       [Network #15, Technology = Wifi, Address = 02-06-00:00:00:00:00:11, { DataRate: 91, SignalStrength: 53, AntiFragility: 77}, IQ: 74]
       [Network #17, Technology = Wifi, Address = 02-06-00:00:00:00:00:13, { DataRate: 80, SignalStrength: 40, AntiFragility: 77}, IQ: 68]
       [Network #16, Technology = Wifi, Address = 02-06-00:00:00:00:00:12, { DataRate: 93, SignalStrength: 46, AntiFragility: 51}, IQ: 60]
       [Network #19, Technology = Wimax, Address = 02-06-00:00:00:00:00:16, { DataRate: 89, SignalStrength: 44, AntiFragility: 55}, IQ: 60]
       [Network #0, Technology = Wifi, Address = 02-06-00:00:00:00:00:02, { DataRate: 51, SignalStrength: 25, AntiFragility: 65}, IQ: 51]
       [Network #11, Technology = Wifi, Address = 02-06-00:00:00:00:00:0d, { DataRate: 42, SignalStrength: 99, AntiFragility: 18}, IQ: 44]
       [Network #12, Technology = Wifi, Address = 02-06-00:00:00:00:00:0e, { DataRate: 61, SignalStrength: 78, AntiFragility: 18}, IQ: 43]
       [Network #9, Technology = Wifi, Address = 02-06-00:00:00:00:00:0b, { DataRate: 24, SignalStrength: 20, AntiFragility: 40}, IQ: 31]
       [Network #7, Technology = Wifi, Address = 02-06-00:00:00:00:00:09, { DataRate: 31, SignalStrength: 66, AntiFragility: 12}, IQ: 30]
       [Network #2, Technology = Wifi, Address = 02-06-00:00:00:00:00:04, { DataRate: 31, SignalStrength: 7, AntiFragility: 42}, IQ: 30]
       [Network #1, Technology = Wifi, Address = 02-06-00:00:00:00:00:03, { DataRate: 11, SignalStrength: 61, AntiFragility: 3}, IQ: 19]
160s ExecutionModule:Run(): Decision time => Seconds: 0, Miliseconds: 225
160s ExecutionModule:Run(): Handover time => Seconds: 0, Miliseconds: 121
160s ExecutionModule:Run(): Event: Horizontal Handover.
160s DeviceModule:MoveRandom(): New position: (105, 89)
161s DeviceModule:MoveRandom(): New position: (105, 90)
162s DeviceModule:MoveRandom(): New position: (105, 91)
163s DeviceModule:MoveRandom(): New position: (105, 92)
164s DeviceModule:MoveRandom(): New position: (105, 93)
164s DecisionModule:AddNetworkToList(): Network detected
165s DeviceModule:MoveRandom(): New position: (104, 93)
166s DeviceModule:MoveRandom(): New position: (103, 93)
167s DeviceModule:MoveRandom(): New position: (103, 94)
168s DeviceModule:MoveRandom(): New position: (103, 93)
169s DeviceModule:MoveRandom(): New position: (103, 94)
170s DeviceModule:MoveRandom(): New position: (103, 95)
170s DecisionModule:AddNetworkToList(): Network detected
171s DeviceModule:MoveRandom(): New position: (103, 96)
172s DeviceModule:MoveRandom(): New position: (102, 96)
173s DeviceModule:MoveRandom(): New position: (102, 97)
174s DeviceModule:MoveRandom(): New position: (102, 98)
175s DeviceModule:MoveRandom(): New position: (102, 99)
176s DeviceModule:MoveRandom(): New position: (101, 99)
177s DeviceModule:MoveRandom(): New position: (100, 99)
178s DeviceModule:MoveRandom(): New position: (101, 99)
179s DeviceModule:MoveRandom(): New position: (102, 99)
180s DecisionModule:Run(): Run decision
180s DecisionModule:AnalyzingNetworks(): Current Network: 
       [Network #19, Technology = Wimax, Address = 02-06-00:00:00:00:00:16, { DataRate: 99, SignalStrength: 65, AntiFragility: 89}, IQ: 85]
180s DecisionModule:ShowAllNetworks(): All detected networks:
       [Network #19, Technology = Wimax, Address = 02-06-00:00:00:00:00:16, { DataRate: 99, SignalStrength: 65, AntiFragility: 89}, IQ: 85]
       [Network #0, Technology = Wifi, Address = 02-06-00:00:00:00:00:02, { DataRate: 61, SignalStrength: 98, AntiFragility: 91}, IQ: 85]
       [Network #12, Technology = Wifi, Address = 02-06-00:00:00:00:00:0e, { DataRate: 97, SignalStrength: 55, AntiFragility: 55}, IQ: 65]
       [Network #17, Technology = Wifi, Address = 02-06-00:00:00:00:00:13, { DataRate: 95, SignalStrength: 79, AntiFragility: 36}, IQ: 61]
       [Network #9, Technology = Wifi, Address = 02-06-00:00:00:00:00:0b, { DataRate: 42, SignalStrength: 89, AntiFragility: 56}, IQ: 60]
       [Network #5, Technology = Wifi, Address = 02-06-00:00:00:00:00:07, { DataRate: 51, SignalStrength: 48, AntiFragility: 33}, IQ: 41]
       [Network #11, Technology = Wifi, Address = 02-06-00:00:00:00:00:0d, { DataRate: 11, SignalStrength: 12, AntiFragility: 69}, IQ: 40]
       [Network #7, Technology = Wifi, Address = 02-06-00:00:00:00:00:09, { DataRate: 53, SignalStrength: 54, AntiFragility: 19}, IQ: 36]
       [Network #1, Technology = Wifi, Address = 02-06-00:00:00:00:00:03, { DataRate: 44, SignalStrength: 26, AntiFragility: 37}, IQ: 36]
       [Network #18, Technology = Wimax, Address = 02-06-00:00:00:00:00:15, { DataRate: 20, SignalStrength: 63, AntiFragility: 32}, IQ: 36]
       [Network #2, Technology = Wifi, Address = 02-06-00:00:00:00:00:04, { DataRate: 38, SignalStrength: 9, AntiFragility: 32}, IQ: 27]
       [Network #15, Technology = Wifi, Address = 02-06-00:00:00:00:00:11, { DataRate: 53, SignalStrength: 24, AntiFragility: 17}, IQ: 27]
       [Network #16, Technology = Wifi, Address = 02-06-00:00:00:00:00:12, { DataRate: 1, SignalStrength: 1, AntiFragility: 33}, IQ: 17]
       [Network #8, Technology = Wifi, Address = 02-06-00:00:00:00:00:0a, { DataRate: 13, SignalStrength: 6, AntiFragility: 3}, IQ: 6]
180s ExecutionModule:Run(): Decision time => Seconds: 0, Miliseconds: 246
180s ExecutionModule:Run(): Handover time => Seconds: 0, Miliseconds: 44
180s ExecutionModule:Run(): Event: Vertical Handover.
180s DeviceModule:MoveRandom(): New position: (101, 99)
181s DeviceModule:MoveRandom(): New position: (100, 99)
182s DeviceModule:MoveRandom(): New position: (99, 99)
183s DeviceModule:MoveRandom(): New position: (100, 99)
184s DeviceModule:MoveRandom(): New position: (99, 99)
185s DeviceModule:MoveRandom(): New position: (99, 100)
186s DeviceModule:MoveRandom(): New position: (99, 101)
187s DeviceModule:MoveRandom(): New position: (99, 100)
188s DeviceModule:MoveRandom(): New position: (99, 99)
189s DeviceModule:MoveRandom(): New position: (99, 98)
190s DeviceModule:MoveRandom(): New position: (99, 99)
191s DeviceModule:MoveRandom(): New position: (99, 98)
192s DeviceModule:MoveRandom(): New position: (99, 97)
193s DeviceModule:MoveRandom(): New position: (100, 97)
194s DeviceModule:MoveRandom(): New position: (100, 96)
195s DeviceModule:MoveRandom(): New position: (100, 95)
196s DeviceModule:MoveRandom(): New position: (100, 96)
197s DeviceModule:MoveRandom(): New position: (99, 96)
198s DeviceModule:MoveRandom(): New position: (98, 96)
199s DeviceModule:MoveRandom(): New position: (98, 95)
