Waf: Entering directory `/home/renan/Documents/NR2/ns-allinone-3.20/ns-3.20/build'
Waf: Leaving directory `/home/renan/Documents/NR2/ns-allinone-3.20/ns-3.20/build'
'build' finished successfully (1.859s)
0s NetworkModule:SetPosition(): Network 0 set position => (64, 51)
0s NetworkModule:SetRange(): Network 0 set range => 100
0s NetworkModule:SetPosition(): Network 1 set position => (55, 31)
0s NetworkModule:SetRange(): Network 1 set range => 100
0s DeviceModule:ConfigureMobility(): Device [init x = 50, init y = 50, max = 100, velocity = 3]
1s DeviceModule:MoveRandom(): New position: (50, 53)
1s DecisionModule:AddNetworkToList(): Network detected
1s DecisionModule:AddNetworkToList(): Network detected
2s DeviceModule:MoveRandom(): New position: (53, 53)
3s DeviceModule:MoveRandom(): New position: (53, 56)
4s DeviceModule:MoveRandom(): New position: (56, 56)
5s DeviceModule:MoveRandom(): New position: (59, 56)
6s DeviceModule:MoveRandom(): New position: (59, 53)
7s DeviceModule:MoveRandom(): New position: (62, 53)
8s DeviceModule:MoveRandom(): New position: (65, 53)
9s DeviceModule:MoveRandom(): New position: (62, 53)
10s DeviceModule:MoveRandom(): New position: (62, 50)
11s DeviceModule:MoveRandom(): New position: (62, 53)
12s DeviceModule:MoveRandom(): New position: (62, 50)
13s DeviceModule:MoveRandom(): New position: (62, 47)
14s DeviceModule:MoveRandom(): New position: (62, 50)
15s DecisionModule:Run(): Run decision
15s DecisionModule:AnalyzingNetworks(): Current Network: 
       [Network #1, Technology = Wimax, Address = 02-06-00:00:00:00:00:04, { DataRate: 69, SignalStrength: 98, AntiFragility: 47}, IQ: 65]
15s DecisionModule:ShowAllNetworks(): All detected networks:
       [Network #1, Technology = Wimax, Address = 02-06-00:00:00:00:00:04, { DataRate: 69, SignalStrength: 98, AntiFragility: 47}, IQ: 65]
       [Network #0, Technology = Wifi, Address = 02-06-00:00:00:00:00:02, { DataRate: 97, SignalStrength: 59, AntiFragility: 23}, IQ: 50]
15s DeviceModule:MoveRandom(): New position: (65, 50)
16s DeviceModule:MoveRandom(): New position: (68, 50)
17s DeviceModule:MoveRandom(): New position: (68, 53)
18s DeviceModule:MoveRandom(): New position: (68, 56)
19s DeviceModule:MoveRandom(): New position: (68, 53)
20s DeviceModule:MoveRandom(): New position: (65, 53)
21s DeviceModule:MoveRandom(): New position: (65, 56)
22s DeviceModule:MoveRandom(): New position: (65, 53)
23s DeviceModule:MoveRandom(): New position: (65, 56)
24s DeviceModule:MoveRandom(): New position: (65, 59)
25s DeviceModule:MoveRandom(): New position: (68, 59)
26s DeviceModule:MoveRandom(): New position: (71, 59)
27s DeviceModule:MoveRandom(): New position: (68, 59)
28s DeviceModule:MoveRandom(): New position: (65, 59)
29s DeviceModule:MoveRandom(): New position: (68, 59)
30s DecisionModule:Run(): Run decision
30s DecisionModule:AnalyzingNetworks(): Current Network: 
       [Network #1, Technology = Wimax, Address = 02-06-00:00:00:00:00:04, { DataRate: 44, SignalStrength: 99, AntiFragility: 37}, IQ: 54]
30s DecisionModule:ShowAllNetworks(): All detected networks:
       [Network #1, Technology = Wimax, Address = 02-06-00:00:00:00:00:04, { DataRate: 44, SignalStrength: 99, AntiFragility: 37}, IQ: 54]
       [Network #0, Technology = Wifi, Address = 02-06-00:00:00:00:00:02, { DataRate: 89, SignalStrength: 86, AntiFragility: 22}, IQ: 54]
30s DeviceModule:MoveRandom(): New position: (65, 59)
31s DeviceModule:MoveRandom(): New position: (65, 62)
32s DeviceModule:MoveRandom(): New position: (62, 62)
33s DeviceModule:MoveRandom(): New position: (62, 65)
34s DeviceModule:MoveRandom(): New position: (59, 65)
35s DeviceModule:MoveRandom(): New position: (56, 65)
36s DeviceModule:MoveRandom(): New position: (59, 65)
37s DeviceModule:MoveRandom(): New position: (59, 62)
38s DeviceModule:MoveRandom(): New position: (59, 59)
39s DeviceModule:MoveRandom(): New position: (59, 62)
40s DeviceModule:MoveRandom(): New position: (56, 62)
41s DeviceModule:MoveRandom(): New position: (53, 62)
42s DeviceModule:MoveRandom(): New position: (53, 65)
43s DeviceModule:MoveRandom(): New position: (53, 68)
44s DeviceModule:MoveRandom(): New position: (50, 68)
45s DecisionModule:Run(): Run decision
45s DecisionModule:AnalyzingNetworks(): Current Network: 
       [Network #1, Technology = Wimax, Address = 02-06-00:00:00:00:00:04, { DataRate: 91, SignalStrength: 64, AntiFragility: 79}, IQ: 78]
45s DecisionModule:ShowAllNetworks(): All detected networks:
       [Network #1, Technology = Wimax, Address = 02-06-00:00:00:00:00:04, { DataRate: 91, SignalStrength: 64, AntiFragility: 79}, IQ: 78]
       [Network #0, Technology = Wifi, Address = 02-06-00:00:00:00:00:02, { DataRate: 99, SignalStrength: 39, AntiFragility: 32}, IQ: 50]
45s DeviceModule:MoveRandom(): New position: (47, 68)
46s DeviceModule:MoveRandom(): New position: (47, 71)
47s DeviceModule:MoveRandom(): New position: (47, 74)
48s DeviceModule:MoveRandom(): New position: (44, 74)
49s DeviceModule:MoveRandom(): New position: (44, 71)
50s DeviceModule:MoveRandom(): New position: (47, 71)
51s DeviceModule:MoveRandom(): New position: (47, 74)
52s DeviceModule:MoveRandom(): New position: (44, 74)
53s DeviceModule:MoveRandom(): New position: (41, 74)
54s DeviceModule:MoveRandom(): New position: (38, 74)
55s DeviceModule:MoveRandom(): New position: (35, 74)
56s DeviceModule:MoveRandom(): New position: (38, 74)
57s DeviceModule:MoveRandom(): New position: (38, 77)
58s DeviceModule:MoveRandom(): New position: (35, 77)
59s DeviceModule:MoveRandom(): New position: (38, 77)
60s DecisionModule:Run(): Run decision
60s DecisionModule:AnalyzingNetworks(): Current Network: 
       [Network #0, Technology = Wifi, Address = 02-06-00:00:00:00:00:02, { DataRate: 60, SignalStrength: 70, AntiFragility: 17}, IQ: 41]
60s DecisionModule:ShowAllNetworks(): All detected networks:
       [Network #0, Technology = Wifi, Address = 02-06-00:00:00:00:00:02, { DataRate: 60, SignalStrength: 70, AntiFragility: 17}, IQ: 41]
       [Network #1, Technology = Wimax, Address = 02-06-00:00:00:00:00:04, { DataRate: 93, SignalStrength: 14, AntiFragility: 21}, IQ: 37]
60s ExecutionModule:Run(): Decision time => Seconds: 0, Miliseconds: 136
60s ExecutionModule:Run(): Handover time => Seconds: 0, Miliseconds: 276
60s ExecutionModule:Run(): Event: Vertical Handover.
60s DeviceModule:MoveRandom(): New position: (35, 77)
61s DeviceModule:MoveRandom(): New position: (38, 77)
62s DeviceModule:MoveRandom(): New position: (38, 80)
63s DeviceModule:MoveRandom(): New position: (35, 80)
64s DeviceModule:MoveRandom(): New position: (35, 77)
65s DeviceModule:MoveRandom(): New position: (32, 77)
66s DeviceModule:MoveRandom(): New position: (32, 74)
67s DeviceModule:MoveRandom(): New position: (32, 71)
68s DeviceModule:MoveRandom(): New position: (32, 68)
69s DeviceModule:MoveRandom(): New position: (29, 68)
70s DeviceModule:MoveRandom(): New position: (32, 68)
71s DeviceModule:MoveRandom(): New position: (29, 68)
72s DeviceModule:MoveRandom(): New position: (26, 68)
73s DeviceModule:MoveRandom(): New position: (26, 71)
74s DeviceModule:MoveRandom(): New position: (26, 74)
75s DecisionModule:Run(): Run decision
75s DecisionModule:AnalyzingNetworks(): Current Network: 
       [Network #0, Technology = Wifi, Address = 02-06-00:00:00:00:00:02, { DataRate: 90, SignalStrength: 56, AntiFragility: 74}, IQ: 73]
75s DecisionModule:ShowAllNetworks(): All detected networks:
       [Network #0, Technology = Wifi, Address = 02-06-00:00:00:00:00:02, { DataRate: 90, SignalStrength: 56, AntiFragility: 74}, IQ: 73]
       [Network #1, Technology = Wimax, Address = 02-06-00:00:00:00:00:04, { DataRate: 84, SignalStrength: 51, AntiFragility: 45}, IQ: 56]
75s DeviceModule:MoveRandom(): New position: (23, 74)
76s DeviceModule:MoveRandom(): New position: (23, 71)
77s DeviceModule:MoveRandom(): New position: (23, 68)
78s DeviceModule:MoveRandom(): New position: (26, 68)
79s DeviceModule:MoveRandom(): New position: (26, 65)
80s DeviceModule:MoveRandom(): New position: (29, 65)
81s DeviceModule:MoveRandom(): New position: (29, 62)
82s DeviceModule:MoveRandom(): New position: (26, 62)
83s DeviceModule:MoveRandom(): New position: (23, 62)
84s DeviceModule:MoveRandom(): New position: (20, 62)
85s DeviceModule:MoveRandom(): New position: (20, 59)
86s DeviceModule:MoveRandom(): New position: (17, 59)
87s DeviceModule:MoveRandom(): New position: (17, 56)
88s DeviceModule:MoveRandom(): New position: (17, 59)
89s DeviceModule:MoveRandom(): New position: (20, 59)
90s DecisionModule:Run(): Run decision
90s DecisionModule:AnalyzingNetworks(): Current Network: 
       [Network #0, Technology = Wifi, Address = 02-06-00:00:00:00:00:02, { DataRate: 26, SignalStrength: 73, AntiFragility: 19}, IQ: 34]
90s DecisionModule:ShowAllNetworks(): All detected networks:
       [Network #0, Technology = Wifi, Address = 02-06-00:00:00:00:00:02, { DataRate: 26, SignalStrength: 73, AntiFragility: 19}, IQ: 34]
       [Network #1, Technology = Wimax, Address = 02-06-00:00:00:00:00:04, { DataRate: 51, SignalStrength: 35, AntiFragility: 7}, IQ: 25]
90s DeviceModule:MoveRandom(): New position: (17, 59)
91s DeviceModule:MoveRandom(): New position: (17, 62)
92s DeviceModule:MoveRandom(): New position: (17, 59)
93s DeviceModule:MoveRandom(): New position: (17, 56)
94s DeviceModule:MoveRandom(): New position: (14, 56)
95s DeviceModule:MoveRandom(): New position: (14, 53)
96s DeviceModule:MoveRandom(): New position: (11, 53)
97s DeviceModule:MoveRandom(): New position: (11, 56)
98s DeviceModule:MoveRandom(): New position: (11, 59)
99s DeviceModule:MoveRandom(): New position: (11, 62)
100s DeviceModule:MoveRandom(): New position: (11, 59)
101s DeviceModule:MoveRandom(): New position: (8, 59)
102s DeviceModule:MoveRandom(): New position: (5, 59)
103s DeviceModule:MoveRandom(): New position: (8, 59)
104s DeviceModule:MoveRandom(): New position: (8, 56)
105s DecisionModule:Run(): Run decision
105s DecisionModule:AnalyzingNetworks(): Current Network: 
       [Network #0, Technology = Wifi, Address = 02-06-00:00:00:00:00:02, { DataRate: 89, SignalStrength: 33, AntiFragility: 72}, IQ: 66]
105s DecisionModule:ShowAllNetworks(): All detected networks:
       [Network #0, Technology = Wifi, Address = 02-06-00:00:00:00:00:02, { DataRate: 89, SignalStrength: 33, AntiFragility: 72}, IQ: 66]
       [Network #1, Technology = Wimax, Address = 02-06-00:00:00:00:00:04, { DataRate: 56, SignalStrength: 2, AntiFragility: 95}, IQ: 62]
105s DeviceModule:MoveRandom(): New position: (8, 53)
106s DeviceModule:MoveRandom(): New position: (5, 53)
107s DeviceModule:MoveRandom(): New position: (2, 53)
108s DeviceModule:MoveRandom(): New position: (2, 53)
109s DeviceModule:MoveRandom(): New position: (5, 53)
110s DeviceModule:MoveRandom(): New position: (2, 53)
111s DeviceModule:MoveRandom(): New position: (5, 53)
112s DeviceModule:MoveRandom(): New position: (8, 53)
113s DeviceModule:MoveRandom(): New position: (5, 53)
114s DeviceModule:MoveRandom(): New position: (2, 53)
115s DeviceModule:MoveRandom(): New position: (2, 56)
116s DeviceModule:MoveRandom(): New position: (2, 53)
117s DeviceModule:MoveRandom(): New position: (2, 56)
118s DeviceModule:MoveRandom(): New position: (5, 56)
119s DeviceModule:MoveRandom(): New position: (5, 53)
120s DecisionModule:Run(): Run decision
120s DecisionModule:AnalyzingNetworks(): Current Network: 
       [Network #0, Technology = Wifi, Address = 02-06-00:00:00:00:00:02, { DataRate: 74, SignalStrength: 53, AntiFragility: 51}, IQ: 57]
120s DecisionModule:ShowAllNetworks(): All detected networks:
       [Network #0, Technology = Wifi, Address = 02-06-00:00:00:00:00:02, { DataRate: 74, SignalStrength: 53, AntiFragility: 51}, IQ: 57]
       [Network #1, Technology = Wimax, Address = 02-06-00:00:00:00:00:04, { DataRate: 18, SignalStrength: 32, AntiFragility: 9}, IQ: 17]
120s DeviceModule:MoveRandom(): New position: (2, 53)
121s DeviceModule:MoveRandom(): New position: (2, 50)
122s DeviceModule:MoveRandom(): New position: (2, 47)
123s DeviceModule:MoveRandom(): New position: (5, 47)
124s DeviceModule:MoveRandom(): New position: (2, 47)
125s DeviceModule:MoveRandom(): New position: (5, 47)
126s DeviceModule:MoveRandom(): New position: (2, 47)
127s DeviceModule:MoveRandom(): New position: (2, 50)
128s DeviceModule:MoveRandom(): New position: (2, 47)
129s DeviceModule:MoveRandom(): New position: (2, 47)
130s DeviceModule:MoveRandom(): New position: (2, 47)
131s DeviceModule:MoveRandom(): New position: (5, 47)
132s DeviceModule:MoveRandom(): New position: (5, 44)
133s DeviceModule:MoveRandom(): New position: (2, 44)
134s DeviceModule:MoveRandom(): New position: (2, 41)
135s DecisionModule:Run(): Run decision
135s DecisionModule:AnalyzingNetworks(): Current Network: 
       [Network #1, Technology = Wimax, Address = 02-06-00:00:00:00:00:04, { DataRate: 7, SignalStrength: 2, AntiFragility: 92}, IQ: 48]
135s DecisionModule:ShowAllNetworks(): All detected networks:
       [Network #1, Technology = Wimax, Address = 02-06-00:00:00:00:00:04, { DataRate: 7, SignalStrength: 2, AntiFragility: 92}, IQ: 48]
       [Network #0, Technology = Wifi, Address = 02-06-00:00:00:00:00:02, { DataRate: 11, SignalStrength: 62, AntiFragility: 30}, IQ: 33]
135s ExecutionModule:Run(): Decision time => Seconds: 0, Miliseconds: 130
135s ExecutionModule:Run(): Handover time => Seconds: 0, Miliseconds: 43
135s ExecutionModule:Run(): Event: Vertical Handover.
135s DeviceModule:MoveRandom(): New position: (5, 41)
136s DeviceModule:MoveRandom(): New position: (5, 44)
137s DeviceModule:MoveRandom(): New position: (2, 44)
138s DeviceModule:MoveRandom(): New position: (2, 41)
139s DeviceModule:MoveRandom(): New position: (5, 41)
140s DeviceModule:MoveRandom(): New position: (8, 41)
141s DeviceModule:MoveRandom(): New position: (5, 41)
142s DeviceModule:MoveRandom(): New position: (8, 41)
143s DeviceModule:MoveRandom(): New position: (11, 41)
144s DeviceModule:MoveRandom(): New position: (8, 41)
145s DeviceModule:MoveRandom(): New position: (11, 41)
146s DeviceModule:MoveRandom(): New position: (8, 41)
147s DeviceModule:MoveRandom(): New position: (8, 44)
148s DeviceModule:MoveRandom(): New position: (8, 47)
149s DeviceModule:MoveRandom(): New position: (8, 50)
150s DecisionModule:Run(): Run decision
150s DecisionModule:AnalyzingNetworks(): Current Network: 
       [Network #1, Technology = Wimax, Address = 02-06-00:00:00:00:00:04, { DataRate: 33, SignalStrength: 47, AntiFragility: 38}, IQ: 39]
150s DecisionModule:ShowAllNetworks(): All detected networks:
       [Network #1, Technology = Wimax, Address = 02-06-00:00:00:00:00:04, { DataRate: 33, SignalStrength: 47, AntiFragility: 38}, IQ: 39]
       [Network #0, Technology = Wifi, Address = 02-06-00:00:00:00:00:02, { DataRate: 33, SignalStrength: 22, AntiFragility: 47}, IQ: 37]
150s DeviceModule:MoveRandom(): New position: (8, 53)
151s DeviceModule:MoveRandom(): New position: (8, 50)
152s DeviceModule:MoveRandom(): New position: (11, 50)
153s DeviceModule:MoveRandom(): New position: (11, 47)
154s DeviceModule:MoveRandom(): New position: (14, 47)
155s DeviceModule:MoveRandom(): New position: (17, 47)
156s DeviceModule:MoveRandom(): New position: (14, 47)
157s DeviceModule:MoveRandom(): New position: (11, 47)
158s DeviceModule:MoveRandom(): New position: (11, 50)
159s DeviceModule:MoveRandom(): New position: (8, 50)
160s DeviceModule:MoveRandom(): New position: (11, 50)
161s DeviceModule:MoveRandom(): New position: (14, 50)
162s DeviceModule:MoveRandom(): New position: (14, 47)
163s DeviceModule:MoveRandom(): New position: (14, 44)
164s DeviceModule:MoveRandom(): New position: (11, 44)
165s DecisionModule:Run(): Run decision
165s DecisionModule:AnalyzingNetworks(): Current Network: 
       [Network #1, Technology = Wimax, Address = 02-06-00:00:00:00:00:04, { DataRate: 53, SignalStrength: 50, AntiFragility: 83}, IQ: 67]
165s DecisionModule:ShowAllNetworks(): All detected networks:
       [Network #1, Technology = Wimax, Address = 02-06-00:00:00:00:00:04, { DataRate: 53, SignalStrength: 50, AntiFragility: 83}, IQ: 67]
       [Network #0, Technology = Wifi, Address = 02-06-00:00:00:00:00:02, { DataRate: 69, SignalStrength: 79, AntiFragility: 6}, IQ: 40]
165s DeviceModule:MoveRandom(): New position: (8, 44)
166s DeviceModule:MoveRandom(): New position: (11, 44)
167s DeviceModule:MoveRandom(): New position: (11, 41)
168s DeviceModule:MoveRandom(): New position: (11, 38)
169s DeviceModule:MoveRandom(): New position: (11, 35)
170s DeviceModule:MoveRandom(): New position: (11, 38)
171s DeviceModule:MoveRandom(): New position: (14, 38)
172s DeviceModule:MoveRandom(): New position: (14, 35)
173s DeviceModule:MoveRandom(): New position: (17, 35)
174s DeviceModule:MoveRandom(): New position: (14, 35)
175s DeviceModule:MoveRandom(): New position: (14, 32)
176s DeviceModule:MoveRandom(): New position: (17, 32)
177s DeviceModule:MoveRandom(): New position: (14, 32)
178s DeviceModule:MoveRandom(): New position: (14, 29)
179s DeviceModule:MoveRandom(): New position: (14, 32)
180s DecisionModule:Run(): Run decision
180s DecisionModule:AnalyzingNetworks(): Current Network: 
       [Network #0, Technology = Wifi, Address = 02-06-00:00:00:00:00:02, { DataRate: 2, SignalStrength: 36, AntiFragility: 91}, IQ: 55]
180s DecisionModule:ShowAllNetworks(): All detected networks:
       [Network #0, Technology = Wifi, Address = 02-06-00:00:00:00:00:02, { DataRate: 2, SignalStrength: 36, AntiFragility: 91}, IQ: 55]
       [Network #1, Technology = Wimax, Address = 02-06-00:00:00:00:00:04, { DataRate: 9, SignalStrength: 56, AntiFragility: 9}, IQ: 20]
180s ExecutionModule:Run(): Decision time => Seconds: 0, Miliseconds: 133
180s ExecutionModule:Run(): Handover time => Seconds: 0, Miliseconds: 31
180s ExecutionModule:Run(): Event: Vertical Handover.
180s DeviceModule:MoveRandom(): New position: (14, 29)
181s DeviceModule:MoveRandom(): New position: (14, 26)
182s DeviceModule:MoveRandom(): New position: (14, 29)
183s DeviceModule:MoveRandom(): New position: (14, 26)
184s DeviceModule:MoveRandom(): New position: (14, 29)
185s DeviceModule:MoveRandom(): New position: (17, 29)
186s DeviceModule:MoveRandom(): New position: (20, 29)
187s DeviceModule:MoveRandom(): New position: (20, 32)
188s DeviceModule:MoveRandom(): New position: (20, 29)
189s DeviceModule:MoveRandom(): New position: (17, 29)
190s DeviceModule:MoveRandom(): New position: (17, 26)
191s DeviceModule:MoveRandom(): New position: (17, 29)
192s DeviceModule:MoveRandom(): New position: (14, 29)
193s DeviceModule:MoveRandom(): New position: (14, 26)
194s DeviceModule:MoveRandom(): New position: (14, 23)
195s DecisionModule:Run(): Run decision
195s DecisionModule:AnalyzingNetworks(): Current Network: 
       [Network #0, Technology = Wifi, Address = 02-06-00:00:00:00:00:02, { DataRate: 96, SignalStrength: 34, AntiFragility: 97}, IQ: 81]
195s DecisionModule:ShowAllNetworks(): All detected networks:
       [Network #0, Technology = Wifi, Address = 02-06-00:00:00:00:00:02, { DataRate: 96, SignalStrength: 34, AntiFragility: 97}, IQ: 81]
       [Network #1, Technology = Wimax, Address = 02-06-00:00:00:00:00:04, { DataRate: 77, SignalStrength: 48, AntiFragility: 85}, IQ: 73]
195s DeviceModule:MoveRandom(): New position: (14, 26)
196s DeviceModule:MoveRandom(): New position: (11, 26)
197s DeviceModule:MoveRandom(): New position: (14, 26)
198s DeviceModule:MoveRandom(): New position: (14, 29)
199s DeviceModule:MoveRandom(): New position: (17, 29)
