Waf: Entering directory `/home/renan/Documents/NR2/ns-allinone-3.20/ns-3.20/build'
Waf: Leaving directory `/home/renan/Documents/NR2/ns-allinone-3.20/ns-3.20/build'
'build' finished successfully (1.840s)
0s NetworkModule:SetPosition(): Network 0 set position => (85, 77)
0s NetworkModule:SetRange(): Network 0 set range => 100
0s NetworkModule:SetPosition(): Network 1 set position => (71, 32)
0s NetworkModule:SetRange(): Network 1 set range => 100
0s DeviceModule:ConfigureMobility(): Device [init x = 50, init y = 50, max = 100, velocity = 3]
1s DeviceModule:MoveRandom(): New position: (50, 53)
1s DecisionModule:AddNetworkToList(): Network detected
1s DecisionModule:AddNetworkToList(): Network detected
2s DeviceModule:MoveRandom(): New position: (50, 56)
3s DeviceModule:MoveRandom(): New position: (50, 59)
4s DeviceModule:MoveRandom(): New position: (53, 59)
5s DeviceModule:MoveRandom(): New position: (53, 56)
6s DeviceModule:MoveRandom(): New position: (53, 53)
7s DeviceModule:MoveRandom(): New position: (56, 53)
8s DeviceModule:MoveRandom(): New position: (53, 53)
9s DeviceModule:MoveRandom(): New position: (53, 50)
10s DeviceModule:MoveRandom(): New position: (56, 50)
11s DeviceModule:MoveRandom(): New position: (56, 53)
12s DeviceModule:MoveRandom(): New position: (56, 56)
13s DeviceModule:MoveRandom(): New position: (56, 53)
14s DeviceModule:MoveRandom(): New position: (56, 56)
15s DecisionModule:Run(): Run decision
15s DecisionModule:AnalyzingNetworks(): Current Network: 
       [Network #0, Technology = Wifi, Address = 02-06-00:00:00:00:00:02, { DataRate: 35, SignalStrength: 81, AntiFragility: 47}, IQ: 52]
15s DecisionModule:ShowAllNetworks(): All detected networks:
       [Network #0, Technology = Wifi, Address = 02-06-00:00:00:00:00:02, { DataRate: 35, SignalStrength: 81, AntiFragility: 47}, IQ: 52]
       [Network #1, Technology = Wimax, Address = 02-06-00:00:00:00:00:04, { DataRate: 17, SignalStrength: 21, AntiFragility: 60}, IQ: 39]
15s DeviceModule:MoveRandom(): New position: (56, 59)
16s DeviceModule:MoveRandom(): New position: (59, 59)
17s DeviceModule:MoveRandom(): New position: (62, 59)
18s DeviceModule:MoveRandom(): New position: (62, 56)
19s DeviceModule:MoveRandom(): New position: (59, 56)
20s DeviceModule:MoveRandom(): New position: (56, 56)
21s DeviceModule:MoveRandom(): New position: (59, 56)
22s DeviceModule:MoveRandom(): New position: (59, 53)
23s DeviceModule:MoveRandom(): New position: (59, 50)
24s DeviceModule:MoveRandom(): New position: (59, 47)
25s DeviceModule:MoveRandom(): New position: (56, 47)
26s DeviceModule:MoveRandom(): New position: (56, 44)
27s DeviceModule:MoveRandom(): New position: (56, 41)
28s DeviceModule:MoveRandom(): New position: (59, 41)
29s DeviceModule:MoveRandom(): New position: (59, 44)
30s DecisionModule:Run(): Run decision
30s DecisionModule:AnalyzingNetworks(): Current Network: 
       [Network #0, Technology = Wifi, Address = 02-06-00:00:00:00:00:02, { DataRate: 15, SignalStrength: 21, AntiFragility: 91}, IQ: 54]
30s DecisionModule:ShowAllNetworks(): All detected networks:
       [Network #0, Technology = Wifi, Address = 02-06-00:00:00:00:00:02, { DataRate: 15, SignalStrength: 21, AntiFragility: 91}, IQ: 54]
       [Network #1, Technology = Wimax, Address = 02-06-00:00:00:00:00:04, { DataRate: 3, SignalStrength: 37, AntiFragility: 76}, IQ: 48]
30s DeviceModule:MoveRandom(): New position: (56, 44)
31s DeviceModule:MoveRandom(): New position: (53, 44)
32s DeviceModule:MoveRandom(): New position: (53, 41)
33s DeviceModule:MoveRandom(): New position: (53, 44)
34s DeviceModule:MoveRandom(): New position: (50, 44)
35s DeviceModule:MoveRandom(): New position: (50, 41)
36s DeviceModule:MoveRandom(): New position: (50, 44)
37s DeviceModule:MoveRandom(): New position: (47, 44)
38s DeviceModule:MoveRandom(): New position: (50, 44)
39s DeviceModule:MoveRandom(): New position: (47, 44)
40s DeviceModule:MoveRandom(): New position: (47, 47)
41s DeviceModule:MoveRandom(): New position: (50, 47)
42s DeviceModule:MoveRandom(): New position: (50, 44)
43s DeviceModule:MoveRandom(): New position: (47, 44)
44s DeviceModule:MoveRandom(): New position: (50, 44)
45s DecisionModule:Run(): Run decision
45s DecisionModule:AnalyzingNetworks(): Current Network: 
       [Network #0, Technology = Wifi, Address = 02-06-00:00:00:00:00:02, { DataRate: 18, SignalStrength: 3, AntiFragility: 76}, IQ: 43]
45s DecisionModule:ShowAllNetworks(): All detected networks:
       [Network #0, Technology = Wifi, Address = 02-06-00:00:00:00:00:02, { DataRate: 18, SignalStrength: 3, AntiFragility: 76}, IQ: 43]
       [Network #1, Technology = Wimax, Address = 02-06-00:00:00:00:00:04, { DataRate: 76, SignalStrength: 44, AntiFragility: 14}, IQ: 37]
45s DeviceModule:MoveRandom(): New position: (53, 44)
46s DeviceModule:MoveRandom(): New position: (50, 44)
47s DeviceModule:MoveRandom(): New position: (50, 47)
48s DeviceModule:MoveRandom(): New position: (50, 44)
49s DeviceModule:MoveRandom(): New position: (50, 41)
50s DeviceModule:MoveRandom(): New position: (50, 38)
51s DeviceModule:MoveRandom(): New position: (53, 38)
52s DeviceModule:MoveRandom(): New position: (50, 38)
53s DeviceModule:MoveRandom(): New position: (50, 41)
54s DeviceModule:MoveRandom(): New position: (47, 41)
55s DeviceModule:MoveRandom(): New position: (50, 41)
56s DeviceModule:MoveRandom(): New position: (50, 44)
57s DeviceModule:MoveRandom(): New position: (50, 47)
58s DeviceModule:MoveRandom(): New position: (47, 47)
59s DeviceModule:MoveRandom(): New position: (50, 47)
60s DecisionModule:Run(): Run decision
60s DecisionModule:AnalyzingNetworks(): Current Network: 
       [Network #1, Technology = Wimax, Address = 02-06-00:00:00:00:00:04, { DataRate: 15, SignalStrength: 13, AntiFragility: 42}, IQ: 28]
60s DecisionModule:ShowAllNetworks(): All detected networks:
       [Network #1, Technology = Wimax, Address = 02-06-00:00:00:00:00:04, { DataRate: 15, SignalStrength: 13, AntiFragility: 42}, IQ: 28]
       [Network #0, Technology = Wifi, Address = 02-06-00:00:00:00:00:02, { DataRate: 22, SignalStrength: 8, AntiFragility: 38}, IQ: 26]
60s ExecutionModule:Run(): Decision time => Seconds: 0, Miliseconds: 143
60s ExecutionModule:Run(): Handover time => Seconds: 0, Miliseconds: 274
60s ExecutionModule:Run(): Event: Vertical Handover.
60s DeviceModule:MoveRandom(): New position: (47, 47)
61s DeviceModule:MoveRandom(): New position: (47, 50)
62s DeviceModule:MoveRandom(): New position: (50, 50)
63s DeviceModule:MoveRandom(): New position: (47, 50)
64s DeviceModule:MoveRandom(): New position: (47, 53)
65s DeviceModule:MoveRandom(): New position: (47, 56)
66s DeviceModule:MoveRandom(): New position: (47, 59)
67s DeviceModule:MoveRandom(): New position: (47, 56)
68s DeviceModule:MoveRandom(): New position: (50, 56)
69s DeviceModule:MoveRandom(): New position: (53, 56)
70s DeviceModule:MoveRandom(): New position: (53, 53)
71s DeviceModule:MoveRandom(): New position: (50, 53)
72s DeviceModule:MoveRandom(): New position: (50, 56)
73s DeviceModule:MoveRandom(): New position: (50, 59)
74s DeviceModule:MoveRandom(): New position: (50, 62)
75s DecisionModule:Run(): Run decision
75s DecisionModule:AnalyzingNetworks(): Current Network: 
       [Network #0, Technology = Wifi, Address = 02-06-00:00:00:00:00:02, { DataRate: 8, SignalStrength: 22, AntiFragility: 96}, IQ: 55]
75s DecisionModule:ShowAllNetworks(): All detected networks:
       [Network #0, Technology = Wifi, Address = 02-06-00:00:00:00:00:02, { DataRate: 8, SignalStrength: 22, AntiFragility: 96}, IQ: 55]
       [Network #1, Technology = Wimax, Address = 02-06-00:00:00:00:00:04, { DataRate: 64, SignalStrength: 53, AntiFragility: 42}, IQ: 50]
75s ExecutionModule:Run(): Decision time => Seconds: 0, Miliseconds: 143
75s ExecutionModule:Run(): Handover time => Seconds: 0, Miliseconds: 45
75s ExecutionModule:Run(): Event: Vertical Handover.
75s DeviceModule:MoveRandom(): New position: (50, 59)
76s DeviceModule:MoveRandom(): New position: (53, 59)
77s DeviceModule:MoveRandom(): New position: (56, 59)
78s DeviceModule:MoveRandom(): New position: (56, 56)
79s DeviceModule:MoveRandom(): New position: (56, 59)
80s DeviceModule:MoveRandom(): New position: (56, 56)
81s DeviceModule:MoveRandom(): New position: (59, 56)
82s DeviceModule:MoveRandom(): New position: (59, 59)
83s DeviceModule:MoveRandom(): New position: (56, 59)
84s DeviceModule:MoveRandom(): New position: (59, 59)
85s DeviceModule:MoveRandom(): New position: (62, 59)
86s DeviceModule:MoveRandom(): New position: (65, 59)
87s DeviceModule:MoveRandom(): New position: (68, 59)
88s DeviceModule:MoveRandom(): New position: (68, 56)
89s DeviceModule:MoveRandom(): New position: (71, 56)
90s DecisionModule:Run(): Run decision
90s DecisionModule:AnalyzingNetworks(): Current Network: 
       [Network #1, Technology = Wimax, Address = 02-06-00:00:00:00:00:04, { DataRate: 74, SignalStrength: 18, AntiFragility: 83}, IQ: 64]
90s DecisionModule:ShowAllNetworks(): All detected networks:
       [Network #1, Technology = Wimax, Address = 02-06-00:00:00:00:00:04, { DataRate: 74, SignalStrength: 18, AntiFragility: 83}, IQ: 64]
       [Network #0, Technology = Wifi, Address = 02-06-00:00:00:00:00:02, { DataRate: 23, SignalStrength: 61, AntiFragility: 57}, IQ: 49]
90s ExecutionModule:Run(): Decision time => Seconds: 0, Miliseconds: 157
90s ExecutionModule:Run(): Handover time => Seconds: 0, Miliseconds: 32
90s ExecutionModule:Run(): Event: Vertical Handover.
90s DeviceModule:MoveRandom(): New position: (74, 56)
91s DeviceModule:MoveRandom(): New position: (74, 53)
92s DeviceModule:MoveRandom(): New position: (74, 50)
93s DeviceModule:MoveRandom(): New position: (77, 50)
94s DeviceModule:MoveRandom(): New position: (77, 53)
95s DeviceModule:MoveRandom(): New position: (80, 53)
96s DeviceModule:MoveRandom(): New position: (80, 50)
97s DeviceModule:MoveRandom(): New position: (77, 50)
98s DeviceModule:MoveRandom(): New position: (77, 53)
99s DeviceModule:MoveRandom(): New position: (80, 53)
100s DeviceModule:MoveRandom(): New position: (80, 56)
101s DeviceModule:MoveRandom(): New position: (80, 53)
102s DeviceModule:MoveRandom(): New position: (80, 50)
103s DeviceModule:MoveRandom(): New position: (80, 53)
104s DeviceModule:MoveRandom(): New position: (77, 53)
105s DecisionModule:Run(): Run decision
105s DecisionModule:AnalyzingNetworks(): Current Network: 
       [Network #1, Technology = Wimax, Address = 02-06-00:00:00:00:00:04, { DataRate: 72, SignalStrength: 52, AntiFragility: 87}, IQ: 74]
105s DecisionModule:ShowAllNetworks(): All detected networks:
       [Network #1, Technology = Wimax, Address = 02-06-00:00:00:00:00:04, { DataRate: 72, SignalStrength: 52, AntiFragility: 87}, IQ: 74]
       [Network #0, Technology = Wifi, Address = 02-06-00:00:00:00:00:02, { DataRate: 66, SignalStrength: 9, AntiFragility: 51}, IQ: 44]
105s DeviceModule:MoveRandom(): New position: (80, 53)
106s DeviceModule:MoveRandom(): New position: (77, 53)
107s DeviceModule:MoveRandom(): New position: (80, 53)
108s DeviceModule:MoveRandom(): New position: (83, 53)
109s DeviceModule:MoveRandom(): New position: (83, 50)
110s DeviceModule:MoveRandom(): New position: (83, 53)
111s DeviceModule:MoveRandom(): New position: (80, 53)
112s DeviceModule:MoveRandom(): New position: (77, 53)
113s DeviceModule:MoveRandom(): New position: (77, 56)
114s DeviceModule:MoveRandom(): New position: (77, 53)
115s DeviceModule:MoveRandom(): New position: (74, 53)
116s DeviceModule:MoveRandom(): New position: (71, 53)
117s DeviceModule:MoveRandom(): New position: (71, 56)
118s DeviceModule:MoveRandom(): New position: (74, 56)
119s DeviceModule:MoveRandom(): New position: (74, 59)
120s DecisionModule:Run(): Run decision
120s DecisionModule:AnalyzingNetworks(): Current Network: 
       [Network #1, Technology = Wimax, Address = 02-06-00:00:00:00:00:04, { DataRate: 47, SignalStrength: 63, AntiFragility: 67}, IQ: 61]
120s DecisionModule:ShowAllNetworks(): All detected networks:
       [Network #1, Technology = Wimax, Address = 02-06-00:00:00:00:00:04, { DataRate: 47, SignalStrength: 63, AntiFragility: 67}, IQ: 61]
       [Network #0, Technology = Wifi, Address = 02-06-00:00:00:00:00:02, { DataRate: 17, SignalStrength: 14, AntiFragility: 23}, IQ: 19]
120s DeviceModule:MoveRandom(): New position: (74, 56)
121s DeviceModule:MoveRandom(): New position: (71, 56)
122s DeviceModule:MoveRandom(): New position: (74, 56)
123s DeviceModule:MoveRandom(): New position: (77, 56)
124s DeviceModule:MoveRandom(): New position: (80, 56)
125s DeviceModule:MoveRandom(): New position: (83, 56)
126s DeviceModule:MoveRandom(): New position: (86, 56)
127s DeviceModule:MoveRandom(): New position: (89, 56)
128s DeviceModule:MoveRandom(): New position: (89, 53)
129s DeviceModule:MoveRandom(): New position: (89, 56)
130s DeviceModule:MoveRandom(): New position: (89, 59)
131s DeviceModule:MoveRandom(): New position: (89, 56)
132s DeviceModule:MoveRandom(): New position: (89, 59)
133s DeviceModule:MoveRandom(): New position: (89, 62)
134s DeviceModule:MoveRandom(): New position: (92, 62)
135s DecisionModule:Run(): Run decision
135s DecisionModule:AnalyzingNetworks(): Current Network: 
       [Network #1, Technology = Wimax, Address = 02-06-00:00:00:00:00:04, { DataRate: 68, SignalStrength: 72, AntiFragility: 66}, IQ: 68]
135s DecisionModule:ShowAllNetworks(): All detected networks:
       [Network #1, Technology = Wimax, Address = 02-06-00:00:00:00:00:04, { DataRate: 68, SignalStrength: 72, AntiFragility: 66}, IQ: 68]
       [Network #0, Technology = Wifi, Address = 02-06-00:00:00:00:00:02, { DataRate: 69, SignalStrength: 80, AntiFragility: 10}, IQ: 42]
135s DeviceModule:MoveRandom(): New position: (89, 62)
136s DeviceModule:MoveRandom(): New position: (89, 65)
137s DeviceModule:MoveRandom(): New position: (86, 65)
138s DeviceModule:MoveRandom(): New position: (89, 65)
139s DeviceModule:MoveRandom(): New position: (89, 62)
140s DeviceModule:MoveRandom(): New position: (89, 65)
141s DeviceModule:MoveRandom(): New position: (86, 65)
142s DeviceModule:MoveRandom(): New position: (86, 62)
143s DeviceModule:MoveRandom(): New position: (86, 65)
144s DeviceModule:MoveRandom(): New position: (89, 65)
145s DeviceModule:MoveRandom(): New position: (92, 65)
146s DeviceModule:MoveRandom(): New position: (92, 68)
147s DeviceModule:MoveRandom(): New position: (92, 71)
148s DeviceModule:MoveRandom(): New position: (95, 71)
149s DeviceModule:MoveRandom(): New position: (95, 68)
150s DecisionModule:Run(): Run decision
150s DecisionModule:AnalyzingNetworks(): Current Network: 
       [Network #0, Technology = Wifi, Address = 02-06-00:00:00:00:00:02, { DataRate: 96, SignalStrength: 17, AntiFragility: 48}, IQ: 52]
150s DecisionModule:ShowAllNetworks(): All detected networks:
       [Network #0, Technology = Wifi, Address = 02-06-00:00:00:00:00:02, { DataRate: 96, SignalStrength: 17, AntiFragility: 48}, IQ: 52]
       [Network #1, Technology = Wimax, Address = 02-06-00:00:00:00:00:04, { DataRate: 48, SignalStrength: 82, AntiFragility: 3}, IQ: 34]
150s ExecutionModule:Run(): Decision time => Seconds: 0, Miliseconds: 135
150s ExecutionModule:Run(): Handover time => Seconds: 0, Miliseconds: 31
150s ExecutionModule:Run(): Event: Vertical Handover.
150s DeviceModule:MoveRandom(): New position: (98, 68)
151s DeviceModule:MoveRandom(): New position: (98, 65)
152s DeviceModule:MoveRandom(): New position: (95, 65)
153s DeviceModule:MoveRandom(): New position: (95, 62)
154s DeviceModule:MoveRandom(): New position: (95, 65)
155s DeviceModule:MoveRandom(): New position: (98, 65)
156s DeviceModule:MoveRandom(): New position: (98, 62)
157s DeviceModule:MoveRandom(): New position: (98, 62)
158s DeviceModule:MoveRandom(): New position: (95, 62)
159s DeviceModule:MoveRandom(): New position: (95, 65)
160s DeviceModule:MoveRandom(): New position: (95, 68)
161s DeviceModule:MoveRandom(): New position: (92, 68)
162s DeviceModule:MoveRandom(): New position: (92, 71)
163s DeviceModule:MoveRandom(): New position: (92, 74)
164s DeviceModule:MoveRandom(): New position: (92, 77)
165s DecisionModule:Run(): Run decision
165s DecisionModule:AnalyzingNetworks(): Current Network: 
       [Network #0, Technology = Wifi, Address = 02-06-00:00:00:00:00:02, { DataRate: 3, SignalStrength: 36, AntiFragility: 51}, IQ: 35]
165s DecisionModule:ShowAllNetworks(): All detected networks:
       [Network #0, Technology = Wifi, Address = 02-06-00:00:00:00:00:02, { DataRate: 3, SignalStrength: 36, AntiFragility: 51}, IQ: 35]
       [Network #1, Technology = Wimax, Address = 02-06-00:00:00:00:00:04, { DataRate: 7, SignalStrength: 28, AntiFragility: 19}, IQ: 18]
165s DeviceModule:MoveRandom(): New position: (89, 77)
166s DeviceModule:MoveRandom(): New position: (89, 74)
167s DeviceModule:MoveRandom(): New position: (89, 71)
168s DeviceModule:MoveRandom(): New position: (89, 68)
169s DeviceModule:MoveRandom(): New position: (86, 68)
170s DeviceModule:MoveRandom(): New position: (89, 68)
171s DeviceModule:MoveRandom(): New position: (86, 68)
172s DeviceModule:MoveRandom(): New position: (89, 68)
173s DeviceModule:MoveRandom(): New position: (89, 65)
174s DeviceModule:MoveRandom(): New position: (92, 65)
175s DeviceModule:MoveRandom(): New position: (89, 65)
176s DeviceModule:MoveRandom(): New position: (86, 65)
177s DeviceModule:MoveRandom(): New position: (86, 68)
178s DeviceModule:MoveRandom(): New position: (89, 68)
179s DeviceModule:MoveRandom(): New position: (92, 68)
180s DecisionModule:Run(): Run decision
180s DecisionModule:AnalyzingNetworks(): Current Network: 
       [Network #1, Technology = Wimax, Address = 02-06-00:00:00:00:00:04, { DataRate: 84, SignalStrength: 37, AntiFragility: 75}, IQ: 67]
180s DecisionModule:ShowAllNetworks(): All detected networks:
       [Network #1, Technology = Wimax, Address = 02-06-00:00:00:00:00:04, { DataRate: 84, SignalStrength: 37, AntiFragility: 75}, IQ: 67]
       [Network #0, Technology = Wifi, Address = 02-06-00:00:00:00:00:02, { DataRate: 45, SignalStrength: 65, AntiFragility: 66}, IQ: 60]
180s ExecutionModule:Run(): Decision time => Seconds: 0, Miliseconds: 144
180s ExecutionModule:Run(): Handover time => Seconds: 0, Miliseconds: 31
180s ExecutionModule:Run(): Event: Vertical Handover.
180s DeviceModule:MoveRandom(): New position: (89, 68)
181s DeviceModule:MoveRandom(): New position: (86, 68)
182s DeviceModule:MoveRandom(): New position: (86, 65)
183s DeviceModule:MoveRandom(): New position: (86, 62)
184s DeviceModule:MoveRandom(): New position: (86, 65)
185s DeviceModule:MoveRandom(): New position: (83, 65)
186s DeviceModule:MoveRandom(): New position: (80, 65)
187s DeviceModule:MoveRandom(): New position: (80, 68)
188s DeviceModule:MoveRandom(): New position: (83, 68)
189s DeviceModule:MoveRandom(): New position: (83, 65)
190s DeviceModule:MoveRandom(): New position: (80, 65)
191s DeviceModule:MoveRandom(): New position: (80, 62)
192s DeviceModule:MoveRandom(): New position: (80, 65)
193s DeviceModule:MoveRandom(): New position: (83, 65)
194s DeviceModule:MoveRandom(): New position: (80, 65)
195s DecisionModule:Run(): Run decision
195s DecisionModule:AnalyzingNetworks(): Current Network: 
       [Network #1, Technology = Wimax, Address = 02-06-00:00:00:00:00:04, { DataRate: 11, SignalStrength: 73, AntiFragility: 80}, IQ: 61]
195s DecisionModule:ShowAllNetworks(): All detected networks:
       [Network #1, Technology = Wimax, Address = 02-06-00:00:00:00:00:04, { DataRate: 11, SignalStrength: 73, AntiFragility: 80}, IQ: 61]
       [Network #0, Technology = Wifi, Address = 02-06-00:00:00:00:00:02, { DataRate: 31, SignalStrength: 53, AntiFragility: 6}, IQ: 24]
195s DeviceModule:MoveRandom(): New position: (77, 65)
196s DeviceModule:MoveRandom(): New position: (74, 65)
197s DeviceModule:MoveRandom(): New position: (74, 62)
198s DeviceModule:MoveRandom(): New position: (71, 62)
199s DeviceModule:MoveRandom(): New position: (71, 65)
