Waf: Entering directory `/home/renan/Documents/NR2/ns-allinone-3.20/ns-3.20/build'
Waf: Leaving directory `/home/renan/Documents/NR2/ns-allinone-3.20/ns-3.20/build'
'build' finished successfully (1.936s)
0s NetworkModule:SetPosition(): Network 0 set position => (133, 57)
0s NetworkModule:SetRange(): Network 0 set range => 100
0s NetworkModule:SetPosition(): Network 1 set position => (109, 85)
0s NetworkModule:SetRange(): Network 1 set range => 100
0s NetworkModule:SetPosition(): Network 2 set position => (138, 101)
0s NetworkModule:SetRange(): Network 2 set range => 100
0s NetworkModule:SetPosition(): Network 3 set position => (85, 58)
0s NetworkModule:SetRange(): Network 3 set range => 100
0s NetworkModule:SetPosition(): Network 4 set position => (47, 5)
0s NetworkModule:SetRange(): Network 4 set range => 100
0s NetworkModule:SetPosition(): Network 5 set position => (134, 143)
0s NetworkModule:SetRange(): Network 5 set range => 100
0s NetworkModule:SetPosition(): Network 6 set position => (31, 40)
0s NetworkModule:SetRange(): Network 6 set range => 100
0s NetworkModule:SetPosition(): Network 7 set position => (104, 80)
0s NetworkModule:SetRange(): Network 7 set range => 100
0s NetworkModule:SetPosition(): Network 8 set position => (59, 114)
0s NetworkModule:SetRange(): Network 8 set range => 100
0s NetworkModule:SetPosition(): Network 9 set position => (94, 145)
0s NetworkModule:SetRange(): Network 9 set range => 100
0s DeviceModule:ConfigureMobility(): Device [init x = 75, init y = 75, max = 150, velocity = 1]
1s DeviceModule:MoveRandom(): New position: (74, 75)
1s DecisionModule:AddNetworkToList(): Network detected
1s DecisionModule:AddNetworkToList(): Network detected
1s DecisionModule:AddNetworkToList(): Network detected
1s DecisionModule:AddNetworkToList(): Network detected
1s DecisionModule:AddNetworkToList(): Network detected
1s DecisionModule:AddNetworkToList(): Network detected
1s DecisionModule:AddNetworkToList(): Network detected
1s DecisionModule:AddNetworkToList(): Network detected
1s DecisionModule:AddNetworkToList(): Network detected
1s DecisionModule:AddNetworkToList(): Network detected
2s DeviceModule:MoveRandom(): New position: (74, 74)
3s DeviceModule:MoveRandom(): New position: (73, 74)
4s DeviceModule:MoveRandom(): New position: (73, 73)
5s DeviceModule:MoveRandom(): New position: (74, 73)
6s DeviceModule:MoveRandom(): New position: (75, 73)
7s DeviceModule:MoveRandom(): New position: (75, 72)
8s DeviceModule:MoveRandom(): New position: (75, 71)
9s DeviceModule:MoveRandom(): New position: (76, 71)
10s DeviceModule:MoveRandom(): New position: (75, 71)
11s DeviceModule:MoveRandom(): New position: (75, 70)
12s DeviceModule:MoveRandom(): New position: (75, 69)
13s DeviceModule:MoveRandom(): New position: (74, 69)
14s DeviceModule:MoveRandom(): New position: (74, 68)
15s DeviceModule:MoveRandom(): New position: (73, 68)
16s DeviceModule:MoveRandom(): New position: (73, 67)
17s DeviceModule:MoveRandom(): New position: (73, 68)
18s DeviceModule:MoveRandom(): New position: (72, 68)
19s DeviceModule:MoveRandom(): New position: (72, 67)
20s DecisionModule:Run(): Run decision
20s DecisionModule:AnalyzingNetworks(): Current Network: 
       [Network #6, Technology = Wifi, Address = 02-06-00:00:00:00:00:08, { DataRate: 98, SignalStrength: 75, AntiFragility: 97}, IQ: 91]
20s DecisionModule:ShowAllNetworks(): All detected networks:
       [Network #6, Technology = Wifi, Address = 02-06-00:00:00:00:00:08, { DataRate: 98, SignalStrength: 75, AntiFragility: 97}, IQ: 91]
       [Network #2, Technology = Wifi, Address = 02-06-00:00:00:00:00:04, { DataRate: 65, SignalStrength: 66, AntiFragility: 94}, IQ: 79]
       [Network #7, Technology = Wifi, Address = 02-06-00:00:00:00:00:09, { DataRate: 42, SignalStrength: 84, AntiFragility: 91}, IQ: 77]
       [Network #5, Technology = Wifi, Address = 02-06-00:00:00:00:00:07, { DataRate: 1, SignalStrength: 75, AntiFragility: 94}, IQ: 66]
       [Network #4, Technology = Wifi, Address = 02-06-00:00:00:00:00:06, { DataRate: 40, SignalStrength: 68, AntiFragility: 58}, IQ: 56]
       [Network #3, Technology = Wifi, Address = 02-06-00:00:00:00:00:05, { DataRate: 86, SignalStrength: 38, AntiFragility: 47}, IQ: 54]
       [Network #9, Technology = Wimax, Address = 02-06-00:00:00:00:00:0c, { DataRate: 20, SignalStrength: 60, AntiFragility: 49}, IQ: 44]
       [Network #0, Technology = Wifi, Address = 02-06-00:00:00:00:00:02, { DataRate: 53, SignalStrength: 67, AntiFragility: 12}, IQ: 36]
       [Network #8, Technology = Wimax, Address = 02-06-00:00:00:00:00:0b, { DataRate: 10, SignalStrength: 61, AntiFragility: 8}, IQ: 21]
       [Network #1, Technology = Wifi, Address = 02-06-00:00:00:00:00:03, { DataRate: 7, SignalStrength: 34, AntiFragility: 23}, IQ: 21]
20s DeviceModule:MoveRandom(): New position: (72, 68)
21s DeviceModule:MoveRandom(): New position: (72, 69)
22s DeviceModule:MoveRandom(): New position: (73, 69)
23s DeviceModule:MoveRandom(): New position: (72, 69)
24s DeviceModule:MoveRandom(): New position: (72, 68)
25s DeviceModule:MoveRandom(): New position: (72, 67)
26s DeviceModule:MoveRandom(): New position: (72, 68)
27s DeviceModule:MoveRandom(): New position: (71, 68)
28s DeviceModule:MoveRandom(): New position: (71, 69)
29s DeviceModule:MoveRandom(): New position: (71, 70)
30s DeviceModule:MoveRandom(): New position: (71, 71)
31s DeviceModule:MoveRandom(): New position: (71, 70)
32s DeviceModule:MoveRandom(): New position: (70, 70)
33s DeviceModule:MoveRandom(): New position: (70, 71)
34s DeviceModule:MoveRandom(): New position: (69, 71)
35s DeviceModule:MoveRandom(): New position: (69, 70)
36s DeviceModule:MoveRandom(): New position: (69, 69)
37s DeviceModule:MoveRandom(): New position: (68, 69)
38s DeviceModule:MoveRandom(): New position: (69, 69)
39s DeviceModule:MoveRandom(): New position: (69, 68)
40s DecisionModule:Run(): Run decision
40s DecisionModule:AnalyzingNetworks(): Current Network: 
       [Network #1, Technology = Wifi, Address = 02-06-00:00:00:00:00:03, { DataRate: 64, SignalStrength: 87, AntiFragility: 59}, IQ: 67]
40s DecisionModule:ShowAllNetworks(): All detected networks:
       [Network #1, Technology = Wifi, Address = 02-06-00:00:00:00:00:03, { DataRate: 64, SignalStrength: 87, AntiFragility: 59}, IQ: 67]
       [Network #7, Technology = Wifi, Address = 02-06-00:00:00:00:00:09, { DataRate: 92, SignalStrength: 2, AntiFragility: 78}, IQ: 62]
       [Network #8, Technology = Wimax, Address = 02-06-00:00:00:00:00:0b, { DataRate: 92, SignalStrength: 4, AntiFragility: 73}, IQ: 60]
       [Network #6, Technology = Wifi, Address = 02-06-00:00:00:00:00:08, { DataRate: 63, SignalStrength: 94, AntiFragility: 34}, IQ: 56]
       [Network #3, Technology = Wifi, Address = 02-06-00:00:00:00:00:05, { DataRate: 24, SignalStrength: 51, AntiFragility: 70}, IQ: 53]
       [Network #4, Technology = Wifi, Address = 02-06-00:00:00:00:00:06, { DataRate: 82, SignalStrength: 73, AntiFragility: 23}, IQ: 50]
       [Network #9, Technology = Wimax, Address = 02-06-00:00:00:00:00:0c, { DataRate: 95, SignalStrength: 29, AntiFragility: 15}, IQ: 38]
       [Network #2, Technology = Wifi, Address = 02-06-00:00:00:00:00:04, { DataRate: 10, SignalStrength: 10, AntiFragility: 64}, IQ: 37]
       [Network #5, Technology = Wifi, Address = 02-06-00:00:00:00:00:07, { DataRate: 62, SignalStrength: 29, AntiFragility: 12}, IQ: 28]
       [Network #0, Technology = Wifi, Address = 02-06-00:00:00:00:00:02, { DataRate: 45, SignalStrength: 57, AntiFragility: 1}, IQ: 26]
40s ExecutionModule:Run(): Decision time => Seconds: 0, Miliseconds: 212
40s ExecutionModule:Run(): Handover time => Seconds: 0, Miliseconds: 178
40s ExecutionModule:Run(): Event: Horizontal Handover.
40s DeviceModule:MoveRandom(): New position: (68, 68)
41s DeviceModule:MoveRandom(): New position: (67, 68)
42s DeviceModule:MoveRandom(): New position: (68, 68)
43s DeviceModule:MoveRandom(): New position: (67, 68)
44s DeviceModule:MoveRandom(): New position: (67, 67)
44s DecisionModule:RemoveNetworkFromList(): Network: 5 out of range!
45s DeviceModule:MoveRandom(): New position: (68, 67)
45s DecisionModule:AddNetworkToList(): Network detected
46s DeviceModule:MoveRandom(): New position: (67, 67)
46s DecisionModule:RemoveNetworkFromList(): Network: 5 out of range!
47s DeviceModule:MoveRandom(): New position: (67, 68)
47s DecisionModule:AddNetworkToList(): Network detected
48s DeviceModule:MoveRandom(): New position: (67, 69)
49s DeviceModule:MoveRandom(): New position: (67, 70)
50s DeviceModule:MoveRandom(): New position: (66, 70)
51s DeviceModule:MoveRandom(): New position: (66, 69)
52s DeviceModule:MoveRandom(): New position: (66, 70)
53s DeviceModule:MoveRandom(): New position: (65, 70)
54s DeviceModule:MoveRandom(): New position: (65, 69)
54s DecisionModule:RemoveNetworkFromList(): Network: 5 out of range!
55s DeviceModule:MoveRandom(): New position: (65, 70)
55s DecisionModule:AddNetworkToList(): Network detected
56s DeviceModule:MoveRandom(): New position: (65, 69)
56s DecisionModule:RemoveNetworkFromList(): Network: 5 out of range!
57s DeviceModule:MoveRandom(): New position: (64, 69)
58s DeviceModule:MoveRandom(): New position: (65, 69)
59s DeviceModule:MoveRandom(): New position: (64, 69)
60s DecisionModule:Run(): Run decision
60s DecisionModule:AnalyzingNetworks(): Current Network: 
       [Network #3, Technology = Wifi, Address = 02-06-00:00:00:00:00:05, { DataRate: 78, SignalStrength: 74, AntiFragility: 78}, IQ: 77]
60s DecisionModule:ShowAllNetworks(): All detected networks:
       [Network #3, Technology = Wifi, Address = 02-06-00:00:00:00:00:05, { DataRate: 78, SignalStrength: 74, AntiFragility: 78}, IQ: 77]
       [Network #1, Technology = Wifi, Address = 02-06-00:00:00:00:00:03, { DataRate: 55, SignalStrength: 48, AntiFragility: 99}, IQ: 75]
       [Network #4, Technology = Wifi, Address = 02-06-00:00:00:00:00:06, { DataRate: 94, SignalStrength: 25, AntiFragility: 86}, IQ: 72]
       [Network #7, Technology = Wifi, Address = 02-06-00:00:00:00:00:09, { DataRate: 74, SignalStrength: 26, AntiFragility: 90}, IQ: 70]
       [Network #8, Technology = Wimax, Address = 02-06-00:00:00:00:00:0b, { DataRate: 95, SignalStrength: 66, AntiFragility: 60}, IQ: 70]
       [Network #6, Technology = Wifi, Address = 02-06-00:00:00:00:00:08, { DataRate: 87, SignalStrength: 34, AntiFragility: 68}, IQ: 64]
       [Network #0, Technology = Wifi, Address = 02-06-00:00:00:00:00:02, { DataRate: 51, SignalStrength: 47, AntiFragility: 78}, IQ: 63]
       [Network #2, Technology = Wifi, Address = 02-06-00:00:00:00:00:04, { DataRate: 23, SignalStrength: 89, AntiFragility: 44}, IQ: 50]
       [Network #9, Technology = Wimax, Address = 02-06-00:00:00:00:00:0c, { DataRate: 82, SignalStrength: 16, AntiFragility: 8}, IQ: 28]
60s ExecutionModule:Run(): Decision time => Seconds: 0, Miliseconds: 202
60s ExecutionModule:Run(): Handover time => Seconds: 0, Miliseconds: 340
60s ExecutionModule:Run(): Event: Horizontal Handover.
60s DeviceModule:MoveRandom(): New position: (64, 68)
61s DeviceModule:MoveRandom(): New position: (64, 67)
62s DeviceModule:MoveRandom(): New position: (63, 67)
63s DeviceModule:MoveRandom(): New position: (64, 67)
64s DeviceModule:MoveRandom(): New position: (64, 68)
65s DeviceModule:MoveRandom(): New position: (64, 69)
66s DeviceModule:MoveRandom(): New position: (65, 69)
67s DeviceModule:MoveRandom(): New position: (65, 70)
67s DecisionModule:AddNetworkToList(): Network detected
68s DeviceModule:MoveRandom(): New position: (64, 70)
68s DecisionModule:RemoveNetworkFromList(): Network: 5 out of range!
69s DeviceModule:MoveRandom(): New position: (64, 69)
70s DeviceModule:MoveRandom(): New position: (65, 69)
71s DeviceModule:MoveRandom(): New position: (65, 68)
72s DeviceModule:MoveRandom(): New position: (65, 67)
73s DeviceModule:MoveRandom(): New position: (65, 68)
74s DeviceModule:MoveRandom(): New position: (65, 67)
75s DeviceModule:MoveRandom(): New position: (64, 67)
76s DeviceModule:MoveRandom(): New position: (64, 68)
77s DeviceModule:MoveRandom(): New position: (63, 68)
78s DeviceModule:MoveRandom(): New position: (63, 67)
79s DeviceModule:MoveRandom(): New position: (64, 67)
80s DecisionModule:Run(): Run decision
80s DecisionModule:AnalyzingNetworks(): Current Network: 
       [Network #9, Technology = Wimax, Address = 02-06-00:00:00:00:00:0c, { DataRate: 78, SignalStrength: 74, AntiFragility: 83}, IQ: 79]
80s DecisionModule:ShowAllNetworks(): All detected networks:
       [Network #9, Technology = Wimax, Address = 02-06-00:00:00:00:00:0c, { DataRate: 78, SignalStrength: 74, AntiFragility: 83}, IQ: 79]
       [Network #2, Technology = Wifi, Address = 02-06-00:00:00:00:00:04, { DataRate: 91, SignalStrength: 59, AntiFragility: 65}, IQ: 70]
       [Network #1, Technology = Wifi, Address = 02-06-00:00:00:00:00:03, { DataRate: 17, SignalStrength: 84, AntiFragility: 69}, IQ: 59]
       [Network #6, Technology = Wifi, Address = 02-06-00:00:00:00:00:08, { DataRate: 7, SignalStrength: 37, AntiFragility: 92}, IQ: 57]
       [Network #0, Technology = Wifi, Address = 02-06-00:00:00:00:00:02, { DataRate: 16, SignalStrength: 27, AntiFragility: 90}, IQ: 55]
       [Network #3, Technology = Wifi, Address = 02-06-00:00:00:00:00:05, { DataRate: 76, SignalStrength: 46, AntiFragility: 22}, IQ: 41]
       [Network #4, Technology = Wifi, Address = 02-06-00:00:00:00:00:06, { DataRate: 29, SignalStrength: 75, AntiFragility: 26}, IQ: 39]
       [Network #7, Technology = Wifi, Address = 02-06-00:00:00:00:00:09, { DataRate: 16, SignalStrength: 8, AntiFragility: 59}, IQ: 35]
       [Network #8, Technology = Wimax, Address = 02-06-00:00:00:00:00:0b, { DataRate: 44, SignalStrength: 43, AntiFragility: 16}, IQ: 29]
80s ExecutionModule:Run(): Decision time => Seconds: 0, Miliseconds: 221
80s ExecutionModule:Run(): Handover time => Seconds: 0, Miliseconds: 44
80s ExecutionModule:Run(): Event: Vertical Handover.
80s DeviceModule:MoveRandom(): New position: (63, 67)
81s DeviceModule:MoveRandom(): New position: (62, 67)
82s DeviceModule:MoveRandom(): New position: (62, 68)
83s DeviceModule:MoveRandom(): New position: (62, 67)
84s DeviceModule:MoveRandom(): New position: (62, 66)
85s DeviceModule:MoveRandom(): New position: (62, 67)
86s DeviceModule:MoveRandom(): New position: (61, 67)
87s DeviceModule:MoveRandom(): New position: (61, 66)
88s DeviceModule:MoveRandom(): New position: (62, 66)
89s DeviceModule:MoveRandom(): New position: (63, 66)
90s DeviceModule:MoveRandom(): New position: (62, 66)
91s DeviceModule:MoveRandom(): New position: (62, 67)
92s DeviceModule:MoveRandom(): New position: (63, 67)
93s DeviceModule:MoveRandom(): New position: (62, 67)
94s DeviceModule:MoveRandom(): New position: (62, 68)
95s DeviceModule:MoveRandom(): New position: (62, 67)
96s DeviceModule:MoveRandom(): New position: (62, 66)
97s DeviceModule:MoveRandom(): New position: (63, 66)
98s DeviceModule:MoveRandom(): New position: (62, 66)
99s DeviceModule:MoveRandom(): New position: (61, 66)
100s DecisionModule:Run(): Run decision
100s DecisionModule:AnalyzingNetworks(): Current Network: 
       [Network #3, Technology = Wifi, Address = 02-06-00:00:00:00:00:05, { DataRate: 74, SignalStrength: 74, AntiFragility: 84}, IQ: 79]
100s DecisionModule:ShowAllNetworks(): All detected networks:
       [Network #3, Technology = Wifi, Address = 02-06-00:00:00:00:00:05, { DataRate: 74, SignalStrength: 74, AntiFragility: 84}, IQ: 79]
       [Network #7, Technology = Wifi, Address = 02-06-00:00:00:00:00:09, { DataRate: 89, SignalStrength: 92, AntiFragility: 44}, IQ: 67]
       [Network #6, Technology = Wifi, Address = 02-06-00:00:00:00:00:08, { DataRate: 45, SignalStrength: 59, AntiFragility: 66}, IQ: 59]
       [Network #4, Technology = Wifi, Address = 02-06-00:00:00:00:00:06, { DataRate: 86, SignalStrength: 89, AntiFragility: 30}, IQ: 58]
       [Network #0, Technology = Wifi, Address = 02-06-00:00:00:00:00:02, { DataRate: 13, SignalStrength: 52, AntiFragility: 68}, IQ: 50]
       [Network #1, Technology = Wifi, Address = 02-06-00:00:00:00:00:03, { DataRate: 57, SignalStrength: 30, AntiFragility: 56}, IQ: 49]
       [Network #9, Technology = Wimax, Address = 02-06-00:00:00:00:00:0c, { DataRate: 13, SignalStrength: 42, AntiFragility: 64}, IQ: 45]
       [Network #8, Technology = Wimax, Address = 02-06-00:00:00:00:00:0b, { DataRate: 43, SignalStrength: 31, AntiFragility: 50}, IQ: 43]
       [Network #2, Technology = Wifi, Address = 02-06-00:00:00:00:00:04, { DataRate: 72, SignalStrength: 36, AntiFragility: 28}, IQ: 41]
100s ExecutionModule:Run(): Decision time => Seconds: 0, Miliseconds: 219
100s ExecutionModule:Run(): Handover time => Seconds: 0, Miliseconds: 32
100s ExecutionModule:Run(): Event: Vertical Handover.
100s DeviceModule:MoveRandom(): New position: (60, 66)
101s DeviceModule:MoveRandom(): New position: (61, 66)
102s DeviceModule:MoveRandom(): New position: (61, 67)
103s DeviceModule:MoveRandom(): New position: (61, 68)
104s DeviceModule:MoveRandom(): New position: (60, 68)
105s DeviceModule:MoveRandom(): New position: (60, 67)
106s DeviceModule:MoveRandom(): New position: (61, 67)
107s DeviceModule:MoveRandom(): New position: (61, 68)
108s DeviceModule:MoveRandom(): New position: (62, 68)
109s DeviceModule:MoveRandom(): New position: (62, 67)
110s DeviceModule:MoveRandom(): New position: (62, 66)
111s DeviceModule:MoveRandom(): New position: (61, 66)
112s DeviceModule:MoveRandom(): New position: (61, 65)
113s DeviceModule:MoveRandom(): New position: (61, 66)
114s DeviceModule:MoveRandom(): New position: (61, 65)
115s DeviceModule:MoveRandom(): New position: (62, 65)
116s DeviceModule:MoveRandom(): New position: (61, 65)
117s DeviceModule:MoveRandom(): New position: (61, 64)
118s DeviceModule:MoveRandom(): New position: (62, 64)
119s DeviceModule:MoveRandom(): New position: (61, 64)
120s DecisionModule:Run(): Run decision
120s DecisionModule:AnalyzingNetworks(): Current Network: 
       [Network #1, Technology = Wifi, Address = 02-06-00:00:00:00:00:03, { DataRate: 93, SignalStrength: 88, AntiFragility: 88}, IQ: 89]
120s DecisionModule:ShowAllNetworks(): All detected networks:
       [Network #1, Technology = Wifi, Address = 02-06-00:00:00:00:00:03, { DataRate: 93, SignalStrength: 88, AntiFragility: 88}, IQ: 89]
       [Network #3, Technology = Wifi, Address = 02-06-00:00:00:00:00:05, { DataRate: 98, SignalStrength: 57, AntiFragility: 90}, IQ: 83]
       [Network #6, Technology = Wifi, Address = 02-06-00:00:00:00:00:08, { DataRate: 66, SignalStrength: 23, AntiFragility: 94}, IQ: 69]
       [Network #2, Technology = Wifi, Address = 02-06-00:00:00:00:00:04, { DataRate: 65, SignalStrength: 17, AntiFragility: 79}, IQ: 60]
       [Network #9, Technology = Wimax, Address = 02-06-00:00:00:00:00:0c, { DataRate: 34, SignalStrength: 7, AntiFragility: 91}, IQ: 55]
       [Network #7, Technology = Wifi, Address = 02-06-00:00:00:00:00:09, { DataRate: 31, SignalStrength: 73, AntiFragility: 30}, IQ: 41]
       [Network #4, Technology = Wifi, Address = 02-06-00:00:00:00:00:06, { DataRate: 49, SignalStrength: 32, AntiFragility: 41}, IQ: 40]
       [Network #0, Technology = Wifi, Address = 02-06-00:00:00:00:00:02, { DataRate: 62, SignalStrength: 56, AntiFragility: 4}, IQ: 31]
       [Network #8, Technology = Wimax, Address = 02-06-00:00:00:00:00:0b, { DataRate: 30, SignalStrength: 43, AntiFragility: 14}, IQ: 25]
120s ExecutionModule:Run(): Decision time => Seconds: 0, Miliseconds: 208
120s ExecutionModule:Run(): Handover time => Seconds: 0, Miliseconds: 120
120s ExecutionModule:Run(): Event: Horizontal Handover.
120s DeviceModule:MoveRandom(): New position: (62, 64)
121s DeviceModule:MoveRandom(): New position: (63, 64)
122s DeviceModule:MoveRandom(): New position: (64, 64)
123s DeviceModule:MoveRandom(): New position: (64, 63)
124s DeviceModule:MoveRandom(): New position: (65, 63)
125s DeviceModule:MoveRandom(): New position: (64, 63)
126s DeviceModule:MoveRandom(): New position: (65, 63)
127s DeviceModule:MoveRandom(): New position: (66, 63)
128s DeviceModule:MoveRandom(): New position: (67, 63)
129s DeviceModule:MoveRandom(): New position: (67, 64)
130s DeviceModule:MoveRandom(): New position: (68, 64)
131s DeviceModule:MoveRandom(): New position: (68, 63)
132s DeviceModule:MoveRandom(): New position: (69, 63)
133s DeviceModule:MoveRandom(): New position: (68, 63)
134s DeviceModule:MoveRandom(): New position: (69, 63)
135s DeviceModule:MoveRandom(): New position: (69, 62)
136s DeviceModule:MoveRandom(): New position: (69, 63)
137s DeviceModule:MoveRandom(): New position: (69, 62)
138s DeviceModule:MoveRandom(): New position: (70, 62)
139s DeviceModule:MoveRandom(): New position: (69, 62)
140s DecisionModule:Run(): Run decision
140s DecisionModule:AnalyzingNetworks(): Current Network: 
       [Network #0, Technology = Wifi, Address = 02-06-00:00:00:00:00:02, { DataRate: 87, SignalStrength: 97, AntiFragility: 84}, IQ: 88]
140s DecisionModule:ShowAllNetworks(): All detected networks:
       [Network #0, Technology = Wifi, Address = 02-06-00:00:00:00:00:02, { DataRate: 87, SignalStrength: 97, AntiFragility: 84}, IQ: 88]
       [Network #3, Technology = Wifi, Address = 02-06-00:00:00:00:00:05, { DataRate: 96, SignalStrength: 32, AntiFragility: 78}, IQ: 71]
       [Network #1, Technology = Wifi, Address = 02-06-00:00:00:00:00:03, { DataRate: 22, SignalStrength: 43, AntiFragility: 89}, IQ: 60]
       [Network #8, Technology = Wimax, Address = 02-06-00:00:00:00:00:0b, { DataRate: 82, SignalStrength: 54, AntiFragility: 53}, IQ: 60]
       [Network #4, Technology = Wifi, Address = 02-06-00:00:00:00:00:06, { DataRate: 90, SignalStrength: 67, AntiFragility: 5}, IQ: 41]
       [Network #9, Technology = Wimax, Address = 02-06-00:00:00:00:00:0c, { DataRate: 13, SignalStrength: 39, AntiFragility: 53}, IQ: 39]
       [Network #6, Technology = Wifi, Address = 02-06-00:00:00:00:00:08, { DataRate: 78, SignalStrength: 12, AntiFragility: 33}, IQ: 39]
       [Network #7, Technology = Wifi, Address = 02-06-00:00:00:00:00:09, { DataRate: 37, SignalStrength: 77, AntiFragility: 18}, IQ: 37]
       [Network #2, Technology = Wifi, Address = 02-06-00:00:00:00:00:04, { DataRate: 15, SignalStrength: 78, AntiFragility: 9}, IQ: 27]
140s ExecutionModule:Run(): Decision time => Seconds: 0, Miliseconds: 205
140s ExecutionModule:Run(): Handover time => Seconds: 0, Miliseconds: 121
140s ExecutionModule:Run(): Event: Horizontal Handover.
140s DeviceModule:MoveRandom(): New position: (69, 63)
141s DeviceModule:MoveRandom(): New position: (68, 63)
142s DeviceModule:MoveRandom(): New position: (69, 63)
143s DeviceModule:MoveRandom(): New position: (69, 64)
144s DeviceModule:MoveRandom(): New position: (69, 63)
145s DeviceModule:MoveRandom(): New position: (68, 63)
146s DeviceModule:MoveRandom(): New position: (69, 63)
147s DeviceModule:MoveRandom(): New position: (69, 64)
148s DeviceModule:MoveRandom(): New position: (69, 65)
149s DeviceModule:MoveRandom(): New position: (69, 66)
149s DecisionModule:AddNetworkToList(): Network detected
150s DeviceModule:MoveRandom(): New position: (70, 66)
151s DeviceModule:MoveRandom(): New position: (69, 66)
152s DeviceModule:MoveRandom(): New position: (68, 66)
152s DecisionModule:RemoveNetworkFromList(): Network: 5 out of range!
153s DeviceModule:MoveRandom(): New position: (68, 67)
153s DecisionModule:AddNetworkToList(): Network detected
154s DeviceModule:MoveRandom(): New position: (68, 68)
155s DeviceModule:MoveRandom(): New position: (67, 68)
156s DeviceModule:MoveRandom(): New position: (67, 69)
157s DeviceModule:MoveRandom(): New position: (67, 70)
158s DeviceModule:MoveRandom(): New position: (66, 70)
159s DeviceModule:MoveRandom(): New position: (66, 69)
160s DecisionModule:Run(): Run decision
160s DecisionModule:AnalyzingNetworks(): Current Network: 
       [Network #7, Technology = Wifi, Address = 02-06-00:00:00:00:00:09, { DataRate: 52, SignalStrength: 35, AntiFragility: 98}, IQ: 70]
160s DecisionModule:ShowAllNetworks(): All detected networks:
       [Network #7, Technology = Wifi, Address = 02-06-00:00:00:00:00:09, { DataRate: 52, SignalStrength: 35, AntiFragility: 98}, IQ: 70]
       [Network #6, Technology = Wifi, Address = 02-06-00:00:00:00:00:08, { DataRate: 98, SignalStrength: 12, AntiFragility: 82}, IQ: 68]
       [Network #5, Technology = Wifi, Address = 02-06-00:00:00:00:00:07, { DataRate: 74, SignalStrength: 30, AntiFragility: 56}, IQ: 54]
       [Network #0, Technology = Wifi, Address = 02-06-00:00:00:00:00:02, { DataRate: 35, SignalStrength: 8, AntiFragility: 76}, IQ: 48]
       [Network #1, Technology = Wifi, Address = 02-06-00:00:00:00:00:03, { DataRate: 67, SignalStrength: 74, AntiFragility: 23}, IQ: 46]
       [Network #3, Technology = Wifi, Address = 02-06-00:00:00:00:00:05, { DataRate: 44, SignalStrength: 16, AntiFragility: 60}, IQ: 45]
       [Network #9, Technology = Wimax, Address = 02-06-00:00:00:00:00:0c, { DataRate: 15, SignalStrength: 56, AntiFragility: 36}, IQ: 35]
       [Network #4, Technology = Wifi, Address = 02-06-00:00:00:00:00:06, { DataRate: 26, SignalStrength: 14, AntiFragility: 51}, IQ: 35]
       [Network #8, Technology = Wimax, Address = 02-06-00:00:00:00:00:0b, { DataRate: 6, SignalStrength: 97, AntiFragility: 15}, IQ: 33]
       [Network #2, Technology = Wifi, Address = 02-06-00:00:00:00:00:04, { DataRate: 41, SignalStrength: 21, AntiFragility: 29}, IQ: 30]
160s ExecutionModule:Run(): Decision time => Seconds: 0, Miliseconds: 232
160s ExecutionModule:Run(): Handover time => Seconds: 0, Miliseconds: 122
160s ExecutionModule:Run(): Event: Horizontal Handover.
160s DeviceModule:MoveRandom(): New position: (67, 69)
161s DeviceModule:MoveRandom(): New position: (67, 68)
162s DeviceModule:MoveRandom(): New position: (68, 68)
163s DeviceModule:MoveRandom(): New position: (68, 67)
164s DeviceModule:MoveRandom(): New position: (67, 67)
164s DecisionModule:RemoveNetworkFromList(): Network: 5 out of range!
165s DeviceModule:MoveRandom(): New position: (67, 68)
165s DecisionModule:AddNetworkToList(): Network detected
166s DeviceModule:MoveRandom(): New position: (66, 68)
166s DecisionModule:RemoveNetworkFromList(): Network: 5 out of range!
167s DeviceModule:MoveRandom(): New position: (66, 69)
167s DecisionModule:AddNetworkToList(): Network detected
168s DeviceModule:MoveRandom(): New position: (66, 70)
169s DeviceModule:MoveRandom(): New position: (66, 71)
170s DeviceModule:MoveRandom(): New position: (65, 71)
171s DeviceModule:MoveRandom(): New position: (65, 72)
172s DeviceModule:MoveRandom(): New position: (65, 71)
173s DeviceModule:MoveRandom(): New position: (66, 71)
174s DeviceModule:MoveRandom(): New position: (65, 71)
175s DeviceModule:MoveRandom(): New position: (65, 72)
176s DeviceModule:MoveRandom(): New position: (65, 71)
177s DeviceModule:MoveRandom(): New position: (64, 71)
178s DeviceModule:MoveRandom(): New position: (64, 72)
179s DeviceModule:MoveRandom(): New position: (63, 72)
180s DecisionModule:Run(): Run decision
180s DecisionModule:AnalyzingNetworks(): Current Network: 
       [Network #2, Technology = Wifi, Address = 02-06-00:00:00:00:00:04, { DataRate: 87, SignalStrength: 91, AntiFragility: 68}, IQ: 78]
180s DecisionModule:ShowAllNetworks(): All detected networks:
       [Network #2, Technology = Wifi, Address = 02-06-00:00:00:00:00:04, { DataRate: 87, SignalStrength: 91, AntiFragility: 68}, IQ: 78]
       [Network #8, Technology = Wimax, Address = 02-06-00:00:00:00:00:0b, { DataRate: 37, SignalStrength: 96, AntiFragility: 78}, IQ: 72]
       [Network #7, Technology = Wifi, Address = 02-06-00:00:00:00:00:09, { DataRate: 48, SignalStrength: 56, AntiFragility: 83}, IQ: 67]
       [Network #3, Technology = Wifi, Address = 02-06-00:00:00:00:00:05, { DataRate: 43, SignalStrength: 93, AntiFragility: 56}, IQ: 62]
       [Network #1, Technology = Wifi, Address = 02-06-00:00:00:00:00:03, { DataRate: 64, SignalStrength: 98, AntiFragility: 35}, IQ: 58]
       [Network #6, Technology = Wifi, Address = 02-06-00:00:00:00:00:08, { DataRate: 57, SignalStrength: 95, AntiFragility: 41}, IQ: 58]
       [Network #9, Technology = Wimax, Address = 02-06-00:00:00:00:00:0c, { DataRate: 92, SignalStrength: 69, AntiFragility: 17}, IQ: 48]
       [Network #4, Technology = Wifi, Address = 02-06-00:00:00:00:00:06, { DataRate: 71, SignalStrength: 17, AntiFragility: 25}, IQ: 34]
       [Network #5, Technology = Wifi, Address = 02-06-00:00:00:00:00:07, { DataRate: 71, SignalStrength: 17, AntiFragility: 12}, IQ: 28]
       [Network #0, Technology = Wifi, Address = 02-06-00:00:00:00:00:02, { DataRate: 5, SignalStrength: 66, AntiFragility: 8}, IQ: 21]
180s ExecutionModule:Run(): Decision time => Seconds: 0, Miliseconds: 341
180s ExecutionModule:Run(): Handover time => Seconds: 0, Miliseconds: 161
180s ExecutionModule:Run(): Event: Horizontal Handover.
180s DeviceModule:MoveRandom(): New position: (63, 73)
181s DeviceModule:MoveRandom(): New position: (64, 73)
182s DeviceModule:MoveRandom(): New position: (64, 74)
183s DeviceModule:MoveRandom(): New position: (63, 74)
184s DeviceModule:MoveRandom(): New position: (63, 75)
185s DeviceModule:MoveRandom(): New position: (63, 76)
186s DeviceModule:MoveRandom(): New position: (63, 77)
187s DeviceModule:MoveRandom(): New position: (63, 78)
188s DeviceModule:MoveRandom(): New position: (63, 79)
189s DeviceModule:MoveRandom(): New position: (62, 79)
190s DeviceModule:MoveRandom(): New position: (63, 79)
191s DeviceModule:MoveRandom(): New position: (64, 79)
192s DeviceModule:MoveRandom(): New position: (64, 80)
193s DeviceModule:MoveRandom(): New position: (64, 81)
194s DeviceModule:MoveRandom(): New position: (64, 80)
195s DeviceModule:MoveRandom(): New position: (65, 80)
196s DeviceModule:MoveRandom(): New position: (65, 79)
197s DeviceModule:MoveRandom(): New position: (65, 80)
198s DeviceModule:MoveRandom(): New position: (64, 80)
199s DeviceModule:MoveRandom(): New position: (64, 79)
