Waf: Entering directory `/home/renan/Documents/NR2/ns-allinone-3.20/ns-3.20/build'
Waf: Leaving directory `/home/renan/Documents/NR2/ns-allinone-3.20/ns-3.20/build'
'build' finished successfully (1.930s)
0s NetworkModule:SetPosition(): Network 0 set position => (130, 149)
0s NetworkModule:SetRange(): Network 0 set range => 100
0s NetworkModule:SetPosition(): Network 1 set position => (35, 69)
0s NetworkModule:SetRange(): Network 1 set range => 100
0s NetworkModule:SetPosition(): Network 2 set position => (58, 61)
0s NetworkModule:SetRange(): Network 2 set range => 100
0s NetworkModule:SetPosition(): Network 3 set position => (106, 54)
0s NetworkModule:SetRange(): Network 3 set range => 100
0s NetworkModule:SetPosition(): Network 4 set position => (27, 73)
0s NetworkModule:SetRange(): Network 4 set range => 100
0s NetworkModule:SetPosition(): Network 5 set position => (30, 58)
0s NetworkModule:SetRange(): Network 5 set range => 100
0s NetworkModule:SetPosition(): Network 6 set position => (47, 117)
0s NetworkModule:SetRange(): Network 6 set range => 100
0s NetworkModule:SetPosition(): Network 7 set position => (63, 116)
0s NetworkModule:SetRange(): Network 7 set range => 100
0s NetworkModule:SetPosition(): Network 8 set position => (81, 119)
0s NetworkModule:SetRange(): Network 8 set range => 100
0s NetworkModule:SetPosition(): Network 9 set position => (60, 60)
0s NetworkModule:SetRange(): Network 9 set range => 100
0s DeviceModule:ConfigureMobility(): Device [init x = 75, init y = 75, max = 150, velocity = 1]
1s DeviceModule:MoveRandom(): New position: (75, 76)
1s DecisionModule:AddNetworkToList(): Network detected
1s DecisionModule:AddNetworkToList(): Network detected
1s DecisionModule:AddNetworkToList(): Network detected
1s DecisionModule:AddNetworkToList(): Network detected
1s DecisionModule:AddNetworkToList(): Network detected
1s DecisionModule:AddNetworkToList(): Network detected
1s DecisionModule:AddNetworkToList(): Network detected
1s DecisionModule:AddNetworkToList(): Network detected
1s DecisionModule:AddNetworkToList(): Network detected
1s DecisionModule:AddNetworkToList(): Network detected
2s DeviceModule:MoveRandom(): New position: (75, 77)
3s DeviceModule:MoveRandom(): New position: (75, 78)
4s DeviceModule:MoveRandom(): New position: (75, 77)
5s DeviceModule:MoveRandom(): New position: (74, 77)
6s DeviceModule:MoveRandom(): New position: (73, 77)
7s DeviceModule:MoveRandom(): New position: (74, 77)
8s DeviceModule:MoveRandom(): New position: (75, 77)
9s DeviceModule:MoveRandom(): New position: (75, 76)
10s DeviceModule:MoveRandom(): New position: (75, 75)
11s DeviceModule:MoveRandom(): New position: (74, 75)
12s DeviceModule:MoveRandom(): New position: (75, 75)
13s DeviceModule:MoveRandom(): New position: (75, 76)
14s DeviceModule:MoveRandom(): New position: (74, 76)
15s DeviceModule:MoveRandom(): New position: (74, 77)
16s DeviceModule:MoveRandom(): New position: (73, 77)
17s DeviceModule:MoveRandom(): New position: (73, 78)
18s DeviceModule:MoveRandom(): New position: (72, 78)
19s DeviceModule:MoveRandom(): New position: (72, 79)
20s DecisionModule:Run(): Run decision
20s DecisionModule:AnalyzingNetworks(): Current Network: 
       [Network #3, Technology = Wifi, Address = 02-06-00:00:00:00:00:05, { DataRate: 81, SignalStrength: 85, AntiFragility: 89}, IQ: 86]
20s DecisionModule:ShowAllNetworks(): All detected networks:
       [Network #3, Technology = Wifi, Address = 02-06-00:00:00:00:00:05, { DataRate: 81, SignalStrength: 85, AntiFragility: 89}, IQ: 86]
       [Network #0, Technology = Wifi, Address = 02-06-00:00:00:00:00:02, { DataRate: 80, SignalStrength: 50, AntiFragility: 84}, IQ: 74]
       [Network #2, Technology = Wifi, Address = 02-06-00:00:00:00:00:04, { DataRate: 36, SignalStrength: 75, AntiFragility: 88}, IQ: 71]
       [Network #6, Technology = Wifi, Address = 02-06-00:00:00:00:00:08, { DataRate: 77, SignalStrength: 15, AntiFragility: 89}, IQ: 67]
       [Network #4, Technology = Wifi, Address = 02-06-00:00:00:00:00:06, { DataRate: 78, SignalStrength: 56, AntiFragility: 57}, IQ: 62]
       [Network #5, Technology = Wifi, Address = 02-06-00:00:00:00:00:07, { DataRate: 14, SignalStrength: 59, AntiFragility: 66}, IQ: 51]
       [Network #8, Technology = Wimax, Address = 02-06-00:00:00:00:00:0b, { DataRate: 47, SignalStrength: 23, AntiFragility: 54}, IQ: 44]
       [Network #9, Technology = Wimax, Address = 02-06-00:00:00:00:00:0c, { DataRate: 55, SignalStrength: 43, AntiFragility: 23}, IQ: 36]
       [Network #7, Technology = Wifi, Address = 02-06-00:00:00:00:00:09, { DataRate: 7, SignalStrength: 65, AntiFragility: 32}, IQ: 34]
       [Network #1, Technology = Wifi, Address = 02-06-00:00:00:00:00:03, { DataRate: 21, SignalStrength: 63, AntiFragility: 2}, IQ: 22]
20s DeviceModule:MoveRandom(): New position: (72, 78)
21s DeviceModule:MoveRandom(): New position: (72, 77)
22s DeviceModule:MoveRandom(): New position: (73, 77)
23s DeviceModule:MoveRandom(): New position: (74, 77)
24s DeviceModule:MoveRandom(): New position: (75, 77)
25s DeviceModule:MoveRandom(): New position: (75, 76)
26s DeviceModule:MoveRandom(): New position: (74, 76)
27s DeviceModule:MoveRandom(): New position: (75, 76)
28s DeviceModule:MoveRandom(): New position: (75, 77)
29s DeviceModule:MoveRandom(): New position: (76, 77)
30s DeviceModule:MoveRandom(): New position: (77, 77)
31s DeviceModule:MoveRandom(): New position: (77, 76)
32s DeviceModule:MoveRandom(): New position: (77, 75)
33s DeviceModule:MoveRandom(): New position: (77, 76)
34s DeviceModule:MoveRandom(): New position: (77, 77)
35s DeviceModule:MoveRandom(): New position: (76, 77)
36s DeviceModule:MoveRandom(): New position: (76, 78)
37s DeviceModule:MoveRandom(): New position: (76, 77)
38s DeviceModule:MoveRandom(): New position: (76, 76)
39s DeviceModule:MoveRandom(): New position: (75, 76)
40s DecisionModule:Run(): Run decision
40s DecisionModule:AnalyzingNetworks(): Current Network: 
       [Network #2, Technology = Wifi, Address = 02-06-00:00:00:00:00:04, { DataRate: 26, SignalStrength: 98, AntiFragility: 86}, IQ: 74]
40s DecisionModule:ShowAllNetworks(): All detected networks:
       [Network #2, Technology = Wifi, Address = 02-06-00:00:00:00:00:04, { DataRate: 26, SignalStrength: 98, AntiFragility: 86}, IQ: 74]
       [Network #7, Technology = Wifi, Address = 02-06-00:00:00:00:00:09, { DataRate: 58, SignalStrength: 34, AntiFragility: 85}, IQ: 65]
       [Network #0, Technology = Wifi, Address = 02-06-00:00:00:00:00:02, { DataRate: 65, SignalStrength: 9, AntiFragility: 89}, IQ: 63]
       [Network #8, Technology = Wimax, Address = 02-06-00:00:00:00:00:0b, { DataRate: 77, SignalStrength: 90, AntiFragility: 40}, IQ: 61]
       [Network #9, Technology = Wimax, Address = 02-06-00:00:00:00:00:0c, { DataRate: 65, SignalStrength: 27, AntiFragility: 61}, IQ: 53]
       [Network #1, Technology = Wifi, Address = 02-06-00:00:00:00:00:03, { DataRate: 56, SignalStrength: 30, AntiFragility: 64}, IQ: 53]
       [Network #4, Technology = Wifi, Address = 02-06-00:00:00:00:00:06, { DataRate: 49, SignalStrength: 27, AntiFragility: 55}, IQ: 46]
       [Network #3, Technology = Wifi, Address = 02-06-00:00:00:00:00:05, { DataRate: 53, SignalStrength: 81, AntiFragility: 25}, IQ: 46]
       [Network #5, Technology = Wifi, Address = 02-06-00:00:00:00:00:07, { DataRate: 40, SignalStrength: 12, AntiFragility: 28}, IQ: 27]
       [Network #6, Technology = Wifi, Address = 02-06-00:00:00:00:00:08, { DataRate: 35, SignalStrength: 19, AntiFragility: 12}, IQ: 19]
40s ExecutionModule:Run(): Decision time => Seconds: 0, Miliseconds: 202
40s ExecutionModule:Run(): Handover time => Seconds: 0, Miliseconds: 177
40s ExecutionModule:Run(): Event: Horizontal Handover.
40s DeviceModule:MoveRandom(): New position: (75, 77)
41s DeviceModule:MoveRandom(): New position: (74, 77)
42s DeviceModule:MoveRandom(): New position: (73, 77)
43s DeviceModule:MoveRandom(): New position: (74, 77)
44s DeviceModule:MoveRandom(): New position: (74, 76)
45s DeviceModule:MoveRandom(): New position: (74, 75)
46s DeviceModule:MoveRandom(): New position: (74, 76)
47s DeviceModule:MoveRandom(): New position: (74, 77)
48s DeviceModule:MoveRandom(): New position: (74, 78)
49s DeviceModule:MoveRandom(): New position: (73, 78)
50s DeviceModule:MoveRandom(): New position: (73, 77)
51s DeviceModule:MoveRandom(): New position: (73, 78)
52s DeviceModule:MoveRandom(): New position: (72, 78)
53s DeviceModule:MoveRandom(): New position: (73, 78)
54s DeviceModule:MoveRandom(): New position: (72, 78)
55s DeviceModule:MoveRandom(): New position: (71, 78)
56s DeviceModule:MoveRandom(): New position: (72, 78)
57s DeviceModule:MoveRandom(): New position: (72, 79)
58s DeviceModule:MoveRandom(): New position: (71, 79)
59s DeviceModule:MoveRandom(): New position: (70, 79)
60s DecisionModule:Run(): Run decision
60s DecisionModule:AnalyzingNetworks(): Current Network: 
       [Network #4, Technology = Wifi, Address = 02-06-00:00:00:00:00:06, { DataRate: 75, SignalStrength: 81, AntiFragility: 42}, IQ: 60]
60s DecisionModule:ShowAllNetworks(): All detected networks:
       [Network #4, Technology = Wifi, Address = 02-06-00:00:00:00:00:06, { DataRate: 75, SignalStrength: 81, AntiFragility: 42}, IQ: 60]
       [Network #1, Technology = Wifi, Address = 02-06-00:00:00:00:00:03, { DataRate: 51, SignalStrength: 41, AntiFragility: 69}, IQ: 57]
       [Network #9, Technology = Wimax, Address = 02-06-00:00:00:00:00:0c, { DataRate: 11, SignalStrength: 93, AntiFragility: 60}, IQ: 56]
       [Network #2, Technology = Wifi, Address = 02-06-00:00:00:00:00:04, { DataRate: 67, SignalStrength: 38, AntiFragility: 52}, IQ: 52]
       [Network #7, Technology = Wifi, Address = 02-06-00:00:00:00:00:09, { DataRate: 54, SignalStrength: 16, AntiFragility: 64}, IQ: 49]
       [Network #0, Technology = Wifi, Address = 02-06-00:00:00:00:00:02, { DataRate: 87, SignalStrength: 2, AntiFragility: 51}, IQ: 47]
       [Network #5, Technology = Wifi, Address = 02-06-00:00:00:00:00:07, { DataRate: 80, SignalStrength: 14, AntiFragility: 29}, IQ: 38]
       [Network #8, Technology = Wimax, Address = 02-06-00:00:00:00:00:0b, { DataRate: 87, SignalStrength: 4, AntiFragility: 22}, IQ: 33]
       [Network #3, Technology = Wifi, Address = 02-06-00:00:00:00:00:05, { DataRate: 31, SignalStrength: 53, AntiFragility: 20}, IQ: 31]
       [Network #6, Technology = Wifi, Address = 02-06-00:00:00:00:00:08, { DataRate: 23, SignalStrength: 38, AntiFragility: 33}, IQ: 31]
60s ExecutionModule:Run(): Decision time => Seconds: 0, Miliseconds: 195
60s ExecutionModule:Run(): Handover time => Seconds: 0, Miliseconds: 341
60s ExecutionModule:Run(): Event: Horizontal Handover.
60s DeviceModule:MoveRandom(): New position: (70, 78)
61s DeviceModule:MoveRandom(): New position: (69, 78)
62s DeviceModule:MoveRandom(): New position: (69, 77)
63s DeviceModule:MoveRandom(): New position: (68, 77)
64s DeviceModule:MoveRandom(): New position: (68, 78)
65s DeviceModule:MoveRandom(): New position: (69, 78)
66s DeviceModule:MoveRandom(): New position: (70, 78)
67s DeviceModule:MoveRandom(): New position: (70, 77)
68s DeviceModule:MoveRandom(): New position: (71, 77)
69s DeviceModule:MoveRandom(): New position: (70, 77)
70s DeviceModule:MoveRandom(): New position: (70, 78)
71s DeviceModule:MoveRandom(): New position: (69, 78)
72s DeviceModule:MoveRandom(): New position: (68, 78)
73s DeviceModule:MoveRandom(): New position: (69, 78)
74s DeviceModule:MoveRandom(): New position: (69, 79)
75s DeviceModule:MoveRandom(): New position: (69, 80)
76s DeviceModule:MoveRandom(): New position: (69, 81)
77s DeviceModule:MoveRandom(): New position: (69, 80)
78s DeviceModule:MoveRandom(): New position: (69, 81)
79s DeviceModule:MoveRandom(): New position: (68, 81)
80s DecisionModule:Run(): Run decision
80s DecisionModule:AnalyzingNetworks(): Current Network: 
       [Network #8, Technology = Wimax, Address = 02-06-00:00:00:00:00:0b, { DataRate: 10, SignalStrength: 88, AntiFragility: 90}, IQ: 69]
80s DecisionModule:ShowAllNetworks(): All detected networks:
       [Network #8, Technology = Wimax, Address = 02-06-00:00:00:00:00:0b, { DataRate: 10, SignalStrength: 88, AntiFragility: 90}, IQ: 69]
       [Network #3, Technology = Wifi, Address = 02-06-00:00:00:00:00:05, { DataRate: 68, SignalStrength: 42, AntiFragility: 76}, IQ: 65]
       [Network #4, Technology = Wifi, Address = 02-06-00:00:00:00:00:06, { DataRate: 59, SignalStrength: 29, AntiFragility: 80}, IQ: 62]
       [Network #6, Technology = Wifi, Address = 02-06-00:00:00:00:00:08, { DataRate: 10, SignalStrength: 54, AntiFragility: 91}, IQ: 61]
       [Network #1, Technology = Wifi, Address = 02-06-00:00:00:00:00:03, { DataRate: 72, SignalStrength: 19, AntiFragility: 66}, IQ: 55]
       [Network #5, Technology = Wifi, Address = 02-06-00:00:00:00:00:07, { DataRate: 27, SignalStrength: 91, AntiFragility: 41}, IQ: 50]
       [Network #0, Technology = Wifi, Address = 02-06-00:00:00:00:00:02, { DataRate: 53, SignalStrength: 89, AntiFragility: 23}, IQ: 47]
       [Network #2, Technology = Wifi, Address = 02-06-00:00:00:00:00:04, { DataRate: 43, SignalStrength: 12, AntiFragility: 54}, IQ: 40]
       [Network #9, Technology = Wimax, Address = 02-06-00:00:00:00:00:0c, { DataRate: 36, SignalStrength: 82, AntiFragility: 13}, IQ: 36]
       [Network #7, Technology = Wifi, Address = 02-06-00:00:00:00:00:09, { DataRate: 40, SignalStrength: 77, AntiFragility: 6}, IQ: 32]
80s ExecutionModule:Run(): Decision time => Seconds: 0, Miliseconds: 503
80s ExecutionModule:Run(): Handover time => Seconds: 0, Miliseconds: 96
80s ExecutionModule:Run(): Event: Vertical Handover.
80s DeviceModule:MoveRandom(): New position: (68, 80)
81s DeviceModule:MoveRandom(): New position: (68, 79)
82s DeviceModule:MoveRandom(): New position: (68, 80)
83s DeviceModule:MoveRandom(): New position: (68, 79)
84s DeviceModule:MoveRandom(): New position: (67, 79)
85s DeviceModule:MoveRandom(): New position: (67, 78)
86s DeviceModule:MoveRandom(): New position: (66, 78)
87s DeviceModule:MoveRandom(): New position: (66, 79)
88s DeviceModule:MoveRandom(): New position: (67, 79)
89s DeviceModule:MoveRandom(): New position: (67, 78)
90s DeviceModule:MoveRandom(): New position: (66, 78)
91s DeviceModule:MoveRandom(): New position: (67, 78)
92s DeviceModule:MoveRandom(): New position: (67, 77)
93s DeviceModule:MoveRandom(): New position: (67, 78)
94s DeviceModule:MoveRandom(): New position: (66, 78)
95s DeviceModule:MoveRandom(): New position: (65, 78)
96s DeviceModule:MoveRandom(): New position: (65, 77)
97s DeviceModule:MoveRandom(): New position: (66, 77)
98s DeviceModule:MoveRandom(): New position: (65, 77)
99s DeviceModule:MoveRandom(): New position: (66, 77)
100s DecisionModule:Run(): Run decision
100s DecisionModule:AnalyzingNetworks(): Current Network: 
       [Network #0, Technology = Wifi, Address = 02-06-00:00:00:00:00:02, { DataRate: 56, SignalStrength: 75, AntiFragility: 94}, IQ: 79]
100s DecisionModule:ShowAllNetworks(): All detected networks:
       [Network #0, Technology = Wifi, Address = 02-06-00:00:00:00:00:02, { DataRate: 56, SignalStrength: 75, AntiFragility: 94}, IQ: 79]
       [Network #8, Technology = Wimax, Address = 02-06-00:00:00:00:00:0b, { DataRate: 59, SignalStrength: 98, AntiFragility: 70}, IQ: 74]
       [Network #7, Technology = Wifi, Address = 02-06-00:00:00:00:00:09, { DataRate: 82, SignalStrength: 47, AntiFragility: 75}, IQ: 69]
       [Network #2, Technology = Wifi, Address = 02-06-00:00:00:00:00:04, { DataRate: 53, SignalStrength: 17, AntiFragility: 99}, IQ: 67]
       [Network #4, Technology = Wifi, Address = 02-06-00:00:00:00:00:06, { DataRate: 81, SignalStrength: 41, AntiFragility: 72}, IQ: 66]
       [Network #6, Technology = Wifi, Address = 02-06-00:00:00:00:00:08, { DataRate: 32, SignalStrength: 83, AntiFragility: 71}, IQ: 64]
       [Network #9, Technology = Wimax, Address = 02-06-00:00:00:00:00:0c, { DataRate: 39, SignalStrength: 37, AntiFragility: 55}, IQ: 46]
       [Network #5, Technology = Wifi, Address = 02-06-00:00:00:00:00:07, { DataRate: 23, SignalStrength: 88, AntiFragility: 26}, IQ: 40]
       [Network #1, Technology = Wifi, Address = 02-06-00:00:00:00:00:03, { DataRate: 48, SignalStrength: 10, AntiFragility: 43}, IQ: 36]
       [Network #3, Technology = Wifi, Address = 02-06-00:00:00:00:00:05, { DataRate: 16, SignalStrength: 49, AntiFragility: 19}, IQ: 25]
100s ExecutionModule:Run(): Decision time => Seconds: 0, Miliseconds: 547
100s ExecutionModule:Run(): Handover time => Seconds: 0, Miliseconds: 78
100s ExecutionModule:Run(): Event: Vertical Handover.
100s DeviceModule:MoveRandom(): New position: (66, 78)
101s DeviceModule:MoveRandom(): New position: (66, 79)
102s DeviceModule:MoveRandom(): New position: (67, 79)
103s DeviceModule:MoveRandom(): New position: (66, 79)
104s DeviceModule:MoveRandom(): New position: (65, 79)
105s DeviceModule:MoveRandom(): New position: (65, 80)
106s DeviceModule:MoveRandom(): New position: (65, 79)
107s DeviceModule:MoveRandom(): New position: (65, 80)
108s DeviceModule:MoveRandom(): New position: (66, 80)
109s DeviceModule:MoveRandom(): New position: (66, 79)
110s DeviceModule:MoveRandom(): New position: (67, 79)
111s DeviceModule:MoveRandom(): New position: (67, 78)
112s DeviceModule:MoveRandom(): New position: (67, 79)
113s DeviceModule:MoveRandom(): New position: (68, 79)
114s DeviceModule:MoveRandom(): New position: (68, 80)
115s DeviceModule:MoveRandom(): New position: (67, 80)
116s DeviceModule:MoveRandom(): New position: (67, 79)
117s DeviceModule:MoveRandom(): New position: (67, 80)
118s DeviceModule:MoveRandom(): New position: (68, 80)
119s DeviceModule:MoveRandom(): New position: (69, 80)
120s DecisionModule:Run(): Run decision
120s DecisionModule:AnalyzingNetworks(): Current Network: 
       [Network #0, Technology = Wifi, Address = 02-06-00:00:00:00:00:02, { DataRate: 39, SignalStrength: 98, AntiFragility: 91}, IQ: 79]
120s DecisionModule:ShowAllNetworks(): All detected networks:
       [Network #0, Technology = Wifi, Address = 02-06-00:00:00:00:00:02, { DataRate: 39, SignalStrength: 98, AntiFragility: 91}, IQ: 79]
       [Network #1, Technology = Wifi, Address = 02-06-00:00:00:00:00:03, { DataRate: 37, SignalStrength: 88, AntiFragility: 54}, IQ: 58]
       [Network #8, Technology = Wimax, Address = 02-06-00:00:00:00:00:0b, { DataRate: 7, SignalStrength: 39, AntiFragility: 90}, IQ: 56]
       [Network #9, Technology = Wimax, Address = 02-06-00:00:00:00:00:0c, { DataRate: 81, SignalStrength: 54, AntiFragility: 39}, IQ: 53]
       [Network #3, Technology = Wifi, Address = 02-06-00:00:00:00:00:05, { DataRate: 21, SignalStrength: 28, AntiFragility: 75}, IQ: 49]
       [Network #2, Technology = Wifi, Address = 02-06-00:00:00:00:00:04, { DataRate: 11, SignalStrength: 25, AntiFragility: 77}, IQ: 47]
       [Network #4, Technology = Wifi, Address = 02-06-00:00:00:00:00:06, { DataRate: 68, SignalStrength: 73, AntiFragility: 2}, IQ: 36]
       [Network #7, Technology = Wifi, Address = 02-06-00:00:00:00:00:09, { DataRate: 68, SignalStrength: 34, AntiFragility: 12}, IQ: 31]
       [Network #5, Technology = Wifi, Address = 02-06-00:00:00:00:00:07, { DataRate: 31, SignalStrength: 7, AntiFragility: 34}, IQ: 26]
       [Network #6, Technology = Wifi, Address = 02-06-00:00:00:00:00:08, { DataRate: 25, SignalStrength: 52, AntiFragility: 11}, IQ: 24]
120s DeviceModule:MoveRandom(): New position: (68, 80)
121s DeviceModule:MoveRandom(): New position: (68, 81)
122s DeviceModule:MoveRandom(): New position: (68, 82)
123s DeviceModule:MoveRandom(): New position: (68, 83)
124s DeviceModule:MoveRandom(): New position: (67, 83)
125s DeviceModule:MoveRandom(): New position: (66, 83)
126s DeviceModule:MoveRandom(): New position: (66, 82)
127s DeviceModule:MoveRandom(): New position: (65, 82)
128s DeviceModule:MoveRandom(): New position: (66, 82)
129s DeviceModule:MoveRandom(): New position: (66, 81)
130s DeviceModule:MoveRandom(): New position: (66, 80)
131s DeviceModule:MoveRandom(): New position: (66, 81)
132s DeviceModule:MoveRandom(): New position: (66, 80)
133s DeviceModule:MoveRandom(): New position: (66, 79)
134s DeviceModule:MoveRandom(): New position: (67, 79)
135s DeviceModule:MoveRandom(): New position: (66, 79)
136s DeviceModule:MoveRandom(): New position: (66, 78)
137s DeviceModule:MoveRandom(): New position: (67, 78)
138s DeviceModule:MoveRandom(): New position: (68, 78)
139s DeviceModule:MoveRandom(): New position: (69, 78)
140s DecisionModule:Run(): Run decision
140s DecisionModule:AnalyzingNetworks(): Current Network: 
       [Network #2, Technology = Wifi, Address = 02-06-00:00:00:00:00:04, { DataRate: 84, SignalStrength: 78, AntiFragility: 73}, IQ: 77]
140s DecisionModule:ShowAllNetworks(): All detected networks:
       [Network #2, Technology = Wifi, Address = 02-06-00:00:00:00:00:04, { DataRate: 84, SignalStrength: 78, AntiFragility: 73}, IQ: 77]
       [Network #4, Technology = Wifi, Address = 02-06-00:00:00:00:00:06, { DataRate: 97, SignalStrength: 28, AntiFragility: 83}, IQ: 72]
       [Network #9, Technology = Wimax, Address = 02-06-00:00:00:00:00:0c, { DataRate: 66, SignalStrength: 6, AntiFragility: 98}, IQ: 67]
       [Network #6, Technology = Wifi, Address = 02-06-00:00:00:00:00:08, { DataRate: 21, SignalStrength: 51, AntiFragility: 98}, IQ: 67]
       [Network #7, Technology = Wifi, Address = 02-06-00:00:00:00:00:09, { DataRate: 23, SignalStrength: 23, AntiFragility: 92}, IQ: 57]
       [Network #1, Technology = Wifi, Address = 02-06-00:00:00:00:00:03, { DataRate: 34, SignalStrength: 14, AntiFragility: 72}, IQ: 48]
       [Network #8, Technology = Wimax, Address = 02-06-00:00:00:00:00:0b, { DataRate: 21, SignalStrength: 59, AntiFragility: 45}, IQ: 42]
       [Network #3, Technology = Wifi, Address = 02-06-00:00:00:00:00:05, { DataRate: 20, SignalStrength: 83, AntiFragility: 7}, IQ: 29]
       [Network #5, Technology = Wifi, Address = 02-06-00:00:00:00:00:07, { DataRate: 25, SignalStrength: 27, AntiFragility: 30}, IQ: 28]
       [Network #0, Technology = Wifi, Address = 02-06-00:00:00:00:00:02, { DataRate: 64, SignalStrength: 36, AntiFragility: 2}, IQ: 26]
140s ExecutionModule:Run(): Decision time => Seconds: 0, Miliseconds: 204
140s ExecutionModule:Run(): Handover time => Seconds: 0, Miliseconds: 121
140s ExecutionModule:Run(): Event: Horizontal Handover.
140s DeviceModule:MoveRandom(): New position: (69, 77)
141s DeviceModule:MoveRandom(): New position: (69, 78)
142s DeviceModule:MoveRandom(): New position: (69, 79)
143s DeviceModule:MoveRandom(): New position: (68, 79)
144s DeviceModule:MoveRandom(): New position: (68, 78)
145s DeviceModule:MoveRandom(): New position: (69, 78)
146s DeviceModule:MoveRandom(): New position: (69, 77)
147s DeviceModule:MoveRandom(): New position: (69, 78)
148s DeviceModule:MoveRandom(): New position: (70, 78)
149s DeviceModule:MoveRandom(): New position: (69, 78)
150s DeviceModule:MoveRandom(): New position: (69, 79)
151s DeviceModule:MoveRandom(): New position: (69, 80)
152s DeviceModule:MoveRandom(): New position: (69, 79)
153s DeviceModule:MoveRandom(): New position: (70, 79)
154s DeviceModule:MoveRandom(): New position: (70, 78)
155s DeviceModule:MoveRandom(): New position: (70, 77)
156s DeviceModule:MoveRandom(): New position: (70, 76)
157s DeviceModule:MoveRandom(): New position: (70, 75)
158s DeviceModule:MoveRandom(): New position: (70, 76)
159s DeviceModule:MoveRandom(): New position: (71, 76)
160s DecisionModule:Run(): Run decision
160s DecisionModule:AnalyzingNetworks(): Current Network: 
       [Network #5, Technology = Wifi, Address = 02-06-00:00:00:00:00:07, { DataRate: 95, SignalStrength: 88, AntiFragility: 69}, IQ: 80]
160s DecisionModule:ShowAllNetworks(): All detected networks:
       [Network #5, Technology = Wifi, Address = 02-06-00:00:00:00:00:07, { DataRate: 95, SignalStrength: 88, AntiFragility: 69}, IQ: 80]
       [Network #0, Technology = Wifi, Address = 02-06-00:00:00:00:00:02, { DataRate: 56, SignalStrength: 76, AntiFragility: 88}, IQ: 77]
       [Network #7, Technology = Wifi, Address = 02-06-00:00:00:00:00:09, { DataRate: 87, SignalStrength: 84, AntiFragility: 60}, IQ: 72]
       [Network #6, Technology = Wifi, Address = 02-06-00:00:00:00:00:08, { DataRate: 68, SignalStrength: 97, AntiFragility: 56}, IQ: 69]
       [Network #1, Technology = Wifi, Address = 02-06-00:00:00:00:00:03, { DataRate: 41, SignalStrength: 23, AntiFragility: 79}, IQ: 55]
       [Network #2, Technology = Wifi, Address = 02-06-00:00:00:00:00:04, { DataRate: 65, SignalStrength: 53, AntiFragility: 44}, IQ: 51]
       [Network #3, Technology = Wifi, Address = 02-06-00:00:00:00:00:05, { DataRate: 1, SignalStrength: 94, AntiFragility: 47}, IQ: 47]
       [Network #4, Technology = Wifi, Address = 02-06-00:00:00:00:00:06, { DataRate: 89, SignalStrength: 71, AntiFragility: 7}, IQ: 43]
       [Network #9, Technology = Wimax, Address = 02-06-00:00:00:00:00:0c, { DataRate: 19, SignalStrength: 98, AntiFragility: 19}, IQ: 38]
       [Network #8, Technology = Wimax, Address = 02-06-00:00:00:00:00:0b, { DataRate: 43, SignalStrength: 56, AntiFragility: 1}, IQ: 25]
160s ExecutionModule:Run(): Decision time => Seconds: 0, Miliseconds: 227
160s ExecutionModule:Run(): Handover time => Seconds: 0, Miliseconds: 121
160s ExecutionModule:Run(): Event: Horizontal Handover.
160s DeviceModule:MoveRandom(): New position: (71, 77)
161s DeviceModule:MoveRandom(): New position: (72, 77)
162s DeviceModule:MoveRandom(): New position: (71, 77)
163s DeviceModule:MoveRandom(): New position: (71, 76)
164s DeviceModule:MoveRandom(): New position: (71, 77)
165s DeviceModule:MoveRandom(): New position: (70, 77)
166s DeviceModule:MoveRandom(): New position: (70, 76)
167s DeviceModule:MoveRandom(): New position: (71, 76)
168s DeviceModule:MoveRandom(): New position: (71, 77)
169s DeviceModule:MoveRandom(): New position: (70, 77)
170s DeviceModule:MoveRandom(): New position: (70, 78)
171s DeviceModule:MoveRandom(): New position: (69, 78)
172s DeviceModule:MoveRandom(): New position: (69, 79)
173s DeviceModule:MoveRandom(): New position: (69, 80)
174s DeviceModule:MoveRandom(): New position: (70, 80)
175s DeviceModule:MoveRandom(): New position: (69, 80)
176s DeviceModule:MoveRandom(): New position: (69, 79)
177s DeviceModule:MoveRandom(): New position: (69, 78)
178s DeviceModule:MoveRandom(): New position: (69, 79)
179s DeviceModule:MoveRandom(): New position: (69, 78)
180s DecisionModule:Run(): Run decision
180s DecisionModule:AnalyzingNetworks(): Current Network: 
       [Network #6, Technology = Wifi, Address = 02-06-00:00:00:00:00:08, { DataRate: 49, SignalStrength: 87, AntiFragility: 94}, IQ: 81]
180s DecisionModule:ShowAllNetworks(): All detected networks:
       [Network #6, Technology = Wifi, Address = 02-06-00:00:00:00:00:08, { DataRate: 49, SignalStrength: 87, AntiFragility: 94}, IQ: 81]
       [Network #3, Technology = Wifi, Address = 02-06-00:00:00:00:00:05, { DataRate: 91, SignalStrength: 91, AntiFragility: 38}, IQ: 64]
       [Network #9, Technology = Wimax, Address = 02-06-00:00:00:00:00:0c, { DataRate: 43, SignalStrength: 88, AntiFragility: 62}, IQ: 63]
       [Network #8, Technology = Wimax, Address = 02-06-00:00:00:00:00:0b, { DataRate: 59, SignalStrength: 58, AntiFragility: 62}, IQ: 60]
       [Network #2, Technology = Wifi, Address = 02-06-00:00:00:00:00:04, { DataRate: 51, SignalStrength: 84, AntiFragility: 44}, IQ: 55]
       [Network #0, Technology = Wifi, Address = 02-06-00:00:00:00:00:02, { DataRate: 2, SignalStrength: 81, AntiFragility: 67}, IQ: 54]
       [Network #1, Technology = Wifi, Address = 02-06-00:00:00:00:00:03, { DataRate: 63, SignalStrength: 98, AntiFragility: 27}, IQ: 53]
       [Network #7, Technology = Wifi, Address = 02-06-00:00:00:00:00:09, { DataRate: 65, SignalStrength: 35, AntiFragility: 43}, IQ: 46]
       [Network #5, Technology = Wifi, Address = 02-06-00:00:00:00:00:07, { DataRate: 79, SignalStrength: 14, AntiFragility: 28}, IQ: 37]
       [Network #4, Technology = Wifi, Address = 02-06-00:00:00:00:00:06, { DataRate: 39, SignalStrength: 67, AntiFragility: 11}, IQ: 32]
180s ExecutionModule:Run(): Decision time => Seconds: 0, Miliseconds: 218
180s ExecutionModule:Run(): Handover time => Seconds: 0, Miliseconds: 125
180s ExecutionModule:Run(): Event: Horizontal Handover.
180s DeviceModule:MoveRandom(): New position: (70, 78)
181s DeviceModule:MoveRandom(): New position: (70, 77)
182s DeviceModule:MoveRandom(): New position: (69, 77)
183s DeviceModule:MoveRandom(): New position: (69, 76)
184s DeviceModule:MoveRandom(): New position: (69, 75)
185s DeviceModule:MoveRandom(): New position: (68, 75)
186s DeviceModule:MoveRandom(): New position: (68, 74)
187s DeviceModule:MoveRandom(): New position: (68, 73)
188s DeviceModule:MoveRandom(): New position: (68, 74)
189s DeviceModule:MoveRandom(): New position: (67, 74)
190s DeviceModule:MoveRandom(): New position: (66, 74)
191s DeviceModule:MoveRandom(): New position: (65, 74)
192s DeviceModule:MoveRandom(): New position: (65, 73)
193s DeviceModule:MoveRandom(): New position: (65, 74)
194s DeviceModule:MoveRandom(): New position: (64, 74)
195s DeviceModule:MoveRandom(): New position: (64, 73)
196s DeviceModule:MoveRandom(): New position: (64, 74)
197s DeviceModule:MoveRandom(): New position: (63, 74)
198s DeviceModule:MoveRandom(): New position: (64, 74)
199s DeviceModule:MoveRandom(): New position: (64, 75)
