Waf: Entering directory `/home/renan/Documents/NR2/ns-allinone-3.20/ns-3.20/build'
Waf: Leaving directory `/home/renan/Documents/NR2/ns-allinone-3.20/ns-3.20/build'
'build' finished successfully (1.941s)
0s NetworkModule:SetPosition(): Network 0 set position => (3, 29)
0s NetworkModule:SetRange(): Network 0 set range => 100
0s NetworkModule:SetPosition(): Network 1 set position => (76, 10)
0s NetworkModule:SetRange(): Network 1 set range => 100
0s NetworkModule:SetPosition(): Network 2 set position => (110, 115)
0s NetworkModule:SetRange(): Network 2 set range => 100
0s NetworkModule:SetPosition(): Network 3 set position => (67, 108)
0s NetworkModule:SetRange(): Network 3 set range => 100
0s NetworkModule:SetPosition(): Network 4 set position => (91, 59)
0s NetworkModule:SetRange(): Network 4 set range => 100
0s NetworkModule:SetPosition(): Network 5 set position => (52, 146)
0s NetworkModule:SetRange(): Network 5 set range => 100
0s NetworkModule:SetPosition(): Network 6 set position => (94, 126)
0s NetworkModule:SetRange(): Network 6 set range => 100
0s NetworkModule:SetPosition(): Network 7 set position => (120, 91)
0s NetworkModule:SetRange(): Network 7 set range => 100
0s NetworkModule:SetPosition(): Network 8 set position => (51, 43)
0s NetworkModule:SetRange(): Network 8 set range => 100
0s NetworkModule:SetPosition(): Network 9 set position => (116, 109)
0s NetworkModule:SetRange(): Network 9 set range => 100
0s DeviceModule:ConfigureMobility(): Device [init x = 75, init y = 75, max = 150, velocity = 1]
1s DeviceModule:MoveRandom(): New position: (74, 75)
1s DecisionModule:AddNetworkToList(): Network detected
1s DecisionModule:AddNetworkToList(): Network detected
1s DecisionModule:AddNetworkToList(): Network detected
1s DecisionModule:AddNetworkToList(): Network detected
1s DecisionModule:AddNetworkToList(): Network detected
1s DecisionModule:AddNetworkToList(): Network detected
1s DecisionModule:AddNetworkToList(): Network detected
1s DecisionModule:AddNetworkToList(): Network detected
1s DecisionModule:AddNetworkToList(): Network detected
1s DecisionModule:AddNetworkToList(): Network detected
2s DeviceModule:MoveRandom(): New position: (74, 74)
3s DeviceModule:MoveRandom(): New position: (73, 74)
4s DeviceModule:MoveRandom(): New position: (73, 73)
5s DeviceModule:MoveRandom(): New position: (74, 73)
6s DeviceModule:MoveRandom(): New position: (75, 73)
7s DeviceModule:MoveRandom(): New position: (76, 73)
8s DeviceModule:MoveRandom(): New position: (76, 74)
9s DeviceModule:MoveRandom(): New position: (75, 74)
10s DeviceModule:MoveRandom(): New position: (75, 75)
11s DeviceModule:MoveRandom(): New position: (75, 76)
12s DeviceModule:MoveRandom(): New position: (76, 76)
13s DeviceModule:MoveRandom(): New position: (76, 75)
14s DeviceModule:MoveRandom(): New position: (77, 75)
15s DeviceModule:MoveRandom(): New position: (76, 75)
16s DeviceModule:MoveRandom(): New position: (76, 74)
17s DeviceModule:MoveRandom(): New position: (76, 73)
18s DeviceModule:MoveRandom(): New position: (75, 73)
19s DeviceModule:MoveRandom(): New position: (76, 73)
20s DecisionModule:Run(): Run decision
20s DecisionModule:AnalyzingNetworks(): Current Network: 
       [Network #0, Technology = Wifi, Address = 02-06-00:00:00:00:00:02, { DataRate: 93, SignalStrength: 59, AntiFragility: 74}, IQ: 75]
20s DecisionModule:ShowAllNetworks(): All detected networks:
       [Network #0, Technology = Wifi, Address = 02-06-00:00:00:00:00:02, { DataRate: 93, SignalStrength: 59, AntiFragility: 74}, IQ: 75]
       [Network #3, Technology = Wifi, Address = 02-06-00:00:00:00:00:05, { DataRate: 15, SignalStrength: 84, AntiFragility: 82}, IQ: 65]
       [Network #1, Technology = Wifi, Address = 02-06-00:00:00:00:00:03, { DataRate: 30, SignalStrength: 65, AntiFragility: 72}, IQ: 59]
       [Network #5, Technology = Wifi, Address = 02-06-00:00:00:00:00:07, { DataRate: 37, SignalStrength: 2, AntiFragility: 73}, IQ: 46]
       [Network #7, Technology = Wifi, Address = 02-06-00:00:00:00:00:09, { DataRate: 57, SignalStrength: 46, AntiFragility: 40}, IQ: 45]
       [Network #8, Technology = Wimax, Address = 02-06-00:00:00:00:00:0b, { DataRate: 85, SignalStrength: 17, AntiFragility: 25}, IQ: 38]
       [Network #2, Technology = Wifi, Address = 02-06-00:00:00:00:00:04, { DataRate: 10, SignalStrength: 77, AntiFragility: 9}, IQ: 26]
       [Network #9, Technology = Wimax, Address = 02-06-00:00:00:00:00:0c, { DataRate: 43, SignalStrength: 27, AntiFragility: 17}, IQ: 26]
       [Network #4, Technology = Wifi, Address = 02-06-00:00:00:00:00:06, { DataRate: 29, SignalStrength: 48, AntiFragility: 11}, IQ: 24]
       [Network #6, Technology = Wifi, Address = 02-06-00:00:00:00:00:08, { DataRate: 23, SignalStrength: 9, AntiFragility: 20}, IQ: 18]
20s DeviceModule:MoveRandom(): New position: (76, 72)
21s DeviceModule:MoveRandom(): New position: (76, 71)
22s DeviceModule:MoveRandom(): New position: (76, 72)
23s DeviceModule:MoveRandom(): New position: (76, 71)
24s DeviceModule:MoveRandom(): New position: (76, 72)
25s DeviceModule:MoveRandom(): New position: (76, 71)
26s DeviceModule:MoveRandom(): New position: (77, 71)
27s DeviceModule:MoveRandom(): New position: (78, 71)
28s DeviceModule:MoveRandom(): New position: (78, 70)
29s DeviceModule:MoveRandom(): New position: (78, 71)
30s DeviceModule:MoveRandom(): New position: (77, 71)
31s DeviceModule:MoveRandom(): New position: (76, 71)
32s DeviceModule:MoveRandom(): New position: (77, 71)
33s DeviceModule:MoveRandom(): New position: (77, 72)
34s DeviceModule:MoveRandom(): New position: (77, 71)
35s DeviceModule:MoveRandom(): New position: (77, 72)
36s DeviceModule:MoveRandom(): New position: (77, 71)
37s DeviceModule:MoveRandom(): New position: (77, 70)
38s DeviceModule:MoveRandom(): New position: (77, 69)
39s DeviceModule:MoveRandom(): New position: (77, 68)
40s DecisionModule:Run(): Run decision
40s DecisionModule:AnalyzingNetworks(): Current Network: 
       [Network #4, Technology = Wifi, Address = 02-06-00:00:00:00:00:06, { DataRate: 92, SignalStrength: 49, AntiFragility: 79}, IQ: 74]
40s DecisionModule:ShowAllNetworks(): All detected networks:
       [Network #4, Technology = Wifi, Address = 02-06-00:00:00:00:00:06, { DataRate: 92, SignalStrength: 49, AntiFragility: 79}, IQ: 74]
       [Network #2, Technology = Wifi, Address = 02-06-00:00:00:00:00:04, { DataRate: 16, SignalStrength: 79, AntiFragility: 95}, IQ: 71]
       [Network #1, Technology = Wifi, Address = 02-06-00:00:00:00:00:03, { DataRate: 59, SignalStrength: 81, AntiFragility: 59}, IQ: 64]
       [Network #8, Technology = Wimax, Address = 02-06-00:00:00:00:00:0b, { DataRate: 30, SignalStrength: 57, AntiFragility: 73}, IQ: 58]
       [Network #9, Technology = Wimax, Address = 02-06-00:00:00:00:00:0c, { DataRate: 59, SignalStrength: 58, AntiFragility: 57}, IQ: 57]
       [Network #3, Technology = Wifi, Address = 02-06-00:00:00:00:00:05, { DataRate: 3, SignalStrength: 92, AntiFragility: 56}, IQ: 51]
       [Network #0, Technology = Wifi, Address = 02-06-00:00:00:00:00:02, { DataRate: 69, SignalStrength: 7, AntiFragility: 54}, IQ: 46]
       [Network #6, Technology = Wifi, Address = 02-06-00:00:00:00:00:08, { DataRate: 6, SignalStrength: 4, AntiFragility: 86}, IQ: 45]
       [Network #5, Technology = Wifi, Address = 02-06-00:00:00:00:00:07, { DataRate: 47, SignalStrength: 1, AntiFragility: 42}, IQ: 33]
       [Network #7, Technology = Wifi, Address = 02-06-00:00:00:00:00:09, { DataRate: 13, SignalStrength: 50, AntiFragility: 35}, IQ: 33]
40s ExecutionModule:Run(): Decision time => Seconds: 0, Miliseconds: 207
40s ExecutionModule:Run(): Handover time => Seconds: 0, Miliseconds: 179
40s ExecutionModule:Run(): Event: Horizontal Handover.
40s DeviceModule:MoveRandom(): New position: (78, 68)
41s DeviceModule:MoveRandom(): New position: (77, 68)
42s DeviceModule:MoveRandom(): New position: (77, 67)
43s DeviceModule:MoveRandom(): New position: (76, 67)
44s DeviceModule:MoveRandom(): New position: (76, 68)
45s DeviceModule:MoveRandom(): New position: (77, 68)
46s DeviceModule:MoveRandom(): New position: (77, 69)
47s DeviceModule:MoveRandom(): New position: (78, 69)
48s DeviceModule:MoveRandom(): New position: (79, 69)
49s DeviceModule:MoveRandom(): New position: (79, 68)
50s DeviceModule:MoveRandom(): New position: (80, 68)
51s DeviceModule:MoveRandom(): New position: (80, 67)
52s DeviceModule:MoveRandom(): New position: (80, 68)
53s DeviceModule:MoveRandom(): New position: (80, 69)
54s DeviceModule:MoveRandom(): New position: (80, 68)
55s DeviceModule:MoveRandom(): New position: (80, 69)
56s DeviceModule:MoveRandom(): New position: (81, 69)
57s DeviceModule:MoveRandom(): New position: (82, 69)
58s DeviceModule:MoveRandom(): New position: (83, 69)
59s DeviceModule:MoveRandom(): New position: (82, 69)
60s DecisionModule:Run(): Run decision
60s DecisionModule:AnalyzingNetworks(): Current Network: 
       [Network #5, Technology = Wifi, Address = 02-06-00:00:00:00:00:07, { DataRate: 8, SignalStrength: 94, AntiFragility: 86}, IQ: 68]
60s DecisionModule:ShowAllNetworks(): All detected networks:
       [Network #5, Technology = Wifi, Address = 02-06-00:00:00:00:00:07, { DataRate: 8, SignalStrength: 94, AntiFragility: 86}, IQ: 68]
       [Network #7, Technology = Wifi, Address = 02-06-00:00:00:00:00:09, { DataRate: 7, SignalStrength: 96, AntiFragility: 83}, IQ: 67]
       [Network #3, Technology = Wifi, Address = 02-06-00:00:00:00:00:05, { DataRate: 52, SignalStrength: 17, AntiFragility: 96}, IQ: 65]
       [Network #2, Technology = Wifi, Address = 02-06-00:00:00:00:00:04, { DataRate: 9, SignalStrength: 94, AntiFragility: 55}, IQ: 53]
       [Network #9, Technology = Wimax, Address = 02-06-00:00:00:00:00:0c, { DataRate: 3, SignalStrength: 60, AntiFragility: 69}, IQ: 50]
       [Network #8, Technology = Wimax, Address = 02-06-00:00:00:00:00:0b, { DataRate: 94, SignalStrength: 47, AntiFragility: 31}, IQ: 50]
       [Network #6, Technology = Wifi, Address = 02-06-00:00:00:00:00:08, { DataRate: 28, SignalStrength: 78, AntiFragility: 36}, IQ: 44]
       [Network #4, Technology = Wifi, Address = 02-06-00:00:00:00:00:06, { DataRate: 9, SignalStrength: 24, AntiFragility: 72}, IQ: 44]
       [Network #0, Technology = Wifi, Address = 02-06-00:00:00:00:00:02, { DataRate: 82, SignalStrength: 52, AntiFragility: 10}, IQ: 38]
       [Network #1, Technology = Wifi, Address = 02-06-00:00:00:00:00:03, { DataRate: 58, SignalStrength: 36, AntiFragility: 15}, IQ: 31]
60s ExecutionModule:Run(): Decision time => Seconds: 0, Miliseconds: 208
60s ExecutionModule:Run(): Handover time => Seconds: 0, Miliseconds: 339
60s ExecutionModule:Run(): Event: Horizontal Handover.
60s DeviceModule:MoveRandom(): New position: (82, 70)
61s DeviceModule:MoveRandom(): New position: (83, 70)
62s DeviceModule:MoveRandom(): New position: (83, 69)
63s DeviceModule:MoveRandom(): New position: (83, 68)
64s DeviceModule:MoveRandom(): New position: (82, 68)
65s DeviceModule:MoveRandom(): New position: (82, 69)
66s DeviceModule:MoveRandom(): New position: (82, 70)
67s DeviceModule:MoveRandom(): New position: (82, 69)
68s DeviceModule:MoveRandom(): New position: (82, 68)
69s DeviceModule:MoveRandom(): New position: (82, 69)
70s DeviceModule:MoveRandom(): New position: (83, 69)
71s DeviceModule:MoveRandom(): New position: (83, 70)
72s DeviceModule:MoveRandom(): New position: (83, 69)
73s DeviceModule:MoveRandom(): New position: (83, 68)
74s DeviceModule:MoveRandom(): New position: (82, 68)
75s DeviceModule:MoveRandom(): New position: (81, 68)
76s DeviceModule:MoveRandom(): New position: (82, 68)
77s DeviceModule:MoveRandom(): New position: (83, 68)
78s DeviceModule:MoveRandom(): New position: (83, 69)
79s DeviceModule:MoveRandom(): New position: (84, 69)
80s DecisionModule:Run(): Run decision
80s DecisionModule:AnalyzingNetworks(): Current Network: 
       [Network #7, Technology = Wifi, Address = 02-06-00:00:00:00:00:09, { DataRate: 40, SignalStrength: 99, AntiFragility: 76}, IQ: 72]
80s DecisionModule:ShowAllNetworks(): All detected networks:
       [Network #7, Technology = Wifi, Address = 02-06-00:00:00:00:00:09, { DataRate: 40, SignalStrength: 99, AntiFragility: 76}, IQ: 72]
       [Network #6, Technology = Wifi, Address = 02-06-00:00:00:00:00:08, { DataRate: 67, SignalStrength: 43, AntiFragility: 86}, IQ: 70]
       [Network #2, Technology = Wifi, Address = 02-06-00:00:00:00:00:04, { DataRate: 46, SignalStrength: 67, AntiFragility: 72}, IQ: 64]
       [Network #5, Technology = Wifi, Address = 02-06-00:00:00:00:00:07, { DataRate: 46, SignalStrength: 95, AntiFragility: 50}, IQ: 60]
       [Network #8, Technology = Wimax, Address = 02-06-00:00:00:00:00:0b, { DataRate: 47, SignalStrength: 3, AntiFragility: 89}, IQ: 57]
       [Network #1, Technology = Wifi, Address = 02-06-00:00:00:00:00:03, { DataRate: 92, SignalStrength: 62, AntiFragility: 36}, IQ: 56]
       [Network #4, Technology = Wifi, Address = 02-06-00:00:00:00:00:06, { DataRate: 18, SignalStrength: 11, AntiFragility: 73}, IQ: 43]
       [Network #3, Technology = Wifi, Address = 02-06-00:00:00:00:00:05, { DataRate: 32, SignalStrength: 72, AntiFragility: 19}, IQ: 35]
       [Network #9, Technology = Wimax, Address = 02-06-00:00:00:00:00:0c, { DataRate: 44, SignalStrength: 62, AntiFragility: 6}, IQ: 29]
       [Network #0, Technology = Wifi, Address = 02-06-00:00:00:00:00:02, { DataRate: 8, SignalStrength: 20, AntiFragility: 25}, IQ: 19]
80s ExecutionModule:Run(): Decision time => Seconds: 0, Miliseconds: 363
80s ExecutionModule:Run(): Handover time => Seconds: 0, Miliseconds: 162
80s ExecutionModule:Run(): Event: Horizontal Handover.
80s DeviceModule:MoveRandom(): New position: (84, 70)
81s DeviceModule:MoveRandom(): New position: (85, 70)
82s DeviceModule:MoveRandom(): New position: (85, 71)
83s DeviceModule:MoveRandom(): New position: (86, 71)
84s DeviceModule:MoveRandom(): New position: (85, 71)
85s DeviceModule:MoveRandom(): New position: (85, 70)
86s DeviceModule:MoveRandom(): New position: (84, 70)
87s DeviceModule:MoveRandom(): New position: (83, 70)
88s DeviceModule:MoveRandom(): New position: (83, 69)
89s DeviceModule:MoveRandom(): New position: (83, 68)
90s DeviceModule:MoveRandom(): New position: (83, 67)
91s DeviceModule:MoveRandom(): New position: (84, 67)
92s DeviceModule:MoveRandom(): New position: (83, 67)
93s DeviceModule:MoveRandom(): New position: (83, 66)
94s DeviceModule:MoveRandom(): New position: (84, 66)
95s DeviceModule:MoveRandom(): New position: (83, 66)
96s DeviceModule:MoveRandom(): New position: (83, 67)
97s DeviceModule:MoveRandom(): New position: (83, 68)
98s DeviceModule:MoveRandom(): New position: (83, 67)
99s DeviceModule:MoveRandom(): New position: (83, 66)
100s DecisionModule:Run(): Run decision
100s DecisionModule:AnalyzingNetworks(): Current Network: 
       [Network #2, Technology = Wifi, Address = 02-06-00:00:00:00:00:04, { DataRate: 79, SignalStrength: 94, AntiFragility: 68}, IQ: 77]
100s DecisionModule:ShowAllNetworks(): All detected networks:
       [Network #2, Technology = Wifi, Address = 02-06-00:00:00:00:00:04, { DataRate: 79, SignalStrength: 94, AntiFragility: 68}, IQ: 77]
       [Network #1, Technology = Wifi, Address = 02-06-00:00:00:00:00:03, { DataRate: 46, SignalStrength: 92, AntiFragility: 73}, IQ: 71]
       [Network #3, Technology = Wifi, Address = 02-06-00:00:00:00:00:05, { DataRate: 86, SignalStrength: 91, AntiFragility: 51}, IQ: 69]
       [Network #9, Technology = Wimax, Address = 02-06-00:00:00:00:00:0c, { DataRate: 57, SignalStrength: 48, AntiFragility: 86}, IQ: 69]
       [Network #8, Technology = Wimax, Address = 02-06-00:00:00:00:00:0b, { DataRate: 62, SignalStrength: 49, AntiFragility: 80}, IQ: 67]
       [Network #7, Technology = Wifi, Address = 02-06-00:00:00:00:00:09, { DataRate: 24, SignalStrength: 72, AntiFragility: 42}, IQ: 45]
       [Network #6, Technology = Wifi, Address = 02-06-00:00:00:00:00:08, { DataRate: 87, SignalStrength: 45, AntiFragility: 22}, IQ: 44]
       [Network #4, Technology = Wifi, Address = 02-06-00:00:00:00:00:06, { DataRate: 67, SignalStrength: 39, AntiFragility: 31}, IQ: 42]
       [Network #5, Technology = Wifi, Address = 02-06-00:00:00:00:00:07, { DataRate: 88, SignalStrength: 54, AntiFragility: 5}, IQ: 38]
       [Network #0, Technology = Wifi, Address = 02-06-00:00:00:00:00:02, { DataRate: 84, SignalStrength: 60, AntiFragility: 4}, IQ: 38]
100s ExecutionModule:Run(): Decision time => Seconds: 0, Miliseconds: 220
100s ExecutionModule:Run(): Handover time => Seconds: 0, Miliseconds: 118
100s ExecutionModule:Run(): Event: Horizontal Handover.
100s DeviceModule:MoveRandom(): New position: (83, 65)
101s DeviceModule:MoveRandom(): New position: (83, 64)
102s DeviceModule:MoveRandom(): New position: (83, 65)
103s DeviceModule:MoveRandom(): New position: (84, 65)
104s DeviceModule:MoveRandom(): New position: (84, 64)
105s DeviceModule:MoveRandom(): New position: (84, 63)
106s DeviceModule:MoveRandom(): New position: (84, 64)
107s DeviceModule:MoveRandom(): New position: (83, 64)
108s DeviceModule:MoveRandom(): New position: (84, 64)
109s DeviceModule:MoveRandom(): New position: (84, 63)
110s DeviceModule:MoveRandom(): New position: (85, 63)
111s DeviceModule:MoveRandom(): New position: (84, 63)
112s DeviceModule:MoveRandom(): New position: (84, 62)
113s DeviceModule:MoveRandom(): New position: (84, 61)
114s DeviceModule:MoveRandom(): New position: (85, 61)
115s DeviceModule:MoveRandom(): New position: (84, 61)
116s DeviceModule:MoveRandom(): New position: (85, 61)
117s DeviceModule:MoveRandom(): New position: (84, 61)
118s DeviceModule:MoveRandom(): New position: (83, 61)
119s DeviceModule:MoveRandom(): New position: (82, 61)
120s DecisionModule:Run(): Run decision
120s DecisionModule:AnalyzingNetworks(): Current Network: 
       [Network #5, Technology = Wifi, Address = 02-06-00:00:00:00:00:07, { DataRate: 79, SignalStrength: 85, AntiFragility: 85}, IQ: 83]
120s DecisionModule:ShowAllNetworks(): All detected networks:
       [Network #5, Technology = Wifi, Address = 02-06-00:00:00:00:00:07, { DataRate: 79, SignalStrength: 85, AntiFragility: 85}, IQ: 83]
       [Network #9, Technology = Wimax, Address = 02-06-00:00:00:00:00:0c, { DataRate: 76, SignalStrength: 17, AntiFragility: 86}, IQ: 66]
       [Network #2, Technology = Wifi, Address = 02-06-00:00:00:00:00:04, { DataRate: 69, SignalStrength: 27, AntiFragility: 83}, IQ: 65]
       [Network #8, Technology = Wimax, Address = 02-06-00:00:00:00:00:0b, { DataRate: 34, SignalStrength: 89, AntiFragility: 59}, IQ: 60]
       [Network #3, Technology = Wifi, Address = 02-06-00:00:00:00:00:05, { DataRate: 59, SignalStrength: 11, AntiFragility: 77}, IQ: 56]
       [Network #6, Technology = Wifi, Address = 02-06-00:00:00:00:00:08, { DataRate: 81, SignalStrength: 74, AntiFragility: 29}, IQ: 53]
       [Network #7, Technology = Wifi, Address = 02-06-00:00:00:00:00:09, { DataRate: 38, SignalStrength: 68, AntiFragility: 52}, IQ: 52]
       [Network #1, Technology = Wifi, Address = 02-06-00:00:00:00:00:03, { DataRate: 66, SignalStrength: 34, AntiFragility: 38}, IQ: 44]
       [Network #4, Technology = Wifi, Address = 02-06-00:00:00:00:00:06, { DataRate: 9, SignalStrength: 62, AntiFragility: 5}, IQ: 20]
       [Network #0, Technology = Wifi, Address = 02-06-00:00:00:00:00:02, { DataRate: 11, SignalStrength: 7, AntiFragility: 32}, IQ: 20]
120s ExecutionModule:Run(): Decision time => Seconds: 0, Miliseconds: 207
120s ExecutionModule:Run(): Handover time => Seconds: 0, Miliseconds: 121
120s ExecutionModule:Run(): Event: Horizontal Handover.
120s DeviceModule:MoveRandom(): New position: (82, 60)
121s DeviceModule:MoveRandom(): New position: (81, 60)
122s DeviceModule:MoveRandom(): New position: (82, 60)
123s DeviceModule:MoveRandom(): New position: (82, 61)
124s DeviceModule:MoveRandom(): New position: (83, 61)
125s DeviceModule:MoveRandom(): New position: (84, 61)
126s DeviceModule:MoveRandom(): New position: (85, 61)
127s DeviceModule:MoveRandom(): New position: (86, 61)
128s DeviceModule:MoveRandom(): New position: (86, 60)
129s DeviceModule:MoveRandom(): New position: (86, 61)
130s DeviceModule:MoveRandom(): New position: (86, 62)
131s DeviceModule:MoveRandom(): New position: (86, 63)
132s DeviceModule:MoveRandom(): New position: (87, 63)
133s DeviceModule:MoveRandom(): New position: (87, 64)
134s DeviceModule:MoveRandom(): New position: (88, 64)
135s DeviceModule:MoveRandom(): New position: (89, 64)
136s DeviceModule:MoveRandom(): New position: (89, 65)
137s DeviceModule:MoveRandom(): New position: (88, 65)
138s DeviceModule:MoveRandom(): New position: (89, 65)
139s DeviceModule:MoveRandom(): New position: (89, 64)
140s DecisionModule:Run(): Run decision
140s DecisionModule:AnalyzingNetworks(): Current Network: 
       [Network #2, Technology = Wifi, Address = 02-06-00:00:00:00:00:04, { DataRate: 68, SignalStrength: 95, AntiFragility: 60}, IQ: 70]
140s DecisionModule:ShowAllNetworks(): All detected networks:
       [Network #2, Technology = Wifi, Address = 02-06-00:00:00:00:00:04, { DataRate: 68, SignalStrength: 95, AntiFragility: 60}, IQ: 70]
       [Network #9, Technology = Wimax, Address = 02-06-00:00:00:00:00:0c, { DataRate: 22, SignalStrength: 96, AntiFragility: 69}, IQ: 64]
       [Network #5, Technology = Wifi, Address = 02-06-00:00:00:00:00:07, { DataRate: 58, SignalStrength: 58, AntiFragility: 64}, IQ: 61]
       [Network #8, Technology = Wimax, Address = 02-06-00:00:00:00:00:0b, { DataRate: 45, SignalStrength: 56, AntiFragility: 69}, IQ: 59]
       [Network #6, Technology = Wifi, Address = 02-06-00:00:00:00:00:08, { DataRate: 73, SignalStrength: 43, AntiFragility: 24}, IQ: 41]
       [Network #4, Technology = Wifi, Address = 02-06-00:00:00:00:00:06, { DataRate: 94, SignalStrength: 10, AntiFragility: 29}, IQ: 40]
       [Network #7, Technology = Wifi, Address = 02-06-00:00:00:00:00:09, { DataRate: 35, SignalStrength: 23, AntiFragility: 50}, IQ: 39]
       [Network #3, Technology = Wifi, Address = 02-06-00:00:00:00:00:05, { DataRate: 13, SignalStrength: 64, AntiFragility: 37}, IQ: 37]
       [Network #1, Technology = Wifi, Address = 02-06-00:00:00:00:00:03, { DataRate: 16, SignalStrength: 77, AntiFragility: 19}, IQ: 32]
       [Network #0, Technology = Wifi, Address = 02-06-00:00:00:00:00:02, { DataRate: 35, SignalStrength: 54, AntiFragility: 14}, IQ: 29]
140s ExecutionModule:Run(): Decision time => Seconds: 0, Miliseconds: 208
140s ExecutionModule:Run(): Handover time => Seconds: 0, Miliseconds: 121
140s ExecutionModule:Run(): Event: Horizontal Handover.
140s DeviceModule:MoveRandom(): New position: (89, 65)
141s DeviceModule:MoveRandom(): New position: (89, 64)
142s DeviceModule:MoveRandom(): New position: (88, 64)
143s DeviceModule:MoveRandom(): New position: (89, 64)
144s DeviceModule:MoveRandom(): New position: (89, 63)
145s DeviceModule:MoveRandom(): New position: (90, 63)
146s DeviceModule:MoveRandom(): New position: (90, 62)
147s DeviceModule:MoveRandom(): New position: (91, 62)
148s DeviceModule:MoveRandom(): New position: (91, 61)
149s DeviceModule:MoveRandom(): New position: (90, 61)
150s DeviceModule:MoveRandom(): New position: (89, 61)
151s DeviceModule:MoveRandom(): New position: (89, 62)
152s DeviceModule:MoveRandom(): New position: (89, 61)
153s DeviceModule:MoveRandom(): New position: (90, 61)
154s DeviceModule:MoveRandom(): New position: (89, 61)
155s DeviceModule:MoveRandom(): New position: (90, 61)
156s DeviceModule:MoveRandom(): New position: (90, 60)
157s DeviceModule:MoveRandom(): New position: (90, 59)
158s DeviceModule:MoveRandom(): New position: (89, 59)
159s DeviceModule:MoveRandom(): New position: (88, 59)
160s DecisionModule:Run(): Run decision
160s DecisionModule:AnalyzingNetworks(): Current Network: 
       [Network #5, Technology = Wifi, Address = 02-06-00:00:00:00:00:07, { DataRate: 91, SignalStrength: 96, AntiFragility: 94}, IQ: 93]
160s DecisionModule:ShowAllNetworks(): All detected networks:
       [Network #5, Technology = Wifi, Address = 02-06-00:00:00:00:00:07, { DataRate: 91, SignalStrength: 96, AntiFragility: 94}, IQ: 93]
       [Network #7, Technology = Wifi, Address = 02-06-00:00:00:00:00:09, { DataRate: 77, SignalStrength: 52, AntiFragility: 98}, IQ: 81]
       [Network #1, Technology = Wifi, Address = 02-06-00:00:00:00:00:03, { DataRate: 80, SignalStrength: 83, AntiFragility: 68}, IQ: 74]
       [Network #0, Technology = Wifi, Address = 02-06-00:00:00:00:00:02, { DataRate: 64, SignalStrength: 23, AntiFragility: 73}, IQ: 58]
       [Network #4, Technology = Wifi, Address = 02-06-00:00:00:00:00:06, { DataRate: 98, SignalStrength: 59, AntiFragility: 26}, IQ: 52]
       [Network #9, Technology = Wimax, Address = 02-06-00:00:00:00:00:0c, { DataRate: 78, SignalStrength: 69, AntiFragility: 30}, IQ: 51]
       [Network #2, Technology = Wifi, Address = 02-06-00:00:00:00:00:04, { DataRate: 24, SignalStrength: 18, AntiFragility: 69}, IQ: 45]
       [Network #6, Technology = Wifi, Address = 02-06-00:00:00:00:00:08, { DataRate: 40, SignalStrength: 89, AntiFragility: 24}, IQ: 44]
       [Network #3, Technology = Wifi, Address = 02-06-00:00:00:00:00:05, { DataRate: 35, SignalStrength: 86, AntiFragility: 8}, IQ: 34]
       [Network #8, Technology = Wimax, Address = 02-06-00:00:00:00:00:0b, { DataRate: 38, SignalStrength: 37, AntiFragility: 3}, IQ: 20]
160s ExecutionModule:Run(): Decision time => Seconds: 0, Miliseconds: 227
160s ExecutionModule:Run(): Handover time => Seconds: 0, Miliseconds: 123
160s ExecutionModule:Run(): Event: Horizontal Handover.
160s DeviceModule:MoveRandom(): New position: (87, 59)
161s DeviceModule:MoveRandom(): New position: (88, 59)
162s DeviceModule:MoveRandom(): New position: (88, 60)
163s DeviceModule:MoveRandom(): New position: (89, 60)
164s DeviceModule:MoveRandom(): New position: (90, 60)
165s DeviceModule:MoveRandom(): New position: (91, 60)
166s DeviceModule:MoveRandom(): New position: (90, 60)
167s DeviceModule:MoveRandom(): New position: (90, 59)
168s DeviceModule:MoveRandom(): New position: (90, 60)
169s DeviceModule:MoveRandom(): New position: (90, 61)
170s DeviceModule:MoveRandom(): New position: (90, 62)
171s DeviceModule:MoveRandom(): New position: (89, 62)
172s DeviceModule:MoveRandom(): New position: (89, 63)
173s DeviceModule:MoveRandom(): New position: (88, 63)
174s DeviceModule:MoveRandom(): New position: (88, 62)
175s DeviceModule:MoveRandom(): New position: (87, 62)
176s DeviceModule:MoveRandom(): New position: (86, 62)
177s DeviceModule:MoveRandom(): New position: (87, 62)
178s DeviceModule:MoveRandom(): New position: (86, 62)
179s DeviceModule:MoveRandom(): New position: (85, 62)
180s DecisionModule:Run(): Run decision
180s DecisionModule:AnalyzingNetworks(): Current Network: 
       [Network #1, Technology = Wifi, Address = 02-06-00:00:00:00:00:03, { DataRate: 48, SignalStrength: 91, AntiFragility: 73}, IQ: 71]
180s DecisionModule:ShowAllNetworks(): All detected networks:
       [Network #1, Technology = Wifi, Address = 02-06-00:00:00:00:00:03, { DataRate: 48, SignalStrength: 91, AntiFragility: 73}, IQ: 71]
       [Network #4, Technology = Wifi, Address = 02-06-00:00:00:00:00:06, { DataRate: 79, SignalStrength: 69, AntiFragility: 57}, IQ: 65]
       [Network #7, Technology = Wifi, Address = 02-06-00:00:00:00:00:09, { DataRate: 17, SignalStrength: 28, AntiFragility: 91}, IQ: 56]
       [Network #8, Technology = Wimax, Address = 02-06-00:00:00:00:00:0b, { DataRate: 99, SignalStrength: 21, AntiFragility: 53}, IQ: 56]
       [Network #5, Technology = Wifi, Address = 02-06-00:00:00:00:00:07, { DataRate: 57, SignalStrength: 47, AntiFragility: 58}, IQ: 55]
       [Network #9, Technology = Wimax, Address = 02-06-00:00:00:00:00:0c, { DataRate: 33, SignalStrength: 48, AntiFragility: 61}, IQ: 50]
       [Network #3, Technology = Wifi, Address = 02-06-00:00:00:00:00:05, { DataRate: 21, SignalStrength: 52, AntiFragility: 58}, IQ: 47]
       [Network #0, Technology = Wifi, Address = 02-06-00:00:00:00:00:02, { DataRate: 78, SignalStrength: 93, AntiFragility: 8}, IQ: 46]
       [Network #2, Technology = Wifi, Address = 02-06-00:00:00:00:00:04, { DataRate: 18, SignalStrength: 73, AntiFragility: 36}, IQ: 40]
       [Network #6, Technology = Wifi, Address = 02-06-00:00:00:00:00:08, { DataRate: 4, SignalStrength: 36, AntiFragility: 46}, IQ: 33]
180s ExecutionModule:Run(): Decision time => Seconds: 0, Miliseconds: 204
180s ExecutionModule:Run(): Handover time => Seconds: 0, Miliseconds: 120
180s ExecutionModule:Run(): Event: Horizontal Handover.
180s DeviceModule:MoveRandom(): New position: (84, 62)
181s DeviceModule:MoveRandom(): New position: (83, 62)
182s DeviceModule:MoveRandom(): New position: (83, 61)
183s DeviceModule:MoveRandom(): New position: (84, 61)
184s DeviceModule:MoveRandom(): New position: (84, 60)
185s DeviceModule:MoveRandom(): New position: (84, 61)
186s DeviceModule:MoveRandom(): New position: (85, 61)
187s DeviceModule:MoveRandom(): New position: (85, 62)
188s DeviceModule:MoveRandom(): New position: (86, 62)
189s DeviceModule:MoveRandom(): New position: (86, 61)
190s DeviceModule:MoveRandom(): New position: (87, 61)
191s DeviceModule:MoveRandom(): New position: (87, 62)
192s DeviceModule:MoveRandom(): New position: (88, 62)
193s DeviceModule:MoveRandom(): New position: (88, 61)
194s DeviceModule:MoveRandom(): New position: (88, 62)
195s DeviceModule:MoveRandom(): New position: (89, 62)
196s DeviceModule:MoveRandom(): New position: (89, 63)
197s DeviceModule:MoveRandom(): New position: (89, 62)
198s DeviceModule:MoveRandom(): New position: (88, 62)
199s DeviceModule:MoveRandom(): New position: (88, 61)
