Waf: Entering directory `/home/renan/Documents/NR2/ns-allinone-3.20/ns-3.20/build'
Waf: Leaving directory `/home/renan/Documents/NR2/ns-allinone-3.20/ns-3.20/build'
'build' finished successfully (1.814s)
0s NetworkModule:SetPosition(): Network 0 set position => (60, 100)
0s NetworkModule:SetRange(): Network 0 set range => 100
0s NetworkModule:SetPosition(): Network 1 set position => (45, 47)
0s NetworkModule:SetRange(): Network 1 set range => 100
0s NetworkModule:SetPosition(): Network 2 set position => (99, 126)
0s NetworkModule:SetRange(): Network 2 set range => 100
0s NetworkModule:SetPosition(): Network 3 set position => (116, 55)
0s NetworkModule:SetRange(): Network 3 set range => 100
0s NetworkModule:SetPosition(): Network 4 set position => (55, 0)
0s NetworkModule:SetRange(): Network 4 set range => 100
0s NetworkModule:SetPosition(): Network 5 set position => (147, 17)
0s NetworkModule:SetRange(): Network 5 set range => 100
0s NetworkModule:SetPosition(): Network 6 set position => (17, 132)
0s NetworkModule:SetRange(): Network 6 set range => 100
0s NetworkModule:SetPosition(): Network 7 set position => (14, 16)
0s NetworkModule:SetRange(): Network 7 set range => 100
0s NetworkModule:SetPosition(): Network 8 set position => (139, 123)
0s NetworkModule:SetRange(): Network 8 set range => 100
0s NetworkModule:SetPosition(): Network 9 set position => (118, 147)
0s NetworkModule:SetRange(): Network 9 set range => 100
0s DeviceModule:ConfigureMobility(): Device [init x = 75, init y = 75, max = 150, velocity = 3]
1s DeviceModule:MoveRandom(): New position: (78, 75)
1s DecisionModule:AddNetworkToList(): Network detected
1s DecisionModule:AddNetworkToList(): Network detected
1s DecisionModule:AddNetworkToList(): Network detected
1s DecisionModule:AddNetworkToList(): Network detected
1s DecisionModule:AddNetworkToList(): Network detected
1s DecisionModule:AddNetworkToList(): Network detected
1s DecisionModule:AddNetworkToList(): Network detected
1s DecisionModule:AddNetworkToList(): Network detected
1s DecisionModule:AddNetworkToList(): Network detected
1s DecisionModule:AddNetworkToList(): Network detected
2s DeviceModule:MoveRandom(): New position: (78, 72)
3s DeviceModule:MoveRandom(): New position: (78, 69)
4s DeviceModule:MoveRandom(): New position: (75, 69)
5s DeviceModule:MoveRandom(): New position: (78, 69)
6s DeviceModule:MoveRandom(): New position: (78, 66)
7s DeviceModule:MoveRandom(): New position: (78, 63)
8s DeviceModule:MoveRandom(): New position: (75, 63)
9s DeviceModule:MoveRandom(): New position: (72, 63)
10s DeviceModule:MoveRandom(): New position: (69, 63)
11s DeviceModule:MoveRandom(): New position: (66, 63)
12s DeviceModule:MoveRandom(): New position: (63, 63)
13s DeviceModule:MoveRandom(): New position: (63, 60)
13s DecisionModule:RemoveNetworkFromList(): Network: 9 out of range!
14s DeviceModule:MoveRandom(): New position: (63, 63)
14s DecisionModule:AddNetworkToList(): Network detected
15s DeviceModule:MoveRandom(): New position: (63, 60)
15s DecisionModule:RemoveNetworkFromList(): Network: 9 out of range!
16s DeviceModule:MoveRandom(): New position: (60, 60)
16s DecisionModule:RemoveNetworkFromList(): Network: 8 out of range!
17s DeviceModule:MoveRandom(): New position: (63, 60)
17s DecisionModule:AddNetworkToList(): Network detected
18s DeviceModule:MoveRandom(): New position: (63, 57)
19s DeviceModule:MoveRandom(): New position: (60, 57)
19s DecisionModule:RemoveNetworkFromList(): Network: 8 out of range!
20s DecisionModule:Run(): Run decision
20s DecisionModule:AnalyzingNetworks(): Current Network: 
       [Network #4, Technology = Wifi, Address = 02-06-00:00:00:00:00:06, { DataRate: 69, SignalStrength: 61, AntiFragility: 68}, IQ: 66]
20s DecisionModule:ShowAllNetworks(): All detected networks:
       [Network #4, Technology = Wifi, Address = 02-06-00:00:00:00:00:06, { DataRate: 69, SignalStrength: 61, AntiFragility: 68}, IQ: 66]
       [Network #0, Technology = Wifi, Address = 02-06-00:00:00:00:00:02, { DataRate: 10, SignalStrength: 72, AntiFragility: 62}, IQ: 51]
       [Network #2, Technology = Wifi, Address = 02-06-00:00:00:00:00:04, { DataRate: 77, SignalStrength: 33, AntiFragility: 35}, IQ: 45]
       [Network #5, Technology = Wifi, Address = 02-06-00:00:00:00:00:07, { DataRate: 27, SignalStrength: 86, AntiFragility: 31}, IQ: 43]
       [Network #3, Technology = Wifi, Address = 02-06-00:00:00:00:00:05, { DataRate: 22, SignalStrength: 22, AntiFragility: 58}, IQ: 40]
       [Network #7, Technology = Wifi, Address = 02-06-00:00:00:00:00:09, { DataRate: 86, SignalStrength: 51, AntiFragility: 12}, IQ: 40]
       [Network #6, Technology = Wifi, Address = 02-06-00:00:00:00:00:08, { DataRate: 77, SignalStrength: 12, AntiFragility: 19}, IQ: 31]
       [Network #1, Technology = Wifi, Address = 02-06-00:00:00:00:00:03, { DataRate: 38, SignalStrength: 4, AntiFragility: 40}, IQ: 30]
20s DeviceModule:MoveRandom(): New position: (63, 57)
20s DecisionModule:AddNetworkToList(): Network detected
21s DeviceModule:MoveRandom(): New position: (60, 57)
21s DecisionModule:RemoveNetworkFromList(): Network: 8 out of range!
22s DeviceModule:MoveRandom(): New position: (63, 57)
22s DecisionModule:AddNetworkToList(): Network detected
23s DeviceModule:MoveRandom(): New position: (63, 60)
24s DeviceModule:MoveRandom(): New position: (60, 60)
24s DecisionModule:RemoveNetworkFromList(): Network: 8 out of range!
25s DeviceModule:MoveRandom(): New position: (60, 57)
26s DeviceModule:MoveRandom(): New position: (60, 54)
27s DeviceModule:MoveRandom(): New position: (60, 51)
28s DeviceModule:MoveRandom(): New position: (57, 51)
29s DeviceModule:MoveRandom(): New position: (57, 54)
30s DeviceModule:MoveRandom(): New position: (54, 54)
31s DeviceModule:MoveRandom(): New position: (57, 54)
32s DeviceModule:MoveRandom(): New position: (60, 54)
33s DeviceModule:MoveRandom(): New position: (63, 54)
34s DeviceModule:MoveRandom(): New position: (63, 57)
34s DecisionModule:AddNetworkToList(): Network detected
35s DeviceModule:MoveRandom(): New position: (63, 54)
35s DecisionModule:RemoveNetworkFromList(): Network: 8 out of range!
36s DeviceModule:MoveRandom(): New position: (66, 54)
36s DecisionModule:AddNetworkToList(): Network detected
37s DeviceModule:MoveRandom(): New position: (63, 54)
37s DecisionModule:RemoveNetworkFromList(): Network: 8 out of range!
38s DeviceModule:MoveRandom(): New position: (63, 57)
38s DecisionModule:AddNetworkToList(): Network detected
39s DeviceModule:MoveRandom(): New position: (60, 57)
39s DecisionModule:RemoveNetworkFromList(): Network: 8 out of range!
40s DecisionModule:Run(): Run decision
40s DecisionModule:AnalyzingNetworks(): Current Network: 
       [Network #6, Technology = Wifi, Address = 02-06-00:00:00:00:00:08, { DataRate: 91, SignalStrength: 16, AntiFragility: 93}, IQ: 73]
40s DecisionModule:ShowAllNetworks(): All detected networks:
       [Network #6, Technology = Wifi, Address = 02-06-00:00:00:00:00:08, { DataRate: 91, SignalStrength: 16, AntiFragility: 93}, IQ: 73]
       [Network #4, Technology = Wifi, Address = 02-06-00:00:00:00:00:06, { DataRate: 69, SignalStrength: 27, AntiFragility: 94}, IQ: 71]
       [Network #2, Technology = Wifi, Address = 02-06-00:00:00:00:00:04, { DataRate: 27, SignalStrength: 90, AntiFragility: 80}, IQ: 69]
       [Network #5, Technology = Wifi, Address = 02-06-00:00:00:00:00:07, { DataRate: 77, SignalStrength: 94, AntiFragility: 54}, IQ: 69]
       [Network #3, Technology = Wifi, Address = 02-06-00:00:00:00:00:05, { DataRate: 64, SignalStrength: 53, AntiFragility: 61}, IQ: 59]
       [Network #7, Technology = Wifi, Address = 02-06-00:00:00:00:00:09, { DataRate: 73, SignalStrength: 45, AntiFragility: 55}, IQ: 57]
       [Network #1, Technology = Wifi, Address = 02-06-00:00:00:00:00:03, { DataRate: 44, SignalStrength: 51, AntiFragility: 38}, IQ: 42]
       [Network #0, Technology = Wifi, Address = 02-06-00:00:00:00:00:02, { DataRate: 1, SignalStrength: 94, AntiFragility: 18}, IQ: 32]
40s ExecutionModule:Run(): Decision time => Seconds: 0, Miliseconds: 191
40s ExecutionModule:Run(): Handover time => Seconds: 0, Miliseconds: 177
40s ExecutionModule:Run(): Event: Horizontal Handover.
40s DeviceModule:MoveRandom(): New position: (63, 57)
40s DecisionModule:AddNetworkToList(): Network detected
41s DeviceModule:MoveRandom(): New position: (60, 57)
41s DecisionModule:RemoveNetworkFromList(): Network: 8 out of range!
42s DeviceModule:MoveRandom(): New position: (60, 54)
43s DeviceModule:MoveRandom(): New position: (60, 51)
44s DeviceModule:MoveRandom(): New position: (57, 51)
45s DeviceModule:MoveRandom(): New position: (57, 54)
46s DeviceModule:MoveRandom(): New position: (60, 54)
47s DeviceModule:MoveRandom(): New position: (63, 54)
48s DeviceModule:MoveRandom(): New position: (66, 54)
48s DecisionModule:AddNetworkToList(): Network detected
49s DeviceModule:MoveRandom(): New position: (66, 57)
50s DeviceModule:MoveRandom(): New position: (63, 57)
51s DeviceModule:MoveRandom(): New position: (66, 57)
52s DeviceModule:MoveRandom(): New position: (66, 54)
53s DeviceModule:MoveRandom(): New position: (66, 57)
54s DeviceModule:MoveRandom(): New position: (66, 54)
55s DeviceModule:MoveRandom(): New position: (66, 51)
55s DecisionModule:RemoveNetworkFromList(): Network: 8 out of range!
56s DeviceModule:MoveRandom(): New position: (63, 51)
57s DeviceModule:MoveRandom(): New position: (63, 54)
58s DeviceModule:MoveRandom(): New position: (66, 54)
58s DecisionModule:AddNetworkToList(): Network detected
59s DeviceModule:MoveRandom(): New position: (66, 51)
59s DecisionModule:RemoveNetworkFromList(): Network: 8 out of range!
60s DecisionModule:Run(): Run decision
60s DecisionModule:AnalyzingNetworks(): Current Network: 
       [Network #5, Technology = Wifi, Address = 02-06-00:00:00:00:00:07, { DataRate: 82, SignalStrength: 22, AntiFragility: 83}, IQ: 67]
60s DecisionModule:ShowAllNetworks(): All detected networks:
       [Network #5, Technology = Wifi, Address = 02-06-00:00:00:00:00:07, { DataRate: 82, SignalStrength: 22, AntiFragility: 83}, IQ: 67]
       [Network #3, Technology = Wifi, Address = 02-06-00:00:00:00:00:05, { DataRate: 71, SignalStrength: 52, AntiFragility: 51}, IQ: 56]
       [Network #2, Technology = Wifi, Address = 02-06-00:00:00:00:00:04, { DataRate: 77, SignalStrength: 75, AntiFragility: 26}, IQ: 51]
       [Network #6, Technology = Wifi, Address = 02-06-00:00:00:00:00:08, { DataRate: 90, SignalStrength: 39, AntiFragility: 37}, IQ: 50]
       [Network #1, Technology = Wifi, Address = 02-06-00:00:00:00:00:03, { DataRate: 1, SignalStrength: 34, AntiFragility: 73}, IQ: 45]
       [Network #0, Technology = Wifi, Address = 02-06-00:00:00:00:00:02, { DataRate: 83, SignalStrength: 78, AntiFragility: 2}, IQ: 41]
       [Network #7, Technology = Wifi, Address = 02-06-00:00:00:00:00:09, { DataRate: 58, SignalStrength: 60, AntiFragility: 12}, IQ: 35]
       [Network #4, Technology = Wifi, Address = 02-06-00:00:00:00:00:06, { DataRate: 47, SignalStrength: 9, AntiFragility: 30}, IQ: 29]
60s ExecutionModule:Run(): Decision time => Seconds: 0, Miliseconds: 196
60s ExecutionModule:Run(): Handover time => Seconds: 0, Miliseconds: 332
60s ExecutionModule:Run(): Event: Horizontal Handover.
60s DeviceModule:MoveRandom(): New position: (66, 48)
61s DeviceModule:MoveRandom(): New position: (66, 45)
62s DeviceModule:MoveRandom(): New position: (63, 45)
63s DeviceModule:MoveRandom(): New position: (63, 42)
63s DecisionModule:RemoveNetworkFromList(): Network: 6 out of range!
64s DeviceModule:MoveRandom(): New position: (63, 45)
64s DecisionModule:AddNetworkToList(): Network detected
65s DeviceModule:MoveRandom(): New position: (63, 48)
66s DeviceModule:MoveRandom(): New position: (63, 51)
67s DeviceModule:MoveRandom(): New position: (66, 51)
68s DeviceModule:MoveRandom(): New position: (69, 51)
68s DecisionModule:AddNetworkToList(): Network detected
69s DeviceModule:MoveRandom(): New position: (72, 51)
70s DeviceModule:MoveRandom(): New position: (69, 51)
71s DeviceModule:MoveRandom(): New position: (66, 51)
71s DecisionModule:RemoveNetworkFromList(): Network: 8 out of range!
72s DeviceModule:MoveRandom(): New position: (63, 51)
73s DeviceModule:MoveRandom(): New position: (66, 51)
74s DeviceModule:MoveRandom(): New position: (66, 54)
74s DecisionModule:AddNetworkToList(): Network detected
75s DeviceModule:MoveRandom(): New position: (66, 51)
75s DecisionModule:RemoveNetworkFromList(): Network: 8 out of range!
76s DeviceModule:MoveRandom(): New position: (66, 54)
76s DecisionModule:AddNetworkToList(): Network detected
77s DeviceModule:MoveRandom(): New position: (69, 54)
78s DeviceModule:MoveRandom(): New position: (69, 51)
79s DeviceModule:MoveRandom(): New position: (66, 51)
79s DecisionModule:RemoveNetworkFromList(): Network: 8 out of range!
80s DecisionModule:Run(): Run decision
80s DecisionModule:AnalyzingNetworks(): Current Network: 
       [Network #4, Technology = Wifi, Address = 02-06-00:00:00:00:00:06, { DataRate: 76, SignalStrength: 73, AntiFragility: 87}, IQ: 80]
80s DecisionModule:ShowAllNetworks(): All detected networks:
       [Network #4, Technology = Wifi, Address = 02-06-00:00:00:00:00:06, { DataRate: 76, SignalStrength: 73, AntiFragility: 87}, IQ: 80]
       [Network #7, Technology = Wifi, Address = 02-06-00:00:00:00:00:09, { DataRate: 93, SignalStrength: 65, AntiFragility: 80}, IQ: 79]
       [Network #6, Technology = Wifi, Address = 02-06-00:00:00:00:00:08, { DataRate: 94, SignalStrength: 21, AntiFragility: 90}, IQ: 73]
       [Network #0, Technology = Wifi, Address = 02-06-00:00:00:00:00:02, { DataRate: 31, SignalStrength: 90, AntiFragility: 68}, IQ: 64]
       [Network #5, Technology = Wifi, Address = 02-06-00:00:00:00:00:07, { DataRate: 94, SignalStrength: 73, AntiFragility: 44}, IQ: 63]
       [Network #2, Technology = Wifi, Address = 02-06-00:00:00:00:00:04, { DataRate: 28, SignalStrength: 69, AntiFragility: 67}, IQ: 57]
       [Network #3, Technology = Wifi, Address = 02-06-00:00:00:00:00:05, { DataRate: 99, SignalStrength: 20, AntiFragility: 29}, IQ: 44]
       [Network #1, Technology = Wifi, Address = 02-06-00:00:00:00:00:03, { DataRate: 29, SignalStrength: 37, AntiFragility: 56}, IQ: 44]
80s ExecutionModule:Run(): Decision time => Seconds: 0, Miliseconds: 196
80s ExecutionModule:Run(): Handover time => Seconds: 0, Miliseconds: 120
80s ExecutionModule:Run(): Event: Horizontal Handover.
80s DeviceModule:MoveRandom(): New position: (63, 51)
81s DeviceModule:MoveRandom(): New position: (60, 51)
82s DeviceModule:MoveRandom(): New position: (60, 54)
83s DeviceModule:MoveRandom(): New position: (60, 51)
84s DeviceModule:MoveRandom(): New position: (60, 48)
85s DeviceModule:MoveRandom(): New position: (63, 48)
86s DeviceModule:MoveRandom(): New position: (60, 48)
87s DeviceModule:MoveRandom(): New position: (60, 45)
88s DeviceModule:MoveRandom(): New position: (60, 48)
89s DeviceModule:MoveRandom(): New position: (60, 51)
90s DeviceModule:MoveRandom(): New position: (63, 51)
91s DeviceModule:MoveRandom(): New position: (60, 51)
92s DeviceModule:MoveRandom(): New position: (57, 51)
93s DeviceModule:MoveRandom(): New position: (57, 48)
94s DeviceModule:MoveRandom(): New position: (57, 45)
95s DeviceModule:MoveRandom(): New position: (57, 48)
96s DeviceModule:MoveRandom(): New position: (60, 48)
97s DeviceModule:MoveRandom(): New position: (63, 48)
98s DeviceModule:MoveRandom(): New position: (63, 51)
99s DeviceModule:MoveRandom(): New position: (63, 48)
100s DecisionModule:Run(): Run decision
100s DecisionModule:AnalyzingNetworks(): Current Network: 
       [Network #6, Technology = Wifi, Address = 02-06-00:00:00:00:00:08, { DataRate: 64, SignalStrength: 95, AntiFragility: 59}, IQ: 69]
100s DecisionModule:ShowAllNetworks(): All detected networks:
       [Network #6, Technology = Wifi, Address = 02-06-00:00:00:00:00:08, { DataRate: 64, SignalStrength: 95, AntiFragility: 59}, IQ: 69]
       [Network #4, Technology = Wifi, Address = 02-06-00:00:00:00:00:06, { DataRate: 62, SignalStrength: 85, AntiFragility: 62}, IQ: 67]
       [Network #5, Technology = Wifi, Address = 02-06-00:00:00:00:00:07, { DataRate: 29, SignalStrength: 56, AntiFragility: 90}, IQ: 66]
       [Network #3, Technology = Wifi, Address = 02-06-00:00:00:00:00:05, { DataRate: 54, SignalStrength: 18, AntiFragility: 79}, IQ: 57]
       [Network #2, Technology = Wifi, Address = 02-06-00:00:00:00:00:04, { DataRate: 63, SignalStrength: 86, AntiFragility: 12}, IQ: 43]
       [Network #0, Technology = Wifi, Address = 02-06-00:00:00:00:00:02, { DataRate: 44, SignalStrength: 39, AntiFragility: 41}, IQ: 41]
       [Network #1, Technology = Wifi, Address = 02-06-00:00:00:00:00:03, { DataRate: 68, SignalStrength: 31, AntiFragility: 26}, IQ: 37]
       [Network #7, Technology = Wifi, Address = 02-06-00:00:00:00:00:09, { DataRate: 58, SignalStrength: 24, AntiFragility: 32}, IQ: 36]
100s ExecutionModule:Run(): Decision time => Seconds: 0, Miliseconds: 222
100s ExecutionModule:Run(): Handover time => Seconds: 0, Miliseconds: 119
100s ExecutionModule:Run(): Event: Horizontal Handover.
100s DeviceModule:MoveRandom(): New position: (63, 51)
101s DeviceModule:MoveRandom(): New position: (60, 51)
102s DeviceModule:MoveRandom(): New position: (60, 54)
103s DeviceModule:MoveRandom(): New position: (63, 54)
104s DeviceModule:MoveRandom(): New position: (66, 54)
104s DecisionModule:AddNetworkToList(): Network detected
105s DeviceModule:MoveRandom(): New position: (63, 54)
105s DecisionModule:RemoveNetworkFromList(): Network: 8 out of range!
106s DeviceModule:MoveRandom(): New position: (66, 54)
106s DecisionModule:AddNetworkToList(): Network detected
107s DeviceModule:MoveRandom(): New position: (66, 51)
107s DecisionModule:RemoveNetworkFromList(): Network: 8 out of range!
108s DeviceModule:MoveRandom(): New position: (66, 48)
109s DeviceModule:MoveRandom(): New position: (69, 48)
110s DeviceModule:MoveRandom(): New position: (69, 45)
110s ExecutionModule:OutOfRange(): OUT OF BETTER NETWORK! Choosing another network...
110s DecisionModule:RemoveNetworkFromList(): Network: 6 out of range!
110s DecisionModule:Run(): Run decision
110s DecisionModule:AnalyzingNetworks(): Current Network: 
       [Network #7, Technology = Wifi, Address = 02-06-00:00:00:00:00:09, { DataRate: 72, SignalStrength: 85, AntiFragility: 79}, IQ: 78]
110s DecisionModule:ShowAllNetworks(): All detected networks:
       [Network #7, Technology = Wifi, Address = 02-06-00:00:00:00:00:09, { DataRate: 72, SignalStrength: 85, AntiFragility: 79}, IQ: 78]
       [Network #4, Technology = Wifi, Address = 02-06-00:00:00:00:00:06, { DataRate: 91, SignalStrength: 95, AntiFragility: 54}, IQ: 73]
       [Network #5, Technology = Wifi, Address = 02-06-00:00:00:00:00:07, { DataRate: 51, SignalStrength: 11, AntiFragility: 97}, IQ: 64]
       [Network #3, Technology = Wifi, Address = 02-06-00:00:00:00:00:05, { DataRate: 77, SignalStrength: 11, AntiFragility: 56}, IQ: 50]
       [Network #2, Technology = Wifi, Address = 02-06-00:00:00:00:00:04, { DataRate: 99, SignalStrength: 99, AntiFragility: 1}, IQ: 50]
       [Network #0, Technology = Wifi, Address = 02-06-00:00:00:00:00:02, { DataRate: 52, SignalStrength: 43, AntiFragility: 51}, IQ: 49]
       [Network #1, Technology = Wifi, Address = 02-06-00:00:00:00:00:03, { DataRate: 88, SignalStrength: 31, AntiFragility: 16}, IQ: 37]
110s ExecutionModule:Run(): Decision time => Seconds: 0, Miliseconds: 148
110s ExecutionModule:Run(): Handover time => Seconds: 0, Miliseconds: 119
110s ExecutionModule:Run(): Event: Horizontal Handover.
111s DeviceModule:MoveRandom(): New position: (69, 48)
111s DecisionModule:AddNetworkToList(): Network detected
112s DeviceModule:MoveRandom(): New position: (72, 48)
112s DecisionModule:AddNetworkToList(): Network detected
113s DeviceModule:MoveRandom(): New position: (69, 48)
113s DecisionModule:RemoveNetworkFromList(): Network: 8 out of range!
114s DeviceModule:MoveRandom(): New position: (72, 48)
114s DecisionModule:AddNetworkToList(): Network detected
115s DeviceModule:MoveRandom(): New position: (72, 45)
115s DecisionModule:RemoveNetworkFromList(): Network: 6 out of range!
115s DecisionModule:RemoveNetworkFromList(): Network: 8 out of range!
116s DeviceModule:MoveRandom(): New position: (72, 42)
117s DeviceModule:MoveRandom(): New position: (75, 42)
118s DeviceModule:MoveRandom(): New position: (75, 45)
118s DecisionModule:AddNetworkToList(): Network detected
119s DeviceModule:MoveRandom(): New position: (72, 45)
119s DecisionModule:RemoveNetworkFromList(): Network: 8 out of range!
120s DecisionModule:Run(): Run decision
120s DecisionModule:AnalyzingNetworks(): Current Network: 
       [Network #4, Technology = Wifi, Address = 02-06-00:00:00:00:00:06, { DataRate: 99, SignalStrength: 49, AntiFragility: 96}, IQ: 85]
120s DecisionModule:ShowAllNetworks(): All detected networks:
       [Network #4, Technology = Wifi, Address = 02-06-00:00:00:00:00:06, { DataRate: 99, SignalStrength: 49, AntiFragility: 96}, IQ: 85]
       [Network #0, Technology = Wifi, Address = 02-06-00:00:00:00:00:02, { DataRate: 66, SignalStrength: 65, AntiFragility: 98}, IQ: 81]
       [Network #3, Technology = Wifi, Address = 02-06-00:00:00:00:00:05, { DataRate: 44, SignalStrength: 31, AntiFragility: 86}, IQ: 61]
       [Network #2, Technology = Wifi, Address = 02-06-00:00:00:00:00:04, { DataRate: 87, SignalStrength: 58, AntiFragility: 16}, IQ: 44]
       [Network #1, Technology = Wifi, Address = 02-06-00:00:00:00:00:03, { DataRate: 96, SignalStrength: 68, AntiFragility: 6}, IQ: 44]
       [Network #7, Technology = Wifi, Address = 02-06-00:00:00:00:00:09, { DataRate: 94, SignalStrength: 24, AntiFragility: 25}, IQ: 42]
       [Network #5, Technology = Wifi, Address = 02-06-00:00:00:00:00:07, { DataRate: 46, SignalStrength: 12, AntiFragility: 3}, IQ: 16]
120s ExecutionModule:Run(): Decision time => Seconds: 0, Miliseconds: 185
120s ExecutionModule:Run(): Handover time => Seconds: 0, Miliseconds: 119
120s ExecutionModule:Run(): Event: Horizontal Handover.
120s DeviceModule:MoveRandom(): New position: (75, 45)
120s DecisionModule:AddNetworkToList(): Network detected
121s DeviceModule:MoveRandom(): New position: (75, 42)
121s DecisionModule:RemoveNetworkFromList(): Network: 8 out of range!
122s DeviceModule:MoveRandom(): New position: (72, 42)
123s DeviceModule:MoveRandom(): New position: (72, 39)
124s DeviceModule:MoveRandom(): New position: (72, 42)
125s DeviceModule:MoveRandom(): New position: (69, 42)
126s DeviceModule:MoveRandom(): New position: (69, 45)
127s DeviceModule:MoveRandom(): New position: (72, 45)
128s DeviceModule:MoveRandom(): New position: (69, 45)
129s DeviceModule:MoveRandom(): New position: (69, 42)
130s DeviceModule:MoveRandom(): New position: (72, 42)
131s DeviceModule:MoveRandom(): New position: (72, 39)
132s DeviceModule:MoveRandom(): New position: (75, 39)
133s DeviceModule:MoveRandom(): New position: (72, 39)
134s DeviceModule:MoveRandom(): New position: (75, 39)
135s DeviceModule:MoveRandom(): New position: (78, 39)
136s DeviceModule:MoveRandom(): New position: (81, 39)
137s DeviceModule:MoveRandom(): New position: (84, 39)
137s DecisionModule:AddNetworkToList(): Network detected
138s DeviceModule:MoveRandom(): New position: (81, 39)
138s DecisionModule:RemoveNetworkFromList(): Network: 8 out of range!
139s DeviceModule:MoveRandom(): New position: (81, 36)
140s DecisionModule:Run(): Run decision
140s DecisionModule:AnalyzingNetworks(): Current Network: 
       [Network #0, Technology = Wifi, Address = 02-06-00:00:00:00:00:02, { DataRate: 68, SignalStrength: 80, AntiFragility: 92}, IQ: 83]
140s DecisionModule:ShowAllNetworks(): All detected networks:
       [Network #0, Technology = Wifi, Address = 02-06-00:00:00:00:00:02, { DataRate: 68, SignalStrength: 80, AntiFragility: 92}, IQ: 83]
       [Network #7, Technology = Wifi, Address = 02-06-00:00:00:00:00:09, { DataRate: 68, SignalStrength: 15, AntiFragility: 81}, IQ: 61]
       [Network #2, Technology = Wifi, Address = 02-06-00:00:00:00:00:04, { DataRate: 46, SignalStrength: 36, AntiFragility: 62}, IQ: 51]
       [Network #3, Technology = Wifi, Address = 02-06-00:00:00:00:00:05, { DataRate: 38, SignalStrength: 37, AntiFragility: 59}, IQ: 48]
       [Network #4, Technology = Wifi, Address = 02-06-00:00:00:00:00:06, { DataRate: 53, SignalStrength: 47, AntiFragility: 39}, IQ: 44]
       [Network #5, Technology = Wifi, Address = 02-06-00:00:00:00:00:07, { DataRate: 22, SignalStrength: 47, AntiFragility: 45}, IQ: 39]
       [Network #1, Technology = Wifi, Address = 02-06-00:00:00:00:00:03, { DataRate: 5, SignalStrength: 50, AntiFragility: 33}, IQ: 30]
140s ExecutionModule:Run(): Decision time => Seconds: 0, Miliseconds: 207
140s ExecutionModule:Run(): Handover time => Seconds: 0, Miliseconds: 121
140s ExecutionModule:Run(): Event: Horizontal Handover.
140s DeviceModule:MoveRandom(): New position: (78, 36)
141s DeviceModule:MoveRandom(): New position: (78, 39)
142s DeviceModule:MoveRandom(): New position: (75, 39)
143s DeviceModule:MoveRandom(): New position: (75, 42)
144s DeviceModule:MoveRandom(): New position: (72, 42)
145s DeviceModule:MoveRandom(): New position: (69, 42)
146s DeviceModule:MoveRandom(): New position: (66, 42)
147s DeviceModule:MoveRandom(): New position: (69, 42)
148s DeviceModule:MoveRandom(): New position: (66, 42)
149s DeviceModule:MoveRandom(): New position: (69, 42)
150s DeviceModule:MoveRandom(): New position: (69, 39)
151s DeviceModule:MoveRandom(): New position: (72, 39)
152s DeviceModule:MoveRandom(): New position: (72, 36)
153s DeviceModule:MoveRandom(): New position: (72, 39)
154s DeviceModule:MoveRandom(): New position: (75, 39)
155s DeviceModule:MoveRandom(): New position: (75, 36)
156s DeviceModule:MoveRandom(): New position: (72, 36)
157s DeviceModule:MoveRandom(): New position: (72, 33)
158s DeviceModule:MoveRandom(): New position: (72, 36)
159s DeviceModule:MoveRandom(): New position: (69, 36)
160s DecisionModule:Run(): Run decision
160s DecisionModule:AnalyzingNetworks(): Current Network: 
       [Network #2, Technology = Wifi, Address = 02-06-00:00:00:00:00:04, { DataRate: 58, SignalStrength: 93, AntiFragility: 93}, IQ: 84]
160s DecisionModule:ShowAllNetworks(): All detected networks:
       [Network #2, Technology = Wifi, Address = 02-06-00:00:00:00:00:04, { DataRate: 58, SignalStrength: 93, AntiFragility: 93}, IQ: 84]
       [Network #1, Technology = Wifi, Address = 02-06-00:00:00:00:00:03, { DataRate: 46, SignalStrength: 8, AntiFragility: 87}, IQ: 57]
       [Network #7, Technology = Wifi, Address = 02-06-00:00:00:00:00:09, { DataRate: 10, SignalStrength: 83, AntiFragility: 51}, IQ: 48]
       [Network #5, Technology = Wifi, Address = 02-06-00:00:00:00:00:07, { DataRate: 35, SignalStrength: 86, AntiFragility: 34}, IQ: 47]
       [Network #4, Technology = Wifi, Address = 02-06-00:00:00:00:00:06, { DataRate: 30, SignalStrength: 30, AntiFragility: 33}, IQ: 31]
       [Network #0, Technology = Wifi, Address = 02-06-00:00:00:00:00:02, { DataRate: 12, SignalStrength: 16, AntiFragility: 34}, IQ: 24]
       [Network #3, Technology = Wifi, Address = 02-06-00:00:00:00:00:05, { DataRate: 6, SignalStrength: 9, AntiFragility: 2}, IQ: 4]
160s ExecutionModule:Run(): Decision time => Seconds: 0, Miliseconds: 189
160s ExecutionModule:Run(): Handover time => Seconds: 0, Miliseconds: 119
160s ExecutionModule:Run(): Event: Horizontal Handover.
160s DeviceModule:MoveRandom(): New position: (66, 36)
161s DeviceModule:MoveRandom(): New position: (66, 33)
162s DeviceModule:MoveRandom(): New position: (66, 30)
162s ExecutionModule:OutOfRange(): OUT OF BETTER NETWORK! Choosing another network...
162s DecisionModule:RemoveNetworkFromList(): Network: 2 out of range!
162s DecisionModule:Run(): Run decision
162s DecisionModule:AnalyzingNetworks(): Current Network: 
       [Network #4, Technology = Wifi, Address = 02-06-00:00:00:00:00:06, { DataRate: 25, SignalStrength: 78, AntiFragility: 93}, IQ: 72]
162s DecisionModule:ShowAllNetworks(): All detected networks:
       [Network #4, Technology = Wifi, Address = 02-06-00:00:00:00:00:06, { DataRate: 25, SignalStrength: 78, AntiFragility: 93}, IQ: 72]
       [Network #7, Technology = Wifi, Address = 02-06-00:00:00:00:00:09, { DataRate: 7, SignalStrength: 36, AntiFragility: 92}, IQ: 56]
       [Network #1, Technology = Wifi, Address = 02-06-00:00:00:00:00:03, { DataRate: 40, SignalStrength: 89, AntiFragility: 33}, IQ: 48]
       [Network #5, Technology = Wifi, Address = 02-06-00:00:00:00:00:07, { DataRate: 17, SignalStrength: 65, AntiFragility: 41}, IQ: 41]
       [Network #3, Technology = Wifi, Address = 02-06-00:00:00:00:00:05, { DataRate: 33, SignalStrength: 13, AntiFragility: 41}, IQ: 32]
       [Network #0, Technology = Wifi, Address = 02-06-00:00:00:00:00:02, { DataRate: 13, SignalStrength: 9, AntiFragility: 42}, IQ: 26]
162s ExecutionModule:Run(): Decision time => Seconds: 0, Miliseconds: 150
162s ExecutionModule:Run(): Handover time => Seconds: 0, Miliseconds: 161
162s ExecutionModule:Run(): Event: Horizontal Handover.
163s DeviceModule:MoveRandom(): New position: (69, 30)
163s DecisionModule:AddNetworkToList(): Network detected
164s DeviceModule:MoveRandom(): New position: (69, 33)
165s DeviceModule:MoveRandom(): New position: (66, 33)
166s DeviceModule:MoveRandom(): New position: (66, 30)
166s DecisionModule:RemoveNetworkFromList(): Network: 2 out of range!
167s DeviceModule:MoveRandom(): New position: (66, 33)
167s DecisionModule:AddNetworkToList(): Network detected
168s DeviceModule:MoveRandom(): New position: (66, 36)
169s DeviceModule:MoveRandom(): New position: (66, 39)
170s DeviceModule:MoveRandom(): New position: (66, 42)
171s DeviceModule:MoveRandom(): New position: (66, 39)
172s DeviceModule:MoveRandom(): New position: (66, 36)
173s DeviceModule:MoveRandom(): New position: (63, 36)
174s DeviceModule:MoveRandom(): New position: (63, 33)
175s DeviceModule:MoveRandom(): New position: (63, 36)
176s DeviceModule:MoveRandom(): New position: (66, 36)
177s DeviceModule:MoveRandom(): New position: (66, 39)
178s DeviceModule:MoveRandom(): New position: (63, 39)
179s DeviceModule:MoveRandom(): New position: (63, 42)
180s DecisionModule:Run(): Run decision
180s DecisionModule:AnalyzingNetworks(): Current Network: 
       [Network #1, Technology = Wifi, Address = 02-06-00:00:00:00:00:03, { DataRate: 72, SignalStrength: 75, AntiFragility: 65}, IQ: 69]
180s DecisionModule:ShowAllNetworks(): All detected networks:
       [Network #1, Technology = Wifi, Address = 02-06-00:00:00:00:00:03, { DataRate: 72, SignalStrength: 75, AntiFragility: 65}, IQ: 69]
       [Network #0, Technology = Wifi, Address = 02-06-00:00:00:00:00:02, { DataRate: 93, SignalStrength: 62, AntiFragility: 61}, IQ: 69]
       [Network #5, Technology = Wifi, Address = 02-06-00:00:00:00:00:07, { DataRate: 88, SignalStrength: 69, AntiFragility: 53}, IQ: 65]
       [Network #7, Technology = Wifi, Address = 02-06-00:00:00:00:00:09, { DataRate: 53, SignalStrength: 15, AntiFragility: 70}, IQ: 52]
       [Network #3, Technology = Wifi, Address = 02-06-00:00:00:00:00:05, { DataRate: 37, SignalStrength: 2, AntiFragility: 65}, IQ: 42]
       [Network #2, Technology = Wifi, Address = 02-06-00:00:00:00:00:04, { DataRate: 79, SignalStrength: 39, AntiFragility: 12}, IQ: 35]
       [Network #4, Technology = Wifi, Address = 02-06-00:00:00:00:00:06, { DataRate: 45, SignalStrength: 86, AntiFragility: 2}, IQ: 33]
180s ExecutionModule:Run(): Decision time => Seconds: 0, Miliseconds: 182
180s ExecutionModule:Run(): Handover time => Seconds: 0, Miliseconds: 119
180s ExecutionModule:Run(): Event: Horizontal Handover.
180s DeviceModule:MoveRandom(): New position: (66, 42)
181s DeviceModule:MoveRandom(): New position: (63, 42)
182s DeviceModule:MoveRandom(): New position: (66, 42)
183s DeviceModule:MoveRandom(): New position: (69, 42)
184s DeviceModule:MoveRandom(): New position: (72, 42)
185s DeviceModule:MoveRandom(): New position: (75, 42)
186s DeviceModule:MoveRandom(): New position: (78, 42)
187s DeviceModule:MoveRandom(): New position: (78, 45)
187s DecisionModule:AddNetworkToList(): Network detected
188s DeviceModule:MoveRandom(): New position: (78, 48)
189s DeviceModule:MoveRandom(): New position: (78, 51)
190s DeviceModule:MoveRandom(): New position: (78, 54)
190s DecisionModule:AddNetworkToList(): Network detected
191s DeviceModule:MoveRandom(): New position: (75, 54)
192s DeviceModule:MoveRandom(): New position: (75, 57)
192s DecisionModule:AddNetworkToList(): Network detected
193s DeviceModule:MoveRandom(): New position: (72, 57)
193s DecisionModule:RemoveNetworkFromList(): Network: 9 out of range!
194s DeviceModule:MoveRandom(): New position: (75, 57)
194s DecisionModule:AddNetworkToList(): Network detected
195s DeviceModule:MoveRandom(): New position: (78, 57)
196s DeviceModule:MoveRandom(): New position: (78, 54)
196s DecisionModule:RemoveNetworkFromList(): Network: 9 out of range!
197s DeviceModule:MoveRandom(): New position: (78, 51)
197s DecisionModule:RemoveNetworkFromList(): Network: 6 out of range!
198s DeviceModule:MoveRandom(): New position: (81, 51)
199s DeviceModule:MoveRandom(): New position: (81, 54)
199s DecisionModule:AddNetworkToList(): Network detected
199s DecisionModule:AddNetworkToList(): Network detected
