Waf: Entering directory `/home/renan/Documents/NR2/ns-allinone-3.20/ns-3.20/build'
Waf: Leaving directory `/home/renan/Documents/NR2/ns-allinone-3.20/ns-3.20/build'
'build' finished successfully (1.819s)
0s NetworkModule:SetPosition(): Network 0 set position => (82, 2)
0s NetworkModule:SetRange(): Network 0 set range => 100
0s NetworkModule:SetPosition(): Network 1 set position => (87, 87)
0s NetworkModule:SetRange(): Network 1 set range => 100
0s NetworkModule:SetPosition(): Network 2 set position => (117, 105)
0s NetworkModule:SetRange(): Network 2 set range => 100
0s NetworkModule:SetPosition(): Network 3 set position => (35, 110)
0s NetworkModule:SetRange(): Network 3 set range => 100
0s NetworkModule:SetPosition(): Network 4 set position => (140, 104)
0s NetworkModule:SetRange(): Network 4 set range => 100
0s NetworkModule:SetPosition(): Network 5 set position => (120, 30)
0s NetworkModule:SetRange(): Network 5 set range => 100
0s NetworkModule:SetPosition(): Network 6 set position => (57, 95)
0s NetworkModule:SetRange(): Network 6 set range => 100
0s NetworkModule:SetPosition(): Network 7 set position => (112, 56)
0s NetworkModule:SetRange(): Network 7 set range => 100
0s NetworkModule:SetPosition(): Network 8 set position => (108, 142)
0s NetworkModule:SetRange(): Network 8 set range => 100
0s NetworkModule:SetPosition(): Network 9 set position => (116, 19)
0s NetworkModule:SetRange(): Network 9 set range => 100
0s DeviceModule:ConfigureMobility(): Device [init x = 75, init y = 75, max = 150, velocity = 3]
1s DeviceModule:MoveRandom(): New position: (72, 75)
1s DecisionModule:AddNetworkToList(): Network detected
1s DecisionModule:AddNetworkToList(): Network detected
1s DecisionModule:AddNetworkToList(): Network detected
1s DecisionModule:AddNetworkToList(): Network detected
1s DecisionModule:AddNetworkToList(): Network detected
1s DecisionModule:AddNetworkToList(): Network detected
1s DecisionModule:AddNetworkToList(): Network detected
1s DecisionModule:AddNetworkToList(): Network detected
1s DecisionModule:AddNetworkToList(): Network detected
1s DecisionModule:AddNetworkToList(): Network detected
2s DeviceModule:MoveRandom(): New position: (69, 75)
3s DeviceModule:MoveRandom(): New position: (72, 75)
4s DeviceModule:MoveRandom(): New position: (75, 75)
5s DeviceModule:MoveRandom(): New position: (75, 72)
6s DeviceModule:MoveRandom(): New position: (72, 72)
7s DeviceModule:MoveRandom(): New position: (75, 72)
8s DeviceModule:MoveRandom(): New position: (75, 69)
9s DeviceModule:MoveRandom(): New position: (72, 69)
10s DeviceModule:MoveRandom(): New position: (69, 69)
11s DeviceModule:MoveRandom(): New position: (69, 66)
12s DeviceModule:MoveRandom(): New position: (69, 69)
13s DeviceModule:MoveRandom(): New position: (72, 69)
14s DeviceModule:MoveRandom(): New position: (72, 66)
15s DeviceModule:MoveRandom(): New position: (72, 69)
16s DeviceModule:MoveRandom(): New position: (72, 66)
17s DeviceModule:MoveRandom(): New position: (69, 66)
18s DeviceModule:MoveRandom(): New position: (66, 66)
19s DeviceModule:MoveRandom(): New position: (69, 66)
20s DecisionModule:Run(): Run decision
20s DecisionModule:AnalyzingNetworks(): Current Network: 
       [Network #1, Technology = Wifi, Address = 02-06-00:00:00:00:00:03, { DataRate: 59, SignalStrength: 88, AntiFragility: 88}, IQ: 80]
20s DecisionModule:ShowAllNetworks(): All detected networks:
       [Network #1, Technology = Wifi, Address = 02-06-00:00:00:00:00:03, { DataRate: 59, SignalStrength: 88, AntiFragility: 88}, IQ: 80]
       [Network #5, Technology = Wifi, Address = 02-06-00:00:00:00:00:07, { DataRate: 64, SignalStrength: 36, AntiFragility: 99}, IQ: 74]
       [Network #0, Technology = Wifi, Address = 02-06-00:00:00:00:00:02, { DataRate: 65, SignalStrength: 14, AntiFragility: 99}, IQ: 69]
       [Network #2, Technology = Wifi, Address = 02-06-00:00:00:00:00:04, { DataRate: 74, SignalStrength: 17, AntiFragility: 80}, IQ: 62]
       [Network #8, Technology = Wimax, Address = 02-06-00:00:00:00:00:0b, { DataRate: 45, SignalStrength: 48, AntiFragility: 74}, IQ: 60]
       [Network #3, Technology = Wifi, Address = 02-06-00:00:00:00:00:05, { DataRate: 41, SignalStrength: 46, AntiFragility: 63}, IQ: 53]
       [Network #9, Technology = Wimax, Address = 02-06-00:00:00:00:00:0c, { DataRate: 51, SignalStrength: 38, AntiFragility: 38}, IQ: 41]
       [Network #4, Technology = Wifi, Address = 02-06-00:00:00:00:00:06, { DataRate: 39, SignalStrength: 89, AntiFragility: 17}, IQ: 40]
       [Network #6, Technology = Wifi, Address = 02-06-00:00:00:00:00:08, { DataRate: 1, SignalStrength: 73, AntiFragility: 27}, IQ: 32]
       [Network #7, Technology = Wifi, Address = 02-06-00:00:00:00:00:09, { DataRate: 15, SignalStrength: 24, AntiFragility: 33}, IQ: 26]
20s DeviceModule:MoveRandom(): New position: (69, 63)
21s DeviceModule:MoveRandom(): New position: (66, 63)
22s DeviceModule:MoveRandom(): New position: (66, 60)
23s DeviceModule:MoveRandom(): New position: (69, 60)
24s DeviceModule:MoveRandom(): New position: (66, 60)
25s DeviceModule:MoveRandom(): New position: (66, 63)
26s DeviceModule:MoveRandom(): New position: (66, 66)
27s DeviceModule:MoveRandom(): New position: (63, 66)
28s DeviceModule:MoveRandom(): New position: (60, 66)
29s DeviceModule:MoveRandom(): New position: (60, 63)
30s DeviceModule:MoveRandom(): New position: (60, 66)
31s DeviceModule:MoveRandom(): New position: (57, 66)
32s DeviceModule:MoveRandom(): New position: (57, 69)
33s DeviceModule:MoveRandom(): New position: (54, 69)
34s DeviceModule:MoveRandom(): New position: (57, 69)
35s DeviceModule:MoveRandom(): New position: (57, 72)
36s DeviceModule:MoveRandom(): New position: (57, 75)
37s DeviceModule:MoveRandom(): New position: (54, 75)
38s DeviceModule:MoveRandom(): New position: (54, 78)
39s DeviceModule:MoveRandom(): New position: (54, 81)
40s DecisionModule:Run(): Run decision
40s DecisionModule:AnalyzingNetworks(): Current Network: 
       [Network #3, Technology = Wifi, Address = 02-06-00:00:00:00:00:05, { DataRate: 45, SignalStrength: 62, AntiFragility: 95}, IQ: 74]
40s DecisionModule:ShowAllNetworks(): All detected networks:
       [Network #3, Technology = Wifi, Address = 02-06-00:00:00:00:00:05, { DataRate: 45, SignalStrength: 62, AntiFragility: 95}, IQ: 74]
       [Network #9, Technology = Wimax, Address = 02-06-00:00:00:00:00:0c, { DataRate: 69, SignalStrength: 34, AntiFragility: 85}, IQ: 68]
       [Network #4, Technology = Wifi, Address = 02-06-00:00:00:00:00:06, { DataRate: 43, SignalStrength: 49, AntiFragility: 89}, IQ: 67]
       [Network #1, Technology = Wifi, Address = 02-06-00:00:00:00:00:03, { DataRate: 83, SignalStrength: 3, AntiFragility: 89}, IQ: 66]
       [Network #2, Technology = Wifi, Address = 02-06-00:00:00:00:00:04, { DataRate: 75, SignalStrength: 56, AntiFragility: 45}, IQ: 55]
       [Network #7, Technology = Wifi, Address = 02-06-00:00:00:00:00:09, { DataRate: 22, SignalStrength: 65, AntiFragility: 63}, IQ: 53]
       [Network #5, Technology = Wifi, Address = 02-06-00:00:00:00:00:07, { DataRate: 41, SignalStrength: 37, AntiFragility: 61}, IQ: 50]
       [Network #6, Technology = Wifi, Address = 02-06-00:00:00:00:00:08, { DataRate: 27, SignalStrength: 38, AntiFragility: 40}, IQ: 36]
       [Network #8, Technology = Wimax, Address = 02-06-00:00:00:00:00:0b, { DataRate: 11, SignalStrength: 94, AntiFragility: 1}, IQ: 26]
       [Network #0, Technology = Wifi, Address = 02-06-00:00:00:00:00:02, { DataRate: 19, SignalStrength: 65, AntiFragility: 2}, IQ: 22]
40s ExecutionModule:Run(): Decision time => Seconds: 0, Miliseconds: 203
40s ExecutionModule:Run(): Handover time => Seconds: 0, Miliseconds: 176
40s ExecutionModule:Run(): Event: Horizontal Handover.
40s DeviceModule:MoveRandom(): New position: (51, 81)
41s DeviceModule:MoveRandom(): New position: (48, 81)
42s DeviceModule:MoveRandom(): New position: (48, 84)
43s DeviceModule:MoveRandom(): New position: (45, 84)
44s DeviceModule:MoveRandom(): New position: (42, 84)
45s DeviceModule:MoveRandom(): New position: (45, 84)
46s DeviceModule:MoveRandom(): New position: (45, 81)
47s DeviceModule:MoveRandom(): New position: (45, 78)
48s DeviceModule:MoveRandom(): New position: (45, 81)
49s DeviceModule:MoveRandom(): New position: (45, 78)
50s DeviceModule:MoveRandom(): New position: (45, 81)
51s DeviceModule:MoveRandom(): New position: (45, 84)
52s DeviceModule:MoveRandom(): New position: (42, 84)
53s DeviceModule:MoveRandom(): New position: (42, 87)
54s DeviceModule:MoveRandom(): New position: (42, 84)
55s DeviceModule:MoveRandom(): New position: (45, 84)
56s DeviceModule:MoveRandom(): New position: (48, 84)
57s DeviceModule:MoveRandom(): New position: (51, 84)
58s DeviceModule:MoveRandom(): New position: (51, 87)
59s DeviceModule:MoveRandom(): New position: (54, 87)
60s DecisionModule:Run(): Run decision
60s DecisionModule:AnalyzingNetworks(): Current Network: 
       [Network #4, Technology = Wifi, Address = 02-06-00:00:00:00:00:06, { DataRate: 58, SignalStrength: 32, AntiFragility: 93}, IQ: 69]
60s DecisionModule:ShowAllNetworks(): All detected networks:
       [Network #4, Technology = Wifi, Address = 02-06-00:00:00:00:00:06, { DataRate: 58, SignalStrength: 32, AntiFragility: 93}, IQ: 69]
       [Network #8, Technology = Wimax, Address = 02-06-00:00:00:00:00:0b, { DataRate: 68, SignalStrength: 29, AntiFragility: 79}, IQ: 63]
       [Network #1, Technology = Wifi, Address = 02-06-00:00:00:00:00:03, { DataRate: 14, SignalStrength: 53, AntiFragility: 89}, IQ: 61]
       [Network #5, Technology = Wifi, Address = 02-06-00:00:00:00:00:07, { DataRate: 48, SignalStrength: 18, AntiFragility: 69}, IQ: 51]
       [Network #6, Technology = Wifi, Address = 02-06-00:00:00:00:00:08, { DataRate: 94, SignalStrength: 53, AntiFragility: 28}, IQ: 50]
       [Network #2, Technology = Wifi, Address = 02-06-00:00:00:00:00:04, { DataRate: 5, SignalStrength: 18, AntiFragility: 86}, IQ: 48]
       [Network #7, Technology = Wifi, Address = 02-06-00:00:00:00:00:09, { DataRate: 96, SignalStrength: 27, AntiFragility: 15}, IQ: 38]
       [Network #0, Technology = Wifi, Address = 02-06-00:00:00:00:00:02, { DataRate: 8, SignalStrength: 29, AntiFragility: 53}, IQ: 35]
       [Network #9, Technology = Wimax, Address = 02-06-00:00:00:00:00:0c, { DataRate: 78, SignalStrength: 48, AntiFragility: 1}, IQ: 32]
       [Network #3, Technology = Wifi, Address = 02-06-00:00:00:00:00:05, { DataRate: 29, SignalStrength: 56, AntiFragility: 14}, IQ: 28]
60s ExecutionModule:Run(): Decision time => Seconds: 0, Miliseconds: 469
60s ExecutionModule:Run(): Handover time => Seconds: 0, Miliseconds: 583
60s ExecutionModule:Run(): Event: Horizontal Handover.
60s DeviceModule:MoveRandom(): New position: (54, 90)
61s DeviceModule:MoveRandom(): New position: (51, 90)
62s DeviceModule:MoveRandom(): New position: (51, 93)
63s DeviceModule:MoveRandom(): New position: (51, 96)
64s DeviceModule:MoveRandom(): New position: (48, 96)
64s DecisionModule:RemoveNetworkFromList(): Network: 9 out of range!
65s DeviceModule:MoveRandom(): New position: (45, 96)
65s DecisionModule:RemoveNetworkFromList(): Network: 0 out of range!
66s DeviceModule:MoveRandom(): New position: (48, 96)
66s DecisionModule:AddNetworkToList(): Network detected
67s DeviceModule:MoveRandom(): New position: (51, 96)
67s DecisionModule:AddNetworkToList(): Network detected
68s DeviceModule:MoveRandom(): New position: (54, 96)
69s DeviceModule:MoveRandom(): New position: (54, 99)
69s DecisionModule:RemoveNetworkFromList(): Network: 9 out of range!
70s DeviceModule:MoveRandom(): New position: (54, 102)
70s DecisionModule:RemoveNetworkFromList(): Network: 0 out of range!
71s DeviceModule:MoveRandom(): New position: (57, 102)
72s DeviceModule:MoveRandom(): New position: (60, 102)
72s DecisionModule:AddNetworkToList(): Network detected
73s DeviceModule:MoveRandom(): New position: (60, 105)
73s DecisionModule:RemoveNetworkFromList(): Network: 9 out of range!
74s DeviceModule:MoveRandom(): New position: (60, 108)
75s DeviceModule:MoveRandom(): New position: (60, 105)
76s DeviceModule:MoveRandom(): New position: (60, 108)
77s DeviceModule:MoveRandom(): New position: (60, 111)
78s DeviceModule:MoveRandom(): New position: (57, 111)
78s DecisionModule:RemoveNetworkFromList(): Network: 5 out of range!
79s DeviceModule:MoveRandom(): New position: (57, 114)
80s DecisionModule:Run(): Run decision
80s DecisionModule:AnalyzingNetworks(): Current Network: 
       [Network #1, Technology = Wifi, Address = 02-06-00:00:00:00:00:03, { DataRate: 95, SignalStrength: 94, AntiFragility: 69}, IQ: 81]
80s DecisionModule:ShowAllNetworks(): All detected networks:
       [Network #1, Technology = Wifi, Address = 02-06-00:00:00:00:00:03, { DataRate: 95, SignalStrength: 94, AntiFragility: 69}, IQ: 81]
       [Network #8, Technology = Wimax, Address = 02-06-00:00:00:00:00:0b, { DataRate: 73, SignalStrength: 91, AntiFragility: 70}, IQ: 76]
       [Network #6, Technology = Wifi, Address = 02-06-00:00:00:00:00:08, { DataRate: 32, SignalStrength: 73, AntiFragility: 79}, IQ: 65]
       [Network #2, Technology = Wifi, Address = 02-06-00:00:00:00:00:04, { DataRate: 5, SignalStrength: 57, AntiFragility: 83}, IQ: 57]
       [Network #7, Technology = Wifi, Address = 02-06-00:00:00:00:00:09, { DataRate: 56, SignalStrength: 26, AntiFragility: 46}, IQ: 43]
       [Network #3, Technology = Wifi, Address = 02-06-00:00:00:00:00:05, { DataRate: 58, SignalStrength: 26, AntiFragility: 42}, IQ: 42]
       [Network #4, Technology = Wifi, Address = 02-06-00:00:00:00:00:06, { DataRate: 35, SignalStrength: 37, AntiFragility: 37}, IQ: 36]
80s ExecutionModule:Run(): Decision time => Seconds: 0, Miliseconds: 186
80s ExecutionModule:Run(): Handover time => Seconds: 0, Miliseconds: 122
80s ExecutionModule:Run(): Event: Horizontal Handover.
80s DeviceModule:MoveRandom(): New position: (60, 114)
81s DeviceModule:MoveRandom(): New position: (57, 114)
82s DeviceModule:MoveRandom(): New position: (57, 117)
83s DeviceModule:MoveRandom(): New position: (60, 117)
84s DeviceModule:MoveRandom(): New position: (63, 117)
85s DeviceModule:MoveRandom(): New position: (66, 117)
86s DeviceModule:MoveRandom(): New position: (63, 117)
87s DeviceModule:MoveRandom(): New position: (63, 120)
88s DeviceModule:MoveRandom(): New position: (66, 120)
89s DeviceModule:MoveRandom(): New position: (69, 120)
90s DeviceModule:MoveRandom(): New position: (72, 120)
91s DeviceModule:MoveRandom(): New position: (72, 123)
92s DeviceModule:MoveRandom(): New position: (69, 123)
93s DeviceModule:MoveRandom(): New position: (66, 123)
94s DeviceModule:MoveRandom(): New position: (66, 126)
95s DeviceModule:MoveRandom(): New position: (69, 126)
96s DeviceModule:MoveRandom(): New position: (72, 126)
97s DeviceModule:MoveRandom(): New position: (69, 126)
98s DeviceModule:MoveRandom(): New position: (72, 126)
99s DeviceModule:MoveRandom(): New position: (72, 129)
100s DecisionModule:Run(): Run decision
100s DecisionModule:AnalyzingNetworks(): Current Network: 
       [Network #4, Technology = Wifi, Address = 02-06-00:00:00:00:00:06, { DataRate: 92, SignalStrength: 78, AntiFragility: 71}, IQ: 78]
100s DecisionModule:ShowAllNetworks(): All detected networks:
       [Network #4, Technology = Wifi, Address = 02-06-00:00:00:00:00:06, { DataRate: 92, SignalStrength: 78, AntiFragility: 71}, IQ: 78]
       [Network #8, Technology = Wimax, Address = 02-06-00:00:00:00:00:0b, { DataRate: 90, SignalStrength: 71, AntiFragility: 57}, IQ: 68]
       [Network #3, Technology = Wifi, Address = 02-06-00:00:00:00:00:05, { DataRate: 76, SignalStrength: 78, AntiFragility: 48}, IQ: 62]
       [Network #2, Technology = Wifi, Address = 02-06-00:00:00:00:00:04, { DataRate: 4, SignalStrength: 83, AntiFragility: 61}, IQ: 52]
       [Network #6, Technology = Wifi, Address = 02-06-00:00:00:00:00:08, { DataRate: 64, SignalStrength: 25, AntiFragility: 61}, IQ: 52]
       [Network #1, Technology = Wifi, Address = 02-06-00:00:00:00:00:03, { DataRate: 81, SignalStrength: 31, AntiFragility: 41}, IQ: 48]
       [Network #7, Technology = Wifi, Address = 02-06-00:00:00:00:00:09, { DataRate: 19, SignalStrength: 23, AntiFragility: 13}, IQ: 17]
100s ExecutionModule:Run(): Decision time => Seconds: 0, Miliseconds: 201
100s ExecutionModule:Run(): Handover time => Seconds: 0, Miliseconds: 122
100s ExecutionModule:Run(): Event: Horizontal Handover.
100s DeviceModule:MoveRandom(): New position: (75, 129)
101s DeviceModule:MoveRandom(): New position: (78, 129)
102s DeviceModule:MoveRandom(): New position: (78, 126)
103s DeviceModule:MoveRandom(): New position: (75, 126)
104s DeviceModule:MoveRandom(): New position: (75, 123)
105s DeviceModule:MoveRandom(): New position: (78, 123)
106s DeviceModule:MoveRandom(): New position: (75, 123)
107s DeviceModule:MoveRandom(): New position: (75, 120)
107s DecisionModule:AddNetworkToList(): Network detected
108s DeviceModule:MoveRandom(): New position: (75, 117)
109s DeviceModule:MoveRandom(): New position: (75, 120)
110s DeviceModule:MoveRandom(): New position: (78, 120)
111s DeviceModule:MoveRandom(): New position: (78, 117)
112s DeviceModule:MoveRandom(): New position: (75, 117)
113s DeviceModule:MoveRandom(): New position: (78, 117)
114s DeviceModule:MoveRandom(): New position: (78, 114)
115s DeviceModule:MoveRandom(): New position: (78, 111)
115s DecisionModule:AddNetworkToList(): Network detected
116s DeviceModule:MoveRandom(): New position: (75, 111)
117s DeviceModule:MoveRandom(): New position: (75, 114)
117s DecisionModule:RemoveNetworkFromList(): Network: 9 out of range!
118s DeviceModule:MoveRandom(): New position: (78, 114)
119s DeviceModule:MoveRandom(): New position: (81, 114)
120s DecisionModule:Run(): Run decision
120s DecisionModule:AnalyzingNetworks(): Current Network: 
       [Network #7, Technology = Wifi, Address = 02-06-00:00:00:00:00:09, { DataRate: 91, SignalStrength: 71, AntiFragility: 88}, IQ: 84]
120s DecisionModule:ShowAllNetworks(): All detected networks:
       [Network #7, Technology = Wifi, Address = 02-06-00:00:00:00:00:09, { DataRate: 91, SignalStrength: 71, AntiFragility: 88}, IQ: 84]
       [Network #5, Technology = Wifi, Address = 02-06-00:00:00:00:00:07, { DataRate: 67, SignalStrength: 90, AntiFragility: 53}, IQ: 65]
       [Network #6, Technology = Wifi, Address = 02-06-00:00:00:00:00:08, { DataRate: 51, SignalStrength: 72, AntiFragility: 55}, IQ: 58]
       [Network #4, Technology = Wifi, Address = 02-06-00:00:00:00:00:06, { DataRate: 52, SignalStrength: 80, AntiFragility: 51}, IQ: 58]
       [Network #3, Technology = Wifi, Address = 02-06-00:00:00:00:00:05, { DataRate: 74, SignalStrength: 46, AntiFragility: 13}, IQ: 36]
       [Network #2, Technology = Wifi, Address = 02-06-00:00:00:00:00:04, { DataRate: 8, SignalStrength: 32, AntiFragility: 42}, IQ: 31]
       [Network #1, Technology = Wifi, Address = 02-06-00:00:00:00:00:03, { DataRate: 50, SignalStrength: 24, AntiFragility: 6}, IQ: 21]
       [Network #8, Technology = Wimax, Address = 02-06-00:00:00:00:00:0b, { DataRate: 27, SignalStrength: 54, AntiFragility: 2}, IQ: 21]
120s ExecutionModule:Run(): Decision time => Seconds: 0, Miliseconds: 189
120s ExecutionModule:Run(): Handover time => Seconds: 0, Miliseconds: 120
120s ExecutionModule:Run(): Event: Horizontal Handover.
120s DeviceModule:MoveRandom(): New position: (84, 114)
120s DecisionModule:AddNetworkToList(): Network detected
121s DeviceModule:MoveRandom(): New position: (87, 114)
122s DeviceModule:MoveRandom(): New position: (90, 114)
123s DeviceModule:MoveRandom(): New position: (90, 117)
123s DecisionModule:RemoveNetworkFromList(): Network: 9 out of range!
124s DeviceModule:MoveRandom(): New position: (93, 117)
124s DecisionModule:AddNetworkToList(): Network detected
125s DeviceModule:MoveRandom(): New position: (90, 117)
125s DecisionModule:RemoveNetworkFromList(): Network: 9 out of range!
126s DeviceModule:MoveRandom(): New position: (87, 117)
127s DeviceModule:MoveRandom(): New position: (87, 120)
128s DeviceModule:MoveRandom(): New position: (87, 123)
129s DeviceModule:MoveRandom(): New position: (90, 123)
130s DeviceModule:MoveRandom(): New position: (93, 123)
131s DeviceModule:MoveRandom(): New position: (90, 123)
132s DeviceModule:MoveRandom(): New position: (90, 120)
133s DeviceModule:MoveRandom(): New position: (87, 120)
134s DeviceModule:MoveRandom(): New position: (87, 117)
135s DeviceModule:MoveRandom(): New position: (87, 114)
135s DecisionModule:AddNetworkToList(): Network detected
136s DeviceModule:MoveRandom(): New position: (90, 114)
137s DeviceModule:MoveRandom(): New position: (90, 117)
137s DecisionModule:RemoveNetworkFromList(): Network: 9 out of range!
138s DeviceModule:MoveRandom(): New position: (93, 117)
138s DecisionModule:AddNetworkToList(): Network detected
139s DeviceModule:MoveRandom(): New position: (96, 117)
140s DecisionModule:Run(): Run decision
140s DecisionModule:AnalyzingNetworks(): Current Network: 
       [Network #6, Technology = Wifi, Address = 02-06-00:00:00:00:00:08, { DataRate: 92, SignalStrength: 50, AntiFragility: 72}, IQ: 71]
140s DecisionModule:ShowAllNetworks(): All detected networks:
       [Network #6, Technology = Wifi, Address = 02-06-00:00:00:00:00:08, { DataRate: 92, SignalStrength: 50, AntiFragility: 72}, IQ: 71]
       [Network #3, Technology = Wifi, Address = 02-06-00:00:00:00:00:05, { DataRate: 77, SignalStrength: 47, AntiFragility: 57}, IQ: 59]
       [Network #1, Technology = Wifi, Address = 02-06-00:00:00:00:00:03, { DataRate: 66, SignalStrength: 13, AntiFragility: 77}, IQ: 58]
       [Network #8, Technology = Wimax, Address = 02-06-00:00:00:00:00:0b, { DataRate: 17, SignalStrength: 37, AntiFragility: 89}, IQ: 58]
       [Network #2, Technology = Wifi, Address = 02-06-00:00:00:00:00:04, { DataRate: 43, SignalStrength: 39, AntiFragility: 56}, IQ: 48]
       [Network #5, Technology = Wifi, Address = 02-06-00:00:00:00:00:07, { DataRate: 2, SignalStrength: 3, AntiFragility: 89}, IQ: 45]
       [Network #7, Technology = Wifi, Address = 02-06-00:00:00:00:00:09, { DataRate: 63, SignalStrength: 38, AntiFragility: 26}, IQ: 38]
       [Network #4, Technology = Wifi, Address = 02-06-00:00:00:00:00:06, { DataRate: 1, SignalStrength: 17, AntiFragility: 56}, IQ: 32]
       [Network #9, Technology = Wimax, Address = 02-06-00:00:00:00:00:0c, { DataRate: 10, SignalStrength: 17, AntiFragility: 27}, IQ: 20]
140s ExecutionModule:Run(): Decision time => Seconds: 0, Miliseconds: 275
140s ExecutionModule:Run(): Handover time => Seconds: 0, Miliseconds: 146
140s ExecutionModule:Run(): Event: Horizontal Handover.
140s DeviceModule:MoveRandom(): New position: (99, 117)
141s DeviceModule:MoveRandom(): New position: (99, 120)
141s DecisionModule:RemoveNetworkFromList(): Network: 9 out of range!
142s DeviceModule:MoveRandom(): New position: (96, 120)
143s DeviceModule:MoveRandom(): New position: (96, 117)
143s DecisionModule:AddNetworkToList(): Network detected
144s DeviceModule:MoveRandom(): New position: (96, 114)
145s DeviceModule:MoveRandom(): New position: (93, 114)
146s DeviceModule:MoveRandom(): New position: (96, 114)
147s DeviceModule:MoveRandom(): New position: (99, 114)
148s DeviceModule:MoveRandom(): New position: (99, 117)
149s DeviceModule:MoveRandom(): New position: (99, 114)
150s DeviceModule:MoveRandom(): New position: (99, 111)
151s DeviceModule:MoveRandom(): New position: (99, 108)
152s DeviceModule:MoveRandom(): New position: (99, 111)
153s DeviceModule:MoveRandom(): New position: (96, 111)
154s DeviceModule:MoveRandom(): New position: (96, 108)
155s DeviceModule:MoveRandom(): New position: (96, 105)
156s DeviceModule:MoveRandom(): New position: (96, 102)
156s DecisionModule:AddNetworkToList(): Network detected
157s DeviceModule:MoveRandom(): New position: (93, 102)
158s DeviceModule:MoveRandom(): New position: (93, 99)
159s DeviceModule:MoveRandom(): New position: (93, 102)
160s DecisionModule:Run(): Run decision
160s DecisionModule:AnalyzingNetworks(): Current Network: 
       [Network #1, Technology = Wifi, Address = 02-06-00:00:00:00:00:03, { DataRate: 51, SignalStrength: 87, AntiFragility: 79}, IQ: 74]
160s DecisionModule:ShowAllNetworks(): All detected networks:
       [Network #1, Technology = Wifi, Address = 02-06-00:00:00:00:00:03, { DataRate: 51, SignalStrength: 87, AntiFragility: 79}, IQ: 74]
       [Network #0, Technology = Wifi, Address = 02-06-00:00:00:00:00:02, { DataRate: 96, SignalStrength: 56, AntiFragility: 58}, IQ: 67]
       [Network #3, Technology = Wifi, Address = 02-06-00:00:00:00:00:05, { DataRate: 43, SignalStrength: 83, AntiFragility: 61}, IQ: 62]
       [Network #2, Technology = Wifi, Address = 02-06-00:00:00:00:00:04, { DataRate: 33, SignalStrength: 25, AntiFragility: 94}, IQ: 61]
       [Network #7, Technology = Wifi, Address = 02-06-00:00:00:00:00:09, { DataRate: 72, SignalStrength: 90, AntiFragility: 41}, IQ: 61]
       [Network #4, Technology = Wifi, Address = 02-06-00:00:00:00:00:06, { DataRate: 20, SignalStrength: 59, AntiFragility: 80}, IQ: 59]
       [Network #6, Technology = Wifi, Address = 02-06-00:00:00:00:00:08, { DataRate: 39, SignalStrength: 31, AntiFragility: 61}, IQ: 48]
       [Network #5, Technology = Wifi, Address = 02-06-00:00:00:00:00:07, { DataRate: 82, SignalStrength: 70, AntiFragility: 8}, IQ: 42]
       [Network #9, Technology = Wimax, Address = 02-06-00:00:00:00:00:0c, { DataRate: 82, SignalStrength: 26, AntiFragility: 29}, IQ: 41]
       [Network #8, Technology = Wimax, Address = 02-06-00:00:00:00:00:0b, { DataRate: 11, SignalStrength: 3, AntiFragility: 47}, IQ: 27]
160s ExecutionModule:Run(): Decision time => Seconds: 0, Miliseconds: 222
160s ExecutionModule:Run(): Handover time => Seconds: 0, Miliseconds: 121
160s ExecutionModule:Run(): Event: Horizontal Handover.
160s DeviceModule:MoveRandom(): New position: (93, 105)
160s DecisionModule:RemoveNetworkFromList(): Network: 0 out of range!
161s DeviceModule:MoveRandom(): New position: (96, 105)
162s DeviceModule:MoveRandom(): New position: (99, 105)
163s DeviceModule:MoveRandom(): New position: (96, 105)
164s DeviceModule:MoveRandom(): New position: (99, 105)
165s DeviceModule:MoveRandom(): New position: (99, 102)
166s DeviceModule:MoveRandom(): New position: (99, 105)
167s DeviceModule:MoveRandom(): New position: (99, 102)
168s DeviceModule:MoveRandom(): New position: (99, 99)
168s DecisionModule:AddNetworkToList(): Network detected
169s DeviceModule:MoveRandom(): New position: (99, 102)
169s DecisionModule:RemoveNetworkFromList(): Network: 0 out of range!
170s DeviceModule:MoveRandom(): New position: (99, 105)
171s DeviceModule:MoveRandom(): New position: (99, 102)
172s DeviceModule:MoveRandom(): New position: (96, 102)
172s DecisionModule:AddNetworkToList(): Network detected
173s DeviceModule:MoveRandom(): New position: (93, 102)
174s DeviceModule:MoveRandom(): New position: (93, 105)
174s DecisionModule:RemoveNetworkFromList(): Network: 0 out of range!
175s DeviceModule:MoveRandom(): New position: (93, 102)
175s DecisionModule:AddNetworkToList(): Network detected
176s DeviceModule:MoveRandom(): New position: (93, 105)
176s DecisionModule:RemoveNetworkFromList(): Network: 0 out of range!
177s DeviceModule:MoveRandom(): New position: (90, 105)
178s DeviceModule:MoveRandom(): New position: (90, 108)
179s DeviceModule:MoveRandom(): New position: (93, 108)
180s DecisionModule:Run(): Run decision
180s DecisionModule:AnalyzingNetworks(): Current Network: 
       [Network #2, Technology = Wifi, Address = 02-06-00:00:00:00:00:04, { DataRate: 48, SignalStrength: 53, AntiFragility: 72}, IQ: 61]
180s DecisionModule:ShowAllNetworks(): All detected networks:
       [Network #2, Technology = Wifi, Address = 02-06-00:00:00:00:00:04, { DataRate: 48, SignalStrength: 53, AntiFragility: 72}, IQ: 61]
       [Network #4, Technology = Wifi, Address = 02-06-00:00:00:00:00:06, { DataRate: 15, SignalStrength: 87, AntiFragility: 68}, IQ: 59]
       [Network #3, Technology = Wifi, Address = 02-06-00:00:00:00:00:05, { DataRate: 21, SignalStrength: 13, AntiFragility: 89}, IQ: 53]
       [Network #9, Technology = Wimax, Address = 02-06-00:00:00:00:00:0c, { DataRate: 78, SignalStrength: 13, AntiFragility: 60}, IQ: 52]
       [Network #5, Technology = Wifi, Address = 02-06-00:00:00:00:00:07, { DataRate: 90, SignalStrength: 6, AntiFragility: 46}, IQ: 47]
       [Network #1, Technology = Wifi, Address = 02-06-00:00:00:00:00:03, { DataRate: 26, SignalStrength: 35, AntiFragility: 61}, IQ: 45]
       [Network #7, Technology = Wifi, Address = 02-06-00:00:00:00:00:09, { DataRate: 29, SignalStrength: 55, AntiFragility: 21}, IQ: 31]
       [Network #8, Technology = Wimax, Address = 02-06-00:00:00:00:00:0b, { DataRate: 81, SignalStrength: 21, AntiFragility: 9}, IQ: 30]
       [Network #6, Technology = Wifi, Address = 02-06-00:00:00:00:00:08, { DataRate: 52, SignalStrength: 60, AntiFragility: 3}, IQ: 29]
180s ExecutionModule:Run(): Decision time => Seconds: 0, Miliseconds: 213
180s ExecutionModule:Run(): Handover time => Seconds: 0, Miliseconds: 122
180s ExecutionModule:Run(): Event: Horizontal Handover.
180s DeviceModule:MoveRandom(): New position: (93, 111)
181s DeviceModule:MoveRandom(): New position: (96, 111)
182s DeviceModule:MoveRandom(): New position: (96, 108)
183s DeviceModule:MoveRandom(): New position: (96, 105)
184s DeviceModule:MoveRandom(): New position: (93, 105)
185s DeviceModule:MoveRandom(): New position: (96, 105)
186s DeviceModule:MoveRandom(): New position: (96, 102)
186s DecisionModule:AddNetworkToList(): Network detected
187s DeviceModule:MoveRandom(): New position: (93, 102)
188s DeviceModule:MoveRandom(): New position: (90, 102)
189s DeviceModule:MoveRandom(): New position: (90, 105)
189s DecisionModule:RemoveNetworkFromList(): Network: 0 out of range!
190s DeviceModule:MoveRandom(): New position: (90, 108)
191s DeviceModule:MoveRandom(): New position: (90, 105)
192s DeviceModule:MoveRandom(): New position: (90, 102)
192s DecisionModule:AddNetworkToList(): Network detected
193s DeviceModule:MoveRandom(): New position: (90, 105)
193s DecisionModule:RemoveNetworkFromList(): Network: 0 out of range!
194s DeviceModule:MoveRandom(): New position: (90, 102)
194s DecisionModule:AddNetworkToList(): Network detected
195s DeviceModule:MoveRandom(): New position: (93, 102)
196s DeviceModule:MoveRandom(): New position: (93, 105)
196s DecisionModule:RemoveNetworkFromList(): Network: 0 out of range!
197s DeviceModule:MoveRandom(): New position: (96, 105)
198s DeviceModule:MoveRandom(): New position: (96, 102)
198s DecisionModule:AddNetworkToList(): Network detected
199s DeviceModule:MoveRandom(): New position: (93, 102)
