Waf: Entering directory `/home/renan/Documents/NR2/ns-allinone-3.20/ns-3.20/build'
Waf: Leaving directory `/home/renan/Documents/NR2/ns-allinone-3.20/ns-3.20/build'
'build' finished successfully (1.822s)
0s NetworkModule:SetPosition(): Network 0 set position => (28, 135)
0s NetworkModule:SetRange(): Network 0 set range => 100
0s NetworkModule:SetPosition(): Network 1 set position => (126, 136)
0s NetworkModule:SetRange(): Network 1 set range => 100
0s NetworkModule:SetPosition(): Network 2 set position => (22, 26)
0s NetworkModule:SetRange(): Network 2 set range => 100
0s NetworkModule:SetPosition(): Network 3 set position => (2, 82)
0s NetworkModule:SetRange(): Network 3 set range => 100
0s NetworkModule:SetPosition(): Network 4 set position => (131, 70)
0s NetworkModule:SetRange(): Network 4 set range => 100
0s NetworkModule:SetPosition(): Network 5 set position => (128, 138)
0s NetworkModule:SetRange(): Network 5 set range => 100
0s NetworkModule:SetPosition(): Network 6 set position => (70, 47)
0s NetworkModule:SetRange(): Network 6 set range => 100
0s NetworkModule:SetPosition(): Network 7 set position => (102, 77)
0s NetworkModule:SetRange(): Network 7 set range => 100
0s NetworkModule:SetPosition(): Network 8 set position => (142, 14)
0s NetworkModule:SetRange(): Network 8 set range => 100
0s NetworkModule:SetPosition(): Network 9 set position => (102, 73)
0s NetworkModule:SetRange(): Network 9 set range => 100
0s DeviceModule:ConfigureMobility(): Device [init x = 75, init y = 75, max = 150, velocity = 3]
1s DeviceModule:MoveRandom(): New position: (72, 75)
1s DecisionModule:AddNetworkToList(): Network detected
1s DecisionModule:AddNetworkToList(): Network detected
1s DecisionModule:AddNetworkToList(): Network detected
1s DecisionModule:AddNetworkToList(): Network detected
1s DecisionModule:AddNetworkToList(): Network detected
1s DecisionModule:AddNetworkToList(): Network detected
1s DecisionModule:AddNetworkToList(): Network detected
1s DecisionModule:AddNetworkToList(): Network detected
1s DecisionModule:AddNetworkToList(): Network detected
1s DecisionModule:AddNetworkToList(): Network detected
2s DeviceModule:MoveRandom(): New position: (72, 78)
3s DeviceModule:MoveRandom(): New position: (72, 81)
4s DeviceModule:MoveRandom(): New position: (69, 81)
5s DeviceModule:MoveRandom(): New position: (66, 81)
5s DecisionModule:RemoveNetworkFromList(): Network: 8 out of range!
6s DeviceModule:MoveRandom(): New position: (69, 81)
6s DecisionModule:AddNetworkToList(): Network detected
7s DeviceModule:MoveRandom(): New position: (72, 81)
8s DeviceModule:MoveRandom(): New position: (69, 81)
9s DeviceModule:MoveRandom(): New position: (69, 84)
9s DecisionModule:RemoveNetworkFromList(): Network: 8 out of range!
10s DeviceModule:MoveRandom(): New position: (69, 87)
11s DeviceModule:MoveRandom(): New position: (66, 87)
12s DeviceModule:MoveRandom(): New position: (66, 84)
13s DeviceModule:MoveRandom(): New position: (66, 87)
14s DeviceModule:MoveRandom(): New position: (69, 87)
15s DeviceModule:MoveRandom(): New position: (69, 84)
16s DeviceModule:MoveRandom(): New position: (69, 87)
17s DeviceModule:MoveRandom(): New position: (66, 87)
18s DeviceModule:MoveRandom(): New position: (66, 84)
19s DeviceModule:MoveRandom(): New position: (69, 84)
20s DecisionModule:Run(): Run decision
20s DecisionModule:AnalyzingNetworks(): Current Network: 
       [Network #2, Technology = Wifi, Address = 02-06-00:00:00:00:00:04, { DataRate: 54, SignalStrength: 65, AntiFragility: 78}, IQ: 68]
20s DecisionModule:ShowAllNetworks(): All detected networks:
       [Network #2, Technology = Wifi, Address = 02-06-00:00:00:00:00:04, { DataRate: 54, SignalStrength: 65, AntiFragility: 78}, IQ: 68]
       [Network #4, Technology = Wifi, Address = 02-06-00:00:00:00:00:06, { DataRate: 48, SignalStrength: 38, AntiFragility: 79}, IQ: 61]
       [Network #9, Technology = Wimax, Address = 02-06-00:00:00:00:00:0c, { DataRate: 55, SignalStrength: 53, AntiFragility: 67}, IQ: 60]
       [Network #0, Technology = Wifi, Address = 02-06-00:00:00:00:00:02, { DataRate: 46, SignalStrength: 28, AntiFragility: 62}, IQ: 49]
       [Network #1, Technology = Wifi, Address = 02-06-00:00:00:00:00:03, { DataRate: 3, SignalStrength: 27, AntiFragility: 73}, IQ: 44]
       [Network #6, Technology = Wifi, Address = 02-06-00:00:00:00:00:08, { DataRate: 26, SignalStrength: 10, AntiFragility: 68}, IQ: 43]
       [Network #3, Technology = Wifi, Address = 02-06-00:00:00:00:00:05, { DataRate: 81, SignalStrength: 23, AntiFragility: 35}, IQ: 43]
       [Network #7, Technology = Wifi, Address = 02-06-00:00:00:00:00:09, { DataRate: 68, SignalStrength: 71, AntiFragility: 4}, IQ: 36]
       [Network #5, Technology = Wifi, Address = 02-06-00:00:00:00:00:07, { DataRate: 32, SignalStrength: 1, AntiFragility: 16}, IQ: 16]
20s DeviceModule:MoveRandom(): New position: (72, 84)
20s DecisionModule:AddNetworkToList(): Network detected
21s DeviceModule:MoveRandom(): New position: (69, 84)
21s DecisionModule:RemoveNetworkFromList(): Network: 8 out of range!
22s DeviceModule:MoveRandom(): New position: (69, 81)
22s DecisionModule:AddNetworkToList(): Network detected
23s DeviceModule:MoveRandom(): New position: (69, 84)
23s DecisionModule:RemoveNetworkFromList(): Network: 8 out of range!
24s DeviceModule:MoveRandom(): New position: (72, 84)
24s DecisionModule:AddNetworkToList(): Network detected
25s DeviceModule:MoveRandom(): New position: (72, 87)
25s DecisionModule:RemoveNetworkFromList(): Network: 8 out of range!
26s DeviceModule:MoveRandom(): New position: (72, 90)
27s DeviceModule:MoveRandom(): New position: (69, 90)
28s DeviceModule:MoveRandom(): New position: (72, 90)
29s DeviceModule:MoveRandom(): New position: (72, 93)
30s DeviceModule:MoveRandom(): New position: (72, 90)
31s DeviceModule:MoveRandom(): New position: (72, 87)
32s DeviceModule:MoveRandom(): New position: (72, 84)
32s DecisionModule:AddNetworkToList(): Network detected
33s DeviceModule:MoveRandom(): New position: (72, 81)
34s DeviceModule:MoveRandom(): New position: (72, 84)
35s DeviceModule:MoveRandom(): New position: (72, 81)
36s DeviceModule:MoveRandom(): New position: (69, 81)
37s DeviceModule:MoveRandom(): New position: (69, 78)
38s DeviceModule:MoveRandom(): New position: (66, 78)
39s DeviceModule:MoveRandom(): New position: (66, 75)
40s DecisionModule:Run(): Run decision
40s DecisionModule:AnalyzingNetworks(): Current Network: 
       [Network #4, Technology = Wifi, Address = 02-06-00:00:00:00:00:06, { DataRate: 81, SignalStrength: 81, AntiFragility: 83}, IQ: 82]
40s DecisionModule:ShowAllNetworks(): All detected networks:
       [Network #4, Technology = Wifi, Address = 02-06-00:00:00:00:00:06, { DataRate: 81, SignalStrength: 81, AntiFragility: 83}, IQ: 82]
       [Network #1, Technology = Wifi, Address = 02-06-00:00:00:00:00:03, { DataRate: 53, SignalStrength: 84, AntiFragility: 95}, IQ: 81]
       [Network #5, Technology = Wifi, Address = 02-06-00:00:00:00:00:07, { DataRate: 94, SignalStrength: 42, AntiFragility: 64}, IQ: 66]
       [Network #8, Technology = Wimax, Address = 02-06-00:00:00:00:00:0b, { DataRate: 49, SignalStrength: 58, AntiFragility: 80}, IQ: 66]
       [Network #2, Technology = Wifi, Address = 02-06-00:00:00:00:00:04, { DataRate: 81, SignalStrength: 47, AntiFragility: 55}, IQ: 59]
       [Network #3, Technology = Wifi, Address = 02-06-00:00:00:00:00:05, { DataRate: 22, SignalStrength: 63, AntiFragility: 76}, IQ: 59]
       [Network #7, Technology = Wifi, Address = 02-06-00:00:00:00:00:09, { DataRate: 76, SignalStrength: 94, AntiFragility: 29}, IQ: 57]
       [Network #0, Technology = Wifi, Address = 02-06-00:00:00:00:00:02, { DataRate: 58, SignalStrength: 68, AntiFragility: 35}, IQ: 49]
       [Network #9, Technology = Wimax, Address = 02-06-00:00:00:00:00:0c, { DataRate: 58, SignalStrength: 55, AntiFragility: 26}, IQ: 41]
       [Network #6, Technology = Wifi, Address = 02-06-00:00:00:00:00:08, { DataRate: 11, SignalStrength: 80, AntiFragility: 2}, IQ: 23]
40s ExecutionModule:Run(): Decision time => Seconds: 0, Miliseconds: 205
40s ExecutionModule:Run(): Handover time => Seconds: 0, Miliseconds: 176
40s ExecutionModule:Run(): Event: Horizontal Handover.
40s DeviceModule:MoveRandom(): New position: (66, 72)
41s DeviceModule:MoveRandom(): New position: (69, 72)
42s DeviceModule:MoveRandom(): New position: (72, 72)
43s DeviceModule:MoveRandom(): New position: (69, 72)
44s DeviceModule:MoveRandom(): New position: (72, 72)
45s DeviceModule:MoveRandom(): New position: (72, 75)
46s DeviceModule:MoveRandom(): New position: (75, 75)
47s DeviceModule:MoveRandom(): New position: (78, 75)
48s DeviceModule:MoveRandom(): New position: (81, 75)
49s DeviceModule:MoveRandom(): New position: (78, 75)
50s DeviceModule:MoveRandom(): New position: (75, 75)
51s DeviceModule:MoveRandom(): New position: (72, 75)
52s DeviceModule:MoveRandom(): New position: (72, 78)
53s DeviceModule:MoveRandom(): New position: (75, 78)
54s DeviceModule:MoveRandom(): New position: (75, 75)
55s DeviceModule:MoveRandom(): New position: (75, 78)
56s DeviceModule:MoveRandom(): New position: (75, 81)
57s DeviceModule:MoveRandom(): New position: (75, 78)
58s DeviceModule:MoveRandom(): New position: (75, 81)
59s DeviceModule:MoveRandom(): New position: (75, 78)
60s DecisionModule:Run(): Run decision
60s DecisionModule:AnalyzingNetworks(): Current Network: 
       [Network #3, Technology = Wifi, Address = 02-06-00:00:00:00:00:05, { DataRate: 59, SignalStrength: 99, AntiFragility: 97}, IQ: 88]
60s DecisionModule:ShowAllNetworks(): All detected networks:
       [Network #3, Technology = Wifi, Address = 02-06-00:00:00:00:00:05, { DataRate: 59, SignalStrength: 99, AntiFragility: 97}, IQ: 88]
       [Network #2, Technology = Wifi, Address = 02-06-00:00:00:00:00:04, { DataRate: 88, SignalStrength: 89, AntiFragility: 51}, IQ: 69]
       [Network #7, Technology = Wifi, Address = 02-06-00:00:00:00:00:09, { DataRate: 65, SignalStrength: 96, AntiFragility: 44}, IQ: 62]
       [Network #9, Technology = Wimax, Address = 02-06-00:00:00:00:00:0c, { DataRate: 48, SignalStrength: 74, AntiFragility: 46}, IQ: 53]
       [Network #1, Technology = Wifi, Address = 02-06-00:00:00:00:00:03, { DataRate: 44, SignalStrength: 68, AntiFragility: 43}, IQ: 49]
       [Network #8, Technology = Wimax, Address = 02-06-00:00:00:00:00:0b, { DataRate: 42, SignalStrength: 41, AntiFragility: 54}, IQ: 47]
       [Network #5, Technology = Wifi, Address = 02-06-00:00:00:00:00:07, { DataRate: 53, SignalStrength: 88, AntiFragility: 12}, IQ: 41]
       [Network #6, Technology = Wifi, Address = 02-06-00:00:00:00:00:08, { DataRate: 57, SignalStrength: 25, AntiFragility: 39}, IQ: 40]
       [Network #0, Technology = Wifi, Address = 02-06-00:00:00:00:00:02, { DataRate: 84, SignalStrength: 3, AntiFragility: 29}, IQ: 36]
       [Network #4, Technology = Wifi, Address = 02-06-00:00:00:00:00:06, { DataRate: 46, SignalStrength: 35, AntiFragility: 16}, IQ: 28]
60s ExecutionModule:Run(): Decision time => Seconds: 0, Miliseconds: 209
60s ExecutionModule:Run(): Handover time => Seconds: 0, Miliseconds: 337
60s ExecutionModule:Run(): Event: Horizontal Handover.
60s DeviceModule:MoveRandom(): New position: (72, 78)
61s DeviceModule:MoveRandom(): New position: (75, 78)
62s DeviceModule:MoveRandom(): New position: (78, 78)
63s DeviceModule:MoveRandom(): New position: (81, 78)
64s DeviceModule:MoveRandom(): New position: (81, 81)
65s DeviceModule:MoveRandom(): New position: (78, 81)
66s DeviceModule:MoveRandom(): New position: (78, 78)
67s DeviceModule:MoveRandom(): New position: (75, 78)
68s DeviceModule:MoveRandom(): New position: (75, 81)
69s DeviceModule:MoveRandom(): New position: (72, 81)
70s DeviceModule:MoveRandom(): New position: (69, 81)
71s DeviceModule:MoveRandom(): New position: (72, 81)
72s DeviceModule:MoveRandom(): New position: (72, 84)
73s DeviceModule:MoveRandom(): New position: (72, 81)
74s DeviceModule:MoveRandom(): New position: (72, 78)
75s DeviceModule:MoveRandom(): New position: (72, 81)
76s DeviceModule:MoveRandom(): New position: (69, 81)
77s DeviceModule:MoveRandom(): New position: (72, 81)
78s DeviceModule:MoveRandom(): New position: (72, 78)
79s DeviceModule:MoveRandom(): New position: (69, 78)
80s DecisionModule:Run(): Run decision
80s DecisionModule:AnalyzingNetworks(): Current Network: 
       [Network #0, Technology = Wifi, Address = 02-06-00:00:00:00:00:02, { DataRate: 51, SignalStrength: 79, AntiFragility: 82}, IQ: 73]
80s DecisionModule:ShowAllNetworks(): All detected networks:
       [Network #0, Technology = Wifi, Address = 02-06-00:00:00:00:00:02, { DataRate: 51, SignalStrength: 79, AntiFragility: 82}, IQ: 73]
       [Network #9, Technology = Wimax, Address = 02-06-00:00:00:00:00:0c, { DataRate: 79, SignalStrength: 78, AntiFragility: 54}, IQ: 66]
       [Network #1, Technology = Wifi, Address = 02-06-00:00:00:00:00:03, { DataRate: 99, SignalStrength: 48, AntiFragility: 55}, IQ: 64]
       [Network #6, Technology = Wifi, Address = 02-06-00:00:00:00:00:08, { DataRate: 50, SignalStrength: 84, AntiFragility: 61}, IQ: 64]
       [Network #8, Technology = Wimax, Address = 02-06-00:00:00:00:00:0b, { DataRate: 56, SignalStrength: 43, AntiFragility: 54}, IQ: 51]
       [Network #2, Technology = Wifi, Address = 02-06-00:00:00:00:00:04, { DataRate: 95, SignalStrength: 46, AntiFragility: 31}, IQ: 50]
       [Network #3, Technology = Wifi, Address = 02-06-00:00:00:00:00:05, { DataRate: 37, SignalStrength: 31, AntiFragility: 40}, IQ: 37]
       [Network #4, Technology = Wifi, Address = 02-06-00:00:00:00:00:06, { DataRate: 10, SignalStrength: 19, AntiFragility: 44}, IQ: 29]
       [Network #5, Technology = Wifi, Address = 02-06-00:00:00:00:00:07, { DataRate: 71, SignalStrength: 6, AntiFragility: 5}, IQ: 21]
       [Network #7, Technology = Wifi, Address = 02-06-00:00:00:00:00:09, { DataRate: 2, SignalStrength: 9, AntiFragility: 31}, IQ: 18]
80s ExecutionModule:Run(): Decision time => Seconds: 0, Miliseconds: 227
80s ExecutionModule:Run(): Handover time => Seconds: 0, Miliseconds: 121
80s ExecutionModule:Run(): Event: Horizontal Handover.
80s DeviceModule:MoveRandom(): New position: (66, 78)
81s DeviceModule:MoveRandom(): New position: (69, 78)
82s DeviceModule:MoveRandom(): New position: (69, 81)
83s DeviceModule:MoveRandom(): New position: (69, 78)
84s DeviceModule:MoveRandom(): New position: (72, 78)
85s DeviceModule:MoveRandom(): New position: (75, 78)
86s DeviceModule:MoveRandom(): New position: (78, 78)
87s DeviceModule:MoveRandom(): New position: (78, 75)
88s DeviceModule:MoveRandom(): New position: (81, 75)
89s DeviceModule:MoveRandom(): New position: (78, 75)
90s DeviceModule:MoveRandom(): New position: (78, 72)
91s DeviceModule:MoveRandom(): New position: (75, 72)
92s DeviceModule:MoveRandom(): New position: (75, 75)
93s DeviceModule:MoveRandom(): New position: (75, 78)
94s DeviceModule:MoveRandom(): New position: (75, 75)
95s DeviceModule:MoveRandom(): New position: (78, 75)
96s DeviceModule:MoveRandom(): New position: (78, 78)
97s DeviceModule:MoveRandom(): New position: (78, 75)
98s DeviceModule:MoveRandom(): New position: (78, 72)
99s DeviceModule:MoveRandom(): New position: (75, 72)
100s DecisionModule:Run(): Run decision
100s DecisionModule:AnalyzingNetworks(): Current Network: 
       [Network #9, Technology = Wimax, Address = 02-06-00:00:00:00:00:0c, { DataRate: 97, SignalStrength: 69, AntiFragility: 83}, IQ: 83]
100s DecisionModule:ShowAllNetworks(): All detected networks:
       [Network #9, Technology = Wimax, Address = 02-06-00:00:00:00:00:0c, { DataRate: 97, SignalStrength: 69, AntiFragility: 83}, IQ: 83]
       [Network #5, Technology = Wifi, Address = 02-06-00:00:00:00:00:07, { DataRate: 97, SignalStrength: 30, AntiFragility: 63}, IQ: 63]
       [Network #4, Technology = Wifi, Address = 02-06-00:00:00:00:00:06, { DataRate: 53, SignalStrength: 30, AntiFragility: 81}, IQ: 61]
       [Network #1, Technology = Wifi, Address = 02-06-00:00:00:00:00:03, { DataRate: 38, SignalStrength: 61, AntiFragility: 65}, IQ: 57]
       [Network #6, Technology = Wifi, Address = 02-06-00:00:00:00:00:08, { DataRate: 21, SignalStrength: 88, AntiFragility: 41}, IQ: 47]
       [Network #2, Technology = Wifi, Address = 02-06-00:00:00:00:00:04, { DataRate: 49, SignalStrength: 63, AntiFragility: 22}, IQ: 39]
       [Network #8, Technology = Wimax, Address = 02-06-00:00:00:00:00:0b, { DataRate: 37, SignalStrength: 60, AntiFragility: 14}, IQ: 31]
       [Network #0, Technology = Wifi, Address = 02-06-00:00:00:00:00:02, { DataRate: 24, SignalStrength: 90, AntiFragility: 6}, IQ: 31]
       [Network #7, Technology = Wifi, Address = 02-06-00:00:00:00:00:09, { DataRate: 45, SignalStrength: 41, AntiFragility: 18}, IQ: 30]
       [Network #3, Technology = Wifi, Address = 02-06-00:00:00:00:00:05, { DataRate: 48, SignalStrength: 4, AntiFragility: 12}, IQ: 19]
100s ExecutionModule:Run(): Decision time => Seconds: 0, Miliseconds: 232
100s ExecutionModule:Run(): Handover time => Seconds: 0, Miliseconds: 44
100s ExecutionModule:Run(): Event: Vertical Handover.
100s DeviceModule:MoveRandom(): New position: (75, 75)
101s DeviceModule:MoveRandom(): New position: (78, 75)
102s DeviceModule:MoveRandom(): New position: (78, 72)
103s DeviceModule:MoveRandom(): New position: (78, 69)
104s DeviceModule:MoveRandom(): New position: (75, 69)
105s DeviceModule:MoveRandom(): New position: (78, 69)
106s DeviceModule:MoveRandom(): New position: (78, 72)
107s DeviceModule:MoveRandom(): New position: (78, 75)
108s DeviceModule:MoveRandom(): New position: (78, 78)
109s DeviceModule:MoveRandom(): New position: (78, 81)
110s DeviceModule:MoveRandom(): New position: (78, 84)
111s DeviceModule:MoveRandom(): New position: (75, 84)
112s DeviceModule:MoveRandom(): New position: (75, 81)
113s DeviceModule:MoveRandom(): New position: (75, 84)
114s DeviceModule:MoveRandom(): New position: (72, 84)
115s DeviceModule:MoveRandom(): New position: (72, 81)
116s DeviceModule:MoveRandom(): New position: (72, 78)
117s DeviceModule:MoveRandom(): New position: (75, 78)
118s DeviceModule:MoveRandom(): New position: (78, 78)
119s DeviceModule:MoveRandom(): New position: (75, 78)
120s DecisionModule:Run(): Run decision
120s DecisionModule:AnalyzingNetworks(): Current Network: 
       [Network #9, Technology = Wimax, Address = 02-06-00:00:00:00:00:0c, { DataRate: 78, SignalStrength: 84, AntiFragility: 97}, IQ: 89]
120s DecisionModule:ShowAllNetworks(): All detected networks:
       [Network #9, Technology = Wimax, Address = 02-06-00:00:00:00:00:0c, { DataRate: 78, SignalStrength: 84, AntiFragility: 97}, IQ: 89]
       [Network #0, Technology = Wifi, Address = 02-06-00:00:00:00:00:02, { DataRate: 24, SignalStrength: 97, AntiFragility: 80}, IQ: 70]
       [Network #6, Technology = Wifi, Address = 02-06-00:00:00:00:00:08, { DataRate: 49, SignalStrength: 85, AntiFragility: 72}, IQ: 69]
       [Network #8, Technology = Wimax, Address = 02-06-00:00:00:00:00:0b, { DataRate: 54, SignalStrength: 79, AntiFragility: 58}, IQ: 62]
       [Network #2, Technology = Wifi, Address = 02-06-00:00:00:00:00:04, { DataRate: 81, SignalStrength: 65, AntiFragility: 49}, IQ: 61]
       [Network #4, Technology = Wifi, Address = 02-06-00:00:00:00:00:06, { DataRate: 70, SignalStrength: 3, AntiFragility: 78}, IQ: 57]
       [Network #3, Technology = Wifi, Address = 02-06-00:00:00:00:00:05, { DataRate: 23, SignalStrength: 55, AntiFragility: 68}, IQ: 53]
       [Network #7, Technology = Wifi, Address = 02-06-00:00:00:00:00:09, { DataRate: 56, SignalStrength: 60, AntiFragility: 43}, IQ: 50]
       [Network #1, Technology = Wifi, Address = 02-06-00:00:00:00:00:03, { DataRate: 40, SignalStrength: 41, AntiFragility: 37}, IQ: 38]
       [Network #5, Technology = Wifi, Address = 02-06-00:00:00:00:00:07, { DataRate: 6, SignalStrength: 97, AntiFragility: 22}, IQ: 36]
120s DeviceModule:MoveRandom(): New position: (78, 78)
121s DeviceModule:MoveRandom(): New position: (81, 78)
122s DeviceModule:MoveRandom(): New position: (81, 81)
123s DeviceModule:MoveRandom(): New position: (81, 78)
124s DeviceModule:MoveRandom(): New position: (84, 78)
125s DeviceModule:MoveRandom(): New position: (87, 78)
126s DeviceModule:MoveRandom(): New position: (87, 81)
127s DeviceModule:MoveRandom(): New position: (87, 78)
128s DeviceModule:MoveRandom(): New position: (87, 75)
129s DeviceModule:MoveRandom(): New position: (84, 75)
130s DeviceModule:MoveRandom(): New position: (87, 75)
131s DeviceModule:MoveRandom(): New position: (84, 75)
132s DeviceModule:MoveRandom(): New position: (84, 72)
133s DeviceModule:MoveRandom(): New position: (84, 69)
134s DeviceModule:MoveRandom(): New position: (84, 72)
135s DeviceModule:MoveRandom(): New position: (81, 72)
136s DeviceModule:MoveRandom(): New position: (81, 75)
137s DeviceModule:MoveRandom(): New position: (78, 75)
138s DeviceModule:MoveRandom(): New position: (75, 75)
139s DeviceModule:MoveRandom(): New position: (75, 72)
140s DecisionModule:Run(): Run decision
140s DecisionModule:AnalyzingNetworks(): Current Network: 
       [Network #9, Technology = Wimax, Address = 02-06-00:00:00:00:00:0c, { DataRate: 78, SignalStrength: 97, AntiFragility: 83}, IQ: 85]
140s DecisionModule:ShowAllNetworks(): All detected networks:
       [Network #9, Technology = Wimax, Address = 02-06-00:00:00:00:00:0c, { DataRate: 78, SignalStrength: 97, AntiFragility: 83}, IQ: 85]
       [Network #0, Technology = Wifi, Address = 02-06-00:00:00:00:00:02, { DataRate: 18, SignalStrength: 82, AntiFragility: 97}, IQ: 73]
       [Network #8, Technology = Wimax, Address = 02-06-00:00:00:00:00:0b, { DataRate: 1, SignalStrength: 78, AntiFragility: 78}, IQ: 58]
       [Network #4, Technology = Wifi, Address = 02-06-00:00:00:00:00:06, { DataRate: 88, SignalStrength: 36, AntiFragility: 49}, IQ: 55]
       [Network #2, Technology = Wifi, Address = 02-06-00:00:00:00:00:04, { DataRate: 99, SignalStrength: 6, AntiFragility: 51}, IQ: 51]
       [Network #6, Technology = Wifi, Address = 02-06-00:00:00:00:00:08, { DataRate: 85, SignalStrength: 63, AntiFragility: 22}, IQ: 48]
       [Network #1, Technology = Wifi, Address = 02-06-00:00:00:00:00:03, { DataRate: 41, SignalStrength: 56, AntiFragility: 43}, IQ: 45]
       [Network #3, Technology = Wifi, Address = 02-06-00:00:00:00:00:05, { DataRate: 36, SignalStrength: 6, AntiFragility: 65}, IQ: 43]
       [Network #7, Technology = Wifi, Address = 02-06-00:00:00:00:00:09, { DataRate: 32, SignalStrength: 32, AntiFragility: 25}, IQ: 28]
       [Network #5, Technology = Wifi, Address = 02-06-00:00:00:00:00:07, { DataRate: 15, SignalStrength: 62, AntiFragility: 17}, IQ: 27]
140s DeviceModule:MoveRandom(): New position: (75, 75)
141s DeviceModule:MoveRandom(): New position: (75, 78)
142s DeviceModule:MoveRandom(): New position: (72, 78)
143s DeviceModule:MoveRandom(): New position: (69, 78)
144s DeviceModule:MoveRandom(): New position: (69, 81)
145s DeviceModule:MoveRandom(): New position: (69, 78)
146s DeviceModule:MoveRandom(): New position: (72, 78)
147s DeviceModule:MoveRandom(): New position: (72, 81)
148s DeviceModule:MoveRandom(): New position: (72, 84)
149s DeviceModule:MoveRandom(): New position: (75, 84)
150s DeviceModule:MoveRandom(): New position: (75, 81)
151s DeviceModule:MoveRandom(): New position: (75, 84)
152s DeviceModule:MoveRandom(): New position: (72, 84)
153s DeviceModule:MoveRandom(): New position: (75, 84)
154s DeviceModule:MoveRandom(): New position: (78, 84)
155s DeviceModule:MoveRandom(): New position: (75, 84)
156s DeviceModule:MoveRandom(): New position: (75, 87)
157s DeviceModule:MoveRandom(): New position: (75, 90)
157s DecisionModule:RemoveNetworkFromList(): Network: 8 out of range!
158s DeviceModule:MoveRandom(): New position: (75, 87)
158s DecisionModule:AddNetworkToList(): Network detected
159s DeviceModule:MoveRandom(): New position: (75, 90)
159s DecisionModule:RemoveNetworkFromList(): Network: 8 out of range!
160s DecisionModule:Run(): Run decision
160s DecisionModule:AnalyzingNetworks(): Current Network: 
       [Network #9, Technology = Wimax, Address = 02-06-00:00:00:00:00:0c, { DataRate: 53, SignalStrength: 59, AntiFragility: 63}, IQ: 59]
160s DecisionModule:ShowAllNetworks(): All detected networks:
       [Network #9, Technology = Wimax, Address = 02-06-00:00:00:00:00:0c, { DataRate: 53, SignalStrength: 59, AntiFragility: 63}, IQ: 59]
       [Network #0, Technology = Wifi, Address = 02-06-00:00:00:00:00:02, { DataRate: 15, SignalStrength: 94, AntiFragility: 52}, IQ: 53]
       [Network #5, Technology = Wifi, Address = 02-06-00:00:00:00:00:07, { DataRate: 38, SignalStrength: 27, AntiFragility: 68}, IQ: 50]
       [Network #3, Technology = Wifi, Address = 02-06-00:00:00:00:00:05, { DataRate: 78, SignalStrength: 15, AntiFragility: 50}, IQ: 48]
       [Network #6, Technology = Wifi, Address = 02-06-00:00:00:00:00:08, { DataRate: 47, SignalStrength: 41, AntiFragility: 50}, IQ: 47]
       [Network #1, Technology = Wifi, Address = 02-06-00:00:00:00:00:03, { DataRate: 13, SignalStrength: 59, AntiFragility: 53}, IQ: 44]
       [Network #2, Technology = Wifi, Address = 02-06-00:00:00:00:00:04, { DataRate: 17, SignalStrength: 30, AntiFragility: 63}, IQ: 43]
       [Network #7, Technology = Wifi, Address = 02-06-00:00:00:00:00:09, { DataRate: 36, SignalStrength: 52, AntiFragility: 1}, IQ: 22]
       [Network #4, Technology = Wifi, Address = 02-06-00:00:00:00:00:06, { DataRate: 18, SignalStrength: 31, AntiFragility: 18}, IQ: 21]
160s DeviceModule:MoveRandom(): New position: (75, 93)
161s DeviceModule:MoveRandom(): New position: (72, 93)
162s DeviceModule:MoveRandom(): New position: (72, 90)
163s DeviceModule:MoveRandom(): New position: (72, 93)
164s DeviceModule:MoveRandom(): New position: (75, 93)
165s DeviceModule:MoveRandom(): New position: (75, 96)
166s DeviceModule:MoveRandom(): New position: (75, 99)
167s DeviceModule:MoveRandom(): New position: (72, 99)
168s DeviceModule:MoveRandom(): New position: (72, 102)
169s DeviceModule:MoveRandom(): New position: (69, 102)
170s DeviceModule:MoveRandom(): New position: (69, 105)
171s DeviceModule:MoveRandom(): New position: (69, 102)
172s DeviceModule:MoveRandom(): New position: (69, 99)
173s DeviceModule:MoveRandom(): New position: (69, 102)
174s DeviceModule:MoveRandom(): New position: (69, 105)
175s DeviceModule:MoveRandom(): New position: (66, 105)
176s DeviceModule:MoveRandom(): New position: (66, 108)
177s DeviceModule:MoveRandom(): New position: (66, 105)
178s DeviceModule:MoveRandom(): New position: (66, 102)
179s DeviceModule:MoveRandom(): New position: (63, 102)
180s DecisionModule:Run(): Run decision
180s DecisionModule:AnalyzingNetworks(): Current Network: 
       [Network #2, Technology = Wifi, Address = 02-06-00:00:00:00:00:04, { DataRate: 87, SignalStrength: 74, AntiFragility: 72}, IQ: 76]
180s DecisionModule:ShowAllNetworks(): All detected networks:
       [Network #2, Technology = Wifi, Address = 02-06-00:00:00:00:00:04, { DataRate: 87, SignalStrength: 74, AntiFragility: 72}, IQ: 76]
       [Network #4, Technology = Wifi, Address = 02-06-00:00:00:00:00:06, { DataRate: 63, SignalStrength: 64, AntiFragility: 72}, IQ: 67]
       [Network #9, Technology = Wimax, Address = 02-06-00:00:00:00:00:0c, { DataRate: 95, SignalStrength: 48, AntiFragility: 61}, IQ: 66]
       [Network #7, Technology = Wifi, Address = 02-06-00:00:00:00:00:09, { DataRate: 73, SignalStrength: 38, AntiFragility: 61}, IQ: 58]
       [Network #6, Technology = Wifi, Address = 02-06-00:00:00:00:00:08, { DataRate: 93, SignalStrength: 82, AntiFragility: 25}, IQ: 56]
       [Network #0, Technology = Wifi, Address = 02-06-00:00:00:00:00:02, { DataRate: 62, SignalStrength: 91, AntiFragility: 9}, IQ: 42]
       [Network #3, Technology = Wifi, Address = 02-06-00:00:00:00:00:05, { DataRate: 14, SignalStrength: 68, AntiFragility: 18}, IQ: 29]
       [Network #5, Technology = Wifi, Address = 02-06-00:00:00:00:00:07, { DataRate: 68, SignalStrength: 21, AntiFragility: 3}, IQ: 23]
       [Network #1, Technology = Wifi, Address = 02-06-00:00:00:00:00:03, { DataRate: 2, SignalStrength: 28, AntiFragility: 14}, IQ: 14]
180s ExecutionModule:Run(): Decision time => Seconds: 0, Miliseconds: 196
180s ExecutionModule:Run(): Handover time => Seconds: 0, Miliseconds: 32
180s ExecutionModule:Run(): Event: Vertical Handover.
180s DeviceModule:MoveRandom(): New position: (60, 102)
181s DeviceModule:MoveRandom(): New position: (60, 99)
182s DeviceModule:MoveRandom(): New position: (60, 102)
183s DeviceModule:MoveRandom(): New position: (60, 105)
184s DeviceModule:MoveRandom(): New position: (60, 108)
185s DeviceModule:MoveRandom(): New position: (60, 105)
186s DeviceModule:MoveRandom(): New position: (57, 105)
187s DeviceModule:MoveRandom(): New position: (54, 105)
188s DeviceModule:MoveRandom(): New position: (51, 105)
189s DeviceModule:MoveRandom(): New position: (48, 105)
190s DeviceModule:MoveRandom(): New position: (51, 105)
191s DeviceModule:MoveRandom(): New position: (51, 102)
192s DeviceModule:MoveRandom(): New position: (48, 102)
193s DeviceModule:MoveRandom(): New position: (48, 105)
194s DeviceModule:MoveRandom(): New position: (48, 102)
195s DeviceModule:MoveRandom(): New position: (48, 105)
196s DeviceModule:MoveRandom(): New position: (48, 108)
197s DeviceModule:MoveRandom(): New position: (48, 105)
198s DeviceModule:MoveRandom(): New position: (48, 108)
199s DeviceModule:MoveRandom(): New position: (51, 108)
