Waf: Entering directory `/home/renan/Documents/NR2/ns-allinone-3.20/ns-3.20/build'
Waf: Leaving directory `/home/renan/Documents/NR2/ns-allinone-3.20/ns-3.20/build'
'build' finished successfully (1.688s)
0s NetworkModule:SetPosition(): Network 0 set position => (12, 59)
0s NetworkModule:SetRange(): Network 0 set range => 100
0s NetworkModule:SetPosition(): Network 1 set position => (70, 93)
0s NetworkModule:SetRange(): Network 1 set range => 100
0s DeviceModule:ConfigureMobility(): Device [init x = 50, init y = 50, max = 100, velocity = 3]
1s DeviceModule:MoveRandom(): New position: (47, 50)
1s DecisionModule:AddNetworkToList(): Network detected
1s DecisionModule:AddNetworkToList(): Network detected
2s DeviceModule:MoveRandom(): New position: (44, 50)
3s DeviceModule:MoveRandom(): New position: (44, 53)
4s DeviceModule:MoveRandom(): New position: (44, 50)
5s DeviceModule:MoveRandom(): New position: (47, 50)
6s DeviceModule:MoveRandom(): New position: (50, 50)
7s DeviceModule:MoveRandom(): New position: (50, 53)
8s DeviceModule:MoveRandom(): New position: (50, 50)
9s DeviceModule:MoveRandom(): New position: (50, 47)
10s DecisionModule:Run(): Run decision
10s DecisionModule:AnalyzingNetworks(): Current Network: 
       [Network #1, Technology = Wimax, Address = 02-06-00:00:00:00:00:04, { DataRate: 50, SignalStrength: 37, AntiFragility: 56}, IQ: 49]
10s DecisionModule:ShowAllNetworks(): All detected networks:
       [Network #1, Technology = Wimax, Address = 02-06-00:00:00:00:00:04, { DataRate: 50, SignalStrength: 37, AntiFragility: 56}, IQ: 49]
       [Network #0, Technology = Wifi, Address = 02-06-00:00:00:00:00:02, { DataRate: 58, SignalStrength: 7, AntiFragility: 33}, IQ: 32]
10s DeviceModule:MoveRandom(): New position: (47, 47)
11s DeviceModule:MoveRandom(): New position: (47, 50)
12s DeviceModule:MoveRandom(): New position: (47, 47)
13s DeviceModule:MoveRandom(): New position: (50, 47)
14s DeviceModule:MoveRandom(): New position: (53, 47)
15s DeviceModule:MoveRandom(): New position: (53, 44)
16s DeviceModule:MoveRandom(): New position: (56, 44)
17s DeviceModule:MoveRandom(): New position: (56, 47)
18s DeviceModule:MoveRandom(): New position: (59, 47)
19s DeviceModule:MoveRandom(): New position: (56, 47)
20s DecisionModule:Run(): Run decision
20s DecisionModule:AnalyzingNetworks(): Current Network: 
       [Network #1, Technology = Wimax, Address = 02-06-00:00:00:00:00:04, { DataRate: 48, SignalStrength: 37, AntiFragility: 55}, IQ: 48]
20s DecisionModule:ShowAllNetworks(): All detected networks:
       [Network #1, Technology = Wimax, Address = 02-06-00:00:00:00:00:04, { DataRate: 48, SignalStrength: 37, AntiFragility: 55}, IQ: 48]
       [Network #0, Technology = Wifi, Address = 02-06-00:00:00:00:00:02, { DataRate: 40, SignalStrength: 25, AntiFragility: 12}, IQ: 22]
20s DeviceModule:MoveRandom(): New position: (56, 50)
21s DeviceModule:MoveRandom(): New position: (59, 50)
22s DeviceModule:MoveRandom(): New position: (62, 50)
23s DeviceModule:MoveRandom(): New position: (65, 50)
24s DeviceModule:MoveRandom(): New position: (68, 50)
25s DeviceModule:MoveRandom(): New position: (68, 53)
26s DeviceModule:MoveRandom(): New position: (71, 53)
27s DeviceModule:MoveRandom(): New position: (74, 53)
28s DeviceModule:MoveRandom(): New position: (77, 53)
29s DeviceModule:MoveRandom(): New position: (77, 56)
30s DecisionModule:Run(): Run decision
30s DecisionModule:AnalyzingNetworks(): Current Network: 
       [Network #0, Technology = Wifi, Address = 02-06-00:00:00:00:00:02, { DataRate: 40, SignalStrength: 33, AntiFragility: 40}, IQ: 38]
30s DecisionModule:ShowAllNetworks(): All detected networks:
       [Network #0, Technology = Wifi, Address = 02-06-00:00:00:00:00:02, { DataRate: 40, SignalStrength: 33, AntiFragility: 40}, IQ: 38]
       [Network #1, Technology = Wimax, Address = 02-06-00:00:00:00:00:04, { DataRate: 88, SignalStrength: 15, AntiFragility: 5}, IQ: 28]
30s ExecutionModule:Run(): Decision time => Seconds: 0, Miliseconds: 141
30s ExecutionModule:Run(): Handover time => Seconds: 0, Miliseconds: 273
30s ExecutionModule:Run(): Event: Vertical Handover.
30s DeviceModule:MoveRandom(): New position: (74, 56)
31s DeviceModule:MoveRandom(): New position: (74, 59)
32s DeviceModule:MoveRandom(): New position: (74, 56)
33s DeviceModule:MoveRandom(): New position: (71, 56)
34s DeviceModule:MoveRandom(): New position: (71, 53)
35s DeviceModule:MoveRandom(): New position: (68, 53)
36s DeviceModule:MoveRandom(): New position: (68, 50)
37s DeviceModule:MoveRandom(): New position: (68, 47)
38s DeviceModule:MoveRandom(): New position: (68, 44)
39s DeviceModule:MoveRandom(): New position: (68, 47)
40s DecisionModule:Run(): Run decision
40s DecisionModule:AnalyzingNetworks(): Current Network: 
       [Network #1, Technology = Wimax, Address = 02-06-00:00:00:00:00:04, { DataRate: 42, SignalStrength: 52, AntiFragility: 63}, IQ: 55]
40s DecisionModule:ShowAllNetworks(): All detected networks:
       [Network #1, Technology = Wimax, Address = 02-06-00:00:00:00:00:04, { DataRate: 42, SignalStrength: 52, AntiFragility: 63}, IQ: 55]
       [Network #0, Technology = Wifi, Address = 02-06-00:00:00:00:00:02, { DataRate: 35, SignalStrength: 9, AntiFragility: 1}, IQ: 11]
40s ExecutionModule:Run(): Decision time => Seconds: 0, Miliseconds: 134
40s ExecutionModule:Run(): Handover time => Seconds: 0, Miliseconds: 44
40s ExecutionModule:Run(): Event: Vertical Handover.
40s DeviceModule:MoveRandom(): New position: (65, 47)
41s DeviceModule:MoveRandom(): New position: (65, 50)
42s DeviceModule:MoveRandom(): New position: (62, 50)
43s DeviceModule:MoveRandom(): New position: (62, 47)
44s DeviceModule:MoveRandom(): New position: (62, 44)
45s DeviceModule:MoveRandom(): New position: (62, 41)
46s DeviceModule:MoveRandom(): New position: (62, 44)
47s DeviceModule:MoveRandom(): New position: (65, 44)
48s DeviceModule:MoveRandom(): New position: (65, 47)
49s DeviceModule:MoveRandom(): New position: (65, 50)
50s DecisionModule:Run(): Run decision
50s DecisionModule:AnalyzingNetworks(): Current Network: 
       [Network #0, Technology = Wifi, Address = 02-06-00:00:00:00:00:02, { DataRate: 43, SignalStrength: 98, AntiFragility: 65}, IQ: 67]
50s DecisionModule:ShowAllNetworks(): All detected networks:
       [Network #0, Technology = Wifi, Address = 02-06-00:00:00:00:00:02, { DataRate: 43, SignalStrength: 98, AntiFragility: 65}, IQ: 67]
       [Network #1, Technology = Wimax, Address = 02-06-00:00:00:00:00:04, { DataRate: 41, SignalStrength: 93, AntiFragility: 42}, IQ: 54]
50s ExecutionModule:Run(): Decision time => Seconds: 0, Miliseconds: 148
50s ExecutionModule:Run(): Handover time => Seconds: 0, Miliseconds: 31
50s ExecutionModule:Run(): Event: Vertical Handover.
50s DeviceModule:MoveRandom(): New position: (65, 53)
51s DeviceModule:MoveRandom(): New position: (62, 53)
52s DeviceModule:MoveRandom(): New position: (65, 53)
53s DeviceModule:MoveRandom(): New position: (68, 53)
54s DeviceModule:MoveRandom(): New position: (65, 53)
55s DeviceModule:MoveRandom(): New position: (68, 53)
56s DeviceModule:MoveRandom(): New position: (68, 50)
57s DeviceModule:MoveRandom(): New position: (68, 47)
58s DeviceModule:MoveRandom(): New position: (68, 44)
59s DeviceModule:MoveRandom(): New position: (68, 41)
60s DecisionModule:Run(): Run decision
60s DecisionModule:AnalyzingNetworks(): Current Network: 
       [Network #1, Technology = Wimax, Address = 02-06-00:00:00:00:00:04, { DataRate: 3, SignalStrength: 6, AntiFragility: 66}, IQ: 35]
60s DecisionModule:ShowAllNetworks(): All detected networks:
       [Network #1, Technology = Wimax, Address = 02-06-00:00:00:00:00:04, { DataRate: 3, SignalStrength: 6, AntiFragility: 66}, IQ: 35]
       [Network #0, Technology = Wifi, Address = 02-06-00:00:00:00:00:02, { DataRate: 70, SignalStrength: 6, AntiFragility: 9}, IQ: 23]
60s ExecutionModule:Run(): Decision time => Seconds: 0, Miliseconds: 144
60s ExecutionModule:Run(): Handover time => Seconds: 0, Miliseconds: 32
60s ExecutionModule:Run(): Event: Vertical Handover.
60s DeviceModule:MoveRandom(): New position: (68, 38)
61s DeviceModule:MoveRandom(): New position: (65, 38)
62s DeviceModule:MoveRandom(): New position: (62, 38)
63s DeviceModule:MoveRandom(): New position: (59, 38)
64s DeviceModule:MoveRandom(): New position: (59, 41)
65s DeviceModule:MoveRandom(): New position: (56, 41)
66s DeviceModule:MoveRandom(): New position: (59, 41)
67s DeviceModule:MoveRandom(): New position: (59, 38)
68s DeviceModule:MoveRandom(): New position: (62, 38)
69s DeviceModule:MoveRandom(): New position: (62, 35)
70s DecisionModule:Run(): Run decision
70s DecisionModule:AnalyzingNetworks(): Current Network: 
       [Network #0, Technology = Wifi, Address = 02-06-00:00:00:00:00:02, { DataRate: 84, SignalStrength: 72, AntiFragility: 71}, IQ: 74]
70s DecisionModule:ShowAllNetworks(): All detected networks:
       [Network #0, Technology = Wifi, Address = 02-06-00:00:00:00:00:02, { DataRate: 84, SignalStrength: 72, AntiFragility: 71}, IQ: 74]
       [Network #1, Technology = Wimax, Address = 02-06-00:00:00:00:00:04, { DataRate: 33, SignalStrength: 29, AntiFragility: 81}, IQ: 56]
70s ExecutionModule:Run(): Decision time => Seconds: 0, Miliseconds: 150
70s ExecutionModule:Run(): Handover time => Seconds: 0, Miliseconds: 31
70s ExecutionModule:Run(): Event: Vertical Handover.
70s DeviceModule:MoveRandom(): New position: (62, 38)
71s DeviceModule:MoveRandom(): New position: (62, 41)
72s DeviceModule:MoveRandom(): New position: (65, 41)
73s DeviceModule:MoveRandom(): New position: (68, 41)
74s DeviceModule:MoveRandom(): New position: (68, 44)
75s DeviceModule:MoveRandom(): New position: (65, 44)
76s DeviceModule:MoveRandom(): New position: (65, 41)
77s DeviceModule:MoveRandom(): New position: (62, 41)
78s DeviceModule:MoveRandom(): New position: (59, 41)
79s DeviceModule:MoveRandom(): New position: (59, 38)
80s DecisionModule:Run(): Run decision
80s DecisionModule:AnalyzingNetworks(): Current Network: 
       [Network #0, Technology = Wifi, Address = 02-06-00:00:00:00:00:02, { DataRate: 21, SignalStrength: 95, AntiFragility: 54}, IQ: 56]
80s DecisionModule:ShowAllNetworks(): All detected networks:
       [Network #0, Technology = Wifi, Address = 02-06-00:00:00:00:00:02, { DataRate: 21, SignalStrength: 95, AntiFragility: 54}, IQ: 56]
       [Network #1, Technology = Wimax, Address = 02-06-00:00:00:00:00:04, { DataRate: 71, SignalStrength: 91, AntiFragility: 12}, IQ: 46]
80s DeviceModule:MoveRandom(): New position: (62, 38)
81s DeviceModule:MoveRandom(): New position: (62, 35)
82s DeviceModule:MoveRandom(): New position: (62, 32)
83s DeviceModule:MoveRandom(): New position: (62, 29)
84s DeviceModule:MoveRandom(): New position: (62, 32)
85s DeviceModule:MoveRandom(): New position: (62, 35)
86s DeviceModule:MoveRandom(): New position: (59, 35)
87s DeviceModule:MoveRandom(): New position: (56, 35)
88s DeviceModule:MoveRandom(): New position: (53, 35)
89s DeviceModule:MoveRandom(): New position: (53, 38)
90s DecisionModule:Run(): Run decision
90s DecisionModule:AnalyzingNetworks(): Current Network: 
       [Network #0, Technology = Wifi, Address = 02-06-00:00:00:00:00:02, { DataRate: 80, SignalStrength: 95, AntiFragility: 87}, IQ: 87]
90s DecisionModule:ShowAllNetworks(): All detected networks:
       [Network #0, Technology = Wifi, Address = 02-06-00:00:00:00:00:02, { DataRate: 80, SignalStrength: 95, AntiFragility: 87}, IQ: 87]
       [Network #1, Technology = Wimax, Address = 02-06-00:00:00:00:00:04, { DataRate: 84, SignalStrength: 6, AntiFragility: 34}, IQ: 39]
90s DeviceModule:MoveRandom(): New position: (53, 35)
91s DeviceModule:MoveRandom(): New position: (53, 32)
92s DeviceModule:MoveRandom(): New position: (50, 32)
93s DeviceModule:MoveRandom(): New position: (47, 32)
94s DeviceModule:MoveRandom(): New position: (47, 29)
95s DeviceModule:MoveRandom(): New position: (47, 32)
96s DeviceModule:MoveRandom(): New position: (47, 29)
97s DeviceModule:MoveRandom(): New position: (47, 26)
98s DeviceModule:MoveRandom(): New position: (50, 26)
99s DeviceModule:MoveRandom(): New position: (50, 29)
100s DecisionModule:Run(): Run decision
100s DecisionModule:AnalyzingNetworks(): Current Network: 
       [Network #1, Technology = Wimax, Address = 02-06-00:00:00:00:00:04, { DataRate: 97, SignalStrength: 75, AntiFragility: 26}, IQ: 56]
100s DecisionModule:ShowAllNetworks(): All detected networks:
       [Network #1, Technology = Wimax, Address = 02-06-00:00:00:00:00:04, { DataRate: 97, SignalStrength: 75, AntiFragility: 26}, IQ: 56]
       [Network #0, Technology = Wifi, Address = 02-06-00:00:00:00:00:02, { DataRate: 54, SignalStrength: 19, AntiFragility: 26}, IQ: 31]
100s ExecutionModule:Run(): Decision time => Seconds: 0, Miliseconds: 167
100s ExecutionModule:Run(): Handover time => Seconds: 0, Miliseconds: 31
100s ExecutionModule:Run(): Event: Vertical Handover.
100s DeviceModule:MoveRandom(): New position: (53, 29)
101s DeviceModule:MoveRandom(): New position: (56, 29)
102s DeviceModule:MoveRandom(): New position: (56, 32)
103s DeviceModule:MoveRandom(): New position: (56, 29)
104s DeviceModule:MoveRandom(): New position: (53, 29)
105s DeviceModule:MoveRandom(): New position: (53, 26)
106s DeviceModule:MoveRandom(): New position: (50, 26)
107s DeviceModule:MoveRandom(): New position: (53, 26)
108s DeviceModule:MoveRandom(): New position: (56, 26)
109s DeviceModule:MoveRandom(): New position: (53, 26)
110s DecisionModule:Run(): Run decision
110s DecisionModule:AnalyzingNetworks(): Current Network: 
       [Network #0, Technology = Wifi, Address = 02-06-00:00:00:00:00:02, { DataRate: 60, SignalStrength: 86, AntiFragility: 77}, IQ: 75]
110s DecisionModule:ShowAllNetworks(): All detected networks:
       [Network #0, Technology = Wifi, Address = 02-06-00:00:00:00:00:02, { DataRate: 60, SignalStrength: 86, AntiFragility: 77}, IQ: 75]
       [Network #1, Technology = Wimax, Address = 02-06-00:00:00:00:00:04, { DataRate: 8, SignalStrength: 44, AntiFragility: 80}, IQ: 53]
110s ExecutionModule:Run(): Decision time => Seconds: 0, Miliseconds: 148
110s ExecutionModule:Run(): Handover time => Seconds: 0, Miliseconds: 31
110s ExecutionModule:Run(): Event: Vertical Handover.
110s DeviceModule:MoveRandom(): New position: (53, 23)
111s DeviceModule:MoveRandom(): New position: (56, 23)
112s DeviceModule:MoveRandom(): New position: (56, 26)
113s DeviceModule:MoveRandom(): New position: (59, 26)
114s DeviceModule:MoveRandom(): New position: (59, 29)
115s DeviceModule:MoveRandom(): New position: (62, 29)
116s DeviceModule:MoveRandom(): New position: (59, 29)
117s DeviceModule:MoveRandom(): New position: (62, 29)
118s DeviceModule:MoveRandom(): New position: (62, 32)
119s DeviceModule:MoveRandom(): New position: (62, 29)
120s DecisionModule:Run(): Run decision
120s DecisionModule:AnalyzingNetworks(): Current Network: 
       [Network #1, Technology = Wimax, Address = 02-06-00:00:00:00:00:04, { DataRate: 24, SignalStrength: 90, AntiFragility: 88}, IQ: 72]
120s DecisionModule:ShowAllNetworks(): All detected networks:
       [Network #1, Technology = Wimax, Address = 02-06-00:00:00:00:00:04, { DataRate: 24, SignalStrength: 90, AntiFragility: 88}, IQ: 72]
       [Network #0, Technology = Wifi, Address = 02-06-00:00:00:00:00:02, { DataRate: 30, SignalStrength: 44, AntiFragility: 10}, IQ: 23]
120s ExecutionModule:Run(): Decision time => Seconds: 0, Miliseconds: 141
120s ExecutionModule:Run(): Handover time => Seconds: 0, Miliseconds: 31
120s ExecutionModule:Run(): Event: Vertical Handover.
120s DeviceModule:MoveRandom(): New position: (65, 29)
121s DeviceModule:MoveRandom(): New position: (68, 29)
122s DeviceModule:MoveRandom(): New position: (71, 29)
123s DeviceModule:MoveRandom(): New position: (71, 26)
124s DeviceModule:MoveRandom(): New position: (68, 26)
125s DeviceModule:MoveRandom(): New position: (68, 29)
126s DeviceModule:MoveRandom(): New position: (68, 26)
127s DeviceModule:MoveRandom(): New position: (71, 26)
128s DeviceModule:MoveRandom(): New position: (71, 29)
129s DeviceModule:MoveRandom(): New position: (68, 29)
130s DecisionModule:Run(): Run decision
130s DecisionModule:AnalyzingNetworks(): Current Network: 
       [Network #1, Technology = Wimax, Address = 02-06-00:00:00:00:00:04, { DataRate: 50, SignalStrength: 93, AntiFragility: 38}, IQ: 54]
130s DecisionModule:ShowAllNetworks(): All detected networks:
       [Network #1, Technology = Wimax, Address = 02-06-00:00:00:00:00:04, { DataRate: 50, SignalStrength: 93, AntiFragility: 38}, IQ: 54]
       [Network #0, Technology = Wifi, Address = 02-06-00:00:00:00:00:02, { DataRate: 96, SignalStrength: 36, AntiFragility: 13}, IQ: 39]
130s DeviceModule:MoveRandom(): New position: (68, 32)
131s DeviceModule:MoveRandom(): New position: (68, 29)
132s DeviceModule:MoveRandom(): New position: (68, 32)
133s DeviceModule:MoveRandom(): New position: (65, 32)
134s DeviceModule:MoveRandom(): New position: (68, 32)
135s DeviceModule:MoveRandom(): New position: (68, 35)
136s DeviceModule:MoveRandom(): New position: (68, 32)
137s DeviceModule:MoveRandom(): New position: (65, 32)
138s DeviceModule:MoveRandom(): New position: (65, 29)
139s DeviceModule:MoveRandom(): New position: (65, 32)
140s DecisionModule:Run(): Run decision
140s DecisionModule:AnalyzingNetworks(): Current Network: 
       [Network #0, Technology = Wifi, Address = 02-06-00:00:00:00:00:02, { DataRate: 6, SignalStrength: 16, AntiFragility: 27}, IQ: 19]
140s DecisionModule:ShowAllNetworks(): All detected networks:
       [Network #0, Technology = Wifi, Address = 02-06-00:00:00:00:00:02, { DataRate: 6, SignalStrength: 16, AntiFragility: 27}, IQ: 19]
       [Network #1, Technology = Wimax, Address = 02-06-00:00:00:00:00:04, { DataRate: 13, SignalStrength: 9, AntiFragility: 24}, IQ: 17]
140s ExecutionModule:Run(): Decision time => Seconds: 0, Miliseconds: 152
140s ExecutionModule:Run(): Handover time => Seconds: 0, Miliseconds: 33
140s ExecutionModule:Run(): Event: Vertical Handover.
140s DeviceModule:MoveRandom(): New position: (65, 29)
141s DeviceModule:MoveRandom(): New position: (65, 32)
142s DeviceModule:MoveRandom(): New position: (65, 35)
143s DeviceModule:MoveRandom(): New position: (65, 38)
144s DeviceModule:MoveRandom(): New position: (62, 38)
145s DeviceModule:MoveRandom(): New position: (59, 38)
146s DeviceModule:MoveRandom(): New position: (56, 38)
147s DeviceModule:MoveRandom(): New position: (53, 38)
148s DeviceModule:MoveRandom(): New position: (53, 41)
149s DeviceModule:MoveRandom(): New position: (50, 41)
150s DecisionModule:Run(): Run decision
150s DecisionModule:AnalyzingNetworks(): Current Network: 
       [Network #0, Technology = Wifi, Address = 02-06-00:00:00:00:00:02, { DataRate: 44, SignalStrength: 99, AntiFragility: 77}, IQ: 74]
150s DecisionModule:ShowAllNetworks(): All detected networks:
       [Network #0, Technology = Wifi, Address = 02-06-00:00:00:00:00:02, { DataRate: 44, SignalStrength: 99, AntiFragility: 77}, IQ: 74]
       [Network #1, Technology = Wimax, Address = 02-06-00:00:00:00:00:04, { DataRate: 75, SignalStrength: 64, AntiFragility: 51}, IQ: 60]
150s DeviceModule:MoveRandom(): New position: (53, 41)
151s DeviceModule:MoveRandom(): New position: (53, 44)
152s DeviceModule:MoveRandom(): New position: (56, 44)
153s DeviceModule:MoveRandom(): New position: (53, 44)
154s DeviceModule:MoveRandom(): New position: (50, 44)
155s DeviceModule:MoveRandom(): New position: (53, 44)
156s DeviceModule:MoveRandom(): New position: (53, 47)
157s DeviceModule:MoveRandom(): New position: (50, 47)
158s DeviceModule:MoveRandom(): New position: (50, 50)
159s DeviceModule:MoveRandom(): New position: (53, 50)
160s DecisionModule:Run(): Run decision
160s DecisionModule:AnalyzingNetworks(): Current Network: 
       [Network #1, Technology = Wimax, Address = 02-06-00:00:00:00:00:04, { DataRate: 76, SignalStrength: 76, AntiFragility: 46}, IQ: 61]
160s DecisionModule:ShowAllNetworks(): All detected networks:
       [Network #1, Technology = Wimax, Address = 02-06-00:00:00:00:00:04, { DataRate: 76, SignalStrength: 76, AntiFragility: 46}, IQ: 61]
       [Network #0, Technology = Wifi, Address = 02-06-00:00:00:00:00:02, { DataRate: 76, SignalStrength: 8, AntiFragility: 35}, IQ: 38]
160s ExecutionModule:Run(): Decision time => Seconds: 0, Miliseconds: 156
160s ExecutionModule:Run(): Handover time => Seconds: 0, Miliseconds: 31
160s ExecutionModule:Run(): Event: Vertical Handover.
160s DeviceModule:MoveRandom(): New position: (56, 50)
161s DeviceModule:MoveRandom(): New position: (56, 47)
162s DeviceModule:MoveRandom(): New position: (59, 47)
163s DeviceModule:MoveRandom(): New position: (59, 44)
164s DeviceModule:MoveRandom(): New position: (62, 44)
165s DeviceModule:MoveRandom(): New position: (62, 47)
166s DeviceModule:MoveRandom(): New position: (62, 50)
167s DeviceModule:MoveRandom(): New position: (62, 53)
168s DeviceModule:MoveRandom(): New position: (59, 53)
169s DeviceModule:MoveRandom(): New position: (59, 56)
170s DecisionModule:Run(): Run decision
170s DecisionModule:AnalyzingNetworks(): Current Network: 
       [Network #1, Technology = Wimax, Address = 02-06-00:00:00:00:00:04, { DataRate: 86, SignalStrength: 29, AntiFragility: 90}, IQ: 73]
170s DecisionModule:ShowAllNetworks(): All detected networks:
       [Network #1, Technology = Wimax, Address = 02-06-00:00:00:00:00:04, { DataRate: 86, SignalStrength: 29, AntiFragility: 90}, IQ: 73]
       [Network #0, Technology = Wifi, Address = 02-06-00:00:00:00:00:02, { DataRate: 71, SignalStrength: 33, AntiFragility: 66}, IQ: 59]
170s DeviceModule:MoveRandom(): New position: (62, 56)
171s DeviceModule:MoveRandom(): New position: (59, 56)
172s DeviceModule:MoveRandom(): New position: (59, 53)
173s DeviceModule:MoveRandom(): New position: (56, 53)
174s DeviceModule:MoveRandom(): New position: (56, 50)
175s DeviceModule:MoveRandom(): New position: (56, 53)
176s DeviceModule:MoveRandom(): New position: (56, 56)
177s DeviceModule:MoveRandom(): New position: (59, 56)
178s DeviceModule:MoveRandom(): New position: (59, 59)
179s DeviceModule:MoveRandom(): New position: (56, 59)
180s DecisionModule:Run(): Run decision
180s DecisionModule:AnalyzingNetworks(): Current Network: 
       [Network #1, Technology = Wimax, Address = 02-06-00:00:00:00:00:04, { DataRate: 96, SignalStrength: 92, AntiFragility: 47}, IQ: 70]
180s DecisionModule:ShowAllNetworks(): All detected networks:
       [Network #1, Technology = Wimax, Address = 02-06-00:00:00:00:00:04, { DataRate: 96, SignalStrength: 92, AntiFragility: 47}, IQ: 70]
       [Network #0, Technology = Wifi, Address = 02-06-00:00:00:00:00:02, { DataRate: 9, SignalStrength: 77, AntiFragility: 95}, IQ: 69]
180s DeviceModule:MoveRandom(): New position: (56, 56)
181s DeviceModule:MoveRandom(): New position: (56, 53)
182s DeviceModule:MoveRandom(): New position: (53, 53)
183s DeviceModule:MoveRandom(): New position: (53, 50)
184s DeviceModule:MoveRandom(): New position: (50, 50)
185s DeviceModule:MoveRandom(): New position: (47, 50)
186s DeviceModule:MoveRandom(): New position: (50, 50)
187s DeviceModule:MoveRandom(): New position: (47, 50)
188s DeviceModule:MoveRandom(): New position: (50, 50)
189s DeviceModule:MoveRandom(): New position: (50, 53)
190s DecisionModule:Run(): Run decision
190s DecisionModule:AnalyzingNetworks(): Current Network: 
       [Network #1, Technology = Wimax, Address = 02-06-00:00:00:00:00:04, { DataRate: 56, SignalStrength: 61, AntiFragility: 95}, IQ: 76]
190s DecisionModule:ShowAllNetworks(): All detected networks:
       [Network #1, Technology = Wimax, Address = 02-06-00:00:00:00:00:04, { DataRate: 56, SignalStrength: 61, AntiFragility: 95}, IQ: 76]
       [Network #0, Technology = Wifi, Address = 02-06-00:00:00:00:00:02, { DataRate: 32, SignalStrength: 97, AntiFragility: 48}, IQ: 56]
190s DeviceModule:MoveRandom(): New position: (50, 56)
191s DeviceModule:MoveRandom(): New position: (47, 56)
192s DeviceModule:MoveRandom(): New position: (44, 56)
193s DeviceModule:MoveRandom(): New position: (47, 56)
194s DeviceModule:MoveRandom(): New position: (47, 53)
195s DeviceModule:MoveRandom(): New position: (47, 56)
196s DeviceModule:MoveRandom(): New position: (47, 59)
197s DeviceModule:MoveRandom(): New position: (47, 62)
198s DeviceModule:MoveRandom(): New position: (50, 62)
199s DeviceModule:MoveRandom(): New position: (50, 59)
