Waf: Entering directory `/home/renan/Documents/NR2/ns-allinone-3.20/ns-3.20/build'
Waf: Leaving directory `/home/renan/Documents/NR2/ns-allinone-3.20/ns-3.20/build'
'build' finished successfully (1.787s)
0s NetworkModule:SetPosition(): Network 0 set position => (93, 39)
0s NetworkModule:SetRange(): Network 0 set range => 100
0s NetworkModule:SetPosition(): Network 1 set position => (70, 7)
0s NetworkModule:SetRange(): Network 1 set range => 100
0s DeviceModule:ConfigureMobility(): Device [init x = 50, init y = 50, max = 100, velocity = 12]
1s DeviceModule:MoveRandom(): New position: (38, 50)
1s DecisionModule:AddNetworkToList(): Network detected
1s DecisionModule:AddNetworkToList(): Network detected
2s DeviceModule:MoveRandom(): New position: (38, 38)
3s DeviceModule:MoveRandom(): New position: (38, 26)
4s DeviceModule:MoveRandom(): New position: (50, 26)
5s DeviceModule:MoveRandom(): New position: (62, 26)
6s DeviceModule:MoveRandom(): New position: (62, 38)
7s DeviceModule:MoveRandom(): New position: (74, 38)
8s DeviceModule:MoveRandom(): New position: (74, 50)
9s DeviceModule:MoveRandom(): New position: (74, 38)
10s DeviceModule:MoveRandom(): New position: (74, 26)
11s DeviceModule:MoveRandom(): New position: (86, 26)
12s DeviceModule:MoveRandom(): New position: (98, 26)
13s DeviceModule:MoveRandom(): New position: (98, 26)
14s DeviceModule:MoveRandom(): New position: (98, 38)
15s DecisionModule:Run(): Run decision
15s DecisionModule:AnalyzingNetworks(): Current Network: 
       [Network #1, Technology = Wimax, Address = 02-06-00:00:00:00:00:04, { DataRate: 87, SignalStrength: 95, AntiFragility: 46}, IQ: 68]
15s DecisionModule:ShowAllNetworks(): All detected networks:
       [Network #1, Technology = Wimax, Address = 02-06-00:00:00:00:00:04, { DataRate: 87, SignalStrength: 95, AntiFragility: 46}, IQ: 68]
       [Network #0, Technology = Wifi, Address = 02-06-00:00:00:00:00:02, { DataRate: 34, SignalStrength: 27, AntiFragility: 27}, IQ: 28]
15s DeviceModule:MoveRandom(): New position: (98, 26)
16s DeviceModule:MoveRandom(): New position: (98, 38)
17s DeviceModule:MoveRandom(): New position: (98, 38)
18s DeviceModule:MoveRandom(): New position: (98, 26)
19s DeviceModule:MoveRandom(): New position: (98, 26)
20s DeviceModule:MoveRandom(): New position: (98, 38)
21s DeviceModule:MoveRandom(): New position: (98, 50)
22s DeviceModule:MoveRandom(): New position: (98, 62)
23s DeviceModule:MoveRandom(): New position: (98, 62)
24s DeviceModule:MoveRandom(): New position: (98, 74)
25s DeviceModule:MoveRandom(): New position: (98, 86)
26s DeviceModule:MoveRandom(): New position: (98, 98)
27s DeviceModule:MoveRandom(): New position: (98, 98)
28s DeviceModule:MoveRandom(): New position: (98, 86)
29s DeviceModule:MoveRandom(): New position: (86, 86)
30s DecisionModule:Run(): Run decision
30s DecisionModule:AnalyzingNetworks(): Current Network: 
       [Network #0, Technology = Wifi, Address = 02-06-00:00:00:00:00:02, { DataRate: 60, SignalStrength: 97, AntiFragility: 45}, IQ: 61]
30s DecisionModule:ShowAllNetworks(): All detected networks:
       [Network #0, Technology = Wifi, Address = 02-06-00:00:00:00:00:02, { DataRate: 60, SignalStrength: 97, AntiFragility: 45}, IQ: 61]
       [Network #1, Technology = Wimax, Address = 02-06-00:00:00:00:00:04, { DataRate: 18, SignalStrength: 6, AntiFragility: 17}, IQ: 14]
30s ExecutionModule:Run(): Decision time => Seconds: 0, Miliseconds: 134
30s ExecutionModule:Run(): Handover time => Seconds: 0, Miliseconds: 272
30s ExecutionModule:Run(): Event: Vertical Handover.
30s DeviceModule:MoveRandom(): New position: (74, 86)
31s DeviceModule:MoveRandom(): New position: (62, 86)
32s DeviceModule:MoveRandom(): New position: (74, 86)
33s DeviceModule:MoveRandom(): New position: (74, 98)
34s DeviceModule:MoveRandom(): New position: (86, 98)
35s DeviceModule:MoveRandom(): New position: (98, 98)
36s DeviceModule:MoveRandom(): New position: (98, 98)
37s DeviceModule:MoveRandom(): New position: (98, 98)
38s DeviceModule:MoveRandom(): New position: (98, 98)
39s DeviceModule:MoveRandom(): New position: (98, 86)
40s DeviceModule:MoveRandom(): New position: (98, 98)
41s DeviceModule:MoveRandom(): New position: (98, 86)
42s DeviceModule:MoveRandom(): New position: (98, 86)
43s DeviceModule:MoveRandom(): New position: (98, 74)
44s DeviceModule:MoveRandom(): New position: (98, 62)
45s DecisionModule:Run(): Run decision
45s DecisionModule:AnalyzingNetworks(): Current Network: 
       [Network #0, Technology = Wifi, Address = 02-06-00:00:00:00:00:02, { DataRate: 77, SignalStrength: 55, AntiFragility: 39}, IQ: 52]
45s DecisionModule:ShowAllNetworks(): All detected networks:
       [Network #0, Technology = Wifi, Address = 02-06-00:00:00:00:00:02, { DataRate: 77, SignalStrength: 55, AntiFragility: 39}, IQ: 52]
       [Network #1, Technology = Wimax, Address = 02-06-00:00:00:00:00:04, { DataRate: 14, SignalStrength: 11, AntiFragility: 30}, IQ: 21]
45s DeviceModule:MoveRandom(): New position: (98, 74)
46s DeviceModule:MoveRandom(): New position: (98, 86)
47s DeviceModule:MoveRandom(): New position: (86, 86)
48s DeviceModule:MoveRandom(): New position: (86, 74)
49s DeviceModule:MoveRandom(): New position: (86, 86)
50s DeviceModule:MoveRandom(): New position: (86, 98)
51s DeviceModule:MoveRandom(): New position: (74, 98)
52s DeviceModule:MoveRandom(): New position: (74, 86)
53s DeviceModule:MoveRandom(): New position: (86, 86)
54s DeviceModule:MoveRandom(): New position: (86, 98)
55s DeviceModule:MoveRandom(): New position: (74, 98)
56s DeviceModule:MoveRandom(): New position: (62, 98)
57s DeviceModule:MoveRandom(): New position: (50, 98)
58s DeviceModule:MoveRandom(): New position: (62, 98)
59s DeviceModule:MoveRandom(): New position: (62, 98)
60s DecisionModule:Run(): Run decision
60s DecisionModule:AnalyzingNetworks(): Current Network: 
       [Network #1, Technology = Wimax, Address = 02-06-00:00:00:00:00:04, { DataRate: 85, SignalStrength: 7, AntiFragility: 20}, IQ: 33]
60s DecisionModule:ShowAllNetworks(): All detected networks:
       [Network #1, Technology = Wimax, Address = 02-06-00:00:00:00:00:04, { DataRate: 85, SignalStrength: 7, AntiFragility: 20}, IQ: 33]
       [Network #0, Technology = Wifi, Address = 02-06-00:00:00:00:00:02, { DataRate: 1, SignalStrength: 15, AntiFragility: 51}, IQ: 29]
60s ExecutionModule:Run(): Decision time => Seconds: 0, Miliseconds: 145
60s ExecutionModule:Run(): Handover time => Seconds: 0, Miliseconds: 45
60s ExecutionModule:Run(): Event: Vertical Handover.
60s DeviceModule:MoveRandom(): New position: (62, 86)
61s DeviceModule:MoveRandom(): New position: (62, 98)
62s DeviceModule:MoveRandom(): New position: (50, 98)
63s DeviceModule:MoveRandom(): New position: (50, 98)
64s DeviceModule:MoveRandom(): New position: (62, 98)
65s DeviceModule:MoveRandom(): New position: (50, 98)
66s DeviceModule:MoveRandom(): New position: (50, 98)
67s DeviceModule:MoveRandom(): New position: (50, 98)
68s DeviceModule:MoveRandom(): New position: (50, 86)
69s DeviceModule:MoveRandom(): New position: (38, 86)
70s DeviceModule:MoveRandom(): New position: (38, 74)
71s DeviceModule:MoveRandom(): New position: (50, 74)
72s DeviceModule:MoveRandom(): New position: (62, 74)
73s DeviceModule:MoveRandom(): New position: (62, 62)
74s DeviceModule:MoveRandom(): New position: (74, 62)
75s DecisionModule:Run(): Run decision
75s DecisionModule:AnalyzingNetworks(): Current Network: 
       [Network #1, Technology = Wimax, Address = 02-06-00:00:00:00:00:04, { DataRate: 58, SignalStrength: 26, AntiFragility: 47}, IQ: 44]
75s DecisionModule:ShowAllNetworks(): All detected networks:
       [Network #1, Technology = Wimax, Address = 02-06-00:00:00:00:00:04, { DataRate: 58, SignalStrength: 26, AntiFragility: 47}, IQ: 44]
       [Network #0, Technology = Wifi, Address = 02-06-00:00:00:00:00:02, { DataRate: 33, SignalStrength: 3, AntiFragility: 20}, IQ: 19]
75s DeviceModule:MoveRandom(): New position: (62, 62)
76s DeviceModule:MoveRandom(): New position: (62, 50)
77s DeviceModule:MoveRandom(): New position: (62, 38)
78s DeviceModule:MoveRandom(): New position: (62, 50)
79s DeviceModule:MoveRandom(): New position: (50, 50)
80s DeviceModule:MoveRandom(): New position: (50, 62)
81s DeviceModule:MoveRandom(): New position: (50, 74)
82s DeviceModule:MoveRandom(): New position: (50, 86)
83s DeviceModule:MoveRandom(): New position: (50, 98)
84s DeviceModule:MoveRandom(): New position: (50, 86)
85s DeviceModule:MoveRandom(): New position: (50, 74)
86s DeviceModule:MoveRandom(): New position: (50, 86)
87s DeviceModule:MoveRandom(): New position: (62, 86)
88s DeviceModule:MoveRandom(): New position: (50, 86)
89s DeviceModule:MoveRandom(): New position: (38, 86)
90s DecisionModule:Run(): Run decision
90s DecisionModule:AnalyzingNetworks(): Current Network: 
       [Network #0, Technology = Wifi, Address = 02-06-00:00:00:00:00:02, { DataRate: 43, SignalStrength: 36, AntiFragility: 47}, IQ: 43]
90s DecisionModule:ShowAllNetworks(): All detected networks:
       [Network #0, Technology = Wifi, Address = 02-06-00:00:00:00:00:02, { DataRate: 43, SignalStrength: 36, AntiFragility: 47}, IQ: 43]
       [Network #1, Technology = Wimax, Address = 02-06-00:00:00:00:00:04, { DataRate: 81, SignalStrength: 8, AntiFragility: 22}, IQ: 33]
90s ExecutionModule:Run(): Decision time => Seconds: 0, Miliseconds: 142
90s ExecutionModule:Run(): Handover time => Seconds: 0, Miliseconds: 31
90s ExecutionModule:Run(): Event: Vertical Handover.
90s DeviceModule:MoveRandom(): New position: (50, 86)
91s DeviceModule:MoveRandom(): New position: (50, 98)
92s DeviceModule:MoveRandom(): New position: (62, 98)
93s DeviceModule:MoveRandom(): New position: (62, 98)
94s DeviceModule:MoveRandom(): New position: (62, 86)
95s DeviceModule:MoveRandom(): New position: (74, 86)
96s DeviceModule:MoveRandom(): New position: (86, 86)
97s DeviceModule:MoveRandom(): New position: (86, 74)
98s DeviceModule:MoveRandom(): New position: (86, 86)
99s DeviceModule:MoveRandom(): New position: (86, 74)
100s DeviceModule:MoveRandom(): New position: (98, 74)
101s DeviceModule:MoveRandom(): New position: (98, 86)
102s DeviceModule:MoveRandom(): New position: (98, 98)
103s DeviceModule:MoveRandom(): New position: (86, 98)
104s DeviceModule:MoveRandom(): New position: (98, 98)
105s DecisionModule:Run(): Run decision
105s DecisionModule:AnalyzingNetworks(): Current Network: 
       [Network #1, Technology = Wimax, Address = 02-06-00:00:00:00:00:04, { DataRate: 7, SignalStrength: 63, AntiFragility: 34}, IQ: 34]
105s DecisionModule:ShowAllNetworks(): All detected networks:
       [Network #1, Technology = Wimax, Address = 02-06-00:00:00:00:00:04, { DataRate: 7, SignalStrength: 63, AntiFragility: 34}, IQ: 34]
       [Network #0, Technology = Wifi, Address = 02-06-00:00:00:00:00:02, { DataRate: 22, SignalStrength: 16, AntiFragility: 46}, IQ: 32]
105s ExecutionModule:Run(): Decision time => Seconds: 0, Miliseconds: 147
105s ExecutionModule:Run(): Handover time => Seconds: 0, Miliseconds: 31
105s ExecutionModule:Run(): Event: Vertical Handover.
105s DeviceModule:MoveRandom(): New position: (98, 98)
106s DeviceModule:MoveRandom(): New position: (98, 98)
107s DeviceModule:MoveRandom(): New position: (98, 86)
108s DeviceModule:MoveRandom(): New position: (86, 86)
109s DeviceModule:MoveRandom(): New position: (74, 86)
110s DeviceModule:MoveRandom(): New position: (86, 86)
111s DeviceModule:MoveRandom(): New position: (86, 98)
112s DeviceModule:MoveRandom(): New position: (86, 86)
113s DeviceModule:MoveRandom(): New position: (86, 74)
114s DeviceModule:MoveRandom(): New position: (74, 74)
115s DeviceModule:MoveRandom(): New position: (62, 74)
116s DeviceModule:MoveRandom(): New position: (62, 62)
117s DeviceModule:MoveRandom(): New position: (62, 74)
118s DeviceModule:MoveRandom(): New position: (50, 74)
119s DeviceModule:MoveRandom(): New position: (50, 62)
120s DecisionModule:Run(): Run decision
120s DecisionModule:AnalyzingNetworks(): Current Network: 
       [Network #1, Technology = Wimax, Address = 02-06-00:00:00:00:00:04, { DataRate: 40, SignalStrength: 27, AntiFragility: 40}, IQ: 36]
120s DecisionModule:ShowAllNetworks(): All detected networks:
       [Network #1, Technology = Wimax, Address = 02-06-00:00:00:00:00:04, { DataRate: 40, SignalStrength: 27, AntiFragility: 40}, IQ: 36]
       [Network #0, Technology = Wifi, Address = 02-06-00:00:00:00:00:02, { DataRate: 25, SignalStrength: 71, AntiFragility: 22}, IQ: 35]
120s DeviceModule:MoveRandom(): New position: (62, 62)
121s DeviceModule:MoveRandom(): New position: (62, 50)
122s DeviceModule:MoveRandom(): New position: (62, 62)
123s DeviceModule:MoveRandom(): New position: (62, 50)
124s DeviceModule:MoveRandom(): New position: (50, 50)
125s DeviceModule:MoveRandom(): New position: (50, 38)
126s DeviceModule:MoveRandom(): New position: (38, 38)
127s DeviceModule:MoveRandom(): New position: (38, 26)
128s DeviceModule:MoveRandom(): New position: (50, 26)
129s DeviceModule:MoveRandom(): New position: (62, 26)
130s DeviceModule:MoveRandom(): New position: (62, 14)
131s DeviceModule:MoveRandom(): New position: (74, 14)
132s DeviceModule:MoveRandom(): New position: (62, 14)
133s DeviceModule:MoveRandom(): New position: (62, 26)
134s DeviceModule:MoveRandom(): New position: (62, 14)
135s DecisionModule:Run(): Run decision
135s DecisionModule:AnalyzingNetworks(): Current Network: 
       [Network #1, Technology = Wimax, Address = 02-06-00:00:00:00:00:04, { DataRate: 62, SignalStrength: 90, AntiFragility: 72}, IQ: 74]
135s DecisionModule:ShowAllNetworks(): All detected networks:
       [Network #1, Technology = Wimax, Address = 02-06-00:00:00:00:00:04, { DataRate: 62, SignalStrength: 90, AntiFragility: 72}, IQ: 74]
       [Network #0, Technology = Wifi, Address = 02-06-00:00:00:00:00:02, { DataRate: 59, SignalStrength: 52, AntiFragility: 60}, IQ: 57]
135s DeviceModule:MoveRandom(): New position: (74, 14)
136s DeviceModule:MoveRandom(): New position: (86, 14)
137s DeviceModule:MoveRandom(): New position: (98, 14)
138s DeviceModule:MoveRandom(): New position: (98, 14)
139s DeviceModule:MoveRandom(): New position: (98, 26)
140s DeviceModule:MoveRandom(): New position: (98, 14)
141s DeviceModule:MoveRandom(): New position: (98, 2)
142s DeviceModule:MoveRandom(): New position: (98, 2)
143s DeviceModule:MoveRandom(): New position: (98, 14)
144s DeviceModule:MoveRandom(): New position: (98, 14)
145s DeviceModule:MoveRandom(): New position: (98, 2)
146s DeviceModule:MoveRandom(): New position: (98, 2)
147s DeviceModule:MoveRandom(): New position: (98, 2)
148s DeviceModule:MoveRandom(): New position: (98, 14)
149s DeviceModule:MoveRandom(): New position: (86, 14)
150s DecisionModule:Run(): Run decision
150s DecisionModule:AnalyzingNetworks(): Current Network: 
       [Network #1, Technology = Wimax, Address = 02-06-00:00:00:00:00:04, { DataRate: 99, SignalStrength: 69, AntiFragility: 98}, IQ: 91]
150s DecisionModule:ShowAllNetworks(): All detected networks:
       [Network #1, Technology = Wimax, Address = 02-06-00:00:00:00:00:04, { DataRate: 99, SignalStrength: 69, AntiFragility: 98}, IQ: 91]
       [Network #0, Technology = Wifi, Address = 02-06-00:00:00:00:00:02, { DataRate: 83, SignalStrength: 64, AntiFragility: 91}, IQ: 82]
150s DeviceModule:MoveRandom(): New position: (86, 2)
151s DeviceModule:MoveRandom(): New position: (98, 2)
152s DeviceModule:MoveRandom(): New position: (98, 2)
153s DeviceModule:MoveRandom(): New position: (98, 2)
154s DeviceModule:MoveRandom(): New position: (86, 2)
155s DeviceModule:MoveRandom(): New position: (98, 2)
156s DeviceModule:MoveRandom(): New position: (98, 2)
157s DeviceModule:MoveRandom(): New position: (86, 2)
158s DeviceModule:MoveRandom(): New position: (74, 2)
159s DeviceModule:MoveRandom(): New position: (62, 2)
160s DeviceModule:MoveRandom(): New position: (50, 2)
161s DeviceModule:MoveRandom(): New position: (38, 2)
162s DeviceModule:MoveRandom(): New position: (38, 2)
163s DeviceModule:MoveRandom(): New position: (38, 14)
164s DeviceModule:MoveRandom(): New position: (50, 14)
165s DecisionModule:Run(): Run decision
165s DecisionModule:AnalyzingNetworks(): Current Network: 
       [Network #1, Technology = Wimax, Address = 02-06-00:00:00:00:00:04, { DataRate: 78, SignalStrength: 81, AntiFragility: 89}, IQ: 84]
165s DecisionModule:ShowAllNetworks(): All detected networks:
       [Network #1, Technology = Wimax, Address = 02-06-00:00:00:00:00:04, { DataRate: 78, SignalStrength: 81, AntiFragility: 89}, IQ: 84]
       [Network #0, Technology = Wifi, Address = 02-06-00:00:00:00:00:02, { DataRate: 77, SignalStrength: 38, AntiFragility: 22}, IQ: 39]
165s DeviceModule:MoveRandom(): New position: (50, 2)
166s DeviceModule:MoveRandom(): New position: (50, 14)
167s DeviceModule:MoveRandom(): New position: (62, 14)
168s DeviceModule:MoveRandom(): New position: (62, 2)
169s DeviceModule:MoveRandom(): New position: (74, 2)
170s DeviceModule:MoveRandom(): New position: (62, 2)
171s DeviceModule:MoveRandom(): New position: (74, 2)
172s DeviceModule:MoveRandom(): New position: (74, 14)
173s DeviceModule:MoveRandom(): New position: (86, 14)
174s DeviceModule:MoveRandom(): New position: (86, 26)
175s DeviceModule:MoveRandom(): New position: (74, 26)
176s DeviceModule:MoveRandom(): New position: (62, 26)
177s DeviceModule:MoveRandom(): New position: (62, 38)
178s DeviceModule:MoveRandom(): New position: (62, 50)
179s DeviceModule:MoveRandom(): New position: (50, 50)
180s DecisionModule:Run(): Run decision
180s DecisionModule:AnalyzingNetworks(): Current Network: 
       [Network #1, Technology = Wimax, Address = 02-06-00:00:00:00:00:04, { DataRate: 27, SignalStrength: 56, AntiFragility: 19}, IQ: 30]
180s DecisionModule:ShowAllNetworks(): All detected networks:
       [Network #1, Technology = Wimax, Address = 02-06-00:00:00:00:00:04, { DataRate: 27, SignalStrength: 56, AntiFragility: 19}, IQ: 30]
       [Network #0, Technology = Wifi, Address = 02-06-00:00:00:00:00:02, { DataRate: 3, SignalStrength: 78, AntiFragility: 13}, IQ: 26]
180s DeviceModule:MoveRandom(): New position: (62, 50)
181s DeviceModule:MoveRandom(): New position: (74, 50)
182s DeviceModule:MoveRandom(): New position: (62, 50)
183s DeviceModule:MoveRandom(): New position: (74, 50)
184s DeviceModule:MoveRandom(): New position: (74, 38)
185s DeviceModule:MoveRandom(): New position: (74, 26)
186s DeviceModule:MoveRandom(): New position: (74, 38)
187s DeviceModule:MoveRandom(): New position: (74, 26)
188s DeviceModule:MoveRandom(): New position: (74, 14)
189s DeviceModule:MoveRandom(): New position: (86, 14)
190s DeviceModule:MoveRandom(): New position: (86, 2)
191s DeviceModule:MoveRandom(): New position: (86, 14)
192s DeviceModule:MoveRandom(): New position: (74, 14)
193s DeviceModule:MoveRandom(): New position: (86, 14)
194s DeviceModule:MoveRandom(): New position: (74, 14)
195s DecisionModule:Run(): Run decision
195s DecisionModule:AnalyzingNetworks(): Current Network: 
       [Network #1, Technology = Wimax, Address = 02-06-00:00:00:00:00:04, { DataRate: 25, SignalStrength: 55, AntiFragility: 85}, IQ: 62]
195s DecisionModule:ShowAllNetworks(): All detected networks:
       [Network #1, Technology = Wimax, Address = 02-06-00:00:00:00:00:04, { DataRate: 25, SignalStrength: 55, AntiFragility: 85}, IQ: 62]
       [Network #0, Technology = Wifi, Address = 02-06-00:00:00:00:00:02, { DataRate: 97, SignalStrength: 88, AntiFragility: 7}, IQ: 49]
195s DeviceModule:MoveRandom(): New position: (74, 2)
196s DeviceModule:MoveRandom(): New position: (86, 2)
197s DeviceModule:MoveRandom(): New position: (86, 2)
198s DeviceModule:MoveRandom(): New position: (86, 14)
199s DeviceModule:MoveRandom(): New position: (86, 26)
