Waf: Entering directory `/home/renan/Documents/NR2/ns-allinone-3.20/ns-3.20/build'
Waf: Leaving directory `/home/renan/Documents/NR2/ns-allinone-3.20/ns-3.20/build'
'build' finished successfully (1.766s)
0s NetworkModule:SetPosition(): Network 0 set position => (76, 76)
0s NetworkModule:SetRange(): Network 0 set range => 100
0s NetworkModule:SetPosition(): Network 1 set position => (99, 61)
0s NetworkModule:SetRange(): Network 1 set range => 100
0s DeviceModule:ConfigureMobility(): Device [init x = 50, init y = 50, max = 100, velocity = 12]
1s DeviceModule:MoveRandom(): New position: (50, 38)
1s DecisionModule:AddNetworkToList(): Network detected
1s DecisionModule:AddNetworkToList(): Network detected
2s DeviceModule:MoveRandom(): New position: (50, 26)
3s DeviceModule:MoveRandom(): New position: (50, 14)
4s DeviceModule:MoveRandom(): New position: (62, 14)
5s DeviceModule:MoveRandom(): New position: (62, 2)
6s DeviceModule:MoveRandom(): New position: (74, 2)
7s DeviceModule:MoveRandom(): New position: (62, 2)
8s DeviceModule:MoveRandom(): New position: (62, 14)
9s DeviceModule:MoveRandom(): New position: (62, 26)
10s DeviceModule:MoveRandom(): New position: (62, 38)
11s DeviceModule:MoveRandom(): New position: (74, 38)
12s DeviceModule:MoveRandom(): New position: (62, 38)
13s DeviceModule:MoveRandom(): New position: (74, 38)
14s DeviceModule:MoveRandom(): New position: (86, 38)
15s DecisionModule:Run(): Run decision
15s DecisionModule:AnalyzingNetworks(): Current Network: 
       [Network #0, Technology = Wifi, Address = 02-06-00:00:00:00:00:02, { DataRate: 56, SignalStrength: 19, AntiFragility: 82}, IQ: 59]
15s DecisionModule:ShowAllNetworks(): All detected networks:
       [Network #0, Technology = Wifi, Address = 02-06-00:00:00:00:00:02, { DataRate: 56, SignalStrength: 19, AntiFragility: 82}, IQ: 59]
       [Network #1, Technology = Wimax, Address = 02-06-00:00:00:00:00:04, { DataRate: 52, SignalStrength: 56, AntiFragility: 5}, IQ: 29]
15s DeviceModule:MoveRandom(): New position: (98, 38)
16s DeviceModule:MoveRandom(): New position: (98, 26)
17s DeviceModule:MoveRandom(): New position: (86, 26)
18s DeviceModule:MoveRandom(): New position: (74, 26)
19s DeviceModule:MoveRandom(): New position: (62, 26)
20s DeviceModule:MoveRandom(): New position: (62, 38)
21s DeviceModule:MoveRandom(): New position: (50, 38)
22s DeviceModule:MoveRandom(): New position: (62, 38)
23s DeviceModule:MoveRandom(): New position: (50, 38)
24s DeviceModule:MoveRandom(): New position: (50, 26)
25s DeviceModule:MoveRandom(): New position: (62, 26)
26s DeviceModule:MoveRandom(): New position: (74, 26)
27s DeviceModule:MoveRandom(): New position: (74, 14)
28s DeviceModule:MoveRandom(): New position: (74, 26)
29s DeviceModule:MoveRandom(): New position: (62, 26)
30s DecisionModule:Run(): Run decision
30s DecisionModule:AnalyzingNetworks(): Current Network: 
       [Network #0, Technology = Wifi, Address = 02-06-00:00:00:00:00:02, { DataRate: 49, SignalStrength: 37, AntiFragility: 90}, IQ: 66]
30s DecisionModule:ShowAllNetworks(): All detected networks:
       [Network #0, Technology = Wifi, Address = 02-06-00:00:00:00:00:02, { DataRate: 49, SignalStrength: 37, AntiFragility: 90}, IQ: 66]
       [Network #1, Technology = Wimax, Address = 02-06-00:00:00:00:00:04, { DataRate: 14, SignalStrength: 53, AntiFragility: 83}, IQ: 58]
30s DeviceModule:MoveRandom(): New position: (62, 14)
31s DeviceModule:MoveRandom(): New position: (50, 14)
32s DeviceModule:MoveRandom(): New position: (38, 14)
33s DeviceModule:MoveRandom(): New position: (38, 2)
34s DeviceModule:MoveRandom(): New position: (26, 2)
35s DeviceModule:MoveRandom(): New position: (14, 2)
35s DecisionModule:RemoveNetworkFromList(): Network: 1 out of range!
36s DeviceModule:MoveRandom(): New position: (14, 2)
37s DeviceModule:MoveRandom(): New position: (26, 2)
37s DecisionModule:AddNetworkToList(): Network detected
38s DeviceModule:MoveRandom(): New position: (38, 2)
39s DeviceModule:MoveRandom(): New position: (26, 2)
40s DeviceModule:MoveRandom(): New position: (14, 2)
40s DecisionModule:RemoveNetworkFromList(): Network: 1 out of range!
41s DeviceModule:MoveRandom(): New position: (14, 14)
41s DecisionModule:AddNetworkToList(): Network detected
42s DeviceModule:MoveRandom(): New position: (2, 14)
42s DecisionModule:RemoveNetworkFromList(): Network: 1 out of range!
43s DeviceModule:MoveRandom(): New position: (2, 2)
43s ExecutionModule:OutOfRange(): OUT OF BETTER NETWORK! Choosing another network...
43s DecisionModule:RemoveNetworkFromList(): Network: 0 out of range!
43s DecisionModule:Run(): Run decision
43s DecisionModule:Run(): No network detected!
44s DeviceModule:MoveRandom(): New position: (2, 2)
45s DecisionModule:Run(): Run decision
45s DecisionModule:Run(): No network detected!
45s DeviceModule:MoveRandom(): New position: (2, 14)
45s DecisionModule:AddNetworkToList(): Network detected
46s DeviceModule:MoveRandom(): New position: (2, 2)
46s ExecutionModule:OutOfRange(): OUT OF BETTER NETWORK! Choosing another network...
46s DecisionModule:RemoveNetworkFromList(): Network: 0 out of range!
46s DecisionModule:Run(): Run decision
46s DecisionModule:Run(): No network detected!
47s DeviceModule:MoveRandom(): New position: (2, 2)
48s DeviceModule:MoveRandom(): New position: (2, 2)
49s DeviceModule:MoveRandom(): New position: (2, 14)
49s DecisionModule:AddNetworkToList(): Network detected
50s DeviceModule:MoveRandom(): New position: (2, 26)
51s DeviceModule:MoveRandom(): New position: (2, 38)
51s DecisionModule:AddNetworkToList(): Network detected
52s DeviceModule:MoveRandom(): New position: (14, 38)
53s DeviceModule:MoveRandom(): New position: (26, 38)
54s DeviceModule:MoveRandom(): New position: (26, 26)
55s DeviceModule:MoveRandom(): New position: (14, 26)
56s DeviceModule:MoveRandom(): New position: (14, 38)
57s DeviceModule:MoveRandom(): New position: (2, 38)
58s DeviceModule:MoveRandom(): New position: (2, 50)
59s DeviceModule:MoveRandom(): New position: (14, 50)
60s DecisionModule:Run(): Run decision
60s DecisionModule:AnalyzingNetworks(): Current Network: 
       [Network #0, Technology = Wifi, Address = 02-06-00:00:00:00:00:02, { DataRate: 69, SignalStrength: 92, AntiFragility: 43}, IQ: 61]
60s DecisionModule:ShowAllNetworks(): All detected networks:
       [Network #0, Technology = Wifi, Address = 02-06-00:00:00:00:00:02, { DataRate: 69, SignalStrength: 92, AntiFragility: 43}, IQ: 61]
       [Network #1, Technology = Wimax, Address = 02-06-00:00:00:00:00:04, { DataRate: 51, SignalStrength: 76, AntiFragility: 51}, IQ: 57]
60s DeviceModule:MoveRandom(): New position: (26, 50)
61s DeviceModule:MoveRandom(): New position: (38, 50)
62s DeviceModule:MoveRandom(): New position: (38, 62)
63s DeviceModule:MoveRandom(): New position: (26, 62)
64s DeviceModule:MoveRandom(): New position: (26, 74)
65s DeviceModule:MoveRandom(): New position: (38, 74)
66s DeviceModule:MoveRandom(): New position: (38, 86)
67s DeviceModule:MoveRandom(): New position: (38, 74)
68s DeviceModule:MoveRandom(): New position: (38, 62)
69s DeviceModule:MoveRandom(): New position: (26, 62)
70s DeviceModule:MoveRandom(): New position: (14, 62)
71s DeviceModule:MoveRandom(): New position: (14, 50)
72s DeviceModule:MoveRandom(): New position: (2, 50)
73s DeviceModule:MoveRandom(): New position: (2, 62)
74s DeviceModule:MoveRandom(): New position: (2, 62)
75s DecisionModule:Run(): Run decision
75s DecisionModule:AnalyzingNetworks(): Current Network: 
       [Network #0, Technology = Wifi, Address = 02-06-00:00:00:00:00:02, { DataRate: 67, SignalStrength: 53, AntiFragility: 81}, IQ: 70]
75s DecisionModule:ShowAllNetworks(): All detected networks:
       [Network #0, Technology = Wifi, Address = 02-06-00:00:00:00:00:02, { DataRate: 67, SignalStrength: 53, AntiFragility: 81}, IQ: 70]
       [Network #1, Technology = Wimax, Address = 02-06-00:00:00:00:00:04, { DataRate: 42, SignalStrength: 25, AntiFragility: 87}, IQ: 60]
75s DeviceModule:MoveRandom(): New position: (2, 62)
76s DeviceModule:MoveRandom(): New position: (2, 50)
77s DeviceModule:MoveRandom(): New position: (2, 38)
78s DeviceModule:MoveRandom(): New position: (2, 50)
79s DeviceModule:MoveRandom(): New position: (14, 50)
80s DeviceModule:MoveRandom(): New position: (14, 62)
81s DeviceModule:MoveRandom(): New position: (2, 62)
82s DeviceModule:MoveRandom(): New position: (14, 62)
83s DeviceModule:MoveRandom(): New position: (14, 50)
84s DeviceModule:MoveRandom(): New position: (14, 62)
85s DeviceModule:MoveRandom(): New position: (2, 62)
86s DeviceModule:MoveRandom(): New position: (14, 62)
87s DeviceModule:MoveRandom(): New position: (26, 62)
88s DeviceModule:MoveRandom(): New position: (26, 50)
89s DeviceModule:MoveRandom(): New position: (14, 50)
90s DecisionModule:Run(): Run decision
90s DecisionModule:AnalyzingNetworks(): Current Network: 
       [Network #1, Technology = Wimax, Address = 02-06-00:00:00:00:00:04, { DataRate: 38, SignalStrength: 70, AntiFragility: 15}, IQ: 34]
90s DecisionModule:ShowAllNetworks(): All detected networks:
       [Network #1, Technology = Wimax, Address = 02-06-00:00:00:00:00:04, { DataRate: 38, SignalStrength: 70, AntiFragility: 15}, IQ: 34]
       [Network #0, Technology = Wifi, Address = 02-06-00:00:00:00:00:02, { DataRate: 15, SignalStrength: 65, AntiFragility: 14}, IQ: 27]
90s ExecutionModule:Run(): Decision time => Seconds: 0, Miliseconds: 139
90s ExecutionModule:Run(): Handover time => Seconds: 0, Miliseconds: 274
90s ExecutionModule:Run(): Event: Vertical Handover.
90s DeviceModule:MoveRandom(): New position: (26, 50)
91s DeviceModule:MoveRandom(): New position: (38, 50)
92s DeviceModule:MoveRandom(): New position: (26, 50)
93s DeviceModule:MoveRandom(): New position: (26, 62)
94s DeviceModule:MoveRandom(): New position: (26, 50)
95s DeviceModule:MoveRandom(): New position: (26, 62)
96s DeviceModule:MoveRandom(): New position: (38, 62)
97s DeviceModule:MoveRandom(): New position: (38, 50)
98s DeviceModule:MoveRandom(): New position: (38, 62)
99s DeviceModule:MoveRandom(): New position: (38, 50)
100s DeviceModule:MoveRandom(): New position: (26, 50)
101s DeviceModule:MoveRandom(): New position: (26, 38)
102s DeviceModule:MoveRandom(): New position: (26, 26)
103s DeviceModule:MoveRandom(): New position: (26, 14)
104s DeviceModule:MoveRandom(): New position: (14, 14)
105s DecisionModule:Run(): Run decision
105s DecisionModule:AnalyzingNetworks(): Current Network: 
       [Network #1, Technology = Wimax, Address = 02-06-00:00:00:00:00:04, { DataRate: 92, SignalStrength: 73, AntiFragility: 27}, IQ: 54]
105s DecisionModule:ShowAllNetworks(): All detected networks:
       [Network #1, Technology = Wimax, Address = 02-06-00:00:00:00:00:04, { DataRate: 92, SignalStrength: 73, AntiFragility: 27}, IQ: 54]
       [Network #0, Technology = Wifi, Address = 02-06-00:00:00:00:00:02, { DataRate: 88, SignalStrength: 40, AntiFragility: 22}, IQ: 43]
105s DeviceModule:MoveRandom(): New position: (14, 26)
106s DeviceModule:MoveRandom(): New position: (14, 14)
107s DeviceModule:MoveRandom(): New position: (26, 14)
108s DeviceModule:MoveRandom(): New position: (26, 2)
109s DeviceModule:MoveRandom(): New position: (38, 2)
110s DeviceModule:MoveRandom(): New position: (50, 2)
111s DeviceModule:MoveRandom(): New position: (50, 2)
112s DeviceModule:MoveRandom(): New position: (50, 14)
113s DeviceModule:MoveRandom(): New position: (50, 2)
114s DeviceModule:MoveRandom(): New position: (62, 2)
115s DeviceModule:MoveRandom(): New position: (62, 2)
116s DeviceModule:MoveRandom(): New position: (74, 2)
117s DeviceModule:MoveRandom(): New position: (86, 2)
118s DeviceModule:MoveRandom(): New position: (74, 2)
119s DeviceModule:MoveRandom(): New position: (74, 14)
120s DecisionModule:Run(): Run decision
120s DecisionModule:AnalyzingNetworks(): Current Network: 
       [Network #0, Technology = Wifi, Address = 02-06-00:00:00:00:00:02, { DataRate: 31, SignalStrength: 86, AntiFragility: 83}, IQ: 70]
120s DecisionModule:ShowAllNetworks(): All detected networks:
       [Network #0, Technology = Wifi, Address = 02-06-00:00:00:00:00:02, { DataRate: 31, SignalStrength: 86, AntiFragility: 83}, IQ: 70]
       [Network #1, Technology = Wimax, Address = 02-06-00:00:00:00:00:04, { DataRate: 52, SignalStrength: 28, AntiFragility: 87}, IQ: 63]
120s ExecutionModule:Run(): Decision time => Seconds: 0, Miliseconds: 159
120s ExecutionModule:Run(): Handover time => Seconds: 0, Miliseconds: 44
120s ExecutionModule:Run(): Event: Vertical Handover.
120s DeviceModule:MoveRandom(): New position: (74, 2)
121s DeviceModule:MoveRandom(): New position: (74, 2)
122s DeviceModule:MoveRandom(): New position: (62, 2)
123s DeviceModule:MoveRandom(): New position: (62, 14)
124s DeviceModule:MoveRandom(): New position: (62, 2)
125s DeviceModule:MoveRandom(): New position: (74, 2)
126s DeviceModule:MoveRandom(): New position: (74, 2)
127s DeviceModule:MoveRandom(): New position: (62, 2)
128s DeviceModule:MoveRandom(): New position: (62, 2)
129s DeviceModule:MoveRandom(): New position: (62, 14)
130s DeviceModule:MoveRandom(): New position: (62, 2)
131s DeviceModule:MoveRandom(): New position: (50, 2)
132s DeviceModule:MoveRandom(): New position: (50, 14)
133s DeviceModule:MoveRandom(): New position: (62, 14)
134s DeviceModule:MoveRandom(): New position: (74, 14)
135s DecisionModule:Run(): Run decision
135s DecisionModule:AnalyzingNetworks(): Current Network: 
       [Network #0, Technology = Wifi, Address = 02-06-00:00:00:00:00:02, { DataRate: 20, SignalStrength: 58, AntiFragility: 52}, IQ: 45]
135s DecisionModule:ShowAllNetworks(): All detected networks:
       [Network #0, Technology = Wifi, Address = 02-06-00:00:00:00:00:02, { DataRate: 20, SignalStrength: 58, AntiFragility: 52}, IQ: 45]
       [Network #1, Technology = Wimax, Address = 02-06-00:00:00:00:00:04, { DataRate: 7, SignalStrength: 49, AntiFragility: 36}, IQ: 32]
135s DeviceModule:MoveRandom(): New position: (62, 14)
136s DeviceModule:MoveRandom(): New position: (50, 14)
137s DeviceModule:MoveRandom(): New position: (50, 26)
138s DeviceModule:MoveRandom(): New position: (50, 14)
139s DeviceModule:MoveRandom(): New position: (38, 14)
140s DeviceModule:MoveRandom(): New position: (50, 14)
141s DeviceModule:MoveRandom(): New position: (62, 14)
142s DeviceModule:MoveRandom(): New position: (62, 2)
143s DeviceModule:MoveRandom(): New position: (62, 14)
144s DeviceModule:MoveRandom(): New position: (62, 26)
145s DeviceModule:MoveRandom(): New position: (62, 38)
146s DeviceModule:MoveRandom(): New position: (62, 50)
147s DeviceModule:MoveRandom(): New position: (62, 38)
148s DeviceModule:MoveRandom(): New position: (62, 26)
149s DeviceModule:MoveRandom(): New position: (74, 26)
150s DecisionModule:Run(): Run decision
150s DecisionModule:AnalyzingNetworks(): Current Network: 
       [Network #1, Technology = Wimax, Address = 02-06-00:00:00:00:00:04, { DataRate: 54, SignalStrength: 70, AntiFragility: 93}, IQ: 77]
150s DecisionModule:ShowAllNetworks(): All detected networks:
       [Network #1, Technology = Wimax, Address = 02-06-00:00:00:00:00:04, { DataRate: 54, SignalStrength: 70, AntiFragility: 93}, IQ: 77]
       [Network #0, Technology = Wifi, Address = 02-06-00:00:00:00:00:02, { DataRate: 69, SignalStrength: 99, AntiFragility: 12}, IQ: 48]
150s ExecutionModule:Run(): Decision time => Seconds: 0, Miliseconds: 145
150s ExecutionModule:Run(): Handover time => Seconds: 0, Miliseconds: 31
150s ExecutionModule:Run(): Event: Vertical Handover.
150s DeviceModule:MoveRandom(): New position: (74, 38)
151s DeviceModule:MoveRandom(): New position: (62, 38)
152s DeviceModule:MoveRandom(): New position: (50, 38)
153s DeviceModule:MoveRandom(): New position: (50, 26)
154s DeviceModule:MoveRandom(): New position: (50, 14)
155s DeviceModule:MoveRandom(): New position: (38, 14)
156s DeviceModule:MoveRandom(): New position: (26, 14)
157s DeviceModule:MoveRandom(): New position: (26, 26)
158s DeviceModule:MoveRandom(): New position: (26, 38)
159s DeviceModule:MoveRandom(): New position: (26, 50)
160s DeviceModule:MoveRandom(): New position: (26, 62)
161s DeviceModule:MoveRandom(): New position: (26, 50)
162s DeviceModule:MoveRandom(): New position: (38, 50)
163s DeviceModule:MoveRandom(): New position: (26, 50)
164s DeviceModule:MoveRandom(): New position: (26, 38)
165s DecisionModule:Run(): Run decision
165s DecisionModule:AnalyzingNetworks(): Current Network: 
       [Network #0, Technology = Wifi, Address = 02-06-00:00:00:00:00:02, { DataRate: 4, SignalStrength: 22, AntiFragility: 94}, IQ: 53]
165s DecisionModule:ShowAllNetworks(): All detected networks:
       [Network #0, Technology = Wifi, Address = 02-06-00:00:00:00:00:02, { DataRate: 4, SignalStrength: 22, AntiFragility: 94}, IQ: 53]
       [Network #1, Technology = Wimax, Address = 02-06-00:00:00:00:00:04, { DataRate: 78, SignalStrength: 99, AntiFragility: 15}, IQ: 51]
165s ExecutionModule:Run(): Decision time => Seconds: 0, Miliseconds: 164
165s ExecutionModule:Run(): Handover time => Seconds: 0, Miliseconds: 32
165s ExecutionModule:Run(): Event: Vertical Handover.
165s DeviceModule:MoveRandom(): New position: (38, 38)
166s DeviceModule:MoveRandom(): New position: (26, 38)
167s DeviceModule:MoveRandom(): New position: (14, 38)
168s DeviceModule:MoveRandom(): New position: (14, 26)
169s DeviceModule:MoveRandom(): New position: (14, 14)
170s DeviceModule:MoveRandom(): New position: (2, 14)
170s DecisionModule:RemoveNetworkFromList(): Network: 1 out of range!
171s DeviceModule:MoveRandom(): New position: (14, 14)
171s DecisionModule:AddNetworkToList(): Network detected
172s DeviceModule:MoveRandom(): New position: (26, 14)
173s DeviceModule:MoveRandom(): New position: (14, 14)
174s DeviceModule:MoveRandom(): New position: (14, 26)
175s DeviceModule:MoveRandom(): New position: (26, 26)
176s DeviceModule:MoveRandom(): New position: (14, 26)
177s DeviceModule:MoveRandom(): New position: (2, 26)
177s DecisionModule:RemoveNetworkFromList(): Network: 1 out of range!
178s DeviceModule:MoveRandom(): New position: (2, 38)
178s DecisionModule:AddNetworkToList(): Network detected
179s DeviceModule:MoveRandom(): New position: (2, 38)
180s DecisionModule:Run(): Run decision
180s DecisionModule:AnalyzingNetworks(): Current Network: 
       [Network #0, Technology = Wifi, Address = 02-06-00:00:00:00:00:02, { DataRate: 64, SignalStrength: 84, AntiFragility: 64}, IQ: 69]
180s DecisionModule:ShowAllNetworks(): All detected networks:
       [Network #0, Technology = Wifi, Address = 02-06-00:00:00:00:00:02, { DataRate: 64, SignalStrength: 84, AntiFragility: 64}, IQ: 69]
       [Network #1, Technology = Wimax, Address = 02-06-00:00:00:00:00:04, { DataRate: 86, SignalStrength: 65, AntiFragility: 54}, IQ: 64]
180s DeviceModule:MoveRandom(): New position: (2, 50)
181s DeviceModule:MoveRandom(): New position: (2, 62)
182s DeviceModule:MoveRandom(): New position: (2, 62)
183s DeviceModule:MoveRandom(): New position: (2, 62)
184s DeviceModule:MoveRandom(): New position: (14, 62)
185s DeviceModule:MoveRandom(): New position: (14, 74)
186s DeviceModule:MoveRandom(): New position: (26, 74)
187s DeviceModule:MoveRandom(): New position: (38, 74)
188s DeviceModule:MoveRandom(): New position: (38, 62)
189s DeviceModule:MoveRandom(): New position: (26, 62)
190s DeviceModule:MoveRandom(): New position: (38, 62)
191s DeviceModule:MoveRandom(): New position: (26, 62)
192s DeviceModule:MoveRandom(): New position: (14, 62)
193s DeviceModule:MoveRandom(): New position: (2, 62)
194s DeviceModule:MoveRandom(): New position: (14, 62)
195s DecisionModule:Run(): Run decision
195s DecisionModule:AnalyzingNetworks(): Current Network: 
       [Network #0, Technology = Wifi, Address = 02-06-00:00:00:00:00:02, { DataRate: 85, SignalStrength: 57, AntiFragility: 60}, IQ: 65]
195s DecisionModule:ShowAllNetworks(): All detected networks:
       [Network #0, Technology = Wifi, Address = 02-06-00:00:00:00:00:02, { DataRate: 85, SignalStrength: 57, AntiFragility: 60}, IQ: 65]
       [Network #1, Technology = Wimax, Address = 02-06-00:00:00:00:00:04, { DataRate: 39, SignalStrength: 52, AntiFragility: 86}, IQ: 65]
195s DeviceModule:MoveRandom(): New position: (26, 62)
196s DeviceModule:MoveRandom(): New position: (14, 62)
197s DeviceModule:MoveRandom(): New position: (14, 74)
198s DeviceModule:MoveRandom(): New position: (14, 62)
199s DeviceModule:MoveRandom(): New position: (26, 62)
