Waf: Entering directory `/home/renan/Documents/NR2/ns-allinone-3.20/ns-3.20/build'
Waf: Leaving directory `/home/renan/Documents/NR2/ns-allinone-3.20/ns-3.20/build'
'build' finished successfully (1.803s)
0s NetworkModule:SetPosition(): Network 0 set position => (77, 99)
0s NetworkModule:SetRange(): Network 0 set range => 100
0s NetworkModule:SetPosition(): Network 1 set position => (31, 75)
0s NetworkModule:SetRange(): Network 1 set range => 100
0s DeviceModule:ConfigureMobility(): Device [init x = 50, init y = 50, max = 100, velocity = 12]
1s DeviceModule:MoveRandom(): New position: (38, 50)
1s DecisionModule:AddNetworkToList(): Network detected
1s DecisionModule:AddNetworkToList(): Network detected
2s DeviceModule:MoveRandom(): New position: (26, 50)
3s DeviceModule:MoveRandom(): New position: (26, 38)
4s DeviceModule:MoveRandom(): New position: (26, 50)
5s DeviceModule:MoveRandom(): New position: (14, 50)
6s DeviceModule:MoveRandom(): New position: (14, 38)
7s DeviceModule:MoveRandom(): New position: (26, 38)
8s DeviceModule:MoveRandom(): New position: (14, 38)
9s DeviceModule:MoveRandom(): New position: (14, 50)
10s DeviceModule:MoveRandom(): New position: (26, 50)
11s DeviceModule:MoveRandom(): New position: (26, 62)
12s DeviceModule:MoveRandom(): New position: (38, 62)
13s DeviceModule:MoveRandom(): New position: (26, 62)
14s DeviceModule:MoveRandom(): New position: (26, 50)
15s DecisionModule:Run(): Run decision
15s DecisionModule:AnalyzingNetworks(): Current Network: 
       [Network #0, Technology = Wifi, Address = 02-06-00:00:00:00:00:02, { DataRate: 15, SignalStrength: 85, AntiFragility: 25}, IQ: 37]
15s DecisionModule:ShowAllNetworks(): All detected networks:
       [Network #0, Technology = Wifi, Address = 02-06-00:00:00:00:00:02, { DataRate: 15, SignalStrength: 85, AntiFragility: 25}, IQ: 37]
       [Network #1, Technology = Wimax, Address = 02-06-00:00:00:00:00:04, { DataRate: 51, SignalStrength: 6, AntiFragility: 2}, IQ: 15]
15s DeviceModule:MoveRandom(): New position: (26, 38)
16s DeviceModule:MoveRandom(): New position: (38, 38)
17s DeviceModule:MoveRandom(): New position: (50, 38)
18s DeviceModule:MoveRandom(): New position: (62, 38)
19s DeviceModule:MoveRandom(): New position: (62, 50)
20s DeviceModule:MoveRandom(): New position: (74, 50)
21s DeviceModule:MoveRandom(): New position: (62, 50)
22s DeviceModule:MoveRandom(): New position: (62, 62)
23s DeviceModule:MoveRandom(): New position: (62, 50)
24s DeviceModule:MoveRandom(): New position: (74, 50)
25s DeviceModule:MoveRandom(): New position: (74, 38)
26s DeviceModule:MoveRandom(): New position: (74, 26)
27s DeviceModule:MoveRandom(): New position: (62, 26)
28s DeviceModule:MoveRandom(): New position: (62, 38)
29s DeviceModule:MoveRandom(): New position: (62, 26)
30s DecisionModule:Run(): Run decision
30s DecisionModule:AnalyzingNetworks(): Current Network: 
       [Network #0, Technology = Wifi, Address = 02-06-00:00:00:00:00:02, { DataRate: 30, SignalStrength: 15, AntiFragility: 54}, IQ: 38]
30s DecisionModule:ShowAllNetworks(): All detected networks:
       [Network #0, Technology = Wifi, Address = 02-06-00:00:00:00:00:02, { DataRate: 30, SignalStrength: 15, AntiFragility: 54}, IQ: 38]
       [Network #1, Technology = Wimax, Address = 02-06-00:00:00:00:00:04, { DataRate: 24, SignalStrength: 5, AntiFragility: 17}, IQ: 15]
30s DeviceModule:MoveRandom(): New position: (74, 26)
31s DeviceModule:MoveRandom(): New position: (86, 26)
32s DeviceModule:MoveRandom(): New position: (98, 26)
33s DeviceModule:MoveRandom(): New position: (98, 26)
34s DeviceModule:MoveRandom(): New position: (86, 26)
35s DeviceModule:MoveRandom(): New position: (74, 26)
36s DeviceModule:MoveRandom(): New position: (74, 14)
37s DeviceModule:MoveRandom(): New position: (74, 26)
38s DeviceModule:MoveRandom(): New position: (62, 26)
39s DeviceModule:MoveRandom(): New position: (62, 14)
40s DeviceModule:MoveRandom(): New position: (50, 14)
41s DeviceModule:MoveRandom(): New position: (50, 2)
42s DeviceModule:MoveRandom(): New position: (50, 14)
43s DeviceModule:MoveRandom(): New position: (62, 14)
44s DeviceModule:MoveRandom(): New position: (62, 26)
45s DecisionModule:Run(): Run decision
45s DecisionModule:AnalyzingNetworks(): Current Network: 
       [Network #1, Technology = Wimax, Address = 02-06-00:00:00:00:00:04, { DataRate: 67, SignalStrength: 41, AntiFragility: 65}, IQ: 59]
45s DecisionModule:ShowAllNetworks(): All detected networks:
       [Network #1, Technology = Wimax, Address = 02-06-00:00:00:00:00:04, { DataRate: 67, SignalStrength: 41, AntiFragility: 65}, IQ: 59]
       [Network #0, Technology = Wifi, Address = 02-06-00:00:00:00:00:02, { DataRate: 73, SignalStrength: 24, AntiFragility: 23}, IQ: 35]
45s ExecutionModule:Run(): Decision time => Seconds: 0, Miliseconds: 133
45s ExecutionModule:Run(): Handover time => Seconds: 0, Miliseconds: 270
45s ExecutionModule:Run(): Event: Vertical Handover.
45s DeviceModule:MoveRandom(): New position: (50, 26)
46s DeviceModule:MoveRandom(): New position: (50, 38)
47s DeviceModule:MoveRandom(): New position: (50, 50)
48s DeviceModule:MoveRandom(): New position: (50, 38)
49s DeviceModule:MoveRandom(): New position: (50, 50)
50s DeviceModule:MoveRandom(): New position: (50, 62)
51s DeviceModule:MoveRandom(): New position: (50, 74)
52s DeviceModule:MoveRandom(): New position: (62, 74)
53s DeviceModule:MoveRandom(): New position: (50, 74)
54s DeviceModule:MoveRandom(): New position: (50, 62)
55s DeviceModule:MoveRandom(): New position: (50, 74)
56s DeviceModule:MoveRandom(): New position: (38, 74)
57s DeviceModule:MoveRandom(): New position: (26, 74)
58s DeviceModule:MoveRandom(): New position: (38, 74)
59s DeviceModule:MoveRandom(): New position: (26, 74)
60s DecisionModule:Run(): Run decision
60s DecisionModule:AnalyzingNetworks(): Current Network: 
       [Network #1, Technology = Wimax, Address = 02-06-00:00:00:00:00:04, { DataRate: 37, SignalStrength: 27, AntiFragility: 83}, IQ: 57]
60s DecisionModule:ShowAllNetworks(): All detected networks:
       [Network #1, Technology = Wimax, Address = 02-06-00:00:00:00:00:04, { DataRate: 37, SignalStrength: 27, AntiFragility: 83}, IQ: 57]
       [Network #0, Technology = Wifi, Address = 02-06-00:00:00:00:00:02, { DataRate: 22, SignalStrength: 15, AntiFragility: 7}, IQ: 12]
60s DeviceModule:MoveRandom(): New position: (26, 86)
61s DeviceModule:MoveRandom(): New position: (26, 98)
62s DeviceModule:MoveRandom(): New position: (26, 98)
63s DeviceModule:MoveRandom(): New position: (38, 98)
64s DeviceModule:MoveRandom(): New position: (38, 86)
65s DeviceModule:MoveRandom(): New position: (38, 98)
66s DeviceModule:MoveRandom(): New position: (26, 98)
67s DeviceModule:MoveRandom(): New position: (14, 98)
68s DeviceModule:MoveRandom(): New position: (2, 98)
69s DeviceModule:MoveRandom(): New position: (2, 98)
70s DeviceModule:MoveRandom(): New position: (2, 98)
71s DeviceModule:MoveRandom(): New position: (2, 98)
72s DeviceModule:MoveRandom(): New position: (2, 98)
73s DeviceModule:MoveRandom(): New position: (2, 86)
74s DeviceModule:MoveRandom(): New position: (2, 98)
75s DecisionModule:Run(): Run decision
75s DecisionModule:AnalyzingNetworks(): Current Network: 
       [Network #1, Technology = Wimax, Address = 02-06-00:00:00:00:00:04, { DataRate: 11, SignalStrength: 19, AntiFragility: 94}, IQ: 54]
75s DecisionModule:ShowAllNetworks(): All detected networks:
       [Network #1, Technology = Wimax, Address = 02-06-00:00:00:00:00:04, { DataRate: 11, SignalStrength: 19, AntiFragility: 94}, IQ: 54]
       [Network #0, Technology = Wifi, Address = 02-06-00:00:00:00:00:02, { DataRate: 85, SignalStrength: 14, AntiFragility: 47}, IQ: 48]
75s DeviceModule:MoveRandom(): New position: (14, 98)
76s DeviceModule:MoveRandom(): New position: (14, 98)
77s DeviceModule:MoveRandom(): New position: (26, 98)
78s DeviceModule:MoveRandom(): New position: (26, 98)
79s DeviceModule:MoveRandom(): New position: (38, 98)
80s DeviceModule:MoveRandom(): New position: (50, 98)
81s DeviceModule:MoveRandom(): New position: (50, 86)
82s DeviceModule:MoveRandom(): New position: (50, 98)
83s DeviceModule:MoveRandom(): New position: (50, 98)
84s DeviceModule:MoveRandom(): New position: (62, 98)
85s DeviceModule:MoveRandom(): New position: (50, 98)
86s DeviceModule:MoveRandom(): New position: (62, 98)
87s DeviceModule:MoveRandom(): New position: (62, 98)
88s DeviceModule:MoveRandom(): New position: (62, 86)
89s DeviceModule:MoveRandom(): New position: (74, 86)
90s DecisionModule:Run(): Run decision
90s DecisionModule:AnalyzingNetworks(): Current Network: 
       [Network #0, Technology = Wifi, Address = 02-06-00:00:00:00:00:02, { DataRate: 3, SignalStrength: 45, AntiFragility: 88}, IQ: 56]
90s DecisionModule:ShowAllNetworks(): All detected networks:
       [Network #0, Technology = Wifi, Address = 02-06-00:00:00:00:00:02, { DataRate: 3, SignalStrength: 45, AntiFragility: 88}, IQ: 56]
       [Network #1, Technology = Wimax, Address = 02-06-00:00:00:00:00:04, { DataRate: 94, SignalStrength: 68, AntiFragility: 24}, IQ: 52]
90s ExecutionModule:Run(): Decision time => Seconds: 0, Miliseconds: 146
90s ExecutionModule:Run(): Handover time => Seconds: 0, Miliseconds: 43
90s ExecutionModule:Run(): Event: Vertical Handover.
90s DeviceModule:MoveRandom(): New position: (62, 86)
91s DeviceModule:MoveRandom(): New position: (62, 98)
92s DeviceModule:MoveRandom(): New position: (74, 98)
93s DeviceModule:MoveRandom(): New position: (86, 98)
94s DeviceModule:MoveRandom(): New position: (74, 98)
95s DeviceModule:MoveRandom(): New position: (74, 86)
96s DeviceModule:MoveRandom(): New position: (74, 74)
97s DeviceModule:MoveRandom(): New position: (74, 62)
98s DeviceModule:MoveRandom(): New position: (74, 74)
99s DeviceModule:MoveRandom(): New position: (74, 86)
100s DeviceModule:MoveRandom(): New position: (74, 98)
101s DeviceModule:MoveRandom(): New position: (74, 86)
102s DeviceModule:MoveRandom(): New position: (74, 74)
103s DeviceModule:MoveRandom(): New position: (62, 74)
104s DeviceModule:MoveRandom(): New position: (74, 74)
105s DecisionModule:Run(): Run decision
105s DecisionModule:AnalyzingNetworks(): Current Network: 
       [Network #0, Technology = Wifi, Address = 02-06-00:00:00:00:00:02, { DataRate: 91, SignalStrength: 24, AntiFragility: 17}, IQ: 37]
105s DecisionModule:ShowAllNetworks(): All detected networks:
       [Network #0, Technology = Wifi, Address = 02-06-00:00:00:00:00:02, { DataRate: 91, SignalStrength: 24, AntiFragility: 17}, IQ: 37]
       [Network #1, Technology = Wimax, Address = 02-06-00:00:00:00:00:04, { DataRate: 27, SignalStrength: 35, AntiFragility: 25}, IQ: 28]
105s DeviceModule:MoveRandom(): New position: (74, 62)
106s DeviceModule:MoveRandom(): New position: (74, 74)
107s DeviceModule:MoveRandom(): New position: (74, 62)
108s DeviceModule:MoveRandom(): New position: (62, 62)
109s DeviceModule:MoveRandom(): New position: (62, 74)
110s DeviceModule:MoveRandom(): New position: (62, 62)
111s DeviceModule:MoveRandom(): New position: (74, 62)
112s DeviceModule:MoveRandom(): New position: (86, 62)
113s DeviceModule:MoveRandom(): New position: (86, 50)
114s DeviceModule:MoveRandom(): New position: (98, 50)
115s DeviceModule:MoveRandom(): New position: (98, 62)
116s DeviceModule:MoveRandom(): New position: (98, 62)
117s DeviceModule:MoveRandom(): New position: (98, 62)
118s DeviceModule:MoveRandom(): New position: (98, 62)
119s DeviceModule:MoveRandom(): New position: (86, 62)
120s DecisionModule:Run(): Run decision
120s DecisionModule:AnalyzingNetworks(): Current Network: 
       [Network #1, Technology = Wimax, Address = 02-06-00:00:00:00:00:04, { DataRate: 35, SignalStrength: 83, AntiFragility: 84}, IQ: 71]
120s DecisionModule:ShowAllNetworks(): All detected networks:
       [Network #1, Technology = Wimax, Address = 02-06-00:00:00:00:00:04, { DataRate: 35, SignalStrength: 83, AntiFragility: 84}, IQ: 71]
       [Network #0, Technology = Wifi, Address = 02-06-00:00:00:00:00:02, { DataRate: 30, SignalStrength: 27, AntiFragility: 31}, IQ: 29]
120s ExecutionModule:Run(): Decision time => Seconds: 0, Miliseconds: 142
120s ExecutionModule:Run(): Handover time => Seconds: 0, Miliseconds: 31
120s ExecutionModule:Run(): Event: Vertical Handover.
120s DeviceModule:MoveRandom(): New position: (86, 50)
121s DeviceModule:MoveRandom(): New position: (86, 38)
122s DeviceModule:MoveRandom(): New position: (98, 38)
123s DeviceModule:MoveRandom(): New position: (98, 26)
124s DeviceModule:MoveRandom(): New position: (98, 38)
125s DeviceModule:MoveRandom(): New position: (86, 38)
126s DeviceModule:MoveRandom(): New position: (74, 38)
127s DeviceModule:MoveRandom(): New position: (62, 38)
128s DeviceModule:MoveRandom(): New position: (74, 38)
129s DeviceModule:MoveRandom(): New position: (74, 26)
130s DeviceModule:MoveRandom(): New position: (74, 38)
131s DeviceModule:MoveRandom(): New position: (86, 38)
132s DeviceModule:MoveRandom(): New position: (74, 38)
133s DeviceModule:MoveRandom(): New position: (86, 38)
134s DeviceModule:MoveRandom(): New position: (74, 38)
135s DecisionModule:Run(): Run decision
135s DecisionModule:AnalyzingNetworks(): Current Network: 
       [Network #1, Technology = Wimax, Address = 02-06-00:00:00:00:00:04, { DataRate: 80, SignalStrength: 88, AntiFragility: 49}, IQ: 66]
135s DecisionModule:ShowAllNetworks(): All detected networks:
       [Network #1, Technology = Wimax, Address = 02-06-00:00:00:00:00:04, { DataRate: 80, SignalStrength: 88, AntiFragility: 49}, IQ: 66]
       [Network #0, Technology = Wifi, Address = 02-06-00:00:00:00:00:02, { DataRate: 38, SignalStrength: 26, AntiFragility: 62}, IQ: 47]
135s DeviceModule:MoveRandom(): New position: (74, 26)
136s DeviceModule:MoveRandom(): New position: (86, 26)
137s DeviceModule:MoveRandom(): New position: (86, 38)
138s DeviceModule:MoveRandom(): New position: (74, 38)
139s DeviceModule:MoveRandom(): New position: (62, 38)
140s DeviceModule:MoveRandom(): New position: (62, 50)
141s DeviceModule:MoveRandom(): New position: (50, 50)
142s DeviceModule:MoveRandom(): New position: (50, 38)
143s DeviceModule:MoveRandom(): New position: (62, 38)
144s DeviceModule:MoveRandom(): New position: (62, 26)
145s DeviceModule:MoveRandom(): New position: (62, 38)
146s DeviceModule:MoveRandom(): New position: (62, 26)
147s DeviceModule:MoveRandom(): New position: (50, 26)
148s DeviceModule:MoveRandom(): New position: (50, 14)
149s DeviceModule:MoveRandom(): New position: (50, 26)
150s DecisionModule:Run(): Run decision
150s DecisionModule:AnalyzingNetworks(): Current Network: 
       [Network #0, Technology = Wifi, Address = 02-06-00:00:00:00:00:02, { DataRate: 72, SignalStrength: 28, AntiFragility: 69}, IQ: 59]
150s DecisionModule:ShowAllNetworks(): All detected networks:
       [Network #0, Technology = Wifi, Address = 02-06-00:00:00:00:00:02, { DataRate: 72, SignalStrength: 28, AntiFragility: 69}, IQ: 59]
       [Network #1, Technology = Wimax, Address = 02-06-00:00:00:00:00:04, { DataRate: 47, SignalStrength: 4, AntiFragility: 3}, IQ: 14]
150s ExecutionModule:Run(): Decision time => Seconds: 0, Miliseconds: 142
150s ExecutionModule:Run(): Handover time => Seconds: 0, Miliseconds: 31
150s ExecutionModule:Run(): Event: Vertical Handover.
150s DeviceModule:MoveRandom(): New position: (50, 14)
151s DeviceModule:MoveRandom(): New position: (50, 2)
152s DeviceModule:MoveRandom(): New position: (62, 2)
153s DeviceModule:MoveRandom(): New position: (74, 2)
154s DeviceModule:MoveRandom(): New position: (86, 2)
155s DeviceModule:MoveRandom(): New position: (86, 14)
156s DeviceModule:MoveRandom(): New position: (86, 26)
157s DeviceModule:MoveRandom(): New position: (86, 14)
158s DeviceModule:MoveRandom(): New position: (86, 2)
159s DeviceModule:MoveRandom(): New position: (86, 14)
160s DeviceModule:MoveRandom(): New position: (86, 2)
161s DeviceModule:MoveRandom(): New position: (86, 14)
162s DeviceModule:MoveRandom(): New position: (86, 26)
163s DeviceModule:MoveRandom(): New position: (86, 38)
164s DeviceModule:MoveRandom(): New position: (86, 26)
165s DecisionModule:Run(): Run decision
165s DecisionModule:AnalyzingNetworks(): Current Network: 
       [Network #0, Technology = Wifi, Address = 02-06-00:00:00:00:00:02, { DataRate: 66, SignalStrength: 14, AntiFragility: 51}, IQ: 45]
165s DecisionModule:ShowAllNetworks(): All detected networks:
       [Network #0, Technology = Wifi, Address = 02-06-00:00:00:00:00:02, { DataRate: 66, SignalStrength: 14, AntiFragility: 51}, IQ: 45]
       [Network #1, Technology = Wimax, Address = 02-06-00:00:00:00:00:04, { DataRate: 1, SignalStrength: 52, AntiFragility: 52}, IQ: 39]
165s DeviceModule:MoveRandom(): New position: (74, 26)
166s DeviceModule:MoveRandom(): New position: (62, 26)
167s DeviceModule:MoveRandom(): New position: (62, 38)
168s DeviceModule:MoveRandom(): New position: (74, 38)
169s DeviceModule:MoveRandom(): New position: (86, 38)
170s DeviceModule:MoveRandom(): New position: (86, 26)
171s DeviceModule:MoveRandom(): New position: (86, 38)
172s DeviceModule:MoveRandom(): New position: (86, 26)
173s DeviceModule:MoveRandom(): New position: (74, 26)
174s DeviceModule:MoveRandom(): New position: (74, 38)
175s DeviceModule:MoveRandom(): New position: (74, 50)
176s DeviceModule:MoveRandom(): New position: (74, 38)
177s DeviceModule:MoveRandom(): New position: (74, 50)
178s DeviceModule:MoveRandom(): New position: (74, 38)
179s DeviceModule:MoveRandom(): New position: (86, 38)
180s DecisionModule:Run(): Run decision
180s DecisionModule:AnalyzingNetworks(): Current Network: 
       [Network #0, Technology = Wifi, Address = 02-06-00:00:00:00:00:02, { DataRate: 99, SignalStrength: 84, AntiFragility: 53}, IQ: 72]
180s DecisionModule:ShowAllNetworks(): All detected networks:
       [Network #0, Technology = Wifi, Address = 02-06-00:00:00:00:00:02, { DataRate: 99, SignalStrength: 84, AntiFragility: 53}, IQ: 72]
       [Network #1, Technology = Wimax, Address = 02-06-00:00:00:00:00:04, { DataRate: 98, SignalStrength: 40, AntiFragility: 59}, IQ: 64]
180s DeviceModule:MoveRandom(): New position: (98, 38)
181s DeviceModule:MoveRandom(): New position: (98, 38)
182s DeviceModule:MoveRandom(): New position: (98, 26)
183s DeviceModule:MoveRandom(): New position: (86, 26)
184s DeviceModule:MoveRandom(): New position: (98, 26)
185s DeviceModule:MoveRandom(): New position: (86, 26)
186s DeviceModule:MoveRandom(): New position: (98, 26)
187s DeviceModule:MoveRandom(): New position: (98, 14)
188s DeviceModule:MoveRandom(): New position: (98, 26)
189s DeviceModule:MoveRandom(): New position: (98, 14)
190s DeviceModule:MoveRandom(): New position: (98, 14)
191s DeviceModule:MoveRandom(): New position: (98, 14)
192s DeviceModule:MoveRandom(): New position: (98, 2)
193s DeviceModule:MoveRandom(): New position: (98, 2)
194s DeviceModule:MoveRandom(): New position: (98, 2)
195s DecisionModule:Run(): Run decision
195s DecisionModule:AnalyzingNetworks(): Current Network: 
       [Network #1, Technology = Wimax, Address = 02-06-00:00:00:00:00:04, { DataRate: 23, SignalStrength: 91, AntiFragility: 26}, IQ: 41]
195s DecisionModule:ShowAllNetworks(): All detected networks:
       [Network #1, Technology = Wimax, Address = 02-06-00:00:00:00:00:04, { DataRate: 23, SignalStrength: 91, AntiFragility: 26}, IQ: 41]
       [Network #0, Technology = Wifi, Address = 02-06-00:00:00:00:00:02, { DataRate: 79, SignalStrength: 11, AntiFragility: 8}, IQ: 26]
195s ExecutionModule:Run(): Decision time => Seconds: 0, Miliseconds: 144
195s ExecutionModule:Run(): Handover time => Seconds: 0, Miliseconds: 32
195s ExecutionModule:Run(): Event: Vertical Handover.
195s DeviceModule:MoveRandom(): New position: (98, 14)
196s DeviceModule:MoveRandom(): New position: (98, 14)
197s DeviceModule:MoveRandom(): New position: (98, 2)
198s DeviceModule:MoveRandom(): New position: (98, 2)
199s DeviceModule:MoveRandom(): New position: (98, 2)
