Waf: Entering directory `/home/renan/Documents/NR2/ns-allinone-3.20/ns-3.20/build'
Waf: Leaving directory `/home/renan/Documents/NR2/ns-allinone-3.20/ns-3.20/build'
'build' finished successfully (1.924s)
0s NetworkModule:SetPosition(): Network 0 set position => (97, 92)
0s NetworkModule:SetRange(): Network 0 set range => 100
0s NetworkModule:SetPosition(): Network 1 set position => (189, 40)
0s NetworkModule:SetRange(): Network 1 set range => 100
0s NetworkModule:SetPosition(): Network 2 set position => (66, 197)
0s NetworkModule:SetRange(): Network 2 set range => 100
0s NetworkModule:SetPosition(): Network 3 set position => (94, 170)
0s NetworkModule:SetRange(): Network 3 set range => 100
0s NetworkModule:SetPosition(): Network 4 set position => (88, 114)
0s NetworkModule:SetRange(): Network 4 set range => 100
0s NetworkModule:SetPosition(): Network 5 set position => (158, 161)
0s NetworkModule:SetRange(): Network 5 set range => 100
0s NetworkModule:SetPosition(): Network 6 set position => (41, 171)
0s NetworkModule:SetRange(): Network 6 set range => 100
0s NetworkModule:SetPosition(): Network 7 set position => (54, 2)
0s NetworkModule:SetRange(): Network 7 set range => 100
0s NetworkModule:SetPosition(): Network 8 set position => (187, 36)
0s NetworkModule:SetRange(): Network 8 set range => 100
0s NetworkModule:SetPosition(): Network 9 set position => (25, 14)
0s NetworkModule:SetRange(): Network 9 set range => 100
0s NetworkModule:SetPosition(): Network 10 set position => (131, 40)
0s NetworkModule:SetRange(): Network 10 set range => 100
0s NetworkModule:SetPosition(): Network 11 set position => (74, 191)
0s NetworkModule:SetRange(): Network 11 set range => 100
0s NetworkModule:SetPosition(): Network 12 set position => (91, 145)
0s NetworkModule:SetRange(): Network 12 set range => 100
0s NetworkModule:SetPosition(): Network 13 set position => (147, 9)
0s NetworkModule:SetRange(): Network 13 set range => 100
0s NetworkModule:SetPosition(): Network 14 set position => (88, 88)
0s NetworkModule:SetRange(): Network 14 set range => 100
0s NetworkModule:SetPosition(): Network 15 set position => (181, 32)
0s NetworkModule:SetRange(): Network 15 set range => 100
0s NetworkModule:SetPosition(): Network 16 set position => (72, 186)
0s NetworkModule:SetRange(): Network 16 set range => 100
0s NetworkModule:SetPosition(): Network 17 set position => (183, 122)
0s NetworkModule:SetRange(): Network 17 set range => 100
0s NetworkModule:SetPosition(): Network 18 set position => (93, 90)
0s NetworkModule:SetRange(): Network 18 set range => 100
0s NetworkModule:SetPosition(): Network 19 set position => (156, 78)
0s NetworkModule:SetRange(): Network 19 set range => 100
0s DeviceModule:ConfigureMobility(): Device [init x = 100, init y = 100, max = 200, velocity = 12]
1s DeviceModule:MoveRandom(): New position: (100, 88)
1s DecisionModule:AddNetworkToList(): Network detected
1s DecisionModule:AddNetworkToList(): Network detected
1s DecisionModule:AddNetworkToList(): Network detected
1s DecisionModule:AddNetworkToList(): Network detected
1s DecisionModule:AddNetworkToList(): Network detected
1s DecisionModule:AddNetworkToList(): Network detected
1s DecisionModule:AddNetworkToList(): Network detected
1s DecisionModule:AddNetworkToList(): Network detected
1s DecisionModule:AddNetworkToList(): Network detected
1s DecisionModule:AddNetworkToList(): Network detected
1s DecisionModule:AddNetworkToList(): Network detected
1s DecisionModule:AddNetworkToList(): Network detected
1s DecisionModule:AddNetworkToList(): Network detected
2s DeviceModule:MoveRandom(): New position: (100, 100)
2s DecisionModule:AddNetworkToList(): Network detected
2s DecisionModule:RemoveNetworkFromList(): Network: 7 out of range!
2s DecisionModule:AddNetworkToList(): Network detected
2s DecisionModule:RemoveNetworkFromList(): Network: 13 out of range!
2s DecisionModule:RemoveNetworkFromList(): Network: 15 out of range!
2s DecisionModule:AddNetworkToList(): Network detected
3s DeviceModule:MoveRandom(): New position: (100, 88)
3s DecisionModule:RemoveNetworkFromList(): Network: 6 out of range!
3s DecisionModule:AddNetworkToList(): Network detected
3s DecisionModule:RemoveNetworkFromList(): Network: 11 out of range!
3s DecisionModule:AddNetworkToList(): Network detected
3s DecisionModule:AddNetworkToList(): Network detected
3s DecisionModule:RemoveNetworkFromList(): Network: 16 out of range!
4s DeviceModule:MoveRandom(): New position: (100, 100)
4s DecisionModule:AddNetworkToList(): Network detected
4s DecisionModule:RemoveNetworkFromList(): Network: 7 out of range!
4s DecisionModule:AddNetworkToList(): Network detected
4s DecisionModule:RemoveNetworkFromList(): Network: 13 out of range!
4s DecisionModule:RemoveNetworkFromList(): Network: 15 out of range!
4s DecisionModule:AddNetworkToList(): Network detected
5s DeviceModule:MoveRandom(): New position: (100, 88)
5s DecisionModule:RemoveNetworkFromList(): Network: 6 out of range!
5s DecisionModule:AddNetworkToList(): Network detected
5s DecisionModule:RemoveNetworkFromList(): Network: 11 out of range!
5s DecisionModule:AddNetworkToList(): Network detected
5s DecisionModule:AddNetworkToList(): Network detected
5s DecisionModule:RemoveNetworkFromList(): Network: 16 out of range!
6s DeviceModule:MoveRandom(): New position: (100, 76)
6s DecisionModule:AddNetworkToList(): Network detected
6s DecisionModule:RemoveNetworkFromList(): Network: 5 out of range!
6s DecisionModule:AddNetworkToList(): Network detected
6s DecisionModule:AddNetworkToList(): Network detected
7s DeviceModule:MoveRandom(): New position: (88, 76)
7s DecisionModule:RemoveNetworkFromList(): Network: 1 out of range!
7s DecisionModule:RemoveNetworkFromList(): Network: 8 out of range!
7s DecisionModule:RemoveNetworkFromList(): Network: 15 out of range!
7s DecisionModule:RemoveNetworkFromList(): Network: 17 out of range!
8s DeviceModule:MoveRandom(): New position: (76, 76)
9s DeviceModule:MoveRandom(): New position: (88, 76)
10s DecisionModule:Run(): Run decision
10s DecisionModule:AnalyzingNetworks(): Current Network: 
       [Network #12, Technology = Wifi, Address = 02-06-00:00:00:00:00:0e, { DataRate: 71, SignalStrength: 92, AntiFragility: 49}, IQ: 65]
10s DecisionModule:ShowAllNetworks(): All detected networks:
       [Network #12, Technology = Wifi, Address = 02-06-00:00:00:00:00:0e, { DataRate: 71, SignalStrength: 92, AntiFragility: 49}, IQ: 65]
       [Network #13, Technology = Wifi, Address = 02-06-00:00:00:00:00:0f, { DataRate: 77, SignalStrength: 64, AntiFragility: 58}, IQ: 64]
       [Network #19, Technology = Wimax, Address = 02-06-00:00:00:00:00:16, { DataRate: 57, SignalStrength: 26, AntiFragility: 80}, IQ: 60]
       [Network #3, Technology = Wifi, Address = 02-06-00:00:00:00:00:05, { DataRate: 61, SignalStrength: 58, AntiFragility: 52}, IQ: 55]
       [Network #4, Technology = Wifi, Address = 02-06-00:00:00:00:00:06, { DataRate: 48, SignalStrength: 11, AntiFragility: 73}, IQ: 51]
       [Network #14, Technology = Wifi, Address = 02-06-00:00:00:00:00:10, { DataRate: 66, SignalStrength: 10, AntiFragility: 55}, IQ: 46]
       [Network #18, Technology = Wimax, Address = 02-06-00:00:00:00:00:15, { DataRate: 2, SignalStrength: 93, AntiFragility: 42}, IQ: 44]
       [Network #7, Technology = Wifi, Address = 02-06-00:00:00:00:00:09, { DataRate: 35, SignalStrength: 66, AntiFragility: 36}, IQ: 43]
       [Network #0, Technology = Wifi, Address = 02-06-00:00:00:00:00:02, { DataRate: 10, SignalStrength: 27, AntiFragility: 66}, IQ: 42]
       [Network #9, Technology = Wifi, Address = 02-06-00:00:00:00:00:0b, { DataRate: 26, SignalStrength: 68, AntiFragility: 6}, IQ: 26]
       [Network #10, Technology = Wifi, Address = 02-06-00:00:00:00:00:0c, { DataRate: 5, SignalStrength: 52, AntiFragility: 22}, IQ: 25]
10s DeviceModule:MoveRandom(): New position: (76, 76)
11s DeviceModule:MoveRandom(): New position: (88, 76)
12s DeviceModule:MoveRandom(): New position: (76, 76)
13s DeviceModule:MoveRandom(): New position: (76, 88)
13s DecisionModule:AddNetworkToList(): Network detected
13s DecisionModule:RemoveNetworkFromList(): Network: 13 out of range!
13s DecisionModule:AddNetworkToList(): Network detected
14s DeviceModule:MoveRandom(): New position: (64, 88)
15s DeviceModule:MoveRandom(): New position: (64, 100)
15s DecisionModule:AddNetworkToList(): Network detected
15s DecisionModule:AddNetworkToList(): Network detected
16s DeviceModule:MoveRandom(): New position: (52, 100)
16s DecisionModule:RemoveNetworkFromList(): Network: 19 out of range!
17s DeviceModule:MoveRandom(): New position: (52, 88)
17s DecisionModule:RemoveNetworkFromList(): Network: 2 out of range!
17s DecisionModule:RemoveNetworkFromList(): Network: 11 out of range!
18s DeviceModule:MoveRandom(): New position: (64, 88)
18s DecisionModule:AddNetworkToList(): Network detected
19s DeviceModule:MoveRandom(): New position: (64, 76)
19s DecisionModule:RemoveNetworkFromList(): Network: 16 out of range!
20s DecisionModule:Run(): Run decision
20s DecisionModule:AnalyzingNetworks(): Current Network: 
       [Network #6, Technology = Wifi, Address = 02-06-00:00:00:00:00:08, { DataRate: 80, SignalStrength: 74, AntiFragility: 75}, IQ: 76]
20s DecisionModule:ShowAllNetworks(): All detected networks:
       [Network #6, Technology = Wifi, Address = 02-06-00:00:00:00:00:08, { DataRate: 80, SignalStrength: 74, AntiFragility: 75}, IQ: 76]
       [Network #4, Technology = Wifi, Address = 02-06-00:00:00:00:00:06, { DataRate: 95, SignalStrength: 31, AntiFragility: 72}, IQ: 67]
       [Network #10, Technology = Wifi, Address = 02-06-00:00:00:00:00:0c, { DataRate: 52, SignalStrength: 1, AntiFragility: 98}, IQ: 62]
       [Network #12, Technology = Wifi, Address = 02-06-00:00:00:00:00:0e, { DataRate: 65, SignalStrength: 69, AntiFragility: 55}, IQ: 61]
       [Network #3, Technology = Wifi, Address = 02-06-00:00:00:00:00:05, { DataRate: 70, SignalStrength: 64, AntiFragility: 46}, IQ: 56]
       [Network #0, Technology = Wifi, Address = 02-06-00:00:00:00:00:02, { DataRate: 34, SignalStrength: 66, AntiFragility: 54}, IQ: 52]
       [Network #19, Technology = Wimax, Address = 02-06-00:00:00:00:00:16, { DataRate: 74, SignalStrength: 76, AntiFragility: 30}, IQ: 52]
       [Network #18, Technology = Wimax, Address = 02-06-00:00:00:00:00:15, { DataRate: 96, SignalStrength: 32, AntiFragility: 36}, IQ: 50]
       [Network #9, Technology = Wifi, Address = 02-06-00:00:00:00:00:0b, { DataRate: 28, SignalStrength: 94, AntiFragility: 32}, IQ: 46]
       [Network #14, Technology = Wifi, Address = 02-06-00:00:00:00:00:10, { DataRate: 82, SignalStrength: 16, AntiFragility: 13}, IQ: 31]
       [Network #7, Technology = Wifi, Address = 02-06-00:00:00:00:00:09, { DataRate: 72, SignalStrength: 13, AntiFragility: 6}, IQ: 24]
20s ExecutionModule:Run(): Decision time => Seconds: 0, Miliseconds: 213
20s ExecutionModule:Run(): Handover time => Seconds: 0, Miliseconds: 175
20s ExecutionModule:Run(): Event: Horizontal Handover.
20s DeviceModule:MoveRandom(): New position: (76, 76)
20s ExecutionModule:OutOfRange(): OUT OF BETTER NETWORK! Choosing another network...
20s DecisionModule:RemoveNetworkFromList(): Network: 6 out of range!
20s DecisionModule:Run(): Run decision
20s DecisionModule:AnalyzingNetworks(): Current Network: 
       [Network #3, Technology = Wifi, Address = 02-06-00:00:00:00:00:05, { DataRate: 37, SignalStrength: 66, AntiFragility: 66}, IQ: 58]
20s DecisionModule:ShowAllNetworks(): All detected networks:
       [Network #3, Technology = Wifi, Address = 02-06-00:00:00:00:00:05, { DataRate: 37, SignalStrength: 66, AntiFragility: 66}, IQ: 58]
       [Network #9, Technology = Wifi, Address = 02-06-00:00:00:00:00:0b, { DataRate: 95, SignalStrength: 98, AntiFragility: 20}, IQ: 58]
       [Network #18, Technology = Wimax, Address = 02-06-00:00:00:00:00:15, { DataRate: 54, SignalStrength: 79, AntiFragility: 37}, IQ: 51]
       [Network #12, Technology = Wifi, Address = 02-06-00:00:00:00:00:0e, { DataRate: 72, SignalStrength: 46, AntiFragility: 38}, IQ: 48]
       [Network #14, Technology = Wifi, Address = 02-06-00:00:00:00:00:10, { DataRate: 87, SignalStrength: 10, AntiFragility: 48}, IQ: 48]
       [Network #0, Technology = Wifi, Address = 02-06-00:00:00:00:00:02, { DataRate: 10, SignalStrength: 52, AntiFragility: 57}, IQ: 44]
       [Network #19, Technology = Wimax, Address = 02-06-00:00:00:00:00:16, { DataRate: 57, SignalStrength: 1, AntiFragility: 60}, IQ: 44]
       [Network #10, Technology = Wifi, Address = 02-06-00:00:00:00:00:0c, { DataRate: 97, SignalStrength: 42, AntiFragility: 18}, IQ: 43]
       [Network #4, Technology = Wifi, Address = 02-06-00:00:00:00:00:06, { DataRate: 6, SignalStrength: 32, AntiFragility: 54}, IQ: 36]
       [Network #7, Technology = Wifi, Address = 02-06-00:00:00:00:00:09, { DataRate: 10, SignalStrength: 19, AntiFragility: 37}, IQ: 25]
20s ExecutionModule:Run(): Decision time => Seconds: 0, Miliseconds: 169
20s ExecutionModule:Run(): Handover time => Seconds: 0, Miliseconds: 226
20s ExecutionModule:Run(): Event: Horizontal Handover.
20s DecisionModule:AddNetworkToList(): Network detected
21s DeviceModule:MoveRandom(): New position: (76, 88)
21s DecisionModule:AddNetworkToList(): Network detected
21s DecisionModule:RemoveNetworkFromList(): Network: 13 out of range!
21s DecisionModule:AddNetworkToList(): Network detected
22s DeviceModule:MoveRandom(): New position: (76, 100)
22s DecisionModule:AddNetworkToList(): Network detected
22s DecisionModule:AddNetworkToList(): Network detected
23s DeviceModule:MoveRandom(): New position: (76, 112)
23s DecisionModule:AddNetworkToList(): Network detected
23s DecisionModule:RemoveNetworkFromList(): Network: 7 out of range!
23s DecisionModule:RemoveNetworkFromList(): Network: 9 out of range!
24s DeviceModule:MoveRandom(): New position: (64, 112)
24s DecisionModule:RemoveNetworkFromList(): Network: 5 out of range!
25s DeviceModule:MoveRandom(): New position: (64, 124)
25s DecisionModule:RemoveNetworkFromList(): Network: 10 out of range!
25s DecisionModule:RemoveNetworkFromList(): Network: 19 out of range!
26s DeviceModule:MoveRandom(): New position: (64, 136)
26s DecisionModule:AddNetworkToList(): Network detected
27s DeviceModule:MoveRandom(): New position: (52, 136)
27s DecisionModule:RemoveNetworkFromList(): Network: 5 out of range!
28s DeviceModule:MoveRandom(): New position: (52, 148)
29s DeviceModule:MoveRandom(): New position: (52, 136)
30s DecisionModule:Run(): Run decision
30s DecisionModule:AnalyzingNetworks(): Current Network: 
       [Network #6, Technology = Wifi, Address = 02-06-00:00:00:00:00:08, { DataRate: 96, SignalStrength: 99, AntiFragility: 80}, IQ: 88]
30s DecisionModule:ShowAllNetworks(): All detected networks:
       [Network #6, Technology = Wifi, Address = 02-06-00:00:00:00:00:08, { DataRate: 96, SignalStrength: 99, AntiFragility: 80}, IQ: 88]
       [Network #18, Technology = Wimax, Address = 02-06-00:00:00:00:00:15, { DataRate: 82, SignalStrength: 87, AntiFragility: 88}, IQ: 86]
       [Network #3, Technology = Wifi, Address = 02-06-00:00:00:00:00:05, { DataRate: 58, SignalStrength: 75, AntiFragility: 83}, IQ: 74]
       [Network #0, Technology = Wifi, Address = 02-06-00:00:00:00:00:02, { DataRate: 48, SignalStrength: 80, AntiFragility: 42}, IQ: 53]
       [Network #4, Technology = Wifi, Address = 02-06-00:00:00:00:00:06, { DataRate: 2, SignalStrength: 71, AntiFragility: 62}, IQ: 49]
       [Network #11, Technology = Wifi, Address = 02-06-00:00:00:00:00:0d, { DataRate: 13, SignalStrength: 39, AntiFragility: 62}, IQ: 44]
       [Network #12, Technology = Wifi, Address = 02-06-00:00:00:00:00:0e, { DataRate: 37, SignalStrength: 28, AntiFragility: 55}, IQ: 43]
       [Network #14, Technology = Wifi, Address = 02-06-00:00:00:00:00:10, { DataRate: 70, SignalStrength: 62, AntiFragility: 13}, IQ: 39]
       [Network #2, Technology = Wifi, Address = 02-06-00:00:00:00:00:04, { DataRate: 15, SignalStrength: 30, AntiFragility: 26}, IQ: 24]
       [Network #16, Technology = Wifi, Address = 02-06-00:00:00:00:00:12, { DataRate: 1, SignalStrength: 6, AntiFragility: 17}, IQ: 10]
30s ExecutionModule:Run(): Decision time => Seconds: 0, Miliseconds: 208
30s ExecutionModule:Run(): Handover time => Seconds: 0, Miliseconds: 119
30s ExecutionModule:Run(): Event: Horizontal Handover.
30s DeviceModule:MoveRandom(): New position: (40, 136)
31s DeviceModule:MoveRandom(): New position: (40, 148)
32s DeviceModule:MoveRandom(): New position: (28, 148)
33s DeviceModule:MoveRandom(): New position: (40, 148)
34s DeviceModule:MoveRandom(): New position: (52, 148)
35s DeviceModule:MoveRandom(): New position: (64, 148)
35s DecisionModule:AddNetworkToList(): Network detected
36s DeviceModule:MoveRandom(): New position: (64, 160)
37s DeviceModule:MoveRandom(): New position: (52, 160)
37s DecisionModule:RemoveNetworkFromList(): Network: 5 out of range!
38s DeviceModule:MoveRandom(): New position: (64, 160)
38s DecisionModule:AddNetworkToList(): Network detected
39s DeviceModule:MoveRandom(): New position: (64, 172)
40s DecisionModule:Run(): Run decision
40s DecisionModule:AnalyzingNetworks(): Current Network: 
       [Network #0, Technology = Wifi, Address = 02-06-00:00:00:00:00:02, { DataRate: 80, SignalStrength: 21, AntiFragility: 63}, IQ: 56]
40s DecisionModule:ShowAllNetworks(): All detected networks:
       [Network #0, Technology = Wifi, Address = 02-06-00:00:00:00:00:02, { DataRate: 80, SignalStrength: 21, AntiFragility: 63}, IQ: 56]
       [Network #5, Technology = Wifi, Address = 02-06-00:00:00:00:00:07, { DataRate: 46, SignalStrength: 93, AntiFragility: 44}, IQ: 56]
       [Network #4, Technology = Wifi, Address = 02-06-00:00:00:00:00:06, { DataRate: 71, SignalStrength: 73, AntiFragility: 29}, IQ: 50]
       [Network #2, Technology = Wifi, Address = 02-06-00:00:00:00:00:04, { DataRate: 72, SignalStrength: 5, AntiFragility: 59}, IQ: 48]
       [Network #3, Technology = Wifi, Address = 02-06-00:00:00:00:00:05, { DataRate: 88, SignalStrength: 76, AntiFragility: 12}, IQ: 47]
       [Network #6, Technology = Wifi, Address = 02-06-00:00:00:00:00:08, { DataRate: 31, SignalStrength: 58, AntiFragility: 47}, IQ: 45]
       [Network #18, Technology = Wimax, Address = 02-06-00:00:00:00:00:15, { DataRate: 62, SignalStrength: 54, AntiFragility: 19}, IQ: 38]
       [Network #14, Technology = Wifi, Address = 02-06-00:00:00:00:00:10, { DataRate: 19, SignalStrength: 83, AntiFragility: 16}, IQ: 33]
       [Network #12, Technology = Wifi, Address = 02-06-00:00:00:00:00:0e, { DataRate: 20, SignalStrength: 51, AntiFragility: 17}, IQ: 26]
       [Network #11, Technology = Wifi, Address = 02-06-00:00:00:00:00:0d, { DataRate: 23, SignalStrength: 4, AntiFragility: 35}, IQ: 24]
       [Network #16, Technology = Wifi, Address = 02-06-00:00:00:00:00:12, { DataRate: 9, SignalStrength: 46, AntiFragility: 13}, IQ: 20]
40s ExecutionModule:Run(): Decision time => Seconds: 0, Miliseconds: 217
40s ExecutionModule:Run(): Handover time => Seconds: 0, Miliseconds: 120
40s ExecutionModule:Run(): Event: Horizontal Handover.
40s DeviceModule:MoveRandom(): New position: (64, 160)
41s DeviceModule:MoveRandom(): New position: (52, 160)
41s DecisionModule:RemoveNetworkFromList(): Network: 5 out of range!
42s DeviceModule:MoveRandom(): New position: (64, 160)
42s DecisionModule:AddNetworkToList(): Network detected
43s DeviceModule:MoveRandom(): New position: (64, 172)
44s DeviceModule:MoveRandom(): New position: (64, 160)
45s DeviceModule:MoveRandom(): New position: (52, 160)
45s DecisionModule:RemoveNetworkFromList(): Network: 5 out of range!
46s DeviceModule:MoveRandom(): New position: (52, 172)
47s DeviceModule:MoveRandom(): New position: (64, 172)
47s DecisionModule:AddNetworkToList(): Network detected
48s DeviceModule:MoveRandom(): New position: (64, 160)
49s DeviceModule:MoveRandom(): New position: (64, 148)
50s DecisionModule:Run(): Run decision
50s DecisionModule:AnalyzingNetworks(): Current Network: 
       [Network #3, Technology = Wifi, Address = 02-06-00:00:00:00:00:05, { DataRate: 77, SignalStrength: 28, AntiFragility: 92}, IQ: 72]
50s DecisionModule:ShowAllNetworks(): All detected networks:
       [Network #3, Technology = Wifi, Address = 02-06-00:00:00:00:00:05, { DataRate: 77, SignalStrength: 28, AntiFragility: 92}, IQ: 72]
       [Network #2, Technology = Wifi, Address = 02-06-00:00:00:00:00:04, { DataRate: 54, SignalStrength: 36, AntiFragility: 97}, IQ: 71]
       [Network #14, Technology = Wifi, Address = 02-06-00:00:00:00:00:10, { DataRate: 1, SignalStrength: 82, AntiFragility: 88}, IQ: 64]
       [Network #5, Technology = Wifi, Address = 02-06-00:00:00:00:00:07, { DataRate: 93, SignalStrength: 92, AntiFragility: 36}, IQ: 64]
       [Network #12, Technology = Wifi, Address = 02-06-00:00:00:00:00:0e, { DataRate: 23, SignalStrength: 57, AntiFragility: 65}, IQ: 52]
       [Network #0, Technology = Wifi, Address = 02-06-00:00:00:00:00:02, { DataRate: 71, SignalStrength: 82, AntiFragility: 18}, IQ: 47]
       [Network #6, Technology = Wifi, Address = 02-06-00:00:00:00:00:08, { DataRate: 39, SignalStrength: 19, AntiFragility: 60}, IQ: 44]
       [Network #4, Technology = Wifi, Address = 02-06-00:00:00:00:00:06, { DataRate: 50, SignalStrength: 41, AntiFragility: 41}, IQ: 43]
       [Network #18, Technology = Wimax, Address = 02-06-00:00:00:00:00:15, { DataRate: 21, SignalStrength: 47, AntiFragility: 48}, IQ: 41]
       [Network #16, Technology = Wifi, Address = 02-06-00:00:00:00:00:12, { DataRate: 65, SignalStrength: 50, AntiFragility: 23}, IQ: 40]
       [Network #11, Technology = Wifi, Address = 02-06-00:00:00:00:00:0d, { DataRate: 22, SignalStrength: 9, AntiFragility: 18}, IQ: 16]
50s ExecutionModule:Run(): Decision time => Seconds: 0, Miliseconds: 234
50s ExecutionModule:Run(): Handover time => Seconds: 0, Miliseconds: 122
50s ExecutionModule:Run(): Event: Horizontal Handover.
50s DeviceModule:MoveRandom(): New position: (52, 148)
50s DecisionModule:RemoveNetworkFromList(): Network: 5 out of range!
51s DeviceModule:MoveRandom(): New position: (52, 160)
52s DeviceModule:MoveRandom(): New position: (40, 160)
53s DeviceModule:MoveRandom(): New position: (40, 148)
54s DeviceModule:MoveRandom(): New position: (28, 148)
55s DeviceModule:MoveRandom(): New position: (40, 148)
56s DeviceModule:MoveRandom(): New position: (40, 160)
57s DeviceModule:MoveRandom(): New position: (28, 160)
58s DeviceModule:MoveRandom(): New position: (28, 148)
59s DeviceModule:MoveRandom(): New position: (28, 160)
60s DecisionModule:Run(): Run decision
60s DecisionModule:AnalyzingNetworks(): Current Network: 
       [Network #3, Technology = Wifi, Address = 02-06-00:00:00:00:00:05, { DataRate: 76, SignalStrength: 50, AntiFragility: 96}, IQ: 79]
60s DecisionModule:ShowAllNetworks(): All detected networks:
       [Network #3, Technology = Wifi, Address = 02-06-00:00:00:00:00:05, { DataRate: 76, SignalStrength: 50, AntiFragility: 96}, IQ: 79]
       [Network #6, Technology = Wifi, Address = 02-06-00:00:00:00:00:08, { DataRate: 41, SignalStrength: 99, AntiFragility: 79}, IQ: 74]
       [Network #12, Technology = Wifi, Address = 02-06-00:00:00:00:00:0e, { DataRate: 52, SignalStrength: 70, AntiFragility: 83}, IQ: 72]
       [Network #18, Technology = Wimax, Address = 02-06-00:00:00:00:00:15, { DataRate: 75, SignalStrength: 57, AntiFragility: 65}, IQ: 65]
       [Network #2, Technology = Wifi, Address = 02-06-00:00:00:00:00:04, { DataRate: 42, SignalStrength: 18, AntiFragility: 92}, IQ: 61]
       [Network #0, Technology = Wifi, Address = 02-06-00:00:00:00:00:02, { DataRate: 80, SignalStrength: 47, AntiFragility: 53}, IQ: 58]
       [Network #16, Technology = Wifi, Address = 02-06-00:00:00:00:00:12, { DataRate: 95, SignalStrength: 15, AntiFragility: 35}, IQ: 45]
       [Network #11, Technology = Wifi, Address = 02-06-00:00:00:00:00:0d, { DataRate: 21, SignalStrength: 34, AntiFragility: 45}, IQ: 36]
       [Network #14, Technology = Wifi, Address = 02-06-00:00:00:00:00:10, { DataRate: 18, SignalStrength: 61, AntiFragility: 4}, IQ: 21]
       [Network #4, Technology = Wifi, Address = 02-06-00:00:00:00:00:06, { DataRate: 13, SignalStrength: 43, AntiFragility: 5}, IQ: 16]
60s DeviceModule:MoveRandom(): New position: (16, 160)
60s DecisionModule:RemoveNetworkFromList(): Network: 0 out of range!
60s DecisionModule:RemoveNetworkFromList(): Network: 14 out of range!
60s DecisionModule:RemoveNetworkFromList(): Network: 18 out of range!
61s DeviceModule:MoveRandom(): New position: (28, 160)
61s DecisionModule:AddNetworkToList(): Network detected
61s DecisionModule:AddNetworkToList(): Network detected
61s DecisionModule:AddNetworkToList(): Network detected
62s DeviceModule:MoveRandom(): New position: (40, 160)
63s DeviceModule:MoveRandom(): New position: (40, 172)
64s DeviceModule:MoveRandom(): New position: (28, 172)
64s DecisionModule:RemoveNetworkFromList(): Network: 0 out of range!
64s DecisionModule:RemoveNetworkFromList(): Network: 14 out of range!
64s DecisionModule:RemoveNetworkFromList(): Network: 18 out of range!
65s DeviceModule:MoveRandom(): New position: (28, 184)
66s DeviceModule:MoveRandom(): New position: (40, 184)
67s DeviceModule:MoveRandom(): New position: (52, 184)
68s DeviceModule:MoveRandom(): New position: (64, 184)
68s DecisionModule:AddNetworkToList(): Network detected
68s DecisionModule:AddNetworkToList(): Network detected
68s DecisionModule:AddNetworkToList(): Network detected
68s DecisionModule:AddNetworkToList(): Network detected
69s DeviceModule:MoveRandom(): New position: (64, 172)
70s DecisionModule:Run(): Run decision
70s DecisionModule:AnalyzingNetworks(): Current Network: 
       [Network #12, Technology = Wifi, Address = 02-06-00:00:00:00:00:0e, { DataRate: 28, SignalStrength: 83, AntiFragility: 99}, IQ: 77]
70s DecisionModule:ShowAllNetworks(): All detected networks:
       [Network #12, Technology = Wifi, Address = 02-06-00:00:00:00:00:0e, { DataRate: 28, SignalStrength: 83, AntiFragility: 99}, IQ: 77]
       [Network #11, Technology = Wifi, Address = 02-06-00:00:00:00:00:0d, { DataRate: 68, SignalStrength: 39, AntiFragility: 82}, IQ: 67]
       [Network #5, Technology = Wifi, Address = 02-06-00:00:00:00:00:07, { DataRate: 73, SignalStrength: 13, AntiFragility: 92}, IQ: 67]
       [Network #3, Technology = Wifi, Address = 02-06-00:00:00:00:00:05, { DataRate: 48, SignalStrength: 89, AntiFragility: 48}, IQ: 58]
       [Network #6, Technology = Wifi, Address = 02-06-00:00:00:00:00:08, { DataRate: 36, SignalStrength: 30, AntiFragility: 82}, IQ: 57]
       [Network #0, Technology = Wifi, Address = 02-06-00:00:00:00:00:02, { DataRate: 39, SignalStrength: 65, AntiFragility: 45}, IQ: 48]
       [Network #2, Technology = Wifi, Address = 02-06-00:00:00:00:00:04, { DataRate: 71, SignalStrength: 20, AntiFragility: 49}, IQ: 47]
       [Network #16, Technology = Wifi, Address = 02-06-00:00:00:00:00:12, { DataRate: 93, SignalStrength: 12, AntiFragility: 34}, IQ: 43]
       [Network #14, Technology = Wifi, Address = 02-06-00:00:00:00:00:10, { DataRate: 89, SignalStrength: 69, AntiFragility: 5}, IQ: 42]
       [Network #4, Technology = Wifi, Address = 02-06-00:00:00:00:00:06, { DataRate: 11, SignalStrength: 80, AntiFragility: 28}, IQ: 36]
       [Network #18, Technology = Wimax, Address = 02-06-00:00:00:00:00:15, { DataRate: 96, SignalStrength: 17, AntiFragility: 5}, IQ: 30]
70s ExecutionModule:Run(): Decision time => Seconds: 0, Miliseconds: 218
70s ExecutionModule:Run(): Handover time => Seconds: 0, Miliseconds: 122
70s ExecutionModule:Run(): Event: Horizontal Handover.
70s DeviceModule:MoveRandom(): New position: (52, 172)
70s DecisionModule:RemoveNetworkFromList(): Network: 5 out of range!
71s DeviceModule:MoveRandom(): New position: (52, 160)
72s DeviceModule:MoveRandom(): New position: (64, 160)
72s DecisionModule:AddNetworkToList(): Network detected
73s DeviceModule:MoveRandom(): New position: (52, 160)
73s DecisionModule:RemoveNetworkFromList(): Network: 5 out of range!
74s DeviceModule:MoveRandom(): New position: (52, 172)
75s DeviceModule:MoveRandom(): New position: (52, 160)
76s DeviceModule:MoveRandom(): New position: (52, 148)
77s DeviceModule:MoveRandom(): New position: (52, 160)
78s DeviceModule:MoveRandom(): New position: (52, 172)
79s DeviceModule:MoveRandom(): New position: (40, 172)
80s DecisionModule:Run(): Run decision
80s DecisionModule:AnalyzingNetworks(): Current Network: 
       [Network #16, Technology = Wifi, Address = 02-06-00:00:00:00:00:12, { DataRate: 78, SignalStrength: 98, AntiFragility: 72}, IQ: 80]
80s DecisionModule:ShowAllNetworks(): All detected networks:
       [Network #16, Technology = Wifi, Address = 02-06-00:00:00:00:00:12, { DataRate: 78, SignalStrength: 98, AntiFragility: 72}, IQ: 80]
       [Network #12, Technology = Wifi, Address = 02-06-00:00:00:00:00:0e, { DataRate: 70, SignalStrength: 65, AntiFragility: 55}, IQ: 61]
       [Network #18, Technology = Wimax, Address = 02-06-00:00:00:00:00:15, { DataRate: 90, SignalStrength: 73, AntiFragility: 29}, IQ: 55]
       [Network #0, Technology = Wifi, Address = 02-06-00:00:00:00:00:02, { DataRate: 81, SignalStrength: 57, AntiFragility: 40}, IQ: 54]
       [Network #14, Technology = Wifi, Address = 02-06-00:00:00:00:00:10, { DataRate: 24, SignalStrength: 57, AntiFragility: 58}, IQ: 49]
       [Network #6, Technology = Wifi, Address = 02-06-00:00:00:00:00:08, { DataRate: 86, SignalStrength: 81, AntiFragility: 13}, IQ: 48]
       [Network #4, Technology = Wifi, Address = 02-06-00:00:00:00:00:06, { DataRate: 14, SignalStrength: 11, AntiFragility: 83}, IQ: 47]
       [Network #11, Technology = Wifi, Address = 02-06-00:00:00:00:00:0d, { DataRate: 12, SignalStrength: 27, AntiFragility: 72}, IQ: 45]
       [Network #3, Technology = Wifi, Address = 02-06-00:00:00:00:00:05, { DataRate: 63, SignalStrength: 13, AntiFragility: 31}, IQ: 34]
       [Network #2, Technology = Wifi, Address = 02-06-00:00:00:00:00:04, { DataRate: 27, SignalStrength: 87, AntiFragility: 12}, IQ: 34]
80s ExecutionModule:Run(): Decision time => Seconds: 0, Miliseconds: 226
80s ExecutionModule:Run(): Handover time => Seconds: 0, Miliseconds: 122
80s ExecutionModule:Run(): Event: Horizontal Handover.
80s DeviceModule:MoveRandom(): New position: (52, 172)
81s DeviceModule:MoveRandom(): New position: (40, 172)
82s DeviceModule:MoveRandom(): New position: (28, 172)
82s DecisionModule:RemoveNetworkFromList(): Network: 0 out of range!
82s DecisionModule:RemoveNetworkFromList(): Network: 14 out of range!
82s DecisionModule:RemoveNetworkFromList(): Network: 18 out of range!
83s DeviceModule:MoveRandom(): New position: (28, 184)
84s DeviceModule:MoveRandom(): New position: (28, 196)
84s DecisionModule:RemoveNetworkFromList(): Network: 4 out of range!
85s DeviceModule:MoveRandom(): New position: (16, 196)
86s DeviceModule:MoveRandom(): New position: (4, 196)
87s DeviceModule:MoveRandom(): New position: (4, 196)
88s DeviceModule:MoveRandom(): New position: (16, 196)
89s DeviceModule:MoveRandom(): New position: (16, 196)
90s DecisionModule:Run(): Run decision
90s DecisionModule:AnalyzingNetworks(): Current Network: 
       [Network #3, Technology = Wifi, Address = 02-06-00:00:00:00:00:05, { DataRate: 94, SignalStrength: 43, AntiFragility: 46}, IQ: 57]
90s DecisionModule:ShowAllNetworks(): All detected networks:
       [Network #3, Technology = Wifi, Address = 02-06-00:00:00:00:00:05, { DataRate: 94, SignalStrength: 43, AntiFragility: 46}, IQ: 57]
       [Network #11, Technology = Wifi, Address = 02-06-00:00:00:00:00:0d, { DataRate: 50, SignalStrength: 52, AntiFragility: 59}, IQ: 55]
       [Network #12, Technology = Wifi, Address = 02-06-00:00:00:00:00:0e, { DataRate: 18, SignalStrength: 17, AntiFragility: 69}, IQ: 43]
       [Network #6, Technology = Wifi, Address = 02-06-00:00:00:00:00:08, { DataRate: 25, SignalStrength: 87, AntiFragility: 11}, IQ: 33]
       [Network #2, Technology = Wifi, Address = 02-06-00:00:00:00:00:04, { DataRate: 11, SignalStrength: 26, AntiFragility: 44}, IQ: 31]
       [Network #16, Technology = Wifi, Address = 02-06-00:00:00:00:00:12, { DataRate: 52, SignalStrength: 31, AntiFragility: 15}, IQ: 28]
90s ExecutionModule:Run(): Decision time => Seconds: 0, Miliseconds: 180
90s ExecutionModule:Run(): Handover time => Seconds: 0, Miliseconds: 119
90s ExecutionModule:Run(): Event: Horizontal Handover.
90s DeviceModule:MoveRandom(): New position: (28, 196)
91s DeviceModule:MoveRandom(): New position: (28, 196)
92s DeviceModule:MoveRandom(): New position: (28, 184)
92s DecisionModule:AddNetworkToList(): Network detected
93s DeviceModule:MoveRandom(): New position: (28, 196)
93s DecisionModule:RemoveNetworkFromList(): Network: 4 out of range!
94s DeviceModule:MoveRandom(): New position: (16, 196)
95s DeviceModule:MoveRandom(): New position: (28, 196)
96s DeviceModule:MoveRandom(): New position: (16, 196)
97s DeviceModule:MoveRandom(): New position: (4, 196)
98s DeviceModule:MoveRandom(): New position: (4, 196)
99s DeviceModule:MoveRandom(): New position: (4, 196)
100s DecisionModule:Run(): Run decision
100s DecisionModule:AnalyzingNetworks(): Current Network: 
       [Network #16, Technology = Wifi, Address = 02-06-00:00:00:00:00:12, { DataRate: 95, SignalStrength: 78, AntiFragility: 87}, IQ: 86]
100s DecisionModule:ShowAllNetworks(): All detected networks:
       [Network #16, Technology = Wifi, Address = 02-06-00:00:00:00:00:12, { DataRate: 95, SignalStrength: 78, AntiFragility: 87}, IQ: 86]
       [Network #12, Technology = Wifi, Address = 02-06-00:00:00:00:00:0e, { DataRate: 49, SignalStrength: 21, AntiFragility: 99}, IQ: 67]
       [Network #11, Technology = Wifi, Address = 02-06-00:00:00:00:00:0d, { DataRate: 87, SignalStrength: 1, AntiFragility: 86}, IQ: 65]
       [Network #2, Technology = Wifi, Address = 02-06-00:00:00:00:00:04, { DataRate: 91, SignalStrength: 17, AntiFragility: 46}, IQ: 50]
       [Network #3, Technology = Wifi, Address = 02-06-00:00:00:00:00:05, { DataRate: 39, SignalStrength: 38, AntiFragility: 60}, IQ: 49]
       [Network #6, Technology = Wifi, Address = 02-06-00:00:00:00:00:08, { DataRate: 84, SignalStrength: 99, AntiFragility: 1}, IQ: 46]
100s ExecutionModule:Run(): Decision time => Seconds: 0, Miliseconds: 180
100s ExecutionModule:Run(): Handover time => Seconds: 0, Miliseconds: 122
100s ExecutionModule:Run(): Event: Horizontal Handover.
100s DeviceModule:MoveRandom(): New position: (4, 196)
101s DeviceModule:MoveRandom(): New position: (4, 196)
102s DeviceModule:MoveRandom(): New position: (16, 196)
103s DeviceModule:MoveRandom(): New position: (16, 196)
104s DeviceModule:MoveRandom(): New position: (4, 196)
105s DeviceModule:MoveRandom(): New position: (4, 184)
106s DeviceModule:MoveRandom(): New position: (4, 184)
107s DeviceModule:MoveRandom(): New position: (16, 184)
107s DecisionModule:AddNetworkToList(): Network detected
108s DeviceModule:MoveRandom(): New position: (16, 196)
108s DecisionModule:RemoveNetworkFromList(): Network: 4 out of range!
109s DeviceModule:MoveRandom(): New position: (16, 196)
110s DecisionModule:Run(): Run decision
110s DecisionModule:AnalyzingNetworks(): Current Network: 
       [Network #3, Technology = Wifi, Address = 02-06-00:00:00:00:00:05, { DataRate: 24, SignalStrength: 89, AntiFragility: 80}, IQ: 68]
110s DecisionModule:ShowAllNetworks(): All detected networks:
       [Network #3, Technology = Wifi, Address = 02-06-00:00:00:00:00:05, { DataRate: 24, SignalStrength: 89, AntiFragility: 80}, IQ: 68]
       [Network #12, Technology = Wifi, Address = 02-06-00:00:00:00:00:0e, { DataRate: 84, SignalStrength: 72, AntiFragility: 48}, IQ: 63]
       [Network #6, Technology = Wifi, Address = 02-06-00:00:00:00:00:08, { DataRate: 76, SignalStrength: 45, AntiFragility: 57}, IQ: 58]
       [Network #16, Technology = Wifi, Address = 02-06-00:00:00:00:00:12, { DataRate: 37, SignalStrength: 14, AntiFragility: 73}, IQ: 49]
       [Network #2, Technology = Wifi, Address = 02-06-00:00:00:00:00:04, { DataRate: 6, SignalStrength: 67, AntiFragility: 42}, IQ: 39]
       [Network #11, Technology = Wifi, Address = 02-06-00:00:00:00:00:0d, { DataRate: 22, SignalStrength: 65, AntiFragility: 32}, IQ: 37]
110s ExecutionModule:Run(): Decision time => Seconds: 0, Miliseconds: 180
110s ExecutionModule:Run(): Handover time => Seconds: 0, Miliseconds: 121
110s ExecutionModule:Run(): Event: Horizontal Handover.
110s DeviceModule:MoveRandom(): New position: (4, 196)
111s DeviceModule:MoveRandom(): New position: (4, 196)
112s DeviceModule:MoveRandom(): New position: (16, 196)
113s DeviceModule:MoveRandom(): New position: (16, 196)
114s DeviceModule:MoveRandom(): New position: (28, 196)
115s DeviceModule:MoveRandom(): New position: (40, 196)
115s DecisionModule:AddNetworkToList(): Network detected
116s DeviceModule:MoveRandom(): New position: (28, 196)
116s DecisionModule:RemoveNetworkFromList(): Network: 4 out of range!
117s DeviceModule:MoveRandom(): New position: (28, 196)
118s DeviceModule:MoveRandom(): New position: (28, 184)
118s DecisionModule:AddNetworkToList(): Network detected
119s DeviceModule:MoveRandom(): New position: (28, 172)
120s DecisionModule:Run(): Run decision
120s DecisionModule:AnalyzingNetworks(): Current Network: 
       [Network #4, Technology = Wifi, Address = 02-06-00:00:00:00:00:06, { DataRate: 56, SignalStrength: 85, AntiFragility: 70}, IQ: 70]
120s DecisionModule:ShowAllNetworks(): All detected networks:
       [Network #4, Technology = Wifi, Address = 02-06-00:00:00:00:00:06, { DataRate: 56, SignalStrength: 85, AntiFragility: 70}, IQ: 70]
       [Network #6, Technology = Wifi, Address = 02-06-00:00:00:00:00:08, { DataRate: 71, SignalStrength: 95, AntiFragility: 48}, IQ: 65]
       [Network #11, Technology = Wifi, Address = 02-06-00:00:00:00:00:0d, { DataRate: 57, SignalStrength: 72, AntiFragility: 60}, IQ: 62]
       [Network #12, Technology = Wifi, Address = 02-06-00:00:00:00:00:0e, { DataRate: 89, SignalStrength: 79, AntiFragility: 39}, IQ: 61]
       [Network #3, Technology = Wifi, Address = 02-06-00:00:00:00:00:05, { DataRate: 86, SignalStrength: 22, AntiFragility: 67}, IQ: 60]
       [Network #16, Technology = Wifi, Address = 02-06-00:00:00:00:00:12, { DataRate: 18, SignalStrength: 99, AntiFragility: 42}, IQ: 50]
       [Network #2, Technology = Wifi, Address = 02-06-00:00:00:00:00:04, { DataRate: 20, SignalStrength: 27, AntiFragility: 55}, IQ: 39]
120s ExecutionModule:Run(): Decision time => Seconds: 0, Miliseconds: 419
120s ExecutionModule:Run(): Handover time => Seconds: 0, Miliseconds: 201
120s ExecutionModule:Run(): Event: Horizontal Handover.
120s DeviceModule:MoveRandom(): New position: (40, 172)
120s DecisionModule:AddNetworkToList(): Network detected
120s DecisionModule:AddNetworkToList(): Network detected
120s DecisionModule:AddNetworkToList(): Network detected
121s DeviceModule:MoveRandom(): New position: (40, 184)
121s DecisionModule:RemoveNetworkFromList(): Network: 0 out of range!
121s DecisionModule:RemoveNetworkFromList(): Network: 14 out of range!
121s DecisionModule:RemoveNetworkFromList(): Network: 18 out of range!
122s DeviceModule:MoveRandom(): New position: (52, 184)
123s DeviceModule:MoveRandom(): New position: (52, 196)
124s DeviceModule:MoveRandom(): New position: (64, 196)
124s DecisionModule:AddNetworkToList(): Network detected
125s DeviceModule:MoveRandom(): New position: (64, 184)
125s DecisionModule:AddNetworkToList(): Network detected
125s DecisionModule:AddNetworkToList(): Network detected
125s DecisionModule:AddNetworkToList(): Network detected
126s DeviceModule:MoveRandom(): New position: (64, 172)
127s DeviceModule:MoveRandom(): New position: (64, 160)
128s DeviceModule:MoveRandom(): New position: (76, 160)
129s DeviceModule:MoveRandom(): New position: (76, 148)
130s DecisionModule:Run(): Run decision
130s DecisionModule:AnalyzingNetworks(): Current Network: 
       [Network #5, Technology = Wifi, Address = 02-06-00:00:00:00:00:07, { DataRate: 8, SignalStrength: 84, AntiFragility: 81}, IQ: 63]
130s DecisionModule:ShowAllNetworks(): All detected networks:
       [Network #5, Technology = Wifi, Address = 02-06-00:00:00:00:00:07, { DataRate: 8, SignalStrength: 84, AntiFragility: 81}, IQ: 63]
       [Network #0, Technology = Wifi, Address = 02-06-00:00:00:00:00:02, { DataRate: 63, SignalStrength: 17, AntiFragility: 72}, IQ: 56]
       [Network #2, Technology = Wifi, Address = 02-06-00:00:00:00:00:04, { DataRate: 89, SignalStrength: 47, AntiFragility: 39}, IQ: 53]
       [Network #4, Technology = Wifi, Address = 02-06-00:00:00:00:00:06, { DataRate: 99, SignalStrength: 15, AntiFragility: 46}, IQ: 51]
       [Network #18, Technology = Wimax, Address = 02-06-00:00:00:00:00:15, { DataRate: 47, SignalStrength: 77, AntiFragility: 31}, IQ: 46]
       [Network #14, Technology = Wifi, Address = 02-06-00:00:00:00:00:10, { DataRate: 78, SignalStrength: 31, AntiFragility: 32}, IQ: 43]
       [Network #11, Technology = Wifi, Address = 02-06-00:00:00:00:00:0d, { DataRate: 57, SignalStrength: 44, AntiFragility: 27}, IQ: 38]
       [Network #16, Technology = Wifi, Address = 02-06-00:00:00:00:00:12, { DataRate: 65, SignalStrength: 7, AntiFragility: 28}, IQ: 32]
       [Network #3, Technology = Wifi, Address = 02-06-00:00:00:00:00:05, { DataRate: 35, SignalStrength: 8, AntiFragility: 41}, IQ: 31]
       [Network #6, Technology = Wifi, Address = 02-06-00:00:00:00:00:08, { DataRate: 74, SignalStrength: 17, AntiFragility: 12}, IQ: 28]
       [Network #12, Technology = Wifi, Address = 02-06-00:00:00:00:00:0e, { DataRate: 9, SignalStrength: 36, AntiFragility: 9}, IQ: 15]
130s ExecutionModule:Run(): Decision time => Seconds: 0, Miliseconds: 237
130s ExecutionModule:Run(): Handover time => Seconds: 0, Miliseconds: 123
130s ExecutionModule:Run(): Event: Horizontal Handover.
130s DeviceModule:MoveRandom(): New position: (76, 136)
130s DecisionModule:AddNetworkToList(): Network detected
131s DeviceModule:MoveRandom(): New position: (76, 124)
131s DecisionModule:AddNetworkToList(): Network detected
132s DeviceModule:MoveRandom(): New position: (88, 124)
132s DecisionModule:AddNetworkToList(): Network detected
133s DeviceModule:MoveRandom(): New position: (88, 112)
134s DeviceModule:MoveRandom(): New position: (88, 124)
135s DeviceModule:MoveRandom(): New position: (88, 136)
135s DecisionModule:RemoveNetworkFromList(): Network: 10 out of range!
136s DeviceModule:MoveRandom(): New position: (76, 136)
136s DecisionModule:RemoveNetworkFromList(): Network: 17 out of range!
137s DeviceModule:MoveRandom(): New position: (88, 136)
137s DecisionModule:AddNetworkToList(): Network detected
138s DeviceModule:MoveRandom(): New position: (76, 136)
138s DecisionModule:RemoveNetworkFromList(): Network: 17 out of range!
139s DeviceModule:MoveRandom(): New position: (76, 124)
139s DecisionModule:AddNetworkToList(): Network detected
140s DecisionModule:Run(): Run decision
140s DecisionModule:AnalyzingNetworks(): Current Network: 
       [Network #14, Technology = Wifi, Address = 02-06-00:00:00:00:00:10, { DataRate: 98, SignalStrength: 35, AntiFragility: 95}, IQ: 80]
140s DecisionModule:ShowAllNetworks(): All detected networks:
       [Network #14, Technology = Wifi, Address = 02-06-00:00:00:00:00:10, { DataRate: 98, SignalStrength: 35, AntiFragility: 95}, IQ: 80]
       [Network #3, Technology = Wifi, Address = 02-06-00:00:00:00:00:05, { DataRate: 81, SignalStrength: 76, AntiFragility: 78}, IQ: 78]
       [Network #0, Technology = Wifi, Address = 02-06-00:00:00:00:00:02, { DataRate: 80, SignalStrength: 66, AntiFragility: 75}, IQ: 74]
       [Network #19, Technology = Wimax, Address = 02-06-00:00:00:00:00:16, { DataRate: 10, SignalStrength: 81, AntiFragility: 97}, IQ: 71]
       [Network #11, Technology = Wifi, Address = 02-06-00:00:00:00:00:0d, { DataRate: 75, SignalStrength: 62, AntiFragility: 62}, IQ: 65]
       [Network #2, Technology = Wifi, Address = 02-06-00:00:00:00:00:04, { DataRate: 72, SignalStrength: 64, AntiFragility: 54}, IQ: 61]
       [Network #4, Technology = Wifi, Address = 02-06-00:00:00:00:00:06, { DataRate: 46, SignalStrength: 48, AntiFragility: 76}, IQ: 61]
       [Network #18, Technology = Wimax, Address = 02-06-00:00:00:00:00:15, { DataRate: 73, SignalStrength: 93, AntiFragility: 33}, IQ: 58]
       [Network #6, Technology = Wifi, Address = 02-06-00:00:00:00:00:08, { DataRate: 41, SignalStrength: 30, AntiFragility: 63}, IQ: 49]
       [Network #10, Technology = Wifi, Address = 02-06-00:00:00:00:00:0c, { DataRate: 28, SignalStrength: 87, AntiFragility: 21}, IQ: 39]
       [Network #16, Technology = Wifi, Address = 02-06-00:00:00:00:00:12, { DataRate: 14, SignalStrength: 29, AntiFragility: 54}, IQ: 37]
       [Network #5, Technology = Wifi, Address = 02-06-00:00:00:00:00:07, { DataRate: 2, SignalStrength: 77, AntiFragility: 23}, IQ: 31]
       [Network #12, Technology = Wifi, Address = 02-06-00:00:00:00:00:0e, { DataRate: 32, SignalStrength: 5, AntiFragility: 17}, IQ: 17]
140s ExecutionModule:Run(): Decision time => Seconds: 0, Miliseconds: 538
140s ExecutionModule:Run(): Handover time => Seconds: 0, Miliseconds: 202
140s ExecutionModule:Run(): Event: Horizontal Handover.
140s DeviceModule:MoveRandom(): New position: (64, 124)
140s DecisionModule:RemoveNetworkFromList(): Network: 5 out of range!
140s DecisionModule:RemoveNetworkFromList(): Network: 10 out of range!
140s DecisionModule:RemoveNetworkFromList(): Network: 19 out of range!
141s DeviceModule:MoveRandom(): New position: (64, 136)
141s DecisionModule:AddNetworkToList(): Network detected
142s DeviceModule:MoveRandom(): New position: (76, 136)
142s DecisionModule:AddNetworkToList(): Network detected
143s DeviceModule:MoveRandom(): New position: (76, 148)
143s DecisionModule:RemoveNetworkFromList(): Network: 19 out of range!
144s DeviceModule:MoveRandom(): New position: (76, 136)
144s DecisionModule:AddNetworkToList(): Network detected
145s DeviceModule:MoveRandom(): New position: (76, 148)
145s DecisionModule:RemoveNetworkFromList(): Network: 19 out of range!
146s DeviceModule:MoveRandom(): New position: (76, 136)
146s DecisionModule:AddNetworkToList(): Network detected
147s DeviceModule:MoveRandom(): New position: (76, 148)
147s DecisionModule:RemoveNetworkFromList(): Network: 19 out of range!
148s DeviceModule:MoveRandom(): New position: (76, 136)
148s DecisionModule:AddNetworkToList(): Network detected
149s DeviceModule:MoveRandom(): New position: (76, 148)
149s DecisionModule:RemoveNetworkFromList(): Network: 19 out of range!
150s DecisionModule:Run(): Run decision
150s DecisionModule:AnalyzingNetworks(): Current Network: 
       [Network #4, Technology = Wifi, Address = 02-06-00:00:00:00:00:06, { DataRate: 56, SignalStrength: 92, AntiFragility: 75}, IQ: 74]
150s DecisionModule:ShowAllNetworks(): All detected networks:
       [Network #4, Technology = Wifi, Address = 02-06-00:00:00:00:00:06, { DataRate: 56, SignalStrength: 92, AntiFragility: 75}, IQ: 74]
       [Network #3, Technology = Wifi, Address = 02-06-00:00:00:00:00:05, { DataRate: 99, SignalStrength: 73, AntiFragility: 55}, IQ: 70]
       [Network #16, Technology = Wifi, Address = 02-06-00:00:00:00:00:12, { DataRate: 75, SignalStrength: 26, AntiFragility: 66}, IQ: 58]
       [Network #11, Technology = Wifi, Address = 02-06-00:00:00:00:00:0d, { DataRate: 58, SignalStrength: 98, AntiFragility: 34}, IQ: 56]
       [Network #5, Technology = Wifi, Address = 02-06-00:00:00:00:00:07, { DataRate: 67, SignalStrength: 62, AntiFragility: 46}, IQ: 55]
       [Network #0, Technology = Wifi, Address = 02-06-00:00:00:00:00:02, { DataRate: 81, SignalStrength: 85, AntiFragility: 17}, IQ: 50]
       [Network #14, Technology = Wifi, Address = 02-06-00:00:00:00:00:10, { DataRate: 89, SignalStrength: 68, AntiFragility: 6}, IQ: 42]
       [Network #2, Technology = Wifi, Address = 02-06-00:00:00:00:00:04, { DataRate: 49, SignalStrength: 10, AntiFragility: 19}, IQ: 24]
       [Network #6, Technology = Wifi, Address = 02-06-00:00:00:00:00:08, { DataRate: 22, SignalStrength: 38, AntiFragility: 10}, IQ: 20]
       [Network #18, Technology = Wimax, Address = 02-06-00:00:00:00:00:15, { DataRate: 10, SignalStrength: 38, AntiFragility: 4}, IQ: 14]
       [Network #12, Technology = Wifi, Address = 02-06-00:00:00:00:00:0e, { DataRate: 40, SignalStrength: 4, AntiFragility: 5}, IQ: 13]
150s ExecutionModule:Run(): Decision time => Seconds: 0, Miliseconds: 216
150s ExecutionModule:Run(): Handover time => Seconds: 0, Miliseconds: 122
150s ExecutionModule:Run(): Event: Horizontal Handover.
150s DeviceModule:MoveRandom(): New position: (64, 148)
151s DeviceModule:MoveRandom(): New position: (64, 136)
152s DeviceModule:MoveRandom(): New position: (52, 136)
152s DecisionModule:RemoveNetworkFromList(): Network: 5 out of range!
153s DeviceModule:MoveRandom(): New position: (52, 148)
154s DeviceModule:MoveRandom(): New position: (64, 148)
154s DecisionModule:AddNetworkToList(): Network detected
155s DeviceModule:MoveRandom(): New position: (64, 160)
156s DeviceModule:MoveRandom(): New position: (52, 160)
156s DecisionModule:RemoveNetworkFromList(): Network: 5 out of range!
157s DeviceModule:MoveRandom(): New position: (52, 172)
158s DeviceModule:MoveRandom(): New position: (52, 160)
159s DeviceModule:MoveRandom(): New position: (52, 172)
160s DecisionModule:Run(): Run decision
160s DecisionModule:AnalyzingNetworks(): Current Network: 
       [Network #2, Technology = Wifi, Address = 02-06-00:00:00:00:00:04, { DataRate: 88, SignalStrength: 82, AntiFragility: 72}, IQ: 78]
160s DecisionModule:ShowAllNetworks(): All detected networks:
       [Network #2, Technology = Wifi, Address = 02-06-00:00:00:00:00:04, { DataRate: 88, SignalStrength: 82, AntiFragility: 72}, IQ: 78]
       [Network #11, Technology = Wifi, Address = 02-06-00:00:00:00:00:0d, { DataRate: 96, SignalStrength: 21, AntiFragility: 65}, IQ: 61]
       [Network #3, Technology = Wifi, Address = 02-06-00:00:00:00:00:05, { DataRate: 64, SignalStrength: 83, AntiFragility: 47}, IQ: 60]
       [Network #14, Technology = Wifi, Address = 02-06-00:00:00:00:00:10, { DataRate: 11, SignalStrength: 19, AntiFragility: 97}, IQ: 56]
       [Network #18, Technology = Wimax, Address = 02-06-00:00:00:00:00:15, { DataRate: 78, SignalStrength: 88, AntiFragility: 27}, IQ: 55]
       [Network #12, Technology = Wifi, Address = 02-06-00:00:00:00:00:0e, { DataRate: 49, SignalStrength: 84, AntiFragility: 27}, IQ: 46]
       [Network #16, Technology = Wifi, Address = 02-06-00:00:00:00:00:12, { DataRate: 5, SignalStrength: 47, AntiFragility: 58}, IQ: 42]
       [Network #6, Technology = Wifi, Address = 02-06-00:00:00:00:00:08, { DataRate: 23, SignalStrength: 29, AntiFragility: 48}, IQ: 37]
       [Network #4, Technology = Wifi, Address = 02-06-00:00:00:00:00:06, { DataRate: 53, SignalStrength: 16, AntiFragility: 21}, IQ: 27]
       [Network #0, Technology = Wifi, Address = 02-06-00:00:00:00:00:02, { DataRate: 18, SignalStrength: 26, AntiFragility: 6}, IQ: 14]
160s ExecutionModule:Run(): Decision time => Seconds: 0, Miliseconds: 210
160s ExecutionModule:Run(): Handover time => Seconds: 0, Miliseconds: 122
160s ExecutionModule:Run(): Event: Horizontal Handover.
160s DeviceModule:MoveRandom(): New position: (40, 172)
161s DeviceModule:MoveRandom(): New position: (40, 184)
161s DecisionModule:RemoveNetworkFromList(): Network: 0 out of range!
161s DecisionModule:RemoveNetworkFromList(): Network: 14 out of range!
161s DecisionModule:RemoveNetworkFromList(): Network: 18 out of range!
162s DeviceModule:MoveRandom(): New position: (28, 184)
163s DeviceModule:MoveRandom(): New position: (16, 184)
164s DeviceModule:MoveRandom(): New position: (16, 196)
164s DecisionModule:RemoveNetworkFromList(): Network: 4 out of range!
165s DeviceModule:MoveRandom(): New position: (16, 184)
165s DecisionModule:AddNetworkToList(): Network detected
166s DeviceModule:MoveRandom(): New position: (16, 172)
167s DeviceModule:MoveRandom(): New position: (16, 160)
168s DeviceModule:MoveRandom(): New position: (4, 160)
169s DeviceModule:MoveRandom(): New position: (4, 160)
170s DecisionModule:Run(): Run decision
170s DecisionModule:AnalyzingNetworks(): Current Network: 
       [Network #4, Technology = Wifi, Address = 02-06-00:00:00:00:00:06, { DataRate: 32, SignalStrength: 59, AntiFragility: 82}, IQ: 63]
170s DecisionModule:ShowAllNetworks(): All detected networks:
       [Network #4, Technology = Wifi, Address = 02-06-00:00:00:00:00:06, { DataRate: 32, SignalStrength: 59, AntiFragility: 82}, IQ: 63]
       [Network #6, Technology = Wifi, Address = 02-06-00:00:00:00:00:08, { DataRate: 83, SignalStrength: 78, AntiFragility: 39}, IQ: 59]
       [Network #12, Technology = Wifi, Address = 02-06-00:00:00:00:00:0e, { DataRate: 11, SignalStrength: 38, AntiFragility: 95}, IQ: 59]
       [Network #3, Technology = Wifi, Address = 02-06-00:00:00:00:00:05, { DataRate: 97, SignalStrength: 9, AntiFragility: 54}, IQ: 53]
       [Network #16, Technology = Wifi, Address = 02-06-00:00:00:00:00:12, { DataRate: 47, SignalStrength: 8, AntiFragility: 60}, IQ: 43]
       [Network #2, Technology = Wifi, Address = 02-06-00:00:00:00:00:04, { DataRate: 24, SignalStrength: 26, AntiFragility: 53}, IQ: 39]
       [Network #11, Technology = Wifi, Address = 02-06-00:00:00:00:00:0d, { DataRate: 99, SignalStrength: 4, AntiFragility: 7}, IQ: 29]
170s ExecutionModule:Run(): Decision time => Seconds: 0, Miliseconds: 208
170s ExecutionModule:Run(): Handover time => Seconds: 0, Miliseconds: 125
170s ExecutionModule:Run(): Event: Horizontal Handover.
170s DeviceModule:MoveRandom(): New position: (16, 160)
171s DeviceModule:MoveRandom(): New position: (28, 160)
171s DecisionModule:AddNetworkToList(): Network detected
171s DecisionModule:AddNetworkToList(): Network detected
171s DecisionModule:AddNetworkToList(): Network detected
172s DeviceModule:MoveRandom(): New position: (28, 148)
173s DeviceModule:MoveRandom(): New position: (16, 148)
174s DeviceModule:MoveRandom(): New position: (16, 160)
174s DecisionModule:RemoveNetworkFromList(): Network: 0 out of range!
174s DecisionModule:RemoveNetworkFromList(): Network: 14 out of range!
174s DecisionModule:RemoveNetworkFromList(): Network: 18 out of range!
175s DeviceModule:MoveRandom(): New position: (4, 160)
176s DeviceModule:MoveRandom(): New position: (16, 160)
177s DeviceModule:MoveRandom(): New position: (16, 172)
178s DeviceModule:MoveRandom(): New position: (4, 172)
178s ExecutionModule:OutOfRange(): OUT OF BETTER NETWORK! Choosing another network...
178s DecisionModule:RemoveNetworkFromList(): Network: 4 out of range!
178s DecisionModule:Run(): Run decision
178s DecisionModule:AnalyzingNetworks(): Current Network: 
       [Network #3, Technology = Wifi, Address = 02-06-00:00:00:00:00:05, { DataRate: 25, SignalStrength: 63, AntiFragility: 89}, IQ: 66]
178s DecisionModule:ShowAllNetworks(): All detected networks:
       [Network #3, Technology = Wifi, Address = 02-06-00:00:00:00:00:05, { DataRate: 25, SignalStrength: 63, AntiFragility: 89}, IQ: 66]
       [Network #2, Technology = Wifi, Address = 02-06-00:00:00:00:00:04, { DataRate: 10, SignalStrength: 48, AntiFragility: 79}, IQ: 54]
       [Network #6, Technology = Wifi, Address = 02-06-00:00:00:00:00:08, { DataRate: 20, SignalStrength: 46, AntiFragility: 68}, IQ: 50]
       [Network #11, Technology = Wifi, Address = 02-06-00:00:00:00:00:0d, { DataRate: 99, SignalStrength: 2, AntiFragility: 21}, IQ: 35]
       [Network #12, Technology = Wifi, Address = 02-06-00:00:00:00:00:0e, { DataRate: 64, SignalStrength: 34, AntiFragility: 10}, IQ: 29]
       [Network #16, Technology = Wifi, Address = 02-06-00:00:00:00:00:12, { DataRate: 31, SignalStrength: 7, AntiFragility: 35}, IQ: 27]
178s ExecutionModule:Run(): Decision time => Seconds: 0, Miliseconds: 130
178s ExecutionModule:Run(): Handover time => Seconds: 0, Miliseconds: 121
178s ExecutionModule:Run(): Event: Horizontal Handover.
179s DeviceModule:MoveRandom(): New position: (4, 160)
179s DecisionModule:AddNetworkToList(): Network detected
180s DecisionModule:Run(): Run decision
180s DecisionModule:AnalyzingNetworks(): Current Network: 
       [Network #2, Technology = Wifi, Address = 02-06-00:00:00:00:00:04, { DataRate: 17, SignalStrength: 85, AntiFragility: 70}, IQ: 60]
180s DecisionModule:ShowAllNetworks(): All detected networks:
       [Network #2, Technology = Wifi, Address = 02-06-00:00:00:00:00:04, { DataRate: 17, SignalStrength: 85, AntiFragility: 70}, IQ: 60]
       [Network #4, Technology = Wifi, Address = 02-06-00:00:00:00:00:06, { DataRate: 97, SignalStrength: 48, AntiFragility: 40}, IQ: 56]
       [Network #16, Technology = Wifi, Address = 02-06-00:00:00:00:00:12, { DataRate: 68, SignalStrength: 69, AntiFragility: 33}, IQ: 50]
       [Network #3, Technology = Wifi, Address = 02-06-00:00:00:00:00:05, { DataRate: 25, SignalStrength: 15, AntiFragility: 81}, IQ: 50]
       [Network #6, Technology = Wifi, Address = 02-06-00:00:00:00:00:08, { DataRate: 33, SignalStrength: 9, AntiFragility: 61}, IQ: 41]
       [Network #12, Technology = Wifi, Address = 02-06-00:00:00:00:00:0e, { DataRate: 94, SignalStrength: 29, AntiFragility: 18}, IQ: 39]
       [Network #11, Technology = Wifi, Address = 02-06-00:00:00:00:00:0d, { DataRate: 37, SignalStrength: 13, AntiFragility: 43}, IQ: 34]
180s ExecutionModule:Run(): Decision time => Seconds: 0, Miliseconds: 186
180s ExecutionModule:Run(): Handover time => Seconds: 0, Miliseconds: 120
180s ExecutionModule:Run(): Event: Horizontal Handover.
180s DeviceModule:MoveRandom(): New position: (4, 148)
181s DeviceModule:MoveRandom(): New position: (16, 148)
181s DecisionModule:AddNetworkToList(): Network detected
181s DecisionModule:AddNetworkToList(): Network detected
181s DecisionModule:AddNetworkToList(): Network detected
182s DeviceModule:MoveRandom(): New position: (4, 148)
182s DecisionModule:RemoveNetworkFromList(): Network: 0 out of range!
182s DecisionModule:RemoveNetworkFromList(): Network: 14 out of range!
182s DecisionModule:RemoveNetworkFromList(): Network: 18 out of range!
183s DeviceModule:MoveRandom(): New position: (16, 148)
183s DecisionModule:AddNetworkToList(): Network detected
183s DecisionModule:AddNetworkToList(): Network detected
183s DecisionModule:AddNetworkToList(): Network detected
184s DeviceModule:MoveRandom(): New position: (28, 148)
185s DeviceModule:MoveRandom(): New position: (40, 148)
186s DeviceModule:MoveRandom(): New position: (28, 148)
187s DeviceModule:MoveRandom(): New position: (16, 148)
188s DeviceModule:MoveRandom(): New position: (4, 148)
188s DecisionModule:RemoveNetworkFromList(): Network: 0 out of range!
188s DecisionModule:RemoveNetworkFromList(): Network: 14 out of range!
188s DecisionModule:RemoveNetworkFromList(): Network: 18 out of range!
189s DeviceModule:MoveRandom(): New position: (16, 148)
189s DecisionModule:AddNetworkToList(): Network detected
189s DecisionModule:AddNetworkToList(): Network detected
189s DecisionModule:AddNetworkToList(): Network detected
190s DecisionModule:Run(): Run decision
190s DecisionModule:AnalyzingNetworks(): Current Network: 
       [Network #0, Technology = Wifi, Address = 02-06-00:00:00:00:00:02, { DataRate: 70, SignalStrength: 57, AntiFragility: 88}, IQ: 75]
190s DecisionModule:ShowAllNetworks(): All detected networks:
       [Network #0, Technology = Wifi, Address = 02-06-00:00:00:00:00:02, { DataRate: 70, SignalStrength: 57, AntiFragility: 88}, IQ: 75]
       [Network #11, Technology = Wifi, Address = 02-06-00:00:00:00:00:0d, { DataRate: 93, SignalStrength: 85, AntiFragility: 47}, IQ: 68]
       [Network #4, Technology = Wifi, Address = 02-06-00:00:00:00:00:06, { DataRate: 82, SignalStrength: 54, AntiFragility: 58}, IQ: 63]
       [Network #12, Technology = Wifi, Address = 02-06-00:00:00:00:00:0e, { DataRate: 52, SignalStrength: 21, AntiFragility: 63}, IQ: 49]
       [Network #14, Technology = Wifi, Address = 02-06-00:00:00:00:00:10, { DataRate: 47, SignalStrength: 10, AntiFragility: 67}, IQ: 47]
       [Network #2, Technology = Wifi, Address = 02-06-00:00:00:00:00:04, { DataRate: 61, SignalStrength: 36, AntiFragility: 39}, IQ: 43]
       [Network #6, Technology = Wifi, Address = 02-06-00:00:00:00:00:08, { DataRate: 80, SignalStrength: 50, AntiFragility: 9}, IQ: 37]
       [Network #3, Technology = Wifi, Address = 02-06-00:00:00:00:00:05, { DataRate: 42, SignalStrength: 78, AntiFragility: 10}, IQ: 35]
       [Network #16, Technology = Wifi, Address = 02-06-00:00:00:00:00:12, { DataRate: 1, SignalStrength: 38, AntiFragility: 48}, IQ: 33]
       [Network #18, Technology = Wimax, Address = 02-06-00:00:00:00:00:15, { DataRate: 21, SignalStrength: 9, AntiFragility: 52}, IQ: 33]
190s ExecutionModule:Run(): Decision time => Seconds: 0, Miliseconds: 500
190s ExecutionModule:Run(): Handover time => Seconds: 0, Miliseconds: 133
190s ExecutionModule:Run(): Event: Horizontal Handover.
190s DeviceModule:MoveRandom(): New position: (16, 136)
191s DeviceModule:MoveRandom(): New position: (16, 124)
192s DeviceModule:MoveRandom(): New position: (16, 136)
193s DeviceModule:MoveRandom(): New position: (16, 124)
194s DeviceModule:MoveRandom(): New position: (16, 136)
195s DeviceModule:MoveRandom(): New position: (16, 148)
196s DeviceModule:MoveRandom(): New position: (16, 160)
196s ExecutionModule:OutOfRange(): OUT OF BETTER NETWORK! Choosing another network...
196s DecisionModule:RemoveNetworkFromList(): Network: 0 out of range!
196s DecisionModule:Run(): Run decision
196s DecisionModule:AnalyzingNetworks(): Current Network: 
       [Network #16, Technology = Wifi, Address = 02-06-00:00:00:00:00:12, { DataRate: 99, SignalStrength: 48, AntiFragility: 81}, IQ: 77]
196s DecisionModule:ShowAllNetworks(): All detected networks:
       [Network #16, Technology = Wifi, Address = 02-06-00:00:00:00:00:12, { DataRate: 99, SignalStrength: 48, AntiFragility: 81}, IQ: 77]
       [Network #2, Technology = Wifi, Address = 02-06-00:00:00:00:00:04, { DataRate: 72, SignalStrength: 87, AntiFragility: 67}, IQ: 73]
       [Network #4, Technology = Wifi, Address = 02-06-00:00:00:00:00:06, { DataRate: 24, SignalStrength: 45, AntiFragility: 83}, IQ: 58]
       [Network #12, Technology = Wifi, Address = 02-06-00:00:00:00:00:0e, { DataRate: 99, SignalStrength: 11, AntiFragility: 49}, IQ: 52]
       [Network #18, Technology = Wimax, Address = 02-06-00:00:00:00:00:15, { DataRate: 80, SignalStrength: 48, AntiFragility: 33}, IQ: 48]
       [Network #11, Technology = Wifi, Address = 02-06-00:00:00:00:00:0d, { DataRate: 84, SignalStrength: 50, AntiFragility: 27}, IQ: 47]
       [Network #3, Technology = Wifi, Address = 02-06-00:00:00:00:00:05, { DataRate: 78, SignalStrength: 39, AntiFragility: 37}, IQ: 47]
       [Network #6, Technology = Wifi, Address = 02-06-00:00:00:00:00:08, { DataRate: 9, SignalStrength: 3, AntiFragility: 63}, IQ: 34]
       [Network #14, Technology = Wifi, Address = 02-06-00:00:00:00:00:10, { DataRate: 8, SignalStrength: 49, AntiFragility: 41}, IQ: 34]
196s ExecutionModule:Run(): Decision time => Seconds: 0, Miliseconds: 174
196s ExecutionModule:Run(): Handover time => Seconds: 0, Miliseconds: 122
196s ExecutionModule:Run(): Event: Horizontal Handover.
196s DecisionModule:RemoveNetworkFromList(): Network: 14 out of range!
196s DecisionModule:RemoveNetworkFromList(): Network: 18 out of range!
197s DeviceModule:MoveRandom(): New position: (4, 160)
198s DeviceModule:MoveRandom(): New position: (4, 172)
198s DecisionModule:RemoveNetworkFromList(): Network: 4 out of range!
199s DeviceModule:MoveRandom(): New position: (4, 160)
199s DecisionModule:AddNetworkToList(): Network detected
