Waf: Entering directory `/home/renan/Documents/NR2/ns-allinone-3.20/ns-3.20/build'
Waf: Leaving directory `/home/renan/Documents/NR2/ns-allinone-3.20/ns-3.20/build'
'build' finished successfully (1.916s)
0s NetworkModule:SetPosition(): Network 0 set position => (64, 153)
0s NetworkModule:SetRange(): Network 0 set range => 100
0s NetworkModule:SetPosition(): Network 1 set position => (19, 18)
0s NetworkModule:SetRange(): Network 1 set range => 100
0s NetworkModule:SetPosition(): Network 2 set position => (44, 121)
0s NetworkModule:SetRange(): Network 2 set range => 100
0s NetworkModule:SetPosition(): Network 3 set position => (13, 8)
0s NetworkModule:SetRange(): Network 3 set range => 100
0s NetworkModule:SetPosition(): Network 4 set position => (176, 6)
0s NetworkModule:SetRange(): Network 4 set range => 100
0s NetworkModule:SetPosition(): Network 5 set position => (94, 94)
0s NetworkModule:SetRange(): Network 5 set range => 100
0s NetworkModule:SetPosition(): Network 6 set position => (99, 173)
0s NetworkModule:SetRange(): Network 6 set range => 100
0s NetworkModule:SetPosition(): Network 7 set position => (103, 133)
0s NetworkModule:SetRange(): Network 7 set range => 100
0s NetworkModule:SetPosition(): Network 8 set position => (88, 78)
0s NetworkModule:SetRange(): Network 8 set range => 100
0s NetworkModule:SetPosition(): Network 9 set position => (127, 145)
0s NetworkModule:SetRange(): Network 9 set range => 100
0s NetworkModule:SetPosition(): Network 10 set position => (91, 188)
0s NetworkModule:SetRange(): Network 10 set range => 100
0s NetworkModule:SetPosition(): Network 11 set position => (199, 168)
0s NetworkModule:SetRange(): Network 11 set range => 100
0s NetworkModule:SetPosition(): Network 12 set position => (102, 141)
0s NetworkModule:SetRange(): Network 12 set range => 100
0s NetworkModule:SetPosition(): Network 13 set position => (148, 19)
0s NetworkModule:SetRange(): Network 13 set range => 100
0s NetworkModule:SetPosition(): Network 14 set position => (144, 134)
0s NetworkModule:SetRange(): Network 14 set range => 100
0s NetworkModule:SetPosition(): Network 15 set position => (87, 169)
0s NetworkModule:SetRange(): Network 15 set range => 100
0s NetworkModule:SetPosition(): Network 16 set position => (187, 8)
0s NetworkModule:SetRange(): Network 16 set range => 100
0s NetworkModule:SetPosition(): Network 17 set position => (81, 106)
0s NetworkModule:SetRange(): Network 17 set range => 100
0s NetworkModule:SetPosition(): Network 18 set position => (114, 184)
0s NetworkModule:SetRange(): Network 18 set range => 100
0s NetworkModule:SetPosition(): Network 19 set position => (190, 46)
0s NetworkModule:SetRange(): Network 19 set range => 100
0s DeviceModule:ConfigureMobility(): Device [init x = 100, init y = 100, max = 200, velocity = 12]
1s DeviceModule:MoveRandom(): New position: (112, 100)
1s DecisionModule:AddNetworkToList(): Network detected
1s DecisionModule:AddNetworkToList(): Network detected
1s DecisionModule:AddNetworkToList(): Network detected
1s DecisionModule:AddNetworkToList(): Network detected
1s DecisionModule:AddNetworkToList(): Network detected
1s DecisionModule:AddNetworkToList(): Network detected
1s DecisionModule:AddNetworkToList(): Network detected
1s DecisionModule:AddNetworkToList(): Network detected
1s DecisionModule:AddNetworkToList(): Network detected
1s DecisionModule:AddNetworkToList(): Network detected
1s DecisionModule:AddNetworkToList(): Network detected
1s DecisionModule:AddNetworkToList(): Network detected
1s DecisionModule:AddNetworkToList(): Network detected
1s DecisionModule:AddNetworkToList(): Network detected
1s DecisionModule:AddNetworkToList(): Network detected
2s DeviceModule:MoveRandom(): New position: (112, 88)
2s DecisionModule:RemoveNetworkFromList(): Network: 10 out of range!
3s DeviceModule:MoveRandom(): New position: (124, 88)
3s DecisionModule:AddNetworkToList(): Network detected
4s DeviceModule:MoveRandom(): New position: (136, 88)
4s DecisionModule:AddNetworkToList(): Network detected
5s DeviceModule:MoveRandom(): New position: (148, 88)
5s DecisionModule:RemoveNetworkFromList(): Network: 0 out of range!
5s DecisionModule:RemoveNetworkFromList(): Network: 2 out of range!
5s DecisionModule:AddNetworkToList(): Network detected
5s DecisionModule:RemoveNetworkFromList(): Network: 15 out of range!
5s DecisionModule:RemoveNetworkFromList(): Network: 18 out of range!
6s DeviceModule:MoveRandom(): New position: (160, 88)
6s DecisionModule:RemoveNetworkFromList(): Network: 6 out of range!
7s DeviceModule:MoveRandom(): New position: (148, 88)
7s DecisionModule:AddNetworkToList(): Network detected
8s DeviceModule:MoveRandom(): New position: (148, 100)
8s DecisionModule:AddNetworkToList(): Network detected
8s DecisionModule:AddNetworkToList(): Network detected
8s DecisionModule:AddNetworkToList(): Network detected
9s DeviceModule:MoveRandom(): New position: (160, 100)
9s DecisionModule:RemoveNetworkFromList(): Network: 0 out of range!
10s DecisionModule:Run(): Run decision
10s DecisionModule:AnalyzingNetworks(): Current Network: 
       [Network #19, Technology = Wimax, Address = 02-06-00:00:00:00:00:16, { DataRate: 88, SignalStrength: 94, AntiFragility: 65}, IQ: 78]
10s DecisionModule:ShowAllNetworks(): All detected networks:
       [Network #19, Technology = Wimax, Address = 02-06-00:00:00:00:00:16, { DataRate: 88, SignalStrength: 94, AntiFragility: 65}, IQ: 78]
       [Network #7, Technology = Wifi, Address = 02-06-00:00:00:00:00:09, { DataRate: 79, SignalStrength: 93, AntiFragility: 45}, IQ: 65]
       [Network #13, Technology = Wifi, Address = 02-06-00:00:00:00:00:0f, { DataRate: 17, SignalStrength: 44, AntiFragility: 94}, IQ: 62]
       [Network #6, Technology = Wifi, Address = 02-06-00:00:00:00:00:08, { DataRate: 97, SignalStrength: 93, AntiFragility: 30}, IQ: 62]
       [Network #9, Technology = Wifi, Address = 02-06-00:00:00:00:00:0b, { DataRate: 62, SignalStrength: 96, AntiFragility: 43}, IQ: 61]
       [Network #5, Technology = Wifi, Address = 02-06-00:00:00:00:00:07, { DataRate: 70, SignalStrength: 66, AntiFragility: 52}, IQ: 60]
       [Network #17, Technology = Wifi, Address = 02-06-00:00:00:00:00:13, { DataRate: 61, SignalStrength: 4, AntiFragility: 84}, IQ: 58]
       [Network #8, Technology = Wifi, Address = 02-06-00:00:00:00:00:0a, { DataRate: 64, SignalStrength: 18, AntiFragility: 73}, IQ: 57]
       [Network #11, Technology = Wifi, Address = 02-06-00:00:00:00:00:0d, { DataRate: 72, SignalStrength: 40, AntiFragility: 59}, IQ: 57]
       [Network #15, Technology = Wifi, Address = 02-06-00:00:00:00:00:11, { DataRate: 72, SignalStrength: 74, AntiFragility: 22}, IQ: 47]
       [Network #14, Technology = Wifi, Address = 02-06-00:00:00:00:00:10, { DataRate: 85, SignalStrength: 22, AntiFragility: 37}, IQ: 45]
       [Network #16, Technology = Wifi, Address = 02-06-00:00:00:00:00:12, { DataRate: 90, SignalStrength: 35, AntiFragility: 26}, IQ: 44]
       [Network #18, Technology = Wimax, Address = 02-06-00:00:00:00:00:15, { DataRate: 15, SignalStrength: 29, AntiFragility: 43}, IQ: 32]
       [Network #4, Technology = Wifi, Address = 02-06-00:00:00:00:00:06, { DataRate: 22, SignalStrength: 25, AntiFragility: 18}, IQ: 20]
       [Network #12, Technology = Wifi, Address = 02-06-00:00:00:00:00:0e, { DataRate: 37, SignalStrength: 6, AntiFragility: 19}, IQ: 20]
10s DeviceModule:MoveRandom(): New position: (160, 88)
10s DecisionModule:RemoveNetworkFromList(): Network: 6 out of range!
10s DecisionModule:RemoveNetworkFromList(): Network: 15 out of range!
10s DecisionModule:RemoveNetworkFromList(): Network: 18 out of range!
11s DeviceModule:MoveRandom(): New position: (160, 100)
11s DecisionModule:AddNetworkToList(): Network detected
11s DecisionModule:AddNetworkToList(): Network detected
11s DecisionModule:AddNetworkToList(): Network detected
12s DeviceModule:MoveRandom(): New position: (160, 88)
12s DecisionModule:RemoveNetworkFromList(): Network: 6 out of range!
12s DecisionModule:RemoveNetworkFromList(): Network: 15 out of range!
12s DecisionModule:RemoveNetworkFromList(): Network: 18 out of range!
13s DeviceModule:MoveRandom(): New position: (172, 88)
14s DeviceModule:MoveRandom(): New position: (172, 76)
15s DeviceModule:MoveRandom(): New position: (172, 88)
16s DeviceModule:MoveRandom(): New position: (184, 88)
16s DecisionModule:RemoveNetworkFromList(): Network: 17 out of range!
17s DeviceModule:MoveRandom(): New position: (172, 88)
17s DecisionModule:AddNetworkToList(): Network detected
18s DeviceModule:MoveRandom(): New position: (160, 88)
19s DeviceModule:MoveRandom(): New position: (160, 76)
20s DecisionModule:Run(): Run decision
20s DecisionModule:AnalyzingNetworks(): Current Network: 
       [Network #5, Technology = Wifi, Address = 02-06-00:00:00:00:00:07, { DataRate: 43, SignalStrength: 48, AntiFragility: 77}, IQ: 61]
20s DecisionModule:ShowAllNetworks(): All detected networks:
       [Network #5, Technology = Wifi, Address = 02-06-00:00:00:00:00:07, { DataRate: 43, SignalStrength: 48, AntiFragility: 77}, IQ: 61]
       [Network #19, Technology = Wimax, Address = 02-06-00:00:00:00:00:16, { DataRate: 63, SignalStrength: 13, AntiFragility: 82}, IQ: 60]
       [Network #17, Technology = Wifi, Address = 02-06-00:00:00:00:00:13, { DataRate: 82, SignalStrength: 32, AntiFragility: 58}, IQ: 57]
       [Network #16, Technology = Wifi, Address = 02-06-00:00:00:00:00:12, { DataRate: 47, SignalStrength: 51, AntiFragility: 52}, IQ: 50]
       [Network #7, Technology = Wifi, Address = 02-06-00:00:00:00:00:09, { DataRate: 87, SignalStrength: 53, AntiFragility: 28}, IQ: 49]
       [Network #4, Technology = Wifi, Address = 02-06-00:00:00:00:00:06, { DataRate: 99, SignalStrength: 70, AntiFragility: 3}, IQ: 43]
       [Network #11, Technology = Wifi, Address = 02-06-00:00:00:00:00:0d, { DataRate: 15, SignalStrength: 81, AntiFragility: 29}, IQ: 38]
       [Network #9, Technology = Wifi, Address = 02-06-00:00:00:00:00:0b, { DataRate: 36, SignalStrength: 24, AntiFragility: 47}, IQ: 38]
       [Network #13, Technology = Wifi, Address = 02-06-00:00:00:00:00:0f, { DataRate: 34, SignalStrength: 41, AntiFragility: 27}, IQ: 32]
       [Network #12, Technology = Wifi, Address = 02-06-00:00:00:00:00:0e, { DataRate: 27, SignalStrength: 79, AntiFragility: 10}, IQ: 31]
       [Network #8, Technology = Wifi, Address = 02-06-00:00:00:00:00:0a, { DataRate: 82, SignalStrength: 16, AntiFragility: 10}, IQ: 29]
       [Network #14, Technology = Wifi, Address = 02-06-00:00:00:00:00:10, { DataRate: 68, SignalStrength: 4, AntiFragility: 19}, IQ: 27]
20s ExecutionModule:Run(): Decision time => Seconds: 0, Miliseconds: 226
20s ExecutionModule:Run(): Handover time => Seconds: 0, Miliseconds: 272
20s ExecutionModule:Run(): Event: Vertical Handover.
20s DeviceModule:MoveRandom(): New position: (148, 76)
20s DecisionModule:RemoveNetworkFromList(): Network: 11 out of range!
21s DeviceModule:MoveRandom(): New position: (136, 76)
22s DeviceModule:MoveRandom(): New position: (148, 76)
23s DeviceModule:MoveRandom(): New position: (136, 76)
24s DeviceModule:MoveRandom(): New position: (124, 76)
24s DecisionModule:AddNetworkToList(): Network detected
24s DecisionModule:AddNetworkToList(): Network detected
24s DecisionModule:AddNetworkToList(): Network detected
24s DecisionModule:AddNetworkToList(): Network detected
25s DeviceModule:MoveRandom(): New position: (112, 76)
25s DecisionModule:RemoveNetworkFromList(): Network: 16 out of range!
26s DeviceModule:MoveRandom(): New position: (100, 76)
26s DecisionModule:AddNetworkToList(): Network detected
26s DecisionModule:RemoveNetworkFromList(): Network: 4 out of range!
27s DeviceModule:MoveRandom(): New position: (112, 76)
27s DecisionModule:RemoveNetworkFromList(): Network: 1 out of range!
27s DecisionModule:AddNetworkToList(): Network detected
28s DeviceModule:MoveRandom(): New position: (100, 76)
28s DecisionModule:AddNetworkToList(): Network detected
28s DecisionModule:RemoveNetworkFromList(): Network: 4 out of range!
29s DeviceModule:MoveRandom(): New position: (100, 64)
29s DecisionModule:AddNetworkToList(): Network detected
29s DecisionModule:RemoveNetworkFromList(): Network: 6 out of range!
29s DecisionModule:RemoveNetworkFromList(): Network: 15 out of range!
30s DecisionModule:Run(): Run decision
30s DecisionModule:AnalyzingNetworks(): Current Network: 
       [Network #9, Technology = Wifi, Address = 02-06-00:00:00:00:00:0b, { DataRate: 91, SignalStrength: 90, AntiFragility: 89}, IQ: 89]
30s DecisionModule:ShowAllNetworks(): All detected networks:
       [Network #9, Technology = Wifi, Address = 02-06-00:00:00:00:00:0b, { DataRate: 91, SignalStrength: 90, AntiFragility: 89}, IQ: 89]
       [Network #0, Technology = Wifi, Address = 02-06-00:00:00:00:00:02, { DataRate: 96, SignalStrength: 93, AntiFragility: 46}, IQ: 70]
       [Network #2, Technology = Wifi, Address = 02-06-00:00:00:00:00:04, { DataRate: 92, SignalStrength: 35, AntiFragility: 76}, IQ: 69]
       [Network #13, Technology = Wifi, Address = 02-06-00:00:00:00:00:0f, { DataRate: 54, SignalStrength: 29, AntiFragility: 93}, IQ: 67]
       [Network #17, Technology = Wifi, Address = 02-06-00:00:00:00:00:13, { DataRate: 44, SignalStrength: 42, AntiFragility: 78}, IQ: 60]
       [Network #12, Technology = Wifi, Address = 02-06-00:00:00:00:00:0e, { DataRate: 45, SignalStrength: 48, AntiFragility: 72}, IQ: 59]
       [Network #1, Technology = Wifi, Address = 02-06-00:00:00:00:00:03, { DataRate: 32, SignalStrength: 12, AntiFragility: 86}, IQ: 54]
       [Network #8, Technology = Wifi, Address = 02-06-00:00:00:00:00:0a, { DataRate: 16, SignalStrength: 14, AntiFragility: 79}, IQ: 47]
       [Network #19, Technology = Wimax, Address = 02-06-00:00:00:00:00:16, { DataRate: 28, SignalStrength: 27, AntiFragility: 67}, IQ: 47]
       [Network #4, Technology = Wifi, Address = 02-06-00:00:00:00:00:06, { DataRate: 18, SignalStrength: 26, AntiFragility: 53}, IQ: 37]
       [Network #5, Technology = Wifi, Address = 02-06-00:00:00:00:00:07, { DataRate: 70, SignalStrength: 65, AntiFragility: 6}, IQ: 36]
       [Network #7, Technology = Wifi, Address = 02-06-00:00:00:00:00:09, { DataRate: 33, SignalStrength: 14, AntiFragility: 15}, IQ: 19]
       [Network #14, Technology = Wifi, Address = 02-06-00:00:00:00:00:10, { DataRate: 3, SignalStrength: 65, AntiFragility: 3}, IQ: 18]
30s ExecutionModule:Run(): Decision time => Seconds: 0, Miliseconds: 248
30s ExecutionModule:Run(): Handover time => Seconds: 0, Miliseconds: 122
30s ExecutionModule:Run(): Event: Horizontal Handover.
30s DeviceModule:MoveRandom(): New position: (100, 76)
30s DecisionModule:RemoveNetworkFromList(): Network: 4 out of range!
30s DecisionModule:AddNetworkToList(): Network detected
30s DecisionModule:AddNetworkToList(): Network detected
31s DeviceModule:MoveRandom(): New position: (100, 64)
31s DecisionModule:AddNetworkToList(): Network detected
31s DecisionModule:RemoveNetworkFromList(): Network: 6 out of range!
31s DecisionModule:RemoveNetworkFromList(): Network: 15 out of range!
32s DeviceModule:MoveRandom(): New position: (100, 52)
32s DecisionModule:RemoveNetworkFromList(): Network: 0 out of range!
32s DecisionModule:AddNetworkToList(): Network detected
32s DecisionModule:AddNetworkToList(): Network detected
33s DeviceModule:MoveRandom(): New position: (88, 52)
33s DecisionModule:RemoveNetworkFromList(): Network: 16 out of range!
33s DecisionModule:RemoveNetworkFromList(): Network: 19 out of range!
34s DeviceModule:MoveRandom(): New position: (100, 52)
34s DecisionModule:AddNetworkToList(): Network detected
34s DecisionModule:AddNetworkToList(): Network detected
35s DeviceModule:MoveRandom(): New position: (88, 52)
35s DecisionModule:RemoveNetworkFromList(): Network: 16 out of range!
35s DecisionModule:RemoveNetworkFromList(): Network: 19 out of range!
36s DeviceModule:MoveRandom(): New position: (88, 40)
36s ExecutionModule:OutOfRange(): OUT OF BETTER NETWORK! Choosing another network...
36s DecisionModule:RemoveNetworkFromList(): Network: 9 out of range!
36s DecisionModule:Run(): Run decision
36s DecisionModule:AnalyzingNetworks(): Current Network: 
       [Network #1, Technology = Wifi, Address = 02-06-00:00:00:00:00:03, { DataRate: 34, SignalStrength: 94, AntiFragility: 97}, IQ: 80]
36s DecisionModule:ShowAllNetworks(): All detected networks:
       [Network #1, Technology = Wifi, Address = 02-06-00:00:00:00:00:03, { DataRate: 34, SignalStrength: 94, AntiFragility: 97}, IQ: 80]
       [Network #3, Technology = Wifi, Address = 02-06-00:00:00:00:00:05, { DataRate: 78, SignalStrength: 97, AntiFragility: 43}, IQ: 65]
       [Network #8, Technology = Wifi, Address = 02-06-00:00:00:00:00:0a, { DataRate: 42, SignalStrength: 72, AntiFragility: 62}, IQ: 59]
       [Network #12, Technology = Wifi, Address = 02-06-00:00:00:00:00:0e, { DataRate: 34, SignalStrength: 27, AntiFragility: 82}, IQ: 56]
       [Network #4, Technology = Wifi, Address = 02-06-00:00:00:00:00:06, { DataRate: 18, SignalStrength: 34, AntiFragility: 85}, IQ: 55]
       [Network #2, Technology = Wifi, Address = 02-06-00:00:00:00:00:04, { DataRate: 82, SignalStrength: 15, AntiFragility: 59}, IQ: 53]
       [Network #13, Technology = Wifi, Address = 02-06-00:00:00:00:00:0f, { DataRate: 20, SignalStrength: 90, AntiFragility: 31}, IQ: 43]
       [Network #14, Technology = Wifi, Address = 02-06-00:00:00:00:00:10, { DataRate: 23, SignalStrength: 55, AntiFragility: 48}, IQ: 43]
       [Network #7, Technology = Wifi, Address = 02-06-00:00:00:00:00:09, { DataRate: 33, SignalStrength: 54, AntiFragility: 35}, IQ: 39]
       [Network #17, Technology = Wifi, Address = 02-06-00:00:00:00:00:13, { DataRate: 46, SignalStrength: 29, AntiFragility: 24}, IQ: 30]
       [Network #5, Technology = Wifi, Address = 02-06-00:00:00:00:00:07, { DataRate: 2, SignalStrength: 42, AntiFragility: 33}, IQ: 27]
36s ExecutionModule:Run(): Decision time => Seconds: 0, Miliseconds: 187
36s ExecutionModule:Run(): Handover time => Seconds: 0, Miliseconds: 119
36s ExecutionModule:Run(): Event: Horizontal Handover.
36s DecisionModule:RemoveNetworkFromList(): Network: 12 out of range!
36s DecisionModule:RemoveNetworkFromList(): Network: 14 out of range!
37s DeviceModule:MoveRandom(): New position: (100, 40)
37s DecisionModule:AddNetworkToList(): Network detected
37s DecisionModule:AddNetworkToList(): Network detected
38s DeviceModule:MoveRandom(): New position: (100, 52)
38s DecisionModule:AddNetworkToList(): Network detected
38s DecisionModule:AddNetworkToList(): Network detected
38s DecisionModule:AddNetworkToList(): Network detected
39s DeviceModule:MoveRandom(): New position: (88, 52)
39s DecisionModule:RemoveNetworkFromList(): Network: 16 out of range!
39s DecisionModule:RemoveNetworkFromList(): Network: 19 out of range!
40s DecisionModule:Run(): Run decision
40s DecisionModule:AnalyzingNetworks(): Current Network: 
       [Network #3, Technology = Wifi, Address = 02-06-00:00:00:00:00:05, { DataRate: 91, SignalStrength: 78, AntiFragility: 90}, IQ: 87]
40s DecisionModule:ShowAllNetworks(): All detected networks:
       [Network #3, Technology = Wifi, Address = 02-06-00:00:00:00:00:05, { DataRate: 91, SignalStrength: 78, AntiFragility: 90}, IQ: 87]
       [Network #12, Technology = Wifi, Address = 02-06-00:00:00:00:00:0e, { DataRate: 29, SignalStrength: 45, AntiFragility: 99}, IQ: 68]
       [Network #7, Technology = Wifi, Address = 02-06-00:00:00:00:00:09, { DataRate: 59, SignalStrength: 86, AntiFragility: 59}, IQ: 65]
       [Network #9, Technology = Wifi, Address = 02-06-00:00:00:00:00:0b, { DataRate: 4, SignalStrength: 85, AntiFragility: 76}, IQ: 60]
       [Network #8, Technology = Wifi, Address = 02-06-00:00:00:00:00:0a, { DataRate: 73, SignalStrength: 8, AntiFragility: 70}, IQ: 55]
       [Network #13, Technology = Wifi, Address = 02-06-00:00:00:00:00:0f, { DataRate: 48, SignalStrength: 81, AntiFragility: 40}, IQ: 52]
       [Network #14, Technology = Wifi, Address = 02-06-00:00:00:00:00:10, { DataRate: 45, SignalStrength: 73, AntiFragility: 44}, IQ: 51]
       [Network #5, Technology = Wifi, Address = 02-06-00:00:00:00:00:07, { DataRate: 64, SignalStrength: 28, AntiFragility: 45}, IQ: 45]
       [Network #4, Technology = Wifi, Address = 02-06-00:00:00:00:00:06, { DataRate: 4, SignalStrength: 78, AntiFragility: 40}, IQ: 40]
       [Network #2, Technology = Wifi, Address = 02-06-00:00:00:00:00:04, { DataRate: 78, SignalStrength: 59, AntiFragility: 7}, IQ: 37]
       [Network #17, Technology = Wifi, Address = 02-06-00:00:00:00:00:13, { DataRate: 19, SignalStrength: 63, AntiFragility: 12}, IQ: 26]
       [Network #1, Technology = Wifi, Address = 02-06-00:00:00:00:00:03, { DataRate: 5, SignalStrength: 49, AntiFragility: 18}, IQ: 22]
40s ExecutionModule:Run(): Decision time => Seconds: 0, Miliseconds: 517
40s ExecutionModule:Run(): Handover time => Seconds: 0, Miliseconds: 134
40s ExecutionModule:Run(): Event: Horizontal Handover.
40s DeviceModule:MoveRandom(): New position: (100, 52)
40s DecisionModule:AddNetworkToList(): Network detected
40s DecisionModule:AddNetworkToList(): Network detected
41s DeviceModule:MoveRandom(): New position: (100, 64)
41s DecisionModule:AddNetworkToList(): Network detected
41s ExecutionModule:OutOfRange(): OUT OF BETTER NETWORK! Choosing another network...
41s DecisionModule:RemoveNetworkFromList(): Network: 3 out of range!
41s DecisionModule:Run(): Run decision
41s DecisionModule:AnalyzingNetworks(): Current Network: 
       [Network #5, Technology = Wifi, Address = 02-06-00:00:00:00:00:07, { DataRate: 91, SignalStrength: 5, AntiFragility: 98}, IQ: 73]
41s DecisionModule:ShowAllNetworks(): All detected networks:
       [Network #5, Technology = Wifi, Address = 02-06-00:00:00:00:00:07, { DataRate: 91, SignalStrength: 5, AntiFragility: 98}, IQ: 73]
       [Network #7, Technology = Wifi, Address = 02-06-00:00:00:00:00:09, { DataRate: 67, SignalStrength: 87, AntiFragility: 67}, IQ: 72]
       [Network #16, Technology = Wifi, Address = 02-06-00:00:00:00:00:12, { DataRate: 95, SignalStrength: 53, AntiFragility: 52}, IQ: 63]
       [Network #1, Technology = Wifi, Address = 02-06-00:00:00:00:00:03, { DataRate: 79, SignalStrength: 86, AntiFragility: 33}, IQ: 57]
       [Network #12, Technology = Wifi, Address = 02-06-00:00:00:00:00:0e, { DataRate: 17, SignalStrength: 64, AntiFragility: 72}, IQ: 56]
       [Network #9, Technology = Wifi, Address = 02-06-00:00:00:00:00:0b, { DataRate: 67, SignalStrength: 22, AntiFragility: 52}, IQ: 48]
       [Network #14, Technology = Wifi, Address = 02-06-00:00:00:00:00:10, { DataRate: 56, SignalStrength: 55, AntiFragility: 40}, IQ: 47]
       [Network #0, Technology = Wifi, Address = 02-06-00:00:00:00:00:02, { DataRate: 41, SignalStrength: 74, AntiFragility: 25}, IQ: 41]
       [Network #8, Technology = Wifi, Address = 02-06-00:00:00:00:00:0a, { DataRate: 22, SignalStrength: 97, AntiFragility: 19}, IQ: 39]
       [Network #2, Technology = Wifi, Address = 02-06-00:00:00:00:00:04, { DataRate: 67, SignalStrength: 37, AntiFragility: 23}, IQ: 37]
       [Network #13, Technology = Wifi, Address = 02-06-00:00:00:00:00:0f, { DataRate: 14, SignalStrength: 5, AntiFragility: 65}, IQ: 37]
       [Network #17, Technology = Wifi, Address = 02-06-00:00:00:00:00:13, { DataRate: 53, SignalStrength: 62, AntiFragility: 16}, IQ: 36]
       [Network #19, Technology = Wimax, Address = 02-06-00:00:00:00:00:16, { DataRate: 83, SignalStrength: 5, AntiFragility: 20}, IQ: 32]
       [Network #4, Technology = Wifi, Address = 02-06-00:00:00:00:00:06, { DataRate: 1, SignalStrength: 18, AntiFragility: 14}, IQ: 11]
41s ExecutionModule:Run(): Decision time => Seconds: 0, Miliseconds: 188
41s ExecutionModule:Run(): Handover time => Seconds: 0, Miliseconds: 117
41s ExecutionModule:Run(): Event: Horizontal Handover.
41s DecisionModule:RemoveNetworkFromList(): Network: 16 out of range!
42s DeviceModule:MoveRandom(): New position: (88, 64)
42s DecisionModule:AddNetworkToList(): Network detected
42s DecisionModule:RemoveNetworkFromList(): Network: 4 out of range!
42s DecisionModule:RemoveNetworkFromList(): Network: 19 out of range!
43s DeviceModule:MoveRandom(): New position: (100, 64)
43s DecisionModule:RemoveNetworkFromList(): Network: 3 out of range!
43s DecisionModule:AddNetworkToList(): Network detected
43s DecisionModule:AddNetworkToList(): Network detected
44s DeviceModule:MoveRandom(): New position: (100, 76)
44s DecisionModule:RemoveNetworkFromList(): Network: 4 out of range!
44s DecisionModule:AddNetworkToList(): Network detected
44s DecisionModule:AddNetworkToList(): Network detected
45s DeviceModule:MoveRandom(): New position: (88, 76)
45s DecisionModule:RemoveNetworkFromList(): Network: 19 out of range!
46s DeviceModule:MoveRandom(): New position: (88, 64)
46s DecisionModule:AddNetworkToList(): Network detected
46s DecisionModule:RemoveNetworkFromList(): Network: 6 out of range!
46s DecisionModule:RemoveNetworkFromList(): Network: 15 out of range!
47s DeviceModule:MoveRandom(): New position: (76, 64)
48s DeviceModule:MoveRandom(): New position: (76, 76)
48s DecisionModule:AddNetworkToList(): Network detected
48s DecisionModule:AddNetworkToList(): Network detected
49s DeviceModule:MoveRandom(): New position: (64, 76)
49s DecisionModule:RemoveNetworkFromList(): Network: 6 out of range!
49s DecisionModule:RemoveNetworkFromList(): Network: 13 out of range!
50s DecisionModule:Run(): Run decision
50s DecisionModule:AnalyzingNetworks(): Current Network: 
       [Network #2, Technology = Wifi, Address = 02-06-00:00:00:00:00:04, { DataRate: 80, SignalStrength: 61, AntiFragility: 50}, IQ: 60]
50s DecisionModule:ShowAllNetworks(): All detected networks:
       [Network #2, Technology = Wifi, Address = 02-06-00:00:00:00:00:04, { DataRate: 80, SignalStrength: 61, AntiFragility: 50}, IQ: 60]
       [Network #12, Technology = Wifi, Address = 02-06-00:00:00:00:00:0e, { DataRate: 20, SignalStrength: 56, AntiFragility: 70}, IQ: 54]
       [Network #9, Technology = Wifi, Address = 02-06-00:00:00:00:00:0b, { DataRate: 48, SignalStrength: 71, AntiFragility: 44}, IQ: 51]
       [Network #5, Technology = Wifi, Address = 02-06-00:00:00:00:00:07, { DataRate: 45, SignalStrength: 74, AntiFragility: 43}, IQ: 51]
       [Network #7, Technology = Wifi, Address = 02-06-00:00:00:00:00:09, { DataRate: 72, SignalStrength: 58, AntiFragility: 29}, IQ: 47]
       [Network #3, Technology = Wifi, Address = 02-06-00:00:00:00:00:05, { DataRate: 62, SignalStrength: 85, AntiFragility: 20}, IQ: 46]
       [Network #17, Technology = Wifi, Address = 02-06-00:00:00:00:00:13, { DataRate: 51, SignalStrength: 72, AntiFragility: 30}, IQ: 45]
       [Network #0, Technology = Wifi, Address = 02-06-00:00:00:00:00:02, { DataRate: 51, SignalStrength: 10, AntiFragility: 55}, IQ: 42]
       [Network #14, Technology = Wifi, Address = 02-06-00:00:00:00:00:10, { DataRate: 34, SignalStrength: 51, AntiFragility: 40}, IQ: 41]
       [Network #1, Technology = Wifi, Address = 02-06-00:00:00:00:00:03, { DataRate: 82, SignalStrength: 34, AntiFragility: 17}, IQ: 37]
       [Network #15, Technology = Wifi, Address = 02-06-00:00:00:00:00:11, { DataRate: 93, SignalStrength: 37, AntiFragility: 5}, IQ: 35]
       [Network #8, Technology = Wifi, Address = 02-06-00:00:00:00:00:0a, { DataRate: 32, SignalStrength: 66, AntiFragility: 22}, IQ: 35]
50s ExecutionModule:Run(): Decision time => Seconds: 0, Miliseconds: 223
50s ExecutionModule:Run(): Handover time => Seconds: 0, Miliseconds: 121
50s ExecutionModule:Run(): Event: Horizontal Handover.
50s DeviceModule:MoveRandom(): New position: (64, 88)
50s DecisionModule:AddNetworkToList(): Network detected
51s DeviceModule:MoveRandom(): New position: (76, 88)
51s DecisionModule:RemoveNetworkFromList(): Network: 3 out of range!
51s DecisionModule:AddNetworkToList(): Network detected
52s DeviceModule:MoveRandom(): New position: (76, 76)
52s DecisionModule:AddNetworkToList(): Network detected
53s DeviceModule:MoveRandom(): New position: (76, 64)
53s DecisionModule:RemoveNetworkFromList(): Network: 6 out of range!
53s DecisionModule:RemoveNetworkFromList(): Network: 15 out of range!
54s DeviceModule:MoveRandom(): New position: (76, 76)
54s DecisionModule:AddNetworkToList(): Network detected
54s DecisionModule:AddNetworkToList(): Network detected
55s DeviceModule:MoveRandom(): New position: (76, 88)
55s DecisionModule:RemoveNetworkFromList(): Network: 3 out of range!
56s DeviceModule:MoveRandom(): New position: (76, 76)
56s DecisionModule:AddNetworkToList(): Network detected
57s DeviceModule:MoveRandom(): New position: (88, 76)
57s DecisionModule:RemoveNetworkFromList(): Network: 3 out of range!
58s DeviceModule:MoveRandom(): New position: (88, 88)
58s DecisionModule:AddNetworkToList(): Network detected
58s DecisionModule:AddNetworkToList(): Network detected
59s DeviceModule:MoveRandom(): New position: (100, 88)
59s DecisionModule:RemoveNetworkFromList(): Network: 1 out of range!
59s DecisionModule:AddNetworkToList(): Network detected
60s DecisionModule:Run(): Run decision
60s DecisionModule:AnalyzingNetworks(): Current Network: 
       [Network #18, Technology = Wimax, Address = 02-06-00:00:00:00:00:15, { DataRate: 89, SignalStrength: 87, AntiFragility: 95}, IQ: 91]
60s DecisionModule:ShowAllNetworks(): All detected networks:
       [Network #18, Technology = Wimax, Address = 02-06-00:00:00:00:00:15, { DataRate: 89, SignalStrength: 87, AntiFragility: 95}, IQ: 91]
       [Network #14, Technology = Wifi, Address = 02-06-00:00:00:00:00:10, { DataRate: 79, SignalStrength: 43, AntiFragility: 95}, IQ: 78]
       [Network #12, Technology = Wifi, Address = 02-06-00:00:00:00:00:0e, { DataRate: 62, SignalStrength: 69, AntiFragility: 51}, IQ: 58]
       [Network #13, Technology = Wifi, Address = 02-06-00:00:00:00:00:0f, { DataRate: 39, SignalStrength: 51, AntiFragility: 67}, IQ: 56]
       [Network #15, Technology = Wifi, Address = 02-06-00:00:00:00:00:11, { DataRate: 45, SignalStrength: 62, AntiFragility: 48}, IQ: 50]
       [Network #6, Technology = Wifi, Address = 02-06-00:00:00:00:00:08, { DataRate: 50, SignalStrength: 99, AntiFragility: 18}, IQ: 46]
       [Network #0, Technology = Wifi, Address = 02-06-00:00:00:00:00:02, { DataRate: 3, SignalStrength: 23, AntiFragility: 78}, IQ: 45]
       [Network #17, Technology = Wifi, Address = 02-06-00:00:00:00:00:13, { DataRate: 34, SignalStrength: 90, AntiFragility: 23}, IQ: 42]
       [Network #8, Technology = Wifi, Address = 02-06-00:00:00:00:00:0a, { DataRate: 53, SignalStrength: 72, AntiFragility: 18}, IQ: 40]
       [Network #19, Technology = Wimax, Address = 02-06-00:00:00:00:00:16, { DataRate: 63, SignalStrength: 72, AntiFragility: 12}, IQ: 39]
       [Network #2, Technology = Wifi, Address = 02-06-00:00:00:00:00:04, { DataRate: 50, SignalStrength: 64, AntiFragility: 20}, IQ: 38]
       [Network #9, Technology = Wifi, Address = 02-06-00:00:00:00:00:0b, { DataRate: 45, SignalStrength: 74, AntiFragility: 4}, IQ: 31]
       [Network #5, Technology = Wifi, Address = 02-06-00:00:00:00:00:07, { DataRate: 41, SignalStrength: 57, AntiFragility: 10}, IQ: 29]
       [Network #7, Technology = Wifi, Address = 02-06-00:00:00:00:00:09, { DataRate: 48, SignalStrength: 27, AntiFragility: 11}, IQ: 24]
       [Network #10, Technology = Wifi, Address = 02-06-00:00:00:00:00:0c, { DataRate: 6, SignalStrength: 9, AntiFragility: 12}, IQ: 9]
60s ExecutionModule:Run(): Decision time => Seconds: 0, Miliseconds: 346
60s ExecutionModule:Run(): Handover time => Seconds: 0, Miliseconds: 61
60s ExecutionModule:Run(): Event: Vertical Handover.
60s DeviceModule:MoveRandom(): New position: (100, 76)
60s DecisionModule:AddNetworkToList(): Network detected
60s DecisionModule:RemoveNetworkFromList(): Network: 10 out of range!
60s ExecutionModule:OutOfRange(): OUT OF BETTER NETWORK! Choosing another network...
60s DecisionModule:RemoveNetworkFromList(): Network: 18 out of range!
60s DecisionModule:Run(): Run decision
60s DecisionModule:AnalyzingNetworks(): Current Network: 
       [Network #5, Technology = Wifi, Address = 02-06-00:00:00:00:00:07, { DataRate: 68, SignalStrength: 59, AntiFragility: 86}, IQ: 74]
60s DecisionModule:ShowAllNetworks(): All detected networks:
       [Network #5, Technology = Wifi, Address = 02-06-00:00:00:00:00:07, { DataRate: 68, SignalStrength: 59, AntiFragility: 86}, IQ: 74]
       [Network #13, Technology = Wifi, Address = 02-06-00:00:00:00:00:0f, { DataRate: 68, SignalStrength: 70, AntiFragility: 78}, IQ: 73]
       [Network #8, Technology = Wifi, Address = 02-06-00:00:00:00:00:0a, { DataRate: 67, SignalStrength: 23, AntiFragility: 81}, IQ: 63]
       [Network #12, Technology = Wifi, Address = 02-06-00:00:00:00:00:0e, { DataRate: 57, SignalStrength: 68, AntiFragility: 53}, IQ: 57]
       [Network #14, Technology = Wifi, Address = 02-06-00:00:00:00:00:10, { DataRate: 93, SignalStrength: 60, AntiFragility: 34}, IQ: 55]
       [Network #15, Technology = Wifi, Address = 02-06-00:00:00:00:00:11, { DataRate: 34, SignalStrength: 62, AntiFragility: 58}, IQ: 53]
       [Network #0, Technology = Wifi, Address = 02-06-00:00:00:00:00:02, { DataRate: 30, SignalStrength: 89, AntiFragility: 45}, IQ: 52]
       [Network #1, Technology = Wifi, Address = 02-06-00:00:00:00:00:03, { DataRate: 11, SignalStrength: 68, AntiFragility: 65}, IQ: 52]
       [Network #9, Technology = Wifi, Address = 02-06-00:00:00:00:00:0b, { DataRate: 87, SignalStrength: 54, AntiFragility: 29}, IQ: 49]
       [Network #17, Technology = Wifi, Address = 02-06-00:00:00:00:00:13, { DataRate: 21, SignalStrength: 39, AntiFragility: 50}, IQ: 40]
       [Network #2, Technology = Wifi, Address = 02-06-00:00:00:00:00:04, { DataRate: 67, SignalStrength: 19, AntiFragility: 35}, IQ: 39]
       [Network #19, Technology = Wimax, Address = 02-06-00:00:00:00:00:16, { DataRate: 90, SignalStrength: 2, AntiFragility: 24}, IQ: 35]
       [Network #7, Technology = Wifi, Address = 02-06-00:00:00:00:00:09, { DataRate: 6, SignalStrength: 38, AntiFragility: 37}, IQ: 29]
       [Network #6, Technology = Wifi, Address = 02-06-00:00:00:00:00:08, { DataRate: 89, SignalStrength: 13, AntiFragility: 3}, IQ: 27]
60s ExecutionModule:Run(): Decision time => Seconds: 0, Miliseconds: 302
60s ExecutionModule:Run(): Handover time => Seconds: 0, Miliseconds: 27
60s ExecutionModule:Run(): Event: Vertical Handover.
61s DeviceModule:MoveRandom(): New position: (112, 76)
61s DecisionModule:RemoveNetworkFromList(): Network: 1 out of range!
61s DecisionModule:AddNetworkToList(): Network detected
62s DeviceModule:MoveRandom(): New position: (100, 76)
62s DecisionModule:AddNetworkToList(): Network detected
62s DecisionModule:RemoveNetworkFromList(): Network: 4 out of range!
63s DeviceModule:MoveRandom(): New position: (88, 76)
63s DecisionModule:RemoveNetworkFromList(): Network: 19 out of range!
64s DeviceModule:MoveRandom(): New position: (88, 88)
64s DecisionModule:AddNetworkToList(): Network detected
64s DecisionModule:AddNetworkToList(): Network detected
65s DeviceModule:MoveRandom(): New position: (88, 100)
65s DecisionModule:RemoveNetworkFromList(): Network: 1 out of range!
66s DeviceModule:MoveRandom(): New position: (88, 88)
66s DecisionModule:AddNetworkToList(): Network detected
67s DeviceModule:MoveRandom(): New position: (88, 100)
67s DecisionModule:RemoveNetworkFromList(): Network: 1 out of range!
68s DeviceModule:MoveRandom(): New position: (88, 88)
68s DecisionModule:AddNetworkToList(): Network detected
69s DeviceModule:MoveRandom(): New position: (76, 88)
69s DecisionModule:RemoveNetworkFromList(): Network: 10 out of range!
69s DecisionModule:RemoveNetworkFromList(): Network: 18 out of range!
70s DecisionModule:Run(): Run decision
70s DecisionModule:AnalyzingNetworks(): Current Network: 
       [Network #8, Technology = Wifi, Address = 02-06-00:00:00:00:00:0a, { DataRate: 54, SignalStrength: 92, AntiFragility: 99}, IQ: 86]
70s DecisionModule:ShowAllNetworks(): All detected networks:
       [Network #8, Technology = Wifi, Address = 02-06-00:00:00:00:00:0a, { DataRate: 54, SignalStrength: 92, AntiFragility: 99}, IQ: 86]
       [Network #12, Technology = Wifi, Address = 02-06-00:00:00:00:00:0e, { DataRate: 65, SignalStrength: 58, AntiFragility: 90}, IQ: 75]
       [Network #7, Technology = Wifi, Address = 02-06-00:00:00:00:00:09, { DataRate: 57, SignalStrength: 54, AntiFragility: 75}, IQ: 65]
       [Network #6, Technology = Wifi, Address = 02-06-00:00:00:00:00:08, { DataRate: 19, SignalStrength: 84, AntiFragility: 67}, IQ: 59]
       [Network #1, Technology = Wifi, Address = 02-06-00:00:00:00:00:03, { DataRate: 60, SignalStrength: 59, AntiFragility: 59}, IQ: 59]
       [Network #14, Technology = Wifi, Address = 02-06-00:00:00:00:00:10, { DataRate: 18, SignalStrength: 56, AntiFragility: 63}, IQ: 50]
       [Network #2, Technology = Wifi, Address = 02-06-00:00:00:00:00:04, { DataRate: 43, SignalStrength: 49, AntiFragility: 48}, IQ: 47]
       [Network #0, Technology = Wifi, Address = 02-06-00:00:00:00:00:02, { DataRate: 71, SignalStrength: 54, AntiFragility: 28}, IQ: 45]
       [Network #15, Technology = Wifi, Address = 02-06-00:00:00:00:00:11, { DataRate: 90, SignalStrength: 65, AntiFragility: 5}, IQ: 41]
       [Network #13, Technology = Wifi, Address = 02-06-00:00:00:00:00:0f, { DataRate: 21, SignalStrength: 18, AntiFragility: 53}, IQ: 36]
       [Network #17, Technology = Wifi, Address = 02-06-00:00:00:00:00:13, { DataRate: 4, SignalStrength: 32, AntiFragility: 31}, IQ: 24]
       [Network #5, Technology = Wifi, Address = 02-06-00:00:00:00:00:07, { DataRate: 17, SignalStrength: 43, AntiFragility: 17}, IQ: 23]
       [Network #9, Technology = Wifi, Address = 02-06-00:00:00:00:00:0b, { DataRate: 35, SignalStrength: 22, AntiFragility: 17}, IQ: 22]
70s ExecutionModule:Run(): Decision time => Seconds: 0, Miliseconds: 249
70s ExecutionModule:Run(): Handover time => Seconds: 0, Miliseconds: 120
70s ExecutionModule:Run(): Event: Horizontal Handover.
70s DeviceModule:MoveRandom(): New position: (76, 76)
70s DecisionModule:AddNetworkToList(): Network detected
71s DeviceModule:MoveRandom(): New position: (88, 76)
71s DecisionModule:RemoveNetworkFromList(): Network: 3 out of range!
72s DeviceModule:MoveRandom(): New position: (76, 76)
72s DecisionModule:AddNetworkToList(): Network detected
73s DeviceModule:MoveRandom(): New position: (76, 64)
73s DecisionModule:RemoveNetworkFromList(): Network: 6 out of range!
73s DecisionModule:RemoveNetworkFromList(): Network: 15 out of range!
74s DeviceModule:MoveRandom(): New position: (88, 64)
75s DeviceModule:MoveRandom(): New position: (100, 64)
75s DecisionModule:RemoveNetworkFromList(): Network: 3 out of range!
75s DecisionModule:AddNetworkToList(): Network detected
75s DecisionModule:AddNetworkToList(): Network detected
76s DeviceModule:MoveRandom(): New position: (112, 64)
76s DecisionModule:RemoveNetworkFromList(): Network: 0 out of range!
76s DecisionModule:RemoveNetworkFromList(): Network: 1 out of range!
76s DecisionModule:AddNetworkToList(): Network detected
77s DeviceModule:MoveRandom(): New position: (112, 76)
77s DecisionModule:AddNetworkToList(): Network detected
77s DecisionModule:AddNetworkToList(): Network detected
77s DecisionModule:AddNetworkToList(): Network detected
77s DecisionModule:RemoveNetworkFromList(): Network: 16 out of range!
78s DeviceModule:MoveRandom(): New position: (112, 64)
78s DecisionModule:RemoveNetworkFromList(): Network: 0 out of range!
78s DecisionModule:RemoveNetworkFromList(): Network: 6 out of range!
78s DecisionModule:RemoveNetworkFromList(): Network: 15 out of range!
78s DecisionModule:AddNetworkToList(): Network detected
79s DeviceModule:MoveRandom(): New position: (112, 76)
79s DecisionModule:AddNetworkToList(): Network detected
79s DecisionModule:AddNetworkToList(): Network detected
79s DecisionModule:AddNetworkToList(): Network detected
79s DecisionModule:RemoveNetworkFromList(): Network: 16 out of range!
80s DecisionModule:Run(): Run decision
80s DecisionModule:AnalyzingNetworks(): Current Network: 
       [Network #5, Technology = Wifi, Address = 02-06-00:00:00:00:00:07, { DataRate: 38, SignalStrength: 76, AntiFragility: 97}, IQ: 77]
80s DecisionModule:ShowAllNetworks(): All detected networks:
       [Network #5, Technology = Wifi, Address = 02-06-00:00:00:00:00:07, { DataRate: 38, SignalStrength: 76, AntiFragility: 97}, IQ: 77]
       [Network #6, Technology = Wifi, Address = 02-06-00:00:00:00:00:08, { DataRate: 47, SignalStrength: 50, AntiFragility: 98}, IQ: 73]
       [Network #2, Technology = Wifi, Address = 02-06-00:00:00:00:00:04, { DataRate: 24, SignalStrength: 88, AntiFragility: 80}, IQ: 68]
       [Network #4, Technology = Wifi, Address = 02-06-00:00:00:00:00:06, { DataRate: 34, SignalStrength: 53, AntiFragility: 88}, IQ: 65]
       [Network #19, Technology = Wimax, Address = 02-06-00:00:00:00:00:16, { DataRate: 33, SignalStrength: 65, AntiFragility: 66}, IQ: 57]
       [Network #13, Technology = Wifi, Address = 02-06-00:00:00:00:00:0f, { DataRate: 72, SignalStrength: 4, AntiFragility: 76}, IQ: 57]
       [Network #0, Technology = Wifi, Address = 02-06-00:00:00:00:00:02, { DataRate: 12, SignalStrength: 74, AntiFragility: 57}, IQ: 50]
       [Network #14, Technology = Wifi, Address = 02-06-00:00:00:00:00:10, { DataRate: 77, SignalStrength: 19, AntiFragility: 47}, IQ: 47]
       [Network #15, Technology = Wifi, Address = 02-06-00:00:00:00:00:11, { DataRate: 33, SignalStrength: 56, AntiFragility: 38}, IQ: 41]
       [Network #7, Technology = Wifi, Address = 02-06-00:00:00:00:00:09, { DataRate: 19, SignalStrength: 10, AntiFragility: 65}, IQ: 39]
       [Network #8, Technology = Wifi, Address = 02-06-00:00:00:00:00:0a, { DataRate: 13, SignalStrength: 63, AntiFragility: 26}, IQ: 32]
       [Network #17, Technology = Wifi, Address = 02-06-00:00:00:00:00:13, { DataRate: 13, SignalStrength: 30, AntiFragility: 41}, IQ: 31]
       [Network #9, Technology = Wifi, Address = 02-06-00:00:00:00:00:0b, { DataRate: 4, SignalStrength: 40, AntiFragility: 37}, IQ: 29]
       [Network #12, Technology = Wifi, Address = 02-06-00:00:00:00:00:0e, { DataRate: 44, SignalStrength: 35, AntiFragility: 1}, IQ: 20]
80s ExecutionModule:Run(): Decision time => Seconds: 0, Miliseconds: 261
80s ExecutionModule:Run(): Handover time => Seconds: 0, Miliseconds: 121
80s ExecutionModule:Run(): Event: Horizontal Handover.
80s DeviceModule:MoveRandom(): New position: (112, 88)
80s DecisionModule:RemoveNetworkFromList(): Network: 4 out of range!
80s DecisionModule:AddNetworkToList(): Network detected
81s DeviceModule:MoveRandom(): New position: (100, 88)
81s DecisionModule:AddNetworkToList(): Network detected
82s DeviceModule:MoveRandom(): New position: (88, 88)
82s DecisionModule:AddNetworkToList(): Network detected
82s DecisionModule:RemoveNetworkFromList(): Network: 19 out of range!
83s DeviceModule:MoveRandom(): New position: (88, 76)
83s DecisionModule:RemoveNetworkFromList(): Network: 10 out of range!
83s DecisionModule:RemoveNetworkFromList(): Network: 18 out of range!
84s DeviceModule:MoveRandom(): New position: (88, 88)
84s DecisionModule:AddNetworkToList(): Network detected
84s DecisionModule:AddNetworkToList(): Network detected
85s DeviceModule:MoveRandom(): New position: (76, 88)
85s DecisionModule:RemoveNetworkFromList(): Network: 10 out of range!
85s DecisionModule:RemoveNetworkFromList(): Network: 18 out of range!
86s DeviceModule:MoveRandom(): New position: (76, 100)
86s DecisionModule:AddNetworkToList(): Network detected
86s DecisionModule:RemoveNetworkFromList(): Network: 13 out of range!
86s DecisionModule:AddNetworkToList(): Network detected
87s DeviceModule:MoveRandom(): New position: (76, 88)
87s DecisionModule:RemoveNetworkFromList(): Network: 10 out of range!
87s DecisionModule:AddNetworkToList(): Network detected
87s DecisionModule:RemoveNetworkFromList(): Network: 18 out of range!
88s DeviceModule:MoveRandom(): New position: (64, 88)
88s DecisionModule:AddNetworkToList(): Network detected
88s DecisionModule:RemoveNetworkFromList(): Network: 13 out of range!
89s DeviceModule:MoveRandom(): New position: (76, 88)
89s DecisionModule:RemoveNetworkFromList(): Network: 3 out of range!
89s DecisionModule:AddNetworkToList(): Network detected
90s DecisionModule:Run(): Run decision
90s DecisionModule:AnalyzingNetworks(): Current Network: 
       [Network #14, Technology = Wifi, Address = 02-06-00:00:00:00:00:10, { DataRate: 93, SignalStrength: 98, AntiFragility: 78}, IQ: 86]
90s DecisionModule:ShowAllNetworks(): All detected networks:
       [Network #14, Technology = Wifi, Address = 02-06-00:00:00:00:00:10, { DataRate: 93, SignalStrength: 98, AntiFragility: 78}, IQ: 86]
       [Network #12, Technology = Wifi, Address = 02-06-00:00:00:00:00:0e, { DataRate: 98, SignalStrength: 74, AntiFragility: 85}, IQ: 85]
       [Network #17, Technology = Wifi, Address = 02-06-00:00:00:00:00:13, { DataRate: 11, SignalStrength: 62, AntiFragility: 81}, IQ: 58]
       [Network #7, Technology = Wifi, Address = 02-06-00:00:00:00:00:09, { DataRate: 4, SignalStrength: 74, AntiFragility: 72}, IQ: 55]
       [Network #0, Technology = Wifi, Address = 02-06-00:00:00:00:00:02, { DataRate: 29, SignalStrength: 17, AntiFragility: 69}, IQ: 46]
       [Network #15, Technology = Wifi, Address = 02-06-00:00:00:00:00:11, { DataRate: 69, SignalStrength: 90, AntiFragility: 13}, IQ: 46]
       [Network #6, Technology = Wifi, Address = 02-06-00:00:00:00:00:08, { DataRate: 53, SignalStrength: 65, AntiFragility: 23}, IQ: 41]
       [Network #5, Technology = Wifi, Address = 02-06-00:00:00:00:00:07, { DataRate: 49, SignalStrength: 18, AntiFragility: 33}, IQ: 33]
       [Network #2, Technology = Wifi, Address = 02-06-00:00:00:00:00:04, { DataRate: 17, SignalStrength: 40, AntiFragility: 39}, IQ: 33]
       [Network #13, Technology = Wifi, Address = 02-06-00:00:00:00:00:0f, { DataRate: 28, SignalStrength: 62, AntiFragility: 21}, IQ: 33]
       [Network #9, Technology = Wifi, Address = 02-06-00:00:00:00:00:0b, { DataRate: 13, SignalStrength: 57, AntiFragility: 28}, IQ: 31]
       [Network #1, Technology = Wifi, Address = 02-06-00:00:00:00:00:03, { DataRate: 1, SignalStrength: 43, AntiFragility: 13}, IQ: 17]
       [Network #8, Technology = Wifi, Address = 02-06-00:00:00:00:00:0a, { DataRate: 6, SignalStrength: 44, AntiFragility: 6}, IQ: 15]
90s ExecutionModule:Run(): Decision time => Seconds: 0, Miliseconds: 253
90s ExecutionModule:Run(): Handover time => Seconds: 0, Miliseconds: 121
90s ExecutionModule:Run(): Event: Horizontal Handover.
90s DeviceModule:MoveRandom(): New position: (76, 76)
90s DecisionModule:AddNetworkToList(): Network detected
91s DeviceModule:MoveRandom(): New position: (76, 64)
91s DecisionModule:RemoveNetworkFromList(): Network: 6 out of range!
91s DecisionModule:RemoveNetworkFromList(): Network: 15 out of range!
92s DeviceModule:MoveRandom(): New position: (76, 52)
92s DecisionModule:RemoveNetworkFromList(): Network: 0 out of range!
92s DecisionModule:RemoveNetworkFromList(): Network: 9 out of range!
92s ExecutionModule:OutOfRange(): OUT OF BETTER NETWORK! Choosing another network...
92s DecisionModule:RemoveNetworkFromList(): Network: 14 out of range!
92s DecisionModule:Run(): Run decision
92s DecisionModule:AnalyzingNetworks(): Current Network: 
       [Network #12, Technology = Wifi, Address = 02-06-00:00:00:00:00:0e, { DataRate: 78, SignalStrength: 64, AntiFragility: 67}, IQ: 69]
92s DecisionModule:ShowAllNetworks(): All detected networks:
       [Network #12, Technology = Wifi, Address = 02-06-00:00:00:00:00:0e, { DataRate: 78, SignalStrength: 64, AntiFragility: 67}, IQ: 69]
       [Network #17, Technology = Wifi, Address = 02-06-00:00:00:00:00:13, { DataRate: 64, SignalStrength: 46, AntiFragility: 65}, IQ: 60]
       [Network #13, Technology = Wifi, Address = 02-06-00:00:00:00:00:0f, { DataRate: 52, SignalStrength: 26, AntiFragility: 71}, IQ: 55]
       [Network #3, Technology = Wifi, Address = 02-06-00:00:00:00:00:05, { DataRate: 65, SignalStrength: 94, AntiFragility: 30}, IQ: 54]
       [Network #7, Technology = Wifi, Address = 02-06-00:00:00:00:00:09, { DataRate: 18, SignalStrength: 85, AntiFragility: 48}, IQ: 49]
       [Network #2, Technology = Wifi, Address = 02-06-00:00:00:00:00:04, { DataRate: 25, SignalStrength: 13, AntiFragility: 77}, IQ: 48]
       [Network #5, Technology = Wifi, Address = 02-06-00:00:00:00:00:07, { DataRate: 83, SignalStrength: 24, AntiFragility: 40}, IQ: 46]
       [Network #1, Technology = Wifi, Address = 02-06-00:00:00:00:00:03, { DataRate: 31, SignalStrength: 56, AntiFragility: 41}, IQ: 42]
       [Network #8, Technology = Wifi, Address = 02-06-00:00:00:00:00:0a, { DataRate: 44, SignalStrength: 61, AntiFragility: 19}, IQ: 35]
92s ExecutionModule:Run(): Decision time => Seconds: 0, Miliseconds: 151
92s ExecutionModule:Run(): Handover time => Seconds: 0, Miliseconds: 119
92s ExecutionModule:Run(): Event: Horizontal Handover.
93s DeviceModule:MoveRandom(): New position: (76, 40)
93s ExecutionModule:OutOfRange(): OUT OF BETTER NETWORK! Choosing another network...
93s DecisionModule:RemoveNetworkFromList(): Network: 12 out of range!
93s DecisionModule:Run(): Run decision
93s DecisionModule:AnalyzingNetworks(): Current Network: 
       [Network #17, Technology = Wifi, Address = 02-06-00:00:00:00:00:13, { DataRate: 98, SignalStrength: 71, AntiFragility: 66}, IQ: 75]
93s DecisionModule:ShowAllNetworks(): All detected networks:
       [Network #17, Technology = Wifi, Address = 02-06-00:00:00:00:00:13, { DataRate: 98, SignalStrength: 71, AntiFragility: 66}, IQ: 75]
       [Network #3, Technology = Wifi, Address = 02-06-00:00:00:00:00:05, { DataRate: 74, SignalStrength: 65, AntiFragility: 81}, IQ: 75]
       [Network #8, Technology = Wifi, Address = 02-06-00:00:00:00:00:0a, { DataRate: 88, SignalStrength: 95, AntiFragility: 57}, IQ: 74]
       [Network #13, Technology = Wifi, Address = 02-06-00:00:00:00:00:0f, { DataRate: 33, SignalStrength: 99, AntiFragility: 35}, IQ: 50]
       [Network #2, Technology = Wifi, Address = 02-06-00:00:00:00:00:04, { DataRate: 55, SignalStrength: 94, AntiFragility: 20}, IQ: 47]
       [Network #7, Technology = Wifi, Address = 02-06-00:00:00:00:00:09, { DataRate: 68, SignalStrength: 12, AntiFragility: 43}, IQ: 41]
       [Network #1, Technology = Wifi, Address = 02-06-00:00:00:00:00:03, { DataRate: 22, SignalStrength: 64, AntiFragility: 20}, IQ: 31]
       [Network #5, Technology = Wifi, Address = 02-06-00:00:00:00:00:07, { DataRate: 7, SignalStrength: 76, AntiFragility: 5}, IQ: 23]
93s ExecutionModule:Run(): Decision time => Seconds: 0, Miliseconds: 170
93s ExecutionModule:Run(): Handover time => Seconds: 0, Miliseconds: 119
93s ExecutionModule:Run(): Event: Horizontal Handover.
94s DeviceModule:MoveRandom(): New position: (64, 40)
95s DeviceModule:MoveRandom(): New position: (52, 40)
95s DecisionModule:RemoveNetworkFromList(): Network: 7 out of range!
96s DeviceModule:MoveRandom(): New position: (40, 40)
96s DecisionModule:RemoveNetworkFromList(): Network: 13 out of range!
97s DeviceModule:MoveRandom(): New position: (28, 40)
98s DeviceModule:MoveRandom(): New position: (40, 40)
99s DeviceModule:MoveRandom(): New position: (40, 52)
100s DecisionModule:Run(): Run decision
100s DecisionModule:AnalyzingNetworks(): Current Network: 
       [Network #17, Technology = Wifi, Address = 02-06-00:00:00:00:00:13, { DataRate: 13, SignalStrength: 90, AntiFragility: 94}, IQ: 72]
100s DecisionModule:ShowAllNetworks(): All detected networks:
       [Network #17, Technology = Wifi, Address = 02-06-00:00:00:00:00:13, { DataRate: 13, SignalStrength: 90, AntiFragility: 94}, IQ: 72]
       [Network #1, Technology = Wifi, Address = 02-06-00:00:00:00:00:03, { DataRate: 76, SignalStrength: 95, AntiFragility: 60}, IQ: 72]
       [Network #5, Technology = Wifi, Address = 02-06-00:00:00:00:00:07, { DataRate: 77, SignalStrength: 72, AntiFragility: 68}, IQ: 71]
       [Network #2, Technology = Wifi, Address = 02-06-00:00:00:00:00:04, { DataRate: 71, SignalStrength: 96, AntiFragility: 53}, IQ: 68]
       [Network #8, Technology = Wifi, Address = 02-06-00:00:00:00:00:0a, { DataRate: 9, SignalStrength: 76, AntiFragility: 60}, IQ: 51]
       [Network #3, Technology = Wifi, Address = 02-06-00:00:00:00:00:05, { DataRate: 58, SignalStrength: 12, AntiFragility: 11}, IQ: 23]
100s DeviceModule:MoveRandom(): New position: (40, 40)
101s DeviceModule:MoveRandom(): New position: (52, 40)
101s DecisionModule:AddNetworkToList(): Network detected
102s DeviceModule:MoveRandom(): New position: (52, 28)
103s DeviceModule:MoveRandom(): New position: (40, 28)
103s DecisionModule:RemoveNetworkFromList(): Network: 13 out of range!
104s DeviceModule:MoveRandom(): New position: (28, 28)
105s DeviceModule:MoveRandom(): New position: (28, 40)
106s DeviceModule:MoveRandom(): New position: (40, 40)
107s DeviceModule:MoveRandom(): New position: (40, 28)
108s DeviceModule:MoveRandom(): New position: (28, 28)
109s DeviceModule:MoveRandom(): New position: (16, 28)
109s DecisionModule:RemoveNetworkFromList(): Network: 5 out of range!
109s ExecutionModule:OutOfRange(): OUT OF BETTER NETWORK! Choosing another network...
109s DecisionModule:RemoveNetworkFromList(): Network: 17 out of range!
109s DecisionModule:Run(): Run decision
109s DecisionModule:AnalyzingNetworks(): Current Network: 
       [Network #2, Technology = Wifi, Address = 02-06-00:00:00:00:00:04, { DataRate: 87, SignalStrength: 98, AntiFragility: 80}, IQ: 86]
109s DecisionModule:ShowAllNetworks(): All detected networks:
       [Network #2, Technology = Wifi, Address = 02-06-00:00:00:00:00:04, { DataRate: 87, SignalStrength: 98, AntiFragility: 80}, IQ: 86]
       [Network #1, Technology = Wifi, Address = 02-06-00:00:00:00:00:03, { DataRate: 95, SignalStrength: 48, AntiFragility: 86}, IQ: 78]
       [Network #8, Technology = Wifi, Address = 02-06-00:00:00:00:00:0a, { DataRate: 81, SignalStrength: 27, AntiFragility: 69}, IQ: 61]
       [Network #3, Technology = Wifi, Address = 02-06-00:00:00:00:00:05, { DataRate: 52, SignalStrength: 61, AntiFragility: 28}, IQ: 42]
109s ExecutionModule:Run(): Decision time => Seconds: 0, Miliseconds: 133
109s ExecutionModule:Run(): Handover time => Seconds: 0, Miliseconds: 120
109s ExecutionModule:Run(): Event: Horizontal Handover.
110s DecisionModule:Run(): Run decision
110s DecisionModule:AnalyzingNetworks(): Current Network: 
       [Network #2, Technology = Wifi, Address = 02-06-00:00:00:00:00:04, { DataRate: 87, SignalStrength: 98, AntiFragility: 80}, IQ: 86]
110s DecisionModule:ShowAllNetworks(): All detected networks:
       [Network #2, Technology = Wifi, Address = 02-06-00:00:00:00:00:04, { DataRate: 87, SignalStrength: 98, AntiFragility: 80}, IQ: 86]
       [Network #1, Technology = Wifi, Address = 02-06-00:00:00:00:00:03, { DataRate: 95, SignalStrength: 48, AntiFragility: 86}, IQ: 78]
       [Network #8, Technology = Wifi, Address = 02-06-00:00:00:00:00:0a, { DataRate: 81, SignalStrength: 27, AntiFragility: 69}, IQ: 61]
       [Network #3, Technology = Wifi, Address = 02-06-00:00:00:00:00:05, { DataRate: 52, SignalStrength: 61, AntiFragility: 28}, IQ: 42]
110s DeviceModule:MoveRandom(): New position: (16, 16)
110s ExecutionModule:OutOfRange(): OUT OF BETTER NETWORK! Choosing another network...
110s DecisionModule:RemoveNetworkFromList(): Network: 2 out of range!
110s DecisionModule:Run(): Run decision
110s DecisionModule:AnalyzingNetworks(): Current Network: 
       [Network #3, Technology = Wifi, Address = 02-06-00:00:00:00:00:05, { DataRate: 37, SignalStrength: 73, AntiFragility: 31}, IQ: 43]
110s DecisionModule:ShowAllNetworks(): All detected networks:
       [Network #3, Technology = Wifi, Address = 02-06-00:00:00:00:00:05, { DataRate: 37, SignalStrength: 73, AntiFragility: 31}, IQ: 43]
       [Network #1, Technology = Wifi, Address = 02-06-00:00:00:00:00:03, { DataRate: 93, SignalStrength: 39, AntiFragility: 14}, IQ: 40]
       [Network #8, Technology = Wifi, Address = 02-06-00:00:00:00:00:0a, { DataRate: 11, SignalStrength: 43, AntiFragility: 47}, IQ: 37]
110s ExecutionModule:Run(): Decision time => Seconds: 0, Miliseconds: 95
110s ExecutionModule:Run(): Handover time => Seconds: 0, Miliseconds: 119
110s ExecutionModule:Run(): Event: Horizontal Handover.
111s DeviceModule:MoveRandom(): New position: (4, 16)
111s DecisionModule:RemoveNetworkFromList(): Network: 8 out of range!
112s DeviceModule:MoveRandom(): New position: (4, 4)
113s DeviceModule:MoveRandom(): New position: (4, 4)
114s DeviceModule:MoveRandom(): New position: (4, 16)
115s DeviceModule:MoveRandom(): New position: (4, 16)
116s DeviceModule:MoveRandom(): New position: (4, 4)
117s DeviceModule:MoveRandom(): New position: (16, 4)
118s DeviceModule:MoveRandom(): New position: (16, 16)
118s DecisionModule:AddNetworkToList(): Network detected
119s DeviceModule:MoveRandom(): New position: (28, 16)
120s DecisionModule:Run(): Run decision
120s DecisionModule:AnalyzingNetworks(): Current Network: 
       [Network #1, Technology = Wifi, Address = 02-06-00:00:00:00:00:03, { DataRate: 51, SignalStrength: 42, AntiFragility: 85}, IQ: 65]
120s DecisionModule:ShowAllNetworks(): All detected networks:
       [Network #1, Technology = Wifi, Address = 02-06-00:00:00:00:00:03, { DataRate: 51, SignalStrength: 42, AntiFragility: 85}, IQ: 65]
       [Network #8, Technology = Wifi, Address = 02-06-00:00:00:00:00:0a, { DataRate: 63, SignalStrength: 73, AntiFragility: 40}, IQ: 54]
       [Network #3, Technology = Wifi, Address = 02-06-00:00:00:00:00:05, { DataRate: 95, SignalStrength: 31, AntiFragility: 25}, IQ: 44]
120s ExecutionModule:Run(): Decision time => Seconds: 0, Miliseconds: 175
120s ExecutionModule:Run(): Handover time => Seconds: 0, Miliseconds: 122
120s ExecutionModule:Run(): Event: Horizontal Handover.
120s DeviceModule:MoveRandom(): New position: (16, 16)
121s DeviceModule:MoveRandom(): New position: (28, 16)
122s DeviceModule:MoveRandom(): New position: (16, 16)
123s DeviceModule:MoveRandom(): New position: (16, 4)
123s DecisionModule:RemoveNetworkFromList(): Network: 8 out of range!
124s DeviceModule:MoveRandom(): New position: (16, 16)
124s DecisionModule:AddNetworkToList(): Network detected
125s DeviceModule:MoveRandom(): New position: (16, 28)
125s DecisionModule:AddNetworkToList(): Network detected
126s DeviceModule:MoveRandom(): New position: (16, 16)
126s DecisionModule:RemoveNetworkFromList(): Network: 2 out of range!
127s DeviceModule:MoveRandom(): New position: (16, 28)
127s DecisionModule:AddNetworkToList(): Network detected
128s DeviceModule:MoveRandom(): New position: (16, 40)
128s DecisionModule:AddNetworkToList(): Network detected
128s DecisionModule:AddNetworkToList(): Network detected
129s DeviceModule:MoveRandom(): New position: (16, 28)
129s DecisionModule:RemoveNetworkFromList(): Network: 5 out of range!
129s DecisionModule:RemoveNetworkFromList(): Network: 17 out of range!
130s DecisionModule:Run(): Run decision
130s DecisionModule:AnalyzingNetworks(): Current Network: 
       [Network #8, Technology = Wifi, Address = 02-06-00:00:00:00:00:0a, { DataRate: 89, SignalStrength: 22, AntiFragility: 82}, IQ: 68]
130s DecisionModule:ShowAllNetworks(): All detected networks:
       [Network #8, Technology = Wifi, Address = 02-06-00:00:00:00:00:0a, { DataRate: 89, SignalStrength: 22, AntiFragility: 82}, IQ: 68]
       [Network #2, Technology = Wifi, Address = 02-06-00:00:00:00:00:04, { DataRate: 67, SignalStrength: 87, AntiFragility: 44}, IQ: 60]
       [Network #1, Technology = Wifi, Address = 02-06-00:00:00:00:00:03, { DataRate: 35, SignalStrength: 86, AntiFragility: 50}, IQ: 55]
       [Network #3, Technology = Wifi, Address = 02-06-00:00:00:00:00:05, { DataRate: 21, SignalStrength: 28, AntiFragility: 34}, IQ: 29]
130s ExecutionModule:Run(): Decision time => Seconds: 0, Miliseconds: 224
130s ExecutionModule:Run(): Handover time => Seconds: 0, Miliseconds: 146
130s ExecutionModule:Run(): Event: Horizontal Handover.
130s DeviceModule:MoveRandom(): New position: (4, 28)
130s DecisionModule:RemoveNetworkFromList(): Network: 2 out of range!
131s DeviceModule:MoveRandom(): New position: (4, 28)
132s DeviceModule:MoveRandom(): New position: (4, 28)
133s DeviceModule:MoveRandom(): New position: (16, 28)
133s DecisionModule:AddNetworkToList(): Network detected
134s DeviceModule:MoveRandom(): New position: (16, 16)
134s DecisionModule:RemoveNetworkFromList(): Network: 2 out of range!
135s DeviceModule:MoveRandom(): New position: (16, 4)
135s ExecutionModule:OutOfRange(): OUT OF BETTER NETWORK! Choosing another network...
135s DecisionModule:RemoveNetworkFromList(): Network: 8 out of range!
135s DecisionModule:Run(): Run decision
135s DecisionModule:AnalyzingNetworks(): Current Network: 
       [Network #3, Technology = Wifi, Address = 02-06-00:00:00:00:00:05, { DataRate: 16, SignalStrength: 3, AntiFragility: 88}, IQ: 48]
135s DecisionModule:ShowAllNetworks(): All detected networks:
       [Network #3, Technology = Wifi, Address = 02-06-00:00:00:00:00:05, { DataRate: 16, SignalStrength: 3, AntiFragility: 88}, IQ: 48]
       [Network #1, Technology = Wifi, Address = 02-06-00:00:00:00:00:03, { DataRate: 16, SignalStrength: 91, AntiFragility: 22}, IQ: 37]
135s ExecutionModule:Run(): Decision time => Seconds: 0, Miliseconds: 102
135s ExecutionModule:Run(): Handover time => Seconds: 0, Miliseconds: 123
135s ExecutionModule:Run(): Event: Horizontal Handover.
136s DeviceModule:MoveRandom(): New position: (16, 4)
137s DeviceModule:MoveRandom(): New position: (28, 4)
137s DecisionModule:AddNetworkToList(): Network detected
138s DeviceModule:MoveRandom(): New position: (40, 4)
139s DeviceModule:MoveRandom(): New position: (40, 4)
140s DecisionModule:Run(): Run decision
140s DecisionModule:AnalyzingNetworks(): Current Network: 
       [Network #3, Technology = Wifi, Address = 02-06-00:00:00:00:00:05, { DataRate: 63, SignalStrength: 60, AntiFragility: 59}, IQ: 60]
140s DecisionModule:ShowAllNetworks(): All detected networks:
       [Network #3, Technology = Wifi, Address = 02-06-00:00:00:00:00:05, { DataRate: 63, SignalStrength: 60, AntiFragility: 59}, IQ: 60]
       [Network #8, Technology = Wifi, Address = 02-06-00:00:00:00:00:0a, { DataRate: 9, SignalStrength: 41, AntiFragility: 29}, IQ: 27]
       [Network #1, Technology = Wifi, Address = 02-06-00:00:00:00:00:03, { DataRate: 3, SignalStrength: 40, AntiFragility: 12}, IQ: 16]
140s DeviceModule:MoveRandom(): New position: (28, 4)
141s DeviceModule:MoveRandom(): New position: (16, 4)
141s DecisionModule:RemoveNetworkFromList(): Network: 8 out of range!
142s DeviceModule:MoveRandom(): New position: (16, 4)
143s DeviceModule:MoveRandom(): New position: (16, 4)
144s DeviceModule:MoveRandom(): New position: (4, 4)
145s DeviceModule:MoveRandom(): New position: (4, 4)
146s DeviceModule:MoveRandom(): New position: (16, 4)
147s DeviceModule:MoveRandom(): New position: (16, 16)
147s DecisionModule:AddNetworkToList(): Network detected
148s DeviceModule:MoveRandom(): New position: (16, 4)
148s DecisionModule:RemoveNetworkFromList(): Network: 8 out of range!
149s DeviceModule:MoveRandom(): New position: (16, 4)
150s DecisionModule:Run(): Run decision
150s DecisionModule:AnalyzingNetworks(): Current Network: 
       [Network #3, Technology = Wifi, Address = 02-06-00:00:00:00:00:05, { DataRate: 59, SignalStrength: 47, AntiFragility: 85}, IQ: 69]
150s DecisionModule:ShowAllNetworks(): All detected networks:
       [Network #3, Technology = Wifi, Address = 02-06-00:00:00:00:00:05, { DataRate: 59, SignalStrength: 47, AntiFragility: 85}, IQ: 69]
       [Network #1, Technology = Wifi, Address = 02-06-00:00:00:00:00:03, { DataRate: 59, SignalStrength: 47, AntiFragility: 78}, IQ: 65]
150s DeviceModule:MoveRandom(): New position: (4, 4)
151s DeviceModule:MoveRandom(): New position: (16, 4)
152s DeviceModule:MoveRandom(): New position: (4, 4)
153s DeviceModule:MoveRandom(): New position: (4, 4)
154s DeviceModule:MoveRandom(): New position: (4, 16)
155s DeviceModule:MoveRandom(): New position: (4, 4)
156s DeviceModule:MoveRandom(): New position: (4, 4)
157s DeviceModule:MoveRandom(): New position: (16, 4)
158s DeviceModule:MoveRandom(): New position: (16, 16)
158s DecisionModule:AddNetworkToList(): Network detected
159s DeviceModule:MoveRandom(): New position: (4, 16)
159s DecisionModule:RemoveNetworkFromList(): Network: 8 out of range!
160s DecisionModule:Run(): Run decision
160s DecisionModule:AnalyzingNetworks(): Current Network: 
       [Network #3, Technology = Wifi, Address = 02-06-00:00:00:00:00:05, { DataRate: 28, SignalStrength: 69, AntiFragility: 52}, IQ: 50]
160s DecisionModule:ShowAllNetworks(): All detected networks:
       [Network #3, Technology = Wifi, Address = 02-06-00:00:00:00:00:05, { DataRate: 28, SignalStrength: 69, AntiFragility: 52}, IQ: 50]
       [Network #1, Technology = Wifi, Address = 02-06-00:00:00:00:00:03, { DataRate: 9, SignalStrength: 44, AntiFragility: 58}, IQ: 42]
160s DeviceModule:MoveRandom(): New position: (4, 16)
161s DeviceModule:MoveRandom(): New position: (4, 28)
161s DecisionModule:AddNetworkToList(): Network detected
162s DeviceModule:MoveRandom(): New position: (4, 28)
163s DeviceModule:MoveRandom(): New position: (4, 40)
163s DecisionModule:AddNetworkToList(): Network detected
164s DeviceModule:MoveRandom(): New position: (16, 40)
164s DecisionModule:AddNetworkToList(): Network detected
164s DecisionModule:AddNetworkToList(): Network detected
165s DeviceModule:MoveRandom(): New position: (4, 40)
165s DecisionModule:RemoveNetworkFromList(): Network: 5 out of range!
165s DecisionModule:RemoveNetworkFromList(): Network: 17 out of range!
166s DeviceModule:MoveRandom(): New position: (4, 28)
166s DecisionModule:RemoveNetworkFromList(): Network: 2 out of range!
167s DeviceModule:MoveRandom(): New position: (16, 28)
167s DecisionModule:AddNetworkToList(): Network detected
168s DeviceModule:MoveRandom(): New position: (28, 28)
168s DecisionModule:AddNetworkToList(): Network detected
168s DecisionModule:AddNetworkToList(): Network detected
169s DeviceModule:MoveRandom(): New position: (28, 40)
170s DecisionModule:Run(): Run decision
170s DecisionModule:AnalyzingNetworks(): Current Network: 
       [Network #3, Technology = Wifi, Address = 02-06-00:00:00:00:00:05, { DataRate: 27, SignalStrength: 98, AntiFragility: 91}, IQ: 76]
170s DecisionModule:ShowAllNetworks(): All detected networks:
       [Network #3, Technology = Wifi, Address = 02-06-00:00:00:00:00:05, { DataRate: 27, SignalStrength: 98, AntiFragility: 91}, IQ: 76]
       [Network #5, Technology = Wifi, Address = 02-06-00:00:00:00:00:07, { DataRate: 19, SignalStrength: 37, AntiFragility: 91}, IQ: 59]
       [Network #1, Technology = Wifi, Address = 02-06-00:00:00:00:00:03, { DataRate: 49, SignalStrength: 11, AntiFragility: 75}, IQ: 52]
       [Network #17, Technology = Wifi, Address = 02-06-00:00:00:00:00:13, { DataRate: 73, SignalStrength: 98, AntiFragility: 20}, IQ: 52]
       [Network #8, Technology = Wifi, Address = 02-06-00:00:00:00:00:0a, { DataRate: 64, SignalStrength: 66, AntiFragility: 30}, IQ: 47]
       [Network #2, Technology = Wifi, Address = 02-06-00:00:00:00:00:04, { DataRate: 58, SignalStrength: 32, AntiFragility: 27}, IQ: 36]
170s DeviceModule:MoveRandom(): New position: (40, 40)
171s DeviceModule:MoveRandom(): New position: (52, 40)
171s DecisionModule:AddNetworkToList(): Network detected
172s DeviceModule:MoveRandom(): New position: (40, 40)
172s DecisionModule:RemoveNetworkFromList(): Network: 13 out of range!
173s DeviceModule:MoveRandom(): New position: (28, 40)
174s DeviceModule:MoveRandom(): New position: (28, 52)
175s DeviceModule:MoveRandom(): New position: (16, 52)
176s DeviceModule:MoveRandom(): New position: (16, 40)
177s DeviceModule:MoveRandom(): New position: (16, 28)
177s DecisionModule:RemoveNetworkFromList(): Network: 5 out of range!
177s DecisionModule:RemoveNetworkFromList(): Network: 17 out of range!
178s DeviceModule:MoveRandom(): New position: (16, 40)
178s DecisionModule:AddNetworkToList(): Network detected
178s DecisionModule:AddNetworkToList(): Network detected
179s DeviceModule:MoveRandom(): New position: (4, 40)
179s DecisionModule:RemoveNetworkFromList(): Network: 5 out of range!
179s DecisionModule:RemoveNetworkFromList(): Network: 17 out of range!
180s DecisionModule:Run(): Run decision
180s DecisionModule:AnalyzingNetworks(): Current Network: 
       [Network #1, Technology = Wifi, Address = 02-06-00:00:00:00:00:03, { DataRate: 71, SignalStrength: 83, AntiFragility: 82}, IQ: 79]
180s DecisionModule:ShowAllNetworks(): All detected networks:
       [Network #1, Technology = Wifi, Address = 02-06-00:00:00:00:00:03, { DataRate: 71, SignalStrength: 83, AntiFragility: 82}, IQ: 79]
       [Network #8, Technology = Wifi, Address = 02-06-00:00:00:00:00:0a, { DataRate: 67, SignalStrength: 87, AntiFragility: 19}, IQ: 48]
       [Network #2, Technology = Wifi, Address = 02-06-00:00:00:00:00:04, { DataRate: 25, SignalStrength: 95, AntiFragility: 11}, IQ: 35]
       [Network #3, Technology = Wifi, Address = 02-06-00:00:00:00:00:05, { DataRate: 39, SignalStrength: 28, AntiFragility: 25}, IQ: 29]
180s ExecutionModule:Run(): Decision time => Seconds: 0, Miliseconds: 166
180s ExecutionModule:Run(): Handover time => Seconds: 0, Miliseconds: 121
180s ExecutionModule:Run(): Event: Horizontal Handover.
180s DeviceModule:MoveRandom(): New position: (4, 52)
180s DecisionModule:AddNetworkToList(): Network detected
180s DecisionModule:AddNetworkToList(): Network detected
181s DeviceModule:MoveRandom(): New position: (4, 40)
181s DecisionModule:RemoveNetworkFromList(): Network: 5 out of range!
181s DecisionModule:RemoveNetworkFromList(): Network: 17 out of range!
182s DeviceModule:MoveRandom(): New position: (4, 28)
182s DecisionModule:RemoveNetworkFromList(): Network: 2 out of range!
183s DeviceModule:MoveRandom(): New position: (16, 28)
183s DecisionModule:AddNetworkToList(): Network detected
184s DeviceModule:MoveRandom(): New position: (4, 28)
184s DecisionModule:RemoveNetworkFromList(): Network: 2 out of range!
185s DeviceModule:MoveRandom(): New position: (4, 16)
185s DecisionModule:RemoveNetworkFromList(): Network: 8 out of range!
186s DeviceModule:MoveRandom(): New position: (4, 28)
186s DecisionModule:AddNetworkToList(): Network detected
187s DeviceModule:MoveRandom(): New position: (4, 16)
187s DecisionModule:RemoveNetworkFromList(): Network: 8 out of range!
188s DeviceModule:MoveRandom(): New position: (4, 28)
188s DecisionModule:AddNetworkToList(): Network detected
189s DeviceModule:MoveRandom(): New position: (16, 28)
189s DecisionModule:AddNetworkToList(): Network detected
190s DecisionModule:Run(): Run decision
190s DecisionModule:AnalyzingNetworks(): Current Network: 
       [Network #3, Technology = Wifi, Address = 02-06-00:00:00:00:00:05, { DataRate: 88, SignalStrength: 43, AntiFragility: 90}, IQ: 77]
190s DecisionModule:ShowAllNetworks(): All detected networks:
       [Network #3, Technology = Wifi, Address = 02-06-00:00:00:00:00:05, { DataRate: 88, SignalStrength: 43, AntiFragility: 90}, IQ: 77]
       [Network #8, Technology = Wifi, Address = 02-06-00:00:00:00:00:0a, { DataRate: 87, SignalStrength: 28, AntiFragility: 79}, IQ: 68]
       [Network #1, Technology = Wifi, Address = 02-06-00:00:00:00:00:03, { DataRate: 39, SignalStrength: 73, AntiFragility: 59}, IQ: 57]
       [Network #2, Technology = Wifi, Address = 02-06-00:00:00:00:00:04, { DataRate: 47, SignalStrength: 42, AntiFragility: 15}, IQ: 29]
190s ExecutionModule:Run(): Decision time => Seconds: 0, Miliseconds: 166
190s ExecutionModule:Run(): Handover time => Seconds: 0, Miliseconds: 121
190s ExecutionModule:Run(): Event: Horizontal Handover.
190s DeviceModule:MoveRandom(): New position: (16, 16)
190s DecisionModule:RemoveNetworkFromList(): Network: 2 out of range!
191s DeviceModule:MoveRandom(): New position: (28, 16)
192s DeviceModule:MoveRandom(): New position: (16, 16)
193s DeviceModule:MoveRandom(): New position: (28, 16)
194s DeviceModule:MoveRandom(): New position: (28, 28)
194s DecisionModule:AddNetworkToList(): Network detected
194s DecisionModule:AddNetworkToList(): Network detected
194s DecisionModule:AddNetworkToList(): Network detected
195s DeviceModule:MoveRandom(): New position: (40, 28)
196s DeviceModule:MoveRandom(): New position: (52, 28)
196s DecisionModule:AddNetworkToList(): Network detected
197s DeviceModule:MoveRandom(): New position: (52, 40)
198s DeviceModule:MoveRandom(): New position: (52, 52)
198s DecisionModule:AddNetworkToList(): Network detected
198s DecisionModule:RemoveNetworkFromList(): Network: 13 out of range!
199s DeviceModule:MoveRandom(): New position: (52, 40)
199s DecisionModule:RemoveNetworkFromList(): Network: 7 out of range!
199s DecisionModule:AddNetworkToList(): Network detected
