Waf: Entering directory `/home/renan/Documents/NR2/ns-allinone-3.20/ns-3.20/build'
Waf: Leaving directory `/home/renan/Documents/NR2/ns-allinone-3.20/ns-3.20/build'
'build' finished successfully (1.832s)
0s NetworkModule:SetPosition(): Network 0 set position => (37, 130)
0s NetworkModule:SetRange(): Network 0 set range => 100
0s NetworkModule:SetPosition(): Network 1 set position => (117, 90)
0s NetworkModule:SetRange(): Network 1 set range => 100
0s NetworkModule:SetPosition(): Network 2 set position => (66, 107)
0s NetworkModule:SetRange(): Network 2 set range => 100
0s NetworkModule:SetPosition(): Network 3 set position => (144, 48)
0s NetworkModule:SetRange(): Network 3 set range => 100
0s NetworkModule:SetPosition(): Network 4 set position => (112, 134)
0s NetworkModule:SetRange(): Network 4 set range => 100
0s NetworkModule:SetPosition(): Network 5 set position => (88, 134)
0s NetworkModule:SetRange(): Network 5 set range => 100
0s NetworkModule:SetPosition(): Network 6 set position => (112, 133)
0s NetworkModule:SetRange(): Network 6 set range => 100
0s NetworkModule:SetPosition(): Network 7 set position => (16, 91)
0s NetworkModule:SetRange(): Network 7 set range => 100
0s NetworkModule:SetPosition(): Network 8 set position => (145, 120)
0s NetworkModule:SetRange(): Network 8 set range => 100
0s NetworkModule:SetPosition(): Network 9 set position => (79, 90)
0s NetworkModule:SetRange(): Network 9 set range => 100
0s DeviceModule:ConfigureMobility(): Device [init x = 75, init y = 75, max = 150, velocity = 3]
1s DeviceModule:MoveRandom(): New position: (75, 78)
1s DecisionModule:AddNetworkToList(): Network detected
1s DecisionModule:AddNetworkToList(): Network detected
1s DecisionModule:AddNetworkToList(): Network detected
1s DecisionModule:AddNetworkToList(): Network detected
1s DecisionModule:AddNetworkToList(): Network detected
1s DecisionModule:AddNetworkToList(): Network detected
1s DecisionModule:AddNetworkToList(): Network detected
1s DecisionModule:AddNetworkToList(): Network detected
1s DecisionModule:AddNetworkToList(): Network detected
1s DecisionModule:AddNetworkToList(): Network detected
2s DeviceModule:MoveRandom(): New position: (72, 78)
3s DeviceModule:MoveRandom(): New position: (69, 78)
4s DeviceModule:MoveRandom(): New position: (69, 81)
5s DeviceModule:MoveRandom(): New position: (69, 84)
6s DeviceModule:MoveRandom(): New position: (69, 87)
7s DeviceModule:MoveRandom(): New position: (66, 87)
8s DeviceModule:MoveRandom(): New position: (66, 84)
9s DeviceModule:MoveRandom(): New position: (69, 84)
10s DeviceModule:MoveRandom(): New position: (69, 87)
11s DeviceModule:MoveRandom(): New position: (72, 87)
12s DeviceModule:MoveRandom(): New position: (75, 87)
13s DeviceModule:MoveRandom(): New position: (78, 87)
14s DeviceModule:MoveRandom(): New position: (81, 87)
15s DecisionModule:Run(): Run decision
15s DecisionModule:AnalyzingNetworks(): Current Network: 
       [Network #6, Technology = Wifi, Address = 02-06-00:00:00:00:00:08, { DataRate: 50, SignalStrength: 45, AntiFragility: 86}, IQ: 66]
15s DecisionModule:ShowAllNetworks(): All detected networks:
       [Network #6, Technology = Wifi, Address = 02-06-00:00:00:00:00:08, { DataRate: 50, SignalStrength: 45, AntiFragility: 86}, IQ: 66]
       [Network #8, Technology = Wimax, Address = 02-06-00:00:00:00:00:0b, { DataRate: 75, SignalStrength: 65, AntiFragility: 55}, IQ: 62]
       [Network #3, Technology = Wifi, Address = 02-06-00:00:00:00:00:05, { DataRate: 62, SignalStrength: 74, AntiFragility: 53}, IQ: 60]
       [Network #2, Technology = Wifi, Address = 02-06-00:00:00:00:00:04, { DataRate: 70, SignalStrength: 47, AntiFragility: 55}, IQ: 56]
       [Network #5, Technology = Wifi, Address = 02-06-00:00:00:00:00:07, { DataRate: 96, SignalStrength: 43, AntiFragility: 42}, IQ: 55]
       [Network #4, Technology = Wifi, Address = 02-06-00:00:00:00:00:06, { DataRate: 49, SignalStrength: 86, AntiFragility: 38}, IQ: 52]
       [Network #1, Technology = Wifi, Address = 02-06-00:00:00:00:00:03, { DataRate: 54, SignalStrength: 6, AntiFragility: 74}, IQ: 52]
       [Network #0, Technology = Wifi, Address = 02-06-00:00:00:00:00:02, { DataRate: 88, SignalStrength: 10, AntiFragility: 52}, IQ: 50]
       [Network #7, Technology = Wifi, Address = 02-06-00:00:00:00:00:09, { DataRate: 66, SignalStrength: 67, AntiFragility: 16}, IQ: 41]
       [Network #9, Technology = Wimax, Address = 02-06-00:00:00:00:00:0c, { DataRate: 42, SignalStrength: 39, AntiFragility: 41}, IQ: 40]
15s DeviceModule:MoveRandom(): New position: (81, 90)
16s DeviceModule:MoveRandom(): New position: (78, 90)
17s DeviceModule:MoveRandom(): New position: (78, 87)
18s DeviceModule:MoveRandom(): New position: (78, 90)
19s DeviceModule:MoveRandom(): New position: (81, 90)
20s DeviceModule:MoveRandom(): New position: (81, 93)
21s DeviceModule:MoveRandom(): New position: (81, 90)
22s DeviceModule:MoveRandom(): New position: (84, 90)
23s DeviceModule:MoveRandom(): New position: (81, 90)
24s DeviceModule:MoveRandom(): New position: (81, 87)
25s DeviceModule:MoveRandom(): New position: (81, 84)
26s DeviceModule:MoveRandom(): New position: (84, 84)
27s DeviceModule:MoveRandom(): New position: (84, 87)
28s DeviceModule:MoveRandom(): New position: (81, 87)
29s DeviceModule:MoveRandom(): New position: (84, 87)
30s DecisionModule:Run(): Run decision
30s DecisionModule:AnalyzingNetworks(): Current Network: 
       [Network #6, Technology = Wifi, Address = 02-06-00:00:00:00:00:08, { DataRate: 85, SignalStrength: 84, AntiFragility: 65}, IQ: 74]
30s DecisionModule:ShowAllNetworks(): All detected networks:
       [Network #6, Technology = Wifi, Address = 02-06-00:00:00:00:00:08, { DataRate: 85, SignalStrength: 84, AntiFragility: 65}, IQ: 74]
       [Network #9, Technology = Wimax, Address = 02-06-00:00:00:00:00:0c, { DataRate: 71, SignalStrength: 50, AntiFragility: 74}, IQ: 67]
       [Network #2, Technology = Wifi, Address = 02-06-00:00:00:00:00:04, { DataRate: 80, SignalStrength: 93, AntiFragility: 31}, IQ: 58]
       [Network #1, Technology = Wifi, Address = 02-06-00:00:00:00:00:03, { DataRate: 53, SignalStrength: 56, AntiFragility: 58}, IQ: 56]
       [Network #8, Technology = Wimax, Address = 02-06-00:00:00:00:00:0b, { DataRate: 5, SignalStrength: 78, AntiFragility: 53}, IQ: 47]
       [Network #3, Technology = Wifi, Address = 02-06-00:00:00:00:00:05, { DataRate: 37, SignalStrength: 38, AntiFragility: 55}, IQ: 46]
       [Network #7, Technology = Wifi, Address = 02-06-00:00:00:00:00:09, { DataRate: 83, SignalStrength: 83, AntiFragility: 8}, IQ: 45]
       [Network #0, Technology = Wifi, Address = 02-06-00:00:00:00:00:02, { DataRate: 60, SignalStrength: 64, AntiFragility: 14}, IQ: 38]
       [Network #4, Technology = Wifi, Address = 02-06-00:00:00:00:00:06, { DataRate: 30, SignalStrength: 46, AntiFragility: 36}, IQ: 37]
       [Network #5, Technology = Wifi, Address = 02-06-00:00:00:00:00:07, { DataRate: 6, SignalStrength: 4, AntiFragility: 42}, IQ: 23]
30s DeviceModule:MoveRandom(): New position: (81, 87)
31s DeviceModule:MoveRandom(): New position: (84, 87)
32s DeviceModule:MoveRandom(): New position: (87, 87)
33s DeviceModule:MoveRandom(): New position: (90, 87)
34s DeviceModule:MoveRandom(): New position: (93, 87)
35s DeviceModule:MoveRandom(): New position: (93, 90)
36s DeviceModule:MoveRandom(): New position: (96, 90)
37s DeviceModule:MoveRandom(): New position: (96, 93)
38s DeviceModule:MoveRandom(): New position: (93, 93)
39s DeviceModule:MoveRandom(): New position: (93, 96)
40s DeviceModule:MoveRandom(): New position: (93, 99)
41s DeviceModule:MoveRandom(): New position: (93, 96)
42s DeviceModule:MoveRandom(): New position: (93, 99)
43s DeviceModule:MoveRandom(): New position: (90, 99)
44s DeviceModule:MoveRandom(): New position: (87, 99)
45s DecisionModule:Run(): Run decision
45s DecisionModule:AnalyzingNetworks(): Current Network: 
       [Network #1, Technology = Wifi, Address = 02-06-00:00:00:00:00:03, { DataRate: 80, SignalStrength: 60, AntiFragility: 70}, IQ: 70]
45s DecisionModule:ShowAllNetworks(): All detected networks:
       [Network #1, Technology = Wifi, Address = 02-06-00:00:00:00:00:03, { DataRate: 80, SignalStrength: 60, AntiFragility: 70}, IQ: 70]
       [Network #4, Technology = Wifi, Address = 02-06-00:00:00:00:00:06, { DataRate: 95, SignalStrength: 23, AntiFragility: 78}, IQ: 68]
       [Network #0, Technology = Wifi, Address = 02-06-00:00:00:00:00:02, { DataRate: 98, SignalStrength: 53, AntiFragility: 49}, IQ: 62]
       [Network #8, Technology = Wimax, Address = 02-06-00:00:00:00:00:0b, { DataRate: 54, SignalStrength: 60, AntiFragility: 66}, IQ: 61]
       [Network #3, Technology = Wifi, Address = 02-06-00:00:00:00:00:05, { DataRate: 17, SignalStrength: 57, AntiFragility: 64}, IQ: 50]
       [Network #2, Technology = Wifi, Address = 02-06-00:00:00:00:00:04, { DataRate: 38, SignalStrength: 33, AntiFragility: 63}, IQ: 49]
       [Network #9, Technology = Wimax, Address = 02-06-00:00:00:00:00:0c, { DataRate: 34, SignalStrength: 96, AntiFragility: 20}, IQ: 42]
       [Network #6, Technology = Wifi, Address = 02-06-00:00:00:00:00:08, { DataRate: 18, SignalStrength: 97, AntiFragility: 22}, IQ: 39]
       [Network #5, Technology = Wifi, Address = 02-06-00:00:00:00:00:07, { DataRate: 60, SignalStrength: 6, AntiFragility: 42}, IQ: 37]
       [Network #7, Technology = Wifi, Address = 02-06-00:00:00:00:00:09, { DataRate: 8, SignalStrength: 48, AntiFragility: 41}, IQ: 34]
45s ExecutionModule:Run(): Decision time => Seconds: 0, Miliseconds: 217
45s ExecutionModule:Run(): Handover time => Seconds: 0, Miliseconds: 177
45s ExecutionModule:Run(): Event: Horizontal Handover.
45s DeviceModule:MoveRandom(): New position: (87, 102)
46s DeviceModule:MoveRandom(): New position: (84, 102)
47s DeviceModule:MoveRandom(): New position: (84, 105)
48s DeviceModule:MoveRandom(): New position: (84, 102)
49s DeviceModule:MoveRandom(): New position: (84, 105)
50s DeviceModule:MoveRandom(): New position: (84, 102)
51s DeviceModule:MoveRandom(): New position: (87, 102)
52s DeviceModule:MoveRandom(): New position: (87, 105)
53s DeviceModule:MoveRandom(): New position: (84, 105)
54s DeviceModule:MoveRandom(): New position: (81, 105)
55s DeviceModule:MoveRandom(): New position: (78, 105)
56s DeviceModule:MoveRandom(): New position: (75, 105)
57s DeviceModule:MoveRandom(): New position: (75, 108)
58s DeviceModule:MoveRandom(): New position: (72, 108)
59s DeviceModule:MoveRandom(): New position: (72, 105)
60s DecisionModule:Run(): Run decision
60s DecisionModule:AnalyzingNetworks(): Current Network: 
       [Network #1, Technology = Wifi, Address = 02-06-00:00:00:00:00:03, { DataRate: 78, SignalStrength: 97, AntiFragility: 86}, IQ: 86]
60s DecisionModule:ShowAllNetworks(): All detected networks:
       [Network #1, Technology = Wifi, Address = 02-06-00:00:00:00:00:03, { DataRate: 78, SignalStrength: 97, AntiFragility: 86}, IQ: 86]
       [Network #4, Technology = Wifi, Address = 02-06-00:00:00:00:00:06, { DataRate: 81, SignalStrength: 82, AntiFragility: 30}, IQ: 55]
       [Network #6, Technology = Wifi, Address = 02-06-00:00:00:00:00:08, { DataRate: 21, SignalStrength: 95, AntiFragility: 49}, IQ: 53]
       [Network #0, Technology = Wifi, Address = 02-06-00:00:00:00:00:02, { DataRate: 39, SignalStrength: 22, AntiFragility: 69}, IQ: 49]
       [Network #8, Technology = Wimax, Address = 02-06-00:00:00:00:00:0b, { DataRate: 29, SignalStrength: 48, AntiFragility: 59}, IQ: 48]
       [Network #7, Technology = Wifi, Address = 02-06-00:00:00:00:00:09, { DataRate: 45, SignalStrength: 91, AntiFragility: 18}, IQ: 43]
       [Network #5, Technology = Wifi, Address = 02-06-00:00:00:00:00:07, { DataRate: 61, SignalStrength: 59, AntiFragility: 8}, IQ: 34]
       [Network #9, Technology = Wimax, Address = 02-06-00:00:00:00:00:0c, { DataRate: 16, SignalStrength: 34, AntiFragility: 33}, IQ: 29]
       [Network #3, Technology = Wifi, Address = 02-06-00:00:00:00:00:05, { DataRate: 54, SignalStrength: 36, AntiFragility: 12}, IQ: 28]
       [Network #2, Technology = Wifi, Address = 02-06-00:00:00:00:00:04, { DataRate: 13, SignalStrength: 2, AntiFragility: 33}, IQ: 20]
60s DeviceModule:MoveRandom(): New position: (72, 102)
61s DeviceModule:MoveRandom(): New position: (75, 102)
62s DeviceModule:MoveRandom(): New position: (72, 102)
63s DeviceModule:MoveRandom(): New position: (72, 99)
64s DeviceModule:MoveRandom(): New position: (69, 99)
65s DeviceModule:MoveRandom(): New position: (66, 99)
66s DeviceModule:MoveRandom(): New position: (69, 99)
67s DeviceModule:MoveRandom(): New position: (72, 99)
68s DeviceModule:MoveRandom(): New position: (72, 102)
69s DeviceModule:MoveRandom(): New position: (69, 102)
70s DeviceModule:MoveRandom(): New position: (69, 105)
71s DeviceModule:MoveRandom(): New position: (69, 102)
72s DeviceModule:MoveRandom(): New position: (66, 102)
73s DeviceModule:MoveRandom(): New position: (69, 102)
74s DeviceModule:MoveRandom(): New position: (69, 99)
75s DecisionModule:Run(): Run decision
75s DecisionModule:AnalyzingNetworks(): Current Network: 
       [Network #8, Technology = Wimax, Address = 02-06-00:00:00:00:00:0b, { DataRate: 19, SignalStrength: 99, AntiFragility: 98}, IQ: 78]
75s DecisionModule:ShowAllNetworks(): All detected networks:
       [Network #8, Technology = Wimax, Address = 02-06-00:00:00:00:00:0b, { DataRate: 19, SignalStrength: 99, AntiFragility: 98}, IQ: 78]
       [Network #1, Technology = Wifi, Address = 02-06-00:00:00:00:00:03, { DataRate: 54, SignalStrength: 78, AntiFragility: 57}, IQ: 61]
       [Network #4, Technology = Wifi, Address = 02-06-00:00:00:00:00:06, { DataRate: 89, SignalStrength: 50, AntiFragility: 51}, IQ: 60]
       [Network #5, Technology = Wifi, Address = 02-06-00:00:00:00:00:07, { DataRate: 25, SignalStrength: 66, AntiFragility: 70}, IQ: 57]
       [Network #3, Technology = Wifi, Address = 02-06-00:00:00:00:00:05, { DataRate: 50, SignalStrength: 57, AntiFragility: 55}, IQ: 54]
       [Network #0, Technology = Wifi, Address = 02-06-00:00:00:00:00:02, { DataRate: 86, SignalStrength: 18, AntiFragility: 52}, IQ: 52]
       [Network #2, Technology = Wifi, Address = 02-06-00:00:00:00:00:04, { DataRate: 25, SignalStrength: 67, AntiFragility: 36}, IQ: 41]
       [Network #6, Technology = Wifi, Address = 02-06-00:00:00:00:00:08, { DataRate: 60, SignalStrength: 6, AntiFragility: 42}, IQ: 37]
       [Network #7, Technology = Wifi, Address = 02-06-00:00:00:00:00:09, { DataRate: 34, SignalStrength: 6, AntiFragility: 49}, IQ: 34]
       [Network #9, Technology = Wimax, Address = 02-06-00:00:00:00:00:0c, { DataRate: 4, SignalStrength: 56, AntiFragility: 30}, IQ: 30]
75s ExecutionModule:Run(): Decision time => Seconds: 0, Miliseconds: 209
75s ExecutionModule:Run(): Handover time => Seconds: 0, Miliseconds: 259
75s ExecutionModule:Run(): Event: Vertical Handover.
75s DeviceModule:MoveRandom(): New position: (72, 99)
76s DeviceModule:MoveRandom(): New position: (75, 99)
77s DeviceModule:MoveRandom(): New position: (78, 99)
78s DeviceModule:MoveRandom(): New position: (78, 102)
79s DeviceModule:MoveRandom(): New position: (75, 102)
80s DeviceModule:MoveRandom(): New position: (72, 102)
81s DeviceModule:MoveRandom(): New position: (72, 105)
82s DeviceModule:MoveRandom(): New position: (72, 108)
83s DeviceModule:MoveRandom(): New position: (69, 108)
84s DeviceModule:MoveRandom(): New position: (69, 111)
85s DeviceModule:MoveRandom(): New position: (66, 111)
86s DeviceModule:MoveRandom(): New position: (66, 114)
86s DecisionModule:RemoveNetworkFromList(): Network: 3 out of range!
87s DeviceModule:MoveRandom(): New position: (66, 111)
87s DecisionModule:AddNetworkToList(): Network detected
88s DeviceModule:MoveRandom(): New position: (63, 111)
88s DecisionModule:RemoveNetworkFromList(): Network: 3 out of range!
89s DeviceModule:MoveRandom(): New position: (60, 111)
90s DecisionModule:Run(): Run decision
90s DecisionModule:AnalyzingNetworks(): Current Network: 
       [Network #6, Technology = Wifi, Address = 02-06-00:00:00:00:00:08, { DataRate: 89, SignalStrength: 76, AntiFragility: 86}, IQ: 84]
90s DecisionModule:ShowAllNetworks(): All detected networks:
       [Network #6, Technology = Wifi, Address = 02-06-00:00:00:00:00:08, { DataRate: 89, SignalStrength: 76, AntiFragility: 86}, IQ: 84]
       [Network #5, Technology = Wifi, Address = 02-06-00:00:00:00:00:07, { DataRate: 88, SignalStrength: 78, AntiFragility: 77}, IQ: 80]
       [Network #1, Technology = Wifi, Address = 02-06-00:00:00:00:00:03, { DataRate: 35, SignalStrength: 90, AntiFragility: 77}, IQ: 69]
       [Network #0, Technology = Wifi, Address = 02-06-00:00:00:00:00:02, { DataRate: 89, SignalStrength: 7, AntiFragility: 87}, IQ: 67]
       [Network #8, Technology = Wimax, Address = 02-06-00:00:00:00:00:0b, { DataRate: 96, SignalStrength: 96, AntiFragility: 20}, IQ: 58]
       [Network #7, Technology = Wifi, Address = 02-06-00:00:00:00:00:09, { DataRate: 27, SignalStrength: 32, AntiFragility: 85}, IQ: 57]
       [Network #4, Technology = Wifi, Address = 02-06-00:00:00:00:00:06, { DataRate: 18, SignalStrength: 11, AntiFragility: 56}, IQ: 35]
       [Network #2, Technology = Wifi, Address = 02-06-00:00:00:00:00:04, { DataRate: 1, SignalStrength: 23, AntiFragility: 34}, IQ: 23]
       [Network #9, Technology = Wimax, Address = 02-06-00:00:00:00:00:0c, { DataRate: 14, SignalStrength: 64, AntiFragility: 2}, IQ: 20]
90s ExecutionModule:Run(): Decision time => Seconds: 0, Miliseconds: 221
90s ExecutionModule:Run(): Handover time => Seconds: 0, Miliseconds: 31
90s ExecutionModule:Run(): Event: Vertical Handover.
90s DeviceModule:MoveRandom(): New position: (60, 108)
91s DeviceModule:MoveRandom(): New position: (57, 108)
92s DeviceModule:MoveRandom(): New position: (57, 105)
93s DeviceModule:MoveRandom(): New position: (54, 105)
94s DeviceModule:MoveRandom(): New position: (54, 108)
95s DeviceModule:MoveRandom(): New position: (57, 108)
96s DeviceModule:MoveRandom(): New position: (57, 111)
97s DeviceModule:MoveRandom(): New position: (57, 108)
98s DeviceModule:MoveRandom(): New position: (57, 111)
99s DeviceModule:MoveRandom(): New position: (57, 114)
100s DeviceModule:MoveRandom(): New position: (54, 114)
101s DeviceModule:MoveRandom(): New position: (57, 114)
102s DeviceModule:MoveRandom(): New position: (54, 114)
103s DeviceModule:MoveRandom(): New position: (54, 111)
104s DeviceModule:MoveRandom(): New position: (51, 111)
105s DecisionModule:Run(): Run decision
105s DecisionModule:AnalyzingNetworks(): Current Network: 
       [Network #4, Technology = Wifi, Address = 02-06-00:00:00:00:00:06, { DataRate: 44, SignalStrength: 78, AntiFragility: 79}, IQ: 70]
105s DecisionModule:ShowAllNetworks(): All detected networks:
       [Network #4, Technology = Wifi, Address = 02-06-00:00:00:00:00:06, { DataRate: 44, SignalStrength: 78, AntiFragility: 79}, IQ: 70]
       [Network #7, Technology = Wifi, Address = 02-06-00:00:00:00:00:09, { DataRate: 33, SignalStrength: 99, AntiFragility: 69}, IQ: 67]
       [Network #2, Technology = Wifi, Address = 02-06-00:00:00:00:00:04, { DataRate: 72, SignalStrength: 33, AntiFragility: 79}, IQ: 65]
       [Network #5, Technology = Wifi, Address = 02-06-00:00:00:00:00:07, { DataRate: 35, SignalStrength: 48, AntiFragility: 87}, IQ: 64]
       [Network #1, Technology = Wifi, Address = 02-06-00:00:00:00:00:03, { DataRate: 41, SignalStrength: 53, AntiFragility: 58}, IQ: 52]
       [Network #6, Technology = Wifi, Address = 02-06-00:00:00:00:00:08, { DataRate: 9, SignalStrength: 22, AntiFragility: 53}, IQ: 34]
       [Network #8, Technology = Wimax, Address = 02-06-00:00:00:00:00:0b, { DataRate: 91, SignalStrength: 29, AntiFragility: 8}, IQ: 34]
       [Network #0, Technology = Wifi, Address = 02-06-00:00:00:00:00:02, { DataRate: 53, SignalStrength: 41, AntiFragility: 2}, IQ: 24]
       [Network #9, Technology = Wimax, Address = 02-06-00:00:00:00:00:0c, { DataRate: 60, SignalStrength: 26, AntiFragility: 1}, IQ: 22]
105s ExecutionModule:Run(): Decision time => Seconds: 0, Miliseconds: 322
105s ExecutionModule:Run(): Handover time => Seconds: 0, Miliseconds: 162
105s ExecutionModule:Run(): Event: Horizontal Handover.
105s DeviceModule:MoveRandom(): New position: (51, 108)
106s DeviceModule:MoveRandom(): New position: (51, 111)
107s DeviceModule:MoveRandom(): New position: (54, 111)
108s DeviceModule:MoveRandom(): New position: (51, 111)
109s DeviceModule:MoveRandom(): New position: (51, 114)
110s DeviceModule:MoveRandom(): New position: (51, 117)
111s DeviceModule:MoveRandom(): New position: (48, 117)
112s DeviceModule:MoveRandom(): New position: (48, 114)
113s DeviceModule:MoveRandom(): New position: (48, 111)
114s DeviceModule:MoveRandom(): New position: (45, 111)
115s DeviceModule:MoveRandom(): New position: (48, 111)
116s DeviceModule:MoveRandom(): New position: (48, 108)
117s DeviceModule:MoveRandom(): New position: (48, 105)
118s DeviceModule:MoveRandom(): New position: (45, 105)
118s DecisionModule:RemoveNetworkFromList(): Network: 8 out of range!
119s DeviceModule:MoveRandom(): New position: (48, 105)
119s DecisionModule:AddNetworkToList(): Network detected
120s DecisionModule:Run(): Run decision
120s DecisionModule:AnalyzingNetworks(): Current Network: 
       [Network #9, Technology = Wimax, Address = 02-06-00:00:00:00:00:0c, { DataRate: 41, SignalStrength: 51, AntiFragility: 96}, IQ: 71]
120s DecisionModule:ShowAllNetworks(): All detected networks:
       [Network #9, Technology = Wimax, Address = 02-06-00:00:00:00:00:0c, { DataRate: 41, SignalStrength: 51, AntiFragility: 96}, IQ: 71]
       [Network #0, Technology = Wifi, Address = 02-06-00:00:00:00:00:02, { DataRate: 84, SignalStrength: 85, AntiFragility: 46}, IQ: 65]
       [Network #8, Technology = Wimax, Address = 02-06-00:00:00:00:00:0b, { DataRate: 89, SignalStrength: 28, AntiFragility: 70}, IQ: 64]
       [Network #4, Technology = Wifi, Address = 02-06-00:00:00:00:00:06, { DataRate: 46, SignalStrength: 68, AntiFragility: 67}, IQ: 62]
       [Network #2, Technology = Wifi, Address = 02-06-00:00:00:00:00:04, { DataRate: 55, SignalStrength: 87, AntiFragility: 40}, IQ: 55]
       [Network #1, Technology = Wifi, Address = 02-06-00:00:00:00:00:03, { DataRate: 75, SignalStrength: 46, AntiFragility: 23}, IQ: 41]
       [Network #7, Technology = Wifi, Address = 02-06-00:00:00:00:00:09, { DataRate: 2, SignalStrength: 88, AntiFragility: 36}, IQ: 40]
       [Network #6, Technology = Wifi, Address = 02-06-00:00:00:00:00:08, { DataRate: 42, SignalStrength: 91, AntiFragility: 14}, IQ: 40]
       [Network #5, Technology = Wifi, Address = 02-06-00:00:00:00:00:07, { DataRate: 30, SignalStrength: 72, AntiFragility: 12}, IQ: 31]
120s ExecutionModule:Run(): Decision time => Seconds: 0, Miliseconds: 487
120s ExecutionModule:Run(): Handover time => Seconds: 0, Miliseconds: 79
120s ExecutionModule:Run(): Event: Vertical Handover.
120s DeviceModule:MoveRandom(): New position: (48, 102)
121s DeviceModule:MoveRandom(): New position: (48, 105)
122s DeviceModule:MoveRandom(): New position: (51, 105)
123s DeviceModule:MoveRandom(): New position: (51, 108)
124s DeviceModule:MoveRandom(): New position: (48, 108)
125s DeviceModule:MoveRandom(): New position: (45, 108)
126s DeviceModule:MoveRandom(): New position: (48, 108)
127s DeviceModule:MoveRandom(): New position: (45, 108)
128s DeviceModule:MoveRandom(): New position: (42, 108)
128s DecisionModule:RemoveNetworkFromList(): Network: 8 out of range!
129s DeviceModule:MoveRandom(): New position: (42, 111)
130s DeviceModule:MoveRandom(): New position: (42, 108)
131s DeviceModule:MoveRandom(): New position: (42, 105)
132s DeviceModule:MoveRandom(): New position: (45, 105)
133s DeviceModule:MoveRandom(): New position: (45, 102)
134s DeviceModule:MoveRandom(): New position: (42, 102)
135s DecisionModule:Run(): Run decision
135s DecisionModule:AnalyzingNetworks(): Current Network: 
       [Network #7, Technology = Wifi, Address = 02-06-00:00:00:00:00:09, { DataRate: 14, SignalStrength: 62, AntiFragility: 69}, IQ: 53]
135s DecisionModule:ShowAllNetworks(): All detected networks:
       [Network #7, Technology = Wifi, Address = 02-06-00:00:00:00:00:09, { DataRate: 14, SignalStrength: 62, AntiFragility: 69}, IQ: 53]
       [Network #9, Technology = Wimax, Address = 02-06-00:00:00:00:00:0c, { DataRate: 85, SignalStrength: 44, AntiFragility: 40}, IQ: 52]
       [Network #0, Technology = Wifi, Address = 02-06-00:00:00:00:00:02, { DataRate: 5, SignalStrength: 98, AntiFragility: 51}, IQ: 51]
       [Network #2, Technology = Wifi, Address = 02-06-00:00:00:00:00:04, { DataRate: 84, SignalStrength: 63, AntiFragility: 24}, IQ: 48]
       [Network #4, Technology = Wifi, Address = 02-06-00:00:00:00:00:06, { DataRate: 20, SignalStrength: 99, AntiFragility: 36}, IQ: 47]
       [Network #1, Technology = Wifi, Address = 02-06-00:00:00:00:00:03, { DataRate: 26, SignalStrength: 2, AntiFragility: 79}, IQ: 46]
       [Network #6, Technology = Wifi, Address = 02-06-00:00:00:00:00:08, { DataRate: 87, SignalStrength: 73, AntiFragility: 8}, IQ: 44]
       [Network #5, Technology = Wifi, Address = 02-06-00:00:00:00:00:07, { DataRate: 33, SignalStrength: 78, AntiFragility: 3}, IQ: 29]
135s ExecutionModule:Run(): Decision time => Seconds: 0, Miliseconds: 213
135s ExecutionModule:Run(): Handover time => Seconds: 0, Miliseconds: 31
135s ExecutionModule:Run(): Event: Vertical Handover.
135s DeviceModule:MoveRandom(): New position: (39, 102)
136s DeviceModule:MoveRandom(): New position: (42, 102)
137s DeviceModule:MoveRandom(): New position: (45, 102)
138s DeviceModule:MoveRandom(): New position: (45, 105)
139s DeviceModule:MoveRandom(): New position: (45, 108)
139s DecisionModule:AddNetworkToList(): Network detected
140s DeviceModule:MoveRandom(): New position: (45, 111)
141s DeviceModule:MoveRandom(): New position: (45, 108)
142s DeviceModule:MoveRandom(): New position: (48, 108)
143s DeviceModule:MoveRandom(): New position: (48, 111)
144s DeviceModule:MoveRandom(): New position: (45, 111)
145s DeviceModule:MoveRandom(): New position: (45, 108)
146s DeviceModule:MoveRandom(): New position: (42, 108)
146s DecisionModule:RemoveNetworkFromList(): Network: 8 out of range!
147s DeviceModule:MoveRandom(): New position: (42, 111)
148s DeviceModule:MoveRandom(): New position: (42, 114)
149s DeviceModule:MoveRandom(): New position: (42, 111)
150s DecisionModule:Run(): Run decision
150s DecisionModule:AnalyzingNetworks(): Current Network: 
       [Network #0, Technology = Wifi, Address = 02-06-00:00:00:00:00:02, { DataRate: 55, SignalStrength: 47, AntiFragility: 96}, IQ: 73]
150s DecisionModule:ShowAllNetworks(): All detected networks:
       [Network #0, Technology = Wifi, Address = 02-06-00:00:00:00:00:02, { DataRate: 55, SignalStrength: 47, AntiFragility: 96}, IQ: 73]
       [Network #4, Technology = Wifi, Address = 02-06-00:00:00:00:00:06, { DataRate: 55, SignalStrength: 87, AntiFragility: 69}, IQ: 70]
       [Network #6, Technology = Wifi, Address = 02-06-00:00:00:00:00:08, { DataRate: 83, SignalStrength: 73, AntiFragility: 63}, IQ: 70]
       [Network #7, Technology = Wifi, Address = 02-06-00:00:00:00:00:09, { DataRate: 27, SignalStrength: 7, AntiFragility: 97}, IQ: 57]
       [Network #2, Technology = Wifi, Address = 02-06-00:00:00:00:00:04, { DataRate: 18, SignalStrength: 11, AntiFragility: 92}, IQ: 53]
       [Network #9, Technology = Wimax, Address = 02-06-00:00:00:00:00:0c, { DataRate: 52, SignalStrength: 97, AntiFragility: 7}, IQ: 40]
       [Network #1, Technology = Wifi, Address = 02-06-00:00:00:00:00:03, { DataRate: 15, SignalStrength: 37, AntiFragility: 33}, IQ: 29]
       [Network #5, Technology = Wifi, Address = 02-06-00:00:00:00:00:07, { DataRate: 28, SignalStrength: 7, AntiFragility: 18}, IQ: 17]
150s ExecutionModule:Run(): Decision time => Seconds: 0, Miliseconds: 188
150s ExecutionModule:Run(): Handover time => Seconds: 0, Miliseconds: 121
150s ExecutionModule:Run(): Event: Horizontal Handover.
150s DeviceModule:MoveRandom(): New position: (39, 111)
151s DeviceModule:MoveRandom(): New position: (36, 111)
152s DeviceModule:MoveRandom(): New position: (36, 108)
153s DeviceModule:MoveRandom(): New position: (36, 111)
154s DeviceModule:MoveRandom(): New position: (36, 108)
155s DeviceModule:MoveRandom(): New position: (33, 108)
156s DeviceModule:MoveRandom(): New position: (33, 105)
157s DeviceModule:MoveRandom(): New position: (33, 102)
158s DeviceModule:MoveRandom(): New position: (36, 102)
159s DeviceModule:MoveRandom(): New position: (33, 102)
160s DeviceModule:MoveRandom(): New position: (30, 102)
161s DeviceModule:MoveRandom(): New position: (30, 105)
162s DeviceModule:MoveRandom(): New position: (27, 105)
163s DeviceModule:MoveRandom(): New position: (27, 108)
164s DeviceModule:MoveRandom(): New position: (24, 108)
165s DecisionModule:Run(): Run decision
165s DecisionModule:AnalyzingNetworks(): Current Network: 
       [Network #4, Technology = Wifi, Address = 02-06-00:00:00:00:00:06, { DataRate: 55, SignalStrength: 81, AntiFragility: 94}, IQ: 81]
165s DecisionModule:ShowAllNetworks(): All detected networks:
       [Network #4, Technology = Wifi, Address = 02-06-00:00:00:00:00:06, { DataRate: 55, SignalStrength: 81, AntiFragility: 94}, IQ: 81]
       [Network #5, Technology = Wifi, Address = 02-06-00:00:00:00:00:07, { DataRate: 66, SignalStrength: 64, AntiFragility: 67}, IQ: 66]
       [Network #2, Technology = Wifi, Address = 02-06-00:00:00:00:00:04, { DataRate: 69, SignalStrength: 16, AntiFragility: 87}, IQ: 64]
       [Network #9, Technology = Wimax, Address = 02-06-00:00:00:00:00:0c, { DataRate: 35, SignalStrength: 44, AntiFragility: 74}, IQ: 56]
       [Network #1, Technology = Wifi, Address = 02-06-00:00:00:00:00:03, { DataRate: 25, SignalStrength: 7, AntiFragility: 91}, IQ: 53]
       [Network #6, Technology = Wifi, Address = 02-06-00:00:00:00:00:08, { DataRate: 30, SignalStrength: 12, AntiFragility: 71}, IQ: 46]
       [Network #0, Technology = Wifi, Address = 02-06-00:00:00:00:00:02, { DataRate: 90, SignalStrength: 8, AntiFragility: 26}, IQ: 37]
       [Network #7, Technology = Wifi, Address = 02-06-00:00:00:00:00:09, { DataRate: 13, SignalStrength: 22, AntiFragility: 19}, IQ: 18]
165s ExecutionModule:Run(): Decision time => Seconds: 0, Miliseconds: 193
165s ExecutionModule:Run(): Handover time => Seconds: 0, Miliseconds: 121
165s ExecutionModule:Run(): Event: Horizontal Handover.
165s DeviceModule:MoveRandom(): New position: (27, 108)
166s DeviceModule:MoveRandom(): New position: (27, 105)
167s DeviceModule:MoveRandom(): New position: (30, 105)
168s DeviceModule:MoveRandom(): New position: (30, 102)
169s DeviceModule:MoveRandom(): New position: (30, 99)
170s DeviceModule:MoveRandom(): New position: (33, 99)
171s DeviceModule:MoveRandom(): New position: (30, 99)
172s DeviceModule:MoveRandom(): New position: (27, 99)
173s DeviceModule:MoveRandom(): New position: (24, 99)
174s DeviceModule:MoveRandom(): New position: (27, 99)
175s DeviceModule:MoveRandom(): New position: (27, 96)
176s DeviceModule:MoveRandom(): New position: (27, 93)
177s DeviceModule:MoveRandom(): New position: (30, 93)
178s DeviceModule:MoveRandom(): New position: (33, 93)
179s DeviceModule:MoveRandom(): New position: (36, 93)
180s DecisionModule:Run(): Run decision
180s DecisionModule:AnalyzingNetworks(): Current Network: 
       [Network #9, Technology = Wimax, Address = 02-06-00:00:00:00:00:0c, { DataRate: 35, SignalStrength: 84, AntiFragility: 90}, IQ: 74]
180s DecisionModule:ShowAllNetworks(): All detected networks:
       [Network #9, Technology = Wimax, Address = 02-06-00:00:00:00:00:0c, { DataRate: 35, SignalStrength: 84, AntiFragility: 90}, IQ: 74]
       [Network #6, Technology = Wifi, Address = 02-06-00:00:00:00:00:08, { DataRate: 92, SignalStrength: 7, AntiFragility: 58}, IQ: 53]
       [Network #5, Technology = Wifi, Address = 02-06-00:00:00:00:00:07, { DataRate: 60, SignalStrength: 31, AntiFragility: 46}, IQ: 45]
       [Network #4, Technology = Wifi, Address = 02-06-00:00:00:00:00:06, { DataRate: 15, SignalStrength: 43, AntiFragility: 56}, IQ: 42]
       [Network #2, Technology = Wifi, Address = 02-06-00:00:00:00:00:04, { DataRate: 49, SignalStrength: 48, AntiFragility: 30}, IQ: 39]
       [Network #7, Technology = Wifi, Address = 02-06-00:00:00:00:00:09, { DataRate: 43, SignalStrength: 83, AntiFragility: 6}, IQ: 34]
       [Network #0, Technology = Wifi, Address = 02-06-00:00:00:00:00:02, { DataRate: 93, SignalStrength: 12, AntiFragility: 7}, IQ: 29]
       [Network #1, Technology = Wifi, Address = 02-06-00:00:00:00:00:03, { DataRate: 36, SignalStrength: 30, AntiFragility: 1}, IQ: 17]
180s ExecutionModule:Run(): Decision time => Seconds: 0, Miliseconds: 262
180s ExecutionModule:Run(): Handover time => Seconds: 0, Miliseconds: 46
180s ExecutionModule:Run(): Event: Vertical Handover.
180s DeviceModule:MoveRandom(): New position: (36, 90)
181s DeviceModule:MoveRandom(): New position: (36, 87)
182s DeviceModule:MoveRandom(): New position: (36, 90)
183s DeviceModule:MoveRandom(): New position: (36, 87)
184s DeviceModule:MoveRandom(): New position: (39, 87)
185s DeviceModule:MoveRandom(): New position: (36, 87)
186s DeviceModule:MoveRandom(): New position: (36, 84)
187s DeviceModule:MoveRandom(): New position: (39, 84)
188s DeviceModule:MoveRandom(): New position: (39, 87)
189s DeviceModule:MoveRandom(): New position: (39, 90)
190s DeviceModule:MoveRandom(): New position: (36, 90)
191s DeviceModule:MoveRandom(): New position: (33, 90)
192s DeviceModule:MoveRandom(): New position: (33, 93)
193s DeviceModule:MoveRandom(): New position: (33, 90)
194s DeviceModule:MoveRandom(): New position: (36, 90)
195s DecisionModule:Run(): Run decision
195s DecisionModule:AnalyzingNetworks(): Current Network: 
       [Network #0, Technology = Wifi, Address = 02-06-00:00:00:00:00:02, { DataRate: 84, SignalStrength: 9, AntiFragility: 86}, IQ: 66]
195s DecisionModule:ShowAllNetworks(): All detected networks:
       [Network #0, Technology = Wifi, Address = 02-06-00:00:00:00:00:02, { DataRate: 84, SignalStrength: 9, AntiFragility: 86}, IQ: 66]
       [Network #5, Technology = Wifi, Address = 02-06-00:00:00:00:00:07, { DataRate: 13, SignalStrength: 81, AntiFragility: 77}, IQ: 62]
       [Network #1, Technology = Wifi, Address = 02-06-00:00:00:00:00:03, { DataRate: 55, SignalStrength: 54, AntiFragility: 68}, IQ: 61]
       [Network #7, Technology = Wifi, Address = 02-06-00:00:00:00:00:09, { DataRate: 99, SignalStrength: 77, AntiFragility: 30}, IQ: 59]
       [Network #9, Technology = Wimax, Address = 02-06-00:00:00:00:00:0c, { DataRate: 55, SignalStrength: 39, AntiFragility: 55}, IQ: 51]
       [Network #2, Technology = Wifi, Address = 02-06-00:00:00:00:00:04, { DataRate: 82, SignalStrength: 60, AntiFragility: 26}, IQ: 48]
       [Network #4, Technology = Wifi, Address = 02-06-00:00:00:00:00:06, { DataRate: 76, SignalStrength: 43, AntiFragility: 17}, IQ: 38]
       [Network #6, Technology = Wifi, Address = 02-06-00:00:00:00:00:08, { DataRate: 32, SignalStrength: 34, AntiFragility: 20}, IQ: 26]
195s ExecutionModule:Run(): Decision time => Seconds: 0, Miliseconds: 191
195s ExecutionModule:Run(): Handover time => Seconds: 0, Miliseconds: 33
195s ExecutionModule:Run(): Event: Vertical Handover.
195s DeviceModule:MoveRandom(): New position: (33, 90)
196s DeviceModule:MoveRandom(): New position: (36, 90)
197s DeviceModule:MoveRandom(): New position: (36, 93)
198s DeviceModule:MoveRandom(): New position: (33, 93)
199s DeviceModule:MoveRandom(): New position: (30, 93)
