Waf: Entering directory `/home/renan/Documents/NR2/ns-allinone-3.20/ns-3.20/build'
Waf: Leaving directory `/home/renan/Documents/NR2/ns-allinone-3.20/ns-3.20/build'
'build' finished successfully (1.815s)
0s NetworkModule:SetPosition(): Network 0 set position => (122, 46)
0s NetworkModule:SetRange(): Network 0 set range => 100
0s NetworkModule:SetPosition(): Network 1 set position => (94, 17)
0s NetworkModule:SetRange(): Network 1 set range => 100
0s NetworkModule:SetPosition(): Network 2 set position => (7, 33)
0s NetworkModule:SetRange(): Network 2 set range => 100
0s NetworkModule:SetPosition(): Network 3 set position => (12, 78)
0s NetworkModule:SetRange(): Network 3 set range => 100
0s NetworkModule:SetPosition(): Network 4 set position => (54, 145)
0s NetworkModule:SetRange(): Network 4 set range => 100
0s NetworkModule:SetPosition(): Network 5 set position => (55, 72)
0s NetworkModule:SetRange(): Network 5 set range => 100
0s NetworkModule:SetPosition(): Network 6 set position => (16, 21)
0s NetworkModule:SetRange(): Network 6 set range => 100
0s NetworkModule:SetPosition(): Network 7 set position => (139, 107)
0s NetworkModule:SetRange(): Network 7 set range => 100
0s NetworkModule:SetPosition(): Network 8 set position => (96, 65)
0s NetworkModule:SetRange(): Network 8 set range => 100
0s NetworkModule:SetPosition(): Network 9 set position => (32, 86)
0s NetworkModule:SetRange(): Network 9 set range => 100
0s DeviceModule:ConfigureMobility(): Device [init x = 75, init y = 75, max = 150, velocity = 12]
1s DeviceModule:MoveRandom(): New position: (75, 63)
1s DecisionModule:AddNetworkToList(): Network detected
1s DecisionModule:AddNetworkToList(): Network detected
1s DecisionModule:AddNetworkToList(): Network detected
1s DecisionModule:AddNetworkToList(): Network detected
1s DecisionModule:AddNetworkToList(): Network detected
1s DecisionModule:AddNetworkToList(): Network detected
1s DecisionModule:AddNetworkToList(): Network detected
1s DecisionModule:AddNetworkToList(): Network detected
1s DecisionModule:AddNetworkToList(): Network detected
1s DecisionModule:AddNetworkToList(): Network detected
2s DeviceModule:MoveRandom(): New position: (75, 75)
3s DeviceModule:MoveRandom(): New position: (75, 87)
4s DeviceModule:MoveRandom(): New position: (87, 87)
5s DeviceModule:MoveRandom(): New position: (87, 75)
6s DeviceModule:MoveRandom(): New position: (87, 63)
7s DeviceModule:MoveRandom(): New position: (99, 63)
8s DeviceModule:MoveRandom(): New position: (99, 75)
8s DecisionModule:RemoveNetworkFromList(): Network: 2 out of range!
9s DeviceModule:MoveRandom(): New position: (111, 75)
9s DecisionModule:RemoveNetworkFromList(): Network: 6 out of range!
10s DeviceModule:MoveRandom(): New position: (111, 87)
11s DeviceModule:MoveRandom(): New position: (111, 99)
11s DecisionModule:RemoveNetworkFromList(): Network: 3 out of range!
12s DeviceModule:MoveRandom(): New position: (123, 99)
13s DeviceModule:MoveRandom(): New position: (135, 99)
13s DecisionModule:RemoveNetworkFromList(): Network: 9 out of range!
14s DeviceModule:MoveRandom(): New position: (147, 99)
14s DecisionModule:RemoveNetworkFromList(): Network: 4 out of range!
15s DecisionModule:Run(): Run decision
15s DecisionModule:AnalyzingNetworks(): Current Network: 
       [Network #8, Technology = Wimax, Address = 02-06-00:00:00:00:00:0b, { DataRate: 95, SignalStrength: 42, AntiFragility: 94}, IQ: 81]
15s DecisionModule:ShowAllNetworks(): All detected networks:
       [Network #8, Technology = Wimax, Address = 02-06-00:00:00:00:00:0b, { DataRate: 95, SignalStrength: 42, AntiFragility: 94}, IQ: 81]
       [Network #0, Technology = Wifi, Address = 02-06-00:00:00:00:00:02, { DataRate: 82, SignalStrength: 51, AntiFragility: 54}, IQ: 60]
       [Network #5, Technology = Wifi, Address = 02-06-00:00:00:00:00:07, { DataRate: 85, SignalStrength: 63, AntiFragility: 35}, IQ: 54]
       [Network #1, Technology = Wifi, Address = 02-06-00:00:00:00:00:03, { DataRate: 79, SignalStrength: 8, AntiFragility: 60}, IQ: 51]
       [Network #7, Technology = Wifi, Address = 02-06-00:00:00:00:00:09, { DataRate: 58, SignalStrength: 25, AntiFragility: 52}, IQ: 46]
15s DeviceModule:MoveRandom(): New position: (147, 111)
15s DecisionModule:RemoveNetworkFromList(): Network: 1 out of range!
15s DecisionModule:AddNetworkToList(): Network detected
16s DeviceModule:MoveRandom(): New position: (147, 99)
16s DecisionModule:AddNetworkToList(): Network detected
16s DecisionModule:RemoveNetworkFromList(): Network: 4 out of range!
17s DeviceModule:MoveRandom(): New position: (135, 99)
17s DecisionModule:AddNetworkToList(): Network detected
18s DeviceModule:MoveRandom(): New position: (135, 87)
19s DeviceModule:MoveRandom(): New position: (135, 99)
20s DeviceModule:MoveRandom(): New position: (123, 99)
20s DecisionModule:AddNetworkToList(): Network detected
21s DeviceModule:MoveRandom(): New position: (123, 111)
22s DeviceModule:MoveRandom(): New position: (135, 111)
22s DecisionModule:RemoveNetworkFromList(): Network: 1 out of range!
22s DecisionModule:RemoveNetworkFromList(): Network: 9 out of range!
23s DeviceModule:MoveRandom(): New position: (135, 123)
24s DeviceModule:MoveRandom(): New position: (147, 123)
24s DecisionModule:RemoveNetworkFromList(): Network: 5 out of range!
25s DeviceModule:MoveRandom(): New position: (135, 123)
25s DecisionModule:AddNetworkToList(): Network detected
26s DeviceModule:MoveRandom(): New position: (135, 135)
26s DecisionModule:RemoveNetworkFromList(): Network: 5 out of range!
27s DeviceModule:MoveRandom(): New position: (123, 135)
27s DecisionModule:AddNetworkToList(): Network detected
28s DeviceModule:MoveRandom(): New position: (123, 147)
28s DecisionModule:RemoveNetworkFromList(): Network: 0 out of range!
28s DecisionModule:RemoveNetworkFromList(): Network: 5 out of range!
29s DeviceModule:MoveRandom(): New position: (135, 147)
30s DecisionModule:Run(): Run decision
30s DecisionModule:AnalyzingNetworks(): Current Network: 
       [Network #4, Technology = Wifi, Address = 02-06-00:00:00:00:00:06, { DataRate: 10, SignalStrength: 65, AntiFragility: 80}, IQ: 58]
30s DecisionModule:ShowAllNetworks(): All detected networks:
       [Network #4, Technology = Wifi, Address = 02-06-00:00:00:00:00:06, { DataRate: 10, SignalStrength: 65, AntiFragility: 80}, IQ: 58]
       [Network #7, Technology = Wifi, Address = 02-06-00:00:00:00:00:09, { DataRate: 91, SignalStrength: 84, AntiFragility: 25}, IQ: 56]
       [Network #8, Technology = Wimax, Address = 02-06-00:00:00:00:00:0b, { DataRate: 38, SignalStrength: 2, AntiFragility: 63}, IQ: 41]
30s ExecutionModule:Run(): Decision time => Seconds: 0, Miliseconds: 153
30s ExecutionModule:Run(): Handover time => Seconds: 0, Miliseconds: 273
30s ExecutionModule:Run(): Event: Vertical Handover.
30s DeviceModule:MoveRandom(): New position: (147, 147)
31s DeviceModule:MoveRandom(): New position: (135, 147)
32s DeviceModule:MoveRandom(): New position: (135, 135)
32s DecisionModule:AddNetworkToList(): Network detected
33s DeviceModule:MoveRandom(): New position: (147, 135)
34s DeviceModule:MoveRandom(): New position: (147, 147)
34s DecisionModule:RemoveNetworkFromList(): Network: 0 out of range!
35s DeviceModule:MoveRandom(): New position: (147, 147)
36s DeviceModule:MoveRandom(): New position: (147, 147)
37s DeviceModule:MoveRandom(): New position: (147, 147)
38s DeviceModule:MoveRandom(): New position: (147, 135)
38s DecisionModule:AddNetworkToList(): Network detected
39s DeviceModule:MoveRandom(): New position: (147, 147)
39s DecisionModule:RemoveNetworkFromList(): Network: 0 out of range!
40s DeviceModule:MoveRandom(): New position: (147, 147)
41s DeviceModule:MoveRandom(): New position: (147, 147)
42s DeviceModule:MoveRandom(): New position: (135, 147)
43s DeviceModule:MoveRandom(): New position: (135, 135)
43s DecisionModule:AddNetworkToList(): Network detected
44s DeviceModule:MoveRandom(): New position: (147, 135)
45s DecisionModule:Run(): Run decision
45s DecisionModule:AnalyzingNetworks(): Current Network: 
       [Network #8, Technology = Wimax, Address = 02-06-00:00:00:00:00:0b, { DataRate: 59, SignalStrength: 17, AntiFragility: 45}, IQ: 41]
45s DecisionModule:ShowAllNetworks(): All detected networks:
       [Network #8, Technology = Wimax, Address = 02-06-00:00:00:00:00:0b, { DataRate: 59, SignalStrength: 17, AntiFragility: 45}, IQ: 41]
       [Network #7, Technology = Wifi, Address = 02-06-00:00:00:00:00:09, { DataRate: 2, SignalStrength: 67, AntiFragility: 18}, IQ: 26]
       [Network #4, Technology = Wifi, Address = 02-06-00:00:00:00:00:06, { DataRate: 28, SignalStrength: 41, AntiFragility: 1}, IQ: 17]
       [Network #0, Technology = Wifi, Address = 02-06-00:00:00:00:00:02, { DataRate: 11, SignalStrength: 11, AntiFragility: 21}, IQ: 16]
45s ExecutionModule:Run(): Decision time => Seconds: 0, Miliseconds: 169
45s ExecutionModule:Run(): Handover time => Seconds: 0, Miliseconds: 45
45s ExecutionModule:Run(): Event: Vertical Handover.
45s DeviceModule:MoveRandom(): New position: (147, 123)
46s DeviceModule:MoveRandom(): New position: (147, 135)
47s DeviceModule:MoveRandom(): New position: (147, 123)
48s DeviceModule:MoveRandom(): New position: (147, 135)
49s DeviceModule:MoveRandom(): New position: (135, 135)
50s DeviceModule:MoveRandom(): New position: (135, 147)
50s DecisionModule:RemoveNetworkFromList(): Network: 0 out of range!
51s DeviceModule:MoveRandom(): New position: (147, 147)
52s DeviceModule:MoveRandom(): New position: (147, 147)
53s DeviceModule:MoveRandom(): New position: (147, 147)
54s DeviceModule:MoveRandom(): New position: (135, 147)
55s DeviceModule:MoveRandom(): New position: (135, 135)
55s DecisionModule:AddNetworkToList(): Network detected
56s DeviceModule:MoveRandom(): New position: (135, 123)
56s DecisionModule:AddNetworkToList(): Network detected
57s DeviceModule:MoveRandom(): New position: (135, 135)
57s DecisionModule:RemoveNetworkFromList(): Network: 5 out of range!
58s DeviceModule:MoveRandom(): New position: (123, 135)
58s DecisionModule:AddNetworkToList(): Network detected
59s DeviceModule:MoveRandom(): New position: (123, 147)
59s DecisionModule:RemoveNetworkFromList(): Network: 0 out of range!
59s DecisionModule:RemoveNetworkFromList(): Network: 5 out of range!
60s DecisionModule:Run(): Run decision
60s DecisionModule:AnalyzingNetworks(): Current Network: 
       [Network #4, Technology = Wifi, Address = 02-06-00:00:00:00:00:06, { DataRate: 93, SignalStrength: 8, AntiFragility: 42}, IQ: 46]
60s DecisionModule:ShowAllNetworks(): All detected networks:
       [Network #4, Technology = Wifi, Address = 02-06-00:00:00:00:00:06, { DataRate: 93, SignalStrength: 8, AntiFragility: 42}, IQ: 46]
       [Network #7, Technology = Wifi, Address = 02-06-00:00:00:00:00:09, { DataRate: 52, SignalStrength: 67, AntiFragility: 30}, IQ: 44]
       [Network #8, Technology = Wimax, Address = 02-06-00:00:00:00:00:0b, { DataRate: 18, SignalStrength: 48, AntiFragility: 41}, IQ: 37]
60s ExecutionModule:Run(): Decision time => Seconds: 0, Miliseconds: 155
60s ExecutionModule:Run(): Handover time => Seconds: 0, Miliseconds: 34
60s ExecutionModule:Run(): Event: Vertical Handover.
60s DeviceModule:MoveRandom(): New position: (111, 147)
60s DecisionModule:AddNetworkToList(): Network detected
60s DecisionModule:AddNetworkToList(): Network detected
61s DeviceModule:MoveRandom(): New position: (111, 135)
61s DecisionModule:AddNetworkToList(): Network detected
62s DeviceModule:MoveRandom(): New position: (111, 123)
63s DeviceModule:MoveRandom(): New position: (99, 123)
63s DecisionModule:AddNetworkToList(): Network detected
64s DeviceModule:MoveRandom(): New position: (99, 135)
64s DecisionModule:RemoveNetworkFromList(): Network: 3 out of range!
65s DeviceModule:MoveRandom(): New position: (111, 135)
66s DeviceModule:MoveRandom(): New position: (99, 135)
67s DeviceModule:MoveRandom(): New position: (87, 135)
67s DecisionModule:AddNetworkToList(): Network detected
68s DeviceModule:MoveRandom(): New position: (75, 135)
69s DeviceModule:MoveRandom(): New position: (75, 123)
70s DeviceModule:MoveRandom(): New position: (75, 135)
71s DeviceModule:MoveRandom(): New position: (75, 123)
72s DeviceModule:MoveRandom(): New position: (75, 111)
72s DecisionModule:AddNetworkToList(): Network detected
73s DeviceModule:MoveRandom(): New position: (63, 111)
73s DecisionModule:AddNetworkToList(): Network detected
74s DeviceModule:MoveRandom(): New position: (51, 111)
74s DecisionModule:RemoveNetworkFromList(): Network: 1 out of range!
74s DecisionModule:AddNetworkToList(): Network detected
75s DecisionModule:Run(): Run decision
75s DecisionModule:AnalyzingNetworks(): Current Network: 
       [Network #6, Technology = Wifi, Address = 02-06-00:00:00:00:00:08, { DataRate: 16, SignalStrength: 57, AntiFragility: 93}, IQ: 64]
75s DecisionModule:ShowAllNetworks(): All detected networks:
       [Network #6, Technology = Wifi, Address = 02-06-00:00:00:00:00:08, { DataRate: 16, SignalStrength: 57, AntiFragility: 93}, IQ: 64]
       [Network #7, Technology = Wifi, Address = 02-06-00:00:00:00:00:09, { DataRate: 56, SignalStrength: 20, AntiFragility: 87}, IQ: 62]
       [Network #9, Technology = Wimax, Address = 02-06-00:00:00:00:00:0c, { DataRate: 67, SignalStrength: 60, AntiFragility: 58}, IQ: 60]
       [Network #4, Technology = Wifi, Address = 02-06-00:00:00:00:00:06, { DataRate: 74, SignalStrength: 88, AntiFragility: 40}, IQ: 60]
       [Network #3, Technology = Wifi, Address = 02-06-00:00:00:00:00:05, { DataRate: 68, SignalStrength: 98, AntiFragility: 36}, IQ: 59]
       [Network #0, Technology = Wifi, Address = 02-06-00:00:00:00:00:02, { DataRate: 1, SignalStrength: 66, AntiFragility: 74}, IQ: 53]
       [Network #8, Technology = Wimax, Address = 02-06-00:00:00:00:00:0b, { DataRate: 34, SignalStrength: 74, AntiFragility: 40}, IQ: 47]
       [Network #5, Technology = Wifi, Address = 02-06-00:00:00:00:00:07, { DataRate: 17, SignalStrength: 30, AntiFragility: 70}, IQ: 46]
       [Network #2, Technology = Wifi, Address = 02-06-00:00:00:00:00:04, { DataRate: 11, SignalStrength: 37, AntiFragility: 54}, IQ: 39]
75s ExecutionModule:Run(): Decision time => Seconds: 0, Miliseconds: 195
75s ExecutionModule:Run(): Handover time => Seconds: 0, Miliseconds: 122
75s ExecutionModule:Run(): Event: Horizontal Handover.
75s DeviceModule:MoveRandom(): New position: (39, 111)
75s DecisionModule:RemoveNetworkFromList(): Network: 0 out of range!
76s DeviceModule:MoveRandom(): New position: (39, 123)
76s ExecutionModule:OutOfRange(): OUT OF BETTER NETWORK! Choosing another network...
76s DecisionModule:RemoveNetworkFromList(): Network: 6 out of range!
76s DecisionModule:Run(): Run decision
76s DecisionModule:AnalyzingNetworks(): Current Network: 
       [Network #4, Technology = Wifi, Address = 02-06-00:00:00:00:00:06, { DataRate: 78, SignalStrength: 50, AntiFragility: 99}, IQ: 81]
76s DecisionModule:ShowAllNetworks(): All detected networks:
       [Network #4, Technology = Wifi, Address = 02-06-00:00:00:00:00:06, { DataRate: 78, SignalStrength: 50, AntiFragility: 99}, IQ: 81]
       [Network #3, Technology = Wifi, Address = 02-06-00:00:00:00:00:05, { DataRate: 41, SignalStrength: 97, AntiFragility: 46}, IQ: 57]
       [Network #7, Technology = Wifi, Address = 02-06-00:00:00:00:00:09, { DataRate: 62, SignalStrength: 92, AntiFragility: 36}, IQ: 56]
       [Network #5, Technology = Wifi, Address = 02-06-00:00:00:00:00:07, { DataRate: 38, SignalStrength: 88, AntiFragility: 44}, IQ: 53]
       [Network #9, Technology = Wimax, Address = 02-06-00:00:00:00:00:0c, { DataRate: 12, SignalStrength: 66, AntiFragility: 26}, IQ: 32]
       [Network #2, Technology = Wifi, Address = 02-06-00:00:00:00:00:04, { DataRate: 42, SignalStrength: 66, AntiFragility: 2}, IQ: 28]
       [Network #8, Technology = Wimax, Address = 02-06-00:00:00:00:00:0b, { DataRate: 57, SignalStrength: 21, AntiFragility: 7}, IQ: 23]
76s ExecutionModule:Run(): Decision time => Seconds: 0, Miliseconds: 136
76s ExecutionModule:Run(): Handover time => Seconds: 0, Miliseconds: 108
76s ExecutionModule:Run(): Event: Horizontal Handover.
76s DecisionModule:RemoveNetworkFromList(): Network: 7 out of range!
77s DeviceModule:MoveRandom(): New position: (39, 135)
77s DecisionModule:RemoveNetworkFromList(): Network: 2 out of range!
78s DeviceModule:MoveRandom(): New position: (39, 123)
78s DecisionModule:AddNetworkToList(): Network detected
79s DeviceModule:MoveRandom(): New position: (39, 135)
79s DecisionModule:RemoveNetworkFromList(): Network: 2 out of range!
80s DeviceModule:MoveRandom(): New position: (51, 135)
80s DecisionModule:AddNetworkToList(): Network detected
81s DeviceModule:MoveRandom(): New position: (39, 135)
81s DecisionModule:RemoveNetworkFromList(): Network: 7 out of range!
82s DeviceModule:MoveRandom(): New position: (39, 123)
82s DecisionModule:AddNetworkToList(): Network detected
83s DeviceModule:MoveRandom(): New position: (39, 111)
83s DecisionModule:AddNetworkToList(): Network detected
83s DecisionModule:AddNetworkToList(): Network detected
84s DeviceModule:MoveRandom(): New position: (51, 111)
84s DecisionModule:AddNetworkToList(): Network detected
85s DeviceModule:MoveRandom(): New position: (63, 111)
85s DecisionModule:AddNetworkToList(): Network detected
85s DecisionModule:RemoveNetworkFromList(): Network: 6 out of range!
86s DeviceModule:MoveRandom(): New position: (51, 111)
86s DecisionModule:RemoveNetworkFromList(): Network: 1 out of range!
86s DecisionModule:AddNetworkToList(): Network detected
87s DeviceModule:MoveRandom(): New position: (51, 123)
87s DecisionModule:RemoveNetworkFromList(): Network: 0 out of range!
87s DecisionModule:RemoveNetworkFromList(): Network: 6 out of range!
88s DeviceModule:MoveRandom(): New position: (51, 135)
88s DecisionModule:RemoveNetworkFromList(): Network: 2 out of range!
89s DeviceModule:MoveRandom(): New position: (51, 147)
90s DecisionModule:Run(): Run decision
90s DecisionModule:AnalyzingNetworks(): Current Network: 
       [Network #3, Technology = Wifi, Address = 02-06-00:00:00:00:00:05, { DataRate: 63, SignalStrength: 77, AntiFragility: 86}, IQ: 78]
90s DecisionModule:ShowAllNetworks(): All detected networks:
       [Network #3, Technology = Wifi, Address = 02-06-00:00:00:00:00:05, { DataRate: 63, SignalStrength: 77, AntiFragility: 86}, IQ: 78]
       [Network #5, Technology = Wifi, Address = 02-06-00:00:00:00:00:07, { DataRate: 58, SignalStrength: 14, AntiFragility: 96}, IQ: 66]
       [Network #9, Technology = Wimax, Address = 02-06-00:00:00:00:00:0c, { DataRate: 75, SignalStrength: 48, AntiFragility: 54}, IQ: 57]
       [Network #4, Technology = Wifi, Address = 02-06-00:00:00:00:00:06, { DataRate: 80, SignalStrength: 9, AntiFragility: 46}, IQ: 45]
       [Network #7, Technology = Wifi, Address = 02-06-00:00:00:00:00:09, { DataRate: 87, SignalStrength: 51, AntiFragility: 17}, IQ: 43]
       [Network #8, Technology = Wimax, Address = 02-06-00:00:00:00:00:0b, { DataRate: 16, SignalStrength: 8, AntiFragility: 5}, IQ: 8]
90s ExecutionModule:Run(): Decision time => Seconds: 0, Miliseconds: 171
90s ExecutionModule:Run(): Handover time => Seconds: 0, Miliseconds: 123
90s ExecutionModule:Run(): Event: Horizontal Handover.
90s DeviceModule:MoveRandom(): New position: (51, 147)
91s DeviceModule:MoveRandom(): New position: (51, 135)
92s DeviceModule:MoveRandom(): New position: (51, 123)
92s DecisionModule:AddNetworkToList(): Network detected
93s DeviceModule:MoveRandom(): New position: (51, 135)
93s DecisionModule:RemoveNetworkFromList(): Network: 2 out of range!
94s DeviceModule:MoveRandom(): New position: (51, 147)
95s DeviceModule:MoveRandom(): New position: (51, 147)
96s DeviceModule:MoveRandom(): New position: (51, 135)
97s DeviceModule:MoveRandom(): New position: (51, 147)
98s DeviceModule:MoveRandom(): New position: (51, 147)
99s DeviceModule:MoveRandom(): New position: (63, 147)
100s DeviceModule:MoveRandom(): New position: (75, 147)
101s DeviceModule:MoveRandom(): New position: (75, 135)
101s DecisionModule:AddNetworkToList(): Network detected
102s DeviceModule:MoveRandom(): New position: (75, 123)
103s DeviceModule:MoveRandom(): New position: (63, 123)
104s DeviceModule:MoveRandom(): New position: (63, 111)
104s DecisionModule:AddNetworkToList(): Network detected
104s DecisionModule:AddNetworkToList(): Network detected
105s DecisionModule:Run(): Run decision
105s DecisionModule:AnalyzingNetworks(): Current Network: 
       [Network #9, Technology = Wimax, Address = 02-06-00:00:00:00:00:0c, { DataRate: 89, SignalStrength: 25, AntiFragility: 86}, IQ: 71]
105s DecisionModule:ShowAllNetworks(): All detected networks:
       [Network #9, Technology = Wimax, Address = 02-06-00:00:00:00:00:0c, { DataRate: 89, SignalStrength: 25, AntiFragility: 86}, IQ: 71]
       [Network #4, Technology = Wifi, Address = 02-06-00:00:00:00:00:06, { DataRate: 19, SignalStrength: 80, AntiFragility: 92}, IQ: 70]
       [Network #2, Technology = Wifi, Address = 02-06-00:00:00:00:00:04, { DataRate: 71, SignalStrength: 14, AntiFragility: 87}, IQ: 64]
       [Network #1, Technology = Wifi, Address = 02-06-00:00:00:00:00:03, { DataRate: 87, SignalStrength: 26, AntiFragility: 48}, IQ: 52]
       [Network #0, Technology = Wifi, Address = 02-06-00:00:00:00:00:02, { DataRate: 70, SignalStrength: 26, AntiFragility: 43}, IQ: 45]
       [Network #5, Technology = Wifi, Address = 02-06-00:00:00:00:00:07, { DataRate: 68, SignalStrength: 8, AntiFragility: 50}, IQ: 44]
       [Network #3, Technology = Wifi, Address = 02-06-00:00:00:00:00:05, { DataRate: 98, SignalStrength: 31, AntiFragility: 16}, IQ: 40]
       [Network #7, Technology = Wifi, Address = 02-06-00:00:00:00:00:09, { DataRate: 65, SignalStrength: 58, AntiFragility: 13}, IQ: 37]
       [Network #8, Technology = Wimax, Address = 02-06-00:00:00:00:00:0b, { DataRate: 41, SignalStrength: 13, AntiFragility: 32}, IQ: 29]
105s ExecutionModule:Run(): Decision time => Seconds: 0, Miliseconds: 216
105s ExecutionModule:Run(): Handover time => Seconds: 0, Miliseconds: 31
105s ExecutionModule:Run(): Event: Vertical Handover.
105s DeviceModule:MoveRandom(): New position: (63, 99)
105s DecisionModule:AddNetworkToList(): Network detected
106s DeviceModule:MoveRandom(): New position: (63, 87)
107s DeviceModule:MoveRandom(): New position: (63, 99)
108s DeviceModule:MoveRandom(): New position: (75, 99)
109s DeviceModule:MoveRandom(): New position: (75, 87)
110s DeviceModule:MoveRandom(): New position: (75, 75)
111s DeviceModule:MoveRandom(): New position: (75, 87)
112s DeviceModule:MoveRandom(): New position: (75, 75)
113s DeviceModule:MoveRandom(): New position: (75, 63)
114s DeviceModule:MoveRandom(): New position: (87, 63)
115s DeviceModule:MoveRandom(): New position: (87, 51)
116s DeviceModule:MoveRandom(): New position: (87, 63)
117s DeviceModule:MoveRandom(): New position: (87, 51)
118s DeviceModule:MoveRandom(): New position: (87, 63)
119s DeviceModule:MoveRandom(): New position: (99, 63)
120s DecisionModule:Run(): Run decision
120s DecisionModule:AnalyzingNetworks(): Current Network: 
       [Network #2, Technology = Wifi, Address = 02-06-00:00:00:00:00:04, { DataRate: 91, SignalStrength: 16, AntiFragility: 80}, IQ: 66]
120s DecisionModule:ShowAllNetworks(): All detected networks:
       [Network #2, Technology = Wifi, Address = 02-06-00:00:00:00:00:04, { DataRate: 91, SignalStrength: 16, AntiFragility: 80}, IQ: 66]
       [Network #4, Technology = Wifi, Address = 02-06-00:00:00:00:00:06, { DataRate: 86, SignalStrength: 96, AntiFragility: 25}, IQ: 58]
       [Network #8, Technology = Wimax, Address = 02-06-00:00:00:00:00:0b, { DataRate: 41, SignalStrength: 79, AntiFragility: 54}, IQ: 57]
       [Network #9, Technology = Wimax, Address = 02-06-00:00:00:00:00:0c, { DataRate: 24, SignalStrength: 61, AntiFragility: 70}, IQ: 56]
       [Network #5, Technology = Wifi, Address = 02-06-00:00:00:00:00:07, { DataRate: 76, SignalStrength: 91, AntiFragility: 24}, IQ: 53]
       [Network #6, Technology = Wifi, Address = 02-06-00:00:00:00:00:08, { DataRate: 30, SignalStrength: 15, AntiFragility: 69}, IQ: 45]
       [Network #3, Technology = Wifi, Address = 02-06-00:00:00:00:00:05, { DataRate: 43, SignalStrength: 12, AntiFragility: 59}, IQ: 43]
       [Network #0, Technology = Wifi, Address = 02-06-00:00:00:00:00:02, { DataRate: 25, SignalStrength: 74, AntiFragility: 32}, IQ: 40]
       [Network #7, Technology = Wifi, Address = 02-06-00:00:00:00:00:09, { DataRate: 64, SignalStrength: 42, AntiFragility: 17}, IQ: 35]
       [Network #1, Technology = Wifi, Address = 02-06-00:00:00:00:00:03, { DataRate: 14, SignalStrength: 18, AntiFragility: 50}, IQ: 33]
120s ExecutionModule:Run(): Decision time => Seconds: 0, Miliseconds: 226
120s ExecutionModule:Run(): Handover time => Seconds: 0, Miliseconds: 32
120s ExecutionModule:Run(): Event: Vertical Handover.
120s DeviceModule:MoveRandom(): New position: (87, 63)
121s DeviceModule:MoveRandom(): New position: (87, 51)
122s DeviceModule:MoveRandom(): New position: (87, 39)
122s DecisionModule:RemoveNetworkFromList(): Network: 4 out of range!
123s DeviceModule:MoveRandom(): New position: (75, 39)
124s DeviceModule:MoveRandom(): New position: (75, 51)
124s DecisionModule:AddNetworkToList(): Network detected
125s DeviceModule:MoveRandom(): New position: (87, 51)
126s DeviceModule:MoveRandom(): New position: (99, 51)
126s DecisionModule:RemoveNetworkFromList(): Network: 4 out of range!
127s DeviceModule:MoveRandom(): New position: (111, 51)
127s ExecutionModule:OutOfRange(): OUT OF BETTER NETWORK! Choosing another network...
127s DecisionModule:RemoveNetworkFromList(): Network: 2 out of range!
127s DecisionModule:Run(): Run decision
127s DecisionModule:AnalyzingNetworks(): Current Network: 
       [Network #8, Technology = Wimax, Address = 02-06-00:00:00:00:00:0b, { DataRate: 42, SignalStrength: 63, AntiFragility: 94}, IQ: 73]
127s DecisionModule:ShowAllNetworks(): All detected networks:
       [Network #8, Technology = Wimax, Address = 02-06-00:00:00:00:00:0b, { DataRate: 42, SignalStrength: 63, AntiFragility: 94}, IQ: 73]
       [Network #1, Technology = Wifi, Address = 02-06-00:00:00:00:00:03, { DataRate: 89, SignalStrength: 10, AntiFragility: 94}, IQ: 71]
       [Network #7, Technology = Wifi, Address = 02-06-00:00:00:00:00:09, { DataRate: 57, SignalStrength: 14, AntiFragility: 85}, IQ: 60]
       [Network #6, Technology = Wifi, Address = 02-06-00:00:00:00:00:08, { DataRate: 86, SignalStrength: 8, AntiFragility: 67}, IQ: 57]
       [Network #0, Technology = Wifi, Address = 02-06-00:00:00:00:00:02, { DataRate: 55, SignalStrength: 32, AntiFragility: 67}, IQ: 55]
       [Network #3, Technology = Wifi, Address = 02-06-00:00:00:00:00:05, { DataRate: 74, SignalStrength: 28, AntiFragility: 30}, IQ: 40]
       [Network #5, Technology = Wifi, Address = 02-06-00:00:00:00:00:07, { DataRate: 7, SignalStrength: 93, AntiFragility: 31}, IQ: 40]
       [Network #9, Technology = Wimax, Address = 02-06-00:00:00:00:00:0c, { DataRate: 38, SignalStrength: 29, AntiFragility: 44}, IQ: 38]
127s ExecutionModule:Run(): Decision time => Seconds: 0, Miliseconds: 144
127s ExecutionModule:Run(): Handover time => Seconds: 0, Miliseconds: 32
127s ExecutionModule:Run(): Event: Vertical Handover.
127s DecisionModule:RemoveNetworkFromList(): Network: 3 out of range!
128s DeviceModule:MoveRandom(): New position: (99, 51)
128s DecisionModule:AddNetworkToList(): Network detected
128s DecisionModule:AddNetworkToList(): Network detected
129s DeviceModule:MoveRandom(): New position: (111, 51)
129s DecisionModule:RemoveNetworkFromList(): Network: 2 out of range!
129s DecisionModule:RemoveNetworkFromList(): Network: 3 out of range!
130s DeviceModule:MoveRandom(): New position: (99, 51)
130s DecisionModule:AddNetworkToList(): Network detected
130s DecisionModule:AddNetworkToList(): Network detected
131s DeviceModule:MoveRandom(): New position: (99, 39)
132s DeviceModule:MoveRandom(): New position: (99, 27)
133s DeviceModule:MoveRandom(): New position: (99, 39)
134s DeviceModule:MoveRandom(): New position: (111, 39)
134s DecisionModule:RemoveNetworkFromList(): Network: 2 out of range!
134s DecisionModule:RemoveNetworkFromList(): Network: 3 out of range!
135s DecisionModule:Run(): Run decision
135s DecisionModule:AnalyzingNetworks(): Current Network: 
       [Network #0, Technology = Wifi, Address = 02-06-00:00:00:00:00:02, { DataRate: 36, SignalStrength: 98, AntiFragility: 96}, IQ: 81]
135s DecisionModule:ShowAllNetworks(): All detected networks:
       [Network #0, Technology = Wifi, Address = 02-06-00:00:00:00:00:02, { DataRate: 36, SignalStrength: 98, AntiFragility: 96}, IQ: 81]
       [Network #6, Technology = Wifi, Address = 02-06-00:00:00:00:00:08, { DataRate: 33, SignalStrength: 90, AntiFragility: 90}, IQ: 75]
       [Network #5, Technology = Wifi, Address = 02-06-00:00:00:00:00:07, { DataRate: 22, SignalStrength: 85, AntiFragility: 63}, IQ: 58]
       [Network #9, Technology = Wimax, Address = 02-06-00:00:00:00:00:0c, { DataRate: 27, SignalStrength: 64, AntiFragility: 65}, IQ: 55]
       [Network #1, Technology = Wifi, Address = 02-06-00:00:00:00:00:03, { DataRate: 87, SignalStrength: 42, AntiFragility: 34}, IQ: 49]
       [Network #7, Technology = Wifi, Address = 02-06-00:00:00:00:00:09, { DataRate: 75, SignalStrength: 27, AntiFragility: 47}, IQ: 49]
       [Network #8, Technology = Wimax, Address = 02-06-00:00:00:00:00:0b, { DataRate: 14, SignalStrength: 58, AntiFragility: 48}, IQ: 42]
135s ExecutionModule:Run(): Decision time => Seconds: 0, Miliseconds: 200
135s ExecutionModule:Run(): Handover time => Seconds: 0, Miliseconds: 31
135s ExecutionModule:Run(): Event: Vertical Handover.
135s DeviceModule:MoveRandom(): New position: (111, 51)
136s DeviceModule:MoveRandom(): New position: (99, 51)
136s DecisionModule:AddNetworkToList(): Network detected
136s DecisionModule:AddNetworkToList(): Network detected
137s DeviceModule:MoveRandom(): New position: (99, 39)
138s DeviceModule:MoveRandom(): New position: (99, 51)
139s DeviceModule:MoveRandom(): New position: (99, 63)
139s DecisionModule:AddNetworkToList(): Network detected
140s DeviceModule:MoveRandom(): New position: (99, 51)
140s DecisionModule:RemoveNetworkFromList(): Network: 4 out of range!
141s DeviceModule:MoveRandom(): New position: (111, 51)
141s DecisionModule:RemoveNetworkFromList(): Network: 2 out of range!
141s DecisionModule:RemoveNetworkFromList(): Network: 3 out of range!
142s DeviceModule:MoveRandom(): New position: (123, 51)
142s DecisionModule:RemoveNetworkFromList(): Network: 6 out of range!
143s DeviceModule:MoveRandom(): New position: (123, 63)
144s DeviceModule:MoveRandom(): New position: (135, 63)
144s DecisionModule:RemoveNetworkFromList(): Network: 9 out of range!
145s DeviceModule:MoveRandom(): New position: (135, 51)
146s DeviceModule:MoveRandom(): New position: (135, 63)
147s DeviceModule:MoveRandom(): New position: (147, 63)
148s DeviceModule:MoveRandom(): New position: (147, 51)
149s DeviceModule:MoveRandom(): New position: (147, 39)
150s DecisionModule:Run(): Run decision
150s DecisionModule:AnalyzingNetworks(): Current Network: 
       [Network #1, Technology = Wifi, Address = 02-06-00:00:00:00:00:03, { DataRate: 54, SignalStrength: 81, AntiFragility: 67}, IQ: 67]
150s DecisionModule:ShowAllNetworks(): All detected networks:
       [Network #1, Technology = Wifi, Address = 02-06-00:00:00:00:00:03, { DataRate: 54, SignalStrength: 81, AntiFragility: 67}, IQ: 67]
       [Network #7, Technology = Wifi, Address = 02-06-00:00:00:00:00:09, { DataRate: 90, SignalStrength: 14, AntiFragility: 15}, IQ: 33]
       [Network #5, Technology = Wifi, Address = 02-06-00:00:00:00:00:07, { DataRate: 24, SignalStrength: 54, AntiFragility: 20}, IQ: 29]
       [Network #0, Technology = Wifi, Address = 02-06-00:00:00:00:00:02, { DataRate: 48, SignalStrength: 7, AntiFragility: 28}, IQ: 27]
       [Network #8, Technology = Wimax, Address = 02-06-00:00:00:00:00:0b, { DataRate: 3, SignalStrength: 64, AntiFragility: 9}, IQ: 21]
150s ExecutionModule:Run(): Decision time => Seconds: 0, Miliseconds: 165
150s ExecutionModule:Run(): Handover time => Seconds: 0, Miliseconds: 123
150s ExecutionModule:Run(): Event: Horizontal Handover.
150s DeviceModule:MoveRandom(): New position: (135, 39)
151s DeviceModule:MoveRandom(): New position: (135, 27)
152s DeviceModule:MoveRandom(): New position: (147, 27)
152s DecisionModule:RemoveNetworkFromList(): Network: 5 out of range!
153s DeviceModule:MoveRandom(): New position: (147, 27)
154s DeviceModule:MoveRandom(): New position: (135, 27)
154s DecisionModule:AddNetworkToList(): Network detected
155s DeviceModule:MoveRandom(): New position: (123, 27)
156s DeviceModule:MoveRandom(): New position: (123, 15)
157s DeviceModule:MoveRandom(): New position: (123, 3)
157s DecisionModule:RemoveNetworkFromList(): Network: 7 out of range!
158s DeviceModule:MoveRandom(): New position: (111, 3)
158s DecisionModule:AddNetworkToList(): Network detected
159s DeviceModule:MoveRandom(): New position: (99, 3)
159s DecisionModule:AddNetworkToList(): Network detected
160s DeviceModule:MoveRandom(): New position: (111, 3)
160s DecisionModule:RemoveNetworkFromList(): Network: 2 out of range!
161s DeviceModule:MoveRandom(): New position: (111, 15)
161s DecisionModule:AddNetworkToList(): Network detected
162s DeviceModule:MoveRandom(): New position: (99, 15)
162s DecisionModule:AddNetworkToList(): Network detected
162s DecisionModule:AddNetworkToList(): Network detected
163s DeviceModule:MoveRandom(): New position: (99, 3)
163s DecisionModule:RemoveNetworkFromList(): Network: 7 out of range!
163s DecisionModule:RemoveNetworkFromList(): Network: 9 out of range!
164s DeviceModule:MoveRandom(): New position: (87, 3)
164s DecisionModule:AddNetworkToList(): Network detected
165s DecisionModule:Run(): Run decision
165s DecisionModule:AnalyzingNetworks(): Current Network: 
       [Network #6, Technology = Wifi, Address = 02-06-00:00:00:00:00:08, { DataRate: 30, SignalStrength: 24, AntiFragility: 98}, IQ: 62]
165s DecisionModule:ShowAllNetworks(): All detected networks:
       [Network #6, Technology = Wifi, Address = 02-06-00:00:00:00:00:08, { DataRate: 30, SignalStrength: 24, AntiFragility: 98}, IQ: 62]
       [Network #2, Technology = Wifi, Address = 02-06-00:00:00:00:00:04, { DataRate: 54, SignalStrength: 43, AntiFragility: 59}, IQ: 53]
       [Network #8, Technology = Wimax, Address = 02-06-00:00:00:00:00:0b, { DataRate: 21, SignalStrength: 69, AntiFragility: 58}, IQ: 51]
       [Network #0, Technology = Wifi, Address = 02-06-00:00:00:00:00:02, { DataRate: 63, SignalStrength: 99, AntiFragility: 10}, IQ: 45]
       [Network #5, Technology = Wifi, Address = 02-06-00:00:00:00:00:07, { DataRate: 2, SignalStrength: 1, AntiFragility: 68}, IQ: 34]
       [Network #1, Technology = Wifi, Address = 02-06-00:00:00:00:00:03, { DataRate: 12, SignalStrength: 31, AntiFragility: 29}, IQ: 25]
       [Network #9, Technology = Wimax, Address = 02-06-00:00:00:00:00:0c, { DataRate: 30, SignalStrength: 27, AntiFragility: 20}, IQ: 24]
165s ExecutionModule:Run(): Decision time => Seconds: 0, Miliseconds: 182
165s ExecutionModule:Run(): Handover time => Seconds: 0, Miliseconds: 124
165s ExecutionModule:Run(): Event: Horizontal Handover.
165s DeviceModule:MoveRandom(): New position: (87, 15)
165s DecisionModule:AddNetworkToList(): Network detected
166s DeviceModule:MoveRandom(): New position: (87, 27)
166s DecisionModule:AddNetworkToList(): Network detected
167s DeviceModule:MoveRandom(): New position: (87, 15)
167s DecisionModule:RemoveNetworkFromList(): Network: 7 out of range!
168s DeviceModule:MoveRandom(): New position: (75, 15)
169s DeviceModule:MoveRandom(): New position: (75, 3)
170s DeviceModule:MoveRandom(): New position: (63, 3)
171s DeviceModule:MoveRandom(): New position: (63, 3)
172s DeviceModule:MoveRandom(): New position: (63, 15)
173s DeviceModule:MoveRandom(): New position: (63, 3)
174s DeviceModule:MoveRandom(): New position: (63, 15)
175s DeviceModule:MoveRandom(): New position: (51, 15)
176s DeviceModule:MoveRandom(): New position: (39, 15)
177s DeviceModule:MoveRandom(): New position: (51, 15)
178s DeviceModule:MoveRandom(): New position: (63, 15)
179s DeviceModule:MoveRandom(): New position: (51, 15)
180s DecisionModule:Run(): Run decision
180s DecisionModule:AnalyzingNetworks(): Current Network: 
       [Network #3, Technology = Wifi, Address = 02-06-00:00:00:00:00:05, { DataRate: 93, SignalStrength: 73, AntiFragility: 60}, IQ: 71]
180s DecisionModule:ShowAllNetworks(): All detected networks:
       [Network #3, Technology = Wifi, Address = 02-06-00:00:00:00:00:05, { DataRate: 93, SignalStrength: 73, AntiFragility: 60}, IQ: 71]
       [Network #5, Technology = Wifi, Address = 02-06-00:00:00:00:00:07, { DataRate: 57, SignalStrength: 82, AntiFragility: 62}, IQ: 65]
       [Network #1, Technology = Wifi, Address = 02-06-00:00:00:00:00:03, { DataRate: 50, SignalStrength: 49, AntiFragility: 78}, IQ: 63]
       [Network #2, Technology = Wifi, Address = 02-06-00:00:00:00:00:04, { DataRate: 73, SignalStrength: 29, AntiFragility: 53}, IQ: 52]
       [Network #9, Technology = Wimax, Address = 02-06-00:00:00:00:00:0c, { DataRate: 23, SignalStrength: 70, AntiFragility: 51}, IQ: 48]
       [Network #8, Technology = Wimax, Address = 02-06-00:00:00:00:00:0b, { DataRate: 94, SignalStrength: 31, AntiFragility: 30}, IQ: 46]
       [Network #6, Technology = Wifi, Address = 02-06-00:00:00:00:00:08, { DataRate: 57, SignalStrength: 81, AntiFragility: 22}, IQ: 45]
       [Network #0, Technology = Wifi, Address = 02-06-00:00:00:00:00:02, { DataRate: 52, SignalStrength: 77, AntiFragility: 17}, IQ: 40]
180s ExecutionModule:Run(): Decision time => Seconds: 0, Miliseconds: 462
180s ExecutionModule:Run(): Handover time => Seconds: 0, Miliseconds: 209
180s ExecutionModule:Run(): Event: Horizontal Handover.
180s DeviceModule:MoveRandom(): New position: (51, 3)
181s DeviceModule:MoveRandom(): New position: (39, 3)
182s DeviceModule:MoveRandom(): New position: (39, 15)
183s DeviceModule:MoveRandom(): New position: (51, 15)
184s DeviceModule:MoveRandom(): New position: (39, 15)
185s DeviceModule:MoveRandom(): New position: (27, 15)
186s DeviceModule:MoveRandom(): New position: (27, 27)
187s DeviceModule:MoveRandom(): New position: (27, 39)
188s DeviceModule:MoveRandom(): New position: (27, 27)
189s DeviceModule:MoveRandom(): New position: (27, 15)
190s DeviceModule:MoveRandom(): New position: (15, 15)
190s DecisionModule:RemoveNetworkFromList(): Network: 0 out of range!
191s DeviceModule:MoveRandom(): New position: (15, 3)
191s DecisionModule:RemoveNetworkFromList(): Network: 8 out of range!
192s DeviceModule:MoveRandom(): New position: (15, 3)
193s DeviceModule:MoveRandom(): New position: (15, 15)
193s DecisionModule:AddNetworkToList(): Network detected
194s DeviceModule:MoveRandom(): New position: (3, 15)
194s DecisionModule:RemoveNetworkFromList(): Network: 8 out of range!
195s DecisionModule:Run(): Run decision
195s DecisionModule:AnalyzingNetworks(): Current Network: 
       [Network #1, Technology = Wifi, Address = 02-06-00:00:00:00:00:03, { DataRate: 14, SignalStrength: 67, AntiFragility: 99}, IQ: 69]
195s DecisionModule:ShowAllNetworks(): All detected networks:
       [Network #1, Technology = Wifi, Address = 02-06-00:00:00:00:00:03, { DataRate: 14, SignalStrength: 67, AntiFragility: 99}, IQ: 69]
       [Network #3, Technology = Wifi, Address = 02-06-00:00:00:00:00:05, { DataRate: 75, SignalStrength: 24, AntiFragility: 59}, IQ: 54]
       [Network #9, Technology = Wimax, Address = 02-06-00:00:00:00:00:0c, { DataRate: 74, SignalStrength: 11, AntiFragility: 54}, IQ: 48]
       [Network #2, Technology = Wifi, Address = 02-06-00:00:00:00:00:04, { DataRate: 63, SignalStrength: 56, AntiFragility: 24}, IQ: 41]
       [Network #5, Technology = Wifi, Address = 02-06-00:00:00:00:00:07, { DataRate: 51, SignalStrength: 23, AntiFragility: 40}, IQ: 38]
       [Network #6, Technology = Wifi, Address = 02-06-00:00:00:00:00:08, { DataRate: 31, SignalStrength: 97, AntiFragility: 1}, IQ: 32]
195s ExecutionModule:Run(): Decision time => Seconds: 0, Miliseconds: 179
195s ExecutionModule:Run(): Handover time => Seconds: 0, Miliseconds: 123
195s ExecutionModule:Run(): Event: Horizontal Handover.
195s DeviceModule:MoveRandom(): New position: (3, 15)
196s DeviceModule:MoveRandom(): New position: (3, 15)
197s DeviceModule:MoveRandom(): New position: (3, 3)
198s DeviceModule:MoveRandom(): New position: (3, 3)
199s DeviceModule:MoveRandom(): New position: (3, 3)
