Waf: Entering directory `/home/renan/Documents/NR2/ns-allinone-3.20/ns-3.20/build'
Waf: Leaving directory `/home/renan/Documents/NR2/ns-allinone-3.20/ns-3.20/build'
'build' finished successfully (1.901s)
0s NetworkModule:SetPosition(): Network 0 set position => (50, 71)
0s NetworkModule:SetRange(): Network 0 set range => 100
0s NetworkModule:SetPosition(): Network 1 set position => (54, 62)
0s NetworkModule:SetRange(): Network 1 set range => 100
0s DeviceModule:ConfigureMobility(): Device [init x = 50, init y = 50, max = 100, velocity = 12]
1s DeviceModule:MoveRandom(): New position: (50, 38)
1s DecisionModule:AddNetworkToList(): Network detected
1s DecisionModule:AddNetworkToList(): Network detected
2s DeviceModule:MoveRandom(): New position: (38, 38)
3s DeviceModule:MoveRandom(): New position: (38, 26)
4s DeviceModule:MoveRandom(): New position: (38, 14)
5s DeviceModule:MoveRandom(): New position: (50, 14)
6s DeviceModule:MoveRandom(): New position: (50, 2)
7s DeviceModule:MoveRandom(): New position: (50, 2)
8s DeviceModule:MoveRandom(): New position: (50, 14)
9s DeviceModule:MoveRandom(): New position: (62, 14)
10s DeviceModule:MoveRandom(): New position: (62, 26)
11s DeviceModule:MoveRandom(): New position: (50, 26)
12s DeviceModule:MoveRandom(): New position: (38, 26)
13s DeviceModule:MoveRandom(): New position: (26, 26)
14s DeviceModule:MoveRandom(): New position: (26, 14)
15s DeviceModule:MoveRandom(): New position: (38, 14)
16s DeviceModule:MoveRandom(): New position: (50, 14)
17s DeviceModule:MoveRandom(): New position: (62, 14)
18s DeviceModule:MoveRandom(): New position: (62, 26)
19s DeviceModule:MoveRandom(): New position: (50, 26)
20s DecisionModule:Run(): Run decision
20s DecisionModule:AnalyzingNetworks(): Current Network: 
       [Network #0, Technology = Wifi, Address = 02-06-00:00:00:00:00:02, { DataRate: 34, SignalStrength: 85, AntiFragility: 49}, IQ: 54]
20s DecisionModule:ShowAllNetworks(): All detected networks:
       [Network #0, Technology = Wifi, Address = 02-06-00:00:00:00:00:02, { DataRate: 34, SignalStrength: 85, AntiFragility: 49}, IQ: 54]
       [Network #1, Technology = Wimax, Address = 02-06-00:00:00:00:00:04, { DataRate: 67, SignalStrength: 92, AntiFragility: 16}, IQ: 47]
20s DeviceModule:MoveRandom(): New position: (50, 38)
21s DeviceModule:MoveRandom(): New position: (62, 38)
22s DeviceModule:MoveRandom(): New position: (74, 38)
23s DeviceModule:MoveRandom(): New position: (74, 50)
24s DeviceModule:MoveRandom(): New position: (62, 50)
25s DeviceModule:MoveRandom(): New position: (62, 38)
26s DeviceModule:MoveRandom(): New position: (50, 38)
27s DeviceModule:MoveRandom(): New position: (62, 38)
28s DeviceModule:MoveRandom(): New position: (50, 38)
29s DeviceModule:MoveRandom(): New position: (62, 38)
30s DeviceModule:MoveRandom(): New position: (62, 26)
31s DeviceModule:MoveRandom(): New position: (50, 26)
32s DeviceModule:MoveRandom(): New position: (50, 38)
33s DeviceModule:MoveRandom(): New position: (62, 38)
34s DeviceModule:MoveRandom(): New position: (62, 26)
35s DeviceModule:MoveRandom(): New position: (50, 26)
36s DeviceModule:MoveRandom(): New position: (62, 26)
37s DeviceModule:MoveRandom(): New position: (62, 14)
38s DeviceModule:MoveRandom(): New position: (62, 2)
39s DeviceModule:MoveRandom(): New position: (62, 14)
40s DecisionModule:Run(): Run decision
40s DecisionModule:AnalyzingNetworks(): Current Network: 
       [Network #1, Technology = Wimax, Address = 02-06-00:00:00:00:00:04, { DataRate: 46, SignalStrength: 44, AntiFragility: 65}, IQ: 55]
40s DecisionModule:ShowAllNetworks(): All detected networks:
       [Network #1, Technology = Wimax, Address = 02-06-00:00:00:00:00:04, { DataRate: 46, SignalStrength: 44, AntiFragility: 65}, IQ: 55]
       [Network #0, Technology = Wifi, Address = 02-06-00:00:00:00:00:02, { DataRate: 34, SignalStrength: 27, AntiFragility: 13}, IQ: 21]
40s ExecutionModule:Run(): Decision time => Seconds: 0, Miliseconds: 139
40s ExecutionModule:Run(): Handover time => Seconds: 0, Miliseconds: 276
40s ExecutionModule:Run(): Event: Vertical Handover.
40s DeviceModule:MoveRandom(): New position: (74, 14)
41s DeviceModule:MoveRandom(): New position: (74, 26)
42s DeviceModule:MoveRandom(): New position: (74, 38)
43s DeviceModule:MoveRandom(): New position: (86, 38)
44s DeviceModule:MoveRandom(): New position: (86, 50)
45s DeviceModule:MoveRandom(): New position: (86, 38)
46s DeviceModule:MoveRandom(): New position: (86, 26)
47s DeviceModule:MoveRandom(): New position: (98, 26)
48s DeviceModule:MoveRandom(): New position: (98, 26)
49s DeviceModule:MoveRandom(): New position: (98, 26)
50s DeviceModule:MoveRandom(): New position: (98, 38)
51s DeviceModule:MoveRandom(): New position: (86, 38)
52s DeviceModule:MoveRandom(): New position: (74, 38)
53s DeviceModule:MoveRandom(): New position: (74, 50)
54s DeviceModule:MoveRandom(): New position: (74, 38)
55s DeviceModule:MoveRandom(): New position: (86, 38)
56s DeviceModule:MoveRandom(): New position: (98, 38)
57s DeviceModule:MoveRandom(): New position: (98, 38)
58s DeviceModule:MoveRandom(): New position: (98, 26)
59s DeviceModule:MoveRandom(): New position: (98, 26)
60s DecisionModule:Run(): Run decision
60s DecisionModule:AnalyzingNetworks(): Current Network: 
       [Network #0, Technology = Wifi, Address = 02-06-00:00:00:00:00:02, { DataRate: 83, SignalStrength: 95, AntiFragility: 32}, IQ: 60]
60s DecisionModule:ShowAllNetworks(): All detected networks:
       [Network #0, Technology = Wifi, Address = 02-06-00:00:00:00:00:02, { DataRate: 83, SignalStrength: 95, AntiFragility: 32}, IQ: 60]
       [Network #1, Technology = Wimax, Address = 02-06-00:00:00:00:00:04, { DataRate: 77, SignalStrength: 46, AntiFragility: 27}, IQ: 44]
60s ExecutionModule:Run(): Decision time => Seconds: 0, Miliseconds: 143
60s ExecutionModule:Run(): Handover time => Seconds: 0, Miliseconds: 44
60s ExecutionModule:Run(): Event: Vertical Handover.
60s DeviceModule:MoveRandom(): New position: (98, 14)
61s DeviceModule:MoveRandom(): New position: (98, 14)
62s DeviceModule:MoveRandom(): New position: (98, 26)
63s DeviceModule:MoveRandom(): New position: (98, 26)
64s DeviceModule:MoveRandom(): New position: (98, 38)
65s DeviceModule:MoveRandom(): New position: (98, 26)
66s DeviceModule:MoveRandom(): New position: (98, 26)
67s DeviceModule:MoveRandom(): New position: (98, 38)
68s DeviceModule:MoveRandom(): New position: (98, 26)
69s DeviceModule:MoveRandom(): New position: (98, 38)
70s DeviceModule:MoveRandom(): New position: (98, 50)
71s DeviceModule:MoveRandom(): New position: (86, 50)
72s DeviceModule:MoveRandom(): New position: (86, 38)
73s DeviceModule:MoveRandom(): New position: (86, 50)
74s DeviceModule:MoveRandom(): New position: (74, 50)
75s DeviceModule:MoveRandom(): New position: (86, 50)
76s DeviceModule:MoveRandom(): New position: (86, 62)
77s DeviceModule:MoveRandom(): New position: (86, 74)
78s DeviceModule:MoveRandom(): New position: (86, 86)
79s DeviceModule:MoveRandom(): New position: (86, 98)
80s DecisionModule:Run(): Run decision
80s DecisionModule:AnalyzingNetworks(): Current Network: 
       [Network #0, Technology = Wifi, Address = 02-06-00:00:00:00:00:02, { DataRate: 99, SignalStrength: 16, AntiFragility: 62}, IQ: 59]
80s DecisionModule:ShowAllNetworks(): All detected networks:
       [Network #0, Technology = Wifi, Address = 02-06-00:00:00:00:00:02, { DataRate: 99, SignalStrength: 16, AntiFragility: 62}, IQ: 59]
       [Network #1, Technology = Wimax, Address = 02-06-00:00:00:00:00:04, { DataRate: 35, SignalStrength: 65, AntiFragility: 13}, IQ: 31]
80s DeviceModule:MoveRandom(): New position: (86, 98)
81s DeviceModule:MoveRandom(): New position: (86, 86)
82s DeviceModule:MoveRandom(): New position: (98, 86)
83s DeviceModule:MoveRandom(): New position: (98, 98)
84s DeviceModule:MoveRandom(): New position: (98, 98)
85s DeviceModule:MoveRandom(): New position: (98, 98)
86s DeviceModule:MoveRandom(): New position: (98, 86)
87s DeviceModule:MoveRandom(): New position: (98, 86)
88s DeviceModule:MoveRandom(): New position: (98, 98)
89s DeviceModule:MoveRandom(): New position: (86, 98)
90s DeviceModule:MoveRandom(): New position: (86, 98)
91s DeviceModule:MoveRandom(): New position: (86, 86)
92s DeviceModule:MoveRandom(): New position: (86, 74)
93s DeviceModule:MoveRandom(): New position: (86, 86)
94s DeviceModule:MoveRandom(): New position: (86, 74)
95s DeviceModule:MoveRandom(): New position: (86, 62)
96s DeviceModule:MoveRandom(): New position: (86, 74)
97s DeviceModule:MoveRandom(): New position: (74, 74)
98s DeviceModule:MoveRandom(): New position: (74, 86)
99s DeviceModule:MoveRandom(): New position: (74, 98)
100s DecisionModule:Run(): Run decision
100s DecisionModule:AnalyzingNetworks(): Current Network: 
       [Network #1, Technology = Wimax, Address = 02-06-00:00:00:00:00:04, { DataRate: 39, SignalStrength: 82, AntiFragility: 85}, IQ: 72]
100s DecisionModule:ShowAllNetworks(): All detected networks:
       [Network #1, Technology = Wimax, Address = 02-06-00:00:00:00:00:04, { DataRate: 39, SignalStrength: 82, AntiFragility: 85}, IQ: 72]
       [Network #0, Technology = Wifi, Address = 02-06-00:00:00:00:00:02, { DataRate: 48, SignalStrength: 22, AntiFragility: 73}, IQ: 54]
100s ExecutionModule:Run(): Decision time => Seconds: 0, Miliseconds: 144
100s ExecutionModule:Run(): Handover time => Seconds: 0, Miliseconds: 31
100s ExecutionModule:Run(): Event: Vertical Handover.
100s DeviceModule:MoveRandom(): New position: (86, 98)
101s DeviceModule:MoveRandom(): New position: (86, 98)
102s DeviceModule:MoveRandom(): New position: (98, 98)
103s DeviceModule:MoveRandom(): New position: (98, 86)
104s DeviceModule:MoveRandom(): New position: (98, 86)
105s DeviceModule:MoveRandom(): New position: (98, 98)
106s DeviceModule:MoveRandom(): New position: (98, 86)
107s DeviceModule:MoveRandom(): New position: (98, 98)
108s DeviceModule:MoveRandom(): New position: (98, 98)
109s DeviceModule:MoveRandom(): New position: (86, 98)
110s DeviceModule:MoveRandom(): New position: (74, 98)
111s DeviceModule:MoveRandom(): New position: (62, 98)
112s DeviceModule:MoveRandom(): New position: (50, 98)
113s DeviceModule:MoveRandom(): New position: (50, 86)
114s DeviceModule:MoveRandom(): New position: (50, 98)
115s DeviceModule:MoveRandom(): New position: (50, 98)
116s DeviceModule:MoveRandom(): New position: (38, 98)
117s DeviceModule:MoveRandom(): New position: (50, 98)
118s DeviceModule:MoveRandom(): New position: (50, 98)
119s DeviceModule:MoveRandom(): New position: (50, 98)
120s DecisionModule:Run(): Run decision
120s DecisionModule:AnalyzingNetworks(): Current Network: 
       [Network #0, Technology = Wifi, Address = 02-06-00:00:00:00:00:02, { DataRate: 79, SignalStrength: 86, AntiFragility: 37}, IQ: 59]
120s DecisionModule:ShowAllNetworks(): All detected networks:
       [Network #0, Technology = Wifi, Address = 02-06-00:00:00:00:00:02, { DataRate: 79, SignalStrength: 86, AntiFragility: 37}, IQ: 59]
       [Network #1, Technology = Wimax, Address = 02-06-00:00:00:00:00:04, { DataRate: 2, SignalStrength: 6, AntiFragility: 86}, IQ: 45]
120s ExecutionModule:Run(): Decision time => Seconds: 0, Miliseconds: 141
120s ExecutionModule:Run(): Handover time => Seconds: 0, Miliseconds: 32
120s ExecutionModule:Run(): Event: Vertical Handover.
120s DeviceModule:MoveRandom(): New position: (38, 98)
121s DeviceModule:MoveRandom(): New position: (38, 98)
122s DeviceModule:MoveRandom(): New position: (38, 86)
123s DeviceModule:MoveRandom(): New position: (38, 74)
124s DeviceModule:MoveRandom(): New position: (38, 62)
125s DeviceModule:MoveRandom(): New position: (38, 74)
126s DeviceModule:MoveRandom(): New position: (50, 74)
127s DeviceModule:MoveRandom(): New position: (50, 62)
128s DeviceModule:MoveRandom(): New position: (50, 50)
129s DeviceModule:MoveRandom(): New position: (50, 38)
130s DeviceModule:MoveRandom(): New position: (50, 26)
131s DeviceModule:MoveRandom(): New position: (38, 26)
132s DeviceModule:MoveRandom(): New position: (38, 14)
133s DeviceModule:MoveRandom(): New position: (38, 2)
134s DeviceModule:MoveRandom(): New position: (50, 2)
135s DeviceModule:MoveRandom(): New position: (38, 2)
136s DeviceModule:MoveRandom(): New position: (38, 14)
137s DeviceModule:MoveRandom(): New position: (38, 2)
138s DeviceModule:MoveRandom(): New position: (38, 14)
139s DeviceModule:MoveRandom(): New position: (50, 14)
140s DecisionModule:Run(): Run decision
140s DecisionModule:AnalyzingNetworks(): Current Network: 
       [Network #1, Technology = Wimax, Address = 02-06-00:00:00:00:00:04, { DataRate: 57, SignalStrength: 90, AntiFragility: 38}, IQ: 55]
140s DecisionModule:ShowAllNetworks(): All detected networks:
       [Network #1, Technology = Wimax, Address = 02-06-00:00:00:00:00:04, { DataRate: 57, SignalStrength: 90, AntiFragility: 38}, IQ: 55]
       [Network #0, Technology = Wifi, Address = 02-06-00:00:00:00:00:02, { DataRate: 16, SignalStrength: 7, AntiFragility: 65}, IQ: 38]
140s ExecutionModule:Run(): Decision time => Seconds: 0, Miliseconds: 137
140s ExecutionModule:Run(): Handover time => Seconds: 0, Miliseconds: 31
140s ExecutionModule:Run(): Event: Vertical Handover.
140s DeviceModule:MoveRandom(): New position: (50, 2)
141s DeviceModule:MoveRandom(): New position: (50, 2)
142s DeviceModule:MoveRandom(): New position: (62, 2)
143s DeviceModule:MoveRandom(): New position: (50, 2)
144s DeviceModule:MoveRandom(): New position: (62, 2)
145s DeviceModule:MoveRandom(): New position: (50, 2)
146s DeviceModule:MoveRandom(): New position: (62, 2)
147s DeviceModule:MoveRandom(): New position: (62, 2)
148s DeviceModule:MoveRandom(): New position: (62, 2)
149s DeviceModule:MoveRandom(): New position: (74, 2)
150s DeviceModule:MoveRandom(): New position: (62, 2)
151s DeviceModule:MoveRandom(): New position: (62, 14)
152s DeviceModule:MoveRandom(): New position: (74, 14)
153s DeviceModule:MoveRandom(): New position: (62, 14)
154s DeviceModule:MoveRandom(): New position: (50, 14)
155s DeviceModule:MoveRandom(): New position: (50, 26)
156s DeviceModule:MoveRandom(): New position: (62, 26)
157s DeviceModule:MoveRandom(): New position: (50, 26)
158s DeviceModule:MoveRandom(): New position: (50, 14)
159s DeviceModule:MoveRandom(): New position: (50, 2)
160s DecisionModule:Run(): Run decision
160s DecisionModule:AnalyzingNetworks(): Current Network: 
       [Network #0, Technology = Wifi, Address = 02-06-00:00:00:00:00:02, { DataRate: 31, SignalStrength: 63, AntiFragility: 6}, IQ: 26]
160s DecisionModule:ShowAllNetworks(): All detected networks:
       [Network #0, Technology = Wifi, Address = 02-06-00:00:00:00:00:02, { DataRate: 31, SignalStrength: 63, AntiFragility: 6}, IQ: 26]
       [Network #1, Technology = Wimax, Address = 02-06-00:00:00:00:00:04, { DataRate: 38, SignalStrength: 36, AntiFragility: 4}, IQ: 20]
160s ExecutionModule:Run(): Decision time => Seconds: 0, Miliseconds: 145
160s ExecutionModule:Run(): Handover time => Seconds: 0, Miliseconds: 31
160s ExecutionModule:Run(): Event: Vertical Handover.
160s DeviceModule:MoveRandom(): New position: (62, 2)
161s DeviceModule:MoveRandom(): New position: (50, 2)
162s DeviceModule:MoveRandom(): New position: (50, 14)
163s DeviceModule:MoveRandom(): New position: (50, 2)
164s DeviceModule:MoveRandom(): New position: (50, 2)
165s DeviceModule:MoveRandom(): New position: (38, 2)
166s DeviceModule:MoveRandom(): New position: (38, 14)
167s DeviceModule:MoveRandom(): New position: (50, 14)
168s DeviceModule:MoveRandom(): New position: (38, 14)
169s DeviceModule:MoveRandom(): New position: (38, 26)
170s DeviceModule:MoveRandom(): New position: (26, 26)
171s DeviceModule:MoveRandom(): New position: (14, 26)
172s DeviceModule:MoveRandom(): New position: (14, 14)
173s DeviceModule:MoveRandom(): New position: (26, 14)
174s DeviceModule:MoveRandom(): New position: (26, 2)
175s DeviceModule:MoveRandom(): New position: (26, 2)
176s DeviceModule:MoveRandom(): New position: (14, 2)
177s DeviceModule:MoveRandom(): New position: (14, 14)
178s DeviceModule:MoveRandom(): New position: (14, 2)
179s DeviceModule:MoveRandom(): New position: (14, 2)
180s DecisionModule:Run(): Run decision
180s DecisionModule:AnalyzingNetworks(): Current Network: 
       [Network #0, Technology = Wifi, Address = 02-06-00:00:00:00:00:02, { DataRate: 66, SignalStrength: 67, AntiFragility: 73}, IQ: 69]
180s DecisionModule:ShowAllNetworks(): All detected networks:
       [Network #0, Technology = Wifi, Address = 02-06-00:00:00:00:00:02, { DataRate: 66, SignalStrength: 67, AntiFragility: 73}, IQ: 69]
       [Network #1, Technology = Wimax, Address = 02-06-00:00:00:00:00:04, { DataRate: 79, SignalStrength: 57, AntiFragility: 40}, IQ: 54]
180s DeviceModule:MoveRandom(): New position: (2, 2)
181s DeviceModule:MoveRandom(): New position: (2, 14)
182s DeviceModule:MoveRandom(): New position: (14, 14)
183s DeviceModule:MoveRandom(): New position: (14, 2)
184s DeviceModule:MoveRandom(): New position: (14, 14)
185s DeviceModule:MoveRandom(): New position: (26, 14)
186s DeviceModule:MoveRandom(): New position: (38, 14)
187s DeviceModule:MoveRandom(): New position: (50, 14)
188s DeviceModule:MoveRandom(): New position: (50, 26)
189s DeviceModule:MoveRandom(): New position: (62, 26)
190s DeviceModule:MoveRandom(): New position: (62, 14)
191s DeviceModule:MoveRandom(): New position: (74, 14)
192s DeviceModule:MoveRandom(): New position: (62, 14)
193s DeviceModule:MoveRandom(): New position: (50, 14)
194s DeviceModule:MoveRandom(): New position: (62, 14)
195s DeviceModule:MoveRandom(): New position: (74, 14)
196s DeviceModule:MoveRandom(): New position: (86, 14)
197s DeviceModule:MoveRandom(): New position: (74, 14)
198s DeviceModule:MoveRandom(): New position: (86, 14)
199s DeviceModule:MoveRandom(): New position: (86, 26)
